
Loading base model (4‐bit)…
Loading checkpoint shards:   0%|          | 0/2 [00:00<?, ?it/s]Loading checkpoint shards:  50%|█████     | 1/2 [00:01<00:01,  1.39s/it]Loading checkpoint shards: 100%|██████████| 2/2 [00:01<00:00,  1.08it/s]Loading checkpoint shards: 100%|██████████| 2/2 [00:01<00:00,  1.01it/s]
trainable params: 8,388,608 || all params: 6,746,804,224 || trainable%: 0.1243
  0%|          | 0/489 [00:00<?, ?it/s]100%|██████████| 489/489 [00:00<00:00, 72761.98it/s]
/project/uvadm/zhenyu/miniconda3/envs/mechanistic/lib/python3.10/site-packages/transformers/generation/configuration_utils.py:631: UserWarning: `do_sample` is set to `False`. However, `temperature` is set to `0.6` -- this flag is only used in sample-based generation modes. You should set `do_sample=True` or unset `temperature`.
  warnings.warn(
/project/uvadm/zhenyu/miniconda3/envs/mechanistic/lib/python3.10/site-packages/transformers/generation/configuration_utils.py:636: UserWarning: `do_sample` is set to `False`. However, `top_p` is set to `0.9` -- this flag is only used in sample-based generation modes. You should set `do_sample=True` or unset `top_p`.
  warnings.warn(
Loaded 489 (train, eval) pairs.

Starting sequential training…
Cached 128 LoRA tensors.
[   1/489] loss=0.0531  pred=n/a    gold=n/a  running‐acc=1.000
Locality eval: pred=n/a               gold=true  correct=False  running‐acc=0.000
[   2/489] loss=0.0138  pred=n/a    gold=n/a  running‐acc=1.000
Locality eval: pred=n/a               gold=true  correct=False  running‐acc=0.000
[   3/489] loss=0.0142  pred=n/a    gold=n/a  running‐acc=1.000
Locality eval: pred=n/a               gold=true  correct=False  running‐acc=0.000
[   4/489] loss=0.1057  pred=true   gold=true  running‐acc=1.000
Locality eval: pred=n/a               gold=n/a  correct=True  running‐acc=0.250
[   5/489] loss=0.0023  pred=true   gold=true  running‐acc=1.000
Locality eval: pred=true              gold=n/a  correct=False  running‐acc=0.200
[   6/489] loss=0.1039  pred=n/a    gold=n/a  running‐acc=1.000
Locality eval: pred=true              gold=true  correct=True  running‐acc=0.333
[   7/489] loss=0.0344  pred=true   gold=true  running‐acc=1.000
Locality eval: pred=n/a               gold=n/a  correct=True  running‐acc=0.429
[   8/489] loss=0.0641  pred=n/a    gold=n/a  running‐acc=1.000
Locality eval: pred=n/a               gold=true  correct=False  running‐acc=0.375
[   9/489] loss=0.0145  pred=n/a    gold=n/a  running‐acc=1.000
Locality eval: pred=n/a               gold=true  correct=False  running‐acc=0.333
[  10/489] loss=0.0276  pred=n/a    gold=n/a  running‐acc=1.000
Locality eval: pred=n/a               gold=true  correct=False  running‐acc=0.300
[  11/489] loss=0.1415  pred=true   gold=true  running‐acc=1.000
Locality eval: pred=true              gold=n/a  correct=False  running‐acc=0.273
[  12/489] loss=0.1060  pred=n/a    gold=n/a  running‐acc=1.000
Locality eval: pred=n/a               gold=true  correct=False  running‐acc=0.250
[  13/489] loss=0.0209  pred=n/a    gold=n/a  running‐acc=1.000
Locality eval: pred=n/a               gold=true  correct=False  running‐acc=0.231
[  14/489] loss=0.0377  pred=n/a    gold=n/a  running‐acc=1.000
Locality eval: pred=n/a               gold=true  correct=False  running‐acc=0.214
[  15/489] loss=0.0183  pred=n/a    gold=n/a  running‐acc=1.000
Locality eval: pred=n/a               gold=true  correct=False  running‐acc=0.200
[  16/489] loss=0.0838  pred=true   gold=true  running‐acc=1.000
Locality eval: pred=true              gold=n/a  correct=False  running‐acc=0.188
[  17/489] loss=0.0543  pred=n/a    gold=n/a  running‐acc=1.000
Locality eval: pred=true              gold=true  correct=True  running‐acc=0.235
[  18/489] loss=0.0463  pred=true   gold=true  running‐acc=1.000
Locality eval: pred=true              gold=n/a  correct=False  running‐acc=0.222
[  19/489] loss=0.0452  pred=n/a    gold=n/a  running‐acc=1.000
Locality eval: pred=n/a               gold=true  correct=False  running‐acc=0.211
[  20/489] loss=0.0299  pred=n/a    gold=n/a  running‐acc=1.000
Locality eval: pred=n/a               gold=true  correct=False  running‐acc=0.200
[  21/489] loss=0.0120  pred=true   gold=true  running‐acc=1.000
Locality eval: pred=true              gold=n/a  correct=False  running‐acc=0.190
[  22/489] loss=0.0011  pred=true   gold=true  running‐acc=1.000
Locality eval: pred=true              gold=n/a  correct=False  running‐acc=0.182
[  23/489] loss=0.0044  pred=true   gold=true  running‐acc=1.000
Locality eval: pred=true              gold=n/a  correct=False  running‐acc=0.174
[  24/489] loss=0.5901  pred=n/a    gold=n/a  running‐acc=1.000
Locality eval: pred=n/a               gold=true  correct=False  running‐acc=0.167
[  25/489] loss=0.0435  pred=true   gold=true  running‐acc=1.000
Locality eval: pred=true              gold=n/a  correct=False  running‐acc=0.160
[  26/489] loss=0.0197  pred=true   gold=true  running‐acc=1.000
Locality eval: pred=true              gold=n/a  correct=False  running‐acc=0.154
[  27/489] loss=0.3570  pred=true   gold=n/a  running‐acc=0.963
Locality eval: pred=true              gold=true  correct=True  running‐acc=0.185
[  28/489] loss=0.0461  pred=true   gold=true  running‐acc=0.964
Locality eval: pred=true              gold=n/a  correct=False  running‐acc=0.179
[  29/489] loss=0.5079  pred=n/a    gold=n/a  running‐acc=0.966
Locality eval: pred=n/a               gold=true  correct=False  running‐acc=0.172
[  30/489] loss=0.0284  pred=n/a    gold=n/a  running‐acc=0.967
Locality eval: pred=n/a               gold=true  correct=False  running‐acc=0.167
[  31/489] loss=0.0381  pred=true   gold=true  running‐acc=0.968
Locality eval: pred=true              gold=n/a  correct=False  running‐acc=0.161
[  32/489] loss=0.4854  pred=n/a    gold=n/a  running‐acc=0.969
Locality eval: pred=true              gold=true  correct=True  running‐acc=0.188
[  33/489] loss=0.0272  pred=n/a    gold=n/a  running‐acc=0.970
Locality eval: pred=n/a               gold=true  correct=False  running‐acc=0.182
[  34/489] loss=0.0123  pred=n/a    gold=n/a  running‐acc=0.971
Locality eval: pred=n/a               gold=true  correct=False  running‐acc=0.176
[  35/489] loss=0.0278  pred=true   gold=true  running‐acc=0.971
Locality eval: pred=true              gold=n/a  correct=False  running‐acc=0.171
[  36/489] loss=0.0089  pred=true   gold=true  running‐acc=0.972
Locality eval: pred=true              gold=n/a  correct=False  running‐acc=0.167
[  37/489] loss=0.0108  pred=true   gold=true  running‐acc=0.973
Locality eval: pred=true              gold=n/a  correct=False  running‐acc=0.162
[  38/489] loss=0.0032  pred=true   gold=true  running‐acc=0.974
Locality eval: pred=true              gold=n/a  correct=False  running‐acc=0.158
[  39/489] loss=0.6057  pred=n/a    gold=n/a  running‐acc=0.974
Locality eval: pred=true              gold=true  correct=True  running‐acc=0.179
[  40/489] loss=0.2986  pred=true   gold=true  running‐acc=0.975
Locality eval: pred=true              gold=n/a  correct=False  running‐acc=0.175
[  41/489] loss=0.0153  pred=true   gold=true  running‐acc=0.976
Locality eval: pred=true              gold=n/a  correct=False  running‐acc=0.171
[  42/489] loss=0.5074  pred=n/a    gold=n/a  running‐acc=0.976
Locality eval: pred=n/a               gold=true  correct=False  running‐acc=0.167
[  43/489] loss=0.1645  pred=n/a    gold=true  running‐acc=0.953
Locality eval: pred=n/a               gold=n/a  correct=True  running‐acc=0.186
[  44/489] loss=0.1710  pred=n/a    gold=n/a  running‐acc=0.955
Locality eval: pred=true              gold=true  correct=True  running‐acc=0.205
[  45/489] loss=0.0371  pred=n/a    gold=n/a  running‐acc=0.956
Locality eval: pred=n/a               gold=true  correct=False  running‐acc=0.200
[  46/489] loss=0.0711  pred=true   gold=true  running‐acc=0.957
Locality eval: pred=n/a               gold=n/a  correct=True  running‐acc=0.217
[  47/489] loss=0.0081  pred=true   gold=true  running‐acc=0.957
Locality eval: pred=true              gold=n/a  correct=False  running‐acc=0.213
[  48/489] loss=0.0375  pred=true   gold=true  running‐acc=0.958
Locality eval: pred=true              gold=n/a  correct=False  running‐acc=0.208
[  49/489] loss=0.0107  pred=true   gold=true  running‐acc=0.959
Locality eval: pred=true              gold=n/a  correct=False  running‐acc=0.204
[  50/489] loss=0.7948  pred=n/a    gold=n/a  running‐acc=0.960
Locality eval: pred=true              gold=true  correct=True  running‐acc=0.220
[  51/489] loss=0.0986  pred=n/a    gold=n/a  running‐acc=0.961
Locality eval: pred=n/a               gold=true  correct=False  running‐acc=0.216
[  52/489] loss=0.0235  pred=n/a    gold=n/a  running‐acc=0.962
Locality eval: pred=n/a               gold=true  correct=False  running‐acc=0.212
[  53/489] loss=0.0444  pred=n/a    gold=n/a  running‐acc=0.962
Locality eval: pred=n/a               gold=true  correct=False  running‐acc=0.208
[  54/489] loss=0.0287  pred=true   gold=true  running‐acc=0.963
Locality eval: pred=n/a               gold=n/a  correct=True  running‐acc=0.222
[  55/489] loss=0.0141  pred=true   gold=true  running‐acc=0.964
Locality eval: pred=true              gold=n/a  correct=False  running‐acc=0.218
[  56/489] loss=0.2946  pred=n/a    gold=n/a  running‐acc=0.964
Locality eval: pred=n/a               gold=true  correct=False  running‐acc=0.214
[  57/489] loss=0.0573  pred=n/a    gold=n/a  running‐acc=0.965
Locality eval: pred=n/a               gold=true  correct=False  running‐acc=0.211
[  58/489] loss=0.0318  pred=true   gold=true  running‐acc=0.966
Locality eval: pred=n/a               gold=n/a  correct=True  running‐acc=0.224
[  59/489] loss=0.2016  pred=false  gold=n/a  running‐acc=0.949
Locality eval: pred=true              gold=true  correct=True  running‐acc=0.237
[  60/489] loss=0.0615  pred=n/a    gold=n/a  running‐acc=0.950
Locality eval: pred=n/a               gold=true  correct=False  running‐acc=0.233
[  61/489] loss=0.0489  pred=n/a    gold=n/a  running‐acc=0.951
Locality eval: pred=n/a               gold=true  correct=False  running‐acc=0.230
[  62/489] loss=0.0579  pred=n/a    gold=n/a  running‐acc=0.952
Locality eval: pred=n/a               gold=true  correct=False  running‐acc=0.226
[  63/489] loss=0.1969  pred=true   gold=true  running‐acc=0.952
Locality eval: pred=n/a               gold=n/a  correct=True  running‐acc=0.238
[  64/489] loss=0.0122  pred=true   gold=true  running‐acc=0.953
Locality eval: pred=true              gold=n/a  correct=False  running‐acc=0.234
[  65/489] loss=0.0103  pred=true   gold=true  running‐acc=0.954
Locality eval: pred=true              gold=n/a  correct=False  running‐acc=0.231
[  66/489] loss=0.7068  pred=true   gold=n/a  running‐acc=0.939
Locality eval: pred=true              gold=true  correct=True  running‐acc=0.242
[  67/489] loss=0.0311  pred=n/a    gold=n/a  running‐acc=0.940
Locality eval: pred=n/a               gold=true  correct=False  running‐acc=0.239
[  68/489] loss=0.2767  pred=true   gold=true  running‐acc=0.941
Locality eval: pred=true              gold=n/a  correct=False  running‐acc=0.235
[  69/489] loss=0.1104  pred=n/a    gold=n/a  running‐acc=0.942
Locality eval: pred=n/a               gold=true  correct=False  running‐acc=0.232
[  70/489] loss=0.0322  pred=true   gold=true  running‐acc=0.943
Locality eval: pred=n/a               gold=n/a  correct=True  running‐acc=0.243
[  71/489] loss=0.0034  pred=true   gold=true  running‐acc=0.944
Locality eval: pred=true              gold=n/a  correct=False  running‐acc=0.239
[  72/489] loss=0.0199  pred=true   gold=true  running‐acc=0.944
Locality eval: pred=true              gold=n/a  correct=False  running‐acc=0.236
[  73/489] loss=0.6512  pred=n/a    gold=n/a  running‐acc=0.945
Locality eval: pred=true              gold=true  correct=True  running‐acc=0.247
[  74/489] loss=0.1575  pred=n/a    gold=n/a  running‐acc=0.946
Locality eval: pred=n/a               gold=true  correct=False  running‐acc=0.243
[  75/489] loss=0.0316  pred=true   gold=true  running‐acc=0.947
Locality eval: pred=true              gold=n/a  correct=False  running‐acc=0.240
[  76/489] loss=0.0148  pred=true   gold=true  running‐acc=0.947
Locality eval: pred=true              gold=n/a  correct=False  running‐acc=0.237
[  77/489] loss=0.0027  pred=true   gold=true  running‐acc=0.948
Locality eval: pred=true              gold=n/a  correct=False  running‐acc=0.234
[  78/489] loss=0.0051  pred=true   gold=true  running‐acc=0.949
Locality eval: pred=true              gold=n/a  correct=False  running‐acc=0.231
[  79/489] loss=0.0130  pred=true   gold=true  running‐acc=0.949
Locality eval: pred=true              gold=n/a  correct=False  running‐acc=0.228
[  80/489] loss=0.0072  pred=true   gold=true  running‐acc=0.950
Locality eval: pred=true              gold=n/a  correct=False  running‐acc=0.225
[  81/489] loss=0.0214  pred=true   gold=true  running‐acc=0.951
Locality eval: pred=true              gold=n/a  correct=False  running‐acc=0.222
[  82/489] loss=0.4016  pred=n/a    gold=n/a  running‐acc=0.951
Locality eval: pred=true              gold=true  correct=True  running‐acc=0.232
[  83/489] loss=0.0694  pred=n/a    gold=n/a  running‐acc=0.952
Locality eval: pred=n/a               gold=true  correct=False  running‐acc=0.229
[  84/489] loss=0.0414  pred=n/a    gold=n/a  running‐acc=0.952
Locality eval: pred=n/a               gold=true  correct=False  running‐acc=0.226
[  85/489] loss=0.0312  pred=n/a    gold=n/a  running‐acc=0.953
Locality eval: pred=n/a               gold=true  correct=False  running‐acc=0.224
[  86/489] loss=0.0226  pred=true   gold=true  running‐acc=0.953
Locality eval: pred=n/a               gold=n/a  correct=True  running‐acc=0.233
[  87/489] loss=0.1043  pred=n/a    gold=n/a  running‐acc=0.954
Locality eval: pred=true              gold=true  correct=True  running‐acc=0.241
[  88/489] loss=0.0439  pred=n/a    gold=n/a  running‐acc=0.955
Locality eval: pred=n/a               gold=true  correct=False  running‐acc=0.239
[  89/489] loss=0.0514  pred=true   gold=true  running‐acc=0.955
Locality eval: pred=true              gold=n/a  correct=False  running‐acc=0.236
[  90/489] loss=0.5329  pred=true   gold=n/a  running‐acc=0.944
Locality eval: pred=true              gold=true  correct=True  running‐acc=0.244
[  91/489] loss=0.0348  pred=n/a    gold=n/a  running‐acc=0.945
Locality eval: pred=n/a               gold=true  correct=False  running‐acc=0.242
[  92/489] loss=0.0308  pred=n/a    gold=n/a  running‐acc=0.946
Locality eval: pred=n/a               gold=true  correct=False  running‐acc=0.239
[  93/489] loss=0.0287  pred=true   gold=true  running‐acc=0.946
Locality eval: pred=n/a               gold=n/a  correct=True  running‐acc=0.247
[  94/489] loss=0.0278  pred=n/a    gold=n/a  running‐acc=0.947
Locality eval: pred=n/a               gold=true  correct=False  running‐acc=0.245
[  95/489] loss=0.0463  pred=true   gold=true  running‐acc=0.947
Locality eval: pred=true              gold=n/a  correct=False  running‐acc=0.242
[  96/489] loss=0.5110  pred=true   gold=n/a  running‐acc=0.938
Locality eval: pred=true              gold=true  correct=True  running‐acc=0.250
[  97/489] loss=0.1288  pred=n/a    gold=true  running‐acc=0.928
Locality eval: pred=n/a               gold=n/a  correct=True  running‐acc=0.258
[  98/489] loss=0.1489  pred=n/a    gold=n/a  running‐acc=0.929
Locality eval: pred=n/a               gold=true  correct=False  running‐acc=0.255
[  99/489] loss=0.0281  pred=n/a    gold=n/a  running‐acc=0.929
Locality eval: pred=n/a               gold=true  correct=False  running‐acc=0.253
[ 100/489] loss=0.0167  pred=n/a    gold=n/a  running‐acc=0.930
Locality eval: pred=n/a               gold=true  correct=False  running‐acc=0.250
[ 101/489] loss=0.0905  pred=n/a    gold=n/a  running‐acc=0.931
Locality eval: pred=n/a               gold=true  correct=False  running‐acc=0.248
[ 102/489] loss=0.0273  pred=n/a    gold=n/a  running‐acc=0.931
Locality eval: pred=n/a               gold=true  correct=False  running‐acc=0.245
[ 103/489] loss=0.1224  pred=true   gold=true  running‐acc=0.932
Locality eval: pred=true              gold=n/a  correct=False  running‐acc=0.243
[ 104/489] loss=0.3670  pred=n/a    gold=n/a  running‐acc=0.933
Locality eval: pred=true              gold=true  correct=True  running‐acc=0.250
[ 105/489] loss=0.1103  pred=n/a    gold=n/a  running‐acc=0.933
Locality eval: pred=n/a               gold=true  correct=False  running‐acc=0.248
[ 106/489] loss=0.0774  pred=true   gold=true  running‐acc=0.934
Locality eval: pred=n/a               gold=n/a  correct=True  running‐acc=0.255
[ 107/489] loss=0.0103  pred=true   gold=true  running‐acc=0.935
Locality eval: pred=true              gold=n/a  correct=False  running‐acc=0.252
[ 108/489] loss=0.0761  pred=n/a    gold=n/a  running‐acc=0.935
Locality eval: pred=n/a               gold=true  correct=False  running‐acc=0.250
[ 109/489] loss=0.0312  pred=n/a    gold=n/a  running‐acc=0.936
Locality eval: pred=n/a               gold=true  correct=False  running‐acc=0.248
[ 110/489] loss=0.0172  pred=true   gold=true  running‐acc=0.936
Locality eval: pred=true              gold=n/a  correct=False  running‐acc=0.245
[ 111/489] loss=0.4494  pred=n/a    gold=n/a  running‐acc=0.937
Locality eval: pred=true              gold=true  correct=True  running‐acc=0.252
[ 112/489] loss=0.0732  pred=n/a    gold=true  running‐acc=0.929
Locality eval: pred=n/a               gold=n/a  correct=True  running‐acc=0.259
[ 113/489] loss=0.1546  pred=n/a    gold=n/a  running‐acc=0.929
Locality eval: pred=true              gold=true  correct=True  running‐acc=0.265
[ 114/489] loss=0.0347  pred=n/a    gold=n/a  running‐acc=0.930
Locality eval: pred=n/a               gold=true  correct=False  running‐acc=0.263
[ 115/489] loss=0.0081  pred=true   gold=true  running‐acc=0.930
Locality eval: pred=n/a               gold=n/a  correct=True  running‐acc=0.270
[ 116/489] loss=0.0103  pred=true   gold=true  running‐acc=0.931
Locality eval: pred=n/a               gold=n/a  correct=True  running‐acc=0.276
[ 117/489] loss=0.0700  pred=n/a    gold=n/a  running‐acc=0.932
Locality eval: pred=true              gold=true  correct=True  running‐acc=0.282
[ 118/489] loss=0.0414  pred=n/a    gold=n/a  running‐acc=0.932
Locality eval: pred=n/a               gold=true  correct=False  running‐acc=0.280
[ 119/489] loss=0.0107  pred=true   gold=true  running‐acc=0.933
Locality eval: pred=true              gold=n/a  correct=False  running‐acc=0.277
[ 120/489] loss=0.2379  pred=n/a    gold=n/a  running‐acc=0.933
Locality eval: pred=n/a               gold=true  correct=False  running‐acc=0.275
[ 121/489] loss=0.1604  pred=true   gold=true  running‐acc=0.934
Locality eval: pred=n/a               gold=n/a  correct=True  running‐acc=0.281
[ 122/489] loss=0.4761  pred=n/a    gold=n/a  running‐acc=0.934
Locality eval: pred=true              gold=true  correct=True  running‐acc=0.287
[ 123/489] loss=0.0356  pred=n/a    gold=n/a  running‐acc=0.935
Locality eval: pred=n/a               gold=true  correct=False  running‐acc=0.285
[ 124/489] loss=0.0636  pred=true   gold=true  running‐acc=0.935
Locality eval: pred=true              gold=n/a  correct=False  running‐acc=0.282
[ 125/489] loss=0.0201  pred=true   gold=true  running‐acc=0.936
Locality eval: pred=true              gold=n/a  correct=False  running‐acc=0.280
[ 126/489] loss=0.2584  pred=n/a    gold=n/a  running‐acc=0.937
Locality eval: pred=n/a               gold=true  correct=False  running‐acc=0.278
[ 127/489] loss=0.0225  pred=n/a    gold=n/a  running‐acc=0.937
Locality eval: pred=n/a               gold=true  correct=False  running‐acc=0.276
[ 128/489] loss=0.0208  pred=true   gold=true  running‐acc=0.938
Locality eval: pred=true              gold=n/a  correct=False  running‐acc=0.273
[ 129/489] loss=0.0072  pred=true   gold=true  running‐acc=0.938
Locality eval: pred=true              gold=n/a  correct=False  running‐acc=0.271
[ 130/489] loss=0.0059  pred=true   gold=true  running‐acc=0.938
Locality eval: pred=true              gold=n/a  correct=False  running‐acc=0.269
[ 131/489] loss=0.6616  pred=n/a    gold=n/a  running‐acc=0.939
Locality eval: pred=n/a               gold=true  correct=False  running‐acc=0.267
[ 132/489] loss=0.0401  pred=n/a    gold=n/a  running‐acc=0.939
Locality eval: pred=n/a               gold=true  correct=False  running‐acc=0.265
[ 133/489] loss=0.0975  pred=n/a    gold=n/a  running‐acc=0.940
Locality eval: pred=n/a               gold=true  correct=False  running‐acc=0.263
[ 134/489] loss=0.2908  pred=true   gold=true  running‐acc=0.940
Locality eval: pred=true              gold=n/a  correct=False  running‐acc=0.261
[ 135/489] loss=0.0085  pred=true   gold=true  running‐acc=0.941
Locality eval: pred=true              gold=n/a  correct=False  running‐acc=0.259
[ 136/489] loss=0.0873  pred=n/a    gold=n/a  running‐acc=0.941
Locality eval: pred=n/a               gold=true  correct=False  running‐acc=0.257
[ 137/489] loss=0.0400  pred=true   gold=true  running‐acc=0.942
Locality eval: pred=n/a               gold=n/a  correct=True  running‐acc=0.263
[ 138/489] loss=0.1536  pred=n/a    gold=n/a  running‐acc=0.942
Locality eval: pred=n/a               gold=true  correct=False  running‐acc=0.261
[ 139/489] loss=0.0833  pred=true   gold=true  running‐acc=0.942
Locality eval: pred=true              gold=n/a  correct=False  running‐acc=0.259
[ 140/489] loss=0.0236  pred=true   gold=true  running‐acc=0.943
Locality eval: pred=true              gold=n/a  correct=False  running‐acc=0.257
[ 141/489] loss=0.0043  pred=true   gold=true  running‐acc=0.943
Locality eval: pred=true              gold=n/a  correct=False  running‐acc=0.255
[ 142/489] loss=0.0154  pred=true   gold=true  running‐acc=0.944
Locality eval: pred=true              gold=n/a  correct=False  running‐acc=0.254
[ 143/489] loss=0.4831  pred=n/a    gold=n/a  running‐acc=0.944
Locality eval: pred=true              gold=true  correct=True  running‐acc=0.259
[ 144/489] loss=0.0451  pred=n/a    gold=n/a  running‐acc=0.944
Locality eval: pred=n/a               gold=true  correct=False  running‐acc=0.257
[ 145/489] loss=0.0785  pred=true   gold=true  running‐acc=0.945
Locality eval: pred=true              gold=n/a  correct=False  running‐acc=0.255
[ 146/489] loss=0.0097  pred=true   gold=true  running‐acc=0.945
Locality eval: pred=true              gold=n/a  correct=False  running‐acc=0.253
[ 147/489] loss=0.0022  pred=true   gold=true  running‐acc=0.946
Locality eval: pred=true              gold=n/a  correct=False  running‐acc=0.252
[ 148/489] loss=0.2804  pred=true   gold=n/a  running‐acc=0.939
Locality eval: pred=true              gold=true  correct=True  running‐acc=0.257
[ 149/489] loss=0.1736  pred=true   gold=true  running‐acc=0.940
Locality eval: pred=true              gold=n/a  correct=False  running‐acc=0.255
[ 150/489] loss=0.1787  pred=n/a    gold=n/a  running‐acc=0.940
Locality eval: pred=n/a               gold=true  correct=False  running‐acc=0.253
[ 151/489] loss=0.0075  pred=true   gold=true  running‐acc=0.940
Locality eval: pred=n/a               gold=n/a  correct=True  running‐acc=0.258
[ 152/489] loss=0.3565  pred=n/a    gold=n/a  running‐acc=0.941
Locality eval: pred=n/a               gold=true  correct=False  running‐acc=0.257
[ 153/489] loss=0.0769  pred=true   gold=true  running‐acc=0.941
Locality eval: pred=true              gold=n/a  correct=False  running‐acc=0.255
[ 154/489] loss=0.0078  pred=true   gold=true  running‐acc=0.942
Locality eval: pred=true              gold=n/a  correct=False  running‐acc=0.253
[ 155/489] loss=0.0045  pred=true   gold=true  running‐acc=0.942
Locality eval: pred=true              gold=n/a  correct=False  running‐acc=0.252
[ 156/489] loss=0.2385  pred=n/a    gold=n/a  running‐acc=0.942
Locality eval: pred=n/a               gold=true  correct=False  running‐acc=0.250
[ 157/489] loss=0.0069  pred=n/a    gold=n/a  running‐acc=0.943
Locality eval: pred=n/a               gold=true  correct=False  running‐acc=0.248
[ 158/489] loss=0.0417  pred=n/a    gold=n/a  running‐acc=0.943
Locality eval: pred=n/a               gold=true  correct=False  running‐acc=0.247
[ 159/489] loss=0.0654  pred=n/a    gold=n/a  running‐acc=0.943
Locality eval: pred=n/a               gold=true  correct=False  running‐acc=0.245
[ 160/489] loss=0.0220  pred=n/a    gold=n/a  running‐acc=0.944
Locality eval: pred=n/a               gold=true  correct=False  running‐acc=0.244
[ 161/489] loss=0.0425  pred=n/a    gold=n/a  running‐acc=0.944
Locality eval: pred=n/a               gold=true  correct=False  running‐acc=0.242
[ 162/489] loss=0.0702  pred=n/a    gold=n/a  running‐acc=0.944
Locality eval: pred=n/a               gold=true  correct=False  running‐acc=0.241
[ 163/489] loss=0.0285  pred=n/a    gold=n/a  running‐acc=0.945
Locality eval: pred=n/a               gold=true  correct=False  running‐acc=0.239
[ 164/489] loss=0.0536  pred=n/a    gold=n/a  running‐acc=0.945
Locality eval: pred=n/a               gold=true  correct=False  running‐acc=0.238
[ 165/489] loss=0.0317  pred=n/a    gold=n/a  running‐acc=0.945
Locality eval: pred=n/a               gold=true  correct=False  running‐acc=0.236
[ 166/489] loss=0.0344  pred=n/a    gold=n/a  running‐acc=0.946
Locality eval: pred=n/a               gold=true  correct=False  running‐acc=0.235
[ 167/489] loss=0.0845  pred=true   gold=true  running‐acc=0.946
Locality eval: pred=true              gold=n/a  correct=False  running‐acc=0.234
[ 168/489] loss=0.0058  pred=true   gold=true  running‐acc=0.946
Locality eval: pred=true              gold=n/a  correct=False  running‐acc=0.232
[ 169/489] loss=0.0140  pred=true   gold=true  running‐acc=0.947
Locality eval: pred=true              gold=n/a  correct=False  running‐acc=0.231
[ 170/489] loss=0.5654  pred=n/a    gold=n/a  running‐acc=0.947
Locality eval: pred=n/a               gold=true  correct=False  running‐acc=0.229
[ 171/489] loss=0.0673  pred=n/a    gold=n/a  running‐acc=0.947
Locality eval: pred=n/a               gold=true  correct=False  running‐acc=0.228
[ 172/489] loss=0.0352  pred=n/a    gold=n/a  running‐acc=0.948
Locality eval: pred=n/a               gold=true  correct=False  running‐acc=0.227
[ 173/489] loss=0.0367  pred=n/a    gold=n/a  running‐acc=0.948
Locality eval: pred=n/a               gold=true  correct=False  running‐acc=0.225
[ 174/489] loss=0.0420  pred=n/a    gold=n/a  running‐acc=0.948
Locality eval: pred=n/a               gold=true  correct=False  running‐acc=0.224
[ 175/489] loss=0.0577  pred=true   gold=true  running‐acc=0.949
Locality eval: pred=true              gold=n/a  correct=False  running‐acc=0.223
[ 176/489] loss=0.2499  pred=n/a    gold=n/a  running‐acc=0.949
Locality eval: pred=n/a               gold=true  correct=False  running‐acc=0.222
[ 177/489] loss=0.1206  pred=true   gold=true  running‐acc=0.949
Locality eval: pred=true              gold=n/a  correct=False  running‐acc=0.220
[ 178/489] loss=0.1374  pred=true   gold=n/a  running‐acc=0.944
Locality eval: pred=n/a               gold=true  correct=False  running‐acc=0.219
[ 179/489] loss=0.0309  pred=true   gold=true  running‐acc=0.944
Locality eval: pred=n/a               gold=n/a  correct=True  running‐acc=0.223
[ 180/489] loss=0.0048  pred=true   gold=true  running‐acc=0.944
Locality eval: pred=true              gold=n/a  correct=False  running‐acc=0.222
[ 181/489] loss=0.0065  pred=true   gold=true  running‐acc=0.945
Locality eval: pred=true              gold=n/a  correct=False  running‐acc=0.221
[ 182/489] loss=0.5921  pred=n/a    gold=n/a  running‐acc=0.945
Locality eval: pred=true              gold=true  correct=True  running‐acc=0.225
[ 183/489] loss=0.0960  pred=true   gold=true  running‐acc=0.945
Locality eval: pred=n/a               gold=n/a  correct=True  running‐acc=0.230
[ 184/489] loss=0.3408  pred=n/a    gold=n/a  running‐acc=0.946
Locality eval: pred=true              gold=true  correct=True  running‐acc=0.234
[ 185/489] loss=0.0329  pred=n/a    gold=n/a  running‐acc=0.946
Locality eval: pred=n/a               gold=true  correct=False  running‐acc=0.232
[ 186/489] loss=0.0234  pred=n/a    gold=n/a  running‐acc=0.946
Locality eval: pred=n/a               gold=true  correct=False  running‐acc=0.231
