/home/vjd5zr/miniconda3/envs/lora/lib/python3.9/site-packages/torchvision/io/image.py:13: UserWarning: Failed to load image Python extension: libtorch_cuda_cu.so: cannot open shared object file: No such file or directory
  warn(f"Failed to load image Python extension: {e}")

Loading base model (4‐bit)…
Loading checkpoint shards:   0%|          | 0/2 [00:00<?, ?it/s]Loading checkpoint shards:  50%|█████     | 1/2 [00:00<00:00,  5.33it/s]Loading checkpoint shards: 100%|██████████| 2/2 [00:00<00:00,  6.39it/s]Loading checkpoint shards: 100%|██████████| 2/2 [00:00<00:00,  6.20it/s]
trainable params: 8,388,608 || all params: 6,746,804,224 || trainable%: 0.1243
  0%|          | 0/489 [00:00<?, ?it/s]100%|██████████| 489/489 [00:00<00:00, 30815.91it/s]
/home/vjd5zr/miniconda3/envs/lora/lib/python3.9/site-packages/transformers/generation/configuration_utils.py:590: UserWarning: `do_sample` is set to `False`. However, `temperature` is set to `0.6` -- this flag is only used in sample-based generation modes. You should set `do_sample=True` or unset `temperature`.
  warnings.warn(
/home/vjd5zr/miniconda3/envs/lora/lib/python3.9/site-packages/transformers/generation/configuration_utils.py:595: UserWarning: `do_sample` is set to `False`. However, `top_p` is set to `0.9` -- this flag is only used in sample-based generation modes. You should set `do_sample=True` or unset `top_p`.
  warnings.warn(
Loaded 489 (train, eval) pairs.

Starting sequential training…
Cached 128 LoRA tensors.
[   1/489] loss=0.0067  pred=true   gold=true  running‐acc=1.000
Locality eval: pred=true              gold=n/a  correct=False  running‐acc=0.000
[   2/489] loss=0.0012  pred=true   gold=true  running‐acc=1.000
Locality eval: pred=true              gold=n/a  correct=False  running‐acc=0.000
[   3/489] loss=0.0095  pred=true   gold=true  running‐acc=1.000
Locality eval: pred=false             gold=n/a  correct=False  running‐acc=0.000
[   4/489] loss=0.0084  pred=true   gold=true  running‐acc=1.000
Locality eval: pred=true              gold=n/a  correct=False  running‐acc=0.000
[   5/489] loss=0.2303  pred=n/a    gold=n/a  running‐acc=1.000
Locality eval: pred=n/a               gold=true  correct=False  running‐acc=0.000
[   6/489] loss=0.1361  pred=true   gold=true  running‐acc=1.000
Locality eval: pred=n/a               gold=n/a  correct=True  running‐acc=0.167
[   7/489] loss=0.0819  pred=n/a    gold=n/a  running‐acc=1.000
Locality eval: pred=true              gold=true  correct=True  running‐acc=0.286
[   8/489] loss=0.0329  pred=n/a    gold=n/a  running‐acc=1.000
Locality eval: pred=n/a               gold=true  correct=False  running‐acc=0.250
[   9/489] loss=0.0456  pred=n/a    gold=n/a  running‐acc=1.000
Locality eval: pred=n/a               gold=true  correct=False  running‐acc=0.222
[  10/489] loss=0.0958  pred=true   gold=true  running‐acc=1.000
Locality eval: pred=true              gold=n/a  correct=False  running‐acc=0.200
[  11/489] loss=0.0085  pred=true   gold=true  running‐acc=1.000
Locality eval: pred=true              gold=n/a  correct=False  running‐acc=0.182
[  12/489] loss=0.6003  pred=n/a    gold=n/a  running‐acc=1.000
Locality eval: pred=true              gold=true  correct=True  running‐acc=0.250
[  13/489] loss=0.0341  pred=n/a    gold=n/a  running‐acc=1.000
Locality eval: pred=n/a               gold=true  correct=False  running‐acc=0.231
[  14/489] loss=0.0172  pred=n/a    gold=n/a  running‐acc=1.000
Locality eval: pred=n/a               gold=true  correct=False  running‐acc=0.214
[  15/489] loss=0.0123  pred=n/a    gold=n/a  running‐acc=1.000
Locality eval: pred=n/a               gold=true  correct=False  running‐acc=0.200
[  16/489] loss=0.0199  pred=true   gold=true  running‐acc=1.000
Locality eval: pred=true              gold=n/a  correct=False  running‐acc=0.188
[  17/489] loss=0.0108  pred=n/a    gold=n/a  running‐acc=1.000
Locality eval: pred=n/a               gold=true  correct=False  running‐acc=0.176
[  18/489] loss=0.0256  pred=true   gold=true  running‐acc=1.000
Locality eval: pred=n/a               gold=n/a  correct=True  running‐acc=0.222
[  19/489] loss=0.0113  pred=true   gold=true  running‐acc=1.000
Locality eval: pred=true              gold=n/a  correct=False  running‐acc=0.211
[  20/489] loss=0.3154  pred=n/a    gold=n/a  running‐acc=1.000
Locality eval: pred=n/a               gold=true  correct=False  running‐acc=0.200
[  21/489] loss=0.1294  pred=true   gold=true  running‐acc=1.000
Locality eval: pred=n/a               gold=n/a  correct=True  running‐acc=0.238
[  22/489] loss=0.0104  pred=true   gold=true  running‐acc=1.000
Locality eval: pred=true              gold=n/a  correct=False  running‐acc=0.227
[  23/489] loss=0.2791  pred=n/a    gold=n/a  running‐acc=1.000
Locality eval: pred=n/a               gold=true  correct=False  running‐acc=0.217
[  24/489] loss=0.0187  pred=n/a    gold=n/a  running‐acc=1.000
Locality eval: pred=n/a               gold=true  correct=False  running‐acc=0.208
[  25/489] loss=0.0553  pred=true   gold=true  running‐acc=1.000
Locality eval: pred=n/a               gold=n/a  correct=True  running‐acc=0.240
[  26/489] loss=0.0428  pred=n/a    gold=n/a  running‐acc=1.000
Locality eval: pred=n/a               gold=true  correct=False  running‐acc=0.231
[  27/489] loss=0.0606  pred=true   gold=true  running‐acc=1.000
Locality eval: pred=n/a               gold=n/a  correct=True  running‐acc=0.259
[  28/489] loss=0.0132  pred=true   gold=true  running‐acc=1.000
Locality eval: pred=true              gold=n/a  correct=False  running‐acc=0.250
[  29/489] loss=0.5083  pred=n/a    gold=n/a  running‐acc=1.000
Locality eval: pred=true              gold=true  correct=True  running‐acc=0.276
[  30/489] loss=0.0263  pred=true   gold=true  running‐acc=1.000
Locality eval: pred=n/a               gold=n/a  correct=True  running‐acc=0.300
[  31/489] loss=0.0075  pred=true   gold=true  running‐acc=1.000
Locality eval: pred=true              gold=n/a  correct=False  running‐acc=0.290
[  32/489] loss=0.0076  pred=true   gold=true  running‐acc=1.000
Locality eval: pred=true              gold=n/a  correct=False  running‐acc=0.281
[  33/489] loss=0.0061  pred=true   gold=true  running‐acc=1.000
Locality eval: pred=true              gold=n/a  correct=False  running‐acc=0.273
[  34/489] loss=0.0174  pred=true   gold=true  running‐acc=1.000
Locality eval: pred=true              gold=n/a  correct=False  running‐acc=0.265
[  35/489] loss=0.0779  pred=n/a    gold=n/a  running‐acc=1.000
Locality eval: pred=n/a               gold=true  correct=False  running‐acc=0.257
[  36/489] loss=0.0546  pred=true   gold=true  running‐acc=1.000
Locality eval: pred=n/a               gold=n/a  correct=True  running‐acc=0.278
[  37/489] loss=0.0204  pred=true   gold=true  running‐acc=1.000
Locality eval: pred=true              gold=n/a  correct=False  running‐acc=0.270
[  38/489] loss=0.0028  pred=true   gold=true  running‐acc=1.000
Locality eval: pred=true              gold=n/a  correct=False  running‐acc=0.263
[  39/489] loss=0.4177  pred=n/a    gold=n/a  running‐acc=1.000
Locality eval: pred=n/a               gold=true  correct=False  running‐acc=0.256
[  40/489] loss=0.0825  pred=true   gold=true  running‐acc=1.000
Locality eval: pred=n/a               gold=n/a  correct=True  running‐acc=0.275
[  41/489] loss=0.0491  pred=n/a    gold=n/a  running‐acc=1.000
Locality eval: pred=                  gold=true  correct=False  running‐acc=0.268
[  42/489] loss=0.0230  pred=n/a    gold=n/a  running‐acc=1.000
Locality eval: pred=n/a               gold=true  correct=False  running‐acc=0.262
[  43/489] loss=0.0735  pred=true   gold=true  running‐acc=1.000
Locality eval: pred=n/a               gold=n/a  correct=True  running‐acc=0.279
[  44/489] loss=0.0342  pred=true   gold=true  running‐acc=1.000
Locality eval: pred=true              gold=n/a  correct=False  running‐acc=0.273
[  45/489] loss=0.2035  pred=n/a    gold=n/a  running‐acc=1.000
Locality eval: pred=n/a               gold=true  correct=False  running‐acc=0.267
[  46/489] loss=0.0050  pred=n/a    gold=n/a  running‐acc=1.000
Locality eval: pred=n/a               gold=true  correct=False  running‐acc=0.261
[  47/489] loss=0.0578  pred=n/a    gold=n/a  running‐acc=1.000
Locality eval: pred=n/a               gold=true  correct=False  running‐acc=0.255
[  48/489] loss=0.0177  pred=n/a    gold=n/a  running‐acc=1.000
Locality eval: pred=n/a               gold=true  correct=False  running‐acc=0.250
[  49/489] loss=0.1404  pred=n/a    gold=n/a  running‐acc=1.000
Locality eval: pred=n/a               gold=true  correct=False  running‐acc=0.245
[  50/489] loss=0.1532  pred=true   gold=true  running‐acc=1.000
Locality eval: pred=n/a               gold=n/a  correct=True  running‐acc=0.260
[  51/489] loss=0.0512  pred=n/a    gold=n/a  running‐acc=1.000
Locality eval: pred=n/a               gold=true  correct=False  running‐acc=0.255
[  52/489] loss=0.0309  pred=n/a    gold=n/a  running‐acc=1.000
Locality eval: pred=n/a               gold=true  correct=False  running‐acc=0.250
[  53/489] loss=0.0932  pred=n/a    gold=n/a  running‐acc=1.000
Locality eval: pred=n/a               gold=true  correct=False  running‐acc=0.245
[  54/489] loss=0.0148  pred=n/a    gold=n/a  running‐acc=1.000
Locality eval: pred=n/a               gold=true  correct=False  running‐acc=0.241
[  55/489] loss=0.0793  pred=true   gold=true  running‐acc=1.000
Locality eval: pred=true              gold=n/a  correct=False  running‐acc=0.236
[  56/489] loss=0.2102  pred=n/a    gold=n/a  running‐acc=1.000
Locality eval: pred=true              gold=true  correct=True  running‐acc=0.250
[  57/489] loss=0.0305  pred=true   gold=true  running‐acc=1.000
Locality eval: pred=n/a               gold=n/a  correct=True  running‐acc=0.263
[  58/489] loss=0.0306  pred=n/a    gold=n/a  running‐acc=1.000
Locality eval: pred=n/a               gold=true  correct=False  running‐acc=0.259
[  59/489] loss=0.0249  pred=true   gold=true  running‐acc=1.000
Locality eval: pred=n/a               gold=n/a  correct=True  running‐acc=0.271
[  60/489] loss=0.0112  pred=true   gold=true  running‐acc=1.000
Locality eval: pred=true              gold=n/a  correct=False  running‐acc=0.267
[  61/489] loss=0.3480  pred=n/a    gold=n/a  running‐acc=1.000
Locality eval: pred=n/a               gold=true  correct=False  running‐acc=0.262
[  62/489] loss=0.1108  pred=true   gold=true  running‐acc=1.000
Locality eval: pred=n/a               gold=n/a  correct=True  running‐acc=0.274
[  63/489] loss=0.0063  pred=true   gold=true  running‐acc=1.000
Locality eval: pred=true              gold=n/a  correct=False  running‐acc=0.270
[  64/489] loss=0.4647  pred=n/a    gold=n/a  running‐acc=1.000
Locality eval: pred=n/a               gold=true  correct=False  running‐acc=0.266
[  65/489] loss=0.0663  pred=true   gold=true  running‐acc=1.000
Locality eval: pred=n/a               gold=n/a  correct=True  running‐acc=0.277
[  66/489] loss=0.0067  pred=true   gold=true  running‐acc=1.000
Locality eval: pred=true              gold=n/a  correct=False  running‐acc=0.273
[  67/489] loss=0.0091  pred=true   gold=true  running‐acc=1.000
Locality eval: pred=true              gold=n/a  correct=False  running‐acc=0.269
[  68/489] loss=0.3641  pred=n/a    gold=n/a  running‐acc=1.000
Locality eval: pred=true              gold=true  correct=True  running‐acc=0.279
[  69/489] loss=0.1550  pred=true   gold=true  running‐acc=1.000
Locality eval: pred=true              gold=n/a  correct=False  running‐acc=0.275
[  70/489] loss=0.0172  pred=n/a    gold=n/a  running‐acc=1.000
Locality eval: pred=n/a               gold=true  correct=False  running‐acc=0.271
[  71/489] loss=0.0718  pred=true   gold=true  running‐acc=1.000
Locality eval: pred=n/a               gold=n/a  correct=True  running‐acc=0.282
[  72/489] loss=0.0026  pred=true   gold=true  running‐acc=1.000
Locality eval: pred=true              gold=n/a  correct=False  running‐acc=0.278
[  73/489] loss=0.1625  pred=n/a    gold=n/a  running‐acc=1.000
Locality eval: pred=n/a               gold=true  correct=False  running‐acc=0.274
[  74/489] loss=0.0413  pred=true   gold=true  running‐acc=1.000
Locality eval: pred=n/a               gold=n/a  correct=True  running‐acc=0.284
[  75/489] loss=0.0691  pred=n/a    gold=n/a  running‐acc=1.000
Locality eval: pred=n/a               gold=true  correct=False  running‐acc=0.280
[  76/489] loss=0.0145  pred=true   gold=true  running‐acc=1.000
Locality eval: pred=n/a               gold=n/a  correct=True  running‐acc=0.289
[  77/489] loss=0.2066  pred=n/a    gold=n/a  running‐acc=1.000
Locality eval: pred=true              gold=true  correct=True  running‐acc=0.299
[  78/489] loss=0.0378  pred=n/a    gold=n/a  running‐acc=1.000
Locality eval: pred=n/a               gold=true  correct=False  running‐acc=0.295
[  79/489] loss=0.1346  pred=true   gold=true  running‐acc=1.000
Locality eval: pred=true              gold=n/a  correct=False  running‐acc=0.291
[  80/489] loss=0.0503  pred=true   gold=true  running‐acc=1.000
Locality eval: pred=true              gold=n/a  correct=False  running‐acc=0.287
[  81/489] loss=0.0087  pred=true   gold=true  running‐acc=1.000
Locality eval: pred=true              gold=n/a  correct=False  running‐acc=0.284
[  82/489] loss=0.0540  pred=true   gold=true  running‐acc=1.000
Locality eval: pred=true              gold=n/a  correct=False  running‐acc=0.280
[  83/489] loss=0.4111  pred=n/a    gold=n/a  running‐acc=1.000
Locality eval: pred=true              gold=true  correct=True  running‐acc=0.289
[  84/489] loss=0.0561  pred=n/a    gold=n/a  running‐acc=1.000
Locality eval: pred=n/a               gold=true  correct=False  running‐acc=0.286
[  85/489] loss=0.1701  pred=true   gold=true  running‐acc=1.000
Locality eval: pred=                  gold=n/a  correct=False  running‐acc=0.282
[  86/489] loss=0.3200  pred=n/a    gold=n/a  running‐acc=1.000
Locality eval: pred=true              gold=true  correct=True  running‐acc=0.291
[  87/489] loss=0.0047  pred=true   gold=true  running‐acc=1.000
Locality eval: pred=true              gold=n/a  correct=False  running‐acc=0.287
[  88/489] loss=0.5225  pred=n/a    gold=n/a  running‐acc=1.000
Locality eval: pred=true              gold=true  correct=True  running‐acc=0.295
[  89/489] loss=0.0834  pred=n/a    gold=n/a  running‐acc=1.000
Locality eval: pred=n/a               gold=true  correct=False  running‐acc=0.292
[  90/489] loss=0.1071  pred=n/a    gold=n/a  running‐acc=1.000
Locality eval: pred=n/a               gold=true  correct=False  running‐acc=0.289
[  91/489] loss=0.0527  pred=n/a    gold=n/a  running‐acc=1.000
Locality eval: pred=n/a               gold=true  correct=False  running‐acc=0.286
[  92/489] loss=0.0427  pred=n/a    gold=n/a  running‐acc=1.000
Locality eval: pred=n/a               gold=true  correct=False  running‐acc=0.283
[  93/489] loss=0.3997  pred=true   gold=true  running‐acc=1.000
Locality eval: pred=true              gold=n/a  correct=False  running‐acc=0.280
[  94/489] loss=0.0903  pred=n/a    gold=n/a  running‐acc=1.000
Locality eval: pred=true              gold=true  correct=True  running‐acc=0.287
[  95/489] loss=0.0305  pred=n/a    gold=n/a  running‐acc=1.000
Locality eval: pred=n/a               gold=true  correct=False  running‐acc=0.284
[  96/489] loss=0.0698  pred=n/a    gold=n/a  running‐acc=1.000
Locality eval: pred=n/a               gold=true  correct=False  running‐acc=0.281
[  97/489] loss=0.5448  pred=true   gold=true  running‐acc=1.000
Locality eval: pred=true              gold=n/a  correct=False  running‐acc=0.278
[  98/489] loss=0.1220  pred=n/a    gold=n/a  running‐acc=1.000
Locality eval: pred=n/a               gold=true  correct=False  running‐acc=0.276
[  99/489] loss=0.0259  pred=n/a    gold=n/a  running‐acc=1.000
Locality eval: pred=n/a               gold=true  correct=False  running‐acc=0.273
[ 100/489] loss=0.0687  pred=true   gold=true  running‐acc=1.000
Locality eval: pred=true              gold=n/a  correct=False  running‐acc=0.270
[ 101/489] loss=0.0827  pred=n/a    gold=n/a  running‐acc=1.000
Locality eval: pred=n/a               gold=true  correct=False  running‐acc=0.267
[ 102/489] loss=0.2029  pred=true   gold=true  running‐acc=1.000
Locality eval: pred=true              gold=n/a  correct=False  running‐acc=0.265
[ 103/489] loss=0.0136  pred=true   gold=true  running‐acc=1.000
Locality eval: pred=true              gold=n/a  correct=False  running‐acc=0.262
[ 104/489] loss=0.4156  pred=n/a    gold=n/a  running‐acc=1.000
Locality eval: pred=n/a               gold=true  correct=False  running‐acc=0.260
[ 105/489] loss=0.2676  pred=true   gold=true  running‐acc=1.000
Locality eval: pred=n/a               gold=n/a  correct=True  running‐acc=0.267
[ 106/489] loss=0.0180  pred=true   gold=true  running‐acc=1.000
Locality eval: pred=true              gold=n/a  correct=False  running‐acc=0.264
[ 107/489] loss=0.0047  pred=true   gold=true  running‐acc=1.000
Locality eval: pred=true              gold=n/a  correct=False  running‐acc=0.262
[ 108/489] loss=0.6816  pred=n/a    gold=n/a  running‐acc=1.000
Locality eval: pred=                  gold=true  correct=False  running‐acc=0.259
[ 109/489] loss=0.0487  pred=n/a    gold=n/a  running‐acc=1.000
Locality eval: pred=n/a               gold=true  correct=False  running‐acc=0.257
[ 110/489] loss=0.0293  pred=n/a    gold=n/a  running‐acc=1.000
Locality eval: pred=n/a               gold=true  correct=False  running‐acc=0.255
[ 111/489] loss=0.0521  pred=n/a    gold=n/a  running‐acc=1.000
Locality eval: pred=n/a               gold=true  correct=False  running‐acc=0.252
[ 112/489] loss=0.0302  pred=n/a    gold=n/a  running‐acc=1.000
Locality eval: pred=n/a               gold=true  correct=False  running‐acc=0.250
[ 113/489] loss=0.0991  pred=true   gold=true  running‐acc=1.000
Locality eval: pred=n/a               gold=n/a  correct=True  running‐acc=0.257
[ 114/489] loss=0.4256  pred=n/a    gold=n/a  running‐acc=1.000
Locality eval: pred=true              gold=true  correct=True  running‐acc=0.263
[ 115/489] loss=0.1166  pred=true   gold=true  running‐acc=1.000
Locality eval: pred=n/a               gold=n/a  correct=True  running‐acc=0.270
[ 116/489] loss=0.0146  pred=true   gold=true  running‐acc=1.000
Locality eval: pred=true              gold=n/a  correct=False  running‐acc=0.267
[ 117/489] loss=0.0046  pred=true   gold=true  running‐acc=1.000
Locality eval: pred=true              gold=n/a  correct=False  running‐acc=0.265
[ 118/489] loss=0.4971  pred=n/a    gold=n/a  running‐acc=1.000
Locality eval: pred=true              gold=true  correct=True  running‐acc=0.271
[ 119/489] loss=0.0729  pred=true   gold=true  running‐acc=1.000
Locality eval: pred=true              gold=n/a  correct=False  running‐acc=0.269
[ 120/489] loss=0.1638  pred=n/a    gold=n/a  running‐acc=1.000
Locality eval: pred=true              gold=true  correct=True  running‐acc=0.275
[ 121/489] loss=0.0169  pred=true   gold=true  running‐acc=1.000
Locality eval: pred=n/a               gold=n/a  correct=True  running‐acc=0.281
[ 122/489] loss=0.0042  pred=true   gold=true  running‐acc=1.000
Locality eval: pred=true              gold=n/a  correct=False  running‐acc=0.279
[ 123/489] loss=0.0041  pred=true   gold=true  running‐acc=1.000
Locality eval: pred=true              gold=n/a  correct=False  running‐acc=0.276
[ 124/489] loss=0.0079  pred=true   gold=true  running‐acc=1.000
Locality eval: pred=true              gold=n/a  correct=False  running‐acc=0.274
[ 125/489] loss=0.7359  pred=n/a    gold=n/a  running‐acc=1.000
Locality eval: pred=true              gold=true  correct=True  running‐acc=0.280
[ 126/489] loss=0.1025  pred=n/a    gold=n/a  running‐acc=1.000
Locality eval: pred=n/a               gold=true  correct=False  running‐acc=0.278
[ 127/489] loss=0.0362  pred=true   gold=true  running‐acc=1.000
Locality eval: pred=true              gold=n/a  correct=False  running‐acc=0.276
[ 128/489] loss=0.0258  pred=true   gold=true  running‐acc=1.000
Locality eval: pred=true              gold=n/a  correct=False  running‐acc=0.273
[ 129/489] loss=0.5282  pred=n/a    gold=n/a  running‐acc=1.000
Locality eval: pred=true              gold=true  correct=True  running‐acc=0.279
[ 130/489] loss=0.0590  pred=n/a    gold=n/a  running‐acc=1.000
Locality eval: pred=n/a               gold=true  correct=False  running‐acc=0.277
[ 131/489] loss=0.0520  pred=true   gold=true  running‐acc=1.000
Locality eval: pred=n/a               gold=n/a  correct=True  running‐acc=0.282
[ 132/489] loss=0.0278  pred=n/a    gold=n/a  running‐acc=1.000
Locality eval: pred=n/a               gold=true  correct=False  running‐acc=0.280
[ 133/489] loss=0.0613  pred=n/a    gold=n/a  running‐acc=1.000
Locality eval: pred=n/a               gold=true  correct=False  running‐acc=0.278
[ 134/489] loss=0.0222  pred=n/a    gold=n/a  running‐acc=1.000
Locality eval: pred=n/a               gold=true  correct=False  running‐acc=0.276
[ 135/489] loss=0.0100  pred=n/a    gold=n/a  running‐acc=1.000
Locality eval: pred=n/a               gold=true  correct=False  running‐acc=0.274
[ 136/489] loss=0.0269  pred=true   gold=true  running‐acc=1.000
Locality eval: pred=n/a               gold=n/a  correct=True  running‐acc=0.279
[ 137/489] loss=0.0108  pred=true   gold=true  running‐acc=1.000
Locality eval: pred=true              gold=n/a  correct=False  running‐acc=0.277
[ 138/489] loss=0.0090  pred=true   gold=true  running‐acc=1.000
Locality eval: pred=true              gold=n/a  correct=False  running‐acc=0.275
[ 139/489] loss=0.3031  pred=n/a    gold=n/a  running‐acc=1.000
Locality eval: pred=n/a               gold=true  correct=False  running‐acc=0.273
[ 140/489] loss=0.0060  pred=n/a    gold=n/a  running‐acc=1.000
Locality eval: pred=n/a               gold=true  correct=False  running‐acc=0.271
[ 141/489] loss=0.0127  pred=true   gold=true  running‐acc=1.000
Locality eval: pred=n/a               gold=n/a  correct=True  running‐acc=0.277
[ 142/489] loss=0.0470  pred=n/a    gold=n/a  running‐acc=1.000
Locality eval: pred=n/a               gold=true  correct=False  running‐acc=0.275
[ 143/489] loss=0.0122  pred=true   gold=true  running‐acc=1.000
Locality eval: pred=n/a               gold=n/a  correct=True  running‐acc=0.280
[ 144/489] loss=0.0079  pred=true   gold=true  running‐acc=1.000
Locality eval: pred=true              gold=n/a  correct=False  running‐acc=0.278
[ 145/489] loss=0.0203  pred=true   gold=true  running‐acc=1.000
Locality eval: pred=true              gold=n/a  correct=False  running‐acc=0.276
[ 146/489] loss=0.0117  pred=true   gold=true  running‐acc=1.000
Locality eval: pred=true              gold=n/a  correct=False  running‐acc=0.274
[ 147/489] loss=0.5910  pred=n/a    gold=n/a  running‐acc=1.000
Locality eval: pred=n/a               gold=true  correct=False  running‐acc=0.272
[ 148/489] loss=0.1033  pred=true   gold=true  running‐acc=1.000
Locality eval: pred=n/a               gold=n/a  correct=True  running‐acc=0.277
[ 149/489] loss=0.5102  pred=n/a    gold=n/a  running‐acc=1.000
Locality eval: pred=n/a               gold=true  correct=False  running‐acc=0.275
[ 150/489] loss=0.0316  pred=n/a    gold=n/a  running‐acc=1.000
Locality eval: pred=n/a               gold=true  correct=False  running‐acc=0.273
[ 151/489] loss=0.0613  pred=true   gold=true  running‐acc=1.000
Locality eval: pred=n/a               gold=n/a  correct=True  running‐acc=0.278
[ 152/489] loss=0.6738  pred=true   gold=n/a  running‐acc=0.993
Locality eval: pred=true              gold=true  correct=True  running‐acc=0.283
[ 153/489] loss=0.0668  pred=n/a    gold=n/a  running‐acc=0.993
Locality eval: pred=n/a               gold=true  correct=False  running‐acc=0.281
[ 154/489] loss=0.0283  pred=true   gold=true  running‐acc=0.994
Locality eval: pred=n/a               gold=n/a  correct=True  running‐acc=0.286
[ 155/489] loss=0.0049  pred=true   gold=true  running‐acc=0.994
Locality eval: pred=true              gold=n/a  correct=False  running‐acc=0.284
[ 156/489] loss=0.4928  pred=n/a    gold=n/a  running‐acc=0.994
Locality eval: pred=true              gold=true  correct=True  running‐acc=0.288
[ 157/489] loss=0.0259  pred=n/a    gold=n/a  running‐acc=0.994
Locality eval: pred=n/a               gold=true  correct=False  running‐acc=0.287
[ 158/489] loss=0.0595  pred=n/a    gold=n/a  running‐acc=0.994
Locality eval: pred=n/a               gold=true  correct=False  running‐acc=0.285
[ 159/489] loss=0.0120  pred=n/a    gold=n/a  running‐acc=0.994
Locality eval: pred=n/a               gold=true  correct=False  running‐acc=0.283
[ 160/489] loss=0.0412  pred=n/a    gold=n/a  running‐acc=0.994
Locality eval: pred=n/a               gold=true  correct=False  running‐acc=0.281
[ 161/489] loss=0.0538  pred=n/a    gold=n/a  running‐acc=0.994
Locality eval: pred=n/a               gold=true  correct=False  running‐acc=0.280
[ 162/489] loss=0.0465  pred=true   gold=true  running‐acc=0.994
Locality eval: pred=n/a               gold=n/a  correct=True  running‐acc=0.284
[ 163/489] loss=0.0196  pred=n/a    gold=n/a  running‐acc=0.994
Locality eval: pred=n/a               gold=true  correct=False  running‐acc=0.282
[ 164/489] loss=0.0808  pred=n/a    gold=n/a  running‐acc=0.994
Locality eval: pred=n/a               gold=true  correct=False  running‐acc=0.280
[ 165/489] loss=0.0173  pred=true   gold=true  running‐acc=0.994
Locality eval: pred=true              gold=n/a  correct=False  running‐acc=0.279
[ 166/489] loss=0.0243  pred=n/a    gold=n/a  running‐acc=0.994
Locality eval: pred=n/a               gold=true  correct=False  running‐acc=0.277
[ 167/489] loss=0.1034  pred=true   gold=true  running‐acc=0.994
Locality eval: pred=n/a               gold=n/a  correct=True  running‐acc=0.281
[ 168/489] loss=0.5577  pred=n/a    gold=n/a  running‐acc=0.994
Locality eval: pred=true              gold=true  correct=True  running‐acc=0.286
[ 169/489] loss=0.0836  pred=true   gold=true  running‐acc=0.994
Locality eval: pred=n/a               gold=n/a  correct=True  running‐acc=0.290
[ 170/489] loss=0.0102  pred=true   gold=true  running‐acc=0.994
Locality eval: pred=true              gold=n/a  correct=False  running‐acc=0.288
[ 171/489] loss=0.0195  pred=true   gold=true  running‐acc=0.994
Locality eval: pred=true              gold=n/a  correct=False  running‐acc=0.287
[ 172/489] loss=0.0119  pred=true   gold=true  running‐acc=0.994
Locality eval: pred=true              gold=n/a  correct=False  running‐acc=0.285
[ 173/489] loss=0.6109  pred=n/a    gold=n/a  running‐acc=0.994
Locality eval: pred=true              gold=true  correct=True  running‐acc=0.289
[ 174/489] loss=0.0115  pred=true   gold=true  running‐acc=0.994
Locality eval: pred=true              gold=n/a  correct=False  running‐acc=0.287
[ 175/489] loss=0.0107  pred=true   gold=true  running‐acc=0.994
Locality eval: pred=true              gold=n/a  correct=False  running‐acc=0.286
[ 176/489] loss=0.0128  pred=true   gold=true  running‐acc=0.994
Locality eval: pred=true              gold=n/a  correct=False  running‐acc=0.284
[ 177/489] loss=0.8040  pred=       gold=n/a  running‐acc=0.989
Locality eval: pred=true              gold=true  correct=True  running‐acc=0.288
[ 178/489] loss=0.2621  pred=true   gold=true  running‐acc=0.989
Locality eval: pred=n/a               gold=n/a  correct=True  running‐acc=0.292
[ 179/489] loss=0.1941  pred=n/a    gold=n/a  running‐acc=0.989
Locality eval: pred=n/a               gold=true  correct=False  running‐acc=0.291
[ 180/489] loss=0.1620  pred=true   gold=true  running‐acc=0.989
Locality eval: pred=true              gold=n/a  correct=False  running‐acc=0.289
[ 181/489] loss=0.0132  pred=true   gold=true  running‐acc=0.989
Locality eval: pred=true              gold=n/a  correct=False  running‐acc=0.287
[ 182/489] loss=0.4520  pred=n/a    gold=n/a  running‐acc=0.989
Locality eval: pred=true              gold=true  correct=True  running‐acc=0.291
[ 183/489] loss=0.0454  pred=n/a    gold=n/a  running‐acc=0.989
Locality eval: pred=n/a               gold=true  correct=False  running‐acc=0.290
[ 184/489] loss=0.0188  pred=true   gold=true  running‐acc=0.989
Locality eval: pred=true              gold=n/a  correct=False  running‐acc=0.288
[ 185/489] loss=0.0112  pred=true   gold=true  running‐acc=0.989
Locality eval: pred=true              gold=n/a  correct=False  running‐acc=0.286
[ 186/489] loss=0.0450  pred=n/a    gold=n/a  running‐acc=0.989
Locality eval: pred=n/a               gold=true  correct=False  running‐acc=0.285
[ 187/489] loss=0.0373  pred=true   gold=true  running‐acc=0.989
Locality eval: pred=n/a               gold=n/a  correct=True  running‐acc=0.289
[ 188/489] loss=0.0088  pred=true   gold=true  running‐acc=0.989
Locality eval: pred=true              gold=n/a  correct=False  running‐acc=0.287
[ 189/489] loss=0.6214  pred=n/a    gold=n/a  running‐acc=0.989
Locality eval: pred=true              gold=true  correct=True  running‐acc=0.291
[ 190/489] loss=0.2154  pred=true   gold=true  running‐acc=0.989
Locality eval: pred=true              gold=n/a  correct=False  running‐acc=0.289
[ 191/489] loss=0.0067  pred=true   gold=true  running‐acc=0.990
Locality eval: pred=true              gold=n/a  correct=False  running‐acc=0.288
[ 192/489] loss=0.0986  pred=n/a    gold=n/a  running‐acc=0.990
Locality eval: pred=n/a               gold=true  correct=False  running‐acc=0.286
[ 193/489] loss=0.0220  pred=n/a    gold=n/a  running‐acc=0.990
Locality eval: pred=n/a               gold=true  correct=False  running‐acc=0.285
[ 194/489] loss=0.0630  pred=n/a    gold=n/a  running‐acc=0.990
Locality eval: pred=n/a               gold=true  correct=False  running‐acc=0.284
[ 195/489] loss=0.0412  pred=n/a    gold=n/a  running‐acc=0.990
Locality eval: pred=n/a               gold=true  correct=False  running‐acc=0.282
[ 196/489] loss=0.0579  pred=n/a    gold=n/a  running‐acc=0.990
Locality eval: pred=n/a               gold=true  correct=False  running‐acc=0.281
[ 197/489] loss=0.0177  pred=true   gold=true  running‐acc=0.990
Locality eval: pred=true              gold=n/a  correct=False  running‐acc=0.279
[ 198/489] loss=0.0034  pred=true   gold=true  running‐acc=0.990
Locality eval: pred=true              gold=n/a  correct=False  running‐acc=0.278
[ 199/489] loss=0.1515  pred=n/a    gold=n/a  running‐acc=0.990
Locality eval: pred=n/a               gold=true  correct=False  running‐acc=0.276
[ 200/489] loss=0.2245  pred=n/a    gold=n/a  running‐acc=0.990
Locality eval: pred=n/a               gold=true  correct=False  running‐acc=0.275
[ 201/489] loss=0.0867  pred=true   gold=true  running‐acc=0.990
Locality eval: pred=true              gold=n/a  correct=False  running‐acc=0.274
[ 202/489] loss=0.0693  pred=n/a    gold=n/a  running‐acc=0.990
Locality eval: pred=n/a               gold=true  correct=False  running‐acc=0.272
[ 203/489] loss=0.0628  pred=n/a    gold=n/a  running‐acc=0.990
Locality eval: pred=n/a               gold=true  correct=False  running‐acc=0.271
[ 204/489] loss=0.0191  pred=n/a    gold=n/a  running‐acc=0.990
Locality eval: pred=n/a               gold=true  correct=False  running‐acc=0.270
[ 205/489] loss=0.0216  pred=n/a    gold=n/a  running‐acc=0.990
Locality eval: pred=n/a               gold=true  correct=False  running‐acc=0.268
[ 206/489] loss=0.0575  pred=n/a    gold=n/a  running‐acc=0.990
Locality eval: pred=n/a               gold=true  correct=False  running‐acc=0.267
[ 207/489] loss=0.0264  pred=n/a    gold=n/a  running‐acc=0.990
Locality eval: pred=n/a               gold=true  correct=False  running‐acc=0.266
[ 208/489] loss=0.0511  pred=true   gold=true  running‐acc=0.990
Locality eval: pred=n/a               gold=n/a  correct=True  running‐acc=0.269
[ 209/489] loss=0.0362  pred=true   gold=true  running‐acc=0.990
Locality eval: pred=true              gold=n/a  correct=False  running‐acc=0.268
[ 210/489] loss=0.3265  pred=n/a    gold=n/a  running‐acc=0.990
Locality eval: pred=n/a               gold=true  correct=False  running‐acc=0.267
[ 211/489] loss=0.0439  pred=n/a    gold=n/a  running‐acc=0.991
Locality eval: pred=n/a               gold=true  correct=False  running‐acc=0.265
[ 212/489] loss=0.0713  pred=true   gold=true  running‐acc=0.991
Locality eval: pred=true              gold=n/a  correct=False  running‐acc=0.264
[ 213/489] loss=0.2233  pred=n/a    gold=n/a  running‐acc=0.991
Locality eval: pred=true              gold=true  correct=True  running‐acc=0.268
[ 214/489] loss=0.0207  pred=n/a    gold=n/a  running‐acc=0.991
Locality eval: pred=n/a               gold=true  correct=False  running‐acc=0.266
[ 215/489] loss=0.0428  pred=n/a    gold=n/a  running‐acc=0.991
Locality eval: pred=n/a               gold=true  correct=False  running‐acc=0.265
[ 216/489] loss=0.0261  pred=n/a    gold=n/a  running‐acc=0.991
Locality eval: pred=n/a               gold=true  correct=False  running‐acc=0.264
[ 217/489] loss=0.0293  pred=n/a    gold=n/a  running‐acc=0.991
Locality eval: pred=n/a               gold=true  correct=False  running‐acc=0.263
[ 218/489] loss=0.2476  pred=true   gold=true  running‐acc=0.991
Locality eval: pred=n/a               gold=n/a  correct=True  running‐acc=0.266
[ 219/489] loss=0.0020  pred=true   gold=true  running‐acc=0.991
Locality eval: pred=true              gold=n/a  correct=False  running‐acc=0.265
[ 220/489] loss=0.0739  pred=n/a    gold=n/a  running‐acc=0.991
Locality eval: pred=true              gold=true  correct=True  running‐acc=0.268
[ 221/489] loss=0.0472  pred=n/a    gold=n/a  running‐acc=0.991
Locality eval: pred=n/a               gold=true  correct=False  running‐acc=0.267
[ 222/489] loss=0.0113  pred=n/a    gold=n/a  running‐acc=0.991
Locality eval: pred=n/a               gold=true  correct=False  running‐acc=0.266
[ 223/489] loss=0.4181  pred=true   gold=true  running‐acc=0.991
Locality eval: pred=true              gold=n/a  correct=False  running‐acc=0.265
[ 224/489] loss=0.0140  pred=true   gold=true  running‐acc=0.991
Locality eval: pred=true              gold=n/a  correct=False  running‐acc=0.263
[ 225/489] loss=0.0127  pred=true   gold=true  running‐acc=0.991
Locality eval: pred=true              gold=n/a  correct=False  running‐acc=0.262
[ 226/489] loss=0.0207  pred=true   gold=true  running‐acc=0.991
Locality eval: pred=true              gold=n/a  correct=False  running‐acc=0.261
[ 227/489] loss=0.5952  pred=n/a    gold=n/a  running‐acc=0.991
Locality eval: pred=true              gold=true  correct=True  running‐acc=0.264
[ 228/489] loss=0.0318  pred=n/a    gold=n/a  running‐acc=0.991
Locality eval: pred=n/a               gold=true  correct=False  running‐acc=0.263
[ 229/489] loss=0.0158  pred=true   gold=true  running‐acc=0.991
Locality eval: pred=n/a               gold=n/a  correct=True  running‐acc=0.266
[ 230/489] loss=0.1184  pred=n/a    gold=n/a  running‐acc=0.991
Locality eval: pred=n/a               gold=true  correct=False  running‐acc=0.265
[ 231/489] loss=0.1679  pred=true   gold=true  running‐acc=0.991
Locality eval: pred=true              gold=n/a  correct=False  running‐acc=0.264
[ 232/489] loss=0.9716  pred=true   gold=n/a  running‐acc=0.987
Locality eval: pred=true              gold=true  correct=True  running‐acc=0.267
[ 233/489] loss=0.1131  pred=true   gold=true  running‐acc=0.987
Locality eval: pred=true              gold=n/a  correct=False  running‐acc=0.266
[ 234/489] loss=0.3224  pred=n/a    gold=n/a  running‐acc=0.987
Locality eval: pred=true              gold=true  correct=True  running‐acc=0.269
[ 235/489] loss=0.0521  pred=true   gold=true  running‐acc=0.987
Locality eval: pred=n/a               gold=n/a  correct=True  running‐acc=0.272
[ 236/489] loss=0.1382  pred=n/a    gold=n/a  running‐acc=0.987
Locality eval: pred=n/a               gold=true  correct=False  running‐acc=0.271
[ 237/489] loss=0.0487  pred=true   gold=true  running‐acc=0.987
Locality eval: pred=n/a               gold=n/a  correct=True  running‐acc=0.274
[ 238/489] loss=0.1417  pred=n/a    gold=n/a  running‐acc=0.987
Locality eval: pred=n/a               gold=true  correct=False  running‐acc=0.273
[ 239/489] loss=0.0531  pred=true   gold=true  running‐acc=0.987
Locality eval: pred=n/a               gold=n/a  correct=True  running‐acc=0.276
[ 240/489] loss=0.0050  pred=true   gold=true  running‐acc=0.988
Locality eval: pred=true              gold=n/a  correct=False  running‐acc=0.275
[ 241/489] loss=0.0032  pred=true   gold=true  running‐acc=0.988
Locality eval: pred=true              gold=n/a  correct=False  running‐acc=0.274
[ 242/489] loss=0.0079  pred=true   gold=true  running‐acc=0.988
Locality eval: pred=true              gold=n/a  correct=False  running‐acc=0.273
[ 243/489] loss=0.0149  pred=true   gold=true  running‐acc=0.988
Locality eval: pred=true              gold=n/a  correct=False  running‐acc=0.272
[ 244/489] loss=0.0069  pred=true   gold=true  running‐acc=0.988
Locality eval: pred=true              gold=n/a  correct=False  running‐acc=0.270
[ 245/489] loss=0.0140  pred=true   gold=true  running‐acc=0.988
Locality eval: pred=true              gold=n/a  correct=False  running‐acc=0.269
[ 246/489] loss=1.0744  pred=       gold=n/a  running‐acc=0.984
Locality eval: pred=                  gold=true  correct=False  running‐acc=0.268
[ 247/489] loss=0.0576  pred=true   gold=true  running‐acc=0.984
Locality eval: pred=n/a               gold=n/a  correct=True  running‐acc=0.271
[ 248/489] loss=0.0195  pred=true   gold=true  running‐acc=0.984
Locality eval: pred=true              gold=n/a  correct=False  running‐acc=0.270
[ 249/489] loss=0.0080  pred=true   gold=true  running‐acc=0.984
Locality eval: pred=true              gold=n/a  correct=False  running‐acc=0.269
[ 250/489] loss=0.0490  pred=true   gold=true  running‐acc=0.984
Locality eval: pred=true              gold=n/a  correct=False  running‐acc=0.268
[ 251/489] loss=0.3752  pred=n/a    gold=n/a  running‐acc=0.984
Locality eval: pred=true              gold=true  correct=True  running‐acc=0.271
[ 252/489] loss=0.0125  pred=n/a    gold=n/a  running‐acc=0.984
Locality eval: pred=n/a               gold=true  correct=False  running‐acc=0.270
[ 253/489] loss=0.0656  pred=n/a    gold=n/a  running‐acc=0.984
Locality eval: pred=n/a               gold=true  correct=False  running‐acc=0.269
[ 254/489] loss=0.0162  pred=n/a    gold=n/a  running‐acc=0.984
Locality eval: pred=n/a               gold=true  correct=False  running‐acc=0.268
[ 255/489] loss=0.0067  pred=true   gold=true  running‐acc=0.984
Locality eval: pred=n/a               gold=n/a  correct=True  running‐acc=0.271
[ 256/489] loss=0.0054  pred=true   gold=true  running‐acc=0.984
Locality eval: pred=true              gold=n/a  correct=False  running‐acc=0.270
[ 257/489] loss=0.0074  pred=true   gold=true  running‐acc=0.984
Locality eval: pred=true              gold=n/a  correct=False  running‐acc=0.268
[ 258/489] loss=0.3345  pred=n/a    gold=n/a  running‐acc=0.984
Locality eval: pred=true              gold=true  correct=True  running‐acc=0.271
[ 259/489] loss=0.0197  pred=true   gold=true  running‐acc=0.985
Locality eval: pred=n/a               gold=n/a  correct=True  running‐acc=0.274
[ 260/489] loss=0.1154  pred=n/a    gold=n/a  running‐acc=0.985
Locality eval: pred=n/a               gold=true  correct=False  running‐acc=0.273
[ 261/489] loss=0.0156  pred=true   gold=true  running‐acc=0.985
Locality eval: pred=true              gold=n/a  correct=False  running‐acc=0.272
[ 262/489] loss=0.1798  pred=n/a    gold=n/a  running‐acc=0.985
Locality eval: pred=true              gold=true  correct=True  running‐acc=0.275
[ 263/489] loss=0.1149  pred=true   gold=true  running‐acc=0.985
Locality eval: pred=true              gold=n/a  correct=False  running‐acc=0.274
[ 264/489] loss=0.0011  pred=true   gold=true  running‐acc=0.985
Locality eval: pred=true              gold=n/a  correct=False  running‐acc=0.273
[ 265/489] loss=0.0109  pred=true   gold=true  running‐acc=0.985
Locality eval: pred=true              gold=n/a  correct=False  running‐acc=0.272
[ 266/489] loss=0.2373  pred=n/a    gold=n/a  running‐acc=0.985
Locality eval: pred=true              gold=true  correct=True  running‐acc=0.274
[ 267/489] loss=0.1116  pred=true   gold=true  running‐acc=0.985
Locality eval: pred=n/a               gold=n/a  correct=True  running‐acc=0.277
[ 268/489] loss=0.0036  pred=true   gold=true  running‐acc=0.985
Locality eval: pred=true              gold=n/a  correct=False  running‐acc=0.276
[ 269/489] loss=0.0435  pred=true   gold=true  running‐acc=0.985
Locality eval: pred=true              gold=n/a  correct=False  running‐acc=0.275
[ 270/489] loss=0.0069  pred=true   gold=true  running‐acc=0.985
Locality eval: pred=true              gold=n/a  correct=False  running‐acc=0.274
[ 271/489] loss=0.3335  pred=n/a    gold=n/a  running‐acc=0.985
Locality eval: pred=true              gold=true  correct=True  running‐acc=0.277
[ 272/489] loss=0.0602  pred=n/a    gold=n/a  running‐acc=0.985
Locality eval: pred=n/a               gold=true  correct=False  running‐acc=0.276
[ 273/489] loss=0.0296  pred=true   gold=true  running‐acc=0.985
Locality eval: pred=n/a               gold=n/a  correct=True  running‐acc=0.278
[ 274/489] loss=0.0129  pred=true   gold=true  running‐acc=0.985
Locality eval: pred=true              gold=n/a  correct=False  running‐acc=0.277
[ 275/489] loss=0.0058  pred=true   gold=true  running‐acc=0.985
Locality eval: pred=true              gold=n/a  correct=False  running‐acc=0.276
[ 276/489] loss=0.0286  pred=true   gold=true  running‐acc=0.986
Locality eval: pred=true              gold=n/a  correct=False  running‐acc=0.275
[ 277/489] loss=0.6500  pred=n/a    gold=n/a  running‐acc=0.986
Locality eval: pred=n/a               gold=true  correct=False  running‐acc=0.274
[ 278/489] loss=0.0881  pred=true   gold=true  running‐acc=0.986
Locality eval: pred=n/a               gold=n/a  correct=True  running‐acc=0.277
[ 279/489] loss=0.0063  pred=true   gold=true  running‐acc=0.986
Locality eval: pred=true              gold=n/a  correct=False  running‐acc=0.276
[ 280/489] loss=0.5761  pred=n/a    gold=n/a  running‐acc=0.986
Locality eval: pred=true              gold=true  correct=True  running‐acc=0.279
[ 281/489] loss=0.0722  pred=n/a    gold=n/a  running‐acc=0.986
Locality eval: pred=n/a               gold=true  correct=False  running‐acc=0.278
[ 282/489] loss=0.0136  pred=n/a    gold=n/a  running‐acc=0.986
Locality eval: pred=n/a               gold=true  correct=False  running‐acc=0.277
[ 283/489] loss=0.0298  pred=n/a    gold=n/a  running‐acc=0.986
Locality eval: pred=n/a               gold=true  correct=False  running‐acc=0.276
[ 284/489] loss=0.0287  pred=n/a    gold=n/a  running‐acc=0.986
Locality eval: pred=n/a               gold=true  correct=False  running‐acc=0.275
[ 285/489] loss=0.0296  pred=n/a    gold=n/a  running‐acc=0.986
Locality eval: pred=n/a               gold=true  correct=False  running‐acc=0.274
[ 286/489] loss=0.1307  pred=true   gold=true  running‐acc=0.986
Locality eval: pred=true              gold=n/a  correct=False  running‐acc=0.273
[ 287/489] loss=0.0327  pred=n/a    gold=n/a  running‐acc=0.986
Locality eval: pred=n/a               gold=true  correct=False  running‐acc=0.272
[ 288/489] loss=0.0231  pred=n/a    gold=n/a  running‐acc=0.986
Locality eval: pred=n/a               gold=true  correct=False  running‐acc=0.271
[ 289/489] loss=0.1012  pred=true   gold=true  running‐acc=0.986
Locality eval: pred=n/a               gold=n/a  correct=True  running‐acc=0.273
[ 290/489] loss=0.0166  pred=true   gold=true  running‐acc=0.986
Locality eval: pred=true              gold=n/a  correct=False  running‐acc=0.272
[ 291/489] loss=0.0139  pred=true   gold=true  running‐acc=0.986
Locality eval: pred=true              gold=n/a  correct=False  running‐acc=0.271
[ 292/489] loss=0.4013  pred=n/a    gold=n/a  running‐acc=0.986
Locality eval: pred=n/a               gold=true  correct=False  running‐acc=0.271
[ 293/489] loss=0.0833  pred=true   gold=true  running‐acc=0.986
Locality eval: pred=n/a               gold=n/a  correct=True  running‐acc=0.273
[ 294/489] loss=0.0063  pred=true   gold=true  running‐acc=0.986
Locality eval: pred=true              gold=n/a  correct=False  running‐acc=0.272
[ 295/489] loss=0.4758  pred=n/a    gold=n/a  running‐acc=0.986
Locality eval: pred=true              gold=true  correct=True  running‐acc=0.275
[ 296/489] loss=0.0611  pred=n/a    gold=n/a  running‐acc=0.986
Locality eval: pred=n/a               gold=true  correct=False  running‐acc=0.274
[ 297/489] loss=0.0364  pred=n/a    gold=n/a  running‐acc=0.987
Locality eval: pred=n/a               gold=true  correct=False  running‐acc=0.273
[ 298/489] loss=0.0303  pred=true   gold=true  running‐acc=0.987
Locality eval: pred=true              gold=n/a  correct=False  running‐acc=0.272
[ 299/489] loss=0.0031  pred=true   gold=true  running‐acc=0.987
Locality eval: pred=true              gold=n/a  correct=False  running‐acc=0.271
[ 300/489] loss=0.3762  pred=n/a    gold=n/a  running‐acc=0.987
Locality eval: pred=                  gold=true  correct=False  running‐acc=0.270
[ 301/489] loss=0.0170  pred=n/a    gold=n/a  running‐acc=0.987
Locality eval: pred=n/a               gold=true  correct=False  running‐acc=0.269
[ 302/489] loss=0.0302  pred=n/a    gold=n/a  running‐acc=0.987
Locality eval: pred=n/a               gold=true  correct=False  running‐acc=0.268
[ 303/489] loss=0.1687  pred=true   gold=true  running‐acc=0.987
Locality eval: pred=true              gold=n/a  correct=False  running‐acc=0.267
[ 304/489] loss=0.0597  pred=n/a    gold=n/a  running‐acc=0.987
Locality eval: pred=n/a               gold=true  correct=False  running‐acc=0.266
[ 305/489] loss=0.0516  pred=n/a    gold=n/a  running‐acc=0.987
Locality eval: pred=n/a               gold=true  correct=False  running‐acc=0.266
[ 306/489] loss=0.0524  pred=true   gold=true  running‐acc=0.987
Locality eval: pred=n/a               gold=n/a  correct=True  running‐acc=0.268
[ 307/489] loss=0.0014  pred=true   gold=true  running‐acc=0.987
Locality eval: pred=true              gold=n/a  correct=False  running‐acc=0.267
[ 308/489] loss=0.0257  pred=true   gold=true  running‐acc=0.987
Locality eval: pred=true              gold=n/a  correct=False  running‐acc=0.266
[ 309/489] loss=0.4977  pred=n/a    gold=n/a  running‐acc=0.987
Locality eval: pred=true              gold=true  correct=True  running‐acc=0.269
[ 310/489] loss=0.0228  pred=true   gold=true  running‐acc=0.987
Locality eval: pred=true              gold=n/a  correct=False  running‐acc=0.268
[ 311/489] loss=0.4903  pred=n/a    gold=n/a  running‐acc=0.987
Locality eval: pred=true              gold=true  correct=True  running‐acc=0.270
[ 312/489] loss=0.1586  pred=n/a    gold=n/a  running‐acc=0.987
Locality eval: pred=n/a               gold=true  correct=False  running‐acc=0.269
[ 313/489] loss=0.1281  pred=true   gold=true  running‐acc=0.987
Locality eval: pred=n/a               gold=n/a  correct=True  running‐acc=0.272
[ 314/489] loss=0.1991  pred=n/a    gold=n/a  running‐acc=0.987
Locality eval: pred=true              gold=true  correct=True  running‐acc=0.274
[ 315/489] loss=0.0375  pred=n/a    gold=n/a  running‐acc=0.987
Locality eval: pred=n/a               gold=true  correct=False  running‐acc=0.273
[ 316/489] loss=0.0523  pred=n/a    gold=n/a  running‐acc=0.987
Locality eval: pred=n/a               gold=true  correct=False  running‐acc=0.272
[ 317/489] loss=0.0469  pred=n/a    gold=n/a  running‐acc=0.987
Locality eval: pred=n/a               gold=true  correct=False  running‐acc=0.271
[ 318/489] loss=0.0519  pred=true   gold=true  running‐acc=0.987
Locality eval: pred=true              gold=n/a  correct=False  running‐acc=0.270
[ 319/489] loss=0.0338  pred=n/a    gold=n/a  running‐acc=0.987
Locality eval: pred=n/a               gold=true  correct=False  running‐acc=0.270
[ 320/489] loss=0.0463  pred=n/a    gold=n/a  running‐acc=0.988
Locality eval: pred=n/a               gold=true  correct=False  running‐acc=0.269
[ 321/489] loss=0.0346  pred=n/a    gold=n/a  running‐acc=0.988
Locality eval: pred=n/a               gold=true  correct=False  running‐acc=0.268
[ 322/489] loss=0.0434  pred=n/a    gold=n/a  running‐acc=0.988
Locality eval: pred=n/a               gold=true  correct=False  running‐acc=0.267
[ 323/489] loss=0.1222  pred=true   gold=true  running‐acc=0.988
Locality eval: pred=n/a               gold=n/a  correct=True  running‐acc=0.269
[ 324/489] loss=0.0441  pred=n/a    gold=n/a  running‐acc=0.988
Locality eval: pred=n/a               gold=true  correct=False  running‐acc=0.269
[ 325/489] loss=0.0768  pred=true   gold=true  running‐acc=0.988
Locality eval: pred=n/a               gold=n/a  correct=True  running‐acc=0.271
[ 326/489] loss=0.3341  pred=n/a    gold=n/a  running‐acc=0.988
Locality eval: pred=true              gold=true  correct=True  running‐acc=0.273
[ 327/489] loss=0.0316  pred=true   gold=true  running‐acc=0.988
Locality eval: pred=true              gold=n/a  correct=False  running‐acc=0.272
[ 328/489] loss=0.0053  pred=true   gold=true  running‐acc=0.988
Locality eval: pred=true              gold=n/a  correct=False  running‐acc=0.271
[ 329/489] loss=0.0431  pred=n/a    gold=n/a  running‐acc=0.988
Locality eval: pred=n/a               gold=true  correct=False  running‐acc=0.271
[ 330/489] loss=0.0774  pred=true   gold=true  running‐acc=0.988
Locality eval: pred=n/a               gold=n/a  correct=True  running‐acc=0.273
[ 331/489] loss=0.0076  pred=true   gold=true  running‐acc=0.988
Locality eval: pred=true              gold=n/a  correct=False  running‐acc=0.272
[ 332/489] loss=0.2116  pred=n/a    gold=n/a  running‐acc=0.988
Locality eval: pred=true              gold=true  correct=True  running‐acc=0.274
[ 333/489] loss=0.0061  pred=n/a    gold=n/a  running‐acc=0.988
Locality eval: pred=n/a               gold=true  correct=False  running‐acc=0.273
[ 334/489] loss=0.0470  pred=n/a    gold=n/a  running‐acc=0.988
Locality eval: pred=n/a               gold=true  correct=False  running‐acc=0.272
[ 335/489] loss=0.1245  pred=true   gold=true  running‐acc=0.988
Locality eval: pred=n/a               gold=n/a  correct=True  running‐acc=0.275
[ 336/489] loss=0.0116  pred=true   gold=true  running‐acc=0.988
Locality eval: pred=true              gold=n/a  correct=False  running‐acc=0.274
[ 337/489] loss=0.5003  pred=n/a    gold=n/a  running‐acc=0.988
Locality eval: pred=true              gold=true  correct=True  running‐acc=0.276
[ 338/489] loss=0.1132  pred=true   gold=true  running‐acc=0.988
Locality eval: pred=n/a               gold=n/a  correct=True  running‐acc=0.278
[ 339/489] loss=0.5254  pred=n/a    gold=n/a  running‐acc=0.988
Locality eval: pred=true              gold=true  correct=True  running‐acc=0.280
[ 340/489] loss=0.0727  pred=n/a    gold=n/a  running‐acc=0.988
Locality eval: pred=n/a               gold=true  correct=False  running‐acc=0.279
[ 341/489] loss=0.0375  pred=n/a    gold=n/a  running‐acc=0.988
Locality eval: pred=n/a               gold=true  correct=False  running‐acc=0.279
[ 342/489] loss=0.0339  pred=true   gold=true  running‐acc=0.988
Locality eval: pred=true              gold=n/a  correct=False  running‐acc=0.278
[ 343/489] loss=0.3156  pred=n/a    gold=n/a  running‐acc=0.988
Locality eval: pred=true              gold=true  correct=True  running‐acc=0.280
[ 344/489] loss=0.0584  pred=true   gold=true  running‐acc=0.988
Locality eval: pred=n/a               gold=n/a  correct=True  running‐acc=0.282
[ 345/489] loss=0.0034  pred=true   gold=true  running‐acc=0.988
Locality eval: pred=true              gold=n/a  correct=False  running‐acc=0.281
[ 346/489] loss=0.0412  pred=true   gold=true  running‐acc=0.988
Locality eval: pred=true              gold=n/a  correct=False  running‐acc=0.280
[ 347/489] loss=0.4149  pred=n/a    gold=n/a  running‐acc=0.988
Locality eval: pred=true              gold=true  correct=True  running‐acc=0.282
[ 348/489] loss=0.0317  pred=n/a    gold=n/a  running‐acc=0.989
Locality eval: pred=n/a               gold=true  correct=False  running‐acc=0.282
[ 349/489] loss=0.1086  pred=true   gold=true  running‐acc=0.989
Locality eval: pred=n/a               gold=n/a  correct=True  running‐acc=0.284
[ 350/489] loss=0.0231  pred=true   gold=true  running‐acc=0.989
Locality eval: pred=true              gold=n/a  correct=False  running‐acc=0.283
[ 351/489] loss=0.1390  pred=n/a    gold=n/a  running‐acc=0.989
Locality eval: pred=n/a               gold=true  correct=False  running‐acc=0.282
[ 352/489] loss=0.0110  pred=n/a    gold=n/a  running‐acc=0.989
Locality eval: pred=n/a               gold=true  correct=False  running‐acc=0.281
[ 353/489] loss=0.0378  pred=true   gold=true  running‐acc=0.989
Locality eval: pred=n/a               gold=n/a  correct=True  running‐acc=0.283
[ 354/489] loss=0.1696  pred=n/a    gold=n/a  running‐acc=0.989
Locality eval: pred=true              gold=true  correct=True  running‐acc=0.285
[ 355/489] loss=0.0334  pred=true   gold=true  running‐acc=0.989
Locality eval: pred=true              gold=n/a  correct=False  running‐acc=0.285
[ 356/489] loss=0.0110  pred=n/a    gold=n/a  running‐acc=0.989
Locality eval: pred=n/a               gold=true  correct=False  running‐acc=0.284
[ 357/489] loss=0.0160  pred=n/a    gold=n/a  running‐acc=0.989
Locality eval: pred=n/a               gold=true  correct=False  running‐acc=0.283
[ 358/489] loss=0.0187  pred=n/a    gold=n/a  running‐acc=0.989
Locality eval: pred=n/a               gold=true  correct=False  running‐acc=0.282
[ 359/489] loss=0.0414  pred=n/a    gold=n/a  running‐acc=0.989
Locality eval: pred=n/a               gold=true  correct=False  running‐acc=0.281
[ 360/489] loss=0.0481  pred=n/a    gold=n/a  running‐acc=0.989
Locality eval: pred=n/a               gold=true  correct=False  running‐acc=0.281
[ 361/489] loss=0.0199  pred=true   gold=true  running‐acc=0.989
Locality eval: pred=true              gold=n/a  correct=False  running‐acc=0.280
[ 362/489] loss=0.1419  pred=n/a    gold=n/a  running‐acc=0.989
Locality eval: pred=n/a               gold=true  correct=False  running‐acc=0.279
[ 363/489] loss=0.0148  pred=n/a    gold=n/a  running‐acc=0.989
Locality eval: pred=n/a               gold=true  correct=False  running‐acc=0.278
[ 364/489] loss=0.0901  pred=n/a    gold=n/a  running‐acc=0.989
Locality eval: pred=n/a               gold=true  correct=False  running‐acc=0.277
[ 365/489] loss=0.1449  pred=true   gold=true  running‐acc=0.989
Locality eval: pred=n/a               gold=n/a  correct=True  running‐acc=0.279
[ 366/489] loss=0.0083  pred=true   gold=true  running‐acc=0.989
Locality eval: pred=true              gold=n/a  correct=False  running‐acc=0.279
[ 367/489] loss=0.0234  pred=true   gold=true  running‐acc=0.989
Locality eval: pred=true              gold=n/a  correct=False  running‐acc=0.278
[ 368/489] loss=0.0052  pred=true   gold=true  running‐acc=0.989
Locality eval: pred=true              gold=n/a  correct=False  running‐acc=0.277
[ 369/489] loss=0.9474  pred=       gold=n/a  running‐acc=0.986
Locality eval: pred=true              gold=true  correct=True  running‐acc=0.279
[ 370/489] loss=0.3587  pred=true   gold=true  running‐acc=0.986
Locality eval: pred=true              gold=n/a  correct=False  running‐acc=0.278
[ 371/489] loss=0.0239  pred=true   gold=true  running‐acc=0.987
Locality eval: pred=true              gold=n/a  correct=False  running‐acc=0.278
[ 372/489] loss=0.0054  pred=true   gold=true  running‐acc=0.987
Locality eval: pred=true              gold=n/a  correct=False  running‐acc=0.277
[ 373/489] loss=0.0159  pred=true   gold=true  running‐acc=0.987
Locality eval: pred=true              gold=n/a  correct=False  running‐acc=0.276
[ 374/489] loss=0.5592  pred=n/a    gold=n/a  running‐acc=0.987
Locality eval: pred=true              gold=true  correct=True  running‐acc=0.278
[ 375/489] loss=0.1507  pred=true   gold=true  running‐acc=0.987
Locality eval: pred=n/a               gold=n/a  correct=True  running‐acc=0.280
[ 376/489] loss=0.0101  pred=true   gold=true  running‐acc=0.987
Locality eval: pred=true              gold=n/a  correct=False  running‐acc=0.279
[ 377/489] loss=0.0094  pred=true   gold=true  running‐acc=0.987
Locality eval: pred=true              gold=n/a  correct=False  running‐acc=0.279
[ 378/489] loss=0.0227  pred=true   gold=true  running‐acc=0.987
Locality eval: pred=true              gold=n/a  correct=False  running‐acc=0.278
[ 379/489] loss=0.0169  pred=true   gold=true  running‐acc=0.987
Locality eval: pred=true              gold=n/a  correct=False  running‐acc=0.277
[ 380/489] loss=0.0136  pred=true   gold=true  running‐acc=0.987
Locality eval: pred=true              gold=n/a  correct=False  running‐acc=0.276
[ 381/489] loss=0.6429  pred=n/a    gold=n/a  running‐acc=0.987
Locality eval: pred=true              gold=true  correct=True  running‐acc=0.278
[ 382/489] loss=0.1559  pred=n/a    gold=n/a  running‐acc=0.987
Locality eval: pred=n/a               gold=true  correct=False  running‐acc=0.277
[ 383/489] loss=0.1232  pred=true   gold=true  running‐acc=0.987
Locality eval: pred=n/a               gold=n/a  correct=True  running‐acc=0.279
[ 384/489] loss=0.2235  pred=n/a    gold=n/a  running‐acc=0.987
Locality eval: pred=true              gold=true  correct=True  running‐acc=0.281
[ 385/489] loss=0.0496  pred=n/a    gold=n/a  running‐acc=0.987
Locality eval: pred=n/a               gold=true  correct=False  running‐acc=0.281
[ 386/489] loss=0.0593  pred=true   gold=true  running‐acc=0.987
Locality eval: pred=n/a               gold=n/a  correct=True  running‐acc=0.282
[ 387/489] loss=0.0042  pred=true   gold=true  running‐acc=0.987
Locality eval: pred=true              gold=n/a  correct=False  running‐acc=0.282
[ 388/489] loss=0.0040  pred=true   gold=true  running‐acc=0.987
Locality eval: pred=true              gold=n/a  correct=False  running‐acc=0.281
[ 389/489] loss=0.7130  pred=n/a    gold=n/a  running‐acc=0.987
Locality eval: pred=true              gold=true  correct=True  running‐acc=0.283
[ 390/489] loss=0.0597  pred=n/a    gold=n/a  running‐acc=0.987
Locality eval: pred=n/a               gold=true  correct=False  running‐acc=0.282
[ 391/489] loss=0.0975  pred=n/a    gold=n/a  running‐acc=0.987
Locality eval: pred=n/a               gold=true  correct=False  running‐acc=0.281
[ 392/489] loss=0.2962  pred=true   gold=true  running‐acc=0.987
Locality eval: pred=                  gold=n/a  correct=False  running‐acc=0.281
[ 393/489] loss=0.4606  pred=n/a    gold=n/a  running‐acc=0.987
Locality eval: pred=true              gold=true  correct=True  running‐acc=0.282
[ 394/489] loss=0.0523  pred=true   gold=true  running‐acc=0.987
Locality eval: pred=n/a               gold=n/a  correct=True  running‐acc=0.284
[ 395/489] loss=0.0088  pred=true   gold=true  running‐acc=0.987
Locality eval: pred=true              gold=n/a  correct=False  running‐acc=0.284
[ 396/489] loss=0.0015  pred=true   gold=true  running‐acc=0.987
Locality eval: pred=true              gold=n/a  correct=False  running‐acc=0.283
[ 397/489] loss=1.0894  pred=       gold=n/a  running‐acc=0.985
Locality eval: pred=true              gold=true  correct=True  running‐acc=0.285
[ 398/489] loss=0.1684  pred=true   gold=true  running‐acc=0.985
Locality eval: pred=n/a               gold=n/a  correct=True  running‐acc=0.286
[ 399/489] loss=0.0108  pred=true   gold=true  running‐acc=0.985
Locality eval: pred=true              gold=n/a  correct=False  running‐acc=0.286
[ 400/489] loss=0.0140  pred=true   gold=true  running‐acc=0.985
Locality eval: pred=n/a               gold=n/a  correct=True  running‐acc=0.287
[ 401/489] loss=0.0055  pred=true   gold=true  running‐acc=0.985
Locality eval: pred=true              gold=n/a  correct=False  running‐acc=0.287
[ 402/489] loss=0.8514  pred=n/a    gold=n/a  running‐acc=0.985
Locality eval: pred=true              gold=true  correct=True  running‐acc=0.289
[ 403/489] loss=0.0448  pred=n/a    gold=n/a  running‐acc=0.985
Locality eval: pred=n/a               gold=true  correct=False  running‐acc=0.288
[ 404/489] loss=0.0278  pred=true   gold=true  running‐acc=0.985
Locality eval: pred=n/a               gold=n/a  correct=True  running‐acc=0.290
[ 405/489] loss=0.0079  pred=true   gold=true  running‐acc=0.985
Locality eval: pred=n/a               gold=n/a  correct=True  running‐acc=0.291
[ 406/489] loss=0.0090  pred=true   gold=true  running‐acc=0.985
Locality eval: pred=true              gold=n/a  correct=False  running‐acc=0.291
[ 407/489] loss=0.0145  pred=true   gold=true  running‐acc=0.985
Locality eval: pred=true              gold=n/a  correct=False  running‐acc=0.290
[ 408/489] loss=0.3472  pred=n/a    gold=n/a  running‐acc=0.985
Locality eval: pred=true              gold=true  correct=True  running‐acc=0.292
[ 409/489] loss=0.0621  pred=true   gold=true  running‐acc=0.985
Locality eval: pred=n/a               gold=n/a  correct=True  running‐acc=0.293
[ 410/489] loss=0.1305  pred=n/a    gold=n/a  running‐acc=0.985
Locality eval: pred=n/a               gold=true  correct=False  running‐acc=0.293
[ 411/489] loss=0.0411  pred=n/a    gold=n/a  running‐acc=0.985
Locality eval: pred=n/a               gold=true  correct=False  running‐acc=0.292
[ 412/489] loss=0.0250  pred=n/a    gold=n/a  running‐acc=0.985
Locality eval: pred=n/a               gold=true  correct=False  running‐acc=0.291
[ 413/489] loss=0.0379  pred=true   gold=true  running‐acc=0.985
Locality eval: pred=n/a               gold=n/a  correct=True  running‐acc=0.293
[ 414/489] loss=0.0013  pred=true   gold=true  running‐acc=0.986
Locality eval: pred=true              gold=n/a  correct=False  running‐acc=0.292
[ 415/489] loss=0.2540  pred=n/a    gold=n/a  running‐acc=0.986
Locality eval: pred=true              gold=true  correct=True  running‐acc=0.294
[ 416/489] loss=0.0439  pred=true   gold=true  running‐acc=0.986
Locality eval: pred=true              gold=n/a  correct=False  running‐acc=0.293
[ 417/489] loss=0.0418  pred=n/a    gold=n/a  running‐acc=0.986
Locality eval: pred=n/a               gold=true  correct=False  running‐acc=0.293
[ 418/489] loss=0.0128  pred=n/a    gold=n/a  running‐acc=0.986
Locality eval: pred=n/a               gold=true  correct=False  running‐acc=0.292
[ 419/489] loss=0.0941  pred=true   gold=true  running‐acc=0.986
Locality eval: pred=true              gold=n/a  correct=False  running‐acc=0.291
[ 420/489] loss=0.0737  pred=n/a    gold=n/a  running‐acc=0.986
Locality eval: pred=n/a               gold=true  correct=False  running‐acc=0.290
[ 421/489] loss=0.0231  pred=n/a    gold=n/a  running‐acc=0.986
Locality eval: pred=n/a               gold=true  correct=False  running‐acc=0.290
[ 422/489] loss=0.0697  pred=true   gold=true  running‐acc=0.986
Locality eval: pred=true              gold=n/a  correct=False  running‐acc=0.289
[ 423/489] loss=0.0577  pred=n/a    gold=n/a  running‐acc=0.986
Locality eval: pred=n/a               gold=true  correct=False  running‐acc=0.288
[ 424/489] loss=0.0251  pred=n/a    gold=n/a  running‐acc=0.986
Locality eval: pred=n/a               gold=true  correct=False  running‐acc=0.288
[ 425/489] loss=0.0548  pred=n/a    gold=n/a  running‐acc=0.986
Locality eval: pred=n/a               gold=true  correct=False  running‐acc=0.287
[ 426/489] loss=0.0044  pred=true   gold=true  running‐acc=0.986
Locality eval: pred=true              gold=n/a  correct=False  running‐acc=0.286
[ 427/489] loss=0.0259  pred=n/a    gold=n/a  running‐acc=0.986
Locality eval: pred=n/a               gold=true  correct=False  running‐acc=0.286
[ 428/489] loss=0.0883  pred=true   gold=true  running‐acc=0.986
Locality eval: pred=n/a               gold=n/a  correct=True  running‐acc=0.287
[ 429/489] loss=0.0369  pred=n/a    gold=n/a  running‐acc=0.986
Locality eval: pred=n/a               gold=true  correct=False  running‐acc=0.287
[ 430/489] loss=0.1395  pred=true   gold=true  running‐acc=0.986
Locality eval: pred=n/a               gold=n/a  correct=True  running‐acc=0.288
[ 431/489] loss=0.0085  pred=true   gold=true  running‐acc=0.986
Locality eval: pred=true              gold=n/a  correct=False  running‐acc=0.288
[ 432/489] loss=0.4225  pred=n/a    gold=n/a  running‐acc=0.986
Locality eval: pred=true              gold=true  correct=True  running‐acc=0.289
[ 433/489] loss=0.1246  pred=true   gold=true  running‐acc=0.986
Locality eval: pred=n/a               gold=n/a  correct=True  running‐acc=0.291
[ 434/489] loss=0.0171  pred=true   gold=true  running‐acc=0.986
Locality eval: pred=true              gold=n/a  correct=False  running‐acc=0.290
[ 435/489] loss=0.6737  pred=n/a    gold=n/a  running‐acc=0.986
Locality eval: pred=true              gold=true  correct=True  running‐acc=0.292
[ 436/489] loss=0.1064  pred=n/a    gold=n/a  running‐acc=0.986
Locality eval: pred=n/a               gold=true  correct=False  running‐acc=0.291
[ 437/489] loss=0.0898  pred=true   gold=true  running‐acc=0.986
Locality eval: pred=n/a               gold=n/a  correct=True  running‐acc=0.293
[ 438/489] loss=0.2698  pred=n/a    gold=n/a  running‐acc=0.986
Locality eval: pred=true              gold=true  correct=True  running‐acc=0.295
[ 439/489] loss=0.0652  pred=n/a    gold=n/a  running‐acc=0.986
Locality eval: pred=n/a               gold=true  correct=False  running‐acc=0.294
[ 440/489] loss=0.0121  pred=n/a    gold=n/a  running‐acc=0.986
Locality eval: pred=n/a               gold=true  correct=False  running‐acc=0.293
[ 441/489] loss=0.0231  pred=n/a    gold=n/a  running‐acc=0.986
Locality eval: pred=n/a               gold=true  correct=False  running‐acc=0.293
[ 442/489] loss=0.0234  pred=n/a    gold=n/a  running‐acc=0.986
Locality eval: pred=n/a               gold=true  correct=False  running‐acc=0.292
[ 443/489] loss=0.1084  pred=true   gold=true  running‐acc=0.986
Locality eval: pred=n/a               gold=n/a  correct=True  running‐acc=0.293
[ 444/489] loss=0.0036  pred=true   gold=true  running‐acc=0.986
Locality eval: pred=true              gold=n/a  correct=False  running‐acc=0.293
[ 445/489] loss=0.0596  pred=true   gold=true  running‐acc=0.987
Locality eval: pred=true              gold=n/a  correct=False  running‐acc=0.292
[ 446/489] loss=0.0069  pred=true   gold=true  running‐acc=0.987
Locality eval: pred=true              gold=n/a  correct=False  running‐acc=0.291
[ 447/489] loss=0.3253  pred=n/a    gold=n/a  running‐acc=0.987
Locality eval: pred=n/a               gold=true  correct=False  running‐acc=0.291
[ 448/489] loss=0.0337  pred=true   gold=true  running‐acc=0.987
Locality eval: pred=true              gold=n/a  correct=False  running‐acc=0.290
[ 449/489] loss=0.0059  pred=true   gold=true  running‐acc=0.987
Locality eval: pred=true              gold=n/a  correct=False  running‐acc=0.290
[ 450/489] loss=0.4558  pred=n/a    gold=n/a  running‐acc=0.987
Locality eval: pred=n/a               gold=true  correct=False  running‐acc=0.289
[ 451/489] loss=0.0474  pred=true   gold=true  running‐acc=0.987
Locality eval: pred=n/a               gold=n/a  correct=True  running‐acc=0.290
[ 452/489] loss=0.0193  pred=true   gold=true  running‐acc=0.987
Locality eval: pred=true              gold=n/a  correct=False  running‐acc=0.290
[ 453/489] loss=0.2571  pred=n/a    gold=n/a  running‐acc=0.987
Locality eval: pred=n/a               gold=true  correct=False  running‐acc=0.289
[ 454/489] loss=0.0084  pred=true   gold=true  running‐acc=0.987
Locality eval: pred=n/a               gold=n/a  correct=True  running‐acc=0.291
[ 455/489] loss=0.0141  pred=true   gold=true  running‐acc=0.987
Locality eval: pred=true              gold=n/a  correct=False  running‐acc=0.290
[ 456/489] loss=0.0068  pred=true   gold=true  running‐acc=0.987
Locality eval: pred=true              gold=n/a  correct=False  running‐acc=0.289
[ 457/489] loss=0.4531  pred=n/a    gold=n/a  running‐acc=0.987
Locality eval: pred=                  gold=true  correct=False  running‐acc=0.289
[ 458/489] loss=0.0862  pred=true   gold=true  running‐acc=0.987
Locality eval: pred=n/a               gold=n/a  correct=True  running‐acc=0.290
[ 459/489] loss=0.3417  pred=n/a    gold=n/a  running‐acc=0.987
Locality eval: pred=true              gold=true  correct=True  running‐acc=0.292
[ 460/489] loss=0.0273  pred=n/a    gold=n/a  running‐acc=0.987
Locality eval: pred=n/a               gold=true  correct=False  running‐acc=0.291
[ 461/489] loss=0.0340  pred=n/a    gold=n/a  running‐acc=0.987
Locality eval: pred=n/a               gold=true  correct=False  running‐acc=0.291
[ 462/489] loss=0.0376  pred=true   gold=true  running‐acc=0.987
Locality eval: pred=n/a               gold=n/a  correct=True  running‐acc=0.292
[ 463/489] loss=0.2930  pred=n/a    gold=n/a  running‐acc=0.987
Locality eval: pred=true              gold=true  correct=True  running‐acc=0.294
[ 464/489] loss=0.0081  pred=true   gold=true  running‐acc=0.987
Locality eval: pred=n/a               gold=n/a  correct=True  running‐acc=0.295
[ 465/489] loss=0.3974  pred=n/a    gold=n/a  running‐acc=0.987
Locality eval: pred=true              gold=true  correct=True  running‐acc=0.297
[ 466/489] loss=0.1338  pred=n/a    gold=n/a  running‐acc=0.987
Locality eval: pred=n/a               gold=true  correct=False  running‐acc=0.296
[ 467/489] loss=0.0292  pred=n/a    gold=n/a  running‐acc=0.987
Locality eval: pred=n/a               gold=true  correct=False  running‐acc=0.296
[ 468/489] loss=0.0272  pred=true   gold=true  running‐acc=0.987
Locality eval: pred=n/a               gold=n/a  correct=True  running‐acc=0.297
[ 469/489] loss=0.0756  pred=n/a    gold=n/a  running‐acc=0.987
Locality eval: pred=true              gold=true  correct=True  running‐acc=0.299
[ 470/489] loss=0.0144  pred=n/a    gold=n/a  running‐acc=0.987
Locality eval: pred=n/a               gold=true  correct=False  running‐acc=0.298
[ 471/489] loss=0.0488  pred=n/a    gold=n/a  running‐acc=0.987
Locality eval: pred=n/a               gold=true  correct=False  running‐acc=0.297
[ 472/489] loss=0.0170  pred=n/a    gold=n/a  running‐acc=0.987
Locality eval: pred=n/a               gold=true  correct=False  running‐acc=0.297
[ 473/489] loss=0.0398  pred=n/a    gold=n/a  running‐acc=0.987
Locality eval: pred=n/a               gold=true  correct=False  running‐acc=0.296
[ 474/489] loss=0.1805  pred=true   gold=true  running‐acc=0.987
Locality eval: pred=n/a               gold=n/a  correct=True  running‐acc=0.297
[ 475/489] loss=0.0114  pred=true   gold=true  running‐acc=0.987
Locality eval: pred=true              gold=n/a  correct=False  running‐acc=0.297
[ 476/489] loss=0.0088  pred=true   gold=true  running‐acc=0.987
Locality eval: pred=true              gold=n/a  correct=False  running‐acc=0.296
[ 477/489] loss=0.0196  pred=true   gold=true  running‐acc=0.987
Locality eval: pred=true              gold=n/a  correct=False  running‐acc=0.296
[ 478/489] loss=0.0225  pred=true   gold=true  running‐acc=0.987
Locality eval: pred=true              gold=n/a  correct=False  running‐acc=0.295
[ 479/489] loss=0.8102  pred=       gold=n/a  running‐acc=0.985
Locality eval: pred=                  gold=true  correct=False  running‐acc=0.294
[ 480/489] loss=0.0576  pred=true   gold=true  running‐acc=0.985
Locality eval: pred=true              gold=n/a  correct=False  running‐acc=0.294
[ 481/489] loss=0.1321  pred=n/a    gold=n/a  running‐acc=0.985
Locality eval: pred=                  gold=true  correct=False  running‐acc=0.293
[ 482/489] loss=0.0180  pred=n/a    gold=n/a  running‐acc=0.985
Locality eval: pred=n/a               gold=true  correct=False  running‐acc=0.293
[ 483/489] loss=0.1219  pred=n/a    gold=n/a  running‐acc=0.986
Locality eval: pred=n/a               gold=true  correct=False  running‐acc=0.292
[ 484/489] loss=0.0281  pred=true   gold=true  running‐acc=0.986
Locality eval: pred=true              gold=n/a  correct=False  running‐acc=0.291
[ 485/489] loss=0.0063  pred=true   gold=true  running‐acc=0.986
Locality eval: pred=true              gold=n/a  correct=False  running‐acc=0.291
[ 486/489] loss=0.2221  pred=n/a    gold=n/a  running‐acc=0.986
Locality eval: pred=n/a               gold=true  correct=False  running‐acc=0.290
[ 487/489] loss=0.1126  pred=n/a    gold=n/a  running‐acc=0.986
Locality eval: pred=n/a               gold=true  correct=False  running‐acc=0.290
[ 488/489] loss=0.0366  pred=true   gold=true  running‐acc=0.986
Locality eval: pred=n/a               gold=n/a  correct=True  running‐acc=0.291
[ 489/489] loss=0.0079  pred=true   gold=true  running‐acc=0.986
Locality eval: pred=true              gold=n/a  correct=False  running‐acc=0.290

Finished in 995.9s.  Final accuracy: 0.986.
Adapter saved to output/lora_logic_pairwise.
