/home/vjd5zr/miniconda3/envs/lora/lib/python3.9/site-packages/torchvision/io/image.py:13: UserWarning: Failed to load image Python extension: libtorch_cuda_cu.so: cannot open shared object file: No such file or directory
  warn(f"Failed to load image Python extension: {e}")

Loading base model (4‐bit)…
Loading checkpoint shards:   0%|          | 0/2 [00:00<?, ?it/s]Loading checkpoint shards:  50%|█████     | 1/2 [00:00<00:00,  7.73it/s]Loading checkpoint shards: 100%|██████████| 2/2 [00:00<00:00,  8.72it/s]Loading checkpoint shards: 100%|██████████| 2/2 [00:00<00:00,  8.33it/s]
trainable params: 8,388,608 || all params: 6,746,804,224 || trainable%: 0.1243
  0%|          | 0/489 [00:00<?, ?it/s]100%|██████████| 489/489 [00:00<00:00, 30386.30it/s]
/home/vjd5zr/miniconda3/envs/lora/lib/python3.9/site-packages/transformers/generation/configuration_utils.py:590: UserWarning: `do_sample` is set to `False`. However, `temperature` is set to `0.6` -- this flag is only used in sample-based generation modes. You should set `do_sample=True` or unset `temperature`.
  warnings.warn(
/home/vjd5zr/miniconda3/envs/lora/lib/python3.9/site-packages/transformers/generation/configuration_utils.py:595: UserWarning: `do_sample` is set to `False`. However, `top_p` is set to `0.9` -- this flag is only used in sample-based generation modes. You should set `do_sample=True` or unset `top_p`.
  warnings.warn(
Loaded 489 (train, eval) pairs.

Starting sequential training…
Cached 128 LoRA tensors.
[   1/489] loss=0.0000  pred=true.  gold=true  running‐acc=1.000
Locality eval: pred=n/a               gold=n/a  correct=True  running‐acc=1.000
[   2/489] loss=0.0000  pred=false  gold=true  running‐acc=0.500
Locality eval: pred=n/a               gold=n/a  correct=True  running‐acc=1.000
[   3/489] loss=0.0000  pred=true.  gold=true  running‐acc=0.667
Locality eval: pred=n/a               gold=n/a  correct=True  running‐acc=1.000
[   4/489] loss=0.0000  pred=true.  gold=true  running‐acc=0.750
Locality eval: pred=n/a               gold=n/a  correct=True  running‐acc=1.000
[   5/489] loss=0.0000  pred=false  gold=n/a  running‐acc=0.600
Locality eval: pred=true              gold=true  correct=True  running‐acc=1.000
[   6/489] loss=0.0000  pred=false  gold=true  running‐acc=0.500
Locality eval: pred=n/a               gold=n/a  correct=True  running‐acc=1.000
[   7/489] loss=0.0000  pred=true   gold=n/a  running‐acc=0.429
Locality eval: pred=true              gold=true  correct=True  running‐acc=1.000
[   8/489] loss=0.0000  pred=false  gold=n/a  running‐acc=0.375
Locality eval: pred=true              gold=true  correct=True  running‐acc=1.000
[   9/489] loss=0.0000  pred=true   gold=n/a  running‐acc=0.333
Locality eval: pred=true              gold=true  correct=True  running‐acc=1.000
[  10/489] loss=0.0000  pred=true   gold=true  running‐acc=0.400
Locality eval: pred=n/a               gold=n/a  correct=True  running‐acc=1.000
[  11/489] loss=0.0000  pred=false  gold=true  running‐acc=0.364
Locality eval: pred=n/a               gold=n/a  correct=True  running‐acc=1.000
[  12/489] loss=0.0000  pred=false  gold=n/a  running‐acc=0.333
Locality eval: pred=true              gold=true  correct=True  running‐acc=1.000
[  13/489] loss=0.0000  pred=true   gold=n/a  running‐acc=0.308
Locality eval: pred=true              gold=true  correct=True  running‐acc=1.000
[  14/489] loss=0.0000  pred=true.  gold=n/a  running‐acc=0.286
Locality eval: pred=true              gold=true  correct=True  running‐acc=1.000
[  15/489] loss=0.0000  pred=true   gold=n/a  running‐acc=0.267
Locality eval: pred=true              gold=true  correct=True  running‐acc=1.000
[  16/489] loss=0.0000  pred=false  gold=true  running‐acc=0.250
Locality eval: pred=n/a               gold=n/a  correct=True  running‐acc=1.000
[  17/489] loss=0.0000  pred=false  gold=n/a  running‐acc=0.235
Locality eval: pred=true              gold=true  correct=True  running‐acc=1.000
[  18/489] loss=0.0000  pred=false  gold=true  running‐acc=0.222
Locality eval: pred=n/a               gold=n/a  correct=True  running‐acc=1.000
[  19/489] loss=0.0000  pred=true   gold=true  running‐acc=0.263
Locality eval: pred=n/a               gold=n/a  correct=True  running‐acc=1.000
[  20/489] loss=0.0000  pred=false  gold=n/a  running‐acc=0.250
Locality eval: pred=true              gold=true  correct=True  running‐acc=1.000
[  21/489] loss=0.0000  pred=false  gold=true  running‐acc=0.238
Locality eval: pred=n/a               gold=n/a  correct=True  running‐acc=1.000
[  22/489] loss=0.0000  pred=false  gold=true  running‐acc=0.227
Locality eval: pred=n/a               gold=n/a  correct=True  running‐acc=1.000
[  23/489] loss=0.0000  pred=n/a    gold=n/a  running‐acc=0.261
Locality eval: pred=true              gold=true  correct=True  running‐acc=1.000
[  24/489] loss=0.0000  pred=false  gold=n/a  running‐acc=0.250
Locality eval: pred=true              gold=true  correct=True  running‐acc=1.000
[  25/489] loss=0.0000  pred=true   gold=true  running‐acc=0.280
Locality eval: pred=n/a               gold=n/a  correct=True  running‐acc=1.000
[  26/489] loss=0.0000  pred=true   gold=n/a  running‐acc=0.269
Locality eval: pred=true              gold=true  correct=True  running‐acc=1.000
[  27/489] loss=0.0000  pred=false  gold=true  running‐acc=0.259
Locality eval: pred=n/a               gold=n/a  correct=True  running‐acc=1.000
[  28/489] loss=0.0000  pred=true   gold=true  running‐acc=0.286
Locality eval: pred=n/a               gold=n/a  correct=True  running‐acc=1.000
[  29/489] loss=0.0000  pred=false  gold=n/a  running‐acc=0.276
Locality eval: pred=true              gold=true  correct=True  running‐acc=1.000
[  30/489] loss=0.0000  pred=false  gold=true  running‐acc=0.267
Locality eval: pred=n/a               gold=n/a  correct=True  running‐acc=1.000
[  31/489] loss=0.0000  pred=false  gold=true  running‐acc=0.258
Locality eval: pred=n/a               gold=n/a  correct=True  running‐acc=1.000
[  32/489] loss=0.0000  pred=true.  gold=true  running‐acc=0.281
Locality eval: pred=n/a               gold=n/a  correct=True  running‐acc=1.000
[  33/489] loss=0.0000  pred=false  gold=true  running‐acc=0.273
Locality eval: pred=n/a               gold=n/a  correct=True  running‐acc=1.000
[  34/489] loss=0.0000  pred=true.  gold=true  running‐acc=0.294
Locality eval: pred=n/a               gold=n/a  correct=True  running‐acc=1.000
[  35/489] loss=0.0000  pred=false  gold=n/a  running‐acc=0.286
Locality eval: pred=true              gold=true  correct=True  running‐acc=1.000
[  36/489] loss=0.0000  pred=false  gold=true  running‐acc=0.278
Locality eval: pred=n/a               gold=n/a  correct=True  running‐acc=1.000
[  37/489] loss=0.0000  pred=false  gold=true  running‐acc=0.270
Locality eval: pred=n/a               gold=n/a  correct=True  running‐acc=1.000
[  38/489] loss=0.0000  pred=true   gold=true  running‐acc=0.289
Locality eval: pred=n/a               gold=n/a  correct=True  running‐acc=1.000
[  39/489] loss=0.0000  pred=true.  gold=n/a  running‐acc=0.282
Locality eval: pred=true              gold=true  correct=True  running‐acc=1.000
[  40/489] loss=0.0000  pred=false  gold=true  running‐acc=0.275
Locality eval: pred=n/a               gold=n/a  correct=True  running‐acc=1.000
[  41/489] loss=0.0000  pred=false  gold=n/a  running‐acc=0.268
Locality eval: pred=true              gold=true  correct=True  running‐acc=1.000
[  42/489] loss=0.0000  pred=false  gold=n/a  running‐acc=0.262
Locality eval: pred=true              gold=true  correct=True  running‐acc=1.000
[  43/489] loss=0.0000  pred=true.  gold=true  running‐acc=0.279
Locality eval: pred=n/a               gold=n/a  correct=True  running‐acc=1.000
[  44/489] loss=0.0000  pred=false  gold=true  running‐acc=0.273
Locality eval: pred=n/a               gold=n/a  correct=True  running‐acc=1.000
[  45/489] loss=0.0000  pred=false  gold=n/a  running‐acc=0.267
Locality eval: pred=true              gold=true  correct=True  running‐acc=1.000
[  46/489] loss=0.0000  pred=false  gold=n/a  running‐acc=0.261
Locality eval: pred=true              gold=true  correct=True  running‐acc=1.000
[  47/489] loss=0.0000  pred=false  gold=n/a  running‐acc=0.255
Locality eval: pred=true              gold=true  correct=True  running‐acc=1.000
[  48/489] loss=0.0000  pred=n/a    gold=n/a  running‐acc=0.271
Locality eval: pred=true              gold=true  correct=True  running‐acc=1.000
[  49/489] loss=0.0000  pred=false  gold=n/a  running‐acc=0.265
Locality eval: pred=true              gold=true  correct=True  running‐acc=1.000
[  50/489] loss=0.0000  pred=false  gold=true  running‐acc=0.260
Locality eval: pred=n/a               gold=n/a  correct=True  running‐acc=1.000
[  51/489] loss=0.0000  pred=true   gold=n/a  running‐acc=0.255
Locality eval: pred=true              gold=true  correct=True  running‐acc=1.000
[  52/489] loss=0.0000  pred=false  gold=n/a  running‐acc=0.250
Locality eval: pred=true              gold=true  correct=True  running‐acc=1.000
[  53/489] loss=0.0000  pred=false  gold=n/a  running‐acc=0.245
Locality eval: pred=true              gold=true  correct=True  running‐acc=1.000
[  54/489] loss=0.0000  pred=true   gold=n/a  running‐acc=0.241
Locality eval: pred=true              gold=true  correct=True  running‐acc=1.000
[  55/489] loss=0.0000  pred=n/a    gold=true  running‐acc=0.236
Locality eval: pred=n/a               gold=n/a  correct=True  running‐acc=1.000
[  56/489] loss=0.0000  pred=false  gold=n/a  running‐acc=0.232
Locality eval: pred=true              gold=true  correct=True  running‐acc=1.000
[  57/489] loss=0.0000  pred=false  gold=true  running‐acc=0.228
Locality eval: pred=n/a               gold=n/a  correct=True  running‐acc=1.000
[  58/489] loss=0.0000  pred=true   gold=n/a  running‐acc=0.224
Locality eval: pred=true              gold=true  correct=True  running‐acc=1.000
[  59/489] loss=0.0000  pred=true   gold=true  running‐acc=0.237
Locality eval: pred=n/a               gold=n/a  correct=True  running‐acc=1.000
[  60/489] loss=0.0000  pred=true.  gold=true  running‐acc=0.250
Locality eval: pred=n/a               gold=n/a  correct=True  running‐acc=1.000
[  61/489] loss=0.0000  pred=true.  gold=n/a  running‐acc=0.246
Locality eval: pred=true              gold=true  correct=True  running‐acc=1.000
[  62/489] loss=0.0000  pred=true   gold=true  running‐acc=0.258
Locality eval: pred=n/a               gold=n/a  correct=True  running‐acc=1.000
[  63/489] loss=0.0000  pred=true   gold=true  running‐acc=0.270
Locality eval: pred=n/a               gold=n/a  correct=True  running‐acc=1.000
[  64/489] loss=0.0000  pred=false  gold=n/a  running‐acc=0.266
Locality eval: pred=true              gold=true  correct=True  running‐acc=1.000
[  65/489] loss=0.0000  pred=true   gold=true  running‐acc=0.277
Locality eval: pred=n/a               gold=n/a  correct=True  running‐acc=1.000
[  66/489] loss=0.0000  pred=false  gold=true  running‐acc=0.273
Locality eval: pred=n/a               gold=n/a  correct=True  running‐acc=1.000
[  67/489] loss=0.0000  pred=false  gold=true  running‐acc=0.269
Locality eval: pred=n/a               gold=n/a  correct=True  running‐acc=1.000
[  68/489] loss=0.0000  pred=false  gold=n/a  running‐acc=0.265
Locality eval: pred=true.             gold=true  correct=True  running‐acc=1.000
[  69/489] loss=0.0000  pred=false  gold=true  running‐acc=0.261
Locality eval: pred=n/a               gold=n/a  correct=True  running‐acc=1.000
[  70/489] loss=0.0000  pred=false  gold=n/a  running‐acc=0.257
Locality eval: pred=true              gold=true  correct=True  running‐acc=1.000
[  71/489] loss=0.0000  pred=false  gold=true  running‐acc=0.254
Locality eval: pred=n/a               gold=n/a  correct=True  running‐acc=1.000
[  72/489] loss=0.0000  pred=false  gold=true  running‐acc=0.250
Locality eval: pred=n/a               gold=n/a  correct=True  running‐acc=1.000
[  73/489] loss=0.0000  pred=false  gold=n/a  running‐acc=0.247
Locality eval: pred=true              gold=true  correct=True  running‐acc=1.000
[  74/489] loss=0.0000  pred=true.  gold=true  running‐acc=0.257
Locality eval: pred=n/a               gold=n/a  correct=True  running‐acc=1.000
[  75/489] loss=0.0000  pred=true   gold=n/a  running‐acc=0.253
Locality eval: pred=true              gold=true  correct=True  running‐acc=1.000
[  76/489] loss=0.0000  pred=true   gold=true  running‐acc=0.263
Locality eval: pred=n/a               gold=n/a  correct=True  running‐acc=1.000
[  77/489] loss=0.0000  pred=true.  gold=n/a  running‐acc=0.260
Locality eval: pred=true              gold=true  correct=True  running‐acc=1.000
[  78/489] loss=0.0000  pred=true   gold=n/a  running‐acc=0.256
Locality eval: pred=true              gold=true  correct=True  running‐acc=1.000
[  79/489] loss=0.0000  pred=n/a    gold=true  running‐acc=0.253
Locality eval: pred=n/a               gold=n/a  correct=True  running‐acc=1.000
[  80/489] loss=0.0000  pred=true   gold=true  running‐acc=0.263
Locality eval: pred=n/a               gold=n/a  correct=True  running‐acc=1.000
[  81/489] loss=0.0000  pred=n/a    gold=true  running‐acc=0.259
Locality eval: pred=n/a               gold=n/a  correct=True  running‐acc=1.000
[  82/489] loss=0.0000  pred=true   gold=true  running‐acc=0.268
Locality eval: pred=n/a               gold=n/a  correct=True  running‐acc=1.000
[  83/489] loss=0.0000  pred=true   gold=n/a  running‐acc=0.265
Locality eval: pred=true              gold=true  correct=True  running‐acc=1.000
[  84/489] loss=0.0000  pred=false  gold=n/a  running‐acc=0.262
Locality eval: pred=true              gold=true  correct=True  running‐acc=1.000
[  85/489] loss=0.0000  pred=false  gold=true  running‐acc=0.259
Locality eval: pred=n/a               gold=n/a  correct=True  running‐acc=1.000
[  86/489] loss=0.0000  pred=true   gold=n/a  running‐acc=0.256
Locality eval: pred=true              gold=true  correct=True  running‐acc=1.000
[  87/489] loss=0.0000  pred=false  gold=true  running‐acc=0.253
Locality eval: pred=n/a               gold=n/a  correct=True  running‐acc=1.000
[  88/489] loss=0.0000  pred=true   gold=n/a  running‐acc=0.250
Locality eval: pred=true              gold=true  correct=True  running‐acc=1.000
[  89/489] loss=0.0000  pred=true   gold=n/a  running‐acc=0.247
Locality eval: pred=true              gold=true  correct=True  running‐acc=1.000
[  90/489] loss=0.0000  pred=false  gold=n/a  running‐acc=0.244
Locality eval: pred=true              gold=true  correct=True  running‐acc=1.000
[  91/489] loss=0.0000  pred=false  gold=n/a  running‐acc=0.242
Locality eval: pred=true              gold=true  correct=True  running‐acc=1.000
[  92/489] loss=0.0000  pred=false  gold=n/a  running‐acc=0.239
Locality eval: pred=true              gold=true  correct=True  running‐acc=1.000
[  93/489] loss=0.0000  pred=false  gold=true  running‐acc=0.237
Locality eval: pred=n/a               gold=n/a  correct=True  running‐acc=1.000
[  94/489] loss=0.0000  pred=true.  gold=n/a  running‐acc=0.234
Locality eval: pred=true              gold=true  correct=True  running‐acc=1.000
[  95/489] loss=0.0000  pred=false  gold=n/a  running‐acc=0.232
Locality eval: pred=true              gold=true  correct=True  running‐acc=1.000
[  96/489] loss=0.0000  pred=false  gold=n/a  running‐acc=0.229
Locality eval: pred=true              gold=true  correct=True  running‐acc=1.000
[  97/489] loss=0.0000  pred=false  gold=true  running‐acc=0.227
Locality eval: pred=n/a               gold=n/a  correct=True  running‐acc=1.000
[  98/489] loss=0.0000  pred=false  gold=n/a  running‐acc=0.224
Locality eval: pred=true              gold=true  correct=True  running‐acc=1.000
[  99/489] loss=0.0000  pred=false  gold=n/a  running‐acc=0.222
Locality eval: pred=true              gold=true  correct=True  running‐acc=1.000
[ 100/489] loss=0.0000  pred=true   gold=true  running‐acc=0.230
Locality eval: pred=n/a               gold=n/a  correct=True  running‐acc=1.000
[ 101/489] loss=0.0000  pred=true   gold=n/a  running‐acc=0.228
Locality eval: pred=true              gold=true  correct=True  running‐acc=1.000
[ 102/489] loss=0.0000  pred=true.  gold=true  running‐acc=0.235
Locality eval: pred=n/a               gold=n/a  correct=True  running‐acc=1.000
[ 103/489] loss=0.0000  pred=false  gold=true  running‐acc=0.233
Locality eval: pred=n/a               gold=n/a  correct=True  running‐acc=1.000
[ 104/489] loss=0.0000  pred=false  gold=n/a  running‐acc=0.231
Locality eval: pred=true              gold=true  correct=True  running‐acc=1.000
[ 105/489] loss=0.0000  pred=false  gold=true  running‐acc=0.229
Locality eval: pred=n/a               gold=n/a  correct=True  running‐acc=1.000
[ 106/489] loss=0.0000  pred=false  gold=true  running‐acc=0.226
Locality eval: pred=n/a               gold=n/a  correct=True  running‐acc=1.000
[ 107/489] loss=0.0000  pred=false  gold=true  running‐acc=0.224
Locality eval: pred=n/a               gold=n/a  correct=True  running‐acc=1.000
[ 108/489] loss=0.0000  pred=n/a    gold=n/a  running‐acc=0.231
Locality eval: pred=true              gold=true  correct=True  running‐acc=1.000
[ 109/489] loss=0.0000  pred=true.  gold=n/a  running‐acc=0.229
Locality eval: pred=true              gold=true  correct=True  running‐acc=1.000
[ 110/489] loss=0.0000  pred=false  gold=n/a  running‐acc=0.227
Locality eval: pred=true              gold=true  correct=True  running‐acc=1.000
[ 111/489] loss=0.0000  pred=false  gold=n/a  running‐acc=0.225
Locality eval: pred=true.             gold=true  correct=True  running‐acc=1.000
[ 112/489] loss=0.0000  pred=false  gold=n/a  running‐acc=0.223
Locality eval: pred=true              gold=true  correct=True  running‐acc=1.000
[ 113/489] loss=0.0000  pred=false  gold=true  running‐acc=0.221
Locality eval: pred=n/a               gold=n/a  correct=True  running‐acc=1.000
[ 114/489] loss=0.0000  pred=false  gold=n/a  running‐acc=0.219
Locality eval: pred=true              gold=true  correct=True  running‐acc=1.000
[ 115/489] loss=0.0000  pred=false  gold=true  running‐acc=0.217
Locality eval: pred=n/a               gold=n/a  correct=True  running‐acc=1.000
[ 116/489] loss=0.0000  pred=false  gold=true  running‐acc=0.216
Locality eval: pred=n/a               gold=n/a  correct=True  running‐acc=1.000
[ 117/489] loss=0.0000  pred=false  gold=true  running‐acc=0.214
Locality eval: pred=n/a               gold=n/a  correct=True  running‐acc=1.000
[ 118/489] loss=0.0000  pred=false  gold=n/a  running‐acc=0.212
Locality eval: pred=true              gold=true  correct=True  running‐acc=1.000
[ 119/489] loss=0.0000  pred=false  gold=true  running‐acc=0.210
Locality eval: pred=n/a               gold=n/a  correct=True  running‐acc=1.000
[ 120/489] loss=0.0000  pred=n/a    gold=n/a  running‐acc=0.217
Locality eval: pred=true              gold=true  correct=True  running‐acc=1.000
[ 121/489] loss=0.0000  pred=false  gold=true  running‐acc=0.215
Locality eval: pred=n/a               gold=n/a  correct=True  running‐acc=1.000
[ 122/489] loss=0.0000  pred=true.  gold=true  running‐acc=0.221
Locality eval: pred=n/a               gold=n/a  correct=True  running‐acc=1.000
[ 123/489] loss=0.0000  pred=true.  gold=true  running‐acc=0.228
Locality eval: pred=n/a               gold=n/a  correct=True  running‐acc=1.000
[ 124/489] loss=0.0000  pred=true.  gold=true  running‐acc=0.234
Locality eval: pred=n/a               gold=n/a  correct=True  running‐acc=1.000
[ 125/489] loss=0.0000  pred=false  gold=n/a  running‐acc=0.232
Locality eval: pred=true              gold=true  correct=True  running‐acc=1.000
[ 126/489] loss=0.0000  pred=true.  gold=n/a  running‐acc=0.230
Locality eval: pred=true              gold=true  correct=True  running‐acc=1.000
[ 127/489] loss=0.0000  pred=false  gold=true  running‐acc=0.228
Locality eval: pred=n/a               gold=n/a  correct=True  running‐acc=1.000
[ 128/489] loss=0.0000  pred=false  gold=true  running‐acc=0.227
Locality eval: pred=n/a               gold=n/a  correct=True  running‐acc=1.000
[ 129/489] loss=0.0000  pred=false  gold=n/a  running‐acc=0.225
Locality eval: pred=true              gold=true  correct=True  running‐acc=1.000
[ 130/489] loss=0.0000  pred=false  gold=n/a  running‐acc=0.223
Locality eval: pred=true              gold=true  correct=True  running‐acc=1.000
[ 131/489] loss=0.0000  pred=false  gold=true  running‐acc=0.221
Locality eval: pred=n/a               gold=n/a  correct=True  running‐acc=1.000
[ 132/489] loss=0.0000  pred=false  gold=n/a  running‐acc=0.220
Locality eval: pred=true              gold=true  correct=True  running‐acc=1.000
[ 133/489] loss=0.0000  pred=true   gold=n/a  running‐acc=0.218
Locality eval: pred=true              gold=true  correct=True  running‐acc=1.000
[ 134/489] loss=0.0000  pred=false  gold=n/a  running‐acc=0.216
Locality eval: pred=true              gold=true  correct=True  running‐acc=1.000
[ 135/489] loss=0.0000  pred=false  gold=n/a  running‐acc=0.215
Locality eval: pred=true              gold=true  correct=True  running‐acc=1.000
[ 136/489] loss=0.0000  pred=false  gold=true  running‐acc=0.213
Locality eval: pred=n/a               gold=n/a  correct=True  running‐acc=1.000
[ 137/489] loss=0.0000  pred=false  gold=true  running‐acc=0.212
Locality eval: pred=n/a               gold=n/a  correct=True  running‐acc=1.000
[ 138/489] loss=0.0000  pred=false  gold=true  running‐acc=0.210
Locality eval: pred=n/a               gold=n/a  correct=True  running‐acc=1.000
[ 139/489] loss=0.0000  pred=true   gold=n/a  running‐acc=0.209
Locality eval: pred=true              gold=true  correct=True  running‐acc=1.000
[ 140/489] loss=0.0000  pred=false  gold=n/a  running‐acc=0.207
Locality eval: pred=true              gold=true  correct=True  running‐acc=1.000
[ 141/489] loss=0.0000  pred=false  gold=true  running‐acc=0.206
Locality eval: pred=n/a               gold=n/a  correct=True  running‐acc=1.000
[ 142/489] loss=0.0000  pred=false  gold=n/a  running‐acc=0.204
Locality eval: pred=true              gold=true  correct=True  running‐acc=1.000
[ 143/489] loss=0.0000  pred=false  gold=true  running‐acc=0.203
Locality eval: pred=n/a               gold=n/a  correct=True  running‐acc=1.000
[ 144/489] loss=0.0000  pred=false  gold=true  running‐acc=0.201
Locality eval: pred=n/a               gold=n/a  correct=True  running‐acc=1.000
[ 145/489] loss=0.0000  pred=false  gold=true  running‐acc=0.200
Locality eval: pred=n/a               gold=n/a  correct=True  running‐acc=1.000
[ 146/489] loss=0.0000  pred=true   gold=true  running‐acc=0.205
Locality eval: pred=n/a               gold=n/a  correct=True  running‐acc=1.000
[ 147/489] loss=0.0000  pred=false  gold=n/a  running‐acc=0.204
Locality eval: pred=true              gold=true  correct=True  running‐acc=1.000
[ 148/489] loss=0.0000  pred=true   gold=true  running‐acc=0.209
Locality eval: pred=n/a               gold=n/a  correct=True  running‐acc=1.000
[ 149/489] loss=0.0000  pred=false  gold=n/a  running‐acc=0.208
Locality eval: pred=true              gold=true  correct=True  running‐acc=1.000
[ 150/489] loss=0.0000  pred=false  gold=n/a  running‐acc=0.207
Locality eval: pred=true              gold=true  correct=True  running‐acc=1.000
[ 151/489] loss=0.0000  pred=true   gold=true  running‐acc=0.212
Locality eval: pred=n/a               gold=n/a  correct=True  running‐acc=1.000
[ 152/489] loss=0.0000  pred=false  gold=n/a  running‐acc=0.211
Locality eval: pred=true              gold=true  correct=True  running‐acc=1.000
[ 153/489] loss=0.0000  pred=false  gold=n/a  running‐acc=0.209
Locality eval: pred=true              gold=true  correct=True  running‐acc=1.000
[ 154/489] loss=0.0000  pred=true.  gold=true  running‐acc=0.214
Locality eval: pred=n/a               gold=n/a  correct=True  running‐acc=1.000
[ 155/489] loss=0.0000  pred=false  gold=true  running‐acc=0.213
Locality eval: pred=n/a               gold=n/a  correct=True  running‐acc=1.000
[ 156/489] loss=0.0000  pred=true.  gold=n/a  running‐acc=0.212
Locality eval: pred=true              gold=true  correct=True  running‐acc=1.000
[ 157/489] loss=0.0000  pred=false  gold=n/a  running‐acc=0.210
Locality eval: pred=true              gold=true  correct=True  running‐acc=1.000
[ 158/489] loss=0.0000  pred=false  gold=n/a  running‐acc=0.209
Locality eval: pred=true              gold=true  correct=True  running‐acc=1.000
[ 159/489] loss=0.0000  pred=false  gold=n/a  running‐acc=0.208
Locality eval: pred=true              gold=true  correct=True  running‐acc=1.000
[ 160/489] loss=0.0000  pred=true   gold=n/a  running‐acc=0.206
Locality eval: pred=true              gold=true  correct=True  running‐acc=1.000
[ 161/489] loss=0.0000  pred=n/a    gold=n/a  running‐acc=0.211
Locality eval: pred=true              gold=true  correct=True  running‐acc=1.000
[ 162/489] loss=0.0000  pred=true   gold=true  running‐acc=0.216
Locality eval: pred=n/a               gold=n/a  correct=True  running‐acc=1.000
[ 163/489] loss=0.0000  pred=false  gold=n/a  running‐acc=0.215
Locality eval: pred=true              gold=true  correct=True  running‐acc=1.000
[ 164/489] loss=0.0000  pred=true   gold=n/a  running‐acc=0.213
Locality eval: pred=true              gold=true  correct=True  running‐acc=1.000
[ 165/489] loss=0.0000  pred=false  gold=true  running‐acc=0.212
Locality eval: pred=n/a               gold=n/a  correct=True  running‐acc=1.000
[ 166/489] loss=0.0000  pred=true.  gold=n/a  running‐acc=0.211
Locality eval: pred=true              gold=true  correct=True  running‐acc=1.000
[ 167/489] loss=0.0000  pred=false  gold=true  running‐acc=0.210
Locality eval: pred=n/a               gold=n/a  correct=True  running‐acc=1.000
[ 168/489] loss=0.0000  pred=false  gold=n/a  running‐acc=0.208
Locality eval: pred=true              gold=true  correct=True  running‐acc=1.000
[ 169/489] loss=0.0000  pred=false  gold=true  running‐acc=0.207
Locality eval: pred=n/a               gold=n/a  correct=True  running‐acc=1.000
[ 170/489] loss=0.0000  pred=true   gold=true  running‐acc=0.212
Locality eval: pred=n/a               gold=n/a  correct=True  running‐acc=1.000
[ 171/489] loss=0.0000  pred=true   gold=true  running‐acc=0.216
Locality eval: pred=n/a               gold=n/a  correct=True  running‐acc=1.000
[ 172/489] loss=0.0000  pred=true   gold=true  running‐acc=0.221
Locality eval: pred=n/a               gold=n/a  correct=True  running‐acc=1.000
[ 173/489] loss=0.0000  pred=true   gold=n/a  running‐acc=0.220
Locality eval: pred=true              gold=true  correct=True  running‐acc=1.000
[ 174/489] loss=0.0000  pred=true   gold=true  running‐acc=0.224
Locality eval: pred=n/a               gold=n/a  correct=True  running‐acc=1.000
[ 175/489] loss=0.0000  pred=false  gold=true  running‐acc=0.223
Locality eval: pred=n/a               gold=n/a  correct=True  running‐acc=1.000
[ 176/489] loss=0.0000  pred=false  gold=true  running‐acc=0.222
Locality eval: pred=n/a               gold=n/a  correct=True  running‐acc=1.000
[ 177/489] loss=0.0000  pred=false.  gold=n/a  running‐acc=0.220
Locality eval: pred=true              gold=true  correct=True  running‐acc=1.000
[ 178/489] loss=0.0000  pred=false  gold=true  running‐acc=0.219
Locality eval: pred=n/a               gold=n/a  correct=True  running‐acc=1.000
[ 179/489] loss=0.0000  pred=false  gold=n/a  running‐acc=0.218
Locality eval: pred=true              gold=true  correct=True  running‐acc=1.000
[ 180/489] loss=0.0000  pred=false  gold=true  running‐acc=0.217
Locality eval: pred=n/a               gold=n/a  correct=True  running‐acc=1.000
[ 181/489] loss=0.0000  pred=false  gold=true  running‐acc=0.215
Locality eval: pred=n/a               gold=n/a  correct=True  running‐acc=1.000
[ 182/489] loss=0.0000  pred=false  gold=n/a  running‐acc=0.214
Locality eval: pred=true              gold=true  correct=True  running‐acc=1.000
[ 183/489] loss=0.0000  pred=false  gold=n/a  running‐acc=0.213
Locality eval: pred=true              gold=true  correct=True  running‐acc=1.000
[ 184/489] loss=0.0000  pred=true   gold=true  running‐acc=0.217
Locality eval: pred=n/a               gold=n/a  correct=True  running‐acc=1.000
[ 185/489] loss=0.0000  pred=false  gold=true  running‐acc=0.216
Locality eval: pred=n/a               gold=n/a  correct=True  running‐acc=1.000
[ 186/489] loss=0.0000  pred=false  gold=n/a  running‐acc=0.215
Locality eval: pred=true              gold=true  correct=True  running‐acc=1.000
[ 187/489] loss=0.0000  pred=false  gold=true  running‐acc=0.214
Locality eval: pred=n/a               gold=n/a  correct=True  running‐acc=1.000
[ 188/489] loss=0.0000  pred=true   gold=true  running‐acc=0.218
Locality eval: pred=n/a               gold=n/a  correct=True  running‐acc=1.000
[ 189/489] loss=0.0000  pred=false  gold=n/a  running‐acc=0.217
Locality eval: pred=true              gold=true  correct=True  running‐acc=1.000
[ 190/489] loss=0.0000  pred=false  gold=true  running‐acc=0.216
Locality eval: pred=n/a               gold=n/a  correct=True  running‐acc=1.000
[ 191/489] loss=0.0000  pred=false  gold=true  running‐acc=0.215
Locality eval: pred=n/a               gold=n/a  correct=True  running‐acc=1.000
[ 192/489] loss=0.0000  pred=true.  gold=n/a  running‐acc=0.214
Locality eval: pred=true              gold=true  correct=True  running‐acc=1.000
[ 193/489] loss=0.0000  pred=false  gold=n/a  running‐acc=0.212
Locality eval: pred=true              gold=true  correct=True  running‐acc=1.000
[ 194/489] loss=0.0000  pred=false  gold=n/a  running‐acc=0.211
Locality eval: pred=true              gold=true  correct=True  running‐acc=1.000
[ 195/489] loss=0.0000  pred=false  gold=n/a  running‐acc=0.210
Locality eval: pred=true              gold=true  correct=True  running‐acc=1.000
[ 196/489] loss=0.0000  pred=false  gold=n/a  running‐acc=0.209
Locality eval: pred=true              gold=true  correct=True  running‐acc=1.000
[ 197/489] loss=0.0000  pred=true.  gold=true  running‐acc=0.213
Locality eval: pred=n/a               gold=n/a  correct=True  running‐acc=1.000
[ 198/489] loss=0.0000  pred=true.  gold=true  running‐acc=0.217
Locality eval: pred=n/a               gold=n/a  correct=True  running‐acc=1.000
[ 199/489] loss=0.0000  pred=false.  gold=n/a  running‐acc=0.216
Locality eval: pred=true              gold=true  correct=True  running‐acc=1.000
[ 200/489] loss=0.0000  pred=false  gold=n/a  running‐acc=0.215
Locality eval: pred=true              gold=true  correct=True  running‐acc=1.000
[ 201/489] loss=0.0000  pred=false  gold=true  running‐acc=0.214
Locality eval: pred=n/a               gold=n/a  correct=True  running‐acc=1.000
[ 202/489] loss=0.0000  pred=true   gold=n/a  running‐acc=0.213
Locality eval: pred=true              gold=true  correct=True  running‐acc=1.000
[ 203/489] loss=0.0000  pred=true   gold=n/a  running‐acc=0.212
Locality eval: pred=true              gold=true  correct=True  running‐acc=1.000
[ 204/489] loss=0.0000  pred=true   gold=n/a  running‐acc=0.211
Locality eval: pred=true              gold=true  correct=True  running‐acc=1.000
[ 205/489] loss=0.0000  pred=true   gold=n/a  running‐acc=0.210
Locality eval: pred=true              gold=true  correct=True  running‐acc=1.000
[ 206/489] loss=0.0000  pred=false  gold=n/a  running‐acc=0.209
Locality eval: pred=true              gold=true  correct=True  running‐acc=1.000
[ 207/489] loss=0.0000  pred=n/a    gold=n/a  running‐acc=0.213
Locality eval: pred=true              gold=true  correct=True  running‐acc=1.000
[ 208/489] loss=0.0000  pred=true   gold=true  running‐acc=0.216
Locality eval: pred=n/a               gold=n/a  correct=True  running‐acc=1.000
[ 209/489] loss=0.0000  pred=false  gold=true  running‐acc=0.215
Locality eval: pred=n/a               gold=n/a  correct=True  running‐acc=1.000
[ 210/489] loss=0.0000  pred=false  gold=n/a  running‐acc=0.214
Locality eval: pred=true              gold=true  correct=True  running‐acc=1.000
[ 211/489] loss=0.0000  pred=false  gold=n/a  running‐acc=0.213
Locality eval: pred=true              gold=true  correct=True  running‐acc=1.000
[ 212/489] loss=0.0000  pred=true   gold=true  running‐acc=0.217
Locality eval: pred=n/a               gold=n/a  correct=True  running‐acc=1.000
[ 213/489] loss=0.0000  pred=false  gold=n/a  running‐acc=0.216
Locality eval: pred=true              gold=true  correct=True  running‐acc=1.000
[ 214/489] loss=0.0000  pred=false  gold=n/a  running‐acc=0.215
Locality eval: pred=true              gold=true  correct=True  running‐acc=1.000
[ 215/489] loss=0.0000  pred=false  gold=n/a  running‐acc=0.214
Locality eval: pred=true              gold=true  correct=True  running‐acc=1.000
[ 216/489] loss=0.0000  pred=false  gold=n/a  running‐acc=0.213
Locality eval: pred=true              gold=true  correct=True  running‐acc=1.000
[ 217/489] loss=0.0000  pred=n/a    gold=n/a  running‐acc=0.217
Locality eval: pred=true              gold=true  correct=True  running‐acc=1.000
[ 218/489] loss=0.0000  pred=false  gold=true  running‐acc=0.216
Locality eval: pred=n/a               gold=n/a  correct=True  running‐acc=1.000
[ 219/489] loss=0.0000  pred=false  gold=true  running‐acc=0.215
Locality eval: pred=n/a               gold=n/a  correct=True  running‐acc=1.000
[ 220/489] loss=0.0000  pred=true.  gold=n/a  running‐acc=0.214
Locality eval: pred=true              gold=true  correct=True  running‐acc=1.000
[ 221/489] loss=0.0000  pred=false  gold=n/a  running‐acc=0.213
Locality eval: pred=true              gold=true  correct=True  running‐acc=1.000
[ 222/489] loss=0.0000  pred=true.  gold=n/a  running‐acc=0.212
Locality eval: pred=true              gold=true  correct=True  running‐acc=1.000
[ 223/489] loss=0.0000  pred=true   gold=true  running‐acc=0.215
Locality eval: pred=n/a               gold=n/a  correct=True  running‐acc=1.000
[ 224/489] loss=0.0000  pred=false  gold=true  running‐acc=0.214
Locality eval: pred=n/a               gold=n/a  correct=True  running‐acc=1.000
[ 225/489] loss=0.0000  pred=false  gold=true  running‐acc=0.213
Locality eval: pred=n/a               gold=n/a  correct=True  running‐acc=1.000
[ 226/489] loss=0.0000  pred=false  gold=true  running‐acc=0.212
Locality eval: pred=n/a               gold=n/a  correct=True  running‐acc=1.000
[ 227/489] loss=0.0000  pred=false  gold=n/a  running‐acc=0.211
Locality eval: pred=true              gold=true  correct=True  running‐acc=1.000
[ 228/489] loss=0.0000  pred=false  gold=n/a  running‐acc=0.211
Locality eval: pred=true              gold=true  correct=True  running‐acc=1.000
[ 229/489] loss=0.0000  pred=false.  gold=true  running‐acc=0.210
Locality eval: pred=n/a               gold=n/a  correct=True  running‐acc=1.000
[ 230/489] loss=0.0000  pred=false  gold=n/a  running‐acc=0.209
Locality eval: pred=true              gold=true  correct=True  running‐acc=1.000
[ 231/489] loss=0.0000  pred=true.  gold=true  running‐acc=0.212
Locality eval: pred=n/a               gold=n/a  correct=True  running‐acc=1.000
[ 232/489] loss=0.0000  pred=n/a    gold=n/a  running‐acc=0.216
Locality eval: pred=true              gold=true  correct=True  running‐acc=1.000
[ 233/489] loss=0.0000  pred=true   gold=true  running‐acc=0.219
Locality eval: pred=n/a               gold=n/a  correct=True  running‐acc=1.000
[ 234/489] loss=0.0000  pred=true.  gold=n/a  running‐acc=0.218
Locality eval: pred=true              gold=true  correct=True  running‐acc=1.000
[ 235/489] loss=0.0000  pred=n/a    gold=true  running‐acc=0.217
Locality eval: pred=n/a               gold=n/a  correct=True  running‐acc=1.000
[ 236/489] loss=0.0000  pred=false  gold=n/a  running‐acc=0.216
Locality eval: pred=true              gold=true  correct=True  running‐acc=1.000
[ 237/489] loss=0.0000  pred=false  gold=true  running‐acc=0.215
Locality eval: pred=n/a               gold=n/a  correct=True  running‐acc=1.000
[ 238/489] loss=0.0000  pred=false  gold=n/a  running‐acc=0.214
Locality eval: pred=true              gold=true  correct=True  running‐acc=1.000
[ 239/489] loss=0.0000  pred=true   gold=true  running‐acc=0.218
Locality eval: pred=n/a               gold=n/a  correct=True  running‐acc=1.000
[ 240/489] loss=0.0000  pred=false  gold=true  running‐acc=0.217
Locality eval: pred=n/a               gold=n/a  correct=True  running‐acc=1.000
[ 241/489] loss=0.0000  pred=false  gold=true  running‐acc=0.216
Locality eval: pred=n/a               gold=n/a  correct=True  running‐acc=1.000
[ 242/489] loss=0.0000  pred=true   gold=true  running‐acc=0.219
Locality eval: pred=n/a               gold=n/a  correct=True  running‐acc=1.000
[ 243/489] loss=0.0000  pred=false  gold=true  running‐acc=0.218
Locality eval: pred=n/a               gold=n/a  correct=True  running‐acc=1.000
[ 244/489] loss=0.0000  pred=true   gold=true  running‐acc=0.221
Locality eval: pred=n/a               gold=n/a  correct=True  running‐acc=1.000
[ 245/489] loss=0.0000  pred=false  gold=true  running‐acc=0.220
Locality eval: pred=n/a               gold=n/a  correct=True  running‐acc=1.000
[ 246/489] loss=0.0000  pred=false  gold=n/a  running‐acc=0.220
Locality eval: pred=true              gold=true  correct=True  running‐acc=1.000
[ 247/489] loss=0.0000  pred=false  gold=true  running‐acc=0.219
Locality eval: pred=n/a               gold=n/a  correct=True  running‐acc=1.000
[ 248/489] loss=0.0000  pred=false  gold=true  running‐acc=0.218
Locality eval: pred=n/a               gold=n/a  correct=True  running‐acc=1.000
[ 249/489] loss=0.0000  pred=true   gold=true  running‐acc=0.221
Locality eval: pred=n/a               gold=n/a  correct=True  running‐acc=1.000
[ 250/489] loss=0.0000  pred=true   gold=true  running‐acc=0.224
Locality eval: pred=n/a               gold=n/a  correct=True  running‐acc=1.000
[ 251/489] loss=0.0000  pred=true.  gold=n/a  running‐acc=0.223
Locality eval: pred=true              gold=true  correct=True  running‐acc=1.000
[ 252/489] loss=0.0000  pred=false  gold=n/a  running‐acc=0.222
Locality eval: pred=true              gold=true  correct=True  running‐acc=1.000
[ 253/489] loss=0.0000  pred=false  gold=n/a  running‐acc=0.221
Locality eval: pred=true              gold=true  correct=True  running‐acc=1.000
[ 254/489] loss=0.0000  pred=false  gold=n/a  running‐acc=0.220
Locality eval: pred=true              gold=true  correct=True  running‐acc=1.000
[ 255/489] loss=0.0000  pred=false  gold=true  running‐acc=0.220
Locality eval: pred=n/a               gold=n/a  correct=True  running‐acc=1.000
[ 256/489] loss=0.0000  pred=true.  gold=true  running‐acc=0.223
Locality eval: pred=n/a               gold=n/a  correct=True  running‐acc=1.000
[ 257/489] loss=0.0000  pred=true.  gold=true  running‐acc=0.226
Locality eval: pred=n/a               gold=n/a  correct=True  running‐acc=1.000
[ 258/489] loss=0.0000  pred=false  gold=n/a  running‐acc=0.225
Locality eval: pred=true              gold=true  correct=True  running‐acc=1.000
[ 259/489] loss=0.0000  pred=true   gold=true  running‐acc=0.228
Locality eval: pred=n/a               gold=n/a  correct=True  running‐acc=1.000
[ 260/489] loss=0.0000  pred=false  gold=n/a  running‐acc=0.227
Locality eval: pred=true              gold=true  correct=True  running‐acc=1.000
[ 261/489] loss=0.0000  pred=false  gold=true  running‐acc=0.226
Locality eval: pred=n/a               gold=n/a  correct=True  running‐acc=1.000
[ 262/489] loss=0.0000  pred=false  gold=n/a  running‐acc=0.225
Locality eval: pred=true              gold=true  correct=True  running‐acc=1.000
[ 263/489] loss=0.0000  pred=false  gold=true  running‐acc=0.224
Locality eval: pred=n/a               gold=n/a  correct=True  running‐acc=1.000
[ 264/489] loss=0.0000  pred=false  gold=true  running‐acc=0.223
Locality eval: pred=n/a               gold=n/a  correct=True  running‐acc=1.000
[ 265/489] loss=0.0000  pred=false  gold=true  running‐acc=0.223
Locality eval: pred=n/a               gold=n/a  correct=True  running‐acc=1.000
[ 266/489] loss=0.0000  pred=true   gold=n/a  running‐acc=0.222
Locality eval: pred=true              gold=true  correct=True  running‐acc=1.000
[ 267/489] loss=0.0000  pred=false  gold=true  running‐acc=0.221
Locality eval: pred=n/a               gold=n/a  correct=True  running‐acc=1.000
[ 268/489] loss=0.0000  pred=true   gold=true  running‐acc=0.224
Locality eval: pred=n/a               gold=n/a  correct=True  running‐acc=1.000
[ 269/489] loss=0.0000  pred=false  gold=true  running‐acc=0.223
Locality eval: pred=n/a               gold=n/a  correct=True  running‐acc=1.000
[ 270/489] loss=0.0000  pred=false  gold=true  running‐acc=0.222
Locality eval: pred=n/a               gold=n/a  correct=True  running‐acc=1.000
[ 271/489] loss=0.0000  pred=true   gold=n/a  running‐acc=0.221
Locality eval: pred=true              gold=true  correct=True  running‐acc=1.000
[ 272/489] loss=0.0000  pred=false  gold=n/a  running‐acc=0.221
Locality eval: pred=true              gold=true  correct=True  running‐acc=1.000
[ 273/489] loss=0.0000  pred=true   gold=true  running‐acc=0.223
Locality eval: pred=n/a               gold=n/a  correct=True  running‐acc=1.000
[ 274/489] loss=0.0000  pred=true   gold=true  running‐acc=0.226
Locality eval: pred=n/a               gold=n/a  correct=True  running‐acc=1.000
[ 275/489] loss=0.0000  pred=false  gold=true  running‐acc=0.225
Locality eval: pred=n/a               gold=n/a  correct=True  running‐acc=1.000
[ 276/489] loss=0.0000  pred=true   gold=true  running‐acc=0.228
Locality eval: pred=n/a               gold=n/a  correct=True  running‐acc=1.000
[ 277/489] loss=0.0000  pred=true   gold=n/a  running‐acc=0.227
Locality eval: pred=true              gold=true  correct=True  running‐acc=1.000
[ 278/489] loss=0.0000  pred=false  gold=true  running‐acc=0.227
Locality eval: pred=n/a               gold=n/a  correct=True  running‐acc=1.000
[ 279/489] loss=0.0000  pred=false  gold=true  running‐acc=0.226
Locality eval: pred=n/a               gold=n/a  correct=True  running‐acc=1.000
[ 280/489] loss=0.0000  pred=n/a    gold=n/a  running‐acc=0.229
Locality eval: pred=true              gold=true  correct=True  running‐acc=1.000
[ 281/489] loss=0.0000  pred=true.  gold=n/a  running‐acc=0.228
Locality eval: pred=true              gold=true  correct=True  running‐acc=1.000
[ 282/489] loss=0.0000  pred=n/a    gold=n/a  running‐acc=0.230
Locality eval: pred=true              gold=true  correct=True  running‐acc=1.000
[ 283/489] loss=0.0000  pred=false  gold=n/a  running‐acc=0.230
Locality eval: pred=true              gold=true  correct=True  running‐acc=1.000
[ 284/489] loss=0.0000  pred=false  gold=n/a  running‐acc=0.229
Locality eval: pred=true              gold=true  correct=True  running‐acc=1.000
[ 285/489] loss=0.0000  pred=n/a    gold=n/a  running‐acc=0.232
Locality eval: pred=true              gold=true  correct=True  running‐acc=1.000
[ 286/489] loss=0.0000  pred=false  gold=true  running‐acc=0.231
Locality eval: pred=n/a               gold=n/a  correct=True  running‐acc=1.000
[ 287/489] loss=0.0000  pred=false  gold=n/a  running‐acc=0.230
Locality eval: pred=true              gold=true  correct=True  running‐acc=1.000
[ 288/489] loss=0.0000  pred=true   gold=n/a  running‐acc=0.229
Locality eval: pred=true              gold=true  correct=True  running‐acc=1.000
[ 289/489] loss=0.0000  pred=false  gold=true  running‐acc=0.228
Locality eval: pred=n/a               gold=n/a  correct=True  running‐acc=1.000
[ 290/489] loss=0.0000  pred=false  gold=true  running‐acc=0.228
Locality eval: pred=n/a               gold=n/a  correct=True  running‐acc=1.000
[ 291/489] loss=0.0000  pred=false  gold=true  running‐acc=0.227
Locality eval: pred=n/a               gold=n/a  correct=True  running‐acc=1.000
[ 292/489] loss=0.0000  pred=true   gold=n/a  running‐acc=0.226
Locality eval: pred=true              gold=true  correct=True  running‐acc=1.000
[ 293/489] loss=0.0000  pred=true   gold=true  running‐acc=0.229
Locality eval: pred=n/a               gold=n/a  correct=True  running‐acc=1.000
[ 294/489] loss=0.0000  pred=false  gold=true  running‐acc=0.228
Locality eval: pred=n/a               gold=n/a  correct=True  running‐acc=1.000
[ 295/489] loss=0.0000  pred=false  gold=n/a  running‐acc=0.227
Locality eval: pred=true              gold=true  correct=True  running‐acc=1.000
[ 296/489] loss=0.0000  pred=true.  gold=n/a  running‐acc=0.226
Locality eval: pred=true              gold=true  correct=True  running‐acc=1.000
[ 297/489] loss=0.0000  pred=true   gold=n/a  running‐acc=0.226
Locality eval: pred=true              gold=true  correct=True  running‐acc=1.000
[ 298/489] loss=0.0000  pred=false  gold=true  running‐acc=0.225
Locality eval: pred=n/a               gold=n/a  correct=True  running‐acc=1.000
[ 299/489] loss=0.0000  pred=true.  gold=true  running‐acc=0.227
Locality eval: pred=n/a               gold=n/a  correct=True  running‐acc=1.000
[ 300/489] loss=0.0000  pred=true   gold=n/a  running‐acc=0.227
Locality eval: pred=true              gold=true  correct=True  running‐acc=1.000
[ 301/489] loss=0.0000  pred=false  gold=n/a  running‐acc=0.226
Locality eval: pred=true              gold=true  correct=True  running‐acc=1.000
[ 302/489] loss=0.0000  pred=true.  gold=n/a  running‐acc=0.225
Locality eval: pred=true              gold=true  correct=True  running‐acc=1.000
[ 303/489] loss=0.0000  pred=false  gold=true  running‐acc=0.224
Locality eval: pred=n/a               gold=n/a  correct=True  running‐acc=1.000
[ 304/489] loss=0.0000  pred=true   gold=n/a  running‐acc=0.224
Locality eval: pred=true              gold=true  correct=True  running‐acc=1.000
[ 305/489] loss=0.0000  pred=false  gold=n/a  running‐acc=0.223
Locality eval: pred=true              gold=true  correct=True  running‐acc=1.000
[ 306/489] loss=0.0000  pred=true.  gold=true  running‐acc=0.225
Locality eval: pred=n/a               gold=n/a  correct=True  running‐acc=1.000
[ 307/489] loss=0.0000  pred=true.  gold=true  running‐acc=0.228
Locality eval: pred=n/a               gold=n/a  correct=True  running‐acc=1.000
[ 308/489] loss=0.0000  pred=true   gold=true  running‐acc=0.231
Locality eval: pred=n/a               gold=n/a  correct=True  running‐acc=1.000
[ 309/489] loss=0.0000  pred=false  gold=n/a  running‐acc=0.230
Locality eval: pred=true              gold=true  correct=True  running‐acc=1.000
[ 310/489] loss=0.0000  pred=true.  gold=true  running‐acc=0.232
Locality eval: pred=n/a               gold=n/a  correct=True  running‐acc=1.000
[ 311/489] loss=0.0000  pred=n/a    gold=n/a  running‐acc=0.235
Locality eval: pred=true              gold=true  correct=True  running‐acc=1.000
[ 312/489] loss=0.0000  pred=n/a    gold=n/a  running‐acc=0.237
Locality eval: pred=true              gold=true  correct=True  running‐acc=1.000
[ 313/489] loss=0.0000  pred=true   gold=true  running‐acc=0.240
Locality eval: pred=n/a               gold=n/a  correct=True  running‐acc=1.000
[ 314/489] loss=0.0000  pred=true   gold=n/a  running‐acc=0.239
Locality eval: pred=true              gold=true  correct=True  running‐acc=1.000
[ 315/489] loss=0.0000  pred=true   gold=n/a  running‐acc=0.238
Locality eval: pred=true              gold=true  correct=True  running‐acc=1.000
[ 316/489] loss=0.0000  pred=false  gold=n/a  running‐acc=0.237
Locality eval: pred=true              gold=true  correct=True  running‐acc=1.000
[ 317/489] loss=0.0000  pred=false  gold=n/a  running‐acc=0.237
Locality eval: pred=true              gold=true  correct=True  running‐acc=1.000
[ 318/489] loss=0.0000  pred=false  gold=true  running‐acc=0.236
Locality eval: pred=n/a               gold=n/a  correct=True  running‐acc=1.000
[ 319/489] loss=0.0000  pred=false  gold=n/a  running‐acc=0.235
Locality eval: pred=true              gold=true  correct=True  running‐acc=1.000
[ 320/489] loss=0.0000  pred=true   gold=n/a  running‐acc=0.234
Locality eval: pred=true              gold=true  correct=True  running‐acc=1.000
[ 321/489] loss=0.0000  pred=false  gold=n/a  running‐acc=0.234
Locality eval: pred=true              gold=true  correct=True  running‐acc=1.000
[ 322/489] loss=0.0000  pred=false  gold=n/a  running‐acc=0.233
Locality eval: pred=true              gold=true  correct=True  running‐acc=1.000
[ 323/489] loss=0.0000  pred=true   gold=true  running‐acc=0.235
Locality eval: pred=n/a               gold=n/a  correct=True  running‐acc=1.000
[ 324/489] loss=0.0000  pred=true   gold=n/a  running‐acc=0.235
Locality eval: pred=true              gold=true  correct=True  running‐acc=1.000
[ 325/489] loss=0.0000  pred=true   gold=true  running‐acc=0.237
Locality eval: pred=n/a               gold=n/a  correct=True  running‐acc=1.000
[ 326/489] loss=0.0000  pred=false  gold=n/a  running‐acc=0.236
Locality eval: pred=true              gold=true  correct=True  running‐acc=1.000
[ 327/489] loss=0.0000  pred=true   gold=true  running‐acc=0.239
Locality eval: pred=n/a               gold=n/a  correct=True  running‐acc=1.000
[ 328/489] loss=0.0000  pred=true.  gold=true  running‐acc=0.241
Locality eval: pred=n/a               gold=n/a  correct=True  running‐acc=1.000
[ 329/489] loss=0.0000  pred=true.  gold=n/a  running‐acc=0.240
Locality eval: pred=true              gold=true  correct=True  running‐acc=1.000
[ 330/489] loss=0.0000  pred=true   gold=true  running‐acc=0.242
Locality eval: pred=n/a               gold=n/a  correct=True  running‐acc=1.000
[ 331/489] loss=0.0000  pred=true   gold=true  running‐acc=0.245
Locality eval: pred=n/a               gold=n/a  correct=True  running‐acc=1.000
[ 332/489] loss=0.0000  pred=false  gold=n/a  running‐acc=0.244
Locality eval: pred=true              gold=true  correct=True  running‐acc=1.000
[ 333/489] loss=0.0000  pred=true.  gold=n/a  running‐acc=0.243
Locality eval: pred=true.             gold=true  correct=True  running‐acc=1.000
[ 334/489] loss=0.0000  pred=true   gold=n/a  running‐acc=0.243
Locality eval: pred=true              gold=true  correct=True  running‐acc=1.000
[ 335/489] loss=0.0000  pred=false  gold=true  running‐acc=0.242
Locality eval: pred=n/a               gold=n/a  correct=True  running‐acc=1.000
[ 336/489] loss=0.0000  pred=true.  gold=true  running‐acc=0.244
Locality eval: pred=n/a               gold=n/a  correct=True  running‐acc=1.000
[ 337/489] loss=0.0000  pred=true   gold=n/a  running‐acc=0.243
Locality eval: pred=true              gold=true  correct=True  running‐acc=1.000
[ 338/489] loss=0.0000  pred=false  gold=true  running‐acc=0.243
Locality eval: pred=n/a               gold=n/a  correct=True  running‐acc=1.000
[ 339/489] loss=0.0000  pred=false  gold=n/a  running‐acc=0.242
Locality eval: pred=true              gold=true  correct=True  running‐acc=1.000
[ 340/489] loss=0.0000  pred=false  gold=n/a  running‐acc=0.241
Locality eval: pred=true              gold=true  correct=True  running‐acc=1.000
[ 341/489] loss=0.0000  pred=true   gold=n/a  running‐acc=0.240
Locality eval: pred=true              gold=true  correct=True  running‐acc=1.000
[ 342/489] loss=0.0000  pred=true   gold=true  running‐acc=0.243
Locality eval: pred=n/a               gold=n/a  correct=True  running‐acc=1.000
[ 343/489] loss=0.0000  pred=n/a    gold=n/a  running‐acc=0.245
Locality eval: pred=true              gold=true  correct=True  running‐acc=1.000
[ 344/489] loss=0.0000  pred=false.  gold=true  running‐acc=0.244
Locality eval: pred=n/a               gold=n/a  correct=True  running‐acc=1.000
[ 345/489] loss=0.0000  pred=false  gold=true  running‐acc=0.243
Locality eval: pred=n/a               gold=n/a  correct=True  running‐acc=1.000
[ 346/489] loss=0.0000  pred=true   gold=true  running‐acc=0.246
Locality eval: pred=n/a               gold=n/a  correct=True  running‐acc=1.000
[ 347/489] loss=0.0000  pred=false  gold=n/a  running‐acc=0.245
Locality eval: pred=true              gold=true  correct=True  running‐acc=1.000
[ 348/489] loss=0.0000  pred=false  gold=n/a  running‐acc=0.244
Locality eval: pred=true              gold=true  correct=True  running‐acc=1.000
[ 349/489] loss=0.0000  pred=false  gold=true  running‐acc=0.244
Locality eval: pred=n/a               gold=n/a  correct=True  running‐acc=1.000
[ 350/489] loss=0.0000  pred=true   gold=true  running‐acc=0.246
Locality eval: pred=n/a               gold=n/a  correct=True  running‐acc=1.000
[ 351/489] loss=0.0000  pred=true.  gold=n/a  running‐acc=0.245
Locality eval: pred=true              gold=true  correct=True  running‐acc=1.000
[ 352/489] loss=0.0000  pred=false  gold=n/a  running‐acc=0.244
Locality eval: pred=true              gold=true  correct=True  running‐acc=1.000
[ 353/489] loss=0.0000  pred=true   gold=true  running‐acc=0.246
Locality eval: pred=n/a               gold=n/a  correct=True  running‐acc=1.000
[ 354/489] loss=0.0000  pred=false  gold=n/a  running‐acc=0.246
Locality eval: pred=true              gold=true  correct=True  running‐acc=1.000
[ 355/489] loss=0.0000  pred=true   gold=true  running‐acc=0.248
Locality eval: pred=n/a               gold=n/a  correct=True  running‐acc=1.000
[ 356/489] loss=0.0000  pred=false  gold=n/a  running‐acc=0.247
Locality eval: pred=true              gold=true  correct=True  running‐acc=1.000
[ 357/489] loss=0.0000  pred=true.  gold=n/a  running‐acc=0.246
Locality eval: pred=true              gold=true  correct=True  running‐acc=1.000
[ 358/489] loss=0.0000  pred=true.  gold=n/a  running‐acc=0.246
Locality eval: pred=true              gold=true  correct=True  running‐acc=1.000
[ 359/489] loss=0.0000  pred=n/a    gold=n/a  running‐acc=0.248
Locality eval: pred=true              gold=true  correct=True  running‐acc=1.000
[ 360/489] loss=0.0000  pred=false  gold=n/a  running‐acc=0.247
Locality eval: pred=true              gold=true  correct=True  running‐acc=1.000
[ 361/489] loss=0.0000  pred=false  gold=true  running‐acc=0.247
Locality eval: pred=n/a               gold=n/a  correct=True  running‐acc=1.000
[ 362/489] loss=0.0000  pred=false  gold=n/a  running‐acc=0.246
Locality eval: pred=true              gold=true  correct=True  running‐acc=1.000
[ 363/489] loss=0.0000  pred=false  gold=n/a  running‐acc=0.245
Locality eval: pred=true              gold=true  correct=True  running‐acc=1.000
[ 364/489] loss=0.0000  pred=true.  gold=n/a  running‐acc=0.245
Locality eval: pred=true              gold=true  correct=True  running‐acc=1.000
[ 365/489] loss=0.0000  pred=false  gold=true  running‐acc=0.244
Locality eval: pred=n/a               gold=n/a  correct=True  running‐acc=1.000
[ 366/489] loss=0.0000  pred=true   gold=true  running‐acc=0.246
Locality eval: pred=n/a               gold=n/a  correct=True  running‐acc=1.000
[ 367/489] loss=0.0000  pred=true   gold=true  running‐acc=0.248
Locality eval: pred=n/a               gold=n/a  correct=True  running‐acc=1.000
[ 368/489] loss=0.0000  pred=false  gold=true  running‐acc=0.247
Locality eval: pred=n/a               gold=n/a  correct=True  running‐acc=1.000
[ 369/489] loss=0.0000  pred=false  gold=n/a  running‐acc=0.247
Locality eval: pred=true              gold=true  correct=True  running‐acc=1.000
[ 370/489] loss=0.0000  pred=false  gold=true  running‐acc=0.246
Locality eval: pred=n/a               gold=n/a  correct=True  running‐acc=1.000
[ 371/489] loss=0.0000  pred=false  gold=true  running‐acc=0.245
Locality eval: pred=n/a               gold=n/a  correct=True  running‐acc=1.000
[ 372/489] loss=0.0000  pred=true   gold=true  running‐acc=0.247
Locality eval: pred=n/a               gold=n/a  correct=True  running‐acc=1.000
[ 373/489] loss=0.0000  pred=true   gold=true  running‐acc=0.249
Locality eval: pred=n/a               gold=n/a  correct=True  running‐acc=1.000
[ 374/489] loss=0.0000  pred=false  gold=n/a  running‐acc=0.249
Locality eval: pred=true              gold=true  correct=True  running‐acc=1.000
[ 375/489] loss=0.0000  pred=false  gold=true  running‐acc=0.248
Locality eval: pred=n/a               gold=n/a  correct=True  running‐acc=1.000
[ 376/489] loss=0.0000  pred=true.  gold=true  running‐acc=0.250
Locality eval: pred=n/a               gold=n/a  correct=True  running‐acc=1.000
[ 377/489] loss=0.0000  pred=false  gold=true  running‐acc=0.249
Locality eval: pred=n/a               gold=n/a  correct=True  running‐acc=1.000
[ 378/489] loss=0.0000  pred=true   gold=true  running‐acc=0.251
Locality eval: pred=n/a               gold=n/a  correct=True  running‐acc=1.000
[ 379/489] loss=0.0000  pred=true   gold=true  running‐acc=0.253
Locality eval: pred=n/a               gold=n/a  correct=True  running‐acc=1.000
[ 380/489] loss=0.0000  pred=false  gold=true  running‐acc=0.253
Locality eval: pred=n/a               gold=n/a  correct=True  running‐acc=1.000
[ 381/489] loss=0.0000  pred=false  gold=n/a  running‐acc=0.252
Locality eval: pred=true              gold=true  correct=True  running‐acc=1.000
[ 382/489] loss=0.0000  pred=false  gold=n/a  running‐acc=0.251
Locality eval: pred=true              gold=true  correct=True  running‐acc=1.000
[ 383/489] loss=0.0000  pred=true   gold=true  running‐acc=0.253
Locality eval: pred=n/a               gold=n/a  correct=True  running‐acc=1.000
[ 384/489] loss=0.0000  pred=true.  gold=n/a  running‐acc=0.253
Locality eval: pred=true              gold=true  correct=True  running‐acc=1.000
[ 385/489] loss=0.0000  pred=true   gold=n/a  running‐acc=0.252
Locality eval: pred=true              gold=true  correct=True  running‐acc=1.000
[ 386/489] loss=0.0000  pred=false  gold=true  running‐acc=0.251
Locality eval: pred=n/a               gold=n/a  correct=True  running‐acc=1.000
[ 387/489] loss=0.0000  pred=true   gold=true  running‐acc=0.253
Locality eval: pred=n/a               gold=n/a  correct=True  running‐acc=1.000
[ 388/489] loss=0.0000  pred=true   gold=true  running‐acc=0.255
Locality eval: pred=n/a               gold=n/a  correct=True  running‐acc=1.000
[ 389/489] loss=0.0000  pred=n/a    gold=n/a  running‐acc=0.257
Locality eval: pred=true              gold=true  correct=True  running‐acc=1.000
[ 390/489] loss=0.0000  pred=false  gold=n/a  running‐acc=0.256
Locality eval: pred=true              gold=true  correct=True  running‐acc=1.000
[ 391/489] loss=0.0000  pred=n/a    gold=n/a  running‐acc=0.258
Locality eval: pred=true              gold=true  correct=True  running‐acc=1.000
[ 392/489] loss=0.0000  pred=true   gold=true  running‐acc=0.260
Locality eval: pred=n/a               gold=n/a  correct=True  running‐acc=1.000
[ 393/489] loss=0.0000  pred=false  gold=n/a  running‐acc=0.260
Locality eval: pred=true              gold=true  correct=True  running‐acc=1.000
[ 394/489] loss=0.0000  pred=false  gold=true  running‐acc=0.259
Locality eval: pred=n/a               gold=n/a  correct=True  running‐acc=1.000
[ 395/489] loss=0.0000  pred=true   gold=true  running‐acc=0.261
Locality eval: pred=n/a               gold=n/a  correct=True  running‐acc=1.000
[ 396/489] loss=0.0000  pred=true.  gold=true  running‐acc=0.263
Locality eval: pred=n/a               gold=n/a  correct=True  running‐acc=1.000
[ 397/489] loss=0.0000  pred=n/a    gold=n/a  running‐acc=0.264
Locality eval: pred=true              gold=true  correct=True  running‐acc=1.000
[ 398/489] loss=0.0000  pred=false  gold=true  running‐acc=0.264
Locality eval: pred=n/a               gold=n/a  correct=True  running‐acc=1.000
[ 399/489] loss=0.0000  pred=false  gold=true  running‐acc=0.263
Locality eval: pred=n/a               gold=n/a  correct=True  running‐acc=1.000
[ 400/489] loss=0.0000  pred=true   gold=true  running‐acc=0.265
Locality eval: pred=n/a               gold=n/a  correct=True  running‐acc=1.000
[ 401/489] loss=0.0000  pred=false  gold=true  running‐acc=0.264
Locality eval: pred=n/a               gold=n/a  correct=True  running‐acc=1.000
[ 402/489] loss=0.0000  pred=false  gold=n/a  running‐acc=0.264
Locality eval: pred=true              gold=true  correct=True  running‐acc=1.000
[ 403/489] loss=0.0000  pred=n/a    gold=n/a  running‐acc=0.266
Locality eval: pred=true              gold=true  correct=True  running‐acc=1.000
[ 404/489] loss=0.0000  pred=true   gold=true  running‐acc=0.267
Locality eval: pred=n/a               gold=n/a  correct=True  running‐acc=1.000
[ 405/489] loss=0.0000  pred=true   gold=true  running‐acc=0.269
Locality eval: pred=n/a               gold=n/a  correct=True  running‐acc=1.000
[ 406/489] loss=0.0000  pred=false  gold=true  running‐acc=0.268
Locality eval: pred=n/a               gold=n/a  correct=True  running‐acc=1.000
[ 407/489] loss=0.0000  pred=true.  gold=true  running‐acc=0.270
Locality eval: pred=n/a               gold=n/a  correct=True  running‐acc=1.000
[ 408/489] loss=0.0000  pred=true.  gold=n/a  running‐acc=0.270
Locality eval: pred=true              gold=true  correct=True  running‐acc=1.000
[ 409/489] loss=0.0000  pred=false  gold=true  running‐acc=0.269
Locality eval: pred=n/a               gold=n/a  correct=True  running‐acc=1.000
[ 410/489] loss=0.0000  pred=false  gold=n/a  running‐acc=0.268
Locality eval: pred=true              gold=true  correct=True  running‐acc=1.000
[ 411/489] loss=0.0000  pred=false  gold=n/a  running‐acc=0.268
Locality eval: pred=true              gold=true  correct=True  running‐acc=1.000
[ 412/489] loss=0.0000  pred=true   gold=n/a  running‐acc=0.267
Locality eval: pred=true              gold=true  correct=True  running‐acc=1.000
[ 413/489] loss=0.0000  pred=true   gold=true  running‐acc=0.269
Locality eval: pred=n/a               gold=n/a  correct=True  running‐acc=1.000
[ 414/489] loss=0.0000  pred=true   gold=true  running‐acc=0.271
Locality eval: pred=n/a               gold=n/a  correct=True  running‐acc=1.000
[ 415/489] loss=0.0000  pred=false  gold=n/a  running‐acc=0.270
Locality eval: pred=true              gold=true  correct=True  running‐acc=1.000
[ 416/489] loss=0.0000  pred=true   gold=true  running‐acc=0.272
Locality eval: pred=n/a               gold=n/a  correct=True  running‐acc=1.000
[ 417/489] loss=0.0000  pred=false  gold=n/a  running‐acc=0.271
Locality eval: pred=true              gold=true  correct=True  running‐acc=1.000
[ 418/489] loss=0.0000  pred=true.  gold=n/a  running‐acc=0.270
Locality eval: pred=true              gold=true  correct=True  running‐acc=1.000
[ 419/489] loss=0.0000  pred=false  gold=true  running‐acc=0.270
Locality eval: pred=n/a               gold=n/a  correct=True  running‐acc=1.000
[ 420/489] loss=0.0000  pred=false  gold=n/a  running‐acc=0.269
Locality eval: pred=true              gold=true  correct=True  running‐acc=1.000
[ 421/489] loss=0.0000  pred=false  gold=n/a  running‐acc=0.268
Locality eval: pred=true              gold=true  correct=True  running‐acc=1.000
[ 422/489] loss=0.0000  pred=true   gold=true  running‐acc=0.270
Locality eval: pred=n/a               gold=n/a  correct=True  running‐acc=1.000
[ 423/489] loss=0.0000  pred=false  gold=n/a  running‐acc=0.270
Locality eval: pred=true              gold=true  correct=True  running‐acc=1.000
[ 424/489] loss=0.0000  pred=true   gold=n/a  running‐acc=0.269
Locality eval: pred=true              gold=true  correct=True  running‐acc=1.000
[ 425/489] loss=0.0000  pred=false  gold=n/a  running‐acc=0.268
Locality eval: pred=true              gold=true  correct=True  running‐acc=1.000
[ 426/489] loss=0.0000  pred=false  gold=true  running‐acc=0.268
Locality eval: pred=n/a               gold=n/a  correct=True  running‐acc=1.000
[ 427/489] loss=0.0000  pred=false  gold=n/a  running‐acc=0.267
Locality eval: pred=true              gold=true  correct=True  running‐acc=1.000
[ 428/489] loss=0.0000  pred=false  gold=true  running‐acc=0.266
Locality eval: pred=n/a               gold=n/a  correct=True  running‐acc=1.000
[ 429/489] loss=0.0000  pred=true   gold=n/a  running‐acc=0.266
Locality eval: pred=true              gold=true  correct=True  running‐acc=1.000
[ 430/489] loss=0.0000  pred=false  gold=true  running‐acc=0.265
Locality eval: pred=n/a               gold=n/a  correct=True  running‐acc=1.000
[ 431/489] loss=0.0000  pred=true   gold=true  running‐acc=0.267
Locality eval: pred=n/a               gold=n/a  correct=True  running‐acc=1.000
[ 432/489] loss=0.0000  pred=false  gold=n/a  running‐acc=0.266
Locality eval: pred=true              gold=true  correct=True  running‐acc=1.000
[ 433/489] loss=0.0000  pred=true   gold=true  running‐acc=0.268
Locality eval: pred=n/a               gold=n/a  correct=True  running‐acc=1.000
[ 434/489] loss=0.0000  pred=false  gold=true  running‐acc=0.267
Locality eval: pred=n/a               gold=n/a  correct=True  running‐acc=1.000
[ 435/489] loss=0.0000  pred=n/a    gold=n/a  running‐acc=0.269
Locality eval: pred=true              gold=true  correct=True  running‐acc=1.000
[ 436/489] loss=0.0000  pred=true.  gold=n/a  running‐acc=0.268
Locality eval: pred=true              gold=true  correct=True  running‐acc=1.000
[ 437/489] loss=0.0000  pred=false  gold=true  running‐acc=0.268
Locality eval: pred=n/a               gold=n/a  correct=True  running‐acc=1.000
[ 438/489] loss=0.0000  pred=false  gold=n/a  running‐acc=0.267
Locality eval: pred=true              gold=true  correct=True  running‐acc=1.000
[ 439/489] loss=0.0000  pred=false  gold=n/a  running‐acc=0.267
Locality eval: pred=true              gold=true  correct=True  running‐acc=1.000
[ 440/489] loss=0.0000  pred=false  gold=n/a  running‐acc=0.266
Locality eval: pred=true              gold=true  correct=True  running‐acc=1.000
[ 441/489] loss=0.0000  pred=false  gold=n/a  running‐acc=0.265
Locality eval: pred=true              gold=true  correct=True  running‐acc=1.000
[ 442/489] loss=0.0000  pred=false  gold=n/a  running‐acc=0.265
Locality eval: pred=true              gold=true  correct=True  running‐acc=1.000
[ 443/489] loss=0.0000  pred=true   gold=true  running‐acc=0.266
Locality eval: pred=n/a               gold=n/a  correct=True  running‐acc=1.000
[ 444/489] loss=0.0000  pred=true   gold=true  running‐acc=0.268
Locality eval: pred=n/a               gold=n/a  correct=True  running‐acc=1.000
[ 445/489] loss=0.0000  pred=true   gold=true  running‐acc=0.270
Locality eval: pred=n/a               gold=n/a  correct=True  running‐acc=1.000
[ 446/489] loss=0.0000  pred=false  gold=true  running‐acc=0.269
Locality eval: pred=n/a               gold=n/a  correct=True  running‐acc=1.000
[ 447/489] loss=0.0000  pred=false  gold=n/a  running‐acc=0.268
Locality eval: pred=true              gold=true  correct=True  running‐acc=1.000
[ 448/489] loss=0.0000  pred=false  gold=true  running‐acc=0.268
Locality eval: pred=n/a               gold=n/a  correct=True  running‐acc=1.000
[ 449/489] loss=0.0000  pred=true   gold=true  running‐acc=0.269
Locality eval: pred=n/a               gold=n/a  correct=True  running‐acc=1.000
[ 450/489] loss=0.0000  pred=false  gold=n/a  running‐acc=0.269
Locality eval: pred=true              gold=true  correct=True  running‐acc=1.000
[ 451/489] loss=0.0000  pred=true   gold=true  running‐acc=0.271
Locality eval: pred=n/a               gold=n/a  correct=True  running‐acc=1.000
[ 452/489] loss=0.0000  pred=true   gold=true  running‐acc=0.272
Locality eval: pred=n/a               gold=n/a  correct=True  running‐acc=1.000
[ 453/489] loss=0.0000  pred=true   gold=n/a  running‐acc=0.272
Locality eval: pred=true              gold=true  correct=True  running‐acc=1.000
[ 454/489] loss=0.0000  pred=true   gold=true  running‐acc=0.273
Locality eval: pred=n/a               gold=n/a  correct=True  running‐acc=1.000
[ 455/489] loss=0.0000  pred=false  gold=true  running‐acc=0.273
Locality eval: pred=n/a               gold=n/a  correct=True  running‐acc=1.000
[ 456/489] loss=0.0000  pred=true   gold=true  running‐acc=0.274
Locality eval: pred=n/a               gold=n/a  correct=True  running‐acc=1.000
[ 457/489] loss=0.0000  pred=false  gold=n/a  running‐acc=0.274
Locality eval: pred=true              gold=true  correct=True  running‐acc=1.000
[ 458/489] loss=0.0000  pred=true   gold=true  running‐acc=0.275
Locality eval: pred=n/a               gold=n/a  correct=True  running‐acc=1.000
[ 459/489] loss=0.0000  pred=false  gold=n/a  running‐acc=0.275
Locality eval: pred=true              gold=true  correct=True  running‐acc=1.000
[ 460/489] loss=0.0000  pred=true.  gold=n/a  running‐acc=0.274
Locality eval: pred=true              gold=true  correct=True  running‐acc=1.000
[ 461/489] loss=0.0000  pred=false  gold=n/a  running‐acc=0.273
Locality eval: pred=true              gold=true  correct=True  running‐acc=1.000
[ 462/489] loss=0.0000  pred=true   gold=true  running‐acc=0.275
Locality eval: pred=n/a               gold=n/a  correct=True  running‐acc=1.000
[ 463/489] loss=0.0000  pred=false  gold=n/a  running‐acc=0.274
Locality eval: pred=true              gold=true  correct=True  running‐acc=1.000
[ 464/489] loss=0.0000  pred=true   gold=true  running‐acc=0.276
Locality eval: pred=n/a               gold=n/a  correct=True  running‐acc=1.000
[ 465/489] loss=0.0000  pred=true.  gold=n/a  running‐acc=0.275
Locality eval: pred=true              gold=true  correct=True  running‐acc=1.000
[ 466/489] loss=0.0000  pred=n/a    gold=n/a  running‐acc=0.277
Locality eval: pred=true              gold=true  correct=True  running‐acc=1.000
[ 467/489] loss=0.0000  pred=true.  gold=n/a  running‐acc=0.276
Locality eval: pred=true              gold=true  correct=True  running‐acc=1.000
[ 468/489] loss=0.0000  pred=false  gold=true  running‐acc=0.276
Locality eval: pred=n/a               gold=n/a  correct=True  running‐acc=1.000
[ 469/489] loss=0.0000  pred=false  gold=n/a  running‐acc=0.275
Locality eval: pred=true              gold=true  correct=True  running‐acc=1.000
[ 470/489] loss=0.0000  pred=false  gold=n/a  running‐acc=0.274
Locality eval: pred=true              gold=true  correct=True  running‐acc=1.000
[ 471/489] loss=0.0000  pred=false  gold=n/a  running‐acc=0.274
Locality eval: pred=true              gold=true  correct=True  running‐acc=1.000
[ 472/489] loss=0.0000  pred=true.  gold=n/a  running‐acc=0.273
Locality eval: pred=true              gold=true  correct=True  running‐acc=1.000
[ 473/489] loss=0.0000  pred=true   gold=n/a  running‐acc=0.273
Locality eval: pred=true              gold=true  correct=True  running‐acc=1.000
[ 474/489] loss=0.0000  pred=true.  gold=true  running‐acc=0.274
Locality eval: pred=n/a               gold=n/a  correct=True  running‐acc=1.000
[ 475/489] loss=0.0000  pred=true.  gold=true  running‐acc=0.276
Locality eval: pred=n/a               gold=n/a  correct=True  running‐acc=1.000
[ 476/489] loss=0.0000  pred=false  gold=true  running‐acc=0.275
Locality eval: pred=n/a               gold=n/a  correct=True  running‐acc=1.000
[ 477/489] loss=0.0000  pred=false  gold=true  running‐acc=0.275
Locality eval: pred=n/a               gold=n/a  correct=True  running‐acc=1.000
[ 478/489] loss=0.0000  pred=false  gold=true  running‐acc=0.274
Locality eval: pred=n/a               gold=n/a  correct=True  running‐acc=1.000
[ 479/489] loss=0.0000  pred=false  gold=n/a  running‐acc=0.273
Locality eval: pred=true.             gold=true  correct=True  running‐acc=1.000
[ 480/489] loss=0.0000  pred=false  gold=true  running‐acc=0.273
Locality eval: pred=n/a               gold=n/a  correct=True  running‐acc=1.000
[ 481/489] loss=0.0000  pred=false  gold=n/a  running‐acc=0.272
Locality eval: pred=true              gold=true  correct=True  running‐acc=1.000
[ 482/489] loss=0.0000  pred=false  gold=n/a  running‐acc=0.272
Locality eval: pred=true              gold=true  correct=True  running‐acc=1.000
[ 483/489] loss=0.0000  pred=true   gold=n/a  running‐acc=0.271
Locality eval: pred=true              gold=true  correct=True  running‐acc=1.000
[ 484/489] loss=0.0000  pred=false  gold=true  running‐acc=0.271
Locality eval: pred=n/a               gold=n/a  correct=True  running‐acc=1.000
[ 485/489] loss=0.0000  pred=false  gold=true  running‐acc=0.270
Locality eval: pred=n/a               gold=n/a  correct=True  running‐acc=1.000
[ 486/489] loss=0.0000  pred=true.  gold=n/a  running‐acc=0.270
Locality eval: pred=true              gold=true  correct=True  running‐acc=1.000
[ 487/489] loss=0.0000  pred=false  gold=n/a  running‐acc=0.269
Locality eval: pred=true              gold=true  correct=True  running‐acc=1.000
[ 488/489] loss=0.0000  pred=false  gold=true  running‐acc=0.268
Locality eval: pred=n/a               gold=n/a  correct=True  running‐acc=1.000
[ 489/489] loss=0.0000  pred=true   gold=true  running‐acc=0.270
Locality eval: pred=n/a               gold=n/a  correct=True  running‐acc=1.000

Finished in 1184.1s.  Final accuracy: 0.270.
Adapter saved to output/lora_logic_pairwise.
