/home/vjd5zr/miniconda3/envs/lora/lib/python3.9/site-packages/torchvision/io/image.py:13: UserWarning: Failed to load image Python extension: libtorch_cuda_cu.so: cannot open shared object file: No such file or directory
  warn(f"Failed to load image Python extension: {e}")

Loading base model (4‐bit)…
Loading checkpoint shards:   0%|          | 0/2 [00:00<?, ?it/s]Loading checkpoint shards:  50%|█████     | 1/2 [00:12<00:12, 12.34s/it]Loading checkpoint shards: 100%|██████████| 2/2 [00:14<00:00,  6.56s/it]Loading checkpoint shards: 100%|██████████| 2/2 [00:14<00:00,  7.43s/it]
trainable params: 4,587,520 || all params: 3,217,337,344 || trainable%: 0.1426
  0%|          | 0/489 [00:00<?, ?it/s]100%|██████████| 489/489 [00:00<00:00, 23332.17it/s]
/home/vjd5zr/miniconda3/envs/lora/lib/python3.9/site-packages/transformers/generation/configuration_utils.py:590: UserWarning: `do_sample` is set to `False`. However, `temperature` is set to `0.6` -- this flag is only used in sample-based generation modes. You should set `do_sample=True` or unset `temperature`.
  warnings.warn(
/home/vjd5zr/miniconda3/envs/lora/lib/python3.9/site-packages/transformers/generation/configuration_utils.py:595: UserWarning: `do_sample` is set to `False`. However, `top_p` is set to `0.9` -- this flag is only used in sample-based generation modes. You should set `do_sample=True` or unset `top_p`.
  warnings.warn(
Loaded 489 (train, eval) pairs.

Starting sequential training…
Cached 112 LoRA tensors.
[   1/489] loss=0.0000  pred=n/a    gold=true  running‐acc=0.000
Locality eval: pred=false             gold=n/a  correct=False  running‐acc=0.000
[   2/489] loss=0.0000  pred=n/a    gold=true  running‐acc=0.000
Locality eval: pred=false             gold=n/a  correct=False  running‐acc=0.000
[   3/489] loss=0.0000  pred=n/a    gold=true  running‐acc=0.000
Locality eval: pred=n/a               gold=n/a  correct=True  running‐acc=0.333
[   4/489] loss=0.0000  pred=n/a    gold=true  running‐acc=0.000
Locality eval: pred=n/a               gold=n/a  correct=True  running‐acc=0.500
[   5/489] loss=0.0000  pred=n/a    gold=n/a  running‐acc=0.200
Locality eval: pred=false             gold=true  correct=False  running‐acc=0.400
[   6/489] loss=0.0000  pred=n/a    gold=true  running‐acc=0.167
Locality eval: pred=false             gold=n/a  correct=False  running‐acc=0.333
[   7/489] loss=0.0000  pred=n/a    gold=n/a  running‐acc=0.286
Locality eval: pred=true              gold=true  correct=True  running‐acc=0.429
[   8/489] loss=0.0000  pred=n/a    gold=n/a  running‐acc=0.375
Locality eval: pred=true              gold=true  correct=True  running‐acc=0.500
[   9/489] loss=0.0000  pred=n/a    gold=n/a  running‐acc=0.444
Locality eval: pred=false             gold=true  correct=False  running‐acc=0.444
[  10/489] loss=0.0000  pred=false  gold=true  running‐acc=0.400
Locality eval: pred=false             gold=n/a  correct=False  running‐acc=0.400
[  11/489] loss=0.0000  pred=n/a    gold=true  running‐acc=0.364
Locality eval: pred=n/a               gold=n/a  correct=True  running‐acc=0.455
[  12/489] loss=0.0000  pred=n/a    gold=n/a  running‐acc=0.417
Locality eval: pred=true              gold=true  correct=True  running‐acc=0.500
[  13/489] loss=0.0000  pred=n/a    gold=n/a  running‐acc=0.462
Locality eval: pred=n/a               gold=true  correct=False  running‐acc=0.462
[  14/489] loss=0.0000  pred=n/a    gold=n/a  running‐acc=0.500
Locality eval: pred=true              gold=true  correct=True  running‐acc=0.500
[  15/489] loss=0.0000  pred=n/a    gold=n/a  running‐acc=0.533
Locality eval: pred=false             gold=true  correct=False  running‐acc=0.467
[  16/489] loss=0.0000  pred=n/a    gold=true  running‐acc=0.500
Locality eval: pred=false             gold=n/a  correct=False  running‐acc=0.438
[  17/489] loss=0.0000  pred=n/a    gold=n/a  running‐acc=0.529
Locality eval: pred=true              gold=true  correct=True  running‐acc=0.471
[  18/489] loss=0.0000  pred=false  gold=true  running‐acc=0.500
Locality eval: pred=n/a               gold=n/a  correct=True  running‐acc=0.500
[  19/489] loss=0.0000  pred=n/a    gold=true  running‐acc=0.474
Locality eval: pred=n/a               gold=n/a  correct=True  running‐acc=0.526
[  20/489] loss=0.0000  pred=n/a    gold=n/a  running‐acc=0.500
Locality eval: pred=n/a               gold=true  correct=False  running‐acc=0.500
[  21/489] loss=0.0000  pred=n/a    gold=true  running‐acc=0.476
Locality eval: pred=n/a               gold=n/a  correct=True  running‐acc=0.524
[  22/489] loss=0.0000  pred=n/a    gold=true  running‐acc=0.455
Locality eval: pred=n/a               gold=n/a  correct=True  running‐acc=0.545
[  23/489] loss=0.0000  pred=n/a    gold=n/a  running‐acc=0.478
Locality eval: pred=n/a               gold=true  correct=False  running‐acc=0.522
[  24/489] loss=0.0000  pred=n/a    gold=n/a  running‐acc=0.500
Locality eval: pred=n/a               gold=true  correct=False  running‐acc=0.500
[  25/489] loss=0.0000  pred=false  gold=true  running‐acc=0.480
Locality eval: pred=n/a               gold=n/a  correct=True  running‐acc=0.520
[  26/489] loss=0.0000  pred=n/a    gold=n/a  running‐acc=0.500
Locality eval: pred=true              gold=true  correct=True  running‐acc=0.538
[  27/489] loss=0.0000  pred=n/a    gold=true  running‐acc=0.481
Locality eval: pred=n/a               gold=n/a  correct=True  running‐acc=0.556
[  28/489] loss=0.0000  pred=n/a    gold=true  running‐acc=0.464
Locality eval: pred=false             gold=n/a  correct=False  running‐acc=0.536
[  29/489] loss=0.0000  pred=n/a    gold=n/a  running‐acc=0.483
Locality eval: pred=n/a               gold=true  correct=False  running‐acc=0.517
[  30/489] loss=0.0000  pred=n/a    gold=true  running‐acc=0.467
Locality eval: pred=n/a               gold=n/a  correct=True  running‐acc=0.533
[  31/489] loss=0.0000  pred=n/a    gold=true  running‐acc=0.452
Locality eval: pred=n/a               gold=n/a  correct=True  running‐acc=0.548
[  32/489] loss=0.0000  pred=n/a    gold=true  running‐acc=0.438
Locality eval: pred=false             gold=n/a  correct=False  running‐acc=0.531
[  33/489] loss=0.0000  pred=n/a    gold=true  running‐acc=0.424
Locality eval: pred=n/a               gold=n/a  correct=True  running‐acc=0.545
[  34/489] loss=0.0000  pred=n/a    gold=true  running‐acc=0.412
Locality eval: pred=n/a               gold=n/a  correct=True  running‐acc=0.559
[  35/489] loss=0.0000  pred=n/a    gold=n/a  running‐acc=0.429
Locality eval: pred=n/a               gold=true  correct=False  running‐acc=0.543
[  36/489] loss=0.0000  pred=n/a    gold=true  running‐acc=0.417
Locality eval: pred=n/a               gold=n/a  correct=True  running‐acc=0.556
[  37/489] loss=0.0000  pred=n/a    gold=true  running‐acc=0.405
Locality eval: pred=n/a               gold=n/a  correct=True  running‐acc=0.568
[  38/489] loss=0.0000  pred=true   gold=true  running‐acc=0.421
Locality eval: pred=n/a               gold=n/a  correct=True  running‐acc=0.579
[  39/489] loss=0.0000  pred=n/a    gold=n/a  running‐acc=0.436
Locality eval: pred=n/a               gold=true  correct=False  running‐acc=0.564
[  40/489] loss=0.0000  pred=n/a    gold=true  running‐acc=0.425
Locality eval: pred=n/a               gold=n/a  correct=True  running‐acc=0.575
[  41/489] loss=0.0000  pred=n/a    gold=n/a  running‐acc=0.439
Locality eval: pred=n/a               gold=true  correct=False  running‐acc=0.561
[  42/489] loss=0.0000  pred=n/a    gold=n/a  running‐acc=0.452
Locality eval: pred=n/a               gold=true  correct=False  running‐acc=0.548
[  43/489] loss=0.0000  pred=n/a    gold=true  running‐acc=0.442
Locality eval: pred=n/a               gold=n/a  correct=True  running‐acc=0.558
[  44/489] loss=0.0000  pred=n/a    gold=true  running‐acc=0.432
Locality eval: pred=false             gold=n/a  correct=False  running‐acc=0.545
[  45/489] loss=0.0000  pred=false  gold=n/a  running‐acc=0.422
Locality eval: pred=true              gold=true  correct=True  running‐acc=0.556
[  46/489] loss=0.0000  pred=n/a    gold=n/a  running‐acc=0.435
Locality eval: pred=true              gold=true  correct=True  running‐acc=0.565
[  47/489] loss=0.0000  pred=n/a    gold=n/a  running‐acc=0.447
Locality eval: pred=n/a               gold=true  correct=False  running‐acc=0.553
[  48/489] loss=0.0000  pred=n/a    gold=n/a  running‐acc=0.458
Locality eval: pred=true              gold=true  correct=True  running‐acc=0.562
[  49/489] loss=0.0000  pred=n/a    gold=n/a  running‐acc=0.469
Locality eval: pred=false             gold=true  correct=False  running‐acc=0.551
[  50/489] loss=0.0000  pred=n/a    gold=true  running‐acc=0.460
Locality eval: pred=n/a               gold=n/a  correct=True  running‐acc=0.560
[  51/489] loss=0.0000  pred=n/a    gold=n/a  running‐acc=0.471
Locality eval: pred=n/a               gold=true  correct=False  running‐acc=0.549
[  52/489] loss=0.0000  pred=n/a    gold=n/a  running‐acc=0.481
Locality eval: pred=n/a               gold=true  correct=False  running‐acc=0.538
[  53/489] loss=0.0000  pred=n/a    gold=n/a  running‐acc=0.491
Locality eval: pred=true              gold=true  correct=True  running‐acc=0.547
[  54/489] loss=0.0000  pred=n/a    gold=n/a  running‐acc=0.500
Locality eval: pred=true              gold=true  correct=True  running‐acc=0.556
[  55/489] loss=0.0000  pred=n/a    gold=true  running‐acc=0.491
Locality eval: pred=n/a               gold=n/a  correct=True  running‐acc=0.564
[  56/489] loss=0.0000  pred=n/a    gold=n/a  running‐acc=0.500
Locality eval: pred=false             gold=true  correct=False  running‐acc=0.554
[  57/489] loss=0.0000  pred=n/a    gold=true  running‐acc=0.491
Locality eval: pred=n/a               gold=n/a  correct=True  running‐acc=0.561
[  58/489] loss=0.0000  pred=n/a    gold=n/a  running‐acc=0.500
Locality eval: pred=true              gold=true  correct=True  running‐acc=0.569
[  59/489] loss=0.0000  pred=n/a    gold=true  running‐acc=0.492
Locality eval: pred=n/a               gold=n/a  correct=True  running‐acc=0.576
[  60/489] loss=0.0000  pred=n/a    gold=true  running‐acc=0.483
Locality eval: pred=false             gold=n/a  correct=False  running‐acc=0.567
[  61/489] loss=0.0000  pred=n/a    gold=n/a  running‐acc=0.492
Locality eval: pred=true              gold=true  correct=True  running‐acc=0.574
[  62/489] loss=0.0000  pred=n/a    gold=true  running‐acc=0.484
Locality eval: pred=false             gold=n/a  correct=False  running‐acc=0.565
[  63/489] loss=0.0000  pred=n/a    gold=true  running‐acc=0.476
Locality eval: pred=false             gold=n/a  correct=False  running‐acc=0.556
[  64/489] loss=0.0000  pred=n/a    gold=n/a  running‐acc=0.484
Locality eval: pred=false             gold=true  correct=False  running‐acc=0.547
[  65/489] loss=0.0000  pred=n/a    gold=true  running‐acc=0.477
Locality eval: pred=false             gold=n/a  correct=False  running‐acc=0.538
[  66/489] loss=0.0000  pred=n/a    gold=true  running‐acc=0.470
Locality eval: pred=n/a               gold=n/a  correct=True  running‐acc=0.545
[  67/489] loss=0.0000  pred=n/a    gold=true  running‐acc=0.463
Locality eval: pred=n/a               gold=n/a  correct=True  running‐acc=0.552
[  68/489] loss=0.0000  pred=n/a    gold=n/a  running‐acc=0.471
Locality eval: pred=n/a               gold=true  correct=False  running‐acc=0.544
[  69/489] loss=0.0000  pred=n/a    gold=true  running‐acc=0.464
Locality eval: pred=n/a               gold=n/a  correct=True  running‐acc=0.551
[  70/489] loss=0.0000  pred=n/a    gold=n/a  running‐acc=0.471
Locality eval: pred=n/a               gold=true  correct=False  running‐acc=0.543
[  71/489] loss=0.0000  pred=n/a    gold=true  running‐acc=0.465
Locality eval: pred=false             gold=n/a  correct=False  running‐acc=0.535
[  72/489] loss=0.0000  pred=n/a    gold=true  running‐acc=0.458
Locality eval: pred=n/a               gold=n/a  correct=True  running‐acc=0.542
[  73/489] loss=0.0000  pred=n/a    gold=n/a  running‐acc=0.466
Locality eval: pred=false             gold=true  correct=False  running‐acc=0.534
[  74/489] loss=0.0000  pred=n/a    gold=true  running‐acc=0.459
Locality eval: pred=false             gold=n/a  correct=False  running‐acc=0.527
[  75/489] loss=0.0000  pred=n/a    gold=n/a  running‐acc=0.467
Locality eval: pred=true              gold=true  correct=True  running‐acc=0.533
[  76/489] loss=0.0000  pred=n/a    gold=true  running‐acc=0.461
Locality eval: pred=n/a               gold=n/a  correct=True  running‐acc=0.539
[  77/489] loss=0.0000  pred=n/a    gold=n/a  running‐acc=0.468
Locality eval: pred=n/a               gold=true  correct=False  running‐acc=0.532
[  78/489] loss=0.0000  pred=true   gold=n/a  running‐acc=0.462
Locality eval: pred=true              gold=true  correct=True  running‐acc=0.538
[  79/489] loss=0.0000  pred=false  gold=true  running‐acc=0.456
Locality eval: pred=n/a               gold=n/a  correct=True  running‐acc=0.544
[  80/489] loss=0.0000  pred=true   gold=true  running‐acc=0.463
Locality eval: pred=false             gold=n/a  correct=False  running‐acc=0.537
[  81/489] loss=0.0000  pred=n/a    gold=true  running‐acc=0.457
Locality eval: pred=n/a               gold=n/a  correct=True  running‐acc=0.543
[  82/489] loss=0.0000  pred=true   gold=true  running‐acc=0.463
Locality eval: pred=false             gold=n/a  correct=False  running‐acc=0.537
[  83/489] loss=0.0000  pred=n/a    gold=n/a  running‐acc=0.470
Locality eval: pred=n/a               gold=true  correct=False  running‐acc=0.530
[  84/489] loss=0.0000  pred=n/a    gold=n/a  running‐acc=0.476
Locality eval: pred=n/a               gold=true  correct=False  running‐acc=0.524
[  85/489] loss=0.0000  pred=n/a    gold=true  running‐acc=0.471
Locality eval: pred=false             gold=n/a  correct=False  running‐acc=0.518
[  86/489] loss=0.0000  pred=true   gold=n/a  running‐acc=0.465
Locality eval: pred=false             gold=true  correct=False  running‐acc=0.512
[  87/489] loss=0.0000  pred=n/a    gold=true  running‐acc=0.460
Locality eval: pred=n/a               gold=n/a  correct=True  running‐acc=0.517
[  88/489] loss=0.0000  pred=n/a    gold=n/a  running‐acc=0.466
Locality eval: pred=false             gold=true  correct=False  running‐acc=0.511
[  89/489] loss=0.0000  pred=n/a    gold=n/a  running‐acc=0.472
Locality eval: pred=true              gold=true  correct=True  running‐acc=0.517
[  90/489] loss=0.0000  pred=n/a    gold=n/a  running‐acc=0.478
Locality eval: pred=false             gold=true  correct=False  running‐acc=0.511
[  91/489] loss=0.0000  pred=n/a    gold=n/a  running‐acc=0.484
Locality eval: pred=n/a               gold=true  correct=False  running‐acc=0.505
[  92/489] loss=0.0000  pred=n/a    gold=n/a  running‐acc=0.489
Locality eval: pred=true              gold=true  correct=True  running‐acc=0.511
[  93/489] loss=0.0000  pred=n/a    gold=true  running‐acc=0.484
Locality eval: pred=n/a               gold=n/a  correct=True  running‐acc=0.516
[  94/489] loss=0.0000  pred=n/a    gold=n/a  running‐acc=0.489
Locality eval: pred=true              gold=true  correct=True  running‐acc=0.521
[  95/489] loss=0.0000  pred=n/a    gold=n/a  running‐acc=0.495
Locality eval: pred=true              gold=true  correct=True  running‐acc=0.526
[  96/489] loss=0.0000  pred=n/a    gold=n/a  running‐acc=0.500
Locality eval: pred=false             gold=true  correct=False  running‐acc=0.521
[  97/489] loss=0.0000  pred=n/a    gold=true  running‐acc=0.495
Locality eval: pred=n/a               gold=n/a  correct=True  running‐acc=0.526
[  98/489] loss=0.0000  pred=n/a    gold=n/a  running‐acc=0.500
Locality eval: pred=false             gold=true  correct=False  running‐acc=0.520
[  99/489] loss=0.0000  pred=n/a    gold=n/a  running‐acc=0.505
Locality eval: pred=true              gold=true  correct=True  running‐acc=0.525
[ 100/489] loss=0.0000  pred=n/a    gold=true  running‐acc=0.500
Locality eval: pred=false             gold=n/a  correct=False  running‐acc=0.520
[ 101/489] loss=0.0000  pred=n/a    gold=n/a  running‐acc=0.505
Locality eval: pred=n/a               gold=true  correct=False  running‐acc=0.515
[ 102/489] loss=0.0000  pred=n/a    gold=true  running‐acc=0.500
Locality eval: pred=false             gold=n/a  correct=False  running‐acc=0.510
[ 103/489] loss=0.0000  pred=n/a    gold=true  running‐acc=0.495
Locality eval: pred=n/a               gold=n/a  correct=True  running‐acc=0.515
[ 104/489] loss=0.0000  pred=n/a    gold=n/a  running‐acc=0.500
Locality eval: pred=n/a               gold=true  correct=False  running‐acc=0.510
[ 105/489] loss=0.0000  pred=n/a    gold=true  running‐acc=0.495
Locality eval: pred=false             gold=n/a  correct=False  running‐acc=0.505
[ 106/489] loss=0.0000  pred=n/a    gold=true  running‐acc=0.491
Locality eval: pred=n/a               gold=n/a  correct=True  running‐acc=0.509
[ 107/489] loss=0.0000  pred=n/a    gold=true  running‐acc=0.486
Locality eval: pred=n/a               gold=n/a  correct=True  running‐acc=0.514
[ 108/489] loss=0.0000  pred=n/a    gold=n/a  running‐acc=0.491
Locality eval: pred=n/a               gold=true  correct=False  running‐acc=0.509
[ 109/489] loss=0.0000  pred=n/a    gold=n/a  running‐acc=0.495
Locality eval: pred=n/a               gold=true  correct=False  running‐acc=0.505
[ 110/489] loss=0.0000  pred=n/a    gold=n/a  running‐acc=0.500
Locality eval: pred=true              gold=true  correct=True  running‐acc=0.509
[ 111/489] loss=0.0000  pred=n/a    gold=n/a  running‐acc=0.505
Locality eval: pred=n/a               gold=true  correct=False  running‐acc=0.505
[ 112/489] loss=0.0000  pred=n/a    gold=n/a  running‐acc=0.509
Locality eval: pred=true              gold=true  correct=True  running‐acc=0.509
[ 113/489] loss=0.0000  pred=n/a    gold=true  running‐acc=0.504
Locality eval: pred=n/a               gold=n/a  correct=True  running‐acc=0.513
[ 114/489] loss=0.0000  pred=n/a    gold=n/a  running‐acc=0.509
Locality eval: pred=n/a               gold=true  correct=False  running‐acc=0.509
[ 115/489] loss=0.0000  pred=n/a    gold=true  running‐acc=0.504
Locality eval: pred=n/a               gold=n/a  correct=True  running‐acc=0.513
[ 116/489] loss=0.0000  pred=n/a    gold=true  running‐acc=0.500
Locality eval: pred=n/a               gold=n/a  correct=True  running‐acc=0.517
[ 117/489] loss=0.0000  pred=n/a    gold=true  running‐acc=0.496
Locality eval: pred=false             gold=n/a  correct=False  running‐acc=0.513
[ 118/489] loss=0.0000  pred=n/a    gold=n/a  running‐acc=0.500
Locality eval: pred=true              gold=true  correct=True  running‐acc=0.517
[ 119/489] loss=0.0000  pred=n/a    gold=true  running‐acc=0.496
Locality eval: pred=n/a               gold=n/a  correct=True  running‐acc=0.521
[ 120/489] loss=0.0000  pred=n/a    gold=n/a  running‐acc=0.500
Locality eval: pred=n/a               gold=true  correct=False  running‐acc=0.517
[ 121/489] loss=0.0000  pred=n/a    gold=true  running‐acc=0.496
Locality eval: pred=n/a               gold=n/a  correct=True  running‐acc=0.521
[ 122/489] loss=0.0000  pred=n/a    gold=true  running‐acc=0.492
Locality eval: pred=false             gold=n/a  correct=False  running‐acc=0.516
[ 123/489] loss=0.0000  pred=n/a    gold=true  running‐acc=0.488
Locality eval: pred=n/a               gold=n/a  correct=True  running‐acc=0.520
[ 124/489] loss=0.0000  pred=n/a    gold=true  running‐acc=0.484
Locality eval: pred=false             gold=n/a  correct=False  running‐acc=0.516
[ 125/489] loss=0.0000  pred=n/a    gold=n/a  running‐acc=0.488
Locality eval: pred=n/a               gold=true  correct=False  running‐acc=0.512
[ 126/489] loss=0.0000  pred=n/a    gold=n/a  running‐acc=0.492
Locality eval: pred=true              gold=true  correct=True  running‐acc=0.516
[ 127/489] loss=0.0000  pred=n/a    gold=true  running‐acc=0.488
Locality eval: pred=n/a               gold=n/a  correct=True  running‐acc=0.520
[ 128/489] loss=0.0000  pred=n/a    gold=true  running‐acc=0.484
Locality eval: pred=n/a               gold=n/a  correct=True  running‐acc=0.523
[ 129/489] loss=0.0000  pred=n/a    gold=n/a  running‐acc=0.488
Locality eval: pred=true              gold=true  correct=True  running‐acc=0.527
[ 130/489] loss=0.0000  pred=n/a    gold=n/a  running‐acc=0.492
Locality eval: pred=true              gold=true  correct=True  running‐acc=0.531
[ 131/489] loss=0.0000  pred=n/a    gold=true  running‐acc=0.489
Locality eval: pred=n/a               gold=n/a  correct=True  running‐acc=0.534
[ 132/489] loss=0.0000  pred=n/a    gold=n/a  running‐acc=0.492
Locality eval: pred=n/a               gold=true  correct=False  running‐acc=0.530
[ 133/489] loss=0.0000  pred=n/a    gold=n/a  running‐acc=0.496
Locality eval: pred=true              gold=true  correct=True  running‐acc=0.534
[ 134/489] loss=0.0000  pred=n/a    gold=n/a  running‐acc=0.500
Locality eval: pred=false             gold=true  correct=False  running‐acc=0.530
[ 135/489] loss=0.0000  pred=n/a    gold=n/a  running‐acc=0.504
Locality eval: pred=n/a               gold=true  correct=False  running‐acc=0.526
[ 136/489] loss=0.0000  pred=n/a    gold=true  running‐acc=0.500
Locality eval: pred=n/a               gold=n/a  correct=True  running‐acc=0.529
[ 137/489] loss=0.0000  pred=n/a    gold=true  running‐acc=0.496
Locality eval: pred=false             gold=n/a  correct=False  running‐acc=0.526
[ 138/489] loss=0.0000  pred=n/a    gold=true  running‐acc=0.493
Locality eval: pred=n/a               gold=n/a  correct=True  running‐acc=0.529
[ 139/489] loss=0.0000  pred=n/a    gold=n/a  running‐acc=0.496
Locality eval: pred=n/a               gold=true  correct=False  running‐acc=0.525
[ 140/489] loss=0.0000  pred=n/a    gold=n/a  running‐acc=0.500
Locality eval: pred=n/a               gold=true  correct=False  running‐acc=0.521
[ 141/489] loss=0.0000  pred=n/a    gold=true  running‐acc=0.496
Locality eval: pred=n/a               gold=n/a  correct=True  running‐acc=0.525
[ 142/489] loss=0.0000  pred=n/a    gold=n/a  running‐acc=0.500
Locality eval: pred=false             gold=true  correct=False  running‐acc=0.521
[ 143/489] loss=0.0000  pred=n/a    gold=true  running‐acc=0.497
Locality eval: pred=n/a               gold=n/a  correct=True  running‐acc=0.524
[ 144/489] loss=0.0000  pred=n/a    gold=true  running‐acc=0.493
Locality eval: pred=false             gold=n/a  correct=False  running‐acc=0.521
[ 145/489] loss=0.0000  pred=n/a    gold=true  running‐acc=0.490
Locality eval: pred=false             gold=n/a  correct=False  running‐acc=0.517
[ 146/489] loss=0.0000  pred=n/a    gold=true  running‐acc=0.486
Locality eval: pred=n/a               gold=n/a  correct=True  running‐acc=0.521
[ 147/489] loss=0.0000  pred=n/a    gold=n/a  running‐acc=0.490
Locality eval: pred=n/a               gold=true  correct=False  running‐acc=0.517
[ 148/489] loss=0.0000  pred=n/a    gold=true  running‐acc=0.486
Locality eval: pred=false             gold=n/a  correct=False  running‐acc=0.514
[ 149/489] loss=0.0000  pred=n/a    gold=n/a  running‐acc=0.490
Locality eval: pred=true              gold=true  correct=True  running‐acc=0.517
[ 150/489] loss=0.0000  pred=n/a    gold=n/a  running‐acc=0.493
Locality eval: pred=false             gold=true  correct=False  running‐acc=0.513
[ 151/489] loss=0.0000  pred=true   gold=true  running‐acc=0.497
Locality eval: pred=n/a               gold=n/a  correct=True  running‐acc=0.517
[ 152/489] loss=0.0000  pred=n/a    gold=n/a  running‐acc=0.500
Locality eval: pred=n/a               gold=true  correct=False  running‐acc=0.513
[ 153/489] loss=0.0000  pred=n/a    gold=n/a  running‐acc=0.503
Locality eval: pred=n/a               gold=true  correct=False  running‐acc=0.510
[ 154/489] loss=0.0000  pred=n/a    gold=true  running‐acc=0.500
Locality eval: pred=n/a               gold=n/a  correct=True  running‐acc=0.513
[ 155/489] loss=0.0000  pred=n/a    gold=true  running‐acc=0.497
Locality eval: pred=n/a               gold=n/a  correct=True  running‐acc=0.516
[ 156/489] loss=0.0000  pred=n/a    gold=n/a  running‐acc=0.500
Locality eval: pred=true              gold=true  correct=True  running‐acc=0.519
[ 157/489] loss=0.0000  pred=n/a    gold=n/a  running‐acc=0.503
Locality eval: pred=true              gold=true  correct=True  running‐acc=0.522
[ 158/489] loss=0.0000  pred=n/a    gold=n/a  running‐acc=0.506
Locality eval: pred=n/a               gold=true  correct=False  running‐acc=0.519
[ 159/489] loss=0.0000  pred=n/a    gold=n/a  running‐acc=0.509
Locality eval: pred=true              gold=true  correct=True  running‐acc=0.522
[ 160/489] loss=0.0000  pred=n/a    gold=n/a  running‐acc=0.512
Locality eval: pred=false             gold=true  correct=False  running‐acc=0.519
[ 161/489] loss=0.0000  pred=n/a    gold=n/a  running‐acc=0.516
Locality eval: pred=n/a               gold=true  correct=False  running‐acc=0.516
[ 162/489] loss=0.0000  pred=n/a    gold=true  running‐acc=0.512
Locality eval: pred=n/a               gold=n/a  correct=True  running‐acc=0.519
[ 163/489] loss=0.0000  pred=n/a    gold=n/a  running‐acc=0.515
Locality eval: pred=false             gold=true  correct=False  running‐acc=0.515
[ 164/489] loss=0.0000  pred=n/a    gold=n/a  running‐acc=0.518
Locality eval: pred=true              gold=true  correct=True  running‐acc=0.518
[ 165/489] loss=0.0000  pred=n/a    gold=true  running‐acc=0.515
Locality eval: pred=n/a               gold=n/a  correct=True  running‐acc=0.521
[ 166/489] loss=0.0000  pred=n/a    gold=n/a  running‐acc=0.518
Locality eval: pred=n/a               gold=true  correct=False  running‐acc=0.518
[ 167/489] loss=0.0000  pred=n/a    gold=true  running‐acc=0.515
Locality eval: pred=n/a               gold=n/a  correct=True  running‐acc=0.521
[ 168/489] loss=0.0000  pred=n/a    gold=n/a  running‐acc=0.518
Locality eval: pred=true              gold=true  correct=True  running‐acc=0.524
[ 169/489] loss=0.0000  pred=n/a    gold=true  running‐acc=0.515
Locality eval: pred=n/a               gold=n/a  correct=True  running‐acc=0.527
[ 170/489] loss=0.0000  pred=n/a    gold=true  running‐acc=0.512
Locality eval: pred=n/a               gold=n/a  correct=True  running‐acc=0.529
[ 171/489] loss=0.0000  pred=true   gold=true  running‐acc=0.515
Locality eval: pred=n/a               gold=n/a  correct=True  running‐acc=0.532
[ 172/489] loss=0.0000  pred=n/a    gold=true  running‐acc=0.512
Locality eval: pred=false             gold=n/a  correct=False  running‐acc=0.529
[ 173/489] loss=0.0000  pred=false  gold=n/a  running‐acc=0.509
Locality eval: pred=true              gold=true  correct=True  running‐acc=0.532
[ 174/489] loss=0.0000  pred=n/a    gold=true  running‐acc=0.506
Locality eval: pred=n/a               gold=n/a  correct=True  running‐acc=0.534
[ 175/489] loss=0.0000  pred=n/a    gold=true  running‐acc=0.503
Locality eval: pred=n/a               gold=n/a  correct=True  running‐acc=0.537
[ 176/489] loss=0.0000  pred=n/a    gold=true  running‐acc=0.500
Locality eval: pred=n/a               gold=n/a  correct=True  running‐acc=0.540
[ 177/489] loss=0.0000  pred=n/a    gold=n/a  running‐acc=0.503
Locality eval: pred=true              gold=true  correct=True  running‐acc=0.542
[ 178/489] loss=0.0000  pred=n/a    gold=true  running‐acc=0.500
Locality eval: pred=false             gold=n/a  correct=False  running‐acc=0.539
[ 179/489] loss=0.0000  pred=n/a    gold=n/a  running‐acc=0.503
Locality eval: pred=n/a               gold=true  correct=False  running‐acc=0.536
[ 180/489] loss=0.0000  pred=n/a    gold=true  running‐acc=0.500
Locality eval: pred=n/a               gold=n/a  correct=True  running‐acc=0.539
[ 181/489] loss=0.0000  pred=n/a    gold=true  running‐acc=0.497
Locality eval: pred=n/a               gold=n/a  correct=True  running‐acc=0.541
[ 182/489] loss=0.0000  pred=n/a    gold=n/a  running‐acc=0.500
Locality eval: pred=n/a               gold=true  correct=False  running‐acc=0.538
[ 183/489] loss=0.0000  pred=n/a    gold=n/a  running‐acc=0.503
Locality eval: pred=true              gold=true  correct=True  running‐acc=0.541
[ 184/489] loss=0.0000  pred=n/a    gold=true  running‐acc=0.500
Locality eval: pred=n/a               gold=n/a  correct=True  running‐acc=0.543
[ 185/489] loss=0.0000  pred=n/a    gold=true  running‐acc=0.497
Locality eval: pred=true              gold=n/a  correct=False  running‐acc=0.541
[ 186/489] loss=0.0000  pred=n/a    gold=n/a  running‐acc=0.500
Locality eval: pred=true              gold=true  correct=True  running‐acc=0.543
[ 187/489] loss=0.0000  pred=n/a    gold=true  running‐acc=0.497
Locality eval: pred=false             gold=n/a  correct=False  running‐acc=0.540
[ 188/489] loss=0.0000  pred=n/a    gold=true  running‐acc=0.495
Locality eval: pred=n/a               gold=n/a  correct=True  running‐acc=0.543
[ 189/489] loss=0.0000  pred=n/a    gold=n/a  running‐acc=0.497
Locality eval: pred=n/a               gold=true  correct=False  running‐acc=0.540
[ 190/489] loss=0.0000  pred=n/a    gold=true  running‐acc=0.495
Locality eval: pred=n/a               gold=n/a  correct=True  running‐acc=0.542
[ 191/489] loss=0.0000  pred=n/a    gold=true  running‐acc=0.492
Locality eval: pred=n/a               gold=n/a  correct=True  running‐acc=0.545
[ 192/489] loss=0.0000  pred=n/a    gold=n/a  running‐acc=0.495
Locality eval: pred=true              gold=true  correct=True  running‐acc=0.547
[ 193/489] loss=0.0000  pred=n/a    gold=n/a  running‐acc=0.497
Locality eval: pred=true              gold=true  correct=True  running‐acc=0.549
[ 194/489] loss=0.0000  pred=n/a    gold=n/a  running‐acc=0.500
Locality eval: pred=true              gold=true  correct=True  running‐acc=0.552
[ 195/489] loss=0.0000  pred=n/a    gold=n/a  running‐acc=0.503
Locality eval: pred=false             gold=true  correct=False  running‐acc=0.549
[ 196/489] loss=0.0000  pred=n/a    gold=n/a  running‐acc=0.505
Locality eval: pred=n/a               gold=true  correct=False  running‐acc=0.546
[ 197/489] loss=0.0000  pred=n/a    gold=true  running‐acc=0.503
Locality eval: pred=n/a               gold=n/a  correct=True  running‐acc=0.548
[ 198/489] loss=0.0000  pred=n/a    gold=true  running‐acc=0.500
Locality eval: pred=false             gold=n/a  correct=False  running‐acc=0.545
[ 199/489] loss=0.0000  pred=n/a    gold=n/a  running‐acc=0.503
Locality eval: pred=true              gold=true  correct=True  running‐acc=0.548
[ 200/489] loss=0.0000  pred=n/a    gold=n/a  running‐acc=0.505
Locality eval: pred=true              gold=true  correct=True  running‐acc=0.550
[ 201/489] loss=0.0000  pred=n/a    gold=true  running‐acc=0.502
Locality eval: pred=n/a               gold=n/a  correct=True  running‐acc=0.552
[ 202/489] loss=0.0000  pred=n/a    gold=n/a  running‐acc=0.505
Locality eval: pred=n/a               gold=true  correct=False  running‐acc=0.550
[ 203/489] loss=0.0000  pred=n/a    gold=n/a  running‐acc=0.507
Locality eval: pred=n/a               gold=true  correct=False  running‐acc=0.547
[ 204/489] loss=0.0000  pred=n/a    gold=n/a  running‐acc=0.510
Locality eval: pred=true              gold=true  correct=True  running‐acc=0.549
[ 205/489] loss=0.0000  pred=n/a    gold=n/a  running‐acc=0.512
Locality eval: pred=n/a               gold=true  correct=False  running‐acc=0.546
[ 206/489] loss=0.0000  pred=n/a    gold=n/a  running‐acc=0.515
Locality eval: pred=true              gold=true  correct=True  running‐acc=0.549
[ 207/489] loss=0.0000  pred=n/a    gold=n/a  running‐acc=0.517
Locality eval: pred=n/a               gold=true  correct=False  running‐acc=0.546
[ 208/489] loss=0.0000  pred=true   gold=true  running‐acc=0.519
Locality eval: pred=n/a               gold=n/a  correct=True  running‐acc=0.548
[ 209/489] loss=0.0000  pred=n/a    gold=true  running‐acc=0.517
Locality eval: pred=n/a               gold=n/a  correct=True  running‐acc=0.550
[ 210/489] loss=0.0000  pred=n/a    gold=n/a  running‐acc=0.519
Locality eval: pred=true              gold=true  correct=True  running‐acc=0.552
[ 211/489] loss=0.0000  pred=n/a    gold=n/a  running‐acc=0.521
Locality eval: pred=true              gold=true  correct=True  running‐acc=0.555
[ 212/489] loss=0.0000  pred=false  gold=true  running‐acc=0.519
Locality eval: pred=n/a               gold=n/a  correct=True  running‐acc=0.557
[ 213/489] loss=0.0000  pred=n/a    gold=n/a  running‐acc=0.521
Locality eval: pred=n/a               gold=true  correct=False  running‐acc=0.554
[ 214/489] loss=0.0000  pred=n/a    gold=n/a  running‐acc=0.523
Locality eval: pred=false             gold=true  correct=False  running‐acc=0.551
[ 215/489] loss=0.0000  pred=n/a    gold=n/a  running‐acc=0.526
Locality eval: pred=n/a               gold=true  correct=False  running‐acc=0.549
[ 216/489] loss=0.0000  pred=n/a    gold=n/a  running‐acc=0.528
Locality eval: pred=false             gold=true  correct=False  running‐acc=0.546
[ 217/489] loss=0.0000  pred=n/a    gold=n/a  running‐acc=0.530
Locality eval: pred=true              gold=true  correct=True  running‐acc=0.548
[ 218/489] loss=0.0000  pred=n/a    gold=true  running‐acc=0.528
Locality eval: pred=n/a               gold=n/a  correct=True  running‐acc=0.550
[ 219/489] loss=0.0000  pred=true   gold=true  running‐acc=0.530
Locality eval: pred=n/a               gold=n/a  correct=True  running‐acc=0.553
[ 220/489] loss=0.0000  pred=n/a    gold=n/a  running‐acc=0.532
Locality eval: pred=true              gold=true  correct=True  running‐acc=0.555
[ 221/489] loss=0.0000  pred=n/a    gold=n/a  running‐acc=0.534
Locality eval: pred=false             gold=true  correct=False  running‐acc=0.552
[ 222/489] loss=0.0000  pred=n/a    gold=n/a  running‐acc=0.536
Locality eval: pred=false             gold=true  correct=False  running‐acc=0.550
[ 223/489] loss=0.0000  pred=n/a    gold=true  running‐acc=0.534
Locality eval: pred=false             gold=n/a  correct=False  running‐acc=0.547
[ 224/489] loss=0.0000  pred=n/a    gold=true  running‐acc=0.531
Locality eval: pred=n/a               gold=n/a  correct=True  running‐acc=0.549
[ 225/489] loss=0.0000  pred=n/a    gold=true  running‐acc=0.529
Locality eval: pred=n/a               gold=n/a  correct=True  running‐acc=0.551
[ 226/489] loss=0.0000  pred=n/a    gold=true  running‐acc=0.527
Locality eval: pred=false             gold=n/a  correct=False  running‐acc=0.549
[ 227/489] loss=0.0000  pred=false  gold=n/a  running‐acc=0.524
Locality eval: pred=n/a               gold=true  correct=False  running‐acc=0.546
[ 228/489] loss=0.0000  pred=n/a    gold=n/a  running‐acc=0.526
Locality eval: pred=false             gold=true  correct=False  running‐acc=0.544
[ 229/489] loss=0.0000  pred=n/a    gold=true  running‐acc=0.524
Locality eval: pred=false             gold=n/a  correct=False  running‐acc=0.541
[ 230/489] loss=0.0000  pred=n/a    gold=n/a  running‐acc=0.526
Locality eval: pred=true              gold=true  correct=True  running‐acc=0.543
[ 231/489] loss=0.0000  pred=n/a    gold=true  running‐acc=0.524
Locality eval: pred=false             gold=n/a  correct=False  running‐acc=0.541
[ 232/489] loss=0.0000  pred=n/a    gold=n/a  running‐acc=0.526
Locality eval: pred=n/a               gold=true  correct=False  running‐acc=0.539
[ 233/489] loss=0.0000  pred=n/a    gold=true  running‐acc=0.524
Locality eval: pred=n/a               gold=n/a  correct=True  running‐acc=0.541
[ 234/489] loss=0.0000  pred=n/a    gold=n/a  running‐acc=0.526
Locality eval: pred=true              gold=true  correct=True  running‐acc=0.543
[ 235/489] loss=0.0000  pred=n/a    gold=true  running‐acc=0.523
Locality eval: pred=n/a               gold=n/a  correct=True  running‐acc=0.545
[ 236/489] loss=0.0000  pred=n/a    gold=n/a  running‐acc=0.525
Locality eval: pred=n/a               gold=true  correct=False  running‐acc=0.542
[ 237/489] loss=0.0000  pred=n/a    gold=true  running‐acc=0.523
Locality eval: pred=n/a               gold=n/a  correct=True  running‐acc=0.544
[ 238/489] loss=0.0000  pred=false  gold=n/a  running‐acc=0.521
Locality eval: pred=true              gold=true  correct=True  running‐acc=0.546
[ 239/489] loss=0.0000  pred=n/a    gold=true  running‐acc=0.519
Locality eval: pred=n/a               gold=n/a  correct=True  running‐acc=0.548
[ 240/489] loss=0.0000  pred=n/a    gold=true  running‐acc=0.517
Locality eval: pred=false             gold=n/a  correct=False  running‐acc=0.546
[ 241/489] loss=0.0000  pred=n/a    gold=true  running‐acc=0.515
Locality eval: pred=false             gold=n/a  correct=False  running‐acc=0.544
[ 242/489] loss=0.0000  pred=n/a    gold=true  running‐acc=0.512
Locality eval: pred=n/a               gold=n/a  correct=True  running‐acc=0.545
[ 243/489] loss=0.0000  pred=n/a    gold=true  running‐acc=0.510
Locality eval: pred=false             gold=n/a  correct=False  running‐acc=0.543
[ 244/489] loss=0.0000  pred=n/a    gold=true  running‐acc=0.508
Locality eval: pred=n/a               gold=n/a  correct=True  running‐acc=0.545
[ 245/489] loss=0.0000  pred=n/a    gold=true  running‐acc=0.506
Locality eval: pred=false             gold=n/a  correct=False  running‐acc=0.543
[ 246/489] loss=0.0000  pred=n/a    gold=n/a  running‐acc=0.508
Locality eval: pred=false             gold=true  correct=False  running‐acc=0.541
[ 247/489] loss=0.0000  pred=n/a    gold=true  running‐acc=0.506
Locality eval: pred=false             gold=n/a  correct=False  running‐acc=0.538
[ 248/489] loss=0.0000  pred=n/a    gold=true  running‐acc=0.504
Locality eval: pred=n/a               gold=n/a  correct=True  running‐acc=0.540
[ 249/489] loss=0.0000  pred=n/a    gold=true  running‐acc=0.502
Locality eval: pred=false             gold=n/a  correct=False  running‐acc=0.538
[ 250/489] loss=0.0000  pred=n/a    gold=true  running‐acc=0.500
Locality eval: pred=false             gold=n/a  correct=False  running‐acc=0.536
[ 251/489] loss=0.0000  pred=true   gold=n/a  running‐acc=0.498
Locality eval: pred=false             gold=true  correct=False  running‐acc=0.534
[ 252/489] loss=0.0000  pred=n/a    gold=n/a  running‐acc=0.500
Locality eval: pred=n/a               gold=true  correct=False  running‐acc=0.532
[ 253/489] loss=0.0000  pred=n/a    gold=n/a  running‐acc=0.502
Locality eval: pred=true              gold=true  correct=True  running‐acc=0.534
[ 254/489] loss=0.0000  pred=n/a    gold=n/a  running‐acc=0.504
Locality eval: pred=n/a               gold=true  correct=False  running‐acc=0.531
[ 255/489] loss=0.0000  pred=n/a    gold=true  running‐acc=0.502
Locality eval: pred=n/a               gold=n/a  correct=True  running‐acc=0.533
[ 256/489] loss=0.0000  pred=n/a    gold=true  running‐acc=0.500
Locality eval: pred=n/a               gold=n/a  correct=True  running‐acc=0.535
[ 257/489] loss=0.0000  pred=n/a    gold=true  running‐acc=0.498
Locality eval: pred=n/a               gold=n/a  correct=True  running‐acc=0.537
[ 258/489] loss=0.0000  pred=n/a    gold=n/a  running‐acc=0.500
Locality eval: pred=true              gold=true  correct=True  running‐acc=0.539
[ 259/489] loss=0.0000  pred=n/a    gold=true  running‐acc=0.498
Locality eval: pred=n/a               gold=n/a  correct=True  running‐acc=0.541
[ 260/489] loss=0.0000  pred=n/a    gold=n/a  running‐acc=0.500
Locality eval: pred=n/a               gold=true  correct=False  running‐acc=0.538
[ 261/489] loss=0.0000  pred=n/a    gold=true  running‐acc=0.498
Locality eval: pred=false             gold=n/a  correct=False  running‐acc=0.536
[ 262/489] loss=0.0000  pred=n/a    gold=n/a  running‐acc=0.500
Locality eval: pred=false             gold=true  correct=False  running‐acc=0.534
[ 263/489] loss=0.0000  pred=n/a    gold=true  running‐acc=0.498
Locality eval: pred=n/a               gold=n/a  correct=True  running‐acc=0.536
[ 264/489] loss=0.0000  pred=n/a    gold=true  running‐acc=0.496
Locality eval: pred=false             gold=n/a  correct=False  running‐acc=0.534
[ 265/489] loss=0.0000  pred=false  gold=true  running‐acc=0.494
Locality eval: pred=false             gold=n/a  correct=False  running‐acc=0.532
[ 266/489] loss=0.0000  pred=n/a    gold=n/a  running‐acc=0.496
Locality eval: pred=false             gold=true  correct=False  running‐acc=0.530
[ 267/489] loss=0.0000  pred=n/a    gold=true  running‐acc=0.494
Locality eval: pred=n/a               gold=n/a  correct=True  running‐acc=0.532
[ 268/489] loss=0.0000  pred=n/a    gold=true  running‐acc=0.493
Locality eval: pred=n/a               gold=n/a  correct=True  running‐acc=0.534
[ 269/489] loss=0.0000  pred=n/a    gold=true  running‐acc=0.491
Locality eval: pred=n/a               gold=n/a  correct=True  running‐acc=0.535
[ 270/489] loss=0.0000  pred=n/a    gold=true  running‐acc=0.489
Locality eval: pred=false             gold=n/a  correct=False  running‐acc=0.533
[ 271/489] loss=0.0000  pred=n/a    gold=n/a  running‐acc=0.491
Locality eval: pred=false             gold=true  correct=False  running‐acc=0.531
[ 272/489] loss=0.0000  pred=n/a    gold=n/a  running‐acc=0.493
Locality eval: pred=false             gold=true  correct=False  running‐acc=0.529
[ 273/489] loss=0.0000  pred=true   gold=true  running‐acc=0.495
Locality eval: pred=false             gold=n/a  correct=False  running‐acc=0.527
[ 274/489] loss=0.0000  pred=true   gold=true  running‐acc=0.496
Locality eval: pred=n/a               gold=n/a  correct=True  running‐acc=0.529
[ 275/489] loss=0.0000  pred=n/a    gold=true  running‐acc=0.495
Locality eval: pred=n/a               gold=n/a  correct=True  running‐acc=0.531
[ 276/489] loss=0.0000  pred=true   gold=true  running‐acc=0.496
Locality eval: pred=n/a               gold=n/a  correct=True  running‐acc=0.533
[ 277/489] loss=0.0000  pred=true   gold=n/a  running‐acc=0.495
Locality eval: pred=n/a               gold=true  correct=False  running‐acc=0.531
[ 278/489] loss=0.0000  pred=n/a    gold=true  running‐acc=0.493
Locality eval: pred=n/a               gold=n/a  correct=True  running‐acc=0.532
[ 279/489] loss=0.0000  pred=n/a    gold=true  running‐acc=0.491
Locality eval: pred=n/a               gold=n/a  correct=True  running‐acc=0.534
[ 280/489] loss=0.0000  pred=n/a    gold=n/a  running‐acc=0.493
Locality eval: pred=true              gold=true  correct=True  running‐acc=0.536
[ 281/489] loss=0.0000  pred=n/a    gold=n/a  running‐acc=0.495
Locality eval: pred=true              gold=true  correct=True  running‐acc=0.537
[ 282/489] loss=0.0000  pred=n/a    gold=n/a  running‐acc=0.496
Locality eval: pred=false             gold=true  correct=False  running‐acc=0.535
[ 283/489] loss=0.0000  pred=n/a    gold=n/a  running‐acc=0.498
Locality eval: pred=true              gold=true  correct=True  running‐acc=0.537
[ 284/489] loss=0.0000  pred=n/a    gold=n/a  running‐acc=0.500
Locality eval: pred=true              gold=true  correct=True  running‐acc=0.539
[ 285/489] loss=0.0000  pred=n/a    gold=n/a  running‐acc=0.502
Locality eval: pred=n/a               gold=true  correct=False  running‐acc=0.537
[ 286/489] loss=0.0000  pred=n/a    gold=true  running‐acc=0.500
Locality eval: pred=n/a               gold=n/a  correct=True  running‐acc=0.538
[ 287/489] loss=0.0000  pred=n/a    gold=n/a  running‐acc=0.502
Locality eval: pred=n/a               gold=true  correct=False  running‐acc=0.537
[ 288/489] loss=0.0000  pred=n/a    gold=n/a  running‐acc=0.503
Locality eval: pred=false             gold=true  correct=False  running‐acc=0.535
[ 289/489] loss=0.0000  pred=n/a    gold=true  running‐acc=0.502
Locality eval: pred=n/a               gold=n/a  correct=True  running‐acc=0.536
[ 290/489] loss=0.0000  pred=n/a    gold=true  running‐acc=0.500
Locality eval: pred=n/a               gold=n/a  correct=True  running‐acc=0.538
[ 291/489] loss=0.0000  pred=n/a    gold=true  running‐acc=0.498
Locality eval: pred=n/a               gold=n/a  correct=True  running‐acc=0.540
[ 292/489] loss=0.0000  pred=n/a    gold=n/a  running‐acc=0.500
Locality eval: pred=true              gold=true  correct=True  running‐acc=0.541
[ 293/489] loss=0.0000  pred=n/a    gold=true  running‐acc=0.498
Locality eval: pred=n/a               gold=n/a  correct=True  running‐acc=0.543
[ 294/489] loss=0.0000  pred=n/a    gold=true  running‐acc=0.497
Locality eval: pred=n/a               gold=n/a  correct=True  running‐acc=0.544
[ 295/489] loss=0.0000  pred=n/a    gold=n/a  running‐acc=0.498
Locality eval: pred=true              gold=true  correct=True  running‐acc=0.546
[ 296/489] loss=0.0000  pred=n/a    gold=n/a  running‐acc=0.500
Locality eval: pred=n/a               gold=true  correct=False  running‐acc=0.544
[ 297/489] loss=0.0000  pred=n/a    gold=n/a  running‐acc=0.502
Locality eval: pred=false             gold=true  correct=False  running‐acc=0.542
[ 298/489] loss=0.0000  pred=n/a    gold=true  running‐acc=0.500
Locality eval: pred=n/a               gold=n/a  correct=True  running‐acc=0.544
[ 299/489] loss=0.0000  pred=n/a    gold=true  running‐acc=0.498
Locality eval: pred=false             gold=n/a  correct=False  running‐acc=0.542
[ 300/489] loss=0.0000  pred=n/a    gold=n/a  running‐acc=0.500
Locality eval: pred=false             gold=true  correct=False  running‐acc=0.540
[ 301/489] loss=0.0000  pred=n/a    gold=n/a  running‐acc=0.502
Locality eval: pred=true              gold=true  correct=True  running‐acc=0.542
[ 302/489] loss=0.0000  pred=n/a    gold=n/a  running‐acc=0.503
Locality eval: pred=false             gold=true  correct=False  running‐acc=0.540
[ 303/489] loss=0.0000  pred=n/a    gold=true  running‐acc=0.502
Locality eval: pred=n/a               gold=n/a  correct=True  running‐acc=0.541
[ 304/489] loss=0.0000  pred=n/a    gold=n/a  running‐acc=0.503
Locality eval: pred=true              gold=true  correct=True  running‐acc=0.543
[ 305/489] loss=0.0000  pred=n/a    gold=n/a  running‐acc=0.505
Locality eval: pred=false             gold=true  correct=False  running‐acc=0.541
[ 306/489] loss=0.0000  pred=n/a    gold=true  running‐acc=0.503
Locality eval: pred=n/a               gold=n/a  correct=True  running‐acc=0.542
[ 307/489] loss=0.0000  pred=n/a    gold=true  running‐acc=0.502
Locality eval: pred=false             gold=n/a  correct=False  running‐acc=0.541
[ 308/489] loss=0.0000  pred=n/a    gold=true  running‐acc=0.500
Locality eval: pred=false             gold=n/a  correct=False  running‐acc=0.539
[ 309/489] loss=0.0000  pred=n/a    gold=n/a  running‐acc=0.502
Locality eval: pred=false             gold=true  correct=False  running‐acc=0.537
[ 310/489] loss=0.0000  pred=n/a    gold=true  running‐acc=0.500
Locality eval: pred=n/a               gold=n/a  correct=True  running‐acc=0.539
[ 311/489] loss=0.0000  pred=n/a    gold=n/a  running‐acc=0.502
Locality eval: pred=n/a               gold=true  correct=False  running‐acc=0.537
[ 312/489] loss=0.0000  pred=n/a    gold=n/a  running‐acc=0.503
Locality eval: pred=false             gold=true  correct=False  running‐acc=0.535
[ 313/489] loss=0.0000  pred=n/a    gold=true  running‐acc=0.502
Locality eval: pred=n/a               gold=n/a  correct=True  running‐acc=0.537
[ 314/489] loss=0.0000  pred=n/a    gold=n/a  running‐acc=0.503
Locality eval: pred=false             gold=true  correct=False  running‐acc=0.535
[ 315/489] loss=0.0000  pred=n/a    gold=n/a  running‐acc=0.505
Locality eval: pred=false             gold=true  correct=False  running‐acc=0.533
[ 316/489] loss=0.0000  pred=false  gold=n/a  running‐acc=0.503
Locality eval: pred=n/a               gold=true  correct=False  running‐acc=0.532
[ 317/489] loss=0.0000  pred=n/a    gold=n/a  running‐acc=0.505
Locality eval: pred=false             gold=true  correct=False  running‐acc=0.530
[ 318/489] loss=0.0000  pred=n/a    gold=true  running‐acc=0.503
Locality eval: pred=false             gold=n/a  correct=False  running‐acc=0.528
[ 319/489] loss=0.0000  pred=n/a    gold=n/a  running‐acc=0.505
Locality eval: pred=true              gold=true  correct=True  running‐acc=0.530
[ 320/489] loss=0.0000  pred=n/a    gold=n/a  running‐acc=0.506
Locality eval: pred=n/a               gold=true  correct=False  running‐acc=0.528
[ 321/489] loss=0.0000  pred=n/a    gold=n/a  running‐acc=0.508
Locality eval: pred=n/a               gold=true  correct=False  running‐acc=0.526
[ 322/489] loss=0.0000  pred=n/a    gold=n/a  running‐acc=0.509
Locality eval: pred=n/a               gold=true  correct=False  running‐acc=0.525
[ 323/489] loss=0.0000  pred=n/a    gold=true  running‐acc=0.508
Locality eval: pred=n/a               gold=n/a  correct=True  running‐acc=0.526
[ 324/489] loss=0.0000  pred=n/a    gold=n/a  running‐acc=0.509
Locality eval: pred=true              gold=true  correct=True  running‐acc=0.528
[ 325/489] loss=0.0000  pred=true   gold=true  running‐acc=0.511
Locality eval: pred=false             gold=n/a  correct=False  running‐acc=0.526
[ 326/489] loss=0.0000  pred=n/a    gold=n/a  running‐acc=0.512
Locality eval: pred=true              gold=true  correct=True  running‐acc=0.528
[ 327/489] loss=0.0000  pred=true   gold=true  running‐acc=0.514
Locality eval: pred=false             gold=n/a  correct=False  running‐acc=0.526
[ 328/489] loss=0.0000  pred=n/a    gold=true  running‐acc=0.512
Locality eval: pred=false             gold=n/a  correct=False  running‐acc=0.524
[ 329/489] loss=0.0000  pred=n/a    gold=n/a  running‐acc=0.514
Locality eval: pred=n/a               gold=true  correct=False  running‐acc=0.523
[ 330/489] loss=0.0000  pred=true   gold=true  running‐acc=0.515
Locality eval: pred=n/a               gold=n/a  correct=True  running‐acc=0.524
[ 331/489] loss=0.0000  pred=n/a    gold=true  running‐acc=0.514
Locality eval: pred=false             gold=n/a  correct=False  running‐acc=0.523
[ 332/489] loss=0.0000  pred=n/a    gold=n/a  running‐acc=0.515
Locality eval: pred=n/a               gold=true  correct=False  running‐acc=0.521
[ 333/489] loss=0.0000  pred=true   gold=n/a  running‐acc=0.514
Locality eval: pred=n/a               gold=true  correct=False  running‐acc=0.520
[ 334/489] loss=0.0000  pred=n/a    gold=n/a  running‐acc=0.515
Locality eval: pred=true              gold=true  correct=True  running‐acc=0.521
[ 335/489] loss=0.0000  pred=n/a    gold=true  running‐acc=0.513
Locality eval: pred=false             gold=n/a  correct=False  running‐acc=0.519
[ 336/489] loss=0.0000  pred=n/a    gold=true  running‐acc=0.512
Locality eval: pred=false             gold=n/a  correct=False  running‐acc=0.518
[ 337/489] loss=0.0000  pred=true   gold=n/a  running‐acc=0.510
Locality eval: pred=false             gold=true  correct=False  running‐acc=0.516
[ 338/489] loss=0.0000  pred=n/a    gold=true  running‐acc=0.509
Locality eval: pred=false             gold=n/a  correct=False  running‐acc=0.515
[ 339/489] loss=0.0000  pred=n/a    gold=n/a  running‐acc=0.510
Locality eval: pred=n/a               gold=true  correct=False  running‐acc=0.513
[ 340/489] loss=0.0000  pred=n/a    gold=n/a  running‐acc=0.512
Locality eval: pred=n/a               gold=true  correct=False  running‐acc=0.512
[ 341/489] loss=0.0000  pred=n/a    gold=n/a  running‐acc=0.513
Locality eval: pred=true              gold=true  correct=True  running‐acc=0.513
[ 342/489] loss=0.0000  pred=n/a    gold=true  running‐acc=0.512
Locality eval: pred=n/a               gold=n/a  correct=True  running‐acc=0.515
[ 343/489] loss=0.0000  pred=n/a    gold=n/a  running‐acc=0.513
Locality eval: pred=true              gold=true  correct=True  running‐acc=0.516
[ 344/489] loss=0.0000  pred=n/a    gold=true  running‐acc=0.512
Locality eval: pred=false             gold=n/a  correct=False  running‐acc=0.515
[ 345/489] loss=0.0000  pred=n/a    gold=true  running‐acc=0.510
Locality eval: pred=n/a               gold=n/a  correct=True  running‐acc=0.516
[ 346/489] loss=0.0000  pred=true   gold=true  running‐acc=0.512
Locality eval: pred=n/a               gold=n/a  correct=True  running‐acc=0.517
[ 347/489] loss=0.0000  pred=n/a    gold=n/a  running‐acc=0.513
Locality eval: pred=n/a               gold=true  correct=False  running‐acc=0.516
[ 348/489] loss=0.0000  pred=n/a    gold=n/a  running‐acc=0.514
Locality eval: pred=false             gold=true  correct=False  running‐acc=0.514
[ 349/489] loss=0.0000  pred=n/a    gold=true  running‐acc=0.513
Locality eval: pred=n/a               gold=n/a  correct=True  running‐acc=0.516
[ 350/489] loss=0.0000  pred=true   gold=true  running‐acc=0.514
Locality eval: pred=n/a               gold=n/a  correct=True  running‐acc=0.517
[ 351/489] loss=0.0000  pred=n/a    gold=n/a  running‐acc=0.516
Locality eval: pred=false             gold=true  correct=False  running‐acc=0.516
[ 352/489] loss=0.0000  pred=n/a    gold=n/a  running‐acc=0.517
Locality eval: pred=true              gold=true  correct=True  running‐acc=0.517
[ 353/489] loss=0.0000  pred=n/a    gold=true  running‐acc=0.516
Locality eval: pred=false             gold=n/a  correct=False  running‐acc=0.516
[ 354/489] loss=0.0000  pred=n/a    gold=n/a  running‐acc=0.517
Locality eval: pred=n/a               gold=true  correct=False  running‐acc=0.514
[ 355/489] loss=0.0000  pred=n/a    gold=true  running‐acc=0.515
Locality eval: pred=false             gold=n/a  correct=False  running‐acc=0.513
[ 356/489] loss=0.0000  pred=n/a    gold=n/a  running‐acc=0.517
Locality eval: pred=true              gold=true  correct=True  running‐acc=0.514
[ 357/489] loss=0.0000  pred=n/a    gold=n/a  running‐acc=0.518
Locality eval: pred=true              gold=true  correct=True  running‐acc=0.515
[ 358/489] loss=0.0000  pred=n/a    gold=n/a  running‐acc=0.520
Locality eval: pred=false             gold=true  correct=False  running‐acc=0.514
[ 359/489] loss=0.0000  pred=n/a    gold=n/a  running‐acc=0.521
Locality eval: pred=n/a               gold=true  correct=False  running‐acc=0.513
[ 360/489] loss=0.0000  pred=n/a    gold=n/a  running‐acc=0.522
Locality eval: pred=n/a               gold=true  correct=False  running‐acc=0.511
[ 361/489] loss=0.0000  pred=n/a    gold=true  running‐acc=0.521
Locality eval: pred=n/a               gold=n/a  correct=True  running‐acc=0.512
[ 362/489] loss=0.0000  pred=n/a    gold=n/a  running‐acc=0.522
Locality eval: pred=n/a               gold=true  correct=False  running‐acc=0.511
[ 363/489] loss=0.0000  pred=n/a    gold=n/a  running‐acc=0.523
Locality eval: pred=n/a               gold=true  correct=False  running‐acc=0.510
[ 364/489] loss=0.0000  pred=n/a    gold=n/a  running‐acc=0.525
Locality eval: pred=false             gold=true  correct=False  running‐acc=0.508
[ 365/489] loss=0.0000  pred=n/a    gold=true  running‐acc=0.523
Locality eval: pred=n/a               gold=n/a  correct=True  running‐acc=0.510
[ 366/489] loss=0.0000  pred=n/a    gold=true  running‐acc=0.522
Locality eval: pred=n/a               gold=n/a  correct=True  running‐acc=0.511
[ 367/489] loss=0.0000  pred=n/a    gold=true  running‐acc=0.520
Locality eval: pred=n/a               gold=n/a  correct=True  running‐acc=0.512
[ 368/489] loss=0.0000  pred=n/a    gold=true  running‐acc=0.519
Locality eval: pred=n/a               gold=n/a  correct=True  running‐acc=0.514
[ 369/489] loss=0.0000  pred=n/a    gold=n/a  running‐acc=0.520
Locality eval: pred=n/a               gold=true  correct=False  running‐acc=0.512
[ 370/489] loss=0.0000  pred=n/a    gold=true  running‐acc=0.519
Locality eval: pred=false             gold=n/a  correct=False  running‐acc=0.511
[ 371/489] loss=0.0000  pred=n/a    gold=true  running‐acc=0.518
Locality eval: pred=n/a               gold=n/a  correct=True  running‐acc=0.512
[ 372/489] loss=0.0000  pred=n/a    gold=true  running‐acc=0.516
Locality eval: pred=false             gold=n/a  correct=False  running‐acc=0.511
[ 373/489] loss=0.0000  pred=n/a    gold=true  running‐acc=0.515
Locality eval: pred=n/a               gold=n/a  correct=True  running‐acc=0.512
[ 374/489] loss=0.0000  pred=n/a    gold=n/a  running‐acc=0.516
Locality eval: pred=true              gold=true  correct=True  running‐acc=0.513
[ 375/489] loss=0.0000  pred=n/a    gold=true  running‐acc=0.515
Locality eval: pred=n/a               gold=n/a  correct=True  running‐acc=0.515
[ 376/489] loss=0.0000  pred=n/a    gold=true  running‐acc=0.513
Locality eval: pred=n/a               gold=n/a  correct=True  running‐acc=0.516
[ 377/489] loss=0.0000  pred=n/a    gold=true  running‐acc=0.512
Locality eval: pred=false             gold=n/a  correct=False  running‐acc=0.515
[ 378/489] loss=0.0000  pred=n/a    gold=true  running‐acc=0.511
Locality eval: pred=false             gold=n/a  correct=False  running‐acc=0.513
[ 379/489] loss=0.0000  pred=true   gold=true  running‐acc=0.512
Locality eval: pred=n/a               gold=n/a  correct=True  running‐acc=0.515
[ 380/489] loss=0.0000  pred=n/a    gold=true  running‐acc=0.511
Locality eval: pred=n/a               gold=n/a  correct=True  running‐acc=0.516
[ 381/489] loss=0.0000  pred=n/a    gold=n/a  running‐acc=0.512
Locality eval: pred=n/a               gold=true  correct=False  running‐acc=0.514
[ 382/489] loss=0.0000  pred=n/a    gold=n/a  running‐acc=0.513
Locality eval: pred=n/a               gold=true  correct=False  running‐acc=0.513
[ 383/489] loss=0.0000  pred=n/a    gold=true  running‐acc=0.512
Locality eval: pred=n/a               gold=n/a  correct=True  running‐acc=0.514
[ 384/489] loss=0.0000  pred=n/a    gold=n/a  running‐acc=0.513
Locality eval: pred=n/a               gold=true  correct=False  running‐acc=0.513
[ 385/489] loss=0.0000  pred=n/a    gold=n/a  running‐acc=0.514
Locality eval: pred=true              gold=true  correct=True  running‐acc=0.514
[ 386/489] loss=0.0000  pred=n/a    gold=true  running‐acc=0.513
Locality eval: pred=false             gold=n/a  correct=False  running‐acc=0.513
[ 387/489] loss=0.0000  pred=n/a    gold=true  running‐acc=0.512
Locality eval: pred=n/a               gold=n/a  correct=True  running‐acc=0.514
[ 388/489] loss=0.0000  pred=n/a    gold=true  running‐acc=0.510
Locality eval: pred=n/a               gold=n/a  correct=True  running‐acc=0.515
[ 389/489] loss=0.0000  pred=n/a    gold=n/a  running‐acc=0.512
Locality eval: pred=n/a               gold=true  correct=False  running‐acc=0.514
[ 390/489] loss=0.0000  pred=n/a    gold=n/a  running‐acc=0.513
Locality eval: pred=false             gold=true  correct=False  running‐acc=0.513
[ 391/489] loss=0.0000  pred=n/a    gold=n/a  running‐acc=0.514
Locality eval: pred=true              gold=true  correct=True  running‐acc=0.514
[ 392/489] loss=0.0000  pred=n/a    gold=true  running‐acc=0.513
Locality eval: pred=false             gold=n/a  correct=False  running‐acc=0.513
[ 393/489] loss=0.0000  pred=n/a    gold=n/a  running‐acc=0.514
Locality eval: pred=false             gold=true  correct=False  running‐acc=0.511
[ 394/489] loss=0.0000  pred=n/a    gold=true  running‐acc=0.513
Locality eval: pred=n/a               gold=n/a  correct=True  running‐acc=0.513
[ 395/489] loss=0.0000  pred=n/a    gold=true  running‐acc=0.511
Locality eval: pred=n/a               gold=n/a  correct=True  running‐acc=0.514
[ 396/489] loss=0.0000  pred=n/a    gold=true  running‐acc=0.510
Locality eval: pred=n/a               gold=n/a  correct=True  running‐acc=0.515
[ 397/489] loss=0.0000  pred=n/a    gold=n/a  running‐acc=0.511
Locality eval: pred=true              gold=true  correct=True  running‐acc=0.516
[ 398/489] loss=0.0000  pred=n/a    gold=true  running‐acc=0.510
Locality eval: pred=false             gold=n/a  correct=False  running‐acc=0.515
[ 399/489] loss=0.0000  pred=n/a    gold=true  running‐acc=0.509
Locality eval: pred=false             gold=n/a  correct=False  running‐acc=0.514
[ 400/489] loss=0.0000  pred=n/a    gold=true  running‐acc=0.507
Locality eval: pred=n/a               gold=n/a  correct=True  running‐acc=0.515
[ 401/489] loss=0.0000  pred=n/a    gold=true  running‐acc=0.506
Locality eval: pred=n/a               gold=n/a  correct=True  running‐acc=0.516
[ 402/489] loss=0.0000  pred=n/a    gold=n/a  running‐acc=0.507
Locality eval: pred=true              gold=true  correct=True  running‐acc=0.517
[ 403/489] loss=0.0000  pred=n/a    gold=n/a  running‐acc=0.509
Locality eval: pred=n/a               gold=true  correct=False  running‐acc=0.516
[ 404/489] loss=0.0000  pred=n/a    gold=true  running‐acc=0.507
Locality eval: pred=false             gold=n/a  correct=False  running‐acc=0.515
[ 405/489] loss=0.0000  pred=n/a    gold=true  running‐acc=0.506
Locality eval: pred=n/a               gold=n/a  correct=True  running‐acc=0.516
[ 406/489] loss=0.0000  pred=n/a    gold=true  running‐acc=0.505
Locality eval: pred=false             gold=n/a  correct=False  running‐acc=0.515
[ 407/489] loss=0.0000  pred=n/a    gold=true  running‐acc=0.504
Locality eval: pred=false             gold=n/a  correct=False  running‐acc=0.514
[ 408/489] loss=0.0000  pred=n/a    gold=n/a  running‐acc=0.505
Locality eval: pred=n/a               gold=true  correct=False  running‐acc=0.512
[ 409/489] loss=0.0000  pred=n/a    gold=true  running‐acc=0.504
Locality eval: pred=false             gold=n/a  correct=False  running‐acc=0.511
[ 410/489] loss=0.0000  pred=n/a    gold=n/a  running‐acc=0.505
Locality eval: pred=false             gold=true  correct=False  running‐acc=0.510
[ 411/489] loss=0.0000  pred=false  gold=n/a  running‐acc=0.504
Locality eval: pred=n/a               gold=true  correct=False  running‐acc=0.509
[ 412/489] loss=0.0000  pred=n/a    gold=n/a  running‐acc=0.505
Locality eval: pred=n/a               gold=true  correct=False  running‐acc=0.507
[ 413/489] loss=0.0000  pred=n/a    gold=true  running‐acc=0.504
Locality eval: pred=false             gold=n/a  correct=False  running‐acc=0.506
[ 414/489] loss=0.0000  pred=n/a    gold=true  running‐acc=0.502
Locality eval: pred=n/a               gold=n/a  correct=True  running‐acc=0.507
[ 415/489] loss=0.0000  pred=true   gold=n/a  running‐acc=0.501
Locality eval: pred=n/a               gold=true  correct=False  running‐acc=0.506
[ 416/489] loss=0.0000  pred=n/a    gold=true  running‐acc=0.500
Locality eval: pred=n/a               gold=n/a  correct=True  running‐acc=0.507
[ 417/489] loss=0.0000  pred=n/a    gold=n/a  running‐acc=0.501
Locality eval: pred=false             gold=true  correct=False  running‐acc=0.506
[ 418/489] loss=0.0000  pred=n/a    gold=n/a  running‐acc=0.502
Locality eval: pred=true              gold=true  correct=True  running‐acc=0.507
[ 419/489] loss=0.0000  pred=n/a    gold=true  running‐acc=0.501
Locality eval: pred=true              gold=n/a  correct=False  running‐acc=0.506
[ 420/489] loss=0.0000  pred=n/a    gold=n/a  running‐acc=0.502
Locality eval: pred=false             gold=true  correct=False  running‐acc=0.505
[ 421/489] loss=0.0000  pred=false  gold=n/a  running‐acc=0.501
Locality eval: pred=n/a               gold=true  correct=False  running‐acc=0.504
[ 422/489] loss=0.0000  pred=n/a    gold=true  running‐acc=0.500
Locality eval: pred=false             gold=n/a  correct=False  running‐acc=0.502
[ 423/489] loss=0.0000  pred=n/a    gold=n/a  running‐acc=0.501
Locality eval: pred=false             gold=true  correct=False  running‐acc=0.501
[ 424/489] loss=0.0000  pred=true   gold=n/a  running‐acc=0.500
Locality eval: pred=false             gold=true  correct=False  running‐acc=0.500
[ 425/489] loss=0.0000  pred=n/a    gold=n/a  running‐acc=0.501
Locality eval: pred=true              gold=true  correct=True  running‐acc=0.501
[ 426/489] loss=0.0000  pred=n/a    gold=true  running‐acc=0.500
Locality eval: pred=n/a               gold=n/a  correct=True  running‐acc=0.502
[ 427/489] loss=0.0000  pred=n/a    gold=n/a  running‐acc=0.501
Locality eval: pred=n/a               gold=true  correct=False  running‐acc=0.501
[ 428/489] loss=0.0000  pred=n/a    gold=true  running‐acc=0.500
Locality eval: pred=n/a               gold=n/a  correct=True  running‐acc=0.502
[ 429/489] loss=0.0000  pred=n/a    gold=n/a  running‐acc=0.501
Locality eval: pred=n/a               gold=true  correct=False  running‐acc=0.501
[ 430/489] loss=0.0000  pred=n/a    gold=true  running‐acc=0.500
Locality eval: pred=n/a               gold=n/a  correct=True  running‐acc=0.502
[ 431/489] loss=0.0000  pred=n/a    gold=true  running‐acc=0.499
Locality eval: pred=n/a               gold=n/a  correct=True  running‐acc=0.503
[ 432/489] loss=0.0000  pred=n/a    gold=n/a  running‐acc=0.500
Locality eval: pred=false             gold=true  correct=False  running‐acc=0.502
[ 433/489] loss=0.0000  pred=n/a    gold=true  running‐acc=0.499
Locality eval: pred=n/a               gold=n/a  correct=True  running‐acc=0.503
[ 434/489] loss=0.0000  pred=false  gold=true  running‐acc=0.498
Locality eval: pred=n/a               gold=n/a  correct=True  running‐acc=0.505
[ 435/489] loss=0.0000  pred=n/a    gold=n/a  running‐acc=0.499
Locality eval: pred=n/a               gold=true  correct=False  running‐acc=0.503
[ 436/489] loss=0.0000  pred=n/a    gold=n/a  running‐acc=0.500
Locality eval: pred=true              gold=true  correct=True  running‐acc=0.505
[ 437/489] loss=0.0000  pred=n/a    gold=true  running‐acc=0.499
Locality eval: pred=n/a               gold=n/a  correct=True  running‐acc=0.506
[ 438/489] loss=0.0000  pred=n/a    gold=n/a  running‐acc=0.500
Locality eval: pred=false             gold=true  correct=False  running‐acc=0.505
[ 439/489] loss=0.0000  pred=n/a    gold=n/a  running‐acc=0.501
Locality eval: pred=n/a               gold=true  correct=False  running‐acc=0.503
[ 440/489] loss=0.0000  pred=n/a    gold=n/a  running‐acc=0.502
Locality eval: pred=n/a               gold=true  correct=False  running‐acc=0.502
[ 441/489] loss=0.0000  pred=false  gold=n/a  running‐acc=0.501
Locality eval: pred=n/a               gold=true  correct=False  running‐acc=0.501
[ 442/489] loss=0.0000  pred=n/a    gold=n/a  running‐acc=0.502
Locality eval: pred=n/a               gold=true  correct=False  running‐acc=0.500
[ 443/489] loss=0.0000  pred=n/a    gold=true  running‐acc=0.501
Locality eval: pred=false             gold=n/a  correct=False  running‐acc=0.499
[ 444/489] loss=0.0000  pred=n/a    gold=true  running‐acc=0.500
Locality eval: pred=n/a               gold=n/a  correct=True  running‐acc=0.500
[ 445/489] loss=0.0000  pred=true   gold=true  running‐acc=0.501
Locality eval: pred=false             gold=n/a  correct=False  running‐acc=0.499
[ 446/489] loss=0.0000  pred=n/a    gold=true  running‐acc=0.500
Locality eval: pred=false             gold=n/a  correct=False  running‐acc=0.498
[ 447/489] loss=0.0000  pred=n/a    gold=n/a  running‐acc=0.501
Locality eval: pred=false             gold=true  correct=False  running‐acc=0.497
[ 448/489] loss=0.0000  pred=n/a    gold=true  running‐acc=0.500
Locality eval: pred=n/a               gold=n/a  correct=True  running‐acc=0.498
[ 449/489] loss=0.0000  pred=n/a    gold=true  running‐acc=0.499
Locality eval: pred=false             gold=n/a  correct=False  running‐acc=0.497
[ 450/489] loss=0.0000  pred=n/a    gold=n/a  running‐acc=0.500
Locality eval: pred=n/a               gold=true  correct=False  running‐acc=0.496
[ 451/489] loss=0.0000  pred=n/a    gold=true  running‐acc=0.499
Locality eval: pred=n/a               gold=n/a  correct=True  running‐acc=0.497
[ 452/489] loss=0.0000  pred=true   gold=true  running‐acc=0.500
Locality eval: pred=n/a               gold=n/a  correct=True  running‐acc=0.498
[ 453/489] loss=0.0000  pred=false  gold=n/a  running‐acc=0.499
Locality eval: pred=false             gold=true  correct=False  running‐acc=0.497
[ 454/489] loss=0.0000  pred=false  gold=true  running‐acc=0.498
Locality eval: pred=n/a               gold=n/a  correct=True  running‐acc=0.498
[ 455/489] loss=0.0000  pred=n/a    gold=true  running‐acc=0.497
Locality eval: pred=n/a               gold=n/a  correct=True  running‐acc=0.499
[ 456/489] loss=0.0000  pred=n/a    gold=true  running‐acc=0.496
Locality eval: pred=false             gold=n/a  correct=False  running‐acc=0.498
[ 457/489] loss=0.0000  pred=n/a    gold=n/a  running‐acc=0.497
Locality eval: pred=true              gold=true  correct=True  running‐acc=0.499
[ 458/489] loss=0.0000  pred=false  gold=true  running‐acc=0.496
Locality eval: pred=n/a               gold=n/a  correct=True  running‐acc=0.500
[ 459/489] loss=0.0000  pred=n/a    gold=n/a  running‐acc=0.497
Locality eval: pred=n/a               gold=true  correct=False  running‐acc=0.499
[ 460/489] loss=0.0000  pred=n/a    gold=n/a  running‐acc=0.498
Locality eval: pred=true              gold=true  correct=True  running‐acc=0.500
[ 461/489] loss=0.0000  pred=true   gold=n/a  running‐acc=0.497
Locality eval: pred=n/a               gold=true  correct=False  running‐acc=0.499
[ 462/489] loss=0.0000  pred=n/a    gold=true  running‐acc=0.496
Locality eval: pred=false             gold=n/a  correct=False  running‐acc=0.498
[ 463/489] loss=0.0000  pred=n/a    gold=n/a  running‐acc=0.497
Locality eval: pred=n/a               gold=true  correct=False  running‐acc=0.497
[ 464/489] loss=0.0000  pred=true   gold=true  running‐acc=0.498
Locality eval: pred=n/a               gold=n/a  correct=True  running‐acc=0.498
[ 465/489] loss=0.0000  pred=n/a    gold=n/a  running‐acc=0.499
Locality eval: pred=false             gold=true  correct=False  running‐acc=0.497
[ 466/489] loss=0.0000  pred=n/a    gold=n/a  running‐acc=0.500
Locality eval: pred=n/a               gold=true  correct=False  running‐acc=0.496
[ 467/489] loss=0.0000  pred=n/a    gold=n/a  running‐acc=0.501
Locality eval: pred=false             gold=true  correct=False  running‐acc=0.495
[ 468/489] loss=0.0000  pred=n/a    gold=true  running‐acc=0.500
Locality eval: pred=false             gold=n/a  correct=False  running‐acc=0.494
[ 469/489] loss=0.0000  pred=n/a    gold=n/a  running‐acc=0.501
Locality eval: pred=true              gold=true  correct=True  running‐acc=0.495
[ 470/489] loss=0.0000  pred=n/a    gold=n/a  running‐acc=0.502
Locality eval: pred=false             gold=true  correct=False  running‐acc=0.494
[ 471/489] loss=0.0000  pred=n/a    gold=n/a  running‐acc=0.503
Locality eval: pred=false             gold=true  correct=False  running‐acc=0.493
[ 472/489] loss=0.0000  pred=n/a    gold=n/a  running‐acc=0.504
Locality eval: pred=true              gold=true  correct=True  running‐acc=0.494
[ 473/489] loss=0.0000  pred=true   gold=n/a  running‐acc=0.503
Locality eval: pred=true              gold=true  correct=True  running‐acc=0.495
[ 474/489] loss=0.0000  pred=n/a    gold=true  running‐acc=0.502
Locality eval: pred=n/a               gold=n/a  correct=True  running‐acc=0.496
[ 475/489] loss=0.0000  pred=n/a    gold=true  running‐acc=0.501
Locality eval: pred=n/a               gold=n/a  correct=True  running‐acc=0.497
[ 476/489] loss=0.0000  pred=n/a    gold=true  running‐acc=0.500
Locality eval: pred=n/a               gold=n/a  correct=True  running‐acc=0.498
[ 477/489] loss=0.0000  pred=n/a    gold=true  running‐acc=0.499
Locality eval: pred=n/a               gold=n/a  correct=True  running‐acc=0.499
[ 478/489] loss=0.0000  pred=n/a    gold=true  running‐acc=0.498
Locality eval: pred=false             gold=n/a  correct=False  running‐acc=0.498
[ 479/489] loss=0.0000  pred=n/a    gold=n/a  running‐acc=0.499
Locality eval: pred=true              gold=true  correct=True  running‐acc=0.499
[ 480/489] loss=0.0000  pred=n/a    gold=true  running‐acc=0.498
Locality eval: pred=n/a               gold=n/a  correct=True  running‐acc=0.500
[ 481/489] loss=0.0000  pred=n/a    gold=n/a  running‐acc=0.499
Locality eval: pred=n/a               gold=true  correct=False  running‐acc=0.499
[ 482/489] loss=0.0000  pred=n/a    gold=n/a  running‐acc=0.500
Locality eval: pred=n/a               gold=true  correct=False  running‐acc=0.498
[ 483/489] loss=0.0000  pred=n/a    gold=n/a  running‐acc=0.501
Locality eval: pred=n/a               gold=true  correct=False  running‐acc=0.497
[ 484/489] loss=0.0000  pred=n/a    gold=true  running‐acc=0.500
Locality eval: pred=n/a               gold=n/a  correct=True  running‐acc=0.498
[ 485/489] loss=0.0000  pred=n/a    gold=true  running‐acc=0.499
Locality eval: pred=false             gold=n/a  correct=False  running‐acc=0.497
[ 486/489] loss=0.0000  pred=n/a    gold=n/a  running‐acc=0.500
Locality eval: pred=true              gold=true  correct=True  running‐acc=0.498
[ 487/489] loss=0.0000  pred=n/a    gold=n/a  running‐acc=0.501
Locality eval: pred=false             gold=true  correct=False  running‐acc=0.497
[ 488/489] loss=0.0000  pred=n/a    gold=true  running‐acc=0.500
Locality eval: pred=n/a               gold=n/a  correct=True  running‐acc=0.498
[ 489/489] loss=0.0000  pred=n/a    gold=true  running‐acc=0.499
Locality eval: pred=n/a               gold=n/a  correct=True  running‐acc=0.499

Finished in 1163.5s.  Final accuracy: 0.499.
Adapter saved to output/lora_logic_pairwise.
