/home/vjd5zr/miniconda3/envs/lora/lib/python3.9/site-packages/torchvision/io/image.py:13: UserWarning: Failed to load image Python extension: libtorch_cuda_cu.so: cannot open shared object file: No such file or directory
  warn(f"Failed to load image Python extension: {e}")
The `load_in_4bit` and `load_in_8bit` arguments are deprecated and will be removed in the future versions. Please, pass a `BitsAndBytesConfig` object in `quantization_config` argument instead.
`low_cpu_mem_usage` was None, now default to True since model is quantized.
Loaded 489 (train, eval) pairs.

Loading base model (4‐bit)…
Loading checkpoint shards:   0%|          | 0/3 [00:00<?, ?it/s]Loading checkpoint shards:  33%|███▎      | 1/3 [00:03<00:06,  3.08s/it]Loading checkpoint shards:  67%|██████▋   | 2/3 [00:06<00:02,  3.00s/it]Loading checkpoint shards: 100%|██████████| 3/3 [00:08<00:00,  2.68s/it]Loading checkpoint shards: 100%|██████████| 3/3 [00:08<00:00,  2.77s/it]
/home/vjd5zr/miniconda3/envs/lora/lib/python3.9/site-packages/bitsandbytes/nn/modules.py:452: UserWarning: Input type into Linear4bit is torch.float16, but bnb_4bit_compute_dtype=torch.float32 (default). This will lead to slow inference or training speed.
  warnings.warn(
trainable params: 6,815,744 || all params: 7,254,839,296 || trainable%: 0.0939

Starting sequential training…
Cached 128 LoRA tensors.
[   1/489] loss=0.0000  pred=n/a    gold=true  running‐acc=0.000
Locality eval: pred=n/a               gold=n/a  correct=True  running‐acc=1.000
[   2/489] loss=0.0000  pred=true.  gold=true  running‐acc=0.500
Locality eval: pred=true.             gold=n/a  correct=False  running‐acc=0.500
[   3/489] loss=0.0000  pred=true.  gold=true  running‐acc=0.667
Locality eval: pred=n/a               gold=n/a  correct=True  running‐acc=0.667
[   4/489] loss=0.0000  pred=n/a    gold=true  running‐acc=0.500
Locality eval: pred=n/a               gold=n/a  correct=True  running‐acc=0.750
[   5/489] loss=0.0000  pred=n/a    gold=n/a  running‐acc=0.600
Locality eval: pred=true.             gold=true  correct=True  running‐acc=0.800
[   6/489] loss=0.0000  pred=the    gold=true  running‐acc=0.500
Locality eval: pred=n/a               gold=n/a  correct=True  running‐acc=0.833
[   7/489] loss=0.0000  pred=n/a    gold=n/a  running‐acc=0.571
Locality eval: pred=true.             gold=true  correct=True  running‐acc=0.857
[   8/489] loss=0.0000  pred=true.  gold=n/a  running‐acc=0.500
Locality eval: pred=false.            gold=true  correct=False  running‐acc=0.750
[   9/489] loss=0.0000  pred=n/a    gold=n/a  running‐acc=0.556
Locality eval: pred=true.             gold=true  correct=True  running‐acc=0.778
[  10/489] loss=0.0000  pred=n/a    gold=true  running‐acc=0.500
Locality eval: pred=n/a               gold=n/a  correct=True  running‐acc=0.800
[  11/489] loss=0.0000  pred=true.  gold=true  running‐acc=0.545
Locality eval: pred=n/a               gold=n/a  correct=True  running‐acc=0.818
[  12/489] loss=0.0000  pred=n/a    gold=n/a  running‐acc=0.583
Locality eval: pred=true              gold=true  correct=True  running‐acc=0.833
[  13/489] loss=0.0000  pred=n/a    gold=n/a  running‐acc=0.615
Locality eval: pred=true.             gold=true  correct=True  running‐acc=0.846
[  14/489] loss=0.0000  pred=n/a    gold=n/a  running‐acc=0.643
Locality eval: pred=n/a               gold=true  correct=False  running‐acc=0.786
[  15/489] loss=0.0000  pred=n/a    gold=n/a  running‐acc=0.667
Locality eval: pred=false.            gold=true  correct=False  running‐acc=0.733
[  16/489] loss=0.0000  pred=true.  gold=true  running‐acc=0.688
Locality eval: pred=n/a               gold=n/a  correct=True  running‐acc=0.750
[  17/489] loss=0.0000  pred=n/a    gold=n/a  running‐acc=0.706
Locality eval: pred=alice             gold=true  correct=False  running‐acc=0.706
[  18/489] loss=0.0000  pred=n/a    gold=true  running‐acc=0.667
Locality eval: pred=n/a               gold=n/a  correct=True  running‐acc=0.722
[  19/489] loss=0.0000  pred=true.  gold=true  running‐acc=0.684
Locality eval: pred=the               gold=n/a  correct=False  running‐acc=0.684
[  20/489] loss=0.0000  pred=n/a    gold=n/a  running‐acc=0.700
Locality eval: pred=true.             gold=true  correct=True  running‐acc=0.700
[  21/489] loss=0.0000  pred=true   gold=true  running‐acc=0.714
Locality eval: pred=n/a               gold=n/a  correct=True  running‐acc=0.714
[  22/489] loss=0.0000  pred=the    gold=true  running‐acc=0.682
Locality eval: pred=n/a               gold=n/a  correct=True  running‐acc=0.727
[  23/489] loss=0.0000  pred=n/a    gold=n/a  running‐acc=0.696
Locality eval: pred=n/a               gold=true  correct=False  running‐acc=0.696
[  24/489] loss=0.0000  pred=n/a    gold=n/a  running‐acc=0.708
Locality eval: pred=true.             gold=true  correct=True  running‐acc=0.708
[  25/489] loss=0.0000  pred=true.  gold=true  running‐acc=0.720
Locality eval: pred=n/a               gold=n/a  correct=True  running‐acc=0.720
[  26/489] loss=0.0000  pred=n/a    gold=n/a  running‐acc=0.731
Locality eval: pred=true.             gold=true  correct=True  running‐acc=0.731
[  27/489] loss=0.0000  pred=true   gold=true  running‐acc=0.741
Locality eval: pred=n/a               gold=n/a  correct=True  running‐acc=0.741
[  28/489] loss=0.0000  pred=false.  gold=true  running‐acc=0.714
Locality eval: pred=n/a               gold=n/a  correct=True  running‐acc=0.750
[  29/489] loss=0.0000  pred=n/a    gold=n/a  running‐acc=0.724
Locality eval: pred=true.             gold=true  correct=True  running‐acc=0.759
[  30/489] loss=0.0000  pred=true.  gold=true  running‐acc=0.733
Locality eval: pred=n/a               gold=n/a  correct=True  running‐acc=0.767
[  31/489] loss=0.0000  pred=true.  gold=true  running‐acc=0.742
Locality eval: pred=n/a               gold=n/a  correct=True  running‐acc=0.774
[  32/489] loss=0.0000  pred=true.  gold=true  running‐acc=0.750
Locality eval: pred=n/a               gold=n/a  correct=True  running‐acc=0.781
[  33/489] loss=0.0000  pred=true.  gold=true  running‐acc=0.758
Locality eval: pred=n/a               gold=n/a  correct=True  running‐acc=0.788
[  34/489] loss=0.0000  pred=the    gold=true  running‐acc=0.735
Locality eval: pred=n/a               gold=n/a  correct=True  running‐acc=0.794
[  35/489] loss=0.0000  pred=n/a    gold=n/a  running‐acc=0.743
Locality eval: pred=true              gold=true  correct=True  running‐acc=0.800
[  36/489] loss=0.0000  pred=true.  gold=true  running‐acc=0.750
Locality eval: pred=n/a               gold=n/a  correct=True  running‐acc=0.806
[  37/489] loss=0.0000  pred=true.  gold=true  running‐acc=0.757
Locality eval: pred=n/a               gold=n/a  correct=True  running‐acc=0.811
[  38/489] loss=0.0000  pred=true   gold=true  running‐acc=0.763
Locality eval: pred=n/a               gold=n/a  correct=True  running‐acc=0.816
[  39/489] loss=0.0000  pred=n/a    gold=n/a  running‐acc=0.769
Locality eval: pred=true              gold=true  correct=True  running‐acc=0.821
[  40/489] loss=0.0000  pred=true.  gold=true  running‐acc=0.775
Locality eval: pred=n/a               gold=n/a  correct=True  running‐acc=0.825
[  41/489] loss=0.0000  pred=n/a    gold=n/a  running‐acc=0.780
Locality eval: pred=n/a               gold=true  correct=False  running‐acc=0.805
[  42/489] loss=0.0000  pred=the    gold=n/a  running‐acc=0.762
Locality eval: pred=true.             gold=true  correct=True  running‐acc=0.810
[  43/489] loss=0.0000  pred=true.  gold=true  running‐acc=0.767
Locality eval: pred=n/a               gold=n/a  correct=True  running‐acc=0.814
[  44/489] loss=0.0000  pred=true.  gold=true  running‐acc=0.773
Locality eval: pred=the               gold=n/a  correct=False  running‐acc=0.795
[  45/489] loss=0.0000  pred=n/a    gold=n/a  running‐acc=0.778
Locality eval: pred=n/a               gold=true  correct=False  running‐acc=0.778
[  46/489] loss=0.0000  pred=n/a    gold=n/a  running‐acc=0.783
Locality eval: pred=true.             gold=true  correct=True  running‐acc=0.783
[  47/489] loss=0.0000  pred=n/a    gold=n/a  running‐acc=0.787
Locality eval: pred=true.             gold=true  correct=True  running‐acc=0.787
[  48/489] loss=0.0000  pred=n/a    gold=n/a  running‐acc=0.792
Locality eval: pred=n/a               gold=true  correct=False  running‐acc=0.771
[  49/489] loss=0.0000  pred=false.  gold=n/a  running‐acc=0.776
Locality eval: pred=n/a               gold=true  correct=False  running‐acc=0.755
[  50/489] loss=0.0000  pred=n/a    gold=true  running‐acc=0.760
Locality eval: pred=n/a               gold=n/a  correct=True  running‐acc=0.760
[  51/489] loss=0.0000  pred=n/a    gold=n/a  running‐acc=0.765
Locality eval: pred=n/a               gold=true  correct=False  running‐acc=0.745
[  52/489] loss=0.0000  pred=n/a    gold=n/a  running‐acc=0.769
Locality eval: pred=true.             gold=true  correct=True  running‐acc=0.750
[  53/489] loss=0.0000  pred=n/a    gold=n/a  running‐acc=0.774
Locality eval: pred=true.             gold=true  correct=True  running‐acc=0.755
[  54/489] loss=0.0000  pred=n/a    gold=n/a  running‐acc=0.778
Locality eval: pred=true.             gold=true  correct=True  running‐acc=0.759
[  55/489] loss=0.0000  pred=n/a    gold=true  running‐acc=0.764
Locality eval: pred=n/a               gold=n/a  correct=True  running‐acc=0.764
[  56/489] loss=0.0000  pred=n/a    gold=n/a  running‐acc=0.768
Locality eval: pred=true.             gold=true  correct=True  running‐acc=0.768
[  57/489] loss=0.0000  pred=n/a    gold=true  running‐acc=0.754
Locality eval: pred=n/a               gold=n/a  correct=True  running‐acc=0.772
[  58/489] loss=0.0000  pred=n/a    gold=n/a  running‐acc=0.759
Locality eval: pred=true.             gold=true  correct=True  running‐acc=0.776
[  59/489] loss=0.0000  pred=true.  gold=true  running‐acc=0.763
Locality eval: pred=n/a               gold=n/a  correct=True  running‐acc=0.780
[  60/489] loss=0.0000  pred=true   gold=true  running‐acc=0.767
Locality eval: pred=n/a               gold=n/a  correct=True  running‐acc=0.783
[  61/489] loss=0.0000  pred=n/a    gold=n/a  running‐acc=0.770
Locality eval: pred=true.             gold=true  correct=True  running‐acc=0.787
[  62/489] loss=0.0000  pred=true.  gold=true  running‐acc=0.774
Locality eval: pred=n/a               gold=n/a  correct=True  running‐acc=0.790
[  63/489] loss=0.0000  pred=true   gold=true  running‐acc=0.778
Locality eval: pred=the               gold=n/a  correct=False  running‐acc=0.778
[  64/489] loss=0.0000  pred=n/a    gold=n/a  running‐acc=0.781
Locality eval: pred=true.             gold=true  correct=True  running‐acc=0.781
[  65/489] loss=0.0000  pred=true.  gold=true  running‐acc=0.785
Locality eval: pred=n/a               gold=n/a  correct=True  running‐acc=0.785
[  66/489] loss=0.0000  pred=n/a    gold=true  running‐acc=0.773
Locality eval: pred=n/a               gold=n/a  correct=True  running‐acc=0.788
[  67/489] loss=0.0000  pred=true   gold=true  running‐acc=0.776
Locality eval: pred=n/a               gold=n/a  correct=True  running‐acc=0.791
[  68/489] loss=0.0000  pred=false.  gold=n/a  running‐acc=0.765
Locality eval: pred=the               gold=true  correct=False  running‐acc=0.779
[  69/489] loss=0.0000  pred=true.  gold=true  running‐acc=0.768
Locality eval: pred=n/a               gold=n/a  correct=True  running‐acc=0.783
[  70/489] loss=0.0000  pred=n/a    gold=n/a  running‐acc=0.771
Locality eval: pred=true              gold=true  correct=True  running‐acc=0.786
[  71/489] loss=0.0000  pred=false.  gold=true  running‐acc=0.761
Locality eval: pred=n/a               gold=n/a  correct=True  running‐acc=0.789
[  72/489] loss=0.0000  pred=n/a    gold=true  running‐acc=0.750
Locality eval: pred=n/a               gold=n/a  correct=True  running‐acc=0.792
[  73/489] loss=0.0000  pred=n/a    gold=n/a  running‐acc=0.753
Locality eval: pred=true              gold=true  correct=True  running‐acc=0.795
[  74/489] loss=0.0000  pred=true.  gold=true  running‐acc=0.757
Locality eval: pred=false.            gold=n/a  correct=False  running‐acc=0.784
[  75/489] loss=0.0000  pred=n/a    gold=n/a  running‐acc=0.760
Locality eval: pred=true.             gold=true  correct=True  running‐acc=0.787
[  76/489] loss=0.0000  pred=true.  gold=true  running‐acc=0.763
Locality eval: pred=n/a               gold=n/a  correct=True  running‐acc=0.789
[  77/489] loss=0.0000  pred=n/a    gold=n/a  running‐acc=0.766
Locality eval: pred=true.             gold=true  correct=True  running‐acc=0.792
[  78/489] loss=0.0000  pred=true.  gold=n/a  running‐acc=0.756
Locality eval: pred=true.             gold=true  correct=True  running‐acc=0.795
[  79/489] loss=0.0000  pred=true.  gold=true  running‐acc=0.759
Locality eval: pred=n/a               gold=n/a  correct=True  running‐acc=0.797
[  80/489] loss=0.0000  pred=true.  gold=true  running‐acc=0.762
Locality eval: pred=n/a               gold=n/a  correct=True  running‐acc=0.800
[  81/489] loss=0.0000  pred=n/a    gold=true  running‐acc=0.753
Locality eval: pred=n/a               gold=n/a  correct=True  running‐acc=0.802
[  82/489] loss=0.0000  pred=n/a    gold=true  running‐acc=0.744
Locality eval: pred=n/a               gold=n/a  correct=True  running‐acc=0.805
[  83/489] loss=0.0000  pred=n/a    gold=n/a  running‐acc=0.747
Locality eval: pred=true.             gold=true  correct=True  running‐acc=0.807
[  84/489] loss=0.0000  pred=n/a    gold=n/a  running‐acc=0.750
Locality eval: pred=n/a               gold=true  correct=False  running‐acc=0.798
[  85/489] loss=0.0000  pred=true.  gold=true  running‐acc=0.753
Locality eval: pred=n/a               gold=n/a  correct=True  running‐acc=0.800
[  86/489] loss=0.0000  pred=n/a    gold=n/a  running‐acc=0.756
Locality eval: pred=n/a               gold=true  correct=False  running‐acc=0.791
[  87/489] loss=0.0000  pred=true.  gold=true  running‐acc=0.759
Locality eval: pred=n/a               gold=n/a  correct=True  running‐acc=0.793
[  88/489] loss=0.0000  pred=n/a    gold=n/a  running‐acc=0.761
Locality eval: pred=true.             gold=true  correct=True  running‐acc=0.795
[  89/489] loss=0.0000  pred=n/a    gold=n/a  running‐acc=0.764
Locality eval: pred=n/a               gold=true  correct=False  running‐acc=0.787
[  90/489] loss=0.0000  pred=the    gold=n/a  running‐acc=0.756
Locality eval: pred=n/a               gold=true  correct=False  running‐acc=0.778
[  91/489] loss=0.0000  pred=n/a    gold=n/a  running‐acc=0.758
Locality eval: pred=true.             gold=true  correct=True  running‐acc=0.780
[  92/489] loss=0.0000  pred=false.  gold=n/a  running‐acc=0.750
Locality eval: pred=true.             gold=true  correct=True  running‐acc=0.783
[  93/489] loss=0.0000  pred=n/a    gold=true  running‐acc=0.742
Locality eval: pred=n/a               gold=n/a  correct=True  running‐acc=0.785
[  94/489] loss=0.0000  pred=the    gold=n/a  running‐acc=0.734
Locality eval: pred=true.             gold=true  correct=True  running‐acc=0.787
[  95/489] loss=0.0000  pred=n/a    gold=n/a  running‐acc=0.737
Locality eval: pred=true.             gold=true  correct=True  running‐acc=0.789
[  96/489] loss=0.0000  pred=the    gold=n/a  running‐acc=0.729
Locality eval: pred=true.             gold=true  correct=True  running‐acc=0.792
[  97/489] loss=0.0000  pred=true.  gold=true  running‐acc=0.732
Locality eval: pred=n/a               gold=n/a  correct=True  running‐acc=0.794
[  98/489] loss=0.0000  pred=n/a    gold=n/a  running‐acc=0.735
Locality eval: pred=true.             gold=true  correct=True  running‐acc=0.796
[  99/489] loss=0.0000  pred=n/a    gold=n/a  running‐acc=0.737
Locality eval: pred=alice             gold=true  correct=False  running‐acc=0.788
[ 100/489] loss=0.0000  pred=true.  gold=true  running‐acc=0.740
Locality eval: pred=n/a               gold=n/a  correct=True  running‐acc=0.790
[ 101/489] loss=0.0000  pred=n/a    gold=n/a  running‐acc=0.743
Locality eval: pred=true.             gold=true  correct=True  running‐acc=0.792
[ 102/489] loss=0.0000  pred=n/a    gold=true  running‐acc=0.735
Locality eval: pred=false             gold=n/a  correct=False  running‐acc=0.784
[ 103/489] loss=0.0000  pred=n/a    gold=true  running‐acc=0.728
Locality eval: pred=n/a               gold=n/a  correct=True  running‐acc=0.786
[ 104/489] loss=0.0000  pred=n/a    gold=n/a  running‐acc=0.731
Locality eval: pred=the               gold=true  correct=False  running‐acc=0.779
[ 105/489] loss=0.0000  pred=true   gold=true  running‐acc=0.733
Locality eval: pred=n/a               gold=n/a  correct=True  running‐acc=0.781
[ 106/489] loss=0.0000  pred=true.  gold=true  running‐acc=0.736
Locality eval: pred=n/a               gold=n/a  correct=True  running‐acc=0.783
[ 107/489] loss=0.0000  pred=n/a    gold=true  running‐acc=0.729
Locality eval: pred=true              gold=n/a  correct=False  running‐acc=0.776
[ 108/489] loss=0.0000  pred=n/a    gold=n/a  running‐acc=0.731
Locality eval: pred=true.             gold=true  correct=True  running‐acc=0.778
[ 109/489] loss=0.0000  pred=n/a    gold=n/a  running‐acc=0.734
Locality eval: pred=true              gold=true  correct=True  running‐acc=0.780
[ 110/489] loss=0.0000  pred=n/a    gold=n/a  running‐acc=0.736
Locality eval: pred=false.            gold=true  correct=False  running‐acc=0.773
[ 111/489] loss=0.0000  pred=false.  gold=n/a  running‐acc=0.730
Locality eval: pred=true              gold=true  correct=True  running‐acc=0.775
[ 112/489] loss=0.0000  pred=n/a    gold=n/a  running‐acc=0.732
Locality eval: pred=false.            gold=true  correct=False  running‐acc=0.768
[ 113/489] loss=0.0000  pred=timmy  gold=true  running‐acc=0.726
Locality eval: pred=n/a               gold=n/a  correct=True  running‐acc=0.770
[ 114/489] loss=0.0000  pred=n/a    gold=n/a  running‐acc=0.728
Locality eval: pred=true.             gold=true  correct=True  running‐acc=0.772
[ 115/489] loss=0.0000  pred=n/a    gold=true  running‐acc=0.722
Locality eval: pred=n/a               gold=n/a  correct=True  running‐acc=0.774
[ 116/489] loss=0.0000  pred=true.  gold=true  running‐acc=0.724
Locality eval: pred=n/a               gold=n/a  correct=True  running‐acc=0.776
[ 117/489] loss=0.0000  pred=true.  gold=true  running‐acc=0.726
Locality eval: pred=n/a               gold=n/a  correct=True  running‐acc=0.778
[ 118/489] loss=0.0000  pred=n/a    gold=n/a  running‐acc=0.729
Locality eval: pred=true              gold=true  correct=True  running‐acc=0.780
[ 119/489] loss=0.0000  pred=n/a    gold=true  running‐acc=0.723
Locality eval: pred=n/a               gold=n/a  correct=True  running‐acc=0.782
[ 120/489] loss=0.0000  pred=n/a    gold=n/a  running‐acc=0.725
Locality eval: pred=n/a               gold=true  correct=False  running‐acc=0.775
[ 121/489] loss=0.0000  pred=true.  gold=true  running‐acc=0.727
Locality eval: pred=n/a               gold=n/a  correct=True  running‐acc=0.777
[ 122/489] loss=0.0000  pred=true   gold=true  running‐acc=0.730
Locality eval: pred=n/a               gold=n/a  correct=True  running‐acc=0.779
[ 123/489] loss=0.0000  pred=the    gold=true  running‐acc=0.724
Locality eval: pred=n/a               gold=n/a  correct=True  running‐acc=0.780
[ 124/489] loss=0.0000  pred=n/a    gold=true  running‐acc=0.718
Locality eval: pred=n/a               gold=n/a  correct=True  running‐acc=0.782
[ 125/489] loss=0.0000  pred=n/a    gold=n/a  running‐acc=0.720
Locality eval: pred=true.             gold=true  correct=True  running‐acc=0.784
[ 126/489] loss=0.0000  pred=n/a    gold=n/a  running‐acc=0.722
Locality eval: pred=the               gold=true  correct=False  running‐acc=0.778
[ 127/489] loss=0.0000  pred=true   gold=true  running‐acc=0.724
Locality eval: pred=1.                gold=n/a  correct=False  running‐acc=0.772
[ 128/489] loss=0.0000  pred=alice  gold=true  running‐acc=0.719
Locality eval: pred=true.             gold=n/a  correct=False  running‐acc=0.766
[ 129/489] loss=0.0000  pred=n/a    gold=n/a  running‐acc=0.721
Locality eval: pred=n/a               gold=true  correct=False  running‐acc=0.760
[ 130/489] loss=0.0000  pred=n/a    gold=n/a  running‐acc=0.723
Locality eval: pred=true.             gold=true  correct=True  running‐acc=0.762
[ 131/489] loss=0.0000  pred=true   gold=true  running‐acc=0.725
Locality eval: pred=n/a               gold=n/a  correct=True  running‐acc=0.763
[ 132/489] loss=0.0000  pred=n/a    gold=n/a  running‐acc=0.727
Locality eval: pred=the               gold=true  correct=False  running‐acc=0.758
[ 133/489] loss=0.0000  pred=n/a    gold=n/a  running‐acc=0.729
Locality eval: pred=true.             gold=true  correct=True  running‐acc=0.759
[ 134/489] loss=0.0000  pred=false.  gold=n/a  running‐acc=0.724
Locality eval: pred=true.             gold=true  correct=True  running‐acc=0.761
[ 135/489] loss=0.0000  pred=n/a    gold=n/a  running‐acc=0.726
Locality eval: pred=true.             gold=true  correct=True  running‐acc=0.763
[ 136/489] loss=0.0000  pred=the    gold=true  running‐acc=0.721
Locality eval: pred=n/a               gold=n/a  correct=True  running‐acc=0.765
[ 137/489] loss=0.0000  pred=true.  gold=true  running‐acc=0.723
Locality eval: pred=n/a               gold=n/a  correct=True  running‐acc=0.766
[ 138/489] loss=0.0000  pred=the    gold=true  running‐acc=0.717
Locality eval: pred=n/a               gold=n/a  correct=True  running‐acc=0.768
[ 139/489] loss=0.0000  pred=n/a    gold=n/a  running‐acc=0.719
Locality eval: pred=the               gold=true  correct=False  running‐acc=0.763
[ 140/489] loss=0.0000  pred=n/a    gold=n/a  running‐acc=0.721
Locality eval: pred=true              gold=true  correct=True  running‐acc=0.764
[ 141/489] loss=0.0000  pred=n/a    gold=true  running‐acc=0.716
Locality eval: pred=n/a               gold=n/a  correct=True  running‐acc=0.766
[ 142/489] loss=0.0000  pred=n/a    gold=n/a  running‐acc=0.718
Locality eval: pred=n/a               gold=true  correct=False  running‐acc=0.761
[ 143/489] loss=0.0000  pred=n/a    gold=true  running‐acc=0.713
Locality eval: pred=n/a               gold=n/a  correct=True  running‐acc=0.762
[ 144/489] loss=0.0000  pred=n/a    gold=true  running‐acc=0.708
Locality eval: pred=n/a               gold=n/a  correct=True  running‐acc=0.764
[ 145/489] loss=0.0000  pred=n/a    gold=true  running‐acc=0.703
Locality eval: pred=n/a               gold=n/a  correct=True  running‐acc=0.766
[ 146/489] loss=0.0000  pred=false.  gold=true  running‐acc=0.699
Locality eval: pred=n/a               gold=n/a  correct=True  running‐acc=0.767
[ 147/489] loss=0.0000  pred=the    gold=n/a  running‐acc=0.694
Locality eval: pred=true.             gold=true  correct=True  running‐acc=0.769
[ 148/489] loss=0.0000  pred=true.  gold=true  running‐acc=0.696
Locality eval: pred=n/a               gold=n/a  correct=True  running‐acc=0.770
[ 149/489] loss=0.0000  pred=n/a    gold=n/a  running‐acc=0.698
Locality eval: pred=true.             gold=true  correct=True  running‐acc=0.772
[ 150/489] loss=0.0000  pred=n/a    gold=n/a  running‐acc=0.700
Locality eval: pred=n/a               gold=true  correct=False  running‐acc=0.767
[ 151/489] loss=0.0000  pred=true.  gold=true  running‐acc=0.702
Locality eval: pred=n/a               gold=n/a  correct=True  running‐acc=0.768
[ 152/489] loss=0.0000  pred=false.  gold=n/a  running‐acc=0.697
Locality eval: pred=n/a               gold=true  correct=False  running‐acc=0.763
[ 153/489] loss=0.0000  pred=n/a    gold=n/a  running‐acc=0.699
Locality eval: pred=true.             gold=true  correct=True  running‐acc=0.765
[ 154/489] loss=0.0000  pred=true.  gold=true  running‐acc=0.701
Locality eval: pred=n/a               gold=n/a  correct=True  running‐acc=0.766
[ 155/489] loss=0.0000  pred=false.  gold=true  running‐acc=0.697
Locality eval: pred=n/a               gold=n/a  correct=True  running‐acc=0.768
[ 156/489] loss=0.0000  pred=n/a    gold=n/a  running‐acc=0.699
Locality eval: pred=true.             gold=true  correct=True  running‐acc=0.769
[ 157/489] loss=0.0000  pred=true   gold=n/a  running‐acc=0.694
Locality eval: pred=true              gold=true  correct=True  running‐acc=0.771
[ 158/489] loss=0.0000  pred=n/a    gold=n/a  running‐acc=0.696
Locality eval: pred=n/a               gold=true  correct=False  running‐acc=0.766
[ 159/489] loss=0.0000  pred=n/a    gold=n/a  running‐acc=0.698
Locality eval: pred=true.             gold=true  correct=True  running‐acc=0.767
[ 160/489] loss=0.0000  pred=n/a    gold=n/a  running‐acc=0.700
Locality eval: pred=true.             gold=true  correct=True  running‐acc=0.769
[ 161/489] loss=0.0000  pred=n/a    gold=n/a  running‐acc=0.702
Locality eval: pred=true.             gold=true  correct=True  running‐acc=0.770
[ 162/489] loss=0.0000  pred=true.  gold=true  running‐acc=0.704
Locality eval: pred=n/a               gold=n/a  correct=True  running‐acc=0.772
[ 163/489] loss=0.0000  pred=n/a    gold=n/a  running‐acc=0.706
Locality eval: pred=true.             gold=true  correct=True  running‐acc=0.773
[ 164/489] loss=0.0000  pred=n/a    gold=n/a  running‐acc=0.707
Locality eval: pred=false.            gold=true  correct=False  running‐acc=0.768
[ 165/489] loss=0.0000  pred=n/a    gold=true  running‐acc=0.703
Locality eval: pred=the               gold=n/a  correct=False  running‐acc=0.764
[ 166/489] loss=0.0000  pred=n/a    gold=n/a  running‐acc=0.705
Locality eval: pred=true.             gold=true  correct=True  running‐acc=0.765
[ 167/489] loss=0.0000  pred=true.  gold=true  running‐acc=0.707
Locality eval: pred=n/a               gold=n/a  correct=True  running‐acc=0.766
[ 168/489] loss=0.0000  pred=n/a    gold=n/a  running‐acc=0.708
Locality eval: pred=n/a               gold=true  correct=False  running‐acc=0.762
[ 169/489] loss=0.0000  pred=true   gold=true  running‐acc=0.710
Locality eval: pred=n/a               gold=n/a  correct=True  running‐acc=0.763
[ 170/489] loss=0.0000  pred=true   gold=true  running‐acc=0.712
Locality eval: pred=n/a               gold=n/a  correct=True  running‐acc=0.765
[ 171/489] loss=0.0000  pred=n/a    gold=true  running‐acc=0.708
Locality eval: pred=n/a               gold=n/a  correct=True  running‐acc=0.766
[ 172/489] loss=0.0000  pred=true.  gold=true  running‐acc=0.709
Locality eval: pred=true.             gold=n/a  correct=False  running‐acc=0.762
[ 173/489] loss=0.0000  pred=n/a    gold=n/a  running‐acc=0.711
Locality eval: pred=true.             gold=true  correct=True  running‐acc=0.763
[ 174/489] loss=0.0000  pred=true.  gold=true  running‐acc=0.713
Locality eval: pred=n/a               gold=n/a  correct=True  running‐acc=0.764
[ 175/489] loss=0.0000  pred=n/a    gold=true  running‐acc=0.709
Locality eval: pred=true.             gold=n/a  correct=False  running‐acc=0.760
[ 176/489] loss=0.0000  pred=true.  gold=true  running‐acc=0.710
Locality eval: pred=n/a               gold=n/a  correct=True  running‐acc=0.761
[ 177/489] loss=0.0000  pred=n/a    gold=n/a  running‐acc=0.712
Locality eval: pred=true              gold=true  correct=True  running‐acc=0.763
[ 178/489] loss=0.0000  pred=n/a    gold=true  running‐acc=0.708
Locality eval: pred=n/a               gold=n/a  correct=True  running‐acc=0.764
[ 179/489] loss=0.0000  pred=n/a    gold=n/a  running‐acc=0.709
Locality eval: pred=true.             gold=true  correct=True  running‐acc=0.765
[ 180/489] loss=0.0000  pred=the    gold=true  running‐acc=0.706
Locality eval: pred=false.            gold=n/a  correct=False  running‐acc=0.761
[ 181/489] loss=0.0000  pred=true.  gold=true  running‐acc=0.707
Locality eval: pred=n/a               gold=n/a  correct=True  running‐acc=0.762
[ 182/489] loss=0.0000  pred=n/a    gold=n/a  running‐acc=0.709
Locality eval: pred=true.             gold=true  correct=True  running‐acc=0.764
[ 183/489] loss=0.0000  pred=n/a    gold=n/a  running‐acc=0.710
Locality eval: pred=true.             gold=true  correct=True  running‐acc=0.765
[ 184/489] loss=0.0000  pred=true.  gold=true  running‐acc=0.712
Locality eval: pred=n/a               gold=n/a  correct=True  running‐acc=0.766
[ 185/489] loss=0.0000  pred=n/a    gold=true  running‐acc=0.708
Locality eval: pred=false.            gold=n/a  correct=False  running‐acc=0.762
[ 186/489] loss=0.0000  pred=n/a    gold=n/a  running‐acc=0.710
Locality eval: pred=true.             gold=true  correct=True  running‐acc=0.763
[ 187/489] loss=0.0000  pred=true.  gold=true  running‐acc=0.711
Locality eval: pred=n/a               gold=n/a  correct=True  running‐acc=0.765
[ 188/489] loss=0.0000  pred=true.  gold=true  running‐acc=0.713
Locality eval: pred=n/a               gold=n/a  correct=True  running‐acc=0.766
[ 189/489] loss=0.0000  pred=n/a    gold=n/a  running‐acc=0.714
Locality eval: pred=true.             gold=true  correct=True  running‐acc=0.767
[ 190/489] loss=0.0000  pred=n/a    gold=true  running‐acc=0.711
Locality eval: pred=n/a               gold=n/a  correct=True  running‐acc=0.768
[ 191/489] loss=0.0000  pred=true   gold=true  running‐acc=0.712
Locality eval: pred=n/a               gold=n/a  correct=True  running‐acc=0.770
[ 192/489] loss=0.0000  pred=false  gold=n/a  running‐acc=0.708
Locality eval: pred=true.             gold=true  correct=True  running‐acc=0.771
[ 193/489] loss=0.0000  pred=n/a    gold=n/a  running‐acc=0.710
Locality eval: pred=true.             gold=true  correct=True  running‐acc=0.772
[ 194/489] loss=0.0000  pred=n/a    gold=n/a  running‐acc=0.711
Locality eval: pred=true              gold=true  correct=True  running‐acc=0.773
[ 195/489] loss=0.0000  pred=n/a    gold=n/a  running‐acc=0.713
Locality eval: pred=true.             gold=true  correct=True  running‐acc=0.774
[ 196/489] loss=0.0000  pred=n/a    gold=n/a  running‐acc=0.714
Locality eval: pred=true              gold=true  correct=True  running‐acc=0.776
[ 197/489] loss=0.0000  pred=false.  gold=true  running‐acc=0.711
Locality eval: pred=false.            gold=n/a  correct=False  running‐acc=0.772
[ 198/489] loss=0.0000  pred=true.  gold=true  running‐acc=0.712
Locality eval: pred=n/a               gold=n/a  correct=True  running‐acc=0.773
[ 199/489] loss=0.0000  pred=n/a    gold=n/a  running‐acc=0.714
Locality eval: pred=true.             gold=true  correct=True  running‐acc=0.774
[ 200/489] loss=0.0000  pred=n/a    gold=n/a  running‐acc=0.715
Locality eval: pred=n/a               gold=true  correct=False  running‐acc=0.770
[ 201/489] loss=0.0000  pred=n/a    gold=true  running‐acc=0.711
Locality eval: pred=n/a               gold=n/a  correct=True  running‐acc=0.771
[ 202/489] loss=0.0000  pred=n/a    gold=n/a  running‐acc=0.713
Locality eval: pred=true.             gold=true  correct=True  running‐acc=0.772
[ 203/489] loss=0.0000  pred=n/a    gold=n/a  running‐acc=0.714
Locality eval: pred=true.             gold=true  correct=True  running‐acc=0.773
[ 204/489] loss=0.0000  pred=n/a    gold=n/a  running‐acc=0.716
Locality eval: pred=n/a               gold=true  correct=False  running‐acc=0.770
[ 205/489] loss=0.0000  pred=n/a    gold=n/a  running‐acc=0.717
Locality eval: pred=n/a               gold=true  correct=False  running‐acc=0.766
[ 206/489] loss=0.0000  pred=n/a    gold=n/a  running‐acc=0.718
Locality eval: pred=true.             gold=true  correct=True  running‐acc=0.767
[ 207/489] loss=0.0000  pred=n/a    gold=n/a  running‐acc=0.720
Locality eval: pred=true.             gold=true  correct=True  running‐acc=0.768
[ 208/489] loss=0.0000  pred=true.  gold=true  running‐acc=0.721
Locality eval: pred=n/a               gold=n/a  correct=True  running‐acc=0.769
[ 209/489] loss=0.0000  pred=true.  gold=true  running‐acc=0.722
Locality eval: pred=n/a               gold=n/a  correct=True  running‐acc=0.770
[ 210/489] loss=0.0000  pred=1.     gold=n/a  running‐acc=0.719
Locality eval: pred=true.             gold=true  correct=True  running‐acc=0.771
[ 211/489] loss=0.0000  pred=n/a    gold=n/a  running‐acc=0.720
Locality eval: pred=true.             gold=true  correct=True  running‐acc=0.773
[ 212/489] loss=0.0000  pred=true.  gold=true  running‐acc=0.722
Locality eval: pred=n/a               gold=n/a  correct=True  running‐acc=0.774
[ 213/489] loss=0.0000  pred=n/a    gold=n/a  running‐acc=0.723
Locality eval: pred=the               gold=true  correct=False  running‐acc=0.770
[ 214/489] loss=0.0000  pred=n/a    gold=n/a  running‐acc=0.724
Locality eval: pred=true.             gold=true  correct=True  running‐acc=0.771
[ 215/489] loss=0.0000  pred=n/a    gold=n/a  running‐acc=0.726
Locality eval: pred=the               gold=true  correct=False  running‐acc=0.767
[ 216/489] loss=0.0000  pred=n/a    gold=n/a  running‐acc=0.727
Locality eval: pred=true.             gold=true  correct=True  running‐acc=0.769
[ 217/489] loss=0.0000  pred=n/a    gold=n/a  running‐acc=0.728
Locality eval: pred=true              gold=true  correct=True  running‐acc=0.770
[ 218/489] loss=0.0000  pred=true   gold=true  running‐acc=0.729
Locality eval: pred=n/a               gold=n/a  correct=True  running‐acc=0.771
[ 219/489] loss=0.0000  pred=true   gold=true  running‐acc=0.731
Locality eval: pred=n/a               gold=n/a  correct=True  running‐acc=0.772
[ 220/489] loss=0.0000  pred=n/a    gold=n/a  running‐acc=0.732
Locality eval: pred=alice             gold=true  correct=False  running‐acc=0.768
[ 221/489] loss=0.0000  pred=the    gold=n/a  running‐acc=0.729
Locality eval: pred=true.             gold=true  correct=True  running‐acc=0.769
[ 222/489] loss=0.0000  pred=n/a    gold=n/a  running‐acc=0.730
Locality eval: pred=true.             gold=true  correct=True  running‐acc=0.770
[ 223/489] loss=0.0000  pred=true.  gold=true  running‐acc=0.731
Locality eval: pred=n/a               gold=n/a  correct=True  running‐acc=0.771
[ 224/489] loss=0.0000  pred=true.  gold=true  running‐acc=0.732
Locality eval: pred=n/a               gold=n/a  correct=True  running‐acc=0.772
[ 225/489] loss=0.0000  pred=n/a    gold=true  running‐acc=0.729
Locality eval: pred=n/a               gold=n/a  correct=True  running‐acc=0.773
[ 226/489] loss=0.0000  pred=true   gold=true  running‐acc=0.730
Locality eval: pred=n/a               gold=n/a  correct=True  running‐acc=0.774
[ 227/489] loss=0.0000  pred=n/a    gold=n/a  running‐acc=0.731
Locality eval: pred=true.             gold=true  correct=True  running‐acc=0.775
[ 228/489] loss=0.0000  pred=n/a    gold=n/a  running‐acc=0.732
Locality eval: pred=true.             gold=true  correct=True  running‐acc=0.776
[ 229/489] loss=0.0000  pred=true   gold=true  running‐acc=0.734
Locality eval: pred=false.            gold=n/a  correct=False  running‐acc=0.773
[ 230/489] loss=0.0000  pred=false.  gold=n/a  running‐acc=0.730
Locality eval: pred=true.             gold=true  correct=True  running‐acc=0.774
[ 231/489] loss=0.0000  pred=true.  gold=true  running‐acc=0.732
Locality eval: pred=n/a               gold=n/a  correct=True  running‐acc=0.775
[ 232/489] loss=0.0000  pred=n/a    gold=n/a  running‐acc=0.733
Locality eval: pred=true.             gold=true  correct=True  running‐acc=0.776
[ 233/489] loss=0.0000  pred=true.  gold=true  running‐acc=0.734
Locality eval: pred=n/a               gold=n/a  correct=True  running‐acc=0.777
[ 234/489] loss=0.0000  pred=n/a    gold=n/a  running‐acc=0.735
Locality eval: pred=true.             gold=true  correct=True  running‐acc=0.778
[ 235/489] loss=0.0000  pred=n/a    gold=true  running‐acc=0.732
Locality eval: pred=true              gold=n/a  correct=False  running‐acc=0.774
[ 236/489] loss=0.0000  pred=n/a    gold=n/a  running‐acc=0.733
Locality eval: pred=true.             gold=true  correct=True  running‐acc=0.775
[ 237/489] loss=0.0000  pred=true.  gold=true  running‐acc=0.734
Locality eval: pred=n/a               gold=n/a  correct=True  running‐acc=0.776
[ 238/489] loss=0.0000  pred=n/a    gold=n/a  running‐acc=0.735
Locality eval: pred=true.             gold=true  correct=True  running‐acc=0.777
[ 239/489] loss=0.0000  pred=true.  gold=true  running‐acc=0.736
Locality eval: pred=n/a               gold=n/a  correct=True  running‐acc=0.778
[ 240/489] loss=0.0000  pred=true   gold=true  running‐acc=0.738
Locality eval: pred=n/a               gold=n/a  correct=True  running‐acc=0.779
[ 241/489] loss=0.0000  pred=true.  gold=true  running‐acc=0.739
Locality eval: pred=n/a               gold=n/a  correct=True  running‐acc=0.780
[ 242/489] loss=0.0000  pred=true.  gold=true  running‐acc=0.740
Locality eval: pred=n/a               gold=n/a  correct=True  running‐acc=0.781
[ 243/489] loss=0.0000  pred=true.  gold=true  running‐acc=0.741
Locality eval: pred=n/a               gold=n/a  correct=True  running‐acc=0.782
[ 244/489] loss=0.0000  pred=true   gold=true  running‐acc=0.742
Locality eval: pred=n/a               gold=n/a  correct=True  running‐acc=0.783
[ 245/489] loss=0.0000  pred=true   gold=true  running‐acc=0.743
Locality eval: pred=n/a               gold=n/a  correct=True  running‐acc=0.784
[ 246/489] loss=0.0000  pred=n/a    gold=n/a  running‐acc=0.744
Locality eval: pred=false.            gold=true  correct=False  running‐acc=0.780
[ 247/489] loss=0.0000  pred=true.  gold=true  running‐acc=0.745
Locality eval: pred=n/a               gold=n/a  correct=True  running‐acc=0.781
[ 248/489] loss=0.0000  pred=the    gold=true  running‐acc=0.742
Locality eval: pred=n/a               gold=n/a  correct=True  running‐acc=0.782
[ 249/489] loss=0.0000  pred=true   gold=true  running‐acc=0.743
Locality eval: pred=n/a               gold=n/a  correct=True  running‐acc=0.783
[ 250/489] loss=0.0000  pred=n/a    gold=true  running‐acc=0.740
Locality eval: pred=n/a               gold=n/a  correct=True  running‐acc=0.784
[ 251/489] loss=0.0000  pred=n/a    gold=n/a  running‐acc=0.741
Locality eval: pred=n/a               gold=true  correct=False  running‐acc=0.781
[ 252/489] loss=0.0000  pred=n/a    gold=n/a  running‐acc=0.742
Locality eval: pred=true.             gold=true  correct=True  running‐acc=0.782
[ 253/489] loss=0.0000  pred=false  gold=n/a  running‐acc=0.739
Locality eval: pred=true              gold=true  correct=True  running‐acc=0.783
[ 254/489] loss=0.0000  pred=n/a    gold=n/a  running‐acc=0.740
Locality eval: pred=n/a               gold=true  correct=False  running‐acc=0.780
[ 255/489] loss=0.0000  pred=true.  gold=true  running‐acc=0.741
Locality eval: pred=1.                gold=n/a  correct=False  running‐acc=0.776
[ 256/489] loss=0.0000  pred=true.  gold=true  running‐acc=0.742
Locality eval: pred=n/a               gold=n/a  correct=True  running‐acc=0.777
[ 257/489] loss=0.0000  pred=true.  gold=true  running‐acc=0.743
Locality eval: pred=n/a               gold=n/a  correct=True  running‐acc=0.778
[ 258/489] loss=0.0000  pred=n/a    gold=n/a  running‐acc=0.744
Locality eval: pred=true.             gold=true  correct=True  running‐acc=0.779
[ 259/489] loss=0.0000  pred=true.  gold=true  running‐acc=0.745
Locality eval: pred=1.                gold=n/a  correct=False  running‐acc=0.776
[ 260/489] loss=0.0000  pred=n/a    gold=n/a  running‐acc=0.746
Locality eval: pred=true.             gold=true  correct=True  running‐acc=0.777
[ 261/489] loss=0.0000  pred=n/a    gold=true  running‐acc=0.743
Locality eval: pred=n/a               gold=n/a  correct=True  running‐acc=0.778
[ 262/489] loss=0.0000  pred=n/a    gold=n/a  running‐acc=0.744
Locality eval: pred=true.             gold=true  correct=True  running‐acc=0.779
[ 263/489] loss=0.0000  pred=true.  gold=true  running‐acc=0.745
Locality eval: pred=n/a               gold=n/a  correct=True  running‐acc=0.779
[ 264/489] loss=0.0000  pred=true   gold=true  running‐acc=0.746
Locality eval: pred=n/a               gold=n/a  correct=True  running‐acc=0.780
[ 265/489] loss=0.0000  pred=true.  gold=true  running‐acc=0.747
Locality eval: pred=the               gold=n/a  correct=False  running‐acc=0.777
[ 266/489] loss=0.0000  pred=n/a    gold=n/a  running‐acc=0.748
Locality eval: pred=true              gold=true  correct=True  running‐acc=0.778
[ 267/489] loss=0.0000  pred=n/a    gold=true  running‐acc=0.745
Locality eval: pred=n/a               gold=n/a  correct=True  running‐acc=0.779
[ 268/489] loss=0.0000  pred=true.  gold=true  running‐acc=0.746
Locality eval: pred=1.                gold=n/a  correct=False  running‐acc=0.776
[ 269/489] loss=0.0000  pred=true.  gold=true  running‐acc=0.747
Locality eval: pred=n/a               gold=n/a  correct=True  running‐acc=0.777
[ 270/489] loss=0.0000  pred=true.  gold=true  running‐acc=0.748
Locality eval: pred=n/a               gold=n/a  correct=True  running‐acc=0.778
[ 271/489] loss=0.0000  pred=n/a    gold=n/a  running‐acc=0.749
Locality eval: pred=n/a               gold=true  correct=False  running‐acc=0.775
[ 272/489] loss=0.0000  pred=n/a    gold=n/a  running‐acc=0.750
Locality eval: pred=true.             gold=true  correct=True  running‐acc=0.776
[ 273/489] loss=0.0000  pred=true.  gold=true  running‐acc=0.751
Locality eval: pred=n/a               gold=n/a  correct=True  running‐acc=0.777
[ 274/489] loss=0.0000  pred=true.  gold=true  running‐acc=0.752
Locality eval: pred=n/a               gold=n/a  correct=True  running‐acc=0.777
[ 275/489] loss=0.0000  pred=true.  gold=true  running‐acc=0.753
Locality eval: pred=n/a               gold=n/a  correct=True  running‐acc=0.778
[ 276/489] loss=0.0000  pred=n/a    gold=true  running‐acc=0.750
Locality eval: pred=n/a               gold=n/a  correct=True  running‐acc=0.779
[ 277/489] loss=0.0000  pred=n/a    gold=n/a  running‐acc=0.751
Locality eval: pred=the               gold=true  correct=False  running‐acc=0.776
[ 278/489] loss=0.0000  pred=true.  gold=true  running‐acc=0.752
Locality eval: pred=n/a               gold=n/a  correct=True  running‐acc=0.777
[ 279/489] loss=0.0000  pred=true.  gold=true  running‐acc=0.753
Locality eval: pred=false.            gold=n/a  correct=False  running‐acc=0.774
[ 280/489] loss=0.0000  pred=n/a    gold=n/a  running‐acc=0.754
Locality eval: pred=true.             gold=true  correct=True  running‐acc=0.775
[ 281/489] loss=0.0000  pred=n/a    gold=n/a  running‐acc=0.754
Locality eval: pred=true.             gold=true  correct=True  running‐acc=0.776
[ 282/489] loss=0.0000  pred=n/a    gold=n/a  running‐acc=0.755
Locality eval: pred=true.             gold=true  correct=True  running‐acc=0.777
[ 283/489] loss=0.0000  pred=n/a    gold=n/a  running‐acc=0.756
Locality eval: pred=true.             gold=true  correct=True  running‐acc=0.777
[ 284/489] loss=0.0000  pred=n/a    gold=n/a  running‐acc=0.757
Locality eval: pred=n/a               gold=true  correct=False  running‐acc=0.775
[ 285/489] loss=0.0000  pred=n/a    gold=n/a  running‐acc=0.758
Locality eval: pred=true.             gold=true  correct=True  running‐acc=0.775
[ 286/489] loss=0.0000  pred=true.  gold=true  running‐acc=0.759
Locality eval: pred=true.             gold=n/a  correct=False  running‐acc=0.773
[ 287/489] loss=0.0000  pred=n/a    gold=n/a  running‐acc=0.760
Locality eval: pred=true              gold=true  correct=True  running‐acc=0.774
[ 288/489] loss=0.0000  pred=n/a    gold=n/a  running‐acc=0.760
Locality eval: pred=n/a               gold=true  correct=False  running‐acc=0.771
[ 289/489] loss=0.0000  pred=true.  gold=true  running‐acc=0.761
Locality eval: pred=n/a               gold=n/a  correct=True  running‐acc=0.772
[ 290/489] loss=0.0000  pred=true.  gold=true  running‐acc=0.762
Locality eval: pred=false             gold=n/a  correct=False  running‐acc=0.769
[ 291/489] loss=0.0000  pred=true.  gold=true  running‐acc=0.763
Locality eval: pred=n/a               gold=n/a  correct=True  running‐acc=0.770
[ 292/489] loss=0.0000  pred=n/a    gold=n/a  running‐acc=0.764
Locality eval: pred=false.            gold=true  correct=False  running‐acc=0.767
[ 293/489] loss=0.0000  pred=n/a    gold=true  running‐acc=0.761
Locality eval: pred=n/a               gold=n/a  correct=True  running‐acc=0.768
[ 294/489] loss=0.0000  pred=n/a    gold=true  running‐acc=0.759
Locality eval: pred=true.             gold=n/a  correct=False  running‐acc=0.765
[ 295/489] loss=0.0000  pred=n/a    gold=n/a  running‐acc=0.759
Locality eval: pred=true.             gold=true  correct=True  running‐acc=0.766
[ 296/489] loss=0.0000  pred=n/a    gold=n/a  running‐acc=0.760
Locality eval: pred=n/a               gold=true  correct=False  running‐acc=0.764
[ 297/489] loss=0.0000  pred=n/a    gold=n/a  running‐acc=0.761
Locality eval: pred=true              gold=true  correct=True  running‐acc=0.764
[ 298/489] loss=0.0000  pred=true   gold=true  running‐acc=0.762
Locality eval: pred=false.            gold=n/a  correct=False  running‐acc=0.762
[ 299/489] loss=0.0000  pred=true.  gold=true  running‐acc=0.763
Locality eval: pred=n/a               gold=n/a  correct=True  running‐acc=0.763
[ 300/489] loss=0.0000  pred=n/a    gold=n/a  running‐acc=0.763
Locality eval: pred=true              gold=true  correct=True  running‐acc=0.763
[ 301/489] loss=0.0000  pred=n/a    gold=n/a  running‐acc=0.764
Locality eval: pred=true.             gold=true  correct=True  running‐acc=0.764
[ 302/489] loss=0.0000  pred=n/a    gold=n/a  running‐acc=0.765
Locality eval: pred=true.             gold=true  correct=True  running‐acc=0.765
[ 303/489] loss=0.0000  pred=false.  gold=true  running‐acc=0.762
Locality eval: pred=false.            gold=n/a  correct=False  running‐acc=0.762
[ 304/489] loss=0.0000  pred=n/a    gold=n/a  running‐acc=0.763
Locality eval: pred=false.            gold=true  correct=False  running‐acc=0.760
[ 305/489] loss=0.0000  pred=n/a    gold=n/a  running‐acc=0.764
Locality eval: pred=true.             gold=true  correct=True  running‐acc=0.761
[ 306/489] loss=0.0000  pred=true.  gold=true  running‐acc=0.765
Locality eval: pred=n/a               gold=n/a  correct=True  running‐acc=0.761
[ 307/489] loss=0.0000  pred=the    gold=true  running‐acc=0.762
Locality eval: pred=n/a               gold=n/a  correct=True  running‐acc=0.762
[ 308/489] loss=0.0000  pred=n/a    gold=true  running‐acc=0.760
Locality eval: pred=n/a               gold=n/a  correct=True  running‐acc=0.763
[ 309/489] loss=0.0000  pred=n/a    gold=n/a  running‐acc=0.761
Locality eval: pred=true.             gold=true  correct=True  running‐acc=0.764
[ 310/489] loss=0.0000  pred=n/a    gold=true  running‐acc=0.758
Locality eval: pred=n/a               gold=n/a  correct=True  running‐acc=0.765
[ 311/489] loss=0.0000  pred=n/a    gold=n/a  running‐acc=0.759
Locality eval: pred=the               gold=true  correct=False  running‐acc=0.762
[ 312/489] loss=0.0000  pred=n/a    gold=n/a  running‐acc=0.760
Locality eval: pred=n/a               gold=true  correct=False  running‐acc=0.760
[ 313/489] loss=0.0000  pred=true   gold=true  running‐acc=0.760
Locality eval: pred=n/a               gold=n/a  correct=True  running‐acc=0.760
[ 314/489] loss=0.0000  pred=n/a    gold=n/a  running‐acc=0.761
Locality eval: pred=true.             gold=true  correct=True  running‐acc=0.761
[ 315/489] loss=0.0000  pred=true.  gold=n/a  running‐acc=0.759
Locality eval: pred=n/a               gold=true  correct=False  running‐acc=0.759
[ 316/489] loss=0.0000  pred=true.  gold=n/a  running‐acc=0.756
Locality eval: pred=true              gold=true  correct=True  running‐acc=0.759
[ 317/489] loss=0.0000  pred=n/a    gold=n/a  running‐acc=0.757
Locality eval: pred=n/a               gold=true  correct=False  running‐acc=0.757
[ 318/489] loss=0.0000  pred=the    gold=true  running‐acc=0.755
Locality eval: pred=n/a               gold=n/a  correct=True  running‐acc=0.758
[ 319/489] loss=0.0000  pred=n/a    gold=n/a  running‐acc=0.755
Locality eval: pred=true.             gold=true  correct=True  running‐acc=0.759
[ 320/489] loss=0.0000  pred=n/a    gold=n/a  running‐acc=0.756
Locality eval: pred=n/a               gold=true  correct=False  running‐acc=0.756
[ 321/489] loss=0.0000  pred=n/a    gold=n/a  running‐acc=0.757
Locality eval: pred=true              gold=true  correct=True  running‐acc=0.757
[ 322/489] loss=0.0000  pred=n/a    gold=n/a  running‐acc=0.758
Locality eval: pred=true.             gold=true  correct=True  running‐acc=0.758
[ 323/489] loss=0.0000  pred=true.  gold=true  running‐acc=0.759
Locality eval: pred=n/a               gold=n/a  correct=True  running‐acc=0.759
[ 324/489] loss=0.0000  pred=n/a    gold=n/a  running‐acc=0.759
Locality eval: pred=true.             gold=true  correct=True  running‐acc=0.759
[ 325/489] loss=0.0000  pred=true.  gold=true  running‐acc=0.760
Locality eval: pred=n/a               gold=n/a  correct=True  running‐acc=0.760
[ 326/489] loss=0.0000  pred=n/a    gold=n/a  running‐acc=0.761
Locality eval: pred=true.             gold=true  correct=True  running‐acc=0.761
[ 327/489] loss=0.0000  pred=true.  gold=true  running‐acc=0.761
Locality eval: pred=n/a               gold=n/a  correct=True  running‐acc=0.761
[ 328/489] loss=0.0000  pred=true.  gold=true  running‐acc=0.762
Locality eval: pred=false.            gold=n/a  correct=False  running‐acc=0.759
[ 329/489] loss=0.0000  pred=n/a    gold=n/a  running‐acc=0.763
Locality eval: pred=true.             gold=true  correct=True  running‐acc=0.760
[ 330/489] loss=0.0000  pred=true.  gold=true  running‐acc=0.764
Locality eval: pred=n/a               gold=n/a  correct=True  running‐acc=0.761
[ 331/489] loss=0.0000  pred=true.  gold=true  running‐acc=0.764
Locality eval: pred=n/a               gold=n/a  correct=True  running‐acc=0.761
[ 332/489] loss=0.0000  pred=n/a    gold=n/a  running‐acc=0.765
Locality eval: pred=n/a               gold=true  correct=False  running‐acc=0.759
[ 333/489] loss=0.0000  pred=n/a    gold=n/a  running‐acc=0.766
Locality eval: pred=true.             gold=true  correct=True  running‐acc=0.760
[ 334/489] loss=0.0000  pred=false.  gold=n/a  running‐acc=0.763
Locality eval: pred=true              gold=true  correct=True  running‐acc=0.760
[ 335/489] loss=0.0000  pred=n/a    gold=true  running‐acc=0.761
Locality eval: pred=the               gold=n/a  correct=False  running‐acc=0.758
[ 336/489] loss=0.0000  pred=true.  gold=true  running‐acc=0.762
Locality eval: pred=n/a               gold=n/a  correct=True  running‐acc=0.759
[ 337/489] loss=0.0000  pred=n/a    gold=n/a  running‐acc=0.763
Locality eval: pred=true.             gold=true  correct=True  running‐acc=0.760
[ 338/489] loss=0.0000  pred=n/a    gold=true  running‐acc=0.760
Locality eval: pred=n/a               gold=n/a  correct=True  running‐acc=0.760
[ 339/489] loss=0.0000  pred=n/a    gold=n/a  running‐acc=0.761
Locality eval: pred=true.             gold=true  correct=True  running‐acc=0.761
[ 340/489] loss=0.0000  pred=n/a    gold=n/a  running‐acc=0.762
Locality eval: pred=n/a               gold=true  correct=False  running‐acc=0.759
[ 341/489] loss=0.0000  pred=n/a    gold=n/a  running‐acc=0.762
Locality eval: pred=false.            gold=true  correct=False  running‐acc=0.757
[ 342/489] loss=0.0000  pred=true.  gold=true  running‐acc=0.763
Locality eval: pred=n/a               gold=n/a  correct=True  running‐acc=0.757
[ 343/489] loss=0.0000  pred=n/a    gold=n/a  running‐acc=0.764
Locality eval: pred=n/a               gold=true  correct=False  running‐acc=0.755
[ 344/489] loss=0.0000  pred=true.  gold=true  running‐acc=0.765
Locality eval: pred=n/a               gold=n/a  correct=True  running‐acc=0.756
[ 345/489] loss=0.0000  pred=n/a    gold=true  running‐acc=0.762
Locality eval: pred=n/a               gold=n/a  correct=True  running‐acc=0.757
[ 346/489] loss=0.0000  pred=true.  gold=true  running‐acc=0.763
Locality eval: pred=n/a               gold=n/a  correct=True  running‐acc=0.757
[ 347/489] loss=0.0000  pred=n/a    gold=n/a  running‐acc=0.764
Locality eval: pred=true              gold=true  correct=True  running‐acc=0.758
[ 348/489] loss=0.0000  pred=n/a    gold=n/a  running‐acc=0.764
Locality eval: pred=true              gold=true  correct=True  running‐acc=0.759
[ 349/489] loss=0.0000  pred=true.  gold=true  running‐acc=0.765
Locality eval: pred=n/a               gold=n/a  correct=True  running‐acc=0.759
[ 350/489] loss=0.0000  pred=true.  gold=true  running‐acc=0.766
Locality eval: pred=n/a               gold=n/a  correct=True  running‐acc=0.760
[ 351/489] loss=0.0000  pred=n/a    gold=n/a  running‐acc=0.766
Locality eval: pred=n/a               gold=true  correct=False  running‐acc=0.758
[ 352/489] loss=0.0000  pred=1.     gold=n/a  running‐acc=0.764
Locality eval: pred=the               gold=true  correct=False  running‐acc=0.756
[ 353/489] loss=0.0000  pred=true.  gold=true  running‐acc=0.765
Locality eval: pred=n/a               gold=n/a  correct=True  running‐acc=0.756
[ 354/489] loss=0.0000  pred=n/a    gold=n/a  running‐acc=0.766
Locality eval: pred=true.             gold=true  correct=True  running‐acc=0.757
[ 355/489] loss=0.0000  pred=true.  gold=true  running‐acc=0.766
Locality eval: pred=the               gold=n/a  correct=False  running‐acc=0.755
[ 356/489] loss=0.0000  pred=n/a    gold=n/a  running‐acc=0.767
Locality eval: pred=false.            gold=true  correct=False  running‐acc=0.753
[ 357/489] loss=0.0000  pred=n/a    gold=n/a  running‐acc=0.768
Locality eval: pred=true.             gold=true  correct=True  running‐acc=0.754
[ 358/489] loss=0.0000  pred=n/a    gold=n/a  running‐acc=0.768
Locality eval: pred=true.             gold=true  correct=True  running‐acc=0.754
[ 359/489] loss=0.0000  pred=n/a    gold=n/a  running‐acc=0.769
Locality eval: pred=true.             gold=true  correct=True  running‐acc=0.755
[ 360/489] loss=0.0000  pred=n/a    gold=n/a  running‐acc=0.769
Locality eval: pred=the               gold=true  correct=False  running‐acc=0.753
[ 361/489] loss=0.0000  pred=true.  gold=true  running‐acc=0.770
Locality eval: pred=n/a               gold=n/a  correct=True  running‐acc=0.753
[ 362/489] loss=0.0000  pred=n/a    gold=n/a  running‐acc=0.771
Locality eval: pred=true.             gold=true  correct=True  running‐acc=0.754
[ 363/489] loss=0.0000  pred=n/a    gold=n/a  running‐acc=0.771
Locality eval: pred=true.             gold=true  correct=True  running‐acc=0.755
[ 364/489] loss=0.0000  pred=n/a    gold=n/a  running‐acc=0.772
Locality eval: pred=n/a               gold=true  correct=False  running‐acc=0.753
[ 365/489] loss=0.0000  pred=true.  gold=true  running‐acc=0.773
Locality eval: pred=n/a               gold=n/a  correct=True  running‐acc=0.753
[ 366/489] loss=0.0000  pred=n/a    gold=true  running‐acc=0.770
Locality eval: pred=n/a               gold=n/a  correct=True  running‐acc=0.754
[ 367/489] loss=0.0000  pred=true.  gold=true  running‐acc=0.771
Locality eval: pred=n/a               gold=n/a  correct=True  running‐acc=0.755
[ 368/489] loss=0.0000  pred=true.  gold=true  running‐acc=0.772
Locality eval: pred=n/a               gold=n/a  correct=True  running‐acc=0.755
[ 369/489] loss=0.0000  pred=n/a    gold=n/a  running‐acc=0.772
Locality eval: pred=true.             gold=true  correct=True  running‐acc=0.756
[ 370/489] loss=0.0000  pred=n/a    gold=true  running‐acc=0.770
Locality eval: pred=n/a               gold=n/a  correct=True  running‐acc=0.757
[ 371/489] loss=0.0000  pred=true.  gold=true  running‐acc=0.771
Locality eval: pred=n/a               gold=n/a  correct=True  running‐acc=0.757
[ 372/489] loss=0.0000  pred=true.  gold=true  running‐acc=0.772
Locality eval: pred=n/a               gold=n/a  correct=True  running‐acc=0.758
[ 373/489] loss=0.0000  pred=true.  gold=true  running‐acc=0.772
Locality eval: pred=1.                gold=n/a  correct=False  running‐acc=0.756
[ 374/489] loss=0.0000  pred=n/a    gold=n/a  running‐acc=0.773
Locality eval: pred=true.             gold=true  correct=True  running‐acc=0.757
[ 375/489] loss=0.0000  pred=n/a    gold=true  running‐acc=0.771
Locality eval: pred=true.             gold=n/a  correct=False  running‐acc=0.755
[ 376/489] loss=0.0000  pred=n/a    gold=true  running‐acc=0.769
Locality eval: pred=true.             gold=n/a  correct=False  running‐acc=0.753
[ 377/489] loss=0.0000  pred=true   gold=true  running‐acc=0.769
Locality eval: pred=n/a               gold=n/a  correct=True  running‐acc=0.753
[ 378/489] loss=0.0000  pred=true.  gold=true  running‐acc=0.770
Locality eval: pred=n/a               gold=n/a  correct=True  running‐acc=0.754
[ 379/489] loss=0.0000  pred=true.  gold=true  running‐acc=0.770
Locality eval: pred=n/a               gold=n/a  correct=True  running‐acc=0.755
[ 380/489] loss=0.0000  pred=true.  gold=true  running‐acc=0.771
Locality eval: pred=n/a               gold=n/a  correct=True  running‐acc=0.755
[ 381/489] loss=0.0000  pred=n/a    gold=n/a  running‐acc=0.772
Locality eval: pred=the               gold=true  correct=False  running‐acc=0.753
[ 382/489] loss=0.0000  pred=the    gold=n/a  running‐acc=0.770
Locality eval: pred=true.             gold=true  correct=True  running‐acc=0.754
[ 383/489] loss=0.0000  pred=false.  gold=true  running‐acc=0.768
Locality eval: pred=n/a               gold=n/a  correct=True  running‐acc=0.755
[ 384/489] loss=0.0000  pred=n/a    gold=n/a  running‐acc=0.768
Locality eval: pred=n/a               gold=true  correct=False  running‐acc=0.753
[ 385/489] loss=0.0000  pred=n/a    gold=n/a  running‐acc=0.769
Locality eval: pred=true.             gold=true  correct=True  running‐acc=0.753
[ 386/489] loss=0.0000  pred=true.  gold=true  running‐acc=0.769
Locality eval: pred=n/a               gold=n/a  correct=True  running‐acc=0.754
[ 387/489] loss=0.0000  pred=true.  gold=true  running‐acc=0.770
Locality eval: pred=n/a               gold=n/a  correct=True  running‐acc=0.755
[ 388/489] loss=0.0000  pred=true.  gold=true  running‐acc=0.771
Locality eval: pred=n/a               gold=n/a  correct=True  running‐acc=0.755
[ 389/489] loss=0.0000  pred=n/a    gold=n/a  running‐acc=0.771
Locality eval: pred=true.             gold=true  correct=True  running‐acc=0.756
[ 390/489] loss=0.0000  pred=n/a    gold=n/a  running‐acc=0.772
Locality eval: pred=false.            gold=true  correct=False  running‐acc=0.754
[ 391/489] loss=0.0000  pred=n/a    gold=n/a  running‐acc=0.772
Locality eval: pred=n/a               gold=true  correct=False  running‐acc=0.752
[ 392/489] loss=0.0000  pred=true.  gold=true  running‐acc=0.773
Locality eval: pred=n/a               gold=n/a  correct=True  running‐acc=0.753
[ 393/489] loss=0.0000  pred=the    gold=n/a  running‐acc=0.771
Locality eval: pred=true.             gold=true  correct=True  running‐acc=0.753
[ 394/489] loss=0.0000  pred=true   gold=true  running‐acc=0.772
Locality eval: pred=1.                gold=n/a  correct=False  running‐acc=0.751
[ 395/489] loss=0.0000  pred=true.  gold=true  running‐acc=0.772
Locality eval: pred=n/a               gold=n/a  correct=True  running‐acc=0.752
[ 396/489] loss=0.0000  pred=true.  gold=true  running‐acc=0.773
Locality eval: pred=n/a               gold=n/a  correct=True  running‐acc=0.753
[ 397/489] loss=0.0000  pred=n/a    gold=n/a  running‐acc=0.773
Locality eval: pred=true              gold=true  correct=True  running‐acc=0.753
[ 398/489] loss=0.0000  pred=true.  gold=true  running‐acc=0.774
Locality eval: pred=n/a               gold=n/a  correct=True  running‐acc=0.754
[ 399/489] loss=0.0000  pred=true.  gold=true  running‐acc=0.774
Locality eval: pred=n/a               gold=n/a  correct=True  running‐acc=0.754
[ 400/489] loss=0.0000  pred=n/a    gold=true  running‐acc=0.772
Locality eval: pred=n/a               gold=n/a  correct=True  running‐acc=0.755
[ 401/489] loss=0.0000  pred=true.  gold=true  running‐acc=0.773
Locality eval: pred=n/a               gold=n/a  correct=True  running‐acc=0.756
[ 402/489] loss=0.0000  pred=1.     gold=n/a  running‐acc=0.771
Locality eval: pred=true.             gold=true  correct=True  running‐acc=0.756
[ 403/489] loss=0.0000  pred=n/a    gold=n/a  running‐acc=0.772
Locality eval: pred=true              gold=true  correct=True  running‐acc=0.757
[ 404/489] loss=0.0000  pred=n/a    gold=true  running‐acc=0.770
Locality eval: pred=n/a               gold=n/a  correct=True  running‐acc=0.757
[ 405/489] loss=0.0000  pred=n/a    gold=true  running‐acc=0.768
Locality eval: pred=true.             gold=n/a  correct=False  running‐acc=0.756
[ 406/489] loss=0.0000  pred=true   gold=true  running‐acc=0.768
Locality eval: pred=the               gold=n/a  correct=False  running‐acc=0.754
[ 407/489] loss=0.0000  pred=true.  gold=true  running‐acc=0.769
Locality eval: pred=the               gold=n/a  correct=False  running‐acc=0.752
[ 408/489] loss=0.0000  pred=the    gold=n/a  running‐acc=0.767
Locality eval: pred=n/a               gold=true  correct=False  running‐acc=0.750
[ 409/489] loss=0.0000  pred=true   gold=true  running‐acc=0.768
Locality eval: pred=n/a               gold=n/a  correct=True  running‐acc=0.751
[ 410/489] loss=0.0000  pred=false.  gold=n/a  running‐acc=0.766
Locality eval: pred=n/a               gold=true  correct=False  running‐acc=0.749
[ 411/489] loss=0.0000  pred=n/a    gold=n/a  running‐acc=0.766
Locality eval: pred=true.             gold=true  correct=True  running‐acc=0.749
[ 412/489] loss=0.0000  pred=the    gold=n/a  running‐acc=0.765
Locality eval: pred=n/a               gold=true  correct=False  running‐acc=0.748
[ 413/489] loss=0.0000  pred=true.  gold=true  running‐acc=0.765
Locality eval: pred=n/a               gold=n/a  correct=True  running‐acc=0.748
[ 414/489] loss=0.0000  pred=n/a    gold=true  running‐acc=0.763
Locality eval: pred=n/a               gold=n/a  correct=True  running‐acc=0.749
[ 415/489] loss=0.0000  pred=n/a    gold=n/a  running‐acc=0.764
Locality eval: pred=n/a               gold=true  correct=False  running‐acc=0.747
[ 416/489] loss=0.0000  pred=true.  gold=true  running‐acc=0.764
Locality eval: pred=n/a               gold=n/a  correct=True  running‐acc=0.748
[ 417/489] loss=0.0000  pred=n/a    gold=n/a  running‐acc=0.765
Locality eval: pred=true.             gold=true  correct=True  running‐acc=0.748
[ 418/489] loss=0.0000  pred=n/a    gold=n/a  running‐acc=0.766
Locality eval: pred=n/a               gold=true  correct=False  running‐acc=0.746
[ 419/489] loss=0.0000  pred=n/a    gold=true  running‐acc=0.764
Locality eval: pred=n/a               gold=n/a  correct=True  running‐acc=0.747
[ 420/489] loss=0.0000  pred=n/a    gold=n/a  running‐acc=0.764
Locality eval: pred=n/a               gold=true  correct=False  running‐acc=0.745
[ 421/489] loss=0.0000  pred=n/a    gold=n/a  running‐acc=0.765
Locality eval: pred=true              gold=true  correct=True  running‐acc=0.746
[ 422/489] loss=0.0000  pred=true   gold=true  running‐acc=0.765
Locality eval: pred=n/a               gold=n/a  correct=True  running‐acc=0.746
[ 423/489] loss=0.0000  pred=n/a    gold=n/a  running‐acc=0.766
Locality eval: pred=true              gold=true  correct=True  running‐acc=0.747
[ 424/489] loss=0.0000  pred=true.  gold=n/a  running‐acc=0.764
Locality eval: pred=n/a               gold=true  correct=False  running‐acc=0.745
[ 425/489] loss=0.0000  pred=n/a    gold=n/a  running‐acc=0.765
Locality eval: pred=n/a               gold=true  correct=False  running‐acc=0.744
[ 426/489] loss=0.0000  pred=true   gold=true  running‐acc=0.765
Locality eval: pred=n/a               gold=n/a  correct=True  running‐acc=0.744
[ 427/489] loss=0.0000  pred=n/a    gold=n/a  running‐acc=0.766
Locality eval: pred=n/a               gold=true  correct=False  running‐acc=0.742
[ 428/489] loss=0.0000  pred=n/a    gold=true  running‐acc=0.764
Locality eval: pred=n/a               gold=n/a  correct=True  running‐acc=0.743
[ 429/489] loss=0.0000  pred=n/a    gold=n/a  running‐acc=0.765
Locality eval: pred=true.             gold=true  correct=True  running‐acc=0.744
[ 430/489] loss=0.0000  pred=true.  gold=true  running‐acc=0.765
Locality eval: pred=true.             gold=n/a  correct=False  running‐acc=0.742
[ 431/489] loss=0.0000  pred=the    gold=true  running‐acc=0.763
Locality eval: pred=n/a               gold=n/a  correct=True  running‐acc=0.742
[ 432/489] loss=0.0000  pred=n/a    gold=n/a  running‐acc=0.764
Locality eval: pred=true.             gold=true  correct=True  running‐acc=0.743
[ 433/489] loss=0.0000  pred=true.  gold=true  running‐acc=0.764
Locality eval: pred=n/a               gold=n/a  correct=True  running‐acc=0.744
[ 434/489] loss=0.0000  pred=true.  gold=true  running‐acc=0.765
Locality eval: pred=n/a               gold=n/a  correct=True  running‐acc=0.744
[ 435/489] loss=0.0000  pred=n/a    gold=n/a  running‐acc=0.766
Locality eval: pred=true              gold=true  correct=True  running‐acc=0.745
[ 436/489] loss=0.0000  pred=n/a    gold=n/a  running‐acc=0.766
Locality eval: pred=the               gold=true  correct=False  running‐acc=0.743
[ 437/489] loss=0.0000  pred=true.  gold=true  running‐acc=0.767
Locality eval: pred=n/a               gold=n/a  correct=True  running‐acc=0.744
[ 438/489] loss=0.0000  pred=n/a    gold=n/a  running‐acc=0.767
Locality eval: pred=true              gold=true  correct=True  running‐acc=0.744
[ 439/489] loss=0.0000  pred=n/a    gold=n/a  running‐acc=0.768
Locality eval: pred=true.             gold=true  correct=True  running‐acc=0.745
[ 440/489] loss=0.0000  pred=n/a    gold=n/a  running‐acc=0.768
Locality eval: pred=n/a               gold=true  correct=False  running‐acc=0.743
[ 441/489] loss=0.0000  pred=n/a    gold=n/a  running‐acc=0.769
Locality eval: pred=true              gold=true  correct=True  running‐acc=0.744
[ 442/489] loss=0.0000  pred=n/a    gold=n/a  running‐acc=0.769
Locality eval: pred=n/a               gold=true  correct=False  running‐acc=0.742
[ 443/489] loss=0.0000  pred=true.  gold=true  running‐acc=0.770
Locality eval: pred=the               gold=n/a  correct=False  running‐acc=0.740
[ 444/489] loss=0.0000  pred=true.  gold=true  running‐acc=0.770
Locality eval: pred=n/a               gold=n/a  correct=True  running‐acc=0.741
[ 445/489] loss=0.0000  pred=true.  gold=true  running‐acc=0.771
Locality eval: pred=false.            gold=n/a  correct=False  running‐acc=0.739
[ 446/489] loss=0.0000  pred=true   gold=true  running‐acc=0.771
Locality eval: pred=n/a               gold=n/a  correct=True  running‐acc=0.740
[ 447/489] loss=0.0000  pred=n/a    gold=n/a  running‐acc=0.772
Locality eval: pred=timmy             gold=true  correct=False  running‐acc=0.738
[ 448/489] loss=0.0000  pred=true.  gold=true  running‐acc=0.772
Locality eval: pred=n/a               gold=n/a  correct=True  running‐acc=0.739
[ 449/489] loss=0.0000  pred=true.  gold=true  running‐acc=0.773
Locality eval: pred=n/a               gold=n/a  correct=True  running‐acc=0.739
[ 450/489] loss=0.0000  pred=n/a    gold=n/a  running‐acc=0.773
Locality eval: pred=true              gold=true  correct=True  running‐acc=0.740
[ 451/489] loss=0.0000  pred=true.  gold=true  running‐acc=0.774
Locality eval: pred=n/a               gold=n/a  correct=True  running‐acc=0.741
[ 452/489] loss=0.0000  pred=true.  gold=true  running‐acc=0.774
Locality eval: pred=true              gold=n/a  correct=False  running‐acc=0.739
[ 453/489] loss=0.0000  pred=n/a    gold=n/a  running‐acc=0.775
Locality eval: pred=true.             gold=true  correct=True  running‐acc=0.740
[ 454/489] loss=0.0000  pred=true.  gold=true  running‐acc=0.775
Locality eval: pred=n/a               gold=n/a  correct=True  running‐acc=0.740
[ 455/489] loss=0.0000  pred=n/a    gold=true  running‐acc=0.774
Locality eval: pred=n/a               gold=n/a  correct=True  running‐acc=0.741
[ 456/489] loss=0.0000  pred=true.  gold=true  running‐acc=0.774
Locality eval: pred=n/a               gold=n/a  correct=True  running‐acc=0.741
[ 457/489] loss=0.0000  pred=n/a    gold=n/a  running‐acc=0.775
Locality eval: pred=true.             gold=true  correct=True  running‐acc=0.742
[ 458/489] loss=0.0000  pred=true.  gold=true  running‐acc=0.775
Locality eval: pred=n/a               gold=n/a  correct=True  running‐acc=0.742
[ 459/489] loss=0.0000  pred=n/a    gold=n/a  running‐acc=0.776
Locality eval: pred=true              gold=true  correct=True  running‐acc=0.743
[ 460/489] loss=0.0000  pred=true   gold=n/a  running‐acc=0.774
Locality eval: pred=true.             gold=true  correct=True  running‐acc=0.743
[ 461/489] loss=0.0000  pred=n/a    gold=n/a  running‐acc=0.774
Locality eval: pred=true.             gold=true  correct=True  running‐acc=0.744
[ 462/489] loss=0.0000  pred=true.  gold=true  running‐acc=0.775
Locality eval: pred=n/a               gold=n/a  correct=True  running‐acc=0.745
[ 463/489] loss=0.0000  pred=n/a    gold=n/a  running‐acc=0.775
Locality eval: pred=true.             gold=true  correct=True  running‐acc=0.745
[ 464/489] loss=0.0000  pred=n/a    gold=true  running‐acc=0.774
Locality eval: pred=n/a               gold=n/a  correct=True  running‐acc=0.746
[ 465/489] loss=0.0000  pred=n/a    gold=n/a  running‐acc=0.774
Locality eval: pred=true.             gold=true  correct=True  running‐acc=0.746
[ 466/489] loss=0.0000  pred=n/a    gold=n/a  running‐acc=0.775
Locality eval: pred=true.             gold=true  correct=True  running‐acc=0.747
[ 467/489] loss=0.0000  pred=n/a    gold=n/a  running‐acc=0.775
Locality eval: pred=true.             gold=true  correct=True  running‐acc=0.747
[ 468/489] loss=0.0000  pred=true.  gold=true  running‐acc=0.776
Locality eval: pred=the               gold=n/a  correct=False  running‐acc=0.746
[ 469/489] loss=0.0000  pred=n/a    gold=n/a  running‐acc=0.776
Locality eval: pred=true.             gold=true  correct=True  running‐acc=0.746
[ 470/489] loss=0.0000  pred=n/a    gold=n/a  running‐acc=0.777
Locality eval: pred=n/a               gold=true  correct=False  running‐acc=0.745
[ 471/489] loss=0.0000  pred=n/a    gold=n/a  running‐acc=0.777
Locality eval: pred=true              gold=true  correct=True  running‐acc=0.745
[ 472/489] loss=0.0000  pred=n/a    gold=n/a  running‐acc=0.778
Locality eval: pred=the               gold=true  correct=False  running‐acc=0.744
[ 473/489] loss=0.0000  pred=true.  gold=n/a  running‐acc=0.776
Locality eval: pred=true.             gold=true  correct=True  running‐acc=0.744
[ 474/489] loss=0.0000  pred=n/a    gold=true  running‐acc=0.774
Locality eval: pred=n/a               gold=n/a  correct=True  running‐acc=0.745
[ 475/489] loss=0.0000  pred=n/a    gold=true  running‐acc=0.773
Locality eval: pred=n/a               gold=n/a  correct=True  running‐acc=0.745
[ 476/489] loss=0.0000  pred=n/a    gold=true  running‐acc=0.771
Locality eval: pred=n/a               gold=n/a  correct=True  running‐acc=0.746
[ 477/489] loss=0.0000  pred=true.  gold=true  running‐acc=0.771
Locality eval: pred=n/a               gold=n/a  correct=True  running‐acc=0.746
[ 478/489] loss=0.0000  pred=true   gold=true  running‐acc=0.772
Locality eval: pred=n/a               gold=n/a  correct=True  running‐acc=0.747
[ 479/489] loss=0.0000  pred=n/a    gold=n/a  running‐acc=0.772
Locality eval: pred=n/a               gold=true  correct=False  running‐acc=0.745
[ 480/489] loss=0.0000  pred=true.  gold=true  running‐acc=0.773
Locality eval: pred=true              gold=n/a  correct=False  running‐acc=0.744
[ 481/489] loss=0.0000  pred=n/a    gold=n/a  running‐acc=0.773
Locality eval: pred=n/a               gold=true  correct=False  running‐acc=0.742
[ 482/489] loss=0.0000  pred=false  gold=n/a  running‐acc=0.772
Locality eval: pred=n/a               gold=true  correct=False  running‐acc=0.741
[ 483/489] loss=0.0000  pred=n/a    gold=n/a  running‐acc=0.772
Locality eval: pred=true.             gold=true  correct=True  running‐acc=0.741
[ 484/489] loss=0.0000  pred=the    gold=true  running‐acc=0.771
Locality eval: pred=n/a               gold=n/a  correct=True  running‐acc=0.742
[ 485/489] loss=0.0000  pred=n/a    gold=true  running‐acc=0.769
Locality eval: pred=n/a               gold=n/a  correct=True  running‐acc=0.742
[ 486/489] loss=0.0000  pred=n/a    gold=n/a  running‐acc=0.770
Locality eval: pred=false.            gold=true  correct=False  running‐acc=0.741
[ 487/489] loss=0.0000  pred=true.  gold=n/a  running‐acc=0.768
Locality eval: pred=true              gold=true  correct=True  running‐acc=0.741
[ 488/489] loss=0.0000  pred=true.  gold=true  running‐acc=0.768
Locality eval: pred=n/a               gold=n/a  correct=True  running‐acc=0.742
[ 489/489] loss=0.0000  pred=true.  gold=true  running‐acc=0.769
Locality eval: pred=n/a               gold=n/a  correct=True  running‐acc=0.742

Finished in 802.3s.  Final accuracy: 0.769.
Adapter saved to output/lora_logic_pairwise.
