/home/vjd5zr/miniconda3/envs/lora/lib/python3.9/site-packages/torchvision/io/image.py:13: UserWarning: Failed to load image Python extension: libtorch_cuda_cu.so: cannot open shared object file: No such file or directory
  warn(f"Failed to load image Python extension: {e}")
The `load_in_4bit` and `load_in_8bit` arguments are deprecated and will be removed in the future versions. Please, pass a `BitsAndBytesConfig` object in `quantization_config` argument instead.
`low_cpu_mem_usage` was None, now default to True since model is quantized.
Loaded 489 (train, eval) pairs.

Loading base model (4‐bit)…
Loading checkpoint shards:   0%|          | 0/3 [00:00<?, ?it/s]Loading checkpoint shards:  33%|███▎      | 1/3 [00:03<00:06,  3.49s/it]Loading checkpoint shards:  67%|██████▋   | 2/3 [00:05<00:02,  2.49s/it]Loading checkpoint shards: 100%|██████████| 3/3 [00:06<00:00,  2.05s/it]Loading checkpoint shards: 100%|██████████| 3/3 [00:06<00:00,  2.27s/it]
/home/vjd5zr/miniconda3/envs/lora/lib/python3.9/site-packages/bitsandbytes/nn/modules.py:452: UserWarning: Input type into Linear4bit is torch.float16, but bnb_4bit_compute_dtype=torch.float32 (default). This will lead to slow inference or training speed.
  warnings.warn(
trainable params: 6,815,744 || all params: 7,254,839,296 || trainable%: 0.0939

Starting sequential training…
Cached 128 LoRA tensors.
[   1/489] loss=0.0000  pred=the    gold=true  running‐acc=0.000
Locality eval: pred=n/a               gold=n/a  correct=True  running‐acc=1.000
[   2/489] loss=0.0000  pred=true   gold=true  running‐acc=0.500
Locality eval: pred=true              gold=n/a  correct=False  running‐acc=0.500
[   3/489] loss=0.0000  pred=true   gold=true  running‐acc=0.667
Locality eval: pred=n/a               gold=n/a  correct=True  running‐acc=0.667
[   4/489] loss=0.0000  pred=n/a    gold=true  running‐acc=0.500
Locality eval: pred=n/a               gold=n/a  correct=True  running‐acc=0.750
[   5/489] loss=0.0000  pred=n/a    gold=n/a  running‐acc=0.600
Locality eval: pred=true              gold=true  correct=True  running‐acc=0.800
[   6/489] loss=0.0000  pred=true   gold=true  running‐acc=0.667
Locality eval: pred=n/a               gold=n/a  correct=True  running‐acc=0.833
[   7/489] loss=0.0000  pred=n/a    gold=n/a  running‐acc=0.714
Locality eval: pred=true              gold=true  correct=True  running‐acc=0.857
[   8/489] loss=0.0000  pred=n/a    gold=n/a  running‐acc=0.750
Locality eval: pred=true.             gold=true  correct=True  running‐acc=0.875
[   9/489] loss=0.0000  pred=n/a    gold=n/a  running‐acc=0.778
Locality eval: pred=true              gold=true  correct=True  running‐acc=0.889
[  10/489] loss=0.0000  pred=true.  gold=true  running‐acc=0.800
Locality eval: pred=n/a               gold=n/a  correct=True  running‐acc=0.900
[  11/489] loss=0.0000  pred=true   gold=true  running‐acc=0.818
Locality eval: pred=n/a               gold=n/a  correct=True  running‐acc=0.909
[  12/489] loss=0.0000  pred=n/a    gold=n/a  running‐acc=0.833
Locality eval: pred=true.             gold=true  correct=True  running‐acc=0.917
[  13/489] loss=0.0000  pred=n/a    gold=n/a  running‐acc=0.846
Locality eval: pred=true              gold=true  correct=True  running‐acc=0.923
[  14/489] loss=0.0000  pred=n/a    gold=n/a  running‐acc=0.857
Locality eval: pred=true.             gold=true  correct=True  running‐acc=0.929
[  15/489] loss=0.0000  pred=n/a    gold=n/a  running‐acc=0.867
Locality eval: pred=n/a               gold=true  correct=False  running‐acc=0.867
[  16/489] loss=0.0000  pred=n/a    gold=true  running‐acc=0.812
Locality eval: pred=n/a               gold=n/a  correct=True  running‐acc=0.875
[  17/489] loss=0.0000  pred=n/a    gold=n/a  running‐acc=0.824
Locality eval: pred=true              gold=true  correct=True  running‐acc=0.882
[  18/489] loss=0.0000  pred=true   gold=true  running‐acc=0.833
Locality eval: pred=n/a               gold=n/a  correct=True  running‐acc=0.889
[  19/489] loss=0.0000  pred=true   gold=true  running‐acc=0.842
Locality eval: pred=n/a               gold=n/a  correct=True  running‐acc=0.895
[  20/489] loss=0.0000  pred=n/a    gold=n/a  running‐acc=0.850
Locality eval: pred=true              gold=true  correct=True  running‐acc=0.900
[  21/489] loss=0.0000  pred=true   gold=true  running‐acc=0.857
Locality eval: pred=n/a               gold=n/a  correct=True  running‐acc=0.905
[  22/489] loss=0.0000  pred=true   gold=true  running‐acc=0.864
Locality eval: pred=n/a               gold=n/a  correct=True  running‐acc=0.909
[  23/489] loss=0.0000  pred=n/a    gold=n/a  running‐acc=0.870
Locality eval: pred=true              gold=true  correct=True  running‐acc=0.913
[  24/489] loss=0.0000  pred=n/a    gold=n/a  running‐acc=0.875
Locality eval: pred=true              gold=true  correct=True  running‐acc=0.917
[  25/489] loss=0.0000  pred=true   gold=true  running‐acc=0.880
Locality eval: pred=n/a               gold=n/a  correct=True  running‐acc=0.920
[  26/489] loss=0.0000  pred=n/a    gold=n/a  running‐acc=0.885
Locality eval: pred=true              gold=true  correct=True  running‐acc=0.923
[  27/489] loss=0.0000  pred=true   gold=true  running‐acc=0.889
Locality eval: pred=n/a               gold=n/a  correct=True  running‐acc=0.926
[  28/489] loss=0.0000  pred=n/a    gold=true  running‐acc=0.857
Locality eval: pred=n/a               gold=n/a  correct=True  running‐acc=0.929
[  29/489] loss=0.0000  pred=n/a    gold=n/a  running‐acc=0.862
Locality eval: pred=the               gold=true  correct=False  running‐acc=0.897
[  30/489] loss=0.0000  pred=true   gold=true  running‐acc=0.867
Locality eval: pred=n/a               gold=n/a  correct=True  running‐acc=0.900
[  31/489] loss=0.0000  pred=the    gold=true  running‐acc=0.839
Locality eval: pred=n/a               gold=n/a  correct=True  running‐acc=0.903
[  32/489] loss=0.0000  pred=true   gold=true  running‐acc=0.844
Locality eval: pred=n/a               gold=n/a  correct=True  running‐acc=0.906
[  33/489] loss=0.0000  pred=true   gold=true  running‐acc=0.848
Locality eval: pred=n/a               gold=n/a  correct=True  running‐acc=0.909
[  34/489] loss=0.0000  pred=n/a    gold=true  running‐acc=0.824
Locality eval: pred=n/a               gold=n/a  correct=True  running‐acc=0.912
[  35/489] loss=0.0000  pred=n/a    gold=n/a  running‐acc=0.829
Locality eval: pred=true              gold=true  correct=True  running‐acc=0.914
[  36/489] loss=0.0000  pred=true   gold=true  running‐acc=0.833
Locality eval: pred=n/a               gold=n/a  correct=True  running‐acc=0.917
[  37/489] loss=0.0000  pred=true   gold=true  running‐acc=0.838
Locality eval: pred=n/a               gold=n/a  correct=True  running‐acc=0.919
[  38/489] loss=0.0000  pred=true.  gold=true  running‐acc=0.842
Locality eval: pred=n/a               gold=n/a  correct=True  running‐acc=0.921
[  39/489] loss=0.0000  pred=n/a    gold=n/a  running‐acc=0.846
Locality eval: pred=true              gold=true  correct=True  running‐acc=0.923
[  40/489] loss=0.0000  pred=true   gold=true  running‐acc=0.850
Locality eval: pred=n/a               gold=n/a  correct=True  running‐acc=0.925
[  41/489] loss=0.0000  pred=n/a    gold=n/a  running‐acc=0.854
Locality eval: pred=n/a               gold=true  correct=False  running‐acc=0.902
[  42/489] loss=0.0000  pred=n/a    gold=n/a  running‐acc=0.857
Locality eval: pred=true              gold=true  correct=True  running‐acc=0.905
[  43/489] loss=0.0000  pred=true   gold=true  running‐acc=0.860
Locality eval: pred=n/a               gold=n/a  correct=True  running‐acc=0.907
[  44/489] loss=0.0000  pred=true   gold=true  running‐acc=0.864
Locality eval: pred=n/a               gold=n/a  correct=True  running‐acc=0.909
[  45/489] loss=0.0000  pred=n/a    gold=n/a  running‐acc=0.867
Locality eval: pred=true              gold=true  correct=True  running‐acc=0.911
[  46/489] loss=0.0000  pred=n/a    gold=n/a  running‐acc=0.870
Locality eval: pred=true              gold=true  correct=True  running‐acc=0.913
[  47/489] loss=0.0000  pred=n/a    gold=n/a  running‐acc=0.872
Locality eval: pred=true              gold=true  correct=True  running‐acc=0.915
[  48/489] loss=0.0000  pred=n/a    gold=n/a  running‐acc=0.875
Locality eval: pred=n/a               gold=true  correct=False  running‐acc=0.896
[  49/489] loss=0.0000  pred=n/a    gold=n/a  running‐acc=0.878
Locality eval: pred=n/a               gold=true  correct=False  running‐acc=0.878
[  50/489] loss=0.0000  pred=n/a    gold=true  running‐acc=0.860
Locality eval: pred=n/a               gold=n/a  correct=True  running‐acc=0.880
[  51/489] loss=0.0000  pred=n/a    gold=n/a  running‐acc=0.863
Locality eval: pred=true              gold=true  correct=True  running‐acc=0.882
[  52/489] loss=0.0000  pred=n/a    gold=n/a  running‐acc=0.865
Locality eval: pred=true              gold=true  correct=True  running‐acc=0.885
[  53/489] loss=0.0000  pred=n/a    gold=n/a  running‐acc=0.868
Locality eval: pred=true              gold=true  correct=True  running‐acc=0.887
[  54/489] loss=0.0000  pred=true   gold=n/a  running‐acc=0.852
Locality eval: pred=true              gold=true  correct=True  running‐acc=0.889
[  55/489] loss=0.0000  pred=n/a    gold=true  running‐acc=0.836
Locality eval: pred=n/a               gold=n/a  correct=True  running‐acc=0.891
[  56/489] loss=0.0000  pred=n/a    gold=n/a  running‐acc=0.839
Locality eval: pred=true              gold=true  correct=True  running‐acc=0.893
[  57/489] loss=0.0000  pred=n/a    gold=true  running‐acc=0.825
Locality eval: pred=n/a               gold=n/a  correct=True  running‐acc=0.895
[  58/489] loss=0.0000  pred=n/a    gold=n/a  running‐acc=0.828
Locality eval: pred=true              gold=true  correct=True  running‐acc=0.897
[  59/489] loss=0.0000  pred=true   gold=true  running‐acc=0.831
Locality eval: pred=n/a               gold=n/a  correct=True  running‐acc=0.898
[  60/489] loss=0.0000  pred=true   gold=true  running‐acc=0.833
Locality eval: pred=n/a               gold=n/a  correct=True  running‐acc=0.900
[  61/489] loss=0.0000  pred=n/a    gold=n/a  running‐acc=0.836
Locality eval: pred=true              gold=true  correct=True  running‐acc=0.902
[  62/489] loss=0.0000  pred=true.  gold=true  running‐acc=0.839
Locality eval: pred=n/a               gold=n/a  correct=True  running‐acc=0.903
[  63/489] loss=0.0000  pred=true   gold=true  running‐acc=0.841
Locality eval: pred=n/a               gold=n/a  correct=True  running‐acc=0.905
[  64/489] loss=0.0000  pred=n/a    gold=n/a  running‐acc=0.844
Locality eval: pred=true              gold=true  correct=True  running‐acc=0.906
[  65/489] loss=0.0000  pred=true   gold=true  running‐acc=0.846
Locality eval: pred=n/a               gold=n/a  correct=True  running‐acc=0.908
[  66/489] loss=0.0000  pred=n/a    gold=true  running‐acc=0.833
Locality eval: pred=n/a               gold=n/a  correct=True  running‐acc=0.909
[  67/489] loss=0.0000  pred=true   gold=true  running‐acc=0.836
Locality eval: pred=n/a               gold=n/a  correct=True  running‐acc=0.910
[  68/489] loss=0.0000  pred=n/a    gold=n/a  running‐acc=0.838
Locality eval: pred=n/a               gold=true  correct=False  running‐acc=0.897
[  69/489] loss=0.0000  pred=true.  gold=true  running‐acc=0.841
Locality eval: pred=n/a               gold=n/a  correct=True  running‐acc=0.899
[  70/489] loss=0.0000  pred=n/a    gold=n/a  running‐acc=0.843
Locality eval: pred=true              gold=true  correct=True  running‐acc=0.900
[  71/489] loss=0.0000  pred=n/a    gold=true  running‐acc=0.831
Locality eval: pred=n/a               gold=n/a  correct=True  running‐acc=0.901
[  72/489] loss=0.0000  pred=n/a    gold=true  running‐acc=0.819
Locality eval: pred=n/a               gold=n/a  correct=True  running‐acc=0.903
[  73/489] loss=0.0000  pred=n/a    gold=n/a  running‐acc=0.822
Locality eval: pred=true              gold=true  correct=True  running‐acc=0.904
[  74/489] loss=0.0000  pred=true   gold=true  running‐acc=0.824
Locality eval: pred=n/a               gold=n/a  correct=True  running‐acc=0.905
[  75/489] loss=0.0000  pred=n/a    gold=n/a  running‐acc=0.827
Locality eval: pred=true              gold=true  correct=True  running‐acc=0.907
[  76/489] loss=0.0000  pred=the    gold=true  running‐acc=0.816
Locality eval: pred=n/a               gold=n/a  correct=True  running‐acc=0.908
[  77/489] loss=0.0000  pred=n/a    gold=n/a  running‐acc=0.818
Locality eval: pred=true              gold=true  correct=True  running‐acc=0.909
[  78/489] loss=0.0000  pred=n/a    gold=n/a  running‐acc=0.821
Locality eval: pred=true.             gold=true  correct=True  running‐acc=0.910
[  79/489] loss=0.0000  pred=true   gold=true  running‐acc=0.823
Locality eval: pred=n/a               gold=n/a  correct=True  running‐acc=0.911
[  80/489] loss=0.0000  pred=true   gold=true  running‐acc=0.825
Locality eval: pred=n/a               gold=n/a  correct=True  running‐acc=0.912
[  81/489] loss=0.0000  pred=n/a    gold=true  running‐acc=0.815
Locality eval: pred=n/a               gold=n/a  correct=True  running‐acc=0.914
[  82/489] loss=0.0000  pred=true   gold=true  running‐acc=0.817
Locality eval: pred=n/a               gold=n/a  correct=True  running‐acc=0.915
[  83/489] loss=0.0000  pred=n/a    gold=n/a  running‐acc=0.819
Locality eval: pred=true              gold=true  correct=True  running‐acc=0.916
[  84/489] loss=0.0000  pred=n/a    gold=n/a  running‐acc=0.821
Locality eval: pred=n/a               gold=true  correct=False  running‐acc=0.905
[  85/489] loss=0.0000  pred=true   gold=true  running‐acc=0.824
Locality eval: pred=n/a               gold=n/a  correct=True  running‐acc=0.906
[  86/489] loss=0.0000  pred=n/a    gold=n/a  running‐acc=0.826
Locality eval: pred=the               gold=true  correct=False  running‐acc=0.895
[  87/489] loss=0.0000  pred=the    gold=true  running‐acc=0.816
Locality eval: pred=n/a               gold=n/a  correct=True  running‐acc=0.897
[  88/489] loss=0.0000  pred=n/a    gold=n/a  running‐acc=0.818
Locality eval: pred=true              gold=true  correct=True  running‐acc=0.898
[  89/489] loss=0.0000  pred=n/a    gold=n/a  running‐acc=0.820
Locality eval: pred=n/a               gold=true  correct=False  running‐acc=0.888
[  90/489] loss=0.0000  pred=n/a    gold=n/a  running‐acc=0.822
Locality eval: pred=true.             gold=true  correct=True  running‐acc=0.889
[  91/489] loss=0.0000  pred=n/a    gold=n/a  running‐acc=0.824
Locality eval: pred=true              gold=true  correct=True  running‐acc=0.890
[  92/489] loss=0.0000  pred=n/a    gold=n/a  running‐acc=0.826
Locality eval: pred=true              gold=true  correct=True  running‐acc=0.891
[  93/489] loss=0.0000  pred=true   gold=true  running‐acc=0.828
Locality eval: pred=n/a               gold=n/a  correct=True  running‐acc=0.892
[  94/489] loss=0.0000  pred=n/a    gold=n/a  running‐acc=0.830
Locality eval: pred=true              gold=true  correct=True  running‐acc=0.894
[  95/489] loss=0.0000  pred=n/a    gold=n/a  running‐acc=0.832
Locality eval: pred=the               gold=true  correct=False  running‐acc=0.884
[  96/489] loss=0.0000  pred=n/a    gold=n/a  running‐acc=0.833
Locality eval: pred=true              gold=true  correct=True  running‐acc=0.885
[  97/489] loss=0.0000  pred=true   gold=true  running‐acc=0.835
Locality eval: pred=n/a               gold=n/a  correct=True  running‐acc=0.887
[  98/489] loss=0.0000  pred=n/a    gold=n/a  running‐acc=0.837
Locality eval: pred=true              gold=true  correct=True  running‐acc=0.888
[  99/489] loss=0.0000  pred=n/a    gold=n/a  running‐acc=0.838
Locality eval: pred=true              gold=true  correct=True  running‐acc=0.889
[ 100/489] loss=0.0000  pred=true.  gold=true  running‐acc=0.840
Locality eval: pred=n/a               gold=n/a  correct=True  running‐acc=0.890
[ 101/489] loss=0.0000  pred=n/a    gold=n/a  running‐acc=0.842
Locality eval: pred=the               gold=true  correct=False  running‐acc=0.881
[ 102/489] loss=0.0000  pred=the    gold=true  running‐acc=0.833
Locality eval: pred=n/a               gold=n/a  correct=True  running‐acc=0.882
[ 103/489] loss=0.0000  pred=n/a    gold=true  running‐acc=0.825
Locality eval: pred=n/a               gold=n/a  correct=True  running‐acc=0.883
[ 104/489] loss=0.0000  pred=n/a    gold=n/a  running‐acc=0.827
Locality eval: pred=the               gold=true  correct=False  running‐acc=0.875
[ 105/489] loss=0.0000  pred=true   gold=true  running‐acc=0.829
Locality eval: pred=n/a               gold=n/a  correct=True  running‐acc=0.876
[ 106/489] loss=0.0000  pred=true   gold=true  running‐acc=0.830
Locality eval: pred=n/a               gold=n/a  correct=True  running‐acc=0.877
[ 107/489] loss=0.0000  pred=the    gold=true  running‐acc=0.822
Locality eval: pred=n/a               gold=n/a  correct=True  running‐acc=0.879
[ 108/489] loss=0.0000  pred=n/a    gold=n/a  running‐acc=0.824
Locality eval: pred=true.             gold=true  correct=True  running‐acc=0.880
[ 109/489] loss=0.0000  pred=n/a    gold=n/a  running‐acc=0.826
Locality eval: pred=true              gold=true  correct=True  running‐acc=0.881
[ 110/489] loss=0.0000  pred=n/a    gold=n/a  running‐acc=0.827
Locality eval: pred=n/a               gold=true  correct=False  running‐acc=0.873
[ 111/489] loss=0.0000  pred=n/a    gold=n/a  running‐acc=0.829
Locality eval: pred=true              gold=true  correct=True  running‐acc=0.874
[ 112/489] loss=0.0000  pred=n/a    gold=n/a  running‐acc=0.830
Locality eval: pred=n/a               gold=true  correct=False  running‐acc=0.866
[ 113/489] loss=0.0000  pred=true.  gold=true  running‐acc=0.832
Locality eval: pred=n/a               gold=n/a  correct=True  running‐acc=0.867
[ 114/489] loss=0.0000  pred=n/a    gold=n/a  running‐acc=0.833
Locality eval: pred=true              gold=true  correct=True  running‐acc=0.868
[ 115/489] loss=0.0000  pred=true   gold=true  running‐acc=0.835
Locality eval: pred=n/a               gold=n/a  correct=True  running‐acc=0.870
[ 116/489] loss=0.0000  pred=true   gold=true  running‐acc=0.836
Locality eval: pred=n/a               gold=n/a  correct=True  running‐acc=0.871
[ 117/489] loss=0.0000  pred=true   gold=true  running‐acc=0.838
Locality eval: pred=n/a               gold=n/a  correct=True  running‐acc=0.872
[ 118/489] loss=0.0000  pred=n/a    gold=n/a  running‐acc=0.839
Locality eval: pred=n/a               gold=true  correct=False  running‐acc=0.864
[ 119/489] loss=0.0000  pred=the    gold=true  running‐acc=0.832
Locality eval: pred=n/a               gold=n/a  correct=True  running‐acc=0.866
[ 120/489] loss=0.0000  pred=n/a    gold=n/a  running‐acc=0.833
Locality eval: pred=n/a               gold=true  correct=False  running‐acc=0.858
[ 121/489] loss=0.0000  pred=the    gold=true  running‐acc=0.826
Locality eval: pred=n/a               gold=n/a  correct=True  running‐acc=0.860
[ 122/489] loss=0.0000  pred=n/a    gold=true  running‐acc=0.820
Locality eval: pred=n/a               gold=n/a  correct=True  running‐acc=0.861
[ 123/489] loss=0.0000  pred=true   gold=true  running‐acc=0.821
Locality eval: pred=n/a               gold=n/a  correct=True  running‐acc=0.862
[ 124/489] loss=0.0000  pred=the    gold=true  running‐acc=0.815
Locality eval: pred=n/a               gold=n/a  correct=True  running‐acc=0.863
[ 125/489] loss=0.0000  pred=n/a    gold=n/a  running‐acc=0.816
Locality eval: pred=true              gold=true  correct=True  running‐acc=0.864
[ 126/489] loss=0.0000  pred=n/a    gold=n/a  running‐acc=0.817
Locality eval: pred=true              gold=true  correct=True  running‐acc=0.865
[ 127/489] loss=0.0000  pred=true   gold=true  running‐acc=0.819
Locality eval: pred=n/a               gold=n/a  correct=True  running‐acc=0.866
[ 128/489] loss=0.0000  pred=true   gold=true  running‐acc=0.820
Locality eval: pred=n/a               gold=n/a  correct=True  running‐acc=0.867
[ 129/489] loss=0.0000  pred=n/a    gold=n/a  running‐acc=0.822
Locality eval: pred=true              gold=true  correct=True  running‐acc=0.868
[ 130/489] loss=0.0000  pred=n/a    gold=n/a  running‐acc=0.823
Locality eval: pred=true              gold=true  correct=True  running‐acc=0.869
[ 131/489] loss=0.0000  pred=true   gold=true  running‐acc=0.824
Locality eval: pred=n/a               gold=n/a  correct=True  running‐acc=0.870
[ 132/489] loss=0.0000  pred=n/a    gold=n/a  running‐acc=0.826
Locality eval: pred=true.             gold=true  correct=True  running‐acc=0.871
[ 133/489] loss=0.0000  pred=n/a    gold=n/a  running‐acc=0.827
Locality eval: pred=true              gold=true  correct=True  running‐acc=0.872
[ 134/489] loss=0.0000  pred=n/a    gold=n/a  running‐acc=0.828
Locality eval: pred=true              gold=true  correct=True  running‐acc=0.873
[ 135/489] loss=0.0000  pred=n/a    gold=n/a  running‐acc=0.830
Locality eval: pred=true              gold=true  correct=True  running‐acc=0.874
[ 136/489] loss=0.0000  pred=the    gold=true  running‐acc=0.824
Locality eval: pred=n/a               gold=n/a  correct=True  running‐acc=0.875
[ 137/489] loss=0.0000  pred=true   gold=true  running‐acc=0.825
Locality eval: pred=n/a               gold=n/a  correct=True  running‐acc=0.876
[ 138/489] loss=0.0000  pred=true   gold=true  running‐acc=0.826
Locality eval: pred=n/a               gold=n/a  correct=True  running‐acc=0.877
[ 139/489] loss=0.0000  pred=false.  gold=n/a  running‐acc=0.820
Locality eval: pred=true              gold=true  correct=True  running‐acc=0.878
[ 140/489] loss=0.0000  pred=n/a    gold=n/a  running‐acc=0.821
Locality eval: pred=true              gold=true  correct=True  running‐acc=0.879
[ 141/489] loss=0.0000  pred=true   gold=true  running‐acc=0.823
Locality eval: pred=n/a               gold=n/a  correct=True  running‐acc=0.879
[ 142/489] loss=0.0000  pred=n/a    gold=n/a  running‐acc=0.824
Locality eval: pred=n/a               gold=true  correct=False  running‐acc=0.873
[ 143/489] loss=0.0000  pred=the    gold=true  running‐acc=0.818
Locality eval: pred=n/a               gold=n/a  correct=True  running‐acc=0.874
[ 144/489] loss=0.0000  pred=the    gold=true  running‐acc=0.812
Locality eval: pred=n/a               gold=n/a  correct=True  running‐acc=0.875
[ 145/489] loss=0.0000  pred=n/a    gold=true  running‐acc=0.807
Locality eval: pred=n/a               gold=n/a  correct=True  running‐acc=0.876
[ 146/489] loss=0.0000  pred=true   gold=true  running‐acc=0.808
Locality eval: pred=n/a               gold=n/a  correct=True  running‐acc=0.877
[ 147/489] loss=0.0000  pred=n/a    gold=n/a  running‐acc=0.810
Locality eval: pred=true              gold=true  correct=True  running‐acc=0.878
[ 148/489] loss=0.0000  pred=true   gold=true  running‐acc=0.811
Locality eval: pred=n/a               gold=n/a  correct=True  running‐acc=0.878
[ 149/489] loss=0.0000  pred=n/a    gold=n/a  running‐acc=0.812
Locality eval: pred=true              gold=true  correct=True  running‐acc=0.879
[ 150/489] loss=0.0000  pred=n/a    gold=n/a  running‐acc=0.813
Locality eval: pred=n/a               gold=true  correct=False  running‐acc=0.873
[ 151/489] loss=0.0000  pred=true   gold=true  running‐acc=0.815
Locality eval: pred=n/a               gold=n/a  correct=True  running‐acc=0.874
[ 152/489] loss=0.0000  pred=n/a    gold=n/a  running‐acc=0.816
Locality eval: pred=true              gold=true  correct=True  running‐acc=0.875
[ 153/489] loss=0.0000  pred=n/a    gold=n/a  running‐acc=0.817
Locality eval: pred=true              gold=true  correct=True  running‐acc=0.876
[ 154/489] loss=0.0000  pred=true   gold=true  running‐acc=0.818
Locality eval: pred=n/a               gold=n/a  correct=True  running‐acc=0.877
[ 155/489] loss=0.0000  pred=true.  gold=true  running‐acc=0.819
Locality eval: pred=n/a               gold=n/a  correct=True  running‐acc=0.877
[ 156/489] loss=0.0000  pred=n/a    gold=n/a  running‐acc=0.821
Locality eval: pred=true              gold=true  correct=True  running‐acc=0.878
[ 157/489] loss=0.0000  pred=n/a    gold=n/a  running‐acc=0.822
Locality eval: pred=true.             gold=true  correct=True  running‐acc=0.879
[ 158/489] loss=0.0000  pred=n/a    gold=n/a  running‐acc=0.823
Locality eval: pred=n/a               gold=true  correct=False  running‐acc=0.873
[ 159/489] loss=0.0000  pred=n/a    gold=n/a  running‐acc=0.824
Locality eval: pred=true.             gold=true  correct=True  running‐acc=0.874
[ 160/489] loss=0.0000  pred=n/a    gold=n/a  running‐acc=0.825
Locality eval: pred=true              gold=true  correct=True  running‐acc=0.875
[ 161/489] loss=0.0000  pred=n/a    gold=n/a  running‐acc=0.826
Locality eval: pred=true              gold=true  correct=True  running‐acc=0.876
[ 162/489] loss=0.0000  pred=true   gold=true  running‐acc=0.827
Locality eval: pred=n/a               gold=n/a  correct=True  running‐acc=0.877
[ 163/489] loss=0.0000  pred=n/a    gold=n/a  running‐acc=0.828
Locality eval: pred=true.             gold=true  correct=True  running‐acc=0.877
[ 164/489] loss=0.0000  pred=n/a    gold=n/a  running‐acc=0.829
Locality eval: pred=n/a               gold=true  correct=False  running‐acc=0.872
[ 165/489] loss=0.0000  pred=true.  gold=true  running‐acc=0.830
Locality eval: pred=n/a               gold=n/a  correct=True  running‐acc=0.873
[ 166/489] loss=0.0000  pred=n/a    gold=n/a  running‐acc=0.831
Locality eval: pred=true              gold=true  correct=True  running‐acc=0.873
[ 167/489] loss=0.0000  pred=true   gold=true  running‐acc=0.832
Locality eval: pred=n/a               gold=n/a  correct=True  running‐acc=0.874
[ 168/489] loss=0.0000  pred=n/a    gold=n/a  running‐acc=0.833
Locality eval: pred=true              gold=true  correct=True  running‐acc=0.875
[ 169/489] loss=0.0000  pred=true.  gold=true  running‐acc=0.834
Locality eval: pred=n/a               gold=n/a  correct=True  running‐acc=0.876
[ 170/489] loss=0.0000  pred=the    gold=true  running‐acc=0.829
Locality eval: pred=n/a               gold=n/a  correct=True  running‐acc=0.876
[ 171/489] loss=0.0000  pred=true   gold=true  running‐acc=0.830
Locality eval: pred=n/a               gold=n/a  correct=True  running‐acc=0.877
[ 172/489] loss=0.0000  pred=true   gold=true  running‐acc=0.831
Locality eval: pred=true              gold=n/a  correct=False  running‐acc=0.872
[ 173/489] loss=0.0000  pred=n/a    gold=n/a  running‐acc=0.832
Locality eval: pred=true.             gold=true  correct=True  running‐acc=0.873
[ 174/489] loss=0.0000  pred=true   gold=true  running‐acc=0.833
Locality eval: pred=n/a               gold=n/a  correct=True  running‐acc=0.874
[ 175/489] loss=0.0000  pred=n/a    gold=true  running‐acc=0.829
Locality eval: pred=n/a               gold=n/a  correct=True  running‐acc=0.874
[ 176/489] loss=0.0000  pred=true   gold=true  running‐acc=0.830
Locality eval: pred=n/a               gold=n/a  correct=True  running‐acc=0.875
[ 177/489] loss=0.0000  pred=n/a    gold=n/a  running‐acc=0.831
Locality eval: pred=true              gold=true  correct=True  running‐acc=0.876
[ 178/489] loss=0.0000  pred=true.  gold=true  running‐acc=0.831
Locality eval: pred=n/a               gold=n/a  correct=True  running‐acc=0.876
[ 179/489] loss=0.0000  pred=n/a    gold=n/a  running‐acc=0.832
Locality eval: pred=true              gold=true  correct=True  running‐acc=0.877
[ 180/489] loss=0.0000  pred=true   gold=true  running‐acc=0.833
Locality eval: pred=n/a               gold=n/a  correct=True  running‐acc=0.878
[ 181/489] loss=0.0000  pred=true   gold=true  running‐acc=0.834
Locality eval: pred=n/a               gold=n/a  correct=True  running‐acc=0.878
[ 182/489] loss=0.0000  pred=n/a    gold=n/a  running‐acc=0.835
Locality eval: pred=true              gold=true  correct=True  running‐acc=0.879
[ 183/489] loss=0.0000  pred=n/a    gold=n/a  running‐acc=0.836
Locality eval: pred=true.             gold=true  correct=True  running‐acc=0.880
[ 184/489] loss=0.0000  pred=true.  gold=true  running‐acc=0.837
Locality eval: pred=n/a               gold=n/a  correct=True  running‐acc=0.880
[ 185/489] loss=0.0000  pred=true   gold=true  running‐acc=0.838
Locality eval: pred=n/a               gold=n/a  correct=True  running‐acc=0.881
[ 186/489] loss=0.0000  pred=n/a    gold=n/a  running‐acc=0.839
Locality eval: pred=true              gold=true  correct=True  running‐acc=0.882
[ 187/489] loss=0.0000  pred=true   gold=true  running‐acc=0.840
Locality eval: pred=n/a               gold=n/a  correct=True  running‐acc=0.882
[ 188/489] loss=0.0000  pred=true   gold=true  running‐acc=0.840
Locality eval: pred=n/a               gold=n/a  correct=True  running‐acc=0.883
[ 189/489] loss=0.0000  pred=n/a    gold=n/a  running‐acc=0.841
Locality eval: pred=true              gold=true  correct=True  running‐acc=0.884
[ 190/489] loss=0.0000  pred=n/a    gold=true  running‐acc=0.837
Locality eval: pred=n/a               gold=n/a  correct=True  running‐acc=0.884
[ 191/489] loss=0.0000  pred=true   gold=true  running‐acc=0.838
Locality eval: pred=n/a               gold=n/a  correct=True  running‐acc=0.885
[ 192/489] loss=0.0000  pred=n/a    gold=n/a  running‐acc=0.839
Locality eval: pred=true              gold=true  correct=True  running‐acc=0.885
[ 193/489] loss=0.0000  pred=n/a    gold=n/a  running‐acc=0.839
Locality eval: pred=true              gold=true  correct=True  running‐acc=0.886
[ 194/489] loss=0.0000  pred=n/a    gold=n/a  running‐acc=0.840
Locality eval: pred=true              gold=true  correct=True  running‐acc=0.887
[ 195/489] loss=0.0000  pred=n/a    gold=n/a  running‐acc=0.841
Locality eval: pred=true.             gold=true  correct=True  running‐acc=0.887
[ 196/489] loss=0.0000  pred=n/a    gold=n/a  running‐acc=0.842
Locality eval: pred=true              gold=true  correct=True  running‐acc=0.888
[ 197/489] loss=0.0000  pred=n/a    gold=true  running‐acc=0.838
Locality eval: pred=n/a               gold=n/a  correct=True  running‐acc=0.888
[ 198/489] loss=0.0000  pred=true   gold=true  running‐acc=0.838
Locality eval: pred=n/a               gold=n/a  correct=True  running‐acc=0.889
[ 199/489] loss=0.0000  pred=n/a    gold=n/a  running‐acc=0.839
Locality eval: pred=true              gold=true  correct=True  running‐acc=0.889
[ 200/489] loss=0.0000  pred=n/a    gold=n/a  running‐acc=0.840
Locality eval: pred=true.             gold=true  correct=True  running‐acc=0.890
[ 201/489] loss=0.0000  pred=n/a    gold=true  running‐acc=0.836
Locality eval: pred=n/a               gold=n/a  correct=True  running‐acc=0.891
[ 202/489] loss=0.0000  pred=n/a    gold=n/a  running‐acc=0.837
Locality eval: pred=true              gold=true  correct=True  running‐acc=0.891
[ 203/489] loss=0.0000  pred=n/a    gold=n/a  running‐acc=0.837
Locality eval: pred=true              gold=true  correct=True  running‐acc=0.892
[ 204/489] loss=0.0000  pred=n/a    gold=n/a  running‐acc=0.838
Locality eval: pred=n/a               gold=true  correct=False  running‐acc=0.887
[ 205/489] loss=0.0000  pred=n/a    gold=n/a  running‐acc=0.839
Locality eval: pred=true              gold=true  correct=True  running‐acc=0.888
[ 206/489] loss=0.0000  pred=false  gold=n/a  running‐acc=0.835
Locality eval: pred=true              gold=true  correct=True  running‐acc=0.888
[ 207/489] loss=0.0000  pred=n/a    gold=n/a  running‐acc=0.836
Locality eval: pred=true              gold=true  correct=True  running‐acc=0.889
[ 208/489] loss=0.0000  pred=true   gold=true  running‐acc=0.837
Locality eval: pred=n/a               gold=n/a  correct=True  running‐acc=0.889
[ 209/489] loss=0.0000  pred=true   gold=true  running‐acc=0.837
Locality eval: pred=n/a               gold=n/a  correct=True  running‐acc=0.890
[ 210/489] loss=0.0000  pred=n/a    gold=n/a  running‐acc=0.838
Locality eval: pred=true              gold=true  correct=True  running‐acc=0.890
[ 211/489] loss=0.0000  pred=n/a    gold=n/a  running‐acc=0.839
Locality eval: pred=true              gold=true  correct=True  running‐acc=0.891
[ 212/489] loss=0.0000  pred=true   gold=true  running‐acc=0.840
Locality eval: pred=n/a               gold=n/a  correct=True  running‐acc=0.892
[ 213/489] loss=0.0000  pred=n/a    gold=n/a  running‐acc=0.840
Locality eval: pred=n/a               gold=true  correct=False  running‐acc=0.887
[ 214/489] loss=0.0000  pred=n/a    gold=n/a  running‐acc=0.841
Locality eval: pred=true              gold=true  correct=True  running‐acc=0.888
[ 215/489] loss=0.0000  pred=n/a    gold=n/a  running‐acc=0.842
Locality eval: pred=true              gold=true  correct=True  running‐acc=0.888
[ 216/489] loss=0.0000  pred=n/a    gold=n/a  running‐acc=0.843
Locality eval: pred=true              gold=true  correct=True  running‐acc=0.889
[ 217/489] loss=0.0000  pred=n/a    gold=n/a  running‐acc=0.843
Locality eval: pred=true              gold=true  correct=True  running‐acc=0.889
[ 218/489] loss=0.0000  pred=true   gold=true  running‐acc=0.844
Locality eval: pred=n/a               gold=n/a  correct=True  running‐acc=0.890
[ 219/489] loss=0.0000  pred=true   gold=true  running‐acc=0.845
Locality eval: pred=n/a               gold=n/a  correct=True  running‐acc=0.890
[ 220/489] loss=0.0000  pred=n/a    gold=n/a  running‐acc=0.845
Locality eval: pred=true              gold=true  correct=True  running‐acc=0.891
[ 221/489] loss=0.0000  pred=n/a    gold=n/a  running‐acc=0.846
Locality eval: pred=true              gold=true  correct=True  running‐acc=0.891
[ 222/489] loss=0.0000  pred=n/a    gold=n/a  running‐acc=0.847
Locality eval: pred=true              gold=true  correct=True  running‐acc=0.892
[ 223/489] loss=0.0000  pred=true.  gold=true  running‐acc=0.848
Locality eval: pred=n/a               gold=n/a  correct=True  running‐acc=0.892
[ 224/489] loss=0.0000  pred=true   gold=true  running‐acc=0.848
Locality eval: pred=n/a               gold=n/a  correct=True  running‐acc=0.893
[ 225/489] loss=0.0000  pred=true   gold=true  running‐acc=0.849
Locality eval: pred=n/a               gold=n/a  correct=True  running‐acc=0.893
[ 226/489] loss=0.0000  pred=true   gold=true  running‐acc=0.850
Locality eval: pred=n/a               gold=n/a  correct=True  running‐acc=0.894
[ 227/489] loss=0.0000  pred=n/a    gold=n/a  running‐acc=0.850
Locality eval: pred=true              gold=true  correct=True  running‐acc=0.894
[ 228/489] loss=0.0000  pred=n/a    gold=n/a  running‐acc=0.851
Locality eval: pred=true              gold=true  correct=True  running‐acc=0.895
[ 229/489] loss=0.0000  pred=n/a    gold=true  running‐acc=0.847
Locality eval: pred=n/a               gold=n/a  correct=True  running‐acc=0.895
[ 230/489] loss=0.0000  pred=n/a    gold=n/a  running‐acc=0.848
Locality eval: pred=true              gold=true  correct=True  running‐acc=0.896
[ 231/489] loss=0.0000  pred=the    gold=true  running‐acc=0.844
Locality eval: pred=n/a               gold=n/a  correct=True  running‐acc=0.896
[ 232/489] loss=0.0000  pred=n/a    gold=n/a  running‐acc=0.845
Locality eval: pred=true              gold=true  correct=True  running‐acc=0.897
[ 233/489] loss=0.0000  pred=true   gold=true  running‐acc=0.845
Locality eval: pred=n/a               gold=n/a  correct=True  running‐acc=0.897
[ 234/489] loss=0.0000  pred=n/a    gold=n/a  running‐acc=0.846
Locality eval: pred=true              gold=true  correct=True  running‐acc=0.897
[ 235/489] loss=0.0000  pred=true   gold=true  running‐acc=0.847
Locality eval: pred=true              gold=n/a  correct=False  running‐acc=0.894
[ 236/489] loss=0.0000  pred=n/a    gold=n/a  running‐acc=0.847
Locality eval: pred=true              gold=true  correct=True  running‐acc=0.894
[ 237/489] loss=0.0000  pred=true   gold=true  running‐acc=0.848
Locality eval: pred=n/a               gold=n/a  correct=True  running‐acc=0.895
[ 238/489] loss=0.0000  pred=n/a    gold=n/a  running‐acc=0.849
Locality eval: pred=true              gold=true  correct=True  running‐acc=0.895
[ 239/489] loss=0.0000  pred=true.  gold=true  running‐acc=0.849
Locality eval: pred=n/a               gold=n/a  correct=True  running‐acc=0.895
[ 240/489] loss=0.0000  pred=true   gold=true  running‐acc=0.850
Locality eval: pred=n/a               gold=n/a  correct=True  running‐acc=0.896
[ 241/489] loss=0.0000  pred=true   gold=true  running‐acc=0.851
Locality eval: pred=n/a               gold=n/a  correct=True  running‐acc=0.896
[ 242/489] loss=0.0000  pred=true   gold=true  running‐acc=0.851
Locality eval: pred=n/a               gold=n/a  correct=True  running‐acc=0.897
[ 243/489] loss=0.0000  pred=true   gold=true  running‐acc=0.852
Locality eval: pred=n/a               gold=n/a  correct=True  running‐acc=0.897
[ 244/489] loss=0.0000  pred=the    gold=true  running‐acc=0.848
Locality eval: pred=n/a               gold=n/a  correct=True  running‐acc=0.898
[ 245/489] loss=0.0000  pred=true   gold=true  running‐acc=0.849
Locality eval: pred=n/a               gold=n/a  correct=True  running‐acc=0.898
[ 246/489] loss=0.0000  pred=n/a    gold=n/a  running‐acc=0.850
Locality eval: pred=n/a               gold=true  correct=False  running‐acc=0.894
[ 247/489] loss=0.0000  pred=true   gold=true  running‐acc=0.850
Locality eval: pred=n/a               gold=n/a  correct=True  running‐acc=0.895
[ 248/489] loss=0.0000  pred=true   gold=true  running‐acc=0.851
Locality eval: pred=n/a               gold=n/a  correct=True  running‐acc=0.895
[ 249/489] loss=0.0000  pred=true   gold=true  running‐acc=0.851
Locality eval: pred=n/a               gold=n/a  correct=True  running‐acc=0.896
[ 250/489] loss=0.0000  pred=true   gold=true  running‐acc=0.852
Locality eval: pred=n/a               gold=n/a  correct=True  running‐acc=0.896
[ 251/489] loss=0.0000  pred=n/a    gold=n/a  running‐acc=0.853
Locality eval: pred=true              gold=true  correct=True  running‐acc=0.896
[ 252/489] loss=0.0000  pred=n/a    gold=n/a  running‐acc=0.853
Locality eval: pred=true              gold=true  correct=True  running‐acc=0.897
[ 253/489] loss=0.0000  pred=n/a    gold=n/a  running‐acc=0.854
Locality eval: pred=true              gold=true  correct=True  running‐acc=0.897
[ 254/489] loss=0.0000  pred=n/a    gold=n/a  running‐acc=0.854
Locality eval: pred=n/a               gold=true  correct=False  running‐acc=0.894
[ 255/489] loss=0.0000  pred=true   gold=true  running‐acc=0.855
Locality eval: pred=n/a               gold=n/a  correct=True  running‐acc=0.894
[ 256/489] loss=0.0000  pred=true   gold=true  running‐acc=0.855
Locality eval: pred=n/a               gold=n/a  correct=True  running‐acc=0.895
[ 257/489] loss=0.0000  pred=true   gold=true  running‐acc=0.856
Locality eval: pred=n/a               gold=n/a  correct=True  running‐acc=0.895
[ 258/489] loss=0.0000  pred=n/a    gold=n/a  running‐acc=0.857
Locality eval: pred=true.             gold=true  correct=True  running‐acc=0.895
[ 259/489] loss=0.0000  pred=true   gold=true  running‐acc=0.857
Locality eval: pred=n/a               gold=n/a  correct=True  running‐acc=0.896
[ 260/489] loss=0.0000  pred=n/a    gold=n/a  running‐acc=0.858
Locality eval: pred=true              gold=true  correct=True  running‐acc=0.896
[ 261/489] loss=0.0000  pred=the    gold=true  running‐acc=0.854
Locality eval: pred=n/a               gold=n/a  correct=True  running‐acc=0.897
[ 262/489] loss=0.0000  pred=n/a    gold=n/a  running‐acc=0.855
Locality eval: pred=true              gold=true  correct=True  running‐acc=0.897
[ 263/489] loss=0.0000  pred=true.  gold=true  running‐acc=0.856
Locality eval: pred=n/a               gold=n/a  correct=True  running‐acc=0.897
[ 264/489] loss=0.0000  pred=true   gold=true  running‐acc=0.856
Locality eval: pred=n/a               gold=n/a  correct=True  running‐acc=0.898
[ 265/489] loss=0.0000  pred=true   gold=true  running‐acc=0.857
Locality eval: pred=n/a               gold=n/a  correct=True  running‐acc=0.898
[ 266/489] loss=0.0000  pred=n/a    gold=n/a  running‐acc=0.857
Locality eval: pred=n/a               gold=true  correct=False  running‐acc=0.895
[ 267/489] loss=0.0000  pred=true.  gold=true  running‐acc=0.858
Locality eval: pred=n/a               gold=n/a  correct=True  running‐acc=0.895
[ 268/489] loss=0.0000  pred=true   gold=true  running‐acc=0.858
Locality eval: pred=n/a               gold=n/a  correct=True  running‐acc=0.896
[ 269/489] loss=0.0000  pred=true   gold=true  running‐acc=0.859
Locality eval: pred=n/a               gold=n/a  correct=True  running‐acc=0.896
[ 270/489] loss=0.0000  pred=true   gold=true  running‐acc=0.859
Locality eval: pred=n/a               gold=n/a  correct=True  running‐acc=0.896
[ 271/489] loss=0.0000  pred=n/a    gold=n/a  running‐acc=0.860
Locality eval: pred=true              gold=true  correct=True  running‐acc=0.897
[ 272/489] loss=0.0000  pred=n/a    gold=n/a  running‐acc=0.860
Locality eval: pred=true              gold=true  correct=True  running‐acc=0.897
[ 273/489] loss=0.0000  pred=the    gold=true  running‐acc=0.857
Locality eval: pred=n/a               gold=n/a  correct=True  running‐acc=0.897
[ 274/489] loss=0.0000  pred=true   gold=true  running‐acc=0.858
Locality eval: pred=n/a               gold=n/a  correct=True  running‐acc=0.898
[ 275/489] loss=0.0000  pred=true   gold=true  running‐acc=0.858
Locality eval: pred=n/a               gold=n/a  correct=True  running‐acc=0.898
[ 276/489] loss=0.0000  pred=n/a    gold=true  running‐acc=0.855
Locality eval: pred=n/a               gold=n/a  correct=True  running‐acc=0.899
[ 277/489] loss=0.0000  pred=n/a    gold=n/a  running‐acc=0.856
Locality eval: pred=true              gold=true  correct=True  running‐acc=0.899
[ 278/489] loss=0.0000  pred=true   gold=true  running‐acc=0.856
Locality eval: pred=n/a               gold=n/a  correct=True  running‐acc=0.899
[ 279/489] loss=0.0000  pred=true   gold=true  running‐acc=0.857
Locality eval: pred=n/a               gold=n/a  correct=True  running‐acc=0.900
[ 280/489] loss=0.0000  pred=n/a    gold=n/a  running‐acc=0.857
Locality eval: pred=true              gold=true  correct=True  running‐acc=0.900
[ 281/489] loss=0.0000  pred=n/a    gold=n/a  running‐acc=0.858
Locality eval: pred=true              gold=true  correct=True  running‐acc=0.900
[ 282/489] loss=0.0000  pred=n/a    gold=n/a  running‐acc=0.858
Locality eval: pred=n/a               gold=true  correct=False  running‐acc=0.897
[ 283/489] loss=0.0000  pred=n/a    gold=n/a  running‐acc=0.859
Locality eval: pred=true              gold=true  correct=True  running‐acc=0.898
[ 284/489] loss=0.0000  pred=n/a    gold=n/a  running‐acc=0.859
Locality eval: pred=true.             gold=true  correct=True  running‐acc=0.898
[ 285/489] loss=0.0000  pred=n/a    gold=n/a  running‐acc=0.860
Locality eval: pred=true              gold=true  correct=True  running‐acc=0.898
[ 286/489] loss=0.0000  pred=true   gold=true  running‐acc=0.860
Locality eval: pred=n/a               gold=n/a  correct=True  running‐acc=0.899
[ 287/489] loss=0.0000  pred=n/a    gold=n/a  running‐acc=0.861
Locality eval: pred=true              gold=true  correct=True  running‐acc=0.899
[ 288/489] loss=0.0000  pred=n/a    gold=n/a  running‐acc=0.861
Locality eval: pred=the               gold=true  correct=False  running‐acc=0.896
[ 289/489] loss=0.0000  pred=true   gold=true  running‐acc=0.862
Locality eval: pred=n/a               gold=n/a  correct=True  running‐acc=0.896
[ 290/489] loss=0.0000  pred=true   gold=true  running‐acc=0.862
Locality eval: pred=n/a               gold=n/a  correct=True  running‐acc=0.897
[ 291/489] loss=0.0000  pred=true   gold=true  running‐acc=0.863
Locality eval: pred=n/a               gold=n/a  correct=True  running‐acc=0.897
[ 292/489] loss=0.0000  pred=n/a    gold=n/a  running‐acc=0.863
Locality eval: pred=n/a               gold=true  correct=False  running‐acc=0.894
[ 293/489] loss=0.0000  pred=true   gold=true  running‐acc=0.863
Locality eval: pred=n/a               gold=n/a  correct=True  running‐acc=0.894
[ 294/489] loss=0.0000  pred=true   gold=true  running‐acc=0.864
Locality eval: pred=n/a               gold=n/a  correct=True  running‐acc=0.895
[ 295/489] loss=0.0000  pred=n/a    gold=n/a  running‐acc=0.864
Locality eval: pred=true              gold=true  correct=True  running‐acc=0.895
[ 296/489] loss=0.0000  pred=n/a    gold=n/a  running‐acc=0.865
Locality eval: pred=the               gold=true  correct=False  running‐acc=0.892
[ 297/489] loss=0.0000  pred=n/a    gold=n/a  running‐acc=0.865
Locality eval: pred=true              gold=true  correct=True  running‐acc=0.892
[ 298/489] loss=0.0000  pred=n/a    gold=true  running‐acc=0.862
Locality eval: pred=n/a               gold=n/a  correct=True  running‐acc=0.893
[ 299/489] loss=0.0000  pred=true.  gold=true  running‐acc=0.863
Locality eval: pred=n/a               gold=n/a  correct=True  running‐acc=0.893
[ 300/489] loss=0.0000  pred=n/a    gold=n/a  running‐acc=0.863
Locality eval: pred=true              gold=true  correct=True  running‐acc=0.893
[ 301/489] loss=0.0000  pred=n/a    gold=n/a  running‐acc=0.864
Locality eval: pred=true.             gold=true  correct=True  running‐acc=0.894
[ 302/489] loss=0.0000  pred=n/a    gold=n/a  running‐acc=0.864
Locality eval: pred=true              gold=true  correct=True  running‐acc=0.894
[ 303/489] loss=0.0000  pred=n/a    gold=true  running‐acc=0.861
Locality eval: pred=n/a               gold=n/a  correct=True  running‐acc=0.894
[ 304/489] loss=0.0000  pred=n/a    gold=n/a  running‐acc=0.862
Locality eval: pred=true.             gold=true  correct=True  running‐acc=0.895
[ 305/489] loss=0.0000  pred=n/a    gold=n/a  running‐acc=0.862
Locality eval: pred=true              gold=true  correct=True  running‐acc=0.895
[ 306/489] loss=0.0000  pred=true   gold=true  running‐acc=0.863
Locality eval: pred=n/a               gold=n/a  correct=True  running‐acc=0.895
[ 307/489] loss=0.0000  pred=true.  gold=true  running‐acc=0.863
Locality eval: pred=n/a               gold=n/a  correct=True  running‐acc=0.896
[ 308/489] loss=0.0000  pred=n/a    gold=true  running‐acc=0.860
Locality eval: pred=n/a               gold=n/a  correct=True  running‐acc=0.896
[ 309/489] loss=0.0000  pred=n/a    gold=n/a  running‐acc=0.861
Locality eval: pred=true              gold=true  correct=True  running‐acc=0.896
[ 310/489] loss=0.0000  pred=n/a    gold=true  running‐acc=0.858
Locality eval: pred=n/a               gold=n/a  correct=True  running‐acc=0.897
[ 311/489] loss=0.0000  pred=n/a    gold=n/a  running‐acc=0.859
Locality eval: pred=true.             gold=true  correct=True  running‐acc=0.897
[ 312/489] loss=0.0000  pred=n/a    gold=n/a  running‐acc=0.859
Locality eval: pred=the               gold=true  correct=False  running‐acc=0.894
[ 313/489] loss=0.0000  pred=true   gold=true  running‐acc=0.859
Locality eval: pred=n/a               gold=n/a  correct=True  running‐acc=0.895
[ 314/489] loss=0.0000  pred=n/a    gold=n/a  running‐acc=0.860
Locality eval: pred=true.             gold=true  correct=True  running‐acc=0.895
[ 315/489] loss=0.0000  pred=true   gold=n/a  running‐acc=0.857
Locality eval: pred=true              gold=true  correct=True  running‐acc=0.895
[ 316/489] loss=0.0000  pred=n/a    gold=n/a  running‐acc=0.858
Locality eval: pred=true              gold=true  correct=True  running‐acc=0.896
[ 317/489] loss=0.0000  pred=n/a    gold=n/a  running‐acc=0.858
Locality eval: pred=n/a               gold=true  correct=False  running‐acc=0.893
[ 318/489] loss=0.0000  pred=the    gold=true  running‐acc=0.855
Locality eval: pred=n/a               gold=n/a  correct=True  running‐acc=0.893
[ 319/489] loss=0.0000  pred=n/a    gold=n/a  running‐acc=0.856
Locality eval: pred=true              gold=true  correct=True  running‐acc=0.893
[ 320/489] loss=0.0000  pred=n/a    gold=n/a  running‐acc=0.856
Locality eval: pred=n/a               gold=true  correct=False  running‐acc=0.891
[ 321/489] loss=0.0000  pred=n/a    gold=n/a  running‐acc=0.857
Locality eval: pred=true              gold=true  correct=True  running‐acc=0.891
[ 322/489] loss=0.0000  pred=n/a    gold=n/a  running‐acc=0.857
Locality eval: pred=true              gold=true  correct=True  running‐acc=0.891
[ 323/489] loss=0.0000  pred=true.  gold=true  running‐acc=0.858
Locality eval: pred=n/a               gold=n/a  correct=True  running‐acc=0.892
[ 324/489] loss=0.0000  pred=n/a    gold=n/a  running‐acc=0.858
Locality eval: pred=true              gold=true  correct=True  running‐acc=0.892
[ 325/489] loss=0.0000  pred=true   gold=true  running‐acc=0.858
Locality eval: pred=n/a               gold=n/a  correct=True  running‐acc=0.892
[ 326/489] loss=0.0000  pred=n/a    gold=n/a  running‐acc=0.859
Locality eval: pred=true              gold=true  correct=True  running‐acc=0.893
[ 327/489] loss=0.0000  pred=true   gold=true  running‐acc=0.859
Locality eval: pred=n/a               gold=n/a  correct=True  running‐acc=0.893
[ 328/489] loss=0.0000  pred=the    gold=true  running‐acc=0.857
Locality eval: pred=n/a               gold=n/a  correct=True  running‐acc=0.893
[ 329/489] loss=0.0000  pred=n/a    gold=n/a  running‐acc=0.857
Locality eval: pred=true              gold=true  correct=True  running‐acc=0.894
[ 330/489] loss=0.0000  pred=true   gold=true  running‐acc=0.858
Locality eval: pred=n/a               gold=n/a  correct=True  running‐acc=0.894
[ 331/489] loss=0.0000  pred=true   gold=true  running‐acc=0.858
Locality eval: pred=n/a               gold=n/a  correct=True  running‐acc=0.894
[ 332/489] loss=0.0000  pred=n/a    gold=n/a  running‐acc=0.858
Locality eval: pred=n/a               gold=true  correct=False  running‐acc=0.892
[ 333/489] loss=0.0000  pred=n/a    gold=n/a  running‐acc=0.859
Locality eval: pred=the               gold=true  correct=False  running‐acc=0.889
[ 334/489] loss=0.0000  pred=n/a    gold=n/a  running‐acc=0.859
Locality eval: pred=the               gold=true  correct=False  running‐acc=0.886
[ 335/489] loss=0.0000  pred=true   gold=true  running‐acc=0.860
Locality eval: pred=n/a               gold=n/a  correct=True  running‐acc=0.887
[ 336/489] loss=0.0000  pred=true   gold=true  running‐acc=0.860
Locality eval: pred=n/a               gold=n/a  correct=True  running‐acc=0.887
[ 337/489] loss=0.0000  pred=n/a    gold=n/a  running‐acc=0.861
Locality eval: pred=true              gold=true  correct=True  running‐acc=0.887
[ 338/489] loss=0.0000  pred=true   gold=true  running‐acc=0.861
Locality eval: pred=true              gold=n/a  correct=False  running‐acc=0.885
[ 339/489] loss=0.0000  pred=n/a    gold=n/a  running‐acc=0.861
Locality eval: pred=true              gold=true  correct=True  running‐acc=0.885
[ 340/489] loss=0.0000  pred=n/a    gold=n/a  running‐acc=0.862
Locality eval: pred=true              gold=true  correct=True  running‐acc=0.885
[ 341/489] loss=0.0000  pred=n/a    gold=n/a  running‐acc=0.862
Locality eval: pred=true.             gold=true  correct=True  running‐acc=0.886
[ 342/489] loss=0.0000  pred=true   gold=true  running‐acc=0.863
Locality eval: pred=n/a               gold=n/a  correct=True  running‐acc=0.886
[ 343/489] loss=0.0000  pred=n/a    gold=n/a  running‐acc=0.863
Locality eval: pred=n/a               gold=true  correct=False  running‐acc=0.883
[ 344/489] loss=0.0000  pred=true.  gold=true  running‐acc=0.863
Locality eval: pred=n/a               gold=n/a  correct=True  running‐acc=0.884
[ 345/489] loss=0.0000  pred=n/a    gold=true  running‐acc=0.861
Locality eval: pred=n/a               gold=n/a  correct=True  running‐acc=0.884
[ 346/489] loss=0.0000  pred=true.  gold=true  running‐acc=0.861
Locality eval: pred=n/a               gold=n/a  correct=True  running‐acc=0.884
[ 347/489] loss=0.0000  pred=n/a    gold=n/a  running‐acc=0.862
Locality eval: pred=true              gold=true  correct=True  running‐acc=0.885
[ 348/489] loss=0.0000  pred=n/a    gold=n/a  running‐acc=0.862
Locality eval: pred=true.             gold=true  correct=True  running‐acc=0.885
[ 349/489] loss=0.0000  pred=true   gold=true  running‐acc=0.862
Locality eval: pred=n/a               gold=n/a  correct=True  running‐acc=0.885
[ 350/489] loss=0.0000  pred=true.  gold=true  running‐acc=0.863
Locality eval: pred=n/a               gold=n/a  correct=True  running‐acc=0.886
[ 351/489] loss=0.0000  pred=n/a    gold=n/a  running‐acc=0.863
Locality eval: pred=the               gold=true  correct=False  running‐acc=0.883
[ 352/489] loss=0.0000  pred=n/a    gold=n/a  running‐acc=0.864
Locality eval: pred=true              gold=true  correct=True  running‐acc=0.884
[ 353/489] loss=0.0000  pred=true.  gold=true  running‐acc=0.864
Locality eval: pred=n/a               gold=n/a  correct=True  running‐acc=0.884
[ 354/489] loss=0.0000  pred=n/a    gold=n/a  running‐acc=0.864
Locality eval: pred=true              gold=true  correct=True  running‐acc=0.884
[ 355/489] loss=0.0000  pred=n/a    gold=true  running‐acc=0.862
Locality eval: pred=n/a               gold=n/a  correct=True  running‐acc=0.885
[ 356/489] loss=0.0000  pred=n/a    gold=n/a  running‐acc=0.862
Locality eval: pred=true              gold=true  correct=True  running‐acc=0.885
[ 357/489] loss=0.0000  pred=n/a    gold=n/a  running‐acc=0.863
Locality eval: pred=true              gold=true  correct=True  running‐acc=0.885
[ 358/489] loss=0.0000  pred=n/a    gold=n/a  running‐acc=0.863
Locality eval: pred=true              gold=true  correct=True  running‐acc=0.885
[ 359/489] loss=0.0000  pred=n/a    gold=n/a  running‐acc=0.864
Locality eval: pred=true.             gold=true  correct=True  running‐acc=0.886
[ 360/489] loss=0.0000  pred=n/a    gold=n/a  running‐acc=0.864
Locality eval: pred=true              gold=true  correct=True  running‐acc=0.886
[ 361/489] loss=0.0000  pred=true   gold=true  running‐acc=0.864
Locality eval: pred=n/a               gold=n/a  correct=True  running‐acc=0.886
[ 362/489] loss=0.0000  pred=n/a    gold=n/a  running‐acc=0.865
Locality eval: pred=true              gold=true  correct=True  running‐acc=0.887
[ 363/489] loss=0.0000  pred=n/a    gold=n/a  running‐acc=0.865
Locality eval: pred=true              gold=true  correct=True  running‐acc=0.887
[ 364/489] loss=0.0000  pred=n/a    gold=n/a  running‐acc=0.865
Locality eval: pred=true.             gold=true  correct=True  running‐acc=0.887
[ 365/489] loss=0.0000  pred=true   gold=true  running‐acc=0.866
Locality eval: pred=n/a               gold=n/a  correct=True  running‐acc=0.888
[ 366/489] loss=0.0000  pred=n/a    gold=true  running‐acc=0.863
Locality eval: pred=n/a               gold=n/a  correct=True  running‐acc=0.888
[ 367/489] loss=0.0000  pred=true.  gold=true  running‐acc=0.864
Locality eval: pred=n/a               gold=n/a  correct=True  running‐acc=0.888
[ 368/489] loss=0.0000  pred=true   gold=true  running‐acc=0.864
Locality eval: pred=n/a               gold=n/a  correct=True  running‐acc=0.889
[ 369/489] loss=0.0000  pred=n/a    gold=n/a  running‐acc=0.864
Locality eval: pred=true              gold=true  correct=True  running‐acc=0.889
[ 370/489] loss=0.0000  pred=n/a    gold=true  running‐acc=0.862
Locality eval: pred=n/a               gold=n/a  correct=True  running‐acc=0.889
[ 371/489] loss=0.0000  pred=true   gold=true  running‐acc=0.863
Locality eval: pred=n/a               gold=n/a  correct=True  running‐acc=0.889
[ 372/489] loss=0.0000  pred=true   gold=true  running‐acc=0.863
Locality eval: pred=n/a               gold=n/a  correct=True  running‐acc=0.890
[ 373/489] loss=0.0000  pred=true.  gold=true  running‐acc=0.863
Locality eval: pred=n/a               gold=n/a  correct=True  running‐acc=0.890
[ 374/489] loss=0.0000  pred=n/a    gold=n/a  running‐acc=0.864
Locality eval: pred=true              gold=true  correct=True  running‐acc=0.890
[ 375/489] loss=0.0000  pred=true.  gold=true  running‐acc=0.864
Locality eval: pred=true              gold=n/a  correct=False  running‐acc=0.888
[ 376/489] loss=0.0000  pred=n/a    gold=true  running‐acc=0.862
Locality eval: pred=n/a               gold=n/a  correct=True  running‐acc=0.888
[ 377/489] loss=0.0000  pred=true   gold=true  running‐acc=0.862
Locality eval: pred=n/a               gold=n/a  correct=True  running‐acc=0.889
[ 378/489] loss=0.0000  pred=true   gold=true  running‐acc=0.862
Locality eval: pred=n/a               gold=n/a  correct=True  running‐acc=0.889
[ 379/489] loss=0.0000  pred=true   gold=true  running‐acc=0.863
Locality eval: pred=n/a               gold=n/a  correct=True  running‐acc=0.889
[ 380/489] loss=0.0000  pred=true   gold=true  running‐acc=0.863
Locality eval: pred=n/a               gold=n/a  correct=True  running‐acc=0.889
[ 381/489] loss=0.0000  pred=n/a    gold=n/a  running‐acc=0.864
Locality eval: pred=true              gold=true  correct=True  running‐acc=0.890
[ 382/489] loss=0.0000  pred=n/a    gold=n/a  running‐acc=0.864
Locality eval: pred=true              gold=true  correct=True  running‐acc=0.890
[ 383/489] loss=0.0000  pred=true.  gold=true  running‐acc=0.864
Locality eval: pred=n/a               gold=n/a  correct=True  running‐acc=0.890
[ 384/489] loss=0.0000  pred=n/a    gold=n/a  running‐acc=0.865
Locality eval: pred=true              gold=true  correct=True  running‐acc=0.891
[ 385/489] loss=0.0000  pred=n/a    gold=n/a  running‐acc=0.865
Locality eval: pred=true              gold=true  correct=True  running‐acc=0.891
[ 386/489] loss=0.0000  pred=true   gold=true  running‐acc=0.865
Locality eval: pred=n/a               gold=n/a  correct=True  running‐acc=0.891
[ 387/489] loss=0.0000  pred=true   gold=true  running‐acc=0.866
Locality eval: pred=n/a               gold=n/a  correct=True  running‐acc=0.891
[ 388/489] loss=0.0000  pred=true   gold=true  running‐acc=0.866
Locality eval: pred=n/a               gold=n/a  correct=True  running‐acc=0.892
[ 389/489] loss=0.0000  pred=n/a    gold=n/a  running‐acc=0.866
Locality eval: pred=true              gold=true  correct=True  running‐acc=0.892
[ 390/489] loss=0.0000  pred=n/a    gold=n/a  running‐acc=0.867
Locality eval: pred=n/a               gold=true  correct=False  running‐acc=0.890
[ 391/489] loss=0.0000  pred=n/a    gold=n/a  running‐acc=0.867
Locality eval: pred=n/a               gold=true  correct=False  running‐acc=0.887
[ 392/489] loss=0.0000  pred=true   gold=true  running‐acc=0.867
Locality eval: pred=false             gold=n/a  correct=False  running‐acc=0.885
[ 393/489] loss=0.0000  pred=n/a    gold=n/a  running‐acc=0.868
Locality eval: pred=true              gold=true  correct=True  running‐acc=0.885
[ 394/489] loss=0.0000  pred=true   gold=true  running‐acc=0.868
Locality eval: pred=n/a               gold=n/a  correct=True  running‐acc=0.886
[ 395/489] loss=0.0000  pred=true.  gold=true  running‐acc=0.868
Locality eval: pred=n/a               gold=n/a  correct=True  running‐acc=0.886
[ 396/489] loss=0.0000  pred=true   gold=true  running‐acc=0.869
Locality eval: pred=n/a               gold=n/a  correct=True  running‐acc=0.886
[ 397/489] loss=0.0000  pred=n/a    gold=n/a  running‐acc=0.869
Locality eval: pred=true.             gold=true  correct=True  running‐acc=0.887
[ 398/489] loss=0.0000  pred=true   gold=true  running‐acc=0.869
Locality eval: pred=n/a               gold=n/a  correct=True  running‐acc=0.887
[ 399/489] loss=0.0000  pred=true   gold=true  running‐acc=0.870
Locality eval: pred=n/a               gold=n/a  correct=True  running‐acc=0.887
[ 400/489] loss=0.0000  pred=true.  gold=true  running‐acc=0.870
Locality eval: pred=n/a               gold=n/a  correct=True  running‐acc=0.887
[ 401/489] loss=0.0000  pred=true   gold=true  running‐acc=0.870
Locality eval: pred=n/a               gold=n/a  correct=True  running‐acc=0.888
[ 402/489] loss=0.0000  pred=n/a    gold=n/a  running‐acc=0.871
Locality eval: pred=the               gold=true  correct=False  running‐acc=0.886
[ 403/489] loss=0.0000  pred=n/a    gold=n/a  running‐acc=0.871
Locality eval: pred=the               gold=true  correct=False  running‐acc=0.883
[ 404/489] loss=0.0000  pred=the    gold=true  running‐acc=0.869
Locality eval: pred=n/a               gold=n/a  correct=True  running‐acc=0.884
[ 405/489] loss=0.0000  pred=n/a    gold=true  running‐acc=0.867
Locality eval: pred=n/a               gold=n/a  correct=True  running‐acc=0.884
[ 406/489] loss=0.0000  pred=true.  gold=true  running‐acc=0.867
Locality eval: pred=n/a               gold=n/a  correct=True  running‐acc=0.884
[ 407/489] loss=0.0000  pred=true   gold=true  running‐acc=0.867
Locality eval: pred=n/a               gold=n/a  correct=True  running‐acc=0.885
[ 408/489] loss=0.0000  pred=n/a    gold=n/a  running‐acc=0.868
Locality eval: pred=n/a               gold=true  correct=False  running‐acc=0.882
[ 409/489] loss=0.0000  pred=true   gold=true  running‐acc=0.868
Locality eval: pred=n/a               gold=n/a  correct=True  running‐acc=0.883
[ 410/489] loss=0.0000  pred=n/a    gold=n/a  running‐acc=0.868
Locality eval: pred=n/a               gold=true  correct=False  running‐acc=0.880
[ 411/489] loss=0.0000  pred=n/a    gold=n/a  running‐acc=0.869
Locality eval: pred=true              gold=true  correct=True  running‐acc=0.881
[ 412/489] loss=0.0000  pred=n/a    gold=n/a  running‐acc=0.869
Locality eval: pred=n/a               gold=true  correct=False  running‐acc=0.879
[ 413/489] loss=0.0000  pred=true   gold=true  running‐acc=0.869
Locality eval: pred=n/a               gold=n/a  correct=True  running‐acc=0.879
[ 414/489] loss=0.0000  pred=n/a    gold=true  running‐acc=0.867
Locality eval: pred=n/a               gold=n/a  correct=True  running‐acc=0.879
[ 415/489] loss=0.0000  pred=n/a    gold=n/a  running‐acc=0.867
Locality eval: pred=the               gold=true  correct=False  running‐acc=0.877
[ 416/489] loss=0.0000  pred=true.  gold=true  running‐acc=0.868
Locality eval: pred=n/a               gold=n/a  correct=True  running‐acc=0.877
[ 417/489] loss=0.0000  pred=n/a    gold=n/a  running‐acc=0.868
Locality eval: pred=true              gold=true  correct=True  running‐acc=0.878
[ 418/489] loss=0.0000  pred=n/a    gold=n/a  running‐acc=0.868
Locality eval: pred=n/a               gold=true  correct=False  running‐acc=0.876
[ 419/489] loss=0.0000  pred=true   gold=true  running‐acc=0.869
Locality eval: pred=n/a               gold=n/a  correct=True  running‐acc=0.876
[ 420/489] loss=0.0000  pred=n/a    gold=n/a  running‐acc=0.869
Locality eval: pred=true              gold=true  correct=True  running‐acc=0.876
[ 421/489] loss=0.0000  pred=n/a    gold=n/a  running‐acc=0.869
Locality eval: pred=true              gold=true  correct=True  running‐acc=0.876
[ 422/489] loss=0.0000  pred=true   gold=true  running‐acc=0.870
Locality eval: pred=n/a               gold=n/a  correct=True  running‐acc=0.877
[ 423/489] loss=0.0000  pred=n/a    gold=n/a  running‐acc=0.870
Locality eval: pred=n/a               gold=true  correct=False  running‐acc=0.875
[ 424/489] loss=0.0000  pred=true   gold=n/a  running‐acc=0.868
Locality eval: pred=true              gold=true  correct=True  running‐acc=0.875
[ 425/489] loss=0.0000  pred=n/a    gold=n/a  running‐acc=0.868
Locality eval: pred=the               gold=true  correct=False  running‐acc=0.873
[ 426/489] loss=0.0000  pred=true   gold=true  running‐acc=0.869
Locality eval: pred=n/a               gold=n/a  correct=True  running‐acc=0.873
[ 427/489] loss=0.0000  pred=n/a    gold=n/a  running‐acc=0.869
Locality eval: pred=n/a               gold=true  correct=False  running‐acc=0.871
[ 428/489] loss=0.0000  pred=n/a    gold=true  running‐acc=0.867
Locality eval: pred=n/a               gold=n/a  correct=True  running‐acc=0.871
[ 429/489] loss=0.0000  pred=n/a    gold=n/a  running‐acc=0.867
Locality eval: pred=true              gold=true  correct=True  running‐acc=0.872
[ 430/489] loss=0.0000  pred=true   gold=true  running‐acc=0.867
Locality eval: pred=n/a               gold=n/a  correct=True  running‐acc=0.872
[ 431/489] loss=0.0000  pred=true   gold=true  running‐acc=0.868
Locality eval: pred=n/a               gold=n/a  correct=True  running‐acc=0.872
[ 432/489] loss=0.0000  pred=n/a    gold=n/a  running‐acc=0.868
Locality eval: pred=true              gold=true  correct=True  running‐acc=0.873
[ 433/489] loss=0.0000  pred=true   gold=true  running‐acc=0.868
Locality eval: pred=n/a               gold=n/a  correct=True  running‐acc=0.873
[ 434/489] loss=0.0000  pred=true   gold=true  running‐acc=0.869
Locality eval: pred=n/a               gold=n/a  correct=True  running‐acc=0.873
[ 435/489] loss=0.0000  pred=n/a    gold=n/a  running‐acc=0.869
Locality eval: pred=true.             gold=true  correct=True  running‐acc=0.874
[ 436/489] loss=0.0000  pred=n/a    gold=n/a  running‐acc=0.869
Locality eval: pred=true              gold=true  correct=True  running‐acc=0.874
[ 437/489] loss=0.0000  pred=yes,   gold=true  running‐acc=0.867
Locality eval: pred=n/a               gold=n/a  correct=True  running‐acc=0.874
[ 438/489] loss=0.0000  pred=n/a    gold=n/a  running‐acc=0.868
Locality eval: pred=true              gold=true  correct=True  running‐acc=0.874
[ 439/489] loss=0.0000  pred=n/a    gold=n/a  running‐acc=0.868
Locality eval: pred=true              gold=true  correct=True  running‐acc=0.875
[ 440/489] loss=0.0000  pred=n/a    gold=n/a  running‐acc=0.868
Locality eval: pred=the               gold=true  correct=False  running‐acc=0.873
[ 441/489] loss=0.0000  pred=n/a    gold=n/a  running‐acc=0.868
Locality eval: pred=true              gold=true  correct=True  running‐acc=0.873
[ 442/489] loss=0.0000  pred=n/a    gold=n/a  running‐acc=0.869
Locality eval: pred=n/a               gold=true  correct=False  running‐acc=0.871
[ 443/489] loss=0.0000  pred=true   gold=true  running‐acc=0.869
Locality eval: pred=n/a               gold=n/a  correct=True  running‐acc=0.871
[ 444/489] loss=0.0000  pred=true   gold=true  running‐acc=0.869
Locality eval: pred=n/a               gold=n/a  correct=True  running‐acc=0.872
[ 445/489] loss=0.0000  pred=true   gold=true  running‐acc=0.870
Locality eval: pred=n/a               gold=n/a  correct=True  running‐acc=0.872
[ 446/489] loss=0.0000  pred=true   gold=true  running‐acc=0.870
Locality eval: pred=n/a               gold=n/a  correct=True  running‐acc=0.872
[ 447/489] loss=0.0000  pred=n/a    gold=n/a  running‐acc=0.870
Locality eval: pred=true.             gold=true  correct=True  running‐acc=0.872
[ 448/489] loss=0.0000  pred=true   gold=true  running‐acc=0.871
Locality eval: pred=n/a               gold=n/a  correct=True  running‐acc=0.873
[ 449/489] loss=0.0000  pred=the    gold=true  running‐acc=0.869
Locality eval: pred=n/a               gold=n/a  correct=True  running‐acc=0.873
[ 450/489] loss=0.0000  pred=n/a    gold=n/a  running‐acc=0.869
Locality eval: pred=true              gold=true  correct=True  running‐acc=0.873
[ 451/489] loss=0.0000  pred=true   gold=true  running‐acc=0.869
Locality eval: pred=n/a               gold=n/a  correct=True  running‐acc=0.874
[ 452/489] loss=0.0000  pred=true   gold=true  running‐acc=0.869
Locality eval: pred=n/a               gold=n/a  correct=True  running‐acc=0.874
[ 453/489] loss=0.0000  pred=n/a    gold=n/a  running‐acc=0.870
Locality eval: pred=true              gold=true  correct=True  running‐acc=0.874
[ 454/489] loss=0.0000  pred=true   gold=true  running‐acc=0.870
Locality eval: pred=n/a               gold=n/a  correct=True  running‐acc=0.874
[ 455/489] loss=0.0000  pred=true   gold=true  running‐acc=0.870
Locality eval: pred=n/a               gold=n/a  correct=True  running‐acc=0.875
[ 456/489] loss=0.0000  pred=true   gold=true  running‐acc=0.871
Locality eval: pred=n/a               gold=n/a  correct=True  running‐acc=0.875
[ 457/489] loss=0.0000  pred=n/a    gold=n/a  running‐acc=0.871
Locality eval: pred=true              gold=true  correct=True  running‐acc=0.875
[ 458/489] loss=0.0000  pred=true   gold=true  running‐acc=0.871
Locality eval: pred=n/a               gold=n/a  correct=True  running‐acc=0.876
[ 459/489] loss=0.0000  pred=n/a    gold=n/a  running‐acc=0.871
Locality eval: pred=the               gold=true  correct=False  running‐acc=0.874
[ 460/489] loss=0.0000  pred=true   gold=n/a  running‐acc=0.870
Locality eval: pred=true              gold=true  correct=True  running‐acc=0.874
[ 461/489] loss=0.0000  pred=n/a    gold=n/a  running‐acc=0.870
Locality eval: pred=true.             gold=true  correct=True  running‐acc=0.874
[ 462/489] loss=0.0000  pred=true   gold=true  running‐acc=0.870
Locality eval: pred=n/a               gold=n/a  correct=True  running‐acc=0.874
[ 463/489] loss=0.0000  pred=n/a    gold=n/a  running‐acc=0.870
Locality eval: pred=true              gold=true  correct=True  running‐acc=0.875
[ 464/489] loss=0.0000  pred=true   gold=true  running‐acc=0.871
Locality eval: pred=n/a               gold=n/a  correct=True  running‐acc=0.875
[ 465/489] loss=0.0000  pred=n/a    gold=n/a  running‐acc=0.871
Locality eval: pred=true              gold=true  correct=True  running‐acc=0.875
[ 466/489] loss=0.0000  pred=n/a    gold=n/a  running‐acc=0.871
Locality eval: pred=true              gold=true  correct=True  running‐acc=0.876
[ 467/489] loss=0.0000  pred=n/a    gold=n/a  running‐acc=0.872
Locality eval: pred=true              gold=true  correct=True  running‐acc=0.876
[ 468/489] loss=0.0000  pred=true   gold=true  running‐acc=0.872
Locality eval: pred=n/a               gold=n/a  correct=True  running‐acc=0.876
[ 469/489] loss=0.0000  pred=n/a    gold=n/a  running‐acc=0.872
Locality eval: pred=true              gold=true  correct=True  running‐acc=0.876
[ 470/489] loss=0.0000  pred=n/a    gold=n/a  running‐acc=0.872
Locality eval: pred=true.             gold=true  correct=True  running‐acc=0.877
[ 471/489] loss=0.0000  pred=n/a    gold=n/a  running‐acc=0.873
Locality eval: pred=true              gold=true  correct=True  running‐acc=0.877
[ 472/489] loss=0.0000  pred=n/a    gold=n/a  running‐acc=0.873
Locality eval: pred=true              gold=true  correct=True  running‐acc=0.877
[ 473/489] loss=0.0000  pred=true   gold=n/a  running‐acc=0.871
Locality eval: pred=true              gold=true  correct=True  running‐acc=0.877
[ 474/489] loss=0.0000  pred=true   gold=true  running‐acc=0.871
Locality eval: pred=n/a               gold=n/a  correct=True  running‐acc=0.878
[ 475/489] loss=0.0000  pred=true   gold=true  running‐acc=0.872
Locality eval: pred=n/a               gold=n/a  correct=True  running‐acc=0.878
[ 476/489] loss=0.0000  pred=n/a    gold=true  running‐acc=0.870
Locality eval: pred=n/a               gold=n/a  correct=True  running‐acc=0.878
[ 477/489] loss=0.0000  pred=true   gold=true  running‐acc=0.870
Locality eval: pred=n/a               gold=n/a  correct=True  running‐acc=0.878
[ 478/489] loss=0.0000  pred=true   gold=true  running‐acc=0.870
Locality eval: pred=n/a               gold=n/a  correct=True  running‐acc=0.879
[ 479/489] loss=0.0000  pred=n/a    gold=n/a  running‐acc=0.871
Locality eval: pred=true.             gold=true  correct=True  running‐acc=0.879
[ 480/489] loss=0.0000  pred=true.  gold=true  running‐acc=0.871
Locality eval: pred=true              gold=n/a  correct=False  running‐acc=0.877
[ 481/489] loss=0.0000  pred=n/a    gold=n/a  running‐acc=0.871
Locality eval: pred=true              gold=true  correct=True  running‐acc=0.877
[ 482/489] loss=0.0000  pred=false  gold=n/a  running‐acc=0.869
Locality eval: pred=n/a               gold=true  correct=False  running‐acc=0.876
[ 483/489] loss=0.0000  pred=n/a    gold=n/a  running‐acc=0.870
Locality eval: pred=true              gold=true  correct=True  running‐acc=0.876
[ 484/489] loss=0.0000  pred=the    gold=true  running‐acc=0.868
Locality eval: pred=n/a               gold=n/a  correct=True  running‐acc=0.876
[ 485/489] loss=0.0000  pred=the    gold=true  running‐acc=0.866
Locality eval: pred=true              gold=n/a  correct=False  running‐acc=0.874
[ 486/489] loss=0.0000  pred=n/a    gold=n/a  running‐acc=0.866
Locality eval: pred=true.             gold=true  correct=True  running‐acc=0.874
[ 487/489] loss=0.0000  pred=n/a    gold=n/a  running‐acc=0.867
Locality eval: pred=true              gold=true  correct=True  running‐acc=0.875
[ 488/489] loss=0.0000  pred=the    gold=true  running‐acc=0.865
Locality eval: pred=n/a               gold=n/a  correct=True  running‐acc=0.875
[ 489/489] loss=0.0000  pred=true   gold=true  running‐acc=0.865
Locality eval: pred=n/a               gold=n/a  correct=True  running‐acc=0.875

Finished in 843.8s.  Final accuracy: 0.865.
Adapter saved to output/lora_logic_pairwise.
