/home/vjd5zr/miniconda3/envs/lora/lib/python3.9/site-packages/torchvision/io/image.py:13: UserWarning: Failed to load image Python extension: libtorch_cuda_cu.so: cannot open shared object file: No such file or directory
  warn(f"Failed to load image Python extension: {e}")
The `load_in_4bit` and `load_in_8bit` arguments are deprecated and will be removed in the future versions. Please, pass a `BitsAndBytesConfig` object in `quantization_config` argument instead.
`low_cpu_mem_usage` was None, now default to True since model is quantized.
Loaded 489 (train, eval) pairs.

Loading base model (4‐bit)…
Loading checkpoint shards:   0%|          | 0/3 [00:00<?, ?it/s]Loading checkpoint shards:  33%|███▎      | 1/3 [00:03<00:07,  3.67s/it]Loading checkpoint shards:  67%|██████▋   | 2/3 [00:06<00:03,  3.36s/it]Loading checkpoint shards: 100%|██████████| 3/3 [00:09<00:00,  3.00s/it]Loading checkpoint shards: 100%|██████████| 3/3 [00:09<00:00,  3.13s/it]
/home/vjd5zr/miniconda3/envs/lora/lib/python3.9/site-packages/bitsandbytes/nn/modules.py:452: UserWarning: Input type into Linear4bit is torch.float16, but bnb_4bit_compute_dtype=torch.float32 (default). This will lead to slow inference or training speed.
  warnings.warn(
trainable params: 6,815,744 || all params: 7,254,839,296 || trainable%: 0.0939

Starting sequential training…
Cached 128 LoRA tensors.
[   1/489] loss=0.0000  pred=true.  gold=true  running‐acc=1.000
Locality eval: pred=false             gold=n/a  correct=False  running‐acc=0.000
[   2/489] loss=0.0000  pred=true   gold=true  running‐acc=1.000
Locality eval: pred=true              gold=n/a  correct=False  running‐acc=0.000
[   3/489] loss=0.0000  pred=true   gold=true  running‐acc=1.000
Locality eval: pred=n/a               gold=n/a  correct=True  running‐acc=0.333
[   4/489] loss=0.0000  pred=n/a    gold=true  running‐acc=0.750
Locality eval: pred=n/a               gold=n/a  correct=True  running‐acc=0.500
[   5/489] loss=0.0000  pred=n/a    gold=n/a  running‐acc=0.800
Locality eval: pred=true              gold=true  correct=True  running‐acc=0.600
[   6/489] loss=0.0000  pred=true   gold=true  running‐acc=0.833
Locality eval: pred=n/a               gold=n/a  correct=True  running‐acc=0.667
[   7/489] loss=0.0000  pred=n/a    gold=n/a  running‐acc=0.857
Locality eval: pred=true              gold=true  correct=True  running‐acc=0.714
[   8/489] loss=0.0000  pred=n/a    gold=n/a  running‐acc=0.875
Locality eval: pred=true              gold=true  correct=True  running‐acc=0.750
[   9/489] loss=0.0000  pred=n/a    gold=n/a  running‐acc=0.889
Locality eval: pred=true              gold=true  correct=True  running‐acc=0.778
[  10/489] loss=0.0000  pred=n/a    gold=true  running‐acc=0.800
Locality eval: pred=n/a               gold=n/a  correct=True  running‐acc=0.800
[  11/489] loss=0.0000  pred=n/a    gold=true  running‐acc=0.727
Locality eval: pred=n/a               gold=n/a  correct=True  running‐acc=0.818
[  12/489] loss=0.0000  pred=n/a    gold=n/a  running‐acc=0.750
Locality eval: pred=true              gold=true  correct=True  running‐acc=0.833
[  13/489] loss=0.0000  pred=n/a    gold=n/a  running‐acc=0.769
Locality eval: pred=true              gold=true  correct=True  running‐acc=0.846
[  14/489] loss=0.0000  pred=false,  gold=n/a  running‐acc=0.714
Locality eval: pred=n/a               gold=true  correct=False  running‐acc=0.786
[  15/489] loss=0.0000  pred=n/a    gold=n/a  running‐acc=0.733
Locality eval: pred=n/a               gold=true  correct=False  running‐acc=0.733
[  16/489] loss=0.0000  pred=n/a    gold=true  running‐acc=0.688
Locality eval: pred=n/a               gold=n/a  correct=True  running‐acc=0.750
[  17/489] loss=0.0000  pred=n/a    gold=n/a  running‐acc=0.706
Locality eval: pred=n/a               gold=true  correct=False  running‐acc=0.706
[  18/489] loss=0.0000  pred=true   gold=true  running‐acc=0.722
Locality eval: pred=n/a               gold=n/a  correct=True  running‐acc=0.722
[  19/489] loss=0.0000  pred=true   gold=true  running‐acc=0.737
Locality eval: pred=n/a               gold=n/a  correct=True  running‐acc=0.737
[  20/489] loss=0.0000  pred=n/a    gold=n/a  running‐acc=0.750
Locality eval: pred=true              gold=true  correct=True  running‐acc=0.750
[  21/489] loss=0.0000  pred=true   gold=true  running‐acc=0.762
Locality eval: pred=n/a               gold=n/a  correct=True  running‐acc=0.762
[  22/489] loss=0.0000  pred=true   gold=true  running‐acc=0.773
Locality eval: pred=n/a               gold=n/a  correct=True  running‐acc=0.773
[  23/489] loss=0.0000  pred=n/a    gold=n/a  running‐acc=0.783
Locality eval: pred=true              gold=true  correct=True  running‐acc=0.783
[  24/489] loss=0.0000  pred=n/a    gold=n/a  running‐acc=0.792
Locality eval: pred=true              gold=true  correct=True  running‐acc=0.792
[  25/489] loss=0.0000  pred=true.  gold=true  running‐acc=0.800
Locality eval: pred=n/a               gold=n/a  correct=True  running‐acc=0.800
[  26/489] loss=0.0000  pred=n/a    gold=n/a  running‐acc=0.808
Locality eval: pred=true              gold=true  correct=True  running‐acc=0.808
[  27/489] loss=0.0000  pred=true   gold=true  running‐acc=0.815
Locality eval: pred=n/a               gold=n/a  correct=True  running‐acc=0.815
[  28/489] loss=0.0000  pred=n/a    gold=true  running‐acc=0.786
Locality eval: pred=n/a               gold=n/a  correct=True  running‐acc=0.821
[  29/489] loss=0.0000  pred=n/a    gold=n/a  running‐acc=0.793
Locality eval: pred=true              gold=true  correct=True  running‐acc=0.828
[  30/489] loss=0.0000  pred=true   gold=true  running‐acc=0.800
Locality eval: pred=n/a               gold=n/a  correct=True  running‐acc=0.833
[  31/489] loss=0.0000  pred=true   gold=true  running‐acc=0.806
Locality eval: pred=n/a               gold=n/a  correct=True  running‐acc=0.839
[  32/489] loss=0.0000  pred=true   gold=true  running‐acc=0.812
Locality eval: pred=n/a               gold=n/a  correct=True  running‐acc=0.844
[  33/489] loss=0.0000  pred=true   gold=true  running‐acc=0.818
Locality eval: pred=true              gold=n/a  correct=False  running‐acc=0.818
[  34/489] loss=0.0000  pred=n/a    gold=true  running‐acc=0.794
Locality eval: pred=n/a               gold=n/a  correct=True  running‐acc=0.824
[  35/489] loss=0.0000  pred=n/a    gold=n/a  running‐acc=0.800
Locality eval: pred=true              gold=true  correct=True  running‐acc=0.829
[  36/489] loss=0.0000  pred=true   gold=true  running‐acc=0.806
Locality eval: pred=n/a               gold=n/a  correct=True  running‐acc=0.833
[  37/489] loss=0.0000  pred=true   gold=true  running‐acc=0.811
Locality eval: pred=n/a               gold=n/a  correct=True  running‐acc=0.838
[  38/489] loss=0.0000  pred=true   gold=true  running‐acc=0.816
Locality eval: pred=n/a               gold=n/a  correct=True  running‐acc=0.842
[  39/489] loss=0.0000  pred=n/a    gold=n/a  running‐acc=0.821
Locality eval: pred=true              gold=true  correct=True  running‐acc=0.846
[  40/489] loss=0.0000  pred=true   gold=true  running‐acc=0.825
Locality eval: pred=n/a               gold=n/a  correct=True  running‐acc=0.850
[  41/489] loss=0.0000  pred=n/a    gold=n/a  running‐acc=0.829
Locality eval: pred=n/a               gold=true  correct=False  running‐acc=0.829
[  42/489] loss=0.0000  pred=true   gold=n/a  running‐acc=0.810
Locality eval: pred=true              gold=true  correct=True  running‐acc=0.833
[  43/489] loss=0.0000  pred=true   gold=true  running‐acc=0.814
Locality eval: pred=n/a               gold=n/a  correct=True  running‐acc=0.837
[  44/489] loss=0.0000  pred=true   gold=true  running‐acc=0.818
Locality eval: pred=true              gold=n/a  correct=False  running‐acc=0.818
[  45/489] loss=0.0000  pred=n/a    gold=n/a  running‐acc=0.822
Locality eval: pred=true              gold=true  correct=True  running‐acc=0.822
[  46/489] loss=0.0000  pred=true.  gold=n/a  running‐acc=0.804
Locality eval: pred=true              gold=true  correct=True  running‐acc=0.826
[  47/489] loss=0.0000  pred=n/a    gold=n/a  running‐acc=0.809
Locality eval: pred=true              gold=true  correct=True  running‐acc=0.830
[  48/489] loss=0.0000  pred=n/a    gold=n/a  running‐acc=0.812
Locality eval: pred=n/a               gold=true  correct=False  running‐acc=0.812
[  49/489] loss=0.0000  pred=false  gold=n/a  running‐acc=0.796
Locality eval: pred=n/a               gold=true  correct=False  running‐acc=0.796
[  50/489] loss=0.0000  pred=n/a    gold=true  running‐acc=0.780
Locality eval: pred=true              gold=n/a  correct=False  running‐acc=0.780
[  51/489] loss=0.0000  pred=n/a    gold=n/a  running‐acc=0.784
Locality eval: pred=n/a               gold=true  correct=False  running‐acc=0.765
[  52/489] loss=0.0000  pred=n/a    gold=n/a  running‐acc=0.788
Locality eval: pred=true              gold=true  correct=True  running‐acc=0.769
[  53/489] loss=0.0000  pred=n/a    gold=n/a  running‐acc=0.792
Locality eval: pred=true              gold=true  correct=True  running‐acc=0.774
[  54/489] loss=0.0000  pred=true   gold=n/a  running‐acc=0.778
Locality eval: pred=true              gold=true  correct=True  running‐acc=0.778
[  55/489] loss=0.0000  pred=n/a    gold=true  running‐acc=0.764
Locality eval: pred=n/a               gold=n/a  correct=True  running‐acc=0.782
[  56/489] loss=0.0000  pred=n/a    gold=n/a  running‐acc=0.768
Locality eval: pred=true              gold=true  correct=True  running‐acc=0.786
[  57/489] loss=0.0000  pred=n/a    gold=true  running‐acc=0.754
Locality eval: pred=n/a               gold=n/a  correct=True  running‐acc=0.789
[  58/489] loss=0.0000  pred=n/a    gold=n/a  running‐acc=0.759
Locality eval: pred=true              gold=true  correct=True  running‐acc=0.793
[  59/489] loss=0.0000  pred=true   gold=true  running‐acc=0.763
Locality eval: pred=n/a               gold=n/a  correct=True  running‐acc=0.797
[  60/489] loss=0.0000  pred=true   gold=true  running‐acc=0.767
Locality eval: pred=n/a               gold=n/a  correct=True  running‐acc=0.800
[  61/489] loss=0.0000  pred=n/a    gold=n/a  running‐acc=0.770
Locality eval: pred=true              gold=true  correct=True  running‐acc=0.803
[  62/489] loss=0.0000  pred=true   gold=true  running‐acc=0.774
Locality eval: pred=n/a               gold=n/a  correct=True  running‐acc=0.806
[  63/489] loss=0.0000  pred=true   gold=true  running‐acc=0.778
Locality eval: pred=n/a               gold=n/a  correct=True  running‐acc=0.810
[  64/489] loss=0.0000  pred=n/a    gold=n/a  running‐acc=0.781
Locality eval: pred=true              gold=true  correct=True  running‐acc=0.812
[  65/489] loss=0.0000  pred=true   gold=true  running‐acc=0.785
Locality eval: pred=n/a               gold=n/a  correct=True  running‐acc=0.815
[  66/489] loss=0.0000  pred=n/a    gold=true  running‐acc=0.773
Locality eval: pred=n/a               gold=n/a  correct=True  running‐acc=0.818
[  67/489] loss=0.0000  pred=true   gold=true  running‐acc=0.776
Locality eval: pred=n/a               gold=n/a  correct=True  running‐acc=0.821
[  68/489] loss=0.0000  pred=n/a    gold=n/a  running‐acc=0.779
Locality eval: pred=n/a               gold=true  correct=False  running‐acc=0.809
[  69/489] loss=0.0000  pred=n/a    gold=true  running‐acc=0.768
Locality eval: pred=n/a               gold=n/a  correct=True  running‐acc=0.812
[  70/489] loss=0.0000  pred=n/a    gold=n/a  running‐acc=0.771
Locality eval: pred=true              gold=true  correct=True  running‐acc=0.814
[  71/489] loss=0.0000  pred=n/a    gold=true  running‐acc=0.761
Locality eval: pred=n/a               gold=n/a  correct=True  running‐acc=0.817
[  72/489] loss=0.0000  pred=n/a    gold=true  running‐acc=0.750
Locality eval: pred=n/a               gold=n/a  correct=True  running‐acc=0.819
[  73/489] loss=0.0000  pred=n/a    gold=n/a  running‐acc=0.753
Locality eval: pred=true              gold=true  correct=True  running‐acc=0.822
[  74/489] loss=0.0000  pred=true   gold=true  running‐acc=0.757
Locality eval: pred=false             gold=n/a  correct=False  running‐acc=0.811
[  75/489] loss=0.0000  pred=false  gold=n/a  running‐acc=0.747
Locality eval: pred=true              gold=true  correct=True  running‐acc=0.813
[  76/489] loss=0.0000  pred=true   gold=true  running‐acc=0.750
Locality eval: pred=n/a               gold=n/a  correct=True  running‐acc=0.816
[  77/489] loss=0.0000  pred=n/a    gold=n/a  running‐acc=0.753
Locality eval: pred=true              gold=true  correct=True  running‐acc=0.818
[  78/489] loss=0.0000  pred=true   gold=n/a  running‐acc=0.744
Locality eval: pred=true              gold=true  correct=True  running‐acc=0.821
[  79/489] loss=0.0000  pred=true   gold=true  running‐acc=0.747
Locality eval: pred=false             gold=n/a  correct=False  running‐acc=0.810
[  80/489] loss=0.0000  pred=true   gold=true  running‐acc=0.750
Locality eval: pred=n/a               gold=n/a  correct=True  running‐acc=0.812
[  81/489] loss=0.0000  pred=n/a    gold=true  running‐acc=0.741
Locality eval: pred=n/a               gold=n/a  correct=True  running‐acc=0.815
[  82/489] loss=0.0000  pred=true   gold=true  running‐acc=0.744
Locality eval: pred=n/a               gold=n/a  correct=True  running‐acc=0.817
[  83/489] loss=0.0000  pred=n/a    gold=n/a  running‐acc=0.747
Locality eval: pred=true              gold=true  correct=True  running‐acc=0.819
[  84/489] loss=0.0000  pred=n/a    gold=n/a  running‐acc=0.750
Locality eval: pred=n/a               gold=true  correct=False  running‐acc=0.810
[  85/489] loss=0.0000  pred=true   gold=true  running‐acc=0.753
Locality eval: pred=n/a               gold=n/a  correct=True  running‐acc=0.812
[  86/489] loss=0.0000  pred=n/a    gold=n/a  running‐acc=0.756
Locality eval: pred=n/a               gold=true  correct=False  running‐acc=0.802
[  87/489] loss=0.0000  pred=true   gold=true  running‐acc=0.759
Locality eval: pred=n/a               gold=n/a  correct=True  running‐acc=0.805
[  88/489] loss=0.0000  pred=n/a    gold=n/a  running‐acc=0.761
Locality eval: pred=true              gold=true  correct=True  running‐acc=0.807
[  89/489] loss=0.0000  pred=true.  gold=n/a  running‐acc=0.753
Locality eval: pred=n/a               gold=true  correct=False  running‐acc=0.798
[  90/489] loss=0.0000  pred=n/a    gold=n/a  running‐acc=0.756
Locality eval: pred=n/a               gold=true  correct=False  running‐acc=0.789
[  91/489] loss=0.0000  pred=n/a    gold=n/a  running‐acc=0.758
Locality eval: pred=true              gold=true  correct=True  running‐acc=0.791
[  92/489] loss=0.0000  pred=n/a    gold=n/a  running‐acc=0.761
Locality eval: pred=true              gold=true  correct=True  running‐acc=0.793
[  93/489] loss=0.0000  pred=true   gold=true  running‐acc=0.763
Locality eval: pred=n/a               gold=n/a  correct=True  running‐acc=0.796
[  94/489] loss=0.0000  pred=n/a    gold=n/a  running‐acc=0.766
Locality eval: pred=true              gold=true  correct=True  running‐acc=0.798
[  95/489] loss=0.0000  pred=n/a    gold=n/a  running‐acc=0.768
Locality eval: pred=true              gold=true  correct=True  running‐acc=0.800
[  96/489] loss=0.0000  pred=n/a    gold=n/a  running‐acc=0.771
Locality eval: pred=true              gold=true  correct=True  running‐acc=0.802
[  97/489] loss=0.0000  pred=true   gold=true  running‐acc=0.773
Locality eval: pred=n/a               gold=n/a  correct=True  running‐acc=0.804
[  98/489] loss=0.0000  pred=n/a    gold=n/a  running‐acc=0.776
Locality eval: pred=true              gold=true  correct=True  running‐acc=0.806
[  99/489] loss=0.0000  pred=n/a    gold=n/a  running‐acc=0.778
Locality eval: pred=n/a               gold=true  correct=False  running‐acc=0.798
[ 100/489] loss=0.0000  pred=n/a    gold=true  running‐acc=0.770
Locality eval: pred=n/a               gold=n/a  correct=True  running‐acc=0.800
[ 101/489] loss=0.0000  pred=n/a    gold=n/a  running‐acc=0.772
Locality eval: pred=true              gold=true  correct=True  running‐acc=0.802
[ 102/489] loss=0.0000  pred=n/a    gold=true  running‐acc=0.765
Locality eval: pred=n/a               gold=n/a  correct=True  running‐acc=0.804
[ 103/489] loss=0.0000  pred=n/a    gold=true  running‐acc=0.757
Locality eval: pred=n/a               gold=n/a  correct=True  running‐acc=0.806
[ 104/489] loss=0.0000  pred=n/a    gold=n/a  running‐acc=0.760
Locality eval: pred=true              gold=true  correct=True  running‐acc=0.808
[ 105/489] loss=0.0000  pred=true   gold=true  running‐acc=0.762
Locality eval: pred=n/a               gold=n/a  correct=True  running‐acc=0.810
[ 106/489] loss=0.0000  pred=true   gold=true  running‐acc=0.764
Locality eval: pred=false             gold=n/a  correct=False  running‐acc=0.802
[ 107/489] loss=0.0000  pred=n/a    gold=true  running‐acc=0.757
Locality eval: pred=n/a               gold=n/a  correct=True  running‐acc=0.804
[ 108/489] loss=0.0000  pred=n/a    gold=n/a  running‐acc=0.759
Locality eval: pred=true              gold=true  correct=True  running‐acc=0.806
[ 109/489] loss=0.0000  pred=n/a    gold=n/a  running‐acc=0.761
Locality eval: pred=true              gold=true  correct=True  running‐acc=0.807
[ 110/489] loss=0.0000  pred=n/a    gold=n/a  running‐acc=0.764
Locality eval: pred=n/a               gold=true  correct=False  running‐acc=0.800
[ 111/489] loss=0.0000  pred=n/a    gold=n/a  running‐acc=0.766
Locality eval: pred=true              gold=true  correct=True  running‐acc=0.802
[ 112/489] loss=0.0000  pred=n/a    gold=n/a  running‐acc=0.768
Locality eval: pred=n/a               gold=true  correct=False  running‐acc=0.795
[ 113/489] loss=0.0000  pred=true   gold=true  running‐acc=0.770
Locality eval: pred=n/a               gold=n/a  correct=True  running‐acc=0.796
[ 114/489] loss=0.0000  pred=n/a    gold=n/a  running‐acc=0.772
Locality eval: pred=true              gold=true  correct=True  running‐acc=0.798
[ 115/489] loss=0.0000  pred=n/a    gold=true  running‐acc=0.765
Locality eval: pred=n/a               gold=n/a  correct=True  running‐acc=0.800
[ 116/489] loss=0.0000  pred=true   gold=true  running‐acc=0.767
Locality eval: pred=n/a               gold=n/a  correct=True  running‐acc=0.802
[ 117/489] loss=0.0000  pred=true   gold=true  running‐acc=0.769
Locality eval: pred=n/a               gold=n/a  correct=True  running‐acc=0.803
[ 118/489] loss=0.0000  pred=n/a    gold=n/a  running‐acc=0.771
Locality eval: pred=n/a               gold=true  correct=False  running‐acc=0.797
[ 119/489] loss=0.0000  pred=n/a    gold=true  running‐acc=0.765
Locality eval: pred=n/a               gold=n/a  correct=True  running‐acc=0.798
[ 120/489] loss=0.0000  pred=n/a    gold=n/a  running‐acc=0.767
Locality eval: pred=n/a               gold=true  correct=False  running‐acc=0.792
[ 121/489] loss=0.0000  pred=true   gold=true  running‐acc=0.769
Locality eval: pred=n/a               gold=n/a  correct=True  running‐acc=0.793
[ 122/489] loss=0.0000  pred=n/a    gold=true  running‐acc=0.762
Locality eval: pred=n/a               gold=n/a  correct=True  running‐acc=0.795
[ 123/489] loss=0.0000  pred=n/a    gold=true  running‐acc=0.756
Locality eval: pred=n/a               gold=n/a  correct=True  running‐acc=0.797
[ 124/489] loss=0.0000  pred=n/a    gold=true  running‐acc=0.750
Locality eval: pred=n/a               gold=n/a  correct=True  running‐acc=0.798
[ 125/489] loss=0.0000  pred=n/a    gold=n/a  running‐acc=0.752
Locality eval: pred=true              gold=true  correct=True  running‐acc=0.800
[ 126/489] loss=0.0000  pred=n/a    gold=n/a  running‐acc=0.754
Locality eval: pred=true              gold=true  correct=True  running‐acc=0.802
[ 127/489] loss=0.0000  pred=true   gold=true  running‐acc=0.756
Locality eval: pred=n/a               gold=n/a  correct=True  running‐acc=0.803
[ 128/489] loss=0.0000  pred=n/a    gold=true  running‐acc=0.750
Locality eval: pred=true              gold=n/a  correct=False  running‐acc=0.797
[ 129/489] loss=0.0000  pred=n/a    gold=n/a  running‐acc=0.752
Locality eval: pred=n/a               gold=true  correct=False  running‐acc=0.791
[ 130/489] loss=0.0000  pred=n/a    gold=n/a  running‐acc=0.754
Locality eval: pred=true              gold=true  correct=True  running‐acc=0.792
[ 131/489] loss=0.0000  pred=true   gold=true  running‐acc=0.756
Locality eval: pred=n/a               gold=n/a  correct=True  running‐acc=0.794
[ 132/489] loss=0.0000  pred=n/a    gold=n/a  running‐acc=0.758
Locality eval: pred=n/a               gold=true  correct=False  running‐acc=0.788
[ 133/489] loss=0.0000  pred=true   gold=n/a  running‐acc=0.752
Locality eval: pred=true              gold=true  correct=True  running‐acc=0.789
[ 134/489] loss=0.0000  pred=n/a    gold=n/a  running‐acc=0.754
Locality eval: pred=true              gold=true  correct=True  running‐acc=0.791
[ 135/489] loss=0.0000  pred=n/a    gold=n/a  running‐acc=0.756
Locality eval: pred=true              gold=true  correct=True  running‐acc=0.793
[ 136/489] loss=0.0000  pred=true   gold=true  running‐acc=0.757
Locality eval: pred=n/a               gold=n/a  correct=True  running‐acc=0.794
[ 137/489] loss=0.0000  pred=true   gold=true  running‐acc=0.759
Locality eval: pred=n/a               gold=n/a  correct=True  running‐acc=0.796
[ 138/489] loss=0.0000  pred=true   gold=true  running‐acc=0.761
Locality eval: pred=n/a               gold=n/a  correct=True  running‐acc=0.797
[ 139/489] loss=0.0000  pred=false.  gold=n/a  running‐acc=0.755
Locality eval: pred=true              gold=true  correct=True  running‐acc=0.799
[ 140/489] loss=0.0000  pred=n/a    gold=n/a  running‐acc=0.757
Locality eval: pred=true.             gold=true  correct=True  running‐acc=0.800
[ 141/489] loss=0.0000  pred=true   gold=true  running‐acc=0.759
Locality eval: pred=n/a               gold=n/a  correct=True  running‐acc=0.801
[ 142/489] loss=0.0000  pred=n/a    gold=n/a  running‐acc=0.761
Locality eval: pred=n/a               gold=true  correct=False  running‐acc=0.796
[ 143/489] loss=0.0000  pred=n/a    gold=true  running‐acc=0.755
Locality eval: pred=n/a               gold=n/a  correct=True  running‐acc=0.797
[ 144/489] loss=0.0000  pred=n/a    gold=true  running‐acc=0.750
Locality eval: pred=n/a               gold=n/a  correct=True  running‐acc=0.799
[ 145/489] loss=0.0000  pred=n/a    gold=true  running‐acc=0.745
Locality eval: pred=n/a               gold=n/a  correct=True  running‐acc=0.800
[ 146/489] loss=0.0000  pred=n/a    gold=true  running‐acc=0.740
Locality eval: pred=n/a               gold=n/a  correct=True  running‐acc=0.801
[ 147/489] loss=0.0000  pred=n/a    gold=n/a  running‐acc=0.741
Locality eval: pred=true              gold=true  correct=True  running‐acc=0.803
[ 148/489] loss=0.0000  pred=true   gold=true  running‐acc=0.743
Locality eval: pred=n/a               gold=n/a  correct=True  running‐acc=0.804
[ 149/489] loss=0.0000  pred=n/a    gold=n/a  running‐acc=0.745
Locality eval: pred=true              gold=true  correct=True  running‐acc=0.805
[ 150/489] loss=0.0000  pred=n/a    gold=n/a  running‐acc=0.747
Locality eval: pred=n/a               gold=true  correct=False  running‐acc=0.800
[ 151/489] loss=0.0000  pred=true   gold=true  running‐acc=0.748
Locality eval: pred=n/a               gold=n/a  correct=True  running‐acc=0.801
[ 152/489] loss=0.0000  pred=false  gold=n/a  running‐acc=0.743
Locality eval: pred=true              gold=true  correct=True  running‐acc=0.803
[ 153/489] loss=0.0000  pred=n/a    gold=n/a  running‐acc=0.745
Locality eval: pred=true              gold=true  correct=True  running‐acc=0.804
[ 154/489] loss=0.0000  pred=true   gold=true  running‐acc=0.747
Locality eval: pred=n/a               gold=n/a  correct=True  running‐acc=0.805
[ 155/489] loss=0.0000  pred=true   gold=true  running‐acc=0.748
Locality eval: pred=n/a               gold=n/a  correct=True  running‐acc=0.806
[ 156/489] loss=0.0000  pred=n/a    gold=n/a  running‐acc=0.750
Locality eval: pred=true              gold=true  correct=True  running‐acc=0.808
[ 157/489] loss=0.0000  pred=n/a    gold=n/a  running‐acc=0.752
Locality eval: pred=true              gold=true  correct=True  running‐acc=0.809
[ 158/489] loss=0.0000  pred=n/a    gold=n/a  running‐acc=0.753
Locality eval: pred=n/a               gold=true  correct=False  running‐acc=0.804
[ 159/489] loss=0.0000  pred=n/a    gold=n/a  running‐acc=0.755
Locality eval: pred=true              gold=true  correct=True  running‐acc=0.805
[ 160/489] loss=0.0000  pred=n/a    gold=n/a  running‐acc=0.756
Locality eval: pred=true              gold=true  correct=True  running‐acc=0.806
[ 161/489] loss=0.0000  pred=n/a    gold=n/a  running‐acc=0.758
Locality eval: pred=true              gold=true  correct=True  running‐acc=0.807
[ 162/489] loss=0.0000  pred=true   gold=true  running‐acc=0.759
Locality eval: pred=n/a               gold=n/a  correct=True  running‐acc=0.809
[ 163/489] loss=0.0000  pred=n/a    gold=n/a  running‐acc=0.761
Locality eval: pred=n/a               gold=true  correct=False  running‐acc=0.804
[ 164/489] loss=0.0000  pred=n/a    gold=n/a  running‐acc=0.762
Locality eval: pred=n/a               gold=true  correct=False  running‐acc=0.799
[ 165/489] loss=0.0000  pred=n/a    gold=true  running‐acc=0.758
Locality eval: pred=n/a               gold=n/a  correct=True  running‐acc=0.800
[ 166/489] loss=0.0000  pred=n/a    gold=n/a  running‐acc=0.759
Locality eval: pred=true              gold=true  correct=True  running‐acc=0.801
[ 167/489] loss=0.0000  pred=true   gold=true  running‐acc=0.760
Locality eval: pred=n/a               gold=n/a  correct=True  running‐acc=0.802
[ 168/489] loss=0.0000  pred=n/a    gold=n/a  running‐acc=0.762
Locality eval: pred=n/a               gold=true  correct=False  running‐acc=0.798
[ 169/489] loss=0.0000  pred=true   gold=true  running‐acc=0.763
Locality eval: pred=n/a               gold=n/a  correct=True  running‐acc=0.799
[ 170/489] loss=0.0000  pred=true   gold=true  running‐acc=0.765
Locality eval: pred=n/a               gold=n/a  correct=True  running‐acc=0.800
[ 171/489] loss=0.0000  pred=true   gold=true  running‐acc=0.766
Locality eval: pred=n/a               gold=n/a  correct=True  running‐acc=0.801
[ 172/489] loss=0.0000  pred=true   gold=true  running‐acc=0.767
Locality eval: pred=true              gold=n/a  correct=False  running‐acc=0.797
[ 173/489] loss=0.0000  pred=n/a    gold=n/a  running‐acc=0.769
Locality eval: pred=true              gold=true  correct=True  running‐acc=0.798
[ 174/489] loss=0.0000  pred=true   gold=true  running‐acc=0.770
Locality eval: pred=n/a               gold=n/a  correct=True  running‐acc=0.799
[ 175/489] loss=0.0000  pred=n/a    gold=true  running‐acc=0.766
Locality eval: pred=true              gold=n/a  correct=False  running‐acc=0.794
[ 176/489] loss=0.0000  pred=true   gold=true  running‐acc=0.767
Locality eval: pred=true              gold=n/a  correct=False  running‐acc=0.790
[ 177/489] loss=0.0000  pred=n/a    gold=n/a  running‐acc=0.768
Locality eval: pred=true              gold=true  correct=True  running‐acc=0.791
[ 178/489] loss=0.0000  pred=true   gold=true  running‐acc=0.770
Locality eval: pred=n/a               gold=n/a  correct=True  running‐acc=0.792
[ 179/489] loss=0.0000  pred=n/a    gold=n/a  running‐acc=0.771
Locality eval: pred=true              gold=true  correct=True  running‐acc=0.793
[ 180/489] loss=0.0000  pred=true   gold=true  running‐acc=0.772
Locality eval: pred=n/a               gold=n/a  correct=True  running‐acc=0.794
[ 181/489] loss=0.0000  pred=true   gold=true  running‐acc=0.773
Locality eval: pred=n/a               gold=n/a  correct=True  running‐acc=0.796
[ 182/489] loss=0.0000  pred=n/a    gold=n/a  running‐acc=0.775
Locality eval: pred=true              gold=true  correct=True  running‐acc=0.797
[ 183/489] loss=0.0000  pred=n/a    gold=n/a  running‐acc=0.776
Locality eval: pred=true              gold=true  correct=True  running‐acc=0.798
[ 184/489] loss=0.0000  pred=true   gold=true  running‐acc=0.777
Locality eval: pred=n/a               gold=n/a  correct=True  running‐acc=0.799
[ 185/489] loss=0.0000  pred=true   gold=true  running‐acc=0.778
Locality eval: pred=false             gold=n/a  correct=False  running‐acc=0.795
[ 186/489] loss=0.0000  pred=n/a    gold=n/a  running‐acc=0.780
Locality eval: pred=true              gold=true  correct=True  running‐acc=0.796
[ 187/489] loss=0.0000  pred=true.  gold=true  running‐acc=0.781
Locality eval: pred=n/a               gold=n/a  correct=True  running‐acc=0.797
[ 188/489] loss=0.0000  pred=true   gold=true  running‐acc=0.782
Locality eval: pred=n/a               gold=n/a  correct=True  running‐acc=0.798
[ 189/489] loss=0.0000  pred=n/a    gold=n/a  running‐acc=0.783
Locality eval: pred=true              gold=true  correct=True  running‐acc=0.799
[ 190/489] loss=0.0000  pred=n/a    gold=true  running‐acc=0.779
Locality eval: pred=n/a               gold=n/a  correct=True  running‐acc=0.800
[ 191/489] loss=0.0000  pred=true   gold=true  running‐acc=0.780
Locality eval: pred=n/a               gold=n/a  correct=True  running‐acc=0.801
[ 192/489] loss=0.0000  pred=n/a    gold=n/a  running‐acc=0.781
Locality eval: pred=true              gold=true  correct=True  running‐acc=0.802
[ 193/489] loss=0.0000  pred=n/a    gold=n/a  running‐acc=0.782
Locality eval: pred=true              gold=true  correct=True  running‐acc=0.803
[ 194/489] loss=0.0000  pred=n/a    gold=n/a  running‐acc=0.784
Locality eval: pred=true              gold=true  correct=True  running‐acc=0.804
[ 195/489] loss=0.0000  pred=n/a    gold=n/a  running‐acc=0.785
Locality eval: pred=true              gold=true  correct=True  running‐acc=0.805
[ 196/489] loss=0.0000  pred=n/a    gold=n/a  running‐acc=0.786
Locality eval: pred=true              gold=true  correct=True  running‐acc=0.806
[ 197/489] loss=0.0000  pred=n/a    gold=true  running‐acc=0.782
Locality eval: pred=n/a               gold=n/a  correct=True  running‐acc=0.807
[ 198/489] loss=0.0000  pred=true   gold=true  running‐acc=0.783
Locality eval: pred=n/a               gold=n/a  correct=True  running‐acc=0.808
[ 199/489] loss=0.0000  pred=n/a    gold=n/a  running‐acc=0.784
Locality eval: pred=true              gold=true  correct=True  running‐acc=0.809
[ 200/489] loss=0.0000  pred=n/a    gold=n/a  running‐acc=0.785
Locality eval: pred=true.             gold=true  correct=True  running‐acc=0.810
[ 201/489] loss=0.0000  pred=n/a    gold=true  running‐acc=0.781
Locality eval: pred=n/a               gold=n/a  correct=True  running‐acc=0.811
[ 202/489] loss=0.0000  pred=false.  gold=n/a  running‐acc=0.777
Locality eval: pred=true              gold=true  correct=True  running‐acc=0.812
[ 203/489] loss=0.0000  pred=n/a    gold=n/a  running‐acc=0.778
Locality eval: pred=true              gold=true  correct=True  running‐acc=0.813
[ 204/489] loss=0.0000  pred=n/a    gold=n/a  running‐acc=0.779
Locality eval: pred=n/a               gold=true  correct=False  running‐acc=0.809
[ 205/489] loss=0.0000  pred=n/a    gold=n/a  running‐acc=0.780
Locality eval: pred=true              gold=true  correct=True  running‐acc=0.810
[ 206/489] loss=0.0000  pred=false  gold=n/a  running‐acc=0.777
Locality eval: pred=true              gold=true  correct=True  running‐acc=0.811
[ 207/489] loss=0.0000  pred=n/a    gold=n/a  running‐acc=0.778
Locality eval: pred=true              gold=true  correct=True  running‐acc=0.812
[ 208/489] loss=0.0000  pred=true   gold=true  running‐acc=0.779
Locality eval: pred=n/a               gold=n/a  correct=True  running‐acc=0.812
[ 209/489] loss=0.0000  pred=true   gold=true  running‐acc=0.780
Locality eval: pred=n/a               gold=n/a  correct=True  running‐acc=0.813
[ 210/489] loss=0.0000  pred=n/a    gold=n/a  running‐acc=0.781
Locality eval: pred=true              gold=true  correct=True  running‐acc=0.814
[ 211/489] loss=0.0000  pred=n/a    gold=n/a  running‐acc=0.782
Locality eval: pred=true              gold=true  correct=True  running‐acc=0.815
[ 212/489] loss=0.0000  pred=true   gold=true  running‐acc=0.783
Locality eval: pred=true              gold=n/a  correct=False  running‐acc=0.811
[ 213/489] loss=0.0000  pred=n/a    gold=n/a  running‐acc=0.784
Locality eval: pred=n/a               gold=true  correct=False  running‐acc=0.808
[ 214/489] loss=0.0000  pred=n/a    gold=n/a  running‐acc=0.785
Locality eval: pred=true              gold=true  correct=True  running‐acc=0.808
[ 215/489] loss=0.0000  pred=n/a    gold=n/a  running‐acc=0.786
Locality eval: pred=true              gold=true  correct=True  running‐acc=0.809
[ 216/489] loss=0.0000  pred=false.  gold=n/a  running‐acc=0.782
Locality eval: pred=true              gold=true  correct=True  running‐acc=0.810
[ 217/489] loss=0.0000  pred=n/a    gold=n/a  running‐acc=0.783
Locality eval: pred=true              gold=true  correct=True  running‐acc=0.811
[ 218/489] loss=0.0000  pred=true   gold=true  running‐acc=0.784
Locality eval: pred=n/a               gold=n/a  correct=True  running‐acc=0.812
[ 219/489] loss=0.0000  pred=true.  gold=true  running‐acc=0.785
Locality eval: pred=n/a               gold=n/a  correct=True  running‐acc=0.813
[ 220/489] loss=0.0000  pred=n/a    gold=n/a  running‐acc=0.786
Locality eval: pred=n/a               gold=true  correct=False  running‐acc=0.809
[ 221/489] loss=0.0000  pred=true   gold=n/a  running‐acc=0.783
Locality eval: pred=true              gold=true  correct=True  running‐acc=0.810
[ 222/489] loss=0.0000  pred=n/a    gold=n/a  running‐acc=0.784
Locality eval: pred=n/a               gold=true  correct=False  running‐acc=0.806
[ 223/489] loss=0.0000  pred=true   gold=true  running‐acc=0.785
Locality eval: pred=n/a               gold=n/a  correct=True  running‐acc=0.807
[ 224/489] loss=0.0000  pred=true   gold=true  running‐acc=0.786
Locality eval: pred=n/a               gold=n/a  correct=True  running‐acc=0.808
[ 225/489] loss=0.0000  pred=n/a    gold=true  running‐acc=0.782
Locality eval: pred=n/a               gold=n/a  correct=True  running‐acc=0.809
[ 226/489] loss=0.0000  pred=true   gold=true  running‐acc=0.783
Locality eval: pred=n/a               gold=n/a  correct=True  running‐acc=0.810
[ 227/489] loss=0.0000  pred=n/a    gold=n/a  running‐acc=0.784
Locality eval: pred=true              gold=true  correct=True  running‐acc=0.811
[ 228/489] loss=0.0000  pred=n/a    gold=n/a  running‐acc=0.785
Locality eval: pred=true              gold=true  correct=True  running‐acc=0.811
[ 229/489] loss=0.0000  pred=n/a    gold=true  running‐acc=0.782
Locality eval: pred=n/a               gold=n/a  correct=True  running‐acc=0.812
[ 230/489] loss=0.0000  pred=n/a    gold=n/a  running‐acc=0.783
Locality eval: pred=true              gold=true  correct=True  running‐acc=0.813
[ 231/489] loss=0.0000  pred=true   gold=true  running‐acc=0.784
Locality eval: pred=n/a               gold=n/a  correct=True  running‐acc=0.814
[ 232/489] loss=0.0000  pred=n/a    gold=n/a  running‐acc=0.784
Locality eval: pred=true              gold=true  correct=True  running‐acc=0.815
[ 233/489] loss=0.0000  pred=true   gold=true  running‐acc=0.785
Locality eval: pred=n/a               gold=n/a  correct=True  running‐acc=0.815
[ 234/489] loss=0.0000  pred=n/a    gold=n/a  running‐acc=0.786
Locality eval: pred=true              gold=true  correct=True  running‐acc=0.816
[ 235/489] loss=0.0000  pred=true   gold=true  running‐acc=0.787
Locality eval: pred=true              gold=n/a  correct=False  running‐acc=0.813
[ 236/489] loss=0.0000  pred=n/a    gold=n/a  running‐acc=0.788
Locality eval: pred=true              gold=true  correct=True  running‐acc=0.814
[ 237/489] loss=0.0000  pred=true   gold=true  running‐acc=0.789
Locality eval: pred=n/a               gold=n/a  correct=True  running‐acc=0.814
[ 238/489] loss=0.0000  pred=n/a    gold=n/a  running‐acc=0.790
Locality eval: pred=true              gold=true  correct=True  running‐acc=0.815
[ 239/489] loss=0.0000  pred=true   gold=true  running‐acc=0.791
Locality eval: pred=n/a               gold=n/a  correct=True  running‐acc=0.816
[ 240/489] loss=0.0000  pred=true   gold=true  running‐acc=0.792
Locality eval: pred=n/a               gold=n/a  correct=True  running‐acc=0.817
[ 241/489] loss=0.0000  pred=true   gold=true  running‐acc=0.793
Locality eval: pred=n/a               gold=n/a  correct=True  running‐acc=0.817
[ 242/489] loss=0.0000  pred=true   gold=true  running‐acc=0.793
Locality eval: pred=n/a               gold=n/a  correct=True  running‐acc=0.818
[ 243/489] loss=0.0000  pred=true   gold=true  running‐acc=0.794
Locality eval: pred=n/a               gold=n/a  correct=True  running‐acc=0.819
[ 244/489] loss=0.0000  pred=true   gold=true  running‐acc=0.795
Locality eval: pred=n/a               gold=n/a  correct=True  running‐acc=0.820
[ 245/489] loss=0.0000  pred=true   gold=true  running‐acc=0.796
Locality eval: pred=n/a               gold=n/a  correct=True  running‐acc=0.820
[ 246/489] loss=0.0000  pred=n/a    gold=n/a  running‐acc=0.797
Locality eval: pred=n/a               gold=true  correct=False  running‐acc=0.817
[ 247/489] loss=0.0000  pred=true   gold=true  running‐acc=0.798
Locality eval: pred=n/a               gold=n/a  correct=True  running‐acc=0.818
[ 248/489] loss=0.0000  pred=true   gold=true  running‐acc=0.798
Locality eval: pred=n/a               gold=n/a  correct=True  running‐acc=0.819
[ 249/489] loss=0.0000  pred=true   gold=true  running‐acc=0.799
Locality eval: pred=n/a               gold=n/a  correct=True  running‐acc=0.819
[ 250/489] loss=0.0000  pred=n/a    gold=true  running‐acc=0.796
Locality eval: pred=n/a               gold=n/a  correct=True  running‐acc=0.820
[ 251/489] loss=0.0000  pred=n/a    gold=n/a  running‐acc=0.797
Locality eval: pred=n/a               gold=true  correct=False  running‐acc=0.817
[ 252/489] loss=0.0000  pred=n/a    gold=n/a  running‐acc=0.798
Locality eval: pred=true              gold=true  correct=True  running‐acc=0.817
[ 253/489] loss=0.0000  pred=n/a    gold=n/a  running‐acc=0.798
Locality eval: pred=true              gold=true  correct=True  running‐acc=0.818
[ 254/489] loss=0.0000  pred=n/a    gold=n/a  running‐acc=0.799
Locality eval: pred=n/a               gold=true  correct=False  running‐acc=0.815
[ 255/489] loss=0.0000  pred=true   gold=true  running‐acc=0.800
Locality eval: pred=n/a               gold=n/a  correct=True  running‐acc=0.816
[ 256/489] loss=0.0000  pred=true   gold=true  running‐acc=0.801
Locality eval: pred=n/a               gold=n/a  correct=True  running‐acc=0.816
[ 257/489] loss=0.0000  pred=true   gold=true  running‐acc=0.802
Locality eval: pred=n/a               gold=n/a  correct=True  running‐acc=0.817
[ 258/489] loss=0.0000  pred=n/a    gold=n/a  running‐acc=0.802
Locality eval: pred=true              gold=true  correct=True  running‐acc=0.818
[ 259/489] loss=0.0000  pred=true   gold=true  running‐acc=0.803
Locality eval: pred=n/a               gold=n/a  correct=True  running‐acc=0.819
[ 260/489] loss=0.0000  pred=n/a    gold=n/a  running‐acc=0.804
Locality eval: pred=true              gold=true  correct=True  running‐acc=0.819
[ 261/489] loss=0.0000  pred=true   gold=true  running‐acc=0.805
Locality eval: pred=n/a               gold=n/a  correct=True  running‐acc=0.820
[ 262/489] loss=0.0000  pred=n/a    gold=n/a  running‐acc=0.805
Locality eval: pred=true              gold=true  correct=True  running‐acc=0.821
[ 263/489] loss=0.0000  pred=n/a    gold=true  running‐acc=0.802
Locality eval: pred=n/a               gold=n/a  correct=True  running‐acc=0.821
[ 264/489] loss=0.0000  pred=true   gold=true  running‐acc=0.803
Locality eval: pred=n/a               gold=n/a  correct=True  running‐acc=0.822
[ 265/489] loss=0.0000  pred=true   gold=true  running‐acc=0.804
Locality eval: pred=true              gold=n/a  correct=False  running‐acc=0.819
[ 266/489] loss=0.0000  pred=n/a    gold=n/a  running‐acc=0.805
Locality eval: pred=n/a               gold=true  correct=False  running‐acc=0.816
[ 267/489] loss=0.0000  pred=n/a    gold=true  running‐acc=0.801
Locality eval: pred=n/a               gold=n/a  correct=True  running‐acc=0.816
[ 268/489] loss=0.0000  pred=true   gold=true  running‐acc=0.802
Locality eval: pred=n/a               gold=n/a  correct=True  running‐acc=0.817
[ 269/489] loss=0.0000  pred=true   gold=true  running‐acc=0.803
Locality eval: pred=n/a               gold=n/a  correct=True  running‐acc=0.818
[ 270/489] loss=0.0000  pred=true   gold=true  running‐acc=0.804
Locality eval: pred=n/a               gold=n/a  correct=True  running‐acc=0.819
[ 271/489] loss=0.0000  pred=n/a    gold=n/a  running‐acc=0.804
Locality eval: pred=true              gold=true  correct=True  running‐acc=0.819
[ 272/489] loss=0.0000  pred=n/a    gold=n/a  running‐acc=0.805
Locality eval: pred=true              gold=true  correct=True  running‐acc=0.820
[ 273/489] loss=0.0000  pred=true   gold=true  running‐acc=0.806
Locality eval: pred=n/a               gold=n/a  correct=True  running‐acc=0.821
[ 274/489] loss=0.0000  pred=true   gold=true  running‐acc=0.807
Locality eval: pred=n/a               gold=n/a  correct=True  running‐acc=0.821
[ 275/489] loss=0.0000  pred=true   gold=true  running‐acc=0.807
Locality eval: pred=n/a               gold=n/a  correct=True  running‐acc=0.822
[ 276/489] loss=0.0000  pred=n/a    gold=true  running‐acc=0.804
Locality eval: pred=n/a               gold=n/a  correct=True  running‐acc=0.822
[ 277/489] loss=0.0000  pred=n/a    gold=n/a  running‐acc=0.805
Locality eval: pred=true              gold=true  correct=True  running‐acc=0.823
[ 278/489] loss=0.0000  pred=true   gold=true  running‐acc=0.806
Locality eval: pred=n/a               gold=n/a  correct=True  running‐acc=0.824
[ 279/489] loss=0.0000  pred=true   gold=true  running‐acc=0.806
Locality eval: pred=n/a               gold=n/a  correct=True  running‐acc=0.824
[ 280/489] loss=0.0000  pred=n/a    gold=n/a  running‐acc=0.807
Locality eval: pred=true              gold=true  correct=True  running‐acc=0.825
[ 281/489] loss=0.0000  pred=n/a    gold=n/a  running‐acc=0.808
Locality eval: pred=true              gold=true  correct=True  running‐acc=0.826
[ 282/489] loss=0.0000  pred=n/a    gold=n/a  running‐acc=0.809
Locality eval: pred=n/a               gold=true  correct=False  running‐acc=0.823
[ 283/489] loss=0.0000  pred=false  gold=n/a  running‐acc=0.806
Locality eval: pred=true              gold=true  correct=True  running‐acc=0.823
[ 284/489] loss=0.0000  pred=n/a    gold=n/a  running‐acc=0.806
Locality eval: pred=true              gold=true  correct=True  running‐acc=0.824
[ 285/489] loss=0.0000  pred=n/a    gold=n/a  running‐acc=0.807
Locality eval: pred=true              gold=true  correct=True  running‐acc=0.825
[ 286/489] loss=0.0000  pred=true   gold=true  running‐acc=0.808
Locality eval: pred=n/a               gold=n/a  correct=True  running‐acc=0.825
[ 287/489] loss=0.0000  pred=n/a    gold=n/a  running‐acc=0.808
Locality eval: pred=true              gold=true  correct=True  running‐acc=0.826
[ 288/489] loss=0.0000  pred=n/a    gold=n/a  running‐acc=0.809
Locality eval: pred=n/a               gold=true  correct=False  running‐acc=0.823
[ 289/489] loss=0.0000  pred=true   gold=true  running‐acc=0.810
Locality eval: pred=n/a               gold=n/a  correct=True  running‐acc=0.824
[ 290/489] loss=0.0000  pred=true   gold=true  running‐acc=0.810
Locality eval: pred=n/a               gold=n/a  correct=True  running‐acc=0.824
[ 291/489] loss=0.0000  pred=true   gold=true  running‐acc=0.811
Locality eval: pred=n/a               gold=n/a  correct=True  running‐acc=0.825
[ 292/489] loss=0.0000  pred=n/a    gold=n/a  running‐acc=0.812
Locality eval: pred=n/a               gold=true  correct=False  running‐acc=0.822
[ 293/489] loss=0.0000  pred=true   gold=true  running‐acc=0.812
Locality eval: pred=n/a               gold=n/a  correct=True  running‐acc=0.823
[ 294/489] loss=0.0000  pred=true   gold=true  running‐acc=0.813
Locality eval: pred=true              gold=n/a  correct=False  running‐acc=0.820
[ 295/489] loss=0.0000  pred=n/a    gold=n/a  running‐acc=0.814
Locality eval: pred=true              gold=true  correct=True  running‐acc=0.820
[ 296/489] loss=0.0000  pred=n/a    gold=n/a  running‐acc=0.814
Locality eval: pred=true.             gold=true  correct=True  running‐acc=0.821
[ 297/489] loss=0.0000  pred=n/a    gold=n/a  running‐acc=0.815
Locality eval: pred=true              gold=true  correct=True  running‐acc=0.822
[ 298/489] loss=0.0000  pred=n/a    gold=true  running‐acc=0.812
Locality eval: pred=n/a               gold=n/a  correct=True  running‐acc=0.822
[ 299/489] loss=0.0000  pred=true   gold=true  running‐acc=0.813
Locality eval: pred=true              gold=n/a  correct=False  running‐acc=0.819
[ 300/489] loss=0.0000  pred=n/a    gold=n/a  running‐acc=0.813
Locality eval: pred=true              gold=true  correct=True  running‐acc=0.820
[ 301/489] loss=0.0000  pred=true   gold=n/a  running‐acc=0.811
Locality eval: pred=true              gold=true  correct=True  running‐acc=0.821
[ 302/489] loss=0.0000  pred=n/a    gold=n/a  running‐acc=0.811
Locality eval: pred=true              gold=true  correct=True  running‐acc=0.821
[ 303/489] loss=0.0000  pred=n/a    gold=true  running‐acc=0.809
Locality eval: pred=n/a               gold=n/a  correct=True  running‐acc=0.822
[ 304/489] loss=0.0000  pred=n/a    gold=n/a  running‐acc=0.809
Locality eval: pred=true              gold=true  correct=True  running‐acc=0.822
[ 305/489] loss=0.0000  pred=n/a    gold=n/a  running‐acc=0.810
Locality eval: pred=true              gold=true  correct=True  running‐acc=0.823
[ 306/489] loss=0.0000  pred=true   gold=true  running‐acc=0.810
Locality eval: pred=n/a               gold=n/a  correct=True  running‐acc=0.824
[ 307/489] loss=0.0000  pred=n/a    gold=true  running‐acc=0.808
Locality eval: pred=n/a               gold=n/a  correct=True  running‐acc=0.824
[ 308/489] loss=0.0000  pred=n/a    gold=true  running‐acc=0.805
Locality eval: pred=n/a               gold=n/a  correct=True  running‐acc=0.825
[ 309/489] loss=0.0000  pred=n/a    gold=n/a  running‐acc=0.806
Locality eval: pred=n/a               gold=true  correct=False  running‐acc=0.822
[ 310/489] loss=0.0000  pred=n/a    gold=true  running‐acc=0.803
Locality eval: pred=n/a               gold=n/a  correct=True  running‐acc=0.823
[ 311/489] loss=0.0000  pred=n/a    gold=n/a  running‐acc=0.804
Locality eval: pred=n/a               gold=true  correct=False  running‐acc=0.820
[ 312/489] loss=0.0000  pred=n/a    gold=n/a  running‐acc=0.804
Locality eval: pred=n/a               gold=true  correct=False  running‐acc=0.817
[ 313/489] loss=0.0000  pred=true   gold=true  running‐acc=0.805
Locality eval: pred=n/a               gold=n/a  correct=True  running‐acc=0.818
[ 314/489] loss=0.0000  pred=n/a    gold=n/a  running‐acc=0.806
Locality eval: pred=n/a               gold=true  correct=False  running‐acc=0.815
[ 315/489] loss=0.0000  pred=true   gold=n/a  running‐acc=0.803
Locality eval: pred=true              gold=true  correct=True  running‐acc=0.816
[ 316/489] loss=0.0000  pred=true   gold=n/a  running‐acc=0.801
Locality eval: pred=true              gold=true  correct=True  running‐acc=0.816
[ 317/489] loss=0.0000  pred=n/a    gold=n/a  running‐acc=0.801
Locality eval: pred=n/a               gold=true  correct=False  running‐acc=0.814
[ 318/489] loss=0.0000  pred=n/a    gold=true  running‐acc=0.799
Locality eval: pred=n/a               gold=n/a  correct=True  running‐acc=0.814
[ 319/489] loss=0.0000  pred=n/a    gold=n/a  running‐acc=0.799
Locality eval: pred=true              gold=true  correct=True  running‐acc=0.815
[ 320/489] loss=0.0000  pred=n/a    gold=n/a  running‐acc=0.800
Locality eval: pred=n/a               gold=true  correct=False  running‐acc=0.812
[ 321/489] loss=0.0000  pred=true   gold=n/a  running‐acc=0.798
Locality eval: pred=true              gold=true  correct=True  running‐acc=0.813
[ 322/489] loss=0.0000  pred=n/a    gold=n/a  running‐acc=0.798
Locality eval: pred=true              gold=true  correct=True  running‐acc=0.814
[ 323/489] loss=0.0000  pred=true   gold=true  running‐acc=0.799
Locality eval: pred=n/a               gold=n/a  correct=True  running‐acc=0.814
[ 324/489] loss=0.0000  pred=n/a    gold=n/a  running‐acc=0.799
Locality eval: pred=true              gold=true  correct=True  running‐acc=0.815
[ 325/489] loss=0.0000  pred=true   gold=true  running‐acc=0.800
Locality eval: pred=n/a               gold=n/a  correct=True  running‐acc=0.815
[ 326/489] loss=0.0000  pred=n/a    gold=n/a  running‐acc=0.801
Locality eval: pred=true              gold=true  correct=True  running‐acc=0.816
[ 327/489] loss=0.0000  pred=true   gold=true  running‐acc=0.801
Locality eval: pred=n/a               gold=n/a  correct=True  running‐acc=0.817
[ 328/489] loss=0.0000  pred=true   gold=true  running‐acc=0.802
Locality eval: pred=false             gold=n/a  correct=False  running‐acc=0.814
[ 329/489] loss=0.0000  pred=n/a    gold=n/a  running‐acc=0.802
Locality eval: pred=true              gold=true  correct=True  running‐acc=0.815
[ 330/489] loss=0.0000  pred=true   gold=true  running‐acc=0.803
Locality eval: pred=n/a               gold=n/a  correct=True  running‐acc=0.815
[ 331/489] loss=0.0000  pred=true   gold=true  running‐acc=0.804
Locality eval: pred=n/a               gold=n/a  correct=True  running‐acc=0.816
[ 332/489] loss=0.0000  pred=n/a    gold=n/a  running‐acc=0.804
Locality eval: pred=n/a               gold=true  correct=False  running‐acc=0.813
[ 333/489] loss=0.0000  pred=n/a    gold=n/a  running‐acc=0.805
Locality eval: pred=true              gold=true  correct=True  running‐acc=0.814
[ 334/489] loss=0.0000  pred=n/a    gold=n/a  running‐acc=0.805
Locality eval: pred=true              gold=true  correct=True  running‐acc=0.814
[ 335/489] loss=0.0000  pred=true   gold=true  running‐acc=0.806
Locality eval: pred=n/a               gold=n/a  correct=True  running‐acc=0.815
[ 336/489] loss=0.0000  pred=true   gold=true  running‐acc=0.807
Locality eval: pred=n/a               gold=n/a  correct=True  running‐acc=0.815
[ 337/489] loss=0.0000  pred=n/a    gold=n/a  running‐acc=0.807
Locality eval: pred=true              gold=true  correct=True  running‐acc=0.816
[ 338/489] loss=0.0000  pred=n/a    gold=true  running‐acc=0.805
Locality eval: pred=true              gold=n/a  correct=False  running‐acc=0.814
[ 339/489] loss=0.0000  pred=n/a    gold=n/a  running‐acc=0.805
Locality eval: pred=true              gold=true  correct=True  running‐acc=0.814
[ 340/489] loss=0.0000  pred=n/a    gold=n/a  running‐acc=0.806
Locality eval: pred=true              gold=true  correct=True  running‐acc=0.815
[ 341/489] loss=0.0000  pred=true   gold=n/a  running‐acc=0.804
Locality eval: pred=true              gold=true  correct=True  running‐acc=0.815
[ 342/489] loss=0.0000  pred=true   gold=true  running‐acc=0.804
Locality eval: pred=n/a               gold=n/a  correct=True  running‐acc=0.816
[ 343/489] loss=0.0000  pred=n/a    gold=n/a  running‐acc=0.805
Locality eval: pred=n/a               gold=true  correct=False  running‐acc=0.813
[ 344/489] loss=0.0000  pred=true   gold=true  running‐acc=0.805
Locality eval: pred=false             gold=n/a  correct=False  running‐acc=0.811
[ 345/489] loss=0.0000  pred=n/a    gold=true  running‐acc=0.803
Locality eval: pred=n/a               gold=n/a  correct=True  running‐acc=0.812
[ 346/489] loss=0.0000  pred=true   gold=true  running‐acc=0.803
Locality eval: pred=n/a               gold=n/a  correct=True  running‐acc=0.812
[ 347/489] loss=0.0000  pred=n/a    gold=n/a  running‐acc=0.804
Locality eval: pred=true              gold=true  correct=True  running‐acc=0.813
[ 348/489] loss=0.0000  pred=n/a    gold=n/a  running‐acc=0.805
Locality eval: pred=n/a               gold=true  correct=False  running‐acc=0.810
[ 349/489] loss=0.0000  pred=true   gold=true  running‐acc=0.805
Locality eval: pred=n/a               gold=n/a  correct=True  running‐acc=0.811
[ 350/489] loss=0.0000  pred=true   gold=true  running‐acc=0.806
Locality eval: pred=n/a               gold=n/a  correct=True  running‐acc=0.811
[ 351/489] loss=0.0000  pred=n/a    gold=n/a  running‐acc=0.806
Locality eval: pred=true              gold=true  correct=True  running‐acc=0.812
[ 352/489] loss=0.0000  pred=n/a    gold=n/a  running‐acc=0.807
Locality eval: pred=n/a               gold=true  correct=False  running‐acc=0.810
[ 353/489] loss=0.0000  pred=true   gold=true  running‐acc=0.807
Locality eval: pred=n/a               gold=n/a  correct=True  running‐acc=0.810
[ 354/489] loss=0.0000  pred=n/a    gold=n/a  running‐acc=0.808
Locality eval: pred=true              gold=true  correct=True  running‐acc=0.811
[ 355/489] loss=0.0000  pred=n/a    gold=true  running‐acc=0.806
Locality eval: pred=n/a               gold=n/a  correct=True  running‐acc=0.811
[ 356/489] loss=0.0000  pred=n/a    gold=n/a  running‐acc=0.806
Locality eval: pred=n/a               gold=true  correct=False  running‐acc=0.809
[ 357/489] loss=0.0000  pred=n/a    gold=n/a  running‐acc=0.807
Locality eval: pred=true              gold=true  correct=True  running‐acc=0.810
[ 358/489] loss=0.0000  pred=n/a    gold=n/a  running‐acc=0.807
Locality eval: pred=true              gold=true  correct=True  running‐acc=0.810
[ 359/489] loss=0.0000  pred=n/a    gold=n/a  running‐acc=0.808
Locality eval: pred=true              gold=true  correct=True  running‐acc=0.811
[ 360/489] loss=0.0000  pred=n/a    gold=n/a  running‐acc=0.808
Locality eval: pred=true              gold=true  correct=True  running‐acc=0.811
[ 361/489] loss=0.0000  pred=true   gold=true  running‐acc=0.809
Locality eval: pred=n/a               gold=n/a  correct=True  running‐acc=0.812
[ 362/489] loss=0.0000  pred=n/a    gold=n/a  running‐acc=0.809
Locality eval: pred=true              gold=true  correct=True  running‐acc=0.812
[ 363/489] loss=0.0000  pred=n/a    gold=n/a  running‐acc=0.810
Locality eval: pred=true              gold=true  correct=True  running‐acc=0.813
[ 364/489] loss=0.0000  pred=n/a    gold=n/a  running‐acc=0.810
Locality eval: pred=n/a               gold=true  correct=False  running‐acc=0.810
[ 365/489] loss=0.0000  pred=true   gold=true  running‐acc=0.811
Locality eval: pred=false.            gold=n/a  correct=False  running‐acc=0.808
[ 366/489] loss=0.0000  pred=n/a    gold=true  running‐acc=0.809
Locality eval: pred=true.             gold=n/a  correct=False  running‐acc=0.806
[ 367/489] loss=0.0000  pred=true   gold=true  running‐acc=0.809
Locality eval: pred=n/a               gold=n/a  correct=True  running‐acc=0.807
[ 368/489] loss=0.0000  pred=true   gold=true  running‐acc=0.810
Locality eval: pred=n/a               gold=n/a  correct=True  running‐acc=0.807
[ 369/489] loss=0.0000  pred=n/a    gold=n/a  running‐acc=0.810
Locality eval: pred=true              gold=true  correct=True  running‐acc=0.808
[ 370/489] loss=0.0000  pred=n/a    gold=true  running‐acc=0.808
Locality eval: pred=n/a               gold=n/a  correct=True  running‐acc=0.808
[ 371/489] loss=0.0000  pred=true   gold=true  running‐acc=0.809
Locality eval: pred=n/a               gold=n/a  correct=True  running‐acc=0.809
[ 372/489] loss=0.0000  pred=true   gold=true  running‐acc=0.809
Locality eval: pred=n/a               gold=n/a  correct=True  running‐acc=0.809
[ 373/489] loss=0.0000  pred=true   gold=true  running‐acc=0.810
Locality eval: pred=n/a               gold=n/a  correct=True  running‐acc=0.810
[ 374/489] loss=0.0000  pred=n/a    gold=n/a  running‐acc=0.810
Locality eval: pred=true              gold=true  correct=True  running‐acc=0.810
[ 375/489] loss=0.0000  pred=n/a    gold=true  running‐acc=0.808
Locality eval: pred=true              gold=n/a  correct=False  running‐acc=0.808
[ 376/489] loss=0.0000  pred=n/a    gold=true  running‐acc=0.806
Locality eval: pred=true              gold=n/a  correct=False  running‐acc=0.806
[ 377/489] loss=0.0000  pred=true   gold=true  running‐acc=0.806
Locality eval: pred=n/a               gold=n/a  correct=True  running‐acc=0.806
[ 378/489] loss=0.0000  pred=true   gold=true  running‐acc=0.807
Locality eval: pred=n/a               gold=n/a  correct=True  running‐acc=0.807
[ 379/489] loss=0.0000  pred=true   gold=true  running‐acc=0.807
Locality eval: pred=n/a               gold=n/a  correct=True  running‐acc=0.807
[ 380/489] loss=0.0000  pred=true   gold=true  running‐acc=0.808
Locality eval: pred=n/a               gold=n/a  correct=True  running‐acc=0.808
[ 381/489] loss=0.0000  pred=n/a    gold=n/a  running‐acc=0.808
Locality eval: pred=true              gold=true  correct=True  running‐acc=0.808
[ 382/489] loss=0.0000  pred=n/a    gold=n/a  running‐acc=0.809
Locality eval: pred=true              gold=true  correct=True  running‐acc=0.809
[ 383/489] loss=0.0000  pred=true   gold=true  running‐acc=0.809
Locality eval: pred=n/a               gold=n/a  correct=True  running‐acc=0.809
[ 384/489] loss=0.0000  pred=n/a    gold=n/a  running‐acc=0.810
Locality eval: pred=true              gold=true  correct=True  running‐acc=0.810
[ 385/489] loss=0.0000  pred=n/a    gold=n/a  running‐acc=0.810
Locality eval: pred=true              gold=true  correct=True  running‐acc=0.810
[ 386/489] loss=0.0000  pred=true   gold=true  running‐acc=0.811
Locality eval: pred=n/a               gold=n/a  correct=True  running‐acc=0.811
[ 387/489] loss=0.0000  pred=true   gold=true  running‐acc=0.811
Locality eval: pred=n/a               gold=n/a  correct=True  running‐acc=0.811
[ 388/489] loss=0.0000  pred=true   gold=true  running‐acc=0.812
Locality eval: pred=n/a               gold=n/a  correct=True  running‐acc=0.812
[ 389/489] loss=0.0000  pred=n/a    gold=n/a  running‐acc=0.812
Locality eval: pred=true              gold=true  correct=True  running‐acc=0.812
[ 390/489] loss=0.0000  pred=n/a    gold=n/a  running‐acc=0.813
Locality eval: pred=n/a               gold=true  correct=False  running‐acc=0.810
[ 391/489] loss=0.0000  pred=n/a    gold=n/a  running‐acc=0.813
Locality eval: pred=n/a               gold=true  correct=False  running‐acc=0.808
[ 392/489] loss=0.0000  pred=true   gold=true  running‐acc=0.814
Locality eval: pred=false             gold=n/a  correct=False  running‐acc=0.806
[ 393/489] loss=0.0000  pred=n/a    gold=n/a  running‐acc=0.814
Locality eval: pred=true              gold=true  correct=True  running‐acc=0.807
[ 394/489] loss=0.0000  pred=true   gold=true  running‐acc=0.815
Locality eval: pred=n/a               gold=n/a  correct=True  running‐acc=0.807
[ 395/489] loss=0.0000  pred=true   gold=true  running‐acc=0.815
Locality eval: pred=n/a               gold=n/a  correct=True  running‐acc=0.808
[ 396/489] loss=0.0000  pred=true   gold=true  running‐acc=0.816
Locality eval: pred=n/a               gold=n/a  correct=True  running‐acc=0.808
[ 397/489] loss=0.0000  pred=n/a    gold=n/a  running‐acc=0.816
Locality eval: pred=true              gold=true  correct=True  running‐acc=0.809
[ 398/489] loss=0.0000  pred=true   gold=true  running‐acc=0.817
Locality eval: pred=n/a               gold=n/a  correct=True  running‐acc=0.809
[ 399/489] loss=0.0000  pred=true   gold=true  running‐acc=0.817
Locality eval: pred=n/a               gold=n/a  correct=True  running‐acc=0.810
[ 400/489] loss=0.0000  pred=true.  gold=true  running‐acc=0.818
Locality eval: pred=n/a               gold=n/a  correct=True  running‐acc=0.810
[ 401/489] loss=0.0000  pred=true   gold=true  running‐acc=0.818
Locality eval: pred=n/a               gold=n/a  correct=True  running‐acc=0.810
[ 402/489] loss=0.0000  pred=n/a    gold=n/a  running‐acc=0.818
Locality eval: pred=true              gold=true  correct=True  running‐acc=0.811
[ 403/489] loss=0.0000  pred=n/a    gold=n/a  running‐acc=0.819
Locality eval: pred=true              gold=true  correct=True  running‐acc=0.811
[ 404/489] loss=0.0000  pred=true   gold=true  running‐acc=0.819
Locality eval: pred=n/a               gold=n/a  correct=True  running‐acc=0.812
[ 405/489] loss=0.0000  pred=n/a    gold=true  running‐acc=0.817
Locality eval: pred=n/a               gold=n/a  correct=True  running‐acc=0.812
[ 406/489] loss=0.0000  pred=n/a    gold=true  running‐acc=0.815
Locality eval: pred=n/a               gold=n/a  correct=True  running‐acc=0.813
[ 407/489] loss=0.0000  pred=true   gold=true  running‐acc=0.816
Locality eval: pred=n/a               gold=n/a  correct=True  running‐acc=0.813
[ 408/489] loss=0.0000  pred=n/a    gold=n/a  running‐acc=0.816
Locality eval: pred=n/a               gold=true  correct=False  running‐acc=0.811
[ 409/489] loss=0.0000  pred=true   gold=true  running‐acc=0.817
Locality eval: pred=n/a               gold=n/a  correct=True  running‐acc=0.812
[ 410/489] loss=0.0000  pred=false  gold=n/a  running‐acc=0.815
Locality eval: pred=n/a               gold=true  correct=False  running‐acc=0.810
[ 411/489] loss=0.0000  pred=n/a    gold=n/a  running‐acc=0.815
Locality eval: pred=true              gold=true  correct=True  running‐acc=0.810
[ 412/489] loss=0.0000  pred=n/a    gold=n/a  running‐acc=0.816
Locality eval: pred=n/a               gold=true  correct=False  running‐acc=0.808
[ 413/489] loss=0.0000  pred=true   gold=true  running‐acc=0.816
Locality eval: pred=n/a               gold=n/a  correct=True  running‐acc=0.809
[ 414/489] loss=0.0000  pred=n/a    gold=true  running‐acc=0.814
Locality eval: pred=n/a               gold=n/a  correct=True  running‐acc=0.809
[ 415/489] loss=0.0000  pred=n/a    gold=n/a  running‐acc=0.814
Locality eval: pred=true              gold=true  correct=True  running‐acc=0.810
[ 416/489] loss=0.0000  pred=n/a    gold=true  running‐acc=0.812
Locality eval: pred=n/a               gold=n/a  correct=True  running‐acc=0.810
[ 417/489] loss=0.0000  pred=n/a    gold=n/a  running‐acc=0.813
Locality eval: pred=true              gold=true  correct=True  running‐acc=0.811
[ 418/489] loss=0.0000  pred=n/a    gold=n/a  running‐acc=0.813
Locality eval: pred=n/a               gold=true  correct=False  running‐acc=0.809
[ 419/489] loss=0.0000  pred=true   gold=true  running‐acc=0.814
Locality eval: pred=n/a               gold=n/a  correct=True  running‐acc=0.809
[ 420/489] loss=0.0000  pred=n/a    gold=n/a  running‐acc=0.814
Locality eval: pred=true              gold=true  correct=True  running‐acc=0.810
[ 421/489] loss=0.0000  pred=n/a    gold=n/a  running‐acc=0.815
Locality eval: pred=true              gold=true  correct=True  running‐acc=0.810
[ 422/489] loss=0.0000  pred=true   gold=true  running‐acc=0.815
Locality eval: pred=n/a               gold=n/a  correct=True  running‐acc=0.810
[ 423/489] loss=0.0000  pred=n/a    gold=n/a  running‐acc=0.816
Locality eval: pred=n/a               gold=true  correct=False  running‐acc=0.809
[ 424/489] loss=0.0000  pred=true   gold=n/a  running‐acc=0.814
Locality eval: pred=true              gold=true  correct=True  running‐acc=0.809
[ 425/489] loss=0.0000  pred=false  gold=n/a  running‐acc=0.812
Locality eval: pred=n/a               gold=true  correct=False  running‐acc=0.807
[ 426/489] loss=0.0000  pred=true   gold=true  running‐acc=0.812
Locality eval: pred=n/a               gold=n/a  correct=True  running‐acc=0.808
[ 427/489] loss=0.0000  pred=n/a    gold=n/a  running‐acc=0.813
Locality eval: pred=n/a               gold=true  correct=False  running‐acc=0.806
[ 428/489] loss=0.0000  pred=n/a    gold=true  running‐acc=0.811
Locality eval: pred=n/a               gold=n/a  correct=True  running‐acc=0.806
[ 429/489] loss=0.0000  pred=false  gold=n/a  running‐acc=0.809
Locality eval: pred=true              gold=true  correct=True  running‐acc=0.807
[ 430/489] loss=0.0000  pred=true   gold=true  running‐acc=0.809
Locality eval: pred=true              gold=n/a  correct=False  running‐acc=0.805
[ 431/489] loss=0.0000  pred=n/a    gold=true  running‐acc=0.807
Locality eval: pred=n/a               gold=n/a  correct=True  running‐acc=0.805
[ 432/489] loss=0.0000  pred=n/a    gold=n/a  running‐acc=0.808
Locality eval: pred=true              gold=true  correct=True  running‐acc=0.806
[ 433/489] loss=0.0000  pred=true   gold=true  running‐acc=0.808
Locality eval: pred=true              gold=n/a  correct=False  running‐acc=0.804
[ 434/489] loss=0.0000  pred=true   gold=true  running‐acc=0.809
Locality eval: pred=n/a               gold=n/a  correct=True  running‐acc=0.804
[ 435/489] loss=0.0000  pred=n/a    gold=n/a  running‐acc=0.809
Locality eval: pred=true              gold=true  correct=True  running‐acc=0.805
[ 436/489] loss=0.0000  pred=n/a    gold=n/a  running‐acc=0.810
Locality eval: pred=true              gold=true  correct=True  running‐acc=0.805
[ 437/489] loss=0.0000  pred=true.  gold=true  running‐acc=0.810
Locality eval: pred=n/a               gold=n/a  correct=True  running‐acc=0.805
[ 438/489] loss=0.0000  pred=n/a    gold=n/a  running‐acc=0.811
Locality eval: pred=true              gold=true  correct=True  running‐acc=0.806
[ 439/489] loss=0.0000  pred=n/a    gold=n/a  running‐acc=0.811
Locality eval: pred=true              gold=true  correct=True  running‐acc=0.806
[ 440/489] loss=0.0000  pred=n/a    gold=n/a  running‐acc=0.811
Locality eval: pred=true.             gold=true  correct=True  running‐acc=0.807
[ 441/489] loss=0.0000  pred=n/a    gold=n/a  running‐acc=0.812
Locality eval: pred=true              gold=true  correct=True  running‐acc=0.807
[ 442/489] loss=0.0000  pred=n/a    gold=n/a  running‐acc=0.812
Locality eval: pred=n/a               gold=true  correct=False  running‐acc=0.805
[ 443/489] loss=0.0000  pred=true   gold=true  running‐acc=0.813
Locality eval: pred=true              gold=n/a  correct=False  running‐acc=0.804
[ 444/489] loss=0.0000  pred=true   gold=true  running‐acc=0.813
Locality eval: pred=n/a               gold=n/a  correct=True  running‐acc=0.804
[ 445/489] loss=0.0000  pred=true   gold=true  running‐acc=0.813
Locality eval: pred=n/a               gold=n/a  correct=True  running‐acc=0.804
[ 446/489] loss=0.0000  pred=true   gold=true  running‐acc=0.814
Locality eval: pred=n/a               gold=n/a  correct=True  running‐acc=0.805
[ 447/489] loss=0.0000  pred=true   gold=n/a  running‐acc=0.812
Locality eval: pred=true              gold=true  correct=True  running‐acc=0.805
[ 448/489] loss=0.0000  pred=true   gold=true  running‐acc=0.812
Locality eval: pred=n/a               gold=n/a  correct=True  running‐acc=0.806
[ 449/489] loss=0.0000  pred=true   gold=true  running‐acc=0.813
Locality eval: pred=n/a               gold=n/a  correct=True  running‐acc=0.806
[ 450/489] loss=0.0000  pred=n/a    gold=n/a  running‐acc=0.813
Locality eval: pred=true              gold=true  correct=True  running‐acc=0.807
[ 451/489] loss=0.0000  pred=true   gold=true  running‐acc=0.814
Locality eval: pred=true              gold=n/a  correct=False  running‐acc=0.805
[ 452/489] loss=0.0000  pred=true   gold=true  running‐acc=0.814
Locality eval: pred=n/a               gold=n/a  correct=True  running‐acc=0.805
[ 453/489] loss=0.0000  pred=n/a    gold=n/a  running‐acc=0.815
Locality eval: pred=true              gold=true  correct=True  running‐acc=0.806
[ 454/489] loss=0.0000  pred=true   gold=true  running‐acc=0.815
Locality eval: pred=n/a               gold=n/a  correct=True  running‐acc=0.806
[ 455/489] loss=0.0000  pred=true   gold=true  running‐acc=0.815
Locality eval: pred=n/a               gold=n/a  correct=True  running‐acc=0.807
[ 456/489] loss=0.0000  pred=true   gold=true  running‐acc=0.816
Locality eval: pred=n/a               gold=n/a  correct=True  running‐acc=0.807
[ 457/489] loss=0.0000  pred=n/a    gold=n/a  running‐acc=0.816
Locality eval: pred=true              gold=true  correct=True  running‐acc=0.807
[ 458/489] loss=0.0000  pred=true   gold=true  running‐acc=0.817
Locality eval: pred=n/a               gold=n/a  correct=True  running‐acc=0.808
[ 459/489] loss=0.0000  pred=n/a    gold=n/a  running‐acc=0.817
Locality eval: pred=true              gold=true  correct=True  running‐acc=0.808
[ 460/489] loss=0.0000  pred=true   gold=n/a  running‐acc=0.815
Locality eval: pred=true              gold=true  correct=True  running‐acc=0.809
[ 461/489] loss=0.0000  pred=n/a    gold=n/a  running‐acc=0.816
Locality eval: pred=true              gold=true  correct=True  running‐acc=0.809
[ 462/489] loss=0.0000  pred=true   gold=true  running‐acc=0.816
Locality eval: pred=n/a               gold=n/a  correct=True  running‐acc=0.810
[ 463/489] loss=0.0000  pred=false  gold=n/a  running‐acc=0.814
Locality eval: pred=true              gold=true  correct=True  running‐acc=0.810
[ 464/489] loss=0.0000  pred=n/a    gold=true  running‐acc=0.812
Locality eval: pred=n/a               gold=n/a  correct=True  running‐acc=0.810
[ 465/489] loss=0.0000  pred=n/a    gold=n/a  running‐acc=0.813
Locality eval: pred=true              gold=true  correct=True  running‐acc=0.811
[ 466/489] loss=0.0000  pred=n/a    gold=n/a  running‐acc=0.813
Locality eval: pred=true              gold=true  correct=True  running‐acc=0.811
[ 467/489] loss=0.0000  pred=n/a    gold=n/a  running‐acc=0.814
Locality eval: pred=true              gold=true  correct=True  running‐acc=0.812
[ 468/489] loss=0.0000  pred=true   gold=true  running‐acc=0.814
Locality eval: pred=n/a               gold=n/a  correct=True  running‐acc=0.812
[ 469/489] loss=0.0000  pred=n/a    gold=n/a  running‐acc=0.814
Locality eval: pred=true              gold=true  correct=True  running‐acc=0.812
[ 470/489] loss=0.0000  pred=n/a    gold=n/a  running‐acc=0.815
Locality eval: pred=n/a               gold=true  correct=False  running‐acc=0.811
[ 471/489] loss=0.0000  pred=n/a    gold=n/a  running‐acc=0.815
Locality eval: pred=true              gold=true  correct=True  running‐acc=0.811
[ 472/489] loss=0.0000  pred=n/a    gold=n/a  running‐acc=0.816
Locality eval: pred=true              gold=true  correct=True  running‐acc=0.811
[ 473/489] loss=0.0000  pred=true   gold=n/a  running‐acc=0.814
Locality eval: pred=true              gold=true  correct=True  running‐acc=0.812
[ 474/489] loss=0.0000  pred=true   gold=true  running‐acc=0.814
Locality eval: pred=n/a               gold=n/a  correct=True  running‐acc=0.812
[ 475/489] loss=0.0000  pred=n/a    gold=true  running‐acc=0.813
Locality eval: pred=n/a               gold=n/a  correct=True  running‐acc=0.813
[ 476/489] loss=0.0000  pred=n/a    gold=true  running‐acc=0.811
Locality eval: pred=n/a               gold=n/a  correct=True  running‐acc=0.813
[ 477/489] loss=0.0000  pred=true   gold=true  running‐acc=0.811
Locality eval: pred=true              gold=n/a  correct=False  running‐acc=0.811
[ 478/489] loss=0.0000  pred=true   gold=true  running‐acc=0.812
Locality eval: pred=n/a               gold=n/a  correct=True  running‐acc=0.812
[ 479/489] loss=0.0000  pred=n/a    gold=n/a  running‐acc=0.812
Locality eval: pred=n/a               gold=true  correct=False  running‐acc=0.810
[ 480/489] loss=0.0000  pred=true   gold=true  running‐acc=0.812
Locality eval: pred=true              gold=n/a  correct=False  running‐acc=0.808
[ 481/489] loss=0.0000  pred=n/a    gold=n/a  running‐acc=0.813
Locality eval: pred=true              gold=true  correct=True  running‐acc=0.809
[ 482/489] loss=0.0000  pred=false  gold=n/a  running‐acc=0.811
Locality eval: pred=n/a               gold=true  correct=False  running‐acc=0.807
[ 483/489] loss=0.0000  pred=n/a    gold=n/a  running‐acc=0.812
Locality eval: pred=true              gold=true  correct=True  running‐acc=0.807
[ 484/489] loss=0.0000  pred=n/a    gold=true  running‐acc=0.810
Locality eval: pred=n/a               gold=n/a  correct=True  running‐acc=0.808
[ 485/489] loss=0.0000  pred=n/a    gold=true  running‐acc=0.808
Locality eval: pred=true              gold=n/a  correct=False  running‐acc=0.806
[ 486/489] loss=0.0000  pred=n/a    gold=n/a  running‐acc=0.809
Locality eval: pred=true              gold=true  correct=True  running‐acc=0.807
[ 487/489] loss=0.0000  pred=n/a    gold=n/a  running‐acc=0.809
Locality eval: pred=true              gold=true  correct=True  running‐acc=0.807
[ 488/489] loss=0.0000  pred=true   gold=true  running‐acc=0.809
Locality eval: pred=n/a               gold=n/a  correct=True  running‐acc=0.807
[ 489/489] loss=0.0000  pred=true   gold=true  running‐acc=0.810
Locality eval: pred=n/a               gold=n/a  correct=True  running‐acc=0.808

Finished in 752.7s.  Final accuracy: 0.810.
Adapter saved to output/lora_logic_pairwise.
