/home/vjd5zr/miniconda3/envs/lora/lib/python3.9/site-packages/torchvision/io/image.py:13: UserWarning: Failed to load image Python extension: libtorch_cuda_cu.so: cannot open shared object file: No such file or directory
  warn(f"Failed to load image Python extension: {e}")
The `load_in_4bit` and `load_in_8bit` arguments are deprecated and will be removed in the future versions. Please, pass a `BitsAndBytesConfig` object in `quantization_config` argument instead.
`low_cpu_mem_usage` was None, now default to True since model is quantized.
Loaded 489 (train, eval) pairs.

Loading base model (4‐bit)…
Loading checkpoint shards:   0%|          | 0/3 [00:00<?, ?it/s]Loading checkpoint shards:  33%|███▎      | 1/3 [00:03<00:06,  3.44s/it]Loading checkpoint shards:  67%|██████▋   | 2/3 [00:06<00:03,  3.34s/it]Loading checkpoint shards: 100%|██████████| 3/3 [00:09<00:00,  3.00s/it]Loading checkpoint shards: 100%|██████████| 3/3 [00:09<00:00,  3.11s/it]
/home/vjd5zr/miniconda3/envs/lora/lib/python3.9/site-packages/bitsandbytes/nn/modules.py:452: UserWarning: Input type into Linear4bit is torch.float16, but bnb_4bit_compute_dtype=torch.float32 (default). This will lead to slow inference or training speed.
  warnings.warn(
trainable params: 6,815,744 || all params: 7,254,839,296 || trainable%: 0.0939

Starting sequential training…
Cached 128 LoRA tensors.
[   1/489] loss=0.0000  pred=n/a    gold=true  running‐acc=0.000
Locality eval: pred=n/a               gold=n/a  correct=True  running‐acc=1.000
[   2/489] loss=0.0000  pred=n/a    gold=true  running‐acc=0.000
Locality eval: pred=true              gold=n/a  correct=False  running‐acc=0.500
[   3/489] loss=0.0000  pred=true   gold=true  running‐acc=0.333
Locality eval: pred=n/a               gold=n/a  correct=True  running‐acc=0.667
[   4/489] loss=0.0000  pred=n/a    gold=true  running‐acc=0.250
Locality eval: pred=n/a               gold=n/a  correct=True  running‐acc=0.750
[   5/489] loss=0.0000  pred=n/a    gold=n/a  running‐acc=0.400
Locality eval: pred=true              gold=true  correct=True  running‐acc=0.800
[   6/489] loss=0.0000  pred=true   gold=true  running‐acc=0.500
Locality eval: pred=n/a               gold=n/a  correct=True  running‐acc=0.833
[   7/489] loss=0.0000  pred=n/a    gold=n/a  running‐acc=0.571
Locality eval: pred=n/a               gold=true  correct=False  running‐acc=0.714
[   8/489] loss=0.0000  pred=n/a    gold=n/a  running‐acc=0.625
Locality eval: pred=true,             gold=true  correct=True  running‐acc=0.750
[   9/489] loss=0.0000  pred=true   gold=n/a  running‐acc=0.556
Locality eval: pred=true              gold=true  correct=True  running‐acc=0.778
[  10/489] loss=0.0000  pred=true   gold=true  running‐acc=0.600
Locality eval: pred=n/a               gold=n/a  correct=True  running‐acc=0.800
[  11/489] loss=0.0000  pred=n/a    gold=true  running‐acc=0.545
Locality eval: pred=false.            gold=n/a  correct=False  running‐acc=0.727
[  12/489] loss=0.0000  pred=true   gold=n/a  running‐acc=0.500
Locality eval: pred=n/a               gold=true  correct=False  running‐acc=0.667
[  13/489] loss=0.0000  pred=n/a    gold=n/a  running‐acc=0.538
Locality eval: pred=true              gold=true  correct=True  running‐acc=0.692
[  14/489] loss=0.0000  pred=n/a    gold=n/a  running‐acc=0.571
Locality eval: pred=n/a               gold=true  correct=False  running‐acc=0.643
[  15/489] loss=0.0000  pred=n/a    gold=n/a  running‐acc=0.600
Locality eval: pred=n/a               gold=true  correct=False  running‐acc=0.600
[  16/489] loss=0.0000  pred=n/a    gold=true  running‐acc=0.562
Locality eval: pred=n/a               gold=n/a  correct=True  running‐acc=0.625
[  17/489] loss=0.0000  pred=n/a    gold=n/a  running‐acc=0.588
Locality eval: pred=n/a               gold=true  correct=False  running‐acc=0.588
[  18/489] loss=0.0000  pred=n/a    gold=true  running‐acc=0.556
Locality eval: pred=n/a               gold=n/a  correct=True  running‐acc=0.611
[  19/489] loss=0.0000  pred=true   gold=true  running‐acc=0.579
Locality eval: pred=n/a               gold=n/a  correct=True  running‐acc=0.632
[  20/489] loss=0.0000  pred=n/a    gold=n/a  running‐acc=0.600
Locality eval: pred=true              gold=true  correct=True  running‐acc=0.650
[  21/489] loss=0.0000  pred=n/a    gold=true  running‐acc=0.571
Locality eval: pred=n/a               gold=n/a  correct=True  running‐acc=0.667
[  22/489] loss=0.0000  pred=n/a    gold=true  running‐acc=0.545
Locality eval: pred=n/a               gold=n/a  correct=True  running‐acc=0.682
[  23/489] loss=0.0000  pred=n/a    gold=n/a  running‐acc=0.565
Locality eval: pred=n/a               gold=true  correct=False  running‐acc=0.652
[  24/489] loss=0.0000  pred=true   gold=n/a  running‐acc=0.542
Locality eval: pred=true              gold=true  correct=True  running‐acc=0.667
[  25/489] loss=0.0000  pred=true.  gold=true  running‐acc=0.560
Locality eval: pred=n/a               gold=n/a  correct=True  running‐acc=0.680
[  26/489] loss=0.0000  pred=n/a    gold=n/a  running‐acc=0.577
Locality eval: pred=n/a               gold=true  correct=False  running‐acc=0.654
[  27/489] loss=0.0000  pred=n/a    gold=true  running‐acc=0.556
Locality eval: pred=n/a               gold=n/a  correct=True  running‐acc=0.667
[  28/489] loss=0.0000  pred=true   gold=true  running‐acc=0.571
Locality eval: pred=n/a               gold=n/a  correct=True  running‐acc=0.679
[  29/489] loss=0.0000  pred=n/a    gold=n/a  running‐acc=0.586
Locality eval: pred=n/a               gold=true  correct=False  running‐acc=0.655
[  30/489] loss=0.0000  pred=n/a    gold=true  running‐acc=0.567
Locality eval: pred=true              gold=n/a  correct=False  running‐acc=0.633
[  31/489] loss=0.0000  pred=n/a    gold=true  running‐acc=0.548
Locality eval: pred=n/a               gold=n/a  correct=True  running‐acc=0.645
[  32/489] loss=0.0000  pred=n/a    gold=true  running‐acc=0.531
Locality eval: pred=n/a               gold=n/a  correct=True  running‐acc=0.656
[  33/489] loss=0.0000  pred=n/a    gold=true  running‐acc=0.515
Locality eval: pred=n/a               gold=n/a  correct=True  running‐acc=0.667
[  34/489] loss=0.0000  pred=n/a    gold=true  running‐acc=0.500
Locality eval: pred=n/a               gold=n/a  correct=True  running‐acc=0.676
[  35/489] loss=0.0000  pred=n/a    gold=n/a  running‐acc=0.514
Locality eval: pred=n/a               gold=true  correct=False  running‐acc=0.657
[  36/489] loss=0.0000  pred=true   gold=true  running‐acc=0.528
Locality eval: pred=n/a               gold=n/a  correct=True  running‐acc=0.667
[  37/489] loss=0.0000  pred=true   gold=true  running‐acc=0.541
Locality eval: pred=n/a               gold=n/a  correct=True  running‐acc=0.676
[  38/489] loss=0.0000  pred=true   gold=true  running‐acc=0.553
Locality eval: pred=n/a               gold=n/a  correct=True  running‐acc=0.684
[  39/489] loss=0.0000  pred=true   gold=n/a  running‐acc=0.538
Locality eval: pred=n/a               gold=true  correct=False  running‐acc=0.667
[  40/489] loss=0.0000  pred=n/a    gold=true  running‐acc=0.525
Locality eval: pred=n/a               gold=n/a  correct=True  running‐acc=0.675
[  41/489] loss=0.0000  pred=n/a    gold=n/a  running‐acc=0.537
Locality eval: pred=n/a               gold=true  correct=False  running‐acc=0.659
[  42/489] loss=0.0000  pred=n/a    gold=n/a  running‐acc=0.548
Locality eval: pred=n/a               gold=true  correct=False  running‐acc=0.643
[  43/489] loss=0.0000  pred=true   gold=true  running‐acc=0.558
Locality eval: pred=n/a               gold=n/a  correct=True  running‐acc=0.651
[  44/489] loss=0.0000  pred=n/a    gold=true  running‐acc=0.545
Locality eval: pred=n/a               gold=n/a  correct=True  running‐acc=0.659
[  45/489] loss=0.0000  pred=n/a    gold=n/a  running‐acc=0.556
Locality eval: pred=true              gold=true  correct=True  running‐acc=0.667
[  46/489] loss=0.0000  pred=n/a    gold=n/a  running‐acc=0.565
Locality eval: pred=to                gold=true  correct=False  running‐acc=0.652
[  47/489] loss=0.0000  pred=n/a    gold=n/a  running‐acc=0.574
Locality eval: pred=n/a               gold=true  correct=False  running‐acc=0.638
[  48/489] loss=0.0000  pred=n/a    gold=n/a  running‐acc=0.583
Locality eval: pred=n/a               gold=true  correct=False  running‐acc=0.625
[  49/489] loss=0.0000  pred=n/a    gold=n/a  running‐acc=0.592
Locality eval: pred=n/a               gold=true  correct=False  running‐acc=0.612
[  50/489] loss=0.0000  pred=true   gold=true  running‐acc=0.600
Locality eval: pred=n/a               gold=n/a  correct=True  running‐acc=0.620
[  51/489] loss=0.0000  pred=n/a    gold=n/a  running‐acc=0.608
Locality eval: pred=n/a               gold=true  correct=False  running‐acc=0.608
[  52/489] loss=0.0000  pred=n/a    gold=n/a  running‐acc=0.615
Locality eval: pred=true              gold=true  correct=True  running‐acc=0.615
[  53/489] loss=0.0000  pred=n/a    gold=n/a  running‐acc=0.623
Locality eval: pred=n/a               gold=true  correct=False  running‐acc=0.604
[  54/489] loss=0.0000  pred=true   gold=n/a  running‐acc=0.611
Locality eval: pred=n/a               gold=true  correct=False  running‐acc=0.593
[  55/489] loss=0.0000  pred=n/a    gold=true  running‐acc=0.600
Locality eval: pred=n/a               gold=n/a  correct=True  running‐acc=0.600
[  56/489] loss=0.0000  pred=n/a    gold=n/a  running‐acc=0.607
Locality eval: pred=true              gold=true  correct=True  running‐acc=0.607
[  57/489] loss=0.0000  pred=n/a    gold=true  running‐acc=0.596
Locality eval: pred=n/a               gold=n/a  correct=True  running‐acc=0.614
[  58/489] loss=0.0000  pred=n/a    gold=n/a  running‐acc=0.603
Locality eval: pred=n/a               gold=true  correct=False  running‐acc=0.603
[  59/489] loss=0.0000  pred=n/a    gold=true  running‐acc=0.593
Locality eval: pred=n/a               gold=n/a  correct=True  running‐acc=0.610
[  60/489] loss=0.0000  pred=n/a    gold=true  running‐acc=0.583
Locality eval: pred=n/a               gold=n/a  correct=True  running‐acc=0.617
[  61/489] loss=0.0000  pred=n/a    gold=n/a  running‐acc=0.590
Locality eval: pred=n/a               gold=true  correct=False  running‐acc=0.607
[  62/489] loss=0.0000  pred=true   gold=true  running‐acc=0.597
Locality eval: pred=n/a               gold=n/a  correct=True  running‐acc=0.613
[  63/489] loss=0.0000  pred=n/a    gold=true  running‐acc=0.587
Locality eval: pred=n/a               gold=n/a  correct=True  running‐acc=0.619
[  64/489] loss=0.0000  pred=n/a    gold=n/a  running‐acc=0.594
Locality eval: pred=n/a               gold=true  correct=False  running‐acc=0.609
[  65/489] loss=0.0000  pred=n/a    gold=true  running‐acc=0.585
Locality eval: pred=n/a               gold=n/a  correct=True  running‐acc=0.615
[  66/489] loss=0.0000  pred=n/a    gold=true  running‐acc=0.576
Locality eval: pred=n/a               gold=n/a  correct=True  running‐acc=0.621
[  67/489] loss=0.0000  pred=true   gold=true  running‐acc=0.582
Locality eval: pred=n/a               gold=n/a  correct=True  running‐acc=0.627
[  68/489] loss=0.0000  pred=n/a    gold=n/a  running‐acc=0.588
Locality eval: pred=true              gold=true  correct=True  running‐acc=0.632
[  69/489] loss=0.0000  pred=n/a    gold=true  running‐acc=0.580
Locality eval: pred=true              gold=n/a  correct=False  running‐acc=0.623
[  70/489] loss=0.0000  pred=n/a    gold=n/a  running‐acc=0.586
Locality eval: pred=true              gold=true  correct=True  running‐acc=0.629
[  71/489] loss=0.0000  pred=n/a    gold=true  running‐acc=0.577
Locality eval: pred=n/a               gold=n/a  correct=True  running‐acc=0.634
[  72/489] loss=0.0000  pred=n/a    gold=true  running‐acc=0.569
Locality eval: pred=n/a               gold=n/a  correct=True  running‐acc=0.639
[  73/489] loss=0.0000  pred=n/a    gold=n/a  running‐acc=0.575
Locality eval: pred=n/a               gold=true  correct=False  running‐acc=0.630
[  74/489] loss=0.0000  pred=true   gold=true  running‐acc=0.581
Locality eval: pred=n/a               gold=n/a  correct=True  running‐acc=0.635
[  75/489] loss=0.0000  pred=n/a    gold=n/a  running‐acc=0.587
Locality eval: pred=n/a               gold=true  correct=False  running‐acc=0.627
[  76/489] loss=0.0000  pred=true   gold=true  running‐acc=0.592
Locality eval: pred=n/a               gold=n/a  correct=True  running‐acc=0.632
[  77/489] loss=0.0000  pred=true   gold=n/a  running‐acc=0.584
Locality eval: pred=true              gold=true  correct=True  running‐acc=0.636
[  78/489] loss=0.0000  pred=true   gold=n/a  running‐acc=0.577
Locality eval: pred=n/a               gold=true  correct=False  running‐acc=0.628
[  79/489] loss=0.0000  pred=n/a    gold=true  running‐acc=0.570
Locality eval: pred=n/a               gold=n/a  correct=True  running‐acc=0.633
[  80/489] loss=0.0000  pred=true   gold=true  running‐acc=0.575
Locality eval: pred=n/a               gold=n/a  correct=True  running‐acc=0.637
[  81/489] loss=0.0000  pred=n/a    gold=true  running‐acc=0.568
Locality eval: pred=n/a               gold=n/a  correct=True  running‐acc=0.642
[  82/489] loss=0.0000  pred=true.  gold=true  running‐acc=0.573
Locality eval: pred=n/a               gold=n/a  correct=True  running‐acc=0.646
[  83/489] loss=0.0000  pred=n/a    gold=n/a  running‐acc=0.578
Locality eval: pred=n/a               gold=true  correct=False  running‐acc=0.639
[  84/489] loss=0.0000  pred=n/a    gold=n/a  running‐acc=0.583
Locality eval: pred=n/a               gold=true  correct=False  running‐acc=0.631
[  85/489] loss=0.0000  pred=n/a    gold=true  running‐acc=0.576
Locality eval: pred=true              gold=n/a  correct=False  running‐acc=0.624
[  86/489] loss=0.0000  pred=true   gold=n/a  running‐acc=0.570
Locality eval: pred=false.            gold=true  correct=False  running‐acc=0.616
[  87/489] loss=0.0000  pred=n/a    gold=true  running‐acc=0.563
Locality eval: pred=false.            gold=n/a  correct=False  running‐acc=0.609
[  88/489] loss=0.0000  pred=n/a    gold=n/a  running‐acc=0.568
Locality eval: pred=n/a               gold=true  correct=False  running‐acc=0.602
[  89/489] loss=0.0000  pred=n/a    gold=n/a  running‐acc=0.573
Locality eval: pred=n/a               gold=true  correct=False  running‐acc=0.596
[  90/489] loss=0.0000  pred=n/a    gold=n/a  running‐acc=0.578
Locality eval: pred=true              gold=true  correct=True  running‐acc=0.600
[  91/489] loss=0.0000  pred=n/a    gold=n/a  running‐acc=0.582
Locality eval: pred=true              gold=true  correct=True  running‐acc=0.604
[  92/489] loss=0.0000  pred=n/a    gold=n/a  running‐acc=0.587
Locality eval: pred=n/a               gold=true  correct=False  running‐acc=0.598
[  93/489] loss=0.0000  pred=true   gold=true  running‐acc=0.591
Locality eval: pred=n/a               gold=n/a  correct=True  running‐acc=0.602
[  94/489] loss=0.0000  pred=n/a    gold=n/a  running‐acc=0.596
Locality eval: pred=true              gold=true  correct=True  running‐acc=0.606
[  95/489] loss=0.0000  pred=n/a    gold=n/a  running‐acc=0.600
Locality eval: pred=n/a               gold=true  correct=False  running‐acc=0.600
[  96/489] loss=0.0000  pred=false  gold=n/a  running‐acc=0.594
Locality eval: pred=true              gold=true  correct=True  running‐acc=0.604
[  97/489] loss=0.0000  pred=n/a    gold=true  running‐acc=0.588
Locality eval: pred=n/a               gold=n/a  correct=True  running‐acc=0.608
[  98/489] loss=0.0000  pred=n/a    gold=n/a  running‐acc=0.592
Locality eval: pred=n/a               gold=true  correct=False  running‐acc=0.602
[  99/489] loss=0.0000  pred=n/a    gold=n/a  running‐acc=0.596
Locality eval: pred=true              gold=true  correct=True  running‐acc=0.606
[ 100/489] loss=0.0000  pred=n/a    gold=true  running‐acc=0.590
Locality eval: pred=n/a               gold=n/a  correct=True  running‐acc=0.610
[ 101/489] loss=0.0000  pred=n/a    gold=n/a  running‐acc=0.594
Locality eval: pred=n/a               gold=true  correct=False  running‐acc=0.604
[ 102/489] loss=0.0000  pred=n/a    gold=true  running‐acc=0.588
Locality eval: pred=n/a               gold=n/a  correct=True  running‐acc=0.608
[ 103/489] loss=0.0000  pred=n/a    gold=true  running‐acc=0.583
Locality eval: pred=n/a               gold=n/a  correct=True  running‐acc=0.612
[ 104/489] loss=0.0000  pred=n/a    gold=n/a  running‐acc=0.587
Locality eval: pred=n/a               gold=true  correct=False  running‐acc=0.606
[ 105/489] loss=0.0000  pred=n/a    gold=true  running‐acc=0.581
Locality eval: pred=true              gold=n/a  correct=False  running‐acc=0.600
[ 106/489] loss=0.0000  pred=true.  gold=true  running‐acc=0.585
Locality eval: pred=n/a               gold=n/a  correct=True  running‐acc=0.604
[ 107/489] loss=0.0000  pred=n/a    gold=true  running‐acc=0.579
Locality eval: pred=n/a               gold=n/a  correct=True  running‐acc=0.607
[ 108/489] loss=0.0000  pred=n/a    gold=n/a  running‐acc=0.583
Locality eval: pred=n/a               gold=true  correct=False  running‐acc=0.602
[ 109/489] loss=0.0000  pred=n/a    gold=n/a  running‐acc=0.587
Locality eval: pred=n/a               gold=true  correct=False  running‐acc=0.596
[ 110/489] loss=0.0000  pred=n/a    gold=n/a  running‐acc=0.591
Locality eval: pred=n/a               gold=true  correct=False  running‐acc=0.591
[ 111/489] loss=0.0000  pred=n/a    gold=n/a  running‐acc=0.595
Locality eval: pred=true              gold=true  correct=True  running‐acc=0.595
[ 112/489] loss=0.0000  pred=n/a    gold=n/a  running‐acc=0.598
Locality eval: pred=n/a               gold=true  correct=False  running‐acc=0.589
[ 113/489] loss=0.0000  pred=n/a    gold=true  running‐acc=0.593
Locality eval: pred=true              gold=n/a  correct=False  running‐acc=0.584
[ 114/489] loss=0.0000  pred=n/a    gold=n/a  running‐acc=0.596
Locality eval: pred=true              gold=true  correct=True  running‐acc=0.588
[ 115/489] loss=0.0000  pred=n/a    gold=true  running‐acc=0.591
Locality eval: pred=n/a               gold=n/a  correct=True  running‐acc=0.591
[ 116/489] loss=0.0000  pred=n/a    gold=true  running‐acc=0.586
Locality eval: pred=n/a               gold=n/a  correct=True  running‐acc=0.595
[ 117/489] loss=0.0000  pred=n/a    gold=true  running‐acc=0.581
Locality eval: pred=n/a               gold=n/a  correct=True  running‐acc=0.598
[ 118/489] loss=0.0000  pred=n/a    gold=n/a  running‐acc=0.585
Locality eval: pred=n/a               gold=true  correct=False  running‐acc=0.593
[ 119/489] loss=0.0000  pred=n/a    gold=true  running‐acc=0.580
Locality eval: pred=n/a               gold=n/a  correct=True  running‐acc=0.597
[ 120/489] loss=0.0000  pred=n/a    gold=n/a  running‐acc=0.583
Locality eval: pred=n/a               gold=true  correct=False  running‐acc=0.592
[ 121/489] loss=0.0000  pred=n/a    gold=true  running‐acc=0.579
Locality eval: pred=n/a               gold=n/a  correct=True  running‐acc=0.595
[ 122/489] loss=0.0000  pred=n/a    gold=true  running‐acc=0.574
Locality eval: pred=n/a               gold=n/a  correct=True  running‐acc=0.598
[ 123/489] loss=0.0000  pred=true   gold=true  running‐acc=0.577
Locality eval: pred=true.             gold=n/a  correct=False  running‐acc=0.593
[ 124/489] loss=0.0000  pred=n/a    gold=true  running‐acc=0.573
Locality eval: pred=true              gold=n/a  correct=False  running‐acc=0.589
[ 125/489] loss=0.0000  pred=n/a    gold=n/a  running‐acc=0.576
Locality eval: pred=true              gold=true  correct=True  running‐acc=0.592
[ 126/489] loss=0.0000  pred=n/a    gold=n/a  running‐acc=0.579
Locality eval: pred=n/a               gold=true  correct=False  running‐acc=0.587
[ 127/489] loss=0.0000  pred=true   gold=true  running‐acc=0.583
Locality eval: pred=n/a               gold=n/a  correct=True  running‐acc=0.591
[ 128/489] loss=0.0000  pred=n/a    gold=true  running‐acc=0.578
Locality eval: pred=true              gold=n/a  correct=False  running‐acc=0.586
[ 129/489] loss=0.0000  pred=n/a    gold=n/a  running‐acc=0.581
Locality eval: pred=true              gold=true  correct=True  running‐acc=0.589
[ 130/489] loss=0.0000  pred=n/a    gold=n/a  running‐acc=0.585
Locality eval: pred=true              gold=true  correct=True  running‐acc=0.592
[ 131/489] loss=0.0000  pred=n/a    gold=true  running‐acc=0.580
Locality eval: pred=n/a               gold=n/a  correct=True  running‐acc=0.595
[ 132/489] loss=0.0000  pred=true   gold=n/a  running‐acc=0.576
Locality eval: pred=n/a               gold=true  correct=False  running‐acc=0.591
[ 133/489] loss=0.0000  pred=n/a    gold=n/a  running‐acc=0.579
Locality eval: pred=n/a               gold=true  correct=False  running‐acc=0.586
[ 134/489] loss=0.0000  pred=n/a    gold=n/a  running‐acc=0.582
Locality eval: pred=true              gold=true  correct=True  running‐acc=0.590
[ 135/489] loss=0.0000  pred=n/a    gold=n/a  running‐acc=0.585
Locality eval: pred=true              gold=true  correct=True  running‐acc=0.593
[ 136/489] loss=0.0000  pred=n/a    gold=true  running‐acc=0.581
Locality eval: pred=true              gold=n/a  correct=False  running‐acc=0.588
[ 137/489] loss=0.0000  pred=n/a    gold=true  running‐acc=0.577
Locality eval: pred=n/a               gold=n/a  correct=True  running‐acc=0.591
[ 138/489] loss=0.0000  pred=n/a    gold=true  running‐acc=0.572
Locality eval: pred=n/a               gold=n/a  correct=True  running‐acc=0.594
[ 139/489] loss=0.0000  pred=n/a    gold=n/a  running‐acc=0.576
Locality eval: pred=true              gold=true  correct=True  running‐acc=0.597
[ 140/489] loss=0.0000  pred=n/a    gold=n/a  running‐acc=0.579
Locality eval: pred=n/a               gold=true  correct=False  running‐acc=0.593
[ 141/489] loss=0.0000  pred=n/a    gold=true  running‐acc=0.574
Locality eval: pred=n/a               gold=n/a  correct=True  running‐acc=0.596
[ 142/489] loss=0.0000  pred=n/a    gold=n/a  running‐acc=0.577
Locality eval: pred=true              gold=true  correct=True  running‐acc=0.599
[ 143/489] loss=0.0000  pred=n/a    gold=true  running‐acc=0.573
Locality eval: pred=n/a               gold=n/a  correct=True  running‐acc=0.601
[ 144/489] loss=0.0000  pred=n/a    gold=true  running‐acc=0.569
Locality eval: pred=n/a               gold=n/a  correct=True  running‐acc=0.604
[ 145/489] loss=0.0000  pred=n/a    gold=true  running‐acc=0.566
Locality eval: pred=n/a               gold=n/a  correct=True  running‐acc=0.607
[ 146/489] loss=0.0000  pred=n/a    gold=true  running‐acc=0.562
Locality eval: pred=true              gold=n/a  correct=False  running‐acc=0.603
[ 147/489] loss=0.0000  pred=n/a    gold=n/a  running‐acc=0.565
Locality eval: pred=n/a               gold=true  correct=False  running‐acc=0.599
[ 148/489] loss=0.0000  pred=n/a    gold=true  running‐acc=0.561
Locality eval: pred=n/a               gold=n/a  correct=True  running‐acc=0.601
[ 149/489] loss=0.0000  pred=n/a    gold=n/a  running‐acc=0.564
Locality eval: pred=n/a               gold=true  correct=False  running‐acc=0.597
[ 150/489] loss=0.0000  pred=n/a    gold=n/a  running‐acc=0.567
Locality eval: pred=n/a               gold=true  correct=False  running‐acc=0.593
[ 151/489] loss=0.0000  pred=true   gold=true  running‐acc=0.570
Locality eval: pred=n/a               gold=n/a  correct=True  running‐acc=0.596
[ 152/489] loss=0.0000  pred=n/a    gold=n/a  running‐acc=0.572
Locality eval: pred=n/a               gold=true  correct=False  running‐acc=0.592
[ 153/489] loss=0.0000  pred=n/a    gold=n/a  running‐acc=0.575
Locality eval: pred=true              gold=true  correct=True  running‐acc=0.595
[ 154/489] loss=0.0000  pred=true   gold=true  running‐acc=0.578
Locality eval: pred=n/a               gold=n/a  correct=True  running‐acc=0.597
[ 155/489] loss=0.0000  pred=n/a    gold=true  running‐acc=0.574
Locality eval: pred=n/a               gold=n/a  correct=True  running‐acc=0.600
[ 156/489] loss=0.0000  pred=n/a    gold=n/a  running‐acc=0.577
Locality eval: pred=true              gold=true  correct=True  running‐acc=0.603
[ 157/489] loss=0.0000  pred=n/a    gold=n/a  running‐acc=0.580
Locality eval: pred=n/a               gold=true  correct=False  running‐acc=0.599
[ 158/489] loss=0.0000  pred=n/a    gold=n/a  running‐acc=0.582
Locality eval: pred=true              gold=true  correct=True  running‐acc=0.601
[ 159/489] loss=0.0000  pred=n/a    gold=n/a  running‐acc=0.585
Locality eval: pred=true              gold=true  correct=True  running‐acc=0.604
[ 160/489] loss=0.0000  pred=true   gold=n/a  running‐acc=0.581
Locality eval: pred=n/a               gold=true  correct=False  running‐acc=0.600
[ 161/489] loss=0.0000  pred=n/a    gold=n/a  running‐acc=0.584
Locality eval: pred=true              gold=true  correct=True  running‐acc=0.602
[ 162/489] loss=0.0000  pred=n/a    gold=true  running‐acc=0.580
Locality eval: pred=false             gold=n/a  correct=False  running‐acc=0.599
[ 163/489] loss=0.0000  pred=true   gold=n/a  running‐acc=0.577
Locality eval: pred=true              gold=true  correct=True  running‐acc=0.601
[ 164/489] loss=0.0000  pred=n/a    gold=n/a  running‐acc=0.579
Locality eval: pred=n/a               gold=true  correct=False  running‐acc=0.598
[ 165/489] loss=0.0000  pred=n/a    gold=true  running‐acc=0.576
Locality eval: pred=n/a               gold=n/a  correct=True  running‐acc=0.600
[ 166/489] loss=0.0000  pred=n/a    gold=n/a  running‐acc=0.578
Locality eval: pred=n/a               gold=true  correct=False  running‐acc=0.596
[ 167/489] loss=0.0000  pred=true   gold=true  running‐acc=0.581
Locality eval: pred=n/a               gold=n/a  correct=True  running‐acc=0.599
[ 168/489] loss=0.0000  pred=n/a    gold=n/a  running‐acc=0.583
Locality eval: pred=true              gold=true  correct=True  running‐acc=0.601
[ 169/489] loss=0.0000  pred=n/a    gold=true  running‐acc=0.580
Locality eval: pred=n/a               gold=n/a  correct=True  running‐acc=0.604
[ 170/489] loss=0.0000  pred=n/a    gold=true  running‐acc=0.576
Locality eval: pred=true              gold=n/a  correct=False  running‐acc=0.600
[ 171/489] loss=0.0000  pred=true   gold=true  running‐acc=0.579
Locality eval: pred=true              gold=n/a  correct=False  running‐acc=0.596
[ 172/489] loss=0.0000  pred=true   gold=true  running‐acc=0.581
Locality eval: pred=true              gold=n/a  correct=False  running‐acc=0.593
[ 173/489] loss=0.0000  pred=n/a    gold=n/a  running‐acc=0.584
Locality eval: pred=true              gold=true  correct=True  running‐acc=0.595
[ 174/489] loss=0.0000  pred=n/a    gold=true  running‐acc=0.580
Locality eval: pred=n/a               gold=n/a  correct=True  running‐acc=0.598
[ 175/489] loss=0.0000  pred=n/a    gold=true  running‐acc=0.577
Locality eval: pred=true              gold=n/a  correct=False  running‐acc=0.594
[ 176/489] loss=0.0000  pred=n/a    gold=true  running‐acc=0.574
Locality eval: pred=n/a               gold=n/a  correct=True  running‐acc=0.597
[ 177/489] loss=0.0000  pred=n/a    gold=n/a  running‐acc=0.576
Locality eval: pred=n/a               gold=true  correct=False  running‐acc=0.593
[ 178/489] loss=0.0000  pred=n/a    gold=true  running‐acc=0.573
Locality eval: pred=n/a               gold=n/a  correct=True  running‐acc=0.596
[ 179/489] loss=0.0000  pred=false.  gold=n/a  running‐acc=0.570
Locality eval: pred=true              gold=true  correct=True  running‐acc=0.598
[ 180/489] loss=0.0000  pred=true   gold=true  running‐acc=0.572
Locality eval: pred=n/a               gold=n/a  correct=True  running‐acc=0.600
[ 181/489] loss=0.0000  pred=n/a    gold=true  running‐acc=0.569
Locality eval: pred=n/a               gold=n/a  correct=True  running‐acc=0.602
[ 182/489] loss=0.0000  pred=false.  gold=n/a  running‐acc=0.566
Locality eval: pred=n/a               gold=true  correct=False  running‐acc=0.599
[ 183/489] loss=0.0000  pred=n/a    gold=n/a  running‐acc=0.568
Locality eval: pred=true              gold=true  correct=True  running‐acc=0.601
[ 184/489] loss=0.0000  pred=n/a    gold=true  running‐acc=0.565
Locality eval: pred=n/a               gold=n/a  correct=True  running‐acc=0.603
[ 185/489] loss=0.0000  pred=n/a    gold=true  running‐acc=0.562
Locality eval: pred=n/a               gold=n/a  correct=True  running‐acc=0.605
[ 186/489] loss=0.0000  pred=true   gold=n/a  running‐acc=0.559
Locality eval: pred=true              gold=true  correct=True  running‐acc=0.608
[ 187/489] loss=0.0000  pred=n/a    gold=true  running‐acc=0.556
Locality eval: pred=n/a               gold=n/a  correct=True  running‐acc=0.610
[ 188/489] loss=0.0000  pred=n/a    gold=true  running‐acc=0.553
Locality eval: pred=n/a               gold=n/a  correct=True  running‐acc=0.612
[ 189/489] loss=0.0000  pred=n/a    gold=n/a  running‐acc=0.556
Locality eval: pred=n/a               gold=true  correct=False  running‐acc=0.608
[ 190/489] loss=0.0000  pred=n/a    gold=true  running‐acc=0.553
Locality eval: pred=true              gold=n/a  correct=False  running‐acc=0.605
[ 191/489] loss=0.0000  pred=true   gold=true  running‐acc=0.555
Locality eval: pred=n/a               gold=n/a  correct=True  running‐acc=0.607
[ 192/489] loss=0.0000  pred=n/a    gold=n/a  running‐acc=0.557
Locality eval: pred=true              gold=true  correct=True  running‐acc=0.609
[ 193/489] loss=0.0000  pred=n/a    gold=n/a  running‐acc=0.560
Locality eval: pred=true              gold=true  correct=True  running‐acc=0.611
[ 194/489] loss=0.0000  pred=n/a    gold=n/a  running‐acc=0.562
Locality eval: pred=n/a               gold=true  correct=False  running‐acc=0.608
[ 195/489] loss=0.0000  pred=true   gold=n/a  running‐acc=0.559
Locality eval: pred=true              gold=true  correct=True  running‐acc=0.610
[ 196/489] loss=0.0000  pred=n/a    gold=n/a  running‐acc=0.561
Locality eval: pred=true              gold=true  correct=True  running‐acc=0.612
[ 197/489] loss=0.0000  pred=n/a    gold=true  running‐acc=0.558
Locality eval: pred=n/a               gold=n/a  correct=True  running‐acc=0.614
[ 198/489] loss=0.0000  pred=n/a    gold=true  running‐acc=0.556
Locality eval: pred=n/a               gold=n/a  correct=True  running‐acc=0.616
[ 199/489] loss=0.0000  pred=n/a    gold=n/a  running‐acc=0.558
Locality eval: pred=to                gold=true  correct=False  running‐acc=0.613
[ 200/489] loss=0.0000  pred=n/a    gold=n/a  running‐acc=0.560
Locality eval: pred=n/a               gold=true  correct=False  running‐acc=0.610
[ 201/489] loss=0.0000  pred=n/a    gold=true  running‐acc=0.557
Locality eval: pred=n/a               gold=n/a  correct=True  running‐acc=0.612
[ 202/489] loss=0.0000  pred=n/a    gold=n/a  running‐acc=0.559
Locality eval: pred=true              gold=true  correct=True  running‐acc=0.614
[ 203/489] loss=0.0000  pred=n/a    gold=n/a  running‐acc=0.562
Locality eval: pred=n/a               gold=true  correct=False  running‐acc=0.611
[ 204/489] loss=0.0000  pred=n/a    gold=n/a  running‐acc=0.564
Locality eval: pred=n/a               gold=true  correct=False  running‐acc=0.608
[ 205/489] loss=0.0000  pred=n/a    gold=n/a  running‐acc=0.566
Locality eval: pred=n/a               gold=true  correct=False  running‐acc=0.605
[ 206/489] loss=0.0000  pred=n/a    gold=n/a  running‐acc=0.568
Locality eval: pred=n/a               gold=true  correct=False  running‐acc=0.602
[ 207/489] loss=0.0000  pred=n/a    gold=n/a  running‐acc=0.570
Locality eval: pred=true              gold=true  correct=True  running‐acc=0.604
[ 208/489] loss=0.0000  pred=true   gold=true  running‐acc=0.572
Locality eval: pred=n/a               gold=n/a  correct=True  running‐acc=0.606
[ 209/489] loss=0.0000  pred=true   gold=true  running‐acc=0.574
Locality eval: pred=n/a               gold=n/a  correct=True  running‐acc=0.608
[ 210/489] loss=0.0000  pred=true   gold=n/a  running‐acc=0.571
Locality eval: pred=n/a               gold=true  correct=False  running‐acc=0.605
[ 211/489] loss=0.0000  pred=n/a    gold=n/a  running‐acc=0.573
Locality eval: pred=n/a               gold=true  correct=False  running‐acc=0.602
[ 212/489] loss=0.0000  pred=true.  gold=true  running‐acc=0.575
Locality eval: pred=n/a               gold=n/a  correct=True  running‐acc=0.604
[ 213/489] loss=0.0000  pred=n/a    gold=n/a  running‐acc=0.577
Locality eval: pred=true              gold=true  correct=True  running‐acc=0.606
[ 214/489] loss=0.0000  pred=n/a    gold=n/a  running‐acc=0.579
Locality eval: pred=n/a               gold=true  correct=False  running‐acc=0.603
[ 215/489] loss=0.0000  pred=n/a    gold=n/a  running‐acc=0.581
Locality eval: pred=n/a               gold=true  correct=False  running‐acc=0.600
[ 216/489] loss=0.0000  pred=n/a    gold=n/a  running‐acc=0.583
Locality eval: pred=true              gold=true  correct=True  running‐acc=0.602
[ 217/489] loss=0.0000  pred=n/a    gold=n/a  running‐acc=0.585
Locality eval: pred=n/a               gold=true  correct=False  running‐acc=0.599
[ 218/489] loss=0.0000  pred=n/a    gold=true  running‐acc=0.583
Locality eval: pred=n/a               gold=n/a  correct=True  running‐acc=0.601
[ 219/489] loss=0.0000  pred=n/a    gold=true  running‐acc=0.580
Locality eval: pred=n/a               gold=n/a  correct=True  running‐acc=0.603
[ 220/489] loss=0.0000  pred=true   gold=n/a  running‐acc=0.577
Locality eval: pred=n/a               gold=true  correct=False  running‐acc=0.600
[ 221/489] loss=0.0000  pred=n/a    gold=n/a  running‐acc=0.579
Locality eval: pred=true              gold=true  correct=True  running‐acc=0.602
[ 222/489] loss=0.0000  pred=n/a    gold=n/a  running‐acc=0.581
Locality eval: pred=n/a               gold=true  correct=False  running‐acc=0.599
[ 223/489] loss=0.0000  pred=n/a    gold=true  running‐acc=0.578
Locality eval: pred=true              gold=n/a  correct=False  running‐acc=0.596
[ 224/489] loss=0.0000  pred=n/a    gold=true  running‐acc=0.576
Locality eval: pred=n/a               gold=n/a  correct=True  running‐acc=0.598
[ 225/489] loss=0.0000  pred=n/a    gold=true  running‐acc=0.573
Locality eval: pred=n/a               gold=n/a  correct=True  running‐acc=0.600
[ 226/489] loss=0.0000  pred=true   gold=true  running‐acc=0.575
Locality eval: pred=n/a               gold=n/a  correct=True  running‐acc=0.602
[ 227/489] loss=0.0000  pred=n/a    gold=n/a  running‐acc=0.577
Locality eval: pred=n/a               gold=true  correct=False  running‐acc=0.599
[ 228/489] loss=0.0000  pred=n/a    gold=n/a  running‐acc=0.579
Locality eval: pred=true              gold=true  correct=True  running‐acc=0.601
[ 229/489] loss=0.0000  pred=n/a    gold=true  running‐acc=0.576
Locality eval: pred=n/a               gold=n/a  correct=True  running‐acc=0.603
[ 230/489] loss=0.0000  pred=true   gold=n/a  running‐acc=0.574
Locality eval: pred=n/a               gold=true  correct=False  running‐acc=0.600
[ 231/489] loss=0.0000  pred=n/a    gold=true  running‐acc=0.571
Locality eval: pred=n/a               gold=n/a  correct=True  running‐acc=0.602
[ 232/489] loss=0.0000  pred=n/a    gold=n/a  running‐acc=0.573
Locality eval: pred=n/a               gold=true  correct=False  running‐acc=0.599
[ 233/489] loss=0.0000  pred=n/a    gold=true  running‐acc=0.571
Locality eval: pred=false.            gold=n/a  correct=False  running‐acc=0.597
[ 234/489] loss=0.0000  pred=n/a    gold=n/a  running‐acc=0.573
Locality eval: pred=n/a               gold=true  correct=False  running‐acc=0.594
[ 235/489] loss=0.0000  pred=n/a    gold=true  running‐acc=0.570
Locality eval: pred=true              gold=n/a  correct=False  running‐acc=0.591
[ 236/489] loss=0.0000  pred=true   gold=n/a  running‐acc=0.568
Locality eval: pred=true              gold=true  correct=True  running‐acc=0.593
[ 237/489] loss=0.0000  pred=n/a    gold=true  running‐acc=0.565
Locality eval: pred=n/a               gold=n/a  correct=True  running‐acc=0.595
[ 238/489] loss=0.0000  pred=n/a    gold=n/a  running‐acc=0.567
Locality eval: pred=n/a               gold=true  correct=False  running‐acc=0.592
[ 239/489] loss=0.0000  pred=n/a    gold=true  running‐acc=0.565
Locality eval: pred=true              gold=n/a  correct=False  running‐acc=0.590
[ 240/489] loss=0.0000  pred=n/a    gold=true  running‐acc=0.562
Locality eval: pred=n/a               gold=n/a  correct=True  running‐acc=0.592
[ 241/489] loss=0.0000  pred=true   gold=true  running‐acc=0.564
Locality eval: pred=n/a               gold=n/a  correct=True  running‐acc=0.593
[ 242/489] loss=0.0000  pred=true   gold=true  running‐acc=0.566
Locality eval: pred=n/a               gold=n/a  correct=True  running‐acc=0.595
[ 243/489] loss=0.0000  pred=n/a    gold=true  running‐acc=0.564
Locality eval: pred=n/a               gold=n/a  correct=True  running‐acc=0.597
[ 244/489] loss=0.0000  pred=n/a    gold=true  running‐acc=0.561
Locality eval: pred=n/a               gold=n/a  correct=True  running‐acc=0.598
[ 245/489] loss=0.0000  pred=true   gold=true  running‐acc=0.563
Locality eval: pred=n/a               gold=n/a  correct=True  running‐acc=0.600
[ 246/489] loss=0.0000  pred=n/a    gold=n/a  running‐acc=0.565
Locality eval: pred=n/a               gold=true  correct=False  running‐acc=0.598
[ 247/489] loss=0.0000  pred=n/a    gold=true  running‐acc=0.563
Locality eval: pred=n/a               gold=n/a  correct=True  running‐acc=0.599
[ 248/489] loss=0.0000  pred=n/a    gold=true  running‐acc=0.560
Locality eval: pred=n/a               gold=n/a  correct=True  running‐acc=0.601
[ 249/489] loss=0.0000  pred=true   gold=true  running‐acc=0.562
Locality eval: pred=n/a               gold=n/a  correct=True  running‐acc=0.602
[ 250/489] loss=0.0000  pred=true   gold=true  running‐acc=0.564
Locality eval: pred=n/a               gold=n/a  correct=True  running‐acc=0.604
[ 251/489] loss=0.0000  pred=n/a    gold=n/a  running‐acc=0.566
Locality eval: pred=n/a               gold=true  correct=False  running‐acc=0.602
[ 252/489] loss=0.0000  pred=n/a    gold=n/a  running‐acc=0.567
Locality eval: pred=true              gold=true  correct=True  running‐acc=0.603
[ 253/489] loss=0.0000  pred=n/a    gold=n/a  running‐acc=0.569
Locality eval: pred=n/a               gold=true  correct=False  running‐acc=0.601
[ 254/489] loss=0.0000  pred=n/a    gold=n/a  running‐acc=0.571
Locality eval: pred=true              gold=true  correct=True  running‐acc=0.602
[ 255/489] loss=0.0000  pred=n/a    gold=true  running‐acc=0.569
Locality eval: pred=n/a               gold=n/a  correct=True  running‐acc=0.604
[ 256/489] loss=0.0000  pred=true   gold=true  running‐acc=0.570
Locality eval: pred=n/a               gold=n/a  correct=True  running‐acc=0.605
[ 257/489] loss=0.0000  pred=n/a    gold=true  running‐acc=0.568
Locality eval: pred=n/a               gold=n/a  correct=True  running‐acc=0.607
[ 258/489] loss=0.0000  pred=n/a    gold=n/a  running‐acc=0.570
Locality eval: pred=n/a               gold=true  correct=False  running‐acc=0.605
[ 259/489] loss=0.0000  pred=n/a    gold=true  running‐acc=0.568
Locality eval: pred=n/a               gold=n/a  correct=True  running‐acc=0.606
[ 260/489] loss=0.0000  pred=n/a    gold=n/a  running‐acc=0.569
Locality eval: pred=true              gold=true  correct=True  running‐acc=0.608
[ 261/489] loss=0.0000  pred=n/a    gold=true  running‐acc=0.567
Locality eval: pred=n/a               gold=n/a  correct=True  running‐acc=0.609
[ 262/489] loss=0.0000  pred=n/a    gold=n/a  running‐acc=0.569
Locality eval: pred=n/a               gold=true  correct=False  running‐acc=0.607
[ 263/489] loss=0.0000  pred=n/a    gold=true  running‐acc=0.567
Locality eval: pred=n/a               gold=n/a  correct=True  running‐acc=0.608
[ 264/489] loss=0.0000  pred=n/a    gold=true  running‐acc=0.564
Locality eval: pred=n/a               gold=n/a  correct=True  running‐acc=0.610
[ 265/489] loss=0.0000  pred=true   gold=true  running‐acc=0.566
Locality eval: pred=n/a               gold=n/a  correct=True  running‐acc=0.611
[ 266/489] loss=0.0000  pred=true   gold=n/a  running‐acc=0.564
Locality eval: pred=n/a               gold=true  correct=False  running‐acc=0.609
[ 267/489] loss=0.0000  pred=n/a    gold=true  running‐acc=0.562
Locality eval: pred=n/a               gold=n/a  correct=True  running‐acc=0.610
[ 268/489] loss=0.0000  pred=true.  gold=true  running‐acc=0.563
Locality eval: pred=n/a               gold=n/a  correct=True  running‐acc=0.612
[ 269/489] loss=0.0000  pred=n/a    gold=true  running‐acc=0.561
Locality eval: pred=n/a               gold=n/a  correct=True  running‐acc=0.613
[ 270/489] loss=0.0000  pred=n/a    gold=true  running‐acc=0.559
Locality eval: pred=n/a               gold=n/a  correct=True  running‐acc=0.615
[ 271/489] loss=0.0000  pred=true   gold=n/a  running‐acc=0.557
Locality eval: pred=n/a               gold=true  correct=False  running‐acc=0.613
[ 272/489] loss=0.0000  pred=n/a    gold=n/a  running‐acc=0.559
Locality eval: pred=true              gold=true  correct=True  running‐acc=0.614
[ 273/489] loss=0.0000  pred=true   gold=true  running‐acc=0.560
Locality eval: pred=n/a               gold=n/a  correct=True  running‐acc=0.615
[ 274/489] loss=0.0000  pred=true   gold=true  running‐acc=0.562
Locality eval: pred=n/a               gold=n/a  correct=True  running‐acc=0.617
[ 275/489] loss=0.0000  pred=n/a    gold=true  running‐acc=0.560
Locality eval: pred=true              gold=n/a  correct=False  running‐acc=0.615
[ 276/489] loss=0.0000  pred=n/a    gold=true  running‐acc=0.558
Locality eval: pred=n/a               gold=n/a  correct=True  running‐acc=0.616
[ 277/489] loss=0.0000  pred=n/a    gold=n/a  running‐acc=0.560
Locality eval: pred=true              gold=true  correct=True  running‐acc=0.617
[ 278/489] loss=0.0000  pred=true   gold=true  running‐acc=0.561
Locality eval: pred=n/a               gold=n/a  correct=True  running‐acc=0.619
[ 279/489] loss=0.0000  pred=true   gold=true  running‐acc=0.563
Locality eval: pred=n/a               gold=n/a  correct=True  running‐acc=0.620
[ 280/489] loss=0.0000  pred=n/a    gold=n/a  running‐acc=0.564
Locality eval: pred=n/a               gold=true  correct=False  running‐acc=0.618
[ 281/489] loss=0.0000  pred=n/a    gold=n/a  running‐acc=0.566
Locality eval: pred=n/a               gold=true  correct=False  running‐acc=0.616
[ 282/489] loss=0.0000  pred=n/a    gold=n/a  running‐acc=0.567
Locality eval: pred=n/a               gold=true  correct=False  running‐acc=0.613
[ 283/489] loss=0.0000  pred=true   gold=n/a  running‐acc=0.565
Locality eval: pred=n/a               gold=true  correct=False  running‐acc=0.611
[ 284/489] loss=0.0000  pred=n/a    gold=n/a  running‐acc=0.567
Locality eval: pred=n/a               gold=true  correct=False  running‐acc=0.609
[ 285/489] loss=0.0000  pred=n/a    gold=n/a  running‐acc=0.568
Locality eval: pred=n/a               gold=true  correct=False  running‐acc=0.607
[ 286/489] loss=0.0000  pred=n/a    gold=true  running‐acc=0.566
Locality eval: pred=n/a               gold=n/a  correct=True  running‐acc=0.608
[ 287/489] loss=0.0000  pred=true   gold=n/a  running‐acc=0.564
Locality eval: pred=n/a               gold=true  correct=False  running‐acc=0.606
[ 288/489] loss=0.0000  pred=n/a    gold=n/a  running‐acc=0.566
Locality eval: pred=n/a               gold=true  correct=False  running‐acc=0.604
[ 289/489] loss=0.0000  pred=n/a    gold=true  running‐acc=0.564
Locality eval: pred=false.            gold=n/a  correct=False  running‐acc=0.602
[ 290/489] loss=0.0000  pred=n/a    gold=true  running‐acc=0.562
Locality eval: pred=n/a               gold=n/a  correct=True  running‐acc=0.603
[ 291/489] loss=0.0000  pred=n/a    gold=true  running‐acc=0.560
Locality eval: pred=n/a               gold=n/a  correct=True  running‐acc=0.605
[ 292/489] loss=0.0000  pred=true   gold=n/a  running‐acc=0.558
Locality eval: pred=n/a               gold=true  correct=False  running‐acc=0.603
[ 293/489] loss=0.0000  pred=n/a    gold=true  running‐acc=0.556
Locality eval: pred=n/a               gold=n/a  correct=True  running‐acc=0.604
[ 294/489] loss=0.0000  pred=n/a    gold=true  running‐acc=0.554
Locality eval: pred=true              gold=n/a  correct=False  running‐acc=0.602
[ 295/489] loss=0.0000  pred=n/a    gold=n/a  running‐acc=0.556
Locality eval: pred=true.             gold=true  correct=True  running‐acc=0.603
[ 296/489] loss=0.0000  pred=n/a    gold=n/a  running‐acc=0.557
Locality eval: pred=n/a               gold=true  correct=False  running‐acc=0.601
[ 297/489] loss=0.0000  pred=n/a    gold=n/a  running‐acc=0.559
Locality eval: pred=n/a               gold=true  correct=False  running‐acc=0.599
[ 298/489] loss=0.0000  pred=n/a    gold=true  running‐acc=0.557
Locality eval: pred=true              gold=n/a  correct=False  running‐acc=0.597
[ 299/489] loss=0.0000  pred=n/a    gold=true  running‐acc=0.555
Locality eval: pred=true              gold=n/a  correct=False  running‐acc=0.595
[ 300/489] loss=0.0000  pred=true   gold=n/a  running‐acc=0.553
Locality eval: pred=n/a               gold=true  correct=False  running‐acc=0.593
[ 301/489] loss=0.0000  pred=n/a    gold=n/a  running‐acc=0.555
Locality eval: pred=n/a               gold=true  correct=False  running‐acc=0.591
[ 302/489] loss=0.0000  pred=n/a    gold=n/a  running‐acc=0.556
Locality eval: pred=true              gold=true  correct=True  running‐acc=0.593
[ 303/489] loss=0.0000  pred=n/a    gold=true  running‐acc=0.554
Locality eval: pred=n/a               gold=n/a  correct=True  running‐acc=0.594
[ 304/489] loss=0.0000  pred=true   gold=n/a  running‐acc=0.553
Locality eval: pred=true.             gold=true  correct=True  running‐acc=0.595
[ 305/489] loss=0.0000  pred=n/a    gold=n/a  running‐acc=0.554
Locality eval: pred=n/a               gold=true  correct=False  running‐acc=0.593
[ 306/489] loss=0.0000  pred=true   gold=true  running‐acc=0.556
Locality eval: pred=n/a               gold=n/a  correct=True  running‐acc=0.595
[ 307/489] loss=0.0000  pred=n/a    gold=true  running‐acc=0.554
Locality eval: pred=n/a               gold=n/a  correct=True  running‐acc=0.596
[ 308/489] loss=0.0000  pred=n/a    gold=true  running‐acc=0.552
Locality eval: pred=n/a               gold=n/a  correct=True  running‐acc=0.597
[ 309/489] loss=0.0000  pred=n/a    gold=n/a  running‐acc=0.553
Locality eval: pred=n/a               gold=true  correct=False  running‐acc=0.595
[ 310/489] loss=0.0000  pred=true   gold=true  running‐acc=0.555
Locality eval: pred=n/a               gold=n/a  correct=True  running‐acc=0.597
[ 311/489] loss=0.0000  pred=n/a    gold=n/a  running‐acc=0.556
Locality eval: pred=n/a               gold=true  correct=False  running‐acc=0.595
[ 312/489] loss=0.0000  pred=n/a    gold=n/a  running‐acc=0.558
Locality eval: pred=n/a               gold=true  correct=False  running‐acc=0.593
[ 313/489] loss=0.0000  pred=true   gold=true  running‐acc=0.559
Locality eval: pred=n/a               gold=n/a  correct=True  running‐acc=0.594
[ 314/489] loss=0.0000  pred=true   gold=n/a  running‐acc=0.557
Locality eval: pred=n/a               gold=true  correct=False  running‐acc=0.592
[ 315/489] loss=0.0000  pred=true   gold=n/a  running‐acc=0.556
Locality eval: pred=true              gold=true  correct=True  running‐acc=0.594
[ 316/489] loss=0.0000  pred=true   gold=n/a  running‐acc=0.554
Locality eval: pred=n/a               gold=true  correct=False  running‐acc=0.592
[ 317/489] loss=0.0000  pred=n/a    gold=n/a  running‐acc=0.555
Locality eval: pred=true              gold=true  correct=True  running‐acc=0.593
[ 318/489] loss=0.0000  pred=n/a    gold=true  running‐acc=0.553
Locality eval: pred=n/a               gold=n/a  correct=True  running‐acc=0.594
[ 319/489] loss=0.0000  pred=n/a    gold=n/a  running‐acc=0.555
Locality eval: pred=n/a               gold=true  correct=False  running‐acc=0.592
[ 320/489] loss=0.0000  pred=n/a    gold=n/a  running‐acc=0.556
Locality eval: pred=n/a               gold=true  correct=False  running‐acc=0.591
[ 321/489] loss=0.0000  pred=n/a    gold=n/a  running‐acc=0.558
Locality eval: pred=n/a               gold=true  correct=False  running‐acc=0.589
[ 322/489] loss=0.0000  pred=n/a    gold=n/a  running‐acc=0.559
Locality eval: pred=n/a               gold=true  correct=False  running‐acc=0.587
[ 323/489] loss=0.0000  pred=true   gold=true  running‐acc=0.560
Locality eval: pred=n/a               gold=n/a  correct=True  running‐acc=0.588
[ 324/489] loss=0.0000  pred=n/a    gold=n/a  running‐acc=0.562
Locality eval: pred=true.             gold=true  correct=True  running‐acc=0.590
[ 325/489] loss=0.0000  pred=true   gold=true  running‐acc=0.563
Locality eval: pred=n/a               gold=n/a  correct=True  running‐acc=0.591
[ 326/489] loss=0.0000  pred=n/a    gold=n/a  running‐acc=0.564
Locality eval: pred=true              gold=true  correct=True  running‐acc=0.592
[ 327/489] loss=0.0000  pred=true   gold=true  running‐acc=0.566
Locality eval: pred=true              gold=n/a  correct=False  running‐acc=0.590
[ 328/489] loss=0.0000  pred=n/a    gold=true  running‐acc=0.564
Locality eval: pred=n/a               gold=n/a  correct=True  running‐acc=0.591
[ 329/489] loss=0.0000  pred=n/a    gold=n/a  running‐acc=0.565
Locality eval: pred=true              gold=true  correct=True  running‐acc=0.593
[ 330/489] loss=0.0000  pred=true   gold=true  running‐acc=0.567
Locality eval: pred=n/a               gold=n/a  correct=True  running‐acc=0.594
[ 331/489] loss=0.0000  pred=n/a    gold=true  running‐acc=0.565
Locality eval: pred=true              gold=n/a  correct=False  running‐acc=0.592
[ 332/489] loss=0.0000  pred=n/a    gold=n/a  running‐acc=0.566
Locality eval: pred=n/a               gold=true  correct=False  running‐acc=0.590
[ 333/489] loss=0.0000  pred=n/a    gold=n/a  running‐acc=0.568
Locality eval: pred=n/a               gold=true  correct=False  running‐acc=0.589
[ 334/489] loss=0.0000  pred=n/a    gold=n/a  running‐acc=0.569
Locality eval: pred=n/a               gold=true  correct=False  running‐acc=0.587
[ 335/489] loss=0.0000  pred=true   gold=true  running‐acc=0.570
Locality eval: pred=false             gold=n/a  correct=False  running‐acc=0.585
[ 336/489] loss=0.0000  pred=true   gold=true  running‐acc=0.571
Locality eval: pred=n/a               gold=n/a  correct=True  running‐acc=0.586
[ 337/489] loss=0.0000  pred=true   gold=n/a  running‐acc=0.570
Locality eval: pred=true              gold=true  correct=True  running‐acc=0.588
[ 338/489] loss=0.0000  pred=n/a    gold=true  running‐acc=0.568
Locality eval: pred=true              gold=n/a  correct=False  running‐acc=0.586
[ 339/489] loss=0.0000  pred=n/a    gold=n/a  running‐acc=0.569
Locality eval: pred=n/a               gold=true  correct=False  running‐acc=0.584
[ 340/489] loss=0.0000  pred=n/a    gold=n/a  running‐acc=0.571
Locality eval: pred=n/a               gold=true  correct=False  running‐acc=0.582
[ 341/489] loss=0.0000  pred=true   gold=n/a  running‐acc=0.569
Locality eval: pred=n/a               gold=true  correct=False  running‐acc=0.581
[ 342/489] loss=0.0000  pred=true   gold=true  running‐acc=0.570
Locality eval: pred=n/a               gold=n/a  correct=True  running‐acc=0.582
[ 343/489] loss=0.0000  pred=n/a    gold=n/a  running‐acc=0.571
Locality eval: pred=true              gold=true  correct=True  running‐acc=0.583
[ 344/489] loss=0.0000  pred=n/a    gold=true  running‐acc=0.570
Locality eval: pred=true              gold=n/a  correct=False  running‐acc=0.581
[ 345/489] loss=0.0000  pred=true   gold=true  running‐acc=0.571
Locality eval: pred=n/a               gold=n/a  correct=True  running‐acc=0.583
[ 346/489] loss=0.0000  pred=true   gold=true  running‐acc=0.572
Locality eval: pred=true              gold=n/a  correct=False  running‐acc=0.581
[ 347/489] loss=0.0000  pred=n/a    gold=n/a  running‐acc=0.573
Locality eval: pred=true              gold=true  correct=True  running‐acc=0.582
[ 348/489] loss=0.0000  pred=n/a    gold=n/a  running‐acc=0.575
Locality eval: pred=n/a               gold=true  correct=False  running‐acc=0.580
[ 349/489] loss=0.0000  pred=true   gold=true  running‐acc=0.576
Locality eval: pred=n/a               gold=n/a  correct=True  running‐acc=0.582
[ 350/489] loss=0.0000  pred=true   gold=true  running‐acc=0.577
Locality eval: pred=true              gold=n/a  correct=False  running‐acc=0.580
[ 351/489] loss=0.0000  pred=n/a    gold=n/a  running‐acc=0.578
Locality eval: pred=n/a               gold=true  correct=False  running‐acc=0.578
[ 352/489] loss=0.0000  pred=false  gold=n/a  running‐acc=0.577
Locality eval: pred=n/a               gold=true  correct=False  running‐acc=0.577
[ 353/489] loss=0.0000  pred=true   gold=true  running‐acc=0.578
Locality eval: pred=n/a               gold=n/a  correct=True  running‐acc=0.578
[ 354/489] loss=0.0000  pred=true   gold=n/a  running‐acc=0.576
Locality eval: pred=true              gold=true  correct=True  running‐acc=0.579
[ 355/489] loss=0.0000  pred=n/a    gold=true  running‐acc=0.575
Locality eval: pred=false             gold=n/a  correct=False  running‐acc=0.577
[ 356/489] loss=0.0000  pred=true   gold=n/a  running‐acc=0.573
Locality eval: pred=n/a               gold=true  correct=False  running‐acc=0.576
[ 357/489] loss=0.0000  pred=n/a    gold=n/a  running‐acc=0.574
Locality eval: pred=n/a               gold=true  correct=False  running‐acc=0.574
[ 358/489] loss=0.0000  pred=n/a    gold=n/a  running‐acc=0.575
Locality eval: pred=n/a               gold=true  correct=False  running‐acc=0.573
[ 359/489] loss=0.0000  pred=n/a    gold=n/a  running‐acc=0.577
Locality eval: pred=n/a               gold=true  correct=False  running‐acc=0.571
[ 360/489] loss=0.0000  pred=false.  gold=n/a  running‐acc=0.575
Locality eval: pred=n/a               gold=true  correct=False  running‐acc=0.569
[ 361/489] loss=0.0000  pred=n/a    gold=true  running‐acc=0.573
Locality eval: pred=n/a               gold=n/a  correct=True  running‐acc=0.571
[ 362/489] loss=0.0000  pred=n/a    gold=n/a  running‐acc=0.575
Locality eval: pred=n/a               gold=true  correct=False  running‐acc=0.569
[ 363/489] loss=0.0000  pred=n/a    gold=n/a  running‐acc=0.576
Locality eval: pred=true              gold=true  correct=True  running‐acc=0.570
[ 364/489] loss=0.0000  pred=n/a    gold=n/a  running‐acc=0.577
Locality eval: pred=true              gold=true  correct=True  running‐acc=0.571
[ 365/489] loss=0.0000  pred=n/a    gold=true  running‐acc=0.575
Locality eval: pred=n/a               gold=n/a  correct=True  running‐acc=0.573
[ 366/489] loss=0.0000  pred=true   gold=true  running‐acc=0.577
Locality eval: pred=n/a               gold=n/a  correct=True  running‐acc=0.574
[ 367/489] loss=0.0000  pred=true   gold=true  running‐acc=0.578
Locality eval: pred=true              gold=n/a  correct=False  running‐acc=0.572
[ 368/489] loss=0.0000  pred=n/a    gold=true  running‐acc=0.576
Locality eval: pred=n/a               gold=n/a  correct=True  running‐acc=0.573
[ 369/489] loss=0.0000  pred=n/a    gold=n/a  running‐acc=0.577
Locality eval: pred=n/a               gold=true  correct=False  running‐acc=0.572
[ 370/489] loss=0.0000  pred=n/a    gold=true  running‐acc=0.576
Locality eval: pred=n/a               gold=n/a  correct=True  running‐acc=0.573
[ 371/489] loss=0.0000  pred=n/a    gold=true  running‐acc=0.574
Locality eval: pred=n/a               gold=n/a  correct=True  running‐acc=0.574
[ 372/489] loss=0.0000  pred=n/a    gold=true  running‐acc=0.573
Locality eval: pred=n/a               gold=n/a  correct=True  running‐acc=0.575
[ 373/489] loss=0.0000  pred=n/a    gold=true  running‐acc=0.571
Locality eval: pred=n/a               gold=n/a  correct=True  running‐acc=0.576
[ 374/489] loss=0.0000  pred=n/a    gold=n/a  running‐acc=0.572
Locality eval: pred=true              gold=true  correct=True  running‐acc=0.578
[ 375/489] loss=0.0000  pred=true   gold=true  running‐acc=0.573
Locality eval: pred=true              gold=n/a  correct=False  running‐acc=0.576
[ 376/489] loss=0.0000  pred=n/a    gold=true  running‐acc=0.572
Locality eval: pred=true              gold=n/a  correct=False  running‐acc=0.574
[ 377/489] loss=0.0000  pred=true   gold=true  running‐acc=0.573
Locality eval: pred=n/a               gold=n/a  correct=True  running‐acc=0.576
[ 378/489] loss=0.0000  pred=true   gold=true  running‐acc=0.574
Locality eval: pred=n/a               gold=n/a  correct=True  running‐acc=0.577
[ 379/489] loss=0.0000  pred=true   gold=true  running‐acc=0.575
Locality eval: pred=n/a               gold=n/a  correct=True  running‐acc=0.578
[ 380/489] loss=0.0000  pred=true   gold=true  running‐acc=0.576
Locality eval: pred=n/a               gold=n/a  correct=True  running‐acc=0.579
[ 381/489] loss=0.0000  pred=n/a    gold=n/a  running‐acc=0.577
Locality eval: pred=true              gold=true  correct=True  running‐acc=0.580
[ 382/489] loss=0.0000  pred=true   gold=n/a  running‐acc=0.576
Locality eval: pred=true              gold=true  correct=True  running‐acc=0.581
[ 383/489] loss=0.0000  pred=true.  gold=true  running‐acc=0.577
Locality eval: pred=n/a               gold=n/a  correct=True  running‐acc=0.582
[ 384/489] loss=0.0000  pred=true   gold=n/a  running‐acc=0.576
Locality eval: pred=n/a               gold=true  correct=False  running‐acc=0.581
[ 385/489] loss=0.0000  pred=true   gold=n/a  running‐acc=0.574
Locality eval: pred=true              gold=true  correct=True  running‐acc=0.582
[ 386/489] loss=0.0000  pred=n/a    gold=true  running‐acc=0.573
Locality eval: pred=n/a               gold=n/a  correct=True  running‐acc=0.583
[ 387/489] loss=0.0000  pred=n/a    gold=true  running‐acc=0.571
Locality eval: pred=n/a               gold=n/a  correct=True  running‐acc=0.584
[ 388/489] loss=0.0000  pred=n/a    gold=true  running‐acc=0.570
Locality eval: pred=n/a               gold=n/a  correct=True  running‐acc=0.585
[ 389/489] loss=0.0000  pred=n/a    gold=n/a  running‐acc=0.571
Locality eval: pred=true.             gold=true  correct=True  running‐acc=0.586
[ 390/489] loss=0.0000  pred=n/a    gold=n/a  running‐acc=0.572
Locality eval: pred=true              gold=true  correct=True  running‐acc=0.587
[ 391/489] loss=0.0000  pred=n/a    gold=n/a  running‐acc=0.573
Locality eval: pred=n/a               gold=true  correct=False  running‐acc=0.586
[ 392/489] loss=0.0000  pred=true   gold=true  running‐acc=0.574
Locality eval: pred=n/a               gold=n/a  correct=True  running‐acc=0.587
[ 393/489] loss=0.0000  pred=true.  gold=n/a  running‐acc=0.573
Locality eval: pred=true              gold=true  correct=True  running‐acc=0.588
[ 394/489] loss=0.0000  pred=false.  gold=true  running‐acc=0.571
Locality eval: pred=n/a               gold=n/a  correct=True  running‐acc=0.589
[ 395/489] loss=0.0000  pred=n/a    gold=true  running‐acc=0.570
Locality eval: pred=n/a               gold=n/a  correct=True  running‐acc=0.590
[ 396/489] loss=0.0000  pred=n/a    gold=true  running‐acc=0.568
Locality eval: pred=n/a               gold=n/a  correct=True  running‐acc=0.591
[ 397/489] loss=0.0000  pred=n/a    gold=n/a  running‐acc=0.569
Locality eval: pred=n/a               gold=true  correct=False  running‐acc=0.589
[ 398/489] loss=0.0000  pred=n/a    gold=true  running‐acc=0.568
Locality eval: pred=n/a               gold=n/a  correct=True  running‐acc=0.590
[ 399/489] loss=0.0000  pred=n/a    gold=true  running‐acc=0.566
Locality eval: pred=n/a               gold=n/a  correct=True  running‐acc=0.591
[ 400/489] loss=0.0000  pred=n/a    gold=true  running‐acc=0.565
Locality eval: pred=n/a               gold=n/a  correct=True  running‐acc=0.593
[ 401/489] loss=0.0000  pred=true   gold=true  running‐acc=0.566
Locality eval: pred=n/a               gold=n/a  correct=True  running‐acc=0.594
[ 402/489] loss=0.0000  pred=n/a    gold=n/a  running‐acc=0.567
Locality eval: pred=n/a               gold=true  correct=False  running‐acc=0.592
[ 403/489] loss=0.0000  pred=n/a    gold=n/a  running‐acc=0.568
Locality eval: pred=n/a               gold=true  correct=False  running‐acc=0.591
[ 404/489] loss=0.0000  pred=n/a    gold=true  running‐acc=0.567
Locality eval: pred=n/a               gold=n/a  correct=True  running‐acc=0.592
[ 405/489] loss=0.0000  pred=n/a    gold=true  running‐acc=0.565
Locality eval: pred=n/a               gold=n/a  correct=True  running‐acc=0.593
[ 406/489] loss=0.0000  pred=n/a    gold=true  running‐acc=0.564
Locality eval: pred=false             gold=n/a  correct=False  running‐acc=0.591
[ 407/489] loss=0.0000  pred=n/a    gold=true  running‐acc=0.563
Locality eval: pred=n/a               gold=n/a  correct=True  running‐acc=0.592
[ 408/489] loss=0.0000  pred=n/a    gold=n/a  running‐acc=0.564
Locality eval: pred=n/a               gold=true  correct=False  running‐acc=0.591
[ 409/489] loss=0.0000  pred=true   gold=true  running‐acc=0.565
Locality eval: pred=n/a               gold=n/a  correct=True  running‐acc=0.592
[ 410/489] loss=0.0000  pred=n/a    gold=n/a  running‐acc=0.566
Locality eval: pred=n/a               gold=true  correct=False  running‐acc=0.590
[ 411/489] loss=0.0000  pred=n/a    gold=n/a  running‐acc=0.567
Locality eval: pred=true              gold=true  correct=True  running‐acc=0.591
[ 412/489] loss=0.0000  pred=n/a    gold=n/a  running‐acc=0.568
Locality eval: pred=n/a               gold=true  correct=False  running‐acc=0.590
[ 413/489] loss=0.0000  pred=true   gold=true  running‐acc=0.569
Locality eval: pred=n/a               gold=n/a  correct=True  running‐acc=0.591
[ 414/489] loss=0.0000  pred=n/a    gold=true  running‐acc=0.568
Locality eval: pred=true              gold=n/a  correct=False  running‐acc=0.589
[ 415/489] loss=0.0000  pred=true   gold=n/a  running‐acc=0.566
Locality eval: pred=n/a               gold=true  correct=False  running‐acc=0.588
[ 416/489] loss=0.0000  pred=n/a    gold=true  running‐acc=0.565
Locality eval: pred=true              gold=n/a  correct=False  running‐acc=0.587
[ 417/489] loss=0.0000  pred=true   gold=n/a  running‐acc=0.564
Locality eval: pred=n/a               gold=true  correct=False  running‐acc=0.585
[ 418/489] loss=0.0000  pred=n/a    gold=n/a  running‐acc=0.565
Locality eval: pred=n/a               gold=true  correct=False  running‐acc=0.584
[ 419/489] loss=0.0000  pred=n/a    gold=true  running‐acc=0.563
Locality eval: pred=n/a               gold=n/a  correct=True  running‐acc=0.585
[ 420/489] loss=0.0000  pred=n/a    gold=n/a  running‐acc=0.564
Locality eval: pred=n/a               gold=true  correct=False  running‐acc=0.583
[ 421/489] loss=0.0000  pred=n/a    gold=n/a  running‐acc=0.565
Locality eval: pred=n/a               gold=true  correct=False  running‐acc=0.582
[ 422/489] loss=0.0000  pred=n/a    gold=true  running‐acc=0.564
Locality eval: pred=n/a               gold=n/a  correct=True  running‐acc=0.583
[ 423/489] loss=0.0000  pred=false  gold=n/a  running‐acc=0.563
Locality eval: pred=n/a               gold=true  correct=False  running‐acc=0.582
[ 424/489] loss=0.0000  pred=true   gold=n/a  running‐acc=0.561
Locality eval: pred=true              gold=true  correct=True  running‐acc=0.583
[ 425/489] loss=0.0000  pred=n/a    gold=n/a  running‐acc=0.562
Locality eval: pred=n/a               gold=true  correct=False  running‐acc=0.581
[ 426/489] loss=0.0000  pred=n/a    gold=true  running‐acc=0.561
Locality eval: pred=n/a               gold=n/a  correct=True  running‐acc=0.582
[ 427/489] loss=0.0000  pred=n/a    gold=n/a  running‐acc=0.562
Locality eval: pred=n/a               gold=true  correct=False  running‐acc=0.581
[ 428/489] loss=0.0000  pred=n/a    gold=true  running‐acc=0.561
Locality eval: pred=n/a               gold=n/a  correct=True  running‐acc=0.582
[ 429/489] loss=0.0000  pred=n/a    gold=n/a  running‐acc=0.562
Locality eval: pred=true              gold=true  correct=True  running‐acc=0.583
[ 430/489] loss=0.0000  pred=n/a    gold=true  running‐acc=0.560
Locality eval: pred=n/a               gold=n/a  correct=True  running‐acc=0.584
[ 431/489] loss=0.0000  pred=true   gold=true  running‐acc=0.561
Locality eval: pred=n/a               gold=n/a  correct=True  running‐acc=0.585
[ 432/489] loss=0.0000  pred=n/a    gold=n/a  running‐acc=0.562
Locality eval: pred=n/a               gold=true  correct=False  running‐acc=0.583
[ 433/489] loss=0.0000  pred=false  gold=true  running‐acc=0.561
Locality eval: pred=n/a               gold=n/a  correct=True  running‐acc=0.584
[ 434/489] loss=0.0000  pred=n/a    gold=true  running‐acc=0.560
Locality eval: pred=n/a               gold=n/a  correct=True  running‐acc=0.585
[ 435/489] loss=0.0000  pred=n/a    gold=n/a  running‐acc=0.561
Locality eval: pred=true              gold=true  correct=True  running‐acc=0.586
[ 436/489] loss=0.0000  pred=n/a    gold=n/a  running‐acc=0.562
Locality eval: pred=n/a               gold=true  correct=False  running‐acc=0.585
[ 437/489] loss=0.0000  pred=n/a    gold=true  running‐acc=0.561
Locality eval: pred=n/a               gold=n/a  correct=True  running‐acc=0.586
[ 438/489] loss=0.0000  pred=n/a    gold=n/a  running‐acc=0.562
Locality eval: pred=n/a               gold=true  correct=False  running‐acc=0.584
[ 439/489] loss=0.0000  pred=n/a    gold=n/a  running‐acc=0.563
Locality eval: pred=true              gold=true  correct=True  running‐acc=0.585
[ 440/489] loss=0.0000  pred=n/a    gold=n/a  running‐acc=0.564
Locality eval: pred=n/a               gold=true  correct=False  running‐acc=0.584
[ 441/489] loss=0.0000  pred=n/a    gold=n/a  running‐acc=0.565
Locality eval: pred=n/a               gold=true  correct=False  running‐acc=0.583
[ 442/489] loss=0.0000  pred=n/a    gold=n/a  running‐acc=0.566
Locality eval: pred=true              gold=true  correct=True  running‐acc=0.584
[ 443/489] loss=0.0000  pred=to     gold=true  running‐acc=0.564
Locality eval: pred=n/a               gold=n/a  correct=True  running‐acc=0.585
[ 444/489] loss=0.0000  pred=true   gold=true  running‐acc=0.565
Locality eval: pred=n/a               gold=n/a  correct=True  running‐acc=0.586
[ 445/489] loss=0.0000  pred=n/a    gold=true  running‐acc=0.564
Locality eval: pred=true              gold=n/a  correct=False  running‐acc=0.584
[ 446/489] loss=0.0000  pred=n/a    gold=true  running‐acc=0.563
Locality eval: pred=n/a               gold=n/a  correct=True  running‐acc=0.585
[ 447/489] loss=0.0000  pred=n/a    gold=n/a  running‐acc=0.564
Locality eval: pred=n/a               gold=true  correct=False  running‐acc=0.584
[ 448/489] loss=0.0000  pred=n/a    gold=true  running‐acc=0.562
Locality eval: pred=n/a               gold=n/a  correct=True  running‐acc=0.585
[ 449/489] loss=0.0000  pred=true   gold=true  running‐acc=0.563
Locality eval: pred=n/a               gold=n/a  correct=True  running‐acc=0.586
[ 450/489] loss=0.0000  pred=n/a    gold=n/a  running‐acc=0.564
Locality eval: pred=false.            gold=true  correct=False  running‐acc=0.584
[ 451/489] loss=0.0000  pred=n/a    gold=true  running‐acc=0.563
Locality eval: pred=n/a               gold=n/a  correct=True  running‐acc=0.585
[ 452/489] loss=0.0000  pred=true   gold=true  running‐acc=0.564
Locality eval: pred=n/a               gold=n/a  correct=True  running‐acc=0.586
[ 453/489] loss=0.0000  pred=true   gold=n/a  running‐acc=0.563
Locality eval: pred=true              gold=true  correct=True  running‐acc=0.587
[ 454/489] loss=0.0000  pred=true   gold=true  running‐acc=0.564
Locality eval: pred=true              gold=n/a  correct=False  running‐acc=0.586
[ 455/489] loss=0.0000  pred=true   gold=true  running‐acc=0.565
Locality eval: pred=true              gold=n/a  correct=False  running‐acc=0.585
[ 456/489] loss=0.0000  pred=true   gold=true  running‐acc=0.566
Locality eval: pred=n/a               gold=n/a  correct=True  running‐acc=0.586
[ 457/489] loss=0.0000  pred=true   gold=n/a  running‐acc=0.565
Locality eval: pred=n/a               gold=true  correct=False  running‐acc=0.584
[ 458/489] loss=0.0000  pred=true   gold=true  running‐acc=0.566
Locality eval: pred=true              gold=n/a  correct=False  running‐acc=0.583
[ 459/489] loss=0.0000  pred=true   gold=n/a  running‐acc=0.564
Locality eval: pred=true              gold=true  correct=True  running‐acc=0.584
[ 460/489] loss=0.0000  pred=true.  gold=n/a  running‐acc=0.563
Locality eval: pred=n/a               gold=true  correct=False  running‐acc=0.583
[ 461/489] loss=0.0000  pred=n/a    gold=n/a  running‐acc=0.564
Locality eval: pred=true              gold=true  correct=True  running‐acc=0.584
[ 462/489] loss=0.0000  pred=true   gold=true  running‐acc=0.565
Locality eval: pred=n/a               gold=n/a  correct=True  running‐acc=0.584
[ 463/489] loss=0.0000  pred=true   gold=n/a  running‐acc=0.564
Locality eval: pred=n/a               gold=true  correct=False  running‐acc=0.583
[ 464/489] loss=0.0000  pred=true   gold=true  running‐acc=0.565
Locality eval: pred=n/a               gold=n/a  correct=True  running‐acc=0.584
[ 465/489] loss=0.0000  pred=n/a    gold=n/a  running‐acc=0.566
Locality eval: pred=true              gold=true  correct=True  running‐acc=0.585
[ 466/489] loss=0.0000  pred=n/a    gold=n/a  running‐acc=0.567
Locality eval: pred=true              gold=true  correct=True  running‐acc=0.586
[ 467/489] loss=0.0000  pred=true   gold=n/a  running‐acc=0.565
Locality eval: pred=false             gold=true  correct=False  running‐acc=0.585
[ 468/489] loss=0.0000  pred=n/a    gold=true  running‐acc=0.564
Locality eval: pred=n/a               gold=n/a  correct=True  running‐acc=0.585
[ 469/489] loss=0.0000  pred=n/a    gold=n/a  running‐acc=0.565
Locality eval: pred=true              gold=true  correct=True  running‐acc=0.586
[ 470/489] loss=0.0000  pred=n/a    gold=n/a  running‐acc=0.566
Locality eval: pred=true              gold=true  correct=True  running‐acc=0.587
[ 471/489] loss=0.0000  pred=n/a    gold=n/a  running‐acc=0.567
Locality eval: pred=n/a               gold=true  correct=False  running‐acc=0.586
[ 472/489] loss=0.0000  pred=n/a    gold=n/a  running‐acc=0.568
Locality eval: pred=true              gold=true  correct=True  running‐acc=0.587
[ 473/489] loss=0.0000  pred=true   gold=n/a  running‐acc=0.567
Locality eval: pred=n/a               gold=true  correct=False  running‐acc=0.586
[ 474/489] loss=0.0000  pred=true   gold=true  running‐acc=0.568
Locality eval: pred=n/a               gold=n/a  correct=True  running‐acc=0.586
[ 475/489] loss=0.0000  pred=n/a    gold=true  running‐acc=0.566
Locality eval: pred=n/a               gold=n/a  correct=True  running‐acc=0.587
[ 476/489] loss=0.0000  pred=n/a    gold=true  running‐acc=0.565
Locality eval: pred=n/a               gold=n/a  correct=True  running‐acc=0.588
[ 477/489] loss=0.0000  pred=true   gold=true  running‐acc=0.566
Locality eval: pred=n/a               gold=n/a  correct=True  running‐acc=0.589
[ 478/489] loss=0.0000  pred=n/a    gold=true  running‐acc=0.565
Locality eval: pred=n/a               gold=n/a  correct=True  running‐acc=0.590
[ 479/489] loss=0.0000  pred=n/a    gold=n/a  running‐acc=0.566
Locality eval: pred=n/a               gold=true  correct=False  running‐acc=0.589
[ 480/489] loss=0.0000  pred=n/a    gold=true  running‐acc=0.565
Locality eval: pred=true              gold=n/a  correct=False  running‐acc=0.588
[ 481/489] loss=0.0000  pred=n/a    gold=n/a  running‐acc=0.565
Locality eval: pred=n/a               gold=true  correct=False  running‐acc=0.586
[ 482/489] loss=0.0000  pred=false.  gold=n/a  running‐acc=0.564
Locality eval: pred=n/a               gold=true  correct=False  running‐acc=0.585
[ 483/489] loss=0.0000  pred=true   gold=n/a  running‐acc=0.563
Locality eval: pred=n/a               gold=true  correct=False  running‐acc=0.584
[ 484/489] loss=0.0000  pred=n/a    gold=true  running‐acc=0.562
Locality eval: pred=true              gold=n/a  correct=False  running‐acc=0.583
[ 485/489] loss=0.0000  pred=n/a    gold=true  running‐acc=0.561
Locality eval: pred=true              gold=n/a  correct=False  running‐acc=0.581
[ 486/489] loss=0.0000  pred=n/a    gold=n/a  running‐acc=0.562
Locality eval: pred=true.             gold=true  correct=True  running‐acc=0.582
[ 487/489] loss=0.0000  pred=n/a    gold=n/a  running‐acc=0.563
Locality eval: pred=true              gold=true  correct=True  running‐acc=0.583
[ 488/489] loss=0.0000  pred=n/a    gold=true  running‐acc=0.561
Locality eval: pred=n/a               gold=n/a  correct=True  running‐acc=0.584
[ 489/489] loss=0.0000  pred=n/a    gold=true  running‐acc=0.560
Locality eval: pred=n/a               gold=n/a  correct=True  running‐acc=0.585

Finished in 3641.5s.  Final accuracy: 0.560.
Adapter saved to output/lora_logic_pairwise.
