/home/vjd5zr/miniconda3/envs/lora/lib/python3.9/site-packages/torchvision/io/image.py:13: UserWarning: Failed to load image Python extension: libtorch_cuda_cu.so: cannot open shared object file: No such file or directory
  warn(f"Failed to load image Python extension: {e}")
The `load_in_4bit` and `load_in_8bit` arguments are deprecated and will be removed in the future versions. Please, pass a `BitsAndBytesConfig` object in `quantization_config` argument instead.
`low_cpu_mem_usage` was None, now default to True since model is quantized.
Loaded 489 (train, eval) pairs.

Loading base model (4‐bit)…
Loading checkpoint shards:   0%|          | 0/3 [00:00<?, ?it/s]Loading checkpoint shards:  33%|███▎      | 1/3 [00:03<00:06,  3.34s/it]Loading checkpoint shards:  67%|██████▋   | 2/3 [00:05<00:02,  2.37s/it]Loading checkpoint shards: 100%|██████████| 3/3 [00:06<00:00,  1.98s/it]Loading checkpoint shards: 100%|██████████| 3/3 [00:06<00:00,  2.18s/it]
/home/vjd5zr/miniconda3/envs/lora/lib/python3.9/site-packages/bitsandbytes/nn/modules.py:452: UserWarning: Input type into Linear4bit is torch.float16, but bnb_4bit_compute_dtype=torch.float32 (default). This will lead to slow inference or training speed.
  warnings.warn(
trainable params: 6,815,744 || all params: 7,254,839,296 || trainable%: 0.0939

Starting sequential training…
Cached 128 LoRA tensors.
[   1/489] loss=0.0000  pred=true   gold=true  running‐acc=1.000
Locality eval: pred=false             gold=n/a  correct=False  running‐acc=0.000
[   2/489] loss=0.0000  pred=true   gold=true  running‐acc=1.000
Locality eval: pred=true              gold=n/a  correct=False  running‐acc=0.000
[   3/489] loss=0.0000  pred=true   gold=true  running‐acc=1.000
Locality eval: pred=n/a               gold=n/a  correct=True  running‐acc=0.333
[   4/489] loss=0.0000  pred=true   gold=true  running‐acc=1.000
Locality eval: pred=n/a               gold=n/a  correct=True  running‐acc=0.500
[   5/489] loss=0.0000  pred=true   gold=n/a  running‐acc=0.800
Locality eval: pred=true              gold=true  correct=True  running‐acc=0.600
[   6/489] loss=0.0000  pred=true   gold=true  running‐acc=0.833
Locality eval: pred=n/a               gold=n/a  correct=True  running‐acc=0.667
[   7/489] loss=0.0000  pred=n/a    gold=n/a  running‐acc=0.857
Locality eval: pred=true              gold=true  correct=True  running‐acc=0.714
[   8/489] loss=0.0000  pred=n/a    gold=n/a  running‐acc=0.875
Locality eval: pred=true              gold=true  correct=True  running‐acc=0.750
[   9/489] loss=0.0000  pred=n/a    gold=n/a  running‐acc=0.889
Locality eval: pred=true              gold=true  correct=True  running‐acc=0.778
[  10/489] loss=0.0000  pred=true   gold=true  running‐acc=0.900
Locality eval: pred=n/a               gold=n/a  correct=True  running‐acc=0.800
[  11/489] loss=0.0000  pred=true   gold=true  running‐acc=0.909
Locality eval: pred=n/a               gold=n/a  correct=True  running‐acc=0.818
[  12/489] loss=0.0000  pred=n/a    gold=n/a  running‐acc=0.917
Locality eval: pred=true              gold=true  correct=True  running‐acc=0.833
[  13/489] loss=0.0000  pred=n/a    gold=n/a  running‐acc=0.923
Locality eval: pred=true              gold=true  correct=True  running‐acc=0.846
[  14/489] loss=0.0000  pred=n/a    gold=n/a  running‐acc=0.929
Locality eval: pred=n/a               gold=true  correct=False  running‐acc=0.786
[  15/489] loss=0.0000  pred=n/a    gold=n/a  running‐acc=0.933
Locality eval: pred=n/a               gold=true  correct=False  running‐acc=0.733
[  16/489] loss=0.0000  pred=true   gold=true  running‐acc=0.938
Locality eval: pred=n/a               gold=n/a  correct=True  running‐acc=0.750
[  17/489] loss=0.0000  pred=n/a    gold=n/a  running‐acc=0.941
Locality eval: pred=true              gold=true  correct=True  running‐acc=0.765
[  18/489] loss=0.0000  pred=true   gold=true  running‐acc=0.944
Locality eval: pred=n/a               gold=n/a  correct=True  running‐acc=0.778
[  19/489] loss=0.0000  pred=true   gold=true  running‐acc=0.947
Locality eval: pred=n/a               gold=n/a  correct=True  running‐acc=0.789
[  20/489] loss=0.0000  pred=n/a    gold=n/a  running‐acc=0.950
Locality eval: pred=true              gold=true  correct=True  running‐acc=0.800
[  21/489] loss=0.0000  pred=true   gold=true  running‐acc=0.952
Locality eval: pred=n/a               gold=n/a  correct=True  running‐acc=0.810
[  22/489] loss=0.0000  pred=true   gold=true  running‐acc=0.955
Locality eval: pred=n/a               gold=n/a  correct=True  running‐acc=0.818
[  23/489] loss=0.0000  pred=n/a    gold=n/a  running‐acc=0.957
Locality eval: pred=true              gold=true  correct=True  running‐acc=0.826
[  24/489] loss=0.0000  pred=n/a    gold=n/a  running‐acc=0.958
Locality eval: pred=true              gold=true  correct=True  running‐acc=0.833
[  25/489] loss=0.0000  pred=true   gold=true  running‐acc=0.960
Locality eval: pred=n/a               gold=n/a  correct=True  running‐acc=0.840
[  26/489] loss=0.0000  pred=n/a    gold=n/a  running‐acc=0.962
Locality eval: pred=true              gold=true  correct=True  running‐acc=0.846
[  27/489] loss=0.0000  pred=true   gold=true  running‐acc=0.963
Locality eval: pred=n/a               gold=n/a  correct=True  running‐acc=0.852
[  28/489] loss=0.0000  pred=true   gold=true  running‐acc=0.964
Locality eval: pred=n/a               gold=n/a  correct=True  running‐acc=0.857
[  29/489] loss=0.0000  pred=true   gold=n/a  running‐acc=0.931
Locality eval: pred=true              gold=true  correct=True  running‐acc=0.862
[  30/489] loss=0.0000  pred=true   gold=true  running‐acc=0.933
Locality eval: pred=n/a               gold=n/a  correct=True  running‐acc=0.867
[  31/489] loss=0.0000  pred=true   gold=true  running‐acc=0.935
Locality eval: pred=n/a               gold=n/a  correct=True  running‐acc=0.871
[  32/489] loss=0.0000  pred=true   gold=true  running‐acc=0.938
Locality eval: pred=n/a               gold=n/a  correct=True  running‐acc=0.875
[  33/489] loss=0.0000  pred=true   gold=true  running‐acc=0.939
Locality eval: pred=true              gold=n/a  correct=False  running‐acc=0.848
[  34/489] loss=0.0000  pred=true   gold=true  running‐acc=0.941
Locality eval: pred=true              gold=n/a  correct=False  running‐acc=0.824
[  35/489] loss=0.0000  pred=n/a    gold=n/a  running‐acc=0.943
Locality eval: pred=true              gold=true  correct=True  running‐acc=0.829
[  36/489] loss=0.0000  pred=true   gold=true  running‐acc=0.944
Locality eval: pred=n/a               gold=n/a  correct=True  running‐acc=0.833
[  37/489] loss=0.0000  pred=true   gold=true  running‐acc=0.946
Locality eval: pred=n/a               gold=n/a  correct=True  running‐acc=0.838
[  38/489] loss=0.0000  pred=true   gold=true  running‐acc=0.947
Locality eval: pred=n/a               gold=n/a  correct=True  running‐acc=0.842
[  39/489] loss=0.0000  pred=n/a    gold=n/a  running‐acc=0.949
Locality eval: pred=true              gold=true  correct=True  running‐acc=0.846
[  40/489] loss=0.0000  pred=true   gold=true  running‐acc=0.950
Locality eval: pred=n/a               gold=n/a  correct=True  running‐acc=0.850
[  41/489] loss=0.0000  pred=n/a    gold=n/a  running‐acc=0.951
Locality eval: pred=n/a               gold=true  correct=False  running‐acc=0.829
[  42/489] loss=0.0000  pred=n/a    gold=n/a  running‐acc=0.952
Locality eval: pred=true              gold=true  correct=True  running‐acc=0.833
[  43/489] loss=0.0000  pred=true   gold=true  running‐acc=0.953
Locality eval: pred=n/a               gold=n/a  correct=True  running‐acc=0.837
[  44/489] loss=0.0000  pred=true   gold=true  running‐acc=0.955
Locality eval: pred=true              gold=n/a  correct=False  running‐acc=0.818
[  45/489] loss=0.0000  pred=true   gold=n/a  running‐acc=0.933
Locality eval: pred=true              gold=true  correct=True  running‐acc=0.822
[  46/489] loss=0.0000  pred=n/a    gold=n/a  running‐acc=0.935
Locality eval: pred=true              gold=true  correct=True  running‐acc=0.826
[  47/489] loss=0.0000  pred=n/a    gold=n/a  running‐acc=0.936
Locality eval: pred=true              gold=true  correct=True  running‐acc=0.830
[  48/489] loss=0.0000  pred=n/a    gold=n/a  running‐acc=0.938
Locality eval: pred=n/a               gold=true  correct=False  running‐acc=0.812
[  49/489] loss=0.0000  pred=n/a    gold=n/a  running‐acc=0.939
Locality eval: pred=n/a               gold=true  correct=False  running‐acc=0.796
[  50/489] loss=0.0000  pred=true   gold=true  running‐acc=0.940
Locality eval: pred=true              gold=n/a  correct=False  running‐acc=0.780
[  51/489] loss=0.0000  pred=n/a    gold=n/a  running‐acc=0.941
Locality eval: pred=true              gold=true  correct=True  running‐acc=0.784
[  52/489] loss=0.0000  pred=n/a    gold=n/a  running‐acc=0.942
Locality eval: pred=true              gold=true  correct=True  running‐acc=0.788
[  53/489] loss=0.0000  pred=n/a    gold=n/a  running‐acc=0.943
Locality eval: pred=true              gold=true  correct=True  running‐acc=0.792
[  54/489] loss=0.0000  pred=n/a    gold=n/a  running‐acc=0.944
Locality eval: pred=true              gold=true  correct=True  running‐acc=0.796
[  55/489] loss=0.0000  pred=true   gold=true  running‐acc=0.945
Locality eval: pred=n/a               gold=n/a  correct=True  running‐acc=0.800
[  56/489] loss=0.0000  pred=n/a    gold=n/a  running‐acc=0.946
Locality eval: pred=true              gold=true  correct=True  running‐acc=0.804
[  57/489] loss=0.0000  pred=true   gold=true  running‐acc=0.947
Locality eval: pred=n/a               gold=n/a  correct=True  running‐acc=0.807
[  58/489] loss=0.0000  pred=n/a    gold=n/a  running‐acc=0.948
Locality eval: pred=true              gold=true  correct=True  running‐acc=0.810
[  59/489] loss=0.0000  pred=true   gold=true  running‐acc=0.949
Locality eval: pred=n/a               gold=n/a  correct=True  running‐acc=0.814
[  60/489] loss=0.0000  pred=true   gold=true  running‐acc=0.950
Locality eval: pred=n/a               gold=n/a  correct=True  running‐acc=0.817
[  61/489] loss=0.0000  pred=n/a    gold=n/a  running‐acc=0.951
Locality eval: pred=true              gold=true  correct=True  running‐acc=0.820
[  62/489] loss=0.0000  pred=true   gold=true  running‐acc=0.952
Locality eval: pred=n/a               gold=n/a  correct=True  running‐acc=0.823
[  63/489] loss=0.0000  pred=true   gold=true  running‐acc=0.952
Locality eval: pred=n/a               gold=n/a  correct=True  running‐acc=0.825
[  64/489] loss=0.0000  pred=n/a    gold=n/a  running‐acc=0.953
Locality eval: pred=true              gold=true  correct=True  running‐acc=0.828
[  65/489] loss=0.0000  pred=true   gold=true  running‐acc=0.954
Locality eval: pred=n/a               gold=n/a  correct=True  running‐acc=0.831
[  66/489] loss=0.0000  pred=true   gold=true  running‐acc=0.955
Locality eval: pred=false             gold=n/a  correct=False  running‐acc=0.818
[  67/489] loss=0.0000  pred=true   gold=true  running‐acc=0.955
Locality eval: pred=n/a               gold=n/a  correct=True  running‐acc=0.821
[  68/489] loss=0.0000  pred=n/a    gold=n/a  running‐acc=0.956
Locality eval: pred=true              gold=true  correct=True  running‐acc=0.824
[  69/489] loss=0.0000  pred=true   gold=true  running‐acc=0.957
Locality eval: pred=n/a               gold=n/a  correct=True  running‐acc=0.826
[  70/489] loss=0.0000  pred=n/a    gold=n/a  running‐acc=0.957
Locality eval: pred=true              gold=true  correct=True  running‐acc=0.829
[  71/489] loss=0.0000  pred=true   gold=true  running‐acc=0.958
Locality eval: pred=n/a               gold=n/a  correct=True  running‐acc=0.831
[  72/489] loss=0.0000  pred=true   gold=true  running‐acc=0.958
Locality eval: pred=n/a               gold=n/a  correct=True  running‐acc=0.833
[  73/489] loss=0.0000  pred=n/a    gold=n/a  running‐acc=0.959
Locality eval: pred=true              gold=true  correct=True  running‐acc=0.836
[  74/489] loss=0.0000  pred=true   gold=true  running‐acc=0.959
Locality eval: pred=false             gold=n/a  correct=False  running‐acc=0.824
[  75/489] loss=0.0000  pred=n/a    gold=n/a  running‐acc=0.960
Locality eval: pred=true              gold=true  correct=True  running‐acc=0.827
[  76/489] loss=0.0000  pred=true   gold=true  running‐acc=0.961
Locality eval: pred=n/a               gold=n/a  correct=True  running‐acc=0.829
[  77/489] loss=0.0000  pred=n/a    gold=n/a  running‐acc=0.961
Locality eval: pred=true              gold=true  correct=True  running‐acc=0.831
[  78/489] loss=0.0000  pred=n/a    gold=n/a  running‐acc=0.962
Locality eval: pred=true              gold=true  correct=True  running‐acc=0.833
[  79/489] loss=0.0000  pred=true   gold=true  running‐acc=0.962
Locality eval: pred=n/a               gold=n/a  correct=True  running‐acc=0.835
[  80/489] loss=0.0000  pred=true   gold=true  running‐acc=0.963
Locality eval: pred=n/a               gold=n/a  correct=True  running‐acc=0.838
[  81/489] loss=0.0000  pred=true   gold=true  running‐acc=0.963
Locality eval: pred=true              gold=n/a  correct=False  running‐acc=0.827
[  82/489] loss=0.0000  pred=true   gold=true  running‐acc=0.963
Locality eval: pred=n/a               gold=n/a  correct=True  running‐acc=0.829
[  83/489] loss=0.0000  pred=n/a    gold=n/a  running‐acc=0.964
Locality eval: pred=true              gold=true  correct=True  running‐acc=0.831
[  84/489] loss=0.0000  pred=n/a    gold=n/a  running‐acc=0.964
Locality eval: pred=n/a               gold=true  correct=False  running‐acc=0.821
[  85/489] loss=0.0000  pred=true   gold=true  running‐acc=0.965
Locality eval: pred=n/a               gold=n/a  correct=True  running‐acc=0.824
[  86/489] loss=0.0000  pred=n/a    gold=n/a  running‐acc=0.965
Locality eval: pred=n/a               gold=true  correct=False  running‐acc=0.814
[  87/489] loss=0.0000  pred=true   gold=true  running‐acc=0.966
Locality eval: pred=n/a               gold=n/a  correct=True  running‐acc=0.816
[  88/489] loss=0.0000  pred=n/a    gold=n/a  running‐acc=0.966
Locality eval: pred=true              gold=true  correct=True  running‐acc=0.818
[  89/489] loss=0.0000  pred=n/a    gold=n/a  running‐acc=0.966
Locality eval: pred=n/a               gold=true  correct=False  running‐acc=0.809
[  90/489] loss=0.0000  pred=n/a    gold=n/a  running‐acc=0.967
Locality eval: pred=n/a               gold=true  correct=False  running‐acc=0.800
[  91/489] loss=0.0000  pred=n/a    gold=n/a  running‐acc=0.967
Locality eval: pred=true              gold=true  correct=True  running‐acc=0.802
[  92/489] loss=0.0000  pred=n/a    gold=n/a  running‐acc=0.967
Locality eval: pred=true              gold=true  correct=True  running‐acc=0.804
[  93/489] loss=0.0000  pred=true   gold=true  running‐acc=0.968
Locality eval: pred=true              gold=n/a  correct=False  running‐acc=0.796
[  94/489] loss=0.0000  pred=n/a    gold=n/a  running‐acc=0.968
Locality eval: pred=true              gold=true  correct=True  running‐acc=0.798
[  95/489] loss=0.0000  pred=n/a    gold=n/a  running‐acc=0.968
Locality eval: pred=true              gold=true  correct=True  running‐acc=0.800
[  96/489] loss=0.0000  pred=n/a    gold=n/a  running‐acc=0.969
Locality eval: pred=true              gold=true  correct=True  running‐acc=0.802
[  97/489] loss=0.0000  pred=true   gold=true  running‐acc=0.969
Locality eval: pred=true              gold=n/a  correct=False  running‐acc=0.794
[  98/489] loss=0.0000  pred=n/a    gold=n/a  running‐acc=0.969
Locality eval: pred=true              gold=true  correct=True  running‐acc=0.796
[  99/489] loss=0.0000  pred=n/a    gold=n/a  running‐acc=0.970
Locality eval: pred=n/a               gold=true  correct=False  running‐acc=0.788
[ 100/489] loss=0.0000  pred=true   gold=true  running‐acc=0.970
Locality eval: pred=n/a               gold=n/a  correct=True  running‐acc=0.790
[ 101/489] loss=0.0000  pred=n/a    gold=n/a  running‐acc=0.970
Locality eval: pred=true              gold=true  correct=True  running‐acc=0.792
[ 102/489] loss=0.0000  pred=true   gold=true  running‐acc=0.971
Locality eval: pred=n/a               gold=n/a  correct=True  running‐acc=0.794
[ 103/489] loss=0.0000  pred=true   gold=true  running‐acc=0.971
Locality eval: pred=n/a               gold=n/a  correct=True  running‐acc=0.796
[ 104/489] loss=0.0000  pred=n/a    gold=n/a  running‐acc=0.971
Locality eval: pred=true              gold=true  correct=True  running‐acc=0.798
[ 105/489] loss=0.0000  pred=true   gold=true  running‐acc=0.971
Locality eval: pred=n/a               gold=n/a  correct=True  running‐acc=0.800
[ 106/489] loss=0.0000  pred=true   gold=true  running‐acc=0.972
Locality eval: pred=false             gold=n/a  correct=False  running‐acc=0.792
[ 107/489] loss=0.0000  pred=true   gold=true  running‐acc=0.972
Locality eval: pred=n/a               gold=n/a  correct=True  running‐acc=0.794
[ 108/489] loss=0.0000  pred=n/a    gold=n/a  running‐acc=0.972
Locality eval: pred=true              gold=true  correct=True  running‐acc=0.796
[ 109/489] loss=0.0000  pred=n/a    gold=n/a  running‐acc=0.972
Locality eval: pred=true              gold=true  correct=True  running‐acc=0.798
[ 110/489] loss=0.0000  pred=n/a    gold=n/a  running‐acc=0.973
Locality eval: pred=n/a               gold=true  correct=False  running‐acc=0.791
[ 111/489] loss=0.0000  pred=n/a    gold=n/a  running‐acc=0.973
Locality eval: pred=true              gold=true  correct=True  running‐acc=0.793
[ 112/489] loss=0.0000  pred=n/a    gold=n/a  running‐acc=0.973
Locality eval: pred=n/a               gold=true  correct=False  running‐acc=0.786
[ 113/489] loss=0.0000  pred=true   gold=true  running‐acc=0.973
Locality eval: pred=n/a               gold=n/a  correct=True  running‐acc=0.788
[ 114/489] loss=0.0000  pred=n/a    gold=n/a  running‐acc=0.974
Locality eval: pred=true              gold=true  correct=True  running‐acc=0.789
[ 115/489] loss=0.0000  pred=true   gold=true  running‐acc=0.974
Locality eval: pred=true              gold=n/a  correct=False  running‐acc=0.783
[ 116/489] loss=0.0000  pred=true   gold=true  running‐acc=0.974
Locality eval: pred=true              gold=n/a  correct=False  running‐acc=0.776
[ 117/489] loss=0.0000  pred=true   gold=true  running‐acc=0.974
Locality eval: pred=n/a               gold=n/a  correct=True  running‐acc=0.778
[ 118/489] loss=0.0000  pred=n/a    gold=n/a  running‐acc=0.975
Locality eval: pred=n/a               gold=true  correct=False  running‐acc=0.771
[ 119/489] loss=0.0000  pred=true   gold=true  running‐acc=0.975
Locality eval: pred=true              gold=n/a  correct=False  running‐acc=0.765
[ 120/489] loss=0.0000  pred=n/a    gold=n/a  running‐acc=0.975
Locality eval: pred=n/a               gold=true  correct=False  running‐acc=0.758
[ 121/489] loss=0.0000  pred=true   gold=true  running‐acc=0.975
Locality eval: pred=false             gold=n/a  correct=False  running‐acc=0.752
[ 122/489] loss=0.0000  pred=true   gold=true  running‐acc=0.975
Locality eval: pred=n/a               gold=n/a  correct=True  running‐acc=0.754
[ 123/489] loss=0.0000  pred=true   gold=true  running‐acc=0.976
Locality eval: pred=true              gold=n/a  correct=False  running‐acc=0.748
[ 124/489] loss=0.0000  pred=true   gold=true  running‐acc=0.976
Locality eval: pred=n/a               gold=n/a  correct=True  running‐acc=0.750
[ 125/489] loss=0.0000  pred=n/a    gold=n/a  running‐acc=0.976
Locality eval: pred=true              gold=true  correct=True  running‐acc=0.752
[ 126/489] loss=0.0000  pred=n/a    gold=n/a  running‐acc=0.976
Locality eval: pred=true              gold=true  correct=True  running‐acc=0.754
[ 127/489] loss=0.0000  pred=true   gold=true  running‐acc=0.976
Locality eval: pred=n/a               gold=n/a  correct=True  running‐acc=0.756
[ 128/489] loss=0.0000  pred=true   gold=true  running‐acc=0.977
Locality eval: pred=true              gold=n/a  correct=False  running‐acc=0.750
[ 129/489] loss=0.0000  pred=n/a    gold=n/a  running‐acc=0.977
Locality eval: pred=n/a               gold=true  correct=False  running‐acc=0.744
[ 130/489] loss=0.0000  pred=n/a    gold=n/a  running‐acc=0.977
Locality eval: pred=true              gold=true  correct=True  running‐acc=0.746
[ 131/489] loss=0.0000  pred=true   gold=true  running‐acc=0.977
Locality eval: pred=n/a               gold=n/a  correct=True  running‐acc=0.748
[ 132/489] loss=0.0000  pred=n/a    gold=n/a  running‐acc=0.977
Locality eval: pred=n/a               gold=true  correct=False  running‐acc=0.742
[ 133/489] loss=0.0000  pred=n/a    gold=n/a  running‐acc=0.977
Locality eval: pred=true              gold=true  correct=True  running‐acc=0.744
[ 134/489] loss=0.0000  pred=n/a    gold=n/a  running‐acc=0.978
Locality eval: pred=true              gold=true  correct=True  running‐acc=0.746
[ 135/489] loss=0.0000  pred=n/a    gold=n/a  running‐acc=0.978
Locality eval: pred=true              gold=true  correct=True  running‐acc=0.748
[ 136/489] loss=0.0000  pred=true   gold=true  running‐acc=0.978
Locality eval: pred=n/a               gold=n/a  correct=True  running‐acc=0.750
[ 137/489] loss=0.0000  pred=true   gold=true  running‐acc=0.978
Locality eval: pred=n/a               gold=n/a  correct=True  running‐acc=0.752
[ 138/489] loss=0.0000  pred=true   gold=true  running‐acc=0.978
Locality eval: pred=n/a               gold=n/a  correct=True  running‐acc=0.754
[ 139/489] loss=0.0000  pred=n/a    gold=n/a  running‐acc=0.978
Locality eval: pred=true              gold=true  correct=True  running‐acc=0.755
[ 140/489] loss=0.0000  pred=n/a    gold=n/a  running‐acc=0.979
Locality eval: pred=true              gold=true  correct=True  running‐acc=0.757
[ 141/489] loss=0.0000  pred=true   gold=true  running‐acc=0.979
Locality eval: pred=n/a               gold=n/a  correct=True  running‐acc=0.759
[ 142/489] loss=0.0000  pred=n/a    gold=n/a  running‐acc=0.979
Locality eval: pred=n/a               gold=true  correct=False  running‐acc=0.754
[ 143/489] loss=0.0000  pred=true   gold=true  running‐acc=0.979
Locality eval: pred=n/a               gold=n/a  correct=True  running‐acc=0.755
[ 144/489] loss=0.0000  pred=true   gold=true  running‐acc=0.979
Locality eval: pred=false             gold=n/a  correct=False  running‐acc=0.750
[ 145/489] loss=0.0000  pred=true   gold=true  running‐acc=0.979
Locality eval: pred=n/a               gold=n/a  correct=True  running‐acc=0.752
[ 146/489] loss=0.0000  pred=true   gold=true  running‐acc=0.979
Locality eval: pred=n/a               gold=n/a  correct=True  running‐acc=0.753
[ 147/489] loss=0.0000  pred=n/a    gold=n/a  running‐acc=0.980
Locality eval: pred=true              gold=true  correct=True  running‐acc=0.755
[ 148/489] loss=0.0000  pred=true   gold=true  running‐acc=0.980
Locality eval: pred=n/a               gold=n/a  correct=True  running‐acc=0.757
[ 149/489] loss=0.0000  pred=n/a    gold=n/a  running‐acc=0.980
Locality eval: pred=true              gold=true  correct=True  running‐acc=0.758
[ 150/489] loss=0.0000  pred=n/a    gold=n/a  running‐acc=0.980
Locality eval: pred=n/a               gold=true  correct=False  running‐acc=0.753
[ 151/489] loss=0.0000  pred=true   gold=true  running‐acc=0.980
Locality eval: pred=n/a               gold=n/a  correct=True  running‐acc=0.755
[ 152/489] loss=0.0000  pred=n/a    gold=n/a  running‐acc=0.980
Locality eval: pred=true              gold=true  correct=True  running‐acc=0.757
[ 153/489] loss=0.0000  pred=n/a    gold=n/a  running‐acc=0.980
Locality eval: pred=true              gold=true  correct=True  running‐acc=0.758
[ 154/489] loss=0.0000  pred=true   gold=true  running‐acc=0.981
Locality eval: pred=n/a               gold=n/a  correct=True  running‐acc=0.760
[ 155/489] loss=0.0000  pred=true   gold=true  running‐acc=0.981
Locality eval: pred=n/a               gold=n/a  correct=True  running‐acc=0.761
[ 156/489] loss=0.0000  pred=n/a    gold=n/a  running‐acc=0.981
Locality eval: pred=true              gold=true  correct=True  running‐acc=0.763
[ 157/489] loss=0.0000  pred=n/a    gold=n/a  running‐acc=0.981
Locality eval: pred=n/a               gold=true  correct=False  running‐acc=0.758
[ 158/489] loss=0.0000  pred=n/a    gold=n/a  running‐acc=0.981
Locality eval: pred=n/a               gold=true  correct=False  running‐acc=0.753
[ 159/489] loss=0.0000  pred=n/a    gold=n/a  running‐acc=0.981
Locality eval: pred=true              gold=true  correct=True  running‐acc=0.755
[ 160/489] loss=0.0000  pred=n/a    gold=n/a  running‐acc=0.981
Locality eval: pred=true              gold=true  correct=True  running‐acc=0.756
[ 161/489] loss=0.0000  pred=n/a    gold=n/a  running‐acc=0.981
Locality eval: pred=true              gold=true  correct=True  running‐acc=0.758
[ 162/489] loss=0.0000  pred=true   gold=true  running‐acc=0.981
Locality eval: pred=n/a               gold=n/a  correct=True  running‐acc=0.759
[ 163/489] loss=0.0000  pred=n/a    gold=n/a  running‐acc=0.982
Locality eval: pred=n/a               gold=true  correct=False  running‐acc=0.755
[ 164/489] loss=0.0000  pred=n/a    gold=n/a  running‐acc=0.982
Locality eval: pred=n/a               gold=true  correct=False  running‐acc=0.750
[ 165/489] loss=0.0000  pred=true   gold=true  running‐acc=0.982
Locality eval: pred=true              gold=n/a  correct=False  running‐acc=0.745
[ 166/489] loss=0.0000  pred=n/a    gold=n/a  running‐acc=0.982
Locality eval: pred=true              gold=true  correct=True  running‐acc=0.747
[ 167/489] loss=0.0000  pred=true   gold=true  running‐acc=0.982
Locality eval: pred=n/a               gold=n/a  correct=True  running‐acc=0.749
[ 168/489] loss=0.0000  pred=n/a    gold=n/a  running‐acc=0.982
Locality eval: pred=n/a               gold=true  correct=False  running‐acc=0.744
[ 169/489] loss=0.0000  pred=true   gold=true  running‐acc=0.982
Locality eval: pred=n/a               gold=n/a  correct=True  running‐acc=0.746
[ 170/489] loss=0.0000  pred=true   gold=true  running‐acc=0.982
Locality eval: pred=n/a               gold=n/a  correct=True  running‐acc=0.747
[ 171/489] loss=0.0000  pred=true   gold=true  running‐acc=0.982
Locality eval: pred=n/a               gold=n/a  correct=True  running‐acc=0.749
[ 172/489] loss=0.0000  pred=true   gold=true  running‐acc=0.983
Locality eval: pred=true              gold=n/a  correct=False  running‐acc=0.744
[ 173/489] loss=0.0000  pred=n/a    gold=n/a  running‐acc=0.983
Locality eval: pred=true              gold=true  correct=True  running‐acc=0.746
[ 174/489] loss=0.0000  pred=true   gold=true  running‐acc=0.983
Locality eval: pred=n/a               gold=n/a  correct=True  running‐acc=0.747
[ 175/489] loss=0.0000  pred=true   gold=true  running‐acc=0.983
Locality eval: pred=true              gold=n/a  correct=False  running‐acc=0.743
[ 176/489] loss=0.0000  pred=true   gold=true  running‐acc=0.983
Locality eval: pred=true              gold=n/a  correct=False  running‐acc=0.739
[ 177/489] loss=0.0000  pred=n/a    gold=n/a  running‐acc=0.983
Locality eval: pred=true              gold=true  correct=True  running‐acc=0.740
[ 178/489] loss=0.0000  pred=true   gold=true  running‐acc=0.983
Locality eval: pred=n/a               gold=n/a  correct=True  running‐acc=0.742
[ 179/489] loss=0.0000  pred=n/a    gold=n/a  running‐acc=0.983
Locality eval: pred=true              gold=true  correct=True  running‐acc=0.743
[ 180/489] loss=0.0000  pred=true   gold=true  running‐acc=0.983
Locality eval: pred=n/a               gold=n/a  correct=True  running‐acc=0.744
[ 181/489] loss=0.0000  pred=true   gold=true  running‐acc=0.983
Locality eval: pred=n/a               gold=n/a  correct=True  running‐acc=0.746
[ 182/489] loss=0.0000  pred=n/a    gold=n/a  running‐acc=0.984
Locality eval: pred=true              gold=true  correct=True  running‐acc=0.747
[ 183/489] loss=0.0000  pred=n/a    gold=n/a  running‐acc=0.984
Locality eval: pred=true              gold=true  correct=True  running‐acc=0.749
[ 184/489] loss=0.0000  pred=true   gold=true  running‐acc=0.984
Locality eval: pred=n/a               gold=n/a  correct=True  running‐acc=0.750
[ 185/489] loss=0.0000  pred=true   gold=true  running‐acc=0.984
Locality eval: pred=false             gold=n/a  correct=False  running‐acc=0.746
[ 186/489] loss=0.0000  pred=n/a    gold=n/a  running‐acc=0.984
Locality eval: pred=true              gold=true  correct=True  running‐acc=0.747
[ 187/489] loss=0.0000  pred=true   gold=true  running‐acc=0.984
Locality eval: pred=n/a               gold=n/a  correct=True  running‐acc=0.749
[ 188/489] loss=0.0000  pred=true   gold=true  running‐acc=0.984
Locality eval: pred=n/a               gold=n/a  correct=True  running‐acc=0.750
[ 189/489] loss=0.0000  pred=n/a    gold=n/a  running‐acc=0.984
Locality eval: pred=true              gold=true  correct=True  running‐acc=0.751
[ 190/489] loss=0.0000  pred=true   gold=true  running‐acc=0.984
Locality eval: pred=n/a               gold=n/a  correct=True  running‐acc=0.753
[ 191/489] loss=0.0000  pred=true   gold=true  running‐acc=0.984
Locality eval: pred=n/a               gold=n/a  correct=True  running‐acc=0.754
[ 192/489] loss=0.0000  pred=n/a    gold=n/a  running‐acc=0.984
Locality eval: pred=true              gold=true  correct=True  running‐acc=0.755
[ 193/489] loss=0.0000  pred=n/a    gold=n/a  running‐acc=0.984
Locality eval: pred=true              gold=true  correct=True  running‐acc=0.756
[ 194/489] loss=0.0000  pred=n/a    gold=n/a  running‐acc=0.985
Locality eval: pred=true              gold=true  correct=True  running‐acc=0.758
[ 195/489] loss=0.0000  pred=n/a    gold=n/a  running‐acc=0.985
Locality eval: pred=true              gold=true  correct=True  running‐acc=0.759
[ 196/489] loss=0.0000  pred=n/a    gold=n/a  running‐acc=0.985
Locality eval: pred=true              gold=true  correct=True  running‐acc=0.760
[ 197/489] loss=0.0000  pred=true   gold=true  running‐acc=0.985
Locality eval: pred=n/a               gold=n/a  correct=True  running‐acc=0.761
[ 198/489] loss=0.0000  pred=true   gold=true  running‐acc=0.985
Locality eval: pred=n/a               gold=n/a  correct=True  running‐acc=0.763
[ 199/489] loss=0.0000  pred=true   gold=n/a  running‐acc=0.980
Locality eval: pred=true              gold=true  correct=True  running‐acc=0.764
[ 200/489] loss=0.0000  pred=n/a    gold=n/a  running‐acc=0.980
Locality eval: pred=true              gold=true  correct=True  running‐acc=0.765
[ 201/489] loss=0.0000  pred=true   gold=true  running‐acc=0.980
Locality eval: pred=n/a               gold=n/a  correct=True  running‐acc=0.766
[ 202/489] loss=0.0000  pred=n/a    gold=n/a  running‐acc=0.980
Locality eval: pred=true              gold=true  correct=True  running‐acc=0.767
[ 203/489] loss=0.0000  pred=n/a    gold=n/a  running‐acc=0.980
Locality eval: pred=true              gold=true  correct=True  running‐acc=0.768
[ 204/489] loss=0.0000  pred=n/a    gold=n/a  running‐acc=0.980
Locality eval: pred=n/a               gold=true  correct=False  running‐acc=0.765
[ 205/489] loss=0.0000  pred=n/a    gold=n/a  running‐acc=0.980
Locality eval: pred=n/a               gold=true  correct=False  running‐acc=0.761
[ 206/489] loss=0.0000  pred=n/a    gold=n/a  running‐acc=0.981
Locality eval: pred=n/a               gold=true  correct=False  running‐acc=0.757
[ 207/489] loss=0.0000  pred=n/a    gold=n/a  running‐acc=0.981
Locality eval: pred=true              gold=true  correct=True  running‐acc=0.758
[ 208/489] loss=0.0000  pred=true   gold=true  running‐acc=0.981
Locality eval: pred=n/a               gold=n/a  correct=True  running‐acc=0.760
[ 209/489] loss=0.0000  pred=true   gold=true  running‐acc=0.981
Locality eval: pred=n/a               gold=n/a  correct=True  running‐acc=0.761
[ 210/489] loss=0.0000  pred=n/a    gold=n/a  running‐acc=0.981
Locality eval: pred=true              gold=true  correct=True  running‐acc=0.762
[ 211/489] loss=0.0000  pred=n/a    gold=n/a  running‐acc=0.981
Locality eval: pred=true              gold=true  correct=True  running‐acc=0.763
[ 212/489] loss=0.0000  pred=true   gold=true  running‐acc=0.981
Locality eval: pred=true              gold=n/a  correct=False  running‐acc=0.759
[ 213/489] loss=0.0000  pred=n/a    gold=n/a  running‐acc=0.981
Locality eval: pred=true              gold=true  correct=True  running‐acc=0.761
[ 214/489] loss=0.0000  pred=n/a    gold=n/a  running‐acc=0.981
Locality eval: pred=true              gold=true  correct=True  running‐acc=0.762
[ 215/489] loss=0.0000  pred=n/a    gold=n/a  running‐acc=0.981
Locality eval: pred=true              gold=true  correct=True  running‐acc=0.763
[ 216/489] loss=0.0000  pred=n/a    gold=n/a  running‐acc=0.981
Locality eval: pred=true              gold=true  correct=True  running‐acc=0.764
[ 217/489] loss=0.0000  pred=n/a    gold=n/a  running‐acc=0.982
Locality eval: pred=true              gold=true  correct=True  running‐acc=0.765
[ 218/489] loss=0.0000  pred=true   gold=true  running‐acc=0.982
Locality eval: pred=n/a               gold=n/a  correct=True  running‐acc=0.766
[ 219/489] loss=0.0000  pred=true   gold=true  running‐acc=0.982
Locality eval: pred=n/a               gold=n/a  correct=True  running‐acc=0.767
[ 220/489] loss=0.0000  pred=n/a    gold=n/a  running‐acc=0.982
Locality eval: pred=true              gold=true  correct=True  running‐acc=0.768
[ 221/489] loss=0.0000  pred=n/a    gold=n/a  running‐acc=0.982
Locality eval: pred=true              gold=true  correct=True  running‐acc=0.769
[ 222/489] loss=0.0000  pred=n/a    gold=n/a  running‐acc=0.982
Locality eval: pred=n/a               gold=true  correct=False  running‐acc=0.766
[ 223/489] loss=0.0000  pred=true   gold=true  running‐acc=0.982
Locality eval: pred=n/a               gold=n/a  correct=True  running‐acc=0.767
[ 224/489] loss=0.0000  pred=true   gold=true  running‐acc=0.982
Locality eval: pred=n/a               gold=n/a  correct=True  running‐acc=0.768
[ 225/489] loss=0.0000  pred=true   gold=true  running‐acc=0.982
Locality eval: pred=n/a               gold=n/a  correct=True  running‐acc=0.769
[ 226/489] loss=0.0000  pred=true   gold=true  running‐acc=0.982
Locality eval: pred=n/a               gold=n/a  correct=True  running‐acc=0.770
[ 227/489] loss=0.0000  pred=n/a    gold=n/a  running‐acc=0.982
Locality eval: pred=true              gold=true  correct=True  running‐acc=0.771
[ 228/489] loss=0.0000  pred=n/a    gold=n/a  running‐acc=0.982
Locality eval: pred=true              gold=true  correct=True  running‐acc=0.772
[ 229/489] loss=0.0000  pred=true   gold=true  running‐acc=0.983
Locality eval: pred=n/a               gold=n/a  correct=True  running‐acc=0.773
[ 230/489] loss=0.0000  pred=n/a    gold=n/a  running‐acc=0.983
Locality eval: pred=true              gold=true  correct=True  running‐acc=0.774
[ 231/489] loss=0.0000  pred=true   gold=true  running‐acc=0.983
Locality eval: pred=n/a               gold=n/a  correct=True  running‐acc=0.775
[ 232/489] loss=0.0000  pred=n/a    gold=n/a  running‐acc=0.983
Locality eval: pred=true              gold=true  correct=True  running‐acc=0.776
[ 233/489] loss=0.0000  pred=true   gold=true  running‐acc=0.983
Locality eval: pred=n/a               gold=n/a  correct=True  running‐acc=0.777
[ 234/489] loss=0.0000  pred=n/a    gold=n/a  running‐acc=0.983
Locality eval: pred=true              gold=true  correct=True  running‐acc=0.778
[ 235/489] loss=0.0000  pred=true   gold=true  running‐acc=0.983
Locality eval: pred=true              gold=n/a  correct=False  running‐acc=0.774
[ 236/489] loss=0.0000  pred=n/a    gold=n/a  running‐acc=0.983
Locality eval: pred=true              gold=true  correct=True  running‐acc=0.775
[ 237/489] loss=0.0000  pred=true   gold=true  running‐acc=0.983
Locality eval: pred=n/a               gold=n/a  correct=True  running‐acc=0.776
[ 238/489] loss=0.0000  pred=n/a    gold=n/a  running‐acc=0.983
Locality eval: pred=true              gold=true  correct=True  running‐acc=0.777
[ 239/489] loss=0.0000  pred=true   gold=true  running‐acc=0.983
Locality eval: pred=n/a               gold=n/a  correct=True  running‐acc=0.778
[ 240/489] loss=0.0000  pred=true   gold=true  running‐acc=0.983
Locality eval: pred=true              gold=n/a  correct=False  running‐acc=0.775
[ 241/489] loss=0.0000  pred=true   gold=true  running‐acc=0.983
Locality eval: pred=n/a               gold=n/a  correct=True  running‐acc=0.776
[ 242/489] loss=0.0000  pred=true   gold=true  running‐acc=0.983
Locality eval: pred=n/a               gold=n/a  correct=True  running‐acc=0.777
[ 243/489] loss=0.0000  pred=true   gold=true  running‐acc=0.984
Locality eval: pred=n/a               gold=n/a  correct=True  running‐acc=0.778
[ 244/489] loss=0.0000  pred=true   gold=true  running‐acc=0.984
Locality eval: pred=n/a               gold=n/a  correct=True  running‐acc=0.779
[ 245/489] loss=0.0000  pred=true   gold=true  running‐acc=0.984
Locality eval: pred=n/a               gold=n/a  correct=True  running‐acc=0.780
[ 246/489] loss=0.0000  pred=n/a    gold=n/a  running‐acc=0.984
Locality eval: pred=n/a               gold=true  correct=False  running‐acc=0.776
[ 247/489] loss=0.0000  pred=true   gold=true  running‐acc=0.984
Locality eval: pred=n/a               gold=n/a  correct=True  running‐acc=0.777
[ 248/489] loss=0.0000  pred=true   gold=true  running‐acc=0.984
Locality eval: pred=n/a               gold=n/a  correct=True  running‐acc=0.778
[ 249/489] loss=0.0000  pred=true   gold=true  running‐acc=0.984
Locality eval: pred=n/a               gold=n/a  correct=True  running‐acc=0.779
[ 250/489] loss=0.0000  pred=true   gold=true  running‐acc=0.984
Locality eval: pred=true              gold=n/a  correct=False  running‐acc=0.776
[ 251/489] loss=0.0000  pred=n/a    gold=n/a  running‐acc=0.984
Locality eval: pred=true              gold=true  correct=True  running‐acc=0.777
[ 252/489] loss=0.0000  pred=n/a    gold=n/a  running‐acc=0.984
Locality eval: pred=true              gold=true  correct=True  running‐acc=0.778
[ 253/489] loss=0.0000  pred=n/a    gold=n/a  running‐acc=0.984
Locality eval: pred=true              gold=true  correct=True  running‐acc=0.779
[ 254/489] loss=0.0000  pred=n/a    gold=n/a  running‐acc=0.984
Locality eval: pred=n/a               gold=true  correct=False  running‐acc=0.776
[ 255/489] loss=0.0000  pred=true   gold=true  running‐acc=0.984
Locality eval: pred=n/a               gold=n/a  correct=True  running‐acc=0.776
[ 256/489] loss=0.0000  pred=true   gold=true  running‐acc=0.984
Locality eval: pred=n/a               gold=n/a  correct=True  running‐acc=0.777
[ 257/489] loss=0.0000  pred=true   gold=true  running‐acc=0.984
Locality eval: pred=n/a               gold=n/a  correct=True  running‐acc=0.778
[ 258/489] loss=0.0000  pred=n/a    gold=n/a  running‐acc=0.984
Locality eval: pred=true              gold=true  correct=True  running‐acc=0.779
[ 259/489] loss=0.0000  pred=true   gold=true  running‐acc=0.985
Locality eval: pred=n/a               gold=n/a  correct=True  running‐acc=0.780
[ 260/489] loss=0.0000  pred=n/a    gold=n/a  running‐acc=0.985
Locality eval: pred=true              gold=true  correct=True  running‐acc=0.781
[ 261/489] loss=0.0000  pred=true   gold=true  running‐acc=0.985
Locality eval: pred=n/a               gold=n/a  correct=True  running‐acc=0.782
[ 262/489] loss=0.0000  pred=n/a    gold=n/a  running‐acc=0.985
Locality eval: pred=true              gold=true  correct=True  running‐acc=0.782
[ 263/489] loss=0.0000  pred=true   gold=true  running‐acc=0.985
Locality eval: pred=n/a               gold=n/a  correct=True  running‐acc=0.783
[ 264/489] loss=0.0000  pred=true   gold=true  running‐acc=0.985
Locality eval: pred=n/a               gold=n/a  correct=True  running‐acc=0.784
[ 265/489] loss=0.0000  pred=true   gold=true  running‐acc=0.985
Locality eval: pred=true              gold=n/a  correct=False  running‐acc=0.781
[ 266/489] loss=0.0000  pred=n/a    gold=n/a  running‐acc=0.985
Locality eval: pred=true              gold=true  correct=True  running‐acc=0.782
[ 267/489] loss=0.0000  pred=true   gold=true  running‐acc=0.985
Locality eval: pred=n/a               gold=n/a  correct=True  running‐acc=0.783
[ 268/489] loss=0.0000  pred=true   gold=true  running‐acc=0.985
Locality eval: pred=n/a               gold=n/a  correct=True  running‐acc=0.784
[ 269/489] loss=0.0000  pred=true   gold=true  running‐acc=0.985
Locality eval: pred=n/a               gold=n/a  correct=True  running‐acc=0.784
[ 270/489] loss=0.0000  pred=true   gold=true  running‐acc=0.985
Locality eval: pred=n/a               gold=n/a  correct=True  running‐acc=0.785
[ 271/489] loss=0.0000  pred=n/a    gold=n/a  running‐acc=0.985
Locality eval: pred=true              gold=true  correct=True  running‐acc=0.786
[ 272/489] loss=0.0000  pred=n/a    gold=n/a  running‐acc=0.985
Locality eval: pred=true              gold=true  correct=True  running‐acc=0.787
[ 273/489] loss=0.0000  pred=true   gold=true  running‐acc=0.985
Locality eval: pred=n/a               gold=n/a  correct=True  running‐acc=0.788
[ 274/489] loss=0.0000  pred=true   gold=true  running‐acc=0.985
Locality eval: pred=n/a               gold=n/a  correct=True  running‐acc=0.788
[ 275/489] loss=0.0000  pred=true   gold=true  running‐acc=0.985
Locality eval: pred=true              gold=n/a  correct=False  running‐acc=0.785
[ 276/489] loss=0.0000  pred=true   gold=true  running‐acc=0.986
Locality eval: pred=n/a               gold=n/a  correct=True  running‐acc=0.786
[ 277/489] loss=0.0000  pred=n/a    gold=n/a  running‐acc=0.986
Locality eval: pred=true              gold=true  correct=True  running‐acc=0.787
[ 278/489] loss=0.0000  pred=true   gold=true  running‐acc=0.986
Locality eval: pred=n/a               gold=n/a  correct=True  running‐acc=0.788
[ 279/489] loss=0.0000  pred=true   gold=true  running‐acc=0.986
Locality eval: pred=n/a               gold=n/a  correct=True  running‐acc=0.789
[ 280/489] loss=0.0000  pred=n/a    gold=n/a  running‐acc=0.986
Locality eval: pred=true              gold=true  correct=True  running‐acc=0.789
[ 281/489] loss=0.0000  pred=n/a    gold=n/a  running‐acc=0.986
Locality eval: pred=true              gold=true  correct=True  running‐acc=0.790
[ 282/489] loss=0.0000  pred=n/a    gold=n/a  running‐acc=0.986
Locality eval: pred=n/a               gold=true  correct=False  running‐acc=0.787
[ 283/489] loss=0.0000  pred=n/a    gold=n/a  running‐acc=0.986
Locality eval: pred=true              gold=true  correct=True  running‐acc=0.788
[ 284/489] loss=0.0000  pred=n/a    gold=n/a  running‐acc=0.986
Locality eval: pred=n/a               gold=true  correct=False  running‐acc=0.785
[ 285/489] loss=0.0000  pred=n/a    gold=n/a  running‐acc=0.986
Locality eval: pred=true              gold=true  correct=True  running‐acc=0.786
[ 286/489] loss=0.0000  pred=true   gold=true  running‐acc=0.986
Locality eval: pred=n/a               gold=n/a  correct=True  running‐acc=0.787
[ 287/489] loss=0.0000  pred=n/a    gold=n/a  running‐acc=0.986
Locality eval: pred=true              gold=true  correct=True  running‐acc=0.787
[ 288/489] loss=0.0000  pred=n/a    gold=n/a  running‐acc=0.986
Locality eval: pred=n/a               gold=true  correct=False  running‐acc=0.785
[ 289/489] loss=0.0000  pred=true   gold=true  running‐acc=0.986
Locality eval: pred=n/a               gold=n/a  correct=True  running‐acc=0.785
[ 290/489] loss=0.0000  pred=true   gold=true  running‐acc=0.986
Locality eval: pred=n/a               gold=n/a  correct=True  running‐acc=0.786
[ 291/489] loss=0.0000  pred=true   gold=true  running‐acc=0.986
Locality eval: pred=n/a               gold=n/a  correct=True  running‐acc=0.787
[ 292/489] loss=0.0000  pred=n/a    gold=n/a  running‐acc=0.986
Locality eval: pred=n/a               gold=true  correct=False  running‐acc=0.784
[ 293/489] loss=0.0000  pred=true   gold=true  running‐acc=0.986
Locality eval: pred=n/a               gold=n/a  correct=True  running‐acc=0.785
[ 294/489] loss=0.0000  pred=true   gold=true  running‐acc=0.986
Locality eval: pred=true              gold=n/a  correct=False  running‐acc=0.782
[ 295/489] loss=0.0000  pred=n/a    gold=n/a  running‐acc=0.986
Locality eval: pred=true              gold=true  correct=True  running‐acc=0.783
[ 296/489] loss=0.0000  pred=n/a    gold=n/a  running‐acc=0.986
Locality eval: pred=true              gold=true  correct=True  running‐acc=0.784
[ 297/489] loss=0.0000  pred=n/a    gold=n/a  running‐acc=0.987
Locality eval: pred=true              gold=true  correct=True  running‐acc=0.785
[ 298/489] loss=0.0000  pred=true   gold=true  running‐acc=0.987
Locality eval: pred=n/a               gold=n/a  correct=True  running‐acc=0.785
[ 299/489] loss=0.0000  pred=true   gold=true  running‐acc=0.987
Locality eval: pred=true              gold=n/a  correct=False  running‐acc=0.783
[ 300/489] loss=0.0000  pred=n/a    gold=n/a  running‐acc=0.987
Locality eval: pred=true              gold=true  correct=True  running‐acc=0.783
[ 301/489] loss=0.0000  pred=n/a    gold=n/a  running‐acc=0.987
Locality eval: pred=true              gold=true  correct=True  running‐acc=0.784
[ 302/489] loss=0.0000  pred=n/a    gold=n/a  running‐acc=0.987
Locality eval: pred=true              gold=true  correct=True  running‐acc=0.785
[ 303/489] loss=0.0000  pred=true   gold=true  running‐acc=0.987
Locality eval: pred=n/a               gold=n/a  correct=True  running‐acc=0.785
[ 304/489] loss=0.0000  pred=n/a    gold=n/a  running‐acc=0.987
Locality eval: pred=true              gold=true  correct=True  running‐acc=0.786
[ 305/489] loss=0.0000  pred=n/a    gold=n/a  running‐acc=0.987
Locality eval: pred=true              gold=true  correct=True  running‐acc=0.787
[ 306/489] loss=0.0000  pred=true   gold=true  running‐acc=0.987
Locality eval: pred=n/a               gold=n/a  correct=True  running‐acc=0.788
[ 307/489] loss=0.0000  pred=true   gold=true  running‐acc=0.987
Locality eval: pred=n/a               gold=n/a  correct=True  running‐acc=0.788
[ 308/489] loss=0.0000  pred=true   gold=true  running‐acc=0.987
Locality eval: pred=n/a               gold=n/a  correct=True  running‐acc=0.789
[ 309/489] loss=0.0000  pred=n/a    gold=n/a  running‐acc=0.987
Locality eval: pred=true              gold=true  correct=True  running‐acc=0.790
[ 310/489] loss=0.0000  pred=true   gold=true  running‐acc=0.987
Locality eval: pred=n/a               gold=n/a  correct=True  running‐acc=0.790
[ 311/489] loss=0.0000  pred=n/a    gold=n/a  running‐acc=0.987
Locality eval: pred=n/a               gold=true  correct=False  running‐acc=0.788
[ 312/489] loss=0.0000  pred=n/a    gold=n/a  running‐acc=0.987
Locality eval: pred=n/a               gold=true  correct=False  running‐acc=0.785
[ 313/489] loss=0.0000  pred=true   gold=true  running‐acc=0.987
Locality eval: pred=n/a               gold=n/a  correct=True  running‐acc=0.786
[ 314/489] loss=0.0000  pred=n/a    gold=n/a  running‐acc=0.987
Locality eval: pred=n/a               gold=true  correct=False  running‐acc=0.783
[ 315/489] loss=0.0000  pred=n/a    gold=n/a  running‐acc=0.987
Locality eval: pred=n/a               gold=true  correct=False  running‐acc=0.781
[ 316/489] loss=0.0000  pred=n/a    gold=n/a  running‐acc=0.987
Locality eval: pred=true              gold=true  correct=True  running‐acc=0.782
[ 317/489] loss=0.0000  pred=n/a    gold=n/a  running‐acc=0.987
Locality eval: pred=n/a               gold=true  correct=False  running‐acc=0.779
[ 318/489] loss=0.0000  pred=true   gold=true  running‐acc=0.987
Locality eval: pred=n/a               gold=n/a  correct=True  running‐acc=0.780
[ 319/489] loss=0.0000  pred=n/a    gold=n/a  running‐acc=0.987
Locality eval: pred=true              gold=true  correct=True  running‐acc=0.781
[ 320/489] loss=0.0000  pred=n/a    gold=n/a  running‐acc=0.988
Locality eval: pred=n/a               gold=true  correct=False  running‐acc=0.778
[ 321/489] loss=0.0000  pred=n/a    gold=n/a  running‐acc=0.988
Locality eval: pred=true              gold=true  correct=True  running‐acc=0.779
[ 322/489] loss=0.0000  pred=n/a    gold=n/a  running‐acc=0.988
Locality eval: pred=true              gold=true  correct=True  running‐acc=0.780
[ 323/489] loss=0.0000  pred=true   gold=true  running‐acc=0.988
Locality eval: pred=n/a               gold=n/a  correct=True  running‐acc=0.780
[ 324/489] loss=0.0000  pred=n/a    gold=n/a  running‐acc=0.988
Locality eval: pred=true              gold=true  correct=True  running‐acc=0.781
[ 325/489] loss=0.0000  pred=true   gold=true  running‐acc=0.988
Locality eval: pred=n/a               gold=n/a  correct=True  running‐acc=0.782
[ 326/489] loss=0.0000  pred=n/a    gold=n/a  running‐acc=0.988
Locality eval: pred=true              gold=true  correct=True  running‐acc=0.782
[ 327/489] loss=0.0000  pred=true   gold=true  running‐acc=0.988
Locality eval: pred=n/a               gold=n/a  correct=True  running‐acc=0.783
[ 328/489] loss=0.0000  pred=true   gold=true  running‐acc=0.988
Locality eval: pred=false             gold=n/a  correct=False  running‐acc=0.780
[ 329/489] loss=0.0000  pred=n/a    gold=n/a  running‐acc=0.988
Locality eval: pred=true              gold=true  correct=True  running‐acc=0.781
[ 330/489] loss=0.0000  pred=true   gold=true  running‐acc=0.988
Locality eval: pred=n/a               gold=n/a  correct=True  running‐acc=0.782
[ 331/489] loss=0.0000  pred=true   gold=true  running‐acc=0.988
Locality eval: pred=n/a               gold=n/a  correct=True  running‐acc=0.782
[ 332/489] loss=0.0000  pred=n/a    gold=n/a  running‐acc=0.988
Locality eval: pred=n/a               gold=true  correct=False  running‐acc=0.780
[ 333/489] loss=0.0000  pred=n/a    gold=n/a  running‐acc=0.988
Locality eval: pred=true              gold=true  correct=True  running‐acc=0.781
[ 334/489] loss=0.0000  pred=n/a    gold=n/a  running‐acc=0.988
Locality eval: pred=true              gold=true  correct=True  running‐acc=0.781
[ 335/489] loss=0.0000  pred=true   gold=true  running‐acc=0.988
Locality eval: pred=n/a               gold=n/a  correct=True  running‐acc=0.782
[ 336/489] loss=0.0000  pred=true   gold=true  running‐acc=0.988
Locality eval: pred=n/a               gold=n/a  correct=True  running‐acc=0.783
[ 337/489] loss=0.0000  pred=n/a    gold=n/a  running‐acc=0.988
Locality eval: pred=true              gold=true  correct=True  running‐acc=0.783
[ 338/489] loss=0.0000  pred=true   gold=true  running‐acc=0.988
Locality eval: pred=true              gold=n/a  correct=False  running‐acc=0.781
[ 339/489] loss=0.0000  pred=n/a    gold=n/a  running‐acc=0.988
Locality eval: pred=true              gold=true  correct=True  running‐acc=0.782
[ 340/489] loss=0.0000  pred=n/a    gold=n/a  running‐acc=0.988
Locality eval: pred=true              gold=true  correct=True  running‐acc=0.782
[ 341/489] loss=0.0000  pred=n/a    gold=n/a  running‐acc=0.988
Locality eval: pred=n/a               gold=true  correct=False  running‐acc=0.780
[ 342/489] loss=0.0000  pred=true   gold=true  running‐acc=0.988
Locality eval: pred=n/a               gold=n/a  correct=True  running‐acc=0.781
[ 343/489] loss=0.0000  pred=n/a    gold=n/a  running‐acc=0.988
Locality eval: pred=n/a               gold=true  correct=False  running‐acc=0.778
[ 344/489] loss=0.0000  pred=true   gold=true  running‐acc=0.988
Locality eval: pred=n/a               gold=n/a  correct=True  running‐acc=0.779
[ 345/489] loss=0.0000  pred=true   gold=true  running‐acc=0.988
Locality eval: pred=true              gold=n/a  correct=False  running‐acc=0.777
[ 346/489] loss=0.0000  pred=true   gold=true  running‐acc=0.988
Locality eval: pred=n/a               gold=n/a  correct=True  running‐acc=0.777
[ 347/489] loss=0.0000  pred=n/a    gold=n/a  running‐acc=0.988
Locality eval: pred=true              gold=true  correct=True  running‐acc=0.778
[ 348/489] loss=0.0000  pred=n/a    gold=n/a  running‐acc=0.989
Locality eval: pred=n/a               gold=true  correct=False  running‐acc=0.776
[ 349/489] loss=0.0000  pred=true   gold=true  running‐acc=0.989
Locality eval: pred=n/a               gold=n/a  correct=True  running‐acc=0.777
[ 350/489] loss=0.0000  pred=true   gold=true  running‐acc=0.989
Locality eval: pred=n/a               gold=n/a  correct=True  running‐acc=0.777
[ 351/489] loss=0.0000  pred=n/a    gold=n/a  running‐acc=0.989
Locality eval: pred=true              gold=true  correct=True  running‐acc=0.778
[ 352/489] loss=0.0000  pred=n/a    gold=n/a  running‐acc=0.989
Locality eval: pred=n/a               gold=true  correct=False  running‐acc=0.776
[ 353/489] loss=0.0000  pred=true   gold=true  running‐acc=0.989
Locality eval: pred=n/a               gold=n/a  correct=True  running‐acc=0.776
[ 354/489] loss=0.0000  pred=n/a    gold=n/a  running‐acc=0.989
Locality eval: pred=true              gold=true  correct=True  running‐acc=0.777
[ 355/489] loss=0.0000  pred=true   gold=true  running‐acc=0.989
Locality eval: pred=false             gold=n/a  correct=False  running‐acc=0.775
[ 356/489] loss=0.0000  pred=n/a    gold=n/a  running‐acc=0.989
Locality eval: pred=n/a               gold=true  correct=False  running‐acc=0.772
[ 357/489] loss=0.0000  pred=n/a    gold=n/a  running‐acc=0.989
Locality eval: pred=true              gold=true  correct=True  running‐acc=0.773
[ 358/489] loss=0.0000  pred=n/a    gold=n/a  running‐acc=0.989
Locality eval: pred=true              gold=true  correct=True  running‐acc=0.774
[ 359/489] loss=0.0000  pred=n/a    gold=n/a  running‐acc=0.989
Locality eval: pred=true              gold=true  correct=True  running‐acc=0.774
[ 360/489] loss=0.0000  pred=n/a    gold=n/a  running‐acc=0.989
Locality eval: pred=true              gold=true  correct=True  running‐acc=0.775
[ 361/489] loss=0.0000  pred=true   gold=true  running‐acc=0.989
Locality eval: pred=n/a               gold=n/a  correct=True  running‐acc=0.776
[ 362/489] loss=0.0000  pred=n/a    gold=n/a  running‐acc=0.989
Locality eval: pred=true              gold=true  correct=True  running‐acc=0.776
[ 363/489] loss=0.0000  pred=n/a    gold=n/a  running‐acc=0.989
Locality eval: pred=true              gold=true  correct=True  running‐acc=0.777
[ 364/489] loss=0.0000  pred=n/a    gold=n/a  running‐acc=0.989
Locality eval: pred=n/a               gold=true  correct=False  running‐acc=0.775
[ 365/489] loss=0.0000  pred=true   gold=true  running‐acc=0.989
Locality eval: pred=n/a               gold=n/a  correct=True  running‐acc=0.775
[ 366/489] loss=0.0000  pred=true   gold=true  running‐acc=0.989
Locality eval: pred=true              gold=n/a  correct=False  running‐acc=0.773
[ 367/489] loss=0.0000  pred=true   gold=true  running‐acc=0.989
Locality eval: pred=n/a               gold=n/a  correct=True  running‐acc=0.774
[ 368/489] loss=0.0000  pred=true   gold=true  running‐acc=0.989
Locality eval: pred=n/a               gold=n/a  correct=True  running‐acc=0.774
[ 369/489] loss=0.0000  pred=n/a    gold=n/a  running‐acc=0.989
Locality eval: pred=true              gold=true  correct=True  running‐acc=0.775
[ 370/489] loss=0.0000  pred=n/a    gold=true  running‐acc=0.986
Locality eval: pred=n/a               gold=n/a  correct=True  running‐acc=0.776
[ 371/489] loss=0.0000  pred=true   gold=true  running‐acc=0.987
Locality eval: pred=true              gold=n/a  correct=False  running‐acc=0.774
[ 372/489] loss=0.0000  pred=true   gold=true  running‐acc=0.987
Locality eval: pred=n/a               gold=n/a  correct=True  running‐acc=0.774
[ 373/489] loss=0.0000  pred=true   gold=true  running‐acc=0.987
Locality eval: pred=n/a               gold=n/a  correct=True  running‐acc=0.775
[ 374/489] loss=0.0000  pred=n/a    gold=n/a  running‐acc=0.987
Locality eval: pred=true              gold=true  correct=True  running‐acc=0.775
[ 375/489] loss=0.0000  pred=true   gold=true  running‐acc=0.987
Locality eval: pred=true              gold=n/a  correct=False  running‐acc=0.773
[ 376/489] loss=0.0000  pred=true   gold=true  running‐acc=0.987
Locality eval: pred=true              gold=n/a  correct=False  running‐acc=0.771
[ 377/489] loss=0.0000  pred=true   gold=true  running‐acc=0.987
Locality eval: pred=true              gold=n/a  correct=False  running‐acc=0.769
[ 378/489] loss=0.0000  pred=true   gold=true  running‐acc=0.987
Locality eval: pred=true              gold=n/a  correct=False  running‐acc=0.767
[ 379/489] loss=0.0000  pred=true   gold=true  running‐acc=0.987
Locality eval: pred=n/a               gold=n/a  correct=True  running‐acc=0.768
[ 380/489] loss=0.0000  pred=true   gold=true  running‐acc=0.987
Locality eval: pred=n/a               gold=n/a  correct=True  running‐acc=0.768
[ 381/489] loss=0.0000  pred=n/a    gold=n/a  running‐acc=0.987
Locality eval: pred=true              gold=true  correct=True  running‐acc=0.769
[ 382/489] loss=0.0000  pred=n/a    gold=n/a  running‐acc=0.987
Locality eval: pred=true              gold=true  correct=True  running‐acc=0.770
[ 383/489] loss=0.0000  pred=true   gold=true  running‐acc=0.987
Locality eval: pred=n/a               gold=n/a  correct=True  running‐acc=0.770
[ 384/489] loss=0.0000  pred=n/a    gold=n/a  running‐acc=0.987
Locality eval: pred=true              gold=true  correct=True  running‐acc=0.771
[ 385/489] loss=0.0000  pred=n/a    gold=n/a  running‐acc=0.987
Locality eval: pred=true              gold=true  correct=True  running‐acc=0.771
[ 386/489] loss=0.0000  pred=true   gold=true  running‐acc=0.987
Locality eval: pred=n/a               gold=n/a  correct=True  running‐acc=0.772
[ 387/489] loss=0.0000  pred=true   gold=true  running‐acc=0.987
Locality eval: pred=n/a               gold=n/a  correct=True  running‐acc=0.773
[ 388/489] loss=0.0000  pred=true   gold=true  running‐acc=0.987
Locality eval: pred=n/a               gold=n/a  correct=True  running‐acc=0.773
[ 389/489] loss=0.0000  pred=n/a    gold=n/a  running‐acc=0.987
Locality eval: pred=true              gold=true  correct=True  running‐acc=0.774
[ 390/489] loss=0.0000  pred=n/a    gold=n/a  running‐acc=0.987
Locality eval: pred=n/a               gold=true  correct=False  running‐acc=0.772
[ 391/489] loss=0.0000  pred=n/a    gold=n/a  running‐acc=0.987
Locality eval: pred=n/a               gold=true  correct=False  running‐acc=0.770
[ 392/489] loss=0.0000  pred=true   gold=true  running‐acc=0.987
Locality eval: pred=false             gold=n/a  correct=False  running‐acc=0.768
[ 393/489] loss=0.0000  pred=n/a    gold=n/a  running‐acc=0.987
Locality eval: pred=true              gold=true  correct=True  running‐acc=0.768
[ 394/489] loss=0.0000  pred=true   gold=true  running‐acc=0.987
Locality eval: pred=n/a               gold=n/a  correct=True  running‐acc=0.769
[ 395/489] loss=0.0000  pred=true   gold=true  running‐acc=0.987
Locality eval: pred=n/a               gold=n/a  correct=True  running‐acc=0.770
[ 396/489] loss=0.0000  pred=true   gold=true  running‐acc=0.987
Locality eval: pred=n/a               gold=n/a  correct=True  running‐acc=0.770
[ 397/489] loss=0.0000  pred=n/a    gold=n/a  running‐acc=0.987
Locality eval: pred=true              gold=true  correct=True  running‐acc=0.771
[ 398/489] loss=0.0000  pred=true   gold=true  running‐acc=0.987
Locality eval: pred=n/a               gold=n/a  correct=True  running‐acc=0.771
[ 399/489] loss=0.0000  pred=true   gold=true  running‐acc=0.987
Locality eval: pred=n/a               gold=n/a  correct=True  running‐acc=0.772
[ 400/489] loss=0.0000  pred=true   gold=true  running‐acc=0.988
Locality eval: pred=n/a               gold=n/a  correct=True  running‐acc=0.772
[ 401/489] loss=0.0000  pred=true   gold=true  running‐acc=0.988
Locality eval: pred=n/a               gold=n/a  correct=True  running‐acc=0.773
[ 402/489] loss=0.0000  pred=n/a    gold=n/a  running‐acc=0.988
Locality eval: pred=true              gold=true  correct=True  running‐acc=0.774
[ 403/489] loss=0.0000  pred=n/a    gold=n/a  running‐acc=0.988
Locality eval: pred=true              gold=true  correct=True  running‐acc=0.774
[ 404/489] loss=0.0000  pred=true   gold=true  running‐acc=0.988
Locality eval: pred=n/a               gold=n/a  correct=True  running‐acc=0.775
[ 405/489] loss=0.0000  pred=true   gold=true  running‐acc=0.988
Locality eval: pred=true              gold=n/a  correct=False  running‐acc=0.773
[ 406/489] loss=0.0000  pred=true   gold=true  running‐acc=0.988
Locality eval: pred=false             gold=n/a  correct=False  running‐acc=0.771
[ 407/489] loss=0.0000  pred=true   gold=true  running‐acc=0.988
Locality eval: pred=true              gold=n/a  correct=False  running‐acc=0.769
[ 408/489] loss=0.0000  pred=n/a    gold=n/a  running‐acc=0.988
Locality eval: pred=n/a               gold=true  correct=False  running‐acc=0.767
[ 409/489] loss=0.0000  pred=true   gold=true  running‐acc=0.988
Locality eval: pred=n/a               gold=n/a  correct=True  running‐acc=0.768
[ 410/489] loss=0.0000  pred=n/a    gold=n/a  running‐acc=0.988
Locality eval: pred=n/a               gold=true  correct=False  running‐acc=0.766
[ 411/489] loss=0.0000  pred=n/a    gold=n/a  running‐acc=0.988
Locality eval: pred=true              gold=true  correct=True  running‐acc=0.766
[ 412/489] loss=0.0000  pred=n/a    gold=n/a  running‐acc=0.988
Locality eval: pred=n/a               gold=true  correct=False  running‐acc=0.765
[ 413/489] loss=0.0000  pred=true   gold=true  running‐acc=0.988
Locality eval: pred=n/a               gold=n/a  correct=True  running‐acc=0.765
[ 414/489] loss=0.0000  pred=true   gold=true  running‐acc=0.988
Locality eval: pred=n/a               gold=n/a  correct=True  running‐acc=0.766
[ 415/489] loss=0.0000  pred=n/a    gold=n/a  running‐acc=0.988
Locality eval: pred=true              gold=true  correct=True  running‐acc=0.766
[ 416/489] loss=0.0000  pred=true   gold=true  running‐acc=0.988
Locality eval: pred=n/a               gold=n/a  correct=True  running‐acc=0.767
[ 417/489] loss=0.0000  pred=n/a    gold=n/a  running‐acc=0.988
Locality eval: pred=true              gold=true  correct=True  running‐acc=0.767
[ 418/489] loss=0.0000  pred=n/a    gold=n/a  running‐acc=0.988
Locality eval: pred=n/a               gold=true  correct=False  running‐acc=0.766
[ 419/489] loss=0.0000  pred=true   gold=true  running‐acc=0.988
Locality eval: pred=n/a               gold=n/a  correct=True  running‐acc=0.766
[ 420/489] loss=0.0000  pred=n/a    gold=n/a  running‐acc=0.988
Locality eval: pred=true              gold=true  correct=True  running‐acc=0.767
[ 421/489] loss=0.0000  pred=n/a    gold=n/a  running‐acc=0.988
Locality eval: pred=true              gold=true  correct=True  running‐acc=0.767
[ 422/489] loss=0.0000  pred=true   gold=true  running‐acc=0.988
Locality eval: pred=n/a               gold=n/a  correct=True  running‐acc=0.768
[ 423/489] loss=0.0000  pred=n/a    gold=n/a  running‐acc=0.988
Locality eval: pred=n/a               gold=true  correct=False  running‐acc=0.766
[ 424/489] loss=0.0000  pred=n/a    gold=n/a  running‐acc=0.988
Locality eval: pred=true              gold=true  correct=True  running‐acc=0.767
[ 425/489] loss=0.0000  pred=n/a    gold=n/a  running‐acc=0.988
Locality eval: pred=n/a               gold=true  correct=False  running‐acc=0.765
[ 426/489] loss=0.0000  pred=true   gold=true  running‐acc=0.988
Locality eval: pred=n/a               gold=n/a  correct=True  running‐acc=0.765
[ 427/489] loss=0.0000  pred=n/a    gold=n/a  running‐acc=0.988
Locality eval: pred=n/a               gold=true  correct=False  running‐acc=0.763
[ 428/489] loss=0.0000  pred=true   gold=true  running‐acc=0.988
Locality eval: pred=n/a               gold=n/a  correct=True  running‐acc=0.764
[ 429/489] loss=0.0000  pred=n/a    gold=n/a  running‐acc=0.988
Locality eval: pred=true              gold=true  correct=True  running‐acc=0.765
[ 430/489] loss=0.0000  pred=true   gold=true  running‐acc=0.988
Locality eval: pred=true              gold=n/a  correct=False  running‐acc=0.763
[ 431/489] loss=0.0000  pred=true   gold=true  running‐acc=0.988
Locality eval: pred=n/a               gold=n/a  correct=True  running‐acc=0.763
[ 432/489] loss=0.0000  pred=n/a    gold=n/a  running‐acc=0.988
Locality eval: pred=true              gold=true  correct=True  running‐acc=0.764
[ 433/489] loss=0.0000  pred=true   gold=true  running‐acc=0.988
Locality eval: pred=true              gold=n/a  correct=False  running‐acc=0.762
[ 434/489] loss=0.0000  pred=true   gold=true  running‐acc=0.988
Locality eval: pred=n/a               gold=n/a  correct=True  running‐acc=0.763
[ 435/489] loss=0.0000  pred=n/a    gold=n/a  running‐acc=0.989
Locality eval: pred=true              gold=true  correct=True  running‐acc=0.763
[ 436/489] loss=0.0000  pred=n/a    gold=n/a  running‐acc=0.989
Locality eval: pred=true              gold=true  correct=True  running‐acc=0.764
[ 437/489] loss=0.0000  pred=true   gold=true  running‐acc=0.989
Locality eval: pred=n/a               gold=n/a  correct=True  running‐acc=0.764
[ 438/489] loss=0.0000  pred=n/a    gold=n/a  running‐acc=0.989
Locality eval: pred=true              gold=true  correct=True  running‐acc=0.765
[ 439/489] loss=0.0000  pred=n/a    gold=n/a  running‐acc=0.989
Locality eval: pred=true              gold=true  correct=True  running‐acc=0.765
[ 440/489] loss=0.0000  pred=n/a    gold=n/a  running‐acc=0.989
Locality eval: pred=true              gold=true  correct=True  running‐acc=0.766
[ 441/489] loss=0.0000  pred=n/a    gold=n/a  running‐acc=0.989
Locality eval: pred=n/a               gold=true  correct=False  running‐acc=0.764
[ 442/489] loss=0.0000  pred=n/a    gold=n/a  running‐acc=0.989
Locality eval: pred=n/a               gold=true  correct=False  running‐acc=0.762
[ 443/489] loss=0.0000  pred=true   gold=true  running‐acc=0.989
Locality eval: pred=true              gold=n/a  correct=False  running‐acc=0.761
[ 444/489] loss=0.0000  pred=true   gold=true  running‐acc=0.989
Locality eval: pred=n/a               gold=n/a  correct=True  running‐acc=0.761
[ 445/489] loss=0.0000  pred=true   gold=true  running‐acc=0.989
Locality eval: pred=n/a               gold=n/a  correct=True  running‐acc=0.762
[ 446/489] loss=0.0000  pred=true   gold=true  running‐acc=0.989
Locality eval: pred=n/a               gold=n/a  correct=True  running‐acc=0.762
[ 447/489] loss=0.0000  pred=n/a    gold=n/a  running‐acc=0.989
Locality eval: pred=true              gold=true  correct=True  running‐acc=0.763
[ 448/489] loss=0.0000  pred=true   gold=true  running‐acc=0.989
Locality eval: pred=n/a               gold=n/a  correct=True  running‐acc=0.763
[ 449/489] loss=0.0000  pred=true   gold=true  running‐acc=0.989
Locality eval: pred=n/a               gold=n/a  correct=True  running‐acc=0.764
[ 450/489] loss=0.0000  pred=n/a    gold=n/a  running‐acc=0.989
Locality eval: pred=true              gold=true  correct=True  running‐acc=0.764
[ 451/489] loss=0.0000  pred=true   gold=true  running‐acc=0.989
Locality eval: pred=true              gold=n/a  correct=False  running‐acc=0.763
[ 452/489] loss=0.0000  pred=true   gold=true  running‐acc=0.989
Locality eval: pred=n/a               gold=n/a  correct=True  running‐acc=0.763
[ 453/489] loss=0.0000  pred=n/a    gold=n/a  running‐acc=0.989
Locality eval: pred=true              gold=true  correct=True  running‐acc=0.764
[ 454/489] loss=0.0000  pred=true   gold=true  running‐acc=0.989
Locality eval: pred=n/a               gold=n/a  correct=True  running‐acc=0.764
[ 455/489] loss=0.0000  pred=true   gold=true  running‐acc=0.989
Locality eval: pred=n/a               gold=n/a  correct=True  running‐acc=0.765
[ 456/489] loss=0.0000  pred=true   gold=true  running‐acc=0.989
Locality eval: pred=true              gold=n/a  correct=False  running‐acc=0.763
[ 457/489] loss=0.0000  pred=n/a    gold=n/a  running‐acc=0.989
Locality eval: pred=true              gold=true  correct=True  running‐acc=0.764
[ 458/489] loss=0.0000  pred=true   gold=true  running‐acc=0.989
Locality eval: pred=n/a               gold=n/a  correct=True  running‐acc=0.764
[ 459/489] loss=0.0000  pred=n/a    gold=n/a  running‐acc=0.989
Locality eval: pred=true              gold=true  correct=True  running‐acc=0.765
[ 460/489] loss=0.0000  pred=n/a    gold=n/a  running‐acc=0.989
Locality eval: pred=true              gold=true  correct=True  running‐acc=0.765
[ 461/489] loss=0.0000  pred=n/a    gold=n/a  running‐acc=0.989
Locality eval: pred=true              gold=true  correct=True  running‐acc=0.766
[ 462/489] loss=0.0000  pred=true   gold=true  running‐acc=0.989
Locality eval: pred=n/a               gold=n/a  correct=True  running‐acc=0.766
[ 463/489] loss=0.0000  pred=n/a    gold=n/a  running‐acc=0.989
Locality eval: pred=true              gold=true  correct=True  running‐acc=0.767
[ 464/489] loss=0.0000  pred=true   gold=true  running‐acc=0.989
Locality eval: pred=n/a               gold=n/a  correct=True  running‐acc=0.767
[ 465/489] loss=0.0000  pred=n/a    gold=n/a  running‐acc=0.989
Locality eval: pred=true              gold=true  correct=True  running‐acc=0.768
[ 466/489] loss=0.0000  pred=n/a    gold=n/a  running‐acc=0.989
Locality eval: pred=true              gold=true  correct=True  running‐acc=0.768
[ 467/489] loss=0.0000  pred=n/a    gold=n/a  running‐acc=0.989
Locality eval: pred=true              gold=true  correct=True  running‐acc=0.769
[ 468/489] loss=0.0000  pred=true   gold=true  running‐acc=0.989
Locality eval: pred=n/a               gold=n/a  correct=True  running‐acc=0.769
[ 469/489] loss=0.0000  pred=n/a    gold=n/a  running‐acc=0.989
Locality eval: pred=true              gold=true  correct=True  running‐acc=0.770
[ 470/489] loss=0.0000  pred=n/a    gold=n/a  running‐acc=0.989
Locality eval: pred=n/a               gold=true  correct=False  running‐acc=0.768
[ 471/489] loss=0.0000  pred=n/a    gold=n/a  running‐acc=0.989
Locality eval: pred=true              gold=true  correct=True  running‐acc=0.769
[ 472/489] loss=0.0000  pred=n/a    gold=n/a  running‐acc=0.989
Locality eval: pred=true              gold=true  correct=True  running‐acc=0.769
[ 473/489] loss=0.0000  pred=n/a    gold=n/a  running‐acc=0.989
Locality eval: pred=true              gold=true  correct=True  running‐acc=0.770
[ 474/489] loss=0.0000  pred=true   gold=true  running‐acc=0.989
Locality eval: pred=n/a               gold=n/a  correct=True  running‐acc=0.770
[ 475/489] loss=0.0000  pred=true   gold=true  running‐acc=0.989
Locality eval: pred=n/a               gold=n/a  correct=True  running‐acc=0.771
[ 476/489] loss=0.0000  pred=true   gold=true  running‐acc=0.989
Locality eval: pred=true              gold=n/a  correct=False  running‐acc=0.769
[ 477/489] loss=0.0000  pred=true   gold=true  running‐acc=0.990
Locality eval: pred=true              gold=n/a  correct=False  running‐acc=0.767
[ 478/489] loss=0.0000  pred=true   gold=true  running‐acc=0.990
Locality eval: pred=n/a               gold=n/a  correct=True  running‐acc=0.768
[ 479/489] loss=0.0000  pred=n/a    gold=n/a  running‐acc=0.990
Locality eval: pred=n/a               gold=true  correct=False  running‐acc=0.766
[ 480/489] loss=0.0000  pred=true   gold=true  running‐acc=0.990
Locality eval: pred=true              gold=n/a  correct=False  running‐acc=0.765
[ 481/489] loss=0.0000  pred=n/a    gold=n/a  running‐acc=0.990
Locality eval: pred=true              gold=true  correct=True  running‐acc=0.765
[ 482/489] loss=0.0000  pred=n/a    gold=n/a  running‐acc=0.990
Locality eval: pred=n/a               gold=true  correct=False  running‐acc=0.763
[ 483/489] loss=0.0000  pred=n/a    gold=n/a  running‐acc=0.990
Locality eval: pred=true              gold=true  correct=True  running‐acc=0.764
[ 484/489] loss=0.0000  pred=true   gold=true  running‐acc=0.990
Locality eval: pred=n/a               gold=n/a  correct=True  running‐acc=0.764
[ 485/489] loss=0.0000  pred=true   gold=true  running‐acc=0.990
Locality eval: pred=true              gold=n/a  correct=False  running‐acc=0.763
[ 486/489] loss=0.0000  pred=n/a    gold=n/a  running‐acc=0.990
Locality eval: pred=true              gold=true  correct=True  running‐acc=0.763
[ 487/489] loss=0.0000  pred=n/a    gold=n/a  running‐acc=0.990
Locality eval: pred=true              gold=true  correct=True  running‐acc=0.764
[ 488/489] loss=0.0000  pred=true   gold=true  running‐acc=0.990
Locality eval: pred=n/a               gold=n/a  correct=True  running‐acc=0.764
[ 489/489] loss=0.0000  pred=true   gold=true  running‐acc=0.990
Locality eval: pred=false             gold=n/a  correct=False  running‐acc=0.763

Finished in 4411.0s.  Final accuracy: 0.990.
Adapter saved to output/lora_logic_pairwise.
