
Loading base model (4‐bit)…
trainable params: 2,252,800 || all params: 1,102,301,184 || trainable%: 0.2044
  0%|          | 0/489 [00:00<?, ?it/s]100%|██████████| 489/489 [00:00<00:00, 49854.51it/s]
Loaded 489 (train, eval) pairs.

Starting sequential training…
Cached 88 LoRA tensors.
[   1/489] loss=0.7351  pred=n/a    gold=n/a  running‐acc=1.000
Locality eval: pred=n/a               gold=true  correct=False  running‐acc=0.000
[   2/489] loss=0.5150  pred=n/a    gold=n/a  running‐acc=1.000
Locality eval: pred=n/a               gold=true  correct=False  running‐acc=0.000
[   3/489] loss=0.3084  pred=(true)  gold=n/a  running‐acc=0.667
Locality eval: pred=n/a               gold=true  correct=False  running‐acc=0.000
[   4/489] loss=0.2612  pred=true   gold=true  running‐acc=0.750
Locality eval: pred=true              gold=n/a  correct=False  running‐acc=0.000
[   5/489] loss=0.0626  pred=true   gold=true  running‐acc=0.800
Locality eval: pred=true              gold=n/a  correct=False  running‐acc=0.000
[   6/489] loss=1.2614  pred=true   gold=n/a  running‐acc=0.667
Locality eval: pred=true              gold=true  correct=True  running‐acc=0.167
[   7/489] loss=0.6586  pred=true   gold=true  running‐acc=0.714
Locality eval: pred=true              gold=n/a  correct=False  running‐acc=0.143
[   8/489] loss=0.8909  pred=true   gold=n/a  running‐acc=0.625
Locality eval: pred=true              gold=true  correct=True  running‐acc=0.250
[   9/489] loss=0.9026  pred=n/a    gold=n/a  running‐acc=0.667
Locality eval: pred=true              gold=true  correct=True  running‐acc=0.333
[  10/489] loss=0.9219  pred=n/a    gold=n/a  running‐acc=0.700
Locality eval: pred=n/a               gold=true  correct=False  running‐acc=0.300
[  11/489] loss=0.4358  pred=true   gold=true  running‐acc=0.727
Locality eval: pred=true              gold=n/a  correct=False  running‐acc=0.273
[  12/489] loss=0.9599  pred=true   gold=n/a  running‐acc=0.667
Locality eval: pred=true              gold=true  correct=True  running‐acc=0.333
[  13/489] loss=0.8469  pred=n/a    gold=n/a  running‐acc=0.692
Locality eval: pred=n/a               gold=true  correct=False  running‐acc=0.308
[  14/489] loss=0.6162  pred=n/a    gold=n/a  running‐acc=0.714
Locality eval: pred=n/a               gold=true  correct=False  running‐acc=0.286
[  15/489] loss=0.3815  pred=n/a    gold=n/a  running‐acc=0.733
Locality eval: pred=n/a               gold=true  correct=False  running‐acc=0.267
[  16/489] loss=0.1237  pred=true   gold=true  running‐acc=0.750
Locality eval: pred=true              gold=n/a  correct=False  running‐acc=0.250
[  17/489] loss=0.9089  pred=true   gold=n/a  running‐acc=0.706
Locality eval: pred=true              gold=true  correct=True  running‐acc=0.294
[  18/489] loss=0.1482  pred=true   gold=true  running‐acc=0.722
Locality eval: pred=true              gold=n/a  correct=False  running‐acc=0.278
[  19/489] loss=0.8936  pred=true   gold=n/a  running‐acc=0.684
Locality eval: pred=true              gold=true  correct=True  running‐acc=0.316
[  20/489] loss=1.5131  pred=true   gold=n/a  running‐acc=0.650
Locality eval: pred=n/a               gold=true  correct=False  running‐acc=0.300
[  21/489] loss=1.0566  pred=true   gold=true  running‐acc=0.667
Locality eval: pred=true              gold=n/a  correct=False  running‐acc=0.286
[  22/489] loss=0.1407  pred=true   gold=true  running‐acc=0.682
Locality eval: pred=true              gold=n/a  correct=False  running‐acc=0.273
[  23/489] loss=0.0248  pred=true   gold=true  running‐acc=0.696
Locality eval: pred=true              gold=n/a  correct=False  running‐acc=0.261
[  24/489] loss=1.1638  pred=true   gold=n/a  running‐acc=0.667
Locality eval: pred=n/a               gold=true  correct=False  running‐acc=0.250
[  25/489] loss=1.3097  pred=true   gold=true  running‐acc=0.680
Locality eval: pred=n/a               gold=n/a  correct=True  running‐acc=0.280
[  26/489] loss=0.3624  pred=true   gold=true  running‐acc=0.692
Locality eval: pred=true              gold=n/a  correct=False  running‐acc=0.269
[  27/489] loss=1.2849  pred=true   gold=n/a  running‐acc=0.667
Locality eval: pred=true              gold=true  correct=True  running‐acc=0.296
[  28/489] loss=0.7399  pred=true   gold=true  running‐acc=0.679
Locality eval: pred=true              gold=n/a  correct=False  running‐acc=0.286
[  29/489] loss=0.9796  pred=true   gold=n/a  running‐acc=0.655
Locality eval: pred=true              gold=true  correct=True  running‐acc=0.310
[  30/489] loss=1.0367  pred=n/a    gold=n/a  running‐acc=0.667
Locality eval: pred=n/a               gold=true  correct=False  running‐acc=0.300
[  31/489] loss=0.3848  pred=true   gold=true  running‐acc=0.677
Locality eval: pred=true              gold=n/a  correct=False  running‐acc=0.290
[  32/489] loss=1.0120  pred=true   gold=n/a  running‐acc=0.656
Locality eval: pred=true              gold=true  correct=True  running‐acc=0.312
[  33/489] loss=0.6757  pred=true   gold=n/a  running‐acc=0.636
Locality eval: pred=true              gold=true  correct=True  running‐acc=0.333
[  34/489] loss=0.5343  pred=n/a    gold=n/a  running‐acc=0.647
Locality eval: pred=n/a               gold=true  correct=False  running‐acc=0.324
[  35/489] loss=1.3761  pred=true   gold=true  running‐acc=0.657
Locality eval: pred=n/a               gold=n/a  correct=True  running‐acc=0.343
[  36/489] loss=0.2068  pred=true   gold=true  running‐acc=0.667
Locality eval: pred=true              gold=n/a  correct=False  running‐acc=0.333
[  37/489] loss=0.0504  pred=true   gold=true  running‐acc=0.676
Locality eval: pred=true              gold=n/a  correct=False  running‐acc=0.324
[  38/489] loss=0.0072  pred=true   gold=true  running‐acc=0.684
Locality eval: pred=true              gold=n/a  correct=False  running‐acc=0.316
[  39/489] loss=1.1516  pred=true   gold=n/a  running‐acc=0.667
Locality eval: pred=true              gold=true  correct=True  running‐acc=0.333
[  40/489] loss=1.5272  pred=true   gold=true  running‐acc=0.675
Locality eval: pred=true              gold=n/a  correct=False  running‐acc=0.325
[  41/489] loss=0.2528  pred=true   gold=true  running‐acc=0.683
Locality eval: pred=true              gold=n/a  correct=False  running‐acc=0.317
[  42/489] loss=1.0478  pred=true   gold=n/a  running‐acc=0.667
Locality eval: pred=true              gold=true  correct=True  running‐acc=0.333
[  43/489] loss=1.1016  pred=true   gold=true  running‐acc=0.674
Locality eval: pred=true              gold=n/a  correct=False  running‐acc=0.326
[  44/489] loss=0.9777  pred=true   gold=n/a  running‐acc=0.659
Locality eval: pred=true              gold=true  correct=True  running‐acc=0.341
[  45/489] loss=0.7543  pred=n/a    gold=n/a  running‐acc=0.667
Locality eval: pred=n/a               gold=true  correct=False  running‐acc=0.333
[  46/489] loss=0.7671  pred=true   gold=true  running‐acc=0.674
Locality eval: pred=true              gold=n/a  correct=False  running‐acc=0.326
[  47/489] loss=0.0392  pred=true   gold=true  running‐acc=0.681
Locality eval: pred=true              gold=n/a  correct=False  running‐acc=0.319
[  48/489] loss=0.0420  pred=true   gold=true  running‐acc=0.688
Locality eval: pred=true              gold=n/a  correct=False  running‐acc=0.312
[  49/489] loss=0.0510  pred=true   gold=true  running‐acc=0.694
Locality eval: pred=true              gold=n/a  correct=False  running‐acc=0.306
[  50/489] loss=1.2422  pred=true   gold=n/a  running‐acc=0.680
Locality eval: pred=true              gold=true  correct=True  running‐acc=0.320
[  51/489] loss=1.3266  pred=false  gold=n/a  running‐acc=0.667
Locality eval: pred=true              gold=true  correct=True  running‐acc=0.333
[  52/489] loss=0.8214  pred=n/a    gold=n/a  running‐acc=0.673
Locality eval: pred=true              gold=true  correct=True  running‐acc=0.346
[  53/489] loss=0.9016  pred=true   gold=n/a  running‐acc=0.660
Locality eval: pred=n/a               gold=true  correct=False  running‐acc=0.340
[  54/489] loss=1.4993  pred=true   gold=true  running‐acc=0.667
Locality eval: pred=true              gold=n/a  correct=False  running‐acc=0.333
[  55/489] loss=0.3313  pred=true   gold=true  running‐acc=0.673
Locality eval: pred=true              gold=n/a  correct=False  running‐acc=0.327
[  56/489] loss=1.0984  pred=n/a    gold=n/a  running‐acc=0.679
Locality eval: pred=true              gold=true  correct=True  running‐acc=0.339
[  57/489] loss=1.3252  pred=n/a    gold=n/a  running‐acc=0.684
Locality eval: pred=n/a               gold=true  correct=False  running‐acc=0.333
[  58/489] loss=0.6941  pred=true   gold=true  running‐acc=0.690
Locality eval: pred=true              gold=n/a  correct=False  running‐acc=0.328
[  59/489] loss=1.0683  pred=true   gold=n/a  running‐acc=0.678
Locality eval: pred=true              gold=true  correct=True  running‐acc=0.339
[  60/489] loss=1.3530  pred=true   gold=n/a  running‐acc=0.667
Locality eval: pred=n/a               gold=true  correct=False  running‐acc=0.333
[  61/489] loss=0.7934  pred=n/a    gold=n/a  running‐acc=0.672
Locality eval: pred=n/a               gold=true  correct=False  running‐acc=0.328
[  62/489] loss=0.9396  pred=true   gold=n/a  running‐acc=0.661
Locality eval: pred=n/a               gold=true  correct=False  running‐acc=0.323
[  63/489] loss=0.9504  pred=true   gold=true  running‐acc=0.667
Locality eval: pred=n/a               gold=n/a  correct=True  running‐acc=0.333
[  64/489] loss=0.1205  pred=true   gold=true  running‐acc=0.672
Locality eval: pred=true              gold=n/a  correct=False  running‐acc=0.328
[  65/489] loss=0.1244  pred=true   gold=true  running‐acc=0.677
Locality eval: pred=true              gold=n/a  correct=False  running‐acc=0.323
[  66/489] loss=1.0971  pred=true   gold=n/a  running‐acc=0.667
Locality eval: pred=true              gold=true  correct=True  running‐acc=0.333
[  67/489] loss=0.9819  pred=true   gold=n/a  running‐acc=0.657
Locality eval: pred=n/a               gold=true  correct=False  running‐acc=0.328
[  68/489] loss=0.8932  pred=true   gold=true  running‐acc=0.662
Locality eval: pred=true              gold=n/a  correct=False  running‐acc=0.324
[  69/489] loss=1.0986  pred=true   gold=n/a  running‐acc=0.652
Locality eval: pred=true              gold=true  correct=True  running‐acc=0.333
[  70/489] loss=1.4973  pred=true   gold=true  running‐acc=0.657
Locality eval: pred=true              gold=n/a  correct=False  running‐acc=0.329
[  71/489] loss=0.4722  pred=true   gold=true  running‐acc=0.662
Locality eval: pred=true              gold=n/a  correct=False  running‐acc=0.324
[  72/489] loss=0.1474  pred=true   gold=true  running‐acc=0.667
Locality eval: pred=true              gold=n/a  correct=False  running‐acc=0.319
[  73/489] loss=1.1096  pred=true   gold=n/a  running‐acc=0.658
Locality eval: pred=true              gold=true  correct=True  running‐acc=0.329
[  74/489] loss=1.1362  pred=n/a    gold=n/a  running‐acc=0.662
Locality eval: pred=n/a               gold=true  correct=False  running‐acc=0.324
[  75/489] loss=0.9750  pred=true   gold=true  running‐acc=0.667
Locality eval: pred=n/a               gold=n/a  correct=True  running‐acc=0.333
[  76/489] loss=0.0907  pred=true   gold=true  running‐acc=0.671
Locality eval: pred=true              gold=n/a  correct=False  running‐acc=0.329
[  77/489] loss=0.0417  pred=true   gold=true  running‐acc=0.675
Locality eval: pred=true              gold=n/a  correct=False  running‐acc=0.325
[  78/489] loss=0.3915  pred=true   gold=true  running‐acc=0.679
Locality eval: pred=true              gold=n/a  correct=False  running‐acc=0.321
[  79/489] loss=0.0580  pred=true   gold=true  running‐acc=0.684
Locality eval: pred=true              gold=n/a  correct=False  running‐acc=0.316
[  80/489] loss=0.0347  pred=true   gold=true  running‐acc=0.688
Locality eval: pred=true              gold=n/a  correct=False  running‐acc=0.312
[  81/489] loss=0.0181  pred=true   gold=true  running‐acc=0.691
Locality eval: pred=true              gold=n/a  correct=False  running‐acc=0.309
[  82/489] loss=1.1113  pred=true   gold=n/a  running‐acc=0.683
Locality eval: pred=true              gold=true  correct=True  running‐acc=0.317
[  83/489] loss=0.8014  pred=n/a    gold=n/a  running‐acc=0.687
Locality eval: pred=true              gold=true  correct=True  running‐acc=0.325
[  84/489] loss=0.5690  pred=n/a    gold=n/a  running‐acc=0.690
Locality eval: pred=n/a               gold=true  correct=False  running‐acc=0.321
[  85/489] loss=1.0319  pred=n/a    gold=n/a  running‐acc=0.694
Locality eval: pred=true              gold=true  correct=True  running‐acc=0.329
[  86/489] loss=1.1508  pred=true   gold=true  running‐acc=0.698
Locality eval: pred=true              gold=n/a  correct=False  running‐acc=0.326
[  87/489] loss=0.9082  pred=true   gold=n/a  running‐acc=0.690
Locality eval: pred=true              gold=true  correct=True  running‐acc=0.333
[  88/489] loss=0.6605  pred=true   gold=n/a  running‐acc=0.682
Locality eval: pred=true              gold=true  correct=True  running‐acc=0.341
[  89/489] loss=1.3718  pred=true   gold=true  running‐acc=0.685
Locality eval: pred=n/a               gold=n/a  correct=True  running‐acc=0.348
[  90/489] loss=1.3068  pred=true   gold=n/a  running‐acc=0.678
Locality eval: pred=true              gold=true  correct=True  running‐acc=0.356
[  91/489] loss=1.1579  pred=false  gold=n/a  running‐acc=0.670
Locality eval: pred=n/a               gold=true  correct=False  running‐acc=0.352
[  92/489] loss=0.7925  pred=true   gold=n/a  running‐acc=0.663
Locality eval: pred=true              gold=true  correct=True  running‐acc=0.359
[  93/489] loss=0.5793  pred=true   gold=true  running‐acc=0.667
Locality eval: pred=true              gold=n/a  correct=False  running‐acc=0.355
[  94/489] loss=1.1558  pred=true   gold=n/a  running‐acc=0.660
Locality eval: pred=true              gold=true  correct=True  running‐acc=0.362
[  95/489] loss=0.6111  pred=true   gold=true  running‐acc=0.663
Locality eval: pred=true              gold=n/a  correct=False  running‐acc=0.358
[  96/489] loss=1.0616  pred=true   gold=n/a  running‐acc=0.656
Locality eval: pred=true              gold=true  correct=True  running‐acc=0.365
[  97/489] loss=1.2642  pred=true   gold=true  running‐acc=0.660
Locality eval: pred=n/a               gold=n/a  correct=True  running‐acc=0.371
[  98/489] loss=0.9103  pred=true   gold=n/a  running‐acc=0.653
Locality eval: pred=true              gold=true  correct=True  running‐acc=0.378
[  99/489] loss=0.9222  pred=n/a    gold=n/a  running‐acc=0.657
Locality eval: pred=true              gold=true  correct=True  running‐acc=0.384
[ 100/489] loss=1.1884  pred=true   gold=n/a  running‐acc=0.650
Locality eval: pred=true              gold=true  correct=True  running‐acc=0.390
[ 101/489] loss=0.7489  pred=n/a    gold=n/a  running‐acc=0.653
Locality eval: pred=true              gold=true  correct=True  running‐acc=0.396
[ 102/489] loss=0.5436  pred=n/a    gold=n/a  running‐acc=0.657
Locality eval: pred=true              gold=true  correct=True  running‐acc=0.402
[ 103/489] loss=1.6913  pred=true   gold=true  running‐acc=0.660
Locality eval: pred=n/a               gold=n/a  correct=True  running‐acc=0.408
[ 104/489] loss=1.1415  pred=n/a    gold=n/a  running‐acc=0.663
Locality eval: pred=n/a               gold=true  correct=False  running‐acc=0.404
[ 105/489] loss=0.8117  pred=n/a    gold=n/a  running‐acc=0.667
Locality eval: pred=n/a               gold=true  correct=False  running‐acc=0.400
[ 106/489] loss=0.3456  pred=true   gold=true  running‐acc=0.670
Locality eval: pred=true              gold=n/a  correct=False  running‐acc=0.396
[ 107/489] loss=0.0409  pred=true   gold=true  running‐acc=0.673
Locality eval: pred=true              gold=n/a  correct=False  running‐acc=0.393
[ 108/489] loss=1.0305  pred=n/a    gold=n/a  running‐acc=0.676
Locality eval: pred=true              gold=true  correct=True  running‐acc=0.398
[ 109/489] loss=1.5299  pred=n/a    gold=n/a  running‐acc=0.679
Locality eval: pred=true              gold=true  correct=True  running‐acc=0.404
[ 110/489] loss=1.7297  pred=true   gold=true  running‐acc=0.682
Locality eval: pred=true              gold=n/a  correct=False  running‐acc=0.400
[ 111/489] loss=1.2889  pred=true   gold=n/a  running‐acc=0.676
Locality eval: pred=true              gold=true  correct=True  running‐acc=0.405
[ 112/489] loss=0.9103  pred=true   gold=true  running‐acc=0.679
Locality eval: pred=true              gold=n/a  correct=False  running‐acc=0.402
[ 113/489] loss=1.0757  pred=n/a    gold=n/a  running‐acc=0.681
Locality eval: pred=true              gold=true  correct=True  running‐acc=0.407
[ 114/489] loss=0.7305  pred=n/a    gold=n/a  running‐acc=0.684
Locality eval: pred=true              gold=true  correct=True  running‐acc=0.412
[ 115/489] loss=1.1874  pred=true   gold=true  running‐acc=0.687
Locality eval: pred=true              gold=n/a  correct=False  running‐acc=0.409
[ 116/489] loss=0.1322  pred=true   gold=true  running‐acc=0.690
Locality eval: pred=true              gold=n/a  correct=False  running‐acc=0.405
[ 117/489] loss=0.9365  pred=true   gold=n/a  running‐acc=0.684
Locality eval: pred=true              gold=true  correct=True  running‐acc=0.410
[ 118/489] loss=1.3432  pred=n/a    gold=n/a  running‐acc=0.686
Locality eval: pred=true              gold=true  correct=True  running‐acc=0.415
[ 119/489] loss=1.5648  pred=true   gold=true  running‐acc=0.689
Locality eval: pred=n/a               gold=n/a  correct=True  running‐acc=0.420
[ 120/489] loss=0.8135  pred=n/a    gold=n/a  running‐acc=0.692
Locality eval: pred=true              gold=true  correct=True  running‐acc=0.425
[ 121/489] loss=0.2830  pred=true   gold=true  running‐acc=0.694
Locality eval: pred=false             gold=n/a  correct=False  running‐acc=0.421
[ 122/489] loss=1.2501  pred=true   gold=n/a  running‐acc=0.689
Locality eval: pred=true              gold=true  correct=True  running‐acc=0.426
[ 123/489] loss=0.8560  pred=n/a    gold=n/a  running‐acc=0.691
Locality eval: pred=true              gold=true  correct=True  running‐acc=0.431
[ 124/489] loss=1.6766  pred=true   gold=true  running‐acc=0.694
Locality eval: pred=true              gold=n/a  correct=False  running‐acc=0.427
[ 125/489] loss=0.7445  pred=true   gold=true  running‐acc=0.696
Locality eval: pred=true              gold=n/a  correct=False  running‐acc=0.424
[ 126/489] loss=0.8031  pred=true   gold=n/a  running‐acc=0.690
Locality eval: pred=true              gold=true  correct=True  running‐acc=0.429
[ 127/489] loss=0.6334  pred=n/a    gold=n/a  running‐acc=0.693
Locality eval: pred=true              gold=true  correct=True  running‐acc=0.433
[ 128/489] loss=0.5480  pred=true   gold=true  running‐acc=0.695
Locality eval: pred=true              gold=n/a  correct=False  running‐acc=0.430
[ 129/489] loss=0.0386  pred=true   gold=true  running‐acc=0.698
Locality eval: pred=true              gold=n/a  correct=False  running‐acc=0.426
[ 130/489] loss=0.0545  pred=true   gold=true  running‐acc=0.700
Locality eval: pred=true              gold=n/a  correct=False  running‐acc=0.423
[ 131/489] loss=1.1595  pred=true   gold=n/a  running‐acc=0.695
Locality eval: pred=true              gold=true  correct=True  running‐acc=0.427
[ 132/489] loss=0.8284  pred=false  gold=n/a  running‐acc=0.689
Locality eval: pred=true              gold=true  correct=True  running‐acc=0.432
[ 133/489] loss=0.8225  pred=true   gold=n/a  running‐acc=0.684
Locality eval: pred=n/a               gold=true  correct=False  running‐acc=0.429
[ 134/489] loss=0.2264  pred=true   gold=true  running‐acc=0.687
Locality eval: pred=true              gold=n/a  correct=False  running‐acc=0.425
[ 135/489] loss=0.0646  pred=true   gold=true  running‐acc=0.689
Locality eval: pred=true              gold=n/a  correct=False  running‐acc=0.422
[ 136/489] loss=1.2998  pred=true   gold=n/a  running‐acc=0.684
Locality eval: pred=true              gold=true  correct=True  running‐acc=0.426
[ 137/489] loss=0.6298  pred=true   gold=true  running‐acc=0.686
Locality eval: pred=true              gold=n/a  correct=False  running‐acc=0.423
[ 138/489] loss=1.0039  pred=true   gold=n/a  running‐acc=0.681
Locality eval: pred=true              gold=true  correct=True  running‐acc=0.428
[ 139/489] loss=0.6277  pred=true   gold=true  running‐acc=0.683
Locality eval: pred=true              gold=n/a  correct=False  running‐acc=0.424
[ 140/489] loss=0.0641  pred=true   gold=true  running‐acc=0.686
Locality eval: pred=true              gold=n/a  correct=False  running‐acc=0.421
[ 141/489] loss=0.0924  pred=true   gold=true  running‐acc=0.688
Locality eval: pred=true              gold=n/a  correct=False  running‐acc=0.418
[ 142/489] loss=0.0163  pred=true   gold=true  running‐acc=0.690
Locality eval: pred=true              gold=n/a  correct=False  running‐acc=0.415
[ 143/489] loss=0.9692  pred=true   gold=n/a  running‐acc=0.685
Locality eval: pred=true              gold=true  correct=True  running‐acc=0.420
[ 144/489] loss=1.0503  pred=n/a    gold=n/a  running‐acc=0.688
Locality eval: pred=n/a               gold=true  correct=False  running‐acc=0.417
[ 145/489] loss=0.6522  pred=true   gold=true  running‐acc=0.690
Locality eval: pred=true              gold=n/a  correct=False  running‐acc=0.414
[ 146/489] loss=0.0855  pred=true   gold=true  running‐acc=0.692
Locality eval: pred=true              gold=n/a  correct=False  running‐acc=0.411
[ 147/489] loss=0.0249  pred=true   gold=true  running‐acc=0.694
Locality eval: pred=true              gold=n/a  correct=False  running‐acc=0.408
[ 148/489] loss=1.1049  pred=false  gold=n/a  running‐acc=0.689
Locality eval: pred=true              gold=true  correct=True  running‐acc=0.412
[ 149/489] loss=1.1651  pred=true   gold=true  running‐acc=0.691
Locality eval: pred=true              gold=n/a  correct=False  running‐acc=0.409
[ 150/489] loss=0.8819  pred=true   gold=n/a  running‐acc=0.687
Locality eval: pred=true              gold=true  correct=True  running‐acc=0.413
[ 151/489] loss=1.3098  pred=true   gold=true  running‐acc=0.689
Locality eval: pred=n/a               gold=n/a  correct=True  running‐acc=0.417
[ 152/489] loss=0.8119  pred=true   gold=n/a  running‐acc=0.684
Locality eval: pred=n/a               gold=true  correct=False  running‐acc=0.414
[ 153/489] loss=1.0443  pred=true   gold=true  running‐acc=0.686
Locality eval: pred=true              gold=n/a  correct=False  running‐acc=0.412
[ 154/489] loss=0.4090  pred=true   gold=true  running‐acc=0.688
Locality eval: pred=true              gold=n/a  correct=False  running‐acc=0.409
[ 155/489] loss=0.1860  pred=true   gold=true  running‐acc=0.690
Locality eval: pred=true              gold=n/a  correct=False  running‐acc=0.406
[ 156/489] loss=1.0358  pred=false  gold=n/a  running‐acc=0.686
Locality eval: pred=true              gold=true  correct=True  running‐acc=0.410
[ 157/489] loss=0.7217  pred=true   gold=n/a  running‐acc=0.682
Locality eval: pred=n/a               gold=true  correct=False  running‐acc=0.408
[ 158/489] loss=0.5259  pred=n/a    gold=n/a  running‐acc=0.684
Locality eval: pred=n/a               gold=true  correct=False  running‐acc=0.405
[ 159/489] loss=0.5637  pred=true   gold=n/a  running‐acc=0.679
Locality eval: pred=true              gold=true  correct=True  running‐acc=0.409
[ 160/489] loss=0.8421  pred=n/a    gold=n/a  running‐acc=0.681
Locality eval: pred=n/a               gold=true  correct=False  running‐acc=0.406
[ 161/489] loss=0.4965  pred=false  gold=n/a  running‐acc=0.677
Locality eval: pred=true              gold=true  correct=True  running‐acc=0.410
[ 162/489] loss=0.7410  pred=n/a    gold=n/a  running‐acc=0.679
Locality eval: pred=true              gold=true  correct=True  running‐acc=0.414
[ 163/489] loss=0.4622  pred=n/a    gold=n/a  running‐acc=0.681
Locality eval: pred=true              gold=true  correct=True  running‐acc=0.417
[ 164/489] loss=0.4836  pred=n/a    gold=n/a  running‐acc=0.683
Locality eval: pred=n/a               gold=true  correct=False  running‐acc=0.415
[ 165/489] loss=0.6205  pred=true   gold=n/a  running‐acc=0.679
Locality eval: pred=n/a               gold=true  correct=False  running‐acc=0.412
[ 166/489] loss=0.6225  pred=n/a    gold=n/a  running‐acc=0.681
Locality eval: pred=true              gold=true  correct=True  running‐acc=0.416
[ 167/489] loss=1.3645  pred=true   gold=true  running‐acc=0.683
Locality eval: pred=n/a               gold=n/a  correct=True  running‐acc=0.419
[ 168/489] loss=0.0894  pred=true   gold=true  running‐acc=0.685
Locality eval: pred=true              gold=n/a  correct=False  running‐acc=0.417
[ 169/489] loss=0.0312  pred=true   gold=true  running‐acc=0.686
Locality eval: pred=true              gold=n/a  correct=False  running‐acc=0.414
[ 170/489] loss=1.0956  pred=true   gold=n/a  running‐acc=0.682
Locality eval: pred=true              gold=true  correct=True  running‐acc=0.418
[ 171/489] loss=0.9472  pred=false  gold=n/a  running‐acc=0.678
Locality eval: pred=true              gold=true  correct=True  running‐acc=0.421
[ 172/489] loss=0.8229  pred=n/a    gold=n/a  running‐acc=0.680
Locality eval: pred=n/a               gold=true  correct=False  running‐acc=0.419
[ 173/489] loss=0.5833  pred=true   gold=n/a  running‐acc=0.676
Locality eval: pred=n/a               gold=true  correct=False  running‐acc=0.416
[ 174/489] loss=0.4538  pred=n/a    gold=n/a  running‐acc=0.678
Locality eval: pred=n/a               gold=true  correct=False  running‐acc=0.414
[ 175/489] loss=0.8741  pred=true   gold=true  running‐acc=0.680
Locality eval: pred=true              gold=n/a  correct=False  running‐acc=0.411
[ 176/489] loss=1.1592  pred=n/a    gold=n/a  running‐acc=0.682
Locality eval: pred=true              gold=true  correct=True  running‐acc=0.415
[ 177/489] loss=1.2135  pred=true   gold=true  running‐acc=0.684
Locality eval: pred=true              gold=n/a  correct=False  running‐acc=0.412
[ 178/489] loss=1.0953  pred=true   gold=n/a  running‐acc=0.680
Locality eval: pred=true              gold=true  correct=True  running‐acc=0.416
[ 179/489] loss=0.2888  pred=true   gold=true  running‐acc=0.682
Locality eval: pred=true              gold=n/a  correct=False  running‐acc=0.413
[ 180/489] loss=0.1108  pred=true   gold=true  running‐acc=0.683
Locality eval: pred=true              gold=n/a  correct=False  running‐acc=0.411
[ 181/489] loss=0.0466  pred=true   gold=true  running‐acc=0.685
Locality eval: pred=true              gold=n/a  correct=False  running‐acc=0.409
[ 182/489] loss=0.9997  pred=n/a    gold=n/a  running‐acc=0.687
Locality eval: pred=true              gold=true  correct=True  running‐acc=0.412
[ 183/489] loss=1.6392  pred=true   gold=true  running‐acc=0.689
Locality eval: pred=n/a               gold=n/a  correct=True  running‐acc=0.415
[ 184/489] loss=1.2748  pred=true   gold=n/a  running‐acc=0.685
Locality eval: pred=n/a               gold=true  correct=False  running‐acc=0.413
[ 185/489] loss=1.3271  pred=n/a    gold=n/a  running‐acc=0.686
Locality eval: pred=true              gold=true  correct=True  running‐acc=0.416
[ 186/489] loss=1.1838  pred=false  gold=n/a  running‐acc=0.683
Locality eval: pred=n/a               gold=true  correct=False  running‐acc=0.414
[ 187/489] loss=1.1217  pred=true   gold=true  running‐acc=0.684
Locality eval: pred=n/a               gold=n/a  correct=True  running‐acc=0.417
[ 188/489] loss=0.2874  pred=true   gold=true  running‐acc=0.686
Locality eval: pred=true              gold=n/a  correct=False  running‐acc=0.415
[ 189/489] loss=0.0976  pred=true   gold=true  running‐acc=0.688
Locality eval: pred=true              gold=n/a  correct=False  running‐acc=0.413
[ 190/489] loss=0.0278  pred=true   gold=true  running‐acc=0.689
Locality eval: pred=true              gold=n/a  correct=False  running‐acc=0.411
[ 191/489] loss=1.1745  pred=true   gold=n/a  running‐acc=0.686
Locality eval: pred=true              gold=true  correct=True  running‐acc=0.414
[ 192/489] loss=0.8864  pred=true   gold=n/a  running‐acc=0.682
Locality eval: pred=true              gold=true  correct=True  running‐acc=0.417
[ 193/489] loss=0.4597  pred=true   gold=true  running‐acc=0.684
Locality eval: pred=true              gold=n/a  correct=False  running‐acc=0.415
[ 194/489] loss=1.0849  pred=true   gold=n/a  running‐acc=0.680
Locality eval: pred=true              gold=true  correct=True  running‐acc=0.418
[ 195/489] loss=1.2864  pred=true   gold=n/a  running‐acc=0.677
Locality eval: pred=true              gold=true  correct=True  running‐acc=0.421
[ 196/489] loss=0.9982  pred=n/a    gold=n/a  running‐acc=0.679
Locality eval: pred=n/a               gold=true  correct=False  running‐acc=0.418
[ 197/489] loss=1.1115  pred=n/a    gold=n/a  running‐acc=0.680
Locality eval: pred=true              gold=true  correct=True  running‐acc=0.421
[ 198/489] loss=1.7986  pred=true   gold=true  running‐acc=0.682
Locality eval: pred=true              gold=n/a  correct=False  running‐acc=0.419
[ 199/489] loss=1.1877  pred=true   gold=n/a  running‐acc=0.678
Locality eval: pred=true              gold=true  correct=True  running‐acc=0.422
[ 200/489] loss=1.4293  pred=true   gold=true  running‐acc=0.680
Locality eval: pred=true              gold=n/a  correct=False  running‐acc=0.420
[ 201/489] loss=1.0573  pred=true   gold=n/a  running‐acc=0.677
Locality eval: pred=true              gold=true  correct=True  running‐acc=0.423
[ 202/489] loss=0.9448  pred=false  gold=n/a  running‐acc=0.673
Locality eval: pred=true              gold=true  correct=True  running‐acc=0.426
[ 203/489] loss=1.0943  pred=true   gold=true  running‐acc=0.675
Locality eval: pred=false             gold=n/a  correct=False  running‐acc=0.424
[ 204/489] loss=0.1033  pred=true   gold=true  running‐acc=0.676
Locality eval: pred=true              gold=n/a  correct=False  running‐acc=0.422
[ 205/489] loss=0.0604  pred=true   gold=true  running‐acc=0.678
Locality eval: pred=true              gold=n/a  correct=False  running‐acc=0.420
[ 206/489] loss=0.0314  pred=true   gold=true  running‐acc=0.680
Locality eval: pred=true              gold=n/a  correct=False  running‐acc=0.417
[ 207/489] loss=0.0265  pred=true   gold=true  running‐acc=0.681
Locality eval: pred=true              gold=n/a  correct=False  running‐acc=0.415
[ 208/489] loss=1.3138  pred=true   gold=n/a  running‐acc=0.678
Locality eval: pred=true              gold=true  correct=True  running‐acc=0.418
[ 209/489] loss=1.6395  pred=true   gold=true  running‐acc=0.679
Locality eval: pred=true              gold=n/a  correct=False  running‐acc=0.416
[ 210/489] loss=1.2419  pred=true   gold=n/a  running‐acc=0.676
Locality eval: pred=true              gold=true  correct=True  running‐acc=0.419
[ 211/489] loss=0.7884  pred=true   gold=true  running‐acc=0.678
Locality eval: pred=true              gold=n/a  correct=False  running‐acc=0.417
[ 212/489] loss=0.3989  pred=true   gold=true  running‐acc=0.679
Locality eval: pred=true              gold=n/a  correct=False  running‐acc=0.415
[ 213/489] loss=1.1642  pred=true   gold=n/a  running‐acc=0.676
Locality eval: pred=true              gold=true  correct=True  running‐acc=0.418
[ 214/489] loss=0.9052  pred=true   gold=n/a  running‐acc=0.673
Locality eval: pred=true              gold=true  correct=True  running‐acc=0.421
[ 215/489] loss=1.1198  pred=true   gold=n/a  running‐acc=0.670
Locality eval: pred=n/a               gold=true  correct=False  running‐acc=0.419
[ 216/489] loss=0.8883  pred=true   gold=true  running‐acc=0.671
Locality eval: pred=n/a               gold=n/a  correct=True  running‐acc=0.421
[ 217/489] loss=0.0643  pred=true   gold=true  running‐acc=0.673
Locality eval: pred=true              gold=n/a  correct=False  running‐acc=0.419
[ 218/489] loss=0.9751  pred=true   gold=n/a  running‐acc=0.670
Locality eval: pred=true              gold=true  correct=True  running‐acc=0.422
[ 219/489] loss=0.8117  pred=n/a    gold=n/a  running‐acc=0.671
Locality eval: pred=n/a               gold=true  correct=False  running‐acc=0.420
[ 220/489] loss=0.9956  pred=true   gold=n/a  running‐acc=0.668
Locality eval: pred=n/a               gold=true  correct=False  running‐acc=0.418
[ 221/489] loss=0.8738  pred=true   gold=true  running‐acc=0.670
Locality eval: pred=true              gold=n/a  correct=False  running‐acc=0.416
[ 222/489] loss=1.2264  pred=true   gold=n/a  running‐acc=0.667
Locality eval: pred=true              gold=true  correct=True  running‐acc=0.419
[ 223/489] loss=1.4791  pred=true   gold=true  running‐acc=0.668
Locality eval: pred=n/a               gold=n/a  correct=True  running‐acc=0.422
[ 224/489] loss=0.0845  pred=true   gold=true  running‐acc=0.670
Locality eval: pred=true              gold=n/a  correct=False  running‐acc=0.420
[ 225/489] loss=0.0302  pred=true   gold=true  running‐acc=0.671
Locality eval: pred=true              gold=n/a  correct=False  running‐acc=0.418
[ 226/489] loss=0.0325  pred=true   gold=true  running‐acc=0.673
Locality eval: pred=true              gold=n/a  correct=False  running‐acc=0.416
[ 227/489] loss=0.0330  pred=true   gold=true  running‐acc=0.674
Locality eval: pred=true              gold=n/a  correct=False  running‐acc=0.414
[ 228/489] loss=0.0343  pred=true   gold=true  running‐acc=0.675
Locality eval: pred=true              gold=n/a  correct=False  running‐acc=0.412
[ 229/489] loss=1.2047  pred=true   gold=n/a  running‐acc=0.672
Locality eval: pred=true              gold=true  correct=True  running‐acc=0.415
[ 230/489] loss=1.1551  pred=true   gold=true  running‐acc=0.674
Locality eval: pred=true              gold=n/a  correct=False  running‐acc=0.413
[ 231/489] loss=1.1146  pred=true   gold=n/a  running‐acc=0.671
Locality eval: pred=n/a               gold=true  correct=False  running‐acc=0.411
[ 232/489] loss=0.9867  pred=true   gold=true  running‐acc=0.672
Locality eval: pred=true              gold=n/a  correct=False  running‐acc=0.409
[ 233/489] loss=0.0703  pred=true   gold=true  running‐acc=0.674
Locality eval: pred=true              gold=n/a  correct=False  running‐acc=0.408
[ 234/489] loss=1.2991  pred=true   gold=n/a  running‐acc=0.671
Locality eval: pred=true              gold=true  correct=True  running‐acc=0.410
[ 235/489] loss=0.8198  pred=n/a    gold=n/a  running‐acc=0.672
Locality eval: pred=n/a               gold=true  correct=False  running‐acc=0.409
[ 236/489] loss=0.6822  pred=true   gold=true  running‐acc=0.674
Locality eval: pred=true              gold=n/a  correct=False  running‐acc=0.407
[ 237/489] loss=1.0603  pred=true   gold=n/a  running‐acc=0.671
Locality eval: pred=true              gold=true  correct=True  running‐acc=0.409
[ 238/489] loss=0.7399  pred=n/a    gold=n/a  running‐acc=0.672
Locality eval: pred=n/a               gold=true  correct=False  running‐acc=0.408
[ 239/489] loss=0.5447  pred=n/a    gold=n/a  running‐acc=0.674
Locality eval: pred=n/a               gold=true  correct=False  running‐acc=0.406
[ 240/489] loss=0.5510  pred=n/a    gold=n/a  running‐acc=0.675
Locality eval: pred=true              gold=true  correct=True  running‐acc=0.408
[ 241/489] loss=0.3941  pred=n/a    gold=n/a  running‐acc=0.676
Locality eval: pred=n/a               gold=true  correct=False  running‐acc=0.407
[ 242/489] loss=0.9270  pred=true   gold=true  running‐acc=0.678
Locality eval: pred=n/a               gold=n/a  correct=True  running‐acc=0.409
[ 243/489] loss=0.5042  pred=true   gold=true  running‐acc=0.679
Locality eval: pred=true              gold=n/a  correct=False  running‐acc=0.407
[ 244/489] loss=0.8638  pred=true   gold=n/a  running‐acc=0.676
Locality eval: pred=true              gold=true  correct=True  running‐acc=0.410
[ 245/489] loss=0.7736  pred=n/a    gold=n/a  running‐acc=0.678
Locality eval: pred=n/a               gold=true  correct=False  running‐acc=0.408
[ 246/489] loss=1.3271  pred=true   gold=true  running‐acc=0.679
Locality eval: pred=true              gold=n/a  correct=False  running‐acc=0.407
[ 247/489] loss=0.8458  pred=true   gold=n/a  running‐acc=0.676
Locality eval: pred=true              gold=true  correct=True  running‐acc=0.409
[ 248/489] loss=1.3094  pred=true   gold=true  running‐acc=0.677
Locality eval: pred=n/a               gold=n/a  correct=True  running‐acc=0.411
[ 249/489] loss=0.9495  pred=true   gold=n/a  running‐acc=0.675
Locality eval: pred=true              gold=true  correct=True  running‐acc=0.414
[ 250/489] loss=0.6109  pred=true   gold=true  running‐acc=0.676
Locality eval: pred=true              gold=n/a  correct=False  running‐acc=0.412
[ 251/489] loss=0.0693  pred=true   gold=true  running‐acc=0.677
Locality eval: pred=true              gold=n/a  correct=False  running‐acc=0.410
[ 252/489] loss=1.0134  pred=true   gold=n/a  running‐acc=0.675
Locality eval: pred=true              gold=true  correct=True  running‐acc=0.413
[ 253/489] loss=1.9761  pred=true   gold=true  running‐acc=0.676
Locality eval: pred=true              gold=n/a  correct=False  running‐acc=0.411
[ 254/489] loss=1.1624  pred=true   gold=n/a  running‐acc=0.673
Locality eval: pred=true              gold=true  correct=True  running‐acc=0.413
[ 255/489] loss=0.9419  pred=true   gold=true  running‐acc=0.675
Locality eval: pred=true              gold=n/a  correct=False  running‐acc=0.412
[ 256/489] loss=0.9335  pred=true   gold=n/a  running‐acc=0.672
Locality eval: pred=true              gold=true  correct=True  running‐acc=0.414
[ 257/489] loss=0.9744  pred=n/a    gold=n/a  running‐acc=0.673
Locality eval: pred=true              gold=true  correct=True  running‐acc=0.416
[ 258/489] loss=1.1266  pred=true   gold=n/a  running‐acc=0.671
Locality eval: pred=true              gold=true  correct=True  running‐acc=0.419
[ 259/489] loss=0.6760  pred=n/a    gold=n/a  running‐acc=0.672
Locality eval: pred=n/a               gold=true  correct=False  running‐acc=0.417
[ 260/489] loss=1.5316  pred=true   gold=true  running‐acc=0.673
Locality eval: pred=true              gold=n/a  correct=False  running‐acc=0.415
[ 261/489] loss=1.0128  pred=true   gold=n/a  running‐acc=0.670
Locality eval: pred=true              gold=true  correct=True  running‐acc=0.418
[ 262/489] loss=0.9012  pred=true   gold=true  running‐acc=0.672
Locality eval: pred=true              gold=n/a  correct=False  running‐acc=0.416
[ 263/489] loss=1.0635  pred=true   gold=n/a  running‐acc=0.669
Locality eval: pred=true              gold=true  correct=True  running‐acc=0.418
[ 264/489] loss=0.9194  pred=n/a    gold=n/a  running‐acc=0.670
Locality eval: pred=n/a               gold=true  correct=False  running‐acc=0.417
[ 265/489] loss=0.7556  pred=true   gold=n/a  running‐acc=0.668
Locality eval: pred=false             gold=true  correct=False  running‐acc=0.415
[ 266/489] loss=0.6222  pred=true   gold=n/a  running‐acc=0.665
Locality eval: pred=n/a               gold=true  correct=False  running‐acc=0.414
[ 267/489] loss=0.3636  pred=n/a    gold=n/a  running‐acc=0.667
Locality eval: pred=n/a               gold=true  correct=False  running‐acc=0.412
[ 268/489] loss=0.8730  pred=true   gold=true  running‐acc=0.668
Locality eval: pred=true              gold=n/a  correct=False  running‐acc=0.410
[ 269/489] loss=1.0482  pred=n/a    gold=n/a  running‐acc=0.669
Locality eval: pred=true              gold=true  correct=True  running‐acc=0.413
[ 270/489] loss=1.6098  pred=true   gold=true  running‐acc=0.670
Locality eval: pred=n/a               gold=n/a  correct=True  running‐acc=0.415
[ 271/489] loss=0.6458  pred=true   gold=true  running‐acc=0.672
Locality eval: pred=true              gold=n/a  correct=False  running‐acc=0.413
[ 272/489] loss=0.0265  pred=true   gold=true  running‐acc=0.673
Locality eval: pred=true              gold=n/a  correct=False  running‐acc=0.412
[ 273/489] loss=0.0710  pred=true   gold=true  running‐acc=0.674
Locality eval: pred=true              gold=n/a  correct=False  running‐acc=0.410
[ 274/489] loss=0.0390  pred=true   gold=true  running‐acc=0.675
Locality eval: pred=true              gold=n/a  correct=False  running‐acc=0.409
[ 275/489] loss=1.2573  pred=true   gold=n/a  running‐acc=0.673
Locality eval: pred=true              gold=true  correct=True  running‐acc=0.411
[ 276/489] loss=1.4125  pred=n/a    gold=n/a  running‐acc=0.674
Locality eval: pred=true              gold=true  correct=True  running‐acc=0.413
[ 277/489] loss=1.3036  pred=true   gold=true  running‐acc=0.675
Locality eval: pred=true              gold=n/a  correct=False  running‐acc=0.412
[ 278/489] loss=0.0870  pred=true   gold=true  running‐acc=0.676
Locality eval: pred=true              gold=n/a  correct=False  running‐acc=0.410
[ 279/489] loss=1.1893  pred=true   gold=n/a  running‐acc=0.674
Locality eval: pred=true              gold=true  correct=True  running‐acc=0.412
[ 280/489] loss=1.2706  pred=true   gold=true  running‐acc=0.675
Locality eval: pred=n/a               gold=n/a  correct=True  running‐acc=0.414
[ 281/489] loss=0.6830  pred=true   gold=true  running‐acc=0.676
Locality eval: pred=true              gold=n/a  correct=False  running‐acc=0.413
[ 282/489] loss=0.7435  pred=true   gold=n/a  running‐acc=0.674
Locality eval: pred=true              gold=true  correct=True  running‐acc=0.415
[ 283/489] loss=0.9224  pred=true   gold=true  running‐acc=0.675
Locality eval: pred=n/a               gold=n/a  correct=True  running‐acc=0.417
[ 284/489] loss=0.1528  pred=true   gold=true  running‐acc=0.676
Locality eval: pred=true              gold=n/a  correct=False  running‐acc=0.415
[ 285/489] loss=0.0664  pred=true   gold=true  running‐acc=0.677
Locality eval: pred=true              gold=n/a  correct=False  running‐acc=0.414
[ 286/489] loss=0.0746  pred=true   gold=true  running‐acc=0.678
Locality eval: pred=true              gold=n/a  correct=False  running‐acc=0.413
[ 287/489] loss=1.1319  pred=true   gold=n/a  running‐acc=0.676
Locality eval: pred=true              gold=true  correct=True  running‐acc=0.415
[ 288/489] loss=0.8798  pred=n/a    gold=n/a  running‐acc=0.677
Locality eval: pred=n/a               gold=true  correct=False  running‐acc=0.413
[ 289/489] loss=0.6199  pred=n/a    gold=n/a  running‐acc=0.678
Locality eval: pred=n/a               gold=true  correct=False  running‐acc=0.412
[ 290/489] loss=0.7577  pred=true   gold=true  running‐acc=0.679
Locality eval: pred=true              gold=n/a  correct=False  running‐acc=0.410
[ 291/489] loss=1.1925  pred=n/a    gold=n/a  running‐acc=0.680
Locality eval: pred=true              gold=true  correct=True  running‐acc=0.412
[ 292/489] loss=0.8206  pred=n/a    gold=n/a  running‐acc=0.682
Locality eval: pred=n/a               gold=true  correct=False  running‐acc=0.411
[ 293/489] loss=0.5907  pred=true   gold=true  running‐acc=0.683
Locality eval: pred=true              gold=n/a  correct=False  running‐acc=0.410
[ 294/489] loss=0.0434  pred=true   gold=true  running‐acc=0.684
Locality eval: pred=true              gold=n/a  correct=False  running‐acc=0.408
[ 295/489] loss=0.0338  pred=true   gold=true  running‐acc=0.685
Locality eval: pred=true              gold=n/a  correct=False  running‐acc=0.407
[ 296/489] loss=0.2313  pred=true   gold=true  running‐acc=0.686
Locality eval: pred=true              gold=n/a  correct=False  running‐acc=0.405
[ 297/489] loss=1.3754  pred=true   gold=n/a  running‐acc=0.684
Locality eval: pred=true              gold=true  correct=True  running‐acc=0.407
[ 298/489] loss=1.0628  pred=true   gold=n/a  running‐acc=0.681
Locality eval: pred=true              gold=true  correct=True  running‐acc=0.409
[ 299/489] loss=0.9934  pred=true   gold=true  running‐acc=0.682
Locality eval: pred=true              gold=n/a  correct=False  running‐acc=0.408
[ 300/489] loss=0.9103  pred=n/a    gold=n/a  running‐acc=0.683
Locality eval: pred=true              gold=true  correct=True  running‐acc=0.410
[ 301/489] loss=1.7148  pred=true   gold=true  running‐acc=0.684
Locality eval: pred=n/a               gold=n/a  correct=True  running‐acc=0.412
[ 302/489] loss=0.4760  pred=true   gold=true  running‐acc=0.685
Locality eval: pred=true              gold=n/a  correct=False  running‐acc=0.411
[ 303/489] loss=1.2794  pred=true   gold=n/a  running‐acc=0.683
Locality eval: pred=n/a               gold=true  correct=False  running‐acc=0.409
[ 304/489] loss=0.9389  pred=true   gold=n/a  running‐acc=0.681
Locality eval: pred=n/a               gold=true  correct=False  running‐acc=0.408
[ 305/489] loss=1.3236  pred=true   gold=true  running‐acc=0.682
Locality eval: pred=true              gold=n/a  correct=False  running‐acc=0.407
[ 306/489] loss=1.1342  pred=true   gold=n/a  running‐acc=0.680
Locality eval: pred=true              gold=true  correct=True  running‐acc=0.408
[ 307/489] loss=1.0170  pred=n/a    gold=n/a  running‐acc=0.681
Locality eval: pred=true              gold=true  correct=True  running‐acc=0.410
[ 308/489] loss=0.9515  pred=n/a    gold=n/a  running‐acc=0.682
Locality eval: pred=n/a               gold=true  correct=False  running‐acc=0.409
[ 309/489] loss=0.8116  pred=n/a    gold=n/a  running‐acc=0.683
Locality eval: pred=n/a               gold=true  correct=False  running‐acc=0.408
[ 310/489] loss=0.5312  pred=n/a    gold=n/a  running‐acc=0.684
Locality eval: pred=true              gold=true  correct=True  running‐acc=0.410
[ 311/489] loss=0.6359  pred=false  gold=n/a  running‐acc=0.682
Locality eval: pred=n/a               gold=true  correct=False  running‐acc=0.408
[ 312/489] loss=1.2625  pred=true   gold=true  running‐acc=0.683
Locality eval: pred=n/a               gold=n/a  correct=True  running‐acc=0.410
[ 313/489] loss=1.0124  pred=n/a    gold=n/a  running‐acc=0.684
Locality eval: pred=true              gold=true  correct=True  running‐acc=0.412
[ 314/489] loss=1.2046  pred=true   gold=true  running‐acc=0.685
Locality eval: pred=n/a               gold=n/a  correct=True  running‐acc=0.414
[ 315/489] loss=0.5659  pred=true   gold=true  running‐acc=0.686
Locality eval: pred=true              gold=n/a  correct=False  running‐acc=0.413
[ 316/489] loss=1.0206  pred=true   gold=n/a  running‐acc=0.684
Locality eval: pred=true              gold=true  correct=True  running‐acc=0.415
[ 317/489] loss=0.7275  pred=true   gold=true  running‐acc=0.685
Locality eval: pred=true              gold=n/a  correct=False  running‐acc=0.413
[ 318/489] loss=1.2948  pred=false  gold=n/a  running‐acc=0.682
Locality eval: pred=true              gold=true  correct=True  running‐acc=0.415
[ 319/489] loss=0.9268  pred=true   gold=n/a  running‐acc=0.680
Locality eval: pred=n/a               gold=true  correct=False  running‐acc=0.414
[ 320/489] loss=1.2844  pred=true   gold=true  running‐acc=0.681
Locality eval: pred=true              gold=n/a  correct=False  running‐acc=0.412
[ 321/489] loss=1.1109  pred=true   gold=n/a  running‐acc=0.679
Locality eval: pred=true              gold=true  correct=True  running‐acc=0.414
[ 322/489] loss=1.1218  pred=true   gold=true  running‐acc=0.680
Locality eval: pred=n/a               gold=n/a  correct=True  running‐acc=0.416
[ 323/489] loss=0.0724  pred=true   gold=true  running‐acc=0.681
Locality eval: pred=true              gold=n/a  correct=False  running‐acc=0.415
[ 324/489] loss=1.1820  pred=true   gold=n/a  running‐acc=0.679
Locality eval: pred=true              gold=true  correct=True  running‐acc=0.417
[ 325/489] loss=1.4310  pred=true   gold=true  running‐acc=0.680
Locality eval: pred=true              gold=n/a  correct=False  running‐acc=0.415
[ 326/489] loss=1.1134  pred=n/a    gold=n/a  running‐acc=0.681
Locality eval: pred=n/a               gold=true  correct=False  running‐acc=0.414
[ 327/489] loss=0.8359  pred=n/a    gold=n/a  running‐acc=0.682
Locality eval: pred=true              gold=true  correct=True  running‐acc=0.416
[ 328/489] loss=0.6313  pred=n/a    gold=n/a  running‐acc=0.683
Locality eval: pred=true              gold=true  correct=True  running‐acc=0.418
[ 329/489] loss=0.2566  pred=true   gold=true  running‐acc=0.684
Locality eval: pred=true              gold=n/a  correct=False  running‐acc=0.416
[ 330/489] loss=1.1330  pred=true   gold=n/a  running‐acc=0.682
Locality eval: pred=true              gold=true  correct=True  running‐acc=0.418
[ 331/489] loss=2.0057  pred=true   gold=true  running‐acc=0.683
Locality eval: pred=true              gold=n/a  correct=False  running‐acc=0.417
[ 332/489] loss=0.8619  pred=true   gold=true  running‐acc=0.684
Locality eval: pred=true              gold=n/a  correct=False  running‐acc=0.416
[ 333/489] loss=0.9469  pred=true   gold=n/a  running‐acc=0.682
Locality eval: pred=true              gold=true  correct=True  running‐acc=0.417
[ 334/489] loss=0.8178  pred=n/a    gold=n/a  running‐acc=0.683
Locality eval: pred=n/a               gold=true  correct=False  running‐acc=0.416
[ 335/489] loss=0.5571  pred=true   gold=true  running‐acc=0.684
Locality eval: pred=false             gold=n/a  correct=False  running‐acc=0.415
[ 336/489] loss=1.2064  pred=true   gold=n/a  running‐acc=0.682
Locality eval: pred=true              gold=true  correct=True  running‐acc=0.417
[ 337/489] loss=1.0094  pred=true   gold=true  running‐acc=0.682
Locality eval: pred=true              gold=n/a  correct=False  running‐acc=0.415
[ 338/489] loss=1.1587  pred=true   gold=n/a  running‐acc=0.680
Locality eval: pred=true              gold=true  correct=True  running‐acc=0.417
[ 339/489] loss=0.8730  pred=n/a    gold=n/a  running‐acc=0.681
Locality eval: pred=n/a               gold=true  correct=False  running‐acc=0.416
[ 340/489] loss=0.8489  pred=true   gold=n/a  running‐acc=0.679
Locality eval: pred=true              gold=true  correct=True  running‐acc=0.418
[ 341/489] loss=0.6374  pred=n/a    gold=n/a  running‐acc=0.680
Locality eval: pred=n/a               gold=true  correct=False  running‐acc=0.416
[ 342/489] loss=0.6211  pred=true   gold=n/a  running‐acc=0.678
Locality eval: pred=true              gold=true  correct=True  running‐acc=0.418
[ 343/489] loss=0.7314  pred=true   gold=true  running‐acc=0.679
Locality eval: pred=n/a               gold=n/a  correct=True  running‐acc=0.420
[ 344/489] loss=0.3274  pred=true   gold=true  running‐acc=0.680
Locality eval: pred=true              gold=n/a  correct=False  running‐acc=0.419
[ 345/489] loss=0.8949  pred=true   gold=n/a  running‐acc=0.678
Locality eval: pred=n/a               gold=true  correct=False  running‐acc=0.417
[ 346/489] loss=1.1526  pred=n/a    gold=n/a  running‐acc=0.679
Locality eval: pred=n/a               gold=true  correct=False  running‐acc=0.416
[ 347/489] loss=1.4035  pred=true   gold=true  running‐acc=0.680
Locality eval: pred=true              gold=n/a  correct=False  running‐acc=0.415
[ 348/489] loss=0.4244  pred=true   gold=true  running‐acc=0.681
Locality eval: pred=true              gold=n/a  correct=False  running‐acc=0.414
[ 349/489] loss=0.1279  pred=true   gold=true  running‐acc=0.682
Locality eval: pred=true              gold=n/a  correct=False  running‐acc=0.413
[ 350/489] loss=0.8744  pred=true   gold=n/a  running‐acc=0.680
Locality eval: pred=true              gold=true  correct=True  running‐acc=0.414
[ 351/489] loss=0.7838  pred=true   gold=true  running‐acc=0.681
Locality eval: pred=true              gold=n/a  correct=False  running‐acc=0.413
[ 352/489] loss=0.9849  pred=true   gold=n/a  running‐acc=0.679
Locality eval: pred=true              gold=true  correct=True  running‐acc=0.415
[ 353/489] loss=0.8619  pred=n/a    gold=n/a  running‐acc=0.680
Locality eval: pred=n/a               gold=true  correct=False  running‐acc=0.414
[ 354/489] loss=1.0955  pred=n/a    gold=n/a  running‐acc=0.681
Locality eval: pred=n/a               gold=true  correct=False  running‐acc=0.412
[ 355/489] loss=0.9348  pred=true   gold=true  running‐acc=0.682
Locality eval: pred=n/a               gold=n/a  correct=True  running‐acc=0.414
[ 356/489] loss=0.9781  pred=true   gold=n/a  running‐acc=0.680
Locality eval: pred=true              gold=true  correct=True  running‐acc=0.416
[ 357/489] loss=0.8002  pred=n/a    gold=n/a  running‐acc=0.681
Locality eval: pred=true              gold=true  correct=True  running‐acc=0.417
[ 358/489] loss=0.5213  pred=true   gold=true  running‐acc=0.682
Locality eval: pred=false             gold=n/a  correct=False  running‐acc=0.416
[ 359/489] loss=0.0453  pred=true   gold=true  running‐acc=0.682
Locality eval: pred=true              gold=n/a  correct=False  running‐acc=0.415
[ 360/489] loss=0.0493  pred=true   gold=true  running‐acc=0.683
Locality eval: pred=true              gold=n/a  correct=False  running‐acc=0.414
[ 361/489] loss=1.1848  pred=n/a    gold=n/a  running‐acc=0.684
Locality eval: pred=true              gold=true  correct=True  running‐acc=0.416
[ 362/489] loss=1.2279  pred=true   gold=true  running‐acc=0.685
Locality eval: pred=n/a               gold=n/a  correct=True  running‐acc=0.417
[ 363/489] loss=0.5276  pred=true   gold=true  running‐acc=0.686
Locality eval: pred=true              gold=n/a  correct=False  running‐acc=0.416
[ 364/489] loss=0.1853  pred=true   gold=true  running‐acc=0.687
Locality eval: pred=true              gold=n/a  correct=False  running‐acc=0.415
[ 365/489] loss=0.0435  pred=true   gold=true  running‐acc=0.688
Locality eval: pred=true              gold=n/a  correct=False  running‐acc=0.414
[ 366/489] loss=1.1105  pred=true   gold=n/a  running‐acc=0.686
Locality eval: pred=true              gold=true  correct=True  running‐acc=0.415
[ 367/489] loss=1.0830  pred=n/a    gold=n/a  running‐acc=0.687
Locality eval: pred=true              gold=true  correct=True  running‐acc=0.417
[ 368/489] loss=0.6835  pred=n/a    gold=n/a  running‐acc=0.688
Locality eval: pred=n/a               gold=true  correct=False  running‐acc=0.416
[ 369/489] loss=0.6711  pred=n/a    gold=n/a  running‐acc=0.688
Locality eval: pred=true              gold=true  correct=True  running‐acc=0.417
[ 370/489] loss=0.5426  pred=(true,  gold=n/a  running‐acc=0.686
Locality eval: pred=true              gold=true  correct=True  running‐acc=0.419
[ 371/489] loss=1.1800  pred=true   gold=true  running‐acc=0.687
Locality eval: pred=n/a               gold=n/a  correct=True  running‐acc=0.420
[ 372/489] loss=0.2751  pred=true   gold=true  running‐acc=0.688
Locality eval: pred=true              gold=n/a  correct=False  running‐acc=0.419
[ 373/489] loss=0.0288  pred=true   gold=true  running‐acc=0.689
Locality eval: pred=true              gold=n/a  correct=False  running‐acc=0.418
[ 374/489] loss=0.0448  pred=true   gold=true  running‐acc=0.690
Locality eval: pred=true              gold=n/a  correct=False  running‐acc=0.417
[ 375/489] loss=1.3369  pred=true   gold=n/a  running‐acc=0.688
Locality eval: pred=true              gold=true  correct=True  running‐acc=0.419
[ 376/489] loss=0.8153  pred=true   gold=true  running‐acc=0.689
Locality eval: pred=true              gold=n/a  correct=False  running‐acc=0.418
[ 377/489] loss=1.1195  pred=true   gold=n/a  running‐acc=0.687
Locality eval: pred=[true]            gold=true  correct=False  running‐acc=0.416
[ 378/489] loss=0.9218  pred=true   gold=true  running‐acc=0.688
Locality eval: pred=true              gold=n/a  correct=False  running‐acc=0.415
[ 379/489] loss=0.4848  pred=true   gold=true  running‐acc=0.689
Locality eval: pred=true              gold=n/a  correct=False  running‐acc=0.414
[ 380/489] loss=0.9403  pred=n/a    gold=n/a  running‐acc=0.689
Locality eval: pred=true              gold=true  correct=True  running‐acc=0.416
[ 381/489] loss=0.6600  pred=true   gold=n/a  running‐acc=0.688
Locality eval: pred=true              gold=true  correct=True  running‐acc=0.417
[ 382/489] loss=0.8822  pred=true   gold=true  running‐acc=0.688
Locality eval: pred=true              gold=n/a  correct=False  running‐acc=0.416
[ 383/489] loss=0.0615  pred=true   gold=true  running‐acc=0.689
Locality eval: pred=true              gold=n/a  correct=False  running‐acc=0.415
[ 384/489] loss=0.0507  pred=true   gold=true  running‐acc=0.690
Locality eval: pred=true              gold=n/a  correct=False  running‐acc=0.414
[ 385/489] loss=0.0364  pred=true   gold=true  running‐acc=0.691
Locality eval: pred=true              gold=n/a  correct=False  running‐acc=0.413
[ 386/489] loss=1.4226  pred=true   gold=n/a  running‐acc=0.689
Locality eval: pred=true              gold=true  correct=True  running‐acc=0.415
[ 387/489] loss=1.5005  pred=true   gold=n/a  running‐acc=0.687
Locality eval: pred=true              gold=true  correct=True  running‐acc=0.416
[ 388/489] loss=1.3644  pred=true   gold=true  running‐acc=0.688
Locality eval: pred=true              gold=n/a  correct=False  running‐acc=0.415
[ 389/489] loss=0.9892  pred=true   gold=n/a  running‐acc=0.686
Locality eval: pred=true              gold=true  correct=True  running‐acc=0.416
[ 390/489] loss=1.0214  pred=n/a    gold=true  running‐acc=0.685
Locality eval: pred=true              gold=n/a  correct=False  running‐acc=0.415
[ 391/489] loss=0.9246  pred=true   gold=n/a  running‐acc=0.683
Locality eval: pred=true              gold=true  correct=True  running‐acc=0.417
[ 392/489] loss=1.0206  pred=true   gold=true  running‐acc=0.684
Locality eval: pred=n/a               gold=n/a  correct=True  running‐acc=0.418
[ 393/489] loss=0.0914  pred=true   gold=true  running‐acc=0.684
Locality eval: pred=true              gold=n/a  correct=False  running‐acc=0.417
[ 394/489] loss=1.2453  pred=true   gold=n/a  running‐acc=0.683
Locality eval: pred=true              gold=true  correct=True  running‐acc=0.419
[ 395/489] loss=0.4228  pred=true   gold=true  running‐acc=0.684
Locality eval: pred=true              gold=n/a  correct=False  running‐acc=0.418
[ 396/489] loss=0.0452  pred=true   gold=true  running‐acc=0.684
Locality eval: pred=true              gold=n/a  correct=False  running‐acc=0.417
[ 397/489] loss=1.3270  pred=true   gold=n/a  running‐acc=0.683
Locality eval: pred=true              gold=true  correct=True  running‐acc=0.418
[ 398/489] loss=1.2008  pred=n/a    gold=n/a  running‐acc=0.683
Locality eval: pred=true              gold=true  correct=True  running‐acc=0.420
[ 399/489] loss=1.3307  pred=false  gold=n/a  running‐acc=0.682
Locality eval: pred=n/a               gold=true  correct=False  running‐acc=0.419
[ 400/489] loss=1.4660  pred=true   gold=true  running‐acc=0.682
Locality eval: pred=n/a               gold=n/a  correct=True  running‐acc=0.420
[ 401/489] loss=1.1969  pred=true   gold=n/a  running‐acc=0.681
Locality eval: pred=n/a               gold=true  correct=False  running‐acc=0.419
[ 402/489] loss=1.4987  pred=true   gold=true  running‐acc=0.682
Locality eval: pred=n/a               gold=n/a  correct=True  running‐acc=0.420
[ 403/489] loss=0.3930  pred=true   gold=true  running‐acc=0.682
Locality eval: pred=true              gold=n/a  correct=False  running‐acc=0.419
[ 404/489] loss=0.0801  pred=true   gold=true  running‐acc=0.683
Locality eval: pred=true              gold=n/a  correct=False  running‐acc=0.418
[ 405/489] loss=0.0424  pred=true   gold=true  running‐acc=0.684
Locality eval: pred=true              gold=n/a  correct=False  running‐acc=0.417
[ 406/489] loss=1.0676  pred=n/a    gold=n/a  running‐acc=0.685
Locality eval: pred=true              gold=true  correct=True  running‐acc=0.419
[ 407/489] loss=0.5929  pred=true   gold=true  running‐acc=0.686
Locality eval: pred=n/a               gold=n/a  correct=True  running‐acc=0.420
[ 408/489] loss=0.1060  pred=true   gold=true  running‐acc=0.686
Locality eval: pred=true              gold=n/a  correct=False  running‐acc=0.419
[ 409/489] loss=0.2084  pred=true   gold=true  running‐acc=0.687
Locality eval: pred=true              gold=n/a  correct=False  running‐acc=0.418
[ 410/489] loss=1.1134  pred=true   gold=n/a  running‐acc=0.685
Locality eval: pred=true              gold=true  correct=True  running‐acc=0.420
[ 411/489] loss=1.4794  pred=true   gold=true  running‐acc=0.686
Locality eval: pred=true              gold=n/a  correct=False  running‐acc=0.418
[ 412/489] loss=0.6594  pred=true   gold=true  running‐acc=0.687
Locality eval: pred=true              gold=n/a  correct=False  running‐acc=0.417
[ 413/489] loss=1.2062  pred=n/a    gold=n/a  running‐acc=0.688
Locality eval: pred=true              gold=true  correct=True  running‐acc=0.419
[ 414/489] loss=0.9285  pred=true   gold=true  running‐acc=0.688
Locality eval: pred=true              gold=n/a  correct=False  running‐acc=0.418
[ 415/489] loss=0.2383  pred=true   gold=true  running‐acc=0.689
Locality eval: pred=true              gold=n/a  correct=False  running‐acc=0.417
[ 416/489] loss=1.1072  pred=true   gold=n/a  running‐acc=0.688
Locality eval: pred=true              gold=true  correct=True  running‐acc=0.418
[ 417/489] loss=1.1581  pred=true   gold=true  running‐acc=0.688
Locality eval: pred=n/a               gold=n/a  correct=True  running‐acc=0.420
[ 418/489] loss=0.9200  pred=n/a    gold=n/a  running‐acc=0.689
Locality eval: pred=true              gold=true  correct=True  running‐acc=0.421
[ 419/489] loss=0.8949  pred=n/a    gold=n/a  running‐acc=0.690
Locality eval: pred=true              gold=true  correct=True  running‐acc=0.422
[ 420/489] loss=0.6353  pred=n/a    gold=n/a  running‐acc=0.690
Locality eval: pred=n/a               gold=true  correct=False  running‐acc=0.421
[ 421/489] loss=0.6796  pred=n/a    gold=n/a  running‐acc=0.691
Locality eval: pred=n/a               gold=true  correct=False  running‐acc=0.420
[ 422/489] loss=0.9922  pred=true   gold=true  running‐acc=0.692
Locality eval: pred=true              gold=n/a  correct=False  running‐acc=0.419
[ 423/489] loss=0.9489  pred=true   gold=n/a  running‐acc=0.690
