/home/vjd5zr/miniconda3/envs/lora/lib/python3.9/site-packages/torchvision/io/image.py:13: UserWarning: Failed to load image Python extension: libtorch_cuda_cu.so: cannot open shared object file: No such file or directory
  warn(f"Failed to load image Python extension: {e}")

Loading base model (4‐bit)…
trainable params: 2,252,800 || all params: 1,102,301,184 || trainable%: 0.2044
  0%|          | 0/489 [00:00<?, ?it/s]100%|██████████| 489/489 [00:00<00:00, 36341.02it/s]
Loaded 489 (train, eval) pairs.

Starting sequential training…
Cached 88 LoRA tensors.
[   1/489] loss=0.0000  pred=true   gold=true  running‐acc=1.000
Locality eval: pred=false             gold=n/a  correct=False  running‐acc=0.000
[   2/489] loss=0.0000  pred=true   gold=true  running‐acc=1.000
Locality eval: pred=false             gold=n/a  correct=False  running‐acc=0.000
[   3/489] loss=0.0000  pred=true   gold=true  running‐acc=1.000
Locality eval: pred=false             gold=n/a  correct=False  running‐acc=0.000
[   4/489] loss=0.0000  pred=true.  gold=true  running‐acc=1.000
Locality eval: pred=false             gold=n/a  correct=False  running‐acc=0.000
[   5/489] loss=0.0000  pred=true.  gold=n/a  running‐acc=0.800
Locality eval: pred=true.             gold=true  correct=True  running‐acc=0.200
[   6/489] loss=0.0000  pred=true   gold=true  running‐acc=0.833
Locality eval: pred=false             gold=n/a  correct=False  running‐acc=0.167
[   7/489] loss=0.0000  pred=true   gold=n/a  running‐acc=0.714
Locality eval: pred=true              gold=true  correct=True  running‐acc=0.286
[   8/489] loss=0.0000  pred=true   gold=n/a  running‐acc=0.625
Locality eval: pred=true              gold=true  correct=True  running‐acc=0.375
[   9/489] loss=0.0000  pred=false  gold=n/a  running‐acc=0.556
Locality eval: pred=true.             gold=true  correct=True  running‐acc=0.444
[  10/489] loss=0.0000  pred=true   gold=true  running‐acc=0.600
Locality eval: pred=false             gold=n/a  correct=False  running‐acc=0.400
[  11/489] loss=0.0000  pred=true   gold=true  running‐acc=0.636
Locality eval: pred=false             gold=n/a  correct=False  running‐acc=0.364
[  12/489] loss=0.0000  pred=true   gold=n/a  running‐acc=0.583
Locality eval: pred=true.             gold=true  correct=True  running‐acc=0.417
[  13/489] loss=0.0000  pred=true   gold=n/a  running‐acc=0.538
Locality eval: pred=true              gold=true  correct=True  running‐acc=0.462
[  14/489] loss=0.0000  pred=false  gold=n/a  running‐acc=0.500
Locality eval: pred=true              gold=true  correct=True  running‐acc=0.500
[  15/489] loss=0.0000  pred=true   gold=n/a  running‐acc=0.467
Locality eval: pred=true.             gold=true  correct=True  running‐acc=0.533
[  16/489] loss=0.0000  pred=false  gold=true  running‐acc=0.438
Locality eval: pred=false             gold=n/a  correct=False  running‐acc=0.500
[  17/489] loss=0.0000  pred=true   gold=n/a  running‐acc=0.412
Locality eval: pred=true              gold=true  correct=True  running‐acc=0.529
[  18/489] loss=0.0000  pred=true   gold=true  running‐acc=0.444
Locality eval: pred=false             gold=n/a  correct=False  running‐acc=0.500
[  19/489] loss=0.0000  pred=true   gold=true  running‐acc=0.474
Locality eval: pred=false             gold=n/a  correct=False  running‐acc=0.474
[  20/489] loss=0.0000  pred=true.  gold=n/a  running‐acc=0.450
Locality eval: pred=true.             gold=true  correct=True  running‐acc=0.500
[  21/489] loss=0.0000  pred=true   gold=true  running‐acc=0.476
Locality eval: pred=false             gold=n/a  correct=False  running‐acc=0.476
[  22/489] loss=0.0000  pred=true   gold=true  running‐acc=0.500
Locality eval: pred=false             gold=n/a  correct=False  running‐acc=0.455
[  23/489] loss=0.0000  pred=true   gold=n/a  running‐acc=0.478
Locality eval: pred=true              gold=true  correct=True  running‐acc=0.478
[  24/489] loss=0.0000  pred=n/a    gold=n/a  running‐acc=0.500
Locality eval: pred=true              gold=true  correct=True  running‐acc=0.500
[  25/489] loss=0.0000  pred=true   gold=true  running‐acc=0.520
Locality eval: pred=false             gold=n/a  correct=False  running‐acc=0.480
[  26/489] loss=0.0000  pred=true   gold=n/a  running‐acc=0.500
Locality eval: pred=false.            gold=true  correct=False  running‐acc=0.462
[  27/489] loss=0.0000  pred=true   gold=true  running‐acc=0.519
Locality eval: pred=false             gold=n/a  correct=False  running‐acc=0.444
[  28/489] loss=0.0000  pred=true   gold=true  running‐acc=0.536
Locality eval: pred=false             gold=n/a  correct=False  running‐acc=0.429
[  29/489] loss=0.0000  pred=true   gold=n/a  running‐acc=0.517
Locality eval: pred=true              gold=true  correct=True  running‐acc=0.448
[  30/489] loss=0.0000  pred=true   gold=true  running‐acc=0.533
Locality eval: pred=false             gold=n/a  correct=False  running‐acc=0.433
[  31/489] loss=0.0000  pred=true   gold=true  running‐acc=0.548
Locality eval: pred=false             gold=n/a  correct=False  running‐acc=0.419
[  32/489] loss=0.0000  pred=true   gold=true  running‐acc=0.562
Locality eval: pred=false             gold=n/a  correct=False  running‐acc=0.406
[  33/489] loss=0.0000  pred=true   gold=true  running‐acc=0.576
Locality eval: pred=false             gold=n/a  correct=False  running‐acc=0.394
[  34/489] loss=0.0000  pred=true   gold=true  running‐acc=0.588
Locality eval: pred=false             gold=n/a  correct=False  running‐acc=0.382
[  35/489] loss=0.0000  pred=true   gold=n/a  running‐acc=0.571
Locality eval: pred=true.             gold=true  correct=True  running‐acc=0.400
[  36/489] loss=0.0000  pred=true   gold=true  running‐acc=0.583
Locality eval: pred=false             gold=n/a  correct=False  running‐acc=0.389
[  37/489] loss=0.0000  pred=true   gold=true  running‐acc=0.595
Locality eval: pred=false             gold=n/a  correct=False  running‐acc=0.378
[  38/489] loss=0.0000  pred=true   gold=true  running‐acc=0.605
Locality eval: pred=false             gold=n/a  correct=False  running‐acc=0.368
[  39/489] loss=0.0000  pred=true   gold=n/a  running‐acc=0.590
Locality eval: pred=true              gold=true  correct=True  running‐acc=0.385
[  40/489] loss=0.0000  pred=true   gold=true  running‐acc=0.600
Locality eval: pred=false             gold=n/a  correct=False  running‐acc=0.375
[  41/489] loss=0.0000  pred=true   gold=n/a  running‐acc=0.585
Locality eval: pred=true              gold=true  correct=True  running‐acc=0.390
[  42/489] loss=0.0000  pred=true   gold=n/a  running‐acc=0.571
Locality eval: pred=true              gold=true  correct=True  running‐acc=0.405
[  43/489] loss=0.0000  pred=true   gold=true  running‐acc=0.581
Locality eval: pred=false             gold=n/a  correct=False  running‐acc=0.395
[  44/489] loss=0.0000  pred=true   gold=true  running‐acc=0.591
Locality eval: pred=false             gold=n/a  correct=False  running‐acc=0.386
[  45/489] loss=0.0000  pred=true   gold=n/a  running‐acc=0.578
Locality eval: pred=true.             gold=true  correct=True  running‐acc=0.400
[  46/489] loss=0.0000  pred=true   gold=n/a  running‐acc=0.565
Locality eval: pred=true              gold=true  correct=True  running‐acc=0.413
[  47/489] loss=0.0000  pred=true   gold=n/a  running‐acc=0.553
Locality eval: pred=true              gold=true  correct=True  running‐acc=0.426
[  48/489] loss=0.0000  pred=true   gold=n/a  running‐acc=0.542
Locality eval: pred=true              gold=true  correct=True  running‐acc=0.438
[  49/489] loss=0.0000  pred=true   gold=n/a  running‐acc=0.531
Locality eval: pred=true              gold=true  correct=True  running‐acc=0.449
[  50/489] loss=0.0000  pred=true   gold=true  running‐acc=0.540
Locality eval: pred=false             gold=n/a  correct=False  running‐acc=0.440
[  51/489] loss=0.0000  pred=true   gold=n/a  running‐acc=0.529
Locality eval: pred=true              gold=true  correct=True  running‐acc=0.451
[  52/489] loss=0.0000  pred=true   gold=n/a  running‐acc=0.519
Locality eval: pred=true.             gold=true  correct=True  running‐acc=0.462
[  53/489] loss=0.0000  pred=n/a    gold=n/a  running‐acc=0.528
Locality eval: pred=true              gold=true  correct=True  running‐acc=0.472
[  54/489] loss=0.0000  pred=true   gold=n/a  running‐acc=0.519
Locality eval: pred=true              gold=true  correct=True  running‐acc=0.481
[  55/489] loss=0.0000  pred=true   gold=true  running‐acc=0.527
Locality eval: pred=false             gold=n/a  correct=False  running‐acc=0.473
[  56/489] loss=0.0000  pred=true   gold=n/a  running‐acc=0.518
Locality eval: pred=true              gold=true  correct=True  running‐acc=0.482
[  57/489] loss=0.0000  pred=true   gold=true  running‐acc=0.526
Locality eval: pred=false             gold=n/a  correct=False  running‐acc=0.474
[  58/489] loss=0.0000  pred=true   gold=n/a  running‐acc=0.517
Locality eval: pred=true              gold=true  correct=True  running‐acc=0.483
[  59/489] loss=0.0000  pred=true   gold=true  running‐acc=0.525
Locality eval: pred=false             gold=n/a  correct=False  running‐acc=0.475
[  60/489] loss=0.0000  pred=true   gold=true  running‐acc=0.533
Locality eval: pred=false             gold=n/a  correct=False  running‐acc=0.467
[  61/489] loss=0.0000  pred=true   gold=n/a  running‐acc=0.525
Locality eval: pred=true              gold=true  correct=True  running‐acc=0.475
[  62/489] loss=0.0000  pred=n/a    gold=true  running‐acc=0.516
Locality eval: pred=false             gold=n/a  correct=False  running‐acc=0.468
[  63/489] loss=0.0000  pred=n/a    gold=true  running‐acc=0.508
Locality eval: pred=false             gold=n/a  correct=False  running‐acc=0.460
[  64/489] loss=0.0000  pred=true   gold=n/a  running‐acc=0.500
Locality eval: pred=true              gold=true  correct=True  running‐acc=0.469
[  65/489] loss=0.0000  pred=true.  gold=true  running‐acc=0.508
Locality eval: pred=false             gold=n/a  correct=False  running‐acc=0.462
[  66/489] loss=0.0000  pred=true   gold=true  running‐acc=0.515
Locality eval: pred=false             gold=n/a  correct=False  running‐acc=0.455
[  67/489] loss=0.0000  pred=true   gold=true  running‐acc=0.522
Locality eval: pred=false             gold=n/a  correct=False  running‐acc=0.448
[  68/489] loss=0.0000  pred=true   gold=n/a  running‐acc=0.515
Locality eval: pred=true              gold=true  correct=True  running‐acc=0.456
[  69/489] loss=0.0000  pred=true   gold=true  running‐acc=0.522
Locality eval: pred=false             gold=n/a  correct=False  running‐acc=0.449
[  70/489] loss=0.0000  pred=true   gold=n/a  running‐acc=0.514
Locality eval: pred=true              gold=true  correct=True  running‐acc=0.457
[  71/489] loss=0.0000  pred=false  gold=true  running‐acc=0.507
Locality eval: pred=false             gold=n/a  correct=False  running‐acc=0.451
[  72/489] loss=0.0000  pred=true   gold=true  running‐acc=0.514
Locality eval: pred=false             gold=n/a  correct=False  running‐acc=0.444
[  73/489] loss=0.0000  pred=true   gold=n/a  running‐acc=0.507
Locality eval: pred=false             gold=true  correct=False  running‐acc=0.438
[  74/489] loss=0.0000  pred=true   gold=true  running‐acc=0.514
Locality eval: pred=false             gold=n/a  correct=False  running‐acc=0.432
[  75/489] loss=0.0000  pred=true   gold=n/a  running‐acc=0.507
Locality eval: pred=true              gold=true  correct=True  running‐acc=0.440
[  76/489] loss=0.0000  pred=false.  gold=true  running‐acc=0.500
Locality eval: pred=false             gold=n/a  correct=False  running‐acc=0.434
[  77/489] loss=0.0000  pred=true   gold=n/a  running‐acc=0.494
Locality eval: pred=true              gold=true  correct=True  running‐acc=0.442
[  78/489] loss=0.0000  pred=true   gold=n/a  running‐acc=0.487
Locality eval: pred=true              gold=true  correct=True  running‐acc=0.449
[  79/489] loss=0.0000  pred=true   gold=true  running‐acc=0.494
Locality eval: pred=false             gold=n/a  correct=False  running‐acc=0.443
[  80/489] loss=0.0000  pred=true.  gold=true  running‐acc=0.500
Locality eval: pred=false             gold=n/a  correct=False  running‐acc=0.438
[  81/489] loss=0.0000  pred=true   gold=true  running‐acc=0.506
Locality eval: pred=false             gold=n/a  correct=False  running‐acc=0.432
[  82/489] loss=0.0000  pred=true   gold=true  running‐acc=0.512
Locality eval: pred=false             gold=n/a  correct=False  running‐acc=0.427
[  83/489] loss=0.0000  pred=true   gold=n/a  running‐acc=0.506
Locality eval: pred=true              gold=true  correct=True  running‐acc=0.434
[  84/489] loss=0.0000  pred=true   gold=n/a  running‐acc=0.500
Locality eval: pred=false.            gold=true  correct=False  running‐acc=0.429
[  85/489] loss=0.0000  pred=true   gold=true  running‐acc=0.506
Locality eval: pred=false             gold=n/a  correct=False  running‐acc=0.424
[  86/489] loss=0.0000  pred=true   gold=n/a  running‐acc=0.500
Locality eval: pred=true.             gold=true  correct=True  running‐acc=0.430
[  87/489] loss=0.0000  pred=true   gold=true  running‐acc=0.506
Locality eval: pred=false             gold=n/a  correct=False  running‐acc=0.425
[  88/489] loss=0.0000  pred=true   gold=n/a  running‐acc=0.500
Locality eval: pred=true              gold=true  correct=True  running‐acc=0.432
[  89/489] loss=0.0000  pred=true   gold=n/a  running‐acc=0.494
Locality eval: pred=false             gold=true  correct=False  running‐acc=0.427
[  90/489] loss=0.0000  pred=true   gold=n/a  running‐acc=0.489
Locality eval: pred=true.             gold=true  correct=True  running‐acc=0.433
[  91/489] loss=0.0000  pred=true   gold=n/a  running‐acc=0.484
Locality eval: pred=true              gold=true  correct=True  running‐acc=0.440
[  92/489] loss=0.0000  pred=true   gold=n/a  running‐acc=0.478
Locality eval: pred=true              gold=true  correct=True  running‐acc=0.446
[  93/489] loss=0.0000  pred=true   gold=true  running‐acc=0.484
Locality eval: pred=false             gold=n/a  correct=False  running‐acc=0.441
[  94/489] loss=0.0000  pred=false  gold=n/a  running‐acc=0.479
Locality eval: pred=true              gold=true  correct=True  running‐acc=0.447
[  95/489] loss=0.0000  pred=true   gold=n/a  running‐acc=0.474
Locality eval: pred=true              gold=true  correct=True  running‐acc=0.453
[  96/489] loss=0.0000  pred=false  gold=n/a  running‐acc=0.469
Locality eval: pred=true              gold=true  correct=True  running‐acc=0.458
[  97/489] loss=0.0000  pred=true   gold=true  running‐acc=0.474
Locality eval: pred=false             gold=n/a  correct=False  running‐acc=0.454
[  98/489] loss=0.0000  pred=true   gold=n/a  running‐acc=0.469
Locality eval: pred=true              gold=true  correct=True  running‐acc=0.459
[  99/489] loss=0.0000  pred=true   gold=n/a  running‐acc=0.465
Locality eval: pred=true              gold=true  correct=True  running‐acc=0.465
[ 100/489] loss=0.0000  pred=true   gold=true  running‐acc=0.470
Locality eval: pred=false             gold=n/a  correct=False  running‐acc=0.460
[ 101/489] loss=0.0000  pred=true   gold=n/a  running‐acc=0.465
Locality eval: pred=true              gold=true  correct=True  running‐acc=0.465
[ 102/489] loss=0.0000  pred=true   gold=true  running‐acc=0.471
Locality eval: pred=false             gold=n/a  correct=False  running‐acc=0.461
[ 103/489] loss=0.0000  pred=true   gold=true  running‐acc=0.476
Locality eval: pred=false             gold=n/a  correct=False  running‐acc=0.456
[ 104/489] loss=0.0000  pred=true   gold=n/a  running‐acc=0.471
Locality eval: pred=true              gold=true  correct=True  running‐acc=0.462
[ 105/489] loss=0.0000  pred=true   gold=true  running‐acc=0.476
Locality eval: pred=false             gold=n/a  correct=False  running‐acc=0.457
[ 106/489] loss=0.0000  pred=true   gold=true  running‐acc=0.481
Locality eval: pred=false             gold=n/a  correct=False  running‐acc=0.453
[ 107/489] loss=0.0000  pred=false  gold=true  running‐acc=0.477
Locality eval: pred=false             gold=n/a  correct=False  running‐acc=0.449
[ 108/489] loss=0.0000  pred=true   gold=n/a  running‐acc=0.472
Locality eval: pred=true              gold=true  correct=True  running‐acc=0.454
[ 109/489] loss=0.0000  pred=true   gold=n/a  running‐acc=0.468
Locality eval: pred=true              gold=true  correct=True  running‐acc=0.459
[ 110/489] loss=0.0000  pred=false  gold=n/a  running‐acc=0.464
Locality eval: pred=true.             gold=true  correct=True  running‐acc=0.464
[ 111/489] loss=0.0000  pred=true   gold=n/a  running‐acc=0.459
Locality eval: pred=true              gold=true  correct=True  running‐acc=0.468
[ 112/489] loss=0.0000  pred=true   gold=n/a  running‐acc=0.455
Locality eval: pred=true              gold=true  correct=True  running‐acc=0.473
[ 113/489] loss=0.0000  pred=true   gold=true  running‐acc=0.460
Locality eval: pred=false             gold=n/a  correct=False  running‐acc=0.469
[ 114/489] loss=0.0000  pred=true   gold=n/a  running‐acc=0.456
Locality eval: pred=true              gold=true  correct=True  running‐acc=0.474
[ 115/489] loss=0.0000  pred=true   gold=true  running‐acc=0.461
Locality eval: pred=false             gold=n/a  correct=False  running‐acc=0.470
[ 116/489] loss=0.0000  pred=true   gold=true  running‐acc=0.466
Locality eval: pred=false             gold=n/a  correct=False  running‐acc=0.466
[ 117/489] loss=0.0000  pred=true.  gold=true  running‐acc=0.470
Locality eval: pred=false             gold=n/a  correct=False  running‐acc=0.462
[ 118/489] loss=0.0000  pred=true   gold=n/a  running‐acc=0.466
Locality eval: pred=true.             gold=true  correct=True  running‐acc=0.466
[ 119/489] loss=0.0000  pred=true   gold=true  running‐acc=0.471
Locality eval: pred=false             gold=n/a  correct=False  running‐acc=0.462
[ 120/489] loss=0.0000  pred=true   gold=n/a  running‐acc=0.467
Locality eval: pred=true              gold=true  correct=True  running‐acc=0.467
[ 121/489] loss=0.0000  pred=true   gold=true  running‐acc=0.471
Locality eval: pred=false             gold=n/a  correct=False  running‐acc=0.463
[ 122/489] loss=0.0000  pred=n/a    gold=true  running‐acc=0.467
Locality eval: pred=false             gold=n/a  correct=False  running‐acc=0.459
[ 123/489] loss=0.0000  pred=true   gold=true  running‐acc=0.472
Locality eval: pred=false             gold=n/a  correct=False  running‐acc=0.455
[ 124/489] loss=0.0000  pred=true   gold=true  running‐acc=0.476
Locality eval: pred=false             gold=n/a  correct=False  running‐acc=0.452
[ 125/489] loss=0.0000  pred=true   gold=n/a  running‐acc=0.472
Locality eval: pred=true.             gold=true  correct=True  running‐acc=0.456
[ 126/489] loss=0.0000  pred=true   gold=n/a  running‐acc=0.468
Locality eval: pred=true              gold=true  correct=True  running‐acc=0.460
[ 127/489] loss=0.0000  pred=true   gold=true  running‐acc=0.472
Locality eval: pred=false             gold=n/a  correct=False  running‐acc=0.457
[ 128/489] loss=0.0000  pred=true   gold=true  running‐acc=0.477
Locality eval: pred=false             gold=n/a  correct=False  running‐acc=0.453
[ 129/489] loss=0.0000  pred=true   gold=n/a  running‐acc=0.473
Locality eval: pred=true.             gold=true  correct=True  running‐acc=0.457
[ 130/489] loss=0.0000  pred=true.  gold=n/a  running‐acc=0.469
Locality eval: pred=true              gold=true  correct=True  running‐acc=0.462
[ 131/489] loss=0.0000  pred=true   gold=true  running‐acc=0.473
Locality eval: pred=false             gold=n/a  correct=False  running‐acc=0.458
[ 132/489] loss=0.0000  pred=true   gold=n/a  running‐acc=0.470
Locality eval: pred=true              gold=true  correct=True  running‐acc=0.462
[ 133/489] loss=0.0000  pred=true   gold=n/a  running‐acc=0.466
Locality eval: pred=true              gold=true  correct=True  running‐acc=0.466
[ 134/489] loss=0.0000  pred=true   gold=n/a  running‐acc=0.463
Locality eval: pred=true.             gold=true  correct=True  running‐acc=0.470
[ 135/489] loss=0.0000  pred=true   gold=n/a  running‐acc=0.459
Locality eval: pred=true              gold=true  correct=True  running‐acc=0.474
[ 136/489] loss=0.0000  pred=true   gold=true  running‐acc=0.463
Locality eval: pred=false             gold=n/a  correct=False  running‐acc=0.471
[ 137/489] loss=0.0000  pred=true   gold=true  running‐acc=0.467
Locality eval: pred=false             gold=n/a  correct=False  running‐acc=0.467
[ 138/489] loss=0.0000  pred=true   gold=true  running‐acc=0.471
Locality eval: pred=false             gold=n/a  correct=False  running‐acc=0.464
[ 139/489] loss=0.0000  pred=true   gold=n/a  running‐acc=0.468
Locality eval: pred=true              gold=true  correct=True  running‐acc=0.468
[ 140/489] loss=0.0000  pred=true.  gold=n/a  running‐acc=0.464
Locality eval: pred=true.             gold=true  correct=True  running‐acc=0.471
[ 141/489] loss=0.0000  pred=true   gold=true  running‐acc=0.468
Locality eval: pred=false             gold=n/a  correct=False  running‐acc=0.468
[ 142/489] loss=0.0000  pred=true   gold=n/a  running‐acc=0.465
Locality eval: pred=true              gold=true  correct=True  running‐acc=0.472
[ 143/489] loss=0.0000  pred=true   gold=true  running‐acc=0.469
Locality eval: pred=false             gold=n/a  correct=False  running‐acc=0.469
[ 144/489] loss=0.0000  pred=true   gold=true  running‐acc=0.472
Locality eval: pred=false             gold=n/a  correct=False  running‐acc=0.465
[ 145/489] loss=0.0000  pred=true   gold=true  running‐acc=0.476
Locality eval: pred=false             gold=n/a  correct=False  running‐acc=0.462
[ 146/489] loss=0.0000  pred=false  gold=true  running‐acc=0.473
Locality eval: pred=false             gold=n/a  correct=False  running‐acc=0.459
[ 147/489] loss=0.0000  pred=false  gold=n/a  running‐acc=0.469
Locality eval: pred=true.             gold=true  correct=True  running‐acc=0.463
[ 148/489] loss=0.0000  pred=true   gold=true  running‐acc=0.473
Locality eval: pred=false             gold=n/a  correct=False  running‐acc=0.459
[ 149/489] loss=0.0000  pred=true   gold=n/a  running‐acc=0.470
Locality eval: pred=false             gold=true  correct=False  running‐acc=0.456
[ 150/489] loss=0.0000  pred=true   gold=n/a  running‐acc=0.467
Locality eval: pred=false.            gold=true  correct=False  running‐acc=0.453
[ 151/489] loss=0.0000  pred=true   gold=true  running‐acc=0.470
Locality eval: pred=false             gold=n/a  correct=False  running‐acc=0.450
[ 152/489] loss=0.0000  pred=true   gold=n/a  running‐acc=0.467
Locality eval: pred=true              gold=true  correct=True  running‐acc=0.454
[ 153/489] loss=0.0000  pred=true   gold=n/a  running‐acc=0.464
Locality eval: pred=true              gold=true  correct=True  running‐acc=0.458
[ 154/489] loss=0.0000  pred=true   gold=true  running‐acc=0.468
Locality eval: pred=false             gold=n/a  correct=False  running‐acc=0.455
[ 155/489] loss=0.0000  pred=true   gold=true  running‐acc=0.471
Locality eval: pred=false             gold=n/a  correct=False  running‐acc=0.452
[ 156/489] loss=0.0000  pred=true   gold=n/a  running‐acc=0.468
Locality eval: pred=true              gold=true  correct=True  running‐acc=0.455
[ 157/489] loss=0.0000  pred=true   gold=n/a  running‐acc=0.465
Locality eval: pred=true              gold=true  correct=True  running‐acc=0.459
[ 158/489] loss=0.0000  pred=true   gold=n/a  running‐acc=0.462
Locality eval: pred=true              gold=true  correct=True  running‐acc=0.462
[ 159/489] loss=0.0000  pred=true   gold=n/a  running‐acc=0.459
Locality eval: pred=true.             gold=true  correct=True  running‐acc=0.465
[ 160/489] loss=0.0000  pred=true   gold=n/a  running‐acc=0.456
Locality eval: pred=true              gold=true  correct=True  running‐acc=0.469
[ 161/489] loss=0.0000  pred=true   gold=n/a  running‐acc=0.453
Locality eval: pred=true              gold=true  correct=True  running‐acc=0.472
[ 162/489] loss=0.0000  pred=true   gold=true  running‐acc=0.457
Locality eval: pred=false             gold=n/a  correct=False  running‐acc=0.469
[ 163/489] loss=0.0000  pred=true   gold=n/a  running‐acc=0.454
Locality eval: pred=true              gold=true  correct=True  running‐acc=0.472
[ 164/489] loss=0.0000  pred=true   gold=n/a  running‐acc=0.451
Locality eval: pred=true.             gold=true  correct=True  running‐acc=0.476
[ 165/489] loss=0.0000  pred=true   gold=true  running‐acc=0.455
Locality eval: pred=false             gold=n/a  correct=False  running‐acc=0.473
[ 166/489] loss=0.0000  pred=true   gold=n/a  running‐acc=0.452
Locality eval: pred=true              gold=true  correct=True  running‐acc=0.476
[ 167/489] loss=0.0000  pred=true   gold=true  running‐acc=0.455
Locality eval: pred=false             gold=n/a  correct=False  running‐acc=0.473
[ 168/489] loss=0.0000  pred=true   gold=n/a  running‐acc=0.452
Locality eval: pred=true              gold=true  correct=True  running‐acc=0.476
[ 169/489] loss=0.0000  pred=true   gold=true  running‐acc=0.456
Locality eval: pred=false             gold=n/a  correct=False  running‐acc=0.473
[ 170/489] loss=0.0000  pred=true   gold=true  running‐acc=0.459
Locality eval: pred=false             gold=n/a  correct=False  running‐acc=0.471
[ 171/489] loss=0.0000  pred=true   gold=true  running‐acc=0.462
Locality eval: pred=false             gold=n/a  correct=False  running‐acc=0.468
[ 172/489] loss=0.0000  pred=true   gold=true  running‐acc=0.465
Locality eval: pred=false             gold=n/a  correct=False  running‐acc=0.465
[ 173/489] loss=0.0000  pred=true   gold=n/a  running‐acc=0.462
Locality eval: pred=false             gold=true  correct=False  running‐acc=0.462
[ 174/489] loss=0.0000  pred=true   gold=true  running‐acc=0.466
Locality eval: pred=false             gold=n/a  correct=False  running‐acc=0.460
[ 175/489] loss=0.0000  pred=true   gold=true  running‐acc=0.469
Locality eval: pred=false             gold=n/a  correct=False  running‐acc=0.457
[ 176/489] loss=0.0000  pred=true   gold=true  running‐acc=0.472
Locality eval: pred=false             gold=n/a  correct=False  running‐acc=0.455
[ 177/489] loss=0.0000  pred=true   gold=n/a  running‐acc=0.469
Locality eval: pred=true              gold=true  correct=True  running‐acc=0.458
[ 178/489] loss=0.0000  pred=true   gold=true  running‐acc=0.472
Locality eval: pred=false             gold=n/a  correct=False  running‐acc=0.455
[ 179/489] loss=0.0000  pred=false.  gold=n/a  running‐acc=0.469
Locality eval: pred=true              gold=true  correct=True  running‐acc=0.458
[ 180/489] loss=0.0000  pred=n/a    gold=true  running‐acc=0.467
Locality eval: pred=false             gold=n/a  correct=False  running‐acc=0.456
[ 181/489] loss=0.0000  pred=true   gold=true  running‐acc=0.470
Locality eval: pred=false             gold=n/a  correct=False  running‐acc=0.453
[ 182/489] loss=0.0000  pred=true   gold=n/a  running‐acc=0.467
Locality eval: pred=true              gold=true  correct=True  running‐acc=0.456
[ 183/489] loss=0.0000  pred=true   gold=n/a  running‐acc=0.464
Locality eval: pred=true.             gold=true  correct=True  running‐acc=0.459
[ 184/489] loss=0.0000  pred=false  gold=true  running‐acc=0.462
Locality eval: pred=false             gold=n/a  correct=False  running‐acc=0.457
[ 185/489] loss=0.0000  pred=true   gold=true  running‐acc=0.465
Locality eval: pred=false             gold=n/a  correct=False  running‐acc=0.454
[ 186/489] loss=0.0000  pred=true   gold=n/a  running‐acc=0.462
Locality eval: pred=true              gold=true  correct=True  running‐acc=0.457
[ 187/489] loss=0.0000  pred=false  gold=true  running‐acc=0.460
Locality eval: pred=false             gold=n/a  correct=False  running‐acc=0.455
[ 188/489] loss=0.0000  pred=false  gold=true  running‐acc=0.457
Locality eval: pred=false             gold=n/a  correct=False  running‐acc=0.452
[ 189/489] loss=0.0000  pred=true.  gold=n/a  running‐acc=0.455
Locality eval: pred=true              gold=true  correct=True  running‐acc=0.455
[ 190/489] loss=0.0000  pred=true   gold=true  running‐acc=0.458
Locality eval: pred=false             gold=n/a  correct=False  running‐acc=0.453
[ 191/489] loss=0.0000  pred=true   gold=true  running‐acc=0.461
Locality eval: pred=false             gold=n/a  correct=False  running‐acc=0.450
[ 192/489] loss=0.0000  pred=true   gold=n/a  running‐acc=0.458
Locality eval: pred=true              gold=true  correct=True  running‐acc=0.453
[ 193/489] loss=0.0000  pred=true   gold=n/a  running‐acc=0.456
Locality eval: pred=true              gold=true  correct=True  running‐acc=0.456
[ 194/489] loss=0.0000  pred=true.  gold=n/a  running‐acc=0.454
Locality eval: pred=true              gold=true  correct=True  running‐acc=0.459
[ 195/489] loss=0.0000  pred=true   gold=n/a  running‐acc=0.451
Locality eval: pred=true.             gold=true  correct=True  running‐acc=0.462
[ 196/489] loss=0.0000  pred=true   gold=n/a  running‐acc=0.449
Locality eval: pred=true.             gold=true  correct=True  running‐acc=0.464
[ 197/489] loss=0.0000  pred=true   gold=true  running‐acc=0.452
Locality eval: pred=false             gold=n/a  correct=False  running‐acc=0.462
[ 198/489] loss=0.0000  pred=true   gold=true  running‐acc=0.455
Locality eval: pred=false             gold=n/a  correct=False  running‐acc=0.460
[ 199/489] loss=0.0000  pred=true   gold=n/a  running‐acc=0.452
Locality eval: pred=true              gold=true  correct=True  running‐acc=0.462
[ 200/489] loss=0.0000  pred=true   gold=n/a  running‐acc=0.450
Locality eval: pred=true              gold=true  correct=True  running‐acc=0.465
[ 201/489] loss=0.0000  pred=true   gold=true  running‐acc=0.453
Locality eval: pred=false             gold=n/a  correct=False  running‐acc=0.463
[ 202/489] loss=0.0000  pred=true.  gold=n/a  running‐acc=0.450
Locality eval: pred=true              gold=true  correct=True  running‐acc=0.465
[ 203/489] loss=0.0000  pred=true   gold=n/a  running‐acc=0.448
Locality eval: pred=true              gold=true  correct=True  running‐acc=0.468
[ 204/489] loss=0.0000  pred=true   gold=n/a  running‐acc=0.446
Locality eval: pred=true              gold=true  correct=True  running‐acc=0.471
[ 205/489] loss=0.0000  pred=true   gold=n/a  running‐acc=0.444
Locality eval: pred=true.             gold=true  correct=True  running‐acc=0.473
[ 206/489] loss=0.0000  pred=true   gold=n/a  running‐acc=0.442
Locality eval: pred=true              gold=true  correct=True  running‐acc=0.476
[ 207/489] loss=0.0000  pred=true   gold=n/a  running‐acc=0.440
Locality eval: pred=true              gold=true  correct=True  running‐acc=0.478
[ 208/489] loss=0.0000  pred=true.  gold=true  running‐acc=0.442
Locality eval: pred=false             gold=n/a  correct=False  running‐acc=0.476
[ 209/489] loss=0.0000  pred=true   gold=true  running‐acc=0.445
Locality eval: pred=false             gold=n/a  correct=False  running‐acc=0.474
[ 210/489] loss=0.0000  pred=true   gold=n/a  running‐acc=0.443
Locality eval: pred=true              gold=true  correct=True  running‐acc=0.476
[ 211/489] loss=0.0000  pred=true.  gold=n/a  running‐acc=0.441
Locality eval: pred=true              gold=true  correct=True  running‐acc=0.479
[ 212/489] loss=0.0000  pred=true   gold=true  running‐acc=0.443
Locality eval: pred=false             gold=n/a  correct=False  running‐acc=0.476
[ 213/489] loss=0.0000  pred=true.  gold=n/a  running‐acc=0.441
Locality eval: pred=true              gold=true  correct=True  running‐acc=0.479
[ 214/489] loss=0.0000  pred=true   gold=n/a  running‐acc=0.439
Locality eval: pred=true              gold=true  correct=True  running‐acc=0.481
[ 215/489] loss=0.0000  pred=true   gold=n/a  running‐acc=0.437
Locality eval: pred=true              gold=true  correct=True  running‐acc=0.484
[ 216/489] loss=0.0000  pred=true   gold=n/a  running‐acc=0.435
Locality eval: pred=true              gold=true  correct=True  running‐acc=0.486
[ 217/489] loss=0.0000  pred=true   gold=n/a  running‐acc=0.433
Locality eval: pred=true              gold=true  correct=True  running‐acc=0.488
[ 218/489] loss=0.0000  pred=true   gold=true  running‐acc=0.436
Locality eval: pred=false             gold=n/a  correct=False  running‐acc=0.486
[ 219/489] loss=0.0000  pred=true   gold=true  running‐acc=0.438
Locality eval: pred=false             gold=n/a  correct=False  running‐acc=0.484
[ 220/489] loss=0.0000  pred=true   gold=n/a  running‐acc=0.436
Locality eval: pred=false             gold=true  correct=False  running‐acc=0.482
[ 221/489] loss=0.0000  pred=true   gold=n/a  running‐acc=0.434
Locality eval: pred=true              gold=true  correct=True  running‐acc=0.484
[ 222/489] loss=0.0000  pred=true   gold=n/a  running‐acc=0.432
Locality eval: pred=true              gold=true  correct=True  running‐acc=0.486
[ 223/489] loss=0.0000  pred=true   gold=true  running‐acc=0.435
Locality eval: pred=false             gold=n/a  correct=False  running‐acc=0.484
[ 224/489] loss=0.0000  pred=true   gold=true  running‐acc=0.438
Locality eval: pred=false             gold=n/a  correct=False  running‐acc=0.482
[ 225/489] loss=0.0000  pred=true   gold=true  running‐acc=0.440
Locality eval: pred=false             gold=n/a  correct=False  running‐acc=0.480
[ 226/489] loss=0.0000  pred=true   gold=true  running‐acc=0.442
Locality eval: pred=false             gold=n/a  correct=False  running‐acc=0.478
[ 227/489] loss=0.0000  pred=true   gold=n/a  running‐acc=0.441
Locality eval: pred=true              gold=true  correct=True  running‐acc=0.480
[ 228/489] loss=0.0000  pred=false  gold=n/a  running‐acc=0.439
Locality eval: pred=true              gold=true  correct=True  running‐acc=0.482
[ 229/489] loss=0.0000  pred=true   gold=true  running‐acc=0.441
Locality eval: pred=false             gold=n/a  correct=False  running‐acc=0.480
[ 230/489] loss=0.0000  pred=true   gold=n/a  running‐acc=0.439
Locality eval: pred=true              gold=true  correct=True  running‐acc=0.483
[ 231/489] loss=0.0000  pred=true   gold=true  running‐acc=0.442
Locality eval: pred=false             gold=n/a  correct=False  running‐acc=0.481
[ 232/489] loss=0.0000  pred=true   gold=n/a  running‐acc=0.440
Locality eval: pred=false.            gold=true  correct=False  running‐acc=0.478
[ 233/489] loss=0.0000  pred=true   gold=true  running‐acc=0.442
Locality eval: pred=false             gold=n/a  correct=False  running‐acc=0.476
[ 234/489] loss=0.0000  pred=false  gold=n/a  running‐acc=0.440
Locality eval: pred=true              gold=true  correct=True  running‐acc=0.479
[ 235/489] loss=0.0000  pred=true   gold=true  running‐acc=0.443
Locality eval: pred=false             gold=n/a  correct=False  running‐acc=0.477
[ 236/489] loss=0.0000  pred=true   gold=n/a  running‐acc=0.441
Locality eval: pred=true              gold=true  correct=True  running‐acc=0.479
[ 237/489] loss=0.0000  pred=true   gold=true  running‐acc=0.443
Locality eval: pred=false             gold=n/a  correct=False  running‐acc=0.477
[ 238/489] loss=0.0000  pred=true   gold=n/a  running‐acc=0.441
Locality eval: pred=true              gold=true  correct=True  running‐acc=0.479
[ 239/489] loss=0.0000  pred=true   gold=true  running‐acc=0.444
Locality eval: pred=false             gold=n/a  correct=False  running‐acc=0.477
[ 240/489] loss=0.0000  pred=true   gold=true  running‐acc=0.446
Locality eval: pred=false             gold=n/a  correct=False  running‐acc=0.475
[ 241/489] loss=0.0000  pred=true   gold=true  running‐acc=0.448
Locality eval: pred=false             gold=n/a  correct=False  running‐acc=0.473
[ 242/489] loss=0.0000  pred=true   gold=true  running‐acc=0.450
Locality eval: pred=false             gold=n/a  correct=False  running‐acc=0.471
[ 243/489] loss=0.0000  pred=true   gold=true  running‐acc=0.453
Locality eval: pred=false             gold=n/a  correct=False  running‐acc=0.469
[ 244/489] loss=0.0000  pred=true   gold=true  running‐acc=0.455
Locality eval: pred=false             gold=n/a  correct=False  running‐acc=0.467
[ 245/489] loss=0.0000  pred=true.  gold=true  running‐acc=0.457
Locality eval: pred=false             gold=n/a  correct=False  running‐acc=0.465
[ 246/489] loss=0.0000  pred=true   gold=n/a  running‐acc=0.455
Locality eval: pred=true.             gold=true  correct=True  running‐acc=0.467
[ 247/489] loss=0.0000  pred=true   gold=true  running‐acc=0.457
Locality eval: pred=false             gold=n/a  correct=False  running‐acc=0.466
[ 248/489] loss=0.0000  pred=true.  gold=true  running‐acc=0.460
Locality eval: pred=false             gold=n/a  correct=False  running‐acc=0.464
[ 249/489] loss=0.0000  pred=true   gold=true  running‐acc=0.462
Locality eval: pred=false             gold=n/a  correct=False  running‐acc=0.462
[ 250/489] loss=0.0000  pred=true.  gold=true  running‐acc=0.464
Locality eval: pred=false             gold=n/a  correct=False  running‐acc=0.460
[ 251/489] loss=0.0000  pred=true   gold=n/a  running‐acc=0.462
Locality eval: pred=false             gold=true  correct=False  running‐acc=0.458
[ 252/489] loss=0.0000  pred=true   gold=n/a  running‐acc=0.460
Locality eval: pred=true.             gold=true  correct=True  running‐acc=0.460
[ 253/489] loss=0.0000  pred=true   gold=n/a  running‐acc=0.458
Locality eval: pred=true              gold=true  correct=True  running‐acc=0.462
[ 254/489] loss=0.0000  pred=true   gold=n/a  running‐acc=0.457
Locality eval: pred=true              gold=true  correct=True  running‐acc=0.465
[ 255/489] loss=0.0000  pred=true   gold=true  running‐acc=0.459
Locality eval: pred=false             gold=n/a  correct=False  running‐acc=0.463
[ 256/489] loss=0.0000  pred=true   gold=true  running‐acc=0.461
Locality eval: pred=false             gold=n/a  correct=False  running‐acc=0.461
[ 257/489] loss=0.0000  pred=true   gold=true  running‐acc=0.463
Locality eval: pred=false             gold=n/a  correct=False  running‐acc=0.459
[ 258/489] loss=0.0000  pred=true   gold=n/a  running‐acc=0.461
Locality eval: pred=true.             gold=true  correct=True  running‐acc=0.461
[ 259/489] loss=0.0000  pred=true   gold=true  running‐acc=0.463
Locality eval: pred=false             gold=n/a  correct=False  running‐acc=0.459
[ 260/489] loss=0.0000  pred=true   gold=n/a  running‐acc=0.462
Locality eval: pred=true              gold=true  correct=True  running‐acc=0.462
[ 261/489] loss=0.0000  pred=true   gold=true  running‐acc=0.464
Locality eval: pred=false             gold=n/a  correct=False  running‐acc=0.460
[ 262/489] loss=0.0000  pred=true   gold=n/a  running‐acc=0.462
Locality eval: pred=true              gold=true  correct=True  running‐acc=0.462
[ 263/489] loss=0.0000  pred=true   gold=true  running‐acc=0.464
Locality eval: pred=false             gold=n/a  correct=False  running‐acc=0.460
[ 264/489] loss=0.0000  pred=true   gold=true  running‐acc=0.466
Locality eval: pred=false             gold=n/a  correct=False  running‐acc=0.458
[ 265/489] loss=0.0000  pred=true   gold=true  running‐acc=0.468
Locality eval: pred=false             gold=n/a  correct=False  running‐acc=0.457
[ 266/489] loss=0.0000  pred=true   gold=n/a  running‐acc=0.466
Locality eval: pred=true              gold=true  correct=True  running‐acc=0.459
[ 267/489] loss=0.0000  pred=true   gold=true  running‐acc=0.468
Locality eval: pred=false             gold=n/a  correct=False  running‐acc=0.457
[ 268/489] loss=0.0000  pred=true   gold=true  running‐acc=0.470
Locality eval: pred=false             gold=n/a  correct=False  running‐acc=0.455
[ 269/489] loss=0.0000  pred=true   gold=true  running‐acc=0.472
Locality eval: pred=false             gold=n/a  correct=False  running‐acc=0.454
[ 270/489] loss=0.0000  pred=true   gold=true  running‐acc=0.474
Locality eval: pred=false             gold=n/a  correct=False  running‐acc=0.452
[ 271/489] loss=0.0000  pred=true   gold=n/a  running‐acc=0.472
Locality eval: pred=true              gold=true  correct=True  running‐acc=0.454
[ 272/489] loss=0.0000  pred=true   gold=n/a  running‐acc=0.471
Locality eval: pred=false.            gold=true  correct=False  running‐acc=0.452
[ 273/489] loss=0.0000  pred=true   gold=true  running‐acc=0.473
Locality eval: pred=false             gold=n/a  correct=False  running‐acc=0.451
[ 274/489] loss=0.0000  pred=true   gold=true  running‐acc=0.474
Locality eval: pred=false             gold=n/a  correct=False  running‐acc=0.449
[ 275/489] loss=0.0000  pred=true   gold=true  running‐acc=0.476
Locality eval: pred=false             gold=n/a  correct=False  running‐acc=0.447
[ 276/489] loss=0.0000  pred=true   gold=true  running‐acc=0.478
Locality eval: pred=false             gold=n/a  correct=False  running‐acc=0.446
[ 277/489] loss=0.0000  pred=true   gold=n/a  running‐acc=0.477
Locality eval: pred=true              gold=true  correct=True  running‐acc=0.448
[ 278/489] loss=0.0000  pred=true   gold=true  running‐acc=0.478
Locality eval: pred=false             gold=n/a  correct=False  running‐acc=0.446
[ 279/489] loss=0.0000  pred=true   gold=true  running‐acc=0.480
Locality eval: pred=false             gold=n/a  correct=False  running‐acc=0.444
[ 280/489] loss=0.0000  pred=true   gold=n/a  running‐acc=0.479
Locality eval: pred=true              gold=true  correct=True  running‐acc=0.446
[ 281/489] loss=0.0000  pred=true   gold=n/a  running‐acc=0.477
Locality eval: pred=true              gold=true  correct=True  running‐acc=0.448
[ 282/489] loss=0.0000  pred=true   gold=n/a  running‐acc=0.475
Locality eval: pred=true              gold=true  correct=True  running‐acc=0.450
[ 283/489] loss=0.0000  pred=true   gold=n/a  running‐acc=0.473
Locality eval: pred=true              gold=true  correct=True  running‐acc=0.452
[ 284/489] loss=0.0000  pred=true   gold=n/a  running‐acc=0.472
Locality eval: pred=true              gold=true  correct=True  running‐acc=0.454
[ 285/489] loss=0.0000  pred=true   gold=n/a  running‐acc=0.470
Locality eval: pred=true.             gold=true  correct=True  running‐acc=0.456
[ 286/489] loss=0.0000  pred=true   gold=true  running‐acc=0.472
Locality eval: pred=false             gold=n/a  correct=False  running‐acc=0.455
[ 287/489] loss=0.0000  pred=true   gold=n/a  running‐acc=0.470
Locality eval: pred=false             gold=true  correct=False  running‐acc=0.453
[ 288/489] loss=0.0000  pred=true   gold=n/a  running‐acc=0.469
Locality eval: pred=true              gold=true  correct=True  running‐acc=0.455
[ 289/489] loss=0.0000  pred=true   gold=true  running‐acc=0.471
Locality eval: pred=false             gold=n/a  correct=False  running‐acc=0.453
[ 290/489] loss=0.0000  pred=true   gold=true  running‐acc=0.472
Locality eval: pred=false             gold=n/a  correct=False  running‐acc=0.452
[ 291/489] loss=0.0000  pred=true   gold=true  running‐acc=0.474
Locality eval: pred=false             gold=n/a  correct=False  running‐acc=0.450
[ 292/489] loss=0.0000  pred=true   gold=n/a  running‐acc=0.473
Locality eval: pred=true.             gold=true  correct=True  running‐acc=0.452
[ 293/489] loss=0.0000  pred=true   gold=true  running‐acc=0.474
Locality eval: pred=false             gold=n/a  correct=False  running‐acc=0.451
[ 294/489] loss=0.0000  pred=true   gold=true  running‐acc=0.476
Locality eval: pred=false             gold=n/a  correct=False  running‐acc=0.449
[ 295/489] loss=0.0000  pred=true   gold=n/a  running‐acc=0.475
Locality eval: pred=true              gold=true  correct=True  running‐acc=0.451
[ 296/489] loss=0.0000  pred=true   gold=n/a  running‐acc=0.473
Locality eval: pred=true              gold=true  correct=True  running‐acc=0.453
[ 297/489] loss=0.0000  pred=true   gold=n/a  running‐acc=0.471
Locality eval: pred=true              gold=true  correct=True  running‐acc=0.455
[ 298/489] loss=0.0000  pred=true   gold=true  running‐acc=0.473
Locality eval: pred=false             gold=n/a  correct=False  running‐acc=0.453
[ 299/489] loss=0.0000  pred=true   gold=true  running‐acc=0.475
Locality eval: pred=false             gold=n/a  correct=False  running‐acc=0.452
[ 300/489] loss=0.0000  pred=true   gold=n/a  running‐acc=0.473
Locality eval: pred=true.             gold=true  correct=True  running‐acc=0.453
[ 301/489] loss=0.0000  pred=true   gold=n/a  running‐acc=0.472
Locality eval: pred=true              gold=true  correct=True  running‐acc=0.455
[ 302/489] loss=0.0000  pred=true   gold=n/a  running‐acc=0.470
Locality eval: pred=true              gold=true  correct=True  running‐acc=0.457
[ 303/489] loss=0.0000  pred=true.  gold=true  running‐acc=0.472
Locality eval: pred=false             gold=n/a  correct=False  running‐acc=0.455
[ 304/489] loss=0.0000  pred=true   gold=n/a  running‐acc=0.470
Locality eval: pred=true.             gold=true  correct=True  running‐acc=0.457
[ 305/489] loss=0.0000  pred=true   gold=n/a  running‐acc=0.469
Locality eval: pred=true              gold=true  correct=True  running‐acc=0.459
[ 306/489] loss=0.0000  pred=false  gold=true  running‐acc=0.467
Locality eval: pred=false             gold=n/a  correct=False  running‐acc=0.458
[ 307/489] loss=0.0000  pred=n/a    gold=true  running‐acc=0.466
Locality eval: pred=false             gold=n/a  correct=False  running‐acc=0.456
[ 308/489] loss=0.0000  pred=true   gold=true  running‐acc=0.468
Locality eval: pred=false             gold=n/a  correct=False  running‐acc=0.455
[ 309/489] loss=0.0000  pred=true.  gold=n/a  running‐acc=0.466
Locality eval: pred=true              gold=true  correct=True  running‐acc=0.456
[ 310/489] loss=0.0000  pred=true   gold=true  running‐acc=0.468
Locality eval: pred=false             gold=n/a  correct=False  running‐acc=0.455
[ 311/489] loss=0.0000  pred=false.  gold=n/a  running‐acc=0.466
Locality eval: pred=true.             gold=true  correct=True  running‐acc=0.457
[ 312/489] loss=0.0000  pred=true   gold=n/a  running‐acc=0.465
Locality eval: pred=true              gold=true  correct=True  running‐acc=0.458
[ 313/489] loss=0.0000  pred=true   gold=true  running‐acc=0.466
Locality eval: pred=false             gold=n/a  correct=False  running‐acc=0.457
[ 314/489] loss=0.0000  pred=true   gold=n/a  running‐acc=0.465
Locality eval: pred=false.            gold=true  correct=False  running‐acc=0.455
[ 315/489] loss=0.0000  pred=true   gold=n/a  running‐acc=0.463
Locality eval: pred=true              gold=true  correct=True  running‐acc=0.457
[ 316/489] loss=0.0000  pred=true   gold=n/a  running‐acc=0.462
Locality eval: pred=true              gold=true  correct=True  running‐acc=0.459
[ 317/489] loss=0.0000  pred=true   gold=n/a  running‐acc=0.461
Locality eval: pred=true              gold=true  correct=True  running‐acc=0.461
[ 318/489] loss=0.0000  pred=true   gold=true  running‐acc=0.462
Locality eval: pred=false             gold=n/a  correct=False  running‐acc=0.459
[ 319/489] loss=0.0000  pred=true   gold=n/a  running‐acc=0.461
Locality eval: pred=true              gold=true  correct=True  running‐acc=0.461
[ 320/489] loss=0.0000  pred=true   gold=n/a  running‐acc=0.459
Locality eval: pred=n/a               gold=true  correct=False  running‐acc=0.459
[ 321/489] loss=0.0000  pred=true   gold=n/a  running‐acc=0.458
Locality eval: pred=true              gold=true  correct=True  running‐acc=0.461
[ 322/489] loss=0.0000  pred=true   gold=n/a  running‐acc=0.457
Locality eval: pred=true              gold=true  correct=True  running‐acc=0.463
[ 323/489] loss=0.0000  pred=false  gold=true  running‐acc=0.455
Locality eval: pred=false             gold=n/a  correct=False  running‐acc=0.461
[ 324/489] loss=0.0000  pred=true.  gold=n/a  running‐acc=0.454
Locality eval: pred=true              gold=true  correct=True  running‐acc=0.463
[ 325/489] loss=0.0000  pred=true   gold=true  running‐acc=0.455
Locality eval: pred=false             gold=n/a  correct=False  running‐acc=0.462
[ 326/489] loss=0.0000  pred=true   gold=n/a  running‐acc=0.454
Locality eval: pred=false             gold=true  correct=False  running‐acc=0.460
[ 327/489] loss=0.0000  pred=true   gold=true  running‐acc=0.456
Locality eval: pred=false             gold=n/a  correct=False  running‐acc=0.459
[ 328/489] loss=0.0000  pred=true   gold=true  running‐acc=0.457
Locality eval: pred=false             gold=n/a  correct=False  running‐acc=0.457
[ 329/489] loss=0.0000  pred=       gold=n/a  running‐acc=0.456
Locality eval: pred=true              gold=true  correct=True  running‐acc=0.459
[ 330/489] loss=0.0000  pred=true   gold=true  running‐acc=0.458
Locality eval: pred=false             gold=n/a  correct=False  running‐acc=0.458
[ 331/489] loss=0.0000  pred=true   gold=true  running‐acc=0.459
Locality eval: pred=false             gold=n/a  correct=False  running‐acc=0.456
[ 332/489] loss=0.0000  pred=true   gold=n/a  running‐acc=0.458
Locality eval: pred=true              gold=true  correct=True  running‐acc=0.458
[ 333/489] loss=0.0000  pred=true   gold=n/a  running‐acc=0.456
Locality eval: pred=true.             gold=true  correct=True  running‐acc=0.459
[ 334/489] loss=0.0000  pred=true   gold=n/a  running‐acc=0.455
Locality eval: pred=true              gold=true  correct=True  running‐acc=0.461
[ 335/489] loss=0.0000  pred=true   gold=true  running‐acc=0.457
Locality eval: pred=false             gold=n/a  correct=False  running‐acc=0.460
[ 336/489] loss=0.0000  pred=true   gold=true  running‐acc=0.458
Locality eval: pred=false             gold=n/a  correct=False  running‐acc=0.458
[ 337/489] loss=0.0000  pred=true   gold=n/a  running‐acc=0.457
Locality eval: pred=true              gold=true  correct=True  running‐acc=0.460
[ 338/489] loss=0.0000  pred=true   gold=true  running‐acc=0.459
Locality eval: pred=false             gold=n/a  correct=False  running‐acc=0.459
[ 339/489] loss=0.0000  pred=true   gold=n/a  running‐acc=0.457
Locality eval: pred=true              gold=true  correct=True  running‐acc=0.460
[ 340/489] loss=0.0000  pred=true   gold=n/a  running‐acc=0.456
Locality eval: pred=true              gold=true  correct=True  running‐acc=0.462
[ 341/489] loss=0.0000  pred=true.  gold=n/a  running‐acc=0.455
Locality eval: pred=true              gold=true  correct=True  running‐acc=0.463
[ 342/489] loss=0.0000  pred=true   gold=true  running‐acc=0.456
Locality eval: pred=false             gold=n/a  correct=False  running‐acc=0.462
[ 343/489] loss=0.0000  pred=true   gold=n/a  running‐acc=0.455
Locality eval: pred=false             gold=true  correct=False  running‐acc=0.461
[ 344/489] loss=0.0000  pred=true   gold=true  running‐acc=0.456
Locality eval: pred=false             gold=n/a  correct=False  running‐acc=0.459
[ 345/489] loss=0.0000  pred=true   gold=true  running‐acc=0.458
Locality eval: pred=false             gold=n/a  correct=False  running‐acc=0.458
[ 346/489] loss=0.0000  pred=false  gold=true  running‐acc=0.457
Locality eval: pred=false             gold=n/a  correct=False  running‐acc=0.457
[ 347/489] loss=0.0000  pred=true   gold=n/a  running‐acc=0.455
Locality eval: pred=true              gold=true  correct=True  running‐acc=0.458
[ 348/489] loss=0.0000  pred=true   gold=n/a  running‐acc=0.454
Locality eval: pred=true.             gold=true  correct=True  running‐acc=0.460
[ 349/489] loss=0.0000  pred=true.  gold=true  running‐acc=0.456
Locality eval: pred=false             gold=n/a  correct=False  running‐acc=0.458
[ 350/489] loss=0.0000  pred=false  gold=true  running‐acc=0.454
Locality eval: pred=false             gold=n/a  correct=False  running‐acc=0.457
[ 351/489] loss=0.0000  pred=true   gold=n/a  running‐acc=0.453
Locality eval: pred=true              gold=true  correct=True  running‐acc=0.459
[ 352/489] loss=0.0000  pred=true   gold=n/a  running‐acc=0.452
Locality eval: pred=true              gold=true  correct=True  running‐acc=0.460
[ 353/489] loss=0.0000  pred=true   gold=true  running‐acc=0.453
Locality eval: pred=false             gold=n/a  correct=False  running‐acc=0.459
[ 354/489] loss=0.0000  pred=true   gold=n/a  running‐acc=0.452
Locality eval: pred=true              gold=true  correct=True  running‐acc=0.460
[ 355/489] loss=0.0000  pred=true   gold=true  running‐acc=0.454
Locality eval: pred=false             gold=n/a  correct=False  running‐acc=0.459
[ 356/489] loss=0.0000  pred=true   gold=n/a  running‐acc=0.452
Locality eval: pred=true.             gold=true  correct=True  running‐acc=0.461
[ 357/489] loss=0.0000  pred=n/a    gold=n/a  running‐acc=0.454
Locality eval: pred=true              gold=true  correct=True  running‐acc=0.462
[ 358/489] loss=0.0000  pred=true   gold=n/a  running‐acc=0.453
Locality eval: pred=true.             gold=true  correct=True  running‐acc=0.464
[ 359/489] loss=0.0000  pred=true   gold=n/a  running‐acc=0.451
Locality eval: pred=true              gold=true  correct=True  running‐acc=0.465
[ 360/489] loss=0.0000  pred=true   gold=n/a  running‐acc=0.450
Locality eval: pred=true              gold=true  correct=True  running‐acc=0.467
[ 361/489] loss=0.0000  pred=true   gold=true  running‐acc=0.452
Locality eval: pred=false             gold=n/a  correct=False  running‐acc=0.465
[ 362/489] loss=0.0000  pred=true   gold=n/a  running‐acc=0.450
Locality eval: pred=true              gold=true  correct=True  running‐acc=0.467
[ 363/489] loss=0.0000  pred=true   gold=n/a  running‐acc=0.449
Locality eval: pred=true.             gold=true  correct=True  running‐acc=0.468
[ 364/489] loss=0.0000  pred=true.  gold=n/a  running‐acc=0.448
Locality eval: pred=true              gold=true  correct=True  running‐acc=0.470
[ 365/489] loss=0.0000  pred=true   gold=true  running‐acc=0.449
Locality eval: pred=false             gold=n/a  correct=False  running‐acc=0.468
[ 366/489] loss=0.0000  pred=true   gold=true  running‐acc=0.451
Locality eval: pred=false             gold=n/a  correct=False  running‐acc=0.467
[ 367/489] loss=0.0000  pred=true   gold=true  running‐acc=0.452
Locality eval: pred=false             gold=n/a  correct=False  running‐acc=0.466
[ 368/489] loss=0.0000  pred=true   gold=true  running‐acc=0.454
Locality eval: pred=false             gold=n/a  correct=False  running‐acc=0.465
[ 369/489] loss=0.0000  pred=true   gold=n/a  running‐acc=0.453
Locality eval: pred=false.            gold=true  correct=False  running‐acc=0.463
[ 370/489] loss=0.0000  pred=true   gold=true  running‐acc=0.454
Locality eval: pred=false             gold=n/a  correct=False  running‐acc=0.462
[ 371/489] loss=0.0000  pred=true   gold=true  running‐acc=0.456
Locality eval: pred=false             gold=n/a  correct=False  running‐acc=0.461
[ 372/489] loss=0.0000  pred=true   gold=true  running‐acc=0.457
Locality eval: pred=false             gold=n/a  correct=False  running‐acc=0.460
[ 373/489] loss=0.0000  pred=true   gold=true  running‐acc=0.458
Locality eval: pred=false             gold=n/a  correct=False  running‐acc=0.458
[ 374/489] loss=0.0000  pred=       gold=n/a  running‐acc=0.457
Locality eval: pred=true              gold=true  correct=True  running‐acc=0.460
[ 375/489] loss=0.0000  pred=true   gold=true  running‐acc=0.459
Locality eval: pred=false             gold=n/a  correct=False  running‐acc=0.459
[ 376/489] loss=0.0000  pred=true   gold=true  running‐acc=0.460
Locality eval: pred=false             gold=n/a  correct=False  running‐acc=0.457
[ 377/489] loss=0.0000  pred=true.  gold=true  running‐acc=0.462
Locality eval: pred=false             gold=n/a  correct=False  running‐acc=0.456
[ 378/489] loss=0.0000  pred=true   gold=true  running‐acc=0.463
Locality eval: pred=false             gold=n/a  correct=False  running‐acc=0.455
[ 379/489] loss=0.0000  pred=true   gold=true  running‐acc=0.464
Locality eval: pred=false             gold=n/a  correct=False  running‐acc=0.454
[ 380/489] loss=0.0000  pred=true.  gold=true  running‐acc=0.466
Locality eval: pred=false             gold=n/a  correct=False  running‐acc=0.453
[ 381/489] loss=0.0000  pred=true   gold=n/a  running‐acc=0.465
Locality eval: pred=true              gold=true  correct=True  running‐acc=0.454
[ 382/489] loss=0.0000  pred=true   gold=n/a  running‐acc=0.463
Locality eval: pred=true.             gold=true  correct=True  running‐acc=0.455
[ 383/489] loss=0.0000  pred=true   gold=true  running‐acc=0.465
Locality eval: pred=false             gold=n/a  correct=False  running‐acc=0.454
[ 384/489] loss=0.0000  pred=true   gold=n/a  running‐acc=0.464
Locality eval: pred=true              gold=true  correct=True  running‐acc=0.456
[ 385/489] loss=0.0000  pred=true   gold=n/a  running‐acc=0.462
Locality eval: pred=true              gold=true  correct=True  running‐acc=0.457
[ 386/489] loss=0.0000  pred=true   gold=true  running‐acc=0.464
Locality eval: pred=false             gold=n/a  correct=False  running‐acc=0.456
[ 387/489] loss=0.0000  pred=true   gold=true  running‐acc=0.465
Locality eval: pred=false             gold=n/a  correct=False  running‐acc=0.455
[ 388/489] loss=0.0000  pred=true   gold=true  running‐acc=0.466
Locality eval: pred=false             gold=n/a  correct=False  running‐acc=0.454
[ 389/489] loss=0.0000  pred=true   gold=n/a  running‐acc=0.465
Locality eval: pred=true              gold=true  correct=True  running‐acc=0.455
[ 390/489] loss=0.0000  pred=true   gold=n/a  running‐acc=0.464
Locality eval: pred=true              gold=true  correct=True  running‐acc=0.456
[ 391/489] loss=0.0000  pred=true   gold=n/a  running‐acc=0.463
Locality eval: pred=true              gold=true  correct=True  running‐acc=0.458
[ 392/489] loss=0.0000  pred=true   gold=true  running‐acc=0.464
Locality eval: pred=false             gold=n/a  correct=False  running‐acc=0.457
[ 393/489] loss=0.0000  pred=true   gold=n/a  running‐acc=0.463
Locality eval: pred=true              gold=true  correct=True  running‐acc=0.458
[ 394/489] loss=0.0000  pred=true   gold=true  running‐acc=0.464
Locality eval: pred=false             gold=n/a  correct=False  running‐acc=0.457
[ 395/489] loss=0.0000  pred=true   gold=true  running‐acc=0.466
Locality eval: pred=false             gold=n/a  correct=False  running‐acc=0.456
[ 396/489] loss=0.0000  pred=true   gold=true  running‐acc=0.467
Locality eval: pred=false             gold=n/a  correct=False  running‐acc=0.455
[ 397/489] loss=0.0000  pred=true   gold=n/a  running‐acc=0.466
Locality eval: pred=true              gold=true  correct=True  running‐acc=0.456
[ 398/489] loss=0.0000  pred=true   gold=true  running‐acc=0.467
Locality eval: pred=false             gold=n/a  correct=False  running‐acc=0.455
[ 399/489] loss=0.0000  pred=true   gold=true  running‐acc=0.469
Locality eval: pred=false             gold=n/a  correct=False  running‐acc=0.454
[ 400/489] loss=0.0000  pred=true   gold=true  running‐acc=0.470
Locality eval: pred=false             gold=n/a  correct=False  running‐acc=0.453
[ 401/489] loss=0.0000  pred=true   gold=true  running‐acc=0.471
Locality eval: pred=false             gold=n/a  correct=False  running‐acc=0.451
[ 402/489] loss=0.0000  pred=true   gold=n/a  running‐acc=0.470
Locality eval: pred=true              gold=true  correct=True  running‐acc=0.453
[ 403/489] loss=0.0000  pred=true   gold=n/a  running‐acc=0.469
Locality eval: pred=true              gold=true  correct=True  running‐acc=0.454
[ 404/489] loss=0.0000  pred=true   gold=true  running‐acc=0.470
Locality eval: pred=false             gold=n/a  correct=False  running‐acc=0.453
[ 405/489] loss=0.0000  pred=true   gold=true  running‐acc=0.472
Locality eval: pred=false             gold=n/a  correct=False  running‐acc=0.452
[ 406/489] loss=0.0000  pred=true   gold=true  running‐acc=0.473
Locality eval: pred=false             gold=n/a  correct=False  running‐acc=0.451
[ 407/489] loss=0.0000  pred=n/a    gold=true  running‐acc=0.472
Locality eval: pred=false             gold=n/a  correct=False  running‐acc=0.450
[ 408/489] loss=0.0000  pred=true   gold=n/a  running‐acc=0.471
Locality eval: pred=true              gold=true  correct=True  running‐acc=0.451
[ 409/489] loss=0.0000  pred=true   gold=true  running‐acc=0.472
Locality eval: pred=false             gold=n/a  correct=False  running‐acc=0.450
[ 410/489] loss=0.0000  pred=true   gold=n/a  running‐acc=0.471
Locality eval: pred=true              gold=true  correct=True  running‐acc=0.451
[ 411/489] loss=0.0000  pred=true   gold=n/a  running‐acc=0.470
Locality eval: pred=true              gold=true  correct=True  running‐acc=0.453
[ 412/489] loss=0.0000  pred=true   gold=n/a  running‐acc=0.468
Locality eval: pred=true              gold=true  correct=True  running‐acc=0.454
[ 413/489] loss=0.0000  pred=n/a    gold=true  running‐acc=0.467
Locality eval: pred=false             gold=n/a  correct=False  running‐acc=0.453
[ 414/489] loss=0.0000  pred=true.  gold=true  running‐acc=0.469
Locality eval: pred=false             gold=n/a  correct=False  running‐acc=0.452
[ 415/489] loss=0.0000  pred=true   gold=n/a  running‐acc=0.467
Locality eval: pred=true              gold=true  correct=True  running‐acc=0.453
[ 416/489] loss=0.0000  pred=true   gold=true  running‐acc=0.469
Locality eval: pred=false             gold=n/a  correct=False  running‐acc=0.452
[ 417/489] loss=0.0000  pred=true   gold=n/a  running‐acc=0.468
Locality eval: pred=true              gold=true  correct=True  running‐acc=0.453
[ 418/489] loss=0.0000  pred=true   gold=n/a  running‐acc=0.467
Locality eval: pred=true              gold=true  correct=True  running‐acc=0.455
[ 419/489] loss=0.0000  pred=true   gold=true  running‐acc=0.468
Locality eval: pred=false             gold=n/a  correct=False  running‐acc=0.453
[ 420/489] loss=0.0000  pred=n/a    gold=n/a  running‐acc=0.469
Locality eval: pred=true              gold=true  correct=True  running‐acc=0.455
[ 421/489] loss=0.0000  pred=false  gold=n/a  running‐acc=0.468
Locality eval: pred=true              gold=true  correct=True  running‐acc=0.456
[ 422/489] loss=0.0000  pred=true   gold=true  running‐acc=0.469
Locality eval: pred=false             gold=n/a  correct=False  running‐acc=0.455
[ 423/489] loss=0.0000  pred=true   gold=n/a  running‐acc=0.468
Locality eval: pred=true.             gold=true  correct=True  running‐acc=0.456
[ 424/489] loss=0.0000  pred=true   gold=n/a  running‐acc=0.467
Locality eval: pred=true              gold=true  correct=True  running‐acc=0.458
[ 425/489] loss=0.0000  pred=true   gold=n/a  running‐acc=0.466
Locality eval: pred=true              gold=true  correct=True  running‐acc=0.459
[ 426/489] loss=0.0000  pred=true.  gold=true  running‐acc=0.467
Locality eval: pred=false             gold=n/a  correct=False  running‐acc=0.458
[ 427/489] loss=0.0000  pred=true   gold=n/a  running‐acc=0.466
Locality eval: pred=true.             gold=true  correct=True  running‐acc=0.459
[ 428/489] loss=0.0000  pred=true   gold=true  running‐acc=0.467
Locality eval: pred=false             gold=n/a  correct=False  running‐acc=0.458
[ 429/489] loss=0.0000  pred=       gold=n/a  running‐acc=0.466
Locality eval: pred=true              gold=true  correct=True  running‐acc=0.459
[ 430/489] loss=0.0000  pred=true   gold=true  running‐acc=0.467
Locality eval: pred=false             gold=n/a  correct=False  running‐acc=0.458
[ 431/489] loss=0.0000  pred=true   gold=true  running‐acc=0.469
Locality eval: pred=false             gold=n/a  correct=False  running‐acc=0.457
[ 432/489] loss=0.0000  pred=true   gold=n/a  running‐acc=0.468
Locality eval: pred=true              gold=true  correct=True  running‐acc=0.458
[ 433/489] loss=0.0000  pred=true   gold=true  running‐acc=0.469
Locality eval: pred=false             gold=n/a  correct=False  running‐acc=0.457
[ 434/489] loss=0.0000  pred=true   gold=true  running‐acc=0.470
Locality eval: pred=false             gold=n/a  correct=False  running‐acc=0.456
[ 435/489] loss=0.0000  pred=true   gold=n/a  running‐acc=0.469
Locality eval: pred=true              gold=true  correct=True  running‐acc=0.457
[ 436/489] loss=0.0000  pred=true   gold=n/a  running‐acc=0.468
Locality eval: pred=true.             gold=true  correct=True  running‐acc=0.459
[ 437/489] loss=0.0000  pred=true   gold=true  running‐acc=0.469
Locality eval: pred=false             gold=n/a  correct=False  running‐acc=0.458
[ 438/489] loss=0.0000  pred=true   gold=n/a  running‐acc=0.468
Locality eval: pred=true.             gold=true  correct=True  running‐acc=0.459
[ 439/489] loss=0.0000  pred=true   gold=n/a  running‐acc=0.467
Locality eval: pred=true.             gold=true  correct=True  running‐acc=0.460
[ 440/489] loss=0.0000  pred=true   gold=n/a  running‐acc=0.466
Locality eval: pred=true              gold=true  correct=True  running‐acc=0.461
[ 441/489] loss=0.0000  pred=true   gold=n/a  running‐acc=0.465
Locality eval: pred=true              gold=true  correct=True  running‐acc=0.463
[ 442/489] loss=0.0000  pred=true   gold=n/a  running‐acc=0.464
Locality eval: pred=true              gold=true  correct=True  running‐acc=0.464
[ 443/489] loss=0.0000  pred=true   gold=true  running‐acc=0.465
Locality eval: pred=false             gold=n/a  correct=False  running‐acc=0.463
[ 444/489] loss=0.0000  pred=true   gold=true  running‐acc=0.466
Locality eval: pred=false             gold=n/a  correct=False  running‐acc=0.462
[ 445/489] loss=0.0000  pred=true.  gold=true  running‐acc=0.467
Locality eval: pred=false             gold=n/a  correct=False  running‐acc=0.461
[ 446/489] loss=0.0000  pred=true   gold=true  running‐acc=0.469
Locality eval: pred=false             gold=n/a  correct=False  running‐acc=0.460
[ 447/489] loss=0.0000  pred=n/a    gold=n/a  running‐acc=0.470
Locality eval: pred=true.             gold=true  correct=True  running‐acc=0.461
[ 448/489] loss=0.0000  pred=true   gold=true  running‐acc=0.471
Locality eval: pred=false             gold=n/a  correct=False  running‐acc=0.460
[ 449/489] loss=0.0000  pred=true   gold=true  running‐acc=0.472
Locality eval: pred=false             gold=n/a  correct=False  running‐acc=0.459
[ 450/489] loss=0.0000  pred=true   gold=n/a  running‐acc=0.471
Locality eval: pred=true              gold=true  correct=True  running‐acc=0.460
[ 451/489] loss=0.0000  pred=true   gold=true  running‐acc=0.472
Locality eval: pred=false             gold=n/a  correct=False  running‐acc=0.459
[ 452/489] loss=0.0000  pred=true   gold=true  running‐acc=0.473
Locality eval: pred=false             gold=n/a  correct=False  running‐acc=0.458
[ 453/489] loss=0.0000  pred=true   gold=n/a  running‐acc=0.472
Locality eval: pred=true              gold=true  correct=True  running‐acc=0.459
[ 454/489] loss=0.0000  pred=true   gold=true  running‐acc=0.474
Locality eval: pred=false             gold=n/a  correct=False  running‐acc=0.458
[ 455/489] loss=0.0000  pred=true   gold=true  running‐acc=0.475
Locality eval: pred=false             gold=n/a  correct=False  running‐acc=0.457
[ 456/489] loss=0.0000  pred=true   gold=true  running‐acc=0.476
Locality eval: pred=false             gold=n/a  correct=False  running‐acc=0.456
[ 457/489] loss=0.0000  pred=true   gold=n/a  running‐acc=0.475
Locality eval: pred=true              gold=true  correct=True  running‐acc=0.457
[ 458/489] loss=0.0000  pred=true   gold=true  running‐acc=0.476
Locality eval: pred=false             gold=n/a  correct=False  running‐acc=0.456
[ 459/489] loss=0.0000  pred=true   gold=n/a  running‐acc=0.475
Locality eval: pred=true.             gold=true  correct=True  running‐acc=0.458
[ 460/489] loss=0.0000  pred=       gold=n/a  running‐acc=0.474
Locality eval: pred=true              gold=true  correct=True  running‐acc=0.459
[ 461/489] loss=0.0000  pred=true   gold=n/a  running‐acc=0.473
Locality eval: pred=false             gold=true  correct=False  running‐acc=0.458
[ 462/489] loss=0.0000  pred=true   gold=true  running‐acc=0.474
Locality eval: pred=false             gold=n/a  correct=False  running‐acc=0.457
[ 463/489] loss=0.0000  pred=true   gold=n/a  running‐acc=0.473
Locality eval: pred=true              gold=true  correct=True  running‐acc=0.458
[ 464/489] loss=0.0000  pred=true   gold=true  running‐acc=0.474
Locality eval: pred=false             gold=n/a  correct=False  running‐acc=0.457
[ 465/489] loss=0.0000  pred=true   gold=n/a  running‐acc=0.473
Locality eval: pred=true.             gold=true  correct=True  running‐acc=0.458
[ 466/489] loss=0.0000  pred=true   gold=n/a  running‐acc=0.472
Locality eval: pred=true.             gold=true  correct=True  running‐acc=0.459
[ 467/489] loss=0.0000  pred=true   gold=n/a  running‐acc=0.471
Locality eval: pred=true              gold=true  correct=True  running‐acc=0.460
[ 468/489] loss=0.0000  pred=true   gold=true  running‐acc=0.472
Locality eval: pred=false             gold=n/a  correct=False  running‐acc=0.459
[ 469/489] loss=0.0000  pred=true   gold=n/a  running‐acc=0.471
Locality eval: pred=true              gold=true  correct=True  running‐acc=0.461
[ 470/489] loss=0.0000  pred=true   gold=n/a  running‐acc=0.470
Locality eval: pred=true              gold=true  correct=True  running‐acc=0.462
[ 471/489] loss=0.0000  pred=true   gold=n/a  running‐acc=0.469
Locality eval: pred=true              gold=true  correct=True  running‐acc=0.463
[ 472/489] loss=0.0000  pred=n/a    gold=n/a  running‐acc=0.470
Locality eval: pred=true              gold=true  correct=True  running‐acc=0.464
[ 473/489] loss=0.0000  pred=true   gold=n/a  running‐acc=0.469
Locality eval: pred=true              gold=true  correct=True  running‐acc=0.465
[ 474/489] loss=0.0000  pred=true   gold=true  running‐acc=0.470
Locality eval: pred=false             gold=n/a  correct=False  running‐acc=0.464
[ 475/489] loss=0.0000  pred=true   gold=true  running‐acc=0.472
Locality eval: pred=false             gold=n/a  correct=False  running‐acc=0.463
[ 476/489] loss=0.0000  pred=true   gold=true  running‐acc=0.473
Locality eval: pred=false             gold=n/a  correct=False  running‐acc=0.462
[ 477/489] loss=0.0000  pred=true   gold=true  running‐acc=0.474
Locality eval: pred=false             gold=n/a  correct=False  running‐acc=0.461
[ 478/489] loss=0.0000  pred=true   gold=true  running‐acc=0.475
Locality eval: pred=false             gold=n/a  correct=False  running‐acc=0.460
[ 479/489] loss=0.0000  pred=true   gold=n/a  running‐acc=0.474
Locality eval: pred=false             gold=true  correct=False  running‐acc=0.459
[ 480/489] loss=0.0000  pred=true   gold=true  running‐acc=0.475
Locality eval: pred=false             gold=n/a  correct=False  running‐acc=0.458
[ 481/489] loss=0.0000  pred=true   gold=n/a  running‐acc=0.474
Locality eval: pred=true.             gold=true  correct=True  running‐acc=0.459
[ 482/489] loss=0.0000  pred=true   gold=n/a  running‐acc=0.473
Locality eval: pred=true              gold=true  correct=True  running‐acc=0.461
[ 483/489] loss=0.0000  pred=true   gold=n/a  running‐acc=0.472
Locality eval: pred=true              gold=true  correct=True  running‐acc=0.462
[ 484/489] loss=0.0000  pred=true   gold=true  running‐acc=0.473
Locality eval: pred=false             gold=n/a  correct=False  running‐acc=0.461
[ 485/489] loss=0.0000  pred=false  gold=true  running‐acc=0.472
Locality eval: pred=false             gold=n/a  correct=False  running‐acc=0.460
[ 486/489] loss=0.0000  pred=true   gold=n/a  running‐acc=0.471
Locality eval: pred=true.             gold=true  correct=True  running‐acc=0.461
[ 487/489] loss=0.0000  pred=true   gold=n/a  running‐acc=0.470
Locality eval: pred=true              gold=true  correct=True  running‐acc=0.462
[ 488/489] loss=0.0000  pred=false  gold=true  running‐acc=0.469
Locality eval: pred=false             gold=n/a  correct=False  running‐acc=0.461
[ 489/489] loss=0.0000  pred=true   gold=true  running‐acc=0.470
Locality eval: pred=false             gold=n/a  correct=False  running‐acc=0.460

Finished in 641.2s.  Final accuracy: 0.470.
Adapter saved to output/lora_logic_pairwise.
