
Loading base model (4‐bit)…
Loading checkpoint shards:   0%|          | 0/4 [00:00<?, ?it/s]Loading checkpoint shards:  25%|██▌       | 1/4 [00:06<00:19,  6.65s/it]Loading checkpoint shards:  50%|█████     | 2/4 [00:15<00:16,  8.06s/it]Loading checkpoint shards:  75%|███████▌  | 3/4 [00:21<00:07,  7.23s/it]Loading checkpoint shards: 100%|██████████| 4/4 [00:24<00:00,  5.19s/it]Loading checkpoint shards: 100%|██████████| 4/4 [00:24<00:00,  6.00s/it]
trainable params: 6,422,528 || all params: 8,544,103,424 || trainable%: 0.0752
  0%|          | 0/600 [00:00<?, ?it/s]100%|██████████| 600/600 [00:00<00:00, 25553.21it/s]
Loaded 600 (train, eval) pairs.

Starting sequential training…
Cached 112 LoRA tensors.
[   1/600] loss=0.0013  pred=true   gold=true  running‐acc=1.000
Locality eval: pred=n/a               gold=n/a  correct=True  running‐acc=1.000
[   2/600] loss=0.0009  pred=true   gold=true  running‐acc=1.000
Locality eval: pred=n/a               gold=n/a  correct=True  running‐acc=1.000
[   3/600] loss=0.0007  pred=true   gold=true  running‐acc=1.000
Locality eval: pred=n/a               gold=n/a  correct=True  running‐acc=1.000
[   4/600] loss=0.0002  pred=true   gold=true  running‐acc=1.000
Locality eval: pred=n/a               gold=n/a  correct=True  running‐acc=1.000
[   5/600] loss=0.0006  pred=true   gold=true  running‐acc=1.000
Locality eval: pred=true              gold=n/a  correct=False  running‐acc=0.800
[   6/600] loss=0.0002  pred=true   gold=true  running‐acc=1.000
Locality eval: pred=true              gold=n/a  correct=False  running‐acc=0.667
[   7/600] loss=0.0001  pred=n/a    gold=n/a  running‐acc=1.000
Locality eval: pred=true              gold=true  correct=True  running‐acc=0.714
[   8/600] loss=0.0014  pred=n/a    gold=n/a  running‐acc=1.000
Locality eval: pred=n/a               gold=true  correct=False  running‐acc=0.625
[   9/600] loss=0.0015  pred=true   gold=true  running‐acc=1.000
Locality eval: pred=true              gold=n/a  correct=False  running‐acc=0.556
[  10/600] loss=0.0008  pred=true   gold=true  running‐acc=1.000
Locality eval: pred=n/a               gold=n/a  correct=True  running‐acc=0.600
[  11/600] loss=0.0003  pred=true   gold=true  running‐acc=1.000
Locality eval: pred=true              gold=n/a  correct=False  running‐acc=0.545
[  12/600] loss=0.0011  pred=true   gold=true  running‐acc=1.000
Locality eval: pred=true              gold=n/a  correct=False  running‐acc=0.500
[  13/600] loss=0.0032  pred=n/a    gold=n/a  running‐acc=1.000
Locality eval: pred=n/a               gold=true  correct=False  running‐acc=0.462
[  14/600] loss=0.0017  pred=n/a    gold=n/a  running‐acc=1.000
Locality eval: pred=n/a               gold=true  correct=False  running‐acc=0.429
[  15/600] loss=0.0007  pred=true   gold=true  running‐acc=1.000
Locality eval: pred=true              gold=n/a  correct=False  running‐acc=0.400
[  16/600] loss=0.0005  pred=n/a    gold=n/a  running‐acc=1.000
Locality eval: pred=n/a               gold=true  correct=False  running‐acc=0.375
[  17/600] loss=0.0082  pred=n/a    gold=n/a  running‐acc=1.000
Locality eval: pred=true.             gold=true  correct=True  running‐acc=0.412
[  18/600] loss=0.0019  pred=true   gold=true  running‐acc=1.000
Locality eval: pred=n/a               gold=n/a  correct=True  running‐acc=0.444
[  19/600] loss=0.0009  pred=true   gold=true  running‐acc=1.000
Locality eval: pred=true              gold=n/a  correct=False  running‐acc=0.421
[  20/600] loss=0.0006  pred=n/a    gold=n/a  running‐acc=1.000
Locality eval: pred=n/a               gold=true  correct=False  running‐acc=0.400
[  21/600] loss=0.0002  pred=n/a    gold=n/a  running‐acc=1.000
Locality eval: pred=n/a               gold=true  correct=False  running‐acc=0.381
[  22/600] loss=0.0004  pred=n/a    gold=n/a  running‐acc=1.000
Locality eval: pred=n/a               gold=true  correct=False  running‐acc=0.364
[  23/600] loss=0.0006  pred=n/a    gold=n/a  running‐acc=1.000
Locality eval: pred=n/a               gold=true  correct=False  running‐acc=0.348
[  24/600] loss=0.0015  pred=n/a    gold=n/a  running‐acc=1.000
Locality eval: pred=true              gold=true  correct=True  running‐acc=0.375
[  25/600] loss=0.0003  pred=true   gold=true  running‐acc=1.000
Locality eval: pred=false             gold=n/a  correct=False  running‐acc=0.360
[  26/600] loss=0.0007  pred=n/a    gold=n/a  running‐acc=1.000
Locality eval: pred=n/a               gold=true  correct=False  running‐acc=0.346
[  27/600] loss=0.0008  pred=n/a    gold=n/a  running‐acc=1.000
Locality eval: pred=n/a               gold=true  correct=False  running‐acc=0.333
[  28/600] loss=0.0009  pred=n/a    gold=n/a  running‐acc=1.000
Locality eval: pred=n/a               gold=true  correct=False  running‐acc=0.321
[  29/600] loss=0.0004  pred=n/a    gold=n/a  running‐acc=1.000
Locality eval: pred=n/a               gold=true  correct=False  running‐acc=0.310
[  30/600] loss=0.0005  pred=n/a    gold=n/a  running‐acc=1.000
Locality eval: pred=n/a               gold=true  correct=False  running‐acc=0.300
[  31/600] loss=0.0187  pred=true   gold=true  running‐acc=1.000
Locality eval: pred=true              gold=n/a  correct=False  running‐acc=0.290
[  32/600] loss=0.0002  pred=n/a    gold=n/a  running‐acc=1.000
Locality eval: pred=n/a               gold=true  correct=False  running‐acc=0.281
[  33/600] loss=0.0012  pred=n/a    gold=n/a  running‐acc=1.000
Locality eval: pred=n/a               gold=true  correct=False  running‐acc=0.273
[  34/600] loss=0.0004  pred=n/a    gold=n/a  running‐acc=1.000
Locality eval: pred=true              gold=true  correct=True  running‐acc=0.294
[  35/600] loss=0.0005  pred=true   gold=true  running‐acc=1.000
Locality eval: pred=true              gold=n/a  correct=False  running‐acc=0.286
[  36/600] loss=0.0020  pred=n/a    gold=n/a  running‐acc=1.000
Locality eval: pred=n/a               gold=true  correct=False  running‐acc=0.278
[  37/600] loss=0.0008  pred=true   gold=true  running‐acc=1.000
Locality eval: pred=true              gold=n/a  correct=False  running‐acc=0.270
[  38/600] loss=0.0006  pred=n/a    gold=n/a  running‐acc=1.000
Locality eval: pred=n/a               gold=true  correct=False  running‐acc=0.263
[  39/600] loss=0.0003  pred=true   gold=true  running‐acc=1.000
Locality eval: pred=true              gold=n/a  correct=False  running‐acc=0.256
[  40/600] loss=0.0010  pred=true   gold=true  running‐acc=1.000
Locality eval: pred=true              gold=n/a  correct=False  running‐acc=0.250
[  41/600] loss=0.0031  pred=true   gold=true  running‐acc=1.000
Locality eval: pred=true              gold=n/a  correct=False  running‐acc=0.244
[  42/600] loss=0.0014  pred=n/a    gold=n/a  running‐acc=1.000
Locality eval: pred=n/a               gold=true  correct=False  running‐acc=0.238
[  43/600] loss=0.0023  pred=true   gold=true  running‐acc=1.000
Locality eval: pred=false             gold=n/a  correct=False  running‐acc=0.233
[  44/600] loss=0.0011  pred=n/a    gold=n/a  running‐acc=1.000
Locality eval: pred=n/a               gold=true  correct=False  running‐acc=0.227
[  45/600] loss=0.0015  pred=n/a    gold=n/a  running‐acc=1.000
Locality eval: pred=n/a               gold=true  correct=False  running‐acc=0.222
[  46/600] loss=0.0005  pred=true   gold=true  running‐acc=1.000
Locality eval: pred=true              gold=n/a  correct=False  running‐acc=0.217
[  47/600] loss=0.0025  pred=true   gold=true  running‐acc=1.000
Locality eval: pred=false             gold=n/a  correct=False  running‐acc=0.213
[  48/600] loss=0.0002  pred=n/a    gold=n/a  running‐acc=1.000
Locality eval: pred=n/a               gold=true  correct=False  running‐acc=0.208
[  49/600] loss=0.0010  pred=true   gold=true  running‐acc=1.000
Locality eval: pred=n/a               gold=n/a  correct=True  running‐acc=0.224
[  50/600] loss=0.0016  pred=n/a    gold=n/a  running‐acc=1.000
Locality eval: pred=n/a               gold=true  correct=False  running‐acc=0.220
[  51/600] loss=0.0004  pred=true   gold=true  running‐acc=1.000
Locality eval: pred=n/a               gold=n/a  correct=True  running‐acc=0.235
[  52/600] loss=0.0002  pred=true   gold=true  running‐acc=1.000
Locality eval: pred=true              gold=n/a  correct=False  running‐acc=0.231
[  53/600] loss=0.0002  pred=n/a    gold=n/a  running‐acc=1.000
Locality eval: pred=n/a               gold=true  correct=False  running‐acc=0.226
[  54/600] loss=0.0004  pred=true   gold=true  running‐acc=1.000
Locality eval: pred=n/a               gold=n/a  correct=True  running‐acc=0.241
[  55/600] loss=0.0003  pred=n/a    gold=n/a  running‐acc=1.000
Locality eval: pred=n/a               gold=true  correct=False  running‐acc=0.236
[  56/600] loss=0.0017  pred=n/a    gold=n/a  running‐acc=1.000
Locality eval: pred=n/a               gold=true  correct=False  running‐acc=0.232
[  57/600] loss=0.0031  pred=true   gold=true  running‐acc=1.000
Locality eval: pred=true              gold=n/a  correct=False  running‐acc=0.228
[  58/600] loss=0.0001  pred=true   gold=true  running‐acc=1.000
Locality eval: pred=n/a               gold=n/a  correct=True  running‐acc=0.241
[  59/600] loss=0.0091  pred=true   gold=true  running‐acc=1.000
Locality eval: pred=true              gold=n/a  correct=False  running‐acc=0.237
[  60/600] loss=0.0011  pred=true   gold=true  running‐acc=1.000
Locality eval: pred=true              gold=n/a  correct=False  running‐acc=0.233
[  61/600] loss=0.0002  pred=true   gold=true  running‐acc=1.000
Locality eval: pred=true              gold=n/a  correct=False  running‐acc=0.230
[  62/600] loss=0.0021  pred=n/a    gold=true  running‐acc=0.984
Locality eval: pred=n/a               gold=n/a  correct=True  running‐acc=0.242
[  63/600] loss=0.0005  pred=n/a    gold=n/a  running‐acc=0.984
Locality eval: pred=n/a               gold=true  correct=False  running‐acc=0.238
[  64/600] loss=0.0007  pred=n/a    gold=n/a  running‐acc=0.984
Locality eval: pred=n/a               gold=true  correct=False  running‐acc=0.234
[  65/600] loss=0.0009  pred=n/a    gold=n/a  running‐acc=0.985
Locality eval: pred=n/a               gold=true  correct=False  running‐acc=0.231
[  66/600] loss=0.0028  pred=true   gold=true  running‐acc=0.985
Locality eval: pred=true              gold=n/a  correct=False  running‐acc=0.227
[  67/600] loss=0.0067  pred=true   gold=true  running‐acc=0.985
Locality eval: pred=true              gold=n/a  correct=False  running‐acc=0.224
[  68/600] loss=0.0007  pred=true   gold=true  running‐acc=0.985
Locality eval: pred=n/a               gold=n/a  correct=True  running‐acc=0.235
[  69/600] loss=0.0008  pred=n/a    gold=n/a  running‐acc=0.986
Locality eval: pred=n/a               gold=true  correct=False  running‐acc=0.232
[  70/600] loss=0.0011  pred=n/a    gold=n/a  running‐acc=0.986
Locality eval: pred=n/a               gold=true  correct=False  running‐acc=0.229
[  71/600] loss=0.0015  pred=n/a    gold=n/a  running‐acc=0.986
Locality eval: pred=n/a               gold=true  correct=False  running‐acc=0.225
[  72/600] loss=0.0020  pred=n/a    gold=n/a  running‐acc=0.986
Locality eval: pred=n/a               gold=true  correct=False  running‐acc=0.222
[  73/600] loss=0.0005  pred=true   gold=true  running‐acc=0.986
Locality eval: pred=true              gold=n/a  correct=False  running‐acc=0.219
[  74/600] loss=0.0011  pred=n/a    gold=n/a  running‐acc=0.986
Locality eval: pred=n/a               gold=true  correct=False  running‐acc=0.216
[  75/600] loss=0.0002  pred=n/a    gold=n/a  running‐acc=0.987
Locality eval: pred=true              gold=true  correct=True  running‐acc=0.227
[  76/600] loss=0.0041  pred=true   gold=true  running‐acc=0.987
Locality eval: pred=true              gold=n/a  correct=False  running‐acc=0.224
[  77/600] loss=0.0003  pred=true   gold=true  running‐acc=0.987
Locality eval: pred=true              gold=n/a  correct=False  running‐acc=0.221
[  78/600] loss=0.0038  pred=n/a    gold=n/a  running‐acc=0.987
Locality eval: pred=n/a               gold=true  correct=False  running‐acc=0.218
[  79/600] loss=0.0022  pred=true   gold=true  running‐acc=0.987
Locality eval: pred=true              gold=n/a  correct=False  running‐acc=0.215
[  80/600] loss=0.0003  pred=n/a    gold=n/a  running‐acc=0.988
Locality eval: pred=n/a               gold=true  correct=False  running‐acc=0.212
[  81/600] loss=0.0002  pred=n/a    gold=n/a  running‐acc=0.988
Locality eval: pred=n/a               gold=true  correct=False  running‐acc=0.210
[  82/600] loss=0.0015  pred=true   gold=true  running‐acc=0.988
Locality eval: pred=true              gold=n/a  correct=False  running‐acc=0.207
[  83/600] loss=0.0008  pred=n/a    gold=n/a  running‐acc=0.988
Locality eval: pred=n/a               gold=true  correct=False  running‐acc=0.205
[  84/600] loss=0.0001  pred=true   gold=true  running‐acc=0.988
Locality eval: pred=true              gold=n/a  correct=False  running‐acc=0.202
[  85/600] loss=0.0001  pred=n/a    gold=n/a  running‐acc=0.988
Locality eval: pred=n/a               gold=true  correct=False  running‐acc=0.200
[  86/600] loss=0.0002  pred=n/a    gold=n/a  running‐acc=0.988
Locality eval: pred=n/a               gold=true  correct=False  running‐acc=0.198
[  87/600] loss=0.0001  pred=n/a    gold=n/a  running‐acc=0.989
Locality eval: pred=n/a               gold=true  correct=False  running‐acc=0.195
[  88/600] loss=0.0001  pred=true   gold=true  running‐acc=0.989
Locality eval: pred=true              gold=n/a  correct=False  running‐acc=0.193
[  89/600] loss=0.0001  pred=true   gold=true  running‐acc=0.989
Locality eval: pred=n/a               gold=n/a  correct=True  running‐acc=0.202
[  90/600] loss=0.0003  pred=n/a    gold=n/a  running‐acc=0.989
Locality eval: pred=n/a               gold=true  correct=False  running‐acc=0.200
[  91/600] loss=0.0012  pred=n/a    gold=n/a  running‐acc=0.989
Locality eval: pred=true              gold=true  correct=True  running‐acc=0.209
[  92/600] loss=0.0009  pred=true   gold=true  running‐acc=0.989
Locality eval: pred=n/a               gold=n/a  correct=True  running‐acc=0.217
[  93/600] loss=0.0007  pred=n/a    gold=n/a  running‐acc=0.989
Locality eval: pred=true              gold=true  correct=True  running‐acc=0.226
[  94/600] loss=0.0004  pred=n/a    gold=n/a  running‐acc=0.989
Locality eval: pred=n/a               gold=true  correct=False  running‐acc=0.223
[  95/600] loss=0.0078  pred=true   gold=true  running‐acc=0.989
Locality eval: pred=true              gold=n/a  correct=False  running‐acc=0.221
[  96/600] loss=0.0009  pred=n/a    gold=n/a  running‐acc=0.990
Locality eval: pred=n/a               gold=true  correct=False  running‐acc=0.219
[  97/600] loss=0.0010  pred=n/a    gold=n/a  running‐acc=0.990
Locality eval: pred=n/a               gold=true  correct=False  running‐acc=0.216
[  98/600] loss=0.0013  pred=n/a    gold=n/a  running‐acc=0.990
Locality eval: pred=n/a               gold=true  correct=False  running‐acc=0.214
[  99/600] loss=0.0046  pred=true   gold=true  running‐acc=0.990
Locality eval: pred=false             gold=n/a  correct=False  running‐acc=0.212
[ 100/600] loss=0.0005  pred=true   gold=true  running‐acc=0.990
Locality eval: pred=n/a               gold=n/a  correct=True  running‐acc=0.220
[ 101/600] loss=0.0036  pred=n/a    gold=n/a  running‐acc=0.990
Locality eval: pred=n/a               gold=true  correct=False  running‐acc=0.218
[ 102/600] loss=0.0044  pred=true   gold=true  running‐acc=0.990
Locality eval: pred=true              gold=n/a  correct=False  running‐acc=0.216
[ 103/600] loss=0.0005  pred=n/a    gold=n/a  running‐acc=0.990
Locality eval: pred=true              gold=true  correct=True  running‐acc=0.223
[ 104/600] loss=0.0021  pred=true   gold=true  running‐acc=0.990
Locality eval: pred=n/a               gold=n/a  correct=True  running‐acc=0.231
[ 105/600] loss=0.0009  pred=true   gold=true  running‐acc=0.990
Locality eval: pred=true              gold=n/a  correct=False  running‐acc=0.229
[ 106/600] loss=0.0009  pred=true   gold=true  running‐acc=0.991
Locality eval: pred=n/a               gold=n/a  correct=True  running‐acc=0.236
[ 107/600] loss=0.0033  pred=true   gold=true  running‐acc=0.991
Locality eval: pred=n/a               gold=n/a  correct=True  running‐acc=0.243
[ 108/600] loss=0.0108  pred=true   gold=true  running‐acc=0.991
Locality eval: pred=n/a               gold=n/a  correct=True  running‐acc=0.250
[ 109/600] loss=0.0018  pred=true   gold=true  running‐acc=0.991
Locality eval: pred=true              gold=n/a  correct=False  running‐acc=0.248
[ 110/600] loss=0.0018  pred=true   gold=true  running‐acc=0.991
Locality eval: pred=n/a               gold=n/a  correct=True  running‐acc=0.255
[ 111/600] loss=0.0136  pred=true   gold=true  running‐acc=0.991
Locality eval: pred=false             gold=n/a  correct=False  running‐acc=0.252
[ 112/600] loss=0.0136  pred=true   gold=true  running‐acc=0.991
Locality eval: pred=true              gold=n/a  correct=False  running‐acc=0.250
[ 113/600] loss=0.0013  pred=n/a    gold=n/a  running‐acc=0.991
Locality eval: pred=n/a               gold=true  correct=False  running‐acc=0.248
[ 114/600] loss=0.0016  pred=n/a    gold=n/a  running‐acc=0.991
Locality eval: pred=n/a               gold=true  correct=False  running‐acc=0.246
[ 115/600] loss=0.0031  pred=n/a    gold=n/a  running‐acc=0.991
Locality eval: pred=n/a               gold=true  correct=False  running‐acc=0.243
[ 116/600] loss=0.0001  pred=true   gold=true  running‐acc=0.991
Locality eval: pred=n/a               gold=n/a  correct=True  running‐acc=0.250
[ 117/600] loss=0.0013  pred=n/a    gold=n/a  running‐acc=0.991
Locality eval: pred=n/a               gold=true  correct=False  running‐acc=0.248
[ 118/600] loss=0.0006  pred=n/a    gold=n/a  running‐acc=0.992
Locality eval: pred=true              gold=true  correct=True  running‐acc=0.254
[ 119/600] loss=0.0002  pred=n/a    gold=n/a  running‐acc=0.992
Locality eval: pred=n/a               gold=true  correct=False  running‐acc=0.252
[ 120/600] loss=0.0016  pred=n/a    gold=n/a  running‐acc=0.992
Locality eval: pred=n/a               gold=true  correct=False  running‐acc=0.250
[ 121/600] loss=0.0021  pred=true   gold=true  running‐acc=0.992
Locality eval: pred=n/a               gold=n/a  correct=True  running‐acc=0.256
[ 122/600] loss=0.0023  pred=true   gold=true  running‐acc=0.992
Locality eval: pred=true              gold=n/a  correct=False  running‐acc=0.254
[ 123/600] loss=0.0002  pred=false  gold=n/a  running‐acc=0.984
Locality eval: pred=true              gold=true  correct=True  running‐acc=0.260
[ 124/600] loss=0.0012  pred=n/a    gold=n/a  running‐acc=0.984
Locality eval: pred=true              gold=true  correct=True  running‐acc=0.266
[ 125/600] loss=0.0002  pred=n/a    gold=n/a  running‐acc=0.984
Locality eval: pred=n/a               gold=true  correct=False  running‐acc=0.264
[ 126/600] loss=0.0049  pred=true   gold=true  running‐acc=0.984
Locality eval: pred=true              gold=n/a  correct=False  running‐acc=0.262
[ 127/600] loss=0.0094  pred=true   gold=true  running‐acc=0.984
Locality eval: pred=true              gold=n/a  correct=False  running‐acc=0.260
[ 128/600] loss=0.0030  pred=n/a    gold=n/a  running‐acc=0.984
Locality eval: pred=n/a               gold=true  correct=False  running‐acc=0.258
[ 129/600] loss=0.0013  pred=true   gold=true  running‐acc=0.984
Locality eval: pred=false             gold=n/a  correct=False  running‐acc=0.256
[ 130/600] loss=0.0001  pred=n/a    gold=n/a  running‐acc=0.985
Locality eval: pred=n/a               gold=true  correct=False  running‐acc=0.254
[ 131/600] loss=0.0043  pred=true   gold=true  running‐acc=0.985
Locality eval: pred=true              gold=n/a  correct=False  running‐acc=0.252
[ 132/600] loss=0.0006  pred=n/a    gold=n/a  running‐acc=0.985
Locality eval: pred=n/a               gold=true  correct=False  running‐acc=0.250
[ 133/600] loss=0.0076  pred=n/a    gold=n/a  running‐acc=0.985
Locality eval: pred=n/a               gold=true  correct=False  running‐acc=0.248
[ 134/600] loss=0.0063  pred=true   gold=true  running‐acc=0.985
Locality eval: pred=true              gold=n/a  correct=False  running‐acc=0.246
[ 135/600] loss=0.0006  pred=true   gold=true  running‐acc=0.985
Locality eval: pred=true              gold=n/a  correct=False  running‐acc=0.244
[ 136/600] loss=0.0003  pred=n/a    gold=n/a  running‐acc=0.985
Locality eval: pred=n/a               gold=true  correct=False  running‐acc=0.243
[ 137/600] loss=0.0005  pred=true   gold=true  running‐acc=0.985
Locality eval: pred=true              gold=n/a  correct=False  running‐acc=0.241
[ 138/600] loss=0.0002  pred=true   gold=true  running‐acc=0.986
Locality eval: pred=true              gold=n/a  correct=False  running‐acc=0.239
[ 139/600] loss=0.0011  pred=n/a    gold=n/a  running‐acc=0.986
Locality eval: pred=true              gold=true  correct=True  running‐acc=0.245
[ 140/600] loss=0.0002  pred=n/a    gold=n/a  running‐acc=0.986
Locality eval: pred=n/a               gold=true  correct=False  running‐acc=0.243
[ 141/600] loss=0.0003  pred=n/a    gold=n/a  running‐acc=0.986
Locality eval: pred=true              gold=true  correct=True  running‐acc=0.248
[ 142/600] loss=0.0012  pred=n/a    gold=n/a  running‐acc=0.986
Locality eval: pred=n/a               gold=true  correct=False  running‐acc=0.246
[ 143/600] loss=0.0007  pred=true   gold=true  running‐acc=0.986
Locality eval: pred=n/a               gold=n/a  correct=True  running‐acc=0.252
[ 144/600] loss=0.0005  pred=true   gold=true  running‐acc=0.986
Locality eval: pred=false             gold=n/a  correct=False  running‐acc=0.250
