
Loading base model (4‐bit)…
Loading checkpoint shards:   0%|          | 0/4 [00:00<?, ?it/s]Loading checkpoint shards:  25%|██▌       | 1/4 [00:06<00:18,  6.16s/it]Loading checkpoint shards:  50%|█████     | 2/4 [00:14<00:14,  7.48s/it]Loading checkpoint shards:  75%|███████▌  | 3/4 [00:20<00:06,  6.82s/it]Loading checkpoint shards: 100%|██████████| 4/4 [00:23<00:00,  5.14s/it]Loading checkpoint shards: 100%|██████████| 4/4 [00:23<00:00,  5.79s/it]
trainable params: 6,422,528 || all params: 8,544,103,424 || trainable%: 0.0752
  0%|          | 0/600 [00:00<?, ?it/s]100%|██████████| 600/600 [00:00<00:00, 25553.73it/s]
Loaded 600 (train, eval) pairs.

Starting sequential training…
Cached 112 LoRA tensors.
[   1/600] loss=0.0006  pred=true   gold=true  running‐acc=1.000
Locality eval: pred=n/a               gold=n/a  correct=True  running‐acc=1.000
[   2/600] loss=0.0012  pred=true   gold=true  running‐acc=1.000
Locality eval: pred=n/a               gold=n/a  correct=True  running‐acc=1.000
[   3/600] loss=0.0004  pred=true   gold=true  running‐acc=1.000
Locality eval: pred=true              gold=n/a  correct=False  running‐acc=0.667
[   4/600] loss=0.0001  pred=true   gold=true  running‐acc=1.000
Locality eval: pred=n/a               gold=n/a  correct=True  running‐acc=0.750
[   5/600] loss=0.0003  pred=true   gold=true  running‐acc=1.000
Locality eval: pred=n/a               gold=n/a  correct=True  running‐acc=0.800
[   6/600] loss=0.0002  pred=true   gold=true  running‐acc=1.000
Locality eval: pred=true              gold=n/a  correct=False  running‐acc=0.667
[   7/600] loss=0.0001  pred=n/a    gold=n/a  running‐acc=1.000
Locality eval: pred=true              gold=true  correct=True  running‐acc=0.714
[   8/600] loss=0.0005  pred=n/a    gold=n/a  running‐acc=1.000
Locality eval: pred=n/a               gold=true  correct=False  running‐acc=0.625
[   9/600] loss=0.0010  pred=true   gold=true  running‐acc=1.000
Locality eval: pred=true              gold=n/a  correct=False  running‐acc=0.556
[  10/600] loss=0.0017  pred=true   gold=true  running‐acc=1.000
Locality eval: pred=n/a               gold=n/a  correct=True  running‐acc=0.600
[  11/600] loss=0.0002  pred=true   gold=true  running‐acc=1.000
Locality eval: pred=n/a               gold=n/a  correct=True  running‐acc=0.636
[  12/600] loss=0.0010  pred=true   gold=true  running‐acc=1.000
Locality eval: pred=n/a               gold=n/a  correct=True  running‐acc=0.667
[  13/600] loss=0.0032  pred=n/a    gold=n/a  running‐acc=1.000
Locality eval: pred=n/a               gold=true  correct=False  running‐acc=0.615
[  14/600] loss=0.0007  pred=n/a    gold=n/a  running‐acc=1.000
Locality eval: pred=n/a               gold=true  correct=False  running‐acc=0.571
[  15/600] loss=0.0007  pred=true   gold=true  running‐acc=1.000
Locality eval: pred=true              gold=n/a  correct=False  running‐acc=0.533
[  16/600] loss=0.0004  pred=n/a    gold=n/a  running‐acc=1.000
Locality eval: pred=n/a               gold=true  correct=False  running‐acc=0.500
[  17/600] loss=0.0083  pred=n/a    gold=n/a  running‐acc=1.000
Locality eval: pred=n/a               gold=true  correct=False  running‐acc=0.471
[  18/600] loss=0.0020  pred=true   gold=true  running‐acc=1.000
Locality eval: pred=n/a               gold=n/a  correct=True  running‐acc=0.500
[  19/600] loss=0.0006  pred=true   gold=true  running‐acc=1.000
Locality eval: pred=true              gold=n/a  correct=False  running‐acc=0.474
[  20/600] loss=0.0002  pred=n/a    gold=n/a  running‐acc=1.000
Locality eval: pred=n/a               gold=true  correct=False  running‐acc=0.450
[  21/600] loss=0.0002  pred=n/a    gold=n/a  running‐acc=1.000
Locality eval: pred=true              gold=true  correct=True  running‐acc=0.476
[  22/600] loss=0.0004  pred=n/a    gold=n/a  running‐acc=1.000
Locality eval: pred=true              gold=true  correct=True  running‐acc=0.500
[  23/600] loss=0.0002  pred=n/a    gold=n/a  running‐acc=1.000
Locality eval: pred=n/a               gold=true  correct=False  running‐acc=0.478
[  24/600] loss=0.0007  pred=n/a    gold=n/a  running‐acc=1.000
Locality eval: pred=true              gold=true  correct=True  running‐acc=0.500
[  25/600] loss=0.0002  pred=true   gold=true  running‐acc=1.000
Locality eval: pred=false             gold=n/a  correct=False  running‐acc=0.480
[  26/600] loss=0.0002  pred=n/a    gold=n/a  running‐acc=1.000
Locality eval: pred=n/a               gold=true  correct=False  running‐acc=0.462
[  27/600] loss=0.0003  pred=n/a    gold=n/a  running‐acc=1.000
Locality eval: pred=n/a               gold=true  correct=False  running‐acc=0.444
[  28/600] loss=0.0006  pred=n/a    gold=n/a  running‐acc=1.000
Locality eval: pred=n/a               gold=true  correct=False  running‐acc=0.429
[  29/600] loss=0.0003  pred=n/a    gold=n/a  running‐acc=1.000
Locality eval: pred=n/a               gold=true  correct=False  running‐acc=0.414
[  30/600] loss=0.0004  pred=n/a    gold=n/a  running‐acc=1.000
Locality eval: pred=n/a               gold=true  correct=False  running‐acc=0.400
[  31/600] loss=0.0076  pred=true   gold=true  running‐acc=1.000
Locality eval: pred=n/a               gold=n/a  correct=True  running‐acc=0.419
[  32/600] loss=0.0005  pred=n/a    gold=n/a  running‐acc=1.000
Locality eval: pred=n/a               gold=true  correct=False  running‐acc=0.406
[  33/600] loss=0.0006  pred=n/a    gold=n/a  running‐acc=1.000
Locality eval: pred=n/a               gold=true  correct=False  running‐acc=0.394
[  34/600] loss=0.0004  pred=false  gold=n/a  running‐acc=0.971
Locality eval: pred=true              gold=true  correct=True  running‐acc=0.412
[  35/600] loss=0.0009  pred=true   gold=true  running‐acc=0.971
Locality eval: pred=true              gold=n/a  correct=False  running‐acc=0.400
[  36/600] loss=0.0007  pred=n/a    gold=n/a  running‐acc=0.972
Locality eval: pred=n/a               gold=true  correct=False  running‐acc=0.389
[  37/600] loss=0.0021  pred=true   gold=true  running‐acc=0.973
Locality eval: pred=n/a               gold=n/a  correct=True  running‐acc=0.405
[  38/600] loss=0.0005  pred=n/a    gold=n/a  running‐acc=0.974
Locality eval: pred=n/a               gold=true  correct=False  running‐acc=0.395
[  39/600] loss=0.0003  pred=true   gold=true  running‐acc=0.974
Locality eval: pred=true              gold=n/a  correct=False  running‐acc=0.385
[  40/600] loss=0.0011  pred=n/a    gold=true  running‐acc=0.950
Locality eval: pred=n/a               gold=n/a  correct=True  running‐acc=0.400
[  41/600] loss=0.0017  pred=true   gold=true  running‐acc=0.951
Locality eval: pred=true              gold=n/a  correct=False  running‐acc=0.390
[  42/600] loss=0.0005  pred=n/a    gold=n/a  running‐acc=0.952
Locality eval: pred=true              gold=true  correct=True  running‐acc=0.405
[  43/600] loss=0.0033  pred=true   gold=true  running‐acc=0.953
Locality eval: pred=false             gold=n/a  correct=False  running‐acc=0.395
[  44/600] loss=0.0004  pred=n/a    gold=n/a  running‐acc=0.955
Locality eval: pred=n/a               gold=true  correct=False  running‐acc=0.386
[  45/600] loss=0.0004  pred=n/a    gold=n/a  running‐acc=0.956
Locality eval: pred=n/a               gold=true  correct=False  running‐acc=0.378
[  46/600] loss=0.0002  pred=true   gold=true  running‐acc=0.957
Locality eval: pred=n/a               gold=n/a  correct=True  running‐acc=0.391
[  47/600] loss=0.0035  pred=true   gold=true  running‐acc=0.957
Locality eval: pred=n/a               gold=n/a  correct=True  running‐acc=0.404
[  48/600] loss=0.0002  pred=n/a    gold=n/a  running‐acc=0.958
Locality eval: pred=n/a               gold=true  correct=False  running‐acc=0.396
[  49/600] loss=0.0011  pred=true   gold=true  running‐acc=0.959
Locality eval: pred=n/a               gold=n/a  correct=True  running‐acc=0.408
[  50/600] loss=0.0004  pred=n/a    gold=n/a  running‐acc=0.960
Locality eval: pred=n/a               gold=true  correct=False  running‐acc=0.400
[  51/600] loss=0.0003  pred=true   gold=true  running‐acc=0.961
Locality eval: pred=n/a               gold=n/a  correct=True  running‐acc=0.412
[  52/600] loss=0.0001  pred=true   gold=true  running‐acc=0.962
Locality eval: pred=n/a               gold=n/a  correct=True  running‐acc=0.423
[  53/600] loss=0.0002  pred=n/a    gold=n/a  running‐acc=0.962
Locality eval: pred=n/a               gold=true  correct=False  running‐acc=0.415
[  54/600] loss=0.0001  pred=true   gold=true  running‐acc=0.963
Locality eval: pred=n/a               gold=n/a  correct=True  running‐acc=0.426
[  55/600] loss=0.0001  pred=n/a    gold=n/a  running‐acc=0.964
Locality eval: pred=n/a               gold=true  correct=False  running‐acc=0.418
[  56/600] loss=0.0007  pred=n/a    gold=n/a  running‐acc=0.964
Locality eval: pred=n/a               gold=true  correct=False  running‐acc=0.411
[  57/600] loss=0.0016  pred=true   gold=true  running‐acc=0.965
Locality eval: pred=true              gold=n/a  correct=False  running‐acc=0.404
[  58/600] loss=0.0001  pred=true   gold=true  running‐acc=0.966
Locality eval: pred=n/a               gold=n/a  correct=True  running‐acc=0.414
[  59/600] loss=0.0058  pred=true   gold=true  running‐acc=0.966
Locality eval: pred=true              gold=n/a  correct=False  running‐acc=0.407
[  60/600] loss=0.0021  pred=true   gold=true  running‐acc=0.967
Locality eval: pred=true              gold=n/a  correct=False  running‐acc=0.400
[  61/600] loss=0.0004  pred=true   gold=true  running‐acc=0.967
Locality eval: pred=true              gold=n/a  correct=False  running‐acc=0.393
[  62/600] loss=0.0004  pred=true   gold=true  running‐acc=0.968
Locality eval: pred=n/a               gold=n/a  correct=True  running‐acc=0.403
[  63/600] loss=0.0003  pred=n/a    gold=n/a  running‐acc=0.968
Locality eval: pred=n/a               gold=true  correct=False  running‐acc=0.397
[  64/600] loss=0.0008  pred=n/a    gold=n/a  running‐acc=0.969
Locality eval: pred=n/a               gold=true  correct=False  running‐acc=0.391
[  65/600] loss=0.0004  pred=n/a    gold=n/a  running‐acc=0.969
Locality eval: pred=n/a               gold=true  correct=False  running‐acc=0.385
[  66/600] loss=0.0024  pred=true   gold=true  running‐acc=0.970
Locality eval: pred=true              gold=n/a  correct=False  running‐acc=0.379
[  67/600] loss=0.0025  pred=true   gold=true  running‐acc=0.970
Locality eval: pred=true              gold=n/a  correct=False  running‐acc=0.373
[  68/600] loss=0.0007  pred=true   gold=true  running‐acc=0.971
Locality eval: pred=n/a               gold=n/a  correct=True  running‐acc=0.382
[  69/600] loss=0.0002  pred=n/a    gold=n/a  running‐acc=0.971
Locality eval: pred=n/a               gold=true  correct=False  running‐acc=0.377
[  70/600] loss=0.0018  pred=n/a    gold=n/a  running‐acc=0.971
Locality eval: pred=n/a               gold=true  correct=False  running‐acc=0.371
[  71/600] loss=0.0006  pred=n/a    gold=n/a  running‐acc=0.972
Locality eval: pred=n/a               gold=true  correct=False  running‐acc=0.366
[  72/600] loss=0.0041  pred=n/a    gold=n/a  running‐acc=0.972
Locality eval: pred=n/a               gold=true  correct=False  running‐acc=0.361
[  73/600] loss=0.0007  pred=true   gold=true  running‐acc=0.973
Locality eval: pred=true              gold=n/a  correct=False  running‐acc=0.356
[  74/600] loss=0.0008  pred=n/a    gold=n/a  running‐acc=0.973
Locality eval: pred=n/a               gold=true  correct=False  running‐acc=0.351
[  75/600] loss=0.0002  pred=n/a    gold=n/a  running‐acc=0.973
Locality eval: pred=true              gold=true  correct=True  running‐acc=0.360
[  76/600] loss=0.0028  pred=true   gold=true  running‐acc=0.974
Locality eval: pred=true              gold=n/a  correct=False  running‐acc=0.355
[  77/600] loss=0.0005  pred=true   gold=true  running‐acc=0.974
Locality eval: pred=true              gold=n/a  correct=False  running‐acc=0.351
[  78/600] loss=0.0020  pred=n/a    gold=n/a  running‐acc=0.974
Locality eval: pred=true              gold=true  correct=True  running‐acc=0.359
[  79/600] loss=0.0002  pred=true   gold=true  running‐acc=0.975
Locality eval: pred=true              gold=n/a  correct=False  running‐acc=0.354
[  80/600] loss=0.0007  pred=n/a    gold=n/a  running‐acc=0.975
Locality eval: pred=n/a               gold=true  correct=False  running‐acc=0.350
[  81/600] loss=0.0002  pred=n/a    gold=n/a  running‐acc=0.975
Locality eval: pred=n/a               gold=true  correct=False  running‐acc=0.346
[  82/600] loss=0.0015  pred=true   gold=true  running‐acc=0.976
Locality eval: pred=true              gold=n/a  correct=False  running‐acc=0.341
[  83/600] loss=0.0002  pred=n/a    gold=n/a  running‐acc=0.976
Locality eval: pred=n/a               gold=true  correct=False  running‐acc=0.337
[  84/600] loss=0.0001  pred=true   gold=true  running‐acc=0.976
Locality eval: pred=n/a               gold=n/a  correct=True  running‐acc=0.345
[  85/600] loss=0.0001  pred=n/a    gold=n/a  running‐acc=0.976
Locality eval: pred=n/a               gold=true  correct=False  running‐acc=0.341
[  86/600] loss=0.0002  pred=n/a    gold=n/a  running‐acc=0.977
Locality eval: pred=n/a               gold=true  correct=False  running‐acc=0.337
[  87/600] loss=0.0001  pred=n/a    gold=n/a  running‐acc=0.977
Locality eval: pred=n/a               gold=true  correct=False  running‐acc=0.333
[  88/600] loss=0.0013  pred=true   gold=true  running‐acc=0.977
Locality eval: pred=true              gold=n/a  correct=False  running‐acc=0.330
[  89/600] loss=0.0001  pred=true   gold=true  running‐acc=0.978
Locality eval: pred=n/a               gold=n/a  correct=True  running‐acc=0.337
[  90/600] loss=0.0002  pred=n/a    gold=n/a  running‐acc=0.978
Locality eval: pred=n/a               gold=true  correct=False  running‐acc=0.333
[  91/600] loss=0.0026  pred=n/a    gold=n/a  running‐acc=0.978
Locality eval: pred=true              gold=true  correct=True  running‐acc=0.341
[  92/600] loss=0.0006  pred=true   gold=true  running‐acc=0.978
Locality eval: pred=n/a               gold=n/a  correct=True  running‐acc=0.348
[  93/600] loss=0.0006  pred=n/a    gold=n/a  running‐acc=0.978
Locality eval: pred=true              gold=true  correct=True  running‐acc=0.355
[  94/600] loss=0.0006  pred=n/a    gold=n/a  running‐acc=0.979
Locality eval: pred=n/a               gold=true  correct=False  running‐acc=0.351
[  95/600] loss=0.0031  pred=true   gold=true  running‐acc=0.979
Locality eval: pred=n/a               gold=n/a  correct=True  running‐acc=0.358
[  96/600] loss=0.0004  pred=n/a    gold=n/a  running‐acc=0.979
Locality eval: pred=n/a               gold=true  correct=False  running‐acc=0.354
[  97/600] loss=0.0005  pred=n/a    gold=n/a  running‐acc=0.979
Locality eval: pred=n/a               gold=true  correct=False  running‐acc=0.351
[  98/600] loss=0.0011  pred=n/a    gold=n/a  running‐acc=0.980
Locality eval: pred=n/a               gold=true  correct=False  running‐acc=0.347
[  99/600] loss=0.0023  pred=true   gold=true  running‐acc=0.980
Locality eval: pred=true              gold=n/a  correct=False  running‐acc=0.343
[ 100/600] loss=0.0007  pred=true   gold=true  running‐acc=0.980
Locality eval: pred=n/a               gold=n/a  correct=True  running‐acc=0.350
[ 101/600] loss=0.0025  pred=n/a    gold=n/a  running‐acc=0.980
Locality eval: pred=n/a               gold=true  correct=False  running‐acc=0.347
[ 102/600] loss=0.0007  pred=true   gold=true  running‐acc=0.980
Locality eval: pred=true              gold=n/a  correct=False  running‐acc=0.343
[ 103/600] loss=0.0005  pred=n/a    gold=n/a  running‐acc=0.981
Locality eval: pred=true              gold=true  correct=True  running‐acc=0.350
[ 104/600] loss=0.0015  pred=n/a    gold=true  running‐acc=0.971
Locality eval: pred=n/a               gold=n/a  correct=True  running‐acc=0.356
[ 105/600] loss=0.0027  pred=true   gold=true  running‐acc=0.971
Locality eval: pred=true              gold=n/a  correct=False  running‐acc=0.352
[ 106/600] loss=0.0015  pred=true   gold=true  running‐acc=0.972
Locality eval: pred=n/a               gold=n/a  correct=True  running‐acc=0.358
[ 107/600] loss=0.0026  pred=true   gold=true  running‐acc=0.972
Locality eval: pred=n/a               gold=n/a  correct=True  running‐acc=0.364
[ 108/600] loss=0.0048  pred=true   gold=true  running‐acc=0.972
Locality eval: pred=n/a               gold=n/a  correct=True  running‐acc=0.370
[ 109/600] loss=0.0010  pred=true   gold=true  running‐acc=0.972
Locality eval: pred=true              gold=n/a  correct=False  running‐acc=0.367
[ 110/600] loss=0.0030  pred=true   gold=true  running‐acc=0.973
Locality eval: pred=n/a               gold=n/a  correct=True  running‐acc=0.373
[ 111/600] loss=0.0187  pred=true   gold=true  running‐acc=0.973
Locality eval: pred=n/a               gold=n/a  correct=True  running‐acc=0.378
[ 112/600] loss=0.0040  pred=true   gold=true  running‐acc=0.973
Locality eval: pred=true              gold=n/a  correct=False  running‐acc=0.375
[ 113/600] loss=0.0005  pred=n/a    gold=n/a  running‐acc=0.973
Locality eval: pred=n/a               gold=true  correct=False  running‐acc=0.372
[ 114/600] loss=0.0002  pred=n/a    gold=n/a  running‐acc=0.974
Locality eval: pred=n/a               gold=true  correct=False  running‐acc=0.368
[ 115/600] loss=0.0020  pred=n/a    gold=n/a  running‐acc=0.974
Locality eval: pred=true              gold=true  correct=True  running‐acc=0.374
[ 116/600] loss=0.0001  pred=true   gold=true  running‐acc=0.974
Locality eval: pred=n/a               gold=n/a  correct=True  running‐acc=0.379
[ 117/600] loss=0.0004  pred=n/a    gold=n/a  running‐acc=0.974
Locality eval: pred=n/a               gold=true  correct=False  running‐acc=0.376
[ 118/600] loss=0.0003  pred=n/a    gold=n/a  running‐acc=0.975
Locality eval: pred=true              gold=true  correct=True  running‐acc=0.381
[ 119/600] loss=0.0002  pred=n/a    gold=n/a  running‐acc=0.975
Locality eval: pred=n/a               gold=true  correct=False  running‐acc=0.378
[ 120/600] loss=0.0011  pred=n/a    gold=n/a  running‐acc=0.975
Locality eval: pred=n/a               gold=true  correct=False  running‐acc=0.375
[ 121/600] loss=0.0018  pred=true   gold=true  running‐acc=0.975
Locality eval: pred=n/a               gold=n/a  correct=True  running‐acc=0.380
[ 122/600] loss=0.0010  pred=true   gold=true  running‐acc=0.975
Locality eval: pred=true              gold=n/a  correct=False  running‐acc=0.377
[ 123/600] loss=0.0002  pred=false  gold=n/a  running‐acc=0.967
Locality eval: pred=true              gold=true  correct=True  running‐acc=0.382
[ 124/600] loss=0.0012  pred=n/a    gold=n/a  running‐acc=0.968
Locality eval: pred=true              gold=true  correct=True  running‐acc=0.387
[ 125/600] loss=0.0002  pred=n/a    gold=n/a  running‐acc=0.968
Locality eval: pred=n/a               gold=true  correct=False  running‐acc=0.384
[ 126/600] loss=0.0010  pred=true   gold=true  running‐acc=0.968
Locality eval: pred=true              gold=n/a  correct=False  running‐acc=0.381
[ 127/600] loss=0.0005  pred=true   gold=true  running‐acc=0.969
Locality eval: pred=true              gold=n/a  correct=False  running‐acc=0.378
[ 128/600] loss=0.0009  pred=n/a    gold=n/a  running‐acc=0.969
Locality eval: pred=n/a               gold=true  correct=False  running‐acc=0.375
[ 129/600] loss=0.0025  pred=true   gold=true  running‐acc=0.969
Locality eval: pred=false             gold=n/a  correct=False  running‐acc=0.372
[ 130/600] loss=0.0005  pred=n/a    gold=n/a  running‐acc=0.969
Locality eval: pred=n/a               gold=true  correct=False  running‐acc=0.369
[ 131/600] loss=0.0027  pred=true   gold=true  running‐acc=0.969
Locality eval: pred=true              gold=n/a  correct=False  running‐acc=0.366
[ 132/600] loss=0.0011  pred=n/a    gold=n/a  running‐acc=0.970
Locality eval: pred=n/a               gold=true  correct=False  running‐acc=0.364
[ 133/600] loss=0.0019  pred=n/a    gold=n/a  running‐acc=0.970
Locality eval: pred=n/a               gold=true  correct=False  running‐acc=0.361
[ 134/600] loss=0.0027  pred=true   gold=true  running‐acc=0.970
Locality eval: pred=true              gold=n/a  correct=False  running‐acc=0.358
[ 135/600] loss=0.0004  pred=true   gold=true  running‐acc=0.970
Locality eval: pred=true              gold=n/a  correct=False  running‐acc=0.356
[ 136/600] loss=0.0009  pred=n/a    gold=n/a  running‐acc=0.971
Locality eval: pred=n/a               gold=true  correct=False  running‐acc=0.353
[ 137/600] loss=0.0007  pred=true   gold=true  running‐acc=0.971
Locality eval: pred=n/a               gold=n/a  correct=True  running‐acc=0.358
[ 138/600] loss=0.0004  pred=true   gold=true  running‐acc=0.971
Locality eval: pred=true              gold=n/a  correct=False  running‐acc=0.355
[ 139/600] loss=0.0017  pred=n/a    gold=n/a  running‐acc=0.971
Locality eval: pred=true              gold=true  correct=True  running‐acc=0.360
[ 140/600] loss=0.0003  pred=n/a    gold=n/a  running‐acc=0.971
Locality eval: pred=n/a               gold=true  correct=False  running‐acc=0.357
[ 141/600] loss=0.0002  pred=n/a    gold=n/a  running‐acc=0.972
Locality eval: pred=true              gold=true  correct=True  running‐acc=0.362
[ 142/600] loss=0.0006  pred=n/a    gold=n/a  running‐acc=0.972
Locality eval: pred=n/a               gold=true  correct=False  running‐acc=0.359
