
Loading base model (4‐bit)…
Loading checkpoint shards:   0%|          | 0/4 [00:00<?, ?it/s]Loading checkpoint shards:  25%|██▌       | 1/4 [00:06<00:18,  6.14s/it]Loading checkpoint shards:  50%|█████     | 2/4 [00:13<00:14,  7.11s/it]Loading checkpoint shards:  75%|███████▌  | 3/4 [00:19<00:06,  6.49s/it]Loading checkpoint shards: 100%|██████████| 4/4 [00:21<00:00,  4.67s/it]Loading checkpoint shards: 100%|██████████| 4/4 [00:21<00:00,  5.39s/it]
trainable params: 6,422,528 || all params: 8,544,103,424 || trainable%: 0.0752
  0%|          | 0/600 [00:00<?, ?it/s]100%|██████████| 600/600 [00:00<00:00, 25907.56it/s]
Loaded 600 (train, eval) pairs.

Starting sequential training…
Cached 112 LoRA tensors.
[   1/600] loss=0.0651  pred=true   gold=true  running‐acc=1.000
Locality eval: pred=n/a               gold=n/a  correct=True  running‐acc=1.000
[   2/600] loss=0.0477  pred=true   gold=true  running‐acc=1.000
Locality eval: pred=n/a               gold=n/a  correct=True  running‐acc=1.000
[   3/600] loss=0.0282  pred=true   gold=true  running‐acc=1.000
Locality eval: pred=n/a               gold=n/a  correct=True  running‐acc=1.000
[   4/600] loss=0.0136  pred=n/a    gold=true  running‐acc=0.750
Locality eval: pred=n/a               gold=n/a  correct=True  running‐acc=1.000
[   5/600] loss=0.0708  pred=true   gold=true  running‐acc=0.800
Locality eval: pred=n/a               gold=n/a  correct=True  running‐acc=1.000
[   6/600] loss=0.0153  pred=n/a    gold=true  running‐acc=0.667
Locality eval: pred=n/a               gold=n/a  correct=True  running‐acc=1.000
[   7/600] loss=0.0014  pred=n/a    gold=n/a  running‐acc=0.714
Locality eval: pred=true              gold=true  correct=True  running‐acc=1.000
[   8/600] loss=0.0019  pred=n/a    gold=n/a  running‐acc=0.750
Locality eval: pred=true/false/n/a    gold=true  correct=True  running‐acc=1.000
[   9/600] loss=0.0700  pred=n/a    gold=true  running‐acc=0.667
Locality eval: pred=true              gold=n/a  correct=False  running‐acc=0.889
[  10/600] loss=0.0152  pred=true   gold=true  running‐acc=0.700
Locality eval: pred=n/a               gold=n/a  correct=True  running‐acc=0.900
[  11/600] loss=0.0095  pred=true   gold=true  running‐acc=0.727
Locality eval: pred=n/a               gold=n/a  correct=True  running‐acc=0.909
[  12/600] loss=0.0325  pred=true   gold=true  running‐acc=0.750
Locality eval: pred=n/a               gold=n/a  correct=True  running‐acc=0.917
[  13/600] loss=0.0014  pred=n/a    gold=n/a  running‐acc=0.769
Locality eval: pred=n/a               gold=true  correct=False  running‐acc=0.846
[  14/600] loss=0.0134  pred=n/a    gold=n/a  running‐acc=0.786
Locality eval: pred=n/a               gold=true  correct=False  running‐acc=0.786
[  15/600] loss=0.0200  pred=true   gold=true  running‐acc=0.800
Locality eval: pred=n/a               gold=n/a  correct=True  running‐acc=0.800
[  16/600] loss=0.0006  pred=n/a    gold=n/a  running‐acc=0.812
Locality eval: pred=n/a               gold=true  correct=False  running‐acc=0.750
[  17/600] loss=0.0033  pred=n/a    gold=n/a  running‐acc=0.824
Locality eval: pred=true              gold=true  correct=True  running‐acc=0.765
[  18/600] loss=0.0238  pred=true   gold=true  running‐acc=0.833
Locality eval: pred=n/a               gold=n/a  correct=True  running‐acc=0.778
[  19/600] loss=0.0525  pred=true   gold=true  running‐acc=0.842
Locality eval: pred=n/a               gold=n/a  correct=True  running‐acc=0.789
[  20/600] loss=0.0025  pred=n/a    gold=n/a  running‐acc=0.850
Locality eval: pred=n/a               gold=true  correct=False  running‐acc=0.750
[  21/600] loss=0.0006  pred=n/a    gold=n/a  running‐acc=0.857
Locality eval: pred=true              gold=true  correct=True  running‐acc=0.762
[  22/600] loss=0.0029  pred=n/a    gold=n/a  running‐acc=0.864
Locality eval: pred=true              gold=true  correct=True  running‐acc=0.773
[  23/600] loss=0.0019  pred=n/a    gold=n/a  running‐acc=0.870
Locality eval: pred=n/a               gold=true  correct=False  running‐acc=0.739
[  24/600] loss=0.0030  pred=n/a    gold=n/a  running‐acc=0.875
Locality eval: pred=true              gold=true  correct=True  running‐acc=0.750
[  25/600] loss=0.0259  pred=true   gold=true  running‐acc=0.880
Locality eval: pred=n/a               gold=n/a  correct=True  running‐acc=0.760
[  26/600] loss=0.0123  pred=n/a    gold=n/a  running‐acc=0.885
Locality eval: pred=n/a               gold=true  correct=False  running‐acc=0.731
[  27/600] loss=0.0041  pred=n/a    gold=n/a  running‐acc=0.889
Locality eval: pred=true              gold=true  correct=True  running‐acc=0.741
[  28/600] loss=0.0046  pred=n/a    gold=n/a  running‐acc=0.893
Locality eval: pred=true              gold=true  correct=True  running‐acc=0.750
[  29/600] loss=0.0013  pred=n/a    gold=n/a  running‐acc=0.897
Locality eval: pred=n/a               gold=true  correct=False  running‐acc=0.724
[  30/600] loss=0.0007  pred=n/a    gold=n/a  running‐acc=0.900
Locality eval: pred=n/a               gold=true  correct=False  running‐acc=0.700
[  31/600] loss=0.0091  pred=true   gold=true  running‐acc=0.903
Locality eval: pred=n/a               gold=n/a  correct=True  running‐acc=0.710
[  32/600] loss=0.0066  pred=n/a    gold=n/a  running‐acc=0.906
Locality eval: pred=n/a               gold=true  correct=False  running‐acc=0.688
[  33/600] loss=0.0008  pred=n/a    gold=n/a  running‐acc=0.909
Locality eval: pred=n/a               gold=true  correct=False  running‐acc=0.667
[  34/600] loss=0.0010  pred=false  gold=n/a  running‐acc=0.882
Locality eval: pred=true              gold=true  correct=True  running‐acc=0.676
[  35/600] loss=0.0100  pred=true   gold=true  running‐acc=0.886
Locality eval: pred=n/a               gold=n/a  correct=True  running‐acc=0.686
[  36/600] loss=0.0004  pred=n/a    gold=n/a  running‐acc=0.889
Locality eval: pred=n/a               gold=true  correct=False  running‐acc=0.667
[  37/600] loss=0.0338  pred=true   gold=true  running‐acc=0.892
Locality eval: pred=n/a               gold=n/a  correct=True  running‐acc=0.676
[  38/600] loss=0.0035  pred=n/a    gold=n/a  running‐acc=0.895
Locality eval: pred=n/a               gold=true  correct=False  running‐acc=0.658
[  39/600] loss=0.0862  pred=true   gold=true  running‐acc=0.897
Locality eval: pred=n/a               gold=n/a  correct=True  running‐acc=0.667
[  40/600] loss=0.0233  pred=n/a    gold=true  running‐acc=0.875
Locality eval: pred=n/a               gold=n/a  correct=True  running‐acc=0.675
[  41/600] loss=0.0186  pred=true   gold=true  running‐acc=0.878
Locality eval: pred=n/a               gold=n/a  correct=True  running‐acc=0.683
[  42/600] loss=0.0060  pred=n/a    gold=n/a  running‐acc=0.881
Locality eval: pred=true              gold=true  correct=True  running‐acc=0.690
[  43/600] loss=0.1345  pred=true   gold=true  running‐acc=0.884
Locality eval: pred=n/a               gold=n/a  correct=True  running‐acc=0.698
[  44/600] loss=0.0041  pred=n/a    gold=n/a  running‐acc=0.886
Locality eval: pred=n/a               gold=true  correct=False  running‐acc=0.682
[  45/600] loss=0.0017  pred=n/a    gold=n/a  running‐acc=0.889
Locality eval: pred=n/a               gold=true  correct=False  running‐acc=0.667
[  46/600] loss=0.0256  pred=true   gold=true  running‐acc=0.891
Locality eval: pred=n/a               gold=n/a  correct=True  running‐acc=0.674
[  47/600] loss=0.0868  pred=true   gold=true  running‐acc=0.894
Locality eval: pred=n/a               gold=n/a  correct=True  running‐acc=0.681
[  48/600] loss=0.0005  pred=n/a    gold=n/a  running‐acc=0.896
Locality eval: pred=true              gold=true  correct=True  running‐acc=0.688
[  49/600] loss=0.0226  pred=true   gold=true  running‐acc=0.898
Locality eval: pred=n/a               gold=n/a  correct=True  running‐acc=0.694
[  50/600] loss=0.0032  pred=n/a    gold=n/a  running‐acc=0.900
Locality eval: pred=n/a               gold=true  correct=False  running‐acc=0.680
[  51/600] loss=0.0461  pred=true   gold=true  running‐acc=0.902
Locality eval: pred=n/a               gold=n/a  correct=True  running‐acc=0.686
[  52/600] loss=0.0080  pred=true   gold=true  running‐acc=0.904
Locality eval: pred=n/a               gold=n/a  correct=True  running‐acc=0.692
[  53/600] loss=0.0017  pred=n/a    gold=n/a  running‐acc=0.906
Locality eval: pred=n/a               gold=true  correct=False  running‐acc=0.679
[  54/600] loss=0.0025  pred=true   gold=true  running‐acc=0.907
Locality eval: pred=n/a               gold=n/a  correct=True  running‐acc=0.685
[  55/600] loss=0.0007  pred=n/a    gold=n/a  running‐acc=0.909
Locality eval: pred=n/a               gold=true  correct=False  running‐acc=0.673
[  56/600] loss=0.0023  pred=n/a    gold=n/a  running‐acc=0.911
Locality eval: pred=                  gold=true  correct=False  running‐acc=0.661
[  57/600] loss=0.0741  pred=n/a    gold=true  running‐acc=0.895
Locality eval: pred=n/a               gold=n/a  correct=True  running‐acc=0.667
[  58/600] loss=0.0143  pred=true   gold=true  running‐acc=0.897
Locality eval: pred=n/a               gold=n/a  correct=True  running‐acc=0.672
[  59/600] loss=0.0371  pred=n/a    gold=true  running‐acc=0.881
Locality eval: pred=true              gold=n/a  correct=False  running‐acc=0.661
[  60/600] loss=0.0697  pred=true   gold=true  running‐acc=0.883
Locality eval: pred=n/a               gold=n/a  correct=True  running‐acc=0.667
[  61/600] loss=0.0598  pred=true   gold=true  running‐acc=0.885
Locality eval: pred=n/a               gold=n/a  correct=True  running‐acc=0.672
[  62/600] loss=0.0102  pred=n/a    gold=true  running‐acc=0.871
Locality eval: pred=n/a               gold=n/a  correct=True  running‐acc=0.677
[  63/600] loss=0.0045  pred=       gold=n/a  running‐acc=0.857
Locality eval: pred=true              gold=true  correct=True  running‐acc=0.683
[  64/600] loss=0.0140  pred=n/a    gold=n/a  running‐acc=0.859
Locality eval: pred=n/a               gold=true  correct=False  running‐acc=0.672
[  65/600] loss=0.0032  pred=n/a    gold=n/a  running‐acc=0.862
Locality eval: pred=true              gold=true  correct=True  running‐acc=0.677
[  66/600] loss=0.0523  pred=true   gold=true  running‐acc=0.864
Locality eval: pred=n/a               gold=n/a  correct=True  running‐acc=0.682
[  67/600] loss=0.0195  pred=true   gold=true  running‐acc=0.866
Locality eval: pred=n/a               gold=n/a  correct=True  running‐acc=0.687
[  68/600] loss=0.0445  pred=true   gold=true  running‐acc=0.868
Locality eval: pred=n/a               gold=n/a  correct=True  running‐acc=0.691
[  69/600] loss=0.0029  pred=n/a    gold=n/a  running‐acc=0.870
Locality eval: pred=                  gold=true  correct=False  running‐acc=0.681
[  70/600] loss=0.0026  pred=n/a    gold=n/a  running‐acc=0.871
Locality eval: pred=n/a               gold=true  correct=False  running‐acc=0.671
[  71/600] loss=0.0028  pred=n/a    gold=n/a  running‐acc=0.873
Locality eval: pred=                  gold=true  correct=False  running‐acc=0.662
[  72/600] loss=0.0015  pred=n/a    gold=n/a  running‐acc=0.875
Locality eval: pred=                  gold=true  correct=False  running‐acc=0.653
[  73/600] loss=0.0416  pred=true   gold=true  running‐acc=0.877
Locality eval: pred=n/a               gold=n/a  correct=True  running‐acc=0.658
[  74/600] loss=0.0023  pred=n/a    gold=n/a  running‐acc=0.878
Locality eval: pred=n/a               gold=true  correct=False  running‐acc=0.649
[  75/600] loss=0.0041  pred=n/a    gold=n/a  running‐acc=0.880
Locality eval: pred=true              gold=true  correct=True  running‐acc=0.653
[  76/600] loss=0.2206  pred=true   gold=true  running‐acc=0.882
Locality eval: pred=n/a               gold=n/a  correct=True  running‐acc=0.658
[  77/600] loss=0.0253  pred=true   gold=true  running‐acc=0.883
Locality eval: pred=n/a               gold=n/a  correct=True  running‐acc=0.662
[  78/600] loss=0.0012  pred=n/a    gold=n/a  running‐acc=0.885
Locality eval: pred=true              gold=true  correct=True  running‐acc=0.667
[  79/600] loss=0.0085  pred=true   gold=true  running‐acc=0.886
Locality eval: pred=n/a               gold=n/a  correct=True  running‐acc=0.671
[  80/600] loss=0.0009  pred=n/a    gold=n/a  running‐acc=0.887
Locality eval: pred=n/a               gold=true  correct=False  running‐acc=0.662
[  81/600] loss=0.0030  pred=n/a    gold=n/a  running‐acc=0.889
Locality eval: pred=true              gold=true  correct=True  running‐acc=0.667
[  82/600] loss=0.0242  pred=true   gold=true  running‐acc=0.890
Locality eval: pred=n/a               gold=n/a  correct=True  running‐acc=0.671
[  83/600] loss=0.0036  pred=n/a    gold=n/a  running‐acc=0.892
Locality eval: pred=n/a               gold=true  correct=False  running‐acc=0.663
[  84/600] loss=0.0129  pred=true   gold=true  running‐acc=0.893
Locality eval: pred=n/a               gold=n/a  correct=True  running‐acc=0.667
[  85/600] loss=0.0002  pred=n/a    gold=n/a  running‐acc=0.894
Locality eval: pred=true              gold=true  correct=True  running‐acc=0.671
[  86/600] loss=0.0010  pred=n/a    gold=n/a  running‐acc=0.895
Locality eval: pred=n/a               gold=true  correct=False  running‐acc=0.663
[  87/600] loss=0.0038  pred=n/a    gold=n/a  running‐acc=0.897
Locality eval: pred=n/a               gold=true  correct=False  running‐acc=0.655
[  88/600] loss=0.0825  pred=true   gold=true  running‐acc=0.898
Locality eval: pred=                  gold=n/a  correct=False  running‐acc=0.648
[  89/600] loss=0.0374  pred=true   gold=true  running‐acc=0.899
Locality eval: pred=n/a               gold=n/a  correct=True  running‐acc=0.652
[  90/600] loss=0.0010  pred=n/a    gold=n/a  running‐acc=0.900
Locality eval: pred=n/a               gold=true  correct=False  running‐acc=0.644
[  91/600] loss=0.0009  pred=n/a    gold=n/a  running‐acc=0.901
Locality eval: pred=true              gold=true  correct=True  running‐acc=0.648
[  92/600] loss=0.0217  pred=true   gold=true  running‐acc=0.902
Locality eval: pred=n/a               gold=n/a  correct=True  running‐acc=0.652
[  93/600] loss=0.0015  pred=false  gold=n/a  running‐acc=0.892
Locality eval: pred=true              gold=true  correct=True  running‐acc=0.656
[  94/600] loss=0.0021  pred=n/a    gold=n/a  running‐acc=0.894
Locality eval: pred=n/a               gold=true  correct=False  running‐acc=0.649
[  95/600] loss=0.0177  pred=true   gold=true  running‐acc=0.895
Locality eval: pred=n/a               gold=n/a  correct=True  running‐acc=0.653
[  96/600] loss=0.0032  pred=n/a    gold=n/a  running‐acc=0.896
Locality eval: pred=                  gold=true  correct=False  running‐acc=0.646
[  97/600] loss=0.0010  pred=n/a    gold=n/a  running‐acc=0.897
Locality eval: pred=n/a               gold=true  correct=False  running‐acc=0.639
[  98/600] loss=0.0020  pred=n/a    gold=n/a  running‐acc=0.898
Locality eval: pred=true              gold=true  correct=True  running‐acc=0.643
[  99/600] loss=0.0936  pred=true   gold=true  running‐acc=0.899
Locality eval: pred=n/a               gold=n/a  correct=True  running‐acc=0.646
[ 100/600] loss=0.0529  pred=true   gold=true  running‐acc=0.900
Locality eval: pred=n/a               gold=n/a  correct=True  running‐acc=0.650
[ 101/600] loss=0.0015  pred=n/a    gold=n/a  running‐acc=0.901
Locality eval: pred=n/a               gold=true  correct=False  running‐acc=0.644
[ 102/600] loss=0.0490  pred=true   gold=true  running‐acc=0.902
Locality eval: pred=n/a               gold=n/a  correct=True  running‐acc=0.647
[ 103/600] loss=0.0007  pred=false  gold=n/a  running‐acc=0.893
Locality eval: pred=true              gold=true  correct=True  running‐acc=0.650
[ 104/600] loss=0.0793  pred=n/a    gold=true  running‐acc=0.885
Locality eval: pred=n/a               gold=n/a  correct=True  running‐acc=0.654
[ 105/600] loss=0.0217  pred=true   gold=true  running‐acc=0.886
Locality eval: pred=true              gold=n/a  correct=False  running‐acc=0.648
[ 106/600] loss=0.0498  pred=true   gold=true  running‐acc=0.887
Locality eval: pred=n/a               gold=n/a  correct=True  running‐acc=0.651
[ 107/600] loss=0.0782  pred=true   gold=true  running‐acc=0.888
Locality eval: pred=n/a               gold=n/a  correct=True  running‐acc=0.654
[ 108/600] loss=0.0285  pred=true   gold=true  running‐acc=0.889
Locality eval: pred=n/a               gold=n/a  correct=True  running‐acc=0.657
[ 109/600] loss=0.0319  pred=true   gold=true  running‐acc=0.890
Locality eval: pred=n/a               gold=n/a  correct=True  running‐acc=0.661
[ 110/600] loss=0.0289  pred=true   gold=true  running‐acc=0.891
Locality eval: pred=n/a               gold=n/a  correct=True  running‐acc=0.664
[ 111/600] loss=0.0106  pred=true   gold=true  running‐acc=0.892
Locality eval: pred=n/a               gold=n/a  correct=True  running‐acc=0.667
[ 112/600] loss=0.0325  pred=true   gold=true  running‐acc=0.893
Locality eval: pred=n/a               gold=n/a  correct=True  running‐acc=0.670
[ 113/600] loss=0.0009  pred=n/a    gold=n/a  running‐acc=0.894
Locality eval: pred=true              gold=true  correct=True  running‐acc=0.673
[ 114/600] loss=0.0003  pred=n/a    gold=n/a  running‐acc=0.895
Locality eval: pred=n/a               gold=true  correct=False  running‐acc=0.667
[ 115/600] loss=0.0012  pred=n/a    gold=n/a  running‐acc=0.896
Locality eval: pred=true              gold=true  correct=True  running‐acc=0.670
[ 116/600] loss=0.0301  pred=true   gold=true  running‐acc=0.897
Locality eval: pred=n/a               gold=n/a  correct=True  running‐acc=0.672
[ 117/600] loss=0.0004  pred=n/a    gold=n/a  running‐acc=0.897
Locality eval: pred=n/a               gold=true  correct=False  running‐acc=0.667
[ 118/600] loss=0.0067  pred=n/a    gold=n/a  running‐acc=0.898
Locality eval: pred=true              gold=true  correct=True  running‐acc=0.669
[ 119/600] loss=0.0016  pred=n/a    gold=n/a  running‐acc=0.899
Locality eval: pred=n/a               gold=true  correct=False  running‐acc=0.664
[ 120/600] loss=0.0038  pred=n/a    gold=n/a  running‐acc=0.900
Locality eval: pred=n/a               gold=true  correct=False  running‐acc=0.658
[ 121/600] loss=0.0357  pred=true   gold=true  running‐acc=0.901
Locality eval: pred=n/a               gold=n/a  correct=True  running‐acc=0.661
[ 122/600] loss=0.0562  pred=n/a    gold=true  running‐acc=0.893
Locality eval: pred=                  gold=n/a  correct=False  running‐acc=0.656
[ 123/600] loss=0.0006  pred=false  gold=n/a  running‐acc=0.886
Locality eval: pred=true              gold=true  correct=True  running‐acc=0.659
[ 124/600] loss=0.0067  pred=n/a    gold=n/a  running‐acc=0.887
Locality eval: pred=true              gold=true  correct=True  running‐acc=0.661
[ 125/600] loss=0.0030  pred=n/a    gold=n/a  running‐acc=0.888
Locality eval: pred=n/a               gold=true  correct=False  running‐acc=0.656
[ 126/600] loss=0.0086  pred=true   gold=true  running‐acc=0.889
Locality eval: pred=n/a               gold=n/a  correct=True  running‐acc=0.659
[ 127/600] loss=0.0169  pred=true   gold=true  running‐acc=0.890
Locality eval: pred=n/a               gold=n/a  correct=True  running‐acc=0.661
[ 128/600] loss=0.0041  pred=n/a    gold=n/a  running‐acc=0.891
Locality eval: pred=true              gold=true  correct=True  running‐acc=0.664
[ 129/600] loss=0.0322  pred=true   gold=true  running‐acc=0.891
Locality eval: pred=false             gold=n/a  correct=False  running‐acc=0.659
[ 130/600] loss=0.0024  pred=false  gold=n/a  running‐acc=0.885
Locality eval: pred=n/a               gold=true  correct=False  running‐acc=0.654
[ 131/600] loss=0.0157  pred=       gold=true  running‐acc=0.878
Locality eval: pred=n/a               gold=n/a  correct=True  running‐acc=0.656
[ 132/600] loss=0.0029  pred=n/a    gold=n/a  running‐acc=0.879
Locality eval: pred=n/a               gold=true  correct=False  running‐acc=0.652
[ 133/600] loss=0.0119  pred=n/a    gold=n/a  running‐acc=0.880
Locality eval: pred=n/a               gold=true  correct=False  running‐acc=0.647
[ 134/600] loss=0.0231  pred=true   gold=true  running‐acc=0.881
Locality eval: pred=n/a               gold=n/a  correct=True  running‐acc=0.649
[ 135/600] loss=0.0063  pred=true   gold=true  running‐acc=0.881
Locality eval: pred=n/a               gold=n/a  correct=True  running‐acc=0.652
[ 136/600] loss=0.0027  pred=n/a    gold=n/a  running‐acc=0.882
Locality eval: pred=n/a               gold=true  correct=False  running‐acc=0.647
[ 137/600] loss=0.0292  pred=true   gold=true  running‐acc=0.883
Locality eval: pred=n/a               gold=n/a  correct=True  running‐acc=0.650
[ 138/600] loss=0.1608  pred=true   gold=true  running‐acc=0.884
Locality eval: pred=true              gold=n/a  correct=False  running‐acc=0.645
[ 139/600] loss=0.0029  pred=n/a    gold=n/a  running‐acc=0.885
Locality eval: pred=true              gold=true  correct=True  running‐acc=0.647
[ 140/600] loss=0.0015  pred=n/a    gold=n/a  running‐acc=0.886
Locality eval: pred=n/a               gold=true  correct=False  running‐acc=0.643
[ 141/600] loss=0.0036  pred=n/a    gold=n/a  running‐acc=0.887
Locality eval: pred=true              gold=true  correct=True  running‐acc=0.645
[ 142/600] loss=0.0011  pred=n/a    gold=n/a  running‐acc=0.887
Locality eval: pred=n/a               gold=true  correct=False  running‐acc=0.641
[ 143/600] loss=0.0267  pred=true   gold=true  running‐acc=0.888
Locality eval: pred=n/a               gold=n/a  correct=True  running‐acc=0.643
[ 144/600] loss=0.0195  pred=true   gold=true  running‐acc=0.889
Locality eval: pred=n/a               gold=n/a  correct=True  running‐acc=0.646
[ 145/600] loss=0.0188  pred=true   gold=true  running‐acc=0.890
Locality eval: pred=n/a               gold=n/a  correct=True  running‐acc=0.648
[ 146/600] loss=0.0303  pred=true   gold=true  running‐acc=0.890
Locality eval: pred=n/a               gold=n/a  correct=True  running‐acc=0.651
[ 147/600] loss=0.0036  pred=n/a    gold=n/a  running‐acc=0.891
Locality eval: pred=true              gold=true  correct=True  running‐acc=0.653
[ 148/600] loss=0.0060  pred=true   gold=true  running‐acc=0.892
Locality eval: pred=n/a               gold=n/a  correct=True  running‐acc=0.655
[ 149/600] loss=0.0013  pred=true   gold=n/a  running‐acc=0.886
Locality eval: pred=true              gold=true  correct=True  running‐acc=0.658
[ 150/600] loss=0.0007  pred=n/a    gold=n/a  running‐acc=0.887
Locality eval: pred=true              gold=true  correct=True  running‐acc=0.660
[ 151/600] loss=0.0134  pred=true   gold=true  running‐acc=0.887
Locality eval: pred=n/a               gold=n/a  correct=True  running‐acc=0.662
[ 152/600] loss=0.0428  pred=true   gold=true  running‐acc=0.888
Locality eval: pred=n/a               gold=n/a  correct=True  running‐acc=0.664
[ 153/600] loss=0.0026  pred=n/a    gold=n/a  running‐acc=0.889
Locality eval: pred=true              gold=true  correct=True  running‐acc=0.667
[ 154/600] loss=0.0018  pred=n/a    gold=n/a  running‐acc=0.890
Locality eval: pred=n/a               gold=true  correct=False  running‐acc=0.662
[ 155/600] loss=0.0279  pred=true   gold=true  running‐acc=0.890
Locality eval: pred=n/a               gold=n/a  correct=True  running‐acc=0.665
[ 156/600] loss=0.0070  pred=n/a    gold=n/a  running‐acc=0.891
Locality eval: pred=n/a               gold=true  correct=False  running‐acc=0.660
[ 157/600] loss=0.0463  pred=true   gold=true  running‐acc=0.892
Locality eval: pred=n/a               gold=n/a  correct=True  running‐acc=0.662
[ 158/600] loss=0.0007  pred=n/a    gold=n/a  running‐acc=0.892
Locality eval: pred=n/a               gold=true  correct=False  running‐acc=0.658
[ 159/600] loss=0.0027  pred=n/a    gold=n/a  running‐acc=0.893
Locality eval: pred=true              gold=true  correct=True  running‐acc=0.660
[ 160/600] loss=0.0018  pred=n/a    gold=n/a  running‐acc=0.894
Locality eval: pred=                  gold=true  correct=False  running‐acc=0.656
[ 161/600] loss=0.1737  pred=true   gold=true  running‐acc=0.894
Locality eval: pred=true              gold=n/a  correct=False  running‐acc=0.652
[ 162/600] loss=0.0122  pred=n/a    gold=n/a  running‐acc=0.895
Locality eval: pred=n/a               gold=true  correct=False  running‐acc=0.648
[ 163/600] loss=0.0009  pred=n/a    gold=n/a  running‐acc=0.896
Locality eval: pred=true              gold=true  correct=True  running‐acc=0.650
[ 164/600] loss=0.0025  pred=n/a    gold=n/a  running‐acc=0.896
Locality eval: pred=true              gold=true  correct=True  running‐acc=0.652
[ 165/600] loss=0.0116  pred=true   gold=true  running‐acc=0.897
Locality eval: pred=n/a               gold=n/a  correct=True  running‐acc=0.655
[ 166/600] loss=0.0275  pred=true   gold=true  running‐acc=0.898
Locality eval: pred=n/a               gold=n/a  correct=True  running‐acc=0.657
[ 167/600] loss=0.0025  pred=n/a    gold=n/a  running‐acc=0.898
Locality eval: pred=n/a               gold=true  correct=False  running‐acc=0.653
[ 168/600] loss=0.0022  pred=true   gold=true  running‐acc=0.899
Locality eval: pred=n/a               gold=n/a  correct=True  running‐acc=0.655
[ 169/600] loss=0.0043  pred=n/a    gold=n/a  running‐acc=0.899
Locality eval: pred=true              gold=true  correct=True  running‐acc=0.657
[ 170/600] loss=0.0014  pred=n/a    gold=n/a  running‐acc=0.900
Locality eval: pred=                  gold=true  correct=False  running‐acc=0.653
[ 171/600] loss=0.0006  pred=n/a    gold=n/a  running‐acc=0.901
Locality eval: pred=n/a               gold=true  correct=False  running‐acc=0.649
[ 172/600] loss=0.1240  pred=true   gold=true  running‐acc=0.901
Locality eval: pred=n/a               gold=n/a  correct=True  running‐acc=0.651
[ 173/600] loss=0.0033  pred=n/a    gold=n/a  running‐acc=0.902
Locality eval: pred=n/a               gold=true  correct=False  running‐acc=0.647
[ 174/600] loss=0.0284  pred=true   gold=true  running‐acc=0.902
Locality eval: pred=n/a               gold=n/a  correct=True  running‐acc=0.649
[ 175/600] loss=0.0300  pred=true   gold=true  running‐acc=0.903
Locality eval: pred=n/a               gold=n/a  correct=True  running‐acc=0.651
[ 176/600] loss=0.0027  pred=n/a    gold=n/a  running‐acc=0.903
Locality eval: pred=n/a               gold=true  correct=False  running‐acc=0.648
[ 177/600] loss=0.0935  pred=true   gold=true  running‐acc=0.904
Locality eval: pred=n/a               gold=n/a  correct=True  running‐acc=0.650
[ 178/600] loss=0.0018  pred=n/a    gold=n/a  running‐acc=0.904
Locality eval: pred=n/a               gold=true  correct=False  running‐acc=0.646
[ 179/600] loss=0.0007  pred=n/a    gold=n/a  running‐acc=0.905
Locality eval: pred=n/a               gold=true  correct=False  running‐acc=0.642
[ 180/600] loss=0.0669  pred=true   gold=true  running‐acc=0.906
Locality eval: pred=n/a               gold=n/a  correct=True  running‐acc=0.644
[ 181/600] loss=0.0008  pred=n/a    gold=n/a  running‐acc=0.906
Locality eval: pred=true              gold=true  correct=True  running‐acc=0.646
[ 182/600] loss=0.0012  pred=n/a    gold=n/a  running‐acc=0.907
Locality eval: pred=true              gold=true  correct=True  running‐acc=0.648
[ 183/600] loss=0.0160  pred=true   gold=true  running‐acc=0.907
Locality eval: pred=n/a               gold=n/a  correct=True  running‐acc=0.650
[ 184/600] loss=0.0433  pred=true   gold=true  running‐acc=0.908
Locality eval: pred=n/a               gold=n/a  correct=True  running‐acc=0.652
[ 185/600] loss=0.0143  pred=true   gold=true  running‐acc=0.908
Locality eval: pred=n/a               gold=n/a  correct=True  running‐acc=0.654
[ 186/600] loss=0.0135  pred=true   gold=true  running‐acc=0.909
Locality eval: pred=n/a               gold=n/a  correct=True  running‐acc=0.656
[ 187/600] loss=0.0042  pred=n/a    gold=n/a  running‐acc=0.909
Locality eval: pred=true              gold=true  correct=True  running‐acc=0.658
[ 188/600] loss=0.0025  pred=n/a    gold=n/a  running‐acc=0.910
Locality eval: pred=true              gold=true  correct=True  running‐acc=0.660
[ 189/600] loss=0.0124  pred=true   gold=true  running‐acc=0.910
Locality eval: pred=n/a               gold=n/a  correct=True  running‐acc=0.661
[ 190/600] loss=0.0019  pred=n/a    gold=n/a  running‐acc=0.911
Locality eval: pred=n/a               gold=true  correct=False  running‐acc=0.658
[ 191/600] loss=0.0008  pred=n/a    gold=n/a  running‐acc=0.911
Locality eval: pred=n/a               gold=true  correct=False  running‐acc=0.654
[ 192/600] loss=0.0056  pred=n/a    gold=n/a  running‐acc=0.911
Locality eval: pred=true              gold=true  correct=True  running‐acc=0.656
[ 193/600] loss=0.0390  pred=       gold=true  running‐acc=0.907
Locality eval: pred=n/a               gold=n/a  correct=True  running‐acc=0.658
[ 194/600] loss=0.0684  pred=n/a    gold=true  running‐acc=0.902
Locality eval: pred=n/a               gold=n/a  correct=True  running‐acc=0.660
[ 195/600] loss=0.0107  pred=true   gold=true  running‐acc=0.903
Locality eval: pred=true              gold=n/a  correct=False  running‐acc=0.656
[ 196/600] loss=0.0176  pred=n/a    gold=true  running‐acc=0.898
Locality eval: pred=n/a               gold=n/a  correct=True  running‐acc=0.658
[ 197/600] loss=0.0470  pred=true   gold=true  running‐acc=0.898
Locality eval: pred=n/a               gold=n/a  correct=True  running‐acc=0.660
[ 198/600] loss=0.0089  pred=n/a    gold=n/a  running‐acc=0.899
Locality eval: pred=n/a               gold=true  correct=False  running‐acc=0.657
[ 199/600] loss=0.0207  pred=true   gold=true  running‐acc=0.899
Locality eval: pred=                  gold=n/a  correct=False  running‐acc=0.653
[ 200/600] loss=0.0550  pred=true   gold=true  running‐acc=0.900
Locality eval: pred=n/a               gold=n/a  correct=True  running‐acc=0.655
[ 201/600] loss=0.0066  pred=n/a    gold=n/a  running‐acc=0.900
Locality eval: pred=true              gold=true  correct=True  running‐acc=0.657
[ 202/600] loss=0.0047  pred=n/a    gold=n/a  running‐acc=0.901
Locality eval: pred=n/a               gold=true  correct=False  running‐acc=0.653
[ 203/600] loss=0.0613  pred=true   gold=true  running‐acc=0.901
Locality eval: pred=n/a               gold=n/a  correct=True  running‐acc=0.655
[ 204/600] loss=0.0142  pred=n/a    gold=n/a  running‐acc=0.902
Locality eval: pred=true              gold=true  correct=True  running‐acc=0.657
[ 205/600] loss=0.2388  pred=true   gold=true  running‐acc=0.902
Locality eval: pred=true              gold=n/a  correct=False  running‐acc=0.654
[ 206/600] loss=0.0046  pred=n/a    gold=n/a  running‐acc=0.903
Locality eval: pred=                  gold=true  correct=False  running‐acc=0.650
[ 207/600] loss=0.0019  pred=n/a    gold=n/a  running‐acc=0.903
Locality eval: pred=                  gold=true  correct=False  running‐acc=0.647
[ 208/600] loss=0.0940  pred=true   gold=true  running‐acc=0.904
Locality eval: pred=true              gold=n/a  correct=False  running‐acc=0.644
[ 209/600] loss=0.0010  pred=n/a    gold=n/a  running‐acc=0.904
Locality eval: pred=true              gold=true  correct=True  running‐acc=0.646
[ 210/600] loss=0.0032  pred=n/a    gold=n/a  running‐acc=0.905
Locality eval: pred=n/a               gold=true  correct=False  running‐acc=0.643
[ 211/600] loss=0.0426  pred=true   gold=true  running‐acc=0.905
Locality eval: pred=n/a               gold=n/a  correct=True  running‐acc=0.645
[ 212/600] loss=0.0022  pred=n/a    gold=n/a  running‐acc=0.906
Locality eval: pred=n/a               gold=true  correct=False  running‐acc=0.642
[ 213/600] loss=0.0859  pred=true   gold=true  running‐acc=0.906
Locality eval: pred=true              gold=n/a  correct=False  running‐acc=0.638
[ 214/600] loss=0.0010  pred=n/a    gold=n/a  running‐acc=0.907
Locality eval: pred=true              gold=true  correct=True  running‐acc=0.640
[ 215/600] loss=0.0185  pred=true   gold=true  running‐acc=0.907
Locality eval: pred=n/a               gold=n/a  correct=True  running‐acc=0.642
[ 216/600] loss=0.0012  pred=n/a    gold=n/a  running‐acc=0.907
Locality eval: pred=true              gold=true  correct=True  running‐acc=0.644
[ 217/600] loss=0.0427  pred=true   gold=true  running‐acc=0.908
Locality eval: pred=n/a               gold=n/a  correct=True  running‐acc=0.645
[ 218/600] loss=0.0039  pred=n/a    gold=n/a  running‐acc=0.908
Locality eval: pred=n/a               gold=true  correct=False  running‐acc=0.642
[ 219/600] loss=0.0219  pred=true   gold=true  running‐acc=0.909
Locality eval: pred=true              gold=n/a  correct=False  running‐acc=0.639
[ 220/600] loss=0.0008  pred=n/a    gold=n/a  running‐acc=0.909
Locality eval: pred=true              gold=true  correct=True  running‐acc=0.641
[ 221/600] loss=0.0027  pred=n/a    gold=n/a  running‐acc=0.910
Locality eval: pred=true              gold=true  correct=True  running‐acc=0.643
[ 222/600] loss=0.0298  pred=n/a    gold=n/a  running‐acc=0.910
Locality eval: pred=n/a               gold=true  correct=False  running‐acc=0.640
[ 223/600] loss=0.0105  pred=n/a    gold=n/a  running‐acc=0.910
Locality eval: pred=                  gold=true  correct=False  running‐acc=0.637
[ 224/600] loss=0.0106  pred=n/a    gold=n/a  running‐acc=0.911
Locality eval: pred=n/a               gold=true  correct=False  running‐acc=0.634
[ 225/600] loss=0.0015  pred=n/a    gold=n/a  running‐acc=0.911
Locality eval: pred=true              gold=true  correct=True  running‐acc=0.636
[ 226/600] loss=0.0143  pred=true   gold=true  running‐acc=0.912
Locality eval: pred=n/a               gold=n/a  correct=True  running‐acc=0.637
[ 227/600] loss=0.0049  pred=n/a    gold=n/a  running‐acc=0.912
Locality eval: pred=true              gold=true  correct=True  running‐acc=0.639
[ 228/600] loss=0.0031  pred=n/a    gold=n/a  running‐acc=0.912
Locality eval: pred=true              gold=true  correct=True  running‐acc=0.640
[ 229/600] loss=0.0052  pred=n/a    gold=n/a  running‐acc=0.913
Locality eval: pred=n/a               gold=true  correct=False  running‐acc=0.638
[ 230/600] loss=0.0015  pred=n/a    gold=n/a  running‐acc=0.913
Locality eval: pred=n/a               gold=true  correct=False  running‐acc=0.635
[ 231/600] loss=0.0004  pred=n/a    gold=n/a  running‐acc=0.913
Locality eval: pred=true              gold=true  correct=True  running‐acc=0.636
[ 232/600] loss=0.0030  pred=n/a    gold=n/a  running‐acc=0.914
Locality eval: pred=n/a               gold=true  correct=False  running‐acc=0.634
[ 233/600] loss=0.0116  pred=true   gold=true  running‐acc=0.914
Locality eval: pred=n/a               gold=n/a  correct=True  running‐acc=0.635
[ 234/600] loss=0.0510  pred=n/a    gold=true  running‐acc=0.910
Locality eval: pred=n/a               gold=n/a  correct=True  running‐acc=0.637
[ 235/600] loss=0.0145  pred=n/a    gold=n/a  running‐acc=0.911
Locality eval: pred=true              gold=true  correct=True  running‐acc=0.638
[ 236/600] loss=0.0025  pred=n/a    gold=n/a  running‐acc=0.911
Locality eval: pred=n/a               gold=true  correct=False  running‐acc=0.636
[ 237/600] loss=0.0547  pred=n/a    gold=true  running‐acc=0.907
Locality eval: pred=n/a               gold=n/a  correct=True  running‐acc=0.637
[ 238/600] loss=0.0069  pred=n/a    gold=n/a  running‐acc=0.908
Locality eval: pred=n/a               gold=true  correct=False  running‐acc=0.634
[ 239/600] loss=0.0017  pred=n/a    gold=n/a  running‐acc=0.908
Locality eval: pred=n/a               gold=true  correct=False  running‐acc=0.632
[ 240/600] loss=0.0466  pred=true   gold=true  running‐acc=0.908
Locality eval: pred=n/a               gold=n/a  correct=True  running‐acc=0.633
[ 241/600] loss=0.0303  pred=n/a    gold=n/a  running‐acc=0.909
Locality eval: pred=n/a               gold=true  correct=False  running‐acc=0.631
[ 242/600] loss=0.0048  pred=n/a    gold=n/a  running‐acc=0.909
Locality eval: pred=n/a               gold=true  correct=False  running‐acc=0.628
[ 243/600] loss=0.0003  pred=true   gold=n/a  running‐acc=0.905
Locality eval: pred=true              gold=true  correct=True  running‐acc=0.630
[ 244/600] loss=0.0684  pred=true   gold=true  running‐acc=0.906
Locality eval: pred=n/a               gold=n/a  correct=True  running‐acc=0.631
[ 245/600] loss=0.0305  pred=true   gold=true  running‐acc=0.906
Locality eval: pred=true              gold=n/a  correct=False  running‐acc=0.629
[ 246/600] loss=0.0164  pred=true   gold=true  running‐acc=0.907
Locality eval: pred=n/a               gold=n/a  correct=True  running‐acc=0.630
[ 247/600] loss=0.0054  pred=true   gold=true  running‐acc=0.907
Locality eval: pred=n/a               gold=n/a  correct=True  running‐acc=0.632
[ 248/600] loss=0.0491  pred=n/a    gold=true  running‐acc=0.903
Locality eval: pred=n/a               gold=n/a  correct=True  running‐acc=0.633
[ 249/600] loss=0.0005  pred=n/a    gold=n/a  running‐acc=0.904
Locality eval: pred=n/a               gold=true  correct=False  running‐acc=0.631
[ 250/600] loss=0.0290  pred=true   gold=true  running‐acc=0.904
Locality eval: pred=n/a               gold=n/a  correct=True  running‐acc=0.632
[ 251/600] loss=0.0005  pred=n/a    gold=n/a  running‐acc=0.904
Locality eval: pred=n/a               gold=true  correct=False  running‐acc=0.629
[ 252/600] loss=0.0081  pred=n/a    gold=n/a  running‐acc=0.905
Locality eval: pred=n/a               gold=true  correct=False  running‐acc=0.627
[ 253/600] loss=0.0371  pred=true   gold=true  running‐acc=0.905
Locality eval: pred=n/a               gold=n/a  correct=True  running‐acc=0.628
[ 254/600] loss=0.0542  pred=       gold=true  running‐acc=0.902
Locality eval: pred=n/a               gold=n/a  correct=True  running‐acc=0.630
[ 255/600] loss=0.0026  pred=n/a    gold=n/a  running‐acc=0.902
Locality eval: pred=n/a               gold=true  correct=False  running‐acc=0.627
[ 256/600] loss=0.0121  pred=n/a    gold=n/a  running‐acc=0.902
Locality eval: pred=                  gold=true  correct=False  running‐acc=0.625
[ 257/600] loss=0.0007  pred=n/a    gold=n/a  running‐acc=0.903
Locality eval: pred=n/a               gold=true  correct=False  running‐acc=0.623
[ 258/600] loss=0.0025  pred=n/a    gold=n/a  running‐acc=0.903
Locality eval: pred=n/a               gold=true  correct=False  running‐acc=0.620
[ 259/600] loss=0.0080  pred=       gold=true  running‐acc=0.900
Locality eval: pred=n/a               gold=n/a  correct=True  running‐acc=0.622
[ 260/600] loss=0.0443  pred=true   gold=true  running‐acc=0.900
Locality eval: pred=n/a               gold=n/a  correct=True  running‐acc=0.623
[ 261/600] loss=0.0453  pred=true   gold=true  running‐acc=0.900
Locality eval: pred=n/a               gold=n/a  correct=True  running‐acc=0.625
[ 262/600] loss=0.0203  pred=true   gold=true  running‐acc=0.901
Locality eval: pred=n/a               gold=n/a  correct=True  running‐acc=0.626
[ 263/600] loss=0.0066  pred=n/a    gold=n/a  running‐acc=0.901
Locality eval: pred=n/a               gold=true  correct=False  running‐acc=0.624
[ 264/600] loss=0.0019  pred=n/a    gold=n/a  running‐acc=0.902
Locality eval: pred=n/a               gold=true  correct=False  running‐acc=0.621
[ 265/600] loss=0.0410  pred=true   gold=true  running‐acc=0.902
Locality eval: pred=n/a               gold=n/a  correct=True  running‐acc=0.623
[ 266/600] loss=0.0046  pred=       gold=n/a  running‐acc=0.898
Locality eval: pred=n/a               gold=true  correct=False  running‐acc=0.620
[ 267/600] loss=0.0032  pred=n/a    gold=n/a  running‐acc=0.899
Locality eval: pred=n/a               gold=true  correct=False  running‐acc=0.618
[ 268/600] loss=0.0937  pred=true   gold=true  running‐acc=0.899
Locality eval: pred=n/a               gold=n/a  correct=True  running‐acc=0.619
[ 269/600] loss=0.0016  pred=n/a    gold=n/a  running‐acc=0.900
Locality eval: pred=true              gold=true  correct=True  running‐acc=0.621
[ 270/600] loss=0.0282  pred=true   gold=true  running‐acc=0.900
Locality eval: pred=n/a               gold=n/a  correct=True  running‐acc=0.622
[ 271/600] loss=0.0010  pred=n/a    gold=n/a  running‐acc=0.900
Locality eval: pred=true              gold=true  correct=True  running‐acc=0.624
[ 272/600] loss=0.0344  pred=true   gold=true  running‐acc=0.901
Locality eval: pred=n/a               gold=n/a  correct=True  running‐acc=0.625
[ 273/600] loss=0.0017  pred=n/a    gold=n/a  running‐acc=0.901
Locality eval: pred=n/a               gold=true  correct=False  running‐acc=0.623
[ 274/600] loss=0.0012  pred=n/a    gold=n/a  running‐acc=0.901
Locality eval: pred=n/a               gold=true  correct=False  running‐acc=0.620
[ 275/600] loss=0.1604  pred=       gold=true  running‐acc=0.898
Locality eval: pred=n/a               gold=n/a  correct=True  running‐acc=0.622
[ 276/600] loss=0.0015  pred=n/a    gold=n/a  running‐acc=0.899
Locality eval: pred=n/a               gold=true  correct=False  running‐acc=0.620
[ 277/600] loss=0.0393  pred=true   gold=true  running‐acc=0.899
Locality eval: pred=n/a               gold=n/a  correct=True  running‐acc=0.621
[ 278/600] loss=0.0060  pred=n/a    gold=n/a  running‐acc=0.899
Locality eval: pred=true              gold=true  correct=True  running‐acc=0.622
[ 279/600] loss=0.0034  pred=true   gold=true  running‐acc=0.900
Locality eval: pred=n/a               gold=n/a  correct=True  running‐acc=0.624
[ 280/600] loss=0.0003  pred=n/a    gold=n/a  running‐acc=0.900
Locality eval: pred=n/a               gold=true  correct=False  running‐acc=0.621
[ 281/600] loss=0.0227  pred=true   gold=true  running‐acc=0.900
Locality eval: pred=n/a               gold=n/a  correct=True  running‐acc=0.623
[ 282/600] loss=0.0267  pred=true   gold=true  running‐acc=0.901
Locality eval: pred=n/a               gold=n/a  correct=True  running‐acc=0.624
[ 283/600] loss=0.0013  pred=n/a    gold=n/a  running‐acc=0.901
Locality eval: pred=true              gold=true  correct=True  running‐acc=0.625
[ 284/600] loss=0.0006  pred=n/a    gold=n/a  running‐acc=0.901
Locality eval: pred=true              gold=true  correct=True  running‐acc=0.627
[ 285/600] loss=0.0211  pred=true   gold=true  running‐acc=0.902
Locality eval: pred=false             gold=n/a  correct=False  running‐acc=0.625
[ 286/600] loss=0.0013  pred=n/a    gold=n/a  running‐acc=0.902
Locality eval: pred=n/a               gold=true  correct=False  running‐acc=0.622
[ 287/600] loss=0.0055  pred=n/a    gold=n/a  running‐acc=0.902
Locality eval: pred=n/a               gold=true  correct=False  running‐acc=0.620
[ 288/600] loss=0.0053  pred=true   gold=true  running‐acc=0.903
Locality eval: pred=n/a               gold=n/a  correct=True  running‐acc=0.622
[ 289/600] loss=0.0652  pred=true   gold=true  running‐acc=0.903
Locality eval: pred=n/a               gold=n/a  correct=True  running‐acc=0.623
[ 290/600] loss=0.0003  pred=n/a    gold=n/a  running‐acc=0.903
Locality eval: pred=n/a               gold=true  correct=False  running‐acc=0.621
[ 291/600] loss=0.0317  pred=true   gold=true  running‐acc=0.904
Locality eval: pred=n/a               gold=n/a  correct=True  running‐acc=0.622
[ 292/600] loss=0.0185  pred=true   gold=true  running‐acc=0.904
Locality eval: pred=true              gold=n/a  correct=False  running‐acc=0.620
[ 293/600] loss=0.0261  pred=true   gold=true  running‐acc=0.904
Locality eval: pred=false             gold=n/a  correct=False  running‐acc=0.618
[ 294/600] loss=0.0066  pred=true   gold=true  running‐acc=0.905
Locality eval: pred=n/a               gold=n/a  correct=True  running‐acc=0.619
[ 295/600] loss=0.0062  pred=n/a    gold=n/a  running‐acc=0.905
Locality eval: pred=n/a               gold=true  correct=False  running‐acc=0.617
[ 296/600] loss=0.0036  pred=n/a    gold=n/a  running‐acc=0.905
Locality eval: pred=n/a               gold=true  correct=False  running‐acc=0.615
[ 297/600] loss=0.0184  pred=true   gold=true  running‐acc=0.906
Locality eval: pred=n/a               gold=n/a  correct=True  running‐acc=0.616
[ 298/600] loss=0.0153  pred=true   gold=true  running‐acc=0.906
Locality eval: pred=n/a               gold=n/a  correct=True  running‐acc=0.617
[ 299/600] loss=0.0063  pred=n/a    gold=n/a  running‐acc=0.906
Locality eval: pred=n/a               gold=true  correct=False  running‐acc=0.615
[ 300/600] loss=0.0043  pred=n/a    gold=n/a  running‐acc=0.907
Locality eval: pred=true              gold=true  correct=True  running‐acc=0.617
[ 301/600] loss=0.0120  pred=true   gold=true  running‐acc=0.907
Locality eval: pred=n/a               gold=n/a  correct=True  running‐acc=0.618
[ 302/600] loss=0.0582  pred=true   gold=true  running‐acc=0.907
Locality eval: pred=n/a               gold=n/a  correct=True  running‐acc=0.619
[ 303/600] loss=0.0045  pred=true   gold=true  running‐acc=0.908
Locality eval: pred=n/a               gold=n/a  correct=True  running‐acc=0.620
[ 304/600] loss=0.0320  pred=true   gold=true  running‐acc=0.908
Locality eval: pred=n/a               gold=n/a  correct=True  running‐acc=0.622
[ 305/600] loss=0.0252  pred=true   gold=true  running‐acc=0.908
Locality eval: pred=                  gold=n/a  correct=False  running‐acc=0.620
[ 306/600] loss=0.0259  pred=true   gold=true  running‐acc=0.908
Locality eval: pred=n/a               gold=n/a  correct=True  running‐acc=0.621
[ 307/600] loss=0.0052  pred=n/a    gold=true  running‐acc=0.906
Locality eval: pred=n/a               gold=n/a  correct=True  running‐acc=0.622
[ 308/600] loss=0.0189  pred=true   gold=true  running‐acc=0.906
Locality eval: pred=n/a               gold=n/a  correct=True  running‐acc=0.623
[ 309/600] loss=0.0126  pred=true   gold=true  running‐acc=0.906
Locality eval: pred=n/a               gold=n/a  correct=True  running‐acc=0.625
[ 310/600] loss=0.0026  pred=n/a    gold=n/a  running‐acc=0.906
Locality eval: pred=true              gold=true  correct=True  running‐acc=0.626
[ 311/600] loss=0.0279  pred=true   gold=true  running‐acc=0.907
Locality eval: pred=n/a               gold=n/a  correct=True  running‐acc=0.627
[ 312/600] loss=0.0054  pred=true   gold=true  running‐acc=0.907
Locality eval: pred=n/a               gold=n/a  correct=True  running‐acc=0.628
[ 313/600] loss=0.0028  pred=n/a    gold=n/a  running‐acc=0.907
Locality eval: pred=true              gold=true  correct=True  running‐acc=0.629
[ 314/600] loss=0.0006  pred=n/a    gold=n/a  running‐acc=0.908
Locality eval: pred=n/a               gold=true  correct=False  running‐acc=0.627
[ 315/600] loss=0.0017  pred=true   gold=n/a  running‐acc=0.905
Locality eval: pred=n/a               gold=true  correct=False  running‐acc=0.625
[ 316/600] loss=0.0567  pred=true   gold=true  running‐acc=0.905
Locality eval: pred=                  gold=n/a  correct=False  running‐acc=0.623
[ 317/600] loss=0.0277  pred=true   gold=true  running‐acc=0.905
Locality eval: pred=true              gold=n/a  correct=False  running‐acc=0.621
[ 318/600] loss=0.3243  pred=true   gold=true  running‐acc=0.906
Locality eval: pred=n/a               gold=n/a  correct=True  running‐acc=0.623
[ 319/600] loss=0.0015  pred=n/a    gold=n/a  running‐acc=0.906
Locality eval: pred=true              gold=true  correct=True  running‐acc=0.624
[ 320/600] loss=0.0009  pred=n/a    gold=n/a  running‐acc=0.906
Locality eval: pred=n/a               gold=true  correct=False  running‐acc=0.622
[ 321/600] loss=0.0069  pred=n/a    gold=true  running‐acc=0.903
Locality eval: pred=n/a               gold=n/a  correct=True  running‐acc=0.623
[ 322/600] loss=0.0107  pred=true   gold=true  running‐acc=0.904
Locality eval: pred=n/a               gold=n/a  correct=True  running‐acc=0.624
[ 323/600] loss=0.0037  pred=n/a    gold=n/a  running‐acc=0.904
Locality eval: pred=n/a               gold=true  correct=False  running‐acc=0.622
[ 324/600] loss=0.0005  pred=n/a    gold=n/a  running‐acc=0.904
Locality eval: pred=n/a               gold=true  correct=False  running‐acc=0.620
[ 325/600] loss=0.0342  pred=n/a    gold=true  running‐acc=0.902
Locality eval: pred=n/a               gold=n/a  correct=True  running‐acc=0.622
[ 326/600] loss=0.0045  pred=n/a    gold=n/a  running‐acc=0.902
Locality eval: pred=n/a               gold=true  correct=False  running‐acc=0.620
[ 327/600] loss=0.0361  pred=true   gold=true  running‐acc=0.902
Locality eval: pred=true              gold=n/a  correct=False  running‐acc=0.618
[ 328/600] loss=0.0014  pred=n/a    gold=n/a  running‐acc=0.902
Locality eval: pred=n/a               gold=true  correct=False  running‐acc=0.616
[ 329/600] loss=0.0563  pred=true   gold=true  running‐acc=0.903
Locality eval: pred=n/a               gold=n/a  correct=True  running‐acc=0.617
[ 330/600] loss=0.0032  pred=n/a    gold=n/a  running‐acc=0.903
Locality eval: pred=true              gold=true  correct=True  running‐acc=0.618
[ 331/600] loss=0.0084  pred=true   gold=true  running‐acc=0.903
Locality eval: pred=n/a               gold=n/a  correct=True  running‐acc=0.619
[ 332/600] loss=0.0018  pred=n/a    gold=n/a  running‐acc=0.904
Locality eval: pred=n/a               gold=true  correct=False  running‐acc=0.617
[ 333/600] loss=0.0025  pred=true   gold=true  running‐acc=0.904
Locality eval: pred=n/a               gold=n/a  correct=True  running‐acc=0.619
[ 334/600] loss=0.0044  pred=n/a    gold=n/a  running‐acc=0.904
Locality eval: pred=n/a               gold=true  correct=False  running‐acc=0.617
[ 335/600] loss=0.0705  pred=true   gold=true  running‐acc=0.904
Locality eval: pred=true              gold=n/a  correct=False  running‐acc=0.615
[ 336/600] loss=0.0029  pred=n/a    gold=n/a  running‐acc=0.905
Locality eval: pred=n/a               gold=true  correct=False  running‐acc=0.613
[ 337/600] loss=0.0040  pred=n/a    gold=n/a  running‐acc=0.905
Locality eval: pred=n/a               gold=true  correct=False  running‐acc=0.611
[ 338/600] loss=0.0025  pred=n/a    gold=n/a  running‐acc=0.905
Locality eval: pred=n/a               gold=true  correct=False  running‐acc=0.609
[ 339/600] loss=0.0016  pred=n/a    gold=n/a  running‐acc=0.906
Locality eval: pred=true              gold=true  correct=True  running‐acc=0.611
[ 340/600] loss=0.0045  pred=n/a    gold=n/a  running‐acc=0.906
Locality eval: pred=n/a               gold=true  correct=False  running‐acc=0.609
[ 341/600] loss=0.0278  pred=       gold=true  running‐acc=0.903
Locality eval: pred=n/a               gold=n/a  correct=True  running‐acc=0.610
[ 342/600] loss=0.0327  pred=true   gold=true  running‐acc=0.904
Locality eval: pred=n/a               gold=n/a  correct=True  running‐acc=0.611
[ 343/600] loss=0.0123  pred=n/a    gold=n/a  running‐acc=0.904
Locality eval: pred=n/a               gold=true  correct=False  running‐acc=0.609
[ 344/600] loss=0.0517  pred=n/a    gold=true  running‐acc=0.901
Locality eval: pred=n/a               gold=n/a  correct=True  running‐acc=0.610
[ 345/600] loss=0.0011  pred=n/a    gold=n/a  running‐acc=0.901
Locality eval: pred=true              gold=true  correct=True  running‐acc=0.612
[ 346/600] loss=0.0204  pred=true   gold=true  running‐acc=0.902
Locality eval: pred=n/a               gold=n/a  correct=True  running‐acc=0.613
[ 347/600] loss=0.0007  pred=n/a    gold=n/a  running‐acc=0.902
Locality eval: pred=n/a               gold=true  correct=False  running‐acc=0.611
[ 348/600] loss=0.0054  pred=n/a    gold=n/a  running‐acc=0.902
Locality eval: pred=true              gold=true  correct=True  running‐acc=0.612
[ 349/600] loss=0.0006  pred=false  gold=n/a  running‐acc=0.900
Locality eval: pred=true              gold=true  correct=True  running‐acc=0.613
[ 350/600] loss=0.0080  pred=n/a    gold=n/a  running‐acc=0.900
Locality eval: pred=                  gold=true  correct=False  running‐acc=0.611
[ 351/600] loss=0.0022  pred=n/a    gold=n/a  running‐acc=0.900
Locality eval: pred=n/a               gold=true  correct=False  running‐acc=0.610
[ 352/600] loss=0.0017  pred=n/a    gold=n/a  running‐acc=0.901
Locality eval: pred=true              gold=true  correct=True  running‐acc=0.611
[ 353/600] loss=0.0015  pred=n/a    gold=n/a  running‐acc=0.901
Locality eval: pred=true              gold=true  correct=True  running‐acc=0.612
[ 354/600] loss=0.0201  pred=true   gold=true  running‐acc=0.901
Locality eval: pred=n/a               gold=n/a  correct=True  running‐acc=0.613
[ 355/600] loss=0.0408  pred=true   gold=true  running‐acc=0.901
Locality eval: pred=n/a               gold=n/a  correct=True  running‐acc=0.614
[ 356/600] loss=0.0062  pred=true   gold=true  running‐acc=0.902
Locality eval: pred=n/a               gold=n/a  correct=True  running‐acc=0.615
[ 357/600] loss=0.0117  pred=n/a    gold=true  running‐acc=0.899
Locality eval: pred=n/a               gold=n/a  correct=True  running‐acc=0.616
[ 358/600] loss=0.0687  pred=true   gold=true  running‐acc=0.899
Locality eval: pred=n/a               gold=n/a  correct=True  running‐acc=0.617
[ 359/600] loss=0.0573  pred=true   gold=true  running‐acc=0.900
Locality eval: pred=n/a               gold=n/a  correct=True  running‐acc=0.618
[ 360/600] loss=0.0039  pred=n/a    gold=n/a  running‐acc=0.900
Locality eval: pred=n/a               gold=true  correct=False  running‐acc=0.617
[ 361/600] loss=0.0512  pred=true   gold=true  running‐acc=0.900
Locality eval: pred=n/a               gold=n/a  correct=True  running‐acc=0.618
[ 362/600] loss=0.0315  pred=true   gold=true  running‐acc=0.901
Locality eval: pred=n/a               gold=n/a  correct=True  running‐acc=0.619
[ 363/600] loss=0.0157  pred=n/a    gold=n/a  running‐acc=0.901
Locality eval: pred=n/a               gold=true  correct=False  running‐acc=0.617
[ 364/600] loss=0.0514  pred=true   gold=true  running‐acc=0.901
Locality eval: pred=n/a               gold=n/a  correct=True  running‐acc=0.618
[ 365/600] loss=0.0075  pred=n/a    gold=true  running‐acc=0.899
Locality eval: pred=n/a               gold=n/a  correct=True  running‐acc=0.619
[ 366/600] loss=0.0057  pred=n/a    gold=n/a  running‐acc=0.899
Locality eval: pred=true              gold=true  correct=True  running‐acc=0.620
[ 367/600] loss=0.0007  pred=n/a    gold=n/a  running‐acc=0.899
Locality eval: pred=n/a               gold=true  correct=False  running‐acc=0.619
[ 368/600] loss=0.0760  pred=true   gold=true  running‐acc=0.899
Locality eval: pred=n/a               gold=n/a  correct=True  running‐acc=0.620
[ 369/600] loss=0.0023  pred=false  gold=n/a  running‐acc=0.897
Locality eval: pred=false             gold=true  correct=False  running‐acc=0.618
[ 370/600] loss=0.0021  pred=n/a    gold=n/a  running‐acc=0.897
Locality eval: pred=true              gold=true  correct=True  running‐acc=0.619
[ 371/600] loss=0.0025  pred=true   gold=true  running‐acc=0.898
Locality eval: pred=n/a               gold=n/a  correct=True  running‐acc=0.620
[ 372/600] loss=0.1340  pred=true   gold=true  running‐acc=0.898
Locality eval: pred=n/a               gold=n/a  correct=True  running‐acc=0.621
[ 373/600] loss=0.0156  pred=n/a    gold=true  running‐acc=0.895
Locality eval: pred=n/a               gold=n/a  correct=True  running‐acc=0.622
[ 374/600] loss=0.0194  pred=n/a    gold=n/a  running‐acc=0.896
Locality eval: pred=n/a               gold=true  correct=False  running‐acc=0.620
[ 375/600] loss=0.0783  pred=true   gold=true  running‐acc=0.896
Locality eval: pred=n/a               gold=n/a  correct=True  running‐acc=0.621
[ 376/600] loss=0.0060  pred=true   gold=true  running‐acc=0.896
Locality eval: pred=n/a               gold=n/a  correct=True  running‐acc=0.622
[ 377/600] loss=0.0547  pred=n/a    gold=true  running‐acc=0.894
Locality eval: pred=n/a               gold=n/a  correct=True  running‐acc=0.623
[ 378/600] loss=0.0138  pred=true   gold=true  running‐acc=0.894
Locality eval: pred=n/a               gold=n/a  correct=True  running‐acc=0.624
[ 379/600] loss=0.0150  pred=true   gold=true  running‐acc=0.894
Locality eval: pred=n/a               gold=n/a  correct=True  running‐acc=0.625
[ 380/600] loss=0.0289  pred=true   gold=true  running‐acc=0.895
Locality eval: pred=n/a               gold=n/a  correct=True  running‐acc=0.626
[ 381/600] loss=0.0017  pred=n/a    gold=n/a  running‐acc=0.895
Locality eval: pred=true.             gold=true  correct=True  running‐acc=0.627
[ 382/600] loss=0.0034  pred=n/a    gold=n/a  running‐acc=0.895
Locality eval: pred=n/a               gold=true  correct=False  running‐acc=0.626
[ 383/600] loss=0.0065  pred=n/a    gold=n/a  running‐acc=0.896
Locality eval: pred=n/a               gold=true  correct=False  running‐acc=0.624
[ 384/600] loss=0.0011  pred=n/a    gold=n/a  running‐acc=0.896
Locality eval: pred=true              gold=true  correct=True  running‐acc=0.625
[ 385/600] loss=0.0559  pred=       gold=true  running‐acc=0.894
Locality eval: pred=                  gold=n/a  correct=False  running‐acc=0.623
[ 386/600] loss=0.0038  pred=true   gold=true  running‐acc=0.894
Locality eval: pred=n/a               gold=n/a  correct=True  running‐acc=0.624
[ 387/600] loss=0.0059  pred=n/a    gold=n/a  running‐acc=0.894
Locality eval: pred=                  gold=true  correct=False  running‐acc=0.623
[ 388/600] loss=0.0350  pred=true   gold=true  running‐acc=0.894
Locality eval: pred=n/a               gold=n/a  correct=True  running‐acc=0.624
[ 389/600] loss=0.0028  pred=n/a    gold=n/a  running‐acc=0.895
Locality eval: pred=true              gold=true  correct=True  running‐acc=0.625
[ 390/600] loss=0.0244  pred=true   gold=true  running‐acc=0.895
Locality eval: pred=true              gold=n/a  correct=False  running‐acc=0.623
[ 391/600] loss=0.0121  pred=n/a    gold=true  running‐acc=0.893
Locality eval: pred=n/a               gold=n/a  correct=True  running‐acc=0.624
[ 392/600] loss=0.0006  pred=n/a    gold=n/a  running‐acc=0.893
Locality eval: pred=true              gold=true  correct=True  running‐acc=0.625
[ 393/600] loss=0.0007  pred=n/a    gold=n/a  running‐acc=0.893
Locality eval: pred=n/a               gold=true  correct=False  running‐acc=0.623
[ 394/600] loss=0.0028  pred=n/a    gold=n/a  running‐acc=0.893
Locality eval: pred=true              gold=true  correct=True  running‐acc=0.624
[ 395/600] loss=0.0247  pred=true   gold=true  running‐acc=0.894
Locality eval: pred=true              gold=n/a  correct=False  running‐acc=0.623
[ 396/600] loss=0.0674  pred=true   gold=true  running‐acc=0.894
Locality eval: pred=n/a               gold=n/a  correct=True  running‐acc=0.624
[ 397/600] loss=0.0004  pred=n/a    gold=n/a  running‐acc=0.894
Locality eval: pred=true              gold=true  correct=True  running‐acc=0.625
[ 398/600] loss=0.0038  pred=true   gold=true  running‐acc=0.894
Locality eval: pred=n/a               gold=n/a  correct=True  running‐acc=0.626
[ 399/600] loss=0.0045  pred=n/a    gold=n/a  running‐acc=0.895
Locality eval: pred=n/a               gold=true  correct=False  running‐acc=0.624
[ 400/600] loss=0.0065  pred=n/a    gold=true  running‐acc=0.892
Locality eval: pred=n/a               gold=n/a  correct=True  running‐acc=0.625
[ 401/600] loss=0.0413  pred=n/a    gold=true  running‐acc=0.890
Locality eval: pred=n/a               gold=n/a  correct=True  running‐acc=0.626
[ 402/600] loss=0.0022  pred=n/a    gold=n/a  running‐acc=0.891
Locality eval: pred=                  gold=true  correct=False  running‐acc=0.624
[ 403/600] loss=0.0068  pred=true   gold=true  running‐acc=0.891
Locality eval: pred=n/a               gold=n/a  correct=True  running‐acc=0.625
[ 404/600] loss=0.0633  pred=true   gold=true  running‐acc=0.891
Locality eval: pred=true              gold=n/a  correct=False  running‐acc=0.624
[ 405/600] loss=0.0011  pred=n/a    gold=n/a  running‐acc=0.891
Locality eval: pred=true              gold=true  correct=True  running‐acc=0.625
[ 406/600] loss=0.0009  pred=n/a    gold=n/a  running‐acc=0.892
Locality eval: pred=true              gold=true  correct=True  running‐acc=0.626
[ 407/600] loss=0.0046  pred=true   gold=true  running‐acc=0.892
Locality eval: pred=n/a               gold=n/a  correct=True  running‐acc=0.627
[ 408/600] loss=0.0038  pred=n/a    gold=n/a  running‐acc=0.892
Locality eval: pred=true              gold=true  correct=True  running‐acc=0.627
[ 409/600] loss=0.0233  pred=n/a    gold=true  running‐acc=0.890
Locality eval: pred=n/a               gold=n/a  correct=True  running‐acc=0.628
[ 410/600] loss=0.0058  pred=n/a    gold=n/a  running‐acc=0.890
Locality eval: pred=n/a               gold=true  correct=False  running‐acc=0.627
[ 411/600] loss=0.0359  pred=true   gold=true  running‐acc=0.891
Locality eval: pred=n/a               gold=n/a  correct=True  running‐acc=0.628
[ 412/600] loss=0.0368  pred=true   gold=true  running‐acc=0.891
Locality eval: pred=n/a               gold=n/a  correct=True  running‐acc=0.629
[ 413/600] loss=0.0078  pred=n/a    gold=true  running‐acc=0.889
Locality eval: pred=n/a               gold=n/a  correct=True  running‐acc=0.630
[ 414/600] loss=0.0502  pred=true   gold=true  running‐acc=0.889
Locality eval: pred=n/a               gold=n/a  correct=True  running‐acc=0.630
[ 415/600] loss=0.0010  pred=n/a    gold=n/a  running‐acc=0.889
Locality eval: pred=n/a               gold=true  correct=False  running‐acc=0.629
[ 416/600] loss=0.0398  pred=true   gold=true  running‐acc=0.889
Locality eval: pred=true              gold=n/a  correct=False  running‐acc=0.627
[ 417/600] loss=0.0017  pred=n/a    gold=n/a  running‐acc=0.890
Locality eval: pred=true              gold=true  correct=True  running‐acc=0.628
[ 418/600] loss=0.0052  pred=n/a    gold=n/a  running‐acc=0.890
Locality eval: pred=n/a               gold=true  correct=False  running‐acc=0.627
[ 419/600] loss=0.0126  pred=true   gold=true  running‐acc=0.890
Locality eval: pred=n/a               gold=n/a  correct=True  running‐acc=0.628
[ 420/600] loss=0.0532  pred=true   gold=true  running‐acc=0.890
Locality eval: pred=n/a               gold=n/a  correct=True  running‐acc=0.629
[ 421/600] loss=0.0238  pred=true   gold=true  running‐acc=0.891
Locality eval: pred=n/a               gold=n/a  correct=True  running‐acc=0.629
[ 422/600] loss=0.0295  pred=       gold=true  running‐acc=0.889
Locality eval: pred=                  gold=n/a  correct=False  running‐acc=0.628
[ 423/600] loss=0.0223  pred=true   gold=true  running‐acc=0.889
Locality eval: pred=n/a               gold=n/a  correct=True  running‐acc=0.629
[ 424/600] loss=0.0004  pred=n/a    gold=n/a  running‐acc=0.889
Locality eval: pred=true              gold=true  correct=True  running‐acc=0.630
[ 425/600] loss=0.0035  pred=n/a    gold=n/a  running‐acc=0.889
Locality eval: pred=n/a               gold=true  correct=False  running‐acc=0.628
[ 426/600] loss=0.0004  pred=n/a    gold=n/a  running‐acc=0.890
Locality eval: pred=n/a               gold=true  correct=False  running‐acc=0.627
[ 427/600] loss=0.0319  pred=true   gold=true  running‐acc=0.890
Locality eval: pred=n/a               gold=n/a  correct=True  running‐acc=0.628
[ 428/600] loss=0.0353  pred=true   gold=true  running‐acc=0.890
Locality eval: pred=n/a               gold=n/a  correct=True  running‐acc=0.629
[ 429/600] loss=0.0054  pred=true   gold=true  running‐acc=0.890
Locality eval: pred=n/a               gold=n/a  correct=True  running‐acc=0.629
[ 430/600] loss=0.0005  pred=n/a    gold=n/a  running‐acc=0.891
Locality eval: pred=n/a               gold=true  correct=False  running‐acc=0.628
[ 431/600] loss=0.0558  pred=true   gold=true  running‐acc=0.891
Locality eval: pred=true              gold=n/a  correct=False  running‐acc=0.626
[ 432/600] loss=0.0286  pred=true   gold=true  running‐acc=0.891
Locality eval: pred=n/a               gold=n/a  correct=True  running‐acc=0.627
[ 433/600] loss=0.0232  pred=true   gold=true  running‐acc=0.891
Locality eval: pred=n/a               gold=n/a  correct=True  running‐acc=0.628
[ 434/600] loss=0.0009  pred=n/a    gold=n/a  running‐acc=0.892
Locality eval: pred=true              gold=true  correct=True  running‐acc=0.629
[ 435/600] loss=0.0007  pred=n/a    gold=n/a  running‐acc=0.892
Locality eval: pred=n/a               gold=true  correct=False  running‐acc=0.628
[ 436/600] loss=0.0168  pred=       gold=true  running‐acc=0.890
Locality eval: pred=n/a               gold=n/a  correct=True  running‐acc=0.628
[ 437/600] loss=0.0365  pred=true   gold=true  running‐acc=0.890
Locality eval: pred=n/a               gold=n/a  correct=True  running‐acc=0.629
[ 438/600] loss=0.0014  pred=n/a    gold=n/a  running‐acc=0.890
Locality eval: pred=true              gold=true  correct=True  running‐acc=0.630
[ 439/600] loss=0.0005  pred=n/a    gold=n/a  running‐acc=0.891
Locality eval: pred=n/a               gold=true  correct=False  running‐acc=0.629
[ 440/600] loss=0.0247  pred=true   gold=true  running‐acc=0.891
Locality eval: pred=n/a               gold=n/a  correct=True  running‐acc=0.630
[ 441/600] loss=0.0021  pred=n/a    gold=n/a  running‐acc=0.891
Locality eval: pred=n/a               gold=true  correct=False  running‐acc=0.628
[ 442/600] loss=0.0370  pred=       gold=true  running‐acc=0.889
Locality eval: pred=                  gold=n/a  correct=False  running‐acc=0.627
[ 443/600] loss=0.0686  pred=true   gold=true  running‐acc=0.889
Locality eval: pred=n/a               gold=n/a  correct=True  running‐acc=0.628
[ 444/600] loss=0.0415  pred=true   gold=true  running‐acc=0.890
Locality eval: pred=n/a               gold=n/a  correct=True  running‐acc=0.628
[ 445/600] loss=0.0189  pred=true   gold=true  running‐acc=0.890
Locality eval: pred=n/a               gold=n/a  correct=True  running‐acc=0.629
[ 446/600] loss=0.0487  pred=true   gold=true  running‐acc=0.890
Locality eval: pred=n/a               gold=n/a  correct=True  running‐acc=0.630
[ 447/600] loss=0.1030  pred=true   gold=true  running‐acc=0.890
Locality eval: pred=n/a               gold=n/a  correct=True  running‐acc=0.631
[ 448/600] loss=0.0510  pred=true   gold=true  running‐acc=0.891
Locality eval: pred=n/a               gold=n/a  correct=True  running‐acc=0.632
[ 449/600] loss=0.0525  pred=true   gold=true  running‐acc=0.891
Locality eval: pred=n/a               gold=n/a  correct=True  running‐acc=0.633
[ 450/600] loss=0.0007  pred=n/a    gold=n/a  running‐acc=0.891
Locality eval: pred=n/a               gold=true  correct=False  running‐acc=0.631
[ 451/600] loss=0.0325  pred=true   gold=true  running‐acc=0.891
Locality eval: pred=n/a               gold=n/a  correct=True  running‐acc=0.632
[ 452/600] loss=0.0051  pred=n/a    gold=n/a  running‐acc=0.892
Locality eval: pred=true              gold=true  correct=True  running‐acc=0.633
[ 453/600] loss=0.0068  pred=n/a    gold=n/a  running‐acc=0.892
Locality eval: pred=n/a               gold=true  correct=False  running‐acc=0.631
[ 454/600] loss=0.0060  pred=n/a    gold=n/a  running‐acc=0.892
Locality eval: pred=true              gold=true  correct=True  running‐acc=0.632
[ 455/600] loss=0.0348  pred=true   gold=true  running‐acc=0.892
Locality eval: pred=n/a               gold=n/a  correct=True  running‐acc=0.633
[ 456/600] loss=0.0015  pred=n/a    gold=n/a  running‐acc=0.893
Locality eval: pred=true              gold=true  correct=True  running‐acc=0.634
[ 457/600] loss=0.0021  pred=n/a    gold=n/a  running‐acc=0.893
Locality eval: pred=n/a               gold=true  correct=False  running‐acc=0.632
[ 458/600] loss=0.0029  pred=n/a    gold=n/a  running‐acc=0.893
Locality eval: pred=true              gold=true  correct=True  running‐acc=0.633
[ 459/600] loss=0.0230  pred=true   gold=true  running‐acc=0.893
Locality eval: pred=n/a               gold=n/a  correct=True  running‐acc=0.634
[ 460/600] loss=0.0242  pred=true   gold=true  running‐acc=0.893
Locality eval: pred=n/a               gold=n/a  correct=True  running‐acc=0.635
[ 461/600] loss=0.0003  pred=n/a    gold=n/a  running‐acc=0.894
Locality eval: pred=true              gold=true  correct=True  running‐acc=0.636
[ 462/600] loss=0.0010  pred=n/a    gold=n/a  running‐acc=0.894
Locality eval: pred=true              gold=true  correct=True  running‐acc=0.636
[ 463/600] loss=0.1042  pred=true   gold=true  running‐acc=0.894
Locality eval: pred=true              gold=n/a  correct=False  running‐acc=0.635
[ 464/600] loss=0.0067  pred=n/a    gold=n/a  running‐acc=0.894
Locality eval: pred=true              gold=true  correct=True  running‐acc=0.636
[ 465/600] loss=0.0063  pred=n/a    gold=n/a  running‐acc=0.895
Locality eval: pred=n/a               gold=true  correct=False  running‐acc=0.634
[ 466/600] loss=0.0010  pred=n/a    gold=n/a  running‐acc=0.895
Locality eval: pred=n/a               gold=true  correct=False  running‐acc=0.633
[ 467/600] loss=0.0047  pred=n/a    gold=n/a  running‐acc=0.895
Locality eval: pred=true              gold=true  correct=True  running‐acc=0.634
[ 468/600] loss=0.0070  pred=n/a    gold=n/a  running‐acc=0.895
Locality eval: pred=n/a               gold=true  correct=False  running‐acc=0.632
[ 469/600] loss=0.0436  pred=true   gold=true  running‐acc=0.896
Locality eval: pred=n/a               gold=n/a  correct=True  running‐acc=0.633
[ 470/600] loss=0.0022  pred=n/a    gold=n/a  running‐acc=0.896
Locality eval: pred=true              gold=true  correct=True  running‐acc=0.634
[ 471/600] loss=0.0013  pred=n/a    gold=n/a  running‐acc=0.896
Locality eval: pred=true              gold=true  correct=True  running‐acc=0.635
[ 472/600] loss=0.0157  pred=true   gold=true  running‐acc=0.896
Locality eval: pred=true              gold=n/a  correct=False  running‐acc=0.633
[ 473/600] loss=0.0014  pred=n/a    gold=n/a  running‐acc=0.896
Locality eval: pred=n/a               gold=true  correct=False  running‐acc=0.632
[ 474/600] loss=0.0114  pred=n/a    gold=true  running‐acc=0.895
Locality eval: pred=n/a               gold=n/a  correct=True  running‐acc=0.633
[ 475/600] loss=0.0042  pred=n/a    gold=n/a  running‐acc=0.895
Locality eval: pred=n/a               gold=true  correct=False  running‐acc=0.632
[ 476/600] loss=0.0396  pred=true   gold=true  running‐acc=0.895
Locality eval: pred=n/a               gold=n/a  correct=True  running‐acc=0.632
[ 477/600] loss=0.0074  pred=n/a    gold=n/a  running‐acc=0.895
Locality eval: pred=n/a               gold=true  correct=False  running‐acc=0.631
[ 478/600] loss=0.0337  pred=true   gold=true  running‐acc=0.895
Locality eval: pred=n/a               gold=n/a  correct=True  running‐acc=0.632
[ 479/600] loss=0.0035  pred=n/a    gold=n/a  running‐acc=0.896
Locality eval: pred=n/a               gold=true  correct=False  running‐acc=0.630
[ 480/600] loss=0.0013  pred=n/a    gold=n/a  running‐acc=0.896
Locality eval: pred=n/a               gold=true  correct=False  running‐acc=0.629
[ 481/600] loss=0.0009  pred=n/a    gold=n/a  running‐acc=0.896
Locality eval: pred=n/a               gold=true  correct=False  running‐acc=0.628
[ 482/600] loss=0.0549  pred=true   gold=true  running‐acc=0.896
Locality eval: pred=n/a               gold=n/a  correct=True  running‐acc=0.629
[ 483/600] loss=0.0013  pred=n/a    gold=n/a  running‐acc=0.896
Locality eval: pred=true              gold=true  correct=True  running‐acc=0.629
[ 484/600] loss=0.0086  pred=n/a    gold=n/a  running‐acc=0.897
Locality eval: pred=n/a               gold=true  correct=False  running‐acc=0.628
[ 485/600] loss=0.0039  pred=n/a    gold=n/a  running‐acc=0.897
Locality eval: pred=                  gold=true  correct=False  running‐acc=0.627
[ 486/600] loss=0.0039  pred=n/a    gold=n/a  running‐acc=0.897
Locality eval: pred=                  gold=true  correct=False  running‐acc=0.626
[ 487/600] loss=0.0022  pred=n/a    gold=n/a  running‐acc=0.897
Locality eval: pred=true              gold=true  correct=True  running‐acc=0.626
[ 488/600] loss=0.0015  pred=n/a    gold=n/a  running‐acc=0.898
Locality eval: pred=true              gold=true  correct=True  running‐acc=0.627
[ 489/600] loss=0.0014  pred=n/a    gold=n/a  running‐acc=0.898
Locality eval: pred=n/a               gold=true  correct=False  running‐acc=0.626
[ 490/600] loss=0.0030  pred=false  gold=n/a  running‐acc=0.896
Locality eval: pred=true              gold=true  correct=True  running‐acc=0.627
[ 491/600] loss=0.0020  pred=n/a    gold=n/a  running‐acc=0.896
Locality eval: pred=true              gold=true  correct=True  running‐acc=0.627
[ 492/600] loss=0.0134  pred=true   gold=true  running‐acc=0.896
Locality eval: pred=n/a               gold=n/a  correct=True  running‐acc=0.628
[ 493/600] loss=0.0023  pred=n/a    gold=n/a  running‐acc=0.897
Locality eval: pred=true              gold=true  correct=True  running‐acc=0.629
[ 494/600] loss=0.0019  pred=n/a    gold=n/a  running‐acc=0.897
Locality eval: pred=true              gold=true  correct=True  running‐acc=0.630
[ 495/600] loss=0.0012  pred=n/a    gold=n/a  running‐acc=0.897
Locality eval: pred=n/a               gold=true  correct=False  running‐acc=0.628
[ 496/600] loss=0.0021  pred=n/a    gold=n/a  running‐acc=0.897
Locality eval: pred=n/a               gold=true  correct=False  running‐acc=0.627
[ 497/600] loss=0.0035  pred=true   gold=true  running‐acc=0.897
Locality eval: pred=true              gold=n/a  correct=False  running‐acc=0.626
[ 498/600] loss=0.0157  pred=true   gold=true  running‐acc=0.898
Locality eval: pred=n/a               gold=n/a  correct=True  running‐acc=0.627
[ 499/600] loss=0.0035  pred=n/a    gold=n/a  running‐acc=0.898
Locality eval: pred=n/a               gold=true  correct=False  running‐acc=0.625
[ 500/600] loss=0.0005  pred=n/a    gold=n/a  running‐acc=0.898
Locality eval: pred=true              gold=true  correct=True  running‐acc=0.626
[ 501/600] loss=0.0043  pred=n/a    gold=n/a  running‐acc=0.898
Locality eval: pred=n/a               gold=true  correct=False  running‐acc=0.625
[ 502/600] loss=0.0185  pred=n/a    gold=n/a  running‐acc=0.898
Locality eval: pred=true              gold=true  correct=True  running‐acc=0.625
[ 503/600] loss=0.0260  pred=true   gold=true  running‐acc=0.899
Locality eval: pred=n/a               gold=n/a  correct=True  running‐acc=0.626
[ 504/600] loss=0.0091  pred=true   gold=true  running‐acc=0.899
Locality eval: pred=n/a               gold=n/a  correct=True  running‐acc=0.627
[ 505/600] loss=0.0320  pred=true   gold=true  running‐acc=0.899
Locality eval: pred=true              gold=n/a  correct=False  running‐acc=0.626
[ 506/600] loss=0.0346  pred=       gold=true  running‐acc=0.897
Locality eval: pred=n/a               gold=n/a  correct=True  running‐acc=0.626
[ 507/600] loss=0.0198  pred=true   gold=true  running‐acc=0.897
Locality eval: pred=n/a               gold=n/a  correct=True  running‐acc=0.627
[ 508/600] loss=0.0420  pred=true   gold=true  running‐acc=0.898
Locality eval: pred=true              gold=n/a  correct=False  running‐acc=0.626
[ 509/600] loss=0.0525  pred=true   gold=true  running‐acc=0.898
Locality eval: pred=n/a               gold=n/a  correct=True  running‐acc=0.627
[ 510/600] loss=0.0250  pred=true   gold=true  running‐acc=0.898
Locality eval: pred=true              gold=n/a  correct=False  running‐acc=0.625
[ 511/600] loss=0.0012  pred=n/a    gold=n/a  running‐acc=0.898
Locality eval: pred=n/a               gold=true  correct=False  running‐acc=0.624
[ 512/600] loss=0.0713  pred=true   gold=true  running‐acc=0.898
Locality eval: pred=n/a               gold=n/a  correct=True  running‐acc=0.625
[ 513/600] loss=0.0026  pred=n/a    gold=n/a  running‐acc=0.899
Locality eval: pred=n/a               gold=true  correct=False  running‐acc=0.624
[ 514/600] loss=0.0030  pred=true   gold=true  running‐acc=0.899
Locality eval: pred=n/a               gold=n/a  correct=True  running‐acc=0.625
[ 515/600] loss=0.0026  pred=n/a    gold=n/a  running‐acc=0.899
Locality eval: pred=                  gold=true  correct=False  running‐acc=0.623
[ 516/600] loss=0.0032  pred=n/a    gold=n/a  running‐acc=0.899
Locality eval: pred=true              gold=true  correct=True  running‐acc=0.624
[ 517/600] loss=0.0034  pred=n/a    gold=n/a  running‐acc=0.899
Locality eval: pred=n/a               gold=true  correct=False  running‐acc=0.623
[ 518/600] loss=0.0012  pred=n/a    gold=n/a  running‐acc=0.900
Locality eval: pred=true              gold=true  correct=True  running‐acc=0.624
[ 519/600] loss=0.0313  pred=true   gold=true  running‐acc=0.900
Locality eval: pred=n/a               gold=n/a  correct=True  running‐acc=0.624
[ 520/600] loss=0.0295  pred=true   gold=true  running‐acc=0.900
Locality eval: pred=n/a               gold=n/a  correct=True  running‐acc=0.625
[ 521/600] loss=0.0175  pred=true   gold=true  running‐acc=0.900
Locality eval: pred=n/a               gold=n/a  correct=True  running‐acc=0.626
[ 522/600] loss=0.0219  pred=true   gold=true  running‐acc=0.900
Locality eval: pred=n/a               gold=n/a  correct=True  running‐acc=0.626
[ 523/600] loss=0.0032  pred=n/a    gold=n/a  running‐acc=0.901
Locality eval: pred=n/a               gold=true  correct=False  running‐acc=0.625
[ 524/600] loss=0.0067  pred=true   gold=true  running‐acc=0.901
Locality eval: pred=n/a               gold=n/a  correct=True  running‐acc=0.626
[ 525/600] loss=0.0396  pred=true   gold=true  running‐acc=0.901
Locality eval: pred=true              gold=n/a  correct=False  running‐acc=0.625
[ 526/600] loss=0.0122  pred=true   gold=true  running‐acc=0.901
Locality eval: pred=n/a               gold=n/a  correct=True  running‐acc=0.625
[ 527/600] loss=0.0005  pred=n/a    gold=n/a  running‐acc=0.901
Locality eval: pred=n/a               gold=true  correct=False  running‐acc=0.624
[ 528/600] loss=0.0263  pred=true   gold=true  running‐acc=0.902
Locality eval: pred=n/a               gold=n/a  correct=True  running‐acc=0.625
[ 529/600] loss=0.0004  pred=n/a    gold=n/a  running‐acc=0.902
Locality eval: pred=true              gold=true  correct=True  running‐acc=0.626
[ 530/600] loss=0.0562  pred=true   gold=true  running‐acc=0.902
Locality eval: pred=true              gold=n/a  correct=False  running‐acc=0.625
[ 531/600] loss=0.0026  pred=n/a    gold=n/a  running‐acc=0.902
Locality eval: pred=n/a               gold=true  correct=False  running‐acc=0.623
[ 532/600] loss=0.0438  pred=true   gold=true  running‐acc=0.902
Locality eval: pred=n/a               gold=n/a  correct=True  running‐acc=0.624
[ 533/600] loss=0.0006  pred=n/a    gold=n/a  running‐acc=0.902
Locality eval: pred=n/a               gold=true  correct=False  running‐acc=0.623
[ 534/600] loss=0.0415  pred=true   gold=true  running‐acc=0.903
Locality eval: pred=n/a               gold=n/a  correct=True  running‐acc=0.624
[ 535/600] loss=0.0133  pred=n/a    gold=true  running‐acc=0.901
Locality eval: pred=n/a               gold=n/a  correct=True  running‐acc=0.624
[ 536/600] loss=0.0488  pred=true   gold=true  running‐acc=0.901
Locality eval: pred=n/a               gold=n/a  correct=True  running‐acc=0.625
[ 537/600] loss=0.0078  pred=n/a    gold=n/a  running‐acc=0.901
Locality eval: pred=n/a               gold=true  correct=False  running‐acc=0.624
[ 538/600] loss=0.0239  pred=true   gold=true  running‐acc=0.901
Locality eval: pred=n/a               gold=n/a  correct=True  running‐acc=0.625
[ 539/600] loss=0.0835  pred=true   gold=true  running‐acc=0.902
Locality eval: pred=n/a               gold=n/a  correct=True  running‐acc=0.625
[ 540/600] loss=0.0073  pred=n/a    gold=n/a  running‐acc=0.902
Locality eval: pred=                  gold=true  correct=False  running‐acc=0.624
[ 541/600] loss=0.0038  pred=n/a    gold=n/a  running‐acc=0.902
Locality eval: pred=n/a               gold=true  correct=False  running‐acc=0.623
[ 542/600] loss=0.0004  pred=n/a    gold=n/a  running‐acc=0.902
Locality eval: pred=n/a               gold=true  correct=False  running‐acc=0.622
[ 543/600] loss=0.0005  pred=n/a    gold=n/a  running‐acc=0.902
Locality eval: pred=true              gold=true  correct=True  running‐acc=0.622
[ 544/600] loss=0.0027  pred=       gold=n/a  running‐acc=0.901
Locality eval: pred=                  gold=true  correct=False  running‐acc=0.621
[ 545/600] loss=0.0418  pred=       gold=true  running‐acc=0.899
Locality eval: pred=n/a               gold=n/a  correct=True  running‐acc=0.622
[ 546/600] loss=0.0035  pred=n/a    gold=n/a  running‐acc=0.899
Locality eval: pred=n/a               gold=true  correct=False  running‐acc=0.621
[ 547/600] loss=0.0136  pred=true   gold=true  running‐acc=0.899
Locality eval: pred=n/a               gold=n/a  correct=True  running‐acc=0.622
[ 548/600] loss=0.0232  pred=true   gold=true  running‐acc=0.900
Locality eval: pred=n/a               gold=n/a  correct=True  running‐acc=0.622
[ 549/600] loss=0.0052  pred=n/a    gold=true  running‐acc=0.898
Locality eval: pred=n/a               gold=n/a  correct=True  running‐acc=0.623
[ 550/600] loss=0.0028  pred=n/a    gold=n/a  running‐acc=0.898
Locality eval: pred=true              gold=true  correct=True  running‐acc=0.624
[ 551/600] loss=0.0445  pred=true   gold=true  running‐acc=0.898
Locality eval: pred=n/a               gold=n/a  correct=True  running‐acc=0.624
[ 552/600] loss=0.0022  pred=n/a    gold=n/a  running‐acc=0.899
Locality eval: pred=true              gold=true  correct=True  running‐acc=0.625
[ 553/600] loss=0.0010  pred=n/a    gold=n/a  running‐acc=0.899
Locality eval: pred=n/a               gold=true  correct=False  running‐acc=0.624
[ 554/600] loss=0.0067  pred=true   gold=true  running‐acc=0.899
Locality eval: pred=n/a               gold=n/a  correct=True  running‐acc=0.625
[ 555/600] loss=0.0008  pred=n/a    gold=n/a  running‐acc=0.899
Locality eval: pred=n/a               gold=true  correct=False  running‐acc=0.623
[ 556/600] loss=0.0008  pred=n/a    gold=n/a  running‐acc=0.899
Locality eval: pred=true              gold=true  correct=True  running‐acc=0.624
[ 557/600] loss=0.0011  pred=n/a    gold=n/a  running‐acc=0.899
Locality eval: pred=n/a               gold=true  correct=False  running‐acc=0.623
[ 558/600] loss=0.1115  pred=true   gold=true  running‐acc=0.900
Locality eval: pred=true              gold=n/a  correct=False  running‐acc=0.622
[ 559/600] loss=0.0215  pred=true   gold=true  running‐acc=0.900
Locality eval: pred=n/a               gold=n/a  correct=True  running‐acc=0.623
[ 560/600] loss=0.0032  pred=n/a    gold=n/a  running‐acc=0.900
Locality eval: pred=true              gold=true  correct=True  running‐acc=0.623
[ 561/600] loss=0.0274  pred=true   gold=true  running‐acc=0.900
Locality eval: pred=n/a               gold=n/a  correct=True  running‐acc=0.624
[ 562/600] loss=0.0616  pred=true   gold=true  running‐acc=0.900
Locality eval: pred=n/a               gold=n/a  correct=True  running‐acc=0.625
[ 563/600] loss=0.0056  pred=n/a    gold=n/a  running‐acc=0.901
Locality eval: pred=n/a               gold=true  correct=False  running‐acc=0.623
[ 564/600] loss=0.0242  pred=n/a    gold=true  running‐acc=0.899
Locality eval: pred=true              gold=n/a  correct=False  running‐acc=0.622
[ 565/600] loss=0.0022  pred=n/a    gold=n/a  running‐acc=0.899
Locality eval: pred=true              gold=true  correct=True  running‐acc=0.623
[ 566/600] loss=0.0133  pred=true   gold=true  running‐acc=0.899
Locality eval: pred=true              gold=n/a  correct=False  running‐acc=0.622
[ 567/600] loss=0.0073  pred=true   gold=true  running‐acc=0.899
Locality eval: pred=n/a               gold=n/a  correct=True  running‐acc=0.623
[ 568/600] loss=0.0026  pred=n/a    gold=n/a  running‐acc=0.900
Locality eval: pred=n/a               gold=true  correct=False  running‐acc=0.621
[ 569/600] loss=0.0056  pred=true   gold=true  running‐acc=0.900
Locality eval: pred=n/a               gold=n/a  correct=True  running‐acc=0.622
[ 570/600] loss=0.0359  pred=true   gold=true  running‐acc=0.900
Locality eval: pred=n/a               gold=n/a  correct=True  running‐acc=0.623
[ 571/600] loss=0.0146  pred=       gold=true  running‐acc=0.898
Locality eval: pred=n/a               gold=n/a  correct=True  running‐acc=0.623
[ 572/600] loss=0.0066  pred=true   gold=true  running‐acc=0.899
Locality eval: pred=n/a               gold=n/a  correct=True  running‐acc=0.624
[ 573/600] loss=0.0462  pred=       gold=true  running‐acc=0.897
Locality eval: pred=n/a               gold=n/a  correct=True  running‐acc=0.625
[ 574/600] loss=0.0573  pred=true   gold=true  running‐acc=0.897
Locality eval: pred=true              gold=n/a  correct=False  running‐acc=0.624
[ 575/600] loss=0.0357  pred=true   gold=true  running‐acc=0.897
Locality eval: pred=n/a               gold=n/a  correct=True  running‐acc=0.624
[ 576/600] loss=0.0230  pred=true   gold=true  running‐acc=0.898
Locality eval: pred=n/a               gold=n/a  correct=True  running‐acc=0.625
[ 577/600] loss=0.0427  pred=n/a    gold=true  running‐acc=0.896
Locality eval: pred=n/a               gold=n/a  correct=True  running‐acc=0.626
[ 578/600] loss=0.0006  pred=n/a    gold=n/a  running‐acc=0.896
Locality eval: pred=n/a               gold=true  correct=False  running‐acc=0.625
[ 579/600] loss=0.0706  pred=true   gold=true  running‐acc=0.896
Locality eval: pred=n/a               gold=n/a  correct=True  running‐acc=0.625
[ 580/600] loss=0.0029  pred=n/a    gold=n/a  running‐acc=0.897
Locality eval: pred=true              gold=true  correct=True  running‐acc=0.626
[ 581/600] loss=0.0055  pred=n/a    gold=n/a  running‐acc=0.897
Locality eval: pred=true              gold=true  correct=True  running‐acc=0.627
[ 582/600] loss=0.0035  pred=n/a    gold=n/a  running‐acc=0.897
Locality eval: pred=n/a               gold=true  correct=False  running‐acc=0.625
[ 583/600] loss=0.0067  pred=n/a    gold=n/a  running‐acc=0.897
Locality eval: pred=true              gold=true  correct=True  running‐acc=0.626
[ 584/600] loss=0.0013  pred=n/a    gold=n/a  running‐acc=0.897
Locality eval: pred=n/a               gold=true  correct=False  running‐acc=0.625
[ 585/600] loss=0.0021  pred=n/a    gold=n/a  running‐acc=0.897
Locality eval: pred=n/a               gold=true  correct=False  running‐acc=0.624
[ 586/600] loss=0.0006  pred=n/a    gold=n/a  running‐acc=0.898
Locality eval: pred=true              gold=true  correct=True  running‐acc=0.625
[ 587/600] loss=0.0327  pred=true   gold=true  running‐acc=0.898
Locality eval: pred=n/a               gold=n/a  correct=True  running‐acc=0.625
[ 588/600] loss=0.0060  pred=true   gold=true  running‐acc=0.898
Locality eval: pred=true              gold=n/a  correct=False  running‐acc=0.624
[ 589/600] loss=0.0264  pred=n/a    gold=true  running‐acc=0.896
Locality eval: pred=n/a               gold=n/a  correct=True  running‐acc=0.625
[ 590/600] loss=0.0375  pred=true   gold=true  running‐acc=0.897
Locality eval: pred=                  gold=n/a  correct=False  running‐acc=0.624
[ 591/600] loss=0.0613  pred=true   gold=true  running‐acc=0.897
Locality eval: pred=n/a               gold=n/a  correct=True  running‐acc=0.624
[ 592/600] loss=0.0029  pred=n/a    gold=n/a  running‐acc=0.897
Locality eval: pred=true              gold=true  correct=True  running‐acc=0.625
[ 593/600] loss=0.1139  pred=true   gold=true  running‐acc=0.897
Locality eval: pred=n/a               gold=n/a  correct=True  running‐acc=0.626
[ 594/600] loss=0.0147  pred=n/a    gold=n/a  running‐acc=0.897
Locality eval: pred=true              gold=true  correct=True  running‐acc=0.626
[ 595/600] loss=0.0836  pred=n/a    gold=true  running‐acc=0.896
Locality eval: pred=n/a               gold=n/a  correct=True  running‐acc=0.627
[ 596/600] loss=0.0010  pred=n/a    gold=n/a  running‐acc=0.896
Locality eval: pred=true              gold=true  correct=True  running‐acc=0.628
[ 597/600] loss=0.0043  pred=n/a    gold=n/a  running‐acc=0.896
Locality eval: pred=true              gold=true  correct=True  running‐acc=0.628
[ 598/600] loss=0.0061  pred=n/a    gold=true  running‐acc=0.895
Locality eval: pred=n/a               gold=n/a  correct=True  running‐acc=0.629
[ 599/600] loss=0.0033  pred=true   gold=true  running‐acc=0.895
Locality eval: pred=true              gold=n/a  correct=False  running‐acc=0.628
[ 600/600] loss=0.0123  pred=n/a    gold=n/a  running‐acc=0.895
Locality eval: pred=                  gold=true  correct=False  running‐acc=0.627

Finished in 1569.2s.  Final accuracy: 0.895.

