
Loading base model (4‐bit)…
Loading checkpoint shards:   0%|          | 0/4 [00:00<?, ?it/s]Loading checkpoint shards:  25%|██▌       | 1/4 [00:01<00:05,  1.84s/it]Loading checkpoint shards:  50%|█████     | 2/4 [00:04<00:04,  2.17s/it]Loading checkpoint shards:  75%|███████▌  | 3/4 [00:07<00:02,  2.44s/it]Loading checkpoint shards: 100%|██████████| 4/4 [00:08<00:00,  1.95s/it]Loading checkpoint shards: 100%|██████████| 4/4 [00:08<00:00,  2.05s/it]
trainable params: 6,422,528 || all params: 8,544,103,424 || trainable%: 0.0752
  0%|          | 0/600 [00:00<?, ?it/s]100%|██████████| 600/600 [00:00<00:00, 23068.23it/s]
Loaded 600 (train, eval) pairs.

Starting sequential training…
Cached 112 LoRA tensors.
[   1/600] loss=3.1219  pred=true   gold=true  running‐acc=1.000
Locality eval: pred=n/a               gold=n/a  correct=True  running‐acc=1.000
[   2/600] loss=3.2430  pred=n/a    gold=true  running‐acc=0.500
Locality eval: pred=n/a               gold=n/a  correct=True  running‐acc=1.000
[   3/600] loss=3.3158  pred=true   gold=true  running‐acc=0.667
Locality eval: pred=n/a               gold=n/a  correct=True  running‐acc=1.000
[   4/600] loss=3.0508  pred=true   gold=true  running‐acc=0.750
Locality eval: pred=n/a               gold=n/a  correct=True  running‐acc=1.000
[   5/600] loss=3.2194  pred=**true**  gold=true  running‐acc=0.800
Locality eval: pred=n/a               gold=n/a  correct=True  running‐acc=1.000
[   6/600] loss=3.4338  pred=n/a    gold=true  running‐acc=0.667
Locality eval: pred=n/a               gold=n/a  correct=True  running‐acc=1.000
[   7/600] loss=2.4694  pred=       gold=n/a  running‐acc=0.571
Locality eval: pred=true              gold=true  correct=True  running‐acc=1.000
[   8/600] loss=2.2054  pred=n/a    gold=n/a  running‐acc=0.625
Locality eval: pred=true              gold=true  correct=True  running‐acc=1.000
[   9/600] loss=3.6171  pred=false  gold=true  running‐acc=0.556
Locality eval: pred=true,             gold=n/a  correct=False  running‐acc=0.889
[  10/600] loss=2.6913  pred=true   gold=true  running‐acc=0.600
Locality eval: pred=n/a               gold=n/a  correct=True  running‐acc=0.900
[  11/600] loss=3.0455  pred=n/a    gold=true  running‐acc=0.545
Locality eval: pred=n/a               gold=n/a  correct=True  running‐acc=0.909
[  12/600] loss=3.3444  pred=true   gold=true  running‐acc=0.583
Locality eval: pred=n/a               gold=n/a  correct=True  running‐acc=0.917
[  13/600] loss=1.7759  pred=true   gold=n/a  running‐acc=0.538
Locality eval: pred=true              gold=true  correct=True  running‐acc=0.923
[  14/600] loss=2.2675  pred=true   gold=n/a  running‐acc=0.500
Locality eval: pred=true              gold=true  correct=True  running‐acc=0.929
[  15/600] loss=3.0895  pred=n/a    gold=true  running‐acc=0.467
Locality eval: pred=n/a               gold=n/a  correct=True  running‐acc=0.933
[  16/600] loss=2.1110  pred=false  gold=n/a  running‐acc=0.438
Locality eval: pred=true              gold=true  correct=True  running‐acc=0.938
[  17/600] loss=1.8076  pred=true   gold=n/a  running‐acc=0.412
Locality eval: pred=true              gold=true  correct=True  running‐acc=0.941
[  18/600] loss=3.0562  pred=true   gold=true  running‐acc=0.444
Locality eval: pred=n/a               gold=n/a  correct=True  running‐acc=0.944
[  19/600] loss=4.0312  pred=true   gold=true  running‐acc=0.474
Locality eval: pred=n/a               gold=n/a  correct=True  running‐acc=0.947
[  20/600] loss=2.3661  pred=true   gold=n/a  running‐acc=0.450
Locality eval: pred=true              gold=true  correct=True  running‐acc=0.950
[  21/600] loss=1.8935  pred=n/a    gold=n/a  running‐acc=0.476
Locality eval: pred=true              gold=true  correct=True  running‐acc=0.952
[  22/600] loss=2.2842  pred=true   gold=n/a  running‐acc=0.455
Locality eval: pred=true              gold=true  correct=True  running‐acc=0.955
[  23/600] loss=2.3235  pred=false  gold=n/a  running‐acc=0.435
Locality eval: pred=n/a               gold=true  correct=False  running‐acc=0.913
[  24/600] loss=2.3396  pred=true   gold=n/a  running‐acc=0.417
Locality eval: pred=true              gold=true  correct=True  running‐acc=0.917
[  25/600] loss=5.7151  pred=true   gold=true  running‐acc=0.440
Locality eval: pred=n/a               gold=n/a  correct=True  running‐acc=0.920
[  26/600] loss=2.6002  pred=true   gold=n/a  running‐acc=0.423
Locality eval: pred=true              gold=true  correct=True  running‐acc=0.923
[  27/600] loss=2.2998  pred=       gold=n/a  running‐acc=0.407
Locality eval: pred=true              gold=true  correct=True  running‐acc=0.926
[  28/600] loss=2.0490  pred=n/a    gold=n/a  running‐acc=0.429
Locality eval: pred=true              gold=true  correct=True  running‐acc=0.929
[  29/600] loss=2.0988  pred=true   gold=n/a  running‐acc=0.414
Locality eval: pred=true              gold=true  correct=True  running‐acc=0.931
[  30/600] loss=2.0580  pred=true   gold=n/a  running‐acc=0.400
Locality eval: pred=true              gold=true  correct=True  running‐acc=0.933
[  31/600] loss=2.5002  pred=true   gold=true  running‐acc=0.419
Locality eval: pred=n/a               gold=n/a  correct=True  running‐acc=0.935
[  32/600] loss=2.2948  pred=true   gold=n/a  running‐acc=0.406
Locality eval: pred=true              gold=true  correct=True  running‐acc=0.938
[  33/600] loss=2.4413  pred=n/a    gold=n/a  running‐acc=0.424
Locality eval: pred=true              gold=true  correct=True  running‐acc=0.939
[  34/600] loss=2.2072  pred=n/a    gold=n/a  running‐acc=0.441
Locality eval: pred=true              gold=true  correct=True  running‐acc=0.941
[  35/600] loss=3.1072  pred=true   gold=true  running‐acc=0.457
Locality eval: pred=n/a               gold=n/a  correct=True  running‐acc=0.943
[  36/600] loss=2.2699  pred=n/a    gold=n/a  running‐acc=0.472
Locality eval: pred=true              gold=true  correct=True  running‐acc=0.944
[  37/600] loss=3.0466  pred=true   gold=true  running‐acc=0.486
Locality eval: pred=n/a               gold=n/a  correct=True  running‐acc=0.946
[  38/600] loss=2.3287  pred=n/a    gold=n/a  running‐acc=0.500
Locality eval: pred=true              gold=true  correct=True  running‐acc=0.947
[  39/600] loss=5.7078  pred=true   gold=true  running‐acc=0.513
Locality eval: pred=n/a               gold=n/a  correct=True  running‐acc=0.949
[  40/600] loss=2.9378  pred=n/a    gold=true  running‐acc=0.500
Locality eval: pred=n/a               gold=n/a  correct=True  running‐acc=0.950
[  41/600] loss=3.2905  pred=true   gold=true  running‐acc=0.512
Locality eval: pred=n/a               gold=n/a  correct=True  running‐acc=0.951
[  42/600] loss=2.4145  pred=n/a    gold=n/a  running‐acc=0.524
Locality eval: pred=true              gold=true  correct=True  running‐acc=0.952
[  43/600] loss=7.1583  pred=true   gold=true  running‐acc=0.535
Locality eval: pred=n/a               gold=n/a  correct=True  running‐acc=0.953
[  44/600] loss=2.3954  pred=n/a    gold=n/a  running‐acc=0.545
Locality eval: pred=true              gold=true  correct=True  running‐acc=0.955
[  45/600] loss=2.2281  pred=n/a    gold=n/a  running‐acc=0.556
Locality eval: pred=true              gold=true  correct=True  running‐acc=0.956
[  46/600] loss=5.4154  pred=true   gold=true  running‐acc=0.565
Locality eval: pred=n/a               gold=n/a  correct=True  running‐acc=0.957
[  47/600] loss=5.9710  pred=true   gold=true  running‐acc=0.574
Locality eval: pred=n/a               gold=n/a  correct=True  running‐acc=0.957
[  48/600] loss=1.9774  pred=       gold=n/a  running‐acc=0.562
Locality eval: pred=true              gold=true  correct=True  running‐acc=0.958
[  49/600] loss=2.9408  pred=       gold=true  running‐acc=0.551
Locality eval: pred=n/a               gold=n/a  correct=True  running‐acc=0.959
[  50/600] loss=2.6019  pred=n/a    gold=n/a  running‐acc=0.560
Locality eval: pred=n/a               gold=true  correct=False  running‐acc=0.940
[  51/600] loss=3.3063  pred=true   gold=true  running‐acc=0.569
Locality eval: pred=n/a               gold=n/a  correct=True  running‐acc=0.941
[  52/600] loss=3.1619  pred=true   gold=true  running‐acc=0.577
Locality eval: pred=n/a               gold=n/a  correct=True  running‐acc=0.942
[  53/600] loss=2.5667  pred=       gold=n/a  running‐acc=0.566
Locality eval: pred=n/a               gold=true  correct=False  running‐acc=0.925
[  54/600] loss=3.2162  pred=true   gold=true  running‐acc=0.574
Locality eval: pred=n/a               gold=n/a  correct=True  running‐acc=0.926
[  55/600] loss=2.2313  pred=n/a    gold=n/a  running‐acc=0.582
Locality eval: pred=true              gold=true  correct=True  running‐acc=0.927
[  56/600] loss=2.3435  pred=true   gold=n/a  running‐acc=0.571
Locality eval: pred=true              gold=true  correct=True  running‐acc=0.929
[  57/600] loss=3.2075  pred=true   gold=true  running‐acc=0.579
Locality eval: pred=n/a               gold=n/a  correct=True  running‐acc=0.930
[  58/600] loss=3.2188  pred=true   gold=true  running‐acc=0.586
Locality eval: pred=n/a               gold=n/a  correct=True  running‐acc=0.931
[  59/600] loss=3.2216  pred=n/a    gold=true  running‐acc=0.576
Locality eval: pred=n/a               gold=n/a  correct=True  running‐acc=0.932
[  60/600] loss=6.6877  pred=true   gold=true  running‐acc=0.583
Locality eval: pred=n/a               gold=n/a  correct=True  running‐acc=0.933
[  61/600] loss=4.7017  pred=true   gold=true  running‐acc=0.590
Locality eval: pred=n/a               gold=n/a  correct=True  running‐acc=0.934
[  62/600] loss=2.8190  pred=n/a    gold=true  running‐acc=0.581
Locality eval: pred=n/a               gold=n/a  correct=True  running‐acc=0.935
[  63/600] loss=2.2765  pred=       gold=n/a  running‐acc=0.571
Locality eval: pred=true              gold=true  correct=True  running‐acc=0.937
[  64/600] loss=2.3359  pred=       gold=n/a  running‐acc=0.562
Locality eval: pred=n/a               gold=true  correct=False  running‐acc=0.922
[  65/600] loss=2.2887  pred=n/a    gold=n/a  running‐acc=0.569
Locality eval: pred=true              gold=true  correct=True  running‐acc=0.923
[  66/600] loss=3.0987  pred=true   gold=true  running‐acc=0.576
Locality eval: pred=n/a               gold=n/a  correct=True  running‐acc=0.924
[  67/600] loss=3.2671  pred=true   gold=true  running‐acc=0.582
Locality eval: pred=n/a               gold=n/a  correct=True  running‐acc=0.925
[  68/600] loss=3.0569  pred=true   gold=true  running‐acc=0.588
Locality eval: pred=n/a               gold=n/a  correct=True  running‐acc=0.926
[  69/600] loss=2.3100  pred=n/a    gold=n/a  running‐acc=0.594
Locality eval: pred=                  gold=true  correct=False  running‐acc=0.913
[  70/600] loss=2.4232  pred=false  gold=n/a  running‐acc=0.586
Locality eval: pred=true              gold=true  correct=True  running‐acc=0.914
[  71/600] loss=2.2407  pred=true   gold=n/a  running‐acc=0.577
Locality eval: pred=true              gold=true  correct=True  running‐acc=0.915
[  72/600] loss=2.2051  pred=false  gold=n/a  running‐acc=0.569
Locality eval: pred=true              gold=true  correct=True  running‐acc=0.917
[  73/600] loss=3.3953  pred=true   gold=true  running‐acc=0.575
Locality eval: pred=n/a               gold=n/a  correct=True  running‐acc=0.918
[  74/600] loss=2.2252  pred=true   gold=n/a  running‐acc=0.568
Locality eval: pred=n/a               gold=true  correct=False  running‐acc=0.905
[  75/600] loss=2.6094  pred=n/a    gold=n/a  running‐acc=0.573
Locality eval: pred=true              gold=true  correct=True  running‐acc=0.907
[  76/600] loss=4.3625  pred=true   gold=true  running‐acc=0.579
Locality eval: pred=true              gold=n/a  correct=False  running‐acc=0.895
[  77/600] loss=3.3874  pred=true   gold=true  running‐acc=0.584
Locality eval: pred=n/a               gold=n/a  correct=True  running‐acc=0.896
[  78/600] loss=2.1862  pred=true   gold=n/a  running‐acc=0.577
Locality eval: pred=true              gold=true  correct=True  running‐acc=0.897
[  79/600] loss=2.7938  pred=true   gold=true  running‐acc=0.582
Locality eval: pred=n/a               gold=n/a  correct=True  running‐acc=0.899
[  80/600] loss=2.1508  pred=n/a    gold=n/a  running‐acc=0.588
Locality eval: pred=true              gold=true  correct=True  running‐acc=0.900
[  81/600] loss=2.5697  pred=true   gold=n/a  running‐acc=0.580
Locality eval: pred=true              gold=true  correct=True  running‐acc=0.901
[  82/600] loss=3.5241  pred=true   gold=true  running‐acc=0.585
Locality eval: pred=n/a               gold=n/a  correct=True  running‐acc=0.902
[  83/600] loss=2.5930  pred=false  gold=n/a  running‐acc=0.578
Locality eval: pred=true              gold=true  correct=True  running‐acc=0.904
[  84/600] loss=2.9534  pred=true   gold=true  running‐acc=0.583
Locality eval: pred=n/a               gold=n/a  correct=True  running‐acc=0.905
[  85/600] loss=2.1970  pred=       gold=n/a  running‐acc=0.576
Locality eval: pred=true              gold=true  correct=True  running‐acc=0.906
[  86/600] loss=2.3133  pred=n/a    gold=n/a  running‐acc=0.581
Locality eval: pred=n/a               gold=true  correct=False  running‐acc=0.895
[  87/600] loss=2.3981  pred=n/a    gold=n/a  running‐acc=0.586
Locality eval: pred=true              gold=true  correct=True  running‐acc=0.897
[  88/600] loss=5.3278  pred=true   gold=true  running‐acc=0.591
Locality eval: pred=                  gold=n/a  correct=False  running‐acc=0.886
[  89/600] loss=3.4951  pred=n/a    gold=true  running‐acc=0.584
Locality eval: pred=n/a               gold=n/a  correct=True  running‐acc=0.888
[  90/600] loss=2.7562  pred=false  gold=n/a  running‐acc=0.578
Locality eval: pred=n/a               gold=true  correct=False  running‐acc=0.878
[  91/600] loss=2.9254  pred=n/a    gold=n/a  running‐acc=0.582
Locality eval: pred=true              gold=true  correct=True  running‐acc=0.879
[  92/600] loss=3.2413  pred=true   gold=true  running‐acc=0.587
Locality eval: pred=n/a               gold=n/a  correct=True  running‐acc=0.880
[  93/600] loss=2.3663  pred=n/a    gold=n/a  running‐acc=0.591
Locality eval: pred=true              gold=true  correct=True  running‐acc=0.882
[  94/600] loss=2.0145  pred=       gold=n/a  running‐acc=0.585
Locality eval: pred=true              gold=true  correct=True  running‐acc=0.883
[  95/600] loss=3.1961  pred=true   gold=true  running‐acc=0.589
Locality eval: pred=n/a               gold=n/a  correct=True  running‐acc=0.884
[  96/600] loss=2.1738  pred=n/a    gold=n/a  running‐acc=0.594
Locality eval: pred=true              gold=true  correct=True  running‐acc=0.885
[  97/600] loss=2.9925  pred=n/a    gold=n/a  running‐acc=0.598
Locality eval: pred=true              gold=true  correct=True  running‐acc=0.887
[  98/600] loss=2.1998  pred=n/a    gold=n/a  running‐acc=0.602
Locality eval: pred=true              gold=true  correct=True  running‐acc=0.888
[  99/600] loss=3.3703  pred=true   gold=true  running‐acc=0.606
Locality eval: pred=n/a               gold=n/a  correct=True  running‐acc=0.889
[ 100/600] loss=3.0255  pred=true   gold=true  running‐acc=0.610
Locality eval: pred=n/a               gold=n/a  correct=True  running‐acc=0.890
[ 101/600] loss=2.0389  pred=true   gold=n/a  running‐acc=0.604
Locality eval: pred=true              gold=true  correct=True  running‐acc=0.891
[ 102/600] loss=3.2671  pred=n/a    gold=true  running‐acc=0.598
Locality eval: pred=n/a               gold=n/a  correct=True  running‐acc=0.892
[ 103/600] loss=2.1503  pred=n/a    gold=n/a  running‐acc=0.602
Locality eval: pred=true              gold=true  correct=True  running‐acc=0.893
[ 104/600] loss=2.9606  pred=n/a    gold=true  running‐acc=0.596
Locality eval: pred=n/a               gold=n/a  correct=True  running‐acc=0.894
[ 105/600] loss=7.1604  pred=true   gold=true  running‐acc=0.600
Locality eval: pred=true              gold=n/a  correct=False  running‐acc=0.886
[ 106/600] loss=5.6914  pred=true   gold=true  running‐acc=0.604
Locality eval: pred=n/a               gold=n/a  correct=True  running‐acc=0.887
[ 107/600] loss=5.7437  pred=true   gold=true  running‐acc=0.607
Locality eval: pred=n/a               gold=n/a  correct=True  running‐acc=0.888
[ 108/600] loss=3.3277  pred=**true,  gold=true  running‐acc=0.611
Locality eval: pred=n/a               gold=n/a  correct=True  running‐acc=0.889
[ 109/600] loss=4.1096  pred=true   gold=true  running‐acc=0.615
Locality eval: pred=n/a               gold=n/a  correct=True  running‐acc=0.890
[ 110/600] loss=6.4834  pred=true   gold=true  running‐acc=0.618
Locality eval: pred=n/a               gold=n/a  correct=True  running‐acc=0.891
[ 111/600] loss=7.4071  pred=true   gold=true  running‐acc=0.622
Locality eval: pred=n/a               gold=n/a  correct=True  running‐acc=0.892
[ 112/600] loss=3.2681  pred=true   gold=true  running‐acc=0.625
Locality eval: pred=n/a               gold=n/a  correct=True  running‐acc=0.893
[ 113/600] loss=2.7310  pred=n/a    gold=n/a  running‐acc=0.628
Locality eval: pred=true              gold=true  correct=True  running‐acc=0.894
[ 114/600] loss=2.1541  pred=n/a    gold=n/a  running‐acc=0.632
Locality eval: pred=true              gold=true  correct=True  running‐acc=0.895
[ 115/600] loss=2.2493  pred=true   gold=n/a  running‐acc=0.626
Locality eval: pred=true              gold=true  correct=True  running‐acc=0.896
[ 116/600] loss=3.4954  pred=true   gold=true  running‐acc=0.629
Locality eval: pred=n/a               gold=n/a  correct=True  running‐acc=0.897
[ 117/600] loss=2.1909  pred=n/a    gold=n/a  running‐acc=0.632
Locality eval: pred=n/a               gold=true  correct=False  running‐acc=0.889
[ 118/600] loss=2.5233  pred=true   gold=n/a  running‐acc=0.627
Locality eval: pred=true              gold=true  correct=True  running‐acc=0.890
[ 119/600] loss=2.3200  pred=n/a    gold=n/a  running‐acc=0.630
Locality eval: pred=true              gold=true  correct=True  running‐acc=0.891
[ 120/600] loss=2.2424  pred=n/a    gold=n/a  running‐acc=0.633
Locality eval: pred=true              gold=true  correct=True  running‐acc=0.892
[ 121/600] loss=8.3962  pred=true   gold=true  running‐acc=0.636
Locality eval: pred=n/a               gold=n/a  correct=True  running‐acc=0.893
[ 122/600] loss=3.5393  pred=n/a    gold=true  running‐acc=0.631
Locality eval: pred=false             gold=n/a  correct=False  running‐acc=0.885
[ 123/600] loss=2.2182  pred=       gold=n/a  running‐acc=0.626
Locality eval: pred=true              gold=true  correct=True  running‐acc=0.886
[ 124/600] loss=2.3808  pred=true,  gold=n/a  running‐acc=0.621
Locality eval: pred=true              gold=true  correct=True  running‐acc=0.887
[ 125/600] loss=2.7971  pred=true   gold=n/a  running‐acc=0.616
Locality eval: pred=true              gold=true  correct=True  running‐acc=0.888
[ 126/600] loss=3.1118  pred=true   gold=true  running‐acc=0.619
Locality eval: pred=n/a               gold=n/a  correct=True  running‐acc=0.889
[ 127/600] loss=3.2429  pred=true   gold=true  running‐acc=0.622
Locality eval: pred=n/a               gold=n/a  correct=True  running‐acc=0.890
[ 128/600] loss=2.4472  pred=n/a    gold=n/a  running‐acc=0.625
Locality eval: pred=true              gold=true  correct=True  running‐acc=0.891
[ 129/600] loss=6.9825  pred=n/a    gold=true  running‐acc=0.620
Locality eval: pred=n/a               gold=n/a  correct=True  running‐acc=0.891
[ 130/600] loss=2.0514  pred=false  gold=n/a  running‐acc=0.615
Locality eval: pred=true              gold=true  correct=True  running‐acc=0.892
[ 131/600] loss=3.0221  pred=true   gold=true  running‐acc=0.618
Locality eval: pred=n/a               gold=n/a  correct=True  running‐acc=0.893
[ 132/600] loss=2.1413  pred=       gold=n/a  running‐acc=0.614
Locality eval: pred=true              gold=true  correct=True  running‐acc=0.894
[ 133/600] loss=2.6110  pred=       gold=n/a  running‐acc=0.609
Locality eval: pred=true              gold=true  correct=True  running‐acc=0.895
[ 134/600] loss=3.3152  pred=true   gold=true  running‐acc=0.612
Locality eval: pred=n/a               gold=n/a  correct=True  running‐acc=0.896
[ 135/600] loss=2.8944  pred=true   gold=true  running‐acc=0.615
Locality eval: pred=n/a               gold=n/a  correct=True  running‐acc=0.896
[ 136/600] loss=2.3357  pred=       gold=n/a  running‐acc=0.610
Locality eval: pred=n/a               gold=true  correct=False  running‐acc=0.890
[ 137/600] loss=3.2103  pred=true   gold=true  running‐acc=0.613
Locality eval: pred=n/a               gold=n/a  correct=True  running‐acc=0.891
[ 138/600] loss=6.2387  pred=true   gold=true  running‐acc=0.616
Locality eval: pred=true              gold=n/a  correct=False  running‐acc=0.884
[ 139/600] loss=1.7769  pred=n/a    gold=n/a  running‐acc=0.619
Locality eval: pred=true              gold=true  correct=True  running‐acc=0.885
[ 140/600] loss=2.3813  pred=n/a    gold=n/a  running‐acc=0.621
Locality eval: pred=                  gold=true  correct=False  running‐acc=0.879
[ 141/600] loss=2.6213  pred=false  gold=n/a  running‐acc=0.617
Locality eval: pred=true              gold=true  correct=True  running‐acc=0.879
[ 142/600] loss=2.2527  pred=       gold=n/a  running‐acc=0.613
Locality eval: pred=true              gold=true  correct=True  running‐acc=0.880
[ 143/600] loss=3.3277  pred=true   gold=true  running‐acc=0.615
Locality eval: pred=n/a               gold=n/a  correct=True  running‐acc=0.881
[ 144/600] loss=3.4597  pred=true   gold=true  running‐acc=0.618
Locality eval: pred=n/a               gold=n/a  correct=True  running‐acc=0.882
[ 145/600] loss=3.1732  pred=true   gold=true  running‐acc=0.621
Locality eval: pred=n/a               gold=n/a  correct=True  running‐acc=0.883
[ 146/600] loss=8.2796  pred=true   gold=true  running‐acc=0.623
Locality eval: pred=n/a               gold=n/a  correct=True  running‐acc=0.884
[ 147/600] loss=1.8496  pred=false  gold=n/a  running‐acc=0.619
Locality eval: pred=true              gold=true  correct=True  running‐acc=0.884
[ 148/600] loss=3.4260  pred=true   gold=true  running‐acc=0.622
Locality eval: pred=n/a               gold=n/a  correct=True  running‐acc=0.885
[ 149/600] loss=2.7701  pred=false  gold=n/a  running‐acc=0.617
Locality eval: pred=true              gold=true  correct=True  running‐acc=0.886
[ 150/600] loss=2.8779  pred=n/a    gold=n/a  running‐acc=0.620
Locality eval: pred=true              gold=true  correct=True  running‐acc=0.887
[ 151/600] loss=2.9879  pred=true   gold=true  running‐acc=0.623
Locality eval: pred=n/a               gold=n/a  correct=True  running‐acc=0.887
[ 152/600] loss=3.3273  pred=true   gold=true  running‐acc=0.625
Locality eval: pred=n/a               gold=n/a  correct=True  running‐acc=0.888
[ 153/600] loss=2.1332  pred=n/a    gold=n/a  running‐acc=0.627
Locality eval: pred=true              gold=true  correct=True  running‐acc=0.889
[ 154/600] loss=2.0779  pred=true   gold=n/a  running‐acc=0.623
Locality eval: pred=true              gold=true  correct=True  running‐acc=0.890
[ 155/600] loss=3.1255  pred=true   gold=true  running‐acc=0.626
Locality eval: pred=n/a               gold=n/a  correct=True  running‐acc=0.890
[ 156/600] loss=2.2641  pred=n/a    gold=n/a  running‐acc=0.628
Locality eval: pred=n/a               gold=true  correct=False  running‐acc=0.885
[ 157/600] loss=3.3893  pred=true   gold=true  running‐acc=0.631
Locality eval: pred=n/a               gold=n/a  correct=True  running‐acc=0.885
[ 158/600] loss=2.2036  pred=n/a    gold=n/a  running‐acc=0.633
Locality eval: pred=n/a               gold=true  correct=False  running‐acc=0.880
[ 159/600] loss=2.2524  pred=n/a    gold=n/a  running‐acc=0.635
Locality eval: pred=true              gold=true  correct=True  running‐acc=0.881
[ 160/600] loss=2.2857  pred=n/a    gold=n/a  running‐acc=0.637
Locality eval: pred=true              gold=true  correct=True  running‐acc=0.881
[ 161/600] loss=5.5299  pred=true   gold=true  running‐acc=0.640
Locality eval: pred=true              gold=n/a  correct=False  running‐acc=0.876
[ 162/600] loss=4.2850  pred=false  gold=n/a  running‐acc=0.636
Locality eval: pred=true              gold=true  correct=True  running‐acc=0.877
[ 163/600] loss=2.3692  pred=n/a    gold=n/a  running‐acc=0.638
Locality eval: pred=true              gold=true  correct=True  running‐acc=0.877
[ 164/600] loss=2.2016  pred=true   gold=n/a  running‐acc=0.634
Locality eval: pred=true              gold=true  correct=True  running‐acc=0.878
[ 165/600] loss=3.0582  pred=true   gold=true  running‐acc=0.636
Locality eval: pred=n/a               gold=n/a  correct=True  running‐acc=0.879
[ 166/600] loss=3.6958  pred=true   gold=true  running‐acc=0.639
Locality eval: pred=n/a               gold=n/a  correct=True  running‐acc=0.880
[ 167/600] loss=2.3389  pred=n/a    gold=n/a  running‐acc=0.641
Locality eval: pred=true              gold=true  correct=True  running‐acc=0.880
[ 168/600] loss=2.7065  pred=true   gold=true  running‐acc=0.643
Locality eval: pred=n/a               gold=n/a  correct=True  running‐acc=0.881
[ 169/600] loss=2.1430  pred=true,  gold=n/a  running‐acc=0.639
Locality eval: pred=true              gold=true  correct=True  running‐acc=0.882
[ 170/600] loss=2.1451  pred=n/a    gold=n/a  running‐acc=0.641
Locality eval: pred=true              gold=true  correct=True  running‐acc=0.882
[ 171/600] loss=2.6563  pred=n/a    gold=n/a  running‐acc=0.643
Locality eval: pred=false             gold=true  correct=False  running‐acc=0.877
[ 172/600] loss=3.1783  pred=true   gold=true  running‐acc=0.645
Locality eval: pred=n/a               gold=n/a  correct=True  running‐acc=0.878
[ 173/600] loss=2.1725  pred=false  gold=n/a  running‐acc=0.642
Locality eval: pred=true              gold=true  correct=True  running‐acc=0.879
[ 174/600] loss=3.6856  pred=true   gold=true  running‐acc=0.644
Locality eval: pred=n/a               gold=n/a  correct=True  running‐acc=0.879
[ 175/600] loss=3.1986  pred=true   gold=true  running‐acc=0.646
Locality eval: pred=n/a               gold=n/a  correct=True  running‐acc=0.880
[ 176/600] loss=2.9113  pred=true   gold=n/a  running‐acc=0.642
Locality eval: pred=true              gold=true  correct=True  running‐acc=0.881
[ 177/600] loss=7.6312  pred=true   gold=true  running‐acc=0.644
Locality eval: pred=n/a               gold=n/a  correct=True  running‐acc=0.881
[ 178/600] loss=2.2761  pred=n/a    gold=n/a  running‐acc=0.646
Locality eval: pred=                  gold=true  correct=False  running‐acc=0.876
[ 179/600] loss=1.9108  pred=n/a    gold=n/a  running‐acc=0.648
Locality eval: pred=n/a               gold=true  correct=False  running‐acc=0.872
[ 180/600] loss=3.5726  pred=true   gold=true  running‐acc=0.650
Locality eval: pred=n/a               gold=n/a  correct=True  running‐acc=0.872
[ 181/600] loss=2.3221  pred=       gold=n/a  running‐acc=0.646
Locality eval: pred=true              gold=true  correct=True  running‐acc=0.873
[ 182/600] loss=1.9280  pred=n/a    gold=n/a  running‐acc=0.648
Locality eval: pred=true              gold=true  correct=True  running‐acc=0.874
[ 183/600] loss=2.9415  pred=true   gold=true  running‐acc=0.650
Locality eval: pred=n/a               gold=n/a  correct=True  running‐acc=0.874
[ 184/600] loss=5.7014  pred=true   gold=true  running‐acc=0.652
Locality eval: pred=n/a               gold=n/a  correct=True  running‐acc=0.875
[ 185/600] loss=3.2004  pred=true   gold=true  running‐acc=0.654
Locality eval: pred=n/a               gold=n/a  correct=True  running‐acc=0.876
[ 186/600] loss=3.2019  pred=true   gold=true  running‐acc=0.656
Locality eval: pred=n/a               gold=n/a  correct=True  running‐acc=0.876
[ 187/600] loss=2.3196  pred=n/a    gold=n/a  running‐acc=0.658
Locality eval: pred=true              gold=true  correct=True  running‐acc=0.877
[ 188/600] loss=2.2147  pred=n/a    gold=n/a  running‐acc=0.660
Locality eval: pred=true              gold=true  correct=True  running‐acc=0.878
[ 189/600] loss=2.9499  pred=true   gold=true  running‐acc=0.661
Locality eval: pred=n/a               gold=n/a  correct=True  running‐acc=0.878
[ 190/600] loss=2.4473  pred=n/a    gold=n/a  running‐acc=0.663
Locality eval: pred=n/a               gold=true  correct=False  running‐acc=0.874
[ 191/600] loss=2.1463  pred=n/a    gold=n/a  running‐acc=0.665
Locality eval: pred=true              gold=true  correct=True  running‐acc=0.874
[ 192/600] loss=2.4671  pred=true   gold=n/a  running‐acc=0.661
Locality eval: pred=true              gold=true  correct=True  running‐acc=0.875
[ 193/600] loss=3.1931  pred=true   gold=true  running‐acc=0.663
Locality eval: pred=n/a               gold=n/a  correct=True  running‐acc=0.876
[ 194/600] loss=2.9617  pred=n/a    gold=true  running‐acc=0.660
Locality eval: pred=n/a               gold=n/a  correct=True  running‐acc=0.876
[ 195/600] loss=3.1093  pred=true   gold=true  running‐acc=0.662
Locality eval: pred=n/a               gold=n/a  correct=True  running‐acc=0.877
[ 196/600] loss=3.0587  pred=false  gold=true  running‐acc=0.658
Locality eval: pred=n/a               gold=n/a  correct=True  running‐acc=0.878
[ 197/600] loss=3.0238  pred=true   gold=true  running‐acc=0.660
Locality eval: pred=n/a               gold=n/a  correct=True  running‐acc=0.878
[ 198/600] loss=2.4324  pred=n/a    gold=n/a  running‐acc=0.662
Locality eval: pred=true              gold=true  correct=True  running‐acc=0.879
[ 199/600] loss=3.4120  pred=true   gold=true  running‐acc=0.663
Locality eval: pred=n/a               gold=n/a  correct=True  running‐acc=0.879
[ 200/600] loss=3.0286  pred=true   gold=true  running‐acc=0.665
Locality eval: pred=n/a               gold=n/a  correct=True  running‐acc=0.880
[ 201/600] loss=2.4732  pred=true   gold=n/a  running‐acc=0.662
Locality eval: pred=true              gold=true  correct=True  running‐acc=0.881
[ 202/600] loss=2.3455  pred=true,  gold=n/a  running‐acc=0.658
Locality eval: pred=true              gold=true  correct=True  running‐acc=0.881
[ 203/600] loss=3.7817  pred=       gold=true  running‐acc=0.655
Locality eval: pred=true              gold=n/a  correct=False  running‐acc=0.877
[ 204/600] loss=2.8054  pred=true   gold=n/a  running‐acc=0.652
Locality eval: pred=true              gold=true  correct=True  running‐acc=0.877
[ 205/600] loss=4.4173  pred=true   gold=true  running‐acc=0.654
Locality eval: pred=n/a               gold=n/a  correct=True  running‐acc=0.878
[ 206/600] loss=2.1803  pred=       gold=n/a  running‐acc=0.650
Locality eval: pred=                  gold=true  correct=False  running‐acc=0.874
[ 207/600] loss=2.2161  pred=n/a    gold=n/a  running‐acc=0.652
Locality eval: pred=true              gold=true  correct=True  running‐acc=0.874
[ 208/600] loss=3.4322  pred=true   gold=true  running‐acc=0.654
Locality eval: pred=n/a               gold=n/a  correct=True  running‐acc=0.875
[ 209/600] loss=2.1864  pred=false  gold=n/a  running‐acc=0.651
Locality eval: pred=true              gold=true  correct=True  running‐acc=0.876
[ 210/600] loss=2.3344  pred=true   gold=n/a  running‐acc=0.648
Locality eval: pred=true              gold=true  correct=True  running‐acc=0.876
[ 211/600] loss=3.4714  pred=true   gold=true  running‐acc=0.649
Locality eval: pred=n/a               gold=n/a  correct=True  running‐acc=0.877
[ 212/600] loss=2.0043  pred=true   gold=n/a  running‐acc=0.646
Locality eval: pred=true              gold=true  correct=True  running‐acc=0.877
[ 213/600] loss=3.8313  pred=true   gold=true  running‐acc=0.648
Locality eval: pred=true              gold=n/a  correct=False  running‐acc=0.873
[ 214/600] loss=2.2978  pred=true   gold=n/a  running‐acc=0.645
Locality eval: pred=true              gold=true  correct=True  running‐acc=0.874
[ 215/600] loss=2.9672  pred=       gold=true  running‐acc=0.642
Locality eval: pred=n/a               gold=n/a  correct=True  running‐acc=0.874
[ 216/600] loss=2.0507  pred=false  gold=n/a  running‐acc=0.639
Locality eval: pred=true              gold=true  correct=True  running‐acc=0.875
[ 217/600] loss=3.5666  pred=true   gold=true  running‐acc=0.641
Locality eval: pred=n/a               gold=n/a  correct=True  running‐acc=0.876
[ 218/600] loss=2.6090  pred=n/a    gold=n/a  running‐acc=0.642
Locality eval: pred=true              gold=true  correct=True  running‐acc=0.876
[ 219/600] loss=2.9720  pred=true   gold=true  running‐acc=0.644
Locality eval: pred=n/a               gold=n/a  correct=True  running‐acc=0.877
[ 220/600] loss=2.0365  pred=n/a    gold=n/a  running‐acc=0.645
Locality eval: pred=true              gold=true  correct=True  running‐acc=0.877
[ 221/600] loss=2.1610  pred=true   gold=n/a  running‐acc=0.643
Locality eval: pred=true              gold=true  correct=True  running‐acc=0.878
[ 222/600] loss=3.2802  pred=true   gold=n/a  running‐acc=0.640
Locality eval: pred=true              gold=true  correct=True  running‐acc=0.878
[ 223/600] loss=2.4629  pred=false  gold=n/a  running‐acc=0.637
Locality eval: pred=true              gold=true  correct=True  running‐acc=0.879
[ 224/600] loss=2.2708  pred=true   gold=n/a  running‐acc=0.634
Locality eval: pred=true              gold=true  correct=True  running‐acc=0.879
[ 225/600] loss=2.0754  pred=n/a    gold=n/a  running‐acc=0.636
Locality eval: pred=true              gold=true  correct=True  running‐acc=0.880
[ 226/600] loss=3.0298  pred=true   gold=true  running‐acc=0.637
Locality eval: pred=n/a               gold=n/a  correct=True  running‐acc=0.881
[ 227/600] loss=2.9910  pred=true   gold=n/a  running‐acc=0.634
Locality eval: pred=true              gold=true  correct=True  running‐acc=0.881
[ 228/600] loss=2.4332  pred=n/a    gold=n/a  running‐acc=0.636
Locality eval: pred=true              gold=true  correct=True  running‐acc=0.882
[ 229/600] loss=2.4804  pred=       gold=n/a  running‐acc=0.633
Locality eval: pred=true              gold=true  correct=True  running‐acc=0.882
[ 230/600] loss=2.2357  pred=n/a    gold=n/a  running‐acc=0.635
Locality eval: pred=true              gold=true  correct=True  running‐acc=0.883
[ 231/600] loss=2.0439  pred=n/a    gold=n/a  running‐acc=0.636
Locality eval: pred=true              gold=true  correct=True  running‐acc=0.883
[ 232/600] loss=2.1454  pred=n/a    gold=n/a  running‐acc=0.638
Locality eval: pred=true              gold=true  correct=True  running‐acc=0.884
[ 233/600] loss=3.3075  pred=true   gold=true  running‐acc=0.639
Locality eval: pred=n/a               gold=n/a  correct=True  running‐acc=0.884
[ 234/600] loss=3.3779  pred=n/a    gold=true  running‐acc=0.637
Locality eval: pred=n/a               gold=n/a  correct=True  running‐acc=0.885
[ 235/600] loss=2.8618  pred=n/a    gold=n/a  running‐acc=0.638
Locality eval: pred=true              gold=true  correct=True  running‐acc=0.885
[ 236/600] loss=2.0779  pred=n/a    gold=n/a  running‐acc=0.640
Locality eval: pred=true              gold=true  correct=True  running‐acc=0.886
[ 237/600] loss=3.9905  pred=true   gold=true  running‐acc=0.641
Locality eval: pred=n/a               gold=n/a  correct=True  running‐acc=0.886
[ 238/600] loss=2.3273  pred=       gold=n/a  running‐acc=0.639
Locality eval: pred=true              gold=true  correct=True  running‐acc=0.887
[ 239/600] loss=2.1813  pred=n/a    gold=n/a  running‐acc=0.640
Locality eval: pred=true              gold=true  correct=True  running‐acc=0.887
[ 240/600] loss=3.4844  pred=false  gold=true  running‐acc=0.637
Locality eval: pred=n/a               gold=n/a  correct=True  running‐acc=0.887
[ 241/600] loss=3.2261  pred=true   gold=n/a  running‐acc=0.635
Locality eval: pred=true              gold=true  correct=True  running‐acc=0.888
[ 242/600] loss=2.4254  pred=       gold=n/a  running‐acc=0.632
Locality eval: pred=true              gold=true  correct=True  running‐acc=0.888
[ 243/600] loss=1.9574  pred=true   gold=n/a  running‐acc=0.630
Locality eval: pred=true              gold=true  correct=True  running‐acc=0.889
[ 244/600] loss=2.7132  pred=true   gold=true  running‐acc=0.631
Locality eval: pred=n/a               gold=n/a  correct=True  running‐acc=0.889
[ 245/600] loss=4.1167  pred=n/a    gold=true  running‐acc=0.629
Locality eval: pred=n/a               gold=n/a  correct=True  running‐acc=0.890
[ 246/600] loss=2.9959  pred=true   gold=true  running‐acc=0.630
Locality eval: pred=n/a               gold=n/a  correct=True  running‐acc=0.890
[ 247/600] loss=3.1087  pred=true   gold=true  running‐acc=0.632
Locality eval: pred=n/a               gold=n/a  correct=True  running‐acc=0.891
[ 248/600] loss=3.6090  pred=true   gold=true  running‐acc=0.633
Locality eval: pred=n/a               gold=n/a  correct=True  running‐acc=0.891
[ 249/600] loss=2.1581  pred=n/a    gold=n/a  running‐acc=0.635
Locality eval: pred=true              gold=true  correct=True  running‐acc=0.892
[ 250/600] loss=3.1700  pred=true   gold=true  running‐acc=0.636
Locality eval: pred=n/a               gold=n/a  correct=True  running‐acc=0.892
[ 251/600] loss=2.1643  pred=n/a    gold=n/a  running‐acc=0.637
Locality eval: pred=true              gold=true  correct=True  running‐acc=0.892
[ 252/600] loss=2.5383  pred=       gold=n/a  running‐acc=0.635
Locality eval: pred=true              gold=true  correct=True  running‐acc=0.893
[ 253/600] loss=3.1334  pred=true   gold=true  running‐acc=0.636
Locality eval: pred=n/a               gold=n/a  correct=True  running‐acc=0.893
[ 254/600] loss=3.5395  pred=true   gold=true  running‐acc=0.638
Locality eval: pred=n/a               gold=n/a  correct=True  running‐acc=0.894
[ 255/600] loss=2.2405  pred=true   gold=n/a  running‐acc=0.635
Locality eval: pred=true              gold=true  correct=True  running‐acc=0.894
[ 256/600] loss=2.4389  pred=false  gold=n/a  running‐acc=0.633
Locality eval: pred=**true**          gold=true  correct=True  running‐acc=0.895
[ 257/600] loss=2.1498  pred=n/a    gold=n/a  running‐acc=0.634
Locality eval: pred=true              gold=true  correct=True  running‐acc=0.895
[ 258/600] loss=2.1682  pred=n/a    gold=n/a  running‐acc=0.636
Locality eval: pred=true              gold=true  correct=True  running‐acc=0.895
[ 259/600] loss=2.8530  pred=       gold=true  running‐acc=0.633
Locality eval: pred=n/a               gold=n/a  correct=True  running‐acc=0.896
[ 260/600] loss=3.0034  pred=true   gold=true  running‐acc=0.635
Locality eval: pred=n/a               gold=n/a  correct=True  running‐acc=0.896
[ 261/600] loss=3.2781  pred=true   gold=true  running‐acc=0.636
Locality eval: pred=n/a               gold=n/a  correct=True  running‐acc=0.897
[ 262/600] loss=3.0698  pred=true   gold=true  running‐acc=0.637
Locality eval: pred=n/a               gold=n/a  correct=True  running‐acc=0.897
[ 263/600] loss=2.2740  pred=n/a    gold=n/a  running‐acc=0.639
Locality eval: pred=                  gold=true  correct=False  running‐acc=0.894
[ 264/600] loss=2.1966  pred=n/a    gold=n/a  running‐acc=0.640
Locality eval: pred=true              gold=true  correct=True  running‐acc=0.894
[ 265/600] loss=3.5485  pred=true   gold=true  running‐acc=0.642
Locality eval: pred=n/a               gold=n/a  correct=True  running‐acc=0.894
[ 266/600] loss=2.2309  pred=true   gold=n/a  running‐acc=0.639
Locality eval: pred=true              gold=true  correct=True  running‐acc=0.895
[ 267/600] loss=2.3114  pred=n/a    gold=n/a  running‐acc=0.640
Locality eval: pred=true              gold=true  correct=True  running‐acc=0.895
[ 268/600] loss=2.9226  pred=true   gold=true  running‐acc=0.642
Locality eval: pred=n/a               gold=n/a  correct=True  running‐acc=0.896
[ 269/600] loss=2.7701  pred=n/a    gold=n/a  running‐acc=0.643
Locality eval: pred=true              gold=true  correct=True  running‐acc=0.896
[ 270/600] loss=3.2433  pred=true   gold=true  running‐acc=0.644
Locality eval: pred=n/a               gold=n/a  correct=True  running‐acc=0.896
[ 271/600] loss=2.2432  pred=n/a    gold=n/a  running‐acc=0.646
Locality eval: pred=true              gold=true  correct=True  running‐acc=0.897
[ 272/600] loss=3.0217  pred=true   gold=true  running‐acc=0.647
Locality eval: pred=n/a               gold=n/a  correct=True  running‐acc=0.897
[ 273/600] loss=2.1929  pred=n/a    gold=n/a  running‐acc=0.648
Locality eval: pred=true              gold=true  correct=True  running‐acc=0.897
[ 274/600] loss=2.2620  pred=       gold=n/a  running‐acc=0.646
Locality eval: pred=true              gold=true  correct=True  running‐acc=0.898
[ 275/600] loss=3.1789  pred=       gold=true  running‐acc=0.644
Locality eval: pred=true              gold=n/a  correct=False  running‐acc=0.895
[ 276/600] loss=2.1101  pred=n/a    gold=n/a  running‐acc=0.645
Locality eval: pred=true              gold=true  correct=True  running‐acc=0.895
[ 277/600] loss=3.2230  pred=true   gold=true  running‐acc=0.646
Locality eval: pred=n/a               gold=n/a  correct=True  running‐acc=0.895
[ 278/600] loss=2.3849  pred=n/a    gold=n/a  running‐acc=0.647
Locality eval: pred=true              gold=true  correct=True  running‐acc=0.896
[ 279/600] loss=3.0728  pred=true   gold=true  running‐acc=0.649
Locality eval: pred=n/a               gold=n/a  correct=True  running‐acc=0.896
[ 280/600] loss=2.3004  pred=n/a    gold=n/a  running‐acc=0.650
Locality eval: pred=true              gold=true  correct=True  running‐acc=0.896
[ 281/600] loss=3.0041  pred=true   gold=true  running‐acc=0.651
Locality eval: pred=n/a               gold=n/a  correct=True  running‐acc=0.897
[ 282/600] loss=3.3891  pred=true   gold=true  running‐acc=0.652
Locality eval: pred=n/a               gold=n/a  correct=True  running‐acc=0.897
[ 283/600] loss=1.9510  pred=true   gold=n/a  running‐acc=0.650
Locality eval: pred=true              gold=true  correct=True  running‐acc=0.898
[ 284/600] loss=2.5842  pred=n/a    gold=n/a  running‐acc=0.651
Locality eval: pred=true              gold=true  correct=True  running‐acc=0.898
[ 285/600] loss=7.1904  pred=true   gold=true  running‐acc=0.653
Locality eval: pred=n/a               gold=n/a  correct=True  running‐acc=0.898
[ 286/600] loss=2.2514  pred=n/a    gold=n/a  running‐acc=0.654
Locality eval: pred=true              gold=true  correct=True  running‐acc=0.899
[ 287/600] loss=2.4791  pred=n/a    gold=n/a  running‐acc=0.655
Locality eval: pred=true              gold=true  correct=True  running‐acc=0.899
[ 288/600] loss=2.9759  pred=true   gold=true  running‐acc=0.656
Locality eval: pred=n/a               gold=n/a  correct=True  running‐acc=0.899
[ 289/600] loss=4.0903  pred=true   gold=true  running‐acc=0.657
Locality eval: pred=n/a               gold=n/a  correct=True  running‐acc=0.900
[ 290/600] loss=2.2714  pred=n/a    gold=n/a  running‐acc=0.659
Locality eval: pred=n/a               gold=true  correct=False  running‐acc=0.897
[ 291/600] loss=3.3204  pred=true   gold=true  running‐acc=0.660
Locality eval: pred=n/a               gold=n/a  correct=True  running‐acc=0.897
[ 292/600] loss=3.1141  pred=n/a    gold=true  running‐acc=0.658
Locality eval: pred=n/a               gold=n/a  correct=True  running‐acc=0.897
[ 293/600] loss=6.9455  pred=true   gold=true  running‐acc=0.659
Locality eval: pred=n/a               gold=n/a  correct=True  running‐acc=0.898
[ 294/600] loss=2.9283  pred=n/a    gold=true  running‐acc=0.656
Locality eval: pred=n/a               gold=n/a  correct=True  running‐acc=0.898
[ 295/600] loss=2.2727  pred=       gold=n/a  running‐acc=0.654
Locality eval: pred=false             gold=true  correct=False  running‐acc=0.895
[ 296/600] loss=2.2927  pred=true   gold=n/a  running‐acc=0.652
Locality eval: pred=                  gold=true  correct=False  running‐acc=0.892
[ 297/600] loss=3.7360  pred=true   gold=true  running‐acc=0.653
Locality eval: pred=n/a               gold=n/a  correct=True  running‐acc=0.892
[ 298/600] loss=3.0149  pred=true   gold=true  running‐acc=0.654
Locality eval: pred=n/a               gold=n/a  correct=True  running‐acc=0.893
[ 299/600] loss=2.4250  pred=n/a    gold=n/a  running‐acc=0.656
Locality eval: pred=n/a               gold=true  correct=False  running‐acc=0.890
[ 300/600] loss=2.0807  pred=true,  gold=n/a  running‐acc=0.653
Locality eval: pred=true              gold=true  correct=True  running‐acc=0.890
[ 301/600] loss=3.3260  pred=true   gold=true  running‐acc=0.654
Locality eval: pred=n/a               gold=n/a  correct=True  running‐acc=0.890
[ 302/600] loss=3.2249  pred=n/a    gold=true  running‐acc=0.652
Locality eval: pred=n/a               gold=n/a  correct=True  running‐acc=0.891
[ 303/600] loss=3.0790  pred=       gold=true  running‐acc=0.650
Locality eval: pred=n/a               gold=n/a  correct=True  running‐acc=0.891
[ 304/600] loss=3.5180  pred=true   gold=true  running‐acc=0.651
Locality eval: pred=n/a               gold=n/a  correct=True  running‐acc=0.891
[ 305/600] loss=5.7662  pred=true   gold=true  running‐acc=0.652
Locality eval: pred=n/a               gold=n/a  correct=True  running‐acc=0.892
[ 306/600] loss=3.0461  pred=       gold=true  running‐acc=0.650
Locality eval: pred=n/a               gold=n/a  correct=True  running‐acc=0.892
[ 307/600] loss=3.1823  pred=n/a    gold=true  running‐acc=0.648
Locality eval: pred=n/a               gold=n/a  correct=True  running‐acc=0.893
[ 308/600] loss=2.7269  pred=true   gold=true  running‐acc=0.649
Locality eval: pred=n/a               gold=n/a  correct=True  running‐acc=0.893
[ 309/600] loss=2.9751  pred=true   gold=true  running‐acc=0.650
Locality eval: pred=n/a               gold=n/a  correct=True  running‐acc=0.893
[ 310/600] loss=2.2429  pred=false  gold=n/a  running‐acc=0.648
Locality eval: pred=true              gold=true  correct=True  running‐acc=0.894
[ 311/600] loss=3.1841  pred=true   gold=true  running‐acc=0.650
Locality eval: pred=false             gold=n/a  correct=False  running‐acc=0.891
[ 312/600] loss=2.8491  pred=true   gold=true  running‐acc=0.651
Locality eval: pred=n/a               gold=n/a  correct=True  running‐acc=0.891
[ 313/600] loss=2.5068  pred=false  gold=n/a  running‐acc=0.649
Locality eval: pred=true              gold=true  correct=True  running‐acc=0.891
[ 314/600] loss=2.1444  pred=n/a    gold=n/a  running‐acc=0.650
Locality eval: pred=true              gold=true  correct=True  running‐acc=0.892
[ 315/600] loss=2.3111  pred=true   gold=n/a  running‐acc=0.648
Locality eval: pred=true              gold=true  correct=True  running‐acc=0.892
[ 316/600] loss=3.1809  pred=true   gold=true  running‐acc=0.649
Locality eval: pred=n/a               gold=n/a  correct=True  running‐acc=0.892
[ 317/600] loss=3.2005  pred=true   gold=true  running‐acc=0.650
Locality eval: pred=n/a               gold=n/a  correct=True  running‐acc=0.893
[ 318/600] loss=5.4495  pred=true   gold=true  running‐acc=0.651
Locality eval: pred=n/a               gold=n/a  correct=True  running‐acc=0.893
[ 319/600] loss=2.2505  pred=n/a    gold=n/a  running‐acc=0.652
Locality eval: pred=true              gold=true  correct=True  running‐acc=0.893
[ 320/600] loss=2.1103  pred=n/a    gold=n/a  running‐acc=0.653
Locality eval: pred=true              gold=true  correct=True  running‐acc=0.894
[ 321/600] loss=2.9542  pred=n/a    gold=true  running‐acc=0.651
Locality eval: pred=n/a               gold=n/a  correct=True  running‐acc=0.894
[ 322/600] loss=3.1036  pred=true   gold=true  running‐acc=0.652
Locality eval: pred=n/a               gold=n/a  correct=True  running‐acc=0.894
[ 323/600] loss=2.3739  pred=n/a    gold=n/a  running‐acc=0.653
Locality eval: pred=                  gold=true  correct=False  running‐acc=0.892
[ 324/600] loss=2.1110  pred=false  gold=n/a  running‐acc=0.651
Locality eval: pred=true              gold=true  correct=True  running‐acc=0.892
[ 325/600] loss=3.3914  pred=n/a    gold=true  running‐acc=0.649
Locality eval: pred=n/a               gold=n/a  correct=True  running‐acc=0.892
[ 326/600] loss=2.1404  pred=n/a    gold=n/a  running‐acc=0.650
Locality eval: pred=true              gold=true  correct=True  running‐acc=0.893
[ 327/600] loss=3.3263  pred=true   gold=true  running‐acc=0.651
Locality eval: pred=n/a               gold=n/a  correct=True  running‐acc=0.893
[ 328/600] loss=2.2114  pred=true   gold=n/a  running‐acc=0.649
Locality eval: pred=n/a               gold=true  correct=False  running‐acc=0.890
[ 329/600] loss=3.6889  pred=true   gold=true  running‐acc=0.650
Locality eval: pred=n/a               gold=n/a  correct=True  running‐acc=0.891
[ 330/600] loss=2.5503  pred=n/a    gold=n/a  running‐acc=0.652
Locality eval: pred=true              gold=true  correct=True  running‐acc=0.891
[ 331/600] loss=3.1547  pred=true   gold=true  running‐acc=0.653
Locality eval: pred=n/a               gold=n/a  correct=True  running‐acc=0.891
[ 332/600] loss=2.3189  pred=n/a    gold=n/a  running‐acc=0.654
Locality eval: pred=false             gold=true  correct=False  running‐acc=0.889
[ 333/600] loss=2.9209  pred=true   gold=true  running‐acc=0.655
Locality eval: pred=n/a               gold=n/a  correct=True  running‐acc=0.889
[ 334/600] loss=2.3267  pred=true   gold=n/a  running‐acc=0.653
Locality eval: pred=n/a               gold=true  correct=False  running‐acc=0.886
[ 335/600] loss=3.5747  pred=true   gold=true  running‐acc=0.654
Locality eval: pred=n/a               gold=n/a  correct=True  running‐acc=0.887
[ 336/600] loss=2.3564  pred=false  gold=n/a  running‐acc=0.652
Locality eval: pred=true              gold=true  correct=True  running‐acc=0.887
[ 337/600] loss=2.2392  pred=n/a    gold=n/a  running‐acc=0.653
Locality eval: pred=true              gold=true  correct=True  running‐acc=0.887
[ 338/600] loss=2.3937  pred=false  gold=n/a  running‐acc=0.651
Locality eval: pred=true              gold=true  correct=True  running‐acc=0.888
[ 339/600] loss=2.7701  pred=n/a    gold=n/a  running‐acc=0.652
Locality eval: pred=true              gold=true  correct=True  running‐acc=0.888
[ 340/600] loss=2.5410  pred=n/a    gold=n/a  running‐acc=0.653
Locality eval: pred=true              gold=true  correct=True  running‐acc=0.888
[ 341/600] loss=3.6696  pred=       gold=true  running‐acc=0.651
Locality eval: pred=n/a               gold=n/a  correct=True  running‐acc=0.889
[ 342/600] loss=4.3396  pred=true   gold=true  running‐acc=0.652
Locality eval: pred=n/a               gold=n/a  correct=True  running‐acc=0.889
[ 343/600] loss=2.8030  pred=true   gold=n/a  running‐acc=0.650
Locality eval: pred=n/a               gold=true  correct=False  running‐acc=0.886
[ 344/600] loss=3.1962  pred=true   gold=true  running‐acc=0.651
Locality eval: pred=n/a               gold=n/a  correct=True  running‐acc=0.887
[ 345/600] loss=2.9947  pred=n/a    gold=n/a  running‐acc=0.652
Locality eval: pred=true              gold=true  correct=True  running‐acc=0.887
[ 346/600] loss=3.0517  pred=true   gold=true  running‐acc=0.653
Locality eval: pred=n/a               gold=n/a  correct=True  running‐acc=0.887
[ 347/600] loss=2.8472  pred=n/a    gold=n/a  running‐acc=0.654
Locality eval: pred=n/a               gold=true  correct=False  running‐acc=0.885
[ 348/600] loss=2.4208  pred=n/a    gold=n/a  running‐acc=0.655
Locality eval: pred=true              gold=true  correct=True  running‐acc=0.885
[ 349/600] loss=2.2244  pred=n/a    gold=n/a  running‐acc=0.656
Locality eval: pred=true              gold=true  correct=True  running‐acc=0.885
[ 350/600] loss=2.2441  pred=true   gold=n/a  running‐acc=0.654
Locality eval: pred=                  gold=true  correct=False  running‐acc=0.883
[ 351/600] loss=2.1956  pred=n/a    gold=n/a  running‐acc=0.655
Locality eval: pred=true              gold=true  correct=True  running‐acc=0.883
[ 352/600] loss=2.1908  pred=n/a    gold=n/a  running‐acc=0.656
Locality eval: pred=true              gold=true  correct=True  running‐acc=0.884
[ 353/600] loss=2.2569  pred=n/a    gold=n/a  running‐acc=0.657
Locality eval: pred=                  gold=true  correct=False  running‐acc=0.881
[ 354/600] loss=2.9586  pred=true   gold=true  running‐acc=0.658
Locality eval: pred=n/a               gold=n/a  correct=True  running‐acc=0.881
[ 355/600] loss=3.3981  pred=true   gold=true  running‐acc=0.659
Locality eval: pred=n/a               gold=n/a  correct=True  running‐acc=0.882
[ 356/600] loss=3.1114  pred=n/a    gold=true  running‐acc=0.657
Locality eval: pred=n/a               gold=n/a  correct=True  running‐acc=0.882
[ 357/600] loss=3.2032  pred=true   gold=true  running‐acc=0.658
Locality eval: pred=n/a               gold=n/a  correct=True  running‐acc=0.882
[ 358/600] loss=4.7259  pred=true   gold=true  running‐acc=0.659
Locality eval: pred=n/a               gold=n/a  correct=True  running‐acc=0.883
[ 359/600] loss=3.1884  pred=true   gold=true  running‐acc=0.660
Locality eval: pred=n/a               gold=n/a  correct=True  running‐acc=0.883
[ 360/600] loss=2.1148  pred=true,  gold=n/a  running‐acc=0.658
Locality eval: pred=true              gold=true  correct=True  running‐acc=0.883
[ 361/600] loss=3.6965  pred=       gold=true  running‐acc=0.657
Locality eval: pred=n/a               gold=n/a  correct=True  running‐acc=0.884
[ 362/600] loss=3.0214  pred=true   gold=true  running‐acc=0.657
Locality eval: pred=n/a               gold=n/a  correct=True  running‐acc=0.884
[ 363/600] loss=2.5006  pred=       gold=n/a  running‐acc=0.656
Locality eval: pred=true              gold=true  correct=True  running‐acc=0.884
[ 364/600] loss=3.4753  pred=true   gold=true  running‐acc=0.657
Locality eval: pred=n/a               gold=n/a  correct=True  running‐acc=0.885
[ 365/600] loss=3.1139  pred=n/a    gold=true  running‐acc=0.655
Locality eval: pred=n/a               gold=n/a  correct=True  running‐acc=0.885
[ 366/600] loss=2.3173  pred=true   gold=n/a  running‐acc=0.653
Locality eval: pred=true              gold=true  correct=True  running‐acc=0.885
[ 367/600] loss=2.2365  pred=true   gold=n/a  running‐acc=0.651
Locality eval: pred=true              gold=true  correct=True  running‐acc=0.886
[ 368/600] loss=2.8370  pred=true   gold=true  running‐acc=0.652
Locality eval: pred=n/a               gold=n/a  correct=True  running‐acc=0.886
[ 369/600] loss=2.2353  pred=n/a    gold=n/a  running‐acc=0.653
Locality eval: pred=true              gold=true  correct=True  running‐acc=0.886
[ 370/600] loss=2.3270  pred=n/a    gold=n/a  running‐acc=0.654
Locality eval: pred=true              gold=true  correct=True  running‐acc=0.886
[ 371/600] loss=3.0567  pred=n/a    gold=true  running‐acc=0.652
Locality eval: pred=n/a               gold=n/a  correct=True  running‐acc=0.887
[ 372/600] loss=7.1443  pred=true   gold=true  running‐acc=0.653
Locality eval: pred=n/a               gold=n/a  correct=True  running‐acc=0.887
[ 373/600] loss=2.9962  pred=n/a    gold=true  running‐acc=0.651
Locality eval: pred=n/a               gold=n/a  correct=True  running‐acc=0.887
[ 374/600] loss=2.4787  pred=n/a    gold=n/a  running‐acc=0.652
Locality eval: pred=true              gold=true  correct=True  running‐acc=0.888
[ 375/600] loss=7.0206  pred=true   gold=true  running‐acc=0.653
Locality eval: pred=n/a               gold=n/a  correct=True  running‐acc=0.888
[ 376/600] loss=3.0185  pred=true   gold=true  running‐acc=0.654
Locality eval: pred=n/a               gold=n/a  correct=True  running‐acc=0.888
[ 377/600] loss=4.3943  pred=n/a    gold=true  running‐acc=0.653
Locality eval: pred=n/a               gold=n/a  correct=True  running‐acc=0.889
[ 378/600] loss=3.0150  pred=       gold=true  running‐acc=0.651
Locality eval: pred=n/a               gold=n/a  correct=True  running‐acc=0.889
[ 379/600] loss=3.0081  pred=true   gold=true  running‐acc=0.652
Locality eval: pred=n/a               gold=n/a  correct=True  running‐acc=0.889
[ 380/600] loss=6.4990  pred=true   gold=true  running‐acc=0.653
Locality eval: pred=n/a               gold=n/a  correct=True  running‐acc=0.889
[ 381/600] loss=2.2112  pred=n/a    gold=n/a  running‐acc=0.654
Locality eval: pred=true              gold=true  correct=True  running‐acc=0.890
[ 382/600] loss=1.9525  pred=n/a    gold=n/a  running‐acc=0.654
Locality eval: pred=true              gold=true  correct=True  running‐acc=0.890
[ 383/600] loss=2.1881  pred=true   gold=n/a  running‐acc=0.653
Locality eval: pred=true              gold=true  correct=True  running‐acc=0.890
[ 384/600] loss=2.3438  pred=       gold=n/a  running‐acc=0.651
Locality eval: pred=true              gold=true  correct=True  running‐acc=0.891
[ 385/600] loss=3.7519  pred=true   gold=true  running‐acc=0.652
Locality eval: pred=n/a               gold=n/a  correct=True  running‐acc=0.891
[ 386/600] loss=3.0604  pred=true   gold=true  running‐acc=0.653
Locality eval: pred=n/a               gold=n/a  correct=True  running‐acc=0.891
[ 387/600] loss=2.2196  pred=       gold=n/a  running‐acc=0.651
Locality eval: pred=                  gold=true  correct=False  running‐acc=0.889
[ 388/600] loss=3.0954  pred=true   gold=true  running‐acc=0.652
Locality eval: pred=n/a               gold=n/a  correct=True  running‐acc=0.889
[ 389/600] loss=2.3929  pred=n/a    gold=n/a  running‐acc=0.653
Locality eval: pred=true              gold=true  correct=True  running‐acc=0.889
[ 390/600] loss=7.0654  pred=true   gold=true  running‐acc=0.654
Locality eval: pred=true              gold=n/a  correct=False  running‐acc=0.887
[ 391/600] loss=3.1606  pred=true   gold=true  running‐acc=0.655
Locality eval: pred=n/a               gold=n/a  correct=True  running‐acc=0.887
[ 392/600] loss=2.0962  pred=true   gold=n/a  running‐acc=0.653
Locality eval: pred=true              gold=true  correct=True  running‐acc=0.888
[ 393/600] loss=1.9822  pred=n/a    gold=n/a  running‐acc=0.654
Locality eval: pred=false             gold=true  correct=False  running‐acc=0.885
[ 394/600] loss=2.0616  pred=n/a    gold=n/a  running‐acc=0.655
Locality eval: pred=true              gold=true  correct=True  running‐acc=0.886
[ 395/600] loss=3.1846  pred=n/a    gold=true  running‐acc=0.653
Locality eval: pred=true              gold=n/a  correct=False  running‐acc=0.884
[ 396/600] loss=3.6454  pred=true   gold=true  running‐acc=0.654
Locality eval: pred=true              gold=n/a  correct=False  running‐acc=0.881
[ 397/600] loss=2.2375  pred=n/a    gold=n/a  running‐acc=0.655
Locality eval: pred=true              gold=true  correct=True  running‐acc=0.882
[ 398/600] loss=3.0894  pred=true   gold=true  running‐acc=0.656
Locality eval: pred=n/a               gold=n/a  correct=True  running‐acc=0.882
[ 399/600] loss=2.6263  pred=n/a    gold=n/a  running‐acc=0.657
Locality eval: pred=true              gold=true  correct=True  running‐acc=0.882
[ 400/600] loss=2.9469  pred=n/a    gold=true  running‐acc=0.655
Locality eval: pred=n/a               gold=n/a  correct=True  running‐acc=0.882
[ 401/600] loss=2.9504  pred=true   gold=true  running‐acc=0.656
Locality eval: pred=n/a               gold=n/a  correct=True  running‐acc=0.883
[ 402/600] loss=2.0783  pred=true   gold=n/a  running‐acc=0.654
Locality eval: pred=                  gold=true  correct=False  running‐acc=0.881
[ 403/600] loss=3.1321  pred=true   gold=true  running‐acc=0.655
Locality eval: pred=n/a               gold=n/a  correct=True  running‐acc=0.881
[ 404/600] loss=3.4854  pred=true   gold=true  running‐acc=0.656
Locality eval: pred=n/a               gold=n/a  correct=True  running‐acc=0.881
[ 405/600] loss=2.1447  pred=n/a    gold=n/a  running‐acc=0.657
Locality eval: pred=true              gold=true  correct=True  running‐acc=0.881
[ 406/600] loss=2.3649  pred=n/a    gold=n/a  running‐acc=0.658
Locality eval: pred=                  gold=true  correct=False  running‐acc=0.879
[ 407/600] loss=3.1084  pred=true   gold=true  running‐acc=0.658
Locality eval: pred=n/a               gold=n/a  correct=True  running‐acc=0.880
[ 408/600] loss=2.4011  pred=false  gold=n/a  running‐acc=0.657
Locality eval: pred=true              gold=true  correct=True  running‐acc=0.880
[ 409/600] loss=5.2943  pred=n/a    gold=true  running‐acc=0.655
Locality eval: pred=n/a               gold=n/a  correct=True  running‐acc=0.880
[ 410/600] loss=2.3004  pred=n/a    gold=n/a  running‐acc=0.656
Locality eval: pred=true              gold=true  correct=True  running‐acc=0.880
[ 411/600] loss=3.4954  pred=true   gold=true  running‐acc=0.657
Locality eval: pred=n/a               gold=n/a  correct=True  running‐acc=0.881
[ 412/600] loss=3.6196  pred=true   gold=true  running‐acc=0.658
Locality eval: pred=n/a               gold=n/a  correct=True  running‐acc=0.881
[ 413/600] loss=3.3951  pred=n/a    gold=true  running‐acc=0.656
Locality eval: pred=n/a               gold=n/a  correct=True  running‐acc=0.881
[ 414/600] loss=3.1567  pred=true   gold=true  running‐acc=0.657
Locality eval: pred=n/a               gold=n/a  correct=True  running‐acc=0.882
[ 415/600] loss=2.3894  pred=n/a    gold=n/a  running‐acc=0.658
Locality eval: pred=                  gold=true  correct=False  running‐acc=0.880
[ 416/600] loss=3.3884  pred=true   gold=true  running‐acc=0.659
Locality eval: pred=n/a               gold=n/a  correct=True  running‐acc=0.880
[ 417/600] loss=1.9791  pred=n/a    gold=n/a  running‐acc=0.659
Locality eval: pred=true              gold=true  correct=True  running‐acc=0.880
[ 418/600] loss=2.3607  pred=false  gold=n/a  running‐acc=0.658
Locality eval: pred=true              gold=true  correct=True  running‐acc=0.880
[ 419/600] loss=3.2856  pred=n/a    gold=true  running‐acc=0.656
Locality eval: pred=n/a               gold=n/a  correct=True  running‐acc=0.881
[ 420/600] loss=3.3224  pred=true   gold=true  running‐acc=0.657
Locality eval: pred=n/a               gold=n/a  correct=True  running‐acc=0.881
[ 421/600] loss=3.0471  pred=true   gold=true  running‐acc=0.658
Locality eval: pred=n/a               gold=n/a  correct=True  running‐acc=0.881
[ 422/600] loss=3.1920  pred=       gold=true  running‐acc=0.656
Locality eval: pred=true              gold=n/a  correct=False  running‐acc=0.879
[ 423/600] loss=3.5694  pred=true   gold=true  running‐acc=0.657
Locality eval: pred=n/a               gold=n/a  correct=True  running‐acc=0.879
[ 424/600] loss=2.0993  pred=       gold=n/a  running‐acc=0.656
Locality eval: pred=true              gold=true  correct=True  running‐acc=0.880
[ 425/600] loss=2.4278  pred=true   gold=n/a  running‐acc=0.654
Locality eval: pred=true              gold=true  correct=True  running‐acc=0.880
[ 426/600] loss=1.9840  pred=n/a    gold=n/a  running‐acc=0.655
Locality eval: pred=n/a               gold=true  correct=False  running‐acc=0.878
[ 427/600] loss=3.3753  pred=n/a    gold=true  running‐acc=0.653
Locality eval: pred=n/a               gold=n/a  correct=True  running‐acc=0.878
[ 428/600] loss=3.0692  pred=true   gold=true  running‐acc=0.654
Locality eval: pred=n/a               gold=n/a  correct=True  running‐acc=0.879
[ 429/600] loss=2.8431  pred=true   gold=true  running‐acc=0.655
Locality eval: pred=n/a               gold=n/a  correct=True  running‐acc=0.879
[ 430/600] loss=2.5568  pred=n/a    gold=n/a  running‐acc=0.656
Locality eval: pred=n/a               gold=true  correct=False  running‐acc=0.877
[ 431/600] loss=4.3188  pred=true   gold=true  running‐acc=0.657
Locality eval: pred=true              gold=n/a  correct=False  running‐acc=0.875
[ 432/600] loss=3.0806  pred=       gold=true  running‐acc=0.655
Locality eval: pred=false             gold=n/a  correct=False  running‐acc=0.873
[ 433/600] loss=3.2475  pred=true   gold=true  running‐acc=0.656
Locality eval: pred=false             gold=n/a  correct=False  running‐acc=0.871
[ 434/600] loss=2.3649  pred=true   gold=n/a  running‐acc=0.654
Locality eval: pred=true              gold=true  correct=True  running‐acc=0.871
[ 435/600] loss=2.1077  pred=n/a    gold=n/a  running‐acc=0.655
Locality eval: pred=true              gold=true  correct=True  running‐acc=0.871
[ 436/600] loss=3.5229  pred=false  gold=true  running‐acc=0.654
Locality eval: pred=n/a               gold=n/a  correct=True  running‐acc=0.872
[ 437/600] loss=3.2202  pred=true   gold=true  running‐acc=0.654
Locality eval: pred=n/a               gold=n/a  correct=True  running‐acc=0.872
[ 438/600] loss=1.9959  pred=false  gold=n/a  running‐acc=0.653
Locality eval: pred=true              gold=true  correct=True  running‐acc=0.872
[ 439/600] loss=2.0576  pred=false  gold=n/a  running‐acc=0.651
Locality eval: pred=n/a               gold=true  correct=False  running‐acc=0.870
[ 440/600] loss=3.1476  pred=true   gold=true  running‐acc=0.652
Locality eval: pred=n/a               gold=n/a  correct=True  running‐acc=0.870
[ 441/600] loss=2.3354  pred=       gold=n/a  running‐acc=0.651
Locality eval: pred=                  gold=true  correct=False  running‐acc=0.868
[ 442/600] loss=2.8233  pred=true   gold=true  running‐acc=0.652
Locality eval: pred=n/a               gold=n/a  correct=True  running‐acc=0.869
[ 443/600] loss=4.0406  pred=n/a    gold=true  running‐acc=0.650
Locality eval: pred=n/a               gold=n/a  correct=True  running‐acc=0.869
[ 444/600] loss=3.3145  pred=true   gold=true  running‐acc=0.651
Locality eval: pred=n/a               gold=n/a  correct=True  running‐acc=0.869
[ 445/600] loss=3.3765  pred=true   gold=true  running‐acc=0.652
Locality eval: pred=n/a               gold=n/a  correct=True  running‐acc=0.870
[ 446/600] loss=5.5169  pred=true   gold=true  running‐acc=0.652
Locality eval: pred=n/a               gold=n/a  correct=True  running‐acc=0.870
[ 447/600] loss=3.3600  pred=true   gold=true  running‐acc=0.653
Locality eval: pred=n/a               gold=n/a  correct=True  running‐acc=0.870
[ 448/600] loss=8.2781  pred=true   gold=true  running‐acc=0.654
Locality eval: pred=n/a               gold=n/a  correct=True  running‐acc=0.871
[ 449/600] loss=3.4747  pred=true   gold=true  running‐acc=0.655
Locality eval: pred=n/a               gold=n/a  correct=True  running‐acc=0.871
[ 450/600] loss=2.3139  pred=n/a    gold=n/a  running‐acc=0.656
Locality eval: pred=true              gold=true  correct=True  running‐acc=0.871
[ 451/600] loss=3.3689  pred=true   gold=true  running‐acc=0.656
Locality eval: pred=n/a               gold=n/a  correct=True  running‐acc=0.871
[ 452/600] loss=2.2977  pred=n/a    gold=n/a  running‐acc=0.657
Locality eval: pred=true              gold=true  correct=True  running‐acc=0.872
[ 453/600] loss=2.3067  pred=n/a    gold=n/a  running‐acc=0.658
Locality eval: pred=true              gold=true  correct=True  running‐acc=0.872
[ 454/600] loss=2.8613  pred=n/a    gold=n/a  running‐acc=0.659
Locality eval: pred=true              gold=true  correct=True  running‐acc=0.872
[ 455/600] loss=3.1381  pred=true   gold=true  running‐acc=0.659
Locality eval: pred=n/a               gold=n/a  correct=True  running‐acc=0.873
[ 456/600] loss=2.2188  pred=false  gold=n/a  running‐acc=0.658
Locality eval: pred=true              gold=true  correct=True  running‐acc=0.873
[ 457/600] loss=2.4804  pred=true   gold=n/a  running‐acc=0.656
Locality eval: pred=true              gold=true  correct=True  running‐acc=0.873
[ 458/600] loss=1.9281  pred=n/a    gold=n/a  running‐acc=0.657
Locality eval: pred=true              gold=true  correct=True  running‐acc=0.873
[ 459/600] loss=3.7134  pred=true   gold=true  running‐acc=0.658
Locality eval: pred=n/a               gold=n/a  correct=True  running‐acc=0.874
[ 460/600] loss=6.7512  pred=true   gold=true  running‐acc=0.659
Locality eval: pred=n/a               gold=n/a  correct=True  running‐acc=0.874
[ 461/600] loss=2.2365  pred=false  gold=n/a  running‐acc=0.657
Locality eval: pred=true              gold=true  correct=True  running‐acc=0.874
[ 462/600] loss=2.9384  pred=n/a    gold=n/a  running‐acc=0.658
Locality eval: pred=true              gold=true  correct=True  running‐acc=0.874
[ 463/600] loss=6.1519  pred=true   gold=true  running‐acc=0.659
Locality eval: pred=true              gold=n/a  correct=False  running‐acc=0.873
[ 464/600] loss=2.5265  pred=n/a    gold=n/a  running‐acc=0.659
Locality eval: pred=true              gold=true  correct=True  running‐acc=0.873
[ 465/600] loss=2.2266  pred=       gold=n/a  running‐acc=0.658
Locality eval: pred=true              gold=true  correct=True  running‐acc=0.873
[ 466/600] loss=2.3289  pred=true   gold=n/a  running‐acc=0.657
Locality eval: pred=true              gold=true  correct=True  running‐acc=0.873
[ 467/600] loss=2.2714  pred=n/a    gold=n/a  running‐acc=0.657
Locality eval: pred=true              gold=true  correct=True  running‐acc=0.874
[ 468/600] loss=2.2267  pred=true   gold=n/a  running‐acc=0.656
Locality eval: pred=true              gold=true  correct=True  running‐acc=0.874
[ 469/600] loss=3.5402  pred=true   gold=true  running‐acc=0.657
Locality eval: pred=n/a               gold=n/a  correct=True  running‐acc=0.874
[ 470/600] loss=2.3621  pred=n/a    gold=n/a  running‐acc=0.657
Locality eval: pred=true              gold=true  correct=True  running‐acc=0.874
[ 471/600] loss=2.2943  pred=       gold=n/a  running‐acc=0.656
Locality eval: pred=true              gold=true  correct=True  running‐acc=0.875
[ 472/600] loss=3.1426  pred=true   gold=true  running‐acc=0.657
Locality eval: pred=n/a               gold=n/a  correct=True  running‐acc=0.875
[ 473/600] loss=1.9959  pred=true   gold=n/a  running‐acc=0.655
Locality eval: pred=true              gold=true  correct=True  running‐acc=0.875
[ 474/600] loss=2.9174  pred=n/a    gold=true  running‐acc=0.654
Locality eval: pred=n/a               gold=n/a  correct=True  running‐acc=0.876
[ 475/600] loss=2.2908  pred=false  gold=n/a  running‐acc=0.653
Locality eval: pred=true              gold=true  correct=True  running‐acc=0.876
[ 476/600] loss=3.2175  pred=true   gold=true  running‐acc=0.653
Locality eval: pred=                  gold=n/a  correct=False  running‐acc=0.874
[ 477/600] loss=2.2438  pred=n/a    gold=n/a  running‐acc=0.654
Locality eval: pred=true              gold=true  correct=True  running‐acc=0.874
[ 478/600] loss=3.1907  pred=true   gold=true  running‐acc=0.655
Locality eval: pred=n/a               gold=n/a  correct=True  running‐acc=0.874
[ 479/600] loss=2.3774  pred=n/a    gold=n/a  running‐acc=0.656
Locality eval: pred=true              gold=true  correct=True  running‐acc=0.875
[ 480/600] loss=2.2554  pred=n/a    gold=n/a  running‐acc=0.656
Locality eval: pred=true              gold=true  correct=True  running‐acc=0.875
[ 481/600] loss=2.0592  pred=       gold=n/a  running‐acc=0.655
Locality eval: pred=                  gold=true  correct=False  running‐acc=0.873
[ 482/600] loss=3.2921  pred=true   gold=true  running‐acc=0.656
Locality eval: pred=n/a               gold=n/a  correct=True  running‐acc=0.873
[ 483/600] loss=2.2811  pred=n/a    gold=n/a  running‐acc=0.656
Locality eval: pred=true              gold=true  correct=True  running‐acc=0.874
[ 484/600] loss=2.2664  pred=n/a    gold=n/a  running‐acc=0.657
Locality eval: pred=true              gold=true  correct=True  running‐acc=0.874
[ 485/600] loss=2.1536  pred=n/a    gold=n/a  running‐acc=0.658
Locality eval: pred=true              gold=true  correct=True  running‐acc=0.874
[ 486/600] loss=2.2537  pred=true   gold=n/a  running‐acc=0.656
Locality eval: pred=                  gold=true  correct=False  running‐acc=0.872
[ 487/600] loss=2.2568  pred=true   gold=n/a  running‐acc=0.655
Locality eval: pred=true              gold=true  correct=True  running‐acc=0.873
[ 488/600] loss=2.2552  pred=true   gold=n/a  running‐acc=0.654
Locality eval: pred=true              gold=true  correct=True  running‐acc=0.873
[ 489/600] loss=1.7801  pred=n/a    gold=n/a  running‐acc=0.654
Locality eval: pred=true              gold=true  correct=True  running‐acc=0.873
[ 490/600] loss=2.1639  pred=n/a    gold=n/a  running‐acc=0.655
Locality eval: pred=true              gold=true  correct=True  running‐acc=0.873
[ 491/600] loss=2.8511  pred=n/a    gold=n/a  running‐acc=0.656
Locality eval: pred=true              gold=true  correct=True  running‐acc=0.874
[ 492/600] loss=3.6400  pred=true   gold=true  running‐acc=0.657
Locality eval: pred=n/a               gold=n/a  correct=True  running‐acc=0.874
[ 493/600] loss=2.0933  pred=n/a    gold=n/a  running‐acc=0.657
Locality eval: pred=true              gold=true  correct=True  running‐acc=0.874
[ 494/600] loss=2.1793  pred=true   gold=n/a  running‐acc=0.656
Locality eval: pred=true              gold=true  correct=True  running‐acc=0.874
[ 495/600] loss=2.2280  pred=true   gold=n/a  running‐acc=0.655
Locality eval: pred=n/a               gold=true  correct=False  running‐acc=0.873
[ 496/600] loss=2.0213  pred=n/a    gold=n/a  running‐acc=0.655
Locality eval: pred=true              gold=true  correct=True  running‐acc=0.873
[ 497/600] loss=3.2117  pred=true   gold=true  running‐acc=0.656
Locality eval: pred=n/a               gold=n/a  correct=True  running‐acc=0.873
[ 498/600] loss=2.6623  pred=true   gold=true  running‐acc=0.657
Locality eval: pred=n/a               gold=n/a  correct=True  running‐acc=0.873
[ 499/600] loss=2.0327  pred=n/a    gold=n/a  running‐acc=0.657
Locality eval: pred=true              gold=true  correct=True  running‐acc=0.874
[ 500/600] loss=2.5562  pred=n/a    gold=n/a  running‐acc=0.658
Locality eval: pred=true              gold=true  correct=True  running‐acc=0.874
[ 501/600] loss=2.5358  pred=true   gold=n/a  running‐acc=0.657
Locality eval: pred=true              gold=true  correct=True  running‐acc=0.874
[ 502/600] loss=2.7727  pred=false  gold=n/a  running‐acc=0.655
Locality eval: pred=true              gold=true  correct=True  running‐acc=0.875
[ 503/600] loss=3.0810  pred=true   gold=true  running‐acc=0.656
Locality eval: pred=n/a               gold=n/a  correct=True  running‐acc=0.875
[ 504/600] loss=3.3130  pred=true   gold=true  running‐acc=0.657
Locality eval: pred=n/a               gold=n/a  correct=True  running‐acc=0.875
[ 505/600] loss=4.0804  pred=true   gold=true  running‐acc=0.657
Locality eval: pred=true              gold=n/a  correct=False  running‐acc=0.873
[ 506/600] loss=3.2178  pred=n/a    gold=true  running‐acc=0.656
Locality eval: pred=n/a               gold=n/a  correct=True  running‐acc=0.874
[ 507/600] loss=3.5840  pred=true   gold=true  running‐acc=0.657
Locality eval: pred=n/a               gold=n/a  correct=True  running‐acc=0.874
[ 508/600] loss=3.2401  pred=n/a    gold=true  running‐acc=0.656
Locality eval: pred=n/a               gold=n/a  correct=True  running‐acc=0.874
[ 509/600] loss=3.4868  pred=true   gold=true  running‐acc=0.656
Locality eval: pred=n/a               gold=n/a  correct=True  running‐acc=0.874
[ 510/600] loss=2.9339  pred=true   gold=true  running‐acc=0.657
Locality eval: pred=n/a               gold=n/a  correct=True  running‐acc=0.875
[ 511/600] loss=2.1943  pred=       gold=n/a  running‐acc=0.656
Locality eval: pred=n/a               gold=true  correct=False  running‐acc=0.873
[ 512/600] loss=3.1580  pred=true   gold=true  running‐acc=0.656
Locality eval: pred=n/a               gold=n/a  correct=True  running‐acc=0.873
[ 513/600] loss=2.3842  pred=n/a    gold=n/a  running‐acc=0.657
Locality eval: pred=true              gold=true  correct=True  running‐acc=0.873
[ 514/600] loss=3.1190  pred=true   gold=true  running‐acc=0.658
Locality eval: pred=n/a               gold=n/a  correct=True  running‐acc=0.874
[ 515/600] loss=2.3042  pred=n/a    gold=n/a  running‐acc=0.658
Locality eval: pred=                  gold=true  correct=False  running‐acc=0.872
[ 516/600] loss=2.2535  pred=true   gold=n/a  running‐acc=0.657
Locality eval: pred=                  gold=true  correct=False  running‐acc=0.870
[ 517/600] loss=2.2714  pred=n/a    gold=n/a  running‐acc=0.658
Locality eval: pred=true              gold=true  correct=True  running‐acc=0.870
[ 518/600] loss=1.9307  pred=n/a    gold=n/a  running‐acc=0.658
Locality eval: pred=true              gold=true  correct=True  running‐acc=0.871
[ 519/600] loss=3.1085  pred=true   gold=true  running‐acc=0.659
Locality eval: pred=n/a               gold=n/a  correct=True  running‐acc=0.871
[ 520/600] loss=2.8493  pred=true   gold=true  running‐acc=0.660
Locality eval: pred=n/a               gold=n/a  correct=True  running‐acc=0.871
[ 521/600] loss=3.2717  pred=true   gold=true  running‐acc=0.660
Locality eval: pred=n/a               gold=n/a  correct=True  running‐acc=0.871
[ 522/600] loss=3.3984  pred=true   gold=true  running‐acc=0.661
Locality eval: pred=n/a               gold=n/a  correct=True  running‐acc=0.872
[ 523/600] loss=2.9932  pred=true   gold=n/a  running‐acc=0.660
Locality eval: pred=true              gold=true  correct=True  running‐acc=0.872
[ 524/600] loss=3.0917  pred=true   gold=true  running‐acc=0.660
Locality eval: pred=n/a               gold=n/a  correct=True  running‐acc=0.872
[ 525/600] loss=3.2390  pred=true   gold=true  running‐acc=0.661
Locality eval: pred=n/a               gold=n/a  correct=True  running‐acc=0.872
[ 526/600] loss=2.9586  pred=true   gold=true  running‐acc=0.662
Locality eval: pred=n/a               gold=n/a  correct=True  running‐acc=0.873
[ 527/600] loss=2.1828  pred=n/a    gold=n/a  running‐acc=0.662
Locality eval: pred=true              gold=true  correct=True  running‐acc=0.873
[ 528/600] loss=3.5519  pred=true   gold=true  running‐acc=0.663
Locality eval: pred=n/a               gold=n/a  correct=True  running‐acc=0.873
[ 529/600] loss=1.9093  pred=n/a    gold=n/a  running‐acc=0.664
Locality eval: pred=true              gold=true  correct=True  running‐acc=0.873
[ 530/600] loss=4.2338  pred=true   gold=true  running‐acc=0.664
Locality eval: pred=true              gold=n/a  correct=False  running‐acc=0.872
[ 531/600] loss=2.3170  pred=n/a    gold=n/a  running‐acc=0.665
Locality eval: pred=n/a               gold=true  correct=False  running‐acc=0.870
[ 532/600] loss=3.4406  pred=true   gold=true  running‐acc=0.665
Locality eval: pred=n/a               gold=n/a  correct=True  running‐acc=0.870
[ 533/600] loss=1.8868  pred=n/a    gold=n/a  running‐acc=0.666
Locality eval: pred=true              gold=true  correct=True  running‐acc=0.871
[ 534/600] loss=3.9880  pred=true   gold=true  running‐acc=0.667
Locality eval: pred=n/a               gold=n/a  correct=True  running‐acc=0.871
[ 535/600] loss=2.8495  pred=n/a    gold=true  running‐acc=0.665
Locality eval: pred=n/a               gold=n/a  correct=True  running‐acc=0.871
[ 536/600] loss=3.3486  pred=true   gold=true  running‐acc=0.666
Locality eval: pred=n/a               gold=n/a  correct=True  running‐acc=0.871
[ 537/600] loss=2.2502  pred=n/a    gold=n/a  running‐acc=0.667
Locality eval: pred=true              gold=true  correct=True  running‐acc=0.872
[ 538/600] loss=3.0070  pred=       gold=true  running‐acc=0.665
Locality eval: pred=n/a               gold=n/a  correct=True  running‐acc=0.872
[ 539/600] loss=5.3356  pred=true   gold=true  running‐acc=0.666
Locality eval: pred=true              gold=n/a  correct=False  running‐acc=0.870
[ 540/600] loss=2.3619  pred=true   gold=n/a  running‐acc=0.665
Locality eval: pred=true              gold=true  correct=True  running‐acc=0.870
[ 541/600] loss=2.9987  pred=true   gold=n/a  running‐acc=0.664
Locality eval: pred=true              gold=true  correct=True  running‐acc=0.871
[ 542/600] loss=2.1688  pred=n/a    gold=n/a  running‐acc=0.664
Locality eval: pred=n/a               gold=true  correct=False  running‐acc=0.869
[ 543/600] loss=1.9059  pred=true   gold=n/a  running‐acc=0.663
Locality eval: pred=true              gold=true  correct=True  running‐acc=0.869
[ 544/600] loss=2.1536  pred=true   gold=n/a  running‐acc=0.662
Locality eval: pred=true              gold=true  correct=True  running‐acc=0.869
[ 545/600] loss=3.4970  pred=n/a    gold=true  running‐acc=0.661
Locality eval: pred=n/a               gold=n/a  correct=True  running‐acc=0.870
[ 546/600] loss=2.4011  pred=       gold=n/a  running‐acc=0.659
Locality eval: pred=true              gold=true  correct=True  running‐acc=0.870
[ 547/600] loss=3.4123  pred=true   gold=true  running‐acc=0.660
Locality eval: pred=n/a               gold=n/a  correct=True  running‐acc=0.870
[ 548/600] loss=3.3038  pred=true   gold=true  running‐acc=0.661
Locality eval: pred=n/a               gold=n/a  correct=True  running‐acc=0.870
[ 549/600] loss=2.7819  pred=n/a    gold=true  running‐acc=0.659
Locality eval: pred=n/a               gold=n/a  correct=True  running‐acc=0.871
[ 550/600] loss=2.0492  pred=n/a    gold=n/a  running‐acc=0.660
Locality eval: pred=true              gold=true  correct=True  running‐acc=0.871
[ 551/600] loss=3.2157  pred=true   gold=true  running‐acc=0.661
Locality eval: pred=n/a               gold=n/a  correct=True  running‐acc=0.871
[ 552/600] loss=2.2053  pred=       gold=n/a  running‐acc=0.659
Locality eval: pred=true              gold=true  correct=True  running‐acc=0.871
[ 553/600] loss=2.2262  pred=false  gold=n/a  running‐acc=0.658
Locality eval: pred=true              gold=true  correct=True  running‐acc=0.872
[ 554/600] loss=3.2976  pred=true   gold=true  running‐acc=0.659
Locality eval: pred=n/a               gold=n/a  correct=True  running‐acc=0.872
[ 555/600] loss=2.1740  pred=n/a    gold=n/a  running‐acc=0.659
Locality eval: pred=true              gold=true  correct=True  running‐acc=0.872
[ 556/600] loss=2.0268  pred=n/a    gold=n/a  running‐acc=0.660
Locality eval: pred=                  gold=true  correct=False  running‐acc=0.871
[ 557/600] loss=2.2290  pred=       gold=n/a  running‐acc=0.659
Locality eval: pred=true              gold=true  correct=True  running‐acc=0.871
[ 558/600] loss=3.0660  pred=true   gold=true  running‐acc=0.659
Locality eval: pred=n/a               gold=n/a  correct=True  running‐acc=0.871
[ 559/600] loss=8.5179  pred=true   gold=true  running‐acc=0.660
Locality eval: pred=n/a               gold=n/a  correct=True  running‐acc=0.871
[ 560/600] loss=1.9163  pred=n/a    gold=n/a  running‐acc=0.661
Locality eval: pred=                  gold=true  correct=False  running‐acc=0.870
[ 561/600] loss=3.0260  pred=true   gold=true  running‐acc=0.661
Locality eval: pred=n/a               gold=n/a  correct=True  running‐acc=0.870
[ 562/600] loss=3.3227  pred=true   gold=true  running‐acc=0.662
Locality eval: pred=n/a               gold=n/a  correct=True  running‐acc=0.870
[ 563/600] loss=2.4229  pred=n/a    gold=n/a  running‐acc=0.663
Locality eval: pred=true              gold=true  correct=True  running‐acc=0.870
[ 564/600] loss=3.5013  pred=n/a    gold=true  running‐acc=0.661
Locality eval: pred=n/a               gold=n/a  correct=True  running‐acc=0.871
[ 565/600] loss=2.3818  pred=n/a    gold=n/a  running‐acc=0.662
Locality eval: pred=true              gold=true  correct=True  running‐acc=0.871
[ 566/600] loss=2.9541  pred=n/a    gold=true  running‐acc=0.661
Locality eval: pred=n/a               gold=n/a  correct=True  running‐acc=0.871
[ 567/600] loss=3.2300  pred=true   gold=true  running‐acc=0.661
Locality eval: pred=n/a               gold=n/a  correct=True  running‐acc=0.871
[ 568/600] loss=2.3772  pred=n/a    gold=n/a  running‐acc=0.662
Locality eval: pred=true              gold=true  correct=True  running‐acc=0.871
[ 569/600] loss=3.1912  pred=true   gold=true  running‐acc=0.663
Locality eval: pred=n/a               gold=n/a  correct=True  running‐acc=0.872
[ 570/600] loss=3.7258  pred=true   gold=true  running‐acc=0.663
Locality eval: pred=false             gold=n/a  correct=False  running‐acc=0.870
[ 571/600] loss=3.0981  pred=true   gold=true  running‐acc=0.664
Locality eval: pred=n/a               gold=n/a  correct=True  running‐acc=0.870
[ 572/600] loss=3.3673  pred=true   gold=true  running‐acc=0.664
Locality eval: pred=n/a               gold=n/a  correct=True  running‐acc=0.871
[ 573/600] loss=3.1857  pred=true   gold=true  running‐acc=0.665
Locality eval: pred=n/a               gold=n/a  correct=True  running‐acc=0.871
[ 574/600] loss=4.1130  pred=true   gold=true  running‐acc=0.666
Locality eval: pred=true              gold=n/a  correct=False  running‐acc=0.869
[ 575/600] loss=3.2006  pred=true   gold=true  running‐acc=0.666
Locality eval: pred=n/a               gold=n/a  correct=True  running‐acc=0.870
[ 576/600] loss=3.2014  pred=true   gold=true  running‐acc=0.667
Locality eval: pred=n/a               gold=n/a  correct=True  running‐acc=0.870
[ 577/600] loss=3.3354  pred=n/a    gold=true  running‐acc=0.666
Locality eval: pred=n/a               gold=n/a  correct=True  running‐acc=0.870
[ 578/600] loss=2.3504  pred=n/a    gold=n/a  running‐acc=0.666
Locality eval: pred=                  gold=true  correct=False  running‐acc=0.869
[ 579/600] loss=3.0919  pred=       gold=true  running‐acc=0.665
Locality eval: pred=n/a               gold=n/a  correct=True  running‐acc=0.869
[ 580/600] loss=2.3535  pred=       gold=n/a  running‐acc=0.664
Locality eval: pred=true              gold=true  correct=True  running‐acc=0.869
[ 581/600] loss=2.3488  pred=n/a    gold=n/a  running‐acc=0.664
Locality eval: pred=true              gold=true  correct=True  running‐acc=0.869
[ 582/600] loss=2.3087  pred=n/a    gold=n/a  running‐acc=0.665
Locality eval: pred=n/a               gold=true  correct=False  running‐acc=0.868
[ 583/600] loss=2.1389  pred=       gold=n/a  running‐acc=0.664
Locality eval: pred=true              gold=true  correct=True  running‐acc=0.868
[ 584/600] loss=2.1116  pred=       gold=n/a  running‐acc=0.663
Locality eval: pred=true              gold=true  correct=True  running‐acc=0.868
[ 585/600] loss=2.0120  pred=true   gold=n/a  running‐acc=0.662
Locality eval: pred=true              gold=true  correct=True  running‐acc=0.868
[ 586/600] loss=2.9063  pred=false  gold=n/a  running‐acc=0.660
Locality eval: pred=true              gold=true  correct=True  running‐acc=0.869
[ 587/600] loss=3.3580  pred=true   gold=true  running‐acc=0.661
Locality eval: pred=n/a               gold=n/a  correct=True  running‐acc=0.869
[ 588/600] loss=2.8865  pred=true   gold=true  running‐acc=0.662
Locality eval: pred=n/a               gold=n/a  correct=True  running‐acc=0.869
[ 589/600] loss=2.7874  pred=n/a    gold=true  running‐acc=0.660
Locality eval: pred=n/a               gold=n/a  correct=True  running‐acc=0.869
[ 590/600] loss=3.0643  pred=true   gold=true  running‐acc=0.661
Locality eval: pred=n/a               gold=n/a  correct=True  running‐acc=0.869
[ 591/600] loss=3.4536  pred=true   gold=true  running‐acc=0.662
Locality eval: pred=n/a               gold=n/a  correct=True  running‐acc=0.870
[ 592/600] loss=2.3080  pred=n/a    gold=n/a  running‐acc=0.662
Locality eval: pred=true              gold=true  correct=True  running‐acc=0.870
[ 593/600] loss=3.9557  pred=       gold=true  running‐acc=0.661
Locality eval: pred=true              gold=n/a  correct=False  running‐acc=0.868
[ 594/600] loss=2.8842  pred=n/a    gold=n/a  running‐acc=0.662
Locality eval: pred=true              gold=true  correct=True  running‐acc=0.869
[ 595/600] loss=3.5604  pred=n/a    gold=true  running‐acc=0.661
Locality eval: pred=n/a               gold=n/a  correct=True  running‐acc=0.869
[ 596/600] loss=2.2216  pred=n/a    gold=n/a  running‐acc=0.661
Locality eval: pred=true              gold=true  correct=True  running‐acc=0.869
[ 597/600] loss=2.3380  pred=false  gold=n/a  running‐acc=0.660
Locality eval: pred=true              gold=true  correct=True  running‐acc=0.869
[ 598/600] loss=3.1637  pred=n/a    gold=true  running‐acc=0.659
Locality eval: pred=n/a               gold=n/a  correct=True  running‐acc=0.870
[ 599/600] loss=3.0222  pred=true   gold=true  running‐acc=0.659
Locality eval: pred=n/a               gold=n/a  correct=True  running‐acc=0.870
[ 600/600] loss=2.3711  pred=       gold=n/a  running‐acc=0.658
Locality eval: pred=true              gold=true  correct=True  running‐acc=0.870

Finished in 1431.5s.  Final accuracy: 0.658.

