
Loading base model (4‐bit)…
Loading checkpoint shards:   0%|          | 0/2 [00:00<?, ?it/s]Loading checkpoint shards:  50%|█████     | 1/2 [00:13<00:13, 13.46s/it]Loading checkpoint shards: 100%|██████████| 2/2 [00:13<00:00,  5.60s/it]Loading checkpoint shards: 100%|██████████| 2/2 [00:13<00:00,  6.78s/it]
trainable params: 1,843,200 || all params: 2,508,015,616 || trainable%: 0.0735
  0%|          | 0/600 [00:00<?, ?it/s]100%|██████████| 600/600 [00:00<00:00, 29568.93it/s]
Loaded 600 (train, eval) pairs.

Starting sequential training…
Cached 72 LoRA tensors.
[   1/600] loss=3.6717  pred=true   gold=true  running‐acc=1.000
Locality eval: pred=n/a               gold=n/a  correct=True  running‐acc=1.000
[   2/600] loss=3.7612  pred=true   gold=true  running‐acc=1.000
Locality eval: pred=n/a               gold=n/a  correct=True  running‐acc=1.000
[   3/600] loss=3.4273  pred=true   gold=true  running‐acc=1.000
Locality eval: pred=n/a               gold=n/a  correct=True  running‐acc=1.000
[   4/600] loss=3.4003  pred=true   gold=true  running‐acc=1.000
Locality eval: pred=n/a               gold=n/a  correct=True  running‐acc=1.000
[   5/600] loss=3.9811  pred=true   gold=true  running‐acc=1.000
Locality eval: pred=n/a               gold=n/a  correct=True  running‐acc=1.000
[   6/600] loss=3.7644  pred=false  gold=true  running‐acc=0.833
Locality eval: pred=true              gold=n/a  correct=False  running‐acc=0.833
[   7/600] loss=3.0005  pred=true   gold=n/a  running‐acc=0.714
Locality eval: pred=true              gold=true  correct=True  running‐acc=0.857
[   8/600] loss=3.0460  pred=n/a    gold=n/a  running‐acc=0.750
Locality eval: pred=true              gold=true  correct=True  running‐acc=0.875
[   9/600] loss=3.9476  pred=true.  gold=true  running‐acc=0.778
Locality eval: pred=n/a               gold=n/a  correct=True  running‐acc=0.889
[  10/600] loss=4.1793  pred=true   gold=true  running‐acc=0.800
Locality eval: pred=n/a               gold=n/a  correct=True  running‐acc=0.900
[  11/600] loss=3.8569  pred=true   gold=true  running‐acc=0.818
Locality eval: pred=n/a               gold=n/a  correct=True  running‐acc=0.909
[  12/600] loss=3.2593  pred=true   gold=true  running‐acc=0.833
Locality eval: pred=n/a               gold=n/a  correct=True  running‐acc=0.917
[  13/600] loss=3.0032  pred=true   gold=n/a  running‐acc=0.769
Locality eval: pred=n/a               gold=true  correct=False  running‐acc=0.846
[  14/600] loss=2.8136  pred=n/a    gold=n/a  running‐acc=0.786
Locality eval: pred=true              gold=true  correct=True  running‐acc=0.857
[  15/600] loss=3.3386  pred=true   gold=true  running‐acc=0.800
Locality eval: pred=n/a               gold=n/a  correct=True  running‐acc=0.867
[  16/600] loss=3.1808  pred=n/a    gold=n/a  running‐acc=0.812
Locality eval: pred=true              gold=true  correct=True  running‐acc=0.875
[  17/600] loss=2.9685  pred=false  gold=n/a  running‐acc=0.765
Locality eval: pred=true              gold=true  correct=True  running‐acc=0.882
[  18/600] loss=3.4400  pred=true   gold=true  running‐acc=0.778
Locality eval: pred=n/a               gold=n/a  correct=True  running‐acc=0.889
[  19/600] loss=4.2857  pred=true   gold=true  running‐acc=0.789
Locality eval: pred=n/a               gold=n/a  correct=True  running‐acc=0.895
[  20/600] loss=2.9577  pred=false.  gold=n/a  running‐acc=0.750
Locality eval: pred=true              gold=true  correct=True  running‐acc=0.900
[  21/600] loss=2.7914  pred=n/a    gold=n/a  running‐acc=0.762
Locality eval: pred=true.             gold=true  correct=True  running‐acc=0.905
[  22/600] loss=3.0043  pred=n/a    gold=n/a  running‐acc=0.773
Locality eval: pred=true              gold=true  correct=True  running‐acc=0.909
[  23/600] loss=2.7840  pred=true   gold=n/a  running‐acc=0.739
Locality eval: pred=true              gold=true  correct=True  running‐acc=0.913
[  24/600] loss=2.8967  pred=true   gold=n/a  running‐acc=0.708
Locality eval: pred=true              gold=true  correct=True  running‐acc=0.917
[  25/600] loss=4.1501  pred=true   gold=true  running‐acc=0.720
Locality eval: pred=n/a               gold=n/a  correct=True  running‐acc=0.920
[  26/600] loss=2.5855  pred=n/a    gold=n/a  running‐acc=0.731
Locality eval: pred=true              gold=true  correct=True  running‐acc=0.923
[  27/600] loss=2.9071  pred=true   gold=n/a  running‐acc=0.704
Locality eval: pred=true              gold=true  correct=True  running‐acc=0.926
[  28/600] loss=2.7897  pred=false  gold=n/a  running‐acc=0.679
Locality eval: pred=true              gold=true  correct=True  running‐acc=0.929
[  29/600] loss=3.2443  pred=n/a    gold=n/a  running‐acc=0.690
Locality eval: pred=true              gold=true  correct=True  running‐acc=0.931
[  30/600] loss=2.9554  pred=true   gold=n/a  running‐acc=0.667
Locality eval: pred=n/a               gold=true  correct=False  running‐acc=0.900
[  31/600] loss=3.7048  pred=true   gold=true  running‐acc=0.677
Locality eval: pred=n/a               gold=n/a  correct=True  running‐acc=0.903
[  32/600] loss=2.6812  pred=n/a    gold=n/a  running‐acc=0.688
Locality eval: pred=n/a               gold=true  correct=False  running‐acc=0.875
[  33/600] loss=2.9763  pred=n/a    gold=n/a  running‐acc=0.697
Locality eval: pred=true              gold=true  correct=True  running‐acc=0.879
[  34/600] loss=2.7368  pred=n/a    gold=n/a  running‐acc=0.706
Locality eval: pred=true              gold=true  correct=True  running‐acc=0.882
[  35/600] loss=3.3253  pred=true   gold=true  running‐acc=0.714
Locality eval: pred=n/a               gold=n/a  correct=True  running‐acc=0.886
[  36/600] loss=2.9802  pred=n/a    gold=n/a  running‐acc=0.722
Locality eval: pred=true              gold=true  correct=True  running‐acc=0.889
[  37/600] loss=3.7711  pred=true   gold=true  running‐acc=0.730
Locality eval: pred=n/a               gold=n/a  correct=True  running‐acc=0.892
[  38/600] loss=3.6459  pred=n/a    gold=n/a  running‐acc=0.737
Locality eval: pred=true              gold=true  correct=True  running‐acc=0.895
[  39/600] loss=5.8925  pred=true   gold=true  running‐acc=0.744
Locality eval: pred=n/a               gold=n/a  correct=True  running‐acc=0.897
[  40/600] loss=3.7924  pred=true   gold=true  running‐acc=0.750
Locality eval: pred=n/a               gold=n/a  correct=True  running‐acc=0.900
[  41/600] loss=4.5882  pred=true   gold=true  running‐acc=0.756
Locality eval: pred=n/a               gold=n/a  correct=True  running‐acc=0.902
[  42/600] loss=2.6839  pred=false.  gold=n/a  running‐acc=0.738
Locality eval: pred=n/a               gold=true  correct=False  running‐acc=0.881
[  43/600] loss=4.1644  pred=true   gold=true  running‐acc=0.744
Locality eval: pred=true              gold=n/a  correct=False  running‐acc=0.860
[  44/600] loss=2.7996  pred=n/a    gold=n/a  running‐acc=0.750
Locality eval: pred=true              gold=true  correct=True  running‐acc=0.864
[  45/600] loss=3.0668  pred=true.  gold=n/a  running‐acc=0.733
Locality eval: pred=true              gold=true  correct=True  running‐acc=0.867
[  46/600] loss=4.5968  pred=true   gold=true  running‐acc=0.739
Locality eval: pred=n/a               gold=n/a  correct=True  running‐acc=0.870
[  47/600] loss=3.7097  pred=n/a    gold=true  running‐acc=0.723
Locality eval: pred=true              gold=n/a  correct=False  running‐acc=0.851
[  48/600] loss=2.9622  pred=n/a    gold=n/a  running‐acc=0.729
Locality eval: pred=true.             gold=true  correct=True  running‐acc=0.854
[  49/600] loss=3.7873  pred=n/a    gold=true  running‐acc=0.714
Locality eval: pred=n/a               gold=n/a  correct=True  running‐acc=0.857
[  50/600] loss=2.5579  pred=n/a    gold=n/a  running‐acc=0.720
Locality eval: pred=true              gold=true  correct=True  running‐acc=0.860
[  51/600] loss=3.9872  pred=true   gold=true  running‐acc=0.725
Locality eval: pred=n/a               gold=n/a  correct=True  running‐acc=0.863
[  52/600] loss=4.0538  pred=true   gold=true  running‐acc=0.731
Locality eval: pred=n/a               gold=n/a  correct=True  running‐acc=0.865
[  53/600] loss=2.9520  pred=n/a    gold=n/a  running‐acc=0.736
Locality eval: pred=true              gold=true  correct=True  running‐acc=0.868
[  54/600] loss=3.4894  pred=true   gold=true  running‐acc=0.741
Locality eval: pred=true              gold=n/a  correct=False  running‐acc=0.852
[  55/600] loss=3.4561  pred=n/a    gold=n/a  running‐acc=0.745
Locality eval: pred=true              gold=true  correct=True  running‐acc=0.855
[  56/600] loss=2.8939  pred=true   gold=n/a  running‐acc=0.732
Locality eval: pred=true              gold=true  correct=True  running‐acc=0.857
[  57/600] loss=3.0616  pred=true   gold=true  running‐acc=0.737
Locality eval: pred=n/a               gold=n/a  correct=True  running‐acc=0.860
[  58/600] loss=3.1637  pred=true.  gold=true  running‐acc=0.741
Locality eval: pred=n/a               gold=n/a  correct=True  running‐acc=0.862
[  59/600] loss=3.6658  pred=true   gold=true  running‐acc=0.746
Locality eval: pred=n/a               gold=n/a  correct=True  running‐acc=0.864
[  60/600] loss=3.4864  pred=n/a    gold=true  running‐acc=0.733
Locality eval: pred=n/a               gold=n/a  correct=True  running‐acc=0.867
[  61/600] loss=4.1993  pred=n/a    gold=true  running‐acc=0.721
Locality eval: pred=n/a               gold=n/a  correct=True  running‐acc=0.869
[  62/600] loss=4.3126  pred=false  gold=true  running‐acc=0.710
Locality eval: pred=n/a               gold=n/a  correct=True  running‐acc=0.871
[  63/600] loss=3.2272  pred=n/a    gold=n/a  running‐acc=0.714
Locality eval: pred=n/a               gold=true  correct=False  running‐acc=0.857
[  64/600] loss=2.6006  pred=true   gold=n/a  running‐acc=0.703
Locality eval: pred=true              gold=true  correct=True  running‐acc=0.859
[  65/600] loss=3.4073  pred=true   gold=n/a  running‐acc=0.692
Locality eval: pred=true              gold=true  correct=True  running‐acc=0.862
[  66/600] loss=3.6151  pred=true   gold=true  running‐acc=0.697
Locality eval: pred=n/a               gold=n/a  correct=True  running‐acc=0.864
[  67/600] loss=3.0980  pred=true   gold=true  running‐acc=0.701
Locality eval: pred=n/a               gold=n/a  correct=True  running‐acc=0.866
[  68/600] loss=3.3037  pred=true   gold=true  running‐acc=0.706
Locality eval: pred=n/a               gold=n/a  correct=True  running‐acc=0.868
[  69/600] loss=2.8026  pred=n/a    gold=n/a  running‐acc=0.710
Locality eval: pred=true              gold=true  correct=True  running‐acc=0.870
[  70/600] loss=3.6591  pred=n/a    gold=n/a  running‐acc=0.714
Locality eval: pred=n/a               gold=true  correct=False  running‐acc=0.857
[  71/600] loss=3.3129  pred=n/a    gold=n/a  running‐acc=0.718
Locality eval: pred=true              gold=true  correct=True  running‐acc=0.859
[  72/600] loss=3.0753  pred=n/a    gold=n/a  running‐acc=0.722
Locality eval: pred=true              gold=true  correct=True  running‐acc=0.861
[  73/600] loss=4.0254  pred=true   gold=true  running‐acc=0.726
Locality eval: pred=n/a               gold=n/a  correct=True  running‐acc=0.863
[  74/600] loss=2.9738  pred=n/a    gold=n/a  running‐acc=0.730
Locality eval: pred=true              gold=true  correct=True  running‐acc=0.865
[  75/600] loss=2.9533  pred=true   gold=n/a  running‐acc=0.720
Locality eval: pred=true.             gold=true  correct=True  running‐acc=0.867
[  76/600] loss=4.9151  pred=true   gold=true  running‐acc=0.724
Locality eval: pred=n/a               gold=n/a  correct=True  running‐acc=0.868
[  77/600] loss=4.1466  pred=true   gold=true  running‐acc=0.727
Locality eval: pred=n/a               gold=n/a  correct=True  running‐acc=0.870
[  78/600] loss=2.9294  pred=n/a    gold=n/a  running‐acc=0.731
Locality eval: pred=true              gold=true  correct=True  running‐acc=0.872
[  79/600] loss=4.3036  pred=true   gold=true  running‐acc=0.734
Locality eval: pred=n/a               gold=n/a  correct=True  running‐acc=0.873
[  80/600] loss=2.8420  pred=n/a    gold=n/a  running‐acc=0.738
Locality eval: pred=true              gold=true  correct=True  running‐acc=0.875
[  81/600] loss=3.1080  pred=n/a    gold=n/a  running‐acc=0.741
Locality eval: pred=true              gold=true  correct=True  running‐acc=0.877
[  82/600] loss=3.9663  pred=true   gold=true  running‐acc=0.744
Locality eval: pred=n/a               gold=n/a  correct=True  running‐acc=0.878
[  83/600] loss=3.0731  pred=n/a    gold=n/a  running‐acc=0.747
Locality eval: pred=true              gold=true  correct=True  running‐acc=0.880
[  84/600] loss=4.0080  pred=true   gold=true  running‐acc=0.750
Locality eval: pred=n/a               gold=n/a  correct=True  running‐acc=0.881
[  85/600] loss=3.0876  pred=n/a    gold=n/a  running‐acc=0.753
Locality eval: pred=true              gold=true  correct=True  running‐acc=0.882
[  86/600] loss=2.9024  pred=n/a    gold=n/a  running‐acc=0.756
Locality eval: pred=true              gold=true  correct=True  running‐acc=0.884
[  87/600] loss=2.8870  pred=n/a    gold=n/a  running‐acc=0.759
Locality eval: pred=true              gold=true  correct=True  running‐acc=0.885
[  88/600] loss=4.0675  pred=true   gold=true  running‐acc=0.761
Locality eval: pred=n/a               gold=n/a  correct=True  running‐acc=0.886
[  89/600] loss=3.3790  pred=true   gold=true  running‐acc=0.764
Locality eval: pred=n/a               gold=n/a  correct=True  running‐acc=0.888
[  90/600] loss=2.8071  pred=n/a    gold=n/a  running‐acc=0.767
Locality eval: pred=true              gold=true  correct=True  running‐acc=0.889
[  91/600] loss=2.4737  pred=n/a    gold=n/a  running‐acc=0.769
Locality eval: pred=true              gold=true  correct=True  running‐acc=0.890
[  92/600] loss=2.7965  pred=true   gold=true  running‐acc=0.772
Locality eval: pred=                  gold=n/a  correct=False  running‐acc=0.880
[  93/600] loss=2.9846  pred=true   gold=n/a  running‐acc=0.763
Locality eval: pred=true              gold=true  correct=True  running‐acc=0.882
[  94/600] loss=2.5508  pred=       gold=n/a  running‐acc=0.755
Locality eval: pred=true              gold=true  correct=True  running‐acc=0.883
[  95/600] loss=3.3402  pred=true   gold=true  running‐acc=0.758
Locality eval: pred=n/a               gold=n/a  correct=True  running‐acc=0.884
[  96/600] loss=3.0757  pred=n/a    gold=n/a  running‐acc=0.760
Locality eval: pred=true              gold=true  correct=True  running‐acc=0.885
[  97/600] loss=2.5006  pred=n/a    gold=n/a  running‐acc=0.763
Locality eval: pred=true              gold=true  correct=True  running‐acc=0.887
[  98/600] loss=2.8379  pred=false  gold=n/a  running‐acc=0.755
Locality eval: pred=true              gold=true  correct=True  running‐acc=0.888
[  99/600] loss=3.0163  pred=true   gold=true  running‐acc=0.758
Locality eval: pred=n/a               gold=n/a  correct=True  running‐acc=0.889
[ 100/600] loss=3.3170  pred=true   gold=true  running‐acc=0.760
Locality eval: pred=n/a               gold=n/a  correct=True  running‐acc=0.890
[ 101/600] loss=2.7547  pred=n/a    gold=n/a  running‐acc=0.762
Locality eval: pred=true              gold=true  correct=True  running‐acc=0.891
[ 102/600] loss=3.5904  pred=n/a    gold=true  running‐acc=0.755
Locality eval: pred=n/a               gold=n/a  correct=True  running‐acc=0.892
[ 103/600] loss=3.2803  pred=n/a    gold=n/a  running‐acc=0.757
Locality eval: pred=n/a               gold=true  correct=False  running‐acc=0.883
[ 104/600] loss=3.4640  pred=true   gold=true  running‐acc=0.760
Locality eval: pred=n/a               gold=n/a  correct=True  running‐acc=0.885
[ 105/600] loss=3.9414  pred=n/a    gold=true  running‐acc=0.752
Locality eval: pred=n/a               gold=n/a  correct=True  running‐acc=0.886
[ 106/600] loss=3.7388  pred=n/a    gold=true  running‐acc=0.745
Locality eval: pred=true              gold=n/a  correct=False  running‐acc=0.877
[ 107/600] loss=3.6224  pred=n/a    gold=true  running‐acc=0.738
Locality eval: pred=false.            gold=n/a  correct=False  running‐acc=0.869
[ 108/600] loss=3.1652  pred=       gold=true  running‐acc=0.731
Locality eval: pred=n/a               gold=n/a  correct=True  running‐acc=0.870
[ 109/600] loss=4.0539  pred=true   gold=true  running‐acc=0.734
Locality eval: pred=n/a               gold=n/a  correct=True  running‐acc=0.872
[ 110/600] loss=3.8236  pred=n/a    gold=true  running‐acc=0.727
Locality eval: pred=n/a               gold=n/a  correct=True  running‐acc=0.873
[ 111/600] loss=2.6940  pred=n/a    gold=true  running‐acc=0.721
Locality eval: pred=n/a               gold=n/a  correct=True  running‐acc=0.874
[ 112/600] loss=3.4460  pred=true   gold=true  running‐acc=0.723
Locality eval: pred=n/a               gold=n/a  correct=True  running‐acc=0.875
[ 113/600] loss=2.7143  pred=n/a    gold=n/a  running‐acc=0.726
Locality eval: pred=true              gold=true  correct=True  running‐acc=0.876
[ 114/600] loss=3.4063  pred=true   gold=n/a  running‐acc=0.719
Locality eval: pred=n/a               gold=true  correct=False  running‐acc=0.868
[ 115/600] loss=2.9278  pred=false  gold=n/a  running‐acc=0.713
Locality eval: pred=true              gold=true  correct=True  running‐acc=0.870
[ 116/600] loss=3.3801  pred=true   gold=true  running‐acc=0.716
Locality eval: pred=n/a               gold=n/a  correct=True  running‐acc=0.871
[ 117/600] loss=3.3991  pred=n/a    gold=n/a  running‐acc=0.718
Locality eval: pred=true              gold=true  correct=True  running‐acc=0.872
[ 118/600] loss=2.9464  pred=n/a    gold=n/a  running‐acc=0.720
Locality eval: pred=true              gold=true  correct=True  running‐acc=0.873
[ 119/600] loss=2.7784  pred=n/a    gold=n/a  running‐acc=0.723
Locality eval: pred=true              gold=true  correct=True  running‐acc=0.874
[ 120/600] loss=3.3117  pred=n/a    gold=n/a  running‐acc=0.725
Locality eval: pred=n/a               gold=true  correct=False  running‐acc=0.867
[ 121/600] loss=3.7113  pred=n/a    gold=true  running‐acc=0.719
Locality eval: pred=n/a               gold=n/a  correct=True  running‐acc=0.868
[ 122/600] loss=4.2153  pred=n/a    gold=true  running‐acc=0.713
Locality eval: pred=n/a               gold=n/a  correct=True  running‐acc=0.869
[ 123/600] loss=3.1274  pred=false  gold=n/a  running‐acc=0.707
Locality eval: pred=true              gold=true  correct=True  running‐acc=0.870
[ 124/600] loss=2.8723  pred=n/a.   gold=n/a  running‐acc=0.710
Locality eval: pred=true              gold=true  correct=True  running‐acc=0.871
[ 125/600] loss=3.1026  pred=true   gold=n/a  running‐acc=0.704
Locality eval: pred=true              gold=true  correct=True  running‐acc=0.872
[ 126/600] loss=3.8408  pred=true   gold=true  running‐acc=0.706
Locality eval: pred=n/a               gold=n/a  correct=True  running‐acc=0.873
[ 127/600] loss=3.9701  pred=true   gold=true  running‐acc=0.709
Locality eval: pred=n/a               gold=n/a  correct=True  running‐acc=0.874
[ 128/600] loss=2.8713  pred=n/a    gold=n/a  running‐acc=0.711
Locality eval: pred=true              gold=true  correct=True  running‐acc=0.875
[ 129/600] loss=2.8607  pred=n/a    gold=true  running‐acc=0.705
Locality eval: pred=n/a               gold=n/a  correct=True  running‐acc=0.876
[ 130/600] loss=3.2337  pred=n/a    gold=n/a  running‐acc=0.708
Locality eval: pred=true              gold=true  correct=True  running‐acc=0.877
[ 131/600] loss=5.0205  pred=true   gold=true  running‐acc=0.710
Locality eval: pred=n/a               gold=n/a  correct=True  running‐acc=0.878
[ 132/600] loss=3.0310  pred=n/a    gold=n/a  running‐acc=0.712
Locality eval: pred=true.             gold=true  correct=True  running‐acc=0.879
[ 133/600] loss=3.2598  pred=n/a    gold=n/a  running‐acc=0.714
Locality eval: pred=true              gold=true  correct=True  running‐acc=0.880
[ 134/600] loss=3.0996  pred=true   gold=true  running‐acc=0.716
Locality eval: pred=n/a               gold=n/a  correct=True  running‐acc=0.881
[ 135/600] loss=3.8132  pred=true   gold=true  running‐acc=0.719
Locality eval: pred=n/a               gold=n/a  correct=True  running‐acc=0.881
[ 136/600] loss=2.9110  pred=n/a    gold=n/a  running‐acc=0.721
Locality eval: pred=true              gold=true  correct=True  running‐acc=0.882
[ 137/600] loss=3.8268  pred=true   gold=true  running‐acc=0.723
Locality eval: pred=n/a               gold=n/a  correct=True  running‐acc=0.883
[ 138/600] loss=4.1959  pred=true   gold=true  running‐acc=0.725
Locality eval: pred=n/a               gold=n/a  correct=True  running‐acc=0.884
[ 139/600] loss=3.2519  pred=n/a    gold=n/a  running‐acc=0.727
Locality eval: pred=true              gold=true  correct=True  running‐acc=0.885
[ 140/600] loss=2.8980  pred=n/a    gold=n/a  running‐acc=0.729
Locality eval: pred=true              gold=true  correct=True  running‐acc=0.886
[ 141/600] loss=3.0839  pred=n/a    gold=n/a  running‐acc=0.730
Locality eval: pred=true              gold=true  correct=True  running‐acc=0.887
[ 142/600] loss=3.0819  pred=n/a    gold=n/a  running‐acc=0.732
Locality eval: pred=n/a               gold=true  correct=False  running‐acc=0.880
[ 143/600] loss=2.8024  pred=true   gold=true  running‐acc=0.734
Locality eval: pred=n/a               gold=n/a  correct=True  running‐acc=0.881
[ 144/600] loss=2.9206  pred=true   gold=true  running‐acc=0.736
Locality eval: pred=n/a               gold=n/a  correct=True  running‐acc=0.882
[ 145/600] loss=3.9534  pred=true   gold=true  running‐acc=0.738
Locality eval: pred=n/a               gold=n/a  correct=True  running‐acc=0.883
[ 146/600] loss=3.9754  pred=n/a    gold=true  running‐acc=0.733
Locality eval: pred=true              gold=n/a  correct=False  running‐acc=0.877
[ 147/600] loss=2.9760  pred=true   gold=n/a  running‐acc=0.728
Locality eval: pred=n/a.              gold=true  correct=False  running‐acc=0.871
[ 148/600] loss=3.7410  pred=true   gold=true  running‐acc=0.730
Locality eval: pred=n/a               gold=n/a  correct=True  running‐acc=0.872
[ 149/600] loss=2.8348  pred=true   gold=n/a  running‐acc=0.725
Locality eval: pred=true              gold=true  correct=True  running‐acc=0.872
[ 150/600] loss=2.5563  pred=n/a    gold=n/a  running‐acc=0.727
Locality eval: pred=true              gold=true  correct=True  running‐acc=0.873
[ 151/600] loss=2.8776  pred=true   gold=true  running‐acc=0.728
Locality eval: pred=n/a               gold=n/a  correct=True  running‐acc=0.874
[ 152/600] loss=2.9187  pred=true   gold=true  running‐acc=0.730
Locality eval: pred=n/a               gold=n/a  correct=True  running‐acc=0.875
[ 153/600] loss=2.8212  pred=n/a    gold=n/a  running‐acc=0.732
Locality eval: pred=n/a               gold=true  correct=False  running‐acc=0.869
[ 154/600] loss=3.0334  pred=true   gold=n/a  running‐acc=0.727
Locality eval: pred=true              gold=true  correct=True  running‐acc=0.870
[ 155/600] loss=2.5238  pred=true   gold=true  running‐acc=0.729
Locality eval: pred=n/a               gold=n/a  correct=True  running‐acc=0.871
[ 156/600] loss=2.7615  pred=true   gold=n/a  running‐acc=0.724
Locality eval: pred=true              gold=true  correct=True  running‐acc=0.872
[ 157/600] loss=4.0597  pred=true   gold=true  running‐acc=0.726
Locality eval: pred=n/a               gold=n/a  correct=True  running‐acc=0.873
[ 158/600] loss=3.0457  pred=true   gold=n/a  running‐acc=0.722
Locality eval: pred=false.            gold=true  correct=False  running‐acc=0.867
[ 159/600] loss=2.8449  pred=n/a    gold=n/a  running‐acc=0.723
Locality eval: pred=true              gold=true  correct=True  running‐acc=0.868
[ 160/600] loss=3.5922  pred=n/a    gold=n/a  running‐acc=0.725
Locality eval: pred=true              gold=true  correct=True  running‐acc=0.869
[ 161/600] loss=4.1231  pred=true   gold=true  running‐acc=0.727
Locality eval: pred=false             gold=n/a  correct=False  running‐acc=0.863
[ 162/600] loss=2.6124  pred=n/a    gold=n/a  running‐acc=0.728
Locality eval: pred=true              gold=true  correct=True  running‐acc=0.864
[ 163/600] loss=2.9837  pred=n/a    gold=n/a  running‐acc=0.730
Locality eval: pred=true              gold=true  correct=True  running‐acc=0.865
[ 164/600] loss=3.1205  pred=n/a    gold=n/a  running‐acc=0.732
Locality eval: pred=true              gold=true  correct=True  running‐acc=0.866
[ 165/600] loss=3.8678  pred=true   gold=true  running‐acc=0.733
Locality eval: pred=n/a               gold=n/a  correct=True  running‐acc=0.867
[ 166/600] loss=3.6950  pred=true   gold=true  running‐acc=0.735
Locality eval: pred=n/a               gold=n/a  correct=True  running‐acc=0.867
[ 167/600] loss=3.1451  pred=n/a    gold=n/a  running‐acc=0.737
Locality eval: pred=n/a               gold=true  correct=False  running‐acc=0.862
[ 168/600] loss=3.2331  pred=n/a    gold=true  running‐acc=0.732
Locality eval: pred=n/a               gold=n/a  correct=True  running‐acc=0.863
[ 169/600] loss=2.8254  pred=n/a    gold=n/a  running‐acc=0.734
Locality eval: pred=true              gold=true  correct=True  running‐acc=0.864
[ 170/600] loss=2.7572  pred=false.  gold=n/a  running‐acc=0.729
Locality eval: pred=true              gold=true  correct=True  running‐acc=0.865
[ 171/600] loss=3.0170  pred=n/a    gold=n/a  running‐acc=0.731
Locality eval: pred=true              gold=true  correct=True  running‐acc=0.865
[ 172/600] loss=4.0248  pred=true   gold=true  running‐acc=0.733
Locality eval: pred=n/a               gold=n/a  correct=True  running‐acc=0.866
[ 173/600] loss=2.7927  pred=n/a    gold=n/a  running‐acc=0.734
Locality eval: pred=true              gold=true  correct=True  running‐acc=0.867
[ 174/600] loss=3.8213  pred=true   gold=true  running‐acc=0.736
Locality eval: pred=n/a               gold=n/a  correct=True  running‐acc=0.868
[ 175/600] loss=3.4548  pred=true   gold=true  running‐acc=0.737
Locality eval: pred=n/a               gold=n/a  correct=True  running‐acc=0.869
[ 176/600] loss=3.1215  pred=true   gold=n/a  running‐acc=0.733
Locality eval: pred=true              gold=true  correct=True  running‐acc=0.869
[ 177/600] loss=3.7329  pred=n/a    gold=true  running‐acc=0.729
Locality eval: pred=true              gold=n/a  correct=False  running‐acc=0.864
[ 178/600] loss=3.5951  pred=n/a    gold=n/a  running‐acc=0.730
Locality eval: pred=n/a               gold=true  correct=False  running‐acc=0.860
[ 179/600] loss=3.5115  pred=n/a    gold=n/a  running‐acc=0.732
Locality eval: pred=n/a               gold=true  correct=False  running‐acc=0.855
[ 180/600] loss=3.9443  pred=false.  gold=true  running‐acc=0.728
Locality eval: pred=true              gold=n/a  correct=False  running‐acc=0.850
[ 181/600] loss=3.0136  pred=true   gold=n/a  running‐acc=0.724
Locality eval: pred=true              gold=true  correct=True  running‐acc=0.851
[ 182/600] loss=3.2987  pred=n/a    gold=n/a  running‐acc=0.725
Locality eval: pred=true              gold=true  correct=True  running‐acc=0.852
[ 183/600] loss=3.9899  pred=true   gold=true  running‐acc=0.727
Locality eval: pred=n/a               gold=n/a  correct=True  running‐acc=0.852
[ 184/600] loss=3.7425  pred=n/a    gold=true  running‐acc=0.723
Locality eval: pred=n/a               gold=n/a  correct=True  running‐acc=0.853
[ 185/600] loss=3.3669  pred=true   gold=true  running‐acc=0.724
Locality eval: pred=n/a               gold=n/a  correct=True  running‐acc=0.854
[ 186/600] loss=3.7871  pred=true   gold=true  running‐acc=0.726
Locality eval: pred=n/a               gold=n/a  correct=True  running‐acc=0.855
[ 187/600] loss=2.8616  pred=n/a    gold=n/a  running‐acc=0.727
Locality eval: pred=true              gold=true  correct=True  running‐acc=0.856
[ 188/600] loss=2.7761  pred=n/a    gold=n/a  running‐acc=0.729
Locality eval: pred=n/a               gold=true  correct=False  running‐acc=0.851
[ 189/600] loss=3.4306  pred=true   gold=true  running‐acc=0.730
Locality eval: pred=n/a               gold=n/a  correct=True  running‐acc=0.852
[ 190/600] loss=3.4204  pred=true.  gold=n/a  running‐acc=0.726
Locality eval: pred=true              gold=true  correct=True  running‐acc=0.853
[ 191/600] loss=3.1998  pred=n/a    gold=n/a  running‐acc=0.728
Locality eval: pred=true              gold=true  correct=True  running‐acc=0.853
[ 192/600] loss=2.8068  pred=true   gold=n/a  running‐acc=0.724
Locality eval: pred=true              gold=true  correct=True  running‐acc=0.854
[ 193/600] loss=4.1320  pred=       gold=true  running‐acc=0.720
Locality eval: pred=n/a               gold=n/a  correct=True  running‐acc=0.855
[ 194/600] loss=3.4718  pred=true   gold=true  running‐acc=0.722
Locality eval: pred=n/a               gold=n/a  correct=True  running‐acc=0.856
[ 195/600] loss=3.3311  pred=true   gold=true  running‐acc=0.723
Locality eval: pred=n/a               gold=n/a  correct=True  running‐acc=0.856
[ 196/600] loss=3.7574  pred=true   gold=true  running‐acc=0.724
Locality eval: pred=n/a               gold=n/a  correct=True  running‐acc=0.857
[ 197/600] loss=3.2960  pred=true   gold=true  running‐acc=0.726
Locality eval: pred=n/a               gold=n/a  correct=True  running‐acc=0.858
[ 198/600] loss=2.9481  pred=n/a    gold=n/a  running‐acc=0.727
Locality eval: pred=true              gold=true  correct=True  running‐acc=0.859
[ 199/600] loss=3.5988  pred=true   gold=true  running‐acc=0.729
Locality eval: pred=n/a               gold=n/a  correct=True  running‐acc=0.859
[ 200/600] loss=4.2863  pred=true   gold=true  running‐acc=0.730
Locality eval: pred=n/a               gold=n/a  correct=True  running‐acc=0.860
[ 201/600] loss=2.5605  pred=false.  gold=n/a  running‐acc=0.726
Locality eval: pred=n/a               gold=true  correct=False  running‐acc=0.856
[ 202/600] loss=2.8459  pred=n/a    gold=n/a  running‐acc=0.728
Locality eval: pred=true              gold=true  correct=True  running‐acc=0.856
[ 203/600] loss=3.5258  pred=true   gold=true  running‐acc=0.729
Locality eval: pred=n/a               gold=n/a  correct=True  running‐acc=0.857
[ 204/600] loss=2.5581  pred=n/a    gold=n/a  running‐acc=0.730
Locality eval: pred=true              gold=true  correct=True  running‐acc=0.858
[ 205/600] loss=4.8990  pred=true   gold=true  running‐acc=0.732
Locality eval: pred=                  gold=n/a  correct=False  running‐acc=0.854
[ 206/600] loss=2.7006  pred=n/a    gold=n/a  running‐acc=0.733
Locality eval: pred=n/a               gold=true  correct=False  running‐acc=0.850
[ 207/600] loss=3.3619  pred=false.  gold=n/a  running‐acc=0.729
Locality eval: pred=n/a               gold=true  correct=False  running‐acc=0.845
[ 208/600] loss=3.9098  pred=true   gold=true  running‐acc=0.731
Locality eval: pred=n/a               gold=n/a  correct=True  running‐acc=0.846
[ 209/600] loss=2.9160  pred=true   gold=n/a  running‐acc=0.727
Locality eval: pred=true              gold=true  correct=True  running‐acc=0.847
[ 210/600] loss=2.9947  pred=n/a    gold=n/a  running‐acc=0.729
Locality eval: pred=true              gold=true  correct=True  running‐acc=0.848
[ 211/600] loss=3.2678  pred=true   gold=true  running‐acc=0.730
Locality eval: pred=n/a               gold=n/a  correct=True  running‐acc=0.848
[ 212/600] loss=2.5575  pred=true   gold=n/a  running‐acc=0.726
Locality eval: pred=true              gold=true  correct=True  running‐acc=0.849
[ 213/600] loss=4.8057  pred=true   gold=true  running‐acc=0.728
Locality eval: pred=n/a               gold=n/a  correct=True  running‐acc=0.850
[ 214/600] loss=2.4286  pred=n/a    gold=n/a  running‐acc=0.729
Locality eval: pred=n/a               gold=true  correct=False  running‐acc=0.846
[ 215/600] loss=3.1296  pred=true   gold=true  running‐acc=0.730
Locality eval: pred=n/a               gold=n/a  correct=True  running‐acc=0.847
[ 216/600] loss=3.0430  pred=n/a    gold=n/a  running‐acc=0.731
Locality eval: pred=true              gold=true  correct=True  running‐acc=0.847
[ 217/600] loss=4.0343  pred=true   gold=true  running‐acc=0.733
Locality eval: pred=true              gold=n/a  correct=False  running‐acc=0.843
[ 218/600] loss=3.1060  pred=n/a    gold=n/a  running‐acc=0.734
Locality eval: pred=n/a               gold=true  correct=False  running‐acc=0.839
[ 219/600] loss=3.1395  pred=true   gold=true  running‐acc=0.735
Locality eval: pred=n/a               gold=n/a  correct=True  running‐acc=0.840
[ 220/600] loss=3.2303  pred=n/a    gold=n/a  running‐acc=0.736
Locality eval: pred=true              gold=true  correct=True  running‐acc=0.841
[ 221/600] loss=3.1267  pred=n/a    gold=n/a  running‐acc=0.738
Locality eval: pred=true              gold=true  correct=True  running‐acc=0.842
[ 222/600] loss=3.7220  pred=n/a    gold=n/a  running‐acc=0.739
Locality eval: pred=true              gold=true  correct=True  running‐acc=0.842
[ 223/600] loss=2.9547  pred=n/a    gold=n/a  running‐acc=0.740
Locality eval: pred=true              gold=true  correct=True  running‐acc=0.843
[ 224/600] loss=2.8060  pred=true   gold=n/a  running‐acc=0.737
Locality eval: pred=true              gold=true  correct=True  running‐acc=0.844
[ 225/600] loss=2.8257  pred=false  gold=n/a  running‐acc=0.733
Locality eval: pred=true              gold=true  correct=True  running‐acc=0.844
[ 226/600] loss=4.0550  pred=true   gold=true  running‐acc=0.735
Locality eval: pred=true              gold=n/a  correct=False  running‐acc=0.841
[ 227/600] loss=2.4281  pred=n/a    gold=n/a  running‐acc=0.736
Locality eval: pred=true              gold=true  correct=True  running‐acc=0.841
[ 228/600] loss=2.8716  pred=n/a    gold=n/a  running‐acc=0.737
Locality eval: pred=true              gold=true  correct=True  running‐acc=0.842
[ 229/600] loss=3.0415  pred=n/a    gold=n/a  running‐acc=0.738
Locality eval: pred=true              gold=true  correct=True  running‐acc=0.843
[ 230/600] loss=2.6884  pred=n/a    gold=n/a  running‐acc=0.739
Locality eval: pred=true              gold=true  correct=True  running‐acc=0.843
[ 231/600] loss=3.4137  pred=n/a    gold=n/a  running‐acc=0.740
Locality eval: pred=true              gold=true  correct=True  running‐acc=0.844
[ 232/600] loss=3.0283  pred=n/a    gold=n/a  running‐acc=0.741
Locality eval: pred=true              gold=true  correct=True  running‐acc=0.845
[ 233/600] loss=4.8717  pred=true   gold=true  running‐acc=0.742
Locality eval: pred=n/a               gold=n/a  correct=True  running‐acc=0.845
[ 234/600] loss=3.6658  pred=true   gold=true  running‐acc=0.744
Locality eval: pred=n/a               gold=n/a  correct=True  running‐acc=0.846
[ 235/600] loss=2.5573  pred=n/a    gold=n/a  running‐acc=0.745
Locality eval: pred=true              gold=true  correct=True  running‐acc=0.847
[ 236/600] loss=3.0408  pred=n/a    gold=n/a  running‐acc=0.746
Locality eval: pred=n/a.              gold=true  correct=False  running‐acc=0.843
[ 237/600] loss=3.8736  pred=false  gold=true  running‐acc=0.743
Locality eval: pred=n/a               gold=n/a  correct=True  running‐acc=0.844
[ 238/600] loss=3.3921  pred=true   gold=n/a  running‐acc=0.739
Locality eval: pred=true              gold=true  correct=True  running‐acc=0.845
[ 239/600] loss=3.1402  pred=n/a    gold=n/a  running‐acc=0.741
Locality eval: pred=true              gold=true  correct=True  running‐acc=0.845
[ 240/600] loss=4.4697  pred=true   gold=true  running‐acc=0.742
Locality eval: pred=n/a               gold=n/a  correct=True  running‐acc=0.846
[ 241/600] loss=3.7107  pred=false  gold=n/a  running‐acc=0.739
Locality eval: pred=true              gold=true  correct=True  running‐acc=0.846
[ 242/600] loss=2.7895  pred=n/a    gold=n/a  running‐acc=0.740
Locality eval: pred=n/a               gold=true  correct=False  running‐acc=0.843
[ 243/600] loss=2.9604  pred=n/a    gold=n/a  running‐acc=0.741
Locality eval: pred=n/a               gold=true  correct=False  running‐acc=0.840
[ 244/600] loss=3.7017  pred=true   gold=true  running‐acc=0.742
Locality eval: pred=n/a               gold=n/a  correct=True  running‐acc=0.840
[ 245/600] loss=4.4978  pred=n/a    gold=true  running‐acc=0.739
Locality eval: pred=n/a               gold=n/a  correct=True  running‐acc=0.841
[ 246/600] loss=3.3377  pred=true   gold=true  running‐acc=0.740
Locality eval: pred=                  gold=n/a  correct=False  running‐acc=0.837
[ 247/600] loss=3.9766  pred=true   gold=true  running‐acc=0.741
Locality eval: pred=n/a               gold=n/a  correct=True  running‐acc=0.838
[ 248/600] loss=4.1269  pred=true   gold=true  running‐acc=0.742
Locality eval: pred=n/a               gold=n/a  correct=True  running‐acc=0.839
[ 249/600] loss=2.8409  pred=true   gold=n/a  running‐acc=0.739
Locality eval: pred=true              gold=true  correct=True  running‐acc=0.839
[ 250/600] loss=3.8036  pred=true   gold=true  running‐acc=0.740
Locality eval: pred=n/a               gold=n/a  correct=True  running‐acc=0.840
[ 251/600] loss=2.8408  pred=n/a    gold=n/a  running‐acc=0.741
Locality eval: pred=true              gold=true  correct=True  running‐acc=0.841
[ 252/600] loss=3.0618  pred=true   gold=n/a  running‐acc=0.738
Locality eval: pred=true              gold=true  correct=True  running‐acc=0.841
[ 253/600] loss=4.1233  pred=true   gold=true  running‐acc=0.739
Locality eval: pred=n/a               gold=n/a  correct=True  running‐acc=0.842
[ 254/600] loss=4.2054  pred=true   gold=true  running‐acc=0.740
Locality eval: pred=n/a               gold=n/a  correct=True  running‐acc=0.843
[ 255/600] loss=3.3195  pred=true   gold=n/a  running‐acc=0.737
Locality eval: pred=true              gold=true  correct=True  running‐acc=0.843
[ 256/600] loss=2.6817  pred=n/a    gold=n/a  running‐acc=0.738
Locality eval: pred=true              gold=true  correct=True  running‐acc=0.844
[ 257/600] loss=3.2765  pred=n/a    gold=n/a  running‐acc=0.739
Locality eval: pred=true              gold=true  correct=True  running‐acc=0.844
[ 258/600] loss=3.0317  pred=n/a    gold=n/a  running‐acc=0.740
Locality eval: pred=true              gold=true  correct=True  running‐acc=0.845
[ 259/600] loss=3.2294  pred=true   gold=true  running‐acc=0.741
Locality eval: pred=true              gold=n/a  correct=False  running‐acc=0.842
[ 260/600] loss=3.9396  pred=true   gold=true  running‐acc=0.742
Locality eval: pred=n/a               gold=n/a  correct=True  running‐acc=0.842
[ 261/600] loss=3.7179  pred=true   gold=true  running‐acc=0.743
Locality eval: pred=false.            gold=n/a  correct=False  running‐acc=0.839
[ 262/600] loss=3.2844  pred=true   gold=true  running‐acc=0.744
Locality eval: pred=n/a               gold=n/a  correct=True  running‐acc=0.840
[ 263/600] loss=2.6872  pred=true   gold=n/a  running‐acc=0.741
Locality eval: pred=true              gold=true  correct=True  running‐acc=0.840
[ 264/600] loss=2.8602  pred=false.  gold=n/a  running‐acc=0.739
Locality eval: pred=true              gold=true  correct=True  running‐acc=0.841
[ 265/600] loss=4.0359  pred=true   gold=true  running‐acc=0.740
Locality eval: pred=n/a               gold=n/a  correct=True  running‐acc=0.842
[ 266/600] loss=3.3909  pred=n/a    gold=n/a  running‐acc=0.741
Locality eval: pred=true              gold=true  correct=True  running‐acc=0.842
[ 267/600] loss=2.9416  pred=n/a    gold=n/a  running‐acc=0.742
Locality eval: pred=true              gold=true  correct=True  running‐acc=0.843
[ 268/600] loss=3.7960  pred=true   gold=true  running‐acc=0.743
Locality eval: pred=n/a               gold=n/a  correct=True  running‐acc=0.843
[ 269/600] loss=2.8201  pred=false  gold=n/a  running‐acc=0.740
Locality eval: pred=n/a               gold=true  correct=False  running‐acc=0.840
[ 270/600] loss=3.0019  pred=true   gold=true  running‐acc=0.741
Locality eval: pred=n/a               gold=n/a  correct=True  running‐acc=0.841
[ 271/600] loss=2.7449  pred=n/a    gold=n/a  running‐acc=0.742
Locality eval: pred=true              gold=true  correct=True  running‐acc=0.841
[ 272/600] loss=3.7622  pred=true   gold=true  running‐acc=0.743
Locality eval: pred=n/a               gold=n/a  correct=True  running‐acc=0.842
[ 273/600] loss=2.8339  pred=n/a    gold=n/a  running‐acc=0.744
Locality eval: pred=true              gold=true  correct=True  running‐acc=0.842
[ 274/600] loss=2.8784  pred=n/a    gold=n/a  running‐acc=0.745
Locality eval: pred=true              gold=true  correct=True  running‐acc=0.843
[ 275/600] loss=4.0315  pred=true   gold=true  running‐acc=0.745
Locality eval: pred=n/a               gold=n/a  correct=True  running‐acc=0.844
[ 276/600] loss=2.8078  pred=n/a.   gold=n/a  running‐acc=0.746
Locality eval: pred=true              gold=true  correct=True  running‐acc=0.844
[ 277/600] loss=3.8243  pred=true   gold=true  running‐acc=0.747
Locality eval: pred=n/a               gold=n/a  correct=True  running‐acc=0.845
[ 278/600] loss=2.9730  pred=n/a    gold=n/a  running‐acc=0.748
Locality eval: pred=n/a               gold=true  correct=False  running‐acc=0.842
[ 279/600] loss=3.9590  pred=true   gold=true  running‐acc=0.749
Locality eval: pred=n/a               gold=n/a  correct=True  running‐acc=0.842
[ 280/600] loss=2.8070  pred=n/a    gold=n/a  running‐acc=0.750
Locality eval: pred=n/a               gold=true  correct=False  running‐acc=0.839
[ 281/600] loss=3.4429  pred=true   gold=true  running‐acc=0.751
Locality eval: pred=n/a               gold=n/a  correct=True  running‐acc=0.840
[ 282/600] loss=3.9139  pred=true   gold=true  running‐acc=0.752
Locality eval: pred=n/a               gold=n/a  correct=True  running‐acc=0.840
[ 283/600] loss=2.9618  pred=n/a    gold=n/a  running‐acc=0.753
Locality eval: pred=true              gold=true  correct=True  running‐acc=0.841
[ 284/600] loss=2.4937  pred=n/a    gold=n/a  running‐acc=0.754
Locality eval: pred=true              gold=true  correct=True  running‐acc=0.842
[ 285/600] loss=3.3078  pred=n/a    gold=true  running‐acc=0.751
Locality eval: pred=n/a               gold=n/a  correct=True  running‐acc=0.842
[ 286/600] loss=2.8744  pred=n/a    gold=n/a  running‐acc=0.752
Locality eval: pred=true              gold=true  correct=True  running‐acc=0.843
[ 287/600] loss=2.6687  pred=true   gold=n/a  running‐acc=0.749
Locality eval: pred=true              gold=true  correct=True  running‐acc=0.843
[ 288/600] loss=3.4193  pred=true.  gold=true  running‐acc=0.750
Locality eval: pred=n/a               gold=n/a  correct=True  running‐acc=0.844
[ 289/600] loss=4.2724  pred=true   gold=true  running‐acc=0.751
Locality eval: pred=n/a               gold=n/a  correct=True  running‐acc=0.844
[ 290/600] loss=2.8119  pred=n/a    gold=n/a  running‐acc=0.752
Locality eval: pred=true              gold=true  correct=True  running‐acc=0.845
[ 291/600] loss=3.8273  pred=true   gold=true  running‐acc=0.753
Locality eval: pred=true              gold=n/a  correct=False  running‐acc=0.842
[ 292/600] loss=3.5108  pred=true   gold=true  running‐acc=0.753
Locality eval: pred=n/a               gold=n/a  correct=True  running‐acc=0.842
[ 293/600] loss=3.5454  pred=n/a    gold=true  running‐acc=0.751
Locality eval: pred=true              gold=n/a  correct=False  running‐acc=0.840
[ 294/600] loss=3.4365  pred=true   gold=true  running‐acc=0.752
Locality eval: pred=n/a               gold=n/a  correct=True  running‐acc=0.840
[ 295/600] loss=3.3344  pred=n/a    gold=n/a  running‐acc=0.753
Locality eval: pred=true              gold=true  correct=True  running‐acc=0.841
[ 296/600] loss=3.0392  pred=true   gold=n/a  running‐acc=0.750
Locality eval: pred=true              gold=true  correct=True  running‐acc=0.841
[ 297/600] loss=4.3487  pred=false  gold=true  running‐acc=0.747
Locality eval: pred=n/a               gold=n/a  correct=True  running‐acc=0.842
[ 298/600] loss=2.8703  pred=true   gold=true  running‐acc=0.748
Locality eval: pred=n/a               gold=n/a  correct=True  running‐acc=0.842
[ 299/600] loss=2.6118  pred=n/a    gold=n/a  running‐acc=0.749
Locality eval: pred=true              gold=true  correct=True  running‐acc=0.843
[ 300/600] loss=2.8929  pred=true   gold=n/a  running‐acc=0.747
Locality eval: pred=true              gold=true  correct=True  running‐acc=0.843
[ 301/600] loss=3.7778  pred=true   gold=true  running‐acc=0.748
Locality eval: pred=true              gold=n/a  correct=False  running‐acc=0.841
[ 302/600] loss=3.7604  pred=true.  gold=true  running‐acc=0.748
Locality eval: pred=n/a               gold=n/a  correct=True  running‐acc=0.841
[ 303/600] loss=3.1092  pred=true   gold=true  running‐acc=0.749
Locality eval: pred=n/a               gold=n/a  correct=True  running‐acc=0.842
[ 304/600] loss=4.3488  pred=true   gold=true  running‐acc=0.750
Locality eval: pred=n/a               gold=n/a  correct=True  running‐acc=0.842
[ 305/600] loss=4.1667  pred=n/a    gold=true  running‐acc=0.748
Locality eval: pred=n/a               gold=n/a  correct=True  running‐acc=0.843
[ 306/600] loss=3.5807  pred=true   gold=true  running‐acc=0.748
Locality eval: pred=n/a               gold=n/a  correct=True  running‐acc=0.843
[ 307/600] loss=3.5398  pred=true   gold=true  running‐acc=0.749
Locality eval: pred=n/a               gold=n/a  correct=True  running‐acc=0.844
[ 308/600] loss=4.1588  pred=true   gold=true  running‐acc=0.750
Locality eval: pred=n/a               gold=n/a  correct=True  running‐acc=0.844
[ 309/600] loss=3.5424  pred=true   gold=true  running‐acc=0.751
Locality eval: pred=n/a               gold=n/a  correct=True  running‐acc=0.845
[ 310/600] loss=3.4370  pred=n/a    gold=n/a  running‐acc=0.752
Locality eval: pred=n/a               gold=true  correct=False  running‐acc=0.842
[ 311/600] loss=3.9377  pred=true   gold=true  running‐acc=0.752
Locality eval: pred=n/a               gold=n/a  correct=True  running‐acc=0.842
[ 312/600] loss=3.4124  pred=true   gold=true  running‐acc=0.753
Locality eval: pred=n/a               gold=n/a  correct=True  running‐acc=0.843
[ 313/600] loss=2.5951  pred=n/a    gold=n/a  running‐acc=0.754
Locality eval: pred=true              gold=true  correct=True  running‐acc=0.843
[ 314/600] loss=2.6835  pred=true   gold=n/a  running‐acc=0.752
Locality eval: pred=true              gold=true  correct=True  running‐acc=0.844
[ 315/600] loss=2.6257  pred=true   gold=n/a  running‐acc=0.749
Locality eval: pred=true              gold=true  correct=True  running‐acc=0.844
[ 316/600] loss=3.7172  pred=true   gold=true  running‐acc=0.750
Locality eval: pred=n/a               gold=n/a  correct=True  running‐acc=0.845
[ 317/600] loss=3.5847  pred=true   gold=true  running‐acc=0.751
Locality eval: pred=n/a               gold=n/a  correct=True  running‐acc=0.845
[ 318/600] loss=3.5120  pred=true   gold=true  running‐acc=0.752
Locality eval: pred=n/a               gold=n/a  correct=True  running‐acc=0.846
[ 319/600] loss=2.7390  pred=n/a    gold=n/a  running‐acc=0.752
Locality eval: pred=true              gold=true  correct=True  running‐acc=0.846
[ 320/600] loss=2.7092  pred=n/a    gold=n/a  running‐acc=0.753
Locality eval: pred=true              gold=true  correct=True  running‐acc=0.847
[ 321/600] loss=3.4435  pred=n/a    gold=true  running‐acc=0.751
Locality eval: pred=n/a               gold=n/a  correct=True  running‐acc=0.847
[ 322/600] loss=3.3850  pred=true   gold=true  running‐acc=0.752
Locality eval: pred=n/a               gold=n/a  correct=True  running‐acc=0.848
[ 323/600] loss=2.7564  pred=n/a    gold=n/a  running‐acc=0.752
Locality eval: pred=true              gold=true  correct=True  running‐acc=0.848
[ 324/600] loss=3.1870  pred=n/a    gold=n/a  running‐acc=0.753
Locality eval: pred=true              gold=true  correct=True  running‐acc=0.849
[ 325/600] loss=4.2412  pred=true   gold=true  running‐acc=0.754
Locality eval: pred=true              gold=n/a  correct=False  running‐acc=0.846
[ 326/600] loss=2.7489  pred=true   gold=n/a  running‐acc=0.752
Locality eval: pred=true              gold=true  correct=True  running‐acc=0.847
[ 327/600] loss=4.0374  pred=true   gold=true  running‐acc=0.752
Locality eval: pred=true              gold=n/a  correct=False  running‐acc=0.844
[ 328/600] loss=2.6831  pred=true   gold=n/a  running‐acc=0.750
Locality eval: pred=true              gold=true  correct=True  running‐acc=0.845
[ 329/600] loss=3.0130  pred=true   gold=true  running‐acc=0.751
Locality eval: pred=n/a               gold=n/a  correct=True  running‐acc=0.845
[ 330/600] loss=2.8391  pred=n/a    gold=n/a  running‐acc=0.752
Locality eval: pred=true              gold=true  correct=True  running‐acc=0.845
[ 331/600] loss=3.4301  pred=true   gold=true  running‐acc=0.752
Locality eval: pred=n/a               gold=n/a  correct=True  running‐acc=0.846
[ 332/600] loss=2.8933  pred=false  gold=n/a  running‐acc=0.750
Locality eval: pred=true              gold=true  correct=True  running‐acc=0.846
[ 333/600] loss=2.9249  pred=true   gold=true  running‐acc=0.751
Locality eval: pred=n/a               gold=n/a  correct=True  running‐acc=0.847
[ 334/600] loss=3.6534  pred=true   gold=n/a  running‐acc=0.749
Locality eval: pred=true              gold=true  correct=True  running‐acc=0.847
[ 335/600] loss=3.9559  pred=true   gold=true  running‐acc=0.749
Locality eval: pred=n/a               gold=n/a  correct=True  running‐acc=0.848
[ 336/600] loss=2.8002  pred=n/a    gold=n/a  running‐acc=0.750
Locality eval: pred=true              gold=true  correct=True  running‐acc=0.848
[ 337/600] loss=3.4951  pred=true   gold=n/a  running‐acc=0.748
Locality eval: pred=true              gold=true  correct=True  running‐acc=0.849
[ 338/600] loss=2.7155  pred=n/a    gold=n/a  running‐acc=0.749
Locality eval: pred=true              gold=true  correct=True  running‐acc=0.849
[ 339/600] loss=2.8241  pred=n/a    gold=n/a  running‐acc=0.749
Locality eval: pred=n/a               gold=true  correct=False  running‐acc=0.847
[ 340/600] loss=2.6667  pred=n/a    gold=n/a  running‐acc=0.750
Locality eval: pred=true              gold=true  correct=True  running‐acc=0.847
[ 341/600] loss=3.8133  pred=true   gold=true  running‐acc=0.751
Locality eval: pred=n/a               gold=n/a  correct=True  running‐acc=0.848
[ 342/600] loss=4.1448  pred=true   gold=true  running‐acc=0.751
Locality eval: pred=n/a               gold=n/a  correct=True  running‐acc=0.848
[ 343/600] loss=1.7558  pred=n/a    gold=n/a  running‐acc=0.752
Locality eval: pred=true              gold=true  correct=True  running‐acc=0.848
[ 344/600] loss=3.3367  pred=true   gold=true  running‐acc=0.753
Locality eval: pred=n/a               gold=n/a  correct=True  running‐acc=0.849
[ 345/600] loss=2.4926  pred=n/a    gold=n/a  running‐acc=0.754
Locality eval: pred=true              gold=true  correct=True  running‐acc=0.849
[ 346/600] loss=3.4097  pred=true   gold=true  running‐acc=0.754
Locality eval: pred=                  gold=n/a  correct=False  running‐acc=0.847
[ 347/600] loss=2.5699  pred=n/a    gold=n/a  running‐acc=0.755
Locality eval: pred=true              gold=true  correct=True  running‐acc=0.847
[ 348/600] loss=2.7601  pred=n/a    gold=n/a  running‐acc=0.756
Locality eval: pred=true              gold=true  correct=True  running‐acc=0.848
[ 349/600] loss=3.0946  pred=false.  gold=n/a  running‐acc=0.754
Locality eval: pred=true              gold=true  correct=True  running‐acc=0.848
[ 350/600] loss=2.7138  pred=true   gold=n/a  running‐acc=0.751
Locality eval: pred=true              gold=true  correct=True  running‐acc=0.849
[ 351/600] loss=2.8372  pred=true   gold=n/a  running‐acc=0.749
Locality eval: pred=true              gold=true  correct=True  running‐acc=0.849
[ 352/600] loss=2.9230  pred=n/a    gold=n/a  running‐acc=0.750
Locality eval: pred=true              gold=true  correct=True  running‐acc=0.849
[ 353/600] loss=2.7818  pred=n/a    gold=n/a  running‐acc=0.751
Locality eval: pred=n/a               gold=true  correct=False  running‐acc=0.847
[ 354/600] loss=3.9975  pred=true   gold=true  running‐acc=0.751
Locality eval: pred=n/a               gold=n/a  correct=True  running‐acc=0.847
[ 355/600] loss=3.1901  pred=true   gold=true  running‐acc=0.752
Locality eval: pred=n/a               gold=n/a  correct=True  running‐acc=0.848
[ 356/600] loss=3.9960  pred=true   gold=true  running‐acc=0.753
Locality eval: pred=n/a.              gold=n/a  correct=True  running‐acc=0.848
[ 357/600] loss=3.5083  pred=n/a    gold=true  running‐acc=0.751
Locality eval: pred=n/a               gold=n/a  correct=True  running‐acc=0.849
[ 358/600] loss=4.1928  pred=true   gold=true  running‐acc=0.751
Locality eval: pred=n/a               gold=n/a  correct=True  running‐acc=0.849
[ 359/600] loss=3.7085  pred=true   gold=true  running‐acc=0.752
Locality eval: pred=n/a               gold=n/a  correct=True  running‐acc=0.850
[ 360/600] loss=2.9569  pred=true   gold=n/a  running‐acc=0.750
Locality eval: pred=true              gold=true  correct=True  running‐acc=0.850
[ 361/600] loss=3.7526  pred=true   gold=true  running‐acc=0.751
Locality eval: pred=n/a               gold=n/a  correct=True  running‐acc=0.850
[ 362/600] loss=3.7576  pred=true   gold=true  running‐acc=0.751
Locality eval: pred=n/a               gold=n/a  correct=True  running‐acc=0.851
[ 363/600] loss=2.5382  pred=n/a    gold=n/a  running‐acc=0.752
Locality eval: pred=true              gold=true  correct=True  running‐acc=0.851
[ 364/600] loss=4.4652  pred=true   gold=true  running‐acc=0.753
Locality eval: pred=n/a               gold=n/a  correct=True  running‐acc=0.852
[ 365/600] loss=3.9735  pred=true   gold=true  running‐acc=0.753
Locality eval: pred=n/a               gold=n/a  correct=True  running‐acc=0.852
[ 366/600] loss=3.0253  pred=true   gold=n/a  running‐acc=0.751
Locality eval: pred=true              gold=true  correct=True  running‐acc=0.852
[ 367/600] loss=2.9992  pred=n/a    gold=n/a  running‐acc=0.752
Locality eval: pred=true              gold=true  correct=True  running‐acc=0.853
[ 368/600] loss=3.8035  pred=true   gold=true  running‐acc=0.753
Locality eval: pred=n/a               gold=n/a  correct=True  running‐acc=0.853
[ 369/600] loss=3.0267  pred=true   gold=n/a  running‐acc=0.751
Locality eval: pred=true              gold=true  correct=True  running‐acc=0.854
[ 370/600] loss=2.9635  pred=n/a.   gold=n/a  running‐acc=0.751
Locality eval: pred=true              gold=true  correct=True  running‐acc=0.854
[ 371/600] loss=3.5975  pred=true   gold=true  running‐acc=0.752
Locality eval: pred=n/a               gold=n/a  correct=True  running‐acc=0.854
[ 372/600] loss=4.1595  pred=true   gold=true  running‐acc=0.753
Locality eval: pred=false.            gold=n/a  correct=False  running‐acc=0.852
[ 373/600] loss=3.4473  pred=n/a    gold=true  running‐acc=0.751
Locality eval: pred=n/a               gold=n/a  correct=True  running‐acc=0.853
[ 374/600] loss=2.6915  pred=n/a    gold=n/a  running‐acc=0.751
Locality eval: pred=true              gold=true  correct=True  running‐acc=0.853
[ 375/600] loss=3.6730  pred=true   gold=true  running‐acc=0.752
Locality eval: pred=true              gold=n/a  correct=False  running‐acc=0.851
[ 376/600] loss=3.4319  pred=true   gold=true  running‐acc=0.753
Locality eval: pred=n/a               gold=n/a  correct=True  running‐acc=0.851
[ 377/600] loss=4.0821  pred=false  gold=true  running‐acc=0.751
Locality eval: pred=n/a               gold=n/a  correct=True  running‐acc=0.851
[ 378/600] loss=4.9150  pred=true   gold=true  running‐acc=0.751
Locality eval: pred=n/a               gold=n/a  correct=True  running‐acc=0.852
[ 379/600] loss=3.3033  pred=true   gold=true  running‐acc=0.752
Locality eval: pred=n/a               gold=n/a  correct=True  running‐acc=0.852
[ 380/600] loss=3.4182  pred=true   gold=true  running‐acc=0.753
Locality eval: pred=n/a               gold=n/a  correct=True  running‐acc=0.853
[ 381/600] loss=2.8811  pred=n/a    gold=n/a  running‐acc=0.753
Locality eval: pred=true              gold=true  correct=True  running‐acc=0.853
[ 382/600] loss=2.8803  pred=n/a    gold=n/a  running‐acc=0.754
Locality eval: pred=true              gold=true  correct=True  running‐acc=0.853
[ 383/600] loss=2.8169  pred=true.  gold=n/a  running‐acc=0.752
Locality eval: pred=true              gold=true  correct=True  running‐acc=0.854
[ 384/600] loss=3.1305  pred=n/a    gold=n/a  running‐acc=0.753
Locality eval: pred=n/a               gold=true  correct=False  running‐acc=0.852
[ 385/600] loss=4.2703  pred=true   gold=true  running‐acc=0.753
Locality eval: pred=n/a               gold=n/a  correct=True  running‐acc=0.852
[ 386/600] loss=3.9515  pred=true   gold=true  running‐acc=0.754
Locality eval: pred=n/a               gold=n/a  correct=True  running‐acc=0.852
[ 387/600] loss=2.7077  pred=n/a    gold=n/a  running‐acc=0.755
Locality eval: pred=n/a               gold=true  correct=False  running‐acc=0.850
[ 388/600] loss=3.7442  pred=true   gold=true  running‐acc=0.755
Locality eval: pred=n/a               gold=n/a  correct=True  running‐acc=0.851
[ 389/600] loss=3.1660  pred=n/a    gold=n/a  running‐acc=0.756
Locality eval: pred=true              gold=true  correct=True  running‐acc=0.851
[ 390/600] loss=3.3125  pred=n/a    gold=true  running‐acc=0.754
Locality eval: pred=n/a               gold=n/a  correct=True  running‐acc=0.851
[ 391/600] loss=3.7673  pred=true   gold=true  running‐acc=0.754
Locality eval: pred=n/a               gold=n/a  correct=True  running‐acc=0.852
[ 392/600] loss=2.8440  pred=true   gold=n/a  running‐acc=0.753
Locality eval: pred=true.             gold=true  correct=True  running‐acc=0.852
[ 393/600] loss=2.9616  pred=n/a    gold=n/a  running‐acc=0.753
Locality eval: pred=true              gold=true  correct=True  running‐acc=0.852
[ 394/600] loss=3.0656  pred=n/a    gold=n/a  running‐acc=0.754
Locality eval: pred=n/a               gold=true  correct=False  running‐acc=0.850
[ 395/600] loss=3.7724  pred=true   gold=true  running‐acc=0.754
Locality eval: pred=n/a               gold=n/a  correct=True  running‐acc=0.851
[ 396/600] loss=4.1258  pred=true   gold=true  running‐acc=0.755
Locality eval: pred=n/a               gold=n/a  correct=True  running‐acc=0.851
[ 397/600] loss=2.8578  pred=n/a    gold=n/a  running‐acc=0.756
Locality eval: pred=true              gold=true  correct=True  running‐acc=0.851
[ 398/600] loss=3.2077  pred=true   gold=true  running‐acc=0.756
Locality eval: pred=true              gold=n/a  correct=False  running‐acc=0.849
[ 399/600] loss=2.9854  pred=n/a    gold=n/a  running‐acc=0.757
Locality eval: pred=true              gold=true  correct=True  running‐acc=0.850
[ 400/600] loss=3.2376  pred=true   gold=true  running‐acc=0.757
Locality eval: pred=n/a               gold=n/a  correct=True  running‐acc=0.850
[ 401/600] loss=4.6259  pred=true   gold=true  running‐acc=0.758
Locality eval: pred=n/a               gold=n/a  correct=True  running‐acc=0.850
[ 402/600] loss=2.9931  pred=n/a    gold=n/a  running‐acc=0.759
Locality eval: pred=true              gold=true  correct=True  running‐acc=0.851
[ 403/600] loss=3.4447  pred=true   gold=true  running‐acc=0.759
Locality eval: pred=n/a               gold=n/a  correct=True  running‐acc=0.851
[ 404/600] loss=3.3496  pred=true   gold=true  running‐acc=0.760
Locality eval: pred=n/a               gold=n/a  correct=True  running‐acc=0.851
[ 405/600] loss=2.7137  pred=n/a    gold=n/a  running‐acc=0.760
Locality eval: pred=true              gold=true  correct=True  running‐acc=0.852
[ 406/600] loss=2.9987  pred=n/a    gold=n/a  running‐acc=0.761
Locality eval: pred=true              gold=true  correct=True  running‐acc=0.852
[ 407/600] loss=3.9844  pred=true   gold=true  running‐acc=0.762
Locality eval: pred=n/a               gold=n/a  correct=True  running‐acc=0.853
[ 408/600] loss=2.8885  pred=n/a    gold=n/a  running‐acc=0.762
Locality eval: pred=true              gold=true  correct=True  running‐acc=0.853
[ 409/600] loss=4.5979  pred=true   gold=true  running‐acc=0.763
Locality eval: pred=true              gold=n/a  correct=False  running‐acc=0.851
[ 410/600] loss=2.7647  pred=n/a    gold=n/a  running‐acc=0.763
Locality eval: pred=true              gold=true  correct=True  running‐acc=0.851
[ 411/600] loss=3.3633  pred=true   gold=true  running‐acc=0.764
Locality eval: pred=n/a               gold=n/a  correct=True  running‐acc=0.852
[ 412/600] loss=2.8783  pred=true   gold=true  running‐acc=0.765
Locality eval: pred=n/a.              gold=n/a  correct=True  running‐acc=0.852
[ 413/600] loss=3.9262  pred=false  gold=true  running‐acc=0.763
Locality eval: pred=n/a               gold=n/a  correct=True  running‐acc=0.852
[ 414/600] loss=3.7170  pred=true   gold=true  running‐acc=0.763
Locality eval: pred=n/a               gold=n/a  correct=True  running‐acc=0.853
[ 415/600] loss=3.1352  pred=true.  gold=n/a  running‐acc=0.761
Locality eval: pred=true              gold=true  correct=True  running‐acc=0.853
[ 416/600] loss=3.8609  pred=true   gold=true  running‐acc=0.762
Locality eval: pred=true              gold=n/a  correct=False  running‐acc=0.851
[ 417/600] loss=2.9306  pred=n/a    gold=n/a  running‐acc=0.763
Locality eval: pred=true.             gold=true  correct=True  running‐acc=0.851
[ 418/600] loss=3.0990  pred=n/a    gold=n/a  running‐acc=0.763
Locality eval: pred=true              gold=true  correct=True  running‐acc=0.852
[ 419/600] loss=3.6473  pred=true   gold=true  running‐acc=0.764
Locality eval: pred=n/a               gold=n/a  correct=True  running‐acc=0.852
[ 420/600] loss=3.6778  pred=n/a    gold=true  running‐acc=0.762
Locality eval: pred=n/a               gold=n/a  correct=True  running‐acc=0.852
[ 421/600] loss=3.9085  pred=true   gold=true  running‐acc=0.762
Locality eval: pred=n/a               gold=n/a  correct=True  running‐acc=0.853
[ 422/600] loss=4.6432  pred=true   gold=true  running‐acc=0.763
Locality eval: pred=n/a               gold=n/a  correct=True  running‐acc=0.853
[ 423/600] loss=3.6932  pred=true   gold=true  running‐acc=0.764
Locality eval: pred=n/a               gold=n/a  correct=True  running‐acc=0.853
[ 424/600] loss=3.1763  pred=true   gold=n/a  running‐acc=0.762
Locality eval: pred=true              gold=true  correct=True  running‐acc=0.854
[ 425/600] loss=2.8554  pred=n/a    gold=n/a  running‐acc=0.762
Locality eval: pred=true              gold=true  correct=True  running‐acc=0.854
[ 426/600] loss=3.1890  pred=true   gold=n/a  running‐acc=0.761
Locality eval: pred=true              gold=true  correct=True  running‐acc=0.854
[ 427/600] loss=3.8621  pred=true   gold=true  running‐acc=0.761
Locality eval: pred=true              gold=n/a  correct=False  running‐acc=0.852
[ 428/600] loss=3.8225  pred=true   gold=true  running‐acc=0.762
Locality eval: pred=n/a               gold=n/a  correct=True  running‐acc=0.853
[ 429/600] loss=3.8628  pred=true   gold=true  running‐acc=0.762
Locality eval: pred=n/a               gold=n/a  correct=True  running‐acc=0.853
[ 430/600] loss=2.1574  pred=n/a    gold=n/a  running‐acc=0.763
Locality eval: pred=true              gold=true  correct=True  running‐acc=0.853
[ 431/600] loss=4.0832  pred=true   gold=true  running‐acc=0.763
Locality eval: pred=n/a               gold=n/a  correct=True  running‐acc=0.854
[ 432/600] loss=4.6466  pred=true   gold=true  running‐acc=0.764
Locality eval: pred=n/a               gold=n/a  correct=True  running‐acc=0.854
[ 433/600] loss=3.5106  pred=true   gold=true  running‐acc=0.764
Locality eval: pred=n/a               gold=n/a  correct=True  running‐acc=0.855
[ 434/600] loss=2.9930  pred=n/a    gold=n/a  running‐acc=0.765
Locality eval: pred=true              gold=true  correct=True  running‐acc=0.855
[ 435/600] loss=2.9338  pred=n/a    gold=n/a  running‐acc=0.766
Locality eval: pred=true              gold=true  correct=True  running‐acc=0.855
[ 436/600] loss=3.9511  pred=true   gold=true  running‐acc=0.766
Locality eval: pred=n/a               gold=n/a  correct=True  running‐acc=0.856
[ 437/600] loss=3.3659  pred=true   gold=true  running‐acc=0.767
Locality eval: pred=n/a               gold=n/a  correct=True  running‐acc=0.856
[ 438/600] loss=2.7507  pred=n/a    gold=n/a  running‐acc=0.767
Locality eval: pred=true              gold=true  correct=True  running‐acc=0.856
[ 439/600] loss=2.6604  pred=true   gold=n/a  running‐acc=0.765
Locality eval: pred=true              gold=true  correct=True  running‐acc=0.856
[ 440/600] loss=4.1301  pred=true   gold=true  running‐acc=0.766
Locality eval: pred=true              gold=n/a  correct=False  running‐acc=0.855
[ 441/600] loss=3.3358  pred=n/a    gold=n/a  running‐acc=0.766
Locality eval: pred=true              gold=true  correct=True  running‐acc=0.855
[ 442/600] loss=4.2060  pred=true   gold=true  running‐acc=0.767
Locality eval: pred=n/a               gold=n/a  correct=True  running‐acc=0.855
[ 443/600] loss=4.8867  pred=false  gold=true  running‐acc=0.765
Locality eval: pred=n/a               gold=n/a  correct=True  running‐acc=0.856
[ 444/600] loss=3.6588  pred=true   gold=true  running‐acc=0.766
Locality eval: pred=true              gold=n/a  correct=False  running‐acc=0.854
[ 445/600] loss=2.7483  pred=true   gold=true  running‐acc=0.766
Locality eval: pred=n/a               gold=n/a  correct=True  running‐acc=0.854
[ 446/600] loss=3.7626  pred=n/a    gold=true  running‐acc=0.765
Locality eval: pred=n/a               gold=n/a  correct=True  running‐acc=0.854
[ 447/600] loss=2.9921  pred=true   gold=true  running‐acc=0.765
Locality eval: pred=n/a               gold=n/a  correct=True  running‐acc=0.855
[ 448/600] loss=3.9776  pred=true   gold=true  running‐acc=0.766
Locality eval: pred=n/a               gold=n/a  correct=True  running‐acc=0.855
[ 449/600] loss=4.2084  pred=true   gold=true  running‐acc=0.766
Locality eval: pred=n/a               gold=n/a  correct=True  running‐acc=0.855
[ 450/600] loss=2.9932  pred=n/a    gold=n/a  running‐acc=0.767
Locality eval: pred=true              gold=true  correct=True  running‐acc=0.856
[ 451/600] loss=3.9874  pred=true   gold=true  running‐acc=0.767
Locality eval: pred=n/a               gold=n/a  correct=True  running‐acc=0.856
[ 452/600] loss=3.3444  pred=n/a    gold=n/a  running‐acc=0.768
Locality eval: pred=n/a               gold=true  correct=False  running‐acc=0.854
[ 453/600] loss=2.4873  pred=n/a    gold=n/a  running‐acc=0.768
Locality eval: pred=true              gold=true  correct=True  running‐acc=0.854
[ 454/600] loss=2.3893  pred=n/a    gold=n/a  running‐acc=0.769
Locality eval: pred=true              gold=true  correct=True  running‐acc=0.855
[ 455/600] loss=4.1328  pred=true   gold=true  running‐acc=0.769
Locality eval: pred=n/a               gold=n/a  correct=True  running‐acc=0.855
[ 456/600] loss=2.8869  pred=       gold=n/a  running‐acc=0.768
Locality eval: pred=true              gold=true  correct=True  running‐acc=0.855
[ 457/600] loss=3.0811  pred=n/a    gold=n/a  running‐acc=0.768
Locality eval: pred=n/a               gold=true  correct=False  running‐acc=0.853
[ 458/600] loss=2.8807  pred=n/a    gold=n/a  running‐acc=0.769
Locality eval: pred=true              gold=true  correct=True  running‐acc=0.854
[ 459/600] loss=3.8175  pred=true   gold=true  running‐acc=0.769
Locality eval: pred=n/a               gold=n/a  correct=True  running‐acc=0.854
[ 460/600] loss=2.8933  pred=true   gold=true  running‐acc=0.770
Locality eval: pred=false             gold=n/a  correct=False  running‐acc=0.852
[ 461/600] loss=2.8568  pred=n/a    gold=n/a  running‐acc=0.770
Locality eval: pred=true              gold=true  correct=True  running‐acc=0.852
[ 462/600] loss=2.5031  pred=n/a    gold=n/a  running‐acc=0.771
Locality eval: pred=true              gold=true  correct=True  running‐acc=0.853
[ 463/600] loss=4.1812  pred=true   gold=true  running‐acc=0.771
Locality eval: pred=n/a               gold=n/a  correct=True  running‐acc=0.853
[ 464/600] loss=2.9450  pred=true   gold=n/a  running‐acc=0.769
Locality eval: pred=true              gold=true  correct=True  running‐acc=0.853
[ 465/600] loss=3.1103  pred=n/a    gold=n/a  running‐acc=0.770
Locality eval: pred=true              gold=true  correct=True  running‐acc=0.854
[ 466/600] loss=3.0056  pred=false  gold=n/a  running‐acc=0.768
Locality eval: pred=true              gold=true  correct=True  running‐acc=0.854
[ 467/600] loss=2.4971  pred=true   gold=n/a  running‐acc=0.767
Locality eval: pred=true              gold=true  correct=True  running‐acc=0.854
[ 468/600] loss=3.1115  pred=n/a    gold=n/a  running‐acc=0.767
Locality eval: pred=true              gold=true  correct=True  running‐acc=0.855
[ 469/600] loss=3.1932  pred=true   gold=true  running‐acc=0.768
Locality eval: pred=n/a               gold=n/a  correct=True  running‐acc=0.855
[ 470/600] loss=3.6488  pred=n/a.   gold=n/a  running‐acc=0.768
Locality eval: pred=true              gold=true  correct=True  running‐acc=0.855
[ 471/600] loss=2.8724  pred=true   gold=n/a  running‐acc=0.766
Locality eval: pred=true              gold=true  correct=True  running‐acc=0.856
[ 472/600] loss=3.7695  pred=true   gold=true  running‐acc=0.767
Locality eval: pred=n/a               gold=n/a  correct=True  running‐acc=0.856
[ 473/600] loss=2.7521  pred=true   gold=n/a  running‐acc=0.765
Locality eval: pred=true              gold=true  correct=True  running‐acc=0.856
[ 474/600] loss=3.4946  pred=true   gold=true  running‐acc=0.766
Locality eval: pred=n/a               gold=n/a  correct=True  running‐acc=0.857
[ 475/600] loss=3.0449  pred=n/a    gold=n/a  running‐acc=0.766
Locality eval: pred=true              gold=true  correct=True  running‐acc=0.857
[ 476/600] loss=3.5951  pred=true   gold=true  running‐acc=0.767
Locality eval: pred=n/a               gold=n/a  correct=True  running‐acc=0.857
[ 477/600] loss=2.8557  pred=n/a    gold=n/a  running‐acc=0.767
Locality eval: pred=true              gold=true  correct=True  running‐acc=0.857
[ 478/600] loss=3.4194  pred=true   gold=true  running‐acc=0.768
Locality eval: pred=n/a               gold=n/a  correct=True  running‐acc=0.858
[ 479/600] loss=2.4902  pred=n/a    gold=n/a  running‐acc=0.768
Locality eval: pred=true              gold=true  correct=True  running‐acc=0.858
[ 480/600] loss=2.7726  pred=false  gold=n/a  running‐acc=0.767
Locality eval: pred=true              gold=true  correct=True  running‐acc=0.858
[ 481/600] loss=2.9607  pred=n/a    gold=n/a  running‐acc=0.767
Locality eval: pred=true              gold=true  correct=True  running‐acc=0.859
[ 482/600] loss=3.5205  pred=true   gold=true  running‐acc=0.768
Locality eval: pred=n/a               gold=n/a  correct=True  running‐acc=0.859
[ 483/600] loss=2.8959  pred=n/a    gold=n/a  running‐acc=0.768
Locality eval: pred=true              gold=true  correct=True  running‐acc=0.859
[ 484/600] loss=2.8115  pred=n/a    gold=n/a  running‐acc=0.769
Locality eval: pred=true              gold=true  correct=True  running‐acc=0.860
[ 485/600] loss=3.3889  pred=n/a    gold=n/a  running‐acc=0.769
Locality eval: pred=true              gold=true  correct=True  running‐acc=0.860
[ 486/600] loss=2.8506  pred=n/a    gold=n/a  running‐acc=0.770
Locality eval: pred=true              gold=true  correct=True  running‐acc=0.860
[ 487/600] loss=2.7849  pred=n/a    gold=n/a  running‐acc=0.770
Locality eval: pred=true              gold=true  correct=True  running‐acc=0.860
[ 488/600] loss=2.7810  pred=n/a    gold=n/a  running‐acc=0.770
Locality eval: pred=true              gold=true  correct=True  running‐acc=0.861
[ 489/600] loss=2.9925  pred=n/a    gold=n/a  running‐acc=0.771
Locality eval: pred=true              gold=true  correct=True  running‐acc=0.861
[ 490/600] loss=2.5549  pred=n/a    gold=n/a  running‐acc=0.771
Locality eval: pred=true              gold=true  correct=True  running‐acc=0.861
[ 491/600] loss=2.6440  pred=n/a    gold=n/a  running‐acc=0.772
Locality eval: pred=true              gold=true  correct=True  running‐acc=0.862
[ 492/600] loss=3.4480  pred=true   gold=true  running‐acc=0.772
Locality eval: pred=n/a               gold=n/a  correct=True  running‐acc=0.862
[ 493/600] loss=2.6402  pred=true   gold=n/a  running‐acc=0.771
Locality eval: pred=true              gold=true  correct=True  running‐acc=0.862
[ 494/600] loss=2.9487  pred=n/a    gold=n/a  running‐acc=0.771
Locality eval: pred=true              gold=true  correct=True  running‐acc=0.862
[ 495/600] loss=2.8616  pred=n/a    gold=n/a  running‐acc=0.772
Locality eval: pred=true              gold=true  correct=True  running‐acc=0.863
[ 496/600] loss=2.9307  pred=n/a    gold=n/a  running‐acc=0.772
Locality eval: pred=true              gold=true  correct=True  running‐acc=0.863
[ 497/600] loss=3.4877  pred=n/a    gold=true  running‐acc=0.771
Locality eval: pred=n/a               gold=n/a  correct=True  running‐acc=0.863
[ 498/600] loss=3.6029  pred=true   gold=true  running‐acc=0.771
Locality eval: pred=n/a               gold=n/a  correct=True  running‐acc=0.863
[ 499/600] loss=2.6504  pred=n/a    gold=n/a  running‐acc=0.772
Locality eval: pred=true              gold=true  correct=True  running‐acc=0.864
[ 500/600] loss=2.1633  pred=n/a    gold=n/a  running‐acc=0.772
Locality eval: pred=true              gold=true  correct=True  running‐acc=0.864
[ 501/600] loss=3.0644  pred=n/a    gold=n/a  running‐acc=0.772
Locality eval: pred=true              gold=true  correct=True  running‐acc=0.864
[ 502/600] loss=2.3879  pred=n/a    gold=n/a  running‐acc=0.773
Locality eval: pred=true              gold=true  correct=True  running‐acc=0.865
[ 503/600] loss=2.5129  pred=true   gold=true  running‐acc=0.773
Locality eval: pred=n/a               gold=n/a  correct=True  running‐acc=0.865
[ 504/600] loss=3.1649  pred=true   gold=true  running‐acc=0.774
Locality eval: pred=n/a               gold=n/a  correct=True  running‐acc=0.865
[ 505/600] loss=4.0229  pred=true   gold=true  running‐acc=0.774
Locality eval: pred=n/a               gold=n/a  correct=True  running‐acc=0.865
[ 506/600] loss=3.5458  pred=true   gold=true  running‐acc=0.775
Locality eval: pred=n/a               gold=n/a  correct=True  running‐acc=0.866
[ 507/600] loss=3.4030  pred=true   gold=true  running‐acc=0.775
Locality eval: pred=n/a               gold=n/a  correct=True  running‐acc=0.866
[ 508/600] loss=3.6288  pred=true   gold=true  running‐acc=0.776
Locality eval: pred=n/a               gold=n/a  correct=True  running‐acc=0.866
[ 509/600] loss=4.2109  pred=true.  gold=true  running‐acc=0.776
Locality eval: pred=n/a               gold=n/a  correct=True  running‐acc=0.866
[ 510/600] loss=4.1631  pred=true   gold=true  running‐acc=0.776
Locality eval: pred=n/a               gold=n/a  correct=True  running‐acc=0.867
[ 511/600] loss=2.7825  pred=n/a    gold=n/a  running‐acc=0.777
Locality eval: pred=n/a               gold=true  correct=False  running‐acc=0.865
[ 512/600] loss=2.8432  pred=true   gold=true  running‐acc=0.777
Locality eval: pred=n/a               gold=n/a  correct=True  running‐acc=0.865
[ 513/600] loss=3.1676  pred=n/a    gold=n/a  running‐acc=0.778
Locality eval: pred=true              gold=true  correct=True  running‐acc=0.865
[ 514/600] loss=4.0254  pred=true   gold=true  running‐acc=0.778
Locality eval: pred=n/a               gold=n/a  correct=True  running‐acc=0.866
[ 515/600] loss=2.4889  pred=n/a    gold=n/a  running‐acc=0.779
Locality eval: pred=true              gold=true  correct=True  running‐acc=0.866
[ 516/600] loss=2.8581  pred=n/a    gold=n/a  running‐acc=0.779
Locality eval: pred=true              gold=true  correct=True  running‐acc=0.866
[ 517/600] loss=2.4886  pred=true   gold=n/a  running‐acc=0.778
Locality eval: pred=true              gold=true  correct=True  running‐acc=0.867
[ 518/600] loss=2.9584  pred=n/a    gold=n/a  running‐acc=0.778
Locality eval: pred=true              gold=true  correct=True  running‐acc=0.867
[ 519/600] loss=3.6713  pred=true   gold=true  running‐acc=0.778
Locality eval: pred=n/a               gold=n/a  correct=True  running‐acc=0.867
[ 520/600] loss=4.2045  pred=true   gold=true  running‐acc=0.779
Locality eval: pred=n/a               gold=n/a  correct=True  running‐acc=0.867
[ 521/600] loss=2.7414  pred=true   gold=true  running‐acc=0.779
Locality eval: pred=n/a               gold=n/a  correct=True  running‐acc=0.868
[ 522/600] loss=3.9101  pred=false  gold=true  running‐acc=0.778
Locality eval: pred=n/a               gold=n/a  correct=True  running‐acc=0.868
[ 523/600] loss=3.2567  pred=true   gold=n/a  running‐acc=0.776
Locality eval: pred=true              gold=true  correct=True  running‐acc=0.868
[ 524/600] loss=3.1127  pred=true   gold=true  running‐acc=0.777
Locality eval: pred=n/a               gold=n/a  correct=True  running‐acc=0.868
[ 525/600] loss=3.6349  pred=true   gold=true  running‐acc=0.777
Locality eval: pred=n/a               gold=n/a  correct=True  running‐acc=0.869
[ 526/600] loss=3.0275  pred=true   gold=true  running‐acc=0.778
Locality eval: pred=n/a               gold=n/a  correct=True  running‐acc=0.869
[ 527/600] loss=2.5695  pred=n/a    gold=n/a  running‐acc=0.778
Locality eval: pred=true              gold=true  correct=True  running‐acc=0.869
[ 528/600] loss=3.8983  pred=true   gold=true  running‐acc=0.778
Locality eval: pred=n/a               gold=n/a  correct=True  running‐acc=0.869
[ 529/600] loss=2.7833  pred=n/a    gold=n/a  running‐acc=0.779
Locality eval: pred=true              gold=true  correct=True  running‐acc=0.870
[ 530/600] loss=4.1011  pred=true   gold=true  running‐acc=0.779
Locality eval: pred=n/a               gold=n/a  correct=True  running‐acc=0.870
[ 531/600] loss=3.1479  pred=n/a    gold=n/a  running‐acc=0.780
Locality eval: pred=true              gold=true  correct=True  running‐acc=0.870
[ 532/600] loss=3.7330  pred=true   gold=true  running‐acc=0.780
Locality eval: pred=n/a               gold=n/a  correct=True  running‐acc=0.870
[ 533/600] loss=2.7674  pred=n/a    gold=n/a  running‐acc=0.780
Locality eval: pred=n/a               gold=true  correct=False  running‐acc=0.869
[ 534/600] loss=3.8655  pred=true   gold=true  running‐acc=0.781
Locality eval: pred=n/a               gold=n/a  correct=True  running‐acc=0.869
[ 535/600] loss=3.1742  pred=true   gold=true  running‐acc=0.781
Locality eval: pred=n/a               gold=n/a  correct=True  running‐acc=0.869
[ 536/600] loss=3.6677  pred=true   gold=true  running‐acc=0.782
Locality eval: pred=n/a               gold=n/a  correct=True  running‐acc=0.869
[ 537/600] loss=2.8081  pred=false.  gold=n/a  running‐acc=0.780
Locality eval: pred=true              gold=true  correct=True  running‐acc=0.870
[ 538/600] loss=4.2990  pred=true   gold=true  running‐acc=0.781
Locality eval: pred=n/a               gold=n/a  correct=True  running‐acc=0.870
[ 539/600] loss=4.0654  pred=true   gold=true  running‐acc=0.781
Locality eval: pred=n/a               gold=n/a  correct=True  running‐acc=0.870
[ 540/600] loss=3.2600  pred=true   gold=n/a  running‐acc=0.780
Locality eval: pred=true              gold=true  correct=True  running‐acc=0.870
[ 541/600] loss=3.2565  pred=n/a.   gold=n/a  running‐acc=0.780
Locality eval: pred=true              gold=true  correct=True  running‐acc=0.871
[ 542/600] loss=3.4058  pred=n/a    gold=n/a  running‐acc=0.780
Locality eval: pred=true              gold=true  correct=True  running‐acc=0.871
[ 543/600] loss=3.5259  pred=true   gold=n/a  running‐acc=0.779
Locality eval: pred=true              gold=true  correct=True  running‐acc=0.871
[ 544/600] loss=3.3927  pred=n/a    gold=n/a  running‐acc=0.779
Locality eval: pred=true              gold=true  correct=True  running‐acc=0.871
[ 545/600] loss=4.2263  pred=true   gold=true  running‐acc=0.780
Locality eval: pred=n/a               gold=n/a  correct=True  running‐acc=0.872
[ 546/600] loss=2.8838  pred=true   gold=n/a  running‐acc=0.778
Locality eval: pred=true              gold=true  correct=True  running‐acc=0.872
[ 547/600] loss=3.2890  pred=true   gold=true  running‐acc=0.779
Locality eval: pred=n/a               gold=n/a  correct=True  running‐acc=0.872
[ 548/600] loss=3.4989  pred=true   gold=true  running‐acc=0.779
Locality eval: pred=n/a               gold=n/a  correct=True  running‐acc=0.872
[ 549/600] loss=3.3302  pred=true   gold=true  running‐acc=0.780
Locality eval: pred=                  gold=n/a  correct=False  running‐acc=0.871
[ 550/600] loss=2.9320  pred=true   gold=n/a  running‐acc=0.778
Locality eval: pred=n/a               gold=true  correct=False  running‐acc=0.869
[ 551/600] loss=3.6687  pred=true   gold=true  running‐acc=0.779
Locality eval: pred=n/a               gold=n/a  correct=True  running‐acc=0.869
[ 552/600] loss=3.0455  pred=n/a    gold=n/a  running‐acc=0.779
Locality eval: pred=true              gold=true  correct=True  running‐acc=0.870
[ 553/600] loss=3.0526  pred=n/a    gold=n/a  running‐acc=0.779
Locality eval: pred=true              gold=true  correct=True  running‐acc=0.870
[ 554/600] loss=3.7185  pred=true   gold=true  running‐acc=0.780
Locality eval: pred=n/a               gold=n/a  correct=True  running‐acc=0.870
[ 555/600] loss=2.8334  pred=n/a    gold=n/a  running‐acc=0.780
Locality eval: pred=true              gold=true  correct=True  running‐acc=0.870
[ 556/600] loss=3.1891  pred=n/a    gold=n/a  running‐acc=0.781
Locality eval: pred=true              gold=true  correct=True  running‐acc=0.871
[ 557/600] loss=2.8649  pred=true   gold=n/a  running‐acc=0.779
Locality eval: pred=n/a               gold=true  correct=False  running‐acc=0.869
[ 558/600] loss=4.1024  pred=true   gold=true  running‐acc=0.780
Locality eval: pred=n/a               gold=n/a  correct=True  running‐acc=0.869
[ 559/600] loss=3.7377  pred=n/a    gold=true  running‐acc=0.778
Locality eval: pred=false.            gold=n/a  correct=False  running‐acc=0.868
[ 560/600] loss=3.1034  pred=false  gold=n/a  running‐acc=0.777
Locality eval: pred=true              gold=true  correct=True  running‐acc=0.868
[ 561/600] loss=3.7565  pred=true   gold=true  running‐acc=0.777
Locality eval: pred=n/a               gold=n/a  correct=True  running‐acc=0.868
[ 562/600] loss=3.9088  pred=true   gold=true  running‐acc=0.778
Locality eval: pred=n/a               gold=n/a  correct=True  running‐acc=0.868
[ 563/600] loss=2.7305  pred=n/a    gold=n/a  running‐acc=0.778
Locality eval: pred=true              gold=true  correct=True  running‐acc=0.869
[ 564/600] loss=3.9785  pred=true   gold=true  running‐acc=0.778
Locality eval: pred=n/a               gold=n/a  correct=True  running‐acc=0.869
[ 565/600] loss=2.8944  pred=n/a    gold=n/a  running‐acc=0.779
Locality eval: pred=true              gold=true  correct=True  running‐acc=0.869
[ 566/600] loss=3.5402  pred=true   gold=true  running‐acc=0.779
Locality eval: pred=n/a               gold=n/a  correct=True  running‐acc=0.869
[ 567/600] loss=2.9380  pred=true   gold=true  running‐acc=0.780
Locality eval: pred=n/a               gold=n/a  correct=True  running‐acc=0.869
[ 568/600] loss=2.4877  pred=true   gold=n/a  running‐acc=0.778
Locality eval: pred=true              gold=true  correct=True  running‐acc=0.870
[ 569/600] loss=3.5393  pred=true   gold=true  running‐acc=0.779
Locality eval: pred=n/a               gold=n/a  correct=True  running‐acc=0.870
[ 570/600] loss=3.4725  pred=true   gold=true  running‐acc=0.779
Locality eval: pred=n/a               gold=n/a  correct=True  running‐acc=0.870
[ 571/600] loss=3.7720  pred=true   gold=true  running‐acc=0.779
Locality eval: pred=n/a               gold=n/a  correct=True  running‐acc=0.870
[ 572/600] loss=3.9409  pred=true   gold=true  running‐acc=0.780
Locality eval: pred=n/a               gold=n/a  correct=True  running‐acc=0.871
[ 573/600] loss=3.7134  pred=true   gold=true  running‐acc=0.780
Locality eval: pred=true              gold=n/a  correct=False  running‐acc=0.869
[ 574/600] loss=4.0863  pred=true   gold=true  running‐acc=0.780
Locality eval: pred=                  gold=n/a  correct=False  running‐acc=0.868
[ 575/600] loss=4.1317  pred=true   gold=true  running‐acc=0.781
Locality eval: pred=n/a               gold=n/a  correct=True  running‐acc=0.868
[ 576/600] loss=3.5330  pred=true   gold=true  running‐acc=0.781
Locality eval: pred=n/a               gold=n/a  correct=True  running‐acc=0.868
[ 577/600] loss=2.7951  pred=true   gold=true  running‐acc=0.782
Locality eval: pred=true              gold=n/a  correct=False  running‐acc=0.867
[ 578/600] loss=2.9504  pred=n/a    gold=n/a  running‐acc=0.782
Locality eval: pred=true              gold=true  correct=True  running‐acc=0.867
[ 579/600] loss=3.2922  pred=true   gold=true  running‐acc=0.782
Locality eval: pred=n/a               gold=n/a  correct=True  running‐acc=0.867
[ 580/600] loss=2.8969  pred=n/a    gold=n/a  running‐acc=0.783
Locality eval: pred=true              gold=true  correct=True  running‐acc=0.867
[ 581/600] loss=2.8429  pred=n/a    gold=n/a  running‐acc=0.783
Locality eval: pred=true              gold=true  correct=True  running‐acc=0.867
[ 582/600] loss=3.1697  pred=n/a    gold=n/a  running‐acc=0.784
Locality eval: pred=true              gold=true  correct=True  running‐acc=0.868
[ 583/600] loss=2.9582  pred=n/a    gold=n/a  running‐acc=0.784
Locality eval: pred=true              gold=true  correct=True  running‐acc=0.868
[ 584/600] loss=2.8068  pred=n/a    gold=n/a  running‐acc=0.784
Locality eval: pred=true              gold=true  correct=True  running‐acc=0.868
[ 585/600] loss=2.8331  pred=false  gold=n/a  running‐acc=0.783
Locality eval: pred=true              gold=true  correct=True  running‐acc=0.868
[ 586/600] loss=2.5611  pred=n/a    gold=n/a  running‐acc=0.783
Locality eval: pred=true              gold=true  correct=True  running‐acc=0.869
[ 587/600] loss=3.2686  pred=true   gold=true  running‐acc=0.784
Locality eval: pred=n/a               gold=n/a  correct=True  running‐acc=0.869
[ 588/600] loss=3.8588  pred=true   gold=true  running‐acc=0.784
Locality eval: pred=n/a               gold=n/a  correct=True  running‐acc=0.869
[ 589/600] loss=4.1710  pred=true   gold=true  running‐acc=0.784
Locality eval: pred=n/a               gold=n/a  correct=True  running‐acc=0.869
[ 590/600] loss=3.8373  pred=true   gold=true  running‐acc=0.785
Locality eval: pred=n/a               gold=n/a  correct=True  running‐acc=0.869
[ 591/600] loss=3.1647  pred=true   gold=true  running‐acc=0.785
Locality eval: pred=n/a               gold=n/a  correct=True  running‐acc=0.870
[ 592/600] loss=2.8433  pred=n/a    gold=n/a  running‐acc=0.785
Locality eval: pred=true              gold=true  correct=True  running‐acc=0.870
[ 593/600] loss=4.6114  pred=true   gold=true  running‐acc=0.786
Locality eval: pred=n/a               gold=n/a  correct=True  running‐acc=0.870
[ 594/600] loss=2.5638  pred=n/a    gold=n/a  running‐acc=0.786
Locality eval: pred=true              gold=true  correct=True  running‐acc=0.870
[ 595/600] loss=3.0056  pred=true   gold=true  running‐acc=0.787
Locality eval: pred=n/a               gold=n/a  correct=True  running‐acc=0.871
[ 596/600] loss=2.7352  pred=true   gold=n/a  running‐acc=0.785
Locality eval: pred=true              gold=true  correct=True  running‐acc=0.871
[ 597/600] loss=3.1433  pred=n/a    gold=n/a  running‐acc=0.786
Locality eval: pred=true              gold=true  correct=True  running‐acc=0.871
[ 598/600] loss=3.5959  pred=false.  gold=true  running‐acc=0.784
Locality eval: pred=true              gold=n/a  correct=False  running‐acc=0.870
[ 599/600] loss=4.0291  pred=true   gold=true  running‐acc=0.785
Locality eval: pred=n/a               gold=n/a  correct=True  running‐acc=0.870
[ 600/600] loss=2.5971  pred=true   gold=n/a  running‐acc=0.783
Locality eval: pred=true              gold=true  correct=True  running‐acc=0.870

Finished in 596.8s.  Final accuracy: 0.783.

