
Loading base model (4‐bit)…
Loading checkpoint shards:   0%|          | 0/2 [00:00<?, ?it/s]Loading checkpoint shards:  50%|█████     | 1/2 [00:07<00:07,  7.40s/it]Loading checkpoint shards: 100%|██████████| 2/2 [00:07<00:00,  3.74s/it]
trainable params: 1,843,200 || all params: 2,508,015,616 || trainable%: 0.0735
  0%|          | 0/600 [00:00<?, ?it/s]100%|██████████| 600/600 [00:00<00:00, 29172.02it/s]
Loaded 600 (train, eval) pairs.

Starting sequential training…
Cached 72 LoRA tensors.
[   1/600] loss=3.0108  pred=true   gold=true  running‐acc=1.000
Locality eval: pred=n/a               gold=n/a  correct=True  running‐acc=1.000
[   2/600] loss=3.1378  pred=true   gold=true  running‐acc=1.000
Locality eval: pred=n/a               gold=n/a  correct=True  running‐acc=1.000
[   3/600] loss=2.7097  pred=true   gold=true  running‐acc=1.000
Locality eval: pred=n/a               gold=n/a  correct=True  running‐acc=1.000
[   4/600] loss=2.9048  pred=true   gold=true  running‐acc=1.000
Locality eval: pred=                  gold=n/a  correct=False  running‐acc=0.750
[   5/600] loss=3.4052  pred=       gold=true  running‐acc=0.800
Locality eval: pred=n/a               gold=n/a  correct=True  running‐acc=0.800
[   6/600] loss=3.2637  pred=       gold=true  running‐acc=0.667
Locality eval: pred=true              gold=n/a  correct=False  running‐acc=0.667
[   7/600] loss=2.7233  pred=true   gold=n/a  running‐acc=0.571
Locality eval: pred=true              gold=true  correct=True  running‐acc=0.714
[   8/600] loss=2.7254  pred=n/a    gold=n/a  running‐acc=0.625
Locality eval: pred=true              gold=true  correct=True  running‐acc=0.750
[   9/600] loss=3.2884  pred=true   gold=true  running‐acc=0.667
Locality eval: pred=n/a               gold=n/a  correct=True  running‐acc=0.778
[  10/600] loss=3.5315  pred=true   gold=true  running‐acc=0.700
Locality eval: pred=n/a               gold=n/a  correct=True  running‐acc=0.800
[  11/600] loss=3.4139  pred=true   gold=true  running‐acc=0.727
Locality eval: pred=n/a               gold=n/a  correct=True  running‐acc=0.818
[  12/600] loss=2.6360  pred=true   gold=true  running‐acc=0.750
Locality eval: pred=n/a               gold=n/a  correct=True  running‐acc=0.833
[  13/600] loss=2.7058  pred=true   gold=n/a  running‐acc=0.692
Locality eval: pred=n/a               gold=true  correct=False  running‐acc=0.769
[  14/600] loss=2.5299  pred=n/a    gold=n/a  running‐acc=0.714
Locality eval: pred=true              gold=true  correct=True  running‐acc=0.786
[  15/600] loss=2.6285  pred=true   gold=true  running‐acc=0.733
Locality eval: pred=n/a               gold=n/a  correct=True  running‐acc=0.800
[  16/600] loss=2.9274  pred=n/a    gold=n/a  running‐acc=0.750
Locality eval: pred=true              gold=true  correct=True  running‐acc=0.812
[  17/600] loss=2.6460  pred=n/a    gold=n/a  running‐acc=0.765
Locality eval: pred=true              gold=true  correct=True  running‐acc=0.824
[  18/600] loss=2.7970  pred=true   gold=true  running‐acc=0.778
Locality eval: pred=n/a               gold=n/a  correct=True  running‐acc=0.833
[  19/600] loss=3.6419  pred=true   gold=true  running‐acc=0.789
Locality eval: pred=n/a               gold=n/a  correct=True  running‐acc=0.842
[  20/600] loss=2.6339  pred=false  gold=n/a  running‐acc=0.750
Locality eval: pred=true              gold=true  correct=True  running‐acc=0.850
[  21/600] loss=2.4604  pred=n/a    gold=n/a  running‐acc=0.762
Locality eval: pred=true.             gold=true  correct=True  running‐acc=0.857
[  22/600] loss=2.6680  pred=n/a    gold=n/a  running‐acc=0.773
Locality eval: pred=true              gold=true  correct=True  running‐acc=0.864
[  23/600] loss=2.5076  pred=true   gold=n/a  running‐acc=0.739
Locality eval: pred=true              gold=true  correct=True  running‐acc=0.870
[  24/600] loss=2.5544  pred=true   gold=n/a  running‐acc=0.708
Locality eval: pred=true              gold=true  correct=True  running‐acc=0.875
[  25/600] loss=3.5149  pred=true   gold=true  running‐acc=0.720
Locality eval: pred=n/a               gold=n/a  correct=True  running‐acc=0.880
[  26/600] loss=2.2850  pred=n/a    gold=n/a  running‐acc=0.731
Locality eval: pred=true              gold=true  correct=True  running‐acc=0.885
[  27/600] loss=2.6141  pred=true   gold=n/a  running‐acc=0.704
Locality eval: pred=true              gold=true  correct=True  running‐acc=0.889
[  28/600] loss=2.4683  pred=n/a    gold=n/a  running‐acc=0.714
Locality eval: pred=true              gold=true  correct=True  running‐acc=0.893
[  29/600] loss=2.7882  pred=n/a    gold=n/a  running‐acc=0.724
Locality eval: pred=n/a               gold=true  correct=False  running‐acc=0.862
[  30/600] loss=2.6511  pred=true   gold=n/a  running‐acc=0.700
Locality eval: pred=n/a               gold=true  correct=False  running‐acc=0.833
[  31/600] loss=3.0308  pred=true   gold=true  running‐acc=0.710
Locality eval: pred=n/a               gold=n/a  correct=True  running‐acc=0.839
[  32/600] loss=2.4044  pred=n/a    gold=n/a  running‐acc=0.719
Locality eval: pred=n/a               gold=true  correct=False  running‐acc=0.812
[  33/600] loss=2.7248  pred=n/a    gold=n/a  running‐acc=0.727
Locality eval: pred=true              gold=true  correct=True  running‐acc=0.818
[  34/600] loss=2.4142  pred=n/a    gold=n/a  running‐acc=0.735
Locality eval: pred=true              gold=true  correct=True  running‐acc=0.824
[  35/600] loss=2.6635  pred=true   gold=true  running‐acc=0.743
Locality eval: pred=n/a               gold=n/a  correct=True  running‐acc=0.829
[  36/600] loss=2.6610  pred=n/a    gold=n/a  running‐acc=0.750
Locality eval: pred=true              gold=true  correct=True  running‐acc=0.833
[  37/600] loss=3.1379  pred=true   gold=true  running‐acc=0.757
Locality eval: pred=n/a               gold=n/a  correct=True  running‐acc=0.838
[  38/600] loss=3.1410  pred=n/a    gold=n/a  running‐acc=0.763
Locality eval: pred=true              gold=true  correct=True  running‐acc=0.842
[  39/600] loss=4.8756  pred=true   gold=true  running‐acc=0.769
Locality eval: pred=true              gold=n/a  correct=False  running‐acc=0.821
[  40/600] loss=3.2035  pred=true   gold=true  running‐acc=0.775
Locality eval: pred=                  gold=n/a  correct=False  running‐acc=0.800
[  41/600] loss=4.0306  pred=true   gold=true  running‐acc=0.780
Locality eval: pred=n/a               gold=n/a  correct=True  running‐acc=0.805
[  42/600] loss=2.3724  pred=false.  gold=n/a  running‐acc=0.762
Locality eval: pred=n/a               gold=true  correct=False  running‐acc=0.786
[  43/600] loss=3.4496  pred=true   gold=true  running‐acc=0.767
Locality eval: pred=true              gold=n/a  correct=False  running‐acc=0.767
[  44/600] loss=2.4647  pred=n/a    gold=n/a  running‐acc=0.773
Locality eval: pred=n/a               gold=true  correct=False  running‐acc=0.750
[  45/600] loss=2.7673  pred=true.  gold=n/a  running‐acc=0.756
Locality eval: pred=true              gold=true  correct=True  running‐acc=0.756
[  46/600] loss=4.1014  pred=true   gold=true  running‐acc=0.761
Locality eval: pred=n/a               gold=n/a  correct=True  running‐acc=0.761
[  47/600] loss=2.8300  pred=true   gold=true  running‐acc=0.766
Locality eval: pred=true              gold=n/a  correct=False  running‐acc=0.745
[  48/600] loss=2.5646  pred=n/a    gold=n/a  running‐acc=0.771
Locality eval: pred=true.             gold=true  correct=True  running‐acc=0.750
[  49/600] loss=3.1913  pred=       gold=true  running‐acc=0.755
Locality eval: pred=n/a               gold=n/a  correct=True  running‐acc=0.755
[  50/600] loss=2.2294  pred=n/a    gold=n/a  running‐acc=0.760
Locality eval: pred=true              gold=true  correct=True  running‐acc=0.760
[  51/600] loss=3.2918  pred=true   gold=true  running‐acc=0.765
Locality eval: pred=n/a               gold=n/a  correct=True  running‐acc=0.765
[  52/600] loss=3.3890  pred=true   gold=true  running‐acc=0.769
Locality eval: pred=n/a               gold=n/a  correct=True  running‐acc=0.769
[  53/600] loss=2.6437  pred=n/a    gold=n/a  running‐acc=0.774
Locality eval: pred=n/a               gold=true  correct=False  running‐acc=0.755
[  54/600] loss=2.9370  pred=true   gold=true  running‐acc=0.778
Locality eval: pred=true              gold=n/a  correct=False  running‐acc=0.741
[  55/600] loss=3.0563  pred=n/a    gold=n/a  running‐acc=0.782
Locality eval: pred=n/a               gold=true  correct=False  running‐acc=0.727
[  56/600] loss=2.5471  pred=true   gold=n/a  running‐acc=0.768
Locality eval: pred=true              gold=true  correct=True  running‐acc=0.732
[  57/600] loss=2.5763  pred=true   gold=true  running‐acc=0.772
Locality eval: pred=false             gold=n/a  correct=False  running‐acc=0.719
[  58/600] loss=2.4410  pred=true   gold=true  running‐acc=0.776
Locality eval: pred=n/a               gold=n/a  correct=True  running‐acc=0.724
[  59/600] loss=3.0598  pred=true   gold=true  running‐acc=0.780
Locality eval: pred=n/a               gold=n/a  correct=True  running‐acc=0.729
[  60/600] loss=2.5605  pred=n/a    gold=true  running‐acc=0.767
Locality eval: pred=false             gold=n/a  correct=False  running‐acc=0.717
[  61/600] loss=3.5698  pred=n/a    gold=true  running‐acc=0.754
Locality eval: pred=n/a               gold=n/a  correct=True  running‐acc=0.721
[  62/600] loss=3.7230  pred=n/a    gold=true  running‐acc=0.742
Locality eval: pred=n/a               gold=n/a  correct=True  running‐acc=0.726
[  63/600] loss=2.9155  pred=n/a    gold=n/a  running‐acc=0.746
Locality eval: pred=n/a               gold=true  correct=False  running‐acc=0.714
[  64/600] loss=2.2969  pred=true   gold=n/a  running‐acc=0.734
Locality eval: pred=true              gold=true  correct=True  running‐acc=0.719
[  65/600] loss=3.0429  pred=n/a    gold=n/a  running‐acc=0.738
Locality eval: pred=n/a               gold=true  correct=False  running‐acc=0.708
[  66/600] loss=3.0746  pred=true   gold=true  running‐acc=0.742
Locality eval: pred=n/a               gold=n/a  correct=True  running‐acc=0.712
[  67/600] loss=2.7063  pred=true   gold=true  running‐acc=0.746
Locality eval: pred=n/a               gold=n/a  correct=True  running‐acc=0.716
[  68/600] loss=2.6847  pred=true   gold=true  running‐acc=0.750
Locality eval: pred=n/a               gold=n/a  correct=True  running‐acc=0.721
[  69/600] loss=2.4882  pred=n/a    gold=n/a  running‐acc=0.754
Locality eval: pred=true              gold=true  correct=True  running‐acc=0.725
[  70/600] loss=3.0389  pred=n/a    gold=n/a  running‐acc=0.757
Locality eval: pred=n/a               gold=true  correct=False  running‐acc=0.714
[  71/600] loss=2.9394  pred=n/a    gold=n/a  running‐acc=0.761
Locality eval: pred=n/a               gold=true  correct=False  running‐acc=0.704
[  72/600] loss=2.7831  pred=n/a    gold=n/a  running‐acc=0.764
Locality eval: pred=n/a               gold=true  correct=False  running‐acc=0.694
[  73/600] loss=3.3080  pred=true   gold=true  running‐acc=0.767
Locality eval: pred=n/a               gold=n/a  correct=True  running‐acc=0.699
[  74/600] loss=2.7126  pred=n/a    gold=n/a  running‐acc=0.770
Locality eval: pred=true              gold=true  correct=True  running‐acc=0.703
[  75/600] loss=2.6410  pred=true   gold=n/a  running‐acc=0.760
Locality eval: pred=true              gold=true  correct=True  running‐acc=0.707
[  76/600] loss=4.3558  pred=true   gold=true  running‐acc=0.763
Locality eval: pred=n/a               gold=n/a  correct=True  running‐acc=0.711
[  77/600] loss=3.5810  pred=true   gold=true  running‐acc=0.766
Locality eval: pred=n/a               gold=n/a  correct=True  running‐acc=0.714
[  78/600] loss=2.5989  pred=n/a    gold=n/a  running‐acc=0.769
Locality eval: pred=true              gold=true  correct=True  running‐acc=0.718
[  79/600] loss=3.7162  pred=true   gold=true  running‐acc=0.772
Locality eval: pred=n/a               gold=n/a  correct=True  running‐acc=0.722
[  80/600] loss=2.5029  pred=n/a    gold=n/a  running‐acc=0.775
Locality eval: pred=n/a               gold=true  correct=False  running‐acc=0.713
[  81/600] loss=2.7685  pred=n/a    gold=n/a  running‐acc=0.778
Locality eval: pred=true              gold=true  correct=True  running‐acc=0.716
[  82/600] loss=3.4021  pred=true   gold=true  running‐acc=0.780
Locality eval: pred=                  gold=n/a  correct=False  running‐acc=0.707
[  83/600] loss=2.7426  pred=n/a    gold=n/a  running‐acc=0.783
Locality eval: pred=n/a               gold=true  correct=False  running‐acc=0.699
[  84/600] loss=3.4034  pred=true   gold=true  running‐acc=0.786
Locality eval: pred=n/a               gold=n/a  correct=True  running‐acc=0.702
[  85/600] loss=2.7303  pred=n/a    gold=n/a  running‐acc=0.788
Locality eval: pred=true              gold=true  correct=True  running‐acc=0.706
[  86/600] loss=2.5409  pred=n/a    gold=n/a  running‐acc=0.791
Locality eval: pred=true              gold=true  correct=True  running‐acc=0.709
[  87/600] loss=2.5656  pred=n/a    gold=n/a  running‐acc=0.793
Locality eval: pred=true              gold=true  correct=True  running‐acc=0.713
[  88/600] loss=3.3964  pred=true   gold=true  running‐acc=0.795
Locality eval: pred=n/a               gold=n/a  correct=True  running‐acc=0.716
[  89/600] loss=2.7122  pred=true   gold=true  running‐acc=0.798
Locality eval: pred=n/a               gold=n/a  correct=True  running‐acc=0.719
[  90/600] loss=2.2920  pred=n/a    gold=n/a  running‐acc=0.800
Locality eval: pred=true              gold=true  correct=True  running‐acc=0.722
[  91/600] loss=2.1297  pred=n/a    gold=n/a  running‐acc=0.802
Locality eval: pred=true              gold=true  correct=True  running‐acc=0.725
[  92/600] loss=2.3185  pred=true   gold=true  running‐acc=0.804
Locality eval: pred=                  gold=n/a  correct=False  running‐acc=0.717
[  93/600] loss=2.6403  pred=true   gold=n/a  running‐acc=0.796
Locality eval: pred=true              gold=true  correct=True  running‐acc=0.720
[  94/600] loss=2.2790  pred=       gold=n/a  running‐acc=0.787
Locality eval: pred=true              gold=true  correct=True  running‐acc=0.723
[  95/600] loss=2.9533  pred=true   gold=true  running‐acc=0.789
Locality eval: pred=n/a               gold=n/a  correct=True  running‐acc=0.726
[  96/600] loss=2.7114  pred=n/a    gold=n/a  running‐acc=0.792
Locality eval: pred=true              gold=true  correct=True  running‐acc=0.729
[  97/600] loss=2.0471  pred=false  gold=n/a  running‐acc=0.784
Locality eval: pred=true              gold=true  correct=True  running‐acc=0.732
[  98/600] loss=2.5429  pred=false  gold=n/a  running‐acc=0.776
Locality eval: pred=true              gold=true  correct=True  running‐acc=0.735
[  99/600] loss=2.4163  pred=true   gold=true  running‐acc=0.778
Locality eval: pred=n/a               gold=n/a  correct=True  running‐acc=0.737
[ 100/600] loss=2.6889  pred=       gold=true  running‐acc=0.770
Locality eval: pred=n/a               gold=n/a  correct=True  running‐acc=0.740
[ 101/600] loss=2.4482  pred=n/a    gold=n/a  running‐acc=0.772
Locality eval: pred=true              gold=true  correct=True  running‐acc=0.743
[ 102/600] loss=2.8980  pred=       gold=true  running‐acc=0.765
Locality eval: pred=                  gold=n/a  correct=False  running‐acc=0.735
[ 103/600] loss=2.9524  pred=n/a    gold=n/a  running‐acc=0.767
Locality eval: pred=n/a               gold=true  correct=False  running‐acc=0.728
[ 104/600] loss=2.8984  pred=true   gold=true  running‐acc=0.769
Locality eval: pred=n/a               gold=n/a  correct=True  running‐acc=0.731
[ 105/600] loss=3.0954  pred=n/a    gold=true  running‐acc=0.762
Locality eval: pred=n/a               gold=n/a  correct=True  running‐acc=0.733
[ 106/600] loss=3.0679  pred=n/a    gold=true  running‐acc=0.755
Locality eval: pred=true              gold=n/a  correct=False  running‐acc=0.726
[ 107/600] loss=2.5243  pred=true   gold=true  running‐acc=0.757
Locality eval: pred=false             gold=n/a  correct=False  running‐acc=0.720
[ 108/600] loss=2.6565  pred=       gold=true  running‐acc=0.750
Locality eval: pred=n/a               gold=n/a  correct=True  running‐acc=0.722
[ 109/600] loss=3.4106  pred=true   gold=true  running‐acc=0.752
Locality eval: pred=n/a               gold=n/a  correct=True  running‐acc=0.725
[ 110/600] loss=2.8556  pred=true   gold=true  running‐acc=0.755
Locality eval: pred=true              gold=n/a  correct=False  running‐acc=0.718
[ 111/600] loss=2.1609  pred=n/a    gold=true  running‐acc=0.748
Locality eval: pred=n/a               gold=n/a  correct=True  running‐acc=0.721
[ 112/600] loss=2.7826  pred=true   gold=true  running‐acc=0.750
Locality eval: pred=n/a               gold=n/a  correct=True  running‐acc=0.723
[ 113/600] loss=2.3372  pred=n/a    gold=n/a  running‐acc=0.752
Locality eval: pred=true              gold=true  correct=True  running‐acc=0.726
[ 114/600] loss=2.9891  pred=true   gold=n/a  running‐acc=0.746
Locality eval: pred=n/a               gold=true  correct=False  running‐acc=0.719
[ 115/600] loss=2.5992  pred=n/a    gold=n/a  running‐acc=0.748
Locality eval: pred=true              gold=true  correct=True  running‐acc=0.722
[ 116/600] loss=2.7177  pred=true   gold=true  running‐acc=0.750
Locality eval: pred=n/a               gold=n/a  correct=True  running‐acc=0.724
[ 117/600] loss=2.9813  pred=n/a    gold=n/a  running‐acc=0.752
Locality eval: pred=n/a               gold=true  correct=False  running‐acc=0.718
[ 118/600] loss=2.5958  pred=n/a    gold=n/a  running‐acc=0.754
Locality eval: pred=true              gold=true  correct=True  running‐acc=0.720
[ 119/600] loss=2.4003  pred=n/a    gold=n/a  running‐acc=0.756
Locality eval: pred=n/a               gold=true  correct=False  running‐acc=0.714
[ 120/600] loss=2.9348  pred=n/a    gold=n/a  running‐acc=0.758
Locality eval: pred=n/a               gold=true  correct=False  running‐acc=0.708
[ 121/600] loss=2.8533  pred=true   gold=true  running‐acc=0.760
Locality eval: pred=n/a               gold=n/a  correct=True  running‐acc=0.711
[ 122/600] loss=3.7159  pred=true   gold=true  running‐acc=0.762
Locality eval: pred=n/a               gold=n/a  correct=True  running‐acc=0.713
[ 123/600] loss=2.7828  pred=n/a    gold=n/a  running‐acc=0.764
Locality eval: pred=true              gold=true  correct=True  running‐acc=0.715
[ 124/600] loss=2.5601  pred=n/a.   gold=n/a  running‐acc=0.766
Locality eval: pred=true              gold=true  correct=True  running‐acc=0.718
[ 125/600] loss=2.7559  pred=true   gold=n/a  running‐acc=0.760
Locality eval: pred=n/a               gold=true  correct=False  running‐acc=0.712
[ 126/600] loss=3.1913  pred=true   gold=true  running‐acc=0.762
Locality eval: pred=n/a               gold=n/a  correct=True  running‐acc=0.714
[ 127/600] loss=3.2703  pred=true   gold=true  running‐acc=0.764
Locality eval: pred=n/a               gold=n/a  correct=True  running‐acc=0.717
[ 128/600] loss=2.5482  pred=n/a    gold=n/a  running‐acc=0.766
Locality eval: pred=true              gold=true  correct=True  running‐acc=0.719
[ 129/600] loss=2.1356  pred=true   gold=true  running‐acc=0.767
Locality eval: pred=n/a               gold=n/a  correct=True  running‐acc=0.721
[ 130/600] loss=2.7652  pred=n/a    gold=n/a  running‐acc=0.769
Locality eval: pred=n/a               gold=true  correct=False  running‐acc=0.715
[ 131/600] loss=4.3847  pred=true   gold=true  running‐acc=0.771
Locality eval: pred=n/a               gold=n/a  correct=True  running‐acc=0.718
[ 132/600] loss=2.7446  pred=n/a    gold=n/a  running‐acc=0.773
Locality eval: pred=true.             gold=true  correct=True  running‐acc=0.720
[ 133/600] loss=2.8342  pred=n/a    gold=n/a  running‐acc=0.774
Locality eval: pred=n/a               gold=true  correct=False  running‐acc=0.714
[ 134/600] loss=2.6992  pred=true   gold=true  running‐acc=0.776
Locality eval: pred=n/a               gold=n/a  correct=True  running‐acc=0.716
[ 135/600] loss=3.1297  pred=true   gold=true  running‐acc=0.778
Locality eval: pred=n/a               gold=n/a  correct=True  running‐acc=0.719
[ 136/600] loss=2.5774  pred=n/a    gold=n/a  running‐acc=0.779
Locality eval: pred=true              gold=true  correct=True  running‐acc=0.721
[ 137/600] loss=3.1866  pred=true   gold=true  running‐acc=0.781
Locality eval: pred=true              gold=n/a  correct=False  running‐acc=0.715
[ 138/600] loss=3.6767  pred=true   gold=true  running‐acc=0.783
Locality eval: pred=n/a               gold=n/a  correct=True  running‐acc=0.717
[ 139/600] loss=2.9707  pred=n/a    gold=n/a  running‐acc=0.784
Locality eval: pred=true              gold=true  correct=True  running‐acc=0.719
[ 140/600] loss=2.5550  pred=n/a    gold=n/a  running‐acc=0.786
Locality eval: pred=true              gold=true  correct=True  running‐acc=0.721
[ 141/600] loss=2.7423  pred=n/a    gold=n/a  running‐acc=0.787
Locality eval: pred=n/a               gold=true  correct=False  running‐acc=0.716
[ 142/600] loss=2.7883  pred=n/a    gold=n/a  running‐acc=0.789
Locality eval: pred=n/a               gold=true  correct=False  running‐acc=0.711
[ 143/600] loss=2.3257  pred=true   gold=true  running‐acc=0.790
Locality eval: pred=n/a               gold=n/a  correct=True  running‐acc=0.713
[ 144/600] loss=2.3833  pred=true   gold=true  running‐acc=0.792
Locality eval: pred=n/a               gold=n/a  correct=True  running‐acc=0.715
[ 145/600] loss=3.2639  pred=n/a    gold=true  running‐acc=0.786
Locality eval: pred=n/a               gold=n/a  correct=True  running‐acc=0.717
[ 146/600] loss=3.0180  pred=       gold=true  running‐acc=0.781
Locality eval: pred=true              gold=n/a  correct=False  running‐acc=0.712
[ 147/600] loss=2.6594  pred=n/a    gold=n/a  running‐acc=0.782
Locality eval: pred=n/a.              gold=true  correct=False  running‐acc=0.707
[ 148/600] loss=3.0151  pred=true   gold=true  running‐acc=0.784
Locality eval: pred=n/a               gold=n/a  correct=True  running‐acc=0.709
[ 149/600] loss=2.5281  pred=true   gold=n/a  running‐acc=0.779
Locality eval: pred=true              gold=true  correct=True  running‐acc=0.711
[ 150/600] loss=2.1648  pred=n/a    gold=n/a  running‐acc=0.780
Locality eval: pred=true              gold=true  correct=True  running‐acc=0.713
[ 151/600] loss=2.5725  pred=true   gold=true  running‐acc=0.781
Locality eval: pred=n/a               gold=n/a  correct=True  running‐acc=0.715
[ 152/600] loss=2.5194  pred=true   gold=true  running‐acc=0.783
Locality eval: pred=n/a               gold=n/a  correct=True  running‐acc=0.717
[ 153/600] loss=2.4761  pred=n/a    gold=n/a  running‐acc=0.784
Locality eval: pred=n/a               gold=true  correct=False  running‐acc=0.712
[ 154/600] loss=2.7493  pred=true   gold=n/a  running‐acc=0.779
Locality eval: pred=true              gold=true  correct=True  running‐acc=0.714
[ 155/600] loss=2.0488  pred=true   gold=true  running‐acc=0.781
Locality eval: pred=n/a               gold=n/a  correct=True  running‐acc=0.716
[ 156/600] loss=2.4683  pred=true   gold=n/a  running‐acc=0.776
Locality eval: pred=true              gold=true  correct=True  running‐acc=0.718
[ 157/600] loss=3.3471  pred=true   gold=true  running‐acc=0.777
Locality eval: pred=n/a               gold=n/a  correct=True  running‐acc=0.720
[ 158/600] loss=2.7329  pred=n/a    gold=n/a  running‐acc=0.778
Locality eval: pred=n/a               gold=true  correct=False  running‐acc=0.715
[ 159/600] loss=2.5314  pred=n/a    gold=n/a  running‐acc=0.780
Locality eval: pred=true              gold=true  correct=True  running‐acc=0.717
[ 160/600] loss=3.0880  pred=n/a    gold=n/a  running‐acc=0.781
Locality eval: pred=n/a               gold=true  correct=False  running‐acc=0.713
[ 161/600] loss=3.4214  pred=true   gold=true  running‐acc=0.783
Locality eval: pred=false             gold=n/a  correct=False  running‐acc=0.708
[ 162/600] loss=2.3019  pred=n/a    gold=n/a  running‐acc=0.784
Locality eval: pred=true              gold=true  correct=True  running‐acc=0.710
[ 163/600] loss=2.6361  pred=n/a    gold=n/a  running‐acc=0.785
Locality eval: pred=true              gold=true  correct=True  running‐acc=0.712
[ 164/600] loss=2.6930  pred=n/a    gold=n/a  running‐acc=0.787
Locality eval: pred=true              gold=true  correct=True  running‐acc=0.713
[ 165/600] loss=3.4266  pred=true   gold=true  running‐acc=0.788
Locality eval: pred=n/a               gold=n/a  correct=True  running‐acc=0.715
[ 166/600] loss=3.1207  pred=true   gold=true  running‐acc=0.789
Locality eval: pred=n/a               gold=n/a  correct=True  running‐acc=0.717
[ 167/600] loss=2.8730  pred=n/a    gold=n/a  running‐acc=0.790
Locality eval: pred=n/a               gold=true  correct=False  running‐acc=0.713
[ 168/600] loss=2.7624  pred=true   gold=true  running‐acc=0.792
Locality eval: pred=n/a               gold=n/a  correct=True  running‐acc=0.714
[ 169/600] loss=2.5442  pred=n/a    gold=n/a  running‐acc=0.793
Locality eval: pred=n/a               gold=true  correct=False  running‐acc=0.710
[ 170/600] loss=2.3901  pred=false.  gold=n/a  running‐acc=0.788
Locality eval: pred=true              gold=true  correct=True  running‐acc=0.712
[ 171/600] loss=2.6450  pred=n/a    gold=n/a  running‐acc=0.789
Locality eval: pred=true              gold=true  correct=True  running‐acc=0.713
[ 172/600] loss=3.4197  pred=true   gold=true  running‐acc=0.791
Locality eval: pred=n/a               gold=n/a  correct=True  running‐acc=0.715
[ 173/600] loss=2.4752  pred=n/a    gold=n/a  running‐acc=0.792
Locality eval: pred=true              gold=true  correct=True  running‐acc=0.717
[ 174/600] loss=3.2794  pred=       gold=true  running‐acc=0.787
Locality eval: pred=n/a               gold=n/a  correct=True  running‐acc=0.718
[ 175/600] loss=2.7899  pred=       gold=true  running‐acc=0.783
Locality eval: pred=n/a               gold=n/a  correct=True  running‐acc=0.720
[ 176/600] loss=2.7759  pred=true   gold=n/a  running‐acc=0.778
Locality eval: pred=n/a               gold=true  correct=False  running‐acc=0.716
[ 177/600] loss=3.1477  pred=       gold=true  running‐acc=0.774
Locality eval: pred=true              gold=n/a  correct=False  running‐acc=0.712
[ 178/600] loss=3.0886  pred=n/a    gold=n/a  running‐acc=0.775
Locality eval: pred=n/a               gold=true  correct=False  running‐acc=0.708
[ 179/600] loss=3.0740  pred=n/a    gold=n/a  running‐acc=0.777
Locality eval: pred=n/a               gold=true  correct=False  running‐acc=0.704
[ 180/600] loss=3.2936  pred=false.  gold=true  running‐acc=0.772
Locality eval: pred=true              gold=n/a  correct=False  running‐acc=0.700
[ 181/600] loss=2.6992  pred=true   gold=n/a  running‐acc=0.768
Locality eval: pred=true              gold=true  correct=True  running‐acc=0.702
[ 182/600] loss=2.9670  pred=n/a    gold=n/a  running‐acc=0.769
Locality eval: pred=n/a               gold=true  correct=False  running‐acc=0.698
[ 183/600] loss=3.3830  pred=       gold=true  running‐acc=0.765
Locality eval: pred=n/a               gold=n/a  correct=True  running‐acc=0.699
[ 184/600] loss=3.0573  pred=true   gold=true  running‐acc=0.766
Locality eval: pred=n/a               gold=n/a  correct=True  running‐acc=0.701
[ 185/600] loss=2.9435  pred=true   gold=true  running‐acc=0.768
Locality eval: pred=n/a               gold=n/a  correct=True  running‐acc=0.703
[ 186/600] loss=3.2037  pred=true   gold=true  running‐acc=0.769
Locality eval: pred=n/a               gold=n/a  correct=True  running‐acc=0.704
[ 187/600] loss=2.5426  pred=n/a    gold=n/a  running‐acc=0.770
Locality eval: pred=true              gold=true  correct=True  running‐acc=0.706
[ 188/600] loss=2.4301  pred=n/a    gold=n/a  running‐acc=0.771
Locality eval: pred=n/a               gold=true  correct=False  running‐acc=0.702
[ 189/600] loss=2.7824  pred=true   gold=true  running‐acc=0.772
Locality eval: pred=n/a               gold=n/a  correct=True  running‐acc=0.704
[ 190/600] loss=3.0574  pred=n/a    gold=n/a  running‐acc=0.774
Locality eval: pred=true              gold=true  correct=True  running‐acc=0.705
[ 191/600] loss=2.6796  pred=n/a    gold=n/a  running‐acc=0.775
Locality eval: pred=true              gold=true  correct=True  running‐acc=0.707
[ 192/600] loss=2.4840  pred=true   gold=n/a  running‐acc=0.771
Locality eval: pred=true              gold=true  correct=True  running‐acc=0.708
[ 193/600] loss=3.5104  pred=       gold=true  running‐acc=0.767
Locality eval: pred=n/a               gold=n/a  correct=True  running‐acc=0.710
[ 194/600] loss=2.9138  pred=true   gold=true  running‐acc=0.768
Locality eval: pred=n/a               gold=n/a  correct=True  running‐acc=0.711
[ 195/600] loss=2.6692  pred=true   gold=true  running‐acc=0.769
Locality eval: pred=n/a               gold=n/a  correct=True  running‐acc=0.713
[ 196/600] loss=3.0977  pred=true   gold=true  running‐acc=0.770
Locality eval: pred=n/a               gold=n/a  correct=True  running‐acc=0.714
[ 197/600] loss=2.6333  pred=true   gold=true  running‐acc=0.772
Locality eval: pred=n/a               gold=n/a  correct=True  running‐acc=0.716
[ 198/600] loss=2.6039  pred=n/a    gold=n/a  running‐acc=0.773
Locality eval: pred=true              gold=true  correct=True  running‐acc=0.717
[ 199/600] loss=2.9149  pred=true   gold=true  running‐acc=0.774
Locality eval: pred=n/a               gold=n/a  correct=True  running‐acc=0.719
[ 200/600] loss=3.6827  pred=true   gold=true  running‐acc=0.775
Locality eval: pred=n/a               gold=n/a  correct=True  running‐acc=0.720
[ 201/600] loss=2.2236  pred=false.  gold=n/a  running‐acc=0.771
Locality eval: pred=n/a               gold=true  correct=False  running‐acc=0.716
[ 202/600] loss=2.5343  pred=n/a    gold=n/a  running‐acc=0.772
Locality eval: pred=true              gold=true  correct=True  running‐acc=0.718
[ 203/600] loss=2.9357  pred=true   gold=true  running‐acc=0.773
Locality eval: pred=n/a               gold=n/a  correct=True  running‐acc=0.719
[ 204/600] loss=2.1647  pred=n/a    gold=n/a  running‐acc=0.775
Locality eval: pred=true              gold=true  correct=True  running‐acc=0.721
[ 205/600] loss=4.3309  pred=true   gold=true  running‐acc=0.776
Locality eval: pred=                  gold=n/a  correct=False  running‐acc=0.717
[ 206/600] loss=2.3892  pred=n/a    gold=n/a  running‐acc=0.777
Locality eval: pred=n/a               gold=true  correct=False  running‐acc=0.714
[ 207/600] loss=2.8823  pred=false  gold=n/a  running‐acc=0.773
Locality eval: pred=n/a               gold=true  correct=False  running‐acc=0.710
[ 208/600] loss=3.1668  pred=true   gold=true  running‐acc=0.774
Locality eval: pred=n/a               gold=n/a  correct=True  running‐acc=0.712
[ 209/600] loss=2.5822  pred=n/a    gold=n/a  running‐acc=0.775
Locality eval: pred=n/a               gold=true  correct=False  running‐acc=0.708
[ 210/600] loss=2.6600  pred=n/a    gold=n/a  running‐acc=0.776
Locality eval: pred=true              gold=true  correct=True  running‐acc=0.710
[ 211/600] loss=2.6432  pred=true   gold=true  running‐acc=0.777
Locality eval: pred=n/a               gold=n/a  correct=True  running‐acc=0.711
[ 212/600] loss=2.2906  pred=true   gold=n/a  running‐acc=0.774
Locality eval: pred=true              gold=true  correct=True  running‐acc=0.712
[ 213/600] loss=3.9135  pred=true   gold=true  running‐acc=0.775
Locality eval: pred=n/a               gold=n/a  correct=True  running‐acc=0.714
[ 214/600] loss=2.0704  pred=false  gold=n/a  running‐acc=0.771
Locality eval: pred=n/a               gold=true  correct=False  running‐acc=0.710
[ 215/600] loss=2.5415  pred=true   gold=true  running‐acc=0.772
Locality eval: pred=n/a               gold=n/a  correct=True  running‐acc=0.712
[ 216/600] loss=2.7278  pred=n/a    gold=n/a  running‐acc=0.773
Locality eval: pred=true              gold=true  correct=True  running‐acc=0.713
[ 217/600] loss=3.4014  pred=true   gold=true  running‐acc=0.774
Locality eval: pred=true              gold=n/a  correct=False  running‐acc=0.710
[ 218/600] loss=2.8043  pred=n/a    gold=n/a  running‐acc=0.775
Locality eval: pred=n/a               gold=true  correct=False  running‐acc=0.706
[ 219/600] loss=2.6249  pred=true   gold=true  running‐acc=0.776
Locality eval: pred=n/a               gold=n/a  correct=True  running‐acc=0.708
[ 220/600] loss=2.7705  pred=n/a    gold=n/a  running‐acc=0.777
Locality eval: pred=true              gold=true  correct=True  running‐acc=0.709
[ 221/600] loss=2.6945  pred=n/a    gold=n/a  running‐acc=0.778
Locality eval: pred=true              gold=true  correct=True  running‐acc=0.710
[ 222/600] loss=3.1522  pred=n/a    gold=n/a  running‐acc=0.779
Locality eval: pred=n/a               gold=true  correct=False  running‐acc=0.707
[ 223/600] loss=2.6128  pred=n/a    gold=n/a  running‐acc=0.780
Locality eval: pred=n/a               gold=true  correct=False  running‐acc=0.704
[ 224/600] loss=2.5222  pred=true   gold=n/a  running‐acc=0.777
Locality eval: pred=true              gold=true  correct=True  running‐acc=0.705
[ 225/600] loss=2.4862  pred=false  gold=n/a  running‐acc=0.773
Locality eval: pred=true              gold=true  correct=True  running‐acc=0.707
[ 226/600] loss=3.4739  pred=true   gold=true  running‐acc=0.774
Locality eval: pred=true              gold=n/a  correct=False  running‐acc=0.704
[ 227/600] loss=2.0644  pred=n/a    gold=n/a  running‐acc=0.775
Locality eval: pred=true              gold=true  correct=True  running‐acc=0.705
[ 228/600] loss=2.5462  pred=n/a    gold=n/a  running‐acc=0.776
Locality eval: pred=true              gold=true  correct=True  running‐acc=0.706
[ 229/600] loss=2.6003  pred=n/a    gold=n/a  running‐acc=0.777
Locality eval: pred=n/a               gold=true  correct=False  running‐acc=0.703
[ 230/600] loss=2.3835  pred=n/a    gold=n/a  running‐acc=0.778
Locality eval: pred=true              gold=true  correct=True  running‐acc=0.704
[ 231/600] loss=2.9305  pred=n/a    gold=n/a  running‐acc=0.779
Locality eval: pred=true              gold=true  correct=True  running‐acc=0.706
[ 232/600] loss=2.7407  pred=n/a    gold=n/a  running‐acc=0.780
Locality eval: pred=n/a               gold=true  correct=False  running‐acc=0.703
[ 233/600] loss=3.7127  pred=true   gold=true  running‐acc=0.781
Locality eval: pred=                  gold=n/a  correct=False  running‐acc=0.700
[ 234/600] loss=3.1557  pred=true   gold=true  running‐acc=0.782
Locality eval: pred=                  gold=n/a  correct=False  running‐acc=0.697
[ 235/600] loss=2.1637  pred=n/a    gold=n/a  running‐acc=0.783
Locality eval: pred=true              gold=true  correct=True  running‐acc=0.698
[ 236/600] loss=2.7535  pred=n/a    gold=n/a  running‐acc=0.784
Locality eval: pred=n/a.              gold=true  correct=False  running‐acc=0.695
[ 237/600] loss=3.3421  pred=false  gold=true  running‐acc=0.781
Locality eval: pred=n/a               gold=n/a  correct=True  running‐acc=0.696
[ 238/600] loss=2.8728  pred=n/a    gold=n/a  running‐acc=0.782
Locality eval: pred=true              gold=true  correct=True  running‐acc=0.697
[ 239/600] loss=2.7512  pred=n/a    gold=n/a  running‐acc=0.782
Locality eval: pred=true              gold=true  correct=True  running‐acc=0.699
[ 240/600] loss=3.9986  pred=true   gold=true  running‐acc=0.783
Locality eval: pred=n/a               gold=n/a  correct=True  running‐acc=0.700
[ 241/600] loss=3.1468  pred=n/a    gold=n/a  running‐acc=0.784
Locality eval: pred=n/a               gold=true  correct=False  running‐acc=0.697
[ 242/600] loss=2.4475  pred=n/a    gold=n/a  running‐acc=0.785
Locality eval: pred=n/a               gold=true  correct=False  running‐acc=0.694
[ 243/600] loss=2.5925  pred=n/a    gold=n/a  running‐acc=0.786
Locality eval: pred=n/a               gold=true  correct=False  running‐acc=0.691
[ 244/600] loss=3.0836  pred=true   gold=true  running‐acc=0.787
Locality eval: pred=n/a               gold=n/a  correct=True  running‐acc=0.693
[ 245/600] loss=3.9410  pred=n/a    gold=true  running‐acc=0.784
Locality eval: pred=n/a               gold=n/a  correct=True  running‐acc=0.694
[ 246/600] loss=2.7545  pred=       gold=true  running‐acc=0.780
Locality eval: pred=                  gold=n/a  correct=False  running‐acc=0.691
[ 247/600] loss=3.2290  pred=true   gold=true  running‐acc=0.781
Locality eval: pred=n/a               gold=n/a  correct=True  running‐acc=0.692
[ 248/600] loss=3.5082  pred=true   gold=true  running‐acc=0.782
Locality eval: pred=n/a               gold=n/a  correct=True  running‐acc=0.694
[ 249/600] loss=2.5519  pred=n/a    gold=n/a  running‐acc=0.783
Locality eval: pred=n/a               gold=true  correct=False  running‐acc=0.691
[ 250/600] loss=3.1366  pred=true   gold=true  running‐acc=0.784
Locality eval: pred=n/a               gold=n/a  correct=True  running‐acc=0.692
[ 251/600] loss=2.5558  pred=n/a    gold=n/a  running‐acc=0.785
Locality eval: pred=true              gold=true  correct=True  running‐acc=0.693
[ 252/600] loss=2.8057  pred=n/a    gold=n/a  running‐acc=0.786
Locality eval: pred=true              gold=true  correct=True  running‐acc=0.694
[ 253/600] loss=3.5674  pred=true   gold=true  running‐acc=0.787
Locality eval: pred=n/a               gold=n/a  correct=True  running‐acc=0.696
[ 254/600] loss=3.6952  pred=true   gold=true  running‐acc=0.787
Locality eval: pred=n/a               gold=n/a  correct=True  running‐acc=0.697
[ 255/600] loss=2.8391  pred=n/a    gold=n/a  running‐acc=0.788
Locality eval: pred=n/a               gold=true  correct=False  running‐acc=0.694
[ 256/600] loss=2.3764  pred=n/a    gold=n/a  running‐acc=0.789
Locality eval: pred=true              gold=true  correct=True  running‐acc=0.695
[ 257/600] loss=2.9463  pred=n/a    gold=n/a  running‐acc=0.790
Locality eval: pred=true              gold=true  correct=True  running‐acc=0.696
[ 258/600] loss=2.6759  pred=n/a    gold=n/a  running‐acc=0.791
Locality eval: pred=true              gold=true  correct=True  running‐acc=0.698
[ 259/600] loss=2.7691  pred=true   gold=true  running‐acc=0.792
Locality eval: pred=true              gold=n/a  correct=False  running‐acc=0.695
[ 260/600] loss=3.3404  pred=true   gold=true  running‐acc=0.792
Locality eval: pred=n/a               gold=n/a  correct=True  running‐acc=0.696
[ 261/600] loss=3.0171  pred=true   gold=true  running‐acc=0.793
Locality eval: pred=false.            gold=n/a  correct=False  running‐acc=0.693
[ 262/600] loss=2.9922  pred=true   gold=true  running‐acc=0.794
Locality eval: pred=n/a               gold=n/a  correct=True  running‐acc=0.695
[ 263/600] loss=2.4077  pred=true   gold=n/a  running‐acc=0.791
Locality eval: pred=true              gold=true  correct=True  running‐acc=0.696
[ 264/600] loss=2.5484  pred=false  gold=n/a  running‐acc=0.788
Locality eval: pred=true              gold=true  correct=True  running‐acc=0.697
[ 265/600] loss=3.4124  pred=true   gold=true  running‐acc=0.789
Locality eval: pred=true              gold=n/a  correct=False  running‐acc=0.694
[ 266/600] loss=3.0007  pred=n/a    gold=n/a  running‐acc=0.789
Locality eval: pred=n/a               gold=true  correct=False  running‐acc=0.692
[ 267/600] loss=2.6075  pred=n/a    gold=n/a  running‐acc=0.790
Locality eval: pred=true              gold=true  correct=True  running‐acc=0.693
[ 268/600] loss=3.1022  pred=true   gold=true  running‐acc=0.791
Locality eval: pred=n/a               gold=n/a  correct=True  running‐acc=0.694
[ 269/600] loss=2.5131  pred=n/a    gold=n/a  running‐acc=0.792
Locality eval: pred=n/a               gold=true  correct=False  running‐acc=0.691
[ 270/600] loss=2.5863  pred=true   gold=true  running‐acc=0.793
Locality eval: pred=n/a               gold=n/a  correct=True  running‐acc=0.693
[ 271/600] loss=2.4233  pred=n/a    gold=n/a  running‐acc=0.793
Locality eval: pred=true              gold=true  correct=True  running‐acc=0.694
[ 272/600] loss=3.1374  pred=true   gold=true  running‐acc=0.794
Locality eval: pred=n/a               gold=n/a  correct=True  running‐acc=0.695
[ 273/600] loss=2.5375  pred=n/a    gold=n/a  running‐acc=0.795
Locality eval: pred=true              gold=true  correct=True  running‐acc=0.696
[ 274/600] loss=2.5627  pred=n/a    gold=n/a  running‐acc=0.796
Locality eval: pred=true              gold=true  correct=True  running‐acc=0.697
[ 275/600] loss=3.4220  pred=true   gold=true  running‐acc=0.796
Locality eval: pred=n/a               gold=n/a  correct=True  running‐acc=0.698
[ 276/600] loss=2.5013  pred=n/a    gold=n/a  running‐acc=0.797
Locality eval: pred=true              gold=true  correct=True  running‐acc=0.699
[ 277/600] loss=3.1824  pred=true   gold=true  running‐acc=0.798
Locality eval: pred=n/a               gold=n/a  correct=True  running‐acc=0.700
[ 278/600] loss=2.7393  pred=n/a    gold=n/a  running‐acc=0.799
Locality eval: pred=n/a               gold=true  correct=False  running‐acc=0.698
[ 279/600] loss=3.1913  pred=true   gold=true  running‐acc=0.799
Locality eval: pred=n/a               gold=n/a  correct=True  running‐acc=0.699
[ 280/600] loss=2.4897  pred=n/a    gold=n/a  running‐acc=0.800
Locality eval: pred=n/a               gold=true  correct=False  running‐acc=0.696
[ 281/600] loss=2.9165  pred=true   gold=true  running‐acc=0.801
Locality eval: pred=n/a               gold=n/a  correct=True  running‐acc=0.698
[ 282/600] loss=3.2295  pred=true   gold=true  running‐acc=0.801
Locality eval: pred=n/a               gold=n/a  correct=True  running‐acc=0.699
[ 283/600] loss=2.6038  pred=n/a    gold=n/a  running‐acc=0.802
Locality eval: pred=true              gold=true  correct=True  running‐acc=0.700
[ 284/600] loss=2.0218  pred=n/a    gold=n/a  running‐acc=0.803
Locality eval: pred=true              gold=true  correct=True  running‐acc=0.701
[ 285/600] loss=2.8045  pred=true   gold=true  running‐acc=0.804
Locality eval: pred=n/a               gold=n/a  correct=True  running‐acc=0.702
[ 286/600] loss=2.5550  pred=n/a    gold=n/a  running‐acc=0.804
Locality eval: pred=true              gold=true  correct=True  running‐acc=0.703
[ 287/600] loss=2.3702  pred=true   gold=n/a  running‐acc=0.801
Locality eval: pred=true              gold=true  correct=True  running‐acc=0.704
[ 288/600] loss=2.7972  pred=true.  gold=true  running‐acc=0.802
Locality eval: pred=n/a               gold=n/a  correct=True  running‐acc=0.705
[ 289/600] loss=3.6238  pred=true   gold=true  running‐acc=0.803
Locality eval: pred=n/a               gold=n/a  correct=True  running‐acc=0.706
[ 290/600] loss=2.4949  pred=n/a    gold=n/a  running‐acc=0.803
Locality eval: pred=n/a               gold=true  correct=False  running‐acc=0.703
[ 291/600] loss=3.1836  pred=true   gold=true  running‐acc=0.804
Locality eval: pred=true              gold=n/a  correct=False  running‐acc=0.701
[ 292/600] loss=2.9402  pred=true   gold=true  running‐acc=0.805
Locality eval: pred=n/a               gold=n/a  correct=True  running‐acc=0.702
[ 293/600] loss=2.6696  pred=n/a    gold=true  running‐acc=0.802
Locality eval: pred=true              gold=n/a  correct=False  running‐acc=0.700
[ 294/600] loss=2.8759  pred=true   gold=true  running‐acc=0.803
Locality eval: pred=                  gold=n/a  correct=False  running‐acc=0.697
[ 295/600] loss=3.0357  pred=n/a    gold=n/a  running‐acc=0.803
Locality eval: pred=true              gold=true  correct=True  running‐acc=0.698
[ 296/600] loss=2.7303  pred=n/a    gold=n/a  running‐acc=0.804
Locality eval: pred=true              gold=true  correct=True  running‐acc=0.699
[ 297/600] loss=3.8200  pred=n/a    gold=true  running‐acc=0.801
Locality eval: pred=true              gold=n/a  correct=False  running‐acc=0.697
[ 298/600] loss=2.5689  pred=true   gold=true  running‐acc=0.802
Locality eval: pred=true              gold=n/a  correct=False  running‐acc=0.695
[ 299/600] loss=2.2292  pred=n/a    gold=n/a  running‐acc=0.803
Locality eval: pred=true              gold=true  correct=True  running‐acc=0.696
[ 300/600] loss=2.3389  pred=true   gold=n/a  running‐acc=0.800
Locality eval: pred=true              gold=true  correct=True  running‐acc=0.697
[ 301/600] loss=3.2654  pred=true   gold=true  running‐acc=0.801
Locality eval: pred=                  gold=n/a  correct=False  running‐acc=0.694
[ 302/600] loss=3.1460  pred=true   gold=true  running‐acc=0.801
Locality eval: pred=n/a               gold=n/a  correct=True  running‐acc=0.695
[ 303/600] loss=2.5114  pred=true   gold=true  running‐acc=0.802
Locality eval: pred=n/a               gold=n/a  correct=True  running‐acc=0.696
[ 304/600] loss=3.7278  pred=true   gold=true  running‐acc=0.803
Locality eval: pred=n/a               gold=n/a  correct=True  running‐acc=0.697
[ 305/600] loss=3.2276  pred=n/a    gold=true  running‐acc=0.800
Locality eval: pred=true              gold=n/a  correct=False  running‐acc=0.695
[ 306/600] loss=2.9903  pred=true   gold=true  running‐acc=0.801
Locality eval: pred=n/a               gold=n/a  correct=True  running‐acc=0.696
[ 307/600] loss=3.0790  pred=true   gold=true  running‐acc=0.801
Locality eval: pred=true              gold=n/a  correct=False  running‐acc=0.694
[ 308/600] loss=3.5108  pred=true   gold=true  running‐acc=0.802
Locality eval: pred=n/a               gold=n/a  correct=True  running‐acc=0.695
[ 309/600] loss=2.9460  pred=true   gold=true  running‐acc=0.803
Locality eval: pred=n/a               gold=n/a  correct=True  running‐acc=0.696
[ 310/600] loss=2.9688  pred=n/a    gold=n/a  running‐acc=0.803
Locality eval: pred=n/a               gold=true  correct=False  running‐acc=0.694
[ 311/600] loss=3.2450  pred=true   gold=true  running‐acc=0.804
Locality eval: pred=n/a               gold=n/a  correct=True  running‐acc=0.695
[ 312/600] loss=2.7945  pred=true   gold=true  running‐acc=0.804
Locality eval: pred=n/a               gold=n/a  correct=True  running‐acc=0.696
[ 313/600] loss=2.3005  pred=n/a    gold=n/a  running‐acc=0.805
Locality eval: pred=true              gold=true  correct=True  running‐acc=0.696
[ 314/600] loss=2.3746  pred=true   gold=n/a  running‐acc=0.803
Locality eval: pred=true              gold=true  correct=True  running‐acc=0.697
[ 315/600] loss=2.3571  pred=true   gold=n/a  running‐acc=0.800
Locality eval: pred=true              gold=true  correct=True  running‐acc=0.698
[ 316/600] loss=3.0128  pred=true   gold=true  running‐acc=0.801
Locality eval: pred=true              gold=n/a  correct=False  running‐acc=0.696
[ 317/600] loss=3.0493  pred=       gold=true  running‐acc=0.798
Locality eval: pred=n/a               gold=n/a  correct=True  running‐acc=0.697
[ 318/600] loss=3.0193  pred=true   gold=true  running‐acc=0.799
Locality eval: pred=true              gold=n/a  correct=False  running‐acc=0.695
[ 319/600] loss=2.4026  pred=n/a    gold=n/a  running‐acc=0.799
Locality eval: pred=true              gold=true  correct=True  running‐acc=0.696
[ 320/600] loss=2.3659  pred=n/a    gold=n/a  running‐acc=0.800
Locality eval: pred=true              gold=true  correct=True  running‐acc=0.697
[ 321/600] loss=2.8930  pred=n/a    gold=true  running‐acc=0.798
Locality eval: pred=n/a               gold=n/a  correct=True  running‐acc=0.698
[ 322/600] loss=2.8923  pred=true   gold=true  running‐acc=0.798
Locality eval: pred=n/a               gold=n/a  correct=True  running‐acc=0.699
[ 323/600] loss=2.4485  pred=n/a    gold=n/a  running‐acc=0.799
Locality eval: pred=n/a               gold=true  correct=False  running‐acc=0.697
[ 324/600] loss=2.9358  pred=n/a    gold=n/a  running‐acc=0.799
Locality eval: pred=true              gold=true  correct=True  running‐acc=0.698
[ 325/600] loss=3.5314  pred=true   gold=true  running‐acc=0.800
Locality eval: pred=true              gold=n/a  correct=False  running‐acc=0.695
[ 326/600] loss=2.4542  pred=true   gold=n/a  running‐acc=0.798
Locality eval: pred=true              gold=true  correct=True  running‐acc=0.696
[ 327/600] loss=3.5293  pred=true   gold=true  running‐acc=0.798
Locality eval: pred=true              gold=n/a  correct=False  running‐acc=0.694
[ 328/600] loss=2.4052  pred=n/a    gold=n/a  running‐acc=0.799
Locality eval: pred=true              gold=true  correct=True  running‐acc=0.695
[ 329/600] loss=2.5322  pred=true   gold=true  running‐acc=0.799
Locality eval: pred=n/a               gold=n/a  correct=True  running‐acc=0.696
[ 330/600] loss=2.4732  pred=n/a    gold=n/a  running‐acc=0.800
Locality eval: pred=true              gold=true  correct=True  running‐acc=0.697
[ 331/600] loss=2.9899  pred=true   gold=true  running‐acc=0.801
Locality eval: pred=n/a               gold=n/a  correct=True  running‐acc=0.698
[ 332/600] loss=2.5451  pred=false  gold=n/a  running‐acc=0.798
Locality eval: pred=true              gold=true  correct=True  running‐acc=0.699
[ 333/600] loss=2.3469  pred=true   gold=true  running‐acc=0.799
Locality eval: pred=n/a               gold=n/a  correct=True  running‐acc=0.700
[ 334/600] loss=3.1353  pred=true   gold=n/a  running‐acc=0.796
Locality eval: pred=n/a               gold=true  correct=False  running‐acc=0.698
[ 335/600] loss=3.3066  pred=true   gold=true  running‐acc=0.797
Locality eval: pred=false             gold=n/a  correct=False  running‐acc=0.696
[ 336/600] loss=2.4750  pred=n/a    gold=n/a  running‐acc=0.798
Locality eval: pred=true              gold=true  correct=True  running‐acc=0.696
[ 337/600] loss=3.0341  pred=n/a    gold=n/a  running‐acc=0.798
Locality eval: pred=n/a               gold=true  correct=False  running‐acc=0.694
[ 338/600] loss=2.3567  pred=n/a    gold=n/a  running‐acc=0.799
Locality eval: pred=true              gold=true  correct=True  running‐acc=0.695
[ 339/600] loss=2.5131  pred=n/a    gold=n/a  running‐acc=0.799
Locality eval: pred=n/a               gold=true  correct=False  running‐acc=0.693
[ 340/600] loss=2.3712  pred=n/a    gold=n/a  running‐acc=0.800
Locality eval: pred=true              gold=true  correct=True  running‐acc=0.694
[ 341/600] loss=3.2799  pred=true   gold=true  running‐acc=0.801
Locality eval: pred=n/a               gold=n/a  correct=True  running‐acc=0.695
[ 342/600] loss=3.1074  pred=true   gold=true  running‐acc=0.801
Locality eval: pred=n/a               gold=n/a  correct=True  running‐acc=0.696
[ 343/600] loss=1.0806  pred=n/a    gold=n/a  running‐acc=0.802
Locality eval: pred=true              gold=true  correct=True  running‐acc=0.697
[ 344/600] loss=2.9616  pred=true   gold=true  running‐acc=0.802
Locality eval: pred=n/a               gold=n/a  correct=True  running‐acc=0.698
[ 345/600] loss=2.0329  pred=       gold=n/a  running‐acc=0.800
Locality eval: pred=true              gold=true  correct=True  running‐acc=0.699
[ 346/600] loss=2.9210  pred=true   gold=true  running‐acc=0.801
Locality eval: pred=                  gold=n/a  correct=False  running‐acc=0.697
[ 347/600] loss=2.1816  pred=n/a    gold=n/a  running‐acc=0.801
Locality eval: pred=n/a               gold=true  correct=False  running‐acc=0.695
[ 348/600] loss=2.4559  pred=n/a    gold=n/a  running‐acc=0.802
Locality eval: pred=true              gold=true  correct=True  running‐acc=0.695
[ 349/600] loss=2.7808  pred=n/a    gold=n/a  running‐acc=0.802
Locality eval: pred=true              gold=true  correct=True  running‐acc=0.696
[ 350/600] loss=2.4189  pred=true   gold=n/a  running‐acc=0.800
Locality eval: pred=n/a               gold=true  correct=False  running‐acc=0.694
[ 351/600] loss=2.5155  pred=true   gold=n/a  running‐acc=0.798
Locality eval: pred=true              gold=true  correct=True  running‐acc=0.695
[ 352/600] loss=2.6472  pred=n/a    gold=n/a  running‐acc=0.798
Locality eval: pred=true              gold=true  correct=True  running‐acc=0.696
[ 353/600] loss=2.3862  pred=n/a    gold=n/a  running‐acc=0.799
Locality eval: pred=n/a               gold=true  correct=False  running‐acc=0.694
[ 354/600] loss=3.3965  pred=true   gold=true  running‐acc=0.799
Locality eval: pred=n/a               gold=n/a  correct=True  running‐acc=0.695
[ 355/600] loss=2.6801  pred=true   gold=true  running‐acc=0.800
Locality eval: pred=n/a               gold=n/a  correct=True  running‐acc=0.696
[ 356/600] loss=3.2673  pred=true   gold=true  running‐acc=0.801
Locality eval: pred=n/a               gold=n/a  correct=True  running‐acc=0.697
[ 357/600] loss=2.8417  pred=n/a    gold=true  running‐acc=0.798
Locality eval: pred=n/a               gold=n/a  correct=True  running‐acc=0.697
[ 358/600] loss=3.5724  pred=true   gold=true  running‐acc=0.799
Locality eval: pred=n/a               gold=n/a  correct=True  running‐acc=0.698
[ 359/600] loss=3.0124  pred=true   gold=true  running‐acc=0.799
Locality eval: pred=true              gold=n/a  correct=False  running‐acc=0.696
[ 360/600] loss=2.6464  pred=n/a    gold=n/a  running‐acc=0.800
Locality eval: pred=true              gold=true  correct=True  running‐acc=0.697
[ 361/600] loss=3.2088  pred=true   gold=true  running‐acc=0.801
Locality eval: pred=n/a               gold=n/a  correct=True  running‐acc=0.698
[ 362/600] loss=3.1385  pred=true   gold=true  running‐acc=0.801
Locality eval: pred=n/a               gold=n/a  correct=True  running‐acc=0.699
[ 363/600] loss=2.2823  pred=n/a    gold=n/a  running‐acc=0.802
Locality eval: pred=true              gold=true  correct=True  running‐acc=0.700
[ 364/600] loss=3.9925  pred=true   gold=true  running‐acc=0.802
Locality eval: pred=n/a               gold=n/a  correct=True  running‐acc=0.701
[ 365/600] loss=3.4539  pred=true   gold=true  running‐acc=0.803
Locality eval: pred=n/a               gold=n/a  correct=True  running‐acc=0.701
[ 366/600] loss=2.7102  pred=true   gold=n/a  running‐acc=0.801
Locality eval: pred=true              gold=true  correct=True  running‐acc=0.702
[ 367/600] loss=2.6723  pred=n/a    gold=n/a  running‐acc=0.801
Locality eval: pred=true              gold=true  correct=True  running‐acc=0.703
[ 368/600] loss=3.1174  pred=true   gold=true  running‐acc=0.802
Locality eval: pred=n/a               gold=n/a  correct=True  running‐acc=0.704
[ 369/600] loss=2.6707  pred=true   gold=n/a  running‐acc=0.799
Locality eval: pred=true              gold=true  correct=True  running‐acc=0.705
[ 370/600] loss=2.6319  pred=n/a    gold=n/a  running‐acc=0.800
Locality eval: pred=true              gold=true  correct=True  running‐acc=0.705
[ 371/600] loss=2.8628  pred=true   gold=true  running‐acc=0.801
Locality eval: pred=n/a               gold=n/a  correct=True  running‐acc=0.706
[ 372/600] loss=3.4449  pred=true   gold=true  running‐acc=0.801
Locality eval: pred=false.            gold=n/a  correct=False  running‐acc=0.704
[ 373/600] loss=2.8039  pred=n/a    gold=true  running‐acc=0.799
Locality eval: pred=n/a               gold=n/a  correct=True  running‐acc=0.705
[ 374/600] loss=2.3919  pred=n/a    gold=n/a  running‐acc=0.799
Locality eval: pred=true              gold=true  correct=True  running‐acc=0.706
[ 375/600] loss=2.6763  pred=       gold=true  running‐acc=0.797
Locality eval: pred=true              gold=n/a  correct=False  running‐acc=0.704
[ 376/600] loss=2.7878  pred=true   gold=true  running‐acc=0.798
Locality eval: pred=n/a               gold=n/a  correct=True  running‐acc=0.705
[ 377/600] loss=3.4524  pred=true   gold=true  running‐acc=0.798
Locality eval: pred=n/a               gold=n/a  correct=True  running‐acc=0.706
[ 378/600] loss=4.2345  pred=true   gold=true  running‐acc=0.799
Locality eval: pred=n/a               gold=n/a  correct=True  running‐acc=0.706
[ 379/600] loss=2.6845  pred=true   gold=true  running‐acc=0.799
Locality eval: pred=n/a               gold=n/a  correct=True  running‐acc=0.707
[ 380/600] loss=2.5079  pred=true   gold=true  running‐acc=0.800
Locality eval: pred=n/a               gold=n/a  correct=True  running‐acc=0.708
[ 381/600] loss=2.5610  pred=n/a    gold=n/a  running‐acc=0.801
Locality eval: pred=true              gold=true  correct=True  running‐acc=0.709
[ 382/600] loss=2.6062  pred=n/a    gold=n/a  running‐acc=0.801
Locality eval: pred=n/a               gold=true  correct=False  running‐acc=0.707
[ 383/600] loss=2.4932  pred=true.  gold=n/a  running‐acc=0.799
Locality eval: pred=n/a               gold=true  correct=False  running‐acc=0.705
[ 384/600] loss=2.8149  pred=n/a    gold=n/a  running‐acc=0.799
Locality eval: pred=n/a               gold=true  correct=False  running‐acc=0.703
[ 385/600] loss=3.8287  pred=true   gold=true  running‐acc=0.800
Locality eval: pred=true              gold=n/a  correct=False  running‐acc=0.701
[ 386/600] loss=3.1803  pred=n/a    gold=true  running‐acc=0.798
Locality eval: pred=n/a               gold=n/a  correct=True  running‐acc=0.702
[ 387/600] loss=2.4001  pred=n/a    gold=n/a  running‐acc=0.798
Locality eval: pred=n/a               gold=true  correct=False  running‐acc=0.700
[ 388/600] loss=3.2338  pred=true   gold=true  running‐acc=0.799
Locality eval: pred=n/a               gold=n/a  correct=True  running‐acc=0.701
[ 389/600] loss=2.8233  pred=n/a    gold=n/a  running‐acc=0.799
Locality eval: pred=true              gold=true  correct=True  running‐acc=0.702
[ 390/600] loss=2.7992  pred=true   gold=true  running‐acc=0.800
Locality eval: pred=false             gold=n/a  correct=False  running‐acc=0.700
[ 391/600] loss=3.1208  pred=true   gold=true  running‐acc=0.801
Locality eval: pred=n/a               gold=n/a  correct=True  running‐acc=0.701
[ 392/600] loss=2.5591  pred=true   gold=n/a  running‐acc=0.798
Locality eval: pred=true              gold=true  correct=True  running‐acc=0.702
[ 393/600] loss=2.5639  pred=n/a    gold=n/a  running‐acc=0.799
Locality eval: pred=true              gold=true  correct=True  running‐acc=0.702
[ 394/600] loss=2.7991  pred=n/a    gold=n/a  running‐acc=0.799
Locality eval: pred=n/a               gold=true  correct=False  running‐acc=0.701
[ 395/600] loss=3.1687  pred=true   gold=true  running‐acc=0.800
Locality eval: pred=n/a               gold=n/a  correct=True  running‐acc=0.701
[ 396/600] loss=3.5093  pred=true   gold=true  running‐acc=0.801
Locality eval: pred=n/a               gold=n/a  correct=True  running‐acc=0.702
[ 397/600] loss=2.5592  pred=n/a    gold=n/a  running‐acc=0.801
Locality eval: pred=true              gold=true  correct=True  running‐acc=0.703
[ 398/600] loss=2.6581  pred=true   gold=true  running‐acc=0.802
Locality eval: pred=true              gold=n/a  correct=False  running‐acc=0.701
[ 399/600] loss=2.6743  pred=n/a    gold=n/a  running‐acc=0.802
Locality eval: pred=n/a               gold=true  correct=False  running‐acc=0.699
[ 400/600] loss=2.7880  pred=true   gold=true  running‐acc=0.802
Locality eval: pred=n/a               gold=n/a  correct=True  running‐acc=0.700
[ 401/600] loss=4.1086  pred=true   gold=true  running‐acc=0.803
Locality eval: pred=n/a               gold=n/a  correct=True  running‐acc=0.701
[ 402/600] loss=2.6510  pred=n/a    gold=n/a  running‐acc=0.803
Locality eval: pred=true              gold=true  correct=True  running‐acc=0.701
[ 403/600] loss=2.9937  pred=true   gold=true  running‐acc=0.804
Locality eval: pred=n/a               gold=n/a  correct=True  running‐acc=0.702
[ 404/600] loss=2.7108  pred=true   gold=true  running‐acc=0.804
Locality eval: pred=n/a               gold=n/a  correct=True  running‐acc=0.703
[ 405/600] loss=2.4260  pred=n/a    gold=n/a  running‐acc=0.805
Locality eval: pred=true              gold=true  correct=True  running‐acc=0.704
[ 406/600] loss=2.6585  pred=n/a    gold=n/a  running‐acc=0.805
Locality eval: pred=true              gold=true  correct=True  running‐acc=0.704
[ 407/600] loss=3.2559  pred=true   gold=true  running‐acc=0.806
Locality eval: pred=n/a               gold=n/a  correct=True  running‐acc=0.705
[ 408/600] loss=2.5694  pred=n/a    gold=n/a  running‐acc=0.806
Locality eval: pred=true              gold=true  correct=True  running‐acc=0.706
[ 409/600] loss=4.1165  pred=true   gold=true  running‐acc=0.807
Locality eval: pred=true              gold=n/a  correct=False  running‐acc=0.704
[ 410/600] loss=2.4783  pred=n/a    gold=n/a  running‐acc=0.807
Locality eval: pred=true              gold=true  correct=True  running‐acc=0.705
[ 411/600] loss=2.7041  pred=true   gold=true  running‐acc=0.808
Locality eval: pred=n/a               gold=n/a  correct=True  running‐acc=0.706
[ 412/600] loss=2.3974  pred=true   gold=true  running‐acc=0.808
Locality eval: pred=true.             gold=n/a  correct=False  running‐acc=0.704
[ 413/600] loss=3.2315  pred=false  gold=true  running‐acc=0.806
Locality eval: pred=n/a               gold=n/a  correct=True  running‐acc=0.705
[ 414/600] loss=3.0186  pred=true   gold=true  running‐acc=0.807
Locality eval: pred=true              gold=n/a  correct=False  running‐acc=0.703
[ 415/600] loss=2.7479  pred=n/a    gold=n/a  running‐acc=0.807
Locality eval: pred=true              gold=true  correct=True  running‐acc=0.704
[ 416/600] loss=3.3535  pred=true   gold=true  running‐acc=0.808
Locality eval: pred=true              gold=n/a  correct=False  running‐acc=0.702
[ 417/600] loss=2.5849  pred=n/a    gold=n/a  running‐acc=0.808
Locality eval: pred=true.             gold=true  correct=True  running‐acc=0.703
[ 418/600] loss=2.7286  pred=n/a    gold=n/a  running‐acc=0.809
Locality eval: pred=true              gold=true  correct=True  running‐acc=0.703
[ 419/600] loss=3.0753  pred=true   gold=true  running‐acc=0.809
Locality eval: pred=n/a               gold=n/a  correct=True  running‐acc=0.704
[ 420/600] loss=3.0292  pred=n/a    gold=true  running‐acc=0.807
Locality eval: pred=n/a               gold=n/a  correct=True  running‐acc=0.705
[ 421/600] loss=3.1875  pred=true   gold=true  running‐acc=0.808
Locality eval: pred=n/a               gold=n/a  correct=True  running‐acc=0.705
[ 422/600] loss=4.0193  pred=true   gold=true  running‐acc=0.808
Locality eval: pred=                  gold=n/a  correct=False  running‐acc=0.704
[ 423/600] loss=3.1210  pred=true   gold=true  running‐acc=0.809
Locality eval: pred=n/a               gold=n/a  correct=True  running‐acc=0.704
[ 424/600] loss=2.6345  pred=n/a    gold=n/a  running‐acc=0.809
Locality eval: pred=n/a               gold=true  correct=False  running‐acc=0.703
[ 425/600] loss=2.5499  pred=n/a    gold=n/a  running‐acc=0.809
Locality eval: pred=n/a               gold=true  correct=False  running‐acc=0.701
[ 426/600] loss=2.8828  pred=n/a    gold=n/a  running‐acc=0.810
Locality eval: pred=true              gold=true  correct=True  running‐acc=0.702
[ 427/600] loss=3.3500  pred=true   gold=true  running‐acc=0.810
Locality eval: pred=true              gold=n/a  correct=False  running‐acc=0.700
[ 428/600] loss=3.2975  pred=true   gold=true  running‐acc=0.811
Locality eval: pred=n/a               gold=n/a  correct=True  running‐acc=0.701
[ 429/600] loss=3.3370  pred=true   gold=true  running‐acc=0.811
Locality eval: pred=n/a               gold=n/a  correct=True  running‐acc=0.702
[ 430/600] loss=1.8360  pred=n/a    gold=n/a  running‐acc=0.812
Locality eval: pred=true              gold=true  correct=True  running‐acc=0.702
[ 431/600] loss=3.5678  pred=true   gold=true  running‐acc=0.812
Locality eval: pred=n/a               gold=n/a  correct=True  running‐acc=0.703
[ 432/600] loss=4.0238  pred=true   gold=true  running‐acc=0.812
Locality eval: pred=n/a               gold=n/a  correct=True  running‐acc=0.704
[ 433/600] loss=2.8792  pred=true   gold=true  running‐acc=0.813
Locality eval: pred=n/a               gold=n/a  correct=True  running‐acc=0.704
[ 434/600] loss=2.6511  pred=n/a    gold=n/a  running‐acc=0.813
Locality eval: pred=true              gold=true  correct=True  running‐acc=0.705
[ 435/600] loss=2.5934  pred=n/a    gold=n/a  running‐acc=0.814
Locality eval: pred=true              gold=true  correct=True  running‐acc=0.706
[ 436/600] loss=3.3836  pred=true   gold=true  running‐acc=0.814
Locality eval: pred=true              gold=n/a  correct=False  running‐acc=0.704
[ 437/600] loss=2.7540  pred=true   gold=true  running‐acc=0.815
Locality eval: pred=n/a               gold=n/a  correct=True  running‐acc=0.705
[ 438/600] loss=2.4356  pred=n/a    gold=n/a  running‐acc=0.815
Locality eval: pred=true              gold=true  correct=True  running‐acc=0.705
[ 439/600] loss=2.3561  pred=true   gold=n/a  running‐acc=0.813
Locality eval: pred=true              gold=true  correct=True  running‐acc=0.706
[ 440/600] loss=3.5790  pred=true   gold=true  running‐acc=0.814
Locality eval: pred=true              gold=n/a  correct=False  running‐acc=0.705
[ 441/600] loss=3.0374  pred=n/a    gold=n/a  running‐acc=0.814
Locality eval: pred=true              gold=true  correct=True  running‐acc=0.705
[ 442/600] loss=3.6214  pred=true   gold=true  running‐acc=0.814
Locality eval: pred=n/a               gold=n/a  correct=True  running‐acc=0.706
[ 443/600] loss=4.1417  pred=true   gold=true  running‐acc=0.815
Locality eval: pred=n/a               gold=n/a  correct=True  running‐acc=0.707
[ 444/600] loss=3.1584  pred=       gold=true  running‐acc=0.813
Locality eval: pred=true              gold=n/a  correct=False  running‐acc=0.705
[ 445/600] loss=2.3854  pred=true   gold=true  running‐acc=0.813
Locality eval: pred=n/a               gold=n/a  correct=True  running‐acc=0.706
[ 446/600] loss=3.0691  pred=       gold=true  running‐acc=0.812
Locality eval: pred=n/a               gold=n/a  correct=True  running‐acc=0.706
[ 447/600] loss=2.5833  pred=true   gold=true  running‐acc=0.812
Locality eval: pred=n/a               gold=n/a  correct=True  running‐acc=0.707
[ 448/600] loss=3.0171  pred=true   gold=true  running‐acc=0.812
Locality eval: pred=n/a               gold=n/a  correct=True  running‐acc=0.708
[ 449/600] loss=3.7044  pred=true   gold=true  running‐acc=0.813
Locality eval: pred=n/a               gold=n/a  correct=True  running‐acc=0.708
[ 450/600] loss=2.6568  pred=n/a    gold=n/a  running‐acc=0.813
Locality eval: pred=true              gold=true  correct=True  running‐acc=0.709
[ 451/600] loss=3.4734  pred=true   gold=true  running‐acc=0.814
Locality eval: pred=n/a               gold=n/a  correct=True  running‐acc=0.710
[ 452/600] loss=3.0560  pred=n/a    gold=n/a  running‐acc=0.814
Locality eval: pred=n/a               gold=true  correct=False  running‐acc=0.708
[ 453/600] loss=2.1159  pred=n/a    gold=n/a  running‐acc=0.815
Locality eval: pred=n/a               gold=true  correct=False  running‐acc=0.706
[ 454/600] loss=2.0767  pred=n/a    gold=n/a  running‐acc=0.815
Locality eval: pred=true              gold=true  correct=True  running‐acc=0.707
[ 455/600] loss=3.5041  pred=true   gold=true  running‐acc=0.815
Locality eval: pred=n/a               gold=n/a  correct=True  running‐acc=0.708
[ 456/600] loss=2.5474  pred=       gold=n/a  running‐acc=0.814
Locality eval: pred=true              gold=true  correct=True  running‐acc=0.708
[ 457/600] loss=2.7744  pred=n/a    gold=n/a  running‐acc=0.814
Locality eval: pred=n/a               gold=true  correct=False  running‐acc=0.707
[ 458/600] loss=2.6054  pred=n/a    gold=n/a  running‐acc=0.814
Locality eval: pred=true              gold=true  correct=True  running‐acc=0.707
[ 459/600] loss=3.2824  pred=true   gold=true  running‐acc=0.815
Locality eval: pred=n/a               gold=n/a  correct=True  running‐acc=0.708
[ 460/600] loss=2.1408  pred=true   gold=true  running‐acc=0.815
Locality eval: pred=false             gold=n/a  correct=False  running‐acc=0.707
[ 461/600] loss=2.5596  pred=n/a    gold=n/a  running‐acc=0.816
Locality eval: pred=n/a               gold=true  correct=False  running‐acc=0.705
[ 462/600] loss=2.0415  pred=n/a    gold=n/a  running‐acc=0.816
Locality eval: pred=true              gold=true  correct=True  running‐acc=0.706
[ 463/600] loss=3.5278  pred=true   gold=true  running‐acc=0.816
Locality eval: pred=n/a               gold=n/a  correct=True  running‐acc=0.706
[ 464/600] loss=2.5945  pred=true   gold=n/a  running‐acc=0.815
Locality eval: pred=true              gold=true  correct=True  running‐acc=0.707
[ 465/600] loss=2.7611  pred=n/a    gold=n/a  running‐acc=0.815
Locality eval: pred=true              gold=true  correct=True  running‐acc=0.708
[ 466/600] loss=2.6919  pred=false  gold=n/a  running‐acc=0.813
Locality eval: pred=true              gold=true  correct=True  running‐acc=0.708
[ 467/600] loss=2.1312  pred=n/a    gold=n/a  running‐acc=0.814
Locality eval: pred=true              gold=true  correct=True  running‐acc=0.709
[ 468/600] loss=2.7625  pred=n/a    gold=n/a  running‐acc=0.814
Locality eval: pred=true              gold=true  correct=True  running‐acc=0.709
[ 469/600] loss=2.8155  pred=true   gold=true  running‐acc=0.814
Locality eval: pred=n/a               gold=n/a  correct=True  running‐acc=0.710
[ 470/600] loss=3.0242  pred=n/a.   gold=n/a  running‐acc=0.815
Locality eval: pred=n/a               gold=true  correct=False  running‐acc=0.709
[ 471/600] loss=2.5512  pred=n/a    gold=n/a  running‐acc=0.815
Locality eval: pred=true              gold=true  correct=True  running‐acc=0.709
[ 472/600] loss=3.1654  pred=true   gold=true  running‐acc=0.816
Locality eval: pred=true.             gold=n/a  correct=False  running‐acc=0.708
[ 473/600] loss=2.4348  pred=true   gold=n/a  running‐acc=0.814
Locality eval: pred=true              gold=true  correct=True  running‐acc=0.708
[ 474/600] loss=3.0525  pred=true   gold=true  running‐acc=0.814
Locality eval: pred=n/a               gold=n/a  correct=True  running‐acc=0.709
[ 475/600] loss=2.7425  pred=n/a    gold=n/a  running‐acc=0.815
Locality eval: pred=true              gold=true  correct=True  running‐acc=0.709
[ 476/600] loss=3.1494  pred=       gold=true  running‐acc=0.813
Locality eval: pred=n/a               gold=n/a  correct=True  running‐acc=0.710
[ 477/600] loss=2.5335  pred=n/a    gold=n/a  running‐acc=0.813
Locality eval: pred=true              gold=true  correct=True  running‐acc=0.711
[ 478/600] loss=2.7124  pred=true   gold=true  running‐acc=0.814
Locality eval: pred=n/a               gold=n/a  correct=True  running‐acc=0.711
[ 479/600] loss=2.1560  pred=n/a    gold=n/a  running‐acc=0.814
Locality eval: pred=true              gold=true  correct=True  running‐acc=0.712
[ 480/600] loss=2.3970  pred=false  gold=n/a  running‐acc=0.812
Locality eval: pred=true              gold=true  correct=True  running‐acc=0.713
[ 481/600] loss=2.6590  pred=n/a    gold=n/a  running‐acc=0.813
Locality eval: pred=true              gold=true  correct=True  running‐acc=0.713
[ 482/600] loss=2.7871  pred=true   gold=true  running‐acc=0.813
Locality eval: pred=n/a               gold=n/a  correct=True  running‐acc=0.714
[ 483/600] loss=2.5650  pred=n/a    gold=n/a  running‐acc=0.814
Locality eval: pred=n/a               gold=true  correct=False  running‐acc=0.712
[ 484/600] loss=2.5238  pred=n/a    gold=n/a  running‐acc=0.814
Locality eval: pred=true              gold=true  correct=True  running‐acc=0.713
[ 485/600] loss=3.0695  pred=n/a    gold=n/a  running‐acc=0.814
Locality eval: pred=true              gold=true  correct=True  running‐acc=0.713
[ 486/600] loss=2.5259  pred=n/a    gold=n/a  running‐acc=0.815
Locality eval: pred=true              gold=true  correct=True  running‐acc=0.714
[ 487/600] loss=2.3845  pred=n/a    gold=n/a  running‐acc=0.815
Locality eval: pred=true              gold=true  correct=True  running‐acc=0.715
[ 488/600] loss=2.4253  pred=n/a    gold=n/a  running‐acc=0.816
Locality eval: pred=n/a               gold=true  correct=False  running‐acc=0.713
[ 489/600] loss=2.6937  pred=n/a    gold=n/a  running‐acc=0.816
Locality eval: pred=n/a               gold=true  correct=False  running‐acc=0.712
[ 490/600] loss=2.2618  pred=       gold=n/a  running‐acc=0.814
Locality eval: pred=true              gold=true  correct=True  running‐acc=0.712
[ 491/600] loss=2.3172  pred=n/a    gold=n/a  running‐acc=0.815
Locality eval: pred=true              gold=true  correct=True  running‐acc=0.713
[ 492/600] loss=2.9362  pred=true   gold=true  running‐acc=0.815
Locality eval: pred=n/a               gold=n/a  correct=True  running‐acc=0.713
[ 493/600] loss=2.2882  pred=n/a    gold=n/a  running‐acc=0.815
Locality eval: pred=true              gold=true  correct=True  running‐acc=0.714
[ 494/600] loss=2.6280  pred=n/a    gold=n/a  running‐acc=0.816
Locality eval: pred=true              gold=true  correct=True  running‐acc=0.715
[ 495/600] loss=2.5420  pred=n/a    gold=n/a  running‐acc=0.816
Locality eval: pred=true              gold=true  correct=True  running‐acc=0.715
[ 496/600] loss=2.6432  pred=n/a    gold=n/a  running‐acc=0.817
Locality eval: pred=true              gold=true  correct=True  running‐acc=0.716
[ 497/600] loss=2.9454  pred=n/a    gold=true  running‐acc=0.815
Locality eval: pred=                  gold=n/a  correct=False  running‐acc=0.714
[ 498/600] loss=3.0055  pred=true   gold=true  running‐acc=0.815
Locality eval: pred=n/a               gold=n/a  correct=True  running‐acc=0.715
[ 499/600] loss=2.3036  pred=n/a    gold=n/a  running‐acc=0.816
Locality eval: pred=true              gold=true  correct=True  running‐acc=0.715
[ 500/600] loss=1.8496  pred=n/a    gold=n/a  running‐acc=0.816
Locality eval: pred=true              gold=true  correct=True  running‐acc=0.716
[ 501/600] loss=2.7252  pred=n/a    gold=n/a  running‐acc=0.816
Locality eval: pred=true              gold=true  correct=True  running‐acc=0.717
[ 502/600] loss=1.9047  pred=n/a    gold=n/a  running‐acc=0.817
Locality eval: pred=true              gold=true  correct=True  running‐acc=0.717
[ 503/600] loss=2.0322  pred=true   gold=true  running‐acc=0.817
Locality eval: pred=n/a               gold=n/a  correct=True  running‐acc=0.718
[ 504/600] loss=2.7383  pred=true   gold=true  running‐acc=0.817
Locality eval: pred=n/a               gold=n/a  correct=True  running‐acc=0.718
[ 505/600] loss=3.4463  pred=true   gold=true  running‐acc=0.818
Locality eval: pred=n/a               gold=n/a  correct=True  running‐acc=0.719
[ 506/600] loss=2.9614  pred=true   gold=true  running‐acc=0.818
Locality eval: pred=true              gold=n/a  correct=False  running‐acc=0.717
[ 507/600] loss=2.7789  pred=       gold=true  running‐acc=0.817
Locality eval: pred=n/a               gold=n/a  correct=True  running‐acc=0.718
[ 508/600] loss=2.8687  pred=true   gold=true  running‐acc=0.817
Locality eval: pred=n/a               gold=n/a  correct=True  running‐acc=0.719
[ 509/600] loss=3.7081  pred=true   gold=true  running‐acc=0.817
Locality eval: pred=n/a               gold=n/a  correct=True  running‐acc=0.719
[ 510/600] loss=3.5686  pred=true   gold=true  running‐acc=0.818
Locality eval: pred=true              gold=n/a  correct=False  running‐acc=0.718
[ 511/600] loss=2.3843  pred=n/a    gold=n/a  running‐acc=0.818
Locality eval: pred=n/a               gold=true  correct=False  running‐acc=0.716
[ 512/600] loss=2.2773  pred=true   gold=true  running‐acc=0.818
Locality eval: pred=n/a               gold=n/a  correct=True  running‐acc=0.717
[ 513/600] loss=2.8285  pred=n/a    gold=n/a  running‐acc=0.819
Locality eval: pred=true              gold=true  correct=True  running‐acc=0.717
[ 514/600] loss=3.3552  pred=true   gold=true  running‐acc=0.819
Locality eval: pred=n/a               gold=n/a  correct=True  running‐acc=0.718
[ 515/600] loss=2.1549  pred=n/a    gold=n/a  running‐acc=0.819
Locality eval: pred=n/a               gold=true  correct=False  running‐acc=0.717
[ 516/600] loss=2.5457  pred=n/a    gold=n/a  running‐acc=0.820
Locality eval: pred=true              gold=true  correct=True  running‐acc=0.717
[ 517/600] loss=2.1174  pred=true   gold=n/a  running‐acc=0.818
Locality eval: pred=true              gold=true  correct=True  running‐acc=0.718
[ 518/600] loss=2.5993  pred=n/a    gold=n/a  running‐acc=0.819
Locality eval: pred=true              gold=true  correct=True  running‐acc=0.718
[ 519/600] loss=3.0753  pred=true   gold=true  running‐acc=0.819
Locality eval: pred=n/a               gold=n/a  correct=True  running‐acc=0.719
[ 520/600] loss=3.6201  pred=true   gold=true  running‐acc=0.819
Locality eval: pred=n/a               gold=n/a  correct=True  running‐acc=0.719
[ 521/600] loss=2.3882  pred=true   gold=true  running‐acc=0.820
Locality eval: pred=n/a               gold=n/a  correct=True  running‐acc=0.720
[ 522/600] loss=3.2335  pred=true   gold=true  running‐acc=0.820
Locality eval: pred=n/a               gold=n/a  correct=True  running‐acc=0.720
[ 523/600] loss=2.8816  pred=true   gold=n/a  running‐acc=0.818
Locality eval: pred=true              gold=true  correct=True  running‐acc=0.721
[ 524/600] loss=2.5179  pred=true   gold=true  running‐acc=0.819
Locality eval: pred=n/a               gold=n/a  correct=True  running‐acc=0.721
[ 525/600] loss=2.8823  pred=true   gold=true  running‐acc=0.819
Locality eval: pred=n/a               gold=n/a  correct=True  running‐acc=0.722
[ 526/600] loss=2.5617  pred=true   gold=true  running‐acc=0.819
Locality eval: pred=n/a               gold=n/a  correct=True  running‐acc=0.722
[ 527/600] loss=2.2183  pred=n/a    gold=n/a  running‐acc=0.820
Locality eval: pred=true              gold=true  correct=True  running‐acc=0.723
[ 528/600] loss=3.2744  pred=true   gold=true  running‐acc=0.820
Locality eval: pred=n/a               gold=n/a  correct=True  running‐acc=0.723
[ 529/600] loss=2.4504  pred=n/a    gold=n/a  running‐acc=0.820
Locality eval: pred=true              gold=true  correct=True  running‐acc=0.724
[ 530/600] loss=3.5824  pred=true   gold=true  running‐acc=0.821
Locality eval: pred=n/a               gold=n/a  correct=True  running‐acc=0.725
[ 531/600] loss=2.8730  pred=n/a    gold=n/a  running‐acc=0.821
Locality eval: pred=n/a               gold=true  correct=False  running‐acc=0.723
[ 532/600] loss=3.3144  pred=true   gold=true  running‐acc=0.821
Locality eval: pred=true              gold=n/a  correct=False  running‐acc=0.722
[ 533/600] loss=2.4785  pred=n/a    gold=n/a  running‐acc=0.822
Locality eval: pred=n/a               gold=true  correct=False  running‐acc=0.720
[ 534/600] loss=3.3242  pred=true   gold=true  running‐acc=0.822
Locality eval: pred=n/a               gold=n/a  correct=True  running‐acc=0.721
[ 535/600] loss=2.5199  pred=true   gold=true  running‐acc=0.822
Locality eval: pred=n/a               gold=n/a  correct=True  running‐acc=0.721
[ 536/600] loss=3.1630  pred=true   gold=true  running‐acc=0.823
Locality eval: pred=n/a               gold=n/a  correct=True  running‐acc=0.722
[ 537/600] loss=2.4792  pred=false.  gold=n/a  running‐acc=0.821
Locality eval: pred=true              gold=true  correct=True  running‐acc=0.723
[ 538/600] loss=3.7286  pred=true   gold=true  running‐acc=0.822
Locality eval: pred=n/a               gold=n/a  correct=True  running‐acc=0.723
[ 539/600] loss=3.3952  pred=true   gold=true  running‐acc=0.822
Locality eval: pred=true              gold=n/a  correct=False  running‐acc=0.722
[ 540/600] loss=2.9135  pred=n/a    gold=n/a  running‐acc=0.822
Locality eval: pred=n/a               gold=true  correct=False  running‐acc=0.720
[ 541/600] loss=2.8858  pred=n/a.   gold=n/a  running‐acc=0.823
Locality eval: pred=true              gold=true  correct=True  running‐acc=0.721
[ 542/600] loss=2.9927  pred=n/a    gold=n/a  running‐acc=0.823
Locality eval: pred=true              gold=true  correct=True  running‐acc=0.721
[ 543/600] loss=3.1006  pred=n/a    gold=n/a  running‐acc=0.823
Locality eval: pred=n/a               gold=true  correct=False  running‐acc=0.720
[ 544/600] loss=3.0723  pred=n/a    gold=n/a  running‐acc=0.824
Locality eval: pred=true              gold=true  correct=True  running‐acc=0.721
[ 545/600] loss=3.5154  pred=true   gold=true  running‐acc=0.824
Locality eval: pred=n/a               gold=n/a  correct=True  running‐acc=0.721
[ 546/600] loss=2.5636  pred=true   gold=n/a  running‐acc=0.822
Locality eval: pred=true              gold=true  correct=True  running‐acc=0.722
[ 547/600] loss=2.7443  pred=true   gold=true  running‐acc=0.823
Locality eval: pred=n/a               gold=n/a  correct=True  running‐acc=0.722
[ 548/600] loss=2.9129  pred=true   gold=true  running‐acc=0.823
Locality eval: pred=n/a               gold=n/a  correct=True  running‐acc=0.723
[ 549/600] loss=2.8625  pred=true   gold=true  running‐acc=0.823
Locality eval: pred=                  gold=n/a  correct=False  running‐acc=0.721
[ 550/600] loss=2.6460  pred=true   gold=n/a  running‐acc=0.822
Locality eval: pred=n/a               gold=true  correct=False  running‐acc=0.720
[ 551/600] loss=3.0779  pred=n/a    gold=true  running‐acc=0.820
Locality eval: pred=n/a               gold=n/a  correct=True  running‐acc=0.721
[ 552/600] loss=2.7212  pred=n/a    gold=n/a  running‐acc=0.821
Locality eval: pred=true              gold=true  correct=True  running‐acc=0.721
[ 553/600] loss=2.5799  pred=n/a    gold=n/a  running‐acc=0.821
Locality eval: pred=true              gold=true  correct=True  running‐acc=0.722
[ 554/600] loss=2.9885  pred=true   gold=true  running‐acc=0.821
Locality eval: pred=n/a               gold=n/a  correct=True  running‐acc=0.722
[ 555/600] loss=2.4956  pred=n/a    gold=n/a  running‐acc=0.822
Locality eval: pred=true              gold=true  correct=True  running‐acc=0.723
[ 556/600] loss=2.7935  pred=n/a    gold=n/a  running‐acc=0.822
Locality eval: pred=true              gold=true  correct=True  running‐acc=0.723
[ 557/600] loss=2.5463  pred=n/a    gold=n/a  running‐acc=0.822
Locality eval: pred=n/a               gold=true  correct=False  running‐acc=0.722
[ 558/600] loss=3.5102  pred=true   gold=true  running‐acc=0.823
Locality eval: pred=n/a               gold=n/a  correct=True  running‐acc=0.722
[ 559/600] loss=2.8701  pred=n/a    gold=true  running‐acc=0.821
Locality eval: pred=false.            gold=n/a  correct=False  running‐acc=0.721
[ 560/600] loss=2.7172  pred=n/a    gold=n/a  running‐acc=0.821
Locality eval: pred=true              gold=true  correct=True  running‐acc=0.721
[ 561/600] loss=3.1249  pred=true   gold=true  running‐acc=0.822
Locality eval: pred=                  gold=n/a  correct=False  running‐acc=0.720
[ 562/600] loss=3.1688  pred=true   gold=true  running‐acc=0.822
Locality eval: pred=n/a               gold=n/a  correct=True  running‐acc=0.721
[ 563/600] loss=2.4579  pred=n/a    gold=n/a  running‐acc=0.822
Locality eval: pred=true              gold=true  correct=True  running‐acc=0.721
[ 564/600] loss=3.4158  pred=       gold=true  running‐acc=0.821
Locality eval: pred=n/a               gold=n/a  correct=True  running‐acc=0.722
[ 565/600] loss=2.5539  pred=n/a    gold=n/a  running‐acc=0.821
Locality eval: pred=true              gold=true  correct=True  running‐acc=0.722
[ 566/600] loss=2.9481  pred=true   gold=true  running‐acc=0.822
Locality eval: pred=n/a               gold=n/a  correct=True  running‐acc=0.723
[ 567/600] loss=2.4803  pred=true   gold=true  running‐acc=0.822
Locality eval: pred=n/a               gold=n/a  correct=True  running‐acc=0.723
[ 568/600] loss=2.1510  pred=true   gold=n/a  running‐acc=0.820
Locality eval: pred=n/a               gold=true  correct=False  running‐acc=0.722
[ 569/600] loss=3.0782  pred=true   gold=true  running‐acc=0.821
Locality eval: pred=true              gold=n/a  correct=False  running‐acc=0.721
[ 570/600] loss=2.9484  pred=true   gold=true  running‐acc=0.821
Locality eval: pred=n/a               gold=n/a  correct=True  running‐acc=0.721
[ 571/600] loss=3.0361  pred=true   gold=true  running‐acc=0.821
Locality eval: pred=                  gold=n/a  correct=False  running‐acc=0.720
[ 572/600] loss=3.2418  pred=true   gold=true  running‐acc=0.822
Locality eval: pred=n/a               gold=n/a  correct=True  running‐acc=0.720
[ 573/600] loss=3.0138  pred=true   gold=true  running‐acc=0.822
Locality eval: pred=true              gold=n/a  correct=False  running‐acc=0.719
[ 574/600] loss=3.5744  pred=true   gold=true  running‐acc=0.822
Locality eval: pred=                  gold=n/a  correct=False  running‐acc=0.718
[ 575/600] loss=3.5089  pred=true   gold=true  running‐acc=0.823
Locality eval: pred=n/a               gold=n/a  correct=True  running‐acc=0.718
[ 576/600] loss=2.8754  pred=n/a    gold=true  running‐acc=0.821
Locality eval: pred=n/a               gold=n/a  correct=True  running‐acc=0.719
[ 577/600] loss=2.3173  pred=true   gold=true  running‐acc=0.821
Locality eval: pred=true              gold=n/a  correct=False  running‐acc=0.718
[ 578/600] loss=2.5868  pred=n/a    gold=n/a  running‐acc=0.822
Locality eval: pred=true              gold=true  correct=True  running‐acc=0.718
[ 579/600] loss=2.6194  pred=true   gold=true  running‐acc=0.822
Locality eval: pred=n/a               gold=n/a  correct=True  running‐acc=0.718
[ 580/600] loss=2.5562  pred=n/a    gold=n/a  running‐acc=0.822
Locality eval: pred=n/a               gold=true  correct=False  running‐acc=0.717
[ 581/600] loss=2.4835  pred=n/a    gold=n/a  running‐acc=0.823
Locality eval: pred=true              gold=true  correct=True  running‐acc=0.718
[ 582/600] loss=2.8219  pred=n/a    gold=n/a  running‐acc=0.823
Locality eval: pred=true              gold=true  correct=True  running‐acc=0.718
[ 583/600] loss=2.6240  pred=n/a    gold=n/a  running‐acc=0.823
Locality eval: pred=n/a               gold=true  correct=False  running‐acc=0.717
[ 584/600] loss=2.4984  pred=n/a    gold=n/a  running‐acc=0.824
Locality eval: pred=n/a               gold=true  correct=False  running‐acc=0.716
[ 585/600] loss=2.5449  pred=false  gold=n/a  running‐acc=0.822
Locality eval: pred=true              gold=true  correct=True  running‐acc=0.716
[ 586/600] loss=2.1656  pred=n/a    gold=n/a  running‐acc=0.823
Locality eval: pred=true              gold=true  correct=True  running‐acc=0.717
[ 587/600] loss=2.6400  pred=true   gold=true  running‐acc=0.823
Locality eval: pred=n/a               gold=n/a  correct=True  running‐acc=0.717
[ 588/600] loss=3.3245  pred=true   gold=true  running‐acc=0.823
Locality eval: pred=n/a               gold=n/a  correct=True  running‐acc=0.718
[ 589/600] loss=3.5226  pred=true   gold=true  running‐acc=0.823
Locality eval: pred=n/a               gold=n/a  correct=True  running‐acc=0.718
[ 590/600] loss=3.3190  pred=true   gold=true  running‐acc=0.824
Locality eval: pred=n/a               gold=n/a  correct=True  running‐acc=0.719
[ 591/600] loss=2.6333  pred=       gold=true  running‐acc=0.822
Locality eval: pred=n/a               gold=n/a  correct=True  running‐acc=0.719
[ 592/600] loss=2.5097  pred=n/a    gold=n/a  running‐acc=0.823
Locality eval: pred=n/a               gold=true  correct=False  running‐acc=0.718
[ 593/600] loss=3.8908  pred=true   gold=true  running‐acc=0.823
Locality eval: pred=n/a               gold=n/a  correct=True  running‐acc=0.718
[ 594/600] loss=2.1791  pred=n/a    gold=n/a  running‐acc=0.823
Locality eval: pred=true              gold=true  correct=True  running‐acc=0.719
[ 595/600] loss=2.3954  pred=true   gold=true  running‐acc=0.824
Locality eval: pred=n/a               gold=n/a  correct=True  running‐acc=0.719
[ 596/600] loss=2.4109  pred=true   gold=n/a  running‐acc=0.822
Locality eval: pred=true              gold=true  correct=True  running‐acc=0.720
[ 597/600] loss=2.8530  pred=n/a    gold=n/a  running‐acc=0.822
Locality eval: pred=true              gold=true  correct=True  running‐acc=0.720
[ 598/600] loss=3.1345  pred=false  gold=true  running‐acc=0.821
Locality eval: pred=true              gold=n/a  correct=False  running‐acc=0.719
[ 599/600] loss=3.3571  pred=true   gold=true  running‐acc=0.821
Locality eval: pred=n/a               gold=n/a  correct=True  running‐acc=0.720
[ 600/600] loss=2.2929  pred=true   gold=n/a  running‐acc=0.820
Locality eval: pred=true              gold=true  correct=True  running‐acc=0.720

Finished in 565.4s.  Final accuracy: 0.820.

