
Loading base model (4‐bit)…
Loading checkpoint shards:   0%|          | 0/2 [00:00<?, ?it/s]Loading checkpoint shards:  50%|█████     | 1/2 [00:06<00:06,  6.41s/it]Loading checkpoint shards: 100%|██████████| 2/2 [00:06<00:00,  2.70s/it]Loading checkpoint shards: 100%|██████████| 2/2 [00:06<00:00,  3.26s/it]
trainable params: 1,843,200 || all params: 2,508,015,616 || trainable%: 0.0735
  0%|          | 0/600 [00:00<?, ?it/s]100%|██████████| 600/600 [00:00<00:00, 19195.02it/s]
Loaded 600 (train, eval) pairs.

Starting sequential training…
Cached 72 LoRA tensors.
[   1/600] loss=2.3836  pred=true   gold=true  running‐acc=1.000
Locality eval: pred=n/a               gold=n/a  correct=True  running‐acc=1.000
[   2/600] loss=2.7619  pred=true   gold=true  running‐acc=1.000
Locality eval: pred=                  gold=n/a  correct=False  running‐acc=0.500
[   3/600] loss=2.0832  pred=true   gold=true  running‐acc=1.000
Locality eval: pred=n/a               gold=n/a  correct=True  running‐acc=0.667
[   4/600] loss=2.4026  pred=true   gold=true  running‐acc=1.000
Locality eval: pred=                  gold=n/a  correct=False  running‐acc=0.500
[   5/600] loss=2.8358  pred=       gold=true  running‐acc=0.800
Locality eval: pred=n/a               gold=n/a  correct=True  running‐acc=0.600
[   6/600] loss=2.7823  pred=       gold=true  running‐acc=0.667
Locality eval: pred=true              gold=n/a  correct=False  running‐acc=0.500
[   7/600] loss=2.4243  pred=true   gold=n/a  running‐acc=0.571
Locality eval: pred=true              gold=true  correct=True  running‐acc=0.571
[   8/600] loss=2.4347  pred=n/a    gold=n/a  running‐acc=0.625
Locality eval: pred=                  gold=true  correct=False  running‐acc=0.500
[   9/600] loss=2.6850  pred=true   gold=true  running‐acc=0.667
Locality eval: pred=n/a               gold=n/a  correct=True  running‐acc=0.556
[  10/600] loss=3.0333  pred=true   gold=true  running‐acc=0.700
Locality eval: pred=n/a               gold=n/a  correct=True  running‐acc=0.600
[  11/600] loss=2.9906  pred=true   gold=true  running‐acc=0.727
Locality eval: pred=n/a               gold=n/a  correct=True  running‐acc=0.636
[  12/600] loss=2.1894  pred=true   gold=true  running‐acc=0.750
Locality eval: pred=n/a               gold=n/a  correct=True  running‐acc=0.667
[  13/600] loss=2.3731  pred=true   gold=n/a  running‐acc=0.692
Locality eval: pred=n/a               gold=true  correct=False  running‐acc=0.615
[  14/600] loss=2.2119  pred=n/a    gold=n/a  running‐acc=0.714
Locality eval: pred=true              gold=true  correct=True  running‐acc=0.643
[  15/600] loss=1.8956  pred=       gold=true  running‐acc=0.667
Locality eval: pred=n/a               gold=n/a  correct=True  running‐acc=0.667
[  16/600] loss=2.6212  pred=n/a    gold=n/a  running‐acc=0.688
Locality eval: pred=true              gold=true  correct=True  running‐acc=0.688
[  17/600] loss=2.2758  pred=n/a    gold=n/a  running‐acc=0.706
Locality eval: pred=true              gold=true  correct=True  running‐acc=0.706
[  18/600] loss=2.2251  pred=true   gold=true  running‐acc=0.722
Locality eval: pred=n/a               gold=n/a  correct=True  running‐acc=0.722
[  19/600] loss=2.9549  pred=true   gold=true  running‐acc=0.737
Locality eval: pred=n/a               gold=n/a  correct=True  running‐acc=0.737
[  20/600] loss=2.3012  pred=n/a    gold=n/a  running‐acc=0.750
Locality eval: pred=                  gold=true  correct=False  running‐acc=0.700
[  21/600] loss=2.1090  pred=n/a    gold=n/a  running‐acc=0.762
Locality eval: pred=n/a.              gold=true  correct=False  running‐acc=0.667
[  22/600] loss=2.2946  pred=n/a    gold=n/a  running‐acc=0.773
Locality eval: pred=true              gold=true  correct=True  running‐acc=0.682
[  23/600] loss=2.1936  pred=n/a    gold=n/a  running‐acc=0.783
Locality eval: pred=true              gold=true  correct=True  running‐acc=0.696
[  24/600] loss=2.1496  pred=n/a    gold=n/a  running‐acc=0.792
Locality eval: pred=n/a               gold=true  correct=False  running‐acc=0.667
[  25/600] loss=2.8291  pred=true   gold=true  running‐acc=0.800
Locality eval: pred=true              gold=n/a  correct=False  running‐acc=0.640
[  26/600] loss=1.9466  pred=n/a    gold=n/a  running‐acc=0.808
Locality eval: pred=true              gold=true  correct=True  running‐acc=0.654
[  27/600] loss=2.2951  pred=n/a    gold=n/a  running‐acc=0.815
Locality eval: pred=n/a               gold=true  correct=False  running‐acc=0.630
[  28/600] loss=2.1705  pred=n/a    gold=n/a  running‐acc=0.821
Locality eval: pred=true              gold=true  correct=True  running‐acc=0.643
[  29/600] loss=2.4105  pred=n/a    gold=n/a  running‐acc=0.828
Locality eval: pred=n/a               gold=true  correct=False  running‐acc=0.621
[  30/600] loss=2.3257  pred=true   gold=n/a  running‐acc=0.800
Locality eval: pred=n/a               gold=true  correct=False  running‐acc=0.600
[  31/600] loss=2.5310  pred=true   gold=true  running‐acc=0.806
Locality eval: pred=n/a               gold=n/a  correct=True  running‐acc=0.613
[  32/600] loss=2.1023  pred=n/a    gold=n/a  running‐acc=0.812
Locality eval: pred=n/a               gold=true  correct=False  running‐acc=0.594
[  33/600] loss=2.4247  pred=n/a    gold=n/a  running‐acc=0.818
Locality eval: pred=true              gold=true  correct=True  running‐acc=0.606
[  34/600] loss=2.0631  pred=n/a    gold=n/a  running‐acc=0.824
Locality eval: pred=true              gold=true  correct=True  running‐acc=0.618
[  35/600] loss=2.0156  pred=true   gold=true  running‐acc=0.829
Locality eval: pred=n/a               gold=n/a  correct=True  running‐acc=0.629
[  36/600] loss=2.3057  pred=n/a    gold=n/a  running‐acc=0.833
Locality eval: pred=n/a               gold=true  correct=False  running‐acc=0.611
[  37/600] loss=2.5787  pred=n/a    gold=true  running‐acc=0.811
Locality eval: pred=n/a               gold=n/a  correct=True  running‐acc=0.622
[  38/600] loss=2.8835  pred=n/a    gold=n/a  running‐acc=0.816
Locality eval: pred=n/a               gold=true  correct=False  running‐acc=0.605
[  39/600] loss=3.9374  pred=       gold=true  running‐acc=0.795
Locality eval: pred=                  gold=n/a  correct=False  running‐acc=0.590
[  40/600] loss=2.9048  pred=true   gold=true  running‐acc=0.800
Locality eval: pred=                  gold=n/a  correct=False  running‐acc=0.575
[  41/600] loss=3.4195  pred=true   gold=true  running‐acc=0.805
Locality eval: pred=                  gold=n/a  correct=False  running‐acc=0.561
[  42/600] loss=2.0401  pred=n/a    gold=n/a  running‐acc=0.810
Locality eval: pred=n/a               gold=true  correct=False  running‐acc=0.548
[  43/600] loss=2.7294  pred=true   gold=true  running‐acc=0.814
Locality eval: pred=true              gold=n/a  correct=False  running‐acc=0.535
[  44/600] loss=2.1367  pred=n/a    gold=n/a  running‐acc=0.818
Locality eval: pred=n/a               gold=true  correct=False  running‐acc=0.523
[  45/600] loss=2.4465  pred=true.  gold=n/a  running‐acc=0.800
Locality eval: pred=true              gold=true  correct=True  running‐acc=0.533
[  46/600] loss=3.5640  pred=true   gold=true  running‐acc=0.804
Locality eval: pred=n/a               gold=n/a  correct=True  running‐acc=0.543
[  47/600] loss=2.4349  pred=true   gold=true  running‐acc=0.809
Locality eval: pred=true              gold=n/a  correct=False  running‐acc=0.532
[  48/600] loss=2.2323  pred=n/a    gold=n/a  running‐acc=0.812
Locality eval: pred=n/a               gold=true  correct=False  running‐acc=0.521
[  49/600] loss=2.9008  pred=       gold=true  running‐acc=0.796
Locality eval: pred=n/a               gold=n/a  correct=True  running‐acc=0.531
[  50/600] loss=1.8756  pred=n/a    gold=n/a  running‐acc=0.800
Locality eval: pred=true              gold=true  correct=True  running‐acc=0.540
[  51/600] loss=2.9478  pred=true   gold=true  running‐acc=0.804
Locality eval: pred=n/a               gold=n/a  correct=True  running‐acc=0.549
[  52/600] loss=2.9756  pred=       gold=true  running‐acc=0.788
Locality eval: pred=                  gold=n/a  correct=False  running‐acc=0.538
[  53/600] loss=2.3266  pred=n/a    gold=n/a  running‐acc=0.792
Locality eval: pred=n/a               gold=true  correct=False  running‐acc=0.528
[  54/600] loss=2.4031  pred=true   gold=true  running‐acc=0.796
Locality eval: pred=true              gold=n/a  correct=False  running‐acc=0.519
[  55/600] loss=2.7722  pred=n/a    gold=n/a  running‐acc=0.800
Locality eval: pred=n/a               gold=true  correct=False  running‐acc=0.509
[  56/600] loss=2.1427  pred=true   gold=n/a  running‐acc=0.786
Locality eval: pred=true              gold=true  correct=True  running‐acc=0.518
[  57/600] loss=1.9695  pred=true   gold=true  running‐acc=0.789
Locality eval: pred=false             gold=n/a  correct=False  running‐acc=0.509
[  58/600] loss=2.2036  pred=true   gold=true  running‐acc=0.793
Locality eval: pred=n/a               gold=n/a  correct=True  running‐acc=0.517
[  59/600] loss=2.4902  pred=n/a    gold=true  running‐acc=0.780
Locality eval: pred=n/a               gold=n/a  correct=True  running‐acc=0.525
[  60/600] loss=2.0920  pred=       gold=true  running‐acc=0.767
Locality eval: pred=false             gold=n/a  correct=False  running‐acc=0.517
[  61/600] loss=2.9604  pred=n/a    gold=true  running‐acc=0.754
Locality eval: pred=n/a               gold=n/a  correct=True  running‐acc=0.525
[  62/600] loss=3.1291  pred=n/a    gold=true  running‐acc=0.742
Locality eval: pred=n/a               gold=n/a  correct=True  running‐acc=0.532
[  63/600] loss=2.5942  pred=n/a    gold=n/a  running‐acc=0.746
Locality eval: pred=n/a               gold=true  correct=False  running‐acc=0.524
[  64/600] loss=1.9908  pred=true   gold=n/a  running‐acc=0.734
Locality eval: pred=true              gold=true  correct=True  running‐acc=0.531
[  65/600] loss=2.7449  pred=n/a    gold=n/a  running‐acc=0.738
Locality eval: pred=n/a               gold=true  correct=False  running‐acc=0.523
[  66/600] loss=2.5538  pred=true   gold=true  running‐acc=0.742
Locality eval: pred=n/a               gold=n/a  correct=True  running‐acc=0.530
[  67/600] loss=2.2302  pred=true   gold=true  running‐acc=0.746
Locality eval: pred=n/a               gold=n/a  correct=True  running‐acc=0.537
[  68/600] loss=2.4750  pred=       gold=true  running‐acc=0.735
Locality eval: pred=n/a               gold=n/a  correct=True  running‐acc=0.544
[  69/600] loss=2.2045  pred=n/a    gold=n/a  running‐acc=0.739
Locality eval: pred=true              gold=true  correct=True  running‐acc=0.551
[  70/600] loss=2.5768  pred=n/a    gold=n/a  running‐acc=0.743
Locality eval: pred=n/a               gold=true  correct=False  running‐acc=0.543
[  71/600] loss=2.6292  pred=n/a    gold=n/a  running‐acc=0.746
Locality eval: pred=n/a               gold=true  correct=False  running‐acc=0.535
[  72/600] loss=2.5068  pred=n/a    gold=n/a  running‐acc=0.750
Locality eval: pred=n/a               gold=true  correct=False  running‐acc=0.528
[  73/600] loss=2.7444  pred=true   gold=true  running‐acc=0.753
Locality eval: pred=n/a               gold=n/a  correct=True  running‐acc=0.534
[  74/600] loss=2.4126  pred=n/a    gold=n/a  running‐acc=0.757
Locality eval: pred=true              gold=true  correct=True  running‐acc=0.541
[  75/600] loss=2.3225  pred=true   gold=n/a  running‐acc=0.747
Locality eval: pred=n/a               gold=true  correct=False  running‐acc=0.533
[  76/600] loss=3.7512  pred=true   gold=true  running‐acc=0.750
Locality eval: pred=n/a               gold=n/a  correct=True  running‐acc=0.539
[  77/600] loss=2.9981  pred=       gold=true  running‐acc=0.740
Locality eval: pred=n/a               gold=n/a  correct=True  running‐acc=0.545
[  78/600] loss=2.2334  pred=n/a    gold=n/a  running‐acc=0.744
Locality eval: pred=true              gold=true  correct=True  running‐acc=0.551
[  79/600] loss=3.1181  pred=true   gold=true  running‐acc=0.747
Locality eval: pred=n/a               gold=n/a  correct=True  running‐acc=0.557
[  80/600] loss=2.1710  pred=n/a    gold=n/a  running‐acc=0.750
Locality eval: pred=n/a               gold=true  correct=False  running‐acc=0.550
[  81/600] loss=2.4190  pred=n/a    gold=n/a  running‐acc=0.753
Locality eval: pred=true              gold=true  correct=True  running‐acc=0.556
[  82/600] loss=2.9659  pred=true   gold=true  running‐acc=0.756
Locality eval: pred=                  gold=n/a  correct=False  running‐acc=0.549
[  83/600] loss=2.4027  pred=n/a    gold=n/a  running‐acc=0.759
Locality eval: pred=n/a               gold=true  correct=False  running‐acc=0.542
[  84/600] loss=2.9596  pred=true   gold=true  running‐acc=0.762
Locality eval: pred=n/a               gold=n/a  correct=True  running‐acc=0.548
[  85/600] loss=2.4179  pred=n/a    gold=n/a  running‐acc=0.765
Locality eval: pred=true              gold=true  correct=True  running‐acc=0.553
[  86/600] loss=2.1787  pred=n/a    gold=n/a  running‐acc=0.767
Locality eval: pred=n/a               gold=true  correct=False  running‐acc=0.547
[  87/600] loss=2.2264  pred=n/a    gold=n/a  running‐acc=0.770
Locality eval: pred=true              gold=true  correct=True  running‐acc=0.552
[  88/600] loss=2.6917  pred=true   gold=true  running‐acc=0.773
Locality eval: pred=n/a               gold=n/a  correct=True  running‐acc=0.557
[  89/600] loss=2.3001  pred=true   gold=true  running‐acc=0.775
Locality eval: pred=n/a               gold=n/a  correct=True  running‐acc=0.562
[  90/600] loss=2.0573  pred=true   gold=n/a  running‐acc=0.767
Locality eval: pred=true              gold=true  correct=True  running‐acc=0.567
[  91/600] loss=1.7873  pred=n/a    gold=n/a  running‐acc=0.769
Locality eval: pred=true              gold=true  correct=True  running‐acc=0.571
[  92/600] loss=1.8072  pred=true   gold=true  running‐acc=0.772
Locality eval: pred=                  gold=n/a  correct=False  running‐acc=0.565
[  93/600] loss=2.2513  pred=true   gold=n/a  running‐acc=0.763
Locality eval: pred=true              gold=true  correct=True  running‐acc=0.570
[  94/600] loss=1.9968  pred=       gold=n/a  running‐acc=0.755
Locality eval: pred=true              gold=true  correct=True  running‐acc=0.574
[  95/600] loss=2.6005  pred=true   gold=true  running‐acc=0.758
Locality eval: pred=n/a               gold=n/a  correct=True  running‐acc=0.579
[  96/600] loss=2.3478  pred=n/a    gold=n/a  running‐acc=0.760
Locality eval: pred=true              gold=true  correct=True  running‐acc=0.583
[  97/600] loss=1.7959  pred=false  gold=n/a  running‐acc=0.753
Locality eval: pred=true              gold=true  correct=True  running‐acc=0.588
[  98/600] loss=2.2230  pred=false  gold=n/a  running‐acc=0.745
Locality eval: pred=true              gold=true  correct=True  running‐acc=0.592
[  99/600] loss=2.0255  pred=true   gold=true  running‐acc=0.747
Locality eval: pred=n/a               gold=n/a  correct=True  running‐acc=0.596
[ 100/600] loss=2.4355  pred=       gold=true  running‐acc=0.740
Locality eval: pred=n/a               gold=n/a  correct=True  running‐acc=0.600
[ 101/600] loss=2.1002  pred=n/a    gold=n/a  running‐acc=0.743
Locality eval: pred=true              gold=true  correct=True  running‐acc=0.604
[ 102/600] loss=2.3862  pred=       gold=true  running‐acc=0.735
Locality eval: pred=                  gold=n/a  correct=False  running‐acc=0.598
[ 103/600] loss=2.6297  pred=n/a    gold=n/a  running‐acc=0.738
Locality eval: pred=n/a               gold=true  correct=False  running‐acc=0.592
[ 104/600] loss=2.3218  pred=true   gold=true  running‐acc=0.740
Locality eval: pred=n/a               gold=n/a  correct=True  running‐acc=0.596
[ 105/600] loss=2.2552  pred=true   gold=true  running‐acc=0.743
Locality eval: pred=n/a               gold=n/a  correct=True  running‐acc=0.600
[ 106/600] loss=2.6062  pred=true   gold=true  running‐acc=0.745
Locality eval: pred=true              gold=n/a  correct=False  running‐acc=0.594
[ 107/600] loss=2.2508  pred=true   gold=true  running‐acc=0.748
Locality eval: pred=false             gold=n/a  correct=False  running‐acc=0.589
[ 108/600] loss=2.3892  pred=       gold=true  running‐acc=0.741
Locality eval: pred=n/a               gold=n/a  correct=True  running‐acc=0.593
[ 109/600] loss=2.7313  pred=true   gold=true  running‐acc=0.743
Locality eval: pred=n/a               gold=n/a  correct=True  running‐acc=0.596
[ 110/600] loss=2.3395  pred=true   gold=true  running‐acc=0.745
Locality eval: pred=true              gold=n/a  correct=False  running‐acc=0.591
[ 111/600] loss=1.6011  pred=true   gold=true  running‐acc=0.748
Locality eval: pred=true              gold=n/a  correct=False  running‐acc=0.586
[ 112/600] loss=2.1563  pred=       gold=true  running‐acc=0.741
Locality eval: pred=n/a               gold=n/a  correct=True  running‐acc=0.589
[ 113/600] loss=2.0217  pred=n/a    gold=n/a  running‐acc=0.743
Locality eval: pred=true              gold=true  correct=True  running‐acc=0.593
[ 114/600] loss=2.5812  pred=n/a    gold=n/a  running‐acc=0.746
Locality eval: pred=n/a               gold=true  correct=False  running‐acc=0.588
[ 115/600] loss=2.2311  pred=n/a    gold=n/a  running‐acc=0.748
Locality eval: pred=true              gold=true  correct=True  running‐acc=0.591
[ 116/600] loss=2.3108  pred=true   gold=true  running‐acc=0.750
Locality eval: pred=n/a               gold=n/a  correct=True  running‐acc=0.595
[ 117/600] loss=2.5684  pred=n/a    gold=n/a  running‐acc=0.752
Locality eval: pred=n/a               gold=true  correct=False  running‐acc=0.590
[ 118/600] loss=2.2459  pred=n/a    gold=n/a  running‐acc=0.754
Locality eval: pred=true              gold=true  correct=True  running‐acc=0.593
[ 119/600] loss=2.0227  pred=n/a    gold=n/a  running‐acc=0.756
Locality eval: pred=n/a               gold=true  correct=False  running‐acc=0.588
[ 120/600] loss=2.6751  pred=n/a    gold=n/a  running‐acc=0.758
Locality eval: pred=n/a               gold=true  correct=False  running‐acc=0.583
[ 121/600] loss=2.5148  pred=true   gold=true  running‐acc=0.760
Locality eval: pred=false             gold=n/a  correct=False  running‐acc=0.579
[ 122/600] loss=3.1792  pred=true   gold=true  running‐acc=0.762
Locality eval: pred=n/a               gold=n/a  correct=True  running‐acc=0.582
[ 123/600] loss=2.4848  pred=n/a    gold=n/a  running‐acc=0.764
Locality eval: pred=n/a               gold=true  correct=False  running‐acc=0.577
[ 124/600] loss=2.2071  pred=n/a    gold=n/a  running‐acc=0.766
Locality eval: pred=n/a               gold=true  correct=False  running‐acc=0.573
[ 125/600] loss=2.4420  pred=true   gold=n/a  running‐acc=0.760
Locality eval: pred=n/a               gold=true  correct=False  running‐acc=0.568
[ 126/600] loss=2.6768  pred=n/a    gold=true  running‐acc=0.754
Locality eval: pred=n/a               gold=n/a  correct=True  running‐acc=0.571
[ 127/600] loss=2.6419  pred=true   gold=true  running‐acc=0.756
Locality eval: pred=n/a               gold=n/a  correct=True  running‐acc=0.575
[ 128/600] loss=2.2118  pred=n/a    gold=n/a  running‐acc=0.758
Locality eval: pred=true              gold=true  correct=True  running‐acc=0.578
[ 129/600] loss=1.8401  pred=true   gold=true  running‐acc=0.760
Locality eval: pred=                  gold=n/a  correct=False  running‐acc=0.574
[ 130/600] loss=2.3898  pred=n/a    gold=n/a  running‐acc=0.762
Locality eval: pred=n/a               gold=true  correct=False  running‐acc=0.569
[ 131/600] loss=3.7119  pred=true   gold=true  running‐acc=0.763
Locality eval: pred=n/a               gold=n/a  correct=True  running‐acc=0.573
[ 132/600] loss=2.4712  pred=n/a    gold=n/a  running‐acc=0.765
Locality eval: pred=n/a.              gold=true  correct=False  running‐acc=0.568
[ 133/600] loss=2.4812  pred=n/a    gold=n/a  running‐acc=0.767
Locality eval: pred=n/a               gold=true  correct=False  running‐acc=0.564
[ 134/600] loss=2.2315  pred=true   gold=true  running‐acc=0.769
Locality eval: pred=true              gold=n/a  correct=False  running‐acc=0.560
[ 135/600] loss=2.6412  pred=true   gold=true  running‐acc=0.770
Locality eval: pred=n/a               gold=n/a  correct=True  running‐acc=0.563
[ 136/600] loss=2.2042  pred=n/a    gold=n/a  running‐acc=0.772
Locality eval: pred=true              gold=true  correct=True  running‐acc=0.566
[ 137/600] loss=2.6764  pred=true   gold=true  running‐acc=0.774
Locality eval: pred=true              gold=n/a  correct=False  running‐acc=0.562
[ 138/600] loss=3.2383  pred=true   gold=true  running‐acc=0.775
Locality eval: pred=n/a               gold=n/a  correct=True  running‐acc=0.565
[ 139/600] loss=2.6790  pred=n/a    gold=n/a  running‐acc=0.777
Locality eval: pred=true              gold=true  correct=True  running‐acc=0.568
[ 140/600] loss=2.1757  pred=n/a    gold=n/a  running‐acc=0.779
Locality eval: pred=true              gold=true  correct=True  running‐acc=0.571
[ 141/600] loss=2.4122  pred=n/a    gold=n/a  running‐acc=0.780
Locality eval: pred=n/a               gold=true  correct=False  running‐acc=0.567
[ 142/600] loss=2.4794  pred=n/a    gold=n/a  running‐acc=0.782
Locality eval: pred=n/a               gold=true  correct=False  running‐acc=0.563
[ 143/600] loss=1.8175  pred=true   gold=true  running‐acc=0.783
Locality eval: pred=n/a               gold=n/a  correct=True  running‐acc=0.566
[ 144/600] loss=2.1169  pred=true   gold=true  running‐acc=0.785
Locality eval: pred=n/a               gold=n/a  correct=True  running‐acc=0.569
[ 145/600] loss=2.6612  pred=true.  gold=true  running‐acc=0.786
Locality eval: pred=n/a               gold=n/a  correct=True  running‐acc=0.572
[ 146/600] loss=2.4755  pred=       gold=true  running‐acc=0.781
Locality eval: pred=true              gold=n/a  correct=False  running‐acc=0.568
[ 147/600] loss=2.2924  pred=n/a    gold=n/a  running‐acc=0.782
Locality eval: pred=n/a               gold=true  correct=False  running‐acc=0.565
[ 148/600] loss=2.4439  pred=       gold=true  running‐acc=0.777
Locality eval: pred=n/a               gold=n/a  correct=True  running‐acc=0.568
[ 149/600] loss=2.2473  pred=n/a    gold=n/a  running‐acc=0.779
Locality eval: pred=true              gold=true  correct=True  running‐acc=0.570
[ 150/600] loss=1.7798  pred=n/a    gold=n/a  running‐acc=0.780
Locality eval: pred=true              gold=true  correct=True  running‐acc=0.573
[ 151/600] loss=2.1382  pred=true   gold=true  running‐acc=0.781
Locality eval: pred=n/a               gold=n/a  correct=True  running‐acc=0.576
[ 152/600] loss=1.9508  pred=true   gold=true  running‐acc=0.783
Locality eval: pred=n/a               gold=n/a  correct=True  running‐acc=0.579
[ 153/600] loss=2.1225  pred=n/a    gold=n/a  running‐acc=0.784
Locality eval: pred=n/a               gold=true  correct=False  running‐acc=0.575
[ 154/600] loss=2.4791  pred=true   gold=n/a  running‐acc=0.779
Locality eval: pred=true              gold=true  correct=True  running‐acc=0.578
[ 155/600] loss=1.5163  pred=true   gold=true  running‐acc=0.781
Locality eval: pred=true              gold=n/a  correct=False  running‐acc=0.574
[ 156/600] loss=2.1751  pred=true   gold=n/a  running‐acc=0.776
Locality eval: pred=n/a               gold=true  correct=False  running‐acc=0.571
[ 157/600] loss=2.7536  pred=true   gold=true  running‐acc=0.777
Locality eval: pred=                  gold=n/a  correct=False  running‐acc=0.567
[ 158/600] loss=2.4224  pred=n/a    gold=n/a  running‐acc=0.778
Locality eval: pred=n/a               gold=true  correct=False  running‐acc=0.563
[ 159/600] loss=2.1887  pred=n/a    gold=n/a  running‐acc=0.780
Locality eval: pred=true              gold=true  correct=True  running‐acc=0.566
[ 160/600] loss=2.6715  pred=n/a    gold=n/a  running‐acc=0.781
Locality eval: pred=n/a               gold=true  correct=False  running‐acc=0.562
[ 161/600] loss=2.6750  pred=true   gold=true  running‐acc=0.783
Locality eval: pred=n/a               gold=n/a  correct=True  running‐acc=0.565
[ 162/600] loss=1.9968  pred=n/a    gold=n/a  running‐acc=0.784
Locality eval: pred=true              gold=true  correct=True  running‐acc=0.568
[ 163/600] loss=2.2517  pred=n/a    gold=n/a  running‐acc=0.785
Locality eval: pred=                  gold=true  correct=False  running‐acc=0.564
[ 164/600] loss=2.3044  pred=n/a    gold=n/a  running‐acc=0.787
Locality eval: pred=true              gold=true  correct=True  running‐acc=0.567
[ 165/600] loss=3.0096  pred=true   gold=true  running‐acc=0.788
Locality eval: pred=n/a               gold=n/a  correct=True  running‐acc=0.570
[ 166/600] loss=2.6646  pred=true   gold=true  running‐acc=0.789
Locality eval: pred=true              gold=n/a  correct=False  running‐acc=0.566
[ 167/600] loss=2.5712  pred=n/a    gold=n/a  running‐acc=0.790
Locality eval: pred=n/a               gold=true  correct=False  running‐acc=0.563
[ 168/600] loss=2.2270  pred=true   gold=true  running‐acc=0.792
Locality eval: pred=n/a               gold=n/a  correct=True  running‐acc=0.565
[ 169/600] loss=2.2453  pred=n/a    gold=n/a  running‐acc=0.793
Locality eval: pred=n/a               gold=true  correct=False  running‐acc=0.562
[ 170/600] loss=1.9967  pred=false.  gold=n/a  running‐acc=0.788
Locality eval: pred=true              gold=true  correct=True  running‐acc=0.565
[ 171/600] loss=2.2333  pred=n/a    gold=n/a  running‐acc=0.789
Locality eval: pred=true              gold=true  correct=True  running‐acc=0.567
[ 172/600] loss=2.8359  pred=true   gold=true  running‐acc=0.791
Locality eval: pred=n/a               gold=n/a  correct=True  running‐acc=0.570
[ 173/600] loss=2.1180  pred=n/a    gold=n/a  running‐acc=0.792
Locality eval: pred=true              gold=true  correct=True  running‐acc=0.572
[ 174/600] loss=2.7990  pred=       gold=true  running‐acc=0.787
Locality eval: pred=n/a               gold=n/a  correct=True  running‐acc=0.575
[ 175/600] loss=2.1614  pred=       gold=true  running‐acc=0.783
Locality eval: pred=                  gold=n/a  correct=False  running‐acc=0.571
[ 176/600] loss=2.4691  pred=true   gold=n/a  running‐acc=0.778
Locality eval: pred=n/a               gold=true  correct=False  running‐acc=0.568
[ 177/600] loss=2.5113  pred=       gold=true  running‐acc=0.774
Locality eval: pred=true              gold=n/a  correct=False  running‐acc=0.565
[ 178/600] loss=2.6694  pred=n/a    gold=n/a  running‐acc=0.775
Locality eval: pred=n/a               gold=true  correct=False  running‐acc=0.562
[ 179/600] loss=2.7076  pred=n/a    gold=n/a  running‐acc=0.777
Locality eval: pred=n/a               gold=true  correct=False  running‐acc=0.559
[ 180/600] loss=2.6952  pred=true   gold=true  running‐acc=0.778
Locality eval: pred=true              gold=n/a  correct=False  running‐acc=0.556
[ 181/600] loss=2.4207  pred=n/a    gold=n/a  running‐acc=0.779
Locality eval: pred=n/a               gold=true  correct=False  running‐acc=0.552
[ 182/600] loss=2.6689  pred=n/a    gold=n/a  running‐acc=0.780
Locality eval: pred=n/a               gold=true  correct=False  running‐acc=0.549
[ 183/600] loss=2.9523  pred=       gold=true  running‐acc=0.776
Locality eval: pred=n/a               gold=n/a  correct=True  running‐acc=0.552
[ 184/600] loss=2.5977  pred=true   gold=true  running‐acc=0.777
Locality eval: pred=n/a               gold=n/a  correct=True  running‐acc=0.554
[ 185/600] loss=2.4641  pred=true   gold=true  running‐acc=0.778
Locality eval: pred=n/a               gold=n/a  correct=True  running‐acc=0.557
[ 186/600] loss=2.6368  pred=true   gold=true  running‐acc=0.780
Locality eval: pred=                  gold=n/a  correct=False  running‐acc=0.554
[ 187/600] loss=2.1830  pred=n/a    gold=n/a  running‐acc=0.781
Locality eval: pred=true              gold=true  correct=True  running‐acc=0.556
[ 188/600] loss=2.0886  pred=n/a    gold=n/a  running‐acc=0.782
Locality eval: pred=n/a               gold=true  correct=False  running‐acc=0.553
[ 189/600] loss=2.5300  pred=true   gold=true  running‐acc=0.783
Locality eval: pred=n/a               gold=n/a  correct=True  running‐acc=0.556
[ 190/600] loss=2.7515  pred=n/a    gold=n/a  running‐acc=0.784
Locality eval: pred=n/a               gold=true  correct=False  running‐acc=0.553
[ 191/600] loss=2.2932  pred=n/a    gold=n/a  running‐acc=0.785
Locality eval: pred=true              gold=true  correct=True  running‐acc=0.555
[ 192/600] loss=2.1600  pred=true   gold=n/a  running‐acc=0.781
Locality eval: pred=true              gold=true  correct=True  running‐acc=0.557
[ 193/600] loss=2.9029  pred=       gold=true  running‐acc=0.777
Locality eval: pred=n/a               gold=n/a  correct=True  running‐acc=0.560
[ 194/600] loss=2.3396  pred=true   gold=true  running‐acc=0.778
Locality eval: pred=n/a               gold=n/a  correct=True  running‐acc=0.562
[ 195/600] loss=2.0254  pred=true   gold=true  running‐acc=0.779
Locality eval: pred=n/a               gold=n/a  correct=True  running‐acc=0.564
[ 196/600] loss=2.4489  pred=true   gold=true  running‐acc=0.781
Locality eval: pred=n/a               gold=n/a  correct=True  running‐acc=0.566
[ 197/600] loss=1.9940  pred=true   gold=true  running‐acc=0.782
Locality eval: pred=n/a               gold=n/a  correct=True  running‐acc=0.569
[ 198/600] loss=2.2319  pred=n/a    gold=n/a  running‐acc=0.783
Locality eval: pred=true              gold=true  correct=True  running‐acc=0.571
[ 199/600] loss=2.4182  pred=true   gold=true  running‐acc=0.784
Locality eval: pred=n/a               gold=n/a  correct=True  running‐acc=0.573
[ 200/600] loss=3.0499  pred=true   gold=true  running‐acc=0.785
Locality eval: pred=true              gold=n/a  correct=False  running‐acc=0.570
[ 201/600] loss=1.8740  pred=false.  gold=n/a  running‐acc=0.781
Locality eval: pred=n/a               gold=true  correct=False  running‐acc=0.567
[ 202/600] loss=2.1942  pred=n/a    gold=n/a  running‐acc=0.782
Locality eval: pred=true              gold=true  correct=True  running‐acc=0.569
[ 203/600] loss=2.5819  pred=true   gold=true  running‐acc=0.783
Locality eval: pred=n/a               gold=n/a  correct=True  running‐acc=0.571
[ 204/600] loss=1.7588  pred=       gold=n/a  running‐acc=0.779
Locality eval: pred=true              gold=true  correct=True  running‐acc=0.574
[ 205/600] loss=3.7129  pred=true   gold=true  running‐acc=0.780
Locality eval: pred=                  gold=n/a  correct=False  running‐acc=0.571
[ 206/600] loss=2.0576  pred=n/a    gold=n/a  running‐acc=0.782
Locality eval: pred=n/a               gold=true  correct=False  running‐acc=0.568
[ 207/600] loss=2.4877  pred=n/a    gold=n/a  running‐acc=0.783
Locality eval: pred=n/a               gold=true  correct=False  running‐acc=0.565
[ 208/600] loss=2.4744  pred=true   gold=true  running‐acc=0.784
Locality eval: pred=n/a               gold=n/a  correct=True  running‐acc=0.567
[ 209/600] loss=2.2113  pred=n/a    gold=n/a  running‐acc=0.785
Locality eval: pred=n/a               gold=true  correct=False  running‐acc=0.565
[ 210/600] loss=2.2811  pred=n/a    gold=n/a  running‐acc=0.786
Locality eval: pred=                  gold=true  correct=False  running‐acc=0.562
[ 211/600] loss=2.1840  pred=true   gold=true  running‐acc=0.787
Locality eval: pred=n/a               gold=n/a  correct=True  running‐acc=0.564
[ 212/600] loss=2.0126  pred=true   gold=n/a  running‐acc=0.783
Locality eval: pred=n/a               gold=true  correct=False  running‐acc=0.561
[ 213/600] loss=3.2516  pred=true   gold=true  running‐acc=0.784
Locality eval: pred=n/a               gold=n/a  correct=True  running‐acc=0.563
[ 214/600] loss=1.6888  pred=false  gold=n/a  running‐acc=0.780
Locality eval: pred=n/a               gold=true  correct=False  running‐acc=0.561
[ 215/600] loss=2.1625  pred=true   gold=true  running‐acc=0.781
Locality eval: pred=n/a               gold=n/a  correct=True  running‐acc=0.563
[ 216/600] loss=2.3980  pred=n/a    gold=n/a  running‐acc=0.782
Locality eval: pred=n/a               gold=true  correct=False  running‐acc=0.560
[ 217/600] loss=2.9291  pred=true   gold=true  running‐acc=0.783
Locality eval: pred=true              gold=n/a  correct=False  running‐acc=0.558
[ 218/600] loss=2.5290  pred=n/a    gold=n/a  running‐acc=0.784
Locality eval: pred=n/a               gold=true  correct=False  running‐acc=0.555
[ 219/600] loss=2.2176  pred=true   gold=true  running‐acc=0.785
Locality eval: pred=n/a               gold=n/a  correct=True  running‐acc=0.557
[ 220/600] loss=2.3955  pred=n/a    gold=n/a  running‐acc=0.786
Locality eval: pred=true              gold=true  correct=True  running‐acc=0.559
[ 221/600] loss=2.3060  pred=n/a    gold=n/a  running‐acc=0.787
Locality eval: pred=n/a               gold=true  correct=False  running‐acc=0.557
[ 222/600] loss=2.6867  pred=       gold=n/a  running‐acc=0.784
Locality eval: pred=n/a               gold=true  correct=False  running‐acc=0.554
[ 223/600] loss=2.2447  pred=n/a    gold=n/a  running‐acc=0.785
Locality eval: pred=                  gold=true  correct=False  running‐acc=0.552
[ 224/600] loss=2.2072  pred=true   gold=n/a  running‐acc=0.781
Locality eval: pred=true              gold=true  correct=True  running‐acc=0.554
[ 225/600] loss=2.1344  pred=false  gold=n/a  running‐acc=0.778
Locality eval: pred=true              gold=true  correct=True  running‐acc=0.556
[ 226/600] loss=2.8754  pred=true   gold=true  running‐acc=0.779
Locality eval: pred=true              gold=n/a  correct=False  running‐acc=0.553
[ 227/600] loss=1.6596  pred=n/a    gold=n/a  running‐acc=0.780
Locality eval: pred=true              gold=true  correct=True  running‐acc=0.555
[ 228/600] loss=2.2088  pred=n/a    gold=n/a  running‐acc=0.781
Locality eval: pred=n/a               gold=true  correct=False  running‐acc=0.553
[ 229/600] loss=2.2308  pred=n/a    gold=n/a  running‐acc=0.782
Locality eval: pred=n/a               gold=true  correct=False  running‐acc=0.550
[ 230/600] loss=2.0313  pred=n/a    gold=n/a  running‐acc=0.783
Locality eval: pred=true.             gold=true  correct=True  running‐acc=0.552
[ 231/600] loss=2.5343  pred=n/a    gold=n/a  running‐acc=0.784
Locality eval: pred=n/a               gold=true  correct=False  running‐acc=0.550
[ 232/600] loss=2.4675  pred=n/a    gold=n/a  running‐acc=0.784
Locality eval: pred=n/a               gold=true  correct=False  running‐acc=0.547
[ 233/600] loss=3.0009  pred=true   gold=true  running‐acc=0.785
Locality eval: pred=                  gold=n/a  correct=False  running‐acc=0.545
[ 234/600] loss=2.7800  pred=true   gold=true  running‐acc=0.786
Locality eval: pred=                  gold=n/a  correct=False  running‐acc=0.543
[ 235/600] loss=1.7547  pred=       gold=n/a  running‐acc=0.783
Locality eval: pred=true              gold=true  correct=True  running‐acc=0.545
[ 236/600] loss=2.4824  pred=n/a    gold=n/a  running‐acc=0.784
Locality eval: pred=n/a.              gold=true  correct=False  running‐acc=0.542
[ 237/600] loss=2.8314  pred=false  gold=true  running‐acc=0.781
Locality eval: pred=n/a               gold=n/a  correct=True  running‐acc=0.544
[ 238/600] loss=2.5211  pred=n/a    gold=n/a  running‐acc=0.782
Locality eval: pred=true              gold=true  correct=True  running‐acc=0.546
[ 239/600] loss=2.4109  pred=n/a    gold=n/a  running‐acc=0.782
Locality eval: pred=true              gold=true  correct=True  running‐acc=0.548
[ 240/600] loss=3.4325  pred=true   gold=true  running‐acc=0.783
Locality eval: pred=true              gold=n/a  correct=False  running‐acc=0.546
[ 241/600] loss=2.6848  pred=n/a    gold=n/a  running‐acc=0.784
Locality eval: pred=n/a               gold=true  correct=False  running‐acc=0.544
[ 242/600] loss=2.1090  pred=n/a    gold=n/a  running‐acc=0.785
Locality eval: pred=n/a               gold=true  correct=False  running‐acc=0.541
[ 243/600] loss=2.2967  pred=       gold=n/a  running‐acc=0.782
Locality eval: pred=n/a               gold=true  correct=False  running‐acc=0.539
[ 244/600] loss=2.6340  pred=true   gold=true  running‐acc=0.783
Locality eval: pred=n/a               gold=n/a  correct=True  running‐acc=0.541
[ 245/600] loss=3.3324  pred=n/a    gold=true  running‐acc=0.780
Locality eval: pred=n/a               gold=n/a  correct=True  running‐acc=0.543
[ 246/600] loss=2.4668  pred=       gold=true  running‐acc=0.776
Locality eval: pred=                  gold=n/a  correct=False  running‐acc=0.541
[ 247/600] loss=2.4694  pred=       gold=true  running‐acc=0.773
Locality eval: pred=n/a               gold=n/a  correct=True  running‐acc=0.543
[ 248/600] loss=2.8686  pred=true   gold=true  running‐acc=0.774
Locality eval: pred=n/a               gold=n/a  correct=True  running‐acc=0.544
[ 249/600] loss=2.2532  pred=n/a    gold=n/a  running‐acc=0.775
Locality eval: pred=n/a               gold=true  correct=False  running‐acc=0.542
[ 250/600] loss=2.5624  pred=true   gold=true  running‐acc=0.776
Locality eval: pred=n/a               gold=n/a  correct=True  running‐acc=0.544
[ 251/600] loss=2.2599  pred=n/a    gold=n/a  running‐acc=0.777
Locality eval: pred=true              gold=true  correct=True  running‐acc=0.546
[ 252/600] loss=2.5330  pred=n/a    gold=n/a  running‐acc=0.778
Locality eval: pred=n/a               gold=true  correct=False  running‐acc=0.544
[ 253/600] loss=2.9317  pred=true   gold=true  running‐acc=0.779
Locality eval: pred=true              gold=n/a  correct=False  running‐acc=0.542
[ 254/600] loss=3.1534  pred=true   gold=true  running‐acc=0.780
Locality eval: pred=n/a               gold=n/a  correct=True  running‐acc=0.543
[ 255/600] loss=2.5230  pred=n/a    gold=n/a  running‐acc=0.780
Locality eval: pred=n/a               gold=true  correct=False  running‐acc=0.541
[ 256/600] loss=2.0861  pred=n/a    gold=n/a  running‐acc=0.781
Locality eval: pred=true              gold=true  correct=True  running‐acc=0.543
[ 257/600] loss=2.6239  pred=n/a    gold=n/a  running‐acc=0.782
Locality eval: pred=n/a               gold=true  correct=False  running‐acc=0.541
[ 258/600] loss=2.3554  pred=n/a    gold=n/a  running‐acc=0.783
Locality eval: pred=true              gold=true  correct=True  running‐acc=0.543
[ 259/600] loss=2.2825  pred=true   gold=true  running‐acc=0.784
Locality eval: pred=true              gold=n/a  correct=False  running‐acc=0.541
[ 260/600] loss=2.7164  pred=true   gold=true  running‐acc=0.785
Locality eval: pred=n/a               gold=n/a  correct=True  running‐acc=0.542
[ 261/600] loss=2.3466  pred=true   gold=true  running‐acc=0.785
Locality eval: pred=true              gold=n/a  correct=False  running‐acc=0.540
[ 262/600] loss=2.5056  pred=true   gold=true  running‐acc=0.786
Locality eval: pred=n/a               gold=n/a  correct=True  running‐acc=0.542
[ 263/600] loss=2.1108  pred=n/a    gold=n/a  running‐acc=0.787
Locality eval: pred=n/a               gold=true  correct=False  running‐acc=0.540
[ 264/600] loss=2.2150  pred=false  gold=n/a  running‐acc=0.784
Locality eval: pred=true              gold=true  correct=True  running‐acc=0.542
[ 265/600] loss=2.9446  pred=true   gold=true  running‐acc=0.785
Locality eval: pred=true              gold=n/a  correct=False  running‐acc=0.540
[ 266/600] loss=2.6387  pred=n/a    gold=n/a  running‐acc=0.786
Locality eval: pred=n/a               gold=true  correct=False  running‐acc=0.538
[ 267/600] loss=2.2656  pred=       gold=n/a  running‐acc=0.783
Locality eval: pred=true              gold=true  correct=True  running‐acc=0.539
[ 268/600] loss=2.5042  pred=true   gold=true  running‐acc=0.784
Locality eval: pred=n/a               gold=n/a  correct=True  running‐acc=0.541
[ 269/600] loss=2.2270  pred=n/a    gold=n/a  running‐acc=0.784
Locality eval: pred=n/a               gold=true  correct=False  running‐acc=0.539
[ 270/600] loss=2.2072  pred=true   gold=true  running‐acc=0.785
Locality eval: pred=false             gold=n/a  correct=False  running‐acc=0.537
[ 271/600] loss=2.0793  pred=n/a    gold=n/a  running‐acc=0.786
Locality eval: pred=n/a               gold=true  correct=False  running‐acc=0.535
[ 272/600] loss=2.7954  pred=true   gold=true  running‐acc=0.787
Locality eval: pred=n/a               gold=n/a  correct=True  running‐acc=0.537
[ 273/600] loss=2.2133  pred=n/a    gold=n/a  running‐acc=0.788
Locality eval: pred=true              gold=true  correct=True  running‐acc=0.538
[ 274/600] loss=2.2169  pred=n/a    gold=n/a  running‐acc=0.788
Locality eval: pred=true              gold=true  correct=True  running‐acc=0.540
[ 275/600] loss=2.8360  pred=true   gold=true  running‐acc=0.789
Locality eval: pred=n/a               gold=n/a  correct=True  running‐acc=0.542
[ 276/600] loss=2.1731  pred=n/a    gold=n/a  running‐acc=0.790
Locality eval: pred=true              gold=true  correct=True  running‐acc=0.543
[ 277/600] loss=2.6719  pred=true   gold=true  running‐acc=0.791
Locality eval: pred=true              gold=n/a  correct=False  running‐acc=0.542
[ 278/600] loss=2.4918  pred=n/a    gold=n/a  running‐acc=0.791
Locality eval: pred=n/a               gold=true  correct=False  running‐acc=0.540
[ 279/600] loss=2.4290  pred=true   gold=true  running‐acc=0.792
Locality eval: pred=n/a               gold=n/a  correct=True  running‐acc=0.541
[ 280/600] loss=2.1392  pred=n/a    gold=n/a  running‐acc=0.793
Locality eval: pred=n/a               gold=true  correct=False  running‐acc=0.539
[ 281/600] loss=2.6611  pred=       gold=true  running‐acc=0.790
Locality eval: pred=n/a               gold=n/a  correct=True  running‐acc=0.541
[ 282/600] loss=2.4455  pred=true   gold=true  running‐acc=0.791
Locality eval: pred=n/a               gold=n/a  correct=True  running‐acc=0.543
[ 283/600] loss=2.2224  pred=n/a    gold=n/a  running‐acc=0.792
Locality eval: pred=true              gold=true  correct=True  running‐acc=0.544
[ 284/600] loss=1.5744  pred=n/a    gold=n/a  running‐acc=0.792
Locality eval: pred=true              gold=true  correct=True  running‐acc=0.546
[ 285/600] loss=2.4238  pred=true   gold=true  running‐acc=0.793
Locality eval: pred=false.            gold=n/a  correct=False  running‐acc=0.544
[ 286/600] loss=2.2117  pred=n/a    gold=n/a  running‐acc=0.794
Locality eval: pred=n/a               gold=true  correct=False  running‐acc=0.542
[ 287/600] loss=2.0592  pred=true   gold=n/a  running‐acc=0.791
Locality eval: pred=true              gold=true  correct=True  running‐acc=0.544
[ 288/600] loss=2.3853  pred=true.  gold=true  running‐acc=0.792
Locality eval: pred=n/a               gold=n/a  correct=True  running‐acc=0.545
[ 289/600] loss=2.9380  pred=true   gold=true  running‐acc=0.792
Locality eval: pred=n/a               gold=n/a  correct=True  running‐acc=0.547
[ 290/600] loss=2.1406  pred=n/a    gold=n/a  running‐acc=0.793
Locality eval: pred=n/a               gold=true  correct=False  running‐acc=0.545
[ 291/600] loss=2.6656  pred=true   gold=true  running‐acc=0.794
Locality eval: pred=true              gold=n/a  correct=False  running‐acc=0.543
[ 292/600] loss=2.4150  pred=true   gold=true  running‐acc=0.795
Locality eval: pred=n/a               gold=n/a  correct=True  running‐acc=0.545
[ 293/600] loss=2.1906  pred=       gold=true  running‐acc=0.792
Locality eval: pred=true              gold=n/a  correct=False  running‐acc=0.543
[ 294/600] loss=2.4261  pred=       gold=true  running‐acc=0.789
Locality eval: pred=                  gold=n/a  correct=False  running‐acc=0.541
[ 295/600] loss=2.7166  pred=n/a    gold=n/a  running‐acc=0.790
Locality eval: pred=n/a               gold=true  correct=False  running‐acc=0.539
[ 296/600] loss=2.3991  pred=n/a    gold=n/a  running‐acc=0.791
Locality eval: pred=n/a               gold=true  correct=False  running‐acc=0.537
[ 297/600] loss=3.3102  pred=n/a    gold=true  running‐acc=0.788
Locality eval: pred=true              gold=n/a  correct=False  running‐acc=0.535
[ 298/600] loss=2.1217  pred=true   gold=true  running‐acc=0.789
Locality eval: pred=true              gold=n/a  correct=False  running‐acc=0.534
[ 299/600] loss=1.8904  pred=n/a    gold=n/a  running‐acc=0.789
Locality eval: pred=false             gold=true  correct=False  running‐acc=0.532
[ 300/600] loss=1.7304  pred=true   gold=n/a  running‐acc=0.787
Locality eval: pred=true              gold=true  correct=True  running‐acc=0.533
[ 301/600] loss=2.7878  pred=true   gold=true  running‐acc=0.787
Locality eval: pred=                  gold=n/a  correct=False  running‐acc=0.532
[ 302/600] loss=2.7448  pred=true   gold=true  running‐acc=0.788
Locality eval: pred=true              gold=n/a  correct=False  running‐acc=0.530
[ 303/600] loss=2.0273  pred=true   gold=true  running‐acc=0.789
Locality eval: pred=n/a               gold=n/a  correct=True  running‐acc=0.531
[ 304/600] loss=3.1253  pred=true   gold=true  running‐acc=0.789
Locality eval: pred=n/a               gold=n/a  correct=True  running‐acc=0.533
[ 305/600] loss=2.3367  pred=true   gold=true  running‐acc=0.790
Locality eval: pred=true              gold=n/a  correct=False  running‐acc=0.531
[ 306/600] loss=2.4833  pred=true   gold=true  running‐acc=0.791
Locality eval: pred=                  gold=n/a  correct=False  running‐acc=0.529
[ 307/600] loss=2.6083  pred=true   gold=true  running‐acc=0.792
Locality eval: pred=true              gold=n/a  correct=False  running‐acc=0.528
[ 308/600] loss=2.9293  pred=n/a    gold=true  running‐acc=0.789
Locality eval: pred=n/a               gold=n/a  correct=True  running‐acc=0.529
[ 309/600] loss=2.3041  pred=true   gold=true  running‐acc=0.790
Locality eval: pred=n/a               gold=n/a  correct=True  running‐acc=0.531
[ 310/600] loss=2.6434  pred=n/a    gold=n/a  running‐acc=0.790
Locality eval: pred=                  gold=true  correct=False  running‐acc=0.529
[ 311/600] loss=2.6395  pred=       gold=true  running‐acc=0.788
Locality eval: pred=                  gold=n/a  correct=False  running‐acc=0.527
[ 312/600] loss=2.3762  pred=true   gold=true  running‐acc=0.788
Locality eval: pred=n/a               gold=n/a  correct=True  running‐acc=0.529
[ 313/600] loss=1.9629  pred=n/a    gold=n/a  running‐acc=0.789
Locality eval: pred=true              gold=true  correct=True  running‐acc=0.530
[ 314/600] loss=2.0470  pred=true   gold=n/a  running‐acc=0.787
Locality eval: pred=true              gold=true  correct=True  running‐acc=0.532
[ 315/600] loss=2.0746  pred=true   gold=n/a  running‐acc=0.784
Locality eval: pred=true              gold=true  correct=True  running‐acc=0.533
[ 316/600] loss=2.3378  pred=true   gold=true  running‐acc=0.785
Locality eval: pred=true              gold=n/a  correct=False  running‐acc=0.532
[ 317/600] loss=2.6884  pred=       gold=true  running‐acc=0.782
Locality eval: pred=n/a               gold=n/a  correct=True  running‐acc=0.533
[ 318/600] loss=2.5321  pred=true   gold=true  running‐acc=0.783
Locality eval: pred=true              gold=n/a  correct=False  running‐acc=0.531
[ 319/600] loss=2.0473  pred=n/a    gold=n/a  running‐acc=0.784
Locality eval: pred=true              gold=true  correct=True  running‐acc=0.533
[ 320/600] loss=2.0324  pred=n/a    gold=n/a  running‐acc=0.784
Locality eval: pred=true              gold=true  correct=True  running‐acc=0.534
[ 321/600] loss=2.4546  pred=n/a    gold=true  running‐acc=0.782
Locality eval: pred=n/a               gold=n/a  correct=True  running‐acc=0.536
[ 322/600] loss=2.4208  pred=true   gold=true  running‐acc=0.783
Locality eval: pred=n/a               gold=n/a  correct=True  running‐acc=0.537
[ 323/600] loss=2.1121  pred=n/a    gold=n/a  running‐acc=0.783
Locality eval: pred=n/a               gold=true  correct=False  running‐acc=0.536
[ 324/600] loss=2.6328  pred=n/a    gold=n/a  running‐acc=0.784
Locality eval: pred=true              gold=true  correct=True  running‐acc=0.537
[ 325/600] loss=2.7377  pred=true   gold=true  running‐acc=0.785
Locality eval: pred=                  gold=n/a  correct=False  running‐acc=0.535
[ 326/600] loss=2.1227  pred=true   gold=n/a  running‐acc=0.782
Locality eval: pred=true              gold=true  correct=True  running‐acc=0.537
[ 327/600] loss=3.1780  pred=true   gold=true  running‐acc=0.783
Locality eval: pred=true              gold=n/a  correct=False  running‐acc=0.535
[ 328/600] loss=2.1182  pred=n/a    gold=n/a  running‐acc=0.784
Locality eval: pred=n/a               gold=true  correct=False  running‐acc=0.534
[ 329/600] loss=2.0434  pred=true   gold=true  running‐acc=0.784
Locality eval: pred=n/a               gold=n/a  correct=True  running‐acc=0.535
[ 330/600] loss=2.1549  pred=false  gold=n/a  running‐acc=0.782
Locality eval: pred=true              gold=true  correct=True  running‐acc=0.536
[ 331/600] loss=2.5463  pred=true   gold=true  running‐acc=0.782
Locality eval: pred=n/a               gold=n/a  correct=True  running‐acc=0.538
[ 332/600] loss=2.1633  pred=false  gold=n/a  running‐acc=0.780
Locality eval: pred=true              gold=true  correct=True  running‐acc=0.539
[ 333/600] loss=1.7821  pred=true   gold=true  running‐acc=0.781
Locality eval: pred=n/a               gold=n/a  correct=True  running‐acc=0.541
[ 334/600] loss=2.8784  pred=true   gold=n/a  running‐acc=0.778
Locality eval: pred=n/a               gold=true  correct=False  running‐acc=0.539
[ 335/600] loss=2.7113  pred=true   gold=true  running‐acc=0.779
Locality eval: pred=false             gold=n/a  correct=False  running‐acc=0.537
[ 336/600] loss=2.1232  pred=n/a    gold=n/a  running‐acc=0.780
Locality eval: pred=true              gold=true  correct=True  running‐acc=0.539
[ 337/600] loss=2.6859  pred=n/a    gold=n/a  running‐acc=0.780
Locality eval: pred=n/a               gold=true  correct=False  running‐acc=0.537
[ 338/600] loss=2.0252  pred=false  gold=n/a  running‐acc=0.778
Locality eval: pred=true              gold=true  correct=True  running‐acc=0.538
[ 339/600] loss=2.2253  pred=n/a    gold=n/a  running‐acc=0.779
Locality eval: pred=n/a               gold=true  correct=False  running‐acc=0.537
[ 340/600] loss=2.0595  pred=n/a    gold=n/a  running‐acc=0.779
Locality eval: pred=true              gold=true  correct=True  running‐acc=0.538
[ 341/600] loss=2.8059  pred=       gold=true  running‐acc=0.777
Locality eval: pred=                  gold=n/a  correct=False  running‐acc=0.537
[ 342/600] loss=2.1562  pred=true   gold=true  running‐acc=0.778
Locality eval: pred=n/a               gold=n/a  correct=True  running‐acc=0.538
[ 343/600] loss=0.7469  pred=true   gold=n/a  running‐acc=0.776
Locality eval: pred=true              gold=true  correct=True  running‐acc=0.539
[ 344/600] loss=2.6184  pred=true   gold=true  running‐acc=0.776
Locality eval: pred=n/a               gold=n/a  correct=True  running‐acc=0.541
[ 345/600] loss=1.7789  pred=false  gold=n/a  running‐acc=0.774
Locality eval: pred=true              gold=true  correct=True  running‐acc=0.542
[ 346/600] loss=2.4231  pred=true   gold=true  running‐acc=0.775
Locality eval: pred=                  gold=n/a  correct=False  running‐acc=0.540
[ 347/600] loss=1.8005  pred=n/a    gold=n/a  running‐acc=0.775
Locality eval: pred=n/a               gold=true  correct=False  running‐acc=0.539
[ 348/600] loss=2.1217  pred=n/a    gold=n/a  running‐acc=0.776
Locality eval: pred=true              gold=true  correct=True  running‐acc=0.540
[ 349/600] loss=2.4241  pred=n/a    gold=n/a  running‐acc=0.777
Locality eval: pred=true              gold=true  correct=True  running‐acc=0.542
[ 350/600] loss=2.1070  pred=n/a    gold=n/a  running‐acc=0.777
Locality eval: pred=n/a               gold=true  correct=False  running‐acc=0.540
[ 351/600] loss=2.1907  pred=n/a    gold=n/a  running‐acc=0.778
Locality eval: pred=n/a               gold=true  correct=False  running‐acc=0.538
[ 352/600] loss=2.3576  pred=n/a    gold=n/a  running‐acc=0.778
Locality eval: pred=true              gold=true  correct=True  running‐acc=0.540
[ 353/600] loss=2.0146  pred=n/a    gold=n/a  running‐acc=0.779
Locality eval: pred=n/a               gold=true  correct=False  running‐acc=0.538
[ 354/600] loss=2.9652  pred=       gold=true  running‐acc=0.777
Locality eval: pred=n/a               gold=n/a  correct=True  running‐acc=0.540
[ 355/600] loss=2.3963  pred=true   gold=true  running‐acc=0.777
Locality eval: pred=true              gold=n/a  correct=False  running‐acc=0.538
[ 356/600] loss=2.5111  pred=true   gold=true  running‐acc=0.778
Locality eval: pred=n/a               gold=n/a  correct=True  running‐acc=0.539
[ 357/600] loss=2.5429  pred=n/a    gold=true  running‐acc=0.776
Locality eval: pred=n/a               gold=n/a  correct=True  running‐acc=0.541
[ 358/600] loss=2.9603  pred=true   gold=true  running‐acc=0.777
Locality eval: pred=n/a               gold=n/a  correct=True  running‐acc=0.542
[ 359/600] loss=2.3328  pred=true   gold=true  running‐acc=0.777
Locality eval: pred=                  gold=n/a  correct=False  running‐acc=0.540
[ 360/600] loss=2.3661  pred=n/a    gold=n/a  running‐acc=0.778
Locality eval: pred=n/a               gold=true  correct=False  running‐acc=0.539
[ 361/600] loss=2.7329  pred=true   gold=true  running‐acc=0.778
Locality eval: pred=n/a               gold=n/a  correct=True  running‐acc=0.540
[ 362/600] loss=2.8156  pred=true   gold=true  running‐acc=0.779
Locality eval: pred=n/a               gold=n/a  correct=True  running‐acc=0.541
[ 363/600] loss=2.0130  pred=n/a    gold=n/a  running‐acc=0.780
Locality eval: pred=true              gold=true  correct=True  running‐acc=0.543
[ 364/600] loss=3.4170  pred=true   gold=true  running‐acc=0.780
Locality eval: pred=n/a               gold=n/a  correct=True  running‐acc=0.544
[ 365/600] loss=2.9230  pred=true   gold=true  running‐acc=0.781
Locality eval: pred=                  gold=n/a  correct=False  running‐acc=0.542
[ 366/600] loss=2.3823  pred=true   gold=n/a  running‐acc=0.779
Locality eval: pred=true              gold=true  correct=True  running‐acc=0.544
[ 367/600] loss=2.3232  pred=n/a    gold=n/a  running‐acc=0.779
Locality eval: pred=true              gold=true  correct=True  running‐acc=0.545
[ 368/600] loss=2.5240  pred=n/a    gold=true  running‐acc=0.777
Locality eval: pred=n/a               gold=n/a  correct=True  running‐acc=0.546
[ 369/600] loss=2.3535  pred=n/a    gold=n/a  running‐acc=0.778
Locality eval: pred=true              gold=true  correct=True  running‐acc=0.547
[ 370/600] loss=2.2627  pred=n/a    gold=n/a  running‐acc=0.778
Locality eval: pred=n/a               gold=true  correct=False  running‐acc=0.546
[ 371/600] loss=2.3118  pred=true   gold=true  running‐acc=0.779
Locality eval: pred=n/a               gold=n/a  correct=True  running‐acc=0.547
[ 372/600] loss=2.7210  pred=true   gold=true  running‐acc=0.780
Locality eval: pred=false.            gold=n/a  correct=False  running‐acc=0.546
[ 373/600] loss=2.2302  pred=n/a    gold=true  running‐acc=0.777
Locality eval: pred=n/a               gold=n/a  correct=True  running‐acc=0.547
[ 374/600] loss=2.0945  pred=n/a    gold=n/a  running‐acc=0.778
Locality eval: pred=true              gold=true  correct=True  running‐acc=0.548
[ 375/600] loss=2.3534  pred=       gold=true  running‐acc=0.776
Locality eval: pred=true              gold=n/a  correct=False  running‐acc=0.547
[ 376/600] loss=2.5281  pred=true   gold=true  running‐acc=0.777
Locality eval: pred=n/a               gold=n/a  correct=True  running‐acc=0.548
[ 377/600] loss=2.8173  pred=true   gold=true  running‐acc=0.777
Locality eval: pred=n/a               gold=n/a  correct=True  running‐acc=0.549
[ 378/600] loss=3.5368  pred=       gold=true  running‐acc=0.775
Locality eval: pred=n/a               gold=n/a  correct=True  running‐acc=0.550
[ 379/600] loss=2.3652  pred=true   gold=true  running‐acc=0.776
Locality eval: pred=n/a               gold=n/a  correct=True  running‐acc=0.551
[ 380/600] loss=1.7867  pred=true   gold=true  running‐acc=0.776
Locality eval: pred=true              gold=n/a  correct=False  running‐acc=0.550
[ 381/600] loss=2.2396  pred=n/a    gold=n/a  running‐acc=0.777
Locality eval: pred=true              gold=true  correct=True  running‐acc=0.551
[ 382/600] loss=2.3057  pred=n/a    gold=n/a  running‐acc=0.777
Locality eval: pred=n/a               gold=true  correct=False  running‐acc=0.550
[ 383/600] loss=2.1587  pred=true.  gold=n/a  running‐acc=0.775
Locality eval: pred=n/a               gold=true  correct=False  running‐acc=0.548
[ 384/600] loss=2.4632  pred=n/a    gold=n/a  running‐acc=0.776
Locality eval: pred=n/a               gold=true  correct=False  running‐acc=0.547
[ 385/600] loss=3.3117  pred=true   gold=true  running‐acc=0.777
Locality eval: pred=true              gold=n/a  correct=False  running‐acc=0.545
[ 386/600] loss=2.4110  pred=n/a    gold=true  running‐acc=0.775
Locality eval: pred=n/a               gold=n/a  correct=True  running‐acc=0.547
[ 387/600] loss=2.0729  pred=n/a    gold=n/a  running‐acc=0.775
Locality eval: pred=n/a               gold=true  correct=False  running‐acc=0.545
[ 388/600] loss=2.9285  pred=       gold=true  running‐acc=0.773
Locality eval: pred=n/a               gold=n/a  correct=True  running‐acc=0.546
[ 389/600] loss=2.4375  pred=n/a    gold=n/a  running‐acc=0.774
Locality eval: pred=true              gold=true  correct=True  running‐acc=0.548
[ 390/600] loss=2.4144  pred=true   gold=true  running‐acc=0.774
Locality eval: pred=false             gold=n/a  correct=False  running‐acc=0.546
[ 391/600] loss=2.4674  pred=true   gold=true  running‐acc=0.775
Locality eval: pred=n/a               gold=n/a  correct=True  running‐acc=0.547
[ 392/600] loss=2.2638  pred=true   gold=n/a  running‐acc=0.773
Locality eval: pred=true              gold=true  correct=True  running‐acc=0.548
[ 393/600] loss=2.2279  pred=n/a    gold=n/a  running‐acc=0.774
Locality eval: pred=n/a               gold=true  correct=False  running‐acc=0.547
[ 394/600] loss=2.5452  pred=n/a    gold=n/a  running‐acc=0.774
Locality eval: pred=n/a               gold=true  correct=False  running‐acc=0.546
[ 395/600] loss=2.5750  pred=true   gold=true  running‐acc=0.775
Locality eval: pred=n/a               gold=n/a  correct=True  running‐acc=0.547
[ 396/600] loss=2.8773  pred=true   gold=true  running‐acc=0.775
Locality eval: pred=n/a               gold=n/a  correct=True  running‐acc=0.548
[ 397/600] loss=2.2104  pred=n/a    gold=n/a  running‐acc=0.776
Locality eval: pred=true              gold=true  correct=True  running‐acc=0.549
[ 398/600] loss=2.1392  pred=true   gold=true  running‐acc=0.776
Locality eval: pred=true              gold=n/a  correct=False  running‐acc=0.548
[ 399/600] loss=2.3803  pred=n/a    gold=n/a  running‐acc=0.777
Locality eval: pred=n/a               gold=true  correct=False  running‐acc=0.546
[ 400/600] loss=2.2993  pred=true   gold=true  running‐acc=0.777
Locality eval: pred=n/a               gold=n/a  correct=True  running‐acc=0.547
[ 401/600] loss=3.5763  pred=true   gold=true  running‐acc=0.778
Locality eval: pred=                  gold=n/a  correct=False  running‐acc=0.546
[ 402/600] loss=2.3190  pred=n/a    gold=n/a  running‐acc=0.779
Locality eval: pred=n/a               gold=true  correct=False  running‐acc=0.545
[ 403/600] loss=2.5457  pred=true   gold=true  running‐acc=0.779
Locality eval: pred=true              gold=n/a  correct=False  running‐acc=0.543
[ 404/600] loss=2.2392  pred=true   gold=true  running‐acc=0.780
Locality eval: pred=n/a               gold=n/a  correct=True  running‐acc=0.545
[ 405/600] loss=2.1209  pred=n/a    gold=n/a  running‐acc=0.780
Locality eval: pred=true              gold=true  correct=True  running‐acc=0.546
[ 406/600] loss=2.2773  pred=n/a    gold=n/a  running‐acc=0.781
Locality eval: pred=true              gold=true  correct=True  running‐acc=0.547
[ 407/600] loss=2.4898  pred=true   gold=true  running‐acc=0.781
Locality eval: pred=n/a               gold=n/a  correct=True  running‐acc=0.548
[ 408/600] loss=2.2277  pred=n/a    gold=n/a  running‐acc=0.782
Locality eval: pred=true              gold=true  correct=True  running‐acc=0.549
[ 409/600] loss=3.5769  pred=true   gold=true  running‐acc=0.782
Locality eval: pred=true              gold=n/a  correct=False  running‐acc=0.548
[ 410/600] loss=2.1841  pred=n/a    gold=n/a  running‐acc=0.783
Locality eval: pred=true              gold=true  correct=True  running‐acc=0.549
[ 411/600] loss=2.3125  pred=true   gold=true  running‐acc=0.783
Locality eval: pred=n/a               gold=n/a  correct=True  running‐acc=0.550
[ 412/600] loss=1.9651  pred=true   gold=true  running‐acc=0.784
Locality eval: pred=true.             gold=n/a  correct=False  running‐acc=0.549
[ 413/600] loss=2.5029  pred=true   gold=true  running‐acc=0.785
Locality eval: pred=n/a               gold=n/a  correct=True  running‐acc=0.550
[ 414/600] loss=2.3478  pred=true   gold=true  running‐acc=0.785
Locality eval: pred=                  gold=n/a  correct=False  running‐acc=0.548
[ 415/600] loss=2.3773  pred=n/a    gold=n/a  running‐acc=0.786
Locality eval: pred=n/a               gold=true  correct=False  running‐acc=0.547
[ 416/600] loss=2.7635  pred=true   gold=true  running‐acc=0.786
Locality eval: pred=true              gold=n/a  correct=False  running‐acc=0.546
[ 417/600] loss=2.2478  pred=n/a    gold=n/a  running‐acc=0.787
Locality eval: pred=n/a               gold=true  correct=False  running‐acc=0.544
[ 418/600] loss=2.3584  pred=n/a    gold=n/a  running‐acc=0.787
Locality eval: pred=n/a               gold=true  correct=False  running‐acc=0.543
[ 419/600] loss=2.6799  pred=true   gold=true  running‐acc=0.788
Locality eval: pred=n/a               gold=n/a  correct=True  running‐acc=0.544
[ 420/600] loss=2.4733  pred=       gold=true  running‐acc=0.786
Locality eval: pred=n/a               gold=n/a  correct=True  running‐acc=0.545
[ 421/600] loss=2.4612  pred=true   gold=true  running‐acc=0.786
Locality eval: pred=n/a               gold=n/a  correct=True  running‐acc=0.546
[ 422/600] loss=3.3674  pred=true   gold=true  running‐acc=0.787
Locality eval: pred=                  gold=n/a  correct=False  running‐acc=0.545
[ 423/600] loss=2.6687  pred=       gold=true  running‐acc=0.785
Locality eval: pred=n/a               gold=n/a  correct=True  running‐acc=0.546
[ 424/600] loss=2.2419  pred=n/a    gold=n/a  running‐acc=0.785
Locality eval: pred=n/a               gold=true  correct=False  running‐acc=0.545
[ 425/600] loss=2.2673  pred=n/a    gold=n/a  running‐acc=0.786
Locality eval: pred=n/a               gold=true  correct=False  running‐acc=0.544
[ 426/600] loss=2.6480  pred=n/a    gold=n/a  running‐acc=0.786
Locality eval: pred=n/a               gold=true  correct=False  running‐acc=0.542
[ 427/600] loss=2.7565  pred=true   gold=true  running‐acc=0.787
Locality eval: pred=true              gold=n/a  correct=False  running‐acc=0.541
[ 428/600] loss=2.8408  pred=true   gold=true  running‐acc=0.787
Locality eval: pred=                  gold=n/a  correct=False  running‐acc=0.540
[ 429/600] loss=2.7546  pred=true   gold=true  running‐acc=0.788
Locality eval: pred=n/a               gold=n/a  correct=True  running‐acc=0.541
[ 430/600] loss=1.4891  pred=n/a    gold=n/a  running‐acc=0.788
Locality eval: pred=true              gold=true  correct=True  running‐acc=0.542
[ 431/600] loss=3.1416  pred=       gold=true  running‐acc=0.787
Locality eval: pred=n/a               gold=n/a  correct=True  running‐acc=0.543
[ 432/600] loss=3.3755  pred=true   gold=true  running‐acc=0.787
Locality eval: pred=n/a               gold=n/a  correct=True  running‐acc=0.544
[ 433/600] loss=2.6219  pred=n/a    gold=true  running‐acc=0.785
Locality eval: pred=n/a               gold=n/a  correct=True  running‐acc=0.545
[ 434/600] loss=2.2698  pred=n/a    gold=n/a  running‐acc=0.786
Locality eval: pred=true              gold=true  correct=True  running‐acc=0.546
[ 435/600] loss=2.2401  pred=n/a    gold=n/a  running‐acc=0.786
Locality eval: pred=true              gold=true  correct=True  running‐acc=0.547
[ 436/600] loss=2.9639  pred=true   gold=true  running‐acc=0.787
Locality eval: pred=true              gold=n/a  correct=False  running‐acc=0.546
[ 437/600] loss=2.1572  pred=true   gold=true  running‐acc=0.787
Locality eval: pred=n/a               gold=n/a  correct=True  running‐acc=0.547
[ 438/600] loss=2.0853  pred=n/a    gold=n/a  running‐acc=0.788
Locality eval: pred=true              gold=true  correct=True  running‐acc=0.548
[ 439/600] loss=2.0226  pred=true   gold=n/a  running‐acc=0.786
Locality eval: pred=true              gold=true  correct=True  running‐acc=0.549
[ 440/600] loss=2.9462  pred=true   gold=true  running‐acc=0.786
Locality eval: pred=true              gold=n/a  correct=False  running‐acc=0.548
[ 441/600] loss=2.7201  pred=n/a    gold=n/a  running‐acc=0.787
Locality eval: pred=true              gold=true  correct=True  running‐acc=0.549
[ 442/600] loss=2.9997  pred=true   gold=true  running‐acc=0.787
Locality eval: pred=                  gold=n/a  correct=False  running‐acc=0.548
[ 443/600] loss=3.6114  pred=true   gold=true  running‐acc=0.788
Locality eval: pred=n/a               gold=n/a  correct=True  running‐acc=0.549
[ 444/600] loss=2.8109  pred=       gold=true  running‐acc=0.786
Locality eval: pred=true              gold=n/a  correct=False  running‐acc=0.547
[ 445/600] loss=1.9891  pred=true   gold=true  running‐acc=0.787
Locality eval: pred=n/a               gold=n/a  correct=True  running‐acc=0.548
[ 446/600] loss=2.6021  pred=       gold=true  running‐acc=0.785
Locality eval: pred=false             gold=n/a  correct=False  running‐acc=0.547
[ 447/600] loss=2.0889  pred=true   gold=true  running‐acc=0.785
Locality eval: pred=n/a               gold=n/a  correct=True  running‐acc=0.548
[ 448/600] loss=2.4660  pred=true   gold=true  running‐acc=0.786
Locality eval: pred=n/a               gold=n/a  correct=True  running‐acc=0.549
[ 449/600] loss=3.1579  pred=true   gold=true  running‐acc=0.786
Locality eval: pred=true              gold=n/a  correct=False  running‐acc=0.548
[ 450/600] loss=2.2972  pred=n/a    gold=n/a  running‐acc=0.787
Locality eval: pred=true              gold=true  correct=True  running‐acc=0.549
[ 451/600] loss=2.9410  pred=true   gold=true  running‐acc=0.787
Locality eval: pred=n/a               gold=n/a  correct=True  running‐acc=0.550
[ 452/600] loss=2.7456  pred=n/a    gold=n/a  running‐acc=0.788
Locality eval: pred=n/a               gold=true  correct=False  running‐acc=0.549
[ 453/600] loss=1.7548  pred=n/a    gold=n/a  running‐acc=0.788
Locality eval: pred=n/a               gold=true  correct=False  running‐acc=0.547
[ 454/600] loss=1.7727  pred=n/a    gold=n/a  running‐acc=0.789
Locality eval: pred=true              gold=true  correct=True  running‐acc=0.548
[ 455/600] loss=2.9030  pred=       gold=true  running‐acc=0.787
Locality eval: pred=n/a               gold=n/a  correct=True  running‐acc=0.549
[ 456/600] loss=2.1912  pred=       gold=n/a  running‐acc=0.785
Locality eval: pred=n/a               gold=true  correct=False  running‐acc=0.548
[ 457/600] loss=2.4791  pred=n/a    gold=n/a  running‐acc=0.786
Locality eval: pred=n/a               gold=true  correct=False  running‐acc=0.547
[ 458/600] loss=2.3086  pred=n/a    gold=n/a  running‐acc=0.786
Locality eval: pred=                  gold=true  correct=False  running‐acc=0.546
[ 459/600] loss=2.8078  pred=true   gold=true  running‐acc=0.786
Locality eval: pred=n/a               gold=n/a  correct=True  running‐acc=0.547
[ 460/600] loss=1.8333  pred=true   gold=true  running‐acc=0.787
Locality eval: pred=true              gold=n/a  correct=False  running‐acc=0.546
[ 461/600] loss=2.2146  pred=n/a    gold=n/a  running‐acc=0.787
Locality eval: pred=n/a               gold=true  correct=False  running‐acc=0.544
[ 462/600] loss=1.7834  pred=n/a    gold=n/a  running‐acc=0.788
Locality eval: pred=true              gold=true  correct=True  running‐acc=0.545
[ 463/600] loss=2.8709  pred=true   gold=true  running‐acc=0.788
Locality eval: pred=n/a               gold=n/a  correct=True  running‐acc=0.546
[ 464/600] loss=2.2441  pred=       gold=n/a  running‐acc=0.787
Locality eval: pred=true              gold=true  correct=True  running‐acc=0.547
[ 465/600] loss=2.4358  pred=n/a    gold=n/a  running‐acc=0.787
Locality eval: pred=true              gold=true  correct=True  running‐acc=0.548
[ 466/600] loss=2.3536  pred=n/a    gold=n/a  running‐acc=0.788
Locality eval: pred=true              gold=true  correct=True  running‐acc=0.549
[ 467/600] loss=1.7732  pred=n/a    gold=n/a  running‐acc=0.788
Locality eval: pred=true              gold=true  correct=True  running‐acc=0.550
[ 468/600] loss=2.4398  pred=n/a    gold=n/a  running‐acc=0.788
Locality eval: pred=true              gold=true  correct=True  running‐acc=0.551
[ 469/600] loss=2.3195  pred=true   gold=true  running‐acc=0.789
Locality eval: pred=true              gold=n/a  correct=False  running‐acc=0.550
[ 470/600] loss=2.5580  pred=n/a.   gold=n/a  running‐acc=0.789
Locality eval: pred=n/a               gold=true  correct=False  running‐acc=0.549
[ 471/600] loss=2.2031  pred=n/a    gold=n/a  running‐acc=0.790
Locality eval: pred=true              gold=true  correct=True  running‐acc=0.550
[ 472/600] loss=2.5941  pred=true   gold=true  running‐acc=0.790
Locality eval: pred=true              gold=n/a  correct=False  running‐acc=0.549
[ 473/600] loss=2.0860  pred=n/a    gold=n/a  running‐acc=0.791
Locality eval: pred=true              gold=true  correct=True  running‐acc=0.550
[ 474/600] loss=2.6058  pred=true   gold=true  running‐acc=0.791
Locality eval: pred=n/a               gold=n/a  correct=True  running‐acc=0.551
[ 475/600] loss=2.4115  pred=n/a    gold=n/a  running‐acc=0.792
Locality eval: pred=n/a               gold=true  correct=False  running‐acc=0.549
[ 476/600] loss=2.8710  pred=       gold=true  running‐acc=0.790
Locality eval: pred=n/a               gold=n/a  correct=True  running‐acc=0.550
[ 477/600] loss=2.2118  pred=n/a    gold=n/a  running‐acc=0.790
Locality eval: pred=true              gold=true  correct=True  running‐acc=0.551
[ 478/600] loss=2.0686  pred=true   gold=true  running‐acc=0.791
Locality eval: pred=n/a               gold=n/a  correct=True  running‐acc=0.552
[ 479/600] loss=1.8387  pred=n/a    gold=n/a  running‐acc=0.791
Locality eval: pred=true              gold=true  correct=True  running‐acc=0.553
[ 480/600] loss=2.0084  pred=false  gold=n/a  running‐acc=0.790
Locality eval: pred=true              gold=true  correct=True  running‐acc=0.554
[ 481/600] loss=2.3376  pred=n/a    gold=n/a  running‐acc=0.790
Locality eval: pred=true              gold=true  correct=True  running‐acc=0.555
[ 482/600] loss=2.0274  pred=true   gold=true  running‐acc=0.790
Locality eval: pred=                  gold=n/a  correct=False  running‐acc=0.554
[ 483/600] loss=2.2113  pred=n/a    gold=n/a  running‐acc=0.791
Locality eval: pred=n/a               gold=true  correct=False  running‐acc=0.553
[ 484/600] loss=2.2073  pred=n/a    gold=n/a  running‐acc=0.791
Locality eval: pred=true              gold=true  correct=True  running‐acc=0.554
[ 485/600] loss=2.7525  pred=n/a    gold=n/a  running‐acc=0.792
Locality eval: pred=n/a               gold=true  correct=False  running‐acc=0.553
[ 486/600] loss=2.2006  pred=n/a    gold=n/a  running‐acc=0.792
Locality eval: pred=true              gold=true  correct=True  running‐acc=0.553
[ 487/600] loss=2.0082  pred=n/a    gold=n/a  running‐acc=0.793
Locality eval: pred=true              gold=true  correct=True  running‐acc=0.554
[ 488/600] loss=2.0676  pred=n/a    gold=n/a  running‐acc=0.793
Locality eval: pred=                  gold=true  correct=False  running‐acc=0.553
[ 489/600] loss=2.3565  pred=n/a    gold=n/a  running‐acc=0.793
Locality eval: pred=n/a               gold=true  correct=False  running‐acc=0.552
[ 490/600] loss=1.9701  pred=       gold=n/a  running‐acc=0.792
Locality eval: pred=true              gold=true  correct=True  running‐acc=0.553
[ 491/600] loss=2.0024  pred=n/a    gold=n/a  running‐acc=0.792
Locality eval: pred=true              gold=true  correct=True  running‐acc=0.554
[ 492/600] loss=2.4325  pred=true   gold=true  running‐acc=0.793
Locality eval: pred=                  gold=n/a  correct=False  running‐acc=0.553
[ 493/600] loss=1.9036  pred=n/a    gold=n/a  running‐acc=0.793
Locality eval: pred=true              gold=true  correct=True  running‐acc=0.554
[ 494/600] loss=2.2954  pred=n/a    gold=n/a  running‐acc=0.794
Locality eval: pred=true              gold=true  correct=True  running‐acc=0.555
[ 495/600] loss=2.2189  pred=n/a    gold=n/a  running‐acc=0.794
Locality eval: pred=n/a               gold=true  correct=False  running‐acc=0.554
[ 496/600] loss=2.3533  pred=n/a    gold=n/a  running‐acc=0.794
Locality eval: pred=true              gold=true  correct=True  running‐acc=0.554
[ 497/600] loss=2.4167  pred=n/a    gold=true  running‐acc=0.793
Locality eval: pred=                  gold=n/a  correct=False  running‐acc=0.553
[ 498/600] loss=2.3548  pred=true   gold=true  running‐acc=0.793
Locality eval: pred=n/a               gold=n/a  correct=True  running‐acc=0.554
[ 499/600] loss=1.9246  pred=n/a    gold=n/a  running‐acc=0.794
Locality eval: pred=true              gold=true  correct=True  running‐acc=0.555
[ 500/600] loss=1.5040  pred=n/a    gold=n/a  running‐acc=0.794
Locality eval: pred=true              gold=true  correct=True  running‐acc=0.556
[ 501/600] loss=2.3789  pred=n/a    gold=n/a  running‐acc=0.794
Locality eval: pred=true              gold=true  correct=True  running‐acc=0.557
[ 502/600] loss=1.3382  pred=n/a    gold=n/a  running‐acc=0.795
Locality eval: pred=true              gold=true  correct=True  running‐acc=0.558
[ 503/600] loss=1.4905  pred=true   gold=true  running‐acc=0.795
Locality eval: pred=n/a               gold=n/a  correct=True  running‐acc=0.559
[ 504/600] loss=2.3496  pred=true   gold=true  running‐acc=0.796
Locality eval: pred=false             gold=n/a  correct=False  running‐acc=0.558
[ 505/600] loss=2.9525  pred=true   gold=true  running‐acc=0.796
Locality eval: pred=n/a               gold=n/a  correct=True  running‐acc=0.558
[ 506/600] loss=2.4301  pred=true   gold=true  running‐acc=0.796
Locality eval: pred=true              gold=n/a  correct=False  running‐acc=0.557
[ 507/600] loss=2.3574  pred=       gold=true  running‐acc=0.795
Locality eval: pred=false             gold=n/a  correct=False  running‐acc=0.556
[ 508/600] loss=2.1442  pred=true   gold=true  running‐acc=0.795
Locality eval: pred=n/a               gold=n/a  correct=True  running‐acc=0.557
[ 509/600] loss=3.1646  pred=true   gold=true  running‐acc=0.796
Locality eval: pred=n/a               gold=n/a  correct=True  running‐acc=0.558
[ 510/600] loss=2.9489  pred=true   gold=true  running‐acc=0.796
Locality eval: pred=true              gold=n/a  correct=False  running‐acc=0.557
[ 511/600] loss=2.0077  pred=n/a    gold=n/a  running‐acc=0.796
Locality eval: pred=n/a               gold=true  correct=False  running‐acc=0.556
[ 512/600] loss=1.8950  pred=n/a    gold=true  running‐acc=0.795
Locality eval: pred=                  gold=n/a  correct=False  running‐acc=0.555
[ 513/600] loss=2.4481  pred=n/a    gold=n/a  running‐acc=0.795
Locality eval: pred=true              gold=true  correct=True  running‐acc=0.556
[ 514/600] loss=2.7572  pred=true   gold=true  running‐acc=0.796
Locality eval: pred=n/a               gold=n/a  correct=True  running‐acc=0.556
[ 515/600] loss=1.8357  pred=n/a    gold=n/a  running‐acc=0.796
Locality eval: pred=n/a               gold=true  correct=False  running‐acc=0.555
[ 516/600] loss=2.2104  pred=n/a    gold=n/a  running‐acc=0.797
Locality eval: pred=true              gold=true  correct=True  running‐acc=0.556
[ 517/600] loss=1.7585  pred=true   gold=n/a  running‐acc=0.795
Locality eval: pred=n/a               gold=true  correct=False  running‐acc=0.555
[ 518/600] loss=2.2197  pred=n/a    gold=n/a  running‐acc=0.795
Locality eval: pred=true              gold=true  correct=True  running‐acc=0.556
[ 519/600] loss=2.5072  pred=true   gold=true  running‐acc=0.796
Locality eval: pred=n/a               gold=n/a  correct=True  running‐acc=0.557
[ 520/600] loss=2.9910  pred=true   gold=true  running‐acc=0.796
Locality eval: pred=n/a               gold=n/a  correct=True  running‐acc=0.558
[ 521/600] loss=1.9847  pred=true   gold=true  running‐acc=0.797
Locality eval: pred=n/a               gold=n/a  correct=True  running‐acc=0.559
[ 522/600] loss=2.4481  pred=true   gold=true  running‐acc=0.797
Locality eval: pred=n/a               gold=n/a  correct=True  running‐acc=0.559
[ 523/600] loss=2.5930  pred=n/a    gold=n/a  running‐acc=0.797
Locality eval: pred=n/a               gold=true  correct=False  running‐acc=0.558
[ 524/600] loss=2.0347  pred=true   gold=true  running‐acc=0.798
Locality eval: pred=true              gold=n/a  correct=False  running‐acc=0.557
[ 525/600] loss=2.1691  pred=true   gold=true  running‐acc=0.798
Locality eval: pred=true              gold=n/a  correct=False  running‐acc=0.556
[ 526/600] loss=2.1038  pred=true   gold=true  running‐acc=0.798
Locality eval: pred=n/a               gold=n/a  correct=True  running‐acc=0.557
[ 527/600] loss=1.8549  pred=n/a    gold=n/a  running‐acc=0.799
Locality eval: pred=true              gold=true  correct=True  running‐acc=0.558
[ 528/600] loss=2.8163  pred=       gold=true  running‐acc=0.797
Locality eval: pred=n/a               gold=n/a  correct=True  running‐acc=0.559
[ 529/600] loss=2.0991  pred=n/a    gold=n/a  running‐acc=0.798
Locality eval: pred=n/a               gold=true  correct=False  running‐acc=0.558
[ 530/600] loss=3.1513  pred=       gold=true  running‐acc=0.796
Locality eval: pred=n/a               gold=n/a  correct=True  running‐acc=0.558
[ 531/600] loss=2.5667  pred=n/a    gold=n/a  running‐acc=0.797
Locality eval: pred=n/a               gold=true  correct=False  running‐acc=0.557
[ 532/600] loss=2.8154  pred=true   gold=true  running‐acc=0.797
Locality eval: pred=true              gold=n/a  correct=False  running‐acc=0.556
[ 533/600] loss=2.2273  pred=n/a    gold=n/a  running‐acc=0.797
Locality eval: pred=n/a               gold=true  correct=False  running‐acc=0.555
[ 534/600] loss=2.8006  pred=true   gold=true  running‐acc=0.798
Locality eval: pred=n/a               gold=n/a  correct=True  running‐acc=0.556
[ 535/600] loss=2.0055  pred=true   gold=true  running‐acc=0.798
Locality eval: pred=n/a               gold=n/a  correct=True  running‐acc=0.557
[ 536/600] loss=2.8131  pred=true   gold=true  running‐acc=0.799
Locality eval: pred=n/a               gold=n/a  correct=True  running‐acc=0.558
[ 537/600] loss=2.1388  pred=false.  gold=n/a  running‐acc=0.797
Locality eval: pred=true              gold=true  correct=True  running‐acc=0.559
[ 538/600] loss=3.2110  pred=       gold=true  running‐acc=0.796
Locality eval: pred=n/a               gold=n/a  correct=True  running‐acc=0.559
[ 539/600] loss=2.6876  pred=true   gold=true  running‐acc=0.796
Locality eval: pred=true              gold=n/a  correct=False  running‐acc=0.558
[ 540/600] loss=2.5531  pred=n/a    gold=n/a  running‐acc=0.796
Locality eval: pred=n/a               gold=true  correct=False  running‐acc=0.557
[ 541/600] loss=2.5900  pred=n/a.   gold=n/a  running‐acc=0.797
Locality eval: pred=true              gold=true  correct=True  running‐acc=0.558
[ 542/600] loss=2.5848  pred=n/a    gold=n/a  running‐acc=0.797
Locality eval: pred=n/a               gold=true  correct=False  running‐acc=0.557
[ 543/600] loss=2.7447  pred=n/a    gold=n/a  running‐acc=0.797
Locality eval: pred=n/a               gold=true  correct=False  running‐acc=0.556
[ 544/600] loss=2.7517  pred=n/a    gold=n/a  running‐acc=0.798
Locality eval: pred=n/a               gold=true  correct=False  running‐acc=0.555
[ 545/600] loss=2.7203  pred=true   gold=true  running‐acc=0.798
Locality eval: pred=n/a               gold=n/a  correct=True  running‐acc=0.556
[ 546/600] loss=2.2215  pred=true   gold=n/a  running‐acc=0.797
Locality eval: pred=true              gold=true  correct=True  running‐acc=0.557
[ 547/600] loss=2.2464  pred=true   gold=true  running‐acc=0.797
Locality eval: pred=n/a               gold=n/a  correct=True  running‐acc=0.558
[ 548/600] loss=2.3454  pred=true   gold=true  running‐acc=0.797
Locality eval: pred=n/a               gold=n/a  correct=True  running‐acc=0.558
[ 549/600] loss=2.3018  pred=true   gold=true  running‐acc=0.798
Locality eval: pred=                  gold=n/a  correct=False  running‐acc=0.557
[ 550/600] loss=2.3570  pred=true   gold=n/a  running‐acc=0.796
Locality eval: pred=n/a               gold=true  correct=False  running‐acc=0.556
[ 551/600] loss=2.5086  pred=n/a    gold=true  running‐acc=0.795
Locality eval: pred=n/a               gold=n/a  correct=True  running‐acc=0.557
[ 552/600] loss=2.4322  pred=       gold=n/a  running‐acc=0.793
Locality eval: pred=true              gold=true  correct=True  running‐acc=0.558
[ 553/600] loss=2.2725  pred=n/a    gold=n/a  running‐acc=0.794
Locality eval: pred=n/a               gold=true  correct=False  running‐acc=0.557
[ 554/600] loss=2.4113  pred=true   gold=true  running‐acc=0.794
Locality eval: pred=n/a               gold=n/a  correct=True  running‐acc=0.558
[ 555/600] loss=2.1638  pred=n/a    gold=n/a  running‐acc=0.795
Locality eval: pred=true              gold=true  correct=True  running‐acc=0.559
[ 556/600] loss=2.3688  pred=n/a    gold=n/a  running‐acc=0.795
Locality eval: pred=n/a               gold=true  correct=False  running‐acc=0.558
[ 557/600] loss=2.2235  pred=n/a    gold=n/a  running‐acc=0.795
Locality eval: pred=n/a               gold=true  correct=False  running‐acc=0.557
[ 558/600] loss=2.9128  pred=true   gold=true  running‐acc=0.796
Locality eval: pred=n/a               gold=n/a  correct=True  running‐acc=0.557
[ 559/600] loss=2.5346  pred=true   gold=true  running‐acc=0.796
Locality eval: pred=false.            gold=n/a  correct=False  running‐acc=0.556
[ 560/600] loss=2.4234  pred=n/a    gold=n/a  running‐acc=0.796
Locality eval: pred=true              gold=true  correct=True  running‐acc=0.557
[ 561/600] loss=2.7801  pred=       gold=true  running‐acc=0.795
Locality eval: pred=                  gold=n/a  correct=False  running‐acc=0.556
[ 562/600] loss=2.4726  pred=n/a    gold=true  running‐acc=0.794
Locality eval: pred=n/a               gold=n/a  correct=True  running‐acc=0.557
[ 563/600] loss=2.1927  pred=n/a    gold=n/a  running‐acc=0.794
Locality eval: pred=true              gold=true  correct=True  running‐acc=0.558
[ 564/600] loss=2.9725  pred=       gold=true  running‐acc=0.793
Locality eval: pred=n/a               gold=n/a  correct=True  running‐acc=0.559
[ 565/600] loss=2.1754  pred=n/a    gold=n/a  running‐acc=0.793
Locality eval: pred=n/a               gold=true  correct=False  running‐acc=0.558
[ 566/600] loss=2.4172  pred=true   gold=true  running‐acc=0.793
Locality eval: pred=n/a               gold=n/a  correct=True  running‐acc=0.558
[ 567/600] loss=2.0293  pred=true   gold=true  running‐acc=0.794
Locality eval: pred=n/a               gold=n/a  correct=True  running‐acc=0.559
[ 568/600] loss=1.8340  pred=n/a    gold=n/a  running‐acc=0.794
Locality eval: pred=n/a               gold=true  correct=False  running‐acc=0.558
[ 569/600] loss=2.5995  pred=true   gold=true  running‐acc=0.794
Locality eval: pred=true              gold=n/a  correct=False  running‐acc=0.557
[ 570/600] loss=2.5706  pred=true   gold=true  running‐acc=0.795
Locality eval: pred=                  gold=n/a  correct=False  running‐acc=0.556
[ 571/600] loss=2.5933  pred=true   gold=true  running‐acc=0.795
Locality eval: pred=                  gold=n/a  correct=False  running‐acc=0.555
[ 572/600] loss=2.5270  pred=true   gold=true  running‐acc=0.795
Locality eval: pred=n/a               gold=n/a  correct=True  running‐acc=0.556
[ 573/600] loss=2.3483  pred=true   gold=true  running‐acc=0.796
Locality eval: pred=true              gold=n/a  correct=False  running‐acc=0.555
[ 574/600] loss=3.1377  pred=true   gold=true  running‐acc=0.796
Locality eval: pred=                  gold=n/a  correct=False  running‐acc=0.554
[ 575/600] loss=2.9111  pred=true   gold=true  running‐acc=0.797
Locality eval: pred=n/a               gold=n/a  correct=True  running‐acc=0.555
[ 576/600] loss=2.4760  pred=n/a    gold=true  running‐acc=0.795
Locality eval: pred=n/a               gold=n/a  correct=True  running‐acc=0.556
[ 577/600] loss=1.8009  pred=true   gold=true  running‐acc=0.795
Locality eval: pred=true              gold=n/a  correct=False  running‐acc=0.555
[ 578/600] loss=2.2476  pred=n/a    gold=n/a  running‐acc=0.796
Locality eval: pred=true              gold=true  correct=True  running‐acc=0.555
[ 579/600] loss=1.9779  pred=       gold=true  running‐acc=0.794
Locality eval: pred=n/a               gold=n/a  correct=True  running‐acc=0.556
[ 580/600] loss=2.1502  pred=n/a    gold=n/a  running‐acc=0.795
Locality eval: pred=n/a               gold=true  correct=False  running‐acc=0.555
[ 581/600] loss=2.1206  pred=n/a    gold=n/a  running‐acc=0.795
Locality eval: pred=true              gold=true  correct=True  running‐acc=0.556
[ 582/600] loss=2.4575  pred=n/a    gold=n/a  running‐acc=0.796
Locality eval: pred=true              gold=true  correct=True  running‐acc=0.557
[ 583/600] loss=2.2483  pred=n/a    gold=n/a  running‐acc=0.796
Locality eval: pred=n/a               gold=true  correct=False  running‐acc=0.556
[ 584/600] loss=2.1677  pred=n/a    gold=n/a  running‐acc=0.796
Locality eval: pred=n/a               gold=true  correct=False  running‐acc=0.555
[ 585/600] loss=2.2249  pred=false  gold=n/a  running‐acc=0.795
Locality eval: pred=true              gold=true  correct=True  running‐acc=0.556
[ 586/600] loss=1.7839  pred=n/a    gold=n/a  running‐acc=0.795
Locality eval: pred=true              gold=true  correct=True  running‐acc=0.556
[ 587/600] loss=2.1838  pred=true   gold=true  running‐acc=0.796
Locality eval: pred=n/a               gold=n/a  correct=True  running‐acc=0.557
[ 588/600] loss=2.7376  pred=true   gold=true  running‐acc=0.796
Locality eval: pred=n/a               gold=n/a  correct=True  running‐acc=0.558
[ 589/600] loss=2.9442  pred=true   gold=true  running‐acc=0.796
Locality eval: pred=                  gold=n/a  correct=False  running‐acc=0.557
[ 590/600] loss=2.8559  pred=true   gold=true  running‐acc=0.797
Locality eval: pred=n/a               gold=n/a  correct=True  running‐acc=0.558
[ 591/600] loss=2.3743  pred=       gold=true  running‐acc=0.795
Locality eval: pred=n/a               gold=n/a  correct=True  running‐acc=0.558
[ 592/600] loss=2.1924  pred=n/a    gold=n/a  running‐acc=0.796
Locality eval: pred=n/a               gold=true  correct=False  running‐acc=0.557
[ 593/600] loss=3.2133  pred=true   gold=true  running‐acc=0.796
Locality eval: pred=n/a               gold=n/a  correct=True  running‐acc=0.558
[ 594/600] loss=1.7799  pred=true   gold=n/a  running‐acc=0.795
Locality eval: pred=true              gold=true  correct=True  running‐acc=0.559
[ 595/600] loss=2.0046  pred=true   gold=true  running‐acc=0.795
Locality eval: pred=n/a               gold=n/a  correct=True  running‐acc=0.560
[ 596/600] loss=2.0650  pred=true   gold=n/a  running‐acc=0.794
Locality eval: pred=true              gold=true  correct=True  running‐acc=0.560
[ 597/600] loss=2.5587  pred=n/a    gold=n/a  running‐acc=0.794
Locality eval: pred=n/a               gold=true  correct=False  running‐acc=0.559
[ 598/600] loss=2.6526  pred=false  gold=true  running‐acc=0.793
Locality eval: pred=true              gold=n/a  correct=False  running‐acc=0.559
[ 599/600] loss=2.7597  pred=n/a    gold=true  running‐acc=0.791
Locality eval: pred=n/a               gold=n/a  correct=True  running‐acc=0.559
[ 600/600] loss=1.9871  pred=true   gold=n/a  running‐acc=0.790
Locality eval: pred=true              gold=true  correct=True  running‐acc=0.560

Finished in 589.8s.  Final accuracy: 0.790.

