
Loading base model (4‐bit)…
Loading checkpoint shards:   0%|          | 0/2 [00:00<?, ?it/s]Loading checkpoint shards: 100%|██████████| 2/2 [00:00<00:00, 33.32it/s]
trainable params: 8,388,608 || all params: 6,746,804,224 || trainable%: 0.1243
  0%|          | 0/600 [00:00<?, ?it/s]100%|██████████| 600/600 [00:00<00:00, 30620.20it/s]
/project/uvadm/zhenyu/miniconda3/envs/mechanistic/lib/python3.10/site-packages/transformers/generation/configuration_utils.py:631: UserWarning: `do_sample` is set to `False`. However, `temperature` is set to `0.6` -- this flag is only used in sample-based generation modes. You should set `do_sample=True` or unset `temperature`.
  warnings.warn(
/project/uvadm/zhenyu/miniconda3/envs/mechanistic/lib/python3.10/site-packages/transformers/generation/configuration_utils.py:636: UserWarning: `do_sample` is set to `False`. However, `top_p` is set to `0.9` -- this flag is only used in sample-based generation modes. You should set `do_sample=True` or unset `top_p`.
  warnings.warn(
Loaded 600 (train, eval) pairs.

Starting sequential training…
Cached 128 LoRA tensors.
[   1/600] loss=3.6561  pred=true   gold=true  running‐acc=1.000
Locality eval: pred=n/a               gold=n/a  correct=True  running‐acc=1.000
[   2/600] loss=3.7471  pred=true.  gold=true  running‐acc=1.000
Locality eval: pred=n/a               gold=n/a  correct=True  running‐acc=1.000
[   3/600] loss=3.5151  pred=true   gold=true  running‐acc=1.000
Locality eval: pred=n/a               gold=n/a  correct=True  running‐acc=1.000
[   4/600] loss=4.4589  pred=true   gold=true  running‐acc=1.000
Locality eval: pred=n/a               gold=n/a  correct=True  running‐acc=1.000
[   5/600] loss=3.7476  pred=true   gold=true  running‐acc=1.000
Locality eval: pred=n/a               gold=n/a  correct=True  running‐acc=1.000
[   6/600] loss=4.8971  pred=n/a    gold=true  running‐acc=0.833
Locality eval: pred=true              gold=n/a  correct=False  running‐acc=0.833
[   7/600] loss=3.6312  pred=true   gold=n/a  running‐acc=0.714
Locality eval: pred=true.             gold=true  correct=True  running‐acc=0.857
[   8/600] loss=3.1058  pred=n/a    gold=n/a  running‐acc=0.750
Locality eval: pred=true              gold=true  correct=True  running‐acc=0.875
[   9/600] loss=3.6779  pred=n/a    gold=true  running‐acc=0.667
Locality eval: pred=n/a               gold=n/a  correct=True  running‐acc=0.889
[  10/600] loss=3.4613  pred=true.  gold=true  running‐acc=0.700
Locality eval: pred=n/a               gold=n/a  correct=True  running‐acc=0.900
[  11/600] loss=3.7583  pred=true   gold=true  running‐acc=0.727
Locality eval: pred=n/a               gold=n/a  correct=True  running‐acc=0.909
[  12/600] loss=4.0823  pred=true   gold=true  running‐acc=0.750
Locality eval: pred=n/a               gold=n/a  correct=True  running‐acc=0.917
[  13/600] loss=3.0788  pred=true   gold=n/a  running‐acc=0.692
Locality eval: pred=true.             gold=true  correct=True  running‐acc=0.923
[  14/600] loss=3.9157  pred=true   gold=n/a  running‐acc=0.643
Locality eval: pred=true              gold=true  correct=True  running‐acc=0.929
[  15/600] loss=3.3826  pred=false.  gold=true  running‐acc=0.600
Locality eval: pred=n/a               gold=n/a  correct=True  running‐acc=0.933
[  16/600] loss=2.9866  pred=n/a    gold=n/a  running‐acc=0.625
Locality eval: pred=true              gold=true  correct=True  running‐acc=0.938
[  17/600] loss=3.5316  pred=n/a    gold=n/a  running‐acc=0.647
Locality eval: pred=true              gold=true  correct=True  running‐acc=0.941
[  18/600] loss=3.3156  pred=true   gold=true  running‐acc=0.667
Locality eval: pred=n/a               gold=n/a  correct=True  running‐acc=0.944
[  19/600] loss=3.2816  pred=true   gold=true  running‐acc=0.684
Locality eval: pred=n/a               gold=n/a  correct=True  running‐acc=0.947
[  20/600] loss=3.3419  pred=false.  gold=n/a  running‐acc=0.650
Locality eval: pred=true              gold=true  correct=True  running‐acc=0.950
[  21/600] loss=3.2432  pred=false.  gold=n/a  running‐acc=0.619
Locality eval: pred=true.             gold=true  correct=True  running‐acc=0.952
[  22/600] loss=3.8019  pred=n/a    gold=n/a  running‐acc=0.636
Locality eval: pred=true.             gold=true  correct=True  running‐acc=0.955
[  23/600] loss=3.6234  pred=true   gold=n/a  running‐acc=0.609
Locality eval: pred=n/a               gold=true  correct=False  running‐acc=0.913
[  24/600] loss=3.0676  pred=true   gold=n/a  running‐acc=0.583
Locality eval: pred=true.             gold=true  correct=True  running‐acc=0.917
[  25/600] loss=5.2754  pred=true.  gold=true  running‐acc=0.600
Locality eval: pred=n/a               gold=n/a  correct=True  running‐acc=0.920
[  26/600] loss=3.3077  pred=n/a    gold=n/a  running‐acc=0.615
Locality eval: pred=true.             gold=true  correct=True  running‐acc=0.923
[  27/600] loss=3.2414  pred=false.  gold=n/a  running‐acc=0.593
Locality eval: pred=true.             gold=true  correct=True  running‐acc=0.926
[  28/600] loss=3.1449  pred=true   gold=n/a  running‐acc=0.571
Locality eval: pred=true.             gold=true  correct=True  running‐acc=0.929
[  29/600] loss=4.1130  pred=false.  gold=n/a  running‐acc=0.552
Locality eval: pred=true              gold=true  correct=True  running‐acc=0.931
[  30/600] loss=3.6375  pred=true.  gold=n/a  running‐acc=0.533
Locality eval: pred=true.             gold=true  correct=True  running‐acc=0.933
[  31/600] loss=3.3979  pred=true.  gold=true  running‐acc=0.548
Locality eval: pred=n/a               gold=n/a  correct=True  running‐acc=0.935
[  32/600] loss=3.5242  pred=n/a    gold=n/a  running‐acc=0.562
Locality eval: pred=true.             gold=true  correct=True  running‐acc=0.938
[  33/600] loss=3.4342  pred=n/a    gold=n/a  running‐acc=0.576
Locality eval: pred=true              gold=true  correct=True  running‐acc=0.939
[  34/600] loss=3.0322  pred=true.  gold=n/a  running‐acc=0.559
Locality eval: pred=true              gold=true  correct=True  running‐acc=0.941
[  35/600] loss=3.5105  pred=true   gold=true  running‐acc=0.571
Locality eval: pred=n/a               gold=n/a  correct=True  running‐acc=0.943
[  36/600] loss=2.9028  pred=n/a    gold=n/a  running‐acc=0.583
Locality eval: pred=true.             gold=true  correct=True  running‐acc=0.944
[  37/600] loss=3.7563  pred=true   gold=true  running‐acc=0.595
Locality eval: pred=n/a               gold=n/a  correct=True  running‐acc=0.946
[  38/600] loss=4.0187  pred=false.  gold=n/a  running‐acc=0.579
Locality eval: pred=true              gold=true  correct=True  running‐acc=0.947
[  39/600] loss=3.6960  pred=true   gold=true  running‐acc=0.590
Locality eval: pred=n/a               gold=n/a  correct=True  running‐acc=0.949
[  40/600] loss=3.9904  pred=true   gold=true  running‐acc=0.600
Locality eval: pred=n/a               gold=n/a  correct=True  running‐acc=0.950
[  41/600] loss=3.8348  pred=true   gold=true  running‐acc=0.610
Locality eval: pred=n/a               gold=n/a  correct=True  running‐acc=0.951
[  42/600] loss=3.4877  pred=n/a    gold=n/a  running‐acc=0.619
Locality eval: pred=n/a               gold=true  correct=False  running‐acc=0.929
[  43/600] loss=5.8245  pred=true.  gold=true  running‐acc=0.628
Locality eval: pred=n/a               gold=n/a  correct=True  running‐acc=0.930
[  44/600] loss=3.5737  pred=true.  gold=n/a  running‐acc=0.614
Locality eval: pred=true              gold=true  correct=True  running‐acc=0.932
[  45/600] loss=2.8801  pred=true   gold=n/a  running‐acc=0.600
Locality eval: pred=true.             gold=true  correct=True  running‐acc=0.933
[  46/600] loss=4.2499  pred=true.  gold=true  running‐acc=0.609
Locality eval: pred=n/a               gold=n/a  correct=True  running‐acc=0.935
[  47/600] loss=4.1923  pred=false.  gold=true  running‐acc=0.596
Locality eval: pred=n/a               gold=n/a  correct=True  running‐acc=0.936
[  48/600] loss=3.3510  pred=n/a    gold=n/a  running‐acc=0.604
Locality eval: pred=true.             gold=true  correct=True  running‐acc=0.938
[  49/600] loss=3.9730  pred=true.  gold=true  running‐acc=0.612
Locality eval: pred=n/a               gold=n/a  correct=True  running‐acc=0.939
[  50/600] loss=3.5721  pred=false.  gold=n/a  running‐acc=0.600
Locality eval: pred=true.             gold=true  correct=True  running‐acc=0.940
[  51/600] loss=4.4304  pred=true   gold=true  running‐acc=0.608
Locality eval: pred=n/a               gold=n/a  correct=True  running‐acc=0.941
[  52/600] loss=3.6973  pred=true   gold=true  running‐acc=0.615
Locality eval: pred=n/a               gold=n/a  correct=True  running‐acc=0.942
[  53/600] loss=3.7497  pred=false.  gold=n/a  running‐acc=0.604
Locality eval: pred=n/a               gold=true  correct=False  running‐acc=0.925
[  54/600] loss=3.9945  pred=true   gold=true  running‐acc=0.611
Locality eval: pred=n/a               gold=n/a  correct=True  running‐acc=0.926
[  55/600] loss=3.8881  pred=false.  gold=n/a  running‐acc=0.600
Locality eval: pred=true              gold=true  correct=True  running‐acc=0.927
[  56/600] loss=3.0763  pred=false.  gold=n/a  running‐acc=0.589
Locality eval: pred=true              gold=true  correct=True  running‐acc=0.929
[  57/600] loss=3.8933  pred=true   gold=true  running‐acc=0.596
Locality eval: pred=n/a               gold=n/a  correct=True  running‐acc=0.930
[  58/600] loss=3.8996  pred=true   gold=true  running‐acc=0.603
Locality eval: pred=n/a               gold=n/a  correct=True  running‐acc=0.931
[  59/600] loss=3.6774  pred=true.  gold=true  running‐acc=0.610
Locality eval: pred=n/a               gold=n/a  correct=True  running‐acc=0.932
[  60/600] loss=4.1155  pred=n/a    gold=true  running‐acc=0.600
Locality eval: pred=n/a               gold=n/a  correct=True  running‐acc=0.933
[  61/600] loss=3.4599  pred=true   gold=true  running‐acc=0.607
Locality eval: pred=n/a               gold=n/a  correct=True  running‐acc=0.934
[  62/600] loss=3.9975  pred=n/a    gold=true  running‐acc=0.597
Locality eval: pred=n/a               gold=n/a  correct=True  running‐acc=0.935
[  63/600] loss=3.5691  pred=false.  gold=n/a  running‐acc=0.587
Locality eval: pred=true.             gold=true  correct=True  running‐acc=0.937
[  64/600] loss=3.3336  pred=false.  gold=n/a  running‐acc=0.578
Locality eval: pred=true              gold=true  correct=True  running‐acc=0.938
[  65/600] loss=3.7899  pred=n/a    gold=n/a  running‐acc=0.585
Locality eval: pred=true.             gold=true  correct=True  running‐acc=0.938
[  66/600] loss=3.6394  pred=true   gold=true  running‐acc=0.591
Locality eval: pred=n/a               gold=n/a  correct=True  running‐acc=0.939
[  67/600] loss=4.0016  pred=true.  gold=true  running‐acc=0.597
Locality eval: pred=n/a               gold=n/a  correct=True  running‐acc=0.940
[  68/600] loss=4.0916  pred=true   gold=true  running‐acc=0.603
Locality eval: pred=n/a               gold=n/a  correct=True  running‐acc=0.941
[  69/600] loss=3.6832  pred=true.  gold=n/a  running‐acc=0.594
Locality eval: pred=true.             gold=true  correct=True  running‐acc=0.942
[  70/600] loss=3.5654  pred=n/a    gold=n/a  running‐acc=0.600
Locality eval: pred=true              gold=true  correct=True  running‐acc=0.943
[  71/600] loss=3.5041  pred=n/a    gold=n/a  running‐acc=0.606
Locality eval: pred=true.             gold=true  correct=True  running‐acc=0.944
[  72/600] loss=3.5666  pred=false.  gold=n/a  running‐acc=0.597
Locality eval: pred=true.             gold=true  correct=True  running‐acc=0.944
[  73/600] loss=4.3010  pred=true.  gold=true  running‐acc=0.603
Locality eval: pred=n/a               gold=n/a  correct=True  running‐acc=0.945
[  74/600] loss=3.7447  pred=false  gold=n/a  running‐acc=0.595
Locality eval: pred=true.             gold=true  correct=True  running‐acc=0.946
[  75/600] loss=3.7345  pred=true   gold=n/a  running‐acc=0.587
Locality eval: pred=true              gold=true  correct=True  running‐acc=0.947
[  76/600] loss=4.4475  pred=n/a    gold=true  running‐acc=0.579
Locality eval: pred=n/a               gold=n/a  correct=True  running‐acc=0.947
[  77/600] loss=4.2717  pred=true.  gold=true  running‐acc=0.584
Locality eval: pred=n/a               gold=n/a  correct=True  running‐acc=0.948
[  78/600] loss=3.3792  pred=false.  gold=n/a  running‐acc=0.577
Locality eval: pred=true              gold=true  correct=True  running‐acc=0.949
[  79/600] loss=4.0028  pred=true   gold=true  running‐acc=0.582
Locality eval: pred=n/a               gold=n/a  correct=True  running‐acc=0.949
[  80/600] loss=3.2287  pred=false.  gold=n/a  running‐acc=0.575
Locality eval: pred=true.             gold=true  correct=True  running‐acc=0.950
[  81/600] loss=3.9313  pred=n/a    gold=n/a  running‐acc=0.580
Locality eval: pred=true.             gold=true  correct=True  running‐acc=0.951
[  82/600] loss=3.9013  pred=true.  gold=true  running‐acc=0.585
Locality eval: pred=n/a               gold=n/a  correct=True  running‐acc=0.951
[  83/600] loss=4.2196  pred=true.  gold=n/a  running‐acc=0.578
Locality eval: pred=true.             gold=true  correct=True  running‐acc=0.952
[  84/600] loss=4.3572  pred=true.  gold=true  running‐acc=0.583
Locality eval: pred=n/a               gold=n/a  correct=True  running‐acc=0.952
[  85/600] loss=2.9622  pred=n/a    gold=n/a  running‐acc=0.588
Locality eval: pred=true              gold=true  correct=True  running‐acc=0.953
[  86/600] loss=3.2024  pred=n/a    gold=n/a  running‐acc=0.593
Locality eval: pred=true              gold=true  correct=True  running‐acc=0.953
[  87/600] loss=3.6586  pred=true.  gold=n/a  running‐acc=0.586
Locality eval: pred=true              gold=true  correct=True  running‐acc=0.954
[  88/600] loss=3.8066  pred=true   gold=true  running‐acc=0.591
Locality eval: pred=n/a               gold=n/a  correct=True  running‐acc=0.955
[  89/600] loss=3.4678  pred=true.  gold=true  running‐acc=0.596
Locality eval: pred=n/a               gold=n/a  correct=True  running‐acc=0.955
[  90/600] loss=3.2514  pred=true.  gold=n/a  running‐acc=0.589
Locality eval: pred=n/a               gold=true  correct=False  running‐acc=0.944
[  91/600] loss=3.3134  pred=true.  gold=n/a  running‐acc=0.582
Locality eval: pred=true              gold=true  correct=True  running‐acc=0.945
[  92/600] loss=3.3734  pred=false.  gold=true  running‐acc=0.576
Locality eval: pred=n/a               gold=n/a  correct=True  running‐acc=0.946
[  93/600] loss=2.9852  pred=n/a    gold=n/a  running‐acc=0.581
Locality eval: pred=true              gold=true  correct=True  running‐acc=0.946
[  94/600] loss=3.5875  pred=false.  gold=n/a  running‐acc=0.574
Locality eval: pred=true.             gold=true  correct=True  running‐acc=0.947
[  95/600] loss=3.9353  pred=true.  gold=true  running‐acc=0.579
Locality eval: pred=n/a               gold=n/a  correct=True  running‐acc=0.947
[  96/600] loss=3.0724  pred=n/a    gold=n/a  running‐acc=0.583
Locality eval: pred=true.             gold=true  correct=True  running‐acc=0.948
[  97/600] loss=2.8976  pred=false.  gold=n/a  running‐acc=0.577
Locality eval: pred=true.             gold=true  correct=True  running‐acc=0.948
[  98/600] loss=3.3570  pred=n/a    gold=n/a  running‐acc=0.582
Locality eval: pred=true.             gold=true  correct=True  running‐acc=0.949
[  99/600] loss=3.9583  pred=true   gold=true  running‐acc=0.586
Locality eval: pred=n/a               gold=n/a  correct=True  running‐acc=0.949
[ 100/600] loss=4.1009  pred=true.  gold=true  running‐acc=0.590
Locality eval: pred=n/a               gold=n/a  correct=True  running‐acc=0.950
[ 101/600] loss=3.4001  pred=n/a    gold=n/a  running‐acc=0.594
Locality eval: pred=true              gold=true  correct=True  running‐acc=0.950
[ 102/600] loss=4.0236  pred=false.  gold=true  running‐acc=0.588
Locality eval: pred=n/a               gold=n/a  correct=True  running‐acc=0.951
[ 103/600] loss=3.6933  pred=true.  gold=n/a  running‐acc=0.583
Locality eval: pred=true              gold=true  correct=True  running‐acc=0.951
[ 104/600] loss=3.7019  pred=n/a    gold=true  running‐acc=0.577
Locality eval: pred=n/a               gold=n/a  correct=True  running‐acc=0.952
[ 105/600] loss=4.6162  pred=false.  gold=true  running‐acc=0.571
Locality eval: pred=n/a               gold=n/a  correct=True  running‐acc=0.952
[ 106/600] loss=4.0561  pred=false.  gold=true  running‐acc=0.566
Locality eval: pred=n/a               gold=n/a  correct=True  running‐acc=0.953
[ 107/600] loss=5.0388  pred=false.  gold=true  running‐acc=0.561
Locality eval: pred=n/a               gold=n/a  correct=True  running‐acc=0.953
[ 108/600] loss=4.0035  pred=true   gold=true  running‐acc=0.565
Locality eval: pred=n/a               gold=n/a  correct=True  running‐acc=0.954
[ 109/600] loss=3.4909  pred=true   gold=true  running‐acc=0.569
Locality eval: pred=n/a               gold=n/a  correct=True  running‐acc=0.954
[ 110/600] loss=5.0092  pred=true.  gold=true  running‐acc=0.573
Locality eval: pred=n/a               gold=n/a  correct=True  running‐acc=0.955
[ 111/600] loss=4.0504  pred=true.  gold=true  running‐acc=0.577
Locality eval: pred=n/a               gold=n/a  correct=True  running‐acc=0.955
[ 112/600] loss=4.0592  pred=true   gold=true  running‐acc=0.580
Locality eval: pred=n/a               gold=n/a  correct=True  running‐acc=0.955
[ 113/600] loss=3.5854  pred=n/a    gold=n/a  running‐acc=0.584
Locality eval: pred=true              gold=true  correct=True  running‐acc=0.956
[ 114/600] loss=3.1251  pred=n/a    gold=n/a  running‐acc=0.588
Locality eval: pred=n/a               gold=true  correct=False  running‐acc=0.947
[ 115/600] loss=3.3667  pred=true   gold=n/a  running‐acc=0.583
Locality eval: pred=true.             gold=true  correct=True  running‐acc=0.948
[ 116/600] loss=3.4651  pred=true   gold=true  running‐acc=0.586
Locality eval: pred=n/a               gold=n/a  correct=True  running‐acc=0.948
[ 117/600] loss=3.1207  pred=false.  gold=n/a  running‐acc=0.581
Locality eval: pred=n/a               gold=true  correct=False  running‐acc=0.940
[ 118/600] loss=3.2800  pred=true   gold=n/a  running‐acc=0.576
Locality eval: pred=true.             gold=true  correct=True  running‐acc=0.941
[ 119/600] loss=4.0550  pred=n/a    gold=n/a  running‐acc=0.580
Locality eval: pred=true              gold=true  correct=True  running‐acc=0.941
[ 120/600] loss=2.6805  pred=false.  gold=n/a  running‐acc=0.575
Locality eval: pred=true.             gold=true  correct=True  running‐acc=0.942
[ 121/600] loss=4.2345  pred=true.  gold=true  running‐acc=0.579
Locality eval: pred=n/a               gold=n/a  correct=True  running‐acc=0.942
[ 122/600] loss=3.7110  pred=true.  gold=true  running‐acc=0.582
Locality eval: pred=n/a               gold=n/a  correct=True  running‐acc=0.943
[ 123/600] loss=3.4626  pred=false.  gold=n/a  running‐acc=0.577
Locality eval: pred=true              gold=true  correct=True  running‐acc=0.943
[ 124/600] loss=3.0686  pred=n/a    gold=n/a  running‐acc=0.581
Locality eval: pred=true.             gold=true  correct=True  running‐acc=0.944
[ 125/600] loss=4.1659  pred=n/a    gold=n/a  running‐acc=0.584
Locality eval: pred=true              gold=true  correct=True  running‐acc=0.944
[ 126/600] loss=3.8960  pred=true   gold=true  running‐acc=0.587
Locality eval: pred=n/a               gold=n/a  correct=True  running‐acc=0.944
[ 127/600] loss=3.4445  pred=true   gold=true  running‐acc=0.591
Locality eval: pred=n/a               gold=n/a  correct=True  running‐acc=0.945
[ 128/600] loss=3.3394  pred=n/a    gold=n/a  running‐acc=0.594
Locality eval: pred=true.             gold=true  correct=True  running‐acc=0.945
[ 129/600] loss=4.6060  pred=true.  gold=true  running‐acc=0.597
Locality eval: pred=n/a               gold=n/a  correct=True  running‐acc=0.946
[ 130/600] loss=4.1091  pred=false.  gold=n/a  running‐acc=0.592
Locality eval: pred=true.             gold=true  correct=True  running‐acc=0.946
[ 131/600] loss=3.9220  pred=true   gold=true  running‐acc=0.595
Locality eval: pred=n/a               gold=n/a  correct=True  running‐acc=0.947
[ 132/600] loss=3.0634  pred=n/a    gold=n/a  running‐acc=0.598
Locality eval: pred=true              gold=true  correct=True  running‐acc=0.947
[ 133/600] loss=3.6847  pred=n/a    gold=n/a  running‐acc=0.602
Locality eval: pred=true              gold=true  correct=True  running‐acc=0.947
[ 134/600] loss=4.0098  pred=true.  gold=true  running‐acc=0.604
Locality eval: pred=n/a               gold=n/a  correct=True  running‐acc=0.948
[ 135/600] loss=3.6717  pred=true   gold=true  running‐acc=0.607
Locality eval: pred=n/a               gold=n/a  correct=True  running‐acc=0.948
[ 136/600] loss=3.1444  pred=n/a    gold=n/a  running‐acc=0.610
Locality eval: pred=true              gold=true  correct=True  running‐acc=0.949
[ 137/600] loss=3.9876  pred=true   gold=true  running‐acc=0.613
Locality eval: pred=n/a               gold=n/a  correct=True  running‐acc=0.949
[ 138/600] loss=4.2728  pred=false.  gold=true  running‐acc=0.609
Locality eval: pred=true.             gold=n/a  correct=False  running‐acc=0.942
[ 139/600] loss=2.9682  pred=n/a    gold=n/a  running‐acc=0.612
Locality eval: pred=true              gold=true  correct=True  running‐acc=0.942
[ 140/600] loss=3.1475  pred=n/a    gold=n/a  running‐acc=0.614
Locality eval: pred=true.             gold=true  correct=True  running‐acc=0.943
[ 141/600] loss=3.4435  pred=false.  gold=n/a  running‐acc=0.610
Locality eval: pred=true.             gold=true  correct=True  running‐acc=0.943
[ 142/600] loss=2.8802  pred=n/a    gold=n/a  running‐acc=0.613
Locality eval: pred=n/a               gold=true  correct=False  running‐acc=0.937
[ 143/600] loss=3.3736  pred=true   gold=true  running‐acc=0.615
Locality eval: pred=n/a               gold=n/a  correct=True  running‐acc=0.937
[ 144/600] loss=4.1203  pred=true   gold=true  running‐acc=0.618
Locality eval: pred=n/a               gold=n/a  correct=True  running‐acc=0.938
[ 145/600] loss=3.7940  pred=true.  gold=true  running‐acc=0.621
Locality eval: pred=n/a               gold=n/a  correct=True  running‐acc=0.938
[ 146/600] loss=4.3528  pred=true.  gold=true  running‐acc=0.623
Locality eval: pred=n/a               gold=n/a  correct=True  running‐acc=0.938
[ 147/600] loss=3.5364  pred=n/a    gold=n/a  running‐acc=0.626
Locality eval: pred=true.             gold=true  correct=True  running‐acc=0.939
[ 148/600] loss=3.7945  pred=n/a    gold=true  running‐acc=0.622
Locality eval: pred=n/a               gold=n/a  correct=True  running‐acc=0.939
[ 149/600] loss=3.4649  pred=n/a    gold=n/a  running‐acc=0.624
Locality eval: pred=true              gold=true  correct=True  running‐acc=0.940
[ 150/600] loss=3.2343  pred=n/a    gold=n/a  running‐acc=0.627
Locality eval: pred=true              gold=true  correct=True  running‐acc=0.940
[ 151/600] loss=3.8332  pred=true   gold=true  running‐acc=0.629
Locality eval: pred=n/a               gold=n/a  correct=True  running‐acc=0.940
[ 152/600] loss=3.8731  pred=true   gold=true  running‐acc=0.632
Locality eval: pred=n/a               gold=n/a  correct=True  running‐acc=0.941
[ 153/600] loss=3.4743  pred=n/a    gold=n/a  running‐acc=0.634
Locality eval: pred=true.             gold=true  correct=True  running‐acc=0.941
[ 154/600] loss=3.0631  pred=true.  gold=n/a  running‐acc=0.630
Locality eval: pred=true.             gold=true  correct=True  running‐acc=0.942
[ 155/600] loss=3.5207  pred=true   gold=true  running‐acc=0.632
Locality eval: pred=n/a               gold=n/a  correct=True  running‐acc=0.942
[ 156/600] loss=3.2108  pred=false.  gold=n/a  running‐acc=0.628
Locality eval: pred=true.             gold=true  correct=True  running‐acc=0.942
[ 157/600] loss=4.2913  pred=true   gold=true  running‐acc=0.631
Locality eval: pred=n/a               gold=n/a  correct=True  running‐acc=0.943
[ 158/600] loss=3.2052  pred=n/a    gold=n/a  running‐acc=0.633
Locality eval: pred=true.             gold=true  correct=True  running‐acc=0.943
[ 159/600] loss=3.4368  pred=n/a    gold=n/a  running‐acc=0.635
Locality eval: pred=true              gold=true  correct=True  running‐acc=0.943
[ 160/600] loss=4.2315  pred=n/a    gold=n/a  running‐acc=0.637
Locality eval: pred=true              gold=true  correct=True  running‐acc=0.944
[ 161/600] loss=4.0332  pred=false.  gold=true  running‐acc=0.634
Locality eval: pred=n/a               gold=n/a  correct=True  running‐acc=0.944
[ 162/600] loss=3.4920  pred=true.  gold=n/a  running‐acc=0.630
Locality eval: pred=true              gold=true  correct=True  running‐acc=0.944
[ 163/600] loss=2.9943  pred=n/a    gold=n/a  running‐acc=0.632
Locality eval: pred=true              gold=true  correct=True  running‐acc=0.945
[ 164/600] loss=3.4177  pred=n/a    gold=n/a  running‐acc=0.634
Locality eval: pred=true.             gold=true  correct=True  running‐acc=0.945
[ 165/600] loss=3.7583  pred=true   gold=true  running‐acc=0.636
Locality eval: pred=n/a               gold=n/a  correct=True  running‐acc=0.945
[ 166/600] loss=3.6076  pred=true.  gold=true  running‐acc=0.639
Locality eval: pred=n/a               gold=n/a  correct=True  running‐acc=0.946
[ 167/600] loss=3.8282  pred=n/a    gold=n/a  running‐acc=0.641
Locality eval: pred=true              gold=true  correct=True  running‐acc=0.946
[ 168/600] loss=3.7135  pred=n/a    gold=true  running‐acc=0.637
Locality eval: pred=n/a               gold=n/a  correct=True  running‐acc=0.946
[ 169/600] loss=3.1504  pred=false.  gold=n/a  running‐acc=0.633
Locality eval: pred=true.             gold=true  correct=True  running‐acc=0.947
[ 170/600] loss=3.4940  pred=n/a    gold=n/a  running‐acc=0.635
Locality eval: pred=true.             gold=true  correct=True  running‐acc=0.947
[ 171/600] loss=3.0399  pred=false.  gold=n/a  running‐acc=0.632
Locality eval: pred=true.             gold=true  correct=True  running‐acc=0.947
[ 172/600] loss=3.7868  pred=true.  gold=true  running‐acc=0.634
Locality eval: pred=n/a               gold=n/a  correct=True  running‐acc=0.948
[ 173/600] loss=3.5539  pred=false.  gold=n/a  running‐acc=0.630
Locality eval: pred=true              gold=true  correct=True  running‐acc=0.948
[ 174/600] loss=4.2192  pred=true.  gold=true  running‐acc=0.632
Locality eval: pred=n/a               gold=n/a  correct=True  running‐acc=0.948
[ 175/600] loss=4.0687  pred=true   gold=true  running‐acc=0.634
Locality eval: pred=n/a               gold=n/a  correct=True  running‐acc=0.949
[ 176/600] loss=4.1678  pred=false.  gold=n/a  running‐acc=0.631
Locality eval: pred=true.             gold=true  correct=True  running‐acc=0.949
[ 177/600] loss=4.9302  pred=true.  gold=true  running‐acc=0.633
Locality eval: pred=n/a               gold=n/a  correct=True  running‐acc=0.949
[ 178/600] loss=4.2311  pred=false.  gold=n/a  running‐acc=0.629
Locality eval: pred=true.             gold=true  correct=True  running‐acc=0.949
[ 179/600] loss=3.5301  pred=true.  gold=n/a  running‐acc=0.626
Locality eval: pred=true              gold=true  correct=True  running‐acc=0.950
[ 180/600] loss=3.6688  pred=n/a    gold=true  running‐acc=0.622
Locality eval: pred=n/a               gold=n/a  correct=True  running‐acc=0.950
[ 181/600] loss=3.6584  pred=false.  gold=n/a  running‐acc=0.619
Locality eval: pred=true              gold=true  correct=True  running‐acc=0.950
[ 182/600] loss=2.8115  pred=n/a    gold=n/a  running‐acc=0.621
Locality eval: pred=true              gold=true  correct=True  running‐acc=0.951
[ 183/600] loss=4.3839  pred=true.  gold=true  running‐acc=0.623
Locality eval: pred=n/a               gold=n/a  correct=True  running‐acc=0.951
[ 184/600] loss=4.0757  pred=false.  gold=true  running‐acc=0.620
Locality eval: pred=n/a               gold=n/a  correct=True  running‐acc=0.951
[ 185/600] loss=4.5249  pred=true   gold=true  running‐acc=0.622
Locality eval: pred=n/a               gold=n/a  correct=True  running‐acc=0.951
[ 186/600] loss=4.2594  pred=true   gold=true  running‐acc=0.624
Locality eval: pred=n/a               gold=n/a  correct=True  running‐acc=0.952
[ 187/600] loss=3.0623  pred=n/a    gold=n/a  running‐acc=0.626
Locality eval: pred=true              gold=true  correct=True  running‐acc=0.952
[ 188/600] loss=3.5334  pred=n/a    gold=n/a  running‐acc=0.628
Locality eval: pred=true              gold=true  correct=True  running‐acc=0.952
[ 189/600] loss=3.0640  pred=true   gold=true  running‐acc=0.630
Locality eval: pred=n/a               gold=n/a  correct=True  running‐acc=0.952
[ 190/600] loss=3.0846  pred=true.  gold=n/a  running‐acc=0.626
Locality eval: pred=n/a               gold=true  correct=False  running‐acc=0.947
[ 191/600] loss=3.1791  pred=n/a    gold=n/a  running‐acc=0.628
Locality eval: pred=true              gold=true  correct=True  running‐acc=0.948
[ 192/600] loss=4.5299  pred=true   gold=n/a  running‐acc=0.625
Locality eval: pred=true.             gold=true  correct=True  running‐acc=0.948
[ 193/600] loss=4.6025  pred=true.  gold=true  running‐acc=0.627
Locality eval: pred=n/a               gold=n/a  correct=True  running‐acc=0.948
[ 194/600] loss=3.7164  pred=n/a    gold=true  running‐acc=0.624
Locality eval: pred=n/a               gold=n/a  correct=True  running‐acc=0.948
[ 195/600] loss=3.5049  pred=true.  gold=true  running‐acc=0.626
Locality eval: pred=n/a               gold=n/a  correct=True  running‐acc=0.949
[ 196/600] loss=4.2235  pred=n/a    gold=true  running‐acc=0.622
Locality eval: pred=n/a               gold=n/a  correct=True  running‐acc=0.949
[ 197/600] loss=3.5682  pred=true   gold=true  running‐acc=0.624
Locality eval: pred=n/a               gold=n/a  correct=True  running‐acc=0.949
[ 198/600] loss=3.7562  pred=n/a    gold=n/a  running‐acc=0.626
Locality eval: pred=true.             gold=true  correct=True  running‐acc=0.949
[ 199/600] loss=4.7810  pred=true.  gold=true  running‐acc=0.628
Locality eval: pred=n/a               gold=n/a  correct=True  running‐acc=0.950
[ 200/600] loss=4.0226  pred=true   gold=true  running‐acc=0.630
Locality eval: pred=n/a               gold=n/a  correct=True  running‐acc=0.950
[ 201/600] loss=3.6604  pred=n/a    gold=n/a  running‐acc=0.632
Locality eval: pred=true              gold=true  correct=True  running‐acc=0.950
[ 202/600] loss=3.3193  pred=n/a    gold=n/a  running‐acc=0.634
Locality eval: pred=true.             gold=true  correct=True  running‐acc=0.950
[ 203/600] loss=4.4334  pred=true   gold=true  running‐acc=0.635
Locality eval: pred=n/a               gold=n/a  correct=True  running‐acc=0.951
[ 204/600] loss=2.3717  pred=true.  gold=n/a  running‐acc=0.632
Locality eval: pred=true.             gold=true  correct=True  running‐acc=0.951
[ 205/600] loss=4.4606  pred=true   gold=true  running‐acc=0.634
Locality eval: pred=n/a               gold=n/a  correct=True  running‐acc=0.951
[ 206/600] loss=3.1115  pred=n/a    gold=n/a  running‐acc=0.636
Locality eval: pred=true.             gold=true  correct=True  running‐acc=0.951
[ 207/600] loss=3.2409  pred=true   gold=n/a  running‐acc=0.633
Locality eval: pred=true.             gold=true  correct=True  running‐acc=0.952
[ 208/600] loss=3.1500  pred=true   gold=true  running‐acc=0.635
Locality eval: pred=n/a               gold=n/a  correct=True  running‐acc=0.952
[ 209/600] loss=3.3730  pred=false.  gold=n/a  running‐acc=0.632
Locality eval: pred=true              gold=true  correct=True  running‐acc=0.952
[ 210/600] loss=3.7949  pred=n/a    gold=n/a  running‐acc=0.633
Locality eval: pred=true              gold=true  correct=True  running‐acc=0.952
[ 211/600] loss=4.0842  pred=true   gold=true  running‐acc=0.635
Locality eval: pred=n/a               gold=n/a  correct=True  running‐acc=0.953
[ 212/600] loss=3.5937  pred=false.  gold=n/a  running‐acc=0.632
Locality eval: pred=true              gold=true  correct=True  running‐acc=0.953
[ 213/600] loss=4.7721  pred=false.  gold=true  running‐acc=0.629
Locality eval: pred=n/a               gold=n/a  correct=True  running‐acc=0.953
[ 214/600] loss=2.7757  pred=n/a    gold=n/a  running‐acc=0.631
Locality eval: pred=true.             gold=true  correct=True  running‐acc=0.953
[ 215/600] loss=3.9568  pred=true   gold=true  running‐acc=0.633
Locality eval: pred=n/a               gold=n/a  correct=True  running‐acc=0.953
[ 216/600] loss=3.1600  pred=n/a    gold=n/a  running‐acc=0.634
Locality eval: pred=true.             gold=true  correct=True  running‐acc=0.954
[ 217/600] loss=3.6231  pred=true   gold=true  running‐acc=0.636
Locality eval: pred=n/a               gold=n/a  correct=True  running‐acc=0.954
[ 218/600] loss=3.5236  pred=n/a    gold=n/a  running‐acc=0.638
Locality eval: pred=true.             gold=true  correct=True  running‐acc=0.954
[ 219/600] loss=4.2259  pred=true.  gold=true  running‐acc=0.639
Locality eval: pred=n/a               gold=n/a  correct=True  running‐acc=0.954
[ 220/600] loss=4.1028  pred=true   gold=n/a  running‐acc=0.636
Locality eval: pred=true.             gold=true  correct=True  running‐acc=0.955
[ 221/600] loss=3.4178  pred=false.  gold=n/a  running‐acc=0.633
Locality eval: pred=true.             gold=true  correct=True  running‐acc=0.955
[ 222/600] loss=4.3326  pred=n/a    gold=n/a  running‐acc=0.635
Locality eval: pred=true              gold=true  correct=True  running‐acc=0.955
[ 223/600] loss=3.7460  pred=n/a    gold=n/a  running‐acc=0.637
Locality eval: pred=true              gold=true  correct=True  running‐acc=0.955
[ 224/600] loss=3.9052  pred=false.  gold=n/a  running‐acc=0.634
Locality eval: pred=n/a               gold=true  correct=False  running‐acc=0.951
[ 225/600] loss=3.4820  pred=n/a    gold=n/a  running‐acc=0.636
Locality eval: pred=true              gold=true  correct=True  running‐acc=0.951
[ 226/600] loss=3.7017  pred=true.  gold=true  running‐acc=0.637
Locality eval: pred=n/a               gold=n/a  correct=True  running‐acc=0.951
[ 227/600] loss=3.3597  pred=true.  gold=n/a  running‐acc=0.634
Locality eval: pred=true              gold=true  correct=True  running‐acc=0.952
[ 228/600] loss=3.3493  pred=n/a    gold=n/a  running‐acc=0.636
Locality eval: pred=true              gold=true  correct=True  running‐acc=0.952
[ 229/600] loss=4.0451  pred=true   gold=n/a  running‐acc=0.633
Locality eval: pred=true              gold=true  correct=True  running‐acc=0.952
[ 230/600] loss=3.7223  pred=false.  gold=n/a  running‐acc=0.630
Locality eval: pred=true              gold=true  correct=True  running‐acc=0.952
[ 231/600] loss=3.0114  pred=true.  gold=n/a  running‐acc=0.628
Locality eval: pred=true              gold=true  correct=True  running‐acc=0.952
[ 232/600] loss=3.0602  pred=false.  gold=n/a  running‐acc=0.625
Locality eval: pred=true              gold=true  correct=True  running‐acc=0.953
[ 233/600] loss=5.3051  pred=true.  gold=true  running‐acc=0.627
Locality eval: pred=n/a               gold=n/a  correct=True  running‐acc=0.953
[ 234/600] loss=4.6205  pred=true   gold=true  running‐acc=0.628
Locality eval: pred=n/a               gold=n/a  correct=True  running‐acc=0.953
[ 235/600] loss=2.3864  pred=false.  gold=n/a  running‐acc=0.626
Locality eval: pred=true              gold=true  correct=True  running‐acc=0.953
[ 236/600] loss=3.0638  pred=n/a    gold=n/a  running‐acc=0.627
Locality eval: pred=true.             gold=true  correct=True  running‐acc=0.953
[ 237/600] loss=4.0444  pred=false.  gold=true  running‐acc=0.624
Locality eval: pred=n/a               gold=n/a  correct=True  running‐acc=0.954
[ 238/600] loss=3.2748  pred=true.  gold=n/a  running‐acc=0.622
Locality eval: pred=true              gold=true  correct=True  running‐acc=0.954
[ 239/600] loss=3.6161  pred=n/a    gold=n/a  running‐acc=0.623
Locality eval: pred=true              gold=true  correct=True  running‐acc=0.954
[ 240/600] loss=4.8024  pred=true.  gold=true  running‐acc=0.625
Locality eval: pred=n/a               gold=n/a  correct=True  running‐acc=0.954
[ 241/600] loss=4.3377  pred=false.  gold=n/a  running‐acc=0.622
Locality eval: pred=true              gold=true  correct=True  running‐acc=0.954
[ 242/600] loss=3.5772  pred=false.  gold=n/a  running‐acc=0.620
Locality eval: pred=true.             gold=true  correct=True  running‐acc=0.955
[ 243/600] loss=2.7828  pred=true   gold=n/a  running‐acc=0.617
Locality eval: pred=true              gold=true  correct=True  running‐acc=0.955
[ 244/600] loss=3.6303  pred=true.  gold=true  running‐acc=0.619
Locality eval: pred=n/a               gold=n/a  correct=True  running‐acc=0.955
[ 245/600] loss=4.0932  pred=false.  gold=true  running‐acc=0.616
Locality eval: pred=n/a               gold=n/a  correct=True  running‐acc=0.955
[ 246/600] loss=4.3613  pred=true.  gold=true  running‐acc=0.618
Locality eval: pred=n/a               gold=n/a  correct=True  running‐acc=0.955
[ 247/600] loss=3.2024  pred=true   gold=true  running‐acc=0.619
Locality eval: pred=n/a               gold=n/a  correct=True  running‐acc=0.955
[ 248/600] loss=4.2749  pred=true   gold=true  running‐acc=0.621
Locality eval: pred=n/a               gold=n/a  correct=True  running‐acc=0.956
[ 249/600] loss=3.1316  pred=n/a    gold=n/a  running‐acc=0.622
Locality eval: pred=true              gold=true  correct=True  running‐acc=0.956
[ 250/600] loss=3.3051  pred=true   gold=true  running‐acc=0.624
Locality eval: pred=n/a               gold=n/a  correct=True  running‐acc=0.956
[ 251/600] loss=3.1365  pred=true   gold=n/a  running‐acc=0.622
Locality eval: pred=true              gold=true  correct=True  running‐acc=0.956
[ 252/600] loss=3.5039  pred=n/a    gold=n/a  running‐acc=0.623
Locality eval: pred=n/a               gold=true  correct=False  running‐acc=0.952
[ 253/600] loss=4.1179  pred=true.  gold=true  running‐acc=0.625
Locality eval: pred=n/a               gold=n/a  correct=True  running‐acc=0.953
[ 254/600] loss=3.7028  pred=true   gold=true  running‐acc=0.626
Locality eval: pred=n/a               gold=n/a  correct=True  running‐acc=0.953
[ 255/600] loss=3.4706  pred=true   gold=n/a  running‐acc=0.624
Locality eval: pred=true              gold=true  correct=True  running‐acc=0.953
[ 256/600] loss=3.5782  pred=n/a    gold=n/a  running‐acc=0.625
Locality eval: pred=true.             gold=true  correct=True  running‐acc=0.953
[ 257/600] loss=3.6765  pred=n/a    gold=n/a  running‐acc=0.626
Locality eval: pred=n/a               gold=true  correct=False  running‐acc=0.949
[ 258/600] loss=3.6917  pred=n/a    gold=n/a  running‐acc=0.628
Locality eval: pred=true.             gold=true  correct=True  running‐acc=0.950
[ 259/600] loss=3.8076  pred=true.  gold=true  running‐acc=0.629
Locality eval: pred=n/a               gold=n/a  correct=True  running‐acc=0.950
[ 260/600] loss=3.9746  pred=true   gold=true  running‐acc=0.631
Locality eval: pred=n/a               gold=n/a  correct=True  running‐acc=0.950
[ 261/600] loss=5.2238  pred=true   gold=true  running‐acc=0.632
Locality eval: pred=n/a               gold=n/a  correct=True  running‐acc=0.950
[ 262/600] loss=3.5879  pred=true.  gold=true  running‐acc=0.634
Locality eval: pred=n/a               gold=n/a  correct=True  running‐acc=0.950
[ 263/600] loss=3.5351  pred=false.  gold=n/a  running‐acc=0.631
Locality eval: pred=true.             gold=true  correct=True  running‐acc=0.951
[ 264/600] loss=3.4344  pred=false.  gold=n/a  running‐acc=0.629
Locality eval: pred=true.             gold=true  correct=True  running‐acc=0.951
[ 265/600] loss=3.6212  pred=false.  gold=true  running‐acc=0.626
Locality eval: pred=n/a               gold=n/a  correct=True  running‐acc=0.951
[ 266/600] loss=3.7294  pred=false.  gold=n/a  running‐acc=0.624
Locality eval: pred=true              gold=true  correct=True  running‐acc=0.951
[ 267/600] loss=3.3402  pred=false.  gold=n/a  running‐acc=0.622
Locality eval: pred=true              gold=true  correct=True  running‐acc=0.951
[ 268/600] loss=3.0477  pred=true   gold=true  running‐acc=0.623
Locality eval: pred=n/a               gold=n/a  correct=True  running‐acc=0.951
[ 269/600] loss=3.4743  pred=n/a    gold=n/a  running‐acc=0.625
Locality eval: pred=true              gold=true  correct=True  running‐acc=0.952
[ 270/600] loss=3.4882  pred=true   gold=true  running‐acc=0.626
Locality eval: pred=n/a               gold=n/a  correct=True  running‐acc=0.952
[ 271/600] loss=3.0319  pred=n/a    gold=n/a  running‐acc=0.627
Locality eval: pred=true              gold=true  correct=True  running‐acc=0.952
[ 272/600] loss=3.8482  pred=n/a    gold=true  running‐acc=0.625
Locality eval: pred=n/a               gold=n/a  correct=True  running‐acc=0.952
[ 273/600] loss=3.3554  pred=false.  gold=n/a  running‐acc=0.623
Locality eval: pred=true              gold=true  correct=True  running‐acc=0.952
[ 274/600] loss=3.1979  pred=false.  gold=n/a  running‐acc=0.620
Locality eval: pred=true.             gold=true  correct=True  running‐acc=0.953
[ 275/600] loss=3.7695  pred=true   gold=true  running‐acc=0.622
Locality eval: pred=n/a               gold=n/a  correct=True  running‐acc=0.953
[ 276/600] loss=3.5962  pred=n/a    gold=n/a  running‐acc=0.623
Locality eval: pred=true              gold=true  correct=True  running‐acc=0.953
[ 277/600] loss=3.9901  pred=true   gold=true  running‐acc=0.625
Locality eval: pred=n/a               gold=n/a  correct=True  running‐acc=0.953
[ 278/600] loss=3.9398  pred=n/a    gold=n/a  running‐acc=0.626
Locality eval: pred=true              gold=true  correct=True  running‐acc=0.953
[ 279/600] loss=3.2929  pred=true   gold=true  running‐acc=0.627
Locality eval: pred=n/a               gold=n/a  correct=True  running‐acc=0.953
[ 280/600] loss=3.3757  pred=n/a    gold=n/a  running‐acc=0.629
Locality eval: pred=true.             gold=true  correct=True  running‐acc=0.954
[ 281/600] loss=3.8325  pred=true   gold=true  running‐acc=0.630
Locality eval: pred=n/a               gold=n/a  correct=True  running‐acc=0.954
[ 282/600] loss=3.9266  pred=true.  gold=true  running‐acc=0.631
Locality eval: pred=n/a               gold=n/a  correct=True  running‐acc=0.954
[ 283/600] loss=3.2537  pred=n/a    gold=n/a  running‐acc=0.633
Locality eval: pred=true              gold=true  correct=True  running‐acc=0.954
[ 284/600] loss=3.2539  pred=true.  gold=n/a  running‐acc=0.630
Locality eval: pred=true              gold=true  correct=True  running‐acc=0.954
[ 285/600] loss=5.0155  pred=true.  gold=true  running‐acc=0.632
Locality eval: pred=n/a               gold=n/a  correct=True  running‐acc=0.954
[ 286/600] loss=3.2051  pred=n/a    gold=n/a  running‐acc=0.633
Locality eval: pred=true              gold=true  correct=True  running‐acc=0.955
[ 287/600] loss=3.3691  pred=n/a    gold=n/a  running‐acc=0.634
Locality eval: pred=true              gold=true  correct=True  running‐acc=0.955
[ 288/600] loss=3.3693  pred=true.  gold=true  running‐acc=0.635
Locality eval: pred=n/a               gold=n/a  correct=True  running‐acc=0.955
[ 289/600] loss=3.2680  pred=true   gold=true  running‐acc=0.637
Locality eval: pred=n/a               gold=n/a  correct=True  running‐acc=0.955
[ 290/600] loss=3.3789  pred=n/a    gold=n/a  running‐acc=0.638
Locality eval: pred=true              gold=true  correct=True  running‐acc=0.955
[ 291/600] loss=3.9936  pred=true   gold=true  running‐acc=0.639
Locality eval: pred=n/a               gold=n/a  correct=True  running‐acc=0.955
[ 292/600] loss=4.0936  pred=n/a    gold=true  running‐acc=0.637
Locality eval: pred=n/a               gold=n/a  correct=True  running‐acc=0.955
[ 293/600] loss=5.8242  pred=true.  gold=true  running‐acc=0.638
Locality eval: pred=n/a               gold=n/a  correct=True  running‐acc=0.956
[ 294/600] loss=3.8918  pred=true.  gold=true  running‐acc=0.639
Locality eval: pred=n/a               gold=n/a  correct=True  running‐acc=0.956
[ 295/600] loss=3.4850  pred=true   gold=n/a  running‐acc=0.637
Locality eval: pred=true.             gold=true  correct=True  running‐acc=0.956
[ 296/600] loss=3.7703  pred=true.  gold=n/a  running‐acc=0.635
Locality eval: pred=true.             gold=true  correct=True  running‐acc=0.956
[ 297/600] loss=3.9011  pred=false.  gold=true  running‐acc=0.633
Locality eval: pred=n/a               gold=n/a  correct=True  running‐acc=0.956
[ 298/600] loss=3.8333  pred=true   gold=true  running‐acc=0.634
Locality eval: pred=n/a               gold=n/a  correct=True  running‐acc=0.956
[ 299/600] loss=3.8812  pred=n/a    gold=n/a  running‐acc=0.635
Locality eval: pred=true.             gold=true  correct=True  running‐acc=0.957
[ 300/600] loss=3.7372  pred=false.  gold=n/a  running‐acc=0.633
Locality eval: pred=n/a               gold=true  correct=False  running‐acc=0.953
[ 301/600] loss=4.8740  pred=false.  gold=true  running‐acc=0.631
Locality eval: pred=n/a               gold=n/a  correct=True  running‐acc=0.953
[ 302/600] loss=3.7533  pred=true.  gold=true  running‐acc=0.632
Locality eval: pred=n/a               gold=n/a  correct=True  running‐acc=0.954
[ 303/600] loss=3.1976  pred=true   gold=true  running‐acc=0.634
Locality eval: pred=n/a               gold=n/a  correct=True  running‐acc=0.954
[ 304/600] loss=3.6369  pred=true   gold=true  running‐acc=0.635
Locality eval: pred=n/a               gold=n/a  correct=True  running‐acc=0.954
[ 305/600] loss=4.2839  pred=false.  gold=true  running‐acc=0.633
Locality eval: pred=n/a               gold=n/a  correct=True  running‐acc=0.954
[ 306/600] loss=4.3348  pred=true   gold=true  running‐acc=0.634
Locality eval: pred=n/a               gold=n/a  correct=True  running‐acc=0.954
[ 307/600] loss=3.7971  pred=true.  gold=true  running‐acc=0.635
Locality eval: pred=n/a               gold=n/a  correct=True  running‐acc=0.954
[ 308/600] loss=3.6692  pred=true   gold=true  running‐acc=0.636
Locality eval: pred=n/a               gold=n/a  correct=True  running‐acc=0.955
[ 309/600] loss=3.6915  pred=true   gold=true  running‐acc=0.638
Locality eval: pred=n/a               gold=n/a  correct=True  running‐acc=0.955
[ 310/600] loss=3.8662  pred=n/a    gold=n/a  running‐acc=0.639
Locality eval: pred=true              gold=true  correct=True  running‐acc=0.955
[ 311/600] loss=3.8212  pred=true.  gold=true  running‐acc=0.640
Locality eval: pred=n/a               gold=n/a  correct=True  running‐acc=0.955
[ 312/600] loss=3.3689  pred=true   gold=true  running‐acc=0.641
Locality eval: pred=n/a               gold=n/a  correct=True  running‐acc=0.955
[ 313/600] loss=3.5347  pred=false.  gold=n/a  running‐acc=0.639
Locality eval: pred=true.             gold=true  correct=True  running‐acc=0.955
[ 314/600] loss=4.0138  pred=n/a    gold=n/a  running‐acc=0.640
Locality eval: pred=true.             gold=true  correct=True  running‐acc=0.955
[ 315/600] loss=3.6351  pred=true.  gold=n/a  running‐acc=0.638
Locality eval: pred=true.             gold=true  correct=True  running‐acc=0.956
[ 316/600] loss=5.2239  pred=true   gold=true  running‐acc=0.639
Locality eval: pred=n/a               gold=n/a  correct=True  running‐acc=0.956
[ 317/600] loss=4.1408  pred=true   gold=true  running‐acc=0.640
Locality eval: pred=n/a               gold=n/a  correct=True  running‐acc=0.956
[ 318/600] loss=4.3051  pred=true   gold=true  running‐acc=0.642
Locality eval: pred=n/a               gold=n/a  correct=True  running‐acc=0.956
[ 319/600] loss=3.2145  pred=n/a    gold=n/a  running‐acc=0.643
Locality eval: pred=true.             gold=true  correct=True  running‐acc=0.956
[ 320/600] loss=3.5572  pred=false.  gold=n/a  running‐acc=0.641
Locality eval: pred=true.             gold=true  correct=True  running‐acc=0.956
[ 321/600] loss=3.9043  pred=n/a    gold=true  running‐acc=0.639
Locality eval: pred=n/a               gold=n/a  correct=True  running‐acc=0.956
[ 322/600] loss=4.2355  pred=true   gold=true  running‐acc=0.640
Locality eval: pred=n/a               gold=n/a  correct=True  running‐acc=0.957
[ 323/600] loss=3.7698  pred=n/a    gold=n/a  running‐acc=0.641
Locality eval: pred=true              gold=true  correct=True  running‐acc=0.957
[ 324/600] loss=2.9881  pred=n/a    gold=n/a  running‐acc=0.642
Locality eval: pred=true.             gold=true  correct=True  running‐acc=0.957
[ 325/600] loss=4.1616  pred=false.  gold=true  running‐acc=0.640
Locality eval: pred=n/a               gold=n/a  correct=True  running‐acc=0.957
[ 326/600] loss=3.7680  pred=n/a    gold=n/a  running‐acc=0.641
Locality eval: pred=true.             gold=true  correct=True  running‐acc=0.957
[ 327/600] loss=4.2203  pred=n/a    gold=true  running‐acc=0.639
Locality eval: pred=n/a               gold=n/a  correct=True  running‐acc=0.957
[ 328/600] loss=3.0609  pred=true.  gold=n/a  running‐acc=0.637
Locality eval: pred=true              gold=true  correct=True  running‐acc=0.957
[ 329/600] loss=4.2680  pred=true   gold=true  running‐acc=0.638
Locality eval: pred=n/a               gold=n/a  correct=True  running‐acc=0.957
[ 330/600] loss=3.2540  pred=false.  gold=n/a  running‐acc=0.636
Locality eval: pred=true              gold=true  correct=True  running‐acc=0.958
[ 331/600] loss=3.5939  pred=true   gold=true  running‐acc=0.637
Locality eval: pred=n/a               gold=n/a  correct=True  running‐acc=0.958
[ 332/600] loss=3.1459  pred=false.  gold=n/a  running‐acc=0.636
Locality eval: pred=true              gold=true  correct=True  running‐acc=0.958
[ 333/600] loss=3.2837  pred=true.  gold=true  running‐acc=0.637
Locality eval: pred=n/a               gold=n/a  correct=True  running‐acc=0.958
[ 334/600] loss=4.0100  pred=true   gold=n/a  running‐acc=0.635
Locality eval: pred=true              gold=true  correct=True  running‐acc=0.958
[ 335/600] loss=3.6702  pred=true   gold=true  running‐acc=0.636
Locality eval: pred=n/a               gold=n/a  correct=True  running‐acc=0.958
[ 336/600] loss=3.4984  pred=n/a    gold=n/a  running‐acc=0.637
Locality eval: pred=true              gold=true  correct=True  running‐acc=0.958
[ 337/600] loss=3.8894  pred=true   gold=n/a  running‐acc=0.635
Locality eval: pred=true              gold=true  correct=True  running‐acc=0.958
[ 338/600] loss=3.2623  pred=n/a    gold=n/a  running‐acc=0.636
Locality eval: pred=true              gold=true  correct=True  running‐acc=0.959
[ 339/600] loss=3.4805  pred=n/a    gold=n/a  running‐acc=0.637
Locality eval: pred=true              gold=true  correct=True  running‐acc=0.959
[ 340/600] loss=3.3498  pred=n/a    gold=n/a  running‐acc=0.638
Locality eval: pred=true.             gold=true  correct=True  running‐acc=0.959
[ 341/600] loss=4.2137  pred=true.  gold=true  running‐acc=0.639
Locality eval: pred=n/a               gold=n/a  correct=True  running‐acc=0.959
[ 342/600] loss=5.0607  pred=true.  gold=true  running‐acc=0.640
Locality eval: pred=n/a               gold=n/a  correct=True  running‐acc=0.959
[ 343/600] loss=3.7137  pred=true.  gold=n/a  running‐acc=0.638
Locality eval: pred=true              gold=true  correct=True  running‐acc=0.959
[ 344/600] loss=3.9455  pred=true.  gold=true  running‐acc=0.640
Locality eval: pred=n/a               gold=n/a  correct=True  running‐acc=0.959
[ 345/600] loss=2.9342  pred=n/a    gold=n/a  running‐acc=0.641
Locality eval: pred=true              gold=true  correct=True  running‐acc=0.959
[ 346/600] loss=4.4814  pred=true.  gold=true  running‐acc=0.642
Locality eval: pred=n/a               gold=n/a  correct=True  running‐acc=0.960
[ 347/600] loss=3.2250  pred=true.  gold=n/a  running‐acc=0.640
Locality eval: pred=true              gold=true  correct=True  running‐acc=0.960
[ 348/600] loss=3.7793  pred=n/a    gold=n/a  running‐acc=0.641
Locality eval: pred=true.             gold=true  correct=True  running‐acc=0.960
[ 349/600] loss=3.2898  pred=false.  gold=n/a  running‐acc=0.639
Locality eval: pred=true              gold=true  correct=True  running‐acc=0.960
[ 350/600] loss=3.9778  pred=true.  gold=n/a  running‐acc=0.637
Locality eval: pred=true              gold=true  correct=True  running‐acc=0.960
[ 351/600] loss=3.4643  pred=true   gold=n/a  running‐acc=0.635
Locality eval: pred=true.             gold=true  correct=True  running‐acc=0.960
[ 352/600] loss=3.5574  pred=true   gold=n/a  running‐acc=0.634
Locality eval: pred=true.             gold=true  correct=True  running‐acc=0.960
[ 353/600] loss=2.9614  pred=n/a    gold=n/a  running‐acc=0.635
Locality eval: pred=true.             gold=true  correct=True  running‐acc=0.960
[ 354/600] loss=4.3875  pred=true.  gold=true  running‐acc=0.636
Locality eval: pred=n/a               gold=n/a  correct=True  running‐acc=0.960
[ 355/600] loss=3.9831  pred=true.  gold=true  running‐acc=0.637
Locality eval: pred=n/a               gold=n/a  correct=True  running‐acc=0.961
[ 356/600] loss=3.1955  pred=false.  gold=true  running‐acc=0.635
Locality eval: pred=n/a               gold=n/a  correct=True  running‐acc=0.961
[ 357/600] loss=3.7704  pred=true   gold=true  running‐acc=0.636
Locality eval: pred=n/a               gold=n/a  correct=True  running‐acc=0.961
[ 358/600] loss=3.4727  pred=true   gold=true  running‐acc=0.637
Locality eval: pred=n/a               gold=n/a  correct=True  running‐acc=0.961
[ 359/600] loss=5.2387  pred=true   gold=true  running‐acc=0.638
Locality eval: pred=n/a               gold=n/a  correct=True  running‐acc=0.961
[ 360/600] loss=3.4968  pred=n/a    gold=n/a  running‐acc=0.639
Locality eval: pred=true.             gold=true  correct=True  running‐acc=0.961
[ 361/600] loss=4.1188  pred=true   gold=true  running‐acc=0.640
Locality eval: pred=n/a               gold=n/a  correct=True  running‐acc=0.961
[ 362/600] loss=3.8339  pred=n/a    gold=true  running‐acc=0.638
Locality eval: pred=n/a               gold=n/a  correct=True  running‐acc=0.961
[ 363/600] loss=3.7758  pred=n/a    gold=n/a  running‐acc=0.639
Locality eval: pred=true.             gold=true  correct=True  running‐acc=0.961
[ 364/600] loss=4.7778  pred=true   gold=true  running‐acc=0.640
Locality eval: pred=n/a               gold=n/a  correct=True  running‐acc=0.962
[ 365/600] loss=4.0791  pred=true   gold=true  running‐acc=0.641
Locality eval: pred=n/a               gold=n/a  correct=True  running‐acc=0.962
[ 366/600] loss=3.5995  pred=true   gold=n/a  running‐acc=0.639
Locality eval: pred=true              gold=true  correct=True  running‐acc=0.962
[ 367/600] loss=4.2268  pred=n/a    gold=n/a  running‐acc=0.640
Locality eval: pred=true              gold=true  correct=True  running‐acc=0.962
[ 368/600] loss=3.0350  pred=true   gold=true  running‐acc=0.641
Locality eval: pred=n/a               gold=n/a  correct=True  running‐acc=0.962
[ 369/600] loss=3.6819  pred=false.  gold=n/a  running‐acc=0.640
Locality eval: pred=true.             gold=true  correct=True  running‐acc=0.962
[ 370/600] loss=3.2555  pred=n/a    gold=n/a  running‐acc=0.641
Locality eval: pred=true.             gold=true  correct=True  running‐acc=0.962
[ 371/600] loss=3.7436  pred=true   gold=true  running‐acc=0.642
Locality eval: pred=n/a               gold=n/a  correct=True  running‐acc=0.962
[ 372/600] loss=5.7827  pred=true.  gold=true  running‐acc=0.642
Locality eval: pred=n/a               gold=n/a  correct=True  running‐acc=0.962
[ 373/600] loss=3.3088  pred=true   gold=true  running‐acc=0.643
Locality eval: pred=n/a               gold=n/a  correct=True  running‐acc=0.962
[ 374/600] loss=3.5722  pred=false.  gold=n/a  running‐acc=0.642
Locality eval: pred=true              gold=true  correct=True  running‐acc=0.963
[ 375/600] loss=4.7082  pred=true.  gold=true  running‐acc=0.643
Locality eval: pred=n/a               gold=n/a  correct=True  running‐acc=0.963
[ 376/600] loss=3.0682  pred=true.  gold=true  running‐acc=0.644
Locality eval: pred=n/a               gold=n/a  correct=True  running‐acc=0.963
[ 377/600] loss=5.0328  pred=false.  gold=true  running‐acc=0.642
Locality eval: pred=n/a               gold=n/a  correct=True  running‐acc=0.963
[ 378/600] loss=3.6931  pred=true   gold=true  running‐acc=0.643
Locality eval: pred=n/a               gold=n/a  correct=True  running‐acc=0.963
[ 379/600] loss=3.0759  pred=true   gold=true  running‐acc=0.644
Locality eval: pred=n/a               gold=n/a  correct=True  running‐acc=0.963
[ 380/600] loss=4.4183  pred=true.  gold=true  running‐acc=0.645
Locality eval: pred=n/a               gold=n/a  correct=True  running‐acc=0.963
[ 381/600] loss=3.0452  pred=n/a    gold=n/a  running‐acc=0.646
Locality eval: pred=true.             gold=true  correct=True  running‐acc=0.963
[ 382/600] loss=3.1915  pred=n/a    gold=n/a  running‐acc=0.647
Locality eval: pred=true              gold=true  correct=True  running‐acc=0.963
[ 383/600] loss=3.2584  pred=false.  gold=n/a  running‐acc=0.645
Locality eval: pred=true              gold=true  correct=True  running‐acc=0.963
[ 384/600] loss=3.3883  pred=n/a    gold=n/a  running‐acc=0.646
Locality eval: pred=true.             gold=true  correct=True  running‐acc=0.964
[ 385/600] loss=4.1964  pred=n/a    gold=true  running‐acc=0.644
Locality eval: pred=n/a               gold=n/a  correct=True  running‐acc=0.964
[ 386/600] loss=3.2773  pred=true   gold=true  running‐acc=0.645
Locality eval: pred=n/a               gold=n/a  correct=True  running‐acc=0.964
[ 387/600] loss=3.1178  pred=n/a    gold=n/a  running‐acc=0.646
Locality eval: pred=true.             gold=true  correct=True  running‐acc=0.964
[ 388/600] loss=4.1091  pred=true.  gold=true  running‐acc=0.647
Locality eval: pred=n/a               gold=n/a  correct=True  running‐acc=0.964
[ 389/600] loss=3.8897  pred=n/a    gold=n/a  running‐acc=0.648
Locality eval: pred=true.             gold=true  correct=True  running‐acc=0.964
[ 390/600] loss=5.0216  pred=true.  gold=true  running‐acc=0.649
Locality eval: pred=n/a               gold=n/a  correct=True  running‐acc=0.964
[ 391/600] loss=4.2021  pred=n/a    gold=true  running‐acc=0.647
Locality eval: pred=n/a               gold=n/a  correct=True  running‐acc=0.964
[ 392/600] loss=3.1316  pred=n/a    gold=n/a  running‐acc=0.648
Locality eval: pred=true.             gold=true  correct=True  running‐acc=0.964
[ 393/600] loss=3.3336  pred=n/a    gold=n/a  running‐acc=0.649
Locality eval: pred=true              gold=true  correct=True  running‐acc=0.964
[ 394/600] loss=4.0329  pred=true.  gold=n/a  running‐acc=0.647
Locality eval: pred=true              gold=true  correct=True  running‐acc=0.964
[ 395/600] loss=5.0856  pred=true.  gold=true  running‐acc=0.648
Locality eval: pred=n/a               gold=n/a  correct=True  running‐acc=0.965
[ 396/600] loss=4.2755  pred=true.  gold=true  running‐acc=0.649
Locality eval: pred=n/a               gold=n/a  correct=True  running‐acc=0.965
[ 397/600] loss=3.4104  pred=n/a    gold=n/a  running‐acc=0.650
Locality eval: pred=true.             gold=true  correct=True  running‐acc=0.965
[ 398/600] loss=4.0879  pred=true   gold=true  running‐acc=0.651
Locality eval: pred=n/a               gold=n/a  correct=True  running‐acc=0.965
[ 399/600] loss=3.6442  pred=false.  gold=n/a  running‐acc=0.649
Locality eval: pred=true              gold=true  correct=True  running‐acc=0.965
[ 400/600] loss=3.8125  pred=true   gold=true  running‐acc=0.650
Locality eval: pred=n/a               gold=n/a  correct=True  running‐acc=0.965
[ 401/600] loss=3.3169  pred=n/a    gold=true  running‐acc=0.648
Locality eval: pred=n/a               gold=n/a  correct=True  running‐acc=0.965
[ 402/600] loss=2.8953  pred=n/a    gold=n/a  running‐acc=0.649
Locality eval: pred=true              gold=true  correct=True  running‐acc=0.965
[ 403/600] loss=3.5872  pred=true   gold=true  running‐acc=0.650
Locality eval: pred=n/a               gold=n/a  correct=True  running‐acc=0.965
[ 404/600] loss=4.5841  pred=true.  gold=true  running‐acc=0.651
Locality eval: pred=n/a               gold=n/a  correct=True  running‐acc=0.965
[ 405/600] loss=3.1307  pred=n/a    gold=n/a  running‐acc=0.652
Locality eval: pred=true.             gold=true  correct=True  running‐acc=0.965
[ 406/600] loss=2.9955  pred=n/a    gold=n/a  running‐acc=0.653
Locality eval: pred=true.             gold=true  correct=True  running‐acc=0.966
[ 407/600] loss=3.2012  pred=true   gold=true  running‐acc=0.654
Locality eval: pred=n/a               gold=n/a  correct=True  running‐acc=0.966
[ 408/600] loss=3.6604  pred=false.  gold=n/a  running‐acc=0.652
Locality eval: pred=true              gold=true  correct=True  running‐acc=0.966
[ 409/600] loss=4.2225  pred=true   gold=true  running‐acc=0.653
Locality eval: pred=n/a               gold=n/a  correct=True  running‐acc=0.966
[ 410/600] loss=3.1950  pred=n/a    gold=n/a  running‐acc=0.654
Locality eval: pred=true              gold=true  correct=True  running‐acc=0.966
[ 411/600] loss=3.4416  pred=true   gold=true  running‐acc=0.655
Locality eval: pred=n/a               gold=n/a  correct=True  running‐acc=0.966
[ 412/600] loss=3.0468  pred=false.  gold=true  running‐acc=0.653
Locality eval: pred=n/a               gold=n/a  correct=True  running‐acc=0.966
[ 413/600] loss=4.0833  pred=n/a    gold=true  running‐acc=0.651
Locality eval: pred=n/a               gold=n/a  correct=True  running‐acc=0.966
[ 414/600] loss=5.2316  pred=true.  gold=true  running‐acc=0.652
Locality eval: pred=n/a               gold=n/a  correct=True  running‐acc=0.966
[ 415/600] loss=3.7005  pred=false.  gold=n/a  running‐acc=0.651
Locality eval: pred=true              gold=true  correct=True  running‐acc=0.966
[ 416/600] loss=3.5003  pred=true   gold=true  running‐acc=0.651
Locality eval: pred=n/a               gold=n/a  correct=True  running‐acc=0.966
[ 417/600] loss=3.3907  pred=n/a    gold=n/a  running‐acc=0.652
Locality eval: pred=true              gold=true  correct=True  running‐acc=0.966
[ 418/600] loss=3.8543  pred=n/a    gold=n/a  running‐acc=0.653
Locality eval: pred=true              gold=true  correct=True  running‐acc=0.967
[ 419/600] loss=3.1257  pred=true   gold=true  running‐acc=0.654
Locality eval: pred=n/a               gold=n/a  correct=True  running‐acc=0.967
[ 420/600] loss=3.7724  pred=true.  gold=true  running‐acc=0.655
Locality eval: pred=n/a               gold=n/a  correct=True  running‐acc=0.967
[ 421/600] loss=3.8351  pred=true.  gold=true  running‐acc=0.656
Locality eval: pred=n/a               gold=n/a  correct=True  running‐acc=0.967
[ 422/600] loss=4.4268  pred=true   gold=true  running‐acc=0.656
Locality eval: pred=n/a               gold=n/a  correct=True  running‐acc=0.967
[ 423/600] loss=3.6244  pred=true.  gold=true  running‐acc=0.657
Locality eval: pred=n/a               gold=n/a  correct=True  running‐acc=0.967
[ 424/600] loss=3.1461  pred=n/a    gold=n/a  running‐acc=0.658
Locality eval: pred=true              gold=true  correct=True  running‐acc=0.967
[ 425/600] loss=3.8322  pred=n/a    gold=n/a  running‐acc=0.659
Locality eval: pred=n/a               gold=true  correct=False  running‐acc=0.965
[ 426/600] loss=3.4593  pred=n/a    gold=n/a  running‐acc=0.660
Locality eval: pred=true.             gold=true  correct=True  running‐acc=0.965
[ 427/600] loss=3.5134  pred=true   gold=true  running‐acc=0.660
Locality eval: pred=n/a               gold=n/a  correct=True  running‐acc=0.965
[ 428/600] loss=3.9266  pred=true   gold=true  running‐acc=0.661
Locality eval: pred=n/a               gold=n/a  correct=True  running‐acc=0.965
[ 429/600] loss=3.4707  pred=true.  gold=true  running‐acc=0.662
Locality eval: pred=n/a               gold=n/a  correct=True  running‐acc=0.965
[ 430/600] loss=3.7445  pred=true.  gold=n/a  running‐acc=0.660
Locality eval: pred=true              gold=true  correct=True  running‐acc=0.965
[ 431/600] loss=3.8847  pred=true   gold=true  running‐acc=0.661
Locality eval: pred=n/a               gold=n/a  correct=True  running‐acc=0.965
[ 432/600] loss=4.4336  pred=true.  gold=true  running‐acc=0.662
Locality eval: pred=n/a               gold=n/a  correct=True  running‐acc=0.965
[ 433/600] loss=4.5561  pred=true   gold=true  running‐acc=0.663
Locality eval: pred=n/a               gold=n/a  correct=True  running‐acc=0.965
[ 434/600] loss=2.9972  pred=n/a    gold=n/a  running‐acc=0.664
Locality eval: pred=true.             gold=true  correct=True  running‐acc=0.965
[ 435/600] loss=3.2387  pred=true.  gold=n/a  running‐acc=0.662
Locality eval: pred=true              gold=true  correct=True  running‐acc=0.966
[ 436/600] loss=3.8662  pred=true   gold=true  running‐acc=0.663
Locality eval: pred=n/a               gold=n/a  correct=True  running‐acc=0.966
[ 437/600] loss=3.5628  pred=true   gold=true  running‐acc=0.664
Locality eval: pred=n/a               gold=n/a  correct=True  running‐acc=0.966
[ 438/600] loss=3.3996  pred=n/a    gold=n/a  running‐acc=0.664
Locality eval: pred=true.             gold=true  correct=True  running‐acc=0.966
[ 439/600] loss=3.4290  pred=false.  gold=n/a  running‐acc=0.663
Locality eval: pred=true              gold=true  correct=True  running‐acc=0.966
[ 440/600] loss=4.1258  pred=true   gold=true  running‐acc=0.664
Locality eval: pred=n/a               gold=n/a  correct=True  running‐acc=0.966
[ 441/600] loss=3.4907  pred=false.  gold=n/a  running‐acc=0.662
Locality eval: pred=true              gold=true  correct=True  running‐acc=0.966
[ 442/600] loss=4.6645  pred=true   gold=true  running‐acc=0.663
Locality eval: pred=n/a               gold=n/a  correct=True  running‐acc=0.966
[ 443/600] loss=4.1263  pred=n/a    gold=true  running‐acc=0.661
Locality eval: pred=true.             gold=n/a  correct=False  running‐acc=0.964
[ 444/600] loss=4.6068  pred=true   gold=true  running‐acc=0.662
Locality eval: pred=n/a               gold=n/a  correct=True  running‐acc=0.964
[ 445/600] loss=4.3465  pred=true.  gold=true  running‐acc=0.663
Locality eval: pred=n/a               gold=n/a  correct=True  running‐acc=0.964
[ 446/600] loss=4.0707  pred=true.  gold=true  running‐acc=0.664
Locality eval: pred=n/a               gold=n/a  correct=True  running‐acc=0.964
[ 447/600] loss=3.5367  pred=true   gold=true  running‐acc=0.664
Locality eval: pred=n/a               gold=n/a  correct=True  running‐acc=0.964
[ 448/600] loss=4.3394  pred=true.  gold=true  running‐acc=0.665
Locality eval: pred=n/a               gold=n/a  correct=True  running‐acc=0.964
[ 449/600] loss=3.7250  pred=true.  gold=true  running‐acc=0.666
Locality eval: pred=n/a               gold=n/a  correct=True  running‐acc=0.964
[ 450/600] loss=4.2328  pred=false.  gold=n/a  running‐acc=0.664
Locality eval: pred=true.             gold=true  correct=True  running‐acc=0.964
[ 451/600] loss=4.0800  pred=true.  gold=true  running‐acc=0.665
Locality eval: pred=n/a               gold=n/a  correct=True  running‐acc=0.965
[ 452/600] loss=3.4921  pred=n/a    gold=n/a  running‐acc=0.666
Locality eval: pred=true.             gold=true  correct=True  running‐acc=0.965
[ 453/600] loss=3.2668  pred=n/a    gold=n/a  running‐acc=0.667
Locality eval: pred=n/a               gold=true  correct=False  running‐acc=0.962
[ 454/600] loss=3.6745  pred=n/a    gold=n/a  running‐acc=0.667
Locality eval: pred=true.             gold=true  correct=True  running‐acc=0.963
[ 455/600] loss=4.5665  pred=true.  gold=true  running‐acc=0.668
Locality eval: pred=n/a               gold=n/a  correct=True  running‐acc=0.963
[ 456/600] loss=3.1834  pred=false.  gold=n/a  running‐acc=0.667
Locality eval: pred=true              gold=true  correct=True  running‐acc=0.963
[ 457/600] loss=3.3323  pred=false.  gold=n/a  running‐acc=0.665
Locality eval: pred=true              gold=true  correct=True  running‐acc=0.963
[ 458/600] loss=3.1893  pred=n/a    gold=n/a  running‐acc=0.666
Locality eval: pred=true              gold=true  correct=True  running‐acc=0.963
[ 459/600] loss=4.2073  pred=true.  gold=true  running‐acc=0.667
Locality eval: pred=n/a               gold=n/a  correct=True  running‐acc=0.963
[ 460/600] loss=4.6120  pred=n/a    gold=true  running‐acc=0.665
Locality eval: pred=n/a               gold=n/a  correct=True  running‐acc=0.963
[ 461/600] loss=3.4009  pred=n/a    gold=n/a  running‐acc=0.666
Locality eval: pred=true              gold=true  correct=True  running‐acc=0.963
[ 462/600] loss=2.8922  pred=true.  gold=n/a  running‐acc=0.665
Locality eval: pred=true              gold=true  correct=True  running‐acc=0.963
[ 463/600] loss=3.7773  pred=true   gold=true  running‐acc=0.665
Locality eval: pred=n/a               gold=n/a  correct=True  running‐acc=0.963
[ 464/600] loss=3.2938  pred=n/a    gold=n/a  running‐acc=0.666
Locality eval: pred=true.             gold=true  correct=True  running‐acc=0.963
[ 465/600] loss=3.5080  pred=n/a    gold=n/a  running‐acc=0.667
Locality eval: pred=true.             gold=true  correct=True  running‐acc=0.963
[ 466/600] loss=3.4438  pred=n/a    gold=n/a  running‐acc=0.667
Locality eval: pred=true              gold=true  correct=True  running‐acc=0.964
[ 467/600] loss=3.2750  pred=false.  gold=n/a  running‐acc=0.666
Locality eval: pred=true.             gold=true  correct=True  running‐acc=0.964
[ 468/600] loss=3.5115  pred=true.  gold=n/a  running‐acc=0.665
Locality eval: pred=true.             gold=true  correct=True  running‐acc=0.964
[ 469/600] loss=4.2418  pred=true   gold=true  running‐acc=0.665
Locality eval: pred=n/a               gold=n/a  correct=True  running‐acc=0.964
[ 470/600] loss=3.5626  pred=n/a    gold=n/a  running‐acc=0.666
Locality eval: pred=true.             gold=true  correct=True  running‐acc=0.964
[ 471/600] loss=3.1971  pred=n/a    gold=n/a  running‐acc=0.667
Locality eval: pred=true.             gold=true  correct=True  running‐acc=0.964
[ 472/600] loss=5.1085  pred=true   gold=true  running‐acc=0.667
Locality eval: pred=n/a               gold=n/a  correct=True  running‐acc=0.964
[ 473/600] loss=3.3991  pred=n/a    gold=n/a  running‐acc=0.668
Locality eval: pred=true              gold=true  correct=True  running‐acc=0.964
[ 474/600] loss=3.5345  pred=n/a    gold=true  running‐acc=0.667
Locality eval: pred=n/a               gold=n/a  correct=True  running‐acc=0.964
[ 475/600] loss=3.7741  pred=n/a    gold=n/a  running‐acc=0.667
Locality eval: pred=true.             gold=true  correct=True  running‐acc=0.964
[ 476/600] loss=4.7448  pred=true   gold=true  running‐acc=0.668
Locality eval: pred=n/a               gold=n/a  correct=True  running‐acc=0.964
[ 477/600] loss=3.5160  pred=n/a    gold=n/a  running‐acc=0.669
Locality eval: pred=true              gold=true  correct=True  running‐acc=0.964
[ 478/600] loss=3.5062  pred=true   gold=true  running‐acc=0.669
Locality eval: pred=n/a               gold=n/a  correct=True  running‐acc=0.964
[ 479/600] loss=3.6754  pred=n/a    gold=n/a  running‐acc=0.670
Locality eval: pred=true              gold=true  correct=True  running‐acc=0.965
[ 480/600] loss=3.1117  pred=false.  gold=n/a  running‐acc=0.669
Locality eval: pred=true.             gold=true  correct=True  running‐acc=0.965
[ 481/600] loss=3.6215  pred=n/a    gold=n/a  running‐acc=0.669
Locality eval: pred=true.             gold=true  correct=True  running‐acc=0.965
[ 482/600] loss=2.9207  pred=true   gold=true  running‐acc=0.670
Locality eval: pred=n/a               gold=n/a  correct=True  running‐acc=0.965
[ 483/600] loss=3.1838  pred=n/a    gold=n/a  running‐acc=0.671
Locality eval: pred=true              gold=true  correct=True  running‐acc=0.965
[ 484/600] loss=3.9146  pred=n/a    gold=n/a  running‐acc=0.671
Locality eval: pred=true.             gold=true  correct=True  running‐acc=0.965
[ 485/600] loss=4.0076  pred=false.  gold=n/a  running‐acc=0.670
Locality eval: pred=true              gold=true  correct=True  running‐acc=0.965
[ 486/600] loss=3.5106  pred=n/a    gold=n/a  running‐acc=0.671
Locality eval: pred=true              gold=true  correct=True  running‐acc=0.965
[ 487/600] loss=2.9642  pred=false.  gold=n/a  running‐acc=0.669
Locality eval: pred=true.             gold=true  correct=True  running‐acc=0.965
[ 488/600] loss=3.2464  pred=n/a    gold=n/a  running‐acc=0.670
Locality eval: pred=n/a               gold=true  correct=False  running‐acc=0.963
[ 489/600] loss=3.0906  pred=n/a    gold=n/a  running‐acc=0.671
Locality eval: pred=true.             gold=true  correct=True  running‐acc=0.963
[ 490/600] loss=2.8691  pred=n/a    gold=n/a  running‐acc=0.671
Locality eval: pred=true.             gold=true  correct=True  running‐acc=0.963
[ 491/600] loss=3.1846  pred=false.  gold=n/a  running‐acc=0.670
Locality eval: pred=true              gold=true  correct=True  running‐acc=0.963
[ 492/600] loss=3.6443  pred=true   gold=true  running‐acc=0.671
Locality eval: pred=n/a               gold=n/a  correct=True  running‐acc=0.963
[ 493/600] loss=3.8996  pred=true.  gold=n/a  running‐acc=0.669
Locality eval: pred=true.             gold=true  correct=True  running‐acc=0.963
[ 494/600] loss=3.8048  pred=false.  gold=n/a  running‐acc=0.668
Locality eval: pred=true.             gold=true  correct=True  running‐acc=0.964
[ 495/600] loss=3.7024  pred=true.  gold=n/a  running‐acc=0.667
Locality eval: pred=n/a               gold=true  correct=False  running‐acc=0.962
[ 496/600] loss=3.4960  pred=n/a    gold=n/a  running‐acc=0.667
Locality eval: pred=true              gold=true  correct=True  running‐acc=0.962
[ 497/600] loss=3.9974  pred=true   gold=true  running‐acc=0.668
Locality eval: pred=n/a               gold=n/a  correct=True  running‐acc=0.962
[ 498/600] loss=3.5483  pred=true.  gold=true  running‐acc=0.669
Locality eval: pred=n/a               gold=n/a  correct=True  running‐acc=0.962
[ 499/600] loss=3.9010  pred=n/a    gold=n/a  running‐acc=0.669
Locality eval: pred=true.             gold=true  correct=True  running‐acc=0.962
[ 500/600] loss=3.7364  pred=true.  gold=n/a  running‐acc=0.668
Locality eval: pred=true.             gold=true  correct=True  running‐acc=0.962
[ 501/600] loss=4.2157  pred=true.  gold=n/a  running‐acc=0.667
Locality eval: pred=true              gold=true  correct=True  running‐acc=0.962
[ 502/600] loss=2.7883  pred=true.  gold=n/a  running‐acc=0.665
Locality eval: pred=true.             gold=true  correct=True  running‐acc=0.962
[ 503/600] loss=3.5336  pred=true   gold=true  running‐acc=0.666
Locality eval: pred=n/a               gold=n/a  correct=True  running‐acc=0.962
[ 504/600] loss=3.4055  pred=true   gold=true  running‐acc=0.667
Locality eval: pred=n/a               gold=n/a  correct=True  running‐acc=0.962
[ 505/600] loss=3.8781  pred=true   gold=true  running‐acc=0.667
Locality eval: pred=n/a               gold=n/a  correct=True  running‐acc=0.962
[ 506/600] loss=3.8887  pred=n/a    gold=true  running‐acc=0.666
Locality eval: pred=n/a               gold=n/a  correct=True  running‐acc=0.962
[ 507/600] loss=3.9355  pred=true   gold=true  running‐acc=0.667
Locality eval: pred=n/a               gold=n/a  correct=True  running‐acc=0.963
[ 508/600] loss=3.5511  pred=true.  gold=true  running‐acc=0.667
Locality eval: pred=n/a               gold=n/a  correct=True  running‐acc=0.963
[ 509/600] loss=3.7010  pred=true   gold=true  running‐acc=0.668
Locality eval: pred=n/a               gold=n/a  correct=True  running‐acc=0.963
[ 510/600] loss=4.3640  pred=true   gold=true  running‐acc=0.669
Locality eval: pred=n/a               gold=n/a  correct=True  running‐acc=0.963
[ 511/600] loss=2.9598  pred=n/a    gold=n/a  running‐acc=0.669
Locality eval: pred=true              gold=true  correct=True  running‐acc=0.963
[ 512/600] loss=3.9052  pred=n/a    gold=true  running‐acc=0.668
Locality eval: pred=n/a               gold=n/a  correct=True  running‐acc=0.963
[ 513/600] loss=3.8976  pred=false.  gold=n/a  running‐acc=0.667
Locality eval: pred=true              gold=true  correct=True  running‐acc=0.963
[ 514/600] loss=2.7151  pred=true   gold=true  running‐acc=0.667
Locality eval: pred=n/a               gold=n/a  correct=True  running‐acc=0.963
[ 515/600] loss=3.6753  pred=n/a    gold=n/a  running‐acc=0.668
Locality eval: pred=true              gold=true  correct=True  running‐acc=0.963
[ 516/600] loss=3.4445  pred=n/a    gold=n/a  running‐acc=0.669
Locality eval: pred=true.             gold=true  correct=True  running‐acc=0.963
[ 517/600] loss=3.2786  pred=true   gold=n/a  running‐acc=0.667
Locality eval: pred=true              gold=true  correct=True  running‐acc=0.963
[ 518/600] loss=3.2492  pred=n/a    gold=n/a  running‐acc=0.668
Locality eval: pred=true.             gold=true  correct=True  running‐acc=0.963
[ 519/600] loss=3.6566  pred=true   gold=true  running‐acc=0.669
Locality eval: pred=n/a               gold=n/a  correct=True  running‐acc=0.963
[ 520/600] loss=4.6851  pred=true   gold=true  running‐acc=0.669
Locality eval: pred=n/a               gold=n/a  correct=True  running‐acc=0.963
[ 521/600] loss=4.3534  pred=true   gold=true  running‐acc=0.670
Locality eval: pred=n/a               gold=n/a  correct=True  running‐acc=0.964
[ 522/600] loss=3.9037  pred=true   gold=true  running‐acc=0.670
Locality eval: pred=n/a               gold=n/a  correct=True  running‐acc=0.964
[ 523/600] loss=3.9220  pred=n/a    gold=n/a  running‐acc=0.671
Locality eval: pred=true.             gold=true  correct=True  running‐acc=0.964
[ 524/600] loss=3.1891  pred=true.  gold=true  running‐acc=0.672
Locality eval: pred=n/a               gold=n/a  correct=True  running‐acc=0.964
[ 525/600] loss=3.5645  pred=true   gold=true  running‐acc=0.672
Locality eval: pred=n/a               gold=n/a  correct=True  running‐acc=0.964
[ 526/600] loss=3.5236  pred=true.  gold=true  running‐acc=0.673
Locality eval: pred=n/a               gold=n/a  correct=True  running‐acc=0.964
[ 527/600] loss=3.7235  pred=n/a    gold=n/a  running‐acc=0.674
Locality eval: pred=true.             gold=true  correct=True  running‐acc=0.964
[ 528/600] loss=4.0401  pred=true   gold=true  running‐acc=0.674
Locality eval: pred=n/a               gold=n/a  correct=True  running‐acc=0.964
[ 529/600] loss=3.2454  pred=false.  gold=n/a  running‐acc=0.673
Locality eval: pred=true              gold=true  correct=True  running‐acc=0.964
[ 530/600] loss=3.8766  pred=true   gold=true  running‐acc=0.674
Locality eval: pred=n/a               gold=n/a  correct=True  running‐acc=0.964
[ 531/600] loss=3.8496  pred=true.  gold=n/a  running‐acc=0.672
Locality eval: pred=true.             gold=true  correct=True  running‐acc=0.964
[ 532/600] loss=4.1183  pred=true.  gold=true  running‐acc=0.673
Locality eval: pred=n/a               gold=n/a  correct=True  running‐acc=0.964
[ 533/600] loss=4.0129  pred=n/a    gold=n/a  running‐acc=0.674
Locality eval: pred=true              gold=true  correct=True  running‐acc=0.964
[ 534/600] loss=4.0444  pred=true   gold=true  running‐acc=0.674
Locality eval: pred=n/a               gold=n/a  correct=True  running‐acc=0.964
[ 535/600] loss=3.3123  pred=true   gold=true  running‐acc=0.675
Locality eval: pred=n/a               gold=n/a  correct=True  running‐acc=0.964
[ 536/600] loss=4.6076  pred=true   gold=true  running‐acc=0.675
Locality eval: pred=n/a               gold=n/a  correct=True  running‐acc=0.965
[ 537/600] loss=3.2936  pred=n/a    gold=n/a  running‐acc=0.676
Locality eval: pred=true.             gold=true  correct=True  running‐acc=0.965
[ 538/600] loss=4.1569  pred=true   gold=true  running‐acc=0.677
Locality eval: pred=n/a               gold=n/a  correct=True  running‐acc=0.965
[ 539/600] loss=3.8066  pred=true.  gold=true  running‐acc=0.677
Locality eval: pred=n/a               gold=n/a  correct=True  running‐acc=0.965
[ 540/600] loss=3.9576  pred=true   gold=n/a  running‐acc=0.676
Locality eval: pred=true              gold=true  correct=True  running‐acc=0.965
[ 541/600] loss=3.9225  pred=true.  gold=n/a  running‐acc=0.675
Locality eval: pred=true              gold=true  correct=True  running‐acc=0.965
[ 542/600] loss=3.1125  pred=true   gold=n/a  running‐acc=0.673
Locality eval: pred=n/a               gold=true  correct=False  running‐acc=0.963
[ 543/600] loss=3.5407  pred=false  gold=n/a  running‐acc=0.672
Locality eval: pred=true.             gold=true  correct=True  running‐acc=0.963
[ 544/600] loss=4.0182  pred=true.  gold=n/a  running‐acc=0.671
Locality eval: pred=true.             gold=true  correct=True  running‐acc=0.963
[ 545/600] loss=4.1450  pred=false  gold=true  running‐acc=0.670
Locality eval: pred=n/a               gold=n/a  correct=True  running‐acc=0.963
[ 546/600] loss=3.6490  pred=false.  gold=n/a  running‐acc=0.668
Locality eval: pred=true              gold=true  correct=True  running‐acc=0.963
[ 547/600] loss=3.9972  pred=true.  gold=true  running‐acc=0.669
Locality eval: pred=n/a               gold=n/a  correct=True  running‐acc=0.963
[ 548/600] loss=3.9662  pred=true   gold=true  running‐acc=0.670
Locality eval: pred=n/a               gold=n/a  correct=True  running‐acc=0.964
[ 549/600] loss=3.4841  pred=n/a    gold=true  running‐acc=0.668
Locality eval: pred=n/a               gold=n/a  correct=True  running‐acc=0.964
[ 550/600] loss=3.4997  pred=false.  gold=n/a  running‐acc=0.667
Locality eval: pred=true              gold=true  correct=True  running‐acc=0.964
[ 551/600] loss=3.6493  pred=true   gold=true  running‐acc=0.668
Locality eval: pred=n/a               gold=n/a  correct=True  running‐acc=0.964
[ 552/600] loss=3.1130  pred=false.  gold=n/a  running‐acc=0.667
Locality eval: pred=true              gold=true  correct=True  running‐acc=0.964
[ 553/600] loss=3.4128  pred=true.  gold=n/a  running‐acc=0.665
Locality eval: pred=true              gold=true  correct=True  running‐acc=0.964
[ 554/600] loss=3.7840  pred=true   gold=true  running‐acc=0.666
Locality eval: pred=n/a               gold=n/a  correct=True  running‐acc=0.964
[ 555/600] loss=3.2443  pred=n/a    gold=n/a  running‐acc=0.667
Locality eval: pred=true.             gold=true  correct=True  running‐acc=0.964
[ 556/600] loss=3.5182  pred=n/a    gold=n/a  running‐acc=0.667
Locality eval: pred=true.             gold=true  correct=True  running‐acc=0.964
[ 557/600] loss=3.6857  pred=n/a    gold=n/a  running‐acc=0.668
Locality eval: pred=true              gold=true  correct=True  running‐acc=0.964
[ 558/600] loss=3.5472  pred=true   gold=true  running‐acc=0.668
Locality eval: pred=n/a               gold=n/a  correct=True  running‐acc=0.964
[ 559/600] loss=4.2226  pred=true.  gold=true  running‐acc=0.669
Locality eval: pred=n/a               gold=n/a  correct=True  running‐acc=0.964
[ 560/600] loss=3.4084  pred=true.  gold=n/a  running‐acc=0.668
Locality eval: pred=n/a               gold=true  correct=False  running‐acc=0.963
[ 561/600] loss=3.8388  pred=true.  gold=true  running‐acc=0.668
Locality eval: pred=n/a               gold=n/a  correct=True  running‐acc=0.963
[ 562/600] loss=3.1528  pred=true   gold=true  running‐acc=0.669
Locality eval: pred=n/a               gold=n/a  correct=True  running‐acc=0.963
[ 563/600] loss=3.7369  pred=n/a    gold=n/a  running‐acc=0.670
Locality eval: pred=true.             gold=true  correct=True  running‐acc=0.963
[ 564/600] loss=3.8996  pred=n/a    gold=true  running‐acc=0.668
Locality eval: pred=n/a               gold=n/a  correct=True  running‐acc=0.963
[ 565/600] loss=3.1407  pred=n/a    gold=n/a  running‐acc=0.669
Locality eval: pred=true              gold=true  correct=True  running‐acc=0.963
[ 566/600] loss=3.6131  pred=true   gold=true  running‐acc=0.670
Locality eval: pred=n/a               gold=n/a  correct=True  running‐acc=0.963
[ 567/600] loss=4.0525  pred=true.  gold=true  running‐acc=0.670
Locality eval: pred=n/a               gold=n/a  correct=True  running‐acc=0.963
[ 568/600] loss=3.6778  pred=false  gold=n/a  running‐acc=0.669
Locality eval: pred=true              gold=true  correct=True  running‐acc=0.963
[ 569/600] loss=3.7911  pred=true.  gold=true  running‐acc=0.670
Locality eval: pred=n/a               gold=n/a  correct=True  running‐acc=0.963
[ 570/600] loss=4.2176  pred=true   gold=true  running‐acc=0.670
Locality eval: pred=n/a               gold=n/a  correct=True  running‐acc=0.963
[ 571/600] loss=2.9833  pred=n/a    gold=true  running‐acc=0.669
Locality eval: pred=n/a               gold=n/a  correct=True  running‐acc=0.963
[ 572/600] loss=4.0976  pred=n/a    gold=true  running‐acc=0.668
Locality eval: pred=n/a               gold=n/a  correct=True  running‐acc=0.963
[ 573/600] loss=5.2458  pred=true.  gold=true  running‐acc=0.668
Locality eval: pred=n/a               gold=n/a  correct=True  running‐acc=0.963
[ 574/600] loss=3.8771  pred=n/a    gold=true  running‐acc=0.667
Locality eval: pred=n/a               gold=n/a  correct=True  running‐acc=0.963
[ 575/600] loss=4.5684  pred=true   gold=true  running‐acc=0.668
Locality eval: pred=n/a               gold=n/a  correct=True  running‐acc=0.963
[ 576/600] loss=3.5696  pred=false.  gold=true  running‐acc=0.667
Locality eval: pred=true              gold=n/a  correct=False  running‐acc=0.962
[ 577/600] loss=3.3971  pred=true.  gold=true  running‐acc=0.667
Locality eval: pred=n/a               gold=n/a  correct=True  running‐acc=0.962
[ 578/600] loss=3.4570  pred=n/a    gold=n/a  running‐acc=0.668
Locality eval: pred=true              gold=true  correct=True  running‐acc=0.962
[ 579/600] loss=3.5556  pred=n/a    gold=true  running‐acc=0.667
Locality eval: pred=n/a               gold=n/a  correct=True  running‐acc=0.962
[ 580/600] loss=3.0749  pred=n/a    gold=n/a  running‐acc=0.667
Locality eval: pred=true              gold=true  correct=True  running‐acc=0.962
[ 581/600] loss=3.9632  pred=false.  gold=n/a  running‐acc=0.666
Locality eval: pred=true              gold=true  correct=True  running‐acc=0.962
[ 582/600] loss=3.2815  pred=n/a    gold=n/a  running‐acc=0.667
Locality eval: pred=true              gold=true  correct=True  running‐acc=0.962
[ 583/600] loss=3.7768  pred=n/a    gold=n/a  running‐acc=0.667
Locality eval: pred=true              gold=true  correct=True  running‐acc=0.962
[ 584/600] loss=3.5895  pred=n/a    gold=n/a  running‐acc=0.668
Locality eval: pred=true              gold=true  correct=True  running‐acc=0.962
[ 585/600] loss=2.8909  pred=false.  gold=n/a  running‐acc=0.667
Locality eval: pred=true.             gold=true  correct=True  running‐acc=0.962
[ 586/600] loss=3.2198  pred=n/a    gold=n/a  running‐acc=0.667
Locality eval: pred=true              gold=true  correct=True  running‐acc=0.962
[ 587/600] loss=4.0912  pred=true   gold=true  running‐acc=0.668
Locality eval: pred=n/a               gold=n/a  correct=True  running‐acc=0.963
[ 588/600] loss=3.4799  pred=n/a    gold=true  running‐acc=0.667
Locality eval: pred=n/a               gold=n/a  correct=True  running‐acc=0.963
[ 589/600] loss=3.6693  pred=false.  gold=true  running‐acc=0.666
Locality eval: pred=n/a               gold=n/a  correct=True  running‐acc=0.963
[ 590/600] loss=3.9343  pred=true   gold=true  running‐acc=0.666
Locality eval: pred=n/a               gold=n/a  correct=True  running‐acc=0.963
[ 591/600] loss=4.4021  pred=true.  gold=true  running‐acc=0.667
Locality eval: pred=n/a               gold=n/a  correct=True  running‐acc=0.963
[ 592/600] loss=3.6735  pred=true   gold=n/a  running‐acc=0.666
Locality eval: pred=true.             gold=true  correct=True  running‐acc=0.963
[ 593/600] loss=3.8557  pred=true.  gold=true  running‐acc=0.666
Locality eval: pred=n/a               gold=n/a  correct=True  running‐acc=0.963
[ 594/600] loss=2.3952  pred=true.  gold=n/a  running‐acc=0.665
Locality eval: pred=true.             gold=true  correct=True  running‐acc=0.963
[ 595/600] loss=3.9540  pred=false.  gold=true  running‐acc=0.664
Locality eval: pred=n/a               gold=n/a  correct=True  running‐acc=0.963
[ 596/600] loss=3.0429  pred=true.  gold=n/a  running‐acc=0.663
Locality eval: pred=true.             gold=true  correct=True  running‐acc=0.963
[ 597/600] loss=4.1956  pred=true.  gold=n/a  running‐acc=0.662
Locality eval: pred=true              gold=true  correct=True  running‐acc=0.963
[ 598/600] loss=3.4072  pred=n/a    gold=true  running‐acc=0.661
Locality eval: pred=n/a               gold=n/a  correct=True  running‐acc=0.963
[ 599/600] loss=2.7376  pred=false.  gold=true  running‐acc=0.659
Locality eval: pred=n/a               gold=n/a  correct=True  running‐acc=0.963
[ 600/600] loss=3.3240  pred=n/a    gold=n/a  running‐acc=0.660
Locality eval: pred=true.             gold=true  correct=True  running‐acc=0.963

Finished in 1171.2s.  Final accuracy: 0.660.

