
Loading base model (4‐bit)…
Loading checkpoint shards:   0%|          | 0/2 [00:00<?, ?it/s]Loading checkpoint shards:  50%|█████     | 1/2 [00:17<00:17, 17.94s/it]Loading checkpoint shards: 100%|██████████| 2/2 [00:22<00:00, 10.06s/it]Loading checkpoint shards: 100%|██████████| 2/2 [00:22<00:00, 11.24s/it]
trainable params: 4,587,520 || all params: 3,217,337,344 || trainable%: 0.1426
  0%|          | 0/600 [00:00<?, ?it/s]100%|██████████| 600/600 [00:00<00:00, 26927.13it/s]
/project/uvadm/zhenyu/miniconda3/envs/mechanistic/lib/python3.10/site-packages/transformers/generation/configuration_utils.py:631: UserWarning: `do_sample` is set to `False`. However, `temperature` is set to `0.6` -- this flag is only used in sample-based generation modes. You should set `do_sample=True` or unset `temperature`.
  warnings.warn(
/project/uvadm/zhenyu/miniconda3/envs/mechanistic/lib/python3.10/site-packages/transformers/generation/configuration_utils.py:636: UserWarning: `do_sample` is set to `False`. However, `top_p` is set to `0.9` -- this flag is only used in sample-based generation modes. You should set `do_sample=True` or unset `top_p`.
  warnings.warn(
Loaded 600 (train, eval) pairs.

Starting sequential training…
Cached 112 LoRA tensors.
[   1/600] loss=2.2141  pred=true   gold=true  running‐acc=1.000
Locality eval: pred=n/a               gold=n/a  correct=True  running‐acc=1.000
[   2/600] loss=2.6720  pred=n/a    gold=true  running‐acc=0.500
Locality eval: pred=n/a               gold=n/a  correct=True  running‐acc=1.000
[   3/600] loss=2.5636  pred=n/a    gold=true  running‐acc=0.333
Locality eval: pred=n/a               gold=n/a  correct=True  running‐acc=1.000
[   4/600] loss=2.3258  pred=n/a    gold=true  running‐acc=0.250
Locality eval: pred=n/a               gold=n/a  correct=True  running‐acc=1.000
[   5/600] loss=2.3569  pred=true   gold=true  running‐acc=0.400
Locality eval: pred=n/a               gold=n/a  correct=True  running‐acc=1.000
[   6/600] loss=2.4328  pred=n/a    gold=true  running‐acc=0.333
Locality eval: pred=n/a               gold=n/a  correct=True  running‐acc=1.000
[   7/600] loss=1.9779  pred=n/a    gold=n/a  running‐acc=0.429
Locality eval: pred=true              gold=true  correct=True  running‐acc=1.000
[   8/600] loss=2.0665  pred=n/a    gold=n/a  running‐acc=0.500
Locality eval: pred=n/a               gold=true  correct=False  running‐acc=0.875
[   9/600] loss=2.6844  pred=false  gold=true  running‐acc=0.444
Locality eval: pred=true.             gold=n/a  correct=False  running‐acc=0.778
[  10/600] loss=2.2880  pred=true   gold=true  running‐acc=0.500
Locality eval: pred=n/a               gold=n/a  correct=True  running‐acc=0.800
[  11/600] loss=2.8101  pred=n/a    gold=true  running‐acc=0.455
Locality eval: pred=n/a               gold=n/a  correct=True  running‐acc=0.818
[  12/600] loss=2.5811  pred=false  gold=true  running‐acc=0.417
Locality eval: pred=false             gold=n/a  correct=False  running‐acc=0.750
[  13/600] loss=2.7646  pred=n/a    gold=n/a  running‐acc=0.462
Locality eval: pred=n/a               gold=true  correct=False  running‐acc=0.692
[  14/600] loss=2.3666  pred=n/a    gold=n/a  running‐acc=0.500
Locality eval: pred=true              gold=true  correct=True  running‐acc=0.714
[  15/600] loss=2.3350  pred=n/a    gold=true  running‐acc=0.467
Locality eval: pred=n/a               gold=n/a  correct=True  running‐acc=0.733
[  16/600] loss=2.1483  pred=n/a    gold=n/a  running‐acc=0.500
Locality eval: pred=n/a               gold=true  correct=False  running‐acc=0.688
[  17/600] loss=2.1082  pred=n/a    gold=n/a  running‐acc=0.529
Locality eval: pred=true              gold=true  correct=True  running‐acc=0.706
[  18/600] loss=2.3383  pred=true   gold=true  running‐acc=0.556
Locality eval: pred=n/a               gold=n/a  correct=True  running‐acc=0.722
[  19/600] loss=3.4630  pred=false  gold=true  running‐acc=0.526
Locality eval: pred=n/a               gold=n/a  correct=True  running‐acc=0.737
[  20/600] loss=2.2259  pred=n/a    gold=n/a  running‐acc=0.550
Locality eval: pred=true              gold=true  correct=True  running‐acc=0.750
[  21/600] loss=1.7631  pred=n/a    gold=n/a  running‐acc=0.571
Locality eval: pred=true.             gold=true  correct=True  running‐acc=0.762
[  22/600] loss=2.2726  pred=n/a    gold=n/a  running‐acc=0.591
Locality eval: pred=true.             gold=true  correct=True  running‐acc=0.773
[  23/600] loss=2.2087  pred=n/a    gold=n/a  running‐acc=0.609
Locality eval: pred=true.             gold=true  correct=True  running‐acc=0.783
[  24/600] loss=2.0689  pred=n/a    gold=n/a  running‐acc=0.625
Locality eval: pred=n/a               gold=true  correct=False  running‐acc=0.750
[  25/600] loss=2.8454  pred=true.  gold=true  running‐acc=0.640
Locality eval: pred=n/a               gold=n/a  correct=True  running‐acc=0.760
[  26/600] loss=2.0684  pred=n/a    gold=n/a  running‐acc=0.654
Locality eval: pred=true              gold=true  correct=True  running‐acc=0.769
[  27/600] loss=2.1434  pred=n/a    gold=n/a  running‐acc=0.667
Locality eval: pred=true              gold=true  correct=True  running‐acc=0.778
[  28/600] loss=2.3030  pred=false  gold=n/a  running‐acc=0.643
Locality eval: pred=n/a               gold=true  correct=False  running‐acc=0.750
[  29/600] loss=2.0379  pred=n/a    gold=n/a  running‐acc=0.655
Locality eval: pred=true              gold=true  correct=True  running‐acc=0.759
[  30/600] loss=2.0861  pred=n/a    gold=n/a  running‐acc=0.667
Locality eval: pred=n/a               gold=true  correct=False  running‐acc=0.733
[  31/600] loss=2.3703  pred=n/a    gold=true  running‐acc=0.645
Locality eval: pred=n/a               gold=n/a  correct=True  running‐acc=0.742
[  32/600] loss=2.0633  pred=n/a    gold=n/a  running‐acc=0.656
Locality eval: pred=true              gold=true  correct=True  running‐acc=0.750
[  33/600] loss=2.4187  pred=n/a    gold=n/a  running‐acc=0.667
Locality eval: pred=true              gold=true  correct=True  running‐acc=0.758
[  34/600] loss=1.7597  pred=n/a    gold=n/a  running‐acc=0.676
Locality eval: pred=true              gold=true  correct=True  running‐acc=0.765
[  35/600] loss=2.2920  pred=n/a    gold=true  running‐acc=0.657
Locality eval: pred=n/a               gold=n/a  correct=True  running‐acc=0.771
[  36/600] loss=1.9746  pred=n/a    gold=n/a  running‐acc=0.667
Locality eval: pred=true              gold=true  correct=True  running‐acc=0.778
[  37/600] loss=2.6983  pred=true   gold=true  running‐acc=0.676
Locality eval: pred=n/a               gold=n/a  correct=True  running‐acc=0.784
[  38/600] loss=2.1548  pred=n/a    gold=n/a  running‐acc=0.684
Locality eval: pred=true              gold=true  correct=True  running‐acc=0.789
[  39/600] loss=2.7383  pred=n/a    gold=true  running‐acc=0.667
Locality eval: pred=n/a               gold=n/a  correct=True  running‐acc=0.795
[  40/600] loss=2.4732  pred=false  gold=true  running‐acc=0.650
Locality eval: pred=n/a               gold=n/a  correct=True  running‐acc=0.800
[  41/600] loss=2.1056  pred=true   gold=true  running‐acc=0.659
Locality eval: pred=n/a               gold=n/a  correct=True  running‐acc=0.805
[  42/600] loss=2.1257  pred=n/a    gold=n/a  running‐acc=0.667
Locality eval: pred=true              gold=true  correct=True  running‐acc=0.810
[  43/600] loss=2.7360  pred=true.  gold=true  running‐acc=0.674
Locality eval: pred=n/a               gold=n/a  correct=True  running‐acc=0.814
[  44/600] loss=1.9969  pred=n/a    gold=n/a  running‐acc=0.682
Locality eval: pred=n/a               gold=true  correct=False  running‐acc=0.795
[  45/600] loss=2.0771  pred=n/a    gold=n/a  running‐acc=0.689
Locality eval: pred=true              gold=true  correct=True  running‐acc=0.800
[  46/600] loss=3.0791  pred=true   gold=true  running‐acc=0.696
Locality eval: pred=n/a               gold=n/a  correct=True  running‐acc=0.804
[  47/600] loss=2.5597  pred=true   gold=true  running‐acc=0.702
Locality eval: pred=n/a               gold=n/a  correct=True  running‐acc=0.809
[  48/600] loss=1.8902  pred=n/a    gold=n/a  running‐acc=0.708
Locality eval: pred=true              gold=true  correct=True  running‐acc=0.812
[  49/600] loss=2.4578  pred=n/a    gold=true  running‐acc=0.694
Locality eval: pred=n/a               gold=n/a  correct=True  running‐acc=0.816
[  50/600] loss=1.9198  pred=n/a    gold=n/a  running‐acc=0.700
Locality eval: pred=true              gold=true  correct=True  running‐acc=0.820
[  51/600] loss=2.3484  pred=true   gold=true  running‐acc=0.706
Locality eval: pred=n/a               gold=n/a  correct=True  running‐acc=0.824
[  52/600] loss=2.6327  pred=true   gold=true  running‐acc=0.712
Locality eval: pred=n/a               gold=n/a  correct=True  running‐acc=0.827
[  53/600] loss=2.0883  pred=n/a    gold=n/a  running‐acc=0.717
Locality eval: pred=true              gold=true  correct=True  running‐acc=0.830
[  54/600] loss=2.6696  pred=true   gold=true  running‐acc=0.722
Locality eval: pred=n/a               gold=n/a  correct=True  running‐acc=0.833
[  55/600] loss=2.2239  pred=n/a    gold=n/a  running‐acc=0.727
Locality eval: pred=n/a               gold=true  correct=False  running‐acc=0.818
[  56/600] loss=2.0700  pred=n/a    gold=n/a  running‐acc=0.732
Locality eval: pred=true              gold=true  correct=True  running‐acc=0.821
[  57/600] loss=2.4706  pred=n/a    gold=true  running‐acc=0.719
Locality eval: pred=n/a               gold=n/a  correct=True  running‐acc=0.825
[  58/600] loss=2.4876  pred=true   gold=true  running‐acc=0.724
Locality eval: pred=n/a               gold=n/a  correct=True  running‐acc=0.828
[  59/600] loss=2.6473  pred=true   gold=true  running‐acc=0.729
Locality eval: pred=n/a               gold=n/a  correct=True  running‐acc=0.831
[  60/600] loss=2.4614  pred=true   gold=true  running‐acc=0.733
Locality eval: pred=n/a               gold=n/a  correct=True  running‐acc=0.833
[  61/600] loss=2.5755  pred=n/a    gold=true  running‐acc=0.721
Locality eval: pred=n/a               gold=n/a  correct=True  running‐acc=0.836
[  62/600] loss=2.4573  pred=n/a    gold=true  running‐acc=0.710
Locality eval: pred=n/a               gold=n/a  correct=True  running‐acc=0.839
[  63/600] loss=1.8701  pred=n/a    gold=n/a  running‐acc=0.714
Locality eval: pred=true.             gold=true  correct=True  running‐acc=0.841
[  64/600] loss=2.1514  pred=n/a    gold=n/a  running‐acc=0.719
Locality eval: pred=true              gold=true  correct=True  running‐acc=0.844
[  65/600] loss=2.1810  pred=n/a    gold=n/a  running‐acc=0.723
Locality eval: pred=true              gold=true  correct=True  running‐acc=0.846
[  66/600] loss=2.3080  pred=true   gold=true  running‐acc=0.727
Locality eval: pred=n/a               gold=n/a  correct=True  running‐acc=0.848
[  67/600] loss=2.1051  pred=true   gold=true  running‐acc=0.731
Locality eval: pred=n/a               gold=n/a  correct=True  running‐acc=0.851
[  68/600] loss=2.2329  pred=true   gold=true  running‐acc=0.735
Locality eval: pred=n/a               gold=n/a  correct=True  running‐acc=0.853
[  69/600] loss=2.0502  pred=n/a    gold=n/a  running‐acc=0.739
Locality eval: pred=true              gold=true  correct=True  running‐acc=0.855
[  70/600] loss=2.1426  pred=n/a    gold=n/a  running‐acc=0.743
Locality eval: pred=true              gold=true  correct=True  running‐acc=0.857
[  71/600] loss=1.9215  pred=n/a    gold=n/a  running‐acc=0.746
Locality eval: pred=true              gold=true  correct=True  running‐acc=0.859
[  72/600] loss=2.1659  pred=n/a    gold=n/a  running‐acc=0.750
Locality eval: pred=true              gold=true  correct=True  running‐acc=0.861
[  73/600] loss=2.4814  pred=true   gold=true  running‐acc=0.753
Locality eval: pred=n/a               gold=n/a  correct=True  running‐acc=0.863
[  74/600] loss=2.5093  pred=n/a    gold=n/a  running‐acc=0.757
Locality eval: pred=n/a               gold=true  correct=False  running‐acc=0.851
[  75/600] loss=2.0844  pred=n/a    gold=n/a  running‐acc=0.760
Locality eval: pred=true              gold=true  correct=True  running‐acc=0.853
[  76/600] loss=2.6310  pred=n/a    gold=true  running‐acc=0.750
Locality eval: pred=n/a               gold=n/a  correct=True  running‐acc=0.855
[  77/600] loss=2.4591  pred=false  gold=true  running‐acc=0.740
Locality eval: pred=n/a               gold=n/a  correct=True  running‐acc=0.857
[  78/600] loss=2.0302  pred=false.  gold=n/a  running‐acc=0.731
Locality eval: pred=true              gold=true  correct=True  running‐acc=0.859
[  79/600] loss=2.4520  pred=true   gold=true  running‐acc=0.734
Locality eval: pred=n/a               gold=n/a  correct=True  running‐acc=0.861
[  80/600] loss=2.0778  pred=n/a    gold=n/a  running‐acc=0.738
Locality eval: pred=true.             gold=true  correct=True  running‐acc=0.863
[  81/600] loss=2.0312  pred=n/a    gold=n/a  running‐acc=0.741
Locality eval: pred=true              gold=true  correct=True  running‐acc=0.864
[  82/600] loss=2.4948  pred=n/a    gold=true  running‐acc=0.732
Locality eval: pred=n/a               gold=n/a  correct=True  running‐acc=0.866
[  83/600] loss=2.2854  pred=n/a    gold=n/a  running‐acc=0.735
Locality eval: pred=true              gold=true  correct=True  running‐acc=0.867
[  84/600] loss=2.0292  pred=false  gold=true  running‐acc=0.726
Locality eval: pred=n/a               gold=n/a  correct=True  running‐acc=0.869
[  85/600] loss=1.9107  pred=n/a    gold=n/a  running‐acc=0.729
Locality eval: pred=n/a               gold=true  correct=False  running‐acc=0.859
[  86/600] loss=2.4103  pred=n/a    gold=n/a  running‐acc=0.733
Locality eval: pred=true              gold=true  correct=True  running‐acc=0.860
[  87/600] loss=1.9087  pred=n/a    gold=n/a  running‐acc=0.736
Locality eval: pred=false             gold=true  correct=False  running‐acc=0.851
[  88/600] loss=2.2350  pred=true   gold=true  running‐acc=0.739
Locality eval: pred=n/a               gold=n/a  correct=True  running‐acc=0.852
[  89/600] loss=2.6284  pred=n/a    gold=true  running‐acc=0.730
Locality eval: pred=false             gold=n/a  correct=False  running‐acc=0.843
[  90/600] loss=2.0938  pred=n/a    gold=n/a  running‐acc=0.733
Locality eval: pred=n/a               gold=true  correct=False  running‐acc=0.833
[  91/600] loss=1.8317  pred=true   gold=n/a  running‐acc=0.725
Locality eval: pred=true              gold=true  correct=True  running‐acc=0.835
[  92/600] loss=2.0961  pred=n/a    gold=true  running‐acc=0.717
Locality eval: pred=n/a               gold=n/a  correct=True  running‐acc=0.837
[  93/600] loss=2.0555  pred=n/a    gold=n/a  running‐acc=0.720
Locality eval: pred=n/a               gold=true  correct=False  running‐acc=0.828
[  94/600] loss=2.0379  pred=n/a    gold=n/a  running‐acc=0.723
Locality eval: pred=n/a               gold=true  correct=False  running‐acc=0.819
[  95/600] loss=2.0051  pred=n/a    gold=true  running‐acc=0.716
Locality eval: pred=n/a               gold=n/a  correct=True  running‐acc=0.821
[  96/600] loss=2.0605  pred=n/a    gold=n/a  running‐acc=0.719
Locality eval: pred=true              gold=true  correct=True  running‐acc=0.823
[  97/600] loss=2.0869  pred=n/a    gold=n/a  running‐acc=0.722
Locality eval: pred=false             gold=true  correct=False  running‐acc=0.814
[  98/600] loss=1.8929  pred=n/a    gold=n/a  running‐acc=0.724
Locality eval: pred=n/a               gold=true  correct=False  running‐acc=0.806
[  99/600] loss=2.6399  pred=n/a    gold=true  running‐acc=0.717
Locality eval: pred=n/a               gold=n/a  correct=True  running‐acc=0.808
[ 100/600] loss=2.2395  pred=n/a    gold=true  running‐acc=0.710
Locality eval: pred=n/a               gold=n/a  correct=True  running‐acc=0.810
[ 101/600] loss=2.2497  pred=n/a    gold=n/a  running‐acc=0.713
Locality eval: pred=true              gold=true  correct=True  running‐acc=0.812
[ 102/600] loss=2.6577  pred=n/a    gold=true  running‐acc=0.706
Locality eval: pred=n/a               gold=n/a  correct=True  running‐acc=0.814
[ 103/600] loss=1.9956  pred=n/a    gold=n/a  running‐acc=0.709
Locality eval: pred=true              gold=true  correct=True  running‐acc=0.816
[ 104/600] loss=2.5403  pred=true   gold=true  running‐acc=0.712
Locality eval: pred=true              gold=n/a  correct=False  running‐acc=0.808
[ 105/600] loss=2.9012  pred=n/a    gold=true  running‐acc=0.705
Locality eval: pred=n/a               gold=n/a  correct=True  running‐acc=0.810
[ 106/600] loss=2.9808  pred=false  gold=true  running‐acc=0.698
Locality eval: pred=n/a               gold=n/a  correct=True  running‐acc=0.811
[ 107/600] loss=2.4069  pred=true   gold=true  running‐acc=0.701
Locality eval: pred=n/a               gold=n/a  correct=True  running‐acc=0.813
[ 108/600] loss=2.4320  pred=true   gold=true  running‐acc=0.704
Locality eval: pred=n/a               gold=n/a  correct=True  running‐acc=0.815
[ 109/600] loss=2.8328  pred=n/a    gold=true  running‐acc=0.697
Locality eval: pred=true              gold=n/a  correct=False  running‐acc=0.807
[ 110/600] loss=2.8011  pred=true   gold=true  running‐acc=0.700
Locality eval: pred=n/a               gold=n/a  correct=True  running‐acc=0.809
[ 111/600] loss=2.8521  pred=true   gold=true  running‐acc=0.703
Locality eval: pred=n/a               gold=n/a  correct=True  running‐acc=0.811
[ 112/600] loss=2.3561  pred=true   gold=true  running‐acc=0.705
Locality eval: pred=n/a               gold=n/a  correct=True  running‐acc=0.812
[ 113/600] loss=2.3114  pred=n/a    gold=n/a  running‐acc=0.708
Locality eval: pred=true              gold=true  correct=True  running‐acc=0.814
[ 114/600] loss=2.0585  pred=n/a    gold=n/a  running‐acc=0.711
Locality eval: pred=true              gold=true  correct=True  running‐acc=0.816
[ 115/600] loss=2.0237  pred=false  gold=n/a  running‐acc=0.704
Locality eval: pred=true              gold=true  correct=True  running‐acc=0.817
[ 116/600] loss=2.6365  pred=n/a    gold=true  running‐acc=0.698
Locality eval: pred=n/a               gold=n/a  correct=True  running‐acc=0.819
[ 117/600] loss=2.0563  pred=n/a    gold=n/a  running‐acc=0.701
Locality eval: pred=n/a               gold=true  correct=False  running‐acc=0.812
[ 118/600] loss=2.0078  pred=false  gold=n/a  running‐acc=0.695
Locality eval: pred=n/a               gold=true  correct=False  running‐acc=0.805
[ 119/600] loss=2.0080  pred=n/a    gold=n/a  running‐acc=0.697
Locality eval: pred=true              gold=true  correct=True  running‐acc=0.807
[ 120/600] loss=2.0446  pred=n/a    gold=n/a  running‐acc=0.700
Locality eval: pred=false             gold=true  correct=False  running‐acc=0.800
[ 121/600] loss=2.9642  pred=true   gold=true  running‐acc=0.702
Locality eval: pred=n/a               gold=n/a  correct=True  running‐acc=0.802
[ 122/600] loss=2.8620  pred=n/a    gold=true  running‐acc=0.697
Locality eval: pred=n/a               gold=n/a  correct=True  running‐acc=0.803
[ 123/600] loss=2.1383  pred=n/a    gold=n/a  running‐acc=0.699
Locality eval: pred=true              gold=true  correct=True  running‐acc=0.805
[ 124/600] loss=1.9866  pred=n/a    gold=n/a  running‐acc=0.702
Locality eval: pred=true              gold=true  correct=True  running‐acc=0.806
[ 125/600] loss=2.1896  pred=n/a    gold=n/a  running‐acc=0.704
Locality eval: pred=true              gold=true  correct=True  running‐acc=0.808
[ 126/600] loss=2.6945  pred=n/a    gold=true  running‐acc=0.698
Locality eval: pred=n/a               gold=n/a  correct=True  running‐acc=0.810
[ 127/600] loss=2.4430  pred=false  gold=true  running‐acc=0.693
Locality eval: pred=n/a               gold=n/a  correct=True  running‐acc=0.811
[ 128/600] loss=2.1027  pred=n/a    gold=n/a  running‐acc=0.695
Locality eval: pred=true              gold=true  correct=True  running‐acc=0.812
[ 129/600] loss=2.5671  pred=n/a    gold=true  running‐acc=0.690
Locality eval: pred=n/a               gold=n/a  correct=True  running‐acc=0.814
[ 130/600] loss=2.0263  pred=n/a    gold=n/a  running‐acc=0.692
Locality eval: pred=true              gold=true  correct=True  running‐acc=0.815
[ 131/600] loss=2.4953  pred=true   gold=true  running‐acc=0.695
Locality eval: pred=n/a               gold=n/a  correct=True  running‐acc=0.817
[ 132/600] loss=2.0703  pred=n/a    gold=n/a  running‐acc=0.697
Locality eval: pred=true              gold=true  correct=True  running‐acc=0.818
[ 133/600] loss=2.2308  pred=false  gold=n/a  running‐acc=0.692
Locality eval: pred=true.             gold=true  correct=True  running‐acc=0.820
[ 134/600] loss=2.1040  pred=true   gold=true  running‐acc=0.694
Locality eval: pred=n/a               gold=n/a  correct=True  running‐acc=0.821
[ 135/600] loss=2.3676  pred=n/a    gold=true  running‐acc=0.689
Locality eval: pred=n/a               gold=n/a  correct=True  running‐acc=0.822
[ 136/600] loss=1.9619  pred=n/a    gold=n/a  running‐acc=0.691
Locality eval: pred=n/a               gold=true  correct=False  running‐acc=0.816
[ 137/600] loss=2.5912  pred=true   gold=true  running‐acc=0.693
Locality eval: pred=n/a               gold=n/a  correct=True  running‐acc=0.818
[ 138/600] loss=2.6084  pred=n/a    gold=true  running‐acc=0.688
Locality eval: pred=n/a               gold=n/a  correct=True  running‐acc=0.819
[ 139/600] loss=2.1779  pred=n/a    gold=n/a  running‐acc=0.691
Locality eval: pred=true              gold=true  correct=True  running‐acc=0.820
[ 140/600] loss=1.9582  pred=n/a    gold=n/a  running‐acc=0.693
Locality eval: pred=n/a               gold=true  correct=False  running‐acc=0.814
[ 141/600] loss=2.1213  pred=n/a    gold=n/a  running‐acc=0.695
Locality eval: pred=true.             gold=true  correct=True  running‐acc=0.816
[ 142/600] loss=2.0811  pred=n/a    gold=n/a  running‐acc=0.697
Locality eval: pred=true              gold=true  correct=True  running‐acc=0.817
[ 143/600] loss=2.0946  pred=true   gold=true  running‐acc=0.699
Locality eval: pred=n/a               gold=n/a  correct=True  running‐acc=0.818
[ 144/600] loss=2.1822  pred=n/a    gold=true  running‐acc=0.694
Locality eval: pred=n/a               gold=n/a  correct=True  running‐acc=0.819
[ 145/600] loss=2.5264  pred=n/a    gold=true  running‐acc=0.690
Locality eval: pred=false             gold=n/a  correct=False  running‐acc=0.814
[ 146/600] loss=2.9161  pred=true   gold=true  running‐acc=0.692
Locality eval: pred=false             gold=n/a  correct=False  running‐acc=0.808
[ 147/600] loss=2.1092  pred=n/a    gold=n/a  running‐acc=0.694
Locality eval: pred=true              gold=true  correct=True  running‐acc=0.810
[ 148/600] loss=2.9962  pred=n/a    gold=true  running‐acc=0.689
Locality eval: pred=false             gold=n/a  correct=False  running‐acc=0.804
[ 149/600] loss=1.8637  pred=n/a    gold=n/a  running‐acc=0.691
Locality eval: pred=true.             gold=true  correct=True  running‐acc=0.805
[ 150/600] loss=2.0417  pred=n/a    gold=n/a  running‐acc=0.693
Locality eval: pred=n/a               gold=true  correct=False  running‐acc=0.800
[ 151/600] loss=2.4919  pred=n/a    gold=true  running‐acc=0.689
Locality eval: pred=n/a               gold=n/a  correct=True  running‐acc=0.801
[ 152/600] loss=2.2353  pred=n/a    gold=true  running‐acc=0.684
Locality eval: pred=n/a               gold=n/a  correct=True  running‐acc=0.803
[ 153/600] loss=2.2139  pred=n/a    gold=n/a  running‐acc=0.686
Locality eval: pred=true              gold=true  correct=True  running‐acc=0.804
[ 154/600] loss=2.0665  pred=false  gold=n/a  running‐acc=0.682
Locality eval: pred=true              gold=true  correct=True  running‐acc=0.805
[ 155/600] loss=2.0013  pred=n/a    gold=true  running‐acc=0.677
Locality eval: pred=n/a               gold=n/a  correct=True  running‐acc=0.806
[ 156/600] loss=2.0372  pred=n/a    gold=n/a  running‐acc=0.679
Locality eval: pred=true.             gold=true  correct=True  running‐acc=0.808
[ 157/600] loss=2.5204  pred=n/a    gold=true  running‐acc=0.675
Locality eval: pred=n/a               gold=n/a  correct=True  running‐acc=0.809
[ 158/600] loss=2.1149  pred=n/a    gold=n/a  running‐acc=0.677
Locality eval: pred=true              gold=true  correct=True  running‐acc=0.810
[ 159/600] loss=2.1107  pred=n/a    gold=n/a  running‐acc=0.679
Locality eval: pred=true.             gold=true  correct=True  running‐acc=0.811
[ 160/600] loss=2.1046  pred=n/a    gold=n/a  running‐acc=0.681
Locality eval: pred=n/a               gold=true  correct=False  running‐acc=0.806
[ 161/600] loss=2.7810  pred=n/a    gold=true  running‐acc=0.677
Locality eval: pred=n/a               gold=n/a  correct=True  running‐acc=0.807
[ 162/600] loss=1.6626  pred=n/a    gold=n/a  running‐acc=0.679
Locality eval: pred=true              gold=true  correct=True  running‐acc=0.809
[ 163/600] loss=2.0833  pred=n/a    gold=n/a  running‐acc=0.681
Locality eval: pred=true.             gold=true  correct=True  running‐acc=0.810
[ 164/600] loss=2.2361  pred=n/a    gold=n/a  running‐acc=0.683
Locality eval: pred=true.             gold=true  correct=True  running‐acc=0.811
[ 165/600] loss=2.8439  pred=n/a    gold=true  running‐acc=0.679
Locality eval: pred=false             gold=n/a  correct=False  running‐acc=0.806
[ 166/600] loss=2.3759  pred=true   gold=true  running‐acc=0.681
Locality eval: pred=n/a               gold=n/a  correct=True  running‐acc=0.807
[ 167/600] loss=2.3977  pred=n/a    gold=n/a  running‐acc=0.683
Locality eval: pred=true              gold=true  correct=True  running‐acc=0.808
[ 168/600] loss=2.6546  pred=n/a    gold=true  running‐acc=0.679
Locality eval: pred=n/a               gold=n/a  correct=True  running‐acc=0.810
[ 169/600] loss=2.3751  pred=n/a    gold=n/a  running‐acc=0.680
Locality eval: pred=true              gold=true  correct=True  running‐acc=0.811
[ 170/600] loss=2.1252  pred=n/a    gold=n/a  running‐acc=0.682
Locality eval: pred=true              gold=true  correct=True  running‐acc=0.812
[ 171/600] loss=2.1511  pred=n/a    gold=n/a  running‐acc=0.684
Locality eval: pred=true.             gold=true  correct=True  running‐acc=0.813
[ 172/600] loss=2.2651  pred=true   gold=true  running‐acc=0.686
Locality eval: pred=n/a               gold=n/a  correct=True  running‐acc=0.814
[ 173/600] loss=2.4097  pred=n/a    gold=n/a  running‐acc=0.688
Locality eval: pred=true              gold=true  correct=True  running‐acc=0.815
[ 174/600] loss=2.3748  pred=false  gold=true  running‐acc=0.684
Locality eval: pred=n/a               gold=n/a  correct=True  running‐acc=0.816
[ 175/600] loss=2.3475  pred=false  gold=true  running‐acc=0.680
Locality eval: pred=n/a               gold=n/a  correct=True  running‐acc=0.817
[ 176/600] loss=2.2074  pred=n/a    gold=n/a  running‐acc=0.682
Locality eval: pred=true              gold=true  correct=True  running‐acc=0.818
[ 177/600] loss=2.4881  pred=true   gold=true  running‐acc=0.684
Locality eval: pred=n/a               gold=n/a  correct=True  running‐acc=0.819
[ 178/600] loss=2.1092  pred=n/a    gold=n/a  running‐acc=0.685
Locality eval: pred=true              gold=true  correct=True  running‐acc=0.820
[ 179/600] loss=2.1413  pred=n/a    gold=n/a  running‐acc=0.687
Locality eval: pred=true              gold=true  correct=True  running‐acc=0.821
[ 180/600] loss=2.7010  pred=n/a    gold=true  running‐acc=0.683
Locality eval: pred=n/a               gold=n/a  correct=True  running‐acc=0.822
[ 181/600] loss=2.2206  pred=n/a    gold=n/a  running‐acc=0.685
Locality eval: pred=true              gold=true  correct=True  running‐acc=0.823
[ 182/600] loss=2.0678  pred=n/a    gold=n/a  running‐acc=0.687
Locality eval: pred=true              gold=true  correct=True  running‐acc=0.824
[ 183/600] loss=2.0304  pred=n/a    gold=true  running‐acc=0.683
Locality eval: pred=n/a               gold=n/a  correct=True  running‐acc=0.825
[ 184/600] loss=2.9785  pred=false  gold=true  running‐acc=0.679
Locality eval: pred=n/a               gold=n/a  correct=True  running‐acc=0.826
[ 185/600] loss=2.4829  pred=false  gold=true  running‐acc=0.676
Locality eval: pred=n/a               gold=n/a  correct=True  running‐acc=0.827
[ 186/600] loss=2.6920  pred=n/a    gold=true  running‐acc=0.672
Locality eval: pred=n/a               gold=n/a  correct=True  running‐acc=0.828
[ 187/600] loss=1.9720  pred=n/a    gold=n/a  running‐acc=0.674
Locality eval: pred=false             gold=true  correct=False  running‐acc=0.824
[ 188/600] loss=1.8774  pred=n/a    gold=n/a  running‐acc=0.676
Locality eval: pred=n/a               gold=true  correct=False  running‐acc=0.819
[ 189/600] loss=2.9317  pred=true   gold=true  running‐acc=0.677
Locality eval: pred=n/a               gold=n/a  correct=True  running‐acc=0.820
[ 190/600] loss=2.1220  pred=n/a    gold=n/a  running‐acc=0.679
Locality eval: pred=true              gold=true  correct=True  running‐acc=0.821
[ 191/600] loss=2.1570  pred=n/a    gold=n/a  running‐acc=0.681
Locality eval: pred=true              gold=true  correct=True  running‐acc=0.822
[ 192/600] loss=2.2472  pred=n/a    gold=n/a  running‐acc=0.682
Locality eval: pred=n/a               gold=true  correct=False  running‐acc=0.818
[ 193/600] loss=2.6383  pred=true   gold=true  running‐acc=0.684
Locality eval: pred=n/a               gold=n/a  correct=True  running‐acc=0.819
[ 194/600] loss=2.5266  pred=n/a    gold=true  running‐acc=0.680
Locality eval: pred=n/a               gold=n/a  correct=True  running‐acc=0.820
[ 195/600] loss=2.2876  pred=n/a    gold=true  running‐acc=0.677
Locality eval: pred=n/a               gold=n/a  correct=True  running‐acc=0.821
[ 196/600] loss=2.8709  pred=n/a    gold=true  running‐acc=0.673
Locality eval: pred=n/a               gold=n/a  correct=True  running‐acc=0.821
[ 197/600] loss=2.5056  pred=n/a    gold=true  running‐acc=0.670
Locality eval: pred=false             gold=n/a  correct=False  running‐acc=0.817
[ 198/600] loss=2.1105  pred=false  gold=n/a  running‐acc=0.667
Locality eval: pred=n/a               gold=true  correct=False  running‐acc=0.813
[ 199/600] loss=1.7513  pred=false  gold=true  running‐acc=0.663
Locality eval: pred=n/a               gold=n/a  correct=True  running‐acc=0.814
[ 200/600] loss=2.6645  pred=n/a    gold=true  running‐acc=0.660
Locality eval: pred=n/a               gold=n/a  correct=True  running‐acc=0.815
[ 201/600] loss=2.0865  pred=n/a    gold=n/a  running‐acc=0.662
Locality eval: pred=n/a               gold=true  correct=False  running‐acc=0.811
[ 202/600] loss=2.2933  pred=n/a    gold=n/a  running‐acc=0.663
Locality eval: pred=n/a               gold=true  correct=False  running‐acc=0.807
[ 203/600] loss=1.0321  pred=true   gold=true  running‐acc=0.665
Locality eval: pred=n/a               gold=n/a  correct=True  running‐acc=0.808
[ 204/600] loss=2.3775  pred=false  gold=n/a  running‐acc=0.662
Locality eval: pred=true.             gold=true  correct=True  running‐acc=0.809
[ 205/600] loss=2.6241  pred=n/a    gold=true  running‐acc=0.659
Locality eval: pred=n/a               gold=n/a  correct=True  running‐acc=0.810
[ 206/600] loss=2.0616  pred=n/a    gold=n/a  running‐acc=0.660
Locality eval: pred=n/a               gold=true  correct=False  running‐acc=0.806
[ 207/600] loss=2.1505  pred=false  gold=n/a  running‐acc=0.657
Locality eval: pred=true              gold=true  correct=True  running‐acc=0.807
[ 208/600] loss=2.2517  pred=false  gold=true  running‐acc=0.654
Locality eval: pred=false             gold=n/a  correct=False  running‐acc=0.803
[ 209/600] loss=2.0389  pred=n/a    gold=n/a  running‐acc=0.656
Locality eval: pred=false             gold=true  correct=False  running‐acc=0.799
[ 210/600] loss=2.2579  pred=n/a    gold=n/a  running‐acc=0.657
Locality eval: pred=true              gold=true  correct=True  running‐acc=0.800
[ 211/600] loss=2.5706  pred=true   gold=true  running‐acc=0.659
Locality eval: pred=n/a               gold=n/a  correct=True  running‐acc=0.801
[ 212/600] loss=2.0386  pred=false.  gold=n/a  running‐acc=0.656
Locality eval: pred=true              gold=true  correct=True  running‐acc=0.802
[ 213/600] loss=3.0077  pred=n/a    gold=true  running‐acc=0.653
Locality eval: pred=n/a               gold=n/a  correct=True  running‐acc=0.803
[ 214/600] loss=2.0069  pred=n/a    gold=n/a  running‐acc=0.654
Locality eval: pred=n/a               gold=true  correct=False  running‐acc=0.799
[ 215/600] loss=2.5500  pred=true.  gold=true  running‐acc=0.656
Locality eval: pred=n/a               gold=n/a  correct=True  running‐acc=0.800
[ 216/600] loss=2.2002  pred=n/a    gold=n/a  running‐acc=0.657
Locality eval: pred=true.             gold=true  correct=True  running‐acc=0.801
[ 217/600] loss=2.3035  pred=n/a    gold=true  running‐acc=0.654
Locality eval: pred=n/a               gold=n/a  correct=True  running‐acc=0.802
[ 218/600] loss=1.9751  pred=n/a    gold=n/a  running‐acc=0.656
Locality eval: pred=true              gold=true  correct=True  running‐acc=0.803
[ 219/600] loss=2.7000  pred=n/a    gold=true  running‐acc=0.653
Locality eval: pred=n/a               gold=n/a  correct=True  running‐acc=0.804
[ 220/600] loss=2.0308  pred=false  gold=n/a  running‐acc=0.650
Locality eval: pred=true              gold=true  correct=True  running‐acc=0.805
[ 221/600] loss=2.2312  pred=n/a    gold=n/a  running‐acc=0.652
Locality eval: pred=true              gold=true  correct=True  running‐acc=0.805
[ 222/600] loss=2.1220  pred=n/a    gold=n/a  running‐acc=0.653
Locality eval: pred=true              gold=true  correct=True  running‐acc=0.806
[ 223/600] loss=2.1173  pred=n/a    gold=n/a  running‐acc=0.655
Locality eval: pred=true              gold=true  correct=True  running‐acc=0.807
[ 224/600] loss=2.3648  pred=n/a    gold=n/a  running‐acc=0.656
Locality eval: pred=n/a               gold=true  correct=False  running‐acc=0.804
[ 225/600] loss=2.2153  pred=n/a    gold=n/a  running‐acc=0.658
Locality eval: pred=true              gold=true  correct=True  running‐acc=0.804
[ 226/600] loss=2.5338  pred=true.  gold=true  running‐acc=0.659
Locality eval: pred=n/a               gold=n/a  correct=True  running‐acc=0.805
[ 227/600] loss=2.1773  pred=n/a    gold=n/a  running‐acc=0.661
Locality eval: pred=n/a               gold=true  correct=False  running‐acc=0.802
[ 228/600] loss=2.1055  pred=n/a    gold=n/a  running‐acc=0.662
Locality eval: pred=n/a               gold=true  correct=False  running‐acc=0.798
[ 229/600] loss=1.9468  pred=true   gold=n/a  running‐acc=0.659
Locality eval: pred=true              gold=true  correct=True  running‐acc=0.799
[ 230/600] loss=2.0144  pred=n/a    gold=n/a  running‐acc=0.661
Locality eval: pred=true              gold=true  correct=True  running‐acc=0.800
[ 231/600] loss=2.0506  pred=n/a    gold=n/a  running‐acc=0.662
Locality eval: pred=true              gold=true  correct=True  running‐acc=0.801
[ 232/600] loss=2.0751  pred=n/a    gold=n/a  running‐acc=0.664
Locality eval: pred=true              gold=true  correct=True  running‐acc=0.802
[ 233/600] loss=2.6736  pred=true   gold=true  running‐acc=0.665
Locality eval: pred=n/a               gold=n/a  correct=True  running‐acc=0.803
[ 234/600] loss=2.3403  pred=true   gold=true  running‐acc=0.667
Locality eval: pred=n/a               gold=n/a  correct=True  running‐acc=0.803
[ 235/600] loss=2.3837  pred=n/a    gold=n/a  running‐acc=0.668
Locality eval: pred=true              gold=true  correct=True  running‐acc=0.804
[ 236/600] loss=2.0693  pred=n/a    gold=n/a  running‐acc=0.669
Locality eval: pred=true              gold=true  correct=True  running‐acc=0.805
[ 237/600] loss=2.5274  pred=n/a    gold=true  running‐acc=0.667
Locality eval: pred=n/a               gold=n/a  correct=True  running‐acc=0.806
[ 238/600] loss=2.1176  pred=       gold=n/a  running‐acc=0.664
Locality eval: pred=true              gold=true  correct=True  running‐acc=0.807
[ 239/600] loss=2.0649  pred=n/a    gold=n/a  running‐acc=0.665
Locality eval: pred=n/a               gold=true  correct=False  running‐acc=0.803
[ 240/600] loss=2.2590  pred=n/a    gold=true  running‐acc=0.662
Locality eval: pred=n/a               gold=n/a  correct=True  running‐acc=0.804
[ 241/600] loss=2.1282  pred=n/a    gold=n/a  running‐acc=0.664
Locality eval: pred=true              gold=true  correct=True  running‐acc=0.805
[ 242/600] loss=1.9994  pred=n/a    gold=n/a  running‐acc=0.665
Locality eval: pred=true              gold=true  correct=True  running‐acc=0.806
[ 243/600] loss=2.1402  pred=n/a    gold=n/a  running‐acc=0.667
Locality eval: pred=true              gold=true  correct=True  running‐acc=0.807
[ 244/600] loss=2.8380  pred=true   gold=true  running‐acc=0.668
Locality eval: pred=n/a               gold=n/a  correct=True  running‐acc=0.807
[ 245/600] loss=2.6635  pred=n/a    gold=true  running‐acc=0.665
Locality eval: pred=n/a               gold=n/a  correct=True  running‐acc=0.808
[ 246/600] loss=2.8105  pred=true   gold=true  running‐acc=0.667
Locality eval: pred=n/a               gold=n/a  correct=True  running‐acc=0.809
[ 247/600] loss=2.6278  pred=n/a    gold=true  running‐acc=0.664
Locality eval: pred=n/a               gold=n/a  correct=True  running‐acc=0.810
[ 248/600] loss=2.4866  pred=n/a    gold=true  running‐acc=0.661
Locality eval: pred=n/a               gold=n/a  correct=True  running‐acc=0.810
[ 249/600] loss=1.7907  pred=n/a    gold=n/a  running‐acc=0.663
Locality eval: pred=true.             gold=true  correct=True  running‐acc=0.811
[ 250/600] loss=2.3514  pred=n/a    gold=true  running‐acc=0.660
Locality eval: pred=n/a               gold=n/a  correct=True  running‐acc=0.812
[ 251/600] loss=1.7877  pred=n/a    gold=n/a  running‐acc=0.661
Locality eval: pred=false             gold=true  correct=False  running‐acc=0.809
[ 252/600] loss=1.9400  pred=n/a    gold=n/a  running‐acc=0.663
Locality eval: pred=true              gold=true  correct=True  running‐acc=0.810
[ 253/600] loss=2.3481  pred=false  gold=true  running‐acc=0.660
Locality eval: pred=n/a               gold=n/a  correct=True  running‐acc=0.810
[ 254/600] loss=2.8632  pred=n/a    gold=true  running‐acc=0.657
Locality eval: pred=n/a               gold=n/a  correct=True  running‐acc=0.811
[ 255/600] loss=2.1441  pred=n/a    gold=n/a  running‐acc=0.659
Locality eval: pred=n/a               gold=true  correct=False  running‐acc=0.808
[ 256/600] loss=2.0057  pred=n/a    gold=n/a  running‐acc=0.660
Locality eval: pred=true.             gold=true  correct=True  running‐acc=0.809
[ 257/600] loss=1.9991  pred=n/a    gold=n/a  running‐acc=0.661
Locality eval: pred=true              gold=true  correct=True  running‐acc=0.809
[ 258/600] loss=2.0057  pred=n/a    gold=n/a  running‐acc=0.663
Locality eval: pred=true              gold=true  correct=True  running‐acc=0.810
[ 259/600] loss=2.5646  pred=n/a    gold=true  running‐acc=0.660
Locality eval: pred=n/a               gold=n/a  correct=True  running‐acc=0.811
[ 260/600] loss=2.3460  pred=true   gold=true  running‐acc=0.662
Locality eval: pred=n/a               gold=n/a  correct=True  running‐acc=0.812
[ 261/600] loss=2.5935  pred=true   gold=true  running‐acc=0.663
Locality eval: pred=n/a               gold=n/a  correct=True  running‐acc=0.812
[ 262/600] loss=2.2373  pred=n/a    gold=true  running‐acc=0.660
Locality eval: pred=n/a               gold=n/a  correct=True  running‐acc=0.813
[ 263/600] loss=2.0591  pred=false  gold=n/a  running‐acc=0.658
Locality eval: pred=false             gold=true  correct=False  running‐acc=0.810
[ 264/600] loss=2.1012  pred=n/a    gold=n/a  running‐acc=0.659
Locality eval: pred=true              gold=true  correct=True  running‐acc=0.811
[ 265/600] loss=2.3260  pred=n/a    gold=true  running‐acc=0.657
Locality eval: pred=n/a               gold=n/a  correct=True  running‐acc=0.811
[ 266/600] loss=2.0271  pred=n/a    gold=n/a  running‐acc=0.658
Locality eval: pred=true.             gold=true  correct=True  running‐acc=0.812
[ 267/600] loss=2.2194  pred=n/a    gold=n/a  running‐acc=0.659
Locality eval: pred=n/a               gold=true  correct=False  running‐acc=0.809
[ 268/600] loss=2.2244  pred=false  gold=true  running‐acc=0.657
Locality eval: pred=n/a               gold=n/a  correct=True  running‐acc=0.810
[ 269/600] loss=1.8549  pred=n/a    gold=n/a  running‐acc=0.658
Locality eval: pred=true              gold=true  correct=True  running‐acc=0.810
[ 270/600] loss=2.4674  pred=n/a    gold=true  running‐acc=0.656
Locality eval: pred=n/a               gold=n/a  correct=True  running‐acc=0.811
[ 271/600] loss=1.7637  pred=n/a    gold=n/a  running‐acc=0.657
Locality eval: pred=true              gold=true  correct=True  running‐acc=0.812
[ 272/600] loss=2.5640  pred=n/a    gold=true  running‐acc=0.654
Locality eval: pred=n/a               gold=n/a  correct=True  running‐acc=0.812
[ 273/600] loss=1.9035  pred=n/a    gold=n/a  running‐acc=0.656
Locality eval: pred=false             gold=true  correct=False  running‐acc=0.810
[ 274/600] loss=2.1269  pred=n/a    gold=n/a  running‐acc=0.657
Locality eval: pred=true.             gold=true  correct=True  running‐acc=0.810
[ 275/600] loss=2.2891  pred=true   gold=true  running‐acc=0.658
Locality eval: pred=n/a               gold=n/a  correct=True  running‐acc=0.811
[ 276/600] loss=2.2382  pred=n/a    gold=n/a  running‐acc=0.659
Locality eval: pred=n/a               gold=true  correct=False  running‐acc=0.808
[ 277/600] loss=2.5972  pred=n/a    gold=true  running‐acc=0.657
Locality eval: pred=n/a               gold=n/a  correct=True  running‐acc=0.809
[ 278/600] loss=2.1591  pred=n/a    gold=n/a  running‐acc=0.658
Locality eval: pred=true              gold=true  correct=True  running‐acc=0.809
[ 279/600] loss=2.3833  pred=true   gold=true  running‐acc=0.659
Locality eval: pred=n/a               gold=n/a  correct=True  running‐acc=0.810
[ 280/600] loss=2.2021  pred=n/a    gold=n/a  running‐acc=0.661
Locality eval: pred=true              gold=true  correct=True  running‐acc=0.811
[ 281/600] loss=2.3345  pred=true   gold=true  running‐acc=0.662
Locality eval: pred=n/a               gold=n/a  correct=True  running‐acc=0.811
[ 282/600] loss=2.6671  pred=n/a    gold=true  running‐acc=0.660
Locality eval: pred=n/a               gold=n/a  correct=True  running‐acc=0.812
[ 283/600] loss=2.0615  pred=n/a    gold=n/a  running‐acc=0.661
Locality eval: pred=true              gold=true  correct=True  running‐acc=0.813
[ 284/600] loss=2.3023  pred=n/a    gold=n/a  running‐acc=0.662
Locality eval: pred=true              gold=true  correct=True  running‐acc=0.813
[ 285/600] loss=2.6075  pred=true   gold=true  running‐acc=0.663
Locality eval: pred=n/a               gold=n/a  correct=True  running‐acc=0.814
[ 286/600] loss=2.1219  pred=false  gold=n/a  running‐acc=0.661
Locality eval: pred=true.             gold=true  correct=True  running‐acc=0.815
[ 287/600] loss=2.1330  pred=n/a    gold=n/a  running‐acc=0.662
Locality eval: pred=n/a               gold=true  correct=False  running‐acc=0.812
[ 288/600] loss=2.4398  pred=n/a    gold=true  running‐acc=0.660
Locality eval: pred=false.            gold=n/a  correct=False  running‐acc=0.809
[ 289/600] loss=3.4647  pred=n/a    gold=true  running‐acc=0.657
Locality eval: pred=n/a               gold=n/a  correct=True  running‐acc=0.810
[ 290/600] loss=2.2047  pred=n/a    gold=n/a  running‐acc=0.659
Locality eval: pred=n/a               gold=true  correct=False  running‐acc=0.807
[ 291/600] loss=2.5930  pred=true   gold=true  running‐acc=0.660
Locality eval: pred=false             gold=n/a  correct=False  running‐acc=0.804
[ 292/600] loss=2.5154  pred=n/a    gold=true  running‐acc=0.658
Locality eval: pred=n/a               gold=n/a  correct=True  running‐acc=0.805
[ 293/600] loss=2.6739  pred=true   gold=true  running‐acc=0.659
Locality eval: pred=n/a               gold=n/a  correct=True  running‐acc=0.805
[ 294/600] loss=2.3637  pred=n/a    gold=true  running‐acc=0.656
Locality eval: pred=n/a               gold=n/a  correct=True  running‐acc=0.806
[ 295/600] loss=2.1395  pred=n/a    gold=n/a  running‐acc=0.658
Locality eval: pred=true.             gold=true  correct=True  running‐acc=0.807
[ 296/600] loss=2.2540  pred=n/a    gold=n/a  running‐acc=0.659
Locality eval: pred=true              gold=true  correct=True  running‐acc=0.807
[ 297/600] loss=2.7502  pred=n/a    gold=true  running‐acc=0.657
Locality eval: pred=n/a               gold=n/a  correct=True  running‐acc=0.808
[ 298/600] loss=2.4779  pred=false  gold=true  running‐acc=0.654
Locality eval: pred=n/a               gold=n/a  correct=True  running‐acc=0.809
[ 299/600] loss=2.1348  pred=n/a    gold=n/a  running‐acc=0.656
Locality eval: pred=true              gold=true  correct=True  running‐acc=0.809
[ 300/600] loss=2.1600  pred=n/a    gold=n/a  running‐acc=0.657
Locality eval: pred=true              gold=true  correct=True  running‐acc=0.810
[ 301/600] loss=2.4129  pred=n/a    gold=true  running‐acc=0.654
Locality eval: pred=n/a               gold=n/a  correct=True  running‐acc=0.811
[ 302/600] loss=2.6982  pred=false  gold=true  running‐acc=0.652
Locality eval: pred=false.            gold=n/a  correct=False  running‐acc=0.808
[ 303/600] loss=2.3382  pred=true   gold=true  running‐acc=0.653
Locality eval: pred=n/a               gold=n/a  correct=True  running‐acc=0.809
[ 304/600] loss=2.3396  pred=true   gold=true  running‐acc=0.655
Locality eval: pred=n/a               gold=n/a  correct=True  running‐acc=0.809
[ 305/600] loss=2.7970  pred=false  gold=true  running‐acc=0.652
Locality eval: pred=n/a               gold=n/a  correct=True  running‐acc=0.810
[ 306/600] loss=2.4674  pred=n/a    gold=true  running‐acc=0.650
Locality eval: pred=n/a               gold=n/a  correct=True  running‐acc=0.810
[ 307/600] loss=2.6298  pred=n/a    gold=true  running‐acc=0.648
Locality eval: pred=n/a               gold=n/a  correct=True  running‐acc=0.811
[ 308/600] loss=2.6237  pred=true   gold=true  running‐acc=0.649
Locality eval: pred=n/a               gold=n/a  correct=True  running‐acc=0.812
[ 309/600] loss=2.5662  pred=true   gold=true  running‐acc=0.650
Locality eval: pred=n/a               gold=n/a  correct=True  running‐acc=0.812
[ 310/600] loss=1.9901  pred=n/a    gold=n/a  running‐acc=0.652
Locality eval: pred=true              gold=true  correct=True  running‐acc=0.813
[ 311/600] loss=2.5334  pred=n/a    gold=true  running‐acc=0.650
Locality eval: pred=n/a               gold=n/a  correct=True  running‐acc=0.814
[ 312/600] loss=2.4316  pred=true   gold=true  running‐acc=0.651
Locality eval: pred=n/a               gold=n/a  correct=True  running‐acc=0.814
[ 313/600] loss=1.9048  pred=n/a    gold=n/a  running‐acc=0.652
Locality eval: pred=true.             gold=true  correct=True  running‐acc=0.815
[ 314/600] loss=1.7492  pred=n/a    gold=n/a  running‐acc=0.653
Locality eval: pred=true              gold=true  correct=True  running‐acc=0.815
[ 315/600] loss=2.0777  pred=false  gold=n/a  running‐acc=0.651
Locality eval: pred=false             gold=true  correct=False  running‐acc=0.813
[ 316/600] loss=2.5859  pred=false  gold=true  running‐acc=0.649
Locality eval: pred=n/a               gold=n/a  correct=True  running‐acc=0.813
[ 317/600] loss=2.5633  pred=n/a    gold=true  running‐acc=0.647
Locality eval: pred=n/a               gold=n/a  correct=True  running‐acc=0.814
[ 318/600] loss=2.9531  pred=n/a    gold=true  running‐acc=0.645
Locality eval: pred=n/a               gold=n/a  correct=True  running‐acc=0.814
[ 319/600] loss=2.2509  pred=n/a    gold=n/a  running‐acc=0.646
Locality eval: pred=n/a               gold=true  correct=False  running‐acc=0.812
[ 320/600] loss=2.3523  pred=false  gold=n/a  running‐acc=0.644
Locality eval: pred=n/a               gold=true  correct=False  running‐acc=0.809
[ 321/600] loss=2.3697  pred=n/a    gold=true  running‐acc=0.642
Locality eval: pred=n/a               gold=n/a  correct=True  running‐acc=0.810
[ 322/600] loss=2.7408  pred=true   gold=true  running‐acc=0.643
Locality eval: pred=n/a               gold=n/a  correct=True  running‐acc=0.811
[ 323/600] loss=2.1044  pred=n/a    gold=n/a  running‐acc=0.644
Locality eval: pred=n/a               gold=true  correct=False  running‐acc=0.808
[ 324/600] loss=2.1497  pred=n/a    gold=n/a  running‐acc=0.645
Locality eval: pred=n/a               gold=true  correct=False  running‐acc=0.806
[ 325/600] loss=2.6330  pred=n/a    gold=true  running‐acc=0.643
Locality eval: pred=n/a               gold=n/a  correct=True  running‐acc=0.806
[ 326/600] loss=2.2465  pred=n/a    gold=n/a  running‐acc=0.644
Locality eval: pred=true              gold=true  correct=True  running‐acc=0.807
[ 327/600] loss=2.4810  pred=n/a    gold=true  running‐acc=0.642
Locality eval: pred=n/a               gold=n/a  correct=True  running‐acc=0.807
[ 328/600] loss=2.1212  pred=n/a    gold=n/a  running‐acc=0.643
Locality eval: pred=true              gold=true  correct=True  running‐acc=0.808
[ 329/600] loss=2.7523  pred=true   gold=true  running‐acc=0.644
Locality eval: pred=n/a               gold=n/a  correct=True  running‐acc=0.809
[ 330/600] loss=2.0735  pred=n/a    gold=n/a  running‐acc=0.645
Locality eval: pred=n/a               gold=true  correct=False  running‐acc=0.806
[ 331/600] loss=2.4378  pred=n/a    gold=true  running‐acc=0.644
Locality eval: pred=n/a               gold=n/a  correct=True  running‐acc=0.807
[ 332/600] loss=1.9612  pred=n/a    gold=n/a  running‐acc=0.645
Locality eval: pred=true              gold=true  correct=True  running‐acc=0.807
[ 333/600] loss=2.4973  pred=n/a    gold=true  running‐acc=0.643
Locality eval: pred=n/a               gold=n/a  correct=True  running‐acc=0.808
[ 334/600] loss=2.1675  pred=       gold=n/a  running‐acc=0.641
Locality eval: pred=n/a               gold=true  correct=False  running‐acc=0.805
[ 335/600] loss=2.6708  pred=false  gold=true  running‐acc=0.639
Locality eval: pred=true              gold=n/a  correct=False  running‐acc=0.803
[ 336/600] loss=2.1482  pred=n/a    gold=n/a  running‐acc=0.640
Locality eval: pred=true              gold=true  correct=True  running‐acc=0.804
[ 337/600] loss=2.1705  pred=n/a    gold=n/a  running‐acc=0.641
Locality eval: pred=n/a               gold=true  correct=False  running‐acc=0.801
[ 338/600] loss=1.6831  pred=n/a    gold=n/a  running‐acc=0.642
Locality eval: pred=true              gold=true  correct=True  running‐acc=0.802
[ 339/600] loss=1.8552  pred=n/a    gold=n/a  running‐acc=0.643
Locality eval: pred=true              gold=true  correct=True  running‐acc=0.802
[ 340/600] loss=2.1250  pred=n/a    gold=n/a  running‐acc=0.644
Locality eval: pred=true              gold=true  correct=True  running‐acc=0.803
[ 341/600] loss=2.3731  pred=true   gold=true  running‐acc=0.645
Locality eval: pred=n/a               gold=n/a  correct=True  running‐acc=0.804
[ 342/600] loss=2.6466  pred=n/a    gold=true  running‐acc=0.643
Locality eval: pred=n/a               gold=n/a  correct=True  running‐acc=0.804
[ 343/600] loss=1.6264  pred=n/a    gold=n/a  running‐acc=0.644
Locality eval: pred=n/a               gold=true  correct=False  running‐acc=0.802
[ 344/600] loss=2.0089  pred=n/a    gold=true  running‐acc=0.642
Locality eval: pred=n/a               gold=n/a  correct=True  running‐acc=0.802
[ 345/600] loss=2.0813  pred=n/a    gold=n/a  running‐acc=0.643
Locality eval: pred=false             gold=true  correct=False  running‐acc=0.800
[ 346/600] loss=2.3445  pred=true   gold=true  running‐acc=0.645
Locality eval: pred=n/a               gold=n/a  correct=True  running‐acc=0.801
[ 347/600] loss=2.0440  pred=n/a    gold=n/a  running‐acc=0.646
Locality eval: pred=n/a               gold=true  correct=False  running‐acc=0.798
[ 348/600] loss=2.1108  pred=n/a    gold=n/a  running‐acc=0.647
Locality eval: pred=true              gold=true  correct=True  running‐acc=0.799
[ 349/600] loss=2.0816  pred=n/a    gold=n/a  running‐acc=0.648
Locality eval: pred=true              gold=true  correct=True  running‐acc=0.799
[ 350/600] loss=2.1273  pred=n/a    gold=n/a  running‐acc=0.649
Locality eval: pred=true              gold=true  correct=True  running‐acc=0.800
[ 351/600] loss=1.9993  pred=false  gold=n/a  running‐acc=0.647
Locality eval: pred=false             gold=true  correct=False  running‐acc=0.798
[ 352/600] loss=2.1385  pred=n/a    gold=n/a  running‐acc=0.648
Locality eval: pred=true              gold=true  correct=True  running‐acc=0.798
[ 353/600] loss=2.1340  pred=n/a    gold=n/a  running‐acc=0.649
Locality eval: pred=true              gold=true  correct=True  running‐acc=0.799
[ 354/600] loss=2.0377  pred=true   gold=true  running‐acc=0.650
Locality eval: pred=n/a               gold=n/a  correct=True  running‐acc=0.799
[ 355/600] loss=2.4267  pred=true   gold=true  running‐acc=0.651
Locality eval: pred=n/a               gold=n/a  correct=True  running‐acc=0.800
[ 356/600] loss=2.6343  pred=n/a    gold=true  running‐acc=0.649
Locality eval: pred=n/a               gold=n/a  correct=True  running‐acc=0.801
[ 357/600] loss=2.2584  pred=n/a    gold=true  running‐acc=0.647
Locality eval: pred=n/a               gold=n/a  correct=True  running‐acc=0.801
[ 358/600] loss=2.5850  pred=n/a    gold=true  running‐acc=0.645
Locality eval: pred=n/a               gold=n/a  correct=True  running‐acc=0.802
[ 359/600] loss=2.5994  pred=true   gold=true  running‐acc=0.646
Locality eval: pred=n/a               gold=n/a  correct=True  running‐acc=0.802
[ 360/600] loss=1.9986  pred=n/a    gold=n/a  running‐acc=0.647
Locality eval: pred=true              gold=true  correct=True  running‐acc=0.803
[ 361/600] loss=2.1474  pred=true   gold=true  running‐acc=0.648
Locality eval: pred=n/a               gold=n/a  correct=True  running‐acc=0.803
[ 362/600] loss=2.5582  pred=true.  gold=true  running‐acc=0.649
Locality eval: pred=n/a               gold=n/a  correct=True  running‐acc=0.804
[ 363/600] loss=1.8939  pred=n/a    gold=n/a  running‐acc=0.650
Locality eval: pred=true              gold=true  correct=True  running‐acc=0.804
[ 364/600] loss=2.2652  pred=n/a    gold=true  running‐acc=0.648
Locality eval: pred=n/a               gold=n/a  correct=True  running‐acc=0.805
[ 365/600] loss=2.4480  pred=false  gold=true  running‐acc=0.647
Locality eval: pred=false             gold=n/a  correct=False  running‐acc=0.803
[ 366/600] loss=2.0500  pred=n/a    gold=n/a  running‐acc=0.648
Locality eval: pred=true.             gold=true  correct=True  running‐acc=0.803
[ 367/600] loss=1.9747  pred=n/a    gold=n/a  running‐acc=0.649
Locality eval: pred=true              gold=true  correct=True  running‐acc=0.804
[ 368/600] loss=2.2234  pred=true   gold=true  running‐acc=0.649
Locality eval: pred=n/a               gold=n/a  correct=True  running‐acc=0.804
[ 369/600] loss=2.0000  pred=false  gold=n/a  running‐acc=0.648
Locality eval: pred=n/a               gold=true  correct=False  running‐acc=0.802
[ 370/600] loss=2.0479  pred=n/a    gold=n/a  running‐acc=0.649
Locality eval: pred=true              gold=true  correct=True  running‐acc=0.803
[ 371/600] loss=2.6834  pred=n/a    gold=true  running‐acc=0.647
Locality eval: pred=n/a               gold=n/a  correct=True  running‐acc=0.803
[ 372/600] loss=2.7469  pred=n/a    gold=true  running‐acc=0.645
Locality eval: pred=n/a               gold=n/a  correct=True  running‐acc=0.804
[ 373/600] loss=2.3092  pred=n/a    gold=true  running‐acc=0.643
Locality eval: pred=n/a               gold=n/a  correct=True  running‐acc=0.804
[ 374/600] loss=1.9938  pred=n/a    gold=n/a  running‐acc=0.644
Locality eval: pred=n/a               gold=true  correct=False  running‐acc=0.802
[ 375/600] loss=2.7660  pred=true   gold=true  running‐acc=0.645
Locality eval: pred=n/a               gold=n/a  correct=True  running‐acc=0.803
[ 376/600] loss=2.9241  pred=false  gold=true  running‐acc=0.644
Locality eval: pred=false             gold=n/a  correct=False  running‐acc=0.801
[ 377/600] loss=3.0008  pred=n/a    gold=true  running‐acc=0.642
Locality eval: pred=n/a               gold=n/a  correct=True  running‐acc=0.801
[ 378/600] loss=2.4396  pred=n/a    gold=true  running‐acc=0.640
Locality eval: pred=n/a               gold=n/a  correct=True  running‐acc=0.802
[ 379/600] loss=2.1671  pred=true   gold=true  running‐acc=0.641
Locality eval: pred=n/a               gold=n/a  correct=True  running‐acc=0.802
[ 380/600] loss=2.5972  pred=true   gold=true  running‐acc=0.642
Locality eval: pred=true              gold=n/a  correct=False  running‐acc=0.800
[ 381/600] loss=1.9928  pred=n/a    gold=n/a  running‐acc=0.643
Locality eval: pred=n/a               gold=true  correct=False  running‐acc=0.798
[ 382/600] loss=2.0479  pred=n/a    gold=n/a  running‐acc=0.644
Locality eval: pred=true              gold=true  correct=True  running‐acc=0.798
[ 383/600] loss=2.1078  pred=false  gold=n/a  running‐acc=0.642
Locality eval: pred=n/a               gold=true  correct=False  running‐acc=0.796
[ 384/600] loss=2.1929  pred=n/a    gold=n/a  running‐acc=0.643
Locality eval: pred=true              gold=true  correct=True  running‐acc=0.797
[ 385/600] loss=2.7749  pred=n/a    gold=true  running‐acc=0.642
Locality eval: pred=n/a               gold=n/a  correct=True  running‐acc=0.797
[ 386/600] loss=2.4072  pred=false  gold=true  running‐acc=0.640
Locality eval: pred=n/a               gold=n/a  correct=True  running‐acc=0.798
[ 387/600] loss=2.0584  pred=n/a    gold=n/a  running‐acc=0.641
Locality eval: pred=true              gold=true  correct=True  running‐acc=0.798
[ 388/600] loss=2.4470  pred=true   gold=true  running‐acc=0.642
Locality eval: pred=n/a               gold=n/a  correct=True  running‐acc=0.799
[ 389/600] loss=1.9829  pred=n/a    gold=n/a  running‐acc=0.643
Locality eval: pred=true              gold=true  correct=True  running‐acc=0.799
[ 390/600] loss=2.5839  pred=true.  gold=true  running‐acc=0.644
Locality eval: pred=n/a               gold=n/a  correct=True  running‐acc=0.800
[ 391/600] loss=2.8506  pred=n/a    gold=true  running‐acc=0.642
Locality eval: pred=false             gold=n/a  correct=False  running‐acc=0.798
[ 392/600] loss=1.7840  pred=n/a    gold=n/a  running‐acc=0.643
Locality eval: pred=n/a               gold=true  correct=False  running‐acc=0.796
[ 393/600] loss=1.8870  pred=n/a    gold=n/a  running‐acc=0.644
Locality eval: pred=true              gold=true  correct=True  running‐acc=0.796
[ 394/600] loss=1.9371  pred=n/a    gold=n/a  running‐acc=0.645
Locality eval: pred=true              gold=true  correct=True  running‐acc=0.797
[ 395/600] loss=2.8698  pred=n/a    gold=true  running‐acc=0.643
Locality eval: pred=n/a               gold=n/a  correct=True  running‐acc=0.797
[ 396/600] loss=2.4790  pred=true   gold=true  running‐acc=0.644
Locality eval: pred=n/a               gold=n/a  correct=True  running‐acc=0.798
[ 397/600] loss=2.0994  pred=n/a    gold=n/a  running‐acc=0.645
Locality eval: pred=true              gold=true  correct=True  running‐acc=0.798
[ 398/600] loss=3.1191  pred=n/a    gold=true  running‐acc=0.643
Locality eval: pred=n/a               gold=n/a  correct=True  running‐acc=0.799
[ 399/600] loss=2.1542  pred=false  gold=n/a  running‐acc=0.642
Locality eval: pred=true              gold=true  correct=True  running‐acc=0.799
[ 400/600] loss=2.5628  pred=n/a    gold=true  running‐acc=0.640
Locality eval: pred=n/a               gold=n/a  correct=True  running‐acc=0.800
[ 401/600] loss=2.7982  pred=false  gold=true  running‐acc=0.638
Locality eval: pred=n/a               gold=n/a  correct=True  running‐acc=0.800
[ 402/600] loss=2.1967  pred=n/a    gold=n/a  running‐acc=0.639
Locality eval: pred=true              gold=true  correct=True  running‐acc=0.801
[ 403/600] loss=2.4392  pred=n/a    gold=true  running‐acc=0.638
Locality eval: pred=n/a               gold=n/a  correct=True  running‐acc=0.801
[ 404/600] loss=2.7015  pred=false  gold=true  running‐acc=0.636
Locality eval: pred=false.            gold=n/a  correct=False  running‐acc=0.800
[ 405/600] loss=1.8850  pred=n/a    gold=n/a  running‐acc=0.637
Locality eval: pred=true              gold=true  correct=True  running‐acc=0.800
[ 406/600] loss=2.0739  pred=n/a    gold=n/a  running‐acc=0.638
Locality eval: pred=true              gold=true  correct=True  running‐acc=0.800
[ 407/600] loss=2.6225  pred=true   gold=true  running‐acc=0.639
Locality eval: pred=n/a               gold=n/a  correct=True  running‐acc=0.801
[ 408/600] loss=1.9112  pred=n/a    gold=n/a  running‐acc=0.640
Locality eval: pred=n/a               gold=true  correct=False  running‐acc=0.799
[ 409/600] loss=3.0893  pred=n/a    gold=true  running‐acc=0.638
Locality eval: pred=n/a               gold=n/a  correct=True  running‐acc=0.800
[ 410/600] loss=2.0362  pred=n/a    gold=n/a  running‐acc=0.639
Locality eval: pred=n/a               gold=true  correct=False  running‐acc=0.798
[ 411/600] loss=2.6291  pred=true   gold=true  running‐acc=0.640
Locality eval: pred=false.            gold=n/a  correct=False  running‐acc=0.796
[ 412/600] loss=2.3239  pred=n/a    gold=true  running‐acc=0.638
Locality eval: pred=false             gold=n/a  correct=False  running‐acc=0.794
[ 413/600] loss=2.7402  pred=n/a    gold=true  running‐acc=0.637
Locality eval: pred=n/a               gold=n/a  correct=True  running‐acc=0.794
[ 414/600] loss=2.5993  pred=false  gold=true  running‐acc=0.635
Locality eval: pred=false             gold=n/a  correct=False  running‐acc=0.792
[ 415/600] loss=2.2544  pred=n/a    gold=n/a  running‐acc=0.636
Locality eval: pred=true              gold=true  correct=True  running‐acc=0.793
[ 416/600] loss=2.8960  pred=n/a    gold=true  running‐acc=0.635
Locality eval: pred=n/a               gold=n/a  correct=True  running‐acc=0.793
[ 417/600] loss=1.9304  pred=n/a    gold=n/a  running‐acc=0.635
Locality eval: pred=true              gold=true  correct=True  running‐acc=0.794
[ 418/600] loss=2.1560  pred=n/a    gold=n/a  running‐acc=0.636
Locality eval: pred=true.             gold=true  correct=True  running‐acc=0.794
[ 419/600] loss=2.3401  pred=n/a    gold=true  running‐acc=0.635
Locality eval: pred=n/a               gold=n/a  correct=True  running‐acc=0.795
[ 420/600] loss=2.5388  pred=true   gold=true  running‐acc=0.636
Locality eval: pred=n/a               gold=n/a  correct=True  running‐acc=0.795
[ 421/600] loss=2.3930  pred=n/a    gold=true  running‐acc=0.634
Locality eval: pred=n/a               gold=n/a  correct=True  running‐acc=0.796
[ 422/600] loss=2.7085  pred=true   gold=true  running‐acc=0.635
Locality eval: pred=n/a               gold=n/a  correct=True  running‐acc=0.796
[ 423/600] loss=2.3864  pred=true   gold=true  running‐acc=0.636
Locality eval: pred=n/a               gold=n/a  correct=True  running‐acc=0.797
[ 424/600] loss=2.1279  pred=n/a    gold=n/a  running‐acc=0.637
Locality eval: pred=n/a               gold=true  correct=False  running‐acc=0.795
[ 425/600] loss=2.2681  pred=n/a    gold=n/a  running‐acc=0.638
Locality eval: pred=true              gold=true  correct=True  running‐acc=0.795
[ 426/600] loss=2.2505  pred=n/a    gold=n/a  running‐acc=0.638
Locality eval: pred=false             gold=true  correct=False  running‐acc=0.793
[ 427/600] loss=2.8973  pred=n/a    gold=true  running‐acc=0.637
Locality eval: pred=n/a               gold=n/a  correct=True  running‐acc=0.794
[ 428/600] loss=2.6280  pred=n/a    gold=true  running‐acc=0.636
Locality eval: pred=n/a               gold=n/a  correct=True  running‐acc=0.794
[ 429/600] loss=2.5294  pred=n/a    gold=true  running‐acc=0.634
Locality eval: pred=n/a               gold=n/a  correct=True  running‐acc=0.795
[ 430/600] loss=2.1105  pred=n/a    gold=n/a  running‐acc=0.635
Locality eval: pred=true              gold=true  correct=True  running‐acc=0.795
[ 431/600] loss=2.8551  pred=n/a    gold=true  running‐acc=0.633
Locality eval: pred=n/a               gold=n/a  correct=True  running‐acc=0.796
[ 432/600] loss=2.6861  pred=n/a    gold=true  running‐acc=0.632
Locality eval: pred=n/a               gold=n/a  correct=True  running‐acc=0.796
[ 433/600] loss=2.3160  pred=true   gold=true  running‐acc=0.633
Locality eval: pred=n/a               gold=n/a  correct=True  running‐acc=0.797
[ 434/600] loss=2.0579  pred=n/a    gold=n/a  running‐acc=0.634
Locality eval: pred=true              gold=true  correct=True  running‐acc=0.797
[ 435/600] loss=2.2512  pred=n/a    gold=n/a  running‐acc=0.634
Locality eval: pred=n/a               gold=true  correct=False  running‐acc=0.795
[ 436/600] loss=2.7210  pred=n/a    gold=true  running‐acc=0.633
Locality eval: pred=n/a               gold=n/a  correct=True  running‐acc=0.796
[ 437/600] loss=2.1218  pred=true   gold=true  running‐acc=0.634
Locality eval: pred=n/a               gold=n/a  correct=True  running‐acc=0.796
[ 438/600] loss=2.2453  pred=n/a    gold=n/a  running‐acc=0.635
Locality eval: pred=true              gold=true  correct=True  running‐acc=0.797
[ 439/600] loss=2.1620  pred=n/a    gold=n/a  running‐acc=0.636
Locality eval: pred=n/a               gold=true  correct=False  running‐acc=0.795
[ 440/600] loss=2.3586  pred=n/a    gold=true  running‐acc=0.634
Locality eval: pred=n/a               gold=n/a  correct=True  running‐acc=0.795
[ 441/600] loss=2.1337  pred=n/a    gold=n/a  running‐acc=0.635
Locality eval: pred=n/a               gold=true  correct=False  running‐acc=0.794
[ 442/600] loss=3.1072  pred=true   gold=true  running‐acc=0.636
Locality eval: pred=n/a               gold=n/a  correct=True  running‐acc=0.794
[ 443/600] loss=2.5707  pred=n/a    gold=true  running‐acc=0.634
Locality eval: pred=n/a               gold=n/a  correct=True  running‐acc=0.795
[ 444/600] loss=2.3438  pred=true   gold=true  running‐acc=0.635
Locality eval: pred=true              gold=n/a  correct=False  running‐acc=0.793
[ 445/600] loss=2.3184  pred=n/a    gold=true  running‐acc=0.634
Locality eval: pred=n/a               gold=n/a  correct=True  running‐acc=0.793
[ 446/600] loss=2.9795  pred=true   gold=true  running‐acc=0.635
Locality eval: pred=n/a               gold=n/a  correct=True  running‐acc=0.794
[ 447/600] loss=2.2094  pred=n/a    gold=true  running‐acc=0.633
Locality eval: pred=n/a               gold=n/a  correct=True  running‐acc=0.794
[ 448/600] loss=2.9023  pred=true   gold=true  running‐acc=0.634
Locality eval: pred=n/a               gold=n/a  correct=True  running‐acc=0.795
[ 449/600] loss=2.8552  pred=n/a    gold=true  running‐acc=0.633
Locality eval: pred=n/a               gold=n/a  correct=True  running‐acc=0.795
[ 450/600] loss=1.9746  pred=n/a    gold=n/a  running‐acc=0.633
Locality eval: pred=true              gold=true  correct=True  running‐acc=0.796
[ 451/600] loss=2.4413  pred=n/a    gold=true  running‐acc=0.632
Locality eval: pred=n/a               gold=n/a  correct=True  running‐acc=0.796
[ 452/600] loss=2.1411  pred=n/a    gold=n/a  running‐acc=0.633
Locality eval: pred=n/a               gold=true  correct=False  running‐acc=0.794
[ 453/600] loss=1.9826  pred=n/a    gold=n/a  running‐acc=0.634
Locality eval: pred=true.             gold=true  correct=True  running‐acc=0.795
[ 454/600] loss=1.9786  pred=n/a    gold=n/a  running‐acc=0.634
Locality eval: pred=true              gold=true  correct=True  running‐acc=0.795
[ 455/600] loss=2.6736  pred=true   gold=true  running‐acc=0.635
Locality eval: pred=n/a               gold=n/a  correct=True  running‐acc=0.796
[ 456/600] loss=1.7549  pred=n/a    gold=n/a  running‐acc=0.636
Locality eval: pred=n/a               gold=true  correct=False  running‐acc=0.794
[ 457/600] loss=2.0460  pred=n/a    gold=n/a  running‐acc=0.637
Locality eval: pred=n/a               gold=true  correct=False  running‐acc=0.792
[ 458/600] loss=2.0477  pred=n/a    gold=n/a  running‐acc=0.638
Locality eval: pred=true              gold=true  correct=True  running‐acc=0.793
[ 459/600] loss=2.3882  pred=false  gold=true  running‐acc=0.636
Locality eval: pred=n/a               gold=n/a  correct=True  running‐acc=0.793
[ 460/600] loss=2.5685  pred=true   gold=true  running‐acc=0.637
Locality eval: pred=n/a               gold=n/a  correct=True  running‐acc=0.793
[ 461/600] loss=2.1169  pred=n/a    gold=n/a  running‐acc=0.638
Locality eval: pred=n/a               gold=true  correct=False  running‐acc=0.792
[ 462/600] loss=2.0741  pred=n/a    gold=n/a  running‐acc=0.639
Locality eval: pred=true              gold=true  correct=True  running‐acc=0.792
[ 463/600] loss=2.4313  pred=true   gold=true  running‐acc=0.639
Locality eval: pred=n/a               gold=n/a  correct=True  running‐acc=0.793
[ 464/600] loss=1.9976  pred=n/a    gold=n/a  running‐acc=0.640
Locality eval: pred=false             gold=true  correct=False  running‐acc=0.791
[ 465/600] loss=2.1481  pred=n/a    gold=n/a  running‐acc=0.641
Locality eval: pred=n/a               gold=true  correct=False  running‐acc=0.789
[ 466/600] loss=2.0763  pred=n/a    gold=n/a  running‐acc=0.642
Locality eval: pred=true              gold=true  correct=True  running‐acc=0.790
[ 467/600] loss=1.9915  pred=n/a    gold=n/a  running‐acc=0.642
Locality eval: pred=n/a               gold=true  correct=False  running‐acc=0.788
[ 468/600] loss=2.1531  pred=n/a    gold=n/a  running‐acc=0.643
Locality eval: pred=true              gold=true  correct=True  running‐acc=0.788
[ 469/600] loss=2.3129  pred=n/a    gold=true  running‐acc=0.642
Locality eval: pred=n/a               gold=n/a  correct=True  running‐acc=0.789
[ 470/600] loss=2.1412  pred=n/a    gold=n/a  running‐acc=0.643
Locality eval: pred=true              gold=true  correct=True  running‐acc=0.789
[ 471/600] loss=2.1216  pred=n/a    gold=n/a  running‐acc=0.643
Locality eval: pred=true              gold=true  correct=True  running‐acc=0.790
[ 472/600] loss=2.8510  pred=n/a    gold=true  running‐acc=0.642
Locality eval: pred=n/a               gold=n/a  correct=True  running‐acc=0.790
[ 473/600] loss=2.2483  pred=n/a    gold=n/a  running‐acc=0.643
Locality eval: pred=n/a               gold=true  correct=False  running‐acc=0.789
[ 474/600] loss=2.7276  pred=n/a    gold=true  running‐acc=0.641
Locality eval: pred=n/a               gold=n/a  correct=True  running‐acc=0.789
[ 475/600] loss=2.2559  pred=n/a    gold=n/a  running‐acc=0.642
Locality eval: pred=true.             gold=true  correct=True  running‐acc=0.789
[ 476/600] loss=2.5866  pred=true   gold=true  running‐acc=0.643
Locality eval: pred=n/a               gold=n/a  correct=True  running‐acc=0.790
[ 477/600] loss=2.0600  pred=       gold=n/a  running‐acc=0.642
Locality eval: pred=false             gold=true  correct=False  running‐acc=0.788
[ 478/600] loss=2.5644  pred=n/a    gold=true  running‐acc=0.640
Locality eval: pred=n/a               gold=n/a  correct=True  running‐acc=0.789
[ 479/600] loss=2.0314  pred=n/a    gold=n/a  running‐acc=0.641
Locality eval: pred=true              gold=true  correct=True  running‐acc=0.789
[ 480/600] loss=2.1094  pred=n/a    gold=n/a  running‐acc=0.642
Locality eval: pred=true              gold=true  correct=True  running‐acc=0.790
[ 481/600] loss=2.0810  pred=n/a    gold=n/a  running‐acc=0.642
Locality eval: pred=n/a               gold=true  correct=False  running‐acc=0.788
[ 482/600] loss=2.6059  pred=true   gold=true  running‐acc=0.643
Locality eval: pred=n/a               gold=n/a  correct=True  running‐acc=0.788
[ 483/600] loss=1.7608  pred=false  gold=n/a  running‐acc=0.642
Locality eval: pred=true              gold=true  correct=True  running‐acc=0.789
[ 484/600] loss=2.3678  pred=n/a    gold=n/a  running‐acc=0.643
Locality eval: pred=true              gold=true  correct=True  running‐acc=0.789
[ 485/600] loss=2.2061  pred=n/a    gold=n/a  running‐acc=0.643
Locality eval: pred=true              gold=true  correct=True  running‐acc=0.790
[ 486/600] loss=2.0594  pred=n/a    gold=n/a  running‐acc=0.644
Locality eval: pred=true              gold=true  correct=True  running‐acc=0.790
[ 487/600] loss=2.1469  pred=n/a    gold=n/a  running‐acc=0.645
Locality eval: pred=false             gold=true  correct=False  running‐acc=0.789
[ 488/600] loss=2.0740  pred=n/a    gold=n/a  running‐acc=0.645
Locality eval: pred=true              gold=true  correct=True  running‐acc=0.789
[ 489/600] loss=2.7637  pred=false  gold=n/a  running‐acc=0.644
Locality eval: pred=true              gold=true  correct=True  running‐acc=0.789
[ 490/600] loss=2.1638  pred=n/a    gold=n/a  running‐acc=0.645
Locality eval: pred=true              gold=true  correct=True  running‐acc=0.790
[ 491/600] loss=2.1023  pred=n/a    gold=n/a  running‐acc=0.646
Locality eval: pred=n/a               gold=true  correct=False  running‐acc=0.788
[ 492/600] loss=2.8246  pred=n/a    gold=true  running‐acc=0.644
Locality eval: pred=n/a               gold=n/a  correct=True  running‐acc=0.789
[ 493/600] loss=2.3548  pred=n/a    gold=n/a  running‐acc=0.645
Locality eval: pred=n/a               gold=true  correct=False  running‐acc=0.787
[ 494/600] loss=1.8173  pred=n/a    gold=n/a  running‐acc=0.646
Locality eval: pred=true              gold=true  correct=True  running‐acc=0.787
[ 495/600] loss=2.0035  pred=false  gold=n/a  running‐acc=0.644
Locality eval: pred=n/a               gold=true  correct=False  running‐acc=0.786
[ 496/600] loss=2.3619  pred=n/a    gold=n/a  running‐acc=0.645
Locality eval: pred=true              gold=true  correct=True  running‐acc=0.786
[ 497/600] loss=2.6628  pred=n/a    gold=true  running‐acc=0.644
Locality eval: pred=n/a               gold=n/a  correct=True  running‐acc=0.787
[ 498/600] loss=2.0685  pred=true   gold=true  running‐acc=0.645
Locality eval: pred=n/a               gold=n/a  correct=True  running‐acc=0.787
[ 499/600] loss=2.3564  pred=n/a    gold=n/a  running‐acc=0.645
Locality eval: pred=true              gold=true  correct=True  running‐acc=0.788
[ 500/600] loss=2.1034  pred=n/a    gold=n/a  running‐acc=0.646
Locality eval: pred=n/a               gold=true  correct=False  running‐acc=0.786
[ 501/600] loss=2.2914  pred=n/a    gold=n/a  running‐acc=0.647
Locality eval: pred=false             gold=true  correct=False  running‐acc=0.784
[ 502/600] loss=1.8826  pred=n/a    gold=n/a  running‐acc=0.647
Locality eval: pred=n/a               gold=true  correct=False  running‐acc=0.783
[ 503/600] loss=1.9983  pred=false  gold=true  running‐acc=0.646
Locality eval: pred=n/a               gold=n/a  correct=True  running‐acc=0.783
[ 504/600] loss=2.5555  pred=n/a    gold=true  running‐acc=0.645
Locality eval: pred=n/a               gold=n/a  correct=True  running‐acc=0.784
[ 505/600] loss=2.6526  pred=n/a    gold=true  running‐acc=0.644
Locality eval: pred=n/a               gold=n/a  correct=True  running‐acc=0.784
[ 506/600] loss=2.7205  pred=false  gold=true  running‐acc=0.642
Locality eval: pred=n/a               gold=n/a  correct=True  running‐acc=0.785
[ 507/600] loss=2.5011  pred=n/a    gold=true  running‐acc=0.641
Locality eval: pred=n/a               gold=n/a  correct=True  running‐acc=0.785
[ 508/600] loss=2.7493  pred=n/a    gold=true  running‐acc=0.640
Locality eval: pred=n/a               gold=n/a  correct=True  running‐acc=0.785
[ 509/600] loss=2.8604  pred=n/a    gold=true  running‐acc=0.639
Locality eval: pred=n/a               gold=n/a  correct=True  running‐acc=0.786
[ 510/600] loss=2.6099  pred=n/a    gold=true  running‐acc=0.637
Locality eval: pred=n/a               gold=n/a  correct=True  running‐acc=0.786
[ 511/600] loss=2.1481  pred=n/a    gold=n/a  running‐acc=0.638
Locality eval: pred=true              gold=true  correct=True  running‐acc=0.787
[ 512/600] loss=2.2666  pred=n/a    gold=true  running‐acc=0.637
Locality eval: pred=false             gold=n/a  correct=False  running‐acc=0.785
[ 513/600] loss=1.9831  pred=n/a    gold=n/a  running‐acc=0.637
Locality eval: pred=true              gold=true  correct=True  running‐acc=0.786
[ 514/600] loss=3.0807  pred=n/a    gold=true  running‐acc=0.636
Locality eval: pred=n/a               gold=n/a  correct=True  running‐acc=0.786
[ 515/600] loss=2.0401  pred=n/a    gold=n/a  running‐acc=0.637
Locality eval: pred=true              gold=true  correct=True  running‐acc=0.786
[ 516/600] loss=2.1091  pred=n/a    gold=n/a  running‐acc=0.638
Locality eval: pred=true              gold=true  correct=True  running‐acc=0.787
[ 517/600] loss=1.9860  pred=n/a    gold=n/a  running‐acc=0.638
Locality eval: pred=true.             gold=true  correct=True  running‐acc=0.787
[ 518/600] loss=2.0571  pred=n/a    gold=n/a  running‐acc=0.639
Locality eval: pred=true              gold=true  correct=True  running‐acc=0.788
[ 519/600] loss=2.6549  pred=true   gold=true  running‐acc=0.640
Locality eval: pred=n/a               gold=n/a  correct=True  running‐acc=0.788
[ 520/600] loss=3.1024  pred=n/a    gold=true  running‐acc=0.638
Locality eval: pred=n/a               gold=n/a  correct=True  running‐acc=0.788
[ 521/600] loss=2.3147  pred=n/a    gold=true  running‐acc=0.637
Locality eval: pred=false             gold=n/a  correct=False  running‐acc=0.787
[ 522/600] loss=2.6698  pred=n/a    gold=true  running‐acc=0.636
Locality eval: pred=true              gold=n/a  correct=False  running‐acc=0.785
[ 523/600] loss=2.1643  pred=n/a    gold=n/a  running‐acc=0.637
Locality eval: pred=true              gold=true  correct=True  running‐acc=0.786
[ 524/600] loss=2.3375  pred=false.  gold=true  running‐acc=0.635
Locality eval: pred=n/a               gold=n/a  correct=True  running‐acc=0.786
[ 525/600] loss=2.7481  pred=n/a    gold=true  running‐acc=0.634
Locality eval: pred=n/a               gold=n/a  correct=True  running‐acc=0.787
[ 526/600] loss=2.5125  pred=true   gold=true  running‐acc=0.635
Locality eval: pred=n/a               gold=n/a  correct=True  running‐acc=0.787
[ 527/600] loss=2.1556  pred=n/a    gold=n/a  running‐acc=0.636
Locality eval: pred=n/a               gold=true  correct=False  running‐acc=0.786
[ 528/600] loss=2.5572  pred=true   gold=true  running‐acc=0.636
Locality eval: pred=n/a               gold=n/a  correct=True  running‐acc=0.786
[ 529/600] loss=1.7603  pred=n/a    gold=n/a  running‐acc=0.637
Locality eval: pred=n/a               gold=true  correct=False  running‐acc=0.784
[ 530/600] loss=2.8559  pred=true   gold=true  running‐acc=0.638
Locality eval: pred=n/a               gold=n/a  correct=True  running‐acc=0.785
[ 531/600] loss=2.3983  pred=n/a    gold=n/a  running‐acc=0.638
Locality eval: pred=true              gold=true  correct=True  running‐acc=0.785
[ 532/600] loss=2.5518  pred=true   gold=true  running‐acc=0.639
Locality eval: pred=n/a               gold=n/a  correct=True  running‐acc=0.786
[ 533/600] loss=2.2463  pred=n/a    gold=n/a  running‐acc=0.640
Locality eval: pred=n/a               gold=true  correct=False  running‐acc=0.784
[ 534/600] loss=2.5338  pred=true   gold=true  running‐acc=0.640
Locality eval: pred=n/a               gold=n/a  correct=True  running‐acc=0.785
[ 535/600] loss=2.3681  pred=n/a    gold=true  running‐acc=0.639
Locality eval: pred=n/a               gold=n/a  correct=True  running‐acc=0.785
[ 536/600] loss=2.3315  pred=true   gold=true  running‐acc=0.640
Locality eval: pred=n/a               gold=n/a  correct=True  running‐acc=0.785
[ 537/600] loss=2.1040  pred=n/a    gold=n/a  running‐acc=0.641
Locality eval: pred=true              gold=true  correct=True  running‐acc=0.786
[ 538/600] loss=2.7791  pred=n/a    gold=true  running‐acc=0.639
Locality eval: pred=n/a               gold=n/a  correct=True  running‐acc=0.786
[ 539/600] loss=2.2404  pred=true   gold=true  running‐acc=0.640
Locality eval: pred=n/a               gold=n/a  correct=True  running‐acc=0.787
[ 540/600] loss=1.9682  pred=n/a    gold=n/a  running‐acc=0.641
Locality eval: pred=true              gold=true  correct=True  running‐acc=0.787
[ 541/600] loss=2.1648  pred=n/a    gold=n/a  running‐acc=0.641
Locality eval: pred=true              gold=true  correct=True  running‐acc=0.787
[ 542/600] loss=2.0599  pred=n/a    gold=n/a  running‐acc=0.642
Locality eval: pred=true              gold=true  correct=True  running‐acc=0.788
[ 543/600] loss=2.1360  pred=false  gold=n/a  running‐acc=0.641
Locality eval: pred=true              gold=true  correct=True  running‐acc=0.788
[ 544/600] loss=2.2157  pred=n/a    gold=n/a  running‐acc=0.642
Locality eval: pred=true              gold=true  correct=True  running‐acc=0.789
[ 545/600] loss=2.6302  pred=n/a    gold=true  running‐acc=0.640
Locality eval: pred=n/a               gold=n/a  correct=True  running‐acc=0.789
[ 546/600] loss=1.9064  pred=n/a    gold=n/a  running‐acc=0.641
Locality eval: pred=true              gold=true  correct=True  running‐acc=0.789
[ 547/600] loss=2.6537  pred=n/a    gold=true  running‐acc=0.640
Locality eval: pred=n/a               gold=n/a  correct=True  running‐acc=0.790
[ 548/600] loss=2.6715  pred=n/a    gold=true  running‐acc=0.639
Locality eval: pred=n/a               gold=n/a  correct=True  running‐acc=0.790
[ 549/600] loss=2.2575  pred=n/a    gold=true  running‐acc=0.638
Locality eval: pred=n/a               gold=n/a  correct=True  running‐acc=0.791
[ 550/600] loss=2.3569  pred=n/a    gold=n/a  running‐acc=0.638
Locality eval: pred=true              gold=true  correct=True  running‐acc=0.791
[ 551/600] loss=2.6580  pred=n/a    gold=true  running‐acc=0.637
Locality eval: pred=n/a               gold=n/a  correct=True  running‐acc=0.791
[ 552/600] loss=2.0656  pred=n/a    gold=n/a  running‐acc=0.638
Locality eval: pred=true.             gold=true  correct=True  running‐acc=0.792
[ 553/600] loss=2.0409  pred=false  gold=n/a  running‐acc=0.637
Locality eval: pred=n/a               gold=true  correct=False  running‐acc=0.790
[ 554/600] loss=2.9870  pred=n/a    gold=true  running‐acc=0.635
Locality eval: pred=n/a               gold=n/a  correct=True  running‐acc=0.791
[ 555/600] loss=2.0734  pred=n/a    gold=n/a  running‐acc=0.636
Locality eval: pred=true.             gold=true  correct=True  running‐acc=0.791
[ 556/600] loss=1.9284  pred=n/a    gold=n/a  running‐acc=0.637
Locality eval: pred=n/a               gold=true  correct=False  running‐acc=0.790
[ 557/600] loss=2.0203  pred=n/a    gold=n/a  running‐acc=0.637
Locality eval: pred=true              gold=true  correct=True  running‐acc=0.790
[ 558/600] loss=2.2560  pred=true   gold=true  running‐acc=0.638
Locality eval: pred=n/a               gold=n/a  correct=True  running‐acc=0.790
[ 559/600] loss=2.9735  pred=false  gold=true  running‐acc=0.637
Locality eval: pred=n/a               gold=n/a  correct=True  running‐acc=0.791
[ 560/600] loss=1.9732  pred=n/a    gold=n/a  running‐acc=0.637
Locality eval: pred=n/a               gold=true  correct=False  running‐acc=0.789
[ 561/600] loss=2.5597  pred=n/a    gold=true  running‐acc=0.636
Locality eval: pred=n/a               gold=n/a  correct=True  running‐acc=0.790
[ 562/600] loss=2.2477  pred=true   gold=true  running‐acc=0.637
Locality eval: pred=n/a               gold=n/a  correct=True  running‐acc=0.790
[ 563/600] loss=1.8190  pred=n/a    gold=n/a  running‐acc=0.638
Locality eval: pred=n/a               gold=true  correct=False  running‐acc=0.789
[ 564/600] loss=2.4842  pred=n/a    gold=true  running‐acc=0.637
Locality eval: pred=n/a               gold=n/a  correct=True  running‐acc=0.789
[ 565/600] loss=1.9713  pred=n/a    gold=n/a  running‐acc=0.637
Locality eval: pred=n/a               gold=true  correct=False  running‐acc=0.788
[ 566/600] loss=2.4820  pred=n/a    gold=true  running‐acc=0.636
Locality eval: pred=n/a               gold=n/a  correct=True  running‐acc=0.788
[ 567/600] loss=2.7572  pred=false  gold=true  running‐acc=0.635
Locality eval: pred=false             gold=n/a  correct=False  running‐acc=0.787
[ 568/600] loss=2.0327  pred=n/a    gold=n/a  running‐acc=0.636
Locality eval: pred=true              gold=true  correct=True  running‐acc=0.787
[ 569/600] loss=2.6193  pred=true   gold=true  running‐acc=0.636
Locality eval: pred=n/a               gold=n/a  correct=True  running‐acc=0.787
[ 570/600] loss=2.4031  pred=true   gold=true  running‐acc=0.637
Locality eval: pred=n/a               gold=n/a  correct=True  running‐acc=0.788
[ 571/600] loss=2.4088  pred=n/a    gold=true  running‐acc=0.636
Locality eval: pred=n/a               gold=n/a  correct=True  running‐acc=0.788
[ 572/600] loss=2.7274  pred=n/a    gold=true  running‐acc=0.635
Locality eval: pred=n/a               gold=n/a  correct=True  running‐acc=0.788
[ 573/600] loss=2.5944  pred=true.  gold=true  running‐acc=0.635
Locality eval: pred=n/a               gold=n/a  correct=True  running‐acc=0.789
[ 574/600] loss=2.8491  pred=n/a    gold=true  running‐acc=0.634
Locality eval: pred=n/a               gold=n/a  correct=True  running‐acc=0.789
[ 575/600] loss=2.6438  pred=false  gold=true  running‐acc=0.633
Locality eval: pred=true              gold=n/a  correct=False  running‐acc=0.788
[ 576/600] loss=2.3765  pred=false  gold=true  running‐acc=0.632
Locality eval: pred=n/a               gold=n/a  correct=True  running‐acc=0.788
[ 577/600] loss=2.0912  pred=false  gold=true  running‐acc=0.631
Locality eval: pred=n/a               gold=n/a  correct=True  running‐acc=0.789
[ 578/600] loss=2.0769  pred=n/a    gold=n/a  running‐acc=0.631
Locality eval: pred=n/a               gold=true  correct=False  running‐acc=0.787
[ 579/600] loss=2.5030  pred=n/a    gold=true  running‐acc=0.630
Locality eval: pred=n/a               gold=n/a  correct=True  running‐acc=0.788
[ 580/600] loss=2.0638  pred=n/a    gold=n/a  running‐acc=0.631
Locality eval: pred=true              gold=true  correct=True  running‐acc=0.788
[ 581/600] loss=2.0995  pred=n/a    gold=n/a  running‐acc=0.632
Locality eval: pred=true              gold=true  correct=True  running‐acc=0.788
[ 582/600] loss=2.0777  pred=n/a    gold=n/a  running‐acc=0.632
Locality eval: pred=true              gold=true  correct=True  running‐acc=0.789
[ 583/600] loss=2.2481  pred=n/a    gold=n/a  running‐acc=0.633
Locality eval: pred=true              gold=true  correct=True  running‐acc=0.789
[ 584/600] loss=2.2306  pred=       gold=n/a  running‐acc=0.632
Locality eval: pred=true              gold=true  correct=True  running‐acc=0.789
[ 585/600] loss=2.0553  pred=n/a    gold=n/a  running‐acc=0.632
Locality eval: pred=true.             gold=true  correct=True  running‐acc=0.790
[ 586/600] loss=2.0425  pred=n/a    gold=n/a  running‐acc=0.633
Locality eval: pred=true              gold=true  correct=True  running‐acc=0.790
[ 587/600] loss=2.5707  pred=true   gold=true  running‐acc=0.634
Locality eval: pred=n/a               gold=n/a  correct=True  running‐acc=0.790
[ 588/600] loss=2.5328  pred=false  gold=true  running‐acc=0.633
Locality eval: pred=n/a               gold=n/a  correct=True  running‐acc=0.791
[ 589/600] loss=2.6248  pred=n/a    gold=true  running‐acc=0.632
Locality eval: pred=n/a               gold=n/a  correct=True  running‐acc=0.791
[ 590/600] loss=2.6223  pred=true   gold=true  running‐acc=0.632
Locality eval: pred=n/a               gold=n/a  correct=True  running‐acc=0.792
[ 591/600] loss=2.3492  pred=true   gold=true  running‐acc=0.633
Locality eval: pred=n/a               gold=n/a  correct=True  running‐acc=0.792
[ 592/600] loss=2.1932  pred=n/a    gold=n/a  running‐acc=0.633
Locality eval: pred=n/a               gold=true  correct=False  running‐acc=0.791
[ 593/600] loss=2.5283  pred=true   gold=true  running‐acc=0.634
Locality eval: pred=n/a               gold=n/a  correct=True  running‐acc=0.791
[ 594/600] loss=2.3969  pred=true   gold=n/a  running‐acc=0.633
Locality eval: pred=true              gold=true  correct=True  running‐acc=0.791
[ 595/600] loss=2.6606  pred=n/a    gold=true  running‐acc=0.632
Locality eval: pred=n/a               gold=n/a  correct=True  running‐acc=0.792
[ 596/600] loss=1.7718  pred=n/a    gold=n/a  running‐acc=0.633
Locality eval: pred=true              gold=true  correct=True  running‐acc=0.792
[ 597/600] loss=2.4964  pred=n/a    gold=n/a  running‐acc=0.633
Locality eval: pred=true              gold=true  correct=True  running‐acc=0.792
[ 598/600] loss=2.3636  pred=n/a    gold=true  running‐acc=0.632
Locality eval: pred=n/a               gold=n/a  correct=True  running‐acc=0.793
[ 599/600] loss=3.0592  pred=n/a    gold=true  running‐acc=0.631
Locality eval: pred=n/a               gold=n/a  correct=True  running‐acc=0.793
[ 600/600] loss=2.1379  pred=n/a    gold=n/a  running‐acc=0.632
Locality eval: pred=true              gold=true  correct=True  running‐acc=0.793

Finished in 2268.4s.  Final accuracy: 0.632.

