
Loading base model (4‐bit)…
Loading checkpoint shards:   0%|          | 0/2 [00:00<?, ?it/s]Loading checkpoint shards:  50%|█████     | 1/2 [00:10<00:10, 10.43s/it]Loading checkpoint shards: 100%|██████████| 2/2 [00:13<00:00,  6.29s/it]Loading checkpoint shards: 100%|██████████| 2/2 [00:13<00:00,  6.91s/it]
trainable params: 4,587,520 || all params: 3,217,337,344 || trainable%: 0.1426
  0%|          | 0/600 [00:00<?, ?it/s]100%|██████████| 600/600 [00:00<00:00, 34110.20it/s]
/project/uvadm/zhenyu/miniconda3/envs/mechanistic/lib/python3.10/site-packages/transformers/generation/configuration_utils.py:631: UserWarning: `do_sample` is set to `False`. However, `temperature` is set to `0.6` -- this flag is only used in sample-based generation modes. You should set `do_sample=True` or unset `temperature`.
  warnings.warn(
/project/uvadm/zhenyu/miniconda3/envs/mechanistic/lib/python3.10/site-packages/transformers/generation/configuration_utils.py:636: UserWarning: `do_sample` is set to `False`. However, `top_p` is set to `0.9` -- this flag is only used in sample-based generation modes. You should set `do_sample=True` or unset `top_p`.
  warnings.warn(
Loaded 600 (train, eval) pairs.

Starting sequential training…
Cached 112 LoRA tensors.
[   1/600] loss=0.1441  pred=true   gold=true  running‐acc=1.000
Locality eval: pred=true              gold=n/a  correct=False  running‐acc=0.000
[   2/600] loss=0.2526  pred=true   gold=true  running‐acc=1.000
Locality eval: pred=true              gold=n/a  correct=False  running‐acc=0.000
[   3/600] loss=0.3498  pred=true   gold=true  running‐acc=1.000
Locality eval: pred=n/a               gold=n/a  correct=True  running‐acc=0.333
[   4/600] loss=0.1470  pred=true   gold=true  running‐acc=1.000
Locality eval: pred=false             gold=n/a  correct=False  running‐acc=0.250
[   5/600] loss=0.1560  pred=true   gold=true  running‐acc=1.000
Locality eval: pred=true              gold=n/a  correct=False  running‐acc=0.200
[   6/600] loss=0.2446  pred=true   gold=true  running‐acc=1.000
Locality eval: pred=true              gold=n/a  correct=False  running‐acc=0.167
[   7/600] loss=0.3985  pred=n/a    gold=n/a  running‐acc=1.000
Locality eval: pred=n/a               gold=true  correct=False  running‐acc=0.143
[   8/600] loss=0.4308  pred=n/a    gold=n/a  running‐acc=1.000
Locality eval: pred=n/a               gold=true  correct=False  running‐acc=0.125
[   9/600] loss=0.2891  pred=true   gold=true  running‐acc=1.000
Locality eval: pred=true              gold=n/a  correct=False  running‐acc=0.111
[  10/600] loss=0.1688  pred=true   gold=true  running‐acc=1.000
Locality eval: pred=true              gold=n/a  correct=False  running‐acc=0.100
[  11/600] loss=0.4203  pred=true   gold=true  running‐acc=1.000
Locality eval: pred=true              gold=n/a  correct=False  running‐acc=0.091
[  12/600] loss=0.3007  pred=true   gold=true  running‐acc=1.000
Locality eval: pred=true              gold=n/a  correct=False  running‐acc=0.083
[  13/600] loss=0.5530  pred=       gold=n/a  running‐acc=0.923
Locality eval: pred=                  gold=true  correct=False  running‐acc=0.077
[  14/600] loss=0.4978  pred=       gold=n/a  running‐acc=0.857
Locality eval: pred=n/a               gold=true  correct=False  running‐acc=0.071
[  15/600] loss=0.1688  pred=true   gold=true  running‐acc=0.867
Locality eval: pred=true              gold=n/a  correct=False  running‐acc=0.067
[  16/600] loss=0.5079  pred=n/a    gold=n/a  running‐acc=0.875
Locality eval: pred=n/a               gold=true  correct=False  running‐acc=0.062
[  17/600] loss=0.4093  pred=n/a    gold=n/a  running‐acc=0.882
Locality eval: pred=                  gold=true  correct=False  running‐acc=0.059
[  18/600] loss=0.2213  pred=true   gold=true  running‐acc=0.889
Locality eval: pred=true              gold=n/a  correct=False  running‐acc=0.056
[  19/600] loss=0.7242  pred=true   gold=true  running‐acc=0.895
Locality eval: pred=true              gold=n/a  correct=False  running‐acc=0.053
[  20/600] loss=0.4321  pred=n/a    gold=n/a  running‐acc=0.900
Locality eval: pred=n/a               gold=true  correct=False  running‐acc=0.050
[  21/600] loss=0.3286  pred=n/a    gold=n/a  running‐acc=0.905
Locality eval: pred=n/a               gold=true  correct=False  running‐acc=0.048
[  22/600] loss=0.5219  pred=n/a    gold=n/a  running‐acc=0.909
Locality eval: pred=true              gold=true  correct=True  running‐acc=0.091
[  23/600] loss=0.3920  pred=n/a    gold=n/a  running‐acc=0.913
Locality eval: pred=true              gold=true  correct=True  running‐acc=0.130
[  24/600] loss=0.4639  pred=n/a    gold=n/a  running‐acc=0.917
Locality eval: pred=n/a               gold=true  correct=False  running‐acc=0.125
[  25/600] loss=0.3006  pred=true   gold=true  running‐acc=0.920
Locality eval: pred=n/a               gold=n/a  correct=True  running‐acc=0.160
[  26/600] loss=0.2996  pred=n/a    gold=n/a  running‐acc=0.923
Locality eval: pred=n/a               gold=true  correct=False  running‐acc=0.154
[  27/600] loss=0.3501  pred=n/a    gold=n/a  running‐acc=0.926
Locality eval: pred=n/a               gold=true  correct=False  running‐acc=0.148
[  28/600] loss=0.6254  pred=n/a    gold=n/a  running‐acc=0.929
Locality eval: pred=n/a               gold=true  correct=False  running‐acc=0.143
[  29/600] loss=0.3987  pred=n/a    gold=n/a  running‐acc=0.931
Locality eval: pred=n/a               gold=true  correct=False  running‐acc=0.138
[  30/600] loss=0.4779  pred=n/a    gold=n/a  running‐acc=0.933
Locality eval: pred=n/a               gold=true  correct=False  running‐acc=0.133
[  31/600] loss=0.2084  pred=true   gold=true  running‐acc=0.935
Locality eval: pred=false             gold=n/a  correct=False  running‐acc=0.129
[  32/600] loss=0.3502  pred=n/a    gold=n/a  running‐acc=0.938
Locality eval: pred=                  gold=true  correct=False  running‐acc=0.125
[  33/600] loss=0.4965  pred=n/a    gold=n/a  running‐acc=0.939
Locality eval: pred=                  gold=true  correct=False  running‐acc=0.121
[  34/600] loss=0.3642  pred=n/a    gold=n/a  running‐acc=0.941
Locality eval: pred=                  gold=true  correct=False  running‐acc=0.118
[  35/600] loss=0.2361  pred=true   gold=true  running‐acc=0.943
Locality eval: pred=true              gold=n/a  correct=False  running‐acc=0.114
[  36/600] loss=0.3352  pred=n/a    gold=n/a  running‐acc=0.944
Locality eval: pred=n/a               gold=true  correct=False  running‐acc=0.111
[  37/600] loss=0.3293  pred=true   gold=true  running‐acc=0.946
Locality eval: pred=true              gold=n/a  correct=False  running‐acc=0.108
[  38/600] loss=0.4182  pred=n/a    gold=n/a  running‐acc=0.947
Locality eval: pred=n/a               gold=true  correct=False  running‐acc=0.105
[  39/600] loss=0.3213  pred=true   gold=true  running‐acc=0.949
Locality eval: pred=true              gold=n/a  correct=False  running‐acc=0.103
[  40/600] loss=0.2336  pred=true   gold=true  running‐acc=0.950
Locality eval: pred=true              gold=n/a  correct=False  running‐acc=0.100
[  41/600] loss=0.1679  pred=true   gold=true  running‐acc=0.951
Locality eval: pred=true              gold=n/a  correct=False  running‐acc=0.098
[  42/600] loss=0.4580  pred=n/a    gold=n/a  running‐acc=0.952
Locality eval: pred=n/a               gold=true  correct=False  running‐acc=0.095
[  43/600] loss=0.2603  pred=true   gold=true  running‐acc=0.953
Locality eval: pred=n/a               gold=n/a  correct=True  running‐acc=0.116
[  44/600] loss=0.3732  pred=n/a    gold=n/a  running‐acc=0.955
Locality eval: pred=n/a               gold=true  correct=False  running‐acc=0.114
[  45/600] loss=0.4772  pred=n/a    gold=n/a  running‐acc=0.956
Locality eval: pred=n/a               gold=true  correct=False  running‐acc=0.111
[  46/600] loss=0.4338  pred=true   gold=true  running‐acc=0.957
Locality eval: pred=true              gold=n/a  correct=False  running‐acc=0.109
[  47/600] loss=0.1390  pred=true   gold=true  running‐acc=0.957
Locality eval: pred=n/a               gold=n/a  correct=True  running‐acc=0.128
[  48/600] loss=0.3329  pred=n/a    gold=n/a  running‐acc=0.958
Locality eval: pred=n/a               gold=true  correct=False  running‐acc=0.125
[  49/600] loss=0.2369  pred=true   gold=true  running‐acc=0.959
Locality eval: pred=true              gold=n/a  correct=False  running‐acc=0.122
[  50/600] loss=0.3327  pred=n/a    gold=n/a  running‐acc=0.960
Locality eval: pred=n/a               gold=true  correct=False  running‐acc=0.120
[  51/600] loss=0.1728  pred=true   gold=true  running‐acc=0.961
Locality eval: pred=true              gold=n/a  correct=False  running‐acc=0.118
[  52/600] loss=0.2856  pred=true   gold=true  running‐acc=0.962
Locality eval: pred=n/a               gold=n/a  correct=True  running‐acc=0.135
[  53/600] loss=0.3103  pred=n/a    gold=n/a  running‐acc=0.962
Locality eval: pred=                  gold=true  correct=False  running‐acc=0.132
[  54/600] loss=0.2864  pred=true   gold=true  running‐acc=0.963
Locality eval: pred=true              gold=n/a  correct=False  running‐acc=0.130
[  55/600] loss=0.3785  pred=n/a    gold=n/a  running‐acc=0.964
Locality eval: pred=n/a               gold=true  correct=False  running‐acc=0.127
[  56/600] loss=0.4632  pred=n/a    gold=n/a  running‐acc=0.964
Locality eval: pred=n/a               gold=true  correct=False  running‐acc=0.125
[  57/600] loss=0.2137  pred=true   gold=true  running‐acc=0.965
Locality eval: pred=true              gold=n/a  correct=False  running‐acc=0.123
[  58/600] loss=0.2250  pred=true   gold=true  running‐acc=0.966
Locality eval: pred=true              gold=n/a  correct=False  running‐acc=0.121
[  59/600] loss=0.2282  pred=true   gold=true  running‐acc=0.966
Locality eval: pred=true              gold=n/a  correct=False  running‐acc=0.119
[  60/600] loss=0.1317  pred=true   gold=true  running‐acc=0.967
Locality eval: pred=n/a               gold=n/a  correct=True  running‐acc=0.133
[  61/600] loss=0.2416  pred=true   gold=true  running‐acc=0.967
Locality eval: pred=true              gold=n/a  correct=False  running‐acc=0.131
[  62/600] loss=0.2037  pred=true   gold=true  running‐acc=0.968
Locality eval: pred=true              gold=n/a  correct=False  running‐acc=0.129
[  63/600] loss=0.3068  pred=n/a    gold=n/a  running‐acc=0.968
Locality eval: pred=n/a               gold=true  correct=False  running‐acc=0.127
[  64/600] loss=0.4107  pred=n/a    gold=n/a  running‐acc=0.969
Locality eval: pred=n/a               gold=true  correct=False  running‐acc=0.125
[  65/600] loss=0.4637  pred=n/a    gold=n/a  running‐acc=0.969
Locality eval: pred=n/a               gold=true  correct=False  running‐acc=0.123
[  66/600] loss=0.1432  pred=true   gold=true  running‐acc=0.970
Locality eval: pred=true              gold=n/a  correct=False  running‐acc=0.121
[  67/600] loss=0.1784  pred=true   gold=true  running‐acc=0.970
Locality eval: pred=true              gold=n/a  correct=False  running‐acc=0.119
[  68/600] loss=0.1272  pred=true   gold=true  running‐acc=0.971
Locality eval: pred=true              gold=n/a  correct=False  running‐acc=0.118
[  69/600] loss=0.4184  pred=n/a    gold=n/a  running‐acc=0.971
Locality eval: pred=                  gold=true  correct=False  running‐acc=0.116
[  70/600] loss=0.3991  pred=n/a    gold=n/a  running‐acc=0.971
Locality eval: pred=n/a               gold=true  correct=False  running‐acc=0.114
[  71/600] loss=0.1669  pred=n/a    gold=n/a  running‐acc=0.972
Locality eval: pred=                  gold=true  correct=False  running‐acc=0.113
[  72/600] loss=0.5121  pred=n/a    gold=n/a  running‐acc=0.972
Locality eval: pred=true              gold=true  correct=True  running‐acc=0.125
[  73/600] loss=0.2333  pred=true   gold=true  running‐acc=0.973
Locality eval: pred=true              gold=n/a  correct=False  running‐acc=0.123
[  74/600] loss=0.5579  pred=n/a    gold=n/a  running‐acc=0.973
Locality eval: pred=n/a               gold=true  correct=False  running‐acc=0.122
[  75/600] loss=0.3072  pred=n/a    gold=n/a  running‐acc=0.973
Locality eval: pred=                  gold=true  correct=False  running‐acc=0.120
[  76/600] loss=0.2491  pred=true   gold=true  running‐acc=0.974
Locality eval: pred=true              gold=n/a  correct=False  running‐acc=0.118
[  77/600] loss=0.2133  pred=true   gold=true  running‐acc=0.974
Locality eval: pred=false             gold=n/a  correct=False  running‐acc=0.117
[  78/600] loss=0.2354  pred=n/a    gold=n/a  running‐acc=0.974
Locality eval: pred=n/a               gold=true  correct=False  running‐acc=0.115
[  79/600] loss=0.2046  pred=true   gold=true  running‐acc=0.975
Locality eval: pred=n/a               gold=n/a  correct=True  running‐acc=0.127
[  80/600] loss=0.3470  pred=n/a    gold=n/a  running‐acc=0.975
Locality eval: pred=n/a               gold=true  correct=False  running‐acc=0.125
[  81/600] loss=0.4346  pred=n/a    gold=n/a  running‐acc=0.975
Locality eval: pred=n/a               gold=true  correct=False  running‐acc=0.123
[  82/600] loss=0.1856  pred=true   gold=true  running‐acc=0.976
Locality eval: pred=true              gold=n/a  correct=False  running‐acc=0.122
[  83/600] loss=0.4595  pred=n/a    gold=n/a  running‐acc=0.976
Locality eval: pred=                  gold=true  correct=False  running‐acc=0.120
[  84/600] loss=0.2019  pred=true   gold=true  running‐acc=0.976
Locality eval: pred=true              gold=n/a  correct=False  running‐acc=0.119
[  85/600] loss=0.4341  pred=n/a    gold=n/a  running‐acc=0.976
Locality eval: pred=n/a               gold=true  correct=False  running‐acc=0.118
[  86/600] loss=0.6062  pred=n/a    gold=n/a  running‐acc=0.977
Locality eval: pred=n/a               gold=true  correct=False  running‐acc=0.116
[  87/600] loss=0.3489  pred=n/a    gold=n/a  running‐acc=0.977
Locality eval: pred=n/a               gold=true  correct=False  running‐acc=0.115
[  88/600] loss=0.2090  pred=true   gold=true  running‐acc=0.977
Locality eval: pred=true              gold=n/a  correct=False  running‐acc=0.114
[  89/600] loss=0.2690  pred=true   gold=true  running‐acc=0.978
Locality eval: pred=true              gold=n/a  correct=False  running‐acc=0.112
[  90/600] loss=0.4766  pred=n/a    gold=n/a  running‐acc=0.978
Locality eval: pred=n/a               gold=true  correct=False  running‐acc=0.111
[  91/600] loss=0.3412  pred=n/a    gold=n/a  running‐acc=0.978
Locality eval: pred=n/a               gold=true  correct=False  running‐acc=0.110
[  92/600] loss=0.1218  pred=true   gold=true  running‐acc=0.978
Locality eval: pred=true              gold=n/a  correct=False  running‐acc=0.109
[  93/600] loss=0.3061  pred=n/a    gold=n/a  running‐acc=0.978
Locality eval: pred=n/a               gold=true  correct=False  running‐acc=0.108
[  94/600] loss=0.3792  pred=n/a    gold=n/a  running‐acc=0.979
Locality eval: pred=n/a               gold=true  correct=False  running‐acc=0.106
[  95/600] loss=0.0787  pred=true   gold=true  running‐acc=0.979
Locality eval: pred=true              gold=n/a  correct=False  running‐acc=0.105
[  96/600] loss=0.3615  pred=n/a    gold=n/a  running‐acc=0.979
Locality eval: pred=n/a               gold=true  correct=False  running‐acc=0.104
[  97/600] loss=0.7221  pred=       gold=n/a  running‐acc=0.969
Locality eval: pred=                  gold=true  correct=False  running‐acc=0.103
[  98/600] loss=0.3360  pred=n/a    gold=n/a  running‐acc=0.969
Locality eval: pred=n/a               gold=true  correct=False  running‐acc=0.102
[  99/600] loss=0.3350  pred=true   gold=true  running‐acc=0.970
Locality eval: pred=true              gold=n/a  correct=False  running‐acc=0.101
[ 100/600] loss=0.1310  pred=true   gold=true  running‐acc=0.970
Locality eval: pred=true              gold=n/a  correct=False  running‐acc=0.100
[ 101/600] loss=0.4886  pred=n/a    gold=n/a  running‐acc=0.970
Locality eval: pred=n/a               gold=true  correct=False  running‐acc=0.099
[ 102/600] loss=0.2969  pred=true   gold=true  running‐acc=0.971
Locality eval: pred=true              gold=n/a  correct=False  running‐acc=0.098
[ 103/600] loss=0.3649  pred=n/a    gold=n/a  running‐acc=0.971
Locality eval: pred=                  gold=true  correct=False  running‐acc=0.097
[ 104/600] loss=0.3277  pred=true   gold=true  running‐acc=0.971
Locality eval: pred=true              gold=n/a  correct=False  running‐acc=0.096
[ 105/600] loss=0.3005  pred=true   gold=true  running‐acc=0.971
Locality eval: pred=false             gold=n/a  correct=False  running‐acc=0.095
[ 106/600] loss=0.3043  pred=true   gold=true  running‐acc=0.972
Locality eval: pred=n/a               gold=n/a  correct=True  running‐acc=0.104
[ 107/600] loss=0.1670  pred=true   gold=true  running‐acc=0.972
Locality eval: pred=n/a               gold=n/a  correct=True  running‐acc=0.112
[ 108/600] loss=0.2977  pred=true   gold=true  running‐acc=0.972
Locality eval: pred=true              gold=n/a  correct=False  running‐acc=0.111
[ 109/600] loss=0.4355  pred=true   gold=true  running‐acc=0.972
Locality eval: pred=true              gold=n/a  correct=False  running‐acc=0.110
[ 110/600] loss=0.1598  pred=true   gold=true  running‐acc=0.973
Locality eval: pred=n/a               gold=n/a  correct=True  running‐acc=0.118
[ 111/600] loss=0.2383  pred=true   gold=true  running‐acc=0.973
Locality eval: pred=n/a               gold=n/a  correct=True  running‐acc=0.126
[ 112/600] loss=0.2596  pred=true   gold=true  running‐acc=0.973
Locality eval: pred=true              gold=n/a  correct=False  running‐acc=0.125
[ 113/600] loss=0.6606  pred=n/a    gold=n/a  running‐acc=0.973
Locality eval: pred=n/a               gold=true  correct=False  running‐acc=0.124
[ 114/600] loss=0.3985  pred=n/a    gold=n/a  running‐acc=0.974
Locality eval: pred=n/a               gold=true  correct=False  running‐acc=0.123
[ 115/600] loss=0.2305  pred=n/a    gold=n/a  running‐acc=0.974
Locality eval: pred=n/a               gold=true  correct=False  running‐acc=0.122
[ 116/600] loss=0.2659  pred=true   gold=true  running‐acc=0.974
Locality eval: pred=true              gold=n/a  correct=False  running‐acc=0.121
[ 117/600] loss=0.3968  pred=n/a    gold=n/a  running‐acc=0.974
Locality eval: pred=n/a               gold=true  correct=False  running‐acc=0.120
[ 118/600] loss=0.3638  pred=n/a    gold=n/a  running‐acc=0.975
Locality eval: pred=n/a               gold=true  correct=False  running‐acc=0.119
[ 119/600] loss=0.3205  pred=n/a    gold=n/a  running‐acc=0.975
Locality eval: pred=n/a               gold=true  correct=False  running‐acc=0.118
[ 120/600] loss=0.4331  pred=n/a    gold=n/a  running‐acc=0.975
Locality eval: pred=n/a               gold=true  correct=False  running‐acc=0.117
[ 121/600] loss=0.3470  pred=true   gold=true  running‐acc=0.975
Locality eval: pred=true              gold=n/a  correct=False  running‐acc=0.116
[ 122/600] loss=0.3410  pred=true   gold=true  running‐acc=0.975
Locality eval: pred=true              gold=n/a  correct=False  running‐acc=0.115
[ 123/600] loss=0.5444  pred=n/a    gold=n/a  running‐acc=0.976
Locality eval: pred=n/a               gold=true  correct=False  running‐acc=0.114
[ 124/600] loss=0.4932  pred=n/a    gold=n/a  running‐acc=0.976
Locality eval: pred=false             gold=true  correct=False  running‐acc=0.113
[ 125/600] loss=0.4547  pred=n/a    gold=n/a  running‐acc=0.976
Locality eval: pred=n/a               gold=true  correct=False  running‐acc=0.112
[ 126/600] loss=0.4027  pred=true   gold=true  running‐acc=0.976
Locality eval: pred=true              gold=n/a  correct=False  running‐acc=0.111
[ 127/600] loss=0.2575  pred=true   gold=true  running‐acc=0.976
Locality eval: pred=true              gold=n/a  correct=False  running‐acc=0.110
[ 128/600] loss=0.3631  pred=n/a    gold=n/a  running‐acc=0.977
Locality eval: pred=n/a               gold=true  correct=False  running‐acc=0.109
[ 129/600] loss=0.2119  pred=true   gold=true  running‐acc=0.977
Locality eval: pred=true              gold=n/a  correct=False  running‐acc=0.109
[ 130/600] loss=0.3906  pred=n/a    gold=n/a  running‐acc=0.977
Locality eval: pred=n/a               gold=true  correct=False  running‐acc=0.108
[ 131/600] loss=0.1640  pred=true   gold=true  running‐acc=0.977
Locality eval: pred=true              gold=n/a  correct=False  running‐acc=0.107
[ 132/600] loss=0.4391  pred=n/a    gold=n/a  running‐acc=0.977
Locality eval: pred=n/a               gold=true  correct=False  running‐acc=0.106
[ 133/600] loss=0.5126  pred=n/a    gold=n/a  running‐acc=0.977
Locality eval: pred=                  gold=true  correct=False  running‐acc=0.105
[ 134/600] loss=0.1808  pred=true   gold=true  running‐acc=0.978
Locality eval: pred=true              gold=n/a  correct=False  running‐acc=0.104
[ 135/600] loss=0.2489  pred=true   gold=true  running‐acc=0.978
Locality eval: pred=true              gold=n/a  correct=False  running‐acc=0.104
[ 136/600] loss=0.3286  pred=n/a    gold=n/a  running‐acc=0.978
Locality eval: pred=n/a               gold=true  correct=False  running‐acc=0.103
[ 137/600] loss=0.3608  pred=true   gold=true  running‐acc=0.978
Locality eval: pred=true              gold=n/a  correct=False  running‐acc=0.102
[ 138/600] loss=0.3509  pred=true   gold=true  running‐acc=0.978
Locality eval: pred=true              gold=n/a  correct=False  running‐acc=0.101
[ 139/600] loss=0.5761  pred=n/a    gold=n/a  running‐acc=0.978
Locality eval: pred=                  gold=true  correct=False  running‐acc=0.101
[ 140/600] loss=0.3246  pred=n/a    gold=n/a  running‐acc=0.979
Locality eval: pred=n/a               gold=true  correct=False  running‐acc=0.100
[ 141/600] loss=0.5089  pred=n/a    gold=n/a  running‐acc=0.979
Locality eval: pred=                  gold=true  correct=False  running‐acc=0.099
[ 142/600] loss=0.4734  pred=n/a    gold=n/a  running‐acc=0.979
Locality eval: pred=n/a               gold=true  correct=False  running‐acc=0.099
[ 143/600] loss=0.1198  pred=true   gold=true  running‐acc=0.979
Locality eval: pred=false             gold=n/a  correct=False  running‐acc=0.098
[ 144/600] loss=0.1803  pred=true   gold=true  running‐acc=0.979
Locality eval: pred=true              gold=n/a  correct=False  running‐acc=0.097
[ 145/600] loss=0.2433  pred=true   gold=true  running‐acc=0.979
Locality eval: pred=false             gold=n/a  correct=False  running‐acc=0.097
[ 146/600] loss=0.3028  pred=true   gold=true  running‐acc=0.979
Locality eval: pred=true              gold=n/a  correct=False  running‐acc=0.096
[ 147/600] loss=0.4154  pred=       gold=n/a  running‐acc=0.973
Locality eval: pred=                  gold=true  correct=False  running‐acc=0.095
[ 148/600] loss=0.4247  pred=true   gold=true  running‐acc=0.973
Locality eval: pred=true              gold=n/a  correct=False  running‐acc=0.095
[ 149/600] loss=0.2198  pred=n/a    gold=n/a  running‐acc=0.973
Locality eval: pred=n/a               gold=true  correct=False  running‐acc=0.094
[ 150/600] loss=0.4651  pred=n/a    gold=n/a  running‐acc=0.973
Locality eval: pred=n/a               gold=true  correct=False  running‐acc=0.093
[ 151/600] loss=0.1699  pred=true   gold=true  running‐acc=0.974
Locality eval: pred=true              gold=n/a  correct=False  running‐acc=0.093
[ 152/600] loss=0.1808  pred=true   gold=true  running‐acc=0.974
Locality eval: pred=false             gold=n/a  correct=False  running‐acc=0.092
[ 153/600] loss=0.4609  pred=n/a    gold=n/a  running‐acc=0.974
Locality eval: pred=n/a               gold=true  correct=False  running‐acc=0.092
[ 154/600] loss=0.4329  pred=n/a    gold=n/a  running‐acc=0.974
Locality eval: pred=true              gold=true  correct=True  running‐acc=0.097
[ 155/600] loss=0.1532  pred=true   gold=true  running‐acc=0.974
Locality eval: pred=true              gold=n/a  correct=False  running‐acc=0.097
[ 156/600] loss=0.4022  pred=n/a    gold=n/a  running‐acc=0.974
Locality eval: pred=n/a               gold=true  correct=False  running‐acc=0.096
[ 157/600] loss=0.2371  pred=true   gold=true  running‐acc=0.975
Locality eval: pred=true              gold=n/a  correct=False  running‐acc=0.096
[ 158/600] loss=0.4516  pred=n/a    gold=n/a  running‐acc=0.975
Locality eval: pred=n/a               gold=true  correct=False  running‐acc=0.095
[ 159/600] loss=0.4117  pred=n/a    gold=n/a  running‐acc=0.975
Locality eval: pred=true              gold=true  correct=True  running‐acc=0.101
[ 160/600] loss=0.4239  pred=n/a    gold=n/a  running‐acc=0.975
Locality eval: pred=n/a               gold=true  correct=False  running‐acc=0.100
[ 161/600] loss=0.4070  pred=true   gold=true  running‐acc=0.975
Locality eval: pred=true              gold=n/a  correct=False  running‐acc=0.099
[ 162/600] loss=0.5489  pred=       gold=n/a  running‐acc=0.969
Locality eval: pred=n/a               gold=true  correct=False  running‐acc=0.099
[ 163/600] loss=0.3159  pred=n/a    gold=n/a  running‐acc=0.969
Locality eval: pred=n/a               gold=true  correct=False  running‐acc=0.098
[ 164/600] loss=0.5162  pred=n/a    gold=n/a  running‐acc=0.970
Locality eval: pred=n/a               gold=true  correct=False  running‐acc=0.098
[ 165/600] loss=0.4233  pred=true   gold=true  running‐acc=0.970
Locality eval: pred=true              gold=n/a  correct=False  running‐acc=0.097
[ 166/600] loss=0.1657  pred=true   gold=true  running‐acc=0.970
Locality eval: pred=true              gold=n/a  correct=False  running‐acc=0.096
[ 167/600] loss=0.5988  pred=       gold=n/a  running‐acc=0.964
Locality eval: pred=                  gold=true  correct=False  running‐acc=0.096
[ 168/600] loss=0.3000  pred=true   gold=true  running‐acc=0.964
Locality eval: pred=true              gold=n/a  correct=False  running‐acc=0.095
[ 169/600] loss=0.5107  pred=n/a    gold=n/a  running‐acc=0.964
Locality eval: pred=                  gold=true  correct=False  running‐acc=0.095
[ 170/600] loss=0.4071  pred=n/a    gold=n/a  running‐acc=0.965
Locality eval: pred=                  gold=true  correct=False  running‐acc=0.094
[ 171/600] loss=0.4457  pred=n/a    gold=n/a  running‐acc=0.965
Locality eval: pred=n/a               gold=true  correct=False  running‐acc=0.094
[ 172/600] loss=0.1763  pred=true   gold=true  running‐acc=0.965
Locality eval: pred=false             gold=n/a  correct=False  running‐acc=0.093
[ 173/600] loss=0.3643  pred=n/a    gold=n/a  running‐acc=0.965
Locality eval: pred=                  gold=true  correct=False  running‐acc=0.092
[ 174/600] loss=0.2610  pred=true   gold=true  running‐acc=0.966
Locality eval: pred=true              gold=n/a  correct=False  running‐acc=0.092
[ 175/600] loss=0.2591  pred=true   gold=true  running‐acc=0.966
Locality eval: pred=true              gold=n/a  correct=False  running‐acc=0.091
[ 176/600] loss=0.4478  pred=n/a    gold=n/a  running‐acc=0.966
Locality eval: pred=                  gold=true  correct=False  running‐acc=0.091
[ 177/600] loss=0.1291  pred=true   gold=true  running‐acc=0.966
Locality eval: pred=n/a               gold=n/a  correct=True  running‐acc=0.096
[ 178/600] loss=0.4340  pred=n/a    gold=n/a  running‐acc=0.966
Locality eval: pred=n/a               gold=true  correct=False  running‐acc=0.096
[ 179/600] loss=0.5427  pred=n/a    gold=n/a  running‐acc=0.966
Locality eval: pred=n/a               gold=true  correct=False  running‐acc=0.095
[ 180/600] loss=0.2914  pred=true   gold=true  running‐acc=0.967
Locality eval: pred=true              gold=n/a  correct=False  running‐acc=0.094
[ 181/600] loss=0.2303  pred=n/a    gold=n/a  running‐acc=0.967
Locality eval: pred=n/a               gold=true  correct=False  running‐acc=0.094
[ 182/600] loss=0.3951  pred=n/a    gold=n/a  running‐acc=0.967
Locality eval: pred=n/a               gold=true  correct=False  running‐acc=0.093
[ 183/600] loss=0.2002  pred=true   gold=true  running‐acc=0.967
Locality eval: pred=false             gold=n/a  correct=False  running‐acc=0.093
[ 184/600] loss=0.3011  pred=true   gold=true  running‐acc=0.967
Locality eval: pred=n/a               gold=n/a  correct=True  running‐acc=0.098
[ 185/600] loss=0.2371  pred=true   gold=true  running‐acc=0.968
Locality eval: pred=true              gold=n/a  correct=False  running‐acc=0.097
[ 186/600] loss=0.3453  pred=true   gold=true  running‐acc=0.968
Locality eval: pred=true              gold=n/a  correct=False  running‐acc=0.097
[ 187/600] loss=0.4884  pred=n/a    gold=n/a  running‐acc=0.968
Locality eval: pred=n/a               gold=true  correct=False  running‐acc=0.096
[ 188/600] loss=0.4000  pred=n/a    gold=n/a  running‐acc=0.968
Locality eval: pred=n/a               gold=true  correct=False  running‐acc=0.096
[ 189/600] loss=0.3913  pred=true   gold=true  running‐acc=0.968
Locality eval: pred=true              gold=n/a  correct=False  running‐acc=0.095
[ 190/600] loss=0.5418  pred=n/a    gold=n/a  running‐acc=0.968
Locality eval: pred=n/a               gold=true  correct=False  running‐acc=0.095
[ 191/600] loss=0.4472  pred=n/a    gold=n/a  running‐acc=0.969
Locality eval: pred=n/a               gold=true  correct=False  running‐acc=0.094
[ 192/600] loss=0.4769  pred=n/a    gold=n/a  running‐acc=0.969
Locality eval: pred=n/a               gold=true  correct=False  running‐acc=0.094
[ 193/600] loss=0.2925  pred=true   gold=true  running‐acc=0.969
Locality eval: pred=true              gold=n/a  correct=False  running‐acc=0.093
[ 194/600] loss=0.3219  pred=true   gold=true  running‐acc=0.969
Locality eval: pred=true              gold=n/a  correct=False  running‐acc=0.093
[ 195/600] loss=0.2368  pred=true   gold=true  running‐acc=0.969
Locality eval: pred=false             gold=n/a  correct=False  running‐acc=0.092
[ 196/600] loss=0.5351  pred=true   gold=true  running‐acc=0.969
Locality eval: pred=true              gold=n/a  correct=False  running‐acc=0.092
[ 197/600] loss=0.2632  pred=true   gold=true  running‐acc=0.970
Locality eval: pred=true              gold=n/a  correct=False  running‐acc=0.091
[ 198/600] loss=0.4706  pred=n/a    gold=n/a  running‐acc=0.970
Locality eval: pred=n/a               gold=true  correct=False  running‐acc=0.091
[ 199/600] loss=0.0542  pred=true   gold=true  running‐acc=0.970
Locality eval: pred=true              gold=n/a  correct=False  running‐acc=0.090
[ 200/600] loss=0.2549  pred=true   gold=true  running‐acc=0.970
Locality eval: pred=true              gold=n/a  correct=False  running‐acc=0.090
[ 201/600] loss=0.4264  pred=n/a    gold=n/a  running‐acc=0.970
Locality eval: pred=n/a               gold=true  correct=False  running‐acc=0.090
[ 202/600] loss=0.5068  pred=n/a    gold=n/a  running‐acc=0.970
Locality eval: pred=                  gold=true  correct=False  running‐acc=0.089
[ 203/600] loss=0.0433  pred=true   gold=true  running‐acc=0.970
Locality eval: pred=n/a               gold=n/a  correct=True  running‐acc=0.094
[ 204/600] loss=0.7596  pred=       gold=n/a  running‐acc=0.966
Locality eval: pred=true              gold=true  correct=True  running‐acc=0.098
[ 205/600] loss=0.2442  pred=true   gold=true  running‐acc=0.966
Locality eval: pred=true              gold=n/a  correct=False  running‐acc=0.098
[ 206/600] loss=0.3943  pred=n/a    gold=n/a  running‐acc=0.966
Locality eval: pred=n/a               gold=true  correct=False  running‐acc=0.097
[ 207/600] loss=0.5042  pred=n/a    gold=n/a  running‐acc=0.966
Locality eval: pred=                  gold=true  correct=False  running‐acc=0.097
[ 208/600] loss=0.1800  pred=true   gold=true  running‐acc=0.966
Locality eval: pred=true              gold=n/a  correct=False  running‐acc=0.096
[ 209/600] loss=0.2418  pred=n/a    gold=n/a  running‐acc=0.967
Locality eval: pred=n/a               gold=true  correct=False  running‐acc=0.096
[ 210/600] loss=0.5155  pred=n/a    gold=n/a  running‐acc=0.967
Locality eval: pred=true              gold=true  correct=True  running‐acc=0.100
[ 211/600] loss=0.2963  pred=true   gold=true  running‐acc=0.967
Locality eval: pred=true              gold=n/a  correct=False  running‐acc=0.100
[ 212/600] loss=0.3804  pred=n/a    gold=n/a  running‐acc=0.967
Locality eval: pred=n/a               gold=true  correct=False  running‐acc=0.099
[ 213/600] loss=0.5024  pred=true   gold=true  running‐acc=0.967
Locality eval: pred=true              gold=n/a  correct=False  running‐acc=0.099
[ 214/600] loss=0.4462  pred=n/a    gold=n/a  running‐acc=0.967
Locality eval: pred=n/a               gold=true  correct=False  running‐acc=0.098
[ 215/600] loss=0.2950  pred=true   gold=true  running‐acc=0.967
Locality eval: pred=true              gold=n/a  correct=False  running‐acc=0.098
[ 216/600] loss=0.5159  pred=n/a    gold=n/a  running‐acc=0.968
Locality eval: pred=n/a               gold=true  correct=False  running‐acc=0.097
[ 217/600] loss=0.1716  pred=true   gold=true  running‐acc=0.968
Locality eval: pred=true              gold=n/a  correct=False  running‐acc=0.097
[ 218/600] loss=0.4179  pred=n/a    gold=n/a  running‐acc=0.968
Locality eval: pred=n/a               gold=true  correct=False  running‐acc=0.096
[ 219/600] loss=0.2448  pred=true   gold=true  running‐acc=0.968
Locality eval: pred=true              gold=n/a  correct=False  running‐acc=0.096
[ 220/600] loss=0.3870  pred=n/a    gold=n/a  running‐acc=0.968
Locality eval: pred=n/a               gold=true  correct=False  running‐acc=0.095
[ 221/600] loss=0.5091  pred=n/a    gold=n/a  running‐acc=0.968
Locality eval: pred=n/a               gold=true  correct=False  running‐acc=0.095
[ 222/600] loss=0.4481  pred=n/a    gold=n/a  running‐acc=0.968
Locality eval: pred=n/a               gold=true  correct=False  running‐acc=0.095
[ 223/600] loss=0.4688  pred=n/a    gold=n/a  running‐acc=0.969
Locality eval: pred=n/a               gold=true  correct=False  running‐acc=0.094
[ 224/600] loss=0.5018  pred=n/a    gold=n/a  running‐acc=0.969
Locality eval: pred=n/a               gold=true  correct=False  running‐acc=0.094
[ 225/600] loss=0.4611  pred=n/a    gold=n/a  running‐acc=0.969
Locality eval: pred=                  gold=true  correct=False  running‐acc=0.093
[ 226/600] loss=0.2576  pred=true   gold=true  running‐acc=0.969
Locality eval: pred=true              gold=n/a  correct=False  running‐acc=0.093
[ 227/600] loss=0.6087  pred=n/a    gold=n/a  running‐acc=0.969
Locality eval: pred=n/a               gold=true  correct=False  running‐acc=0.093
[ 228/600] loss=0.3655  pred=n/a    gold=n/a  running‐acc=0.969
Locality eval: pred=n/a               gold=true  correct=False  running‐acc=0.092
[ 229/600] loss=0.3425  pred=n/a    gold=n/a  running‐acc=0.969
Locality eval: pred=n/a               gold=true  correct=False  running‐acc=0.092
[ 230/600] loss=0.3704  pred=n/a    gold=n/a  running‐acc=0.970
Locality eval: pred=n/a               gold=true  correct=False  running‐acc=0.091
[ 231/600] loss=0.4801  pred=n/a    gold=n/a  running‐acc=0.970
Locality eval: pred=n/a               gold=true  correct=False  running‐acc=0.091
[ 232/600] loss=0.4344  pred=n/a    gold=n/a  running‐acc=0.970
Locality eval: pred=n/a               gold=true  correct=False  running‐acc=0.091
[ 233/600] loss=0.2738  pred=true   gold=true  running‐acc=0.970
Locality eval: pred=true              gold=n/a  correct=False  running‐acc=0.090
[ 234/600] loss=0.2524  pred=true   gold=true  running‐acc=0.970
Locality eval: pred=true              gold=n/a  correct=False  running‐acc=0.090
[ 235/600] loss=0.7629  pred=       gold=n/a  running‐acc=0.966
Locality eval: pred=                  gold=true  correct=False  running‐acc=0.089
[ 236/600] loss=0.4398  pred=n/a    gold=n/a  running‐acc=0.966
Locality eval: pred=n/a               gold=true  correct=False  running‐acc=0.089
[ 237/600] loss=0.2215  pred=true   gold=true  running‐acc=0.966
Locality eval: pred=true              gold=n/a  correct=False  running‐acc=0.089
[ 238/600] loss=0.5651  pred=n/a    gold=n/a  running‐acc=0.966
Locality eval: pred=n/a               gold=true  correct=False  running‐acc=0.088
[ 239/600] loss=0.3969  pred=n/a    gold=n/a  running‐acc=0.967
Locality eval: pred=n/a               gold=true  correct=False  running‐acc=0.088
[ 240/600] loss=0.2194  pred=true   gold=true  running‐acc=0.967
Locality eval: pred=true              gold=n/a  correct=False  running‐acc=0.087
[ 241/600] loss=0.4505  pred=n/a    gold=n/a  running‐acc=0.967
Locality eval: pred=                  gold=true  correct=False  running‐acc=0.087
[ 242/600] loss=0.3794  pred=n/a    gold=n/a  running‐acc=0.967
Locality eval: pred=n/a               gold=true  correct=False  running‐acc=0.087
[ 243/600] loss=0.4528  pred=n/a    gold=n/a  running‐acc=0.967
Locality eval: pred=n/a               gold=true  correct=False  running‐acc=0.086
[ 244/600] loss=0.3107  pred=true   gold=true  running‐acc=0.967
Locality eval: pred=true              gold=n/a  correct=False  running‐acc=0.086
[ 245/600] loss=0.4174  pred=true   gold=true  running‐acc=0.967
Locality eval: pred=true              gold=n/a  correct=False  running‐acc=0.086
[ 246/600] loss=0.3784  pred=true   gold=true  running‐acc=0.967
Locality eval: pred=true              gold=n/a  correct=False  running‐acc=0.085
[ 247/600] loss=0.2892  pred=true   gold=true  running‐acc=0.968
Locality eval: pred=true              gold=n/a  correct=False  running‐acc=0.085
[ 248/600] loss=0.1856  pred=true   gold=true  running‐acc=0.968
Locality eval: pred=false             gold=n/a  correct=False  running‐acc=0.085
[ 249/600] loss=0.3237  pred=n/a    gold=n/a  running‐acc=0.968
Locality eval: pred=n/a               gold=true  correct=False  running‐acc=0.084
[ 250/600] loss=0.1816  pred=true   gold=true  running‐acc=0.968
Locality eval: pred=true              gold=n/a  correct=False  running‐acc=0.084
[ 251/600] loss=0.3203  pred=n/a    gold=n/a  running‐acc=0.968
Locality eval: pred=n/a               gold=true  correct=False  running‐acc=0.084
[ 252/600] loss=0.3640  pred=n/a    gold=n/a  running‐acc=0.968
Locality eval: pred=                  gold=true  correct=False  running‐acc=0.083
[ 253/600] loss=0.1748  pred=true   gold=true  running‐acc=0.968
Locality eval: pred=true              gold=n/a  correct=False  running‐acc=0.083
[ 254/600] loss=0.3401  pred=true   gold=true  running‐acc=0.969
Locality eval: pred=true              gold=n/a  correct=False  running‐acc=0.083
[ 255/600] loss=0.5217  pred=n/a    gold=n/a  running‐acc=0.969
Locality eval: pred=n/a               gold=true  correct=False  running‐acc=0.082
[ 256/600] loss=0.3625  pred=n/a    gold=n/a  running‐acc=0.969
Locality eval: pred=n/a               gold=true  correct=False  running‐acc=0.082
[ 257/600] loss=0.3617  pred=       gold=n/a  running‐acc=0.965
Locality eval: pred=n/a               gold=true  correct=False  running‐acc=0.082
[ 258/600] loss=0.5250  pred=n/a    gold=n/a  running‐acc=0.965
Locality eval: pred=n/a               gold=true  correct=False  running‐acc=0.081
[ 259/600] loss=0.2626  pred=true   gold=true  running‐acc=0.965
Locality eval: pred=true              gold=n/a  correct=False  running‐acc=0.081
[ 260/600] loss=0.1974  pred=true   gold=true  running‐acc=0.965
Locality eval: pred=true              gold=n/a  correct=False  running‐acc=0.081
[ 261/600] loss=0.2799  pred=true   gold=true  running‐acc=0.966
Locality eval: pred=true              gold=n/a  correct=False  running‐acc=0.080
[ 262/600] loss=0.2421  pred=true   gold=true  running‐acc=0.966
Locality eval: pred=true              gold=n/a  correct=False  running‐acc=0.080
[ 263/600] loss=0.3473  pred=n/a    gold=n/a  running‐acc=0.966
Locality eval: pred=n/a               gold=true  correct=False  running‐acc=0.080
[ 264/600] loss=0.4058  pred=n/a    gold=n/a  running‐acc=0.966
Locality eval: pred=n/a               gold=true  correct=False  running‐acc=0.080
[ 265/600] loss=0.1696  pred=true   gold=true  running‐acc=0.966
Locality eval: pred=true              gold=n/a  correct=False  running‐acc=0.079
[ 266/600] loss=0.4035  pred=n/a    gold=n/a  running‐acc=0.966
Locality eval: pred=n/a               gold=true  correct=False  running‐acc=0.079
[ 267/600] loss=0.4247  pred=n/a    gold=n/a  running‐acc=0.966
Locality eval: pred=n/a               gold=true  correct=False  running‐acc=0.079
[ 268/600] loss=0.2110  pred=true   gold=true  running‐acc=0.966
Locality eval: pred=n/a               gold=n/a  correct=True  running‐acc=0.082
[ 269/600] loss=0.2116  pred=n/a    gold=n/a  running‐acc=0.967
Locality eval: pred=n/a               gold=true  correct=False  running‐acc=0.082
[ 270/600] loss=0.2253  pred=true   gold=true  running‐acc=0.967
Locality eval: pred=true              gold=n/a  correct=False  running‐acc=0.081
[ 271/600] loss=0.3685  pred=n/a    gold=n/a  running‐acc=0.967
Locality eval: pred=n/a               gold=true  correct=False  running‐acc=0.081
[ 272/600] loss=0.2825  pred=true   gold=true  running‐acc=0.967
Locality eval: pred=true              gold=n/a  correct=False  running‐acc=0.081
[ 273/600] loss=0.3339  pred=n/a    gold=n/a  running‐acc=0.967
Locality eval: pred=n/a               gold=true  correct=False  running‐acc=0.081
[ 274/600] loss=0.4565  pred=n/a    gold=n/a  running‐acc=0.967
Locality eval: pred=n/a               gold=true  correct=False  running‐acc=0.080
[ 275/600] loss=0.1799  pred=true   gold=true  running‐acc=0.967
Locality eval: pred=true              gold=n/a  correct=False  running‐acc=0.080
[ 276/600] loss=0.5269  pred=n/a    gold=n/a  running‐acc=0.967
Locality eval: pred=n/a               gold=true  correct=False  running‐acc=0.080
[ 277/600] loss=0.3662  pred=true   gold=true  running‐acc=0.968
Locality eval: pred=true              gold=n/a  correct=False  running‐acc=0.079
[ 278/600] loss=0.3991  pred=n/a    gold=n/a  running‐acc=0.968
Locality eval: pred=n/a               gold=true  correct=False  running‐acc=0.079
[ 279/600] loss=0.2314  pred=true   gold=true  running‐acc=0.968
Locality eval: pred=true              gold=n/a  correct=False  running‐acc=0.079
[ 280/600] loss=0.3875  pred=n/a    gold=n/a  running‐acc=0.968
Locality eval: pred=n/a               gold=true  correct=False  running‐acc=0.079
[ 281/600] loss=0.2492  pred=true   gold=true  running‐acc=0.968
Locality eval: pred=true              gold=n/a  correct=False  running‐acc=0.078
[ 282/600] loss=0.3122  pred=true   gold=true  running‐acc=0.968
Locality eval: pred=true              gold=n/a  correct=False  running‐acc=0.078
[ 283/600] loss=0.4424  pred=n/a    gold=n/a  running‐acc=0.968
Locality eval: pred=n/a               gold=true  correct=False  running‐acc=0.078
[ 284/600] loss=0.5151  pred=n/a    gold=n/a  running‐acc=0.968
Locality eval: pred=n/a               gold=true  correct=False  running‐acc=0.077
[ 285/600] loss=0.1886  pred=true   gold=true  running‐acc=0.968
Locality eval: pred=n/a               gold=n/a  correct=True  running‐acc=0.081
[ 286/600] loss=0.4567  pred=n/a    gold=n/a  running‐acc=0.969
Locality eval: pred=n/a               gold=true  correct=False  running‐acc=0.080
[ 287/600] loss=0.4385  pred=n/a    gold=n/a  running‐acc=0.969
Locality eval: pred=                  gold=true  correct=False  running‐acc=0.080
[ 288/600] loss=0.2790  pred=true   gold=true  running‐acc=0.969
Locality eval: pred=true              gold=n/a  correct=False  running‐acc=0.080
[ 289/600] loss=0.7208  pred=true   gold=true  running‐acc=0.969
Locality eval: pred=true              gold=n/a  correct=False  running‐acc=0.080
[ 290/600] loss=0.3887  pred=       gold=n/a  running‐acc=0.966
Locality eval: pred=n/a               gold=true  correct=False  running‐acc=0.079
[ 291/600] loss=0.3603  pred=true   gold=true  running‐acc=0.966
Locality eval: pred=true              gold=n/a  correct=False  running‐acc=0.079
[ 292/600] loss=0.2790  pred=true   gold=true  running‐acc=0.966
Locality eval: pred=true              gold=n/a  correct=False  running‐acc=0.079
[ 293/600] loss=0.2442  pred=true   gold=true  running‐acc=0.966
Locality eval: pred=false             gold=n/a  correct=False  running‐acc=0.078
[ 294/600] loss=0.2085  pred=true   gold=true  running‐acc=0.966
Locality eval: pred=true              gold=n/a  correct=False  running‐acc=0.078
[ 295/600] loss=0.2882  pred=n/a    gold=n/a  running‐acc=0.966
Locality eval: pred=n/a               gold=true  correct=False  running‐acc=0.078
[ 296/600] loss=0.4479  pred=       gold=n/a  running‐acc=0.963
Locality eval: pred=n/a               gold=true  correct=False  running‐acc=0.078
[ 297/600] loss=0.3664  pred=true   gold=true  running‐acc=0.963
Locality eval: pred=true              gold=n/a  correct=False  running‐acc=0.077
[ 298/600] loss=0.1684  pred=true   gold=true  running‐acc=0.963
Locality eval: pred=true              gold=n/a  correct=False  running‐acc=0.077
[ 299/600] loss=0.3413  pred=n/a    gold=n/a  running‐acc=0.963
Locality eval: pred=                  gold=true  correct=False  running‐acc=0.077
[ 300/600] loss=0.4395  pred=n/a    gold=n/a  running‐acc=0.963
Locality eval: pred=                  gold=true  correct=False  running‐acc=0.077
[ 301/600] loss=0.2433  pred=true   gold=true  running‐acc=0.963
Locality eval: pred=true              gold=n/a  correct=False  running‐acc=0.076
[ 302/600] loss=0.2591  pred=true   gold=true  running‐acc=0.964
Locality eval: pred=true              gold=n/a  correct=False  running‐acc=0.076
[ 303/600] loss=0.1888  pred=true   gold=true  running‐acc=0.964
Locality eval: pred=true              gold=n/a  correct=False  running‐acc=0.076
[ 304/600] loss=0.2187  pred=true   gold=true  running‐acc=0.964
Locality eval: pred=true              gold=n/a  correct=False  running‐acc=0.076
[ 305/600] loss=0.2323  pred=true   gold=true  running‐acc=0.964
Locality eval: pred=n/a               gold=n/a  correct=True  running‐acc=0.079
[ 306/600] loss=0.2013  pred=true   gold=true  running‐acc=0.964
Locality eval: pred=true              gold=n/a  correct=False  running‐acc=0.078
[ 307/600] loss=0.2482  pred=true   gold=true  running‐acc=0.964
Locality eval: pred=true              gold=n/a  correct=False  running‐acc=0.078
[ 308/600] loss=0.2218  pred=true   gold=true  running‐acc=0.964
Locality eval: pred=n/a               gold=n/a  correct=True  running‐acc=0.081
[ 309/600] loss=0.2704  pred=true   gold=true  running‐acc=0.964
Locality eval: pred=true              gold=n/a  correct=False  running‐acc=0.081
[ 310/600] loss=0.4646  pred=n/a    gold=n/a  running‐acc=0.965
Locality eval: pred=n/a               gold=true  correct=False  running‐acc=0.081
[ 311/600] loss=0.2465  pred=true   gold=true  running‐acc=0.965
Locality eval: pred=true              gold=n/a  correct=False  running‐acc=0.080
[ 312/600] loss=0.2789  pred=true   gold=true  running‐acc=0.965
Locality eval: pred=true              gold=n/a  correct=False  running‐acc=0.080
[ 313/600] loss=0.4909  pred=n/a    gold=n/a  running‐acc=0.965
Locality eval: pred=n/a               gold=true  correct=False  running‐acc=0.080
[ 314/600] loss=0.2810  pred=n/a    gold=n/a  running‐acc=0.965
Locality eval: pred=n/a               gold=true  correct=False  running‐acc=0.080
[ 315/600] loss=0.5199  pred=n/a    gold=n/a  running‐acc=0.965
Locality eval: pred=false             gold=true  correct=False  running‐acc=0.079
[ 316/600] loss=0.2789  pred=true   gold=true  running‐acc=0.965
Locality eval: pred=true              gold=n/a  correct=False  running‐acc=0.079
[ 317/600] loss=0.2161  pred=true   gold=true  running‐acc=0.965
Locality eval: pred=true              gold=n/a  correct=False  running‐acc=0.079
[ 318/600] loss=0.3697  pred=true   gold=true  running‐acc=0.965
Locality eval: pred=true              gold=n/a  correct=False  running‐acc=0.079
[ 319/600] loss=0.4612  pred=n/a    gold=n/a  running‐acc=0.966
Locality eval: pred=n/a               gold=true  correct=False  running‐acc=0.078
[ 320/600] loss=0.6358  pred=n/a    gold=n/a  running‐acc=0.966
Locality eval: pred=n/a               gold=true  correct=False  running‐acc=0.078
[ 321/600] loss=0.2078  pred=true   gold=true  running‐acc=0.966
Locality eval: pred=true              gold=n/a  correct=False  running‐acc=0.078
[ 322/600] loss=0.4254  pred=true   gold=true  running‐acc=0.966
Locality eval: pred=true              gold=n/a  correct=False  running‐acc=0.078
[ 323/600] loss=0.3874  pred=n/a    gold=n/a  running‐acc=0.966
Locality eval: pred=n/a               gold=true  correct=False  running‐acc=0.077
[ 324/600] loss=0.5119  pred=n/a    gold=n/a  running‐acc=0.966
Locality eval: pred=n/a               gold=true  correct=False  running‐acc=0.077
[ 325/600] loss=0.2541  pred=true   gold=true  running‐acc=0.966
Locality eval: pred=true              gold=n/a  correct=False  running‐acc=0.077
[ 326/600] loss=0.4906  pred=n/a    gold=n/a  running‐acc=0.966
Locality eval: pred=n/a               gold=true  correct=False  running‐acc=0.077
[ 327/600] loss=0.2633  pred=true   gold=true  running‐acc=0.966
Locality eval: pred=true              gold=n/a  correct=False  running‐acc=0.076
[ 328/600] loss=0.5099  pred=n/a    gold=n/a  running‐acc=0.966
Locality eval: pred=n/a               gold=true  correct=False  running‐acc=0.076
[ 329/600] loss=0.3323  pred=true   gold=true  running‐acc=0.967
Locality eval: pred=true              gold=n/a  correct=False  running‐acc=0.076
[ 330/600] loss=0.4483  pred=n/a    gold=n/a  running‐acc=0.967
Locality eval: pred=n/a               gold=true  correct=False  running‐acc=0.076
[ 331/600] loss=0.2482  pred=true   gold=true  running‐acc=0.967
Locality eval: pred=true              gold=n/a  correct=False  running‐acc=0.076
[ 332/600] loss=0.3241  pred=n/a    gold=n/a  running‐acc=0.967
Locality eval: pred=n/a               gold=true  correct=False  running‐acc=0.075
[ 333/600] loss=0.2251  pred=true   gold=true  running‐acc=0.967
Locality eval: pred=true              gold=n/a  correct=False  running‐acc=0.075
[ 334/600] loss=0.4225  pred=n/a    gold=n/a  running‐acc=0.967
Locality eval: pred=n/a               gold=true  correct=False  running‐acc=0.075
[ 335/600] loss=0.2874  pred=true   gold=true  running‐acc=0.967
Locality eval: pred=true              gold=n/a  correct=False  running‐acc=0.075
[ 336/600] loss=0.3667  pred=n/a    gold=n/a  running‐acc=0.967
Locality eval: pred=n/a               gold=true  correct=False  running‐acc=0.074
[ 337/600] loss=0.2082  pred=n/a    gold=n/a  running‐acc=0.967
Locality eval: pred=n/a               gold=true  correct=False  running‐acc=0.074
[ 338/600] loss=0.2914  pred=n/a    gold=n/a  running‐acc=0.967
Locality eval: pred=n/a               gold=true  correct=False  running‐acc=0.074
[ 339/600] loss=0.2107  pred=n/a    gold=n/a  running‐acc=0.968
Locality eval: pred=n/a               gold=true  correct=False  running‐acc=0.074
[ 340/600] loss=0.4351  pred=n/a    gold=n/a  running‐acc=0.968
Locality eval: pred=n/a               gold=true  correct=False  running‐acc=0.074
[ 341/600] loss=0.2576  pred=true   gold=true  running‐acc=0.968
Locality eval: pred=true              gold=n/a  correct=False  running‐acc=0.073
[ 342/600] loss=0.2014  pred=true   gold=true  running‐acc=0.968
Locality eval: pred=n/a               gold=n/a  correct=True  running‐acc=0.076
[ 343/600] loss=0.4473  pred=true   gold=n/a  running‐acc=0.965
Locality eval: pred=n/a               gold=true  correct=False  running‐acc=0.076
[ 344/600] loss=0.0798  pred=true   gold=true  running‐acc=0.965
Locality eval: pred=true              gold=n/a  correct=False  running‐acc=0.076
[ 345/600] loss=0.7170  pred=       gold=n/a  running‐acc=0.962
Locality eval: pred=                  gold=true  correct=False  running‐acc=0.075
[ 346/600] loss=0.1483  pred=true   gold=true  running‐acc=0.962
Locality eval: pred=true              gold=n/a  correct=False  running‐acc=0.075
[ 347/600] loss=0.4762  pred=n/a    gold=n/a  running‐acc=0.963
Locality eval: pred=n/a               gold=true  correct=False  running‐acc=0.075
[ 348/600] loss=0.3900  pred=n/a    gold=n/a  running‐acc=0.963
Locality eval: pred=n/a               gold=true  correct=False  running‐acc=0.075
[ 349/600] loss=0.4509  pred=n/a    gold=n/a  running‐acc=0.963
Locality eval: pred=false             gold=true  correct=False  running‐acc=0.074
[ 350/600] loss=0.4368  pred=n/a    gold=n/a  running‐acc=0.963
Locality eval: pred=n/a               gold=true  correct=False  running‐acc=0.074
[ 351/600] loss=0.5059  pred=       gold=n/a  running‐acc=0.960
Locality eval: pred=n/a               gold=true  correct=False  running‐acc=0.074
[ 352/600] loss=0.3562  pred=n/a    gold=n/a  running‐acc=0.960
Locality eval: pred=n/a               gold=true  correct=False  running‐acc=0.074
[ 353/600] loss=0.5642  pred=n/a    gold=n/a  running‐acc=0.960
Locality eval: pred=n/a               gold=true  correct=False  running‐acc=0.074
[ 354/600] loss=0.2008  pred=true   gold=true  running‐acc=0.960
Locality eval: pred=true              gold=n/a  correct=False  running‐acc=0.073
[ 355/600] loss=0.3017  pred=true   gold=true  running‐acc=0.961
Locality eval: pred=true              gold=n/a  correct=False  running‐acc=0.073
[ 356/600] loss=0.2890  pred=true   gold=true  running‐acc=0.961
Locality eval: pred=true              gold=n/a  correct=False  running‐acc=0.073
[ 357/600] loss=0.1627  pred=true   gold=true  running‐acc=0.961
Locality eval: pred=n/a               gold=n/a  correct=True  running‐acc=0.076
[ 358/600] loss=0.2492  pred=true   gold=true  running‐acc=0.961
Locality eval: pred=true              gold=n/a  correct=False  running‐acc=0.075
[ 359/600] loss=0.2828  pred=true   gold=true  running‐acc=0.961
Locality eval: pred=true              gold=n/a  correct=False  running‐acc=0.075
[ 360/600] loss=0.3832  pred=n/a    gold=n/a  running‐acc=0.961
Locality eval: pred=                  gold=true  correct=False  running‐acc=0.075
[ 361/600] loss=0.1641  pred=true   gold=true  running‐acc=0.961
Locality eval: pred=n/a               gold=n/a  correct=True  running‐acc=0.078
[ 362/600] loss=0.2790  pred=true   gold=true  running‐acc=0.961
Locality eval: pred=true              gold=n/a  correct=False  running‐acc=0.077
[ 363/600] loss=0.3180  pred=n/a    gold=n/a  running‐acc=0.961
Locality eval: pred=false             gold=true  correct=False  running‐acc=0.077
[ 364/600] loss=0.2176  pred=true   gold=true  running‐acc=0.962
Locality eval: pred=true              gold=n/a  correct=False  running‐acc=0.077
[ 365/600] loss=0.2588  pred=true   gold=true  running‐acc=0.962
Locality eval: pred=true              gold=n/a  correct=False  running‐acc=0.077
[ 366/600] loss=0.4053  pred=n/a    gold=n/a  running‐acc=0.962
Locality eval: pred=                  gold=true  correct=False  running‐acc=0.077
[ 367/600] loss=0.3821  pred=n/a    gold=n/a  running‐acc=0.962
Locality eval: pred=n/a               gold=true  correct=False  running‐acc=0.076
[ 368/600] loss=0.2148  pred=true   gold=true  running‐acc=0.962
Locality eval: pred=n/a               gold=n/a  correct=True  running‐acc=0.079
[ 369/600] loss=0.5178  pred=n/a    gold=n/a  running‐acc=0.962
Locality eval: pred=n/a               gold=true  correct=False  running‐acc=0.079
[ 370/600] loss=0.3640  pred=n/a    gold=n/a  running‐acc=0.962
Locality eval: pred=n/a               gold=true  correct=False  running‐acc=0.078
[ 371/600] loss=0.3897  pred=true   gold=true  running‐acc=0.962
Locality eval: pred=true              gold=n/a  correct=False  running‐acc=0.078
[ 372/600] loss=0.2616  pred=true   gold=true  running‐acc=0.962
Locality eval: pred=n/a               gold=n/a  correct=True  running‐acc=0.081
[ 373/600] loss=0.2152  pred=true   gold=true  running‐acc=0.962
Locality eval: pred=true              gold=n/a  correct=False  running‐acc=0.080
[ 374/600] loss=0.3579  pred=n/a    gold=n/a  running‐acc=0.963
Locality eval: pred=n/a               gold=true  correct=False  running‐acc=0.080
[ 375/600] loss=0.1644  pred=true   gold=true  running‐acc=0.963
Locality eval: pred=n/a               gold=n/a  correct=True  running‐acc=0.083
[ 376/600] loss=0.3875  pred=true   gold=true  running‐acc=0.963
Locality eval: pred=true              gold=n/a  correct=False  running‐acc=0.082
[ 377/600] loss=0.4484  pred=true   gold=true  running‐acc=0.963
Locality eval: pred=true              gold=n/a  correct=False  running‐acc=0.082
[ 378/600] loss=0.0840  pred=true   gold=true  running‐acc=0.963
Locality eval: pred=true              gold=n/a  correct=False  running‐acc=0.082
[ 379/600] loss=0.1735  pred=true   gold=true  running‐acc=0.963
Locality eval: pred=true              gold=n/a  correct=False  running‐acc=0.082
[ 380/600] loss=0.1693  pred=true   gold=true  running‐acc=0.963
Locality eval: pred=true              gold=n/a  correct=False  running‐acc=0.082
[ 381/600] loss=0.3164  pred=n/a    gold=n/a  running‐acc=0.963
Locality eval: pred=n/a               gold=true  correct=False  running‐acc=0.081
[ 382/600] loss=0.4476  pred=n/a    gold=n/a  running‐acc=0.963
Locality eval: pred=                  gold=true  correct=False  running‐acc=0.081
[ 383/600] loss=0.4986  pred=n/a    gold=n/a  running‐acc=0.963
Locality eval: pred=n/a               gold=true  correct=False  running‐acc=0.081
[ 384/600] loss=0.4848  pred=       gold=n/a  running‐acc=0.961
Locality eval: pred=n/a               gold=true  correct=False  running‐acc=0.081
[ 385/600] loss=0.2935  pred=true   gold=true  running‐acc=0.961
Locality eval: pred=true              gold=n/a  correct=False  running‐acc=0.081
[ 386/600] loss=0.2264  pred=true   gold=true  running‐acc=0.961
Locality eval: pred=true              gold=n/a  correct=False  running‐acc=0.080
[ 387/600] loss=0.3907  pred=n/a    gold=n/a  running‐acc=0.961
Locality eval: pred=true              gold=true  correct=True  running‐acc=0.083
[ 388/600] loss=0.2473  pred=true   gold=true  running‐acc=0.961
Locality eval: pred=true              gold=n/a  correct=False  running‐acc=0.082
[ 389/600] loss=0.4295  pred=n/a    gold=n/a  running‐acc=0.961
Locality eval: pred=n/a               gold=true  correct=False  running‐acc=0.082
[ 390/600] loss=0.1941  pred=true   gold=true  running‐acc=0.962
Locality eval: pred=n/a               gold=n/a  correct=True  running‐acc=0.085
[ 391/600] loss=0.5376  pred=true   gold=true  running‐acc=0.962
Locality eval: pred=true              gold=n/a  correct=False  running‐acc=0.084
[ 392/600] loss=0.3190  pred=n/a    gold=n/a  running‐acc=0.962
Locality eval: pred=n/a               gold=true  correct=False  running‐acc=0.084
[ 393/600] loss=0.3297  pred=n/a    gold=n/a  running‐acc=0.962
Locality eval: pred=n/a               gold=true  correct=False  running‐acc=0.084
[ 394/600] loss=0.2819  pred=n/a    gold=n/a  running‐acc=0.962
Locality eval: pred=n/a               gold=true  correct=False  running‐acc=0.084
[ 395/600] loss=0.3755  pred=true   gold=true  running‐acc=0.962
Locality eval: pred=true              gold=n/a  correct=False  running‐acc=0.084
[ 396/600] loss=0.1810  pred=true   gold=true  running‐acc=0.962
Locality eval: pred=true              gold=n/a  correct=False  running‐acc=0.083
[ 397/600] loss=0.4176  pred=n/a    gold=n/a  running‐acc=0.962
Locality eval: pred=n/a               gold=true  correct=False  running‐acc=0.083
[ 398/600] loss=0.4163  pred=true   gold=true  running‐acc=0.962
Locality eval: pred=true              gold=n/a  correct=False  running‐acc=0.083
[ 399/600] loss=0.4903  pred=n/a    gold=n/a  running‐acc=0.962
Locality eval: pred=false             gold=true  correct=False  running‐acc=0.083
[ 400/600] loss=0.2597  pred=true   gold=true  running‐acc=0.963
Locality eval: pred=true              gold=n/a  correct=False  running‐acc=0.083
[ 401/600] loss=0.3215  pred=true   gold=true  running‐acc=0.963
Locality eval: pred=n/a               gold=n/a  correct=True  running‐acc=0.085
[ 402/600] loss=0.5468  pred=       gold=n/a  running‐acc=0.960
Locality eval: pred=true              gold=true  correct=True  running‐acc=0.087
[ 403/600] loss=0.2539  pred=true   gold=true  running‐acc=0.960
Locality eval: pred=true              gold=n/a  correct=False  running‐acc=0.087
[ 404/600] loss=0.3910  pred=true   gold=true  running‐acc=0.960
Locality eval: pred=true              gold=n/a  correct=False  running‐acc=0.087
[ 405/600] loss=0.4022  pred=n/a    gold=n/a  running‐acc=0.960
Locality eval: pred=n/a               gold=true  correct=False  running‐acc=0.086
[ 406/600] loss=0.3107  pred=n/a    gold=n/a  running‐acc=0.961
Locality eval: pred=n/a               gold=true  correct=False  running‐acc=0.086
[ 407/600] loss=0.2871  pred=true   gold=true  running‐acc=0.961
Locality eval: pred=true              gold=n/a  correct=False  running‐acc=0.086
[ 408/600] loss=0.3490  pred=n/a    gold=n/a  running‐acc=0.961
Locality eval: pred=n/a               gold=true  correct=False  running‐acc=0.086
[ 409/600] loss=0.4353  pred=true   gold=true  running‐acc=0.961
Locality eval: pred=true              gold=n/a  correct=False  running‐acc=0.086
[ 410/600] loss=0.3960  pred=n/a    gold=n/a  running‐acc=0.961
Locality eval: pred=n/a               gold=true  correct=False  running‐acc=0.085
[ 411/600] loss=0.2649  pred=true   gold=true  running‐acc=0.961
Locality eval: pred=true              gold=n/a  correct=False  running‐acc=0.085
[ 412/600] loss=0.2129  pred=true   gold=true  running‐acc=0.961
Locality eval: pred=true              gold=n/a  correct=False  running‐acc=0.085
[ 413/600] loss=0.3129  pred=true   gold=true  running‐acc=0.961
Locality eval: pred=true              gold=n/a  correct=False  running‐acc=0.085
[ 414/600] loss=0.2909  pred=true   gold=true  running‐acc=0.961
Locality eval: pred=true              gold=n/a  correct=False  running‐acc=0.085
[ 415/600] loss=0.6041  pred=n/a    gold=n/a  running‐acc=0.961
Locality eval: pred=n/a               gold=true  correct=False  running‐acc=0.084
[ 416/600] loss=0.2930  pred=true   gold=true  running‐acc=0.962
Locality eval: pred=true              gold=n/a  correct=False  running‐acc=0.084
[ 417/600] loss=0.4420  pred=n/a    gold=n/a  running‐acc=0.962
Locality eval: pred=                  gold=true  correct=False  running‐acc=0.084
[ 418/600] loss=0.3357  pred=n/a    gold=n/a  running‐acc=0.962
Locality eval: pred=n/a               gold=true  correct=False  running‐acc=0.084
[ 419/600] loss=0.3081  pred=true   gold=true  running‐acc=0.962
Locality eval: pred=n/a               gold=n/a  correct=True  running‐acc=0.086
[ 420/600] loss=0.2103  pred=true   gold=true  running‐acc=0.962
Locality eval: pred=true              gold=n/a  correct=False  running‐acc=0.086
[ 421/600] loss=0.2311  pred=true   gold=true  running‐acc=0.962
Locality eval: pred=true              gold=n/a  correct=False  running‐acc=0.086
[ 422/600] loss=0.2492  pred=true   gold=true  running‐acc=0.962
Locality eval: pred=true              gold=n/a  correct=False  running‐acc=0.085
[ 423/600] loss=0.1717  pred=true   gold=true  running‐acc=0.962
Locality eval: pred=true              gold=n/a  correct=False  running‐acc=0.085
[ 424/600] loss=0.4872  pred=n/a    gold=n/a  running‐acc=0.962
Locality eval: pred=                  gold=true  correct=False  running‐acc=0.085
[ 425/600] loss=0.5600  pred=n/a    gold=n/a  running‐acc=0.962
Locality eval: pred=false             gold=true  correct=False  running‐acc=0.085
[ 426/600] loss=0.4396  pred=n/a    gold=n/a  running‐acc=0.962
Locality eval: pred=n/a               gold=true  correct=False  running‐acc=0.085
[ 427/600] loss=0.2931  pred=true   gold=true  running‐acc=0.963
Locality eval: pred=n/a               gold=n/a  correct=True  running‐acc=0.087
[ 428/600] loss=0.2553  pred=true   gold=true  running‐acc=0.963
Locality eval: pred=true              gold=n/a  correct=False  running‐acc=0.086
[ 429/600] loss=0.2235  pred=false  gold=true  running‐acc=0.960
Locality eval: pred=true              gold=n/a  correct=False  running‐acc=0.086
[ 430/600] loss=0.6166  pred=n/a    gold=n/a  running‐acc=0.960
Locality eval: pred=n/a               gold=true  correct=False  running‐acc=0.086
[ 431/600] loss=0.4285  pred=true   gold=true  running‐acc=0.961
Locality eval: pred=true              gold=n/a  correct=False  running‐acc=0.086
[ 432/600] loss=0.2403  pred=true   gold=true  running‐acc=0.961
Locality eval: pred=true              gold=n/a  correct=False  running‐acc=0.086
[ 433/600] loss=0.2310  pred=true   gold=true  running‐acc=0.961
Locality eval: pred=true              gold=n/a  correct=False  running‐acc=0.085
[ 434/600] loss=0.3066  pred=n/a    gold=n/a  running‐acc=0.961
Locality eval: pred=n/a               gold=true  correct=False  running‐acc=0.085
[ 435/600] loss=0.4347  pred=n/a    gold=n/a  running‐acc=0.961
Locality eval: pred=n/a               gold=true  correct=False  running‐acc=0.085
[ 436/600] loss=0.3287  pred=true   gold=true  running‐acc=0.961
Locality eval: pred=true              gold=n/a  correct=False  running‐acc=0.085
[ 437/600] loss=0.0779  pred=true   gold=true  running‐acc=0.961
Locality eval: pred=true              gold=n/a  correct=False  running‐acc=0.085
[ 438/600] loss=0.4878  pred=n/a    gold=n/a  running‐acc=0.961
Locality eval: pred=n/a               gold=true  correct=False  running‐acc=0.084
[ 439/600] loss=0.6082  pred=       gold=n/a  running‐acc=0.959
Locality eval: pred=n/a               gold=true  correct=False  running‐acc=0.084
[ 440/600] loss=0.1742  pred=true   gold=true  running‐acc=0.959
Locality eval: pred=true              gold=n/a  correct=False  running‐acc=0.084
[ 441/600] loss=0.2937  pred=n/a    gold=n/a  running‐acc=0.959
Locality eval: pred=n/a               gold=true  correct=False  running‐acc=0.084
[ 442/600] loss=0.5237  pred=true   gold=true  running‐acc=0.959
Locality eval: pred=true              gold=n/a  correct=False  running‐acc=0.084
[ 443/600] loss=0.2486  pred=true   gold=true  running‐acc=0.959
Locality eval: pred=true              gold=n/a  correct=False  running‐acc=0.084
[ 444/600] loss=0.2614  pred=true   gold=true  running‐acc=0.959
Locality eval: pred=true              gold=n/a  correct=False  running‐acc=0.083
[ 445/600] loss=0.2956  pred=true   gold=true  running‐acc=0.960
Locality eval: pred=true              gold=n/a  correct=False  running‐acc=0.083
[ 446/600] loss=0.2920  pred=true   gold=true  running‐acc=0.960
Locality eval: pred=n/a               gold=n/a  correct=True  running‐acc=0.085
[ 447/600] loss=0.1721  pred=true   gold=true  running‐acc=0.960
Locality eval: pred=true              gold=n/a  correct=False  running‐acc=0.085
[ 448/600] loss=0.2960  pred=true   gold=true  running‐acc=0.960
Locality eval: pred=n/a               gold=n/a  correct=True  running‐acc=0.087
[ 449/600] loss=0.3366  pred=true   gold=true  running‐acc=0.960
Locality eval: pred=true              gold=n/a  correct=False  running‐acc=0.087
[ 450/600] loss=0.3859  pred=n/a    gold=n/a  running‐acc=0.960
Locality eval: pred=                  gold=true  correct=False  running‐acc=0.087
[ 451/600] loss=0.2515  pred=true   gold=true  running‐acc=0.960
Locality eval: pred=true              gold=n/a  correct=False  running‐acc=0.086
[ 452/600] loss=0.2942  pred=n/a    gold=n/a  running‐acc=0.960
Locality eval: pred=n/a               gold=true  correct=False  running‐acc=0.086
[ 453/600] loss=0.3204  pred=n/a    gold=n/a  running‐acc=0.960
Locality eval: pred=n/a               gold=true  correct=False  running‐acc=0.086
[ 454/600] loss=0.4834  pred=n/a    gold=n/a  running‐acc=0.960
Locality eval: pred=n/a               gold=true  correct=False  running‐acc=0.086
[ 455/600] loss=0.2920  pred=true   gold=true  running‐acc=0.960
Locality eval: pred=true              gold=n/a  correct=False  running‐acc=0.086
[ 456/600] loss=0.2981  pred=n/a    gold=n/a  running‐acc=0.961
Locality eval: pred=n/a               gold=true  correct=False  running‐acc=0.086
[ 457/600] loss=0.4730  pred=n/a    gold=n/a  running‐acc=0.961
Locality eval: pred=n/a               gold=true  correct=False  running‐acc=0.085
[ 458/600] loss=0.4426  pred=n/a    gold=n/a  running‐acc=0.961
Locality eval: pred=false             gold=true  correct=False  running‐acc=0.085
[ 459/600] loss=0.2643  pred=true   gold=true  running‐acc=0.961
Locality eval: pred=false             gold=n/a  correct=False  running‐acc=0.085
[ 460/600] loss=0.2138  pred=true   gold=true  running‐acc=0.961
Locality eval: pred=n/a               gold=n/a  correct=True  running‐acc=0.087
[ 461/600] loss=0.4257  pred=n/a    gold=n/a  running‐acc=0.961
Locality eval: pred=n/a               gold=true  correct=False  running‐acc=0.087
[ 462/600] loss=0.7135  pred=false  gold=n/a  running‐acc=0.959
Locality eval: pred=                  gold=true  correct=False  running‐acc=0.087
[ 463/600] loss=0.2326  pred=true   gold=true  running‐acc=0.959
Locality eval: pred=true              gold=n/a  correct=False  running‐acc=0.086
[ 464/600] loss=0.3601  pred=n/a    gold=n/a  running‐acc=0.959
Locality eval: pred=n/a               gold=true  correct=False  running‐acc=0.086
[ 465/600] loss=0.3687  pred=n/a    gold=n/a  running‐acc=0.959
Locality eval: pred=n/a               gold=true  correct=False  running‐acc=0.086
[ 466/600] loss=0.3136  pred=n/a    gold=n/a  running‐acc=0.959
Locality eval: pred=n/a               gold=true  correct=False  running‐acc=0.086
[ 467/600] loss=0.3262  pred=n/a    gold=n/a  running‐acc=0.959
Locality eval: pred=n/a               gold=true  correct=False  running‐acc=0.086
[ 468/600] loss=0.3732  pred=n/a    gold=n/a  running‐acc=0.959
Locality eval: pred=n/a               gold=true  correct=False  running‐acc=0.085
[ 469/600] loss=0.2045  pred=true   gold=true  running‐acc=0.959
Locality eval: pred=true              gold=n/a  correct=False  running‐acc=0.085
[ 470/600] loss=0.3947  pred=n/a    gold=n/a  running‐acc=0.960
Locality eval: pred=n/a               gold=true  correct=False  running‐acc=0.085
[ 471/600] loss=0.4505  pred=n/a    gold=n/a  running‐acc=0.960
Locality eval: pred=n/a               gold=true  correct=False  running‐acc=0.085
[ 472/600] loss=0.3732  pred=true   gold=true  running‐acc=0.960
Locality eval: pred=true              gold=n/a  correct=False  running‐acc=0.085
[ 473/600] loss=0.4958  pred=n/a    gold=n/a  running‐acc=0.960
Locality eval: pred=n/a               gold=true  correct=False  running‐acc=0.085
[ 474/600] loss=0.3259  pred=true   gold=true  running‐acc=0.960
Locality eval: pred=true              gold=n/a  correct=False  running‐acc=0.084
[ 475/600] loss=0.4445  pred=       gold=n/a  running‐acc=0.958
Locality eval: pred=n/a               gold=true  correct=False  running‐acc=0.084
[ 476/600] loss=0.2525  pred=true   gold=true  running‐acc=0.958
Locality eval: pred=n/a               gold=n/a  correct=True  running‐acc=0.086
[ 477/600] loss=0.4266  pred=n/a    gold=n/a  running‐acc=0.958
Locality eval: pred=n/a               gold=true  correct=False  running‐acc=0.086
[ 478/600] loss=0.3475  pred=true   gold=true  running‐acc=0.958
Locality eval: pred=n/a               gold=n/a  correct=True  running‐acc=0.088
[ 479/600] loss=0.2142  pred=n/a    gold=n/a  running‐acc=0.958
Locality eval: pred=true              gold=true  correct=True  running‐acc=0.090
[ 480/600] loss=0.3493  pred=n/a    gold=n/a  running‐acc=0.958
Locality eval: pred=false             gold=true  correct=False  running‐acc=0.090
[ 481/600] loss=0.4779  pred=n/a    gold=n/a  running‐acc=0.958
Locality eval: pred=n/a               gold=true  correct=False  running‐acc=0.089
[ 482/600] loss=0.2761  pred=true   gold=true  running‐acc=0.959
Locality eval: pred=true              gold=n/a  correct=False  running‐acc=0.089
[ 483/600] loss=0.2980  pred=n/a    gold=n/a  running‐acc=0.959
Locality eval: pred=n/a               gold=true  correct=False  running‐acc=0.089
[ 484/600] loss=0.5105  pred=n/a    gold=n/a  running‐acc=0.959
Locality eval: pred=                  gold=true  correct=False  running‐acc=0.089
[ 485/600] loss=0.4046  pred=n/a    gold=n/a  running‐acc=0.959
Locality eval: pred=n/a               gold=true  correct=False  running‐acc=0.089
[ 486/600] loss=0.4248  pred=n/a    gold=n/a  running‐acc=0.959
Locality eval: pred=n/a               gold=true  correct=False  running‐acc=0.088
[ 487/600] loss=0.5749  pred=n/a    gold=n/a  running‐acc=0.959
Locality eval: pred=false             gold=true  correct=False  running‐acc=0.088
[ 488/600] loss=0.3399  pred=n/a    gold=n/a  running‐acc=0.959
Locality eval: pred=true              gold=true  correct=True  running‐acc=0.090
[ 489/600] loss=0.5617  pred=n/a    gold=n/a  running‐acc=0.959
Locality eval: pred=n/a               gold=true  correct=False  running‐acc=0.090
[ 490/600] loss=0.4329  pred=       gold=n/a  running‐acc=0.957
Locality eval: pred=true              gold=true  correct=True  running‐acc=0.092
[ 491/600] loss=0.5151  pred=n/a    gold=n/a  running‐acc=0.957
Locality eval: pred=n/a               gold=true  correct=False  running‐acc=0.092
[ 492/600] loss=0.4275  pred=true   gold=true  running‐acc=0.957
Locality eval: pred=true              gold=n/a  correct=False  running‐acc=0.091
[ 493/600] loss=0.5122  pred=n/a    gold=n/a  running‐acc=0.957
Locality eval: pred=n/a               gold=true  correct=False  running‐acc=0.091
[ 494/600] loss=0.3268  pred=n/a    gold=n/a  running‐acc=0.957
Locality eval: pred=n/a               gold=true  correct=False  running‐acc=0.091
[ 495/600] loss=0.3416  pred=n/a    gold=n/a  running‐acc=0.958
Locality eval: pred=n/a               gold=true  correct=False  running‐acc=0.091
[ 496/600] loss=0.2784  pred=n/a    gold=n/a  running‐acc=0.958
Locality eval: pred=n/a               gold=true  correct=False  running‐acc=0.091
[ 497/600] loss=0.2801  pred=true   gold=true  running‐acc=0.958
Locality eval: pred=true              gold=n/a  correct=False  running‐acc=0.091
[ 498/600] loss=0.1598  pred=true   gold=true  running‐acc=0.958
Locality eval: pred=true              gold=n/a  correct=False  running‐acc=0.090
[ 499/600] loss=0.5053  pred=n/a    gold=n/a  running‐acc=0.958
Locality eval: pred=n/a               gold=true  correct=False  running‐acc=0.090
[ 500/600] loss=0.6155  pred=n/a    gold=n/a  running‐acc=0.958
Locality eval: pred=n/a               gold=true  correct=False  running‐acc=0.090
[ 501/600] loss=0.4733  pred=n/a    gold=n/a  running‐acc=0.958
Locality eval: pred=n/a               gold=true  correct=False  running‐acc=0.090
[ 502/600] loss=0.3934  pred=n/a    gold=n/a  running‐acc=0.958
Locality eval: pred=n/a               gold=true  correct=False  running‐acc=0.090
[ 503/600] loss=0.1539  pred=true   gold=true  running‐acc=0.958
Locality eval: pred=true              gold=n/a  correct=False  running‐acc=0.089
[ 504/600] loss=0.2469  pred=true   gold=true  running‐acc=0.958
Locality eval: pred=true              gold=n/a  correct=False  running‐acc=0.089
[ 505/600] loss=0.3379  pred=true   gold=true  running‐acc=0.958
Locality eval: pred=true              gold=n/a  correct=False  running‐acc=0.089
[ 506/600] loss=0.2795  pred=true   gold=true  running‐acc=0.958
Locality eval: pred=true              gold=n/a  correct=False  running‐acc=0.089
[ 507/600] loss=0.2610  pred=true   gold=true  running‐acc=0.959
Locality eval: pred=true              gold=n/a  correct=False  running‐acc=0.089
[ 508/600] loss=0.3108  pred=true   gold=true  running‐acc=0.959
Locality eval: pred=true              gold=n/a  correct=False  running‐acc=0.089
[ 509/600] loss=0.3381  pred=true   gold=true  running‐acc=0.959
Locality eval: pred=true              gold=n/a  correct=False  running‐acc=0.088
[ 510/600] loss=0.1926  pred=true   gold=true  running‐acc=0.959
Locality eval: pred=true              gold=n/a  correct=False  running‐acc=0.088
[ 511/600] loss=0.5771  pred=n/a    gold=n/a  running‐acc=0.959
Locality eval: pred=false             gold=true  correct=False  running‐acc=0.088
[ 512/600] loss=0.1127  pred=true   gold=true  running‐acc=0.959
Locality eval: pred=true              gold=n/a  correct=False  running‐acc=0.088
[ 513/600] loss=0.4242  pred=n/a    gold=n/a  running‐acc=0.959
Locality eval: pred=true              gold=true  correct=True  running‐acc=0.090
[ 514/600] loss=0.4181  pred=true   gold=true  running‐acc=0.959
Locality eval: pred=true              gold=n/a  correct=False  running‐acc=0.089
[ 515/600] loss=0.2250  pred=n/a    gold=n/a  running‐acc=0.959
Locality eval: pred=n/a               gold=true  correct=False  running‐acc=0.089
[ 516/600] loss=0.4118  pred=n/a    gold=n/a  running‐acc=0.959
Locality eval: pred=n/a               gold=true  correct=False  running‐acc=0.089
[ 517/600] loss=0.3251  pred=n/a    gold=n/a  running‐acc=0.959
Locality eval: pred=n/a               gold=true  correct=False  running‐acc=0.089
[ 518/600] loss=0.4341  pred=n/a    gold=n/a  running‐acc=0.959
Locality eval: pred=true              gold=true  correct=True  running‐acc=0.091
[ 519/600] loss=0.2298  pred=true   gold=true  running‐acc=0.960
Locality eval: pred=true              gold=n/a  correct=False  running‐acc=0.091
[ 520/600] loss=0.5206  pred=true   gold=true  running‐acc=0.960
Locality eval: pred=true              gold=n/a  correct=False  running‐acc=0.090
[ 521/600] loss=0.2973  pred=true   gold=true  running‐acc=0.960
Locality eval: pred=true              gold=n/a  correct=False  running‐acc=0.090
[ 522/600] loss=0.3084  pred=true   gold=true  running‐acc=0.960
Locality eval: pred=true              gold=n/a  correct=False  running‐acc=0.090
[ 523/600] loss=0.4902  pred=n/a    gold=n/a  running‐acc=0.960
Locality eval: pred=n/a               gold=true  correct=False  running‐acc=0.090
[ 524/600] loss=0.1931  pred=true   gold=true  running‐acc=0.960
Locality eval: pred=true              gold=n/a  correct=False  running‐acc=0.090
[ 525/600] loss=0.3105  pred=true   gold=true  running‐acc=0.960
Locality eval: pred=true              gold=n/a  correct=False  running‐acc=0.090
[ 526/600] loss=0.2494  pred=true   gold=true  running‐acc=0.960
Locality eval: pred=true              gold=n/a  correct=False  running‐acc=0.089
[ 527/600] loss=0.3877  pred=n/a    gold=n/a  running‐acc=0.960
Locality eval: pred=n/a               gold=true  correct=False  running‐acc=0.089
[ 528/600] loss=0.2643  pred=true   gold=true  running‐acc=0.960
Locality eval: pred=true              gold=n/a  correct=False  running‐acc=0.089
[ 529/600] loss=0.3312  pred=n/a    gold=n/a  running‐acc=0.960
Locality eval: pred=n/a               gold=true  correct=False  running‐acc=0.089
[ 530/600] loss=0.4256  pred=true   gold=true  running‐acc=0.960
Locality eval: pred=true              gold=n/a  correct=False  running‐acc=0.089
[ 531/600] loss=0.5936  pred=n/a    gold=n/a  running‐acc=0.960
Locality eval: pred=                  gold=true  correct=False  running‐acc=0.089
[ 532/600] loss=0.3774  pred=true   gold=true  running‐acc=0.961
Locality eval: pred=true              gold=n/a  correct=False  running‐acc=0.088
[ 533/600] loss=0.5166  pred=n/a    gold=n/a  running‐acc=0.961
Locality eval: pred=n/a               gold=true  correct=False  running‐acc=0.088
[ 534/600] loss=0.2240  pred=true   gold=true  running‐acc=0.961
Locality eval: pred=true              gold=n/a  correct=False  running‐acc=0.088
[ 535/600] loss=0.2265  pred=true   gold=true  running‐acc=0.961
Locality eval: pred=true              gold=n/a  correct=False  running‐acc=0.088
[ 536/600] loss=0.2579  pred=true   gold=true  running‐acc=0.961
Locality eval: pred=true              gold=n/a  correct=False  running‐acc=0.088
[ 537/600] loss=0.4952  pred=n/a    gold=n/a  running‐acc=0.961
Locality eval: pred=n/a               gold=true  correct=False  running‐acc=0.088
[ 538/600] loss=0.3627  pred=true   gold=true  running‐acc=0.961
Locality eval: pred=true              gold=n/a  correct=False  running‐acc=0.087
[ 539/600] loss=0.2137  pred=true   gold=true  running‐acc=0.961
Locality eval: pred=true              gold=n/a  correct=False  running‐acc=0.087
[ 540/600] loss=0.4037  pred=n/a    gold=n/a  running‐acc=0.961
Locality eval: pred=n/a               gold=true  correct=False  running‐acc=0.087
[ 541/600] loss=0.4828  pred=n/a    gold=n/a  running‐acc=0.961
Locality eval: pred=n/a               gold=true  correct=False  running‐acc=0.087
[ 542/600] loss=0.3933  pred=n/a    gold=n/a  running‐acc=0.961
Locality eval: pred=n/a               gold=true  correct=False  running‐acc=0.087
[ 543/600] loss=0.5379  pred=n/a    gold=n/a  running‐acc=0.961
Locality eval: pred=n/a               gold=true  correct=False  running‐acc=0.087
[ 544/600] loss=0.4157  pred=n/a    gold=n/a  running‐acc=0.961
Locality eval: pred=n/a               gold=true  correct=False  running‐acc=0.086
[ 545/600] loss=0.2482  pred=true   gold=true  running‐acc=0.961
Locality eval: pred=true              gold=n/a  correct=False  running‐acc=0.086
[ 546/600] loss=0.3460  pred=n/a    gold=n/a  running‐acc=0.962
Locality eval: pred=n/a               gold=true  correct=False  running‐acc=0.086
[ 547/600] loss=0.3451  pred=true   gold=true  running‐acc=0.962
Locality eval: pred=true              gold=n/a  correct=False  running‐acc=0.086
[ 548/600] loss=0.3774  pred=true   gold=true  running‐acc=0.962
Locality eval: pred=true              gold=n/a  correct=False  running‐acc=0.086
[ 549/600] loss=0.1476  pred=true   gold=true  running‐acc=0.962
Locality eval: pred=true              gold=n/a  correct=False  running‐acc=0.086
[ 550/600] loss=0.2782  pred=n/a    gold=n/a  running‐acc=0.962
Locality eval: pred=n/a               gold=true  correct=False  running‐acc=0.085
[ 551/600] loss=0.2261  pred=true   gold=true  running‐acc=0.962
Locality eval: pred=true              gold=n/a  correct=False  running‐acc=0.085
[ 552/600] loss=0.4340  pred=n/a    gold=n/a  running‐acc=0.962
Locality eval: pred=n/a               gold=true  correct=False  running‐acc=0.085
[ 553/600] loss=0.4197  pred=n/a    gold=n/a  running‐acc=0.962
Locality eval: pred=n/a               gold=true  correct=False  running‐acc=0.085
[ 554/600] loss=0.4195  pred=true   gold=true  running‐acc=0.962
Locality eval: pred=true              gold=n/a  correct=False  running‐acc=0.085
[ 555/600] loss=0.3405  pred=n/a    gold=n/a  running‐acc=0.962
Locality eval: pred=                  gold=true  correct=False  running‐acc=0.085
[ 556/600] loss=0.5083  pred=n/a    gold=n/a  running‐acc=0.962
Locality eval: pred=true              gold=true  correct=True  running‐acc=0.086
[ 557/600] loss=0.3440  pred=n/a    gold=n/a  running‐acc=0.962
Locality eval: pred=n/a               gold=true  correct=False  running‐acc=0.086
[ 558/600] loss=0.1811  pred=true   gold=true  running‐acc=0.962
Locality eval: pred=true              gold=n/a  correct=False  running‐acc=0.086
[ 559/600] loss=0.3484  pred=true   gold=true  running‐acc=0.962
Locality eval: pred=false             gold=n/a  correct=False  running‐acc=0.086
[ 560/600] loss=0.3859  pred=n/a    gold=n/a  running‐acc=0.963
Locality eval: pred=n/a               gold=true  correct=False  running‐acc=0.086
[ 561/600] loss=0.2819  pred=true   gold=true  running‐acc=0.963
Locality eval: pred=true              gold=n/a  correct=False  running‐acc=0.086
[ 562/600] loss=0.1809  pred=true   gold=true  running‐acc=0.963
Locality eval: pred=true              gold=n/a  correct=False  running‐acc=0.085
[ 563/600] loss=0.2550  pred=n/a    gold=n/a  running‐acc=0.963
Locality eval: pred=n/a               gold=true  correct=False  running‐acc=0.085
[ 564/600] loss=0.1842  pred=true   gold=true  running‐acc=0.963
Locality eval: pred=true              gold=n/a  correct=False  running‐acc=0.085
[ 565/600] loss=0.3324  pred=n/a    gold=n/a  running‐acc=0.963
Locality eval: pred=n/a               gold=true  correct=False  running‐acc=0.085
[ 566/600] loss=0.2696  pred=true   gold=true  running‐acc=0.963
Locality eval: pred=true              gold=n/a  correct=False  running‐acc=0.085
[ 567/600] loss=0.3058  pred=true   gold=true  running‐acc=0.963
Locality eval: pred=true              gold=n/a  correct=False  running‐acc=0.085
[ 568/600] loss=0.2143  pred=n/a    gold=n/a  running‐acc=0.963
Locality eval: pred=                  gold=true  correct=False  running‐acc=0.085
[ 569/600] loss=0.2422  pred=true   gold=true  running‐acc=0.963
Locality eval: pred=true              gold=n/a  correct=False  running‐acc=0.084
[ 570/600] loss=0.2387  pred=true   gold=true  running‐acc=0.963
Locality eval: pred=true              gold=n/a  correct=False  running‐acc=0.084
[ 571/600] loss=0.1962  pred=true   gold=true  running‐acc=0.963
Locality eval: pred=false             gold=n/a  correct=False  running‐acc=0.084
[ 572/600] loss=0.3115  pred=true   gold=true  running‐acc=0.963
Locality eval: pred=true              gold=n/a  correct=False  running‐acc=0.084
[ 573/600] loss=0.2797  pred=true   gold=true  running‐acc=0.963
Locality eval: pred=true              gold=n/a  correct=False  running‐acc=0.084
[ 574/600] loss=0.4161  pred=true   gold=true  running‐acc=0.963
Locality eval: pred=true              gold=n/a  correct=False  running‐acc=0.084
[ 575/600] loss=0.2915  pred=true   gold=true  running‐acc=0.963
Locality eval: pred=true              gold=n/a  correct=False  running‐acc=0.083
[ 576/600] loss=0.1542  pred=true   gold=true  running‐acc=0.964
Locality eval: pred=true              gold=n/a  correct=False  running‐acc=0.083
[ 577/600] loss=0.1222  pred=true   gold=true  running‐acc=0.964
Locality eval: pred=false             gold=n/a  correct=False  running‐acc=0.083
[ 578/600] loss=0.3837  pred=n/a    gold=n/a  running‐acc=0.964
Locality eval: pred=n/a               gold=true  correct=False  running‐acc=0.083
[ 579/600] loss=0.2605  pred=true   gold=true  running‐acc=0.964
Locality eval: pred=true              gold=n/a  correct=False  running‐acc=0.083
[ 580/600] loss=0.4623  pred=n/a    gold=n/a  running‐acc=0.964
Locality eval: pred=n/a               gold=true  correct=False  running‐acc=0.083
[ 581/600] loss=0.5472  pred=n/a    gold=n/a  running‐acc=0.964
Locality eval: pred=false             gold=true  correct=False  running‐acc=0.083
[ 582/600] loss=0.3622  pred=n/a    gold=n/a  running‐acc=0.964
Locality eval: pred=                  gold=true  correct=False  running‐acc=0.082
[ 583/600] loss=0.4095  pred=n/a    gold=n/a  running‐acc=0.964
Locality eval: pred=n/a               gold=true  correct=False  running‐acc=0.082
[ 584/600] loss=0.5209  pred=n/a    gold=n/a  running‐acc=0.964
Locality eval: pred=n/a               gold=true  correct=False  running‐acc=0.082
[ 585/600] loss=0.4842  pred=n/a    gold=n/a  running‐acc=0.964
Locality eval: pred=n/a               gold=true  correct=False  running‐acc=0.082
[ 586/600] loss=0.4687  pred=n/a    gold=n/a  running‐acc=0.964
Locality eval: pred=n/a               gold=true  correct=False  running‐acc=0.082
[ 587/600] loss=0.3027  pred=true   gold=true  running‐acc=0.964
Locality eval: pred=true              gold=n/a  correct=False  running‐acc=0.082
[ 588/600] loss=0.2220  pred=true   gold=true  running‐acc=0.964
Locality eval: pred=false             gold=n/a  correct=False  running‐acc=0.082
[ 589/600] loss=0.2195  pred=true   gold=true  running‐acc=0.964
Locality eval: pred=true              gold=n/a  correct=False  running‐acc=0.081
[ 590/600] loss=0.2504  pred=true   gold=true  running‐acc=0.964
Locality eval: pred=false             gold=n/a  correct=False  running‐acc=0.081
[ 591/600] loss=0.1760  pred=true   gold=true  running‐acc=0.964
Locality eval: pred=true              gold=n/a  correct=False  running‐acc=0.081
[ 592/600] loss=0.4609  pred=n/a    gold=n/a  running‐acc=0.965
Locality eval: pred=n/a               gold=true  correct=False  running‐acc=0.081
[ 593/600] loss=0.2843  pred=true   gold=true  running‐acc=0.965
Locality eval: pred=true              gold=n/a  correct=False  running‐acc=0.081
[ 594/600] loss=0.7698  pred=       gold=n/a  running‐acc=0.963
Locality eval: pred=n/a               gold=true  correct=False  running‐acc=0.081
[ 595/600] loss=0.3430  pred=true   gold=true  running‐acc=0.963
Locality eval: pred=true              gold=n/a  correct=False  running‐acc=0.081
[ 596/600] loss=0.3728  pred=n/a    gold=n/a  running‐acc=0.963
Locality eval: pred=n/a               gold=true  correct=False  running‐acc=0.081
[ 597/600] loss=0.6943  pred=n/a    gold=n/a  running‐acc=0.963
Locality eval: pred=true              gold=true  correct=True  running‐acc=0.082
[ 598/600] loss=0.1143  pred=true   gold=true  running‐acc=0.963
Locality eval: pred=true              gold=n/a  correct=False  running‐acc=0.082
[ 599/600] loss=0.4098  pred=true   gold=true  running‐acc=0.963
Locality eval: pred=true              gold=n/a  correct=False  running‐acc=0.082
[ 600/600] loss=0.4003  pred=n/a    gold=n/a  running‐acc=0.963
Locality eval: pred=n/a               gold=true  correct=False  running‐acc=0.082

Finished in 1046.4s.  Final accuracy: 0.963.

