
Loading base model (4‐bit)…
Loading checkpoint shards:   0%|          | 0/2 [00:00<?, ?it/s]Loading checkpoint shards:  50%|█████     | 1/2 [00:10<00:10, 10.26s/it]Loading checkpoint shards: 100%|██████████| 2/2 [00:13<00:00,  6.18s/it]Loading checkpoint shards: 100%|██████████| 2/2 [00:13<00:00,  6.79s/it]
trainable params: 4,587,520 || all params: 3,217,337,344 || trainable%: 0.1426
  0%|          | 0/600 [00:00<?, ?it/s]100%|██████████| 600/600 [00:00<00:00, 33614.94it/s]
/project/uvadm/zhenyu/miniconda3/envs/mechanistic/lib/python3.10/site-packages/transformers/generation/configuration_utils.py:631: UserWarning: `do_sample` is set to `False`. However, `temperature` is set to `0.6` -- this flag is only used in sample-based generation modes. You should set `do_sample=True` or unset `temperature`.
  warnings.warn(
/project/uvadm/zhenyu/miniconda3/envs/mechanistic/lib/python3.10/site-packages/transformers/generation/configuration_utils.py:636: UserWarning: `do_sample` is set to `False`. However, `top_p` is set to `0.9` -- this flag is only used in sample-based generation modes. You should set `do_sample=True` or unset `top_p`.
  warnings.warn(
Loaded 600 (train, eval) pairs.

Starting sequential training…
Cached 112 LoRA tensors.
[   1/600] loss=1.2050  pred=true   gold=true  running‐acc=1.000
Locality eval: pred=n/a               gold=n/a  correct=True  running‐acc=1.000
[   2/600] loss=1.7626  pred=true   gold=true  running‐acc=1.000
Locality eval: pred=n/a               gold=n/a  correct=True  running‐acc=1.000
[   3/600] loss=1.7160  pred=n/a    gold=true  running‐acc=0.667
Locality eval: pred=n/a               gold=n/a  correct=True  running‐acc=1.000
[   4/600] loss=1.4158  pred=false  gold=true  running‐acc=0.500
Locality eval: pred=n/a               gold=n/a  correct=True  running‐acc=1.000
[   5/600] loss=1.3907  pred=true   gold=true  running‐acc=0.600
Locality eval: pred=n/a               gold=n/a  correct=True  running‐acc=1.000
[   6/600] loss=1.5590  pred=n/a    gold=true  running‐acc=0.500
Locality eval: pred=n/a               gold=n/a  correct=True  running‐acc=1.000
[   7/600] loss=1.3861  pred=n/a    gold=n/a  running‐acc=0.571
Locality eval: pred=false             gold=true  correct=False  running‐acc=0.857
[   8/600] loss=1.4987  pred=n/a    gold=n/a  running‐acc=0.625
Locality eval: pred=n/a               gold=true  correct=False  running‐acc=0.750
[   9/600] loss=1.7350  pred=true   gold=true  running‐acc=0.667
Locality eval: pred=true              gold=n/a  correct=False  running‐acc=0.667
[  10/600] loss=1.3934  pred=true   gold=true  running‐acc=0.700
Locality eval: pred=true              gold=n/a  correct=False  running‐acc=0.600
[  11/600] loss=1.9283  pred=n/a    gold=true  running‐acc=0.636
Locality eval: pred=n/a               gold=n/a  correct=True  running‐acc=0.636
[  12/600] loss=1.6205  pred=true   gold=true  running‐acc=0.667
Locality eval: pred=false             gold=n/a  correct=False  running‐acc=0.583
[  13/600] loss=1.9578  pred=n/a    gold=n/a  running‐acc=0.692
Locality eval: pred=n/a               gold=true  correct=False  running‐acc=0.538
[  14/600] loss=1.6570  pred=       gold=n/a  running‐acc=0.643
Locality eval: pred=true              gold=true  correct=True  running‐acc=0.571
[  15/600] loss=1.3814  pred=n/a    gold=true  running‐acc=0.600
Locality eval: pred=true              gold=n/a  correct=False  running‐acc=0.533
[  16/600] loss=1.5638  pred=n/a    gold=n/a  running‐acc=0.625
Locality eval: pred=n/a               gold=true  correct=False  running‐acc=0.500
[  17/600] loss=1.4599  pred=n/a    gold=n/a  running‐acc=0.647
Locality eval: pred=true              gold=true  correct=True  running‐acc=0.529
[  18/600] loss=1.4237  pred=true   gold=true  running‐acc=0.667
Locality eval: pred=n/a               gold=n/a  correct=True  running‐acc=0.556
[  19/600] loss=2.4841  pred=true   gold=true  running‐acc=0.684
Locality eval: pred=n/a               gold=n/a  correct=True  running‐acc=0.579
[  20/600] loss=1.5647  pred=n/a    gold=n/a  running‐acc=0.700
Locality eval: pred=true              gold=true  correct=True  running‐acc=0.600
[  21/600] loss=1.2171  pred=n/a    gold=n/a  running‐acc=0.714
Locality eval: pred=true              gold=true  correct=True  running‐acc=0.619
[  22/600] loss=1.6274  pred=n/a    gold=n/a  running‐acc=0.727
Locality eval: pred=true              gold=true  correct=True  running‐acc=0.636
[  23/600] loss=1.5301  pred=n/a    gold=n/a  running‐acc=0.739
Locality eval: pred=true              gold=true  correct=True  running‐acc=0.652
[  24/600] loss=1.4927  pred=n/a    gold=n/a  running‐acc=0.750
Locality eval: pred=n/a               gold=true  correct=False  running‐acc=0.625
[  25/600] loss=1.9069  pred=true   gold=true  running‐acc=0.760
Locality eval: pred=n/a               gold=n/a  correct=True  running‐acc=0.640
[  26/600] loss=1.3904  pred=n/a    gold=n/a  running‐acc=0.769
Locality eval: pred=true              gold=true  correct=True  running‐acc=0.654
[  27/600] loss=1.5312  pred=n/a    gold=n/a  running‐acc=0.778
Locality eval: pred=false             gold=true  correct=False  running‐acc=0.630
[  28/600] loss=1.7042  pred=false  gold=n/a  running‐acc=0.750
Locality eval: pred=n/a               gold=true  correct=False  running‐acc=0.607
[  29/600] loss=1.4857  pred=       gold=n/a  running‐acc=0.724
Locality eval: pred=n/a               gold=true  correct=False  running‐acc=0.586
[  30/600] loss=1.5418  pred=n/a    gold=n/a  running‐acc=0.733
Locality eval: pred=n/a               gold=true  correct=False  running‐acc=0.567
[  31/600] loss=1.4350  pred=n/a    gold=true  running‐acc=0.710
Locality eval: pred=n/a               gold=n/a  correct=True  running‐acc=0.581
[  32/600] loss=1.4276  pred=n/a    gold=n/a  running‐acc=0.719
Locality eval: pred=true              gold=true  correct=True  running‐acc=0.594
[  33/600] loss=1.7206  pred=n/a    gold=n/a  running‐acc=0.727
Locality eval: pred=true              gold=true  correct=True  running‐acc=0.606
[  34/600] loss=1.2515  pred=n/a    gold=n/a  running‐acc=0.735
Locality eval: pred=n/a               gold=true  correct=False  running‐acc=0.588
[  35/600] loss=1.5263  pred=n/a    gold=true  running‐acc=0.714
Locality eval: pred=n/a               gold=n/a  correct=True  running‐acc=0.600
[  36/600] loss=1.3157  pred=n/a    gold=n/a  running‐acc=0.722
Locality eval: pred=true              gold=true  correct=True  running‐acc=0.611
[  37/600] loss=1.7850  pred=true   gold=true  running‐acc=0.730
Locality eval: pred=n/a               gold=n/a  correct=True  running‐acc=0.622
[  38/600] loss=1.5027  pred=n/a    gold=n/a  running‐acc=0.737
Locality eval: pred=n/a               gold=true  correct=False  running‐acc=0.605
[  39/600] loss=1.7855  pred=true   gold=true  running‐acc=0.744
Locality eval: pred=n/a               gold=n/a  correct=True  running‐acc=0.615
[  40/600] loss=1.5543  pred=true   gold=true  running‐acc=0.750
Locality eval: pred=n/a               gold=n/a  correct=True  running‐acc=0.625
[  41/600] loss=1.2690  pred=true   gold=true  running‐acc=0.756
Locality eval: pred=n/a               gold=n/a  correct=True  running‐acc=0.634
[  42/600] loss=1.5311  pred=n/a    gold=n/a  running‐acc=0.762
Locality eval: pred=true              gold=true  correct=True  running‐acc=0.643
[  43/600] loss=1.7788  pred=true   gold=true  running‐acc=0.767
Locality eval: pred=n/a               gold=n/a  correct=True  running‐acc=0.651
[  44/600] loss=1.4105  pred=n/a    gold=n/a  running‐acc=0.773
Locality eval: pred=n/a               gold=true  correct=False  running‐acc=0.636
[  45/600] loss=1.5341  pred=n/a    gold=n/a  running‐acc=0.778
Locality eval: pred=n/a               gold=true  correct=False  running‐acc=0.622
[  46/600] loss=2.0822  pred=true   gold=true  running‐acc=0.783
Locality eval: pred=true              gold=n/a  correct=False  running‐acc=0.609
[  47/600] loss=1.4673  pred=true   gold=true  running‐acc=0.787
Locality eval: pred=n/a               gold=n/a  correct=True  running‐acc=0.617
[  48/600] loss=1.3263  pred=n/a    gold=n/a  running‐acc=0.792
Locality eval: pred=true              gold=true  correct=True  running‐acc=0.625
[  49/600] loss=1.5459  pred=n/a    gold=true  running‐acc=0.776
Locality eval: pred=n/a               gold=n/a  correct=True  running‐acc=0.633
[  50/600] loss=1.3340  pred=n/a    gold=n/a  running‐acc=0.780
Locality eval: pred=n/a               gold=true  correct=False  running‐acc=0.620
[  51/600] loss=1.4604  pred=true   gold=true  running‐acc=0.784
Locality eval: pred=n/a               gold=n/a  correct=True  running‐acc=0.627
[  52/600] loss=1.7181  pred=true   gold=true  running‐acc=0.788
Locality eval: pred=n/a               gold=n/a  correct=True  running‐acc=0.635
[  53/600] loss=1.4034  pred=n/a    gold=n/a  running‐acc=0.792
Locality eval: pred=                  gold=true  correct=False  running‐acc=0.623
[  54/600] loss=1.7405  pred=true   gold=true  running‐acc=0.796
Locality eval: pred=n/a               gold=n/a  correct=True  running‐acc=0.630
[  55/600] loss=1.5441  pred=n/a    gold=n/a  running‐acc=0.800
Locality eval: pred=n/a               gold=true  correct=False  running‐acc=0.618
[  56/600] loss=1.4952  pred=false  gold=n/a  running‐acc=0.786
Locality eval: pred=true              gold=true  correct=True  running‐acc=0.625
[  57/600] loss=1.5233  pred=true   gold=true  running‐acc=0.789
Locality eval: pred=n/a               gold=n/a  correct=True  running‐acc=0.632
[  58/600] loss=1.5378  pred=true   gold=true  running‐acc=0.793
Locality eval: pred=n/a               gold=n/a  correct=True  running‐acc=0.638
[  59/600] loss=1.6542  pred=true   gold=true  running‐acc=0.797
Locality eval: pred=n/a               gold=n/a  correct=True  running‐acc=0.644
[  60/600] loss=1.4820  pred=true   gold=true  running‐acc=0.800
Locality eval: pred=n/a               gold=n/a  correct=True  running‐acc=0.650
[  61/600] loss=1.6373  pred=n/a    gold=true  running‐acc=0.787
Locality eval: pred=n/a               gold=n/a  correct=True  running‐acc=0.656
[  62/600] loss=1.5469  pred=n/a    gold=true  running‐acc=0.774
Locality eval: pred=n/a               gold=n/a  correct=True  running‐acc=0.661
[  63/600] loss=1.2722  pred=n/a    gold=n/a  running‐acc=0.778
Locality eval: pred=true.             gold=true  correct=True  running‐acc=0.667
[  64/600] loss=1.5386  pred=n/a    gold=n/a  running‐acc=0.781
Locality eval: pred=true              gold=true  correct=True  running‐acc=0.672
[  65/600] loss=1.5102  pred=n/a    gold=n/a  running‐acc=0.785
Locality eval: pred=false             gold=true  correct=False  running‐acc=0.662
[  66/600] loss=1.3869  pred=true   gold=true  running‐acc=0.788
Locality eval: pred=false             gold=n/a  correct=False  running‐acc=0.652
[  67/600] loss=1.2601  pred=true   gold=true  running‐acc=0.791
Locality eval: pred=n/a               gold=n/a  correct=True  running‐acc=0.657
[  68/600] loss=1.3482  pred=true   gold=true  running‐acc=0.794
Locality eval: pred=n/a               gold=n/a  correct=True  running‐acc=0.662
[  69/600] loss=1.4398  pred=n/a    gold=n/a  running‐acc=0.797
Locality eval: pred=true              gold=true  correct=True  running‐acc=0.667
[  70/600] loss=1.4878  pred=n/a    gold=n/a  running‐acc=0.800
Locality eval: pred=true              gold=true  correct=True  running‐acc=0.671
[  71/600] loss=1.2558  pred=       gold=n/a  running‐acc=0.789
Locality eval: pred=true              gold=true  correct=True  running‐acc=0.676
[  72/600] loss=1.5751  pred=n/a    gold=n/a  running‐acc=0.792
Locality eval: pred=true              gold=true  correct=True  running‐acc=0.681
[  73/600] loss=1.5275  pred=true   gold=true  running‐acc=0.795
Locality eval: pred=true              gold=n/a  correct=False  running‐acc=0.671
[  74/600] loss=1.7955  pred=n/a    gold=n/a  running‐acc=0.797
Locality eval: pred=n/a               gold=true  correct=False  running‐acc=0.662
[  75/600] loss=1.3976  pred=n/a    gold=n/a  running‐acc=0.800
Locality eval: pred=                  gold=true  correct=False  running‐acc=0.653
[  76/600] loss=1.6729  pred=n/a    gold=true  running‐acc=0.789
Locality eval: pred=n/a               gold=n/a  correct=True  running‐acc=0.658
[  77/600] loss=1.5433  pred=true   gold=true  running‐acc=0.792
Locality eval: pred=n/a               gold=n/a  correct=True  running‐acc=0.662
[  78/600] loss=1.3244  pred=false  gold=n/a  running‐acc=0.782
Locality eval: pred=false             gold=true  correct=False  running‐acc=0.654
[  79/600] loss=1.5371  pred=true   gold=true  running‐acc=0.785
Locality eval: pred=n/a               gold=n/a  correct=True  running‐acc=0.658
[  80/600] loss=1.4112  pred=n/a    gold=n/a  running‐acc=0.787
Locality eval: pred=true              gold=true  correct=True  running‐acc=0.662
[  81/600] loss=1.5538  pred=n/a    gold=n/a  running‐acc=0.790
Locality eval: pred=true              gold=true  correct=True  running‐acc=0.667
[  82/600] loss=1.5846  pred=true   gold=true  running‐acc=0.793
Locality eval: pred=n/a               gold=n/a  correct=True  running‐acc=0.671
[  83/600] loss=1.6229  pred=       gold=n/a  running‐acc=0.783
Locality eval: pred=                  gold=true  correct=False  running‐acc=0.663
[  84/600] loss=1.2730  pred=false  gold=true  running‐acc=0.774
Locality eval: pred=n/a               gold=n/a  correct=True  running‐acc=0.667
[  85/600] loss=1.3909  pred=n/a    gold=n/a  running‐acc=0.776
Locality eval: pred=n/a               gold=true  correct=False  running‐acc=0.659
[  86/600] loss=1.7451  pred=n/a    gold=n/a  running‐acc=0.779
Locality eval: pred=true              gold=true  correct=True  running‐acc=0.663
[  87/600] loss=1.3426  pred=n/a    gold=n/a  running‐acc=0.782
Locality eval: pred=false             gold=true  correct=False  running‐acc=0.655
[  88/600] loss=1.3291  pred=true   gold=true  running‐acc=0.784
Locality eval: pred=n/a               gold=n/a  correct=True  running‐acc=0.659
[  89/600] loss=1.6756  pred=n/a    gold=true  running‐acc=0.775
Locality eval: pred=false             gold=n/a  correct=False  running‐acc=0.652
[  90/600] loss=1.4805  pred=       gold=n/a  running‐acc=0.767
Locality eval: pred=n/a               gold=true  correct=False  running‐acc=0.644
[  91/600] loss=1.2394  pred=true   gold=n/a  running‐acc=0.758
Locality eval: pred=true              gold=true  correct=True  running‐acc=0.648
[  92/600] loss=1.1782  pred=n/a    gold=true  running‐acc=0.750
Locality eval: pred=n/a               gold=n/a  correct=True  running‐acc=0.652
[  93/600] loss=1.3614  pred=n/a    gold=n/a  running‐acc=0.753
Locality eval: pred=n/a               gold=true  correct=False  running‐acc=0.645
[  94/600] loss=1.4785  pred=n/a    gold=n/a  running‐acc=0.755
Locality eval: pred=n/a               gold=true  correct=False  running‐acc=0.638
[  95/600] loss=1.1138  pred=false  gold=true  running‐acc=0.747
Locality eval: pred=n/a               gold=n/a  correct=True  running‐acc=0.642
[  96/600] loss=1.4265  pred=n/a    gold=n/a  running‐acc=0.750
Locality eval: pred=true              gold=true  correct=True  running‐acc=0.646
[  97/600] loss=1.5733  pred=n/a    gold=n/a  running‐acc=0.753
Locality eval: pred=false             gold=true  correct=False  running‐acc=0.639
[  98/600] loss=1.3109  pred=n/a    gold=n/a  running‐acc=0.755
Locality eval: pred=n/a               gold=true  correct=False  running‐acc=0.633
[  99/600] loss=1.7857  pred=false.  gold=true  running‐acc=0.747
Locality eval: pred=true              gold=n/a  correct=False  running‐acc=0.626
[ 100/600] loss=1.3539  pred=true   gold=true  running‐acc=0.750
Locality eval: pred=n/a               gold=n/a  correct=True  running‐acc=0.630
[ 101/600] loss=1.5303  pred=n/a    gold=n/a  running‐acc=0.752
Locality eval: pred=true              gold=true  correct=True  running‐acc=0.634
[ 102/600] loss=1.6987  pred=n/a    gold=true  running‐acc=0.745
Locality eval: pred=n/a               gold=n/a  correct=True  running‐acc=0.637
[ 103/600] loss=1.3782  pred=n/a    gold=n/a  running‐acc=0.748
Locality eval: pred=true              gold=true  correct=True  running‐acc=0.641
[ 104/600] loss=1.6484  pred=true   gold=true  running‐acc=0.750
Locality eval: pred=true              gold=n/a  correct=False  running‐acc=0.635
[ 105/600] loss=1.9327  pred=true   gold=true  running‐acc=0.752
Locality eval: pred=false             gold=n/a  correct=False  running‐acc=0.629
[ 106/600] loss=2.0612  pred=true   gold=true  running‐acc=0.755
Locality eval: pred=n/a               gold=n/a  correct=True  running‐acc=0.632
[ 107/600] loss=1.3884  pred=true   gold=true  running‐acc=0.757
Locality eval: pred=n/a               gold=n/a  correct=True  running‐acc=0.636
[ 108/600] loss=1.5865  pred=true   gold=true  running‐acc=0.759
Locality eval: pred=true              gold=n/a  correct=False  running‐acc=0.630
[ 109/600] loss=1.8958  pred=n/a    gold=true  running‐acc=0.752
Locality eval: pred=true              gold=n/a  correct=False  running‐acc=0.624
[ 110/600] loss=1.7552  pred=true   gold=true  running‐acc=0.755
Locality eval: pred=n/a               gold=n/a  correct=True  running‐acc=0.627
[ 111/600] loss=1.9270  pred=true   gold=true  running‐acc=0.757
Locality eval: pred=n/a               gold=n/a  correct=True  running‐acc=0.631
[ 112/600] loss=1.4699  pred=true   gold=true  running‐acc=0.759
Locality eval: pred=n/a               gold=n/a  correct=True  running‐acc=0.634
[ 113/600] loss=1.6300  pred=n/a    gold=n/a  running‐acc=0.761
Locality eval: pred=true              gold=true  correct=True  running‐acc=0.637
[ 114/600] loss=1.4734  pred=n/a    gold=n/a  running‐acc=0.763
Locality eval: pred=true              gold=true  correct=True  running‐acc=0.640
[ 115/600] loss=1.3113  pred=n/a    gold=n/a  running‐acc=0.765
Locality eval: pred=false             gold=true  correct=False  running‐acc=0.635
[ 116/600] loss=1.6713  pred=true   gold=true  running‐acc=0.767
Locality eval: pred=n/a               gold=n/a  correct=True  running‐acc=0.638
[ 117/600] loss=1.4727  pred=n/a    gold=n/a  running‐acc=0.769
Locality eval: pred=n/a               gold=true  correct=False  running‐acc=0.632
[ 118/600] loss=1.4194  pred=n/a    gold=n/a  running‐acc=0.771
Locality eval: pred=n/a               gold=true  correct=False  running‐acc=0.627
[ 119/600] loss=1.4448  pred=n/a    gold=n/a  running‐acc=0.773
Locality eval: pred=n/a               gold=true  correct=False  running‐acc=0.622
[ 120/600] loss=1.4535  pred=n/a    gold=n/a  running‐acc=0.775
Locality eval: pred=false             gold=true  correct=False  running‐acc=0.617
[ 121/600] loss=1.9632  pred=true   gold=true  running‐acc=0.777
Locality eval: pred=n/a               gold=n/a  correct=True  running‐acc=0.620
[ 122/600] loss=1.9531  pred=true   gold=true  running‐acc=0.779
Locality eval: pred=n/a               gold=n/a  correct=True  running‐acc=0.623
[ 123/600] loss=1.5887  pred=n/a    gold=n/a  running‐acc=0.780
Locality eval: pred=n/a               gold=true  correct=False  running‐acc=0.618
[ 124/600] loss=1.4599  pred=n/a    gold=n/a  running‐acc=0.782
Locality eval: pred=false             gold=true  correct=False  running‐acc=0.613
[ 125/600] loss=1.5235  pred=n/a    gold=n/a  running‐acc=0.784
Locality eval: pred=false             gold=true  correct=False  running‐acc=0.608
[ 126/600] loss=1.7722  pred=n/a    gold=true  running‐acc=0.778
Locality eval: pred=n/a               gold=n/a  correct=True  running‐acc=0.611
[ 127/600] loss=1.5608  pred=true   gold=true  running‐acc=0.780
Locality eval: pred=n/a               gold=n/a  correct=True  running‐acc=0.614
[ 128/600] loss=1.4122  pred=n/a    gold=n/a  running‐acc=0.781
Locality eval: pred=true              gold=true  correct=True  running‐acc=0.617
[ 129/600] loss=1.6874  pred=true   gold=true  running‐acc=0.783
Locality eval: pred=n/a               gold=n/a  correct=True  running‐acc=0.620
[ 130/600] loss=1.4762  pred=n/a    gold=n/a  running‐acc=0.785
Locality eval: pred=true              gold=true  correct=True  running‐acc=0.623
[ 131/600] loss=1.4985  pred=true   gold=true  running‐acc=0.786
Locality eval: pred=n/a               gold=n/a  correct=True  running‐acc=0.626
[ 132/600] loss=1.4670  pred=n/a    gold=n/a  running‐acc=0.788
Locality eval: pred=true              gold=true  correct=True  running‐acc=0.629
[ 133/600] loss=1.5801  pred=false  gold=n/a  running‐acc=0.782
Locality eval: pred=true              gold=true  correct=True  running‐acc=0.632
[ 134/600] loss=1.2571  pred=true   gold=true  running‐acc=0.784
Locality eval: pred=n/a               gold=n/a  correct=True  running‐acc=0.634
[ 135/600] loss=1.5046  pred=true   gold=true  running‐acc=0.785
Locality eval: pred=n/a               gold=n/a  correct=True  running‐acc=0.637
[ 136/600] loss=1.3580  pred=n/a    gold=n/a  running‐acc=0.787
Locality eval: pred=n/a               gold=true  correct=False  running‐acc=0.632
[ 137/600] loss=1.7458  pred=true   gold=true  running‐acc=0.788
Locality eval: pred=n/a               gold=n/a  correct=True  running‐acc=0.635
[ 138/600] loss=1.7611  pred=n/a    gold=true  running‐acc=0.783
Locality eval: pred=n/a               gold=n/a  correct=True  running‐acc=0.638
[ 139/600] loss=1.6051  pred=       gold=n/a  running‐acc=0.777
Locality eval: pred=                  gold=true  correct=False  running‐acc=0.633
[ 140/600] loss=1.3492  pred=n/a    gold=n/a  running‐acc=0.779
Locality eval: pred=n/a               gold=true  correct=False  running‐acc=0.629
[ 141/600] loss=1.5211  pred=n/a    gold=n/a  running‐acc=0.780
Locality eval: pred=true.             gold=true  correct=True  running‐acc=0.631
[ 142/600] loss=1.5360  pred=       gold=n/a  running‐acc=0.775
Locality eval: pred=true              gold=true  correct=True  running‐acc=0.634
[ 143/600] loss=1.1768  pred=true   gold=true  running‐acc=0.776
Locality eval: pred=n/a               gold=n/a  correct=True  running‐acc=0.636
[ 144/600] loss=1.3139  pred=n/a    gold=true  running‐acc=0.771
Locality eval: pred=n/a               gold=n/a  correct=True  running‐acc=0.639
[ 145/600] loss=1.6093  pred=true   gold=true  running‐acc=0.772
Locality eval: pred=false             gold=n/a  correct=False  running‐acc=0.634
[ 146/600] loss=1.8908  pred=true   gold=true  running‐acc=0.774
Locality eval: pred=false             gold=n/a  correct=False  running‐acc=0.630
[ 147/600] loss=1.4571  pred=n/a    gold=n/a  running‐acc=0.776
Locality eval: pred=true              gold=true  correct=True  running‐acc=0.633
[ 148/600] loss=2.1023  pred=n/a    gold=true  running‐acc=0.770
Locality eval: pred=false             gold=n/a  correct=False  running‐acc=0.628
[ 149/600] loss=1.2731  pred=n/a    gold=n/a  running‐acc=0.772
Locality eval: pred=true.             gold=true  correct=True  running‐acc=0.631
[ 150/600] loss=1.4270  pred=n/a    gold=n/a  running‐acc=0.773
Locality eval: pred=n/a               gold=true  correct=False  running‐acc=0.627
[ 151/600] loss=1.5404  pred=true   gold=true  running‐acc=0.775
Locality eval: pred=n/a               gold=n/a  correct=True  running‐acc=0.629
[ 152/600] loss=1.3411  pred=true   gold=true  running‐acc=0.776
Locality eval: pred=n/a               gold=n/a  correct=True  running‐acc=0.632
[ 153/600] loss=1.6106  pred=n/a    gold=n/a  running‐acc=0.778
Locality eval: pred=false             gold=true  correct=False  running‐acc=0.627
[ 154/600] loss=1.4597  pred=false  gold=n/a  running‐acc=0.773
Locality eval: pred=true              gold=true  correct=True  running‐acc=0.630
[ 155/600] loss=1.1312  pred=true   gold=true  running‐acc=0.774
Locality eval: pred=n/a               gold=n/a  correct=True  running‐acc=0.632
[ 156/600] loss=1.4488  pred=n/a    gold=n/a  running‐acc=0.776
Locality eval: pred=true              gold=true  correct=True  running‐acc=0.635
[ 157/600] loss=1.5719  pred=true   gold=true  running‐acc=0.777
Locality eval: pred=true              gold=n/a  correct=False  running‐acc=0.631
[ 158/600] loss=1.5056  pred=n/a    gold=n/a  running‐acc=0.778
Locality eval: pred=true              gold=true  correct=True  running‐acc=0.633
[ 159/600] loss=1.5084  pred=n/a    gold=n/a  running‐acc=0.780
Locality eval: pred=true              gold=true  correct=True  running‐acc=0.635
[ 160/600] loss=1.5210  pred=n/a    gold=n/a  running‐acc=0.781
Locality eval: pred=n/a               gold=true  correct=False  running‐acc=0.631
[ 161/600] loss=1.8904  pred=true   gold=true  running‐acc=0.783
Locality eval: pred=n/a               gold=n/a  correct=True  running‐acc=0.634
[ 162/600] loss=1.1888  pred=n/a    gold=n/a  running‐acc=0.784
Locality eval: pred=true              gold=true  correct=True  running‐acc=0.636
[ 163/600] loss=1.3953  pred=n/a    gold=n/a  running‐acc=0.785
Locality eval: pred=true.             gold=true  correct=True  running‐acc=0.638
[ 164/600] loss=1.5814  pred=false  gold=n/a  running‐acc=0.780
Locality eval: pred=true.             gold=true  correct=True  running‐acc=0.640
[ 165/600] loss=1.9720  pred=true   gold=true  running‐acc=0.782
Locality eval: pred=false             gold=n/a  correct=False  running‐acc=0.636
[ 166/600] loss=1.4393  pred=true   gold=true  running‐acc=0.783
Locality eval: pred=n/a               gold=n/a  correct=True  running‐acc=0.639
[ 167/600] loss=1.7242  pred=n/a    gold=n/a  running‐acc=0.784
Locality eval: pred=true              gold=true  correct=True  running‐acc=0.641
[ 168/600] loss=1.7238  pred=n/a    gold=true  running‐acc=0.780
Locality eval: pred=true              gold=n/a  correct=False  running‐acc=0.637
[ 169/600] loss=1.6971  pred=n/a    gold=n/a  running‐acc=0.781
Locality eval: pred=true              gold=true  correct=True  running‐acc=0.639
[ 170/600] loss=1.5057  pred=n/a    gold=n/a  running‐acc=0.782
Locality eval: pred=true              gold=true  correct=True  running‐acc=0.641
[ 171/600] loss=1.4831  pred=n/a    gold=n/a  running‐acc=0.784
Locality eval: pred=true              gold=true  correct=True  running‐acc=0.643
[ 172/600] loss=1.4092  pred=true   gold=true  running‐acc=0.785
Locality eval: pred=n/a               gold=n/a  correct=True  running‐acc=0.645
[ 173/600] loss=1.6555  pred=n/a    gold=n/a  running‐acc=0.786
Locality eval: pred=n/a               gold=true  correct=False  running‐acc=0.642
[ 174/600] loss=1.5427  pred=true   gold=true  running‐acc=0.787
Locality eval: pred=n/a               gold=n/a  correct=True  running‐acc=0.644
[ 175/600] loss=1.4565  pred=true   gold=true  running‐acc=0.789
Locality eval: pred=n/a               gold=n/a  correct=True  running‐acc=0.646
[ 176/600] loss=1.5316  pred=false  gold=n/a  running‐acc=0.784
Locality eval: pred=true              gold=true  correct=True  running‐acc=0.648
[ 177/600] loss=1.5417  pred=true   gold=true  running‐acc=0.785
Locality eval: pred=n/a               gold=n/a  correct=True  running‐acc=0.650
[ 178/600] loss=1.5327  pred=n/a    gold=n/a  running‐acc=0.787
Locality eval: pred=n/a               gold=true  correct=False  running‐acc=0.646
[ 179/600] loss=1.6104  pred=n/a    gold=n/a  running‐acc=0.788
Locality eval: pred=true              gold=true  correct=True  running‐acc=0.648
[ 180/600] loss=1.7554  pred=true   gold=true  running‐acc=0.789
Locality eval: pred=true              gold=n/a  correct=False  running‐acc=0.644
[ 181/600] loss=1.4346  pred=n/a    gold=n/a  running‐acc=0.790
Locality eval: pred=                  gold=true  correct=False  running‐acc=0.641
[ 182/600] loss=1.4242  pred=n/a    gold=n/a  running‐acc=0.791
Locality eval: pred=true              gold=true  correct=True  running‐acc=0.643
[ 183/600] loss=1.2703  pred=n/a    gold=true  running‐acc=0.787
Locality eval: pred=n/a               gold=n/a  correct=True  running‐acc=0.645
[ 184/600] loss=2.0499  pred=true   gold=true  running‐acc=0.788
Locality eval: pred=n/a               gold=n/a  correct=True  running‐acc=0.647
[ 185/600] loss=1.6088  pred=true   gold=true  running‐acc=0.789
Locality eval: pred=n/a               gold=n/a  correct=True  running‐acc=0.649
[ 186/600] loss=1.7816  pred=true   gold=true  running‐acc=0.790
Locality eval: pred=n/a               gold=n/a  correct=True  running‐acc=0.651
[ 187/600] loss=1.4477  pred=       gold=n/a  running‐acc=0.786
Locality eval: pred=false             gold=true  correct=False  running‐acc=0.647
[ 188/600] loss=1.3172  pred=n/a    gold=n/a  running‐acc=0.787
Locality eval: pred=n/a               gold=true  correct=False  running‐acc=0.644
[ 189/600] loss=2.0126  pred=true   gold=true  running‐acc=0.788
Locality eval: pred=n/a               gold=n/a  correct=True  running‐acc=0.646
[ 190/600] loss=1.6300  pred=n/a    gold=n/a  running‐acc=0.789
Locality eval: pred=true              gold=true  correct=True  running‐acc=0.647
[ 191/600] loss=1.5688  pred=n/a    gold=n/a  running‐acc=0.791
Locality eval: pred=                  gold=true  correct=False  running‐acc=0.644
[ 192/600] loss=1.6124  pred=n/a    gold=n/a  running‐acc=0.792
Locality eval: pred=n/a               gold=true  correct=False  running‐acc=0.641
[ 193/600] loss=1.6323  pred=true   gold=true  running‐acc=0.793
Locality eval: pred=n/a               gold=n/a  correct=True  running‐acc=0.642
[ 194/600] loss=1.6332  pred=true   gold=true  running‐acc=0.794
Locality eval: pred=n/a               gold=n/a  correct=True  running‐acc=0.644
[ 195/600] loss=1.5275  pred=true   gold=true  running‐acc=0.795
Locality eval: pred=n/a               gold=n/a  correct=True  running‐acc=0.646
[ 196/600] loss=1.9962  pred=n/a    gold=true  running‐acc=0.791
Locality eval: pred=n/a               gold=n/a  correct=True  running‐acc=0.648
[ 197/600] loss=1.5948  pred=true   gold=true  running‐acc=0.792
Locality eval: pred=true              gold=n/a  correct=False  running‐acc=0.645
[ 198/600] loss=1.5824  pred=       gold=n/a  running‐acc=0.788
Locality eval: pred=n/a               gold=true  correct=False  running‐acc=0.641
[ 199/600] loss=0.7166  pred=true   gold=true  running‐acc=0.789
Locality eval: pred=n/a               gold=n/a  correct=True  running‐acc=0.643
[ 200/600] loss=1.7380  pred=true   gold=true  running‐acc=0.790
Locality eval: pred=n/a               gold=n/a  correct=True  running‐acc=0.645
[ 201/600] loss=1.4313  pred=n/a    gold=n/a  running‐acc=0.791
Locality eval: pred=n/a               gold=true  correct=False  running‐acc=0.642
[ 202/600] loss=1.6323  pred=n/a    gold=n/a  running‐acc=0.792
Locality eval: pred=n/a               gold=true  correct=False  running‐acc=0.639
[ 203/600] loss=0.4020  pred=true   gold=true  running‐acc=0.793
Locality eval: pred=n/a               gold=n/a  correct=True  running‐acc=0.640
[ 204/600] loss=1.7441  pred=true   gold=n/a  running‐acc=0.789
Locality eval: pred=true.             gold=true  correct=True  running‐acc=0.642
[ 205/600] loss=1.6724  pred=n/a    gold=true  running‐acc=0.785
Locality eval: pred=n/a               gold=n/a  correct=True  running‐acc=0.644
[ 206/600] loss=1.4115  pred=n/a    gold=n/a  running‐acc=0.786
Locality eval: pred=n/a               gold=true  correct=False  running‐acc=0.641
[ 207/600] loss=1.5497  pred=false  gold=n/a  running‐acc=0.783
Locality eval: pred=true              gold=true  correct=True  running‐acc=0.643
[ 208/600] loss=1.3868  pred=false  gold=true  running‐acc=0.779
Locality eval: pred=false             gold=n/a  correct=False  running‐acc=0.639
[ 209/600] loss=1.3340  pred=n/a    gold=n/a  running‐acc=0.780
Locality eval: pred=false             gold=true  correct=False  running‐acc=0.636
[ 210/600] loss=1.6056  pred=n/a    gold=n/a  running‐acc=0.781
Locality eval: pred=true              gold=true  correct=True  running‐acc=0.638
[ 211/600] loss=1.6107  pred=true   gold=true  running‐acc=0.782
Locality eval: pred=n/a               gold=n/a  correct=True  running‐acc=0.640
[ 212/600] loss=1.4755  pred=false  gold=n/a  running‐acc=0.778
Locality eval: pred=                  gold=true  correct=False  running‐acc=0.637
[ 213/600] loss=2.0475  pred=true   gold=true  running‐acc=0.779
Locality eval: pred=true              gold=n/a  correct=False  running‐acc=0.634
[ 214/600] loss=1.4027  pred=n/a    gold=n/a  running‐acc=0.780
Locality eval: pred=n/a               gold=true  correct=False  running‐acc=0.631
[ 215/600] loss=1.6590  pred=true   gold=true  running‐acc=0.781
Locality eval: pred=n/a               gold=n/a  correct=True  running‐acc=0.633
[ 216/600] loss=1.5723  pred=n/a    gold=n/a  running‐acc=0.782
Locality eval: pred=true              gold=true  correct=True  running‐acc=0.634
[ 217/600] loss=1.4161  pred=true   gold=true  running‐acc=0.783
Locality eval: pred=n/a               gold=n/a  correct=True  running‐acc=0.636
[ 218/600] loss=1.4619  pred=n/a    gold=n/a  running‐acc=0.784
Locality eval: pred=                  gold=true  correct=False  running‐acc=0.633
[ 219/600] loss=1.7573  pred=true   gold=true  running‐acc=0.785
Locality eval: pred=n/a               gold=n/a  correct=True  running‐acc=0.635
[ 220/600] loss=1.4789  pred=       gold=n/a  running‐acc=0.782
Locality eval: pred=true              gold=true  correct=True  running‐acc=0.636
[ 221/600] loss=1.5816  pred=false  gold=n/a  running‐acc=0.778
Locality eval: pred=true              gold=true  correct=True  running‐acc=0.638
[ 222/600] loss=1.4842  pred=n/a    gold=n/a  running‐acc=0.779
Locality eval: pred=n/a               gold=true  correct=False  running‐acc=0.635
[ 223/600] loss=1.5764  pred=n/a    gold=n/a  running‐acc=0.780
Locality eval: pred=true              gold=true  correct=True  running‐acc=0.637
[ 224/600] loss=1.6620  pred=n/a    gold=n/a  running‐acc=0.781
Locality eval: pred=n/a               gold=true  correct=False  running‐acc=0.634
[ 225/600] loss=1.6091  pred=n/a    gold=n/a  running‐acc=0.782
Locality eval: pred=true              gold=true  correct=True  running‐acc=0.636
[ 226/600] loss=1.6422  pred=true   gold=true  running‐acc=0.783
Locality eval: pred=n/a               gold=n/a  correct=True  running‐acc=0.637
[ 227/600] loss=1.5884  pred=       gold=n/a  running‐acc=0.780
Locality eval: pred=                  gold=true  correct=False  running‐acc=0.634
[ 228/600] loss=1.4151  pred=n/a    gold=n/a  running‐acc=0.781
Locality eval: pred=n/a               gold=true  correct=False  running‐acc=0.632
[ 229/600] loss=1.3598  pred=       gold=n/a  running‐acc=0.777
Locality eval: pred=n/a               gold=true  correct=False  running‐acc=0.629
[ 230/600] loss=1.4211  pred=       gold=n/a  running‐acc=0.774
Locality eval: pred=                  gold=true  correct=False  running‐acc=0.626
[ 231/600] loss=1.4868  pred=n/a    gold=n/a  running‐acc=0.775
Locality eval: pred=true              gold=true  correct=True  running‐acc=0.628
[ 232/600] loss=1.4668  pred=n/a    gold=n/a  running‐acc=0.776
Locality eval: pred=true              gold=true  correct=True  running‐acc=0.629
[ 233/600] loss=1.6966  pred=true   gold=true  running‐acc=0.777
Locality eval: pred=n/a               gold=n/a  correct=True  running‐acc=0.631
[ 234/600] loss=1.4734  pred=true   gold=true  running‐acc=0.778
Locality eval: pred=n/a               gold=n/a  correct=True  running‐acc=0.632
[ 235/600] loss=1.7440  pred=       gold=n/a  running‐acc=0.774
Locality eval: pred=true              gold=true  correct=True  running‐acc=0.634
[ 236/600] loss=1.4639  pred=n/a    gold=n/a  running‐acc=0.775
Locality eval: pred=true              gold=true  correct=True  running‐acc=0.636
[ 237/600] loss=1.5864  pred=true   gold=true  running‐acc=0.776
Locality eval: pred=n/a               gold=n/a  correct=True  running‐acc=0.637
[ 238/600] loss=1.6065  pred=       gold=n/a  running‐acc=0.773
Locality eval: pred=false             gold=true  correct=False  running‐acc=0.634
[ 239/600] loss=1.4949  pred=n/a    gold=n/a  running‐acc=0.774
Locality eval: pred=n/a               gold=true  correct=False  running‐acc=0.632
[ 240/600] loss=1.4136  pred=true   gold=true  running‐acc=0.775
Locality eval: pred=n/a               gold=n/a  correct=True  running‐acc=0.633
[ 241/600] loss=1.4856  pred=       gold=n/a  running‐acc=0.772
Locality eval: pred=n/a               gold=true  correct=False  running‐acc=0.631
[ 242/600] loss=1.4158  pred=n/a    gold=n/a  running‐acc=0.773
Locality eval: pred=                  gold=true  correct=False  running‐acc=0.628
[ 243/600] loss=1.4966  pred=n/a    gold=n/a  running‐acc=0.774
Locality eval: pred=true              gold=true  correct=True  running‐acc=0.630
[ 244/600] loss=1.8877  pred=true   gold=true  running‐acc=0.775
Locality eval: pred=n/a               gold=n/a  correct=True  running‐acc=0.631
[ 245/600] loss=1.8121  pred=n/a    gold=true  running‐acc=0.771
Locality eval: pred=true              gold=n/a  correct=False  running‐acc=0.629
[ 246/600] loss=1.9059  pred=true   gold=true  running‐acc=0.772
Locality eval: pred=n/a               gold=n/a  correct=True  running‐acc=0.630
[ 247/600] loss=1.6621  pred=false  gold=true  running‐acc=0.769
Locality eval: pred=true              gold=n/a  correct=False  running‐acc=0.628
[ 248/600] loss=1.6287  pred=n/a    gold=true  running‐acc=0.766
Locality eval: pred=n/a               gold=n/a  correct=True  running‐acc=0.629
[ 249/600] loss=1.2378  pred=n/a    gold=n/a  running‐acc=0.767
Locality eval: pred=true.             gold=true  correct=True  running‐acc=0.631
[ 250/600] loss=1.3912  pred=n/a    gold=true  running‐acc=0.764
Locality eval: pred=n/a               gold=n/a  correct=True  running‐acc=0.632
[ 251/600] loss=1.2380  pred=n/a    gold=n/a  running‐acc=0.765
Locality eval: pred=false             gold=true  correct=False  running‐acc=0.629
[ 252/600] loss=1.3524  pred=n/a    gold=n/a  running‐acc=0.766
Locality eval: pred=true              gold=true  correct=True  running‐acc=0.631
[ 253/600] loss=1.3952  pred=true   gold=true  running‐acc=0.767
Locality eval: pred=n/a               gold=n/a  correct=True  running‐acc=0.632
[ 254/600] loss=1.9554  pred=n/a    gold=true  running‐acc=0.764
Locality eval: pred=false             gold=n/a  correct=False  running‐acc=0.630
[ 255/600] loss=1.5947  pred=n/a    gold=n/a  running‐acc=0.765
Locality eval: pred=n/a               gold=true  correct=False  running‐acc=0.627
[ 256/600] loss=1.3898  pred=n/a    gold=n/a  running‐acc=0.766
Locality eval: pred=true.             gold=true  correct=True  running‐acc=0.629
[ 257/600] loss=1.3825  pred=n/a    gold=n/a  running‐acc=0.767
Locality eval: pred=true              gold=true  correct=True  running‐acc=0.630
[ 258/600] loss=1.5361  pred=n/a    gold=n/a  running‐acc=0.767
Locality eval: pred=true              gold=true  correct=True  running‐acc=0.632
[ 259/600] loss=1.6726  pred=n/a    gold=true  running‐acc=0.764
Locality eval: pred=n/a               gold=n/a  correct=True  running‐acc=0.633
[ 260/600] loss=1.4969  pred=true   gold=true  running‐acc=0.765
Locality eval: pred=n/a               gold=n/a  correct=True  running‐acc=0.635
[ 261/600] loss=1.7662  pred=true   gold=true  running‐acc=0.766
Locality eval: pred=false             gold=n/a  correct=False  running‐acc=0.632
[ 262/600] loss=1.3954  pred=false  gold=true  running‐acc=0.763
Locality eval: pred=n/a               gold=n/a  correct=True  running‐acc=0.634
[ 263/600] loss=1.4282  pred=false  gold=n/a  running‐acc=0.760
Locality eval: pred=false             gold=true  correct=False  running‐acc=0.631
[ 264/600] loss=1.5033  pred=n/a    gold=n/a  running‐acc=0.761
Locality eval: pred=true              gold=true  correct=True  running‐acc=0.633
[ 265/600] loss=1.4356  pred=true   gold=true  running‐acc=0.762
Locality eval: pred=n/a               gold=n/a  correct=True  running‐acc=0.634
[ 266/600] loss=1.4073  pred=n/a    gold=n/a  running‐acc=0.763
Locality eval: pred=true              gold=true  correct=True  running‐acc=0.635
[ 267/600] loss=1.5596  pred=n/a    gold=n/a  running‐acc=0.764
Locality eval: pred=n/a               gold=true  correct=False  running‐acc=0.633
[ 268/600] loss=1.2874  pred=false  gold=true  running‐acc=0.761
Locality eval: pred=n/a               gold=n/a  correct=True  running‐acc=0.634
[ 269/600] loss=1.2604  pred=n/a    gold=n/a  running‐acc=0.762
Locality eval: pred=true              gold=true  correct=True  running‐acc=0.636
[ 270/600] loss=1.5865  pred=n/a    gold=true  running‐acc=0.759
Locality eval: pred=n/a               gold=n/a  correct=True  running‐acc=0.637
[ 271/600] loss=1.2549  pred=n/a    gold=n/a  running‐acc=0.760
Locality eval: pred=true              gold=true  correct=True  running‐acc=0.638
[ 272/600] loss=1.6796  pred=true   gold=true  running‐acc=0.761
Locality eval: pred=n/a               gold=n/a  correct=True  running‐acc=0.640
[ 273/600] loss=1.3230  pred=n/a    gold=n/a  running‐acc=0.762
Locality eval: pred=false             gold=true  correct=False  running‐acc=0.637
[ 274/600] loss=1.5668  pred=n/a    gold=n/a  running‐acc=0.763
Locality eval: pred=true.             gold=true  correct=True  running‐acc=0.639
[ 275/600] loss=1.4287  pred=true   gold=true  running‐acc=0.764
Locality eval: pred=n/a               gold=n/a  correct=True  running‐acc=0.640
[ 276/600] loss=1.6993  pred=n/a    gold=n/a  running‐acc=0.764
Locality eval: pred=n/a               gold=true  correct=False  running‐acc=0.638
[ 277/600] loss=1.7528  pred=true   gold=true  running‐acc=0.765
Locality eval: pred=true              gold=n/a  correct=False  running‐acc=0.635
[ 278/600] loss=1.5478  pred=       gold=n/a  running‐acc=0.763
Locality eval: pred=true              gold=true  correct=True  running‐acc=0.637
[ 279/600] loss=1.4588  pred=true   gold=true  running‐acc=0.763
Locality eval: pred=n/a               gold=n/a  correct=True  running‐acc=0.638
[ 280/600] loss=1.4988  pred=n/a    gold=n/a  running‐acc=0.764
Locality eval: pred=true              gold=true  correct=True  running‐acc=0.639
[ 281/600] loss=1.4834  pred=true   gold=true  running‐acc=0.765
Locality eval: pred=n/a               gold=n/a  correct=True  running‐acc=0.641
[ 282/600] loss=1.7060  pred=n/a    gold=true  running‐acc=0.762
Locality eval: pred=n/a               gold=n/a  correct=True  running‐acc=0.642
[ 283/600] loss=1.4926  pred=n/a    gold=n/a  running‐acc=0.763
Locality eval: pred=true              gold=true  correct=True  running‐acc=0.643
[ 284/600] loss=1.6424  pred=       gold=n/a  running‐acc=0.761
Locality eval: pred=true              gold=true  correct=True  running‐acc=0.644
[ 285/600] loss=1.6463  pred=true   gold=true  running‐acc=0.761
Locality eval: pred=n/a               gold=n/a  correct=True  running‐acc=0.646
[ 286/600] loss=1.5620  pred=       gold=n/a  running‐acc=0.759
Locality eval: pred=true              gold=true  correct=True  running‐acc=0.647
[ 287/600] loss=1.5215  pred=n/a    gold=n/a  running‐acc=0.760
Locality eval: pred=n/a               gold=true  correct=False  running‐acc=0.645
[ 288/600] loss=1.5274  pred=n/a    gold=true  running‐acc=0.757
Locality eval: pred=false             gold=n/a  correct=False  running‐acc=0.642
[ 289/600] loss=2.4887  pred=true   gold=true  running‐acc=0.758
Locality eval: pred=n/a               gold=n/a  correct=True  running‐acc=0.644
[ 290/600] loss=1.5007  pred=n/a    gold=n/a  running‐acc=0.759
Locality eval: pred=n/a               gold=true  correct=False  running‐acc=0.641
[ 291/600] loss=1.7475  pred=true   gold=true  running‐acc=0.759
Locality eval: pred=true              gold=n/a  correct=False  running‐acc=0.639
[ 292/600] loss=1.6149  pred=true   gold=true  running‐acc=0.760
Locality eval: pred=n/a               gold=n/a  correct=True  running‐acc=0.640
[ 293/600] loss=1.7105  pred=true   gold=true  running‐acc=0.761
Locality eval: pred=n/a               gold=n/a  correct=True  running‐acc=0.642
[ 294/600] loss=1.4856  pred=n/a    gold=true  running‐acc=0.759
Locality eval: pred=n/a               gold=n/a  correct=True  running‐acc=0.643
[ 295/600] loss=1.4519  pred=n/a    gold=n/a  running‐acc=0.759
Locality eval: pred=n/a               gold=true  correct=False  running‐acc=0.641
[ 296/600] loss=1.5770  pred=n/a    gold=n/a  running‐acc=0.760
Locality eval: pred=true              gold=true  correct=True  running‐acc=0.642
[ 297/600] loss=1.8763  pred=n/a    gold=true  running‐acc=0.758
Locality eval: pred=n/a               gold=n/a  correct=True  running‐acc=0.643
[ 298/600] loss=1.5303  pred=true   gold=true  running‐acc=0.758
Locality eval: pred=n/a               gold=n/a  correct=True  running‐acc=0.644
[ 299/600] loss=1.4619  pred=n/a    gold=n/a  running‐acc=0.759
Locality eval: pred=n/a               gold=true  correct=False  running‐acc=0.642
[ 300/600] loss=1.5329  pred=n/a    gold=n/a  running‐acc=0.760
Locality eval: pred=true              gold=true  correct=True  running‐acc=0.643
[ 301/600] loss=1.5426  pred=n/a    gold=true  running‐acc=0.757
Locality eval: pred=n/a               gold=n/a  correct=True  running‐acc=0.645
[ 302/600] loss=1.7821  pred=true   gold=true  running‐acc=0.758
Locality eval: pred=true.             gold=n/a  correct=False  running‐acc=0.642
[ 303/600] loss=1.4715  pred=true   gold=true  running‐acc=0.759
Locality eval: pred=false             gold=n/a  correct=False  running‐acc=0.640
[ 304/600] loss=1.4533  pred=true   gold=true  running‐acc=0.760
Locality eval: pred=n/a               gold=n/a  correct=True  running‐acc=0.641
[ 305/600] loss=1.8081  pred=true   gold=true  running‐acc=0.761
Locality eval: pred=n/a               gold=n/a  correct=True  running‐acc=0.643
[ 306/600] loss=1.5861  pred=true   gold=true  running‐acc=0.761
Locality eval: pred=n/a               gold=n/a  correct=True  running‐acc=0.644
[ 307/600] loss=1.7196  pred=n/a    gold=true  running‐acc=0.759
Locality eval: pred=true              gold=n/a  correct=False  running‐acc=0.642
[ 308/600] loss=1.6947  pred=true   gold=true  running‐acc=0.760
Locality eval: pred=n/a               gold=n/a  correct=True  running‐acc=0.643
[ 309/600] loss=1.6403  pred=true   gold=true  running‐acc=0.761
Locality eval: pred=n/a               gold=n/a  correct=True  running‐acc=0.644
[ 310/600] loss=1.4044  pred=n/a    gold=n/a  running‐acc=0.761
Locality eval: pred=true              gold=true  correct=True  running‐acc=0.645
[ 311/600] loss=1.6190  pred=true   gold=true  running‐acc=0.762
Locality eval: pred=n/a               gold=n/a  correct=True  running‐acc=0.646
[ 312/600] loss=1.5257  pred=true   gold=true  running‐acc=0.763
Locality eval: pred=n/a               gold=n/a  correct=True  running‐acc=0.647
[ 313/600] loss=1.3025  pred=       gold=n/a  running‐acc=0.760
Locality eval: pred=true.             gold=true  correct=True  running‐acc=0.649
[ 314/600] loss=1.1959  pred=n/a    gold=n/a  running‐acc=0.761
Locality eval: pred=true              gold=true  correct=True  running‐acc=0.650
[ 315/600] loss=1.5398  pred=false  gold=n/a  running‐acc=0.759
Locality eval: pred=false             gold=true  correct=False  running‐acc=0.648
[ 316/600] loss=1.7609  pred=true   gold=true  running‐acc=0.759
Locality eval: pred=n/a               gold=n/a  correct=True  running‐acc=0.649
[ 317/600] loss=1.6455  pred=true   gold=true  running‐acc=0.760
Locality eval: pred=n/a               gold=n/a  correct=True  running‐acc=0.650
[ 318/600] loss=2.0234  pred=true   gold=true  running‐acc=0.761
Locality eval: pred=n/a               gold=n/a  correct=True  running‐acc=0.651
[ 319/600] loss=1.6307  pred=n/a    gold=n/a  running‐acc=0.762
Locality eval: pred=n/a               gold=true  correct=False  running‐acc=0.649
[ 320/600] loss=1.7246  pred=false  gold=n/a  running‐acc=0.759
Locality eval: pred=n/a               gold=true  correct=False  running‐acc=0.647
[ 321/600] loss=1.4882  pred=n/a    gold=true  running‐acc=0.757
Locality eval: pred=n/a               gold=n/a  correct=True  running‐acc=0.648
[ 322/600] loss=1.8742  pred=true   gold=true  running‐acc=0.758
Locality eval: pred=n/a               gold=n/a  correct=True  running‐acc=0.649
[ 323/600] loss=1.4767  pred=n/a    gold=n/a  running‐acc=0.759
Locality eval: pred=n/a               gold=true  correct=False  running‐acc=0.647
[ 324/600] loss=1.5673  pred=n/a    gold=n/a  running‐acc=0.759
Locality eval: pred=n/a               gold=true  correct=False  running‐acc=0.645
[ 325/600] loss=1.7662  pred=n/a    gold=true  running‐acc=0.757
Locality eval: pred=n/a               gold=n/a  correct=True  running‐acc=0.646
[ 326/600] loss=1.5926  pred=n/a    gold=n/a  running‐acc=0.758
Locality eval: pred=true              gold=true  correct=True  running‐acc=0.647
[ 327/600] loss=1.6178  pred=n/a    gold=true  running‐acc=0.755
Locality eval: pred=true              gold=n/a  correct=False  running‐acc=0.645
[ 328/600] loss=1.5060  pred=n/a    gold=n/a  running‐acc=0.756
Locality eval: pred=true              gold=true  correct=True  running‐acc=0.646
[ 329/600] loss=1.8300  pred=true   gold=true  running‐acc=0.757
Locality eval: pred=true              gold=n/a  correct=False  running‐acc=0.644
[ 330/600] loss=1.4270  pred=n/a    gold=n/a  running‐acc=0.758
Locality eval: pred=n/a               gold=true  correct=False  running‐acc=0.642
[ 331/600] loss=1.5586  pred=true   gold=true  running‐acc=0.758
Locality eval: pred=true              gold=n/a  correct=False  running‐acc=0.640
[ 332/600] loss=1.3515  pred=n/a    gold=n/a  running‐acc=0.759
Locality eval: pred=n/a               gold=true  correct=False  running‐acc=0.639
[ 333/600] loss=1.5487  pred=n/a    gold=true  running‐acc=0.757
Locality eval: pred=n/a               gold=n/a  correct=True  running‐acc=0.640
[ 334/600] loss=1.5139  pred=n/a    gold=n/a  running‐acc=0.757
Locality eval: pred=n/a               gold=true  correct=False  running‐acc=0.638
[ 335/600] loss=1.7199  pred=true   gold=true  running‐acc=0.758
Locality eval: pred=true              gold=n/a  correct=False  running‐acc=0.636
[ 336/600] loss=1.4675  pred=n/a    gold=n/a  running‐acc=0.759
Locality eval: pred=true              gold=true  correct=True  running‐acc=0.637
[ 337/600] loss=1.3806  pred=       gold=n/a  running‐acc=0.757
Locality eval: pred=n/a               gold=true  correct=False  running‐acc=0.635
[ 338/600] loss=1.0878  pred=n/a    gold=n/a  running‐acc=0.757
Locality eval: pred=n/a               gold=true  correct=False  running‐acc=0.633
[ 339/600] loss=1.2599  pred=n/a    gold=n/a  running‐acc=0.758
Locality eval: pred=true              gold=true  correct=True  running‐acc=0.634
[ 340/600] loss=1.5132  pred=n/a    gold=n/a  running‐acc=0.759
Locality eval: pred=false             gold=true  correct=False  running‐acc=0.632
[ 341/600] loss=1.5437  pred=true   gold=true  running‐acc=0.760
Locality eval: pred=n/a               gold=n/a  correct=True  running‐acc=0.633
[ 342/600] loss=1.5980  pred=true   gold=true  running‐acc=0.760
Locality eval: pred=n/a               gold=n/a  correct=True  running‐acc=0.635
[ 343/600] loss=1.1832  pred=n/a    gold=n/a  running‐acc=0.761
Locality eval: pred=                  gold=true  correct=False  running‐acc=0.633
[ 344/600] loss=1.1225  pred=n/a    gold=true  running‐acc=0.759
Locality eval: pred=true              gold=n/a  correct=False  running‐acc=0.631
[ 345/600] loss=1.5636  pred=n/a    gold=n/a  running‐acc=0.759
Locality eval: pred=false             gold=true  correct=False  running‐acc=0.629
[ 346/600] loss=1.4227  pred=true   gold=true  running‐acc=0.760
Locality eval: pred=n/a               gold=n/a  correct=True  running‐acc=0.630
[ 347/600] loss=1.4366  pred=n/a    gold=n/a  running‐acc=0.761
Locality eval: pred=n/a               gold=true  correct=False  running‐acc=0.628
[ 348/600] loss=1.4837  pred=n/a    gold=n/a  running‐acc=0.761
Locality eval: pred=true              gold=true  correct=True  running‐acc=0.629
[ 349/600] loss=1.4284  pred=n/a    gold=n/a  running‐acc=0.762
Locality eval: pred=false             gold=true  correct=False  running‐acc=0.628
[ 350/600] loss=1.4804  pred=n/a    gold=n/a  running‐acc=0.763
Locality eval: pred=true              gold=true  correct=True  running‐acc=0.629
[ 351/600] loss=1.5135  pred=       gold=n/a  running‐acc=0.761
Locality eval: pred=false             gold=true  correct=False  running‐acc=0.627
[ 352/600] loss=1.4556  pred=n/a    gold=n/a  running‐acc=0.761
Locality eval: pred=n/a               gold=true  correct=False  running‐acc=0.625
[ 353/600] loss=1.6157  pred=n/a    gold=n/a  running‐acc=0.762
Locality eval: pred=true              gold=true  correct=True  running‐acc=0.626
[ 354/600] loss=1.2724  pred=true   gold=true  running‐acc=0.763
Locality eval: pred=true              gold=n/a  correct=False  running‐acc=0.624
[ 355/600] loss=1.5949  pred=true   gold=true  running‐acc=0.763
Locality eval: pred=n/a               gold=n/a  correct=True  running‐acc=0.625
[ 356/600] loss=1.6766  pred=true   gold=true  running‐acc=0.764
Locality eval: pred=n/a               gold=n/a  correct=True  running‐acc=0.626
[ 357/600] loss=1.3520  pred=false  gold=true  running‐acc=0.762
Locality eval: pred=n/a               gold=n/a  correct=True  running‐acc=0.627
[ 358/600] loss=1.6584  pred=n/a    gold=true  running‐acc=0.760
Locality eval: pred=n/a               gold=n/a  correct=True  running‐acc=0.628
[ 359/600] loss=1.7647  pred=true   gold=true  running‐acc=0.760
Locality eval: pred=true              gold=n/a  correct=False  running‐acc=0.627
[ 360/600] loss=1.4448  pred=n/a    gold=n/a  running‐acc=0.761
Locality eval: pred=true              gold=true  correct=True  running‐acc=0.628
[ 361/600] loss=1.2833  pred=true   gold=true  running‐acc=0.762
Locality eval: pred=n/a               gold=n/a  correct=True  running‐acc=0.629
[ 362/600] loss=1.6666  pred=true   gold=true  running‐acc=0.762
Locality eval: pred=n/a               gold=n/a  correct=True  running‐acc=0.630
[ 363/600] loss=1.2987  pred=n/a    gold=n/a  running‐acc=0.763
Locality eval: pred=false             gold=true  correct=False  running‐acc=0.628
[ 364/600] loss=1.4145  pred=true   gold=true  running‐acc=0.764
Locality eval: pred=n/a               gold=n/a  correct=True  running‐acc=0.629
[ 365/600] loss=1.5955  pred=true   gold=true  running‐acc=0.764
Locality eval: pred=false             gold=n/a  correct=False  running‐acc=0.627
[ 366/600] loss=1.4439  pred=n/a    gold=n/a  running‐acc=0.765
Locality eval: pred=true              gold=true  correct=True  running‐acc=0.628
[ 367/600] loss=1.3608  pred=n/a    gold=n/a  running‐acc=0.766
Locality eval: pred=n/a               gold=true  correct=False  running‐acc=0.627
[ 368/600] loss=1.2948  pred=true   gold=true  running‐acc=0.766
Locality eval: pred=n/a               gold=n/a  correct=True  running‐acc=0.628
[ 369/600] loss=1.5346  pred=false  gold=n/a  running‐acc=0.764
Locality eval: pred=n/a               gold=true  correct=False  running‐acc=0.626
[ 370/600] loss=1.4219  pred=n/a    gold=n/a  running‐acc=0.765
Locality eval: pred=n/a               gold=true  correct=False  running‐acc=0.624
[ 371/600] loss=1.7760  pred=n/a    gold=true  running‐acc=0.763
Locality eval: pred=n/a               gold=n/a  correct=True  running‐acc=0.625
[ 372/600] loss=1.7868  pred=true   gold=true  running‐acc=0.763
Locality eval: pred=n/a               gold=n/a  correct=True  running‐acc=0.626
[ 373/600] loss=1.3899  pred=true   gold=true  running‐acc=0.764
Locality eval: pred=n/a               gold=n/a  correct=True  running‐acc=0.627
[ 374/600] loss=1.3731  pred=n/a    gold=n/a  running‐acc=0.765
Locality eval: pred=n/a               gold=true  correct=False  running‐acc=0.626
[ 375/600] loss=1.6954  pred=true   gold=true  running‐acc=0.765
Locality eval: pred=n/a               gold=n/a  correct=True  running‐acc=0.627
[ 376/600] loss=2.0066  pred=true   gold=true  running‐acc=0.766
Locality eval: pred=false             gold=n/a  correct=False  running‐acc=0.625
[ 377/600] loss=2.0311  pred=n/a    gold=true  running‐acc=0.764
Locality eval: pred=n/a               gold=n/a  correct=True  running‐acc=0.626
[ 378/600] loss=1.4161  pred=true   gold=true  running‐acc=0.765
Locality eval: pred=n/a               gold=n/a  correct=True  running‐acc=0.627
[ 379/600] loss=1.2902  pred=true   gold=true  running‐acc=0.765
Locality eval: pred=true              gold=n/a  correct=False  running‐acc=0.625
[ 380/600] loss=1.6517  pred=true   gold=true  running‐acc=0.766
Locality eval: pred=true              gold=n/a  correct=False  running‐acc=0.624
[ 381/600] loss=1.3866  pred=n/a    gold=n/a  running‐acc=0.766
Locality eval: pred=n/a               gold=true  correct=False  running‐acc=0.622
[ 382/600] loss=1.4506  pred=n/a    gold=n/a  running‐acc=0.767
Locality eval: pred=true              gold=true  correct=True  running‐acc=0.623
[ 383/600] loss=1.4991  pred=false  gold=n/a  running‐acc=0.765
Locality eval: pred=n/a               gold=true  correct=False  running‐acc=0.621
[ 384/600] loss=1.5515  pred=n/a    gold=n/a  running‐acc=0.766
Locality eval: pred=true              gold=true  correct=True  running‐acc=0.622
[ 385/600] loss=1.7940  pred=true   gold=true  running‐acc=0.766
Locality eval: pred=n/a               gold=n/a  correct=True  running‐acc=0.623
[ 386/600] loss=1.4792  pred=true   gold=true  running‐acc=0.767
Locality eval: pred=n/a               gold=n/a  correct=True  running‐acc=0.624
[ 387/600] loss=1.4113  pred=n/a    gold=n/a  running‐acc=0.767
Locality eval: pred=true              gold=true  correct=True  running‐acc=0.625
[ 388/600] loss=1.5834  pred=true   gold=true  running‐acc=0.768
Locality eval: pred=true              gold=n/a  correct=False  running‐acc=0.624
[ 389/600] loss=1.4242  pred=n/a    gold=n/a  running‐acc=0.769
Locality eval: pred=true              gold=true  correct=True  running‐acc=0.625
[ 390/600] loss=1.6213  pred=true   gold=true  running‐acc=0.769
Locality eval: pred=n/a               gold=n/a  correct=True  running‐acc=0.626
[ 391/600] loss=1.9681  pred=n/a    gold=true  running‐acc=0.767
Locality eval: pred=false             gold=n/a  correct=False  running‐acc=0.624
[ 392/600] loss=1.2366  pred=n/a    gold=n/a  running‐acc=0.768
Locality eval: pred=n/a               gold=true  correct=False  running‐acc=0.622
[ 393/600] loss=1.3264  pred=       gold=n/a  running‐acc=0.766
Locality eval: pred=true              gold=true  correct=True  running‐acc=0.623
[ 394/600] loss=1.3846  pred=n/a    gold=n/a  running‐acc=0.766
Locality eval: pred=true              gold=true  correct=True  running‐acc=0.624
[ 395/600] loss=1.8434  pred=n/a    gold=true  running‐acc=0.765
Locality eval: pred=false             gold=n/a  correct=False  running‐acc=0.623
[ 396/600] loss=1.6235  pred=true   gold=true  running‐acc=0.765
Locality eval: pred=n/a               gold=n/a  correct=True  running‐acc=0.624
[ 397/600] loss=1.4783  pred=n/a    gold=n/a  running‐acc=0.766
Locality eval: pred=true              gold=true  correct=True  running‐acc=0.625
[ 398/600] loss=2.0718  pred=n/a    gold=true  running‐acc=0.764
Locality eval: pred=n/a               gold=n/a  correct=True  running‐acc=0.626
[ 399/600] loss=1.5251  pred=false  gold=n/a  running‐acc=0.762
Locality eval: pred=true              gold=true  correct=True  running‐acc=0.627
[ 400/600] loss=1.6740  pred=n/a    gold=true  running‐acc=0.760
Locality eval: pred=n/a               gold=n/a  correct=True  running‐acc=0.627
[ 401/600] loss=1.9093  pred=false  gold=true  running‐acc=0.758
Locality eval: pred=n/a               gold=n/a  correct=True  running‐acc=0.628
[ 402/600] loss=1.5805  pred=       gold=n/a  running‐acc=0.756
Locality eval: pred=true              gold=true  correct=True  running‐acc=0.629
[ 403/600] loss=1.5702  pred=true   gold=true  running‐acc=0.757
Locality eval: pred=n/a               gold=n/a  correct=True  running‐acc=0.630
[ 404/600] loss=1.8272  pred=false  gold=true  running‐acc=0.755
Locality eval: pred=false.            gold=n/a  correct=False  running‐acc=0.629
[ 405/600] loss=1.2659  pred=n/a    gold=n/a  running‐acc=0.756
Locality eval: pred=true              gold=true  correct=True  running‐acc=0.630
[ 406/600] loss=1.3817  pred=n/a    gold=n/a  running‐acc=0.756
Locality eval: pred=true              gold=true  correct=True  running‐acc=0.631
[ 407/600] loss=1.6571  pred=true   gold=true  running‐acc=0.757
Locality eval: pred=n/a               gold=n/a  correct=True  running‐acc=0.631
[ 408/600] loss=1.3492  pred=n/a    gold=n/a  running‐acc=0.757
Locality eval: pred=n/a               gold=true  correct=False  running‐acc=0.630
[ 409/600] loss=2.0926  pred=n/a    gold=true  running‐acc=0.756
Locality eval: pred=n/a               gold=n/a  correct=True  running‐acc=0.631
[ 410/600] loss=1.4478  pred=n/a    gold=n/a  running‐acc=0.756
Locality eval: pred=n/a               gold=true  correct=False  running‐acc=0.629
[ 411/600] loss=1.6696  pred=true   gold=true  running‐acc=0.757
Locality eval: pred=false.            gold=n/a  correct=False  running‐acc=0.628
[ 412/600] loss=1.3731  pred=n/a    gold=true  running‐acc=0.755
Locality eval: pred=true              gold=n/a  correct=False  running‐acc=0.626
[ 413/600] loss=1.7746  pred=false  gold=true  running‐acc=0.753
Locality eval: pred=n/a               gold=n/a  correct=True  running‐acc=0.627
[ 414/600] loss=1.7713  pred=true   gold=true  running‐acc=0.754
Locality eval: pred=true              gold=n/a  correct=False  running‐acc=0.626
[ 415/600] loss=1.6452  pred=n/a    gold=n/a  running‐acc=0.754
Locality eval: pred=true              gold=true  correct=True  running‐acc=0.627
[ 416/600] loss=1.8816  pred=true   gold=true  running‐acc=0.755
Locality eval: pred=n/a               gold=n/a  correct=True  running‐acc=0.627
[ 417/600] loss=1.4049  pred=       gold=n/a  running‐acc=0.753
Locality eval: pred=true              gold=true  correct=True  running‐acc=0.628
[ 418/600] loss=1.4677  pred=n/a    gold=n/a  running‐acc=0.754
Locality eval: pred=true              gold=true  correct=True  running‐acc=0.629
[ 419/600] loss=1.5206  pred=true   gold=true  running‐acc=0.754
Locality eval: pred=n/a               gold=n/a  correct=True  running‐acc=0.630
[ 420/600] loss=1.6312  pred=true   gold=true  running‐acc=0.755
Locality eval: pred=n/a               gold=n/a  correct=True  running‐acc=0.631
[ 421/600] loss=1.5233  pred=true   gold=true  running‐acc=0.755
Locality eval: pred=false             gold=n/a  correct=False  running‐acc=0.629
[ 422/600] loss=1.7919  pred=true   gold=true  running‐acc=0.756
Locality eval: pred=true              gold=n/a  correct=False  running‐acc=0.628
[ 423/600] loss=1.4579  pred=true   gold=true  running‐acc=0.757
Locality eval: pred=n/a               gold=n/a  correct=True  running‐acc=0.629
[ 424/600] loss=1.5021  pred=n/a    gold=n/a  running‐acc=0.757
Locality eval: pred=n/a               gold=true  correct=False  running‐acc=0.627
[ 425/600] loss=1.6905  pred=n/a    gold=n/a  running‐acc=0.758
Locality eval: pred=false             gold=true  correct=False  running‐acc=0.626
[ 426/600] loss=1.5699  pred=n/a    gold=n/a  running‐acc=0.758
Locality eval: pred=false             gold=true  correct=False  running‐acc=0.624
[ 427/600] loss=1.8848  pred=n/a    gold=true  running‐acc=0.756
Locality eval: pred=n/a               gold=n/a  correct=True  running‐acc=0.625
[ 428/600] loss=1.7407  pred=true   gold=true  running‐acc=0.757
Locality eval: pred=n/a               gold=n/a  correct=True  running‐acc=0.626
[ 429/600] loss=1.6196  pred=false  gold=true  running‐acc=0.755
Locality eval: pred=n/a               gold=n/a  correct=True  running‐acc=0.627
[ 430/600] loss=1.5337  pred=n/a    gold=n/a  running‐acc=0.756
Locality eval: pred=false             gold=true  correct=False  running‐acc=0.626
[ 431/600] loss=1.9594  pred=true   gold=true  running‐acc=0.756
Locality eval: pred=n/a               gold=n/a  correct=True  running‐acc=0.626
[ 432/600] loss=1.7553  pred=true   gold=true  running‐acc=0.757
Locality eval: pred=n/a               gold=n/a  correct=True  running‐acc=0.627
[ 433/600] loss=1.4783  pred=true   gold=true  running‐acc=0.758
Locality eval: pred=n/a               gold=n/a  correct=True  running‐acc=0.628
[ 434/600] loss=1.3661  pred=n/a    gold=n/a  running‐acc=0.758
Locality eval: pred=true              gold=true  correct=True  running‐acc=0.629
[ 435/600] loss=1.6302  pred=n/a    gold=n/a  running‐acc=0.759
Locality eval: pred=n/a               gold=true  correct=False  running‐acc=0.628
[ 436/600] loss=1.8975  pred=n/a    gold=true  running‐acc=0.757
Locality eval: pred=n/a               gold=n/a  correct=True  running‐acc=0.628
[ 437/600] loss=1.0819  pred=true   gold=true  running‐acc=0.757
Locality eval: pred=true              gold=n/a  correct=False  running‐acc=0.627
[ 438/600] loss=1.5340  pred=n/a    gold=n/a  running‐acc=0.758
Locality eval: pred=true              gold=true  correct=True  running‐acc=0.628
[ 439/600] loss=1.6195  pred=n/a    gold=n/a  running‐acc=0.759
Locality eval: pred=n/a               gold=true  correct=False  running‐acc=0.626
[ 440/600] loss=1.4020  pred=true   gold=true  running‐acc=0.759
Locality eval: pred=n/a               gold=n/a  correct=True  running‐acc=0.627
[ 441/600] loss=1.4500  pred=n/a    gold=n/a  running‐acc=0.760
Locality eval: pred=n/a               gold=true  correct=False  running‐acc=0.626
[ 442/600] loss=2.1830  pred=true   gold=true  running‐acc=0.760
Locality eval: pred=n/a               gold=n/a  correct=True  running‐acc=0.627
[ 443/600] loss=1.6512  pred=n/a    gold=true  running‐acc=0.758
Locality eval: pred=false             gold=n/a  correct=False  running‐acc=0.625
[ 444/600] loss=1.4795  pred=true   gold=true  running‐acc=0.759
Locality eval: pred=true              gold=n/a  correct=False  running‐acc=0.624
[ 445/600] loss=1.5380  pred=true   gold=true  running‐acc=0.760
Locality eval: pred=n/a               gold=n/a  correct=True  running‐acc=0.625
[ 446/600] loss=2.0431  pred=true   gold=true  running‐acc=0.760
Locality eval: pred=n/a               gold=n/a  correct=True  running‐acc=0.626
[ 447/600] loss=1.2926  pred=true   gold=true  running‐acc=0.761
Locality eval: pred=true              gold=n/a  correct=False  running‐acc=0.624
[ 448/600] loss=1.8798  pred=true   gold=true  running‐acc=0.761
Locality eval: pred=n/a               gold=n/a  correct=True  running‐acc=0.625
[ 449/600] loss=1.9425  pred=true   gold=true  running‐acc=0.762
Locality eval: pred=n/a               gold=n/a  correct=True  running‐acc=0.626
[ 450/600] loss=1.3628  pred=n/a    gold=n/a  running‐acc=0.762
Locality eval: pred=true              gold=true  correct=True  running‐acc=0.627
[ 451/600] loss=1.5812  pred=true   gold=true  running‐acc=0.763
Locality eval: pred=n/a               gold=n/a  correct=True  running‐acc=0.627
[ 452/600] loss=1.4535  pred=n/a    gold=n/a  running‐acc=0.763
Locality eval: pred=n/a               gold=true  correct=False  running‐acc=0.626
[ 453/600] loss=1.3622  pred=       gold=n/a  running‐acc=0.762
Locality eval: pred=true              gold=true  correct=True  running‐acc=0.627
[ 454/600] loss=1.3475  pred=n/a    gold=n/a  running‐acc=0.762
Locality eval: pred=false             gold=true  correct=False  running‐acc=0.626
[ 455/600] loss=1.6460  pred=true   gold=true  running‐acc=0.763
Locality eval: pred=n/a               gold=n/a  correct=True  running‐acc=0.626
[ 456/600] loss=1.1742  pred=n/a    gold=n/a  running‐acc=0.763
Locality eval: pred=n/a               gold=true  correct=False  running‐acc=0.625
[ 457/600] loss=1.5070  pred=n/a    gold=n/a  running‐acc=0.764
Locality eval: pred=n/a               gold=true  correct=False  running‐acc=0.624
[ 458/600] loss=1.4475  pred=n/a    gold=n/a  running‐acc=0.764
Locality eval: pred=true              gold=true  correct=True  running‐acc=0.624
[ 459/600] loss=1.5544  pred=true   gold=true  running‐acc=0.765
Locality eval: pred=n/a               gold=n/a  correct=True  running‐acc=0.625
[ 460/600] loss=1.6910  pred=true   gold=true  running‐acc=0.765
Locality eval: pred=n/a               gold=n/a  correct=True  running‐acc=0.626
[ 461/600] loss=1.4932  pred=n/a    gold=n/a  running‐acc=0.766
Locality eval: pred=n/a               gold=true  correct=False  running‐acc=0.625
[ 462/600] loss=1.5661  pred=n/a    gold=n/a  running‐acc=0.766
Locality eval: pred=true              gold=true  correct=True  running‐acc=0.626
[ 463/600] loss=1.5307  pred=true   gold=true  running‐acc=0.767
Locality eval: pred=true              gold=n/a  correct=False  running‐acc=0.624
[ 464/600] loss=1.4075  pred=n/a    gold=n/a  running‐acc=0.767
Locality eval: pred=true              gold=true  correct=True  running‐acc=0.625
[ 465/600] loss=1.4851  pred=       gold=n/a  running‐acc=0.766
Locality eval: pred=n/a               gold=true  correct=False  running‐acc=0.624
[ 466/600] loss=1.4041  pred=n/a    gold=n/a  running‐acc=0.766
Locality eval: pred=true              gold=true  correct=True  running‐acc=0.624
[ 467/600] loss=1.3722  pred=n/a    gold=n/a  running‐acc=0.767
Locality eval: pred=n/a               gold=true  correct=False  running‐acc=0.623
[ 468/600] loss=1.4928  pred=n/a    gold=n/a  running‐acc=0.767
Locality eval: pred=                  gold=true  correct=False  running‐acc=0.622
[ 469/600] loss=1.4715  pred=true   gold=true  running‐acc=0.768
Locality eval: pred=n/a               gold=n/a  correct=True  running‐acc=0.623
[ 470/600] loss=1.4865  pred=n/a    gold=n/a  running‐acc=0.768
Locality eval: pred=true              gold=true  correct=True  running‐acc=0.623
[ 471/600] loss=1.5593  pred=n/a    gold=n/a  running‐acc=0.769
Locality eval: pred=true              gold=true  correct=True  running‐acc=0.624
[ 472/600] loss=1.8263  pred=n/a    gold=true  running‐acc=0.767
Locality eval: pred=n/a               gold=n/a  correct=True  running‐acc=0.625
[ 473/600] loss=1.5386  pred=n/a    gold=n/a  running‐acc=0.767
Locality eval: pred=n/a               gold=true  correct=False  running‐acc=0.624
[ 474/600] loss=1.7862  pred=n/a    gold=true  running‐acc=0.766
Locality eval: pred=true              gold=n/a  correct=False  running‐acc=0.622
[ 475/600] loss=1.5736  pred=n/a    gold=n/a  running‐acc=0.766
Locality eval: pred=true.             gold=true  correct=True  running‐acc=0.623
[ 476/600] loss=1.7069  pred=true   gold=true  running‐acc=0.767
Locality eval: pred=n/a               gold=n/a  correct=True  running‐acc=0.624
[ 477/600] loss=1.5352  pred=       gold=n/a  running‐acc=0.765
Locality eval: pred=false             gold=true  correct=False  running‐acc=0.623
[ 478/600] loss=1.7091  pred=n/a    gold=true  running‐acc=0.764
Locality eval: pred=n/a               gold=n/a  correct=True  running‐acc=0.623
[ 479/600] loss=1.3851  pred=n/a    gold=n/a  running‐acc=0.764
Locality eval: pred=true              gold=true  correct=True  running‐acc=0.624
[ 480/600] loss=1.4086  pred=n/a    gold=n/a  running‐acc=0.765
Locality eval: pred=false             gold=true  correct=False  running‐acc=0.623
[ 481/600] loss=1.5384  pred=       gold=n/a  running‐acc=0.763
Locality eval: pred=n/a               gold=true  correct=False  running‐acc=0.622
[ 482/600] loss=1.6833  pred=true   gold=true  running‐acc=0.763
Locality eval: pred=n/a               gold=n/a  correct=True  running‐acc=0.622
[ 483/600] loss=1.1812  pred=n/a    gold=n/a  running‐acc=0.764
Locality eval: pred=true              gold=true  correct=True  running‐acc=0.623
[ 484/600] loss=1.6656  pred=n/a    gold=n/a  running‐acc=0.764
Locality eval: pred=true              gold=true  correct=True  running‐acc=0.624
[ 485/600] loss=1.5701  pred=       gold=n/a  running‐acc=0.763
Locality eval: pred=                  gold=true  correct=False  running‐acc=0.623
[ 486/600] loss=1.5353  pred=n/a    gold=n/a  running‐acc=0.763
Locality eval: pred=true              gold=true  correct=True  running‐acc=0.623
[ 487/600] loss=1.6301  pred=n/a    gold=n/a  running‐acc=0.764
Locality eval: pred=false             gold=true  correct=False  running‐acc=0.622
[ 488/600] loss=1.3863  pred=n/a    gold=n/a  running‐acc=0.764
Locality eval: pred=true              gold=true  correct=True  running‐acc=0.623
[ 489/600] loss=1.9566  pred=n/a    gold=n/a  running‐acc=0.765
Locality eval: pred=true              gold=true  correct=True  running‐acc=0.624
[ 490/600] loss=1.6256  pred=n/a    gold=n/a  running‐acc=0.765
Locality eval: pred=true              gold=true  correct=True  running‐acc=0.624
[ 491/600] loss=1.4742  pred=n/a    gold=n/a  running‐acc=0.766
Locality eval: pred=n/a               gold=true  correct=False  running‐acc=0.623
[ 492/600] loss=1.9291  pred=n/a    gold=true  running‐acc=0.764
Locality eval: pred=n/a               gold=n/a  correct=True  running‐acc=0.624
[ 493/600] loss=1.6650  pred=n/a    gold=n/a  running‐acc=0.765
Locality eval: pred=n/a               gold=true  correct=False  running‐acc=0.623
[ 494/600] loss=1.3096  pred=n/a    gold=n/a  running‐acc=0.765
Locality eval: pred=n/a               gold=true  correct=False  running‐acc=0.621
[ 495/600] loss=1.4135  pred=false  gold=n/a  running‐acc=0.764
Locality eval: pred=n/a               gold=true  correct=False  running‐acc=0.620
[ 496/600] loss=1.4828  pred=n/a    gold=n/a  running‐acc=0.764
Locality eval: pred=true              gold=true  correct=True  running‐acc=0.621
[ 497/600] loss=1.7250  pred=n/a    gold=true  running‐acc=0.763
Locality eval: pred=n/a               gold=n/a  correct=True  running‐acc=0.622
[ 498/600] loss=1.2418  pred=true   gold=true  running‐acc=0.763
Locality eval: pred=n/a               gold=n/a  correct=True  running‐acc=0.622
[ 499/600] loss=1.6635  pred=n/a    gold=n/a  running‐acc=0.764
Locality eval: pred=n/a               gold=true  correct=False  running‐acc=0.621
[ 500/600] loss=1.5288  pred=n/a    gold=n/a  running‐acc=0.764
Locality eval: pred=                  gold=true  correct=False  running‐acc=0.620
[ 501/600] loss=1.6313  pred=       gold=n/a  running‐acc=0.762
Locality eval: pred=false             gold=true  correct=False  running‐acc=0.619
[ 502/600] loss=1.2975  pred=n/a    gold=n/a  running‐acc=0.763
Locality eval: pred=n/a               gold=true  correct=False  running‐acc=0.618
[ 503/600] loss=1.1321  pred=true   gold=true  running‐acc=0.763
Locality eval: pred=n/a               gold=n/a  correct=True  running‐acc=0.618
[ 504/600] loss=1.5823  pred=n/a    gold=true  running‐acc=0.762
Locality eval: pred=n/a               gold=n/a  correct=True  running‐acc=0.619
[ 505/600] loss=1.7772  pred=true   gold=true  running‐acc=0.762
Locality eval: pred=n/a               gold=n/a  correct=True  running‐acc=0.620
[ 506/600] loss=1.7813  pred=true   gold=true  running‐acc=0.763
Locality eval: pred=true              gold=n/a  correct=False  running‐acc=0.619
[ 507/600] loss=1.6376  pred=true   gold=true  running‐acc=0.763
Locality eval: pred=false             gold=n/a  correct=False  running‐acc=0.617
[ 508/600] loss=1.8098  pred=true   gold=true  running‐acc=0.764
Locality eval: pred=n/a               gold=n/a  correct=True  running‐acc=0.618
[ 509/600] loss=1.9462  pred=n/a    gold=true  running‐acc=0.762
Locality eval: pred=n/a               gold=n/a  correct=True  running‐acc=0.619
[ 510/600] loss=1.6549  pred=n/a    gold=true  running‐acc=0.761
Locality eval: pred=n/a               gold=n/a  correct=True  running‐acc=0.620
[ 511/600] loss=1.6310  pred=n/a    gold=n/a  running‐acc=0.761
Locality eval: pred=true              gold=true  correct=True  running‐acc=0.620
[ 512/600] loss=1.3835  pred=true   gold=true  running‐acc=0.762
Locality eval: pred=false             gold=n/a  correct=False  running‐acc=0.619
[ 513/600] loss=1.4240  pred=n/a    gold=n/a  running‐acc=0.762
Locality eval: pred=true              gold=true  correct=True  running‐acc=0.620
[ 514/600] loss=2.1378  pred=n/a    gold=true  running‐acc=0.761
Locality eval: pred=n/a               gold=n/a  correct=True  running‐acc=0.621
[ 515/600] loss=1.3978  pred=n/a    gold=n/a  running‐acc=0.761
Locality eval: pred=                  gold=true  correct=False  running‐acc=0.619
[ 516/600] loss=1.5094  pred=n/a    gold=n/a  running‐acc=0.762
Locality eval: pred=n/a               gold=true  correct=False  running‐acc=0.618
[ 517/600] loss=1.3655  pred=n/a    gold=n/a  running‐acc=0.762
Locality eval: pred=true              gold=true  correct=True  running‐acc=0.619
[ 518/600] loss=1.4909  pred=n/a    gold=n/a  running‐acc=0.763
Locality eval: pred=true              gold=true  correct=True  running‐acc=0.620
[ 519/600] loss=1.6704  pred=true   gold=true  running‐acc=0.763
Locality eval: pred=n/a               gold=n/a  correct=True  running‐acc=0.620
[ 520/600] loss=2.1902  pred=true   gold=true  running‐acc=0.763
Locality eval: pred=n/a               gold=n/a  correct=True  running‐acc=0.621
[ 521/600] loss=1.5264  pred=true   gold=true  running‐acc=0.764
Locality eval: pred=false             gold=n/a  correct=False  running‐acc=0.620
[ 522/600] loss=1.6985  pred=true   gold=true  running‐acc=0.764
Locality eval: pred=true              gold=n/a  correct=False  running‐acc=0.619
[ 523/600] loss=1.6289  pred=       gold=n/a  running‐acc=0.763
Locality eval: pred=true              gold=true  correct=True  running‐acc=0.620
[ 524/600] loss=1.4661  pred=true   gold=true  running‐acc=0.763
Locality eval: pred=true              gold=n/a  correct=False  running‐acc=0.618
[ 525/600] loss=1.8015  pred=n/a    gold=true  running‐acc=0.762
Locality eval: pred=n/a               gold=n/a  correct=True  running‐acc=0.619
[ 526/600] loss=1.5946  pred=true   gold=true  running‐acc=0.762
Locality eval: pred=true              gold=n/a  correct=False  running‐acc=0.618
[ 527/600] loss=1.5004  pred=n/a    gold=n/a  running‐acc=0.763
Locality eval: pred=n/a               gold=true  correct=False  running‐acc=0.617
[ 528/600] loss=1.6673  pred=true   gold=true  running‐acc=0.763
Locality eval: pred=n/a               gold=n/a  correct=True  running‐acc=0.617
[ 529/600] loss=1.2183  pred=n/a    gold=n/a  running‐acc=0.764
Locality eval: pred=n/a               gold=true  correct=False  running‐acc=0.616
[ 530/600] loss=1.9584  pred=true   gold=true  running‐acc=0.764
Locality eval: pred=n/a               gold=n/a  correct=True  running‐acc=0.617
[ 531/600] loss=1.7383  pred=       gold=n/a  running‐acc=0.763
Locality eval: pred=true              gold=true  correct=True  running‐acc=0.618
[ 532/600] loss=1.7213  pred=true   gold=true  running‐acc=0.763
Locality eval: pred=n/a               gold=n/a  correct=True  running‐acc=0.618
[ 533/600] loss=1.5916  pred=n/a    gold=n/a  running‐acc=0.764
Locality eval: pred=n/a               gold=true  correct=False  running‐acc=0.617
[ 534/600] loss=1.5971  pred=true   gold=true  running‐acc=0.764
Locality eval: pred=n/a               gold=n/a  correct=True  running‐acc=0.618
[ 535/600] loss=1.4472  pred=n/a    gold=true  running‐acc=0.763
Locality eval: pred=n/a               gold=n/a  correct=True  running‐acc=0.619
[ 536/600] loss=1.4756  pred=true   gold=true  running‐acc=0.763
Locality eval: pred=n/a               gold=n/a  correct=True  running‐acc=0.619
[ 537/600] loss=1.4975  pred=n/a    gold=n/a  running‐acc=0.764
Locality eval: pred=true              gold=true  correct=True  running‐acc=0.620
[ 538/600] loss=1.8665  pred=n/a    gold=true  running‐acc=0.762
Locality eval: pred=n/a               gold=n/a  correct=True  running‐acc=0.621
[ 539/600] loss=1.3349  pred=true   gold=true  running‐acc=0.763
Locality eval: pred=n/a               gold=n/a  correct=True  running‐acc=0.622
[ 540/600] loss=1.3996  pred=n/a    gold=n/a  running‐acc=0.763
Locality eval: pred=n/a               gold=true  correct=False  running‐acc=0.620
[ 541/600] loss=1.6239  pred=n/a    gold=n/a  running‐acc=0.763
Locality eval: pred=true              gold=true  correct=True  running‐acc=0.621
[ 542/600] loss=1.4759  pred=n/a    gold=n/a  running‐acc=0.764
Locality eval: pred=true              gold=true  correct=True  running‐acc=0.622
[ 543/600] loss=1.6044  pred=false  gold=n/a  running‐acc=0.762
Locality eval: pred=true              gold=true  correct=True  running‐acc=0.622
[ 544/600] loss=1.5767  pred=n/a    gold=n/a  running‐acc=0.763
Locality eval: pred=true              gold=true  correct=True  running‐acc=0.623
[ 545/600] loss=1.7556  pred=n/a    gold=true  running‐acc=0.761
Locality eval: pred=n/a               gold=n/a  correct=True  running‐acc=0.624
[ 546/600] loss=1.3402  pred=n/a    gold=n/a  running‐acc=0.762
Locality eval: pred=false             gold=true  correct=False  running‐acc=0.623
[ 547/600] loss=1.7820  pred=true   gold=true  running‐acc=0.762
Locality eval: pred=n/a               gold=n/a  correct=True  running‐acc=0.623
[ 548/600] loss=1.8059  pred=true   gold=true  running‐acc=0.763
Locality eval: pred=n/a               gold=n/a  correct=True  running‐acc=0.624
[ 549/600] loss=1.3622  pred=n/a    gold=true  running‐acc=0.761
Locality eval: pred=n/a               gold=n/a  correct=True  running‐acc=0.625
[ 550/600] loss=1.4853  pred=n/a    gold=n/a  running‐acc=0.762
Locality eval: pred=n/a               gold=true  correct=False  running‐acc=0.624
[ 551/600] loss=1.6676  pred=true.  gold=true  running‐acc=0.762
Locality eval: pred=n/a               gold=n/a  correct=True  running‐acc=0.624
[ 552/600] loss=1.4960  pred=n/a    gold=n/a  running‐acc=0.763
Locality eval: pred=true              gold=true  correct=True  running‐acc=0.625
[ 553/600] loss=1.5191  pred=false  gold=n/a  running‐acc=0.761
Locality eval: pred=n/a               gold=true  correct=False  running‐acc=0.624
[ 554/600] loss=2.1244  pred=n/a    gold=true  running‐acc=0.760
Locality eval: pred=n/a               gold=n/a  correct=True  running‐acc=0.625
[ 555/600] loss=1.3973  pred=n/a    gold=n/a  running‐acc=0.760
Locality eval: pred=true              gold=true  correct=True  running‐acc=0.625
[ 556/600] loss=1.4610  pred=n/a    gold=n/a  running‐acc=0.761
Locality eval: pred=n/a               gold=true  correct=False  running‐acc=0.624
[ 557/600] loss=1.4278  pred=n/a    gold=n/a  running‐acc=0.761
Locality eval: pred=                  gold=true  correct=False  running‐acc=0.623
[ 558/600] loss=1.4017  pred=true   gold=true  running‐acc=0.762
Locality eval: pred=n/a               gold=n/a  correct=True  running‐acc=0.624
[ 559/600] loss=1.9701  pred=true   gold=true  running‐acc=0.762
Locality eval: pred=n/a               gold=n/a  correct=True  running‐acc=0.624
[ 560/600] loss=1.3718  pred=n/a    gold=n/a  running‐acc=0.762
Locality eval: pred=n/a               gold=true  correct=False  running‐acc=0.623
[ 561/600] loss=1.6715  pred=true   gold=true  running‐acc=0.763
Locality eval: pred=true              gold=n/a  correct=False  running‐acc=0.622
[ 562/600] loss=1.3924  pred=true   gold=true  running‐acc=0.763
Locality eval: pred=n/a               gold=n/a  correct=True  running‐acc=0.623
[ 563/600] loss=1.2732  pred=n/a    gold=n/a  running‐acc=0.764
Locality eval: pred=n/a               gold=true  correct=False  running‐acc=0.622
[ 564/600] loss=1.5733  pred=n/a    gold=true  running‐acc=0.762
Locality eval: pred=n/a               gold=n/a  correct=True  running‐acc=0.622
[ 565/600] loss=1.3603  pred=n/a    gold=n/a  running‐acc=0.763
Locality eval: pred=n/a               gold=true  correct=False  running‐acc=0.621
[ 566/600] loss=1.5425  pred=n/a    gold=true  running‐acc=0.761
Locality eval: pred=n/a               gold=n/a  correct=True  running‐acc=0.622
[ 567/600] loss=1.8792  pred=true   gold=true  running‐acc=0.762
Locality eval: pred=false             gold=n/a  correct=False  running‐acc=0.621
[ 568/600] loss=1.3860  pred=n/a    gold=n/a  running‐acc=0.762
Locality eval: pred=                  gold=true  correct=False  running‐acc=0.620
[ 569/600] loss=1.7044  pred=true   gold=true  running‐acc=0.763
Locality eval: pred=n/a               gold=n/a  correct=True  running‐acc=0.620
[ 570/600] loss=1.4804  pred=true   gold=true  running‐acc=0.763
Locality eval: pred=n/a               gold=n/a  correct=True  running‐acc=0.621
[ 571/600] loss=1.5353  pred=false  gold=true  running‐acc=0.762
Locality eval: pred=n/a               gold=n/a  correct=True  running‐acc=0.622
[ 572/600] loss=1.7635  pred=n/a    gold=true  running‐acc=0.760
Locality eval: pred=true              gold=n/a  correct=False  running‐acc=0.621
[ 573/600] loss=1.7640  pred=true.  gold=true  running‐acc=0.761
Locality eval: pred=true.             gold=n/a  correct=False  running‐acc=0.620
[ 574/600] loss=1.9516  pred=true   gold=true  running‐acc=0.761
Locality eval: pred=n/a               gold=n/a  correct=True  running‐acc=0.620
[ 575/600] loss=1.6257  pred=true   gold=true  running‐acc=0.762
Locality eval: pred=true              gold=n/a  correct=False  running‐acc=0.619
[ 576/600] loss=1.4269  pred=false  gold=true  running‐acc=0.760
Locality eval: pred=true              gold=n/a  correct=False  running‐acc=0.618
[ 577/600] loss=1.1827  pred=false  gold=true  running‐acc=0.759
Locality eval: pred=n/a               gold=n/a  correct=True  running‐acc=0.619
[ 578/600] loss=1.4869  pred=       gold=n/a  running‐acc=0.758
Locality eval: pred=n/a               gold=true  correct=False  running‐acc=0.618
[ 579/600] loss=1.5951  pred=n/a    gold=true  running‐acc=0.756
Locality eval: pred=n/a               gold=n/a  correct=True  running‐acc=0.618
[ 580/600] loss=1.4881  pred=       gold=n/a  running‐acc=0.755
Locality eval: pred=true              gold=true  correct=True  running‐acc=0.619
[ 581/600] loss=1.5189  pred=       gold=n/a  running‐acc=0.754
Locality eval: pred=true              gold=true  correct=True  running‐acc=0.620
[ 582/600] loss=1.4593  pred=n/a    gold=n/a  running‐acc=0.754
Locality eval: pred=true              gold=true  correct=True  running‐acc=0.620
[ 583/600] loss=1.5930  pred=n/a    gold=n/a  running‐acc=0.755
Locality eval: pred=true              gold=true  correct=True  running‐acc=0.621
[ 584/600] loss=1.6917  pred=       gold=n/a  running‐acc=0.753
Locality eval: pred=true              gold=true  correct=True  running‐acc=0.622
[ 585/600] loss=1.4728  pred=n/a    gold=n/a  running‐acc=0.754
Locality eval: pred=true              gold=true  correct=True  running‐acc=0.622
[ 586/600] loss=1.4304  pred=n/a    gold=n/a  running‐acc=0.754
Locality eval: pred=n/a               gold=true  correct=False  running‐acc=0.621
[ 587/600] loss=1.6159  pred=true   gold=true  running‐acc=0.755
Locality eval: pred=n/a               gold=n/a  correct=True  running‐acc=0.622
[ 588/600] loss=1.6203  pred=false  gold=true  running‐acc=0.753
Locality eval: pred=false             gold=n/a  correct=False  running‐acc=0.621
[ 589/600] loss=1.6989  pred=n/a    gold=true  running‐acc=0.752
Locality eval: pred=n/a               gold=n/a  correct=True  running‐acc=0.621
[ 590/600] loss=1.7296  pred=true   gold=true  running‐acc=0.753
Locality eval: pred=n/a               gold=n/a  correct=True  running‐acc=0.622
[ 591/600] loss=1.4523  pred=true   gold=true  running‐acc=0.753
Locality eval: pred=true              gold=n/a  correct=False  running‐acc=0.621
[ 592/600] loss=1.6059  pred=n/a    gold=n/a  running‐acc=0.753
Locality eval: pred=n/a               gold=true  correct=False  running‐acc=0.620
[ 593/600] loss=1.6311  pred=true   gold=true  running‐acc=0.754
Locality eval: pred=n/a               gold=n/a  correct=True  running‐acc=0.621
[ 594/600] loss=1.7582  pred=       gold=n/a  running‐acc=0.753
Locality eval: pred=true              gold=true  correct=True  running‐acc=0.621
[ 595/600] loss=1.8108  pred=n/a    gold=true  running‐acc=0.751
Locality eval: pred=n/a               gold=n/a  correct=True  running‐acc=0.622
[ 596/600] loss=1.2633  pred=n/a    gold=n/a  running‐acc=0.752
Locality eval: pred=false             gold=true  correct=False  running‐acc=0.621
[ 597/600] loss=1.9235  pred=n/a    gold=n/a  running‐acc=0.752
Locality eval: pred=true              gold=true  correct=True  running‐acc=0.621
[ 598/600] loss=1.4028  pred=n/a    gold=true  running‐acc=0.751
Locality eval: pred=n/a               gold=n/a  correct=True  running‐acc=0.622
[ 599/600] loss=2.1166  pred=n/a    gold=true  running‐acc=0.750
Locality eval: pred=n/a               gold=n/a  correct=True  running‐acc=0.623
[ 600/600] loss=1.5221  pred=n/a    gold=n/a  running‐acc=0.750
Locality eval: pred=false             gold=true  correct=False  running‐acc=0.622

Finished in 1223.7s.  Final accuracy: 0.750.

