
Loading base model (4‐bit)…
Loading checkpoint shards:   0%|          | 0/2 [00:00<?, ?it/s]Loading checkpoint shards:  50%|█████     | 1/2 [00:10<00:10, 10.18s/it]Loading checkpoint shards: 100%|██████████| 2/2 [00:12<00:00,  5.83s/it]Loading checkpoint shards: 100%|██████████| 2/2 [00:12<00:00,  6.49s/it]
trainable params: 4,587,520 || all params: 3,217,337,344 || trainable%: 0.1426
  0%|          | 0/600 [00:00<?, ?it/s]100%|██████████| 600/600 [00:00<00:00, 32747.53it/s]
/project/uvadm/zhenyu/miniconda3/envs/mechanistic/lib/python3.10/site-packages/transformers/generation/configuration_utils.py:631: UserWarning: `do_sample` is set to `False`. However, `temperature` is set to `0.6` -- this flag is only used in sample-based generation modes. You should set `do_sample=True` or unset `temperature`.
  warnings.warn(
/project/uvadm/zhenyu/miniconda3/envs/mechanistic/lib/python3.10/site-packages/transformers/generation/configuration_utils.py:636: UserWarning: `do_sample` is set to `False`. However, `top_p` is set to `0.9` -- this flag is only used in sample-based generation modes. You should set `do_sample=True` or unset `top_p`.
  warnings.warn(
Loaded 600 (train, eval) pairs.

Starting sequential training…
Cached 112 LoRA tensors.
[   1/600] loss=0.0029  pred=true   gold=true  running‐acc=1.000
Locality eval: pred=true              gold=n/a  correct=False  running‐acc=0.000
[   2/600] loss=0.0033  pred=true   gold=true  running‐acc=1.000
Locality eval: pred=true              gold=n/a  correct=False  running‐acc=0.000
[   3/600] loss=0.0137  pred=true   gold=true  running‐acc=1.000
Locality eval: pred=true              gold=n/a  correct=False  running‐acc=0.000
[   4/600] loss=0.0011  pred=true   gold=true  running‐acc=1.000
Locality eval: pred=true              gold=n/a  correct=False  running‐acc=0.000
[   5/600] loss=0.0011  pred=true   gold=true  running‐acc=1.000
Locality eval: pred=true              gold=n/a  correct=False  running‐acc=0.000
[   6/600] loss=0.0022  pred=true   gold=true  running‐acc=1.000
Locality eval: pred=true              gold=n/a  correct=False  running‐acc=0.000
[   7/600] loss=0.0111  pred=n/a    gold=n/a  running‐acc=1.000
Locality eval: pred=n/a               gold=true  correct=False  running‐acc=0.000
[   8/600] loss=0.0154  pred=n/a    gold=n/a  running‐acc=1.000
Locality eval: pred=n/a               gold=true  correct=False  running‐acc=0.000
[   9/600] loss=0.0046  pred=true   gold=true  running‐acc=1.000
Locality eval: pred=true              gold=n/a  correct=False  running‐acc=0.000
[  10/600] loss=0.0037  pred=true   gold=true  running‐acc=1.000
Locality eval: pred=true              gold=n/a  correct=False  running‐acc=0.000
[  11/600] loss=0.0127  pred=true   gold=true  running‐acc=1.000
Locality eval: pred=true              gold=n/a  correct=False  running‐acc=0.000
[  12/600] loss=0.0024  pred=true   gold=true  running‐acc=1.000
Locality eval: pred=true              gold=n/a  correct=False  running‐acc=0.000
[  13/600] loss=0.0127  pred=n/a    gold=n/a  running‐acc=1.000
Locality eval: pred=n/a               gold=true  correct=False  running‐acc=0.000
[  14/600] loss=0.0104  pred=n/a    gold=n/a  running‐acc=1.000
Locality eval: pred=n/a               gold=true  correct=False  running‐acc=0.000
[  15/600] loss=0.0012  pred=true   gold=true  running‐acc=1.000
Locality eval: pred=true              gold=n/a  correct=False  running‐acc=0.000
[  16/600] loss=0.0211  pred=n/a    gold=n/a  running‐acc=1.000
Locality eval: pred=n/a               gold=true  correct=False  running‐acc=0.000
[  17/600] loss=0.0102  pred=n/a    gold=n/a  running‐acc=1.000
Locality eval: pred=n/a               gold=true  correct=False  running‐acc=0.000
[  18/600] loss=0.0042  pred=true   gold=true  running‐acc=1.000
Locality eval: pred=true              gold=n/a  correct=False  running‐acc=0.000
[  19/600] loss=0.0089  pred=true   gold=true  running‐acc=1.000
Locality eval: pred=true              gold=n/a  correct=False  running‐acc=0.000
[  20/600] loss=0.0081  pred=n/a    gold=n/a  running‐acc=1.000
Locality eval: pred=n/a               gold=true  correct=False  running‐acc=0.000
[  21/600] loss=0.0137  pred=n/a    gold=n/a  running‐acc=1.000
Locality eval: pred=n/a               gold=true  correct=False  running‐acc=0.000
[  22/600] loss=0.0113  pred=n/a    gold=n/a  running‐acc=1.000
Locality eval: pred=n/a               gold=true  correct=False  running‐acc=0.000
[  23/600] loss=0.0125  pred=n/a    gold=n/a  running‐acc=1.000
Locality eval: pred=n/a               gold=true  correct=False  running‐acc=0.000
[  24/600] loss=0.0105  pred=n/a    gold=n/a  running‐acc=1.000
Locality eval: pred=n/a               gold=true  correct=False  running‐acc=0.000
[  25/600] loss=0.0034  pred=true   gold=true  running‐acc=1.000
Locality eval: pred=true              gold=n/a  correct=False  running‐acc=0.000
[  26/600] loss=0.0029  pred=n/a    gold=n/a  running‐acc=1.000
Locality eval: pred=n/a               gold=true  correct=False  running‐acc=0.000
[  27/600] loss=0.0066  pred=n/a    gold=n/a  running‐acc=1.000
Locality eval: pred=n/a               gold=true  correct=False  running‐acc=0.000
[  28/600] loss=0.0229  pred=n/a    gold=n/a  running‐acc=1.000
Locality eval: pred=n/a               gold=true  correct=False  running‐acc=0.000
[  29/600] loss=0.0057  pred=n/a    gold=n/a  running‐acc=1.000
Locality eval: pred=n/a               gold=true  correct=False  running‐acc=0.000
[  30/600] loss=0.0145  pred=n/a    gold=n/a  running‐acc=1.000
Locality eval: pred=n/a               gold=true  correct=False  running‐acc=0.000
[  31/600] loss=0.0037  pred=true   gold=true  running‐acc=1.000
Locality eval: pred=true              gold=n/a  correct=False  running‐acc=0.000
[  32/600] loss=0.0031  pred=n/a    gold=n/a  running‐acc=1.000
Locality eval: pred=n/a               gold=true  correct=False  running‐acc=0.000
[  33/600] loss=0.0112  pred=n/a    gold=n/a  running‐acc=1.000
Locality eval: pred=n/a               gold=true  correct=False  running‐acc=0.000
[  34/600] loss=0.0118  pred=n/a    gold=n/a  running‐acc=1.000
Locality eval: pred=n/a               gold=true  correct=False  running‐acc=0.000
[  35/600] loss=0.0022  pred=true   gold=true  running‐acc=1.000
Locality eval: pred=true              gold=n/a  correct=False  running‐acc=0.000
[  36/600] loss=0.0099  pred=n/a    gold=n/a  running‐acc=1.000
Locality eval: pred=n/a               gold=true  correct=False  running‐acc=0.000
[  37/600] loss=0.0033  pred=true   gold=true  running‐acc=1.000
Locality eval: pred=true              gold=n/a  correct=False  running‐acc=0.000
[  38/600] loss=0.0102  pred=n/a    gold=n/a  running‐acc=1.000
Locality eval: pred=n/a               gold=true  correct=False  running‐acc=0.000
[  39/600] loss=0.0025  pred=true   gold=true  running‐acc=1.000
Locality eval: pred=true              gold=n/a  correct=False  running‐acc=0.000
[  40/600] loss=0.0033  pred=true   gold=true  running‐acc=1.000
Locality eval: pred=true              gold=n/a  correct=False  running‐acc=0.000
[  41/600] loss=0.0020  pred=true   gold=true  running‐acc=1.000
Locality eval: pred=true              gold=n/a  correct=False  running‐acc=0.000
[  42/600] loss=0.0163  pred=n/a    gold=n/a  running‐acc=1.000
Locality eval: pred=n/a               gold=true  correct=False  running‐acc=0.000
[  43/600] loss=0.0117  pred=true   gold=true  running‐acc=1.000
Locality eval: pred=true              gold=n/a  correct=False  running‐acc=0.000
[  44/600] loss=0.0059  pred=n/a    gold=n/a  running‐acc=1.000
Locality eval: pred=n/a               gold=true  correct=False  running‐acc=0.000
[  45/600] loss=0.0047  pred=n/a    gold=n/a  running‐acc=1.000
Locality eval: pred=n/a               gold=true  correct=False  running‐acc=0.000
[  46/600] loss=0.0074  pred=true   gold=true  running‐acc=1.000
Locality eval: pred=true              gold=n/a  correct=False  running‐acc=0.000
[  47/600] loss=0.0024  pred=true   gold=true  running‐acc=1.000
Locality eval: pred=true              gold=n/a  correct=False  running‐acc=0.000
[  48/600] loss=0.0061  pred=n/a    gold=n/a  running‐acc=1.000
Locality eval: pred=n/a               gold=true  correct=False  running‐acc=0.000
[  49/600] loss=0.0034  pred=true   gold=true  running‐acc=1.000
Locality eval: pred=true              gold=n/a  correct=False  running‐acc=0.000
[  50/600] loss=0.0048  pred=n/a    gold=n/a  running‐acc=1.000
Locality eval: pred=n/a               gold=true  correct=False  running‐acc=0.000
[  51/600] loss=0.0018  pred=true   gold=true  running‐acc=1.000
Locality eval: pred=true              gold=n/a  correct=False  running‐acc=0.000
[  52/600] loss=0.0141  pred=true   gold=true  running‐acc=1.000
Locality eval: pred=true              gold=n/a  correct=False  running‐acc=0.000
[  53/600] loss=0.0039  pred=n/a    gold=n/a  running‐acc=1.000
Locality eval: pred=n/a               gold=true  correct=False  running‐acc=0.000
[  54/600] loss=0.0048  pred=true   gold=true  running‐acc=1.000
Locality eval: pred=true              gold=n/a  correct=False  running‐acc=0.000
[  55/600] loss=0.0072  pred=n/a    gold=n/a  running‐acc=1.000
Locality eval: pred=n/a               gold=true  correct=False  running‐acc=0.000
[  56/600] loss=0.0090  pred=n/a    gold=n/a  running‐acc=1.000
Locality eval: pred=n/a               gold=true  correct=False  running‐acc=0.000
[  57/600] loss=0.0025  pred=true   gold=true  running‐acc=1.000
Locality eval: pred=true              gold=n/a  correct=False  running‐acc=0.000
[  58/600] loss=0.0052  pred=true   gold=true  running‐acc=1.000
Locality eval: pred=true              gold=n/a  correct=False  running‐acc=0.000
[  59/600] loss=0.0038  pred=true   gold=true  running‐acc=1.000
Locality eval: pred=true              gold=n/a  correct=False  running‐acc=0.000
[  60/600] loss=0.0035  pred=true   gold=true  running‐acc=1.000
Locality eval: pred=true              gold=n/a  correct=False  running‐acc=0.000
[  61/600] loss=0.0051  pred=true   gold=true  running‐acc=1.000
Locality eval: pred=true              gold=n/a  correct=False  running‐acc=0.000
[  62/600] loss=0.0040  pred=true   gold=true  running‐acc=1.000
Locality eval: pred=true              gold=n/a  correct=False  running‐acc=0.000
[  63/600] loss=0.0117  pred=n/a    gold=n/a  running‐acc=1.000
Locality eval: pred=n/a               gold=true  correct=False  running‐acc=0.000
[  64/600] loss=0.0094  pred=n/a    gold=n/a  running‐acc=1.000
Locality eval: pred=n/a               gold=true  correct=False  running‐acc=0.000
[  65/600] loss=0.0150  pred=n/a    gold=n/a  running‐acc=1.000
Locality eval: pred=n/a               gold=true  correct=False  running‐acc=0.000
[  66/600] loss=0.0020  pred=true   gold=true  running‐acc=1.000
Locality eval: pred=true              gold=n/a  correct=False  running‐acc=0.000
[  67/600] loss=0.0054  pred=true   gold=true  running‐acc=1.000
Locality eval: pred=true              gold=n/a  correct=False  running‐acc=0.000
[  68/600] loss=0.0009  pred=true   gold=true  running‐acc=1.000
Locality eval: pred=true              gold=n/a  correct=False  running‐acc=0.000
[  69/600] loss=0.0083  pred=n/a    gold=n/a  running‐acc=1.000
Locality eval: pred=n/a               gold=true  correct=False  running‐acc=0.000
[  70/600] loss=0.0066  pred=n/a    gold=n/a  running‐acc=1.000
Locality eval: pred=n/a               gold=true  correct=False  running‐acc=0.000
[  71/600] loss=0.0074  pred=n/a    gold=n/a  running‐acc=1.000
Locality eval: pred=n/a               gold=true  correct=False  running‐acc=0.000
[  72/600] loss=0.0114  pred=n/a    gold=n/a  running‐acc=1.000
Locality eval: pred=n/a               gold=true  correct=False  running‐acc=0.000
[  73/600] loss=0.0047  pred=true   gold=true  running‐acc=1.000
Locality eval: pred=true              gold=n/a  correct=False  running‐acc=0.000
[  74/600] loss=0.0106  pred=n/a    gold=n/a  running‐acc=1.000
Locality eval: pred=n/a               gold=true  correct=False  running‐acc=0.000
[  75/600] loss=0.0039  pred=n/a    gold=n/a  running‐acc=1.000
Locality eval: pred=n/a               gold=true  correct=False  running‐acc=0.000
[  76/600] loss=0.0043  pred=true   gold=true  running‐acc=1.000
Locality eval: pred=true              gold=n/a  correct=False  running‐acc=0.000
[  77/600] loss=0.0051  pred=true   gold=true  running‐acc=1.000
Locality eval: pred=true              gold=n/a  correct=False  running‐acc=0.000
[  78/600] loss=0.0081  pred=n/a    gold=n/a  running‐acc=1.000
Locality eval: pred=n/a               gold=true  correct=False  running‐acc=0.000
[  79/600] loss=0.0042  pred=true   gold=true  running‐acc=1.000
Locality eval: pred=true              gold=n/a  correct=False  running‐acc=0.000
[  80/600] loss=0.0083  pred=n/a    gold=n/a  running‐acc=1.000
Locality eval: pred=n/a               gold=true  correct=False  running‐acc=0.000
[  81/600] loss=0.0085  pred=n/a    gold=n/a  running‐acc=1.000
Locality eval: pred=n/a               gold=true  correct=False  running‐acc=0.000
[  82/600] loss=0.0036  pred=true   gold=true  running‐acc=1.000
Locality eval: pred=true              gold=n/a  correct=False  running‐acc=0.000
[  83/600] loss=0.0074  pred=n/a    gold=n/a  running‐acc=1.000
Locality eval: pred=n/a               gold=true  correct=False  running‐acc=0.000
[  84/600] loss=0.0015  pred=true   gold=true  running‐acc=1.000
Locality eval: pred=true              gold=n/a  correct=False  running‐acc=0.000
[  85/600] loss=0.0125  pred=n/a    gold=n/a  running‐acc=1.000
Locality eval: pred=n/a               gold=true  correct=False  running‐acc=0.000
[  86/600] loss=0.0320  pred=n/a    gold=n/a  running‐acc=1.000
Locality eval: pred=n/a               gold=true  correct=False  running‐acc=0.000
[  87/600] loss=0.0063  pred=n/a    gold=n/a  running‐acc=1.000
Locality eval: pred=n/a               gold=true  correct=False  running‐acc=0.000
[  88/600] loss=0.0035  pred=true   gold=true  running‐acc=1.000
Locality eval: pred=true              gold=n/a  correct=False  running‐acc=0.000
[  89/600] loss=0.0082  pred=true   gold=true  running‐acc=1.000
Locality eval: pred=true              gold=n/a  correct=False  running‐acc=0.000
[  90/600] loss=0.0223  pred=n/a    gold=n/a  running‐acc=1.000
Locality eval: pred=n/a               gold=true  correct=False  running‐acc=0.000
[  91/600] loss=0.0241  pred=n/a    gold=n/a  running‐acc=1.000
Locality eval: pred=n/a               gold=true  correct=False  running‐acc=0.000
[  92/600] loss=0.0031  pred=true   gold=true  running‐acc=1.000
Locality eval: pred=true              gold=n/a  correct=False  running‐acc=0.000
[  93/600] loss=0.0083  pred=n/a    gold=n/a  running‐acc=1.000
Locality eval: pred=n/a               gold=true  correct=False  running‐acc=0.000
[  94/600] loss=0.0036  pred=n/a    gold=n/a  running‐acc=1.000
Locality eval: pred=n/a               gold=true  correct=False  running‐acc=0.000
[  95/600] loss=0.0031  pred=true   gold=true  running‐acc=1.000
Locality eval: pred=true              gold=n/a  correct=False  running‐acc=0.000
[  96/600] loss=0.0069  pred=n/a    gold=n/a  running‐acc=1.000
Locality eval: pred=n/a               gold=true  correct=False  running‐acc=0.000
[  97/600] loss=0.0548  pred=n/a    gold=n/a  running‐acc=1.000
Locality eval: pred=n/a               gold=true  correct=False  running‐acc=0.000
[  98/600] loss=0.0056  pred=n/a    gold=n/a  running‐acc=1.000
Locality eval: pred=n/a               gold=true  correct=False  running‐acc=0.000
[  99/600] loss=0.0062  pred=true   gold=true  running‐acc=1.000
Locality eval: pred=true              gold=n/a  correct=False  running‐acc=0.000
[ 100/600] loss=0.0009  pred=true   gold=true  running‐acc=1.000
Locality eval: pred=true              gold=n/a  correct=False  running‐acc=0.000
[ 101/600] loss=0.0222  pred=n/a    gold=n/a  running‐acc=1.000
Locality eval: pred=n/a               gold=true  correct=False  running‐acc=0.000
[ 102/600] loss=0.0064  pred=true   gold=true  running‐acc=1.000
Locality eval: pred=true              gold=n/a  correct=False  running‐acc=0.000
[ 103/600] loss=0.0089  pred=n/a    gold=n/a  running‐acc=1.000
Locality eval: pred=n/a               gold=true  correct=False  running‐acc=0.000
[ 104/600] loss=0.0057  pred=true   gold=true  running‐acc=1.000
Locality eval: pred=true              gold=n/a  correct=False  running‐acc=0.000
[ 105/600] loss=0.0145  pred=true   gold=true  running‐acc=1.000
Locality eval: pred=true              gold=n/a  correct=False  running‐acc=0.000
[ 106/600] loss=0.0150  pred=true   gold=true  running‐acc=1.000
Locality eval: pred=true              gold=n/a  correct=False  running‐acc=0.000
[ 107/600] loss=0.0096  pred=true   gold=true  running‐acc=1.000
Locality eval: pred=true              gold=n/a  correct=False  running‐acc=0.000
[ 108/600] loss=0.0042  pred=true   gold=true  running‐acc=1.000
Locality eval: pred=true              gold=n/a  correct=False  running‐acc=0.000
[ 109/600] loss=0.0269  pred=true   gold=true  running‐acc=1.000
Locality eval: pred=true              gold=n/a  correct=False  running‐acc=0.000
[ 110/600] loss=0.0097  pred=true   gold=true  running‐acc=1.000
Locality eval: pred=true              gold=n/a  correct=False  running‐acc=0.000
[ 111/600] loss=0.0066  pred=true   gold=true  running‐acc=1.000
Locality eval: pred=true              gold=n/a  correct=False  running‐acc=0.000
[ 112/600] loss=0.0023  pred=true   gold=true  running‐acc=1.000
Locality eval: pred=true              gold=n/a  correct=False  running‐acc=0.000
[ 113/600] loss=0.0309  pred=n/a    gold=n/a  running‐acc=1.000
Locality eval: pred=n/a               gold=true  correct=False  running‐acc=0.000
[ 114/600] loss=0.0082  pred=n/a    gold=n/a  running‐acc=1.000
Locality eval: pred=n/a               gold=true  correct=False  running‐acc=0.000
[ 115/600] loss=0.0085  pred=n/a    gold=n/a  running‐acc=1.000
Locality eval: pred=n/a               gold=true  correct=False  running‐acc=0.000
[ 116/600] loss=0.0085  pred=true   gold=true  running‐acc=1.000
Locality eval: pred=true              gold=n/a  correct=False  running‐acc=0.000
[ 117/600] loss=0.0075  pred=n/a    gold=n/a  running‐acc=1.000
Locality eval: pred=n/a               gold=true  correct=False  running‐acc=0.000
[ 118/600] loss=0.0066  pred=n/a    gold=n/a  running‐acc=1.000
Locality eval: pred=n/a               gold=true  correct=False  running‐acc=0.000
[ 119/600] loss=0.0035  pred=n/a    gold=n/a  running‐acc=1.000
Locality eval: pred=n/a               gold=true  correct=False  running‐acc=0.000
[ 120/600] loss=0.0052  pred=n/a    gold=n/a  running‐acc=1.000
Locality eval: pred=n/a               gold=true  correct=False  running‐acc=0.000
[ 121/600] loss=0.0195  pred=true   gold=true  running‐acc=1.000
Locality eval: pred=true              gold=n/a  correct=False  running‐acc=0.000
[ 122/600] loss=0.0019  pred=true   gold=true  running‐acc=1.000
Locality eval: pred=true              gold=n/a  correct=False  running‐acc=0.000
[ 123/600] loss=0.0177  pred=n/a    gold=n/a  running‐acc=1.000
Locality eval: pred=n/a               gold=true  correct=False  running‐acc=0.000
[ 124/600] loss=0.0110  pred=n/a    gold=n/a  running‐acc=1.000
Locality eval: pred=n/a               gold=true  correct=False  running‐acc=0.000
[ 125/600] loss=0.0048  pred=n/a    gold=n/a  running‐acc=1.000
Locality eval: pred=n/a               gold=true  correct=False  running‐acc=0.000
[ 126/600] loss=0.0108  pred=true   gold=true  running‐acc=1.000
Locality eval: pred=true              gold=n/a  correct=False  running‐acc=0.000
[ 127/600] loss=0.0025  pred=true   gold=true  running‐acc=1.000
Locality eval: pred=true              gold=n/a  correct=False  running‐acc=0.000
[ 128/600] loss=0.0107  pred=n/a    gold=n/a  running‐acc=1.000
Locality eval: pred=n/a               gold=true  correct=False  running‐acc=0.000
[ 129/600] loss=0.0031  pred=true   gold=true  running‐acc=1.000
Locality eval: pred=true              gold=n/a  correct=False  running‐acc=0.000
[ 130/600] loss=0.0058  pred=n/a    gold=n/a  running‐acc=1.000
Locality eval: pred=n/a               gold=true  correct=False  running‐acc=0.000
[ 131/600] loss=0.0024  pred=true   gold=true  running‐acc=1.000
Locality eval: pred=true              gold=n/a  correct=False  running‐acc=0.000
[ 132/600] loss=0.0117  pred=n/a    gold=n/a  running‐acc=1.000
Locality eval: pred=n/a               gold=true  correct=False  running‐acc=0.000
[ 133/600] loss=0.0096  pred=n/a    gold=n/a  running‐acc=1.000
Locality eval: pred=n/a               gold=true  correct=False  running‐acc=0.000
[ 134/600] loss=0.0058  pred=true   gold=true  running‐acc=1.000
Locality eval: pred=true              gold=n/a  correct=False  running‐acc=0.000
[ 135/600] loss=0.0069  pred=true   gold=true  running‐acc=1.000
Locality eval: pred=true              gold=n/a  correct=False  running‐acc=0.000
[ 136/600] loss=0.0068  pred=n/a    gold=n/a  running‐acc=1.000
Locality eval: pred=n/a               gold=true  correct=False  running‐acc=0.000
[ 137/600] loss=0.0066  pred=true   gold=true  running‐acc=1.000
Locality eval: pred=true              gold=n/a  correct=False  running‐acc=0.000
[ 138/600] loss=0.0034  pred=true   gold=true  running‐acc=1.000
Locality eval: pred=true              gold=n/a  correct=False  running‐acc=0.000
[ 139/600] loss=0.0277  pred=n/a    gold=n/a  running‐acc=1.000
Locality eval: pred=n/a               gold=true  correct=False  running‐acc=0.000
[ 140/600] loss=0.0062  pred=n/a    gold=n/a  running‐acc=1.000
Locality eval: pred=n/a               gold=true  correct=False  running‐acc=0.000
[ 141/600] loss=0.0102  pred=n/a    gold=n/a  running‐acc=1.000
Locality eval: pred=n/a               gold=true  correct=False  running‐acc=0.000
[ 142/600] loss=0.0048  pred=n/a    gold=n/a  running‐acc=1.000
Locality eval: pred=n/a               gold=true  correct=False  running‐acc=0.000
[ 143/600] loss=0.0032  pred=true   gold=true  running‐acc=1.000
Locality eval: pred=true              gold=n/a  correct=False  running‐acc=0.000
[ 144/600] loss=0.0024  pred=true   gold=true  running‐acc=1.000
Locality eval: pred=true              gold=n/a  correct=False  running‐acc=0.000
[ 145/600] loss=0.0038  pred=true   gold=true  running‐acc=1.000
Locality eval: pred=true              gold=n/a  correct=False  running‐acc=0.000
[ 146/600] loss=0.0152  pred=true   gold=true  running‐acc=1.000
Locality eval: pred=true              gold=n/a  correct=False  running‐acc=0.000
[ 147/600] loss=0.0103  pred=n/a    gold=n/a  running‐acc=1.000
Locality eval: pred=n/a               gold=true  correct=False  running‐acc=0.000
[ 148/600] loss=0.0114  pred=true   gold=true  running‐acc=1.000
Locality eval: pred=true              gold=n/a  correct=False  running‐acc=0.000
[ 149/600] loss=0.0004  pred=n/a    gold=n/a  running‐acc=1.000
Locality eval: pred=n/a               gold=true  correct=False  running‐acc=0.000
[ 150/600] loss=0.0204  pred=n/a    gold=n/a  running‐acc=1.000
Locality eval: pred=n/a               gold=true  correct=False  running‐acc=0.000
[ 151/600] loss=0.0022  pred=true   gold=true  running‐acc=1.000
Locality eval: pred=true              gold=n/a  correct=False  running‐acc=0.000
[ 152/600] loss=0.0020  pred=true   gold=true  running‐acc=1.000
Locality eval: pred=true              gold=n/a  correct=False  running‐acc=0.000
[ 153/600] loss=0.0082  pred=n/a    gold=n/a  running‐acc=1.000
Locality eval: pred=n/a               gold=true  correct=False  running‐acc=0.000
[ 154/600] loss=0.0114  pred=n/a    gold=n/a  running‐acc=1.000
Locality eval: pred=n/a               gold=true  correct=False  running‐acc=0.000
[ 155/600] loss=0.0010  pred=true   gold=true  running‐acc=1.000
Locality eval: pred=true              gold=n/a  correct=False  running‐acc=0.000
[ 156/600] loss=0.0075  pred=n/a    gold=n/a  running‐acc=1.000
Locality eval: pred=n/a               gold=true  correct=False  running‐acc=0.000
[ 157/600] loss=0.0049  pred=true   gold=true  running‐acc=1.000
Locality eval: pred=true              gold=n/a  correct=False  running‐acc=0.000
[ 158/600] loss=0.0136  pred=n/a    gold=n/a  running‐acc=1.000
Locality eval: pred=n/a               gold=true  correct=False  running‐acc=0.000
[ 159/600] loss=0.0080  pred=n/a    gold=n/a  running‐acc=1.000
Locality eval: pred=n/a               gold=true  correct=False  running‐acc=0.000
[ 160/600] loss=0.0103  pred=n/a    gold=n/a  running‐acc=1.000
Locality eval: pred=n/a               gold=true  correct=False  running‐acc=0.000
[ 161/600] loss=0.0129  pred=true   gold=true  running‐acc=1.000
Locality eval: pred=true              gold=n/a  correct=False  running‐acc=0.000
[ 162/600] loss=0.0500  pred=true   gold=n/a  running‐acc=0.994
Locality eval: pred=n/a               gold=true  correct=False  running‐acc=0.000
[ 163/600] loss=0.0068  pred=n/a    gold=n/a  running‐acc=0.994
Locality eval: pred=n/a               gold=true  correct=False  running‐acc=0.000
[ 164/600] loss=0.0168  pred=n/a    gold=n/a  running‐acc=0.994
Locality eval: pred=n/a               gold=true  correct=False  running‐acc=0.000
[ 165/600] loss=0.0116  pred=true   gold=true  running‐acc=0.994
Locality eval: pred=true              gold=n/a  correct=False  running‐acc=0.000
[ 166/600] loss=0.0034  pred=true   gold=true  running‐acc=0.994
Locality eval: pred=true              gold=n/a  correct=False  running‐acc=0.000
[ 167/600] loss=0.0214  pred=n/a    gold=n/a  running‐acc=0.994
Locality eval: pred=n/a               gold=true  correct=False  running‐acc=0.000
[ 168/600] loss=0.0029  pred=true   gold=true  running‐acc=0.994
Locality eval: pred=true              gold=n/a  correct=False  running‐acc=0.000
[ 169/600] loss=0.0232  pred=n/a    gold=n/a  running‐acc=0.994
Locality eval: pred=n/a               gold=true  correct=False  running‐acc=0.000
[ 170/600] loss=0.0154  pred=n/a    gold=n/a  running‐acc=0.994
Locality eval: pred=n/a               gold=true  correct=False  running‐acc=0.000
[ 171/600] loss=0.0079  pred=n/a    gold=n/a  running‐acc=0.994
Locality eval: pred=n/a               gold=true  correct=False  running‐acc=0.000
[ 172/600] loss=0.0026  pred=true   gold=true  running‐acc=0.994
Locality eval: pred=true              gold=n/a  correct=False  running‐acc=0.000
[ 173/600] loss=0.0084  pred=n/a    gold=n/a  running‐acc=0.994
Locality eval: pred=n/a               gold=true  correct=False  running‐acc=0.000
[ 174/600] loss=0.0053  pred=true   gold=true  running‐acc=0.994
Locality eval: pred=true              gold=n/a  correct=False  running‐acc=0.000
[ 175/600] loss=0.0025  pred=true   gold=true  running‐acc=0.994
Locality eval: pred=true              gold=n/a  correct=False  running‐acc=0.000
[ 176/600] loss=0.0047  pred=n/a    gold=n/a  running‐acc=0.994
Locality eval: pred=n/a               gold=true  correct=False  running‐acc=0.000
[ 177/600] loss=0.0018  pred=true   gold=true  running‐acc=0.994
Locality eval: pred=true              gold=n/a  correct=False  running‐acc=0.000
[ 178/600] loss=0.0103  pred=n/a    gold=n/a  running‐acc=0.994
Locality eval: pred=n/a               gold=true  correct=False  running‐acc=0.000
[ 179/600] loss=0.0137  pred=n/a    gold=n/a  running‐acc=0.994
Locality eval: pred=n/a               gold=true  correct=False  running‐acc=0.000
[ 180/600] loss=0.0037  pred=true   gold=true  running‐acc=0.994
Locality eval: pred=true              gold=n/a  correct=False  running‐acc=0.000
[ 181/600] loss=0.0110  pred=n/a    gold=n/a  running‐acc=0.994
Locality eval: pred=n/a               gold=true  correct=False  running‐acc=0.000
[ 182/600] loss=0.0060  pred=n/a    gold=n/a  running‐acc=0.995
Locality eval: pred=n/a               gold=true  correct=False  running‐acc=0.000
[ 183/600] loss=0.0016  pred=true   gold=true  running‐acc=0.995
Locality eval: pred=true              gold=n/a  correct=False  running‐acc=0.000
[ 184/600] loss=0.0144  pred=true   gold=true  running‐acc=0.995
Locality eval: pred=true              gold=n/a  correct=False  running‐acc=0.000
[ 185/600] loss=0.0026  pred=true   gold=true  running‐acc=0.995
Locality eval: pred=true              gold=n/a  correct=False  running‐acc=0.000
[ 186/600] loss=0.0032  pred=true   gold=true  running‐acc=0.995
Locality eval: pred=true              gold=n/a  correct=False  running‐acc=0.000
[ 187/600] loss=0.0115  pred=n/a    gold=n/a  running‐acc=0.995
Locality eval: pred=n/a               gold=true  correct=False  running‐acc=0.000
[ 188/600] loss=0.0088  pred=n/a    gold=n/a  running‐acc=0.995
Locality eval: pred=n/a               gold=true  correct=False  running‐acc=0.000
[ 189/600] loss=0.0069  pred=true   gold=true  running‐acc=0.995
Locality eval: pred=true              gold=n/a  correct=False  running‐acc=0.000
[ 190/600] loss=0.0302  pred=n/a    gold=n/a  running‐acc=0.995
Locality eval: pred=n/a               gold=true  correct=False  running‐acc=0.000
[ 191/600] loss=0.0081  pred=n/a    gold=n/a  running‐acc=0.995
Locality eval: pred=n/a               gold=true  correct=False  running‐acc=0.000
[ 192/600] loss=0.0073  pred=n/a    gold=n/a  running‐acc=0.995
Locality eval: pred=n/a               gold=true  correct=False  running‐acc=0.000
[ 193/600] loss=0.0033  pred=true   gold=true  running‐acc=0.995
Locality eval: pred=true              gold=n/a  correct=False  running‐acc=0.000
[ 194/600] loss=0.0057  pred=true   gold=true  running‐acc=0.995
Locality eval: pred=true              gold=n/a  correct=False  running‐acc=0.000
[ 195/600] loss=0.0023  pred=true   gold=true  running‐acc=0.995
Locality eval: pred=true              gold=n/a  correct=False  running‐acc=0.000
[ 196/600] loss=0.0155  pred=true   gold=true  running‐acc=0.995
Locality eval: pred=true              gold=n/a  correct=False  running‐acc=0.000
[ 197/600] loss=0.0072  pred=true   gold=true  running‐acc=0.995
Locality eval: pred=true              gold=n/a  correct=False  running‐acc=0.000
[ 198/600] loss=0.0138  pred=n/a    gold=n/a  running‐acc=0.995
Locality eval: pred=n/a               gold=true  correct=False  running‐acc=0.000
[ 199/600] loss=0.0028  pred=true   gold=true  running‐acc=0.995
Locality eval: pred=true              gold=n/a  correct=False  running‐acc=0.000
[ 200/600] loss=0.0053  pred=true   gold=true  running‐acc=0.995
Locality eval: pred=true              gold=n/a  correct=False  running‐acc=0.000
[ 201/600] loss=0.0067  pred=n/a    gold=n/a  running‐acc=0.995
Locality eval: pred=n/a               gold=true  correct=False  running‐acc=0.000
[ 202/600] loss=0.0076  pred=n/a    gold=n/a  running‐acc=0.995
Locality eval: pred=n/a               gold=true  correct=False  running‐acc=0.000
[ 203/600] loss=0.0020  pred=true   gold=true  running‐acc=0.995
Locality eval: pred=                  gold=n/a  correct=False  running‐acc=0.000
[ 204/600] loss=0.0530  pred=n/a    gold=n/a  running‐acc=0.995
Locality eval: pred=n/a               gold=true  correct=False  running‐acc=0.000
[ 205/600] loss=0.0043  pred=true   gold=true  running‐acc=0.995
Locality eval: pred=true              gold=n/a  correct=False  running‐acc=0.000
[ 206/600] loss=0.0059  pred=n/a    gold=n/a  running‐acc=0.995
Locality eval: pred=n/a               gold=true  correct=False  running‐acc=0.000
[ 207/600] loss=0.0229  pred=n/a    gold=n/a  running‐acc=0.995
Locality eval: pred=n/a               gold=true  correct=False  running‐acc=0.000
[ 208/600] loss=0.0010  pred=true   gold=true  running‐acc=0.995
Locality eval: pred=true              gold=n/a  correct=False  running‐acc=0.000
[ 209/600] loss=0.0080  pred=n/a    gold=n/a  running‐acc=0.995
Locality eval: pred=n/a               gold=true  correct=False  running‐acc=0.000
[ 210/600] loss=0.0111  pred=n/a    gold=n/a  running‐acc=0.995
Locality eval: pred=n/a               gold=true  correct=False  running‐acc=0.000
[ 211/600] loss=0.0023  pred=true   gold=true  running‐acc=0.995
Locality eval: pred=true              gold=n/a  correct=False  running‐acc=0.000
[ 212/600] loss=0.0039  pred=n/a    gold=n/a  running‐acc=0.995
Locality eval: pred=n/a               gold=true  correct=False  running‐acc=0.000
[ 213/600] loss=0.0186  pred=true   gold=true  running‐acc=0.995
Locality eval: pred=true              gold=n/a  correct=False  running‐acc=0.000
[ 214/600] loss=0.0217  pred=n/a    gold=n/a  running‐acc=0.995
Locality eval: pred=n/a               gold=true  correct=False  running‐acc=0.000
[ 215/600] loss=0.0164  pred=true   gold=true  running‐acc=0.995
Locality eval: pred=true              gold=n/a  correct=False  running‐acc=0.000
[ 216/600] loss=0.0169  pred=n/a    gold=n/a  running‐acc=0.995
Locality eval: pred=n/a               gold=true  correct=False  running‐acc=0.000
[ 217/600] loss=0.0012  pred=true   gold=true  running‐acc=0.995
Locality eval: pred=true              gold=n/a  correct=False  running‐acc=0.000
[ 218/600] loss=0.0076  pred=n/a    gold=n/a  running‐acc=0.995
Locality eval: pred=n/a               gold=true  correct=False  running‐acc=0.000
[ 219/600] loss=0.0057  pred=true   gold=true  running‐acc=0.995
Locality eval: pred=true              gold=n/a  correct=False  running‐acc=0.000
[ 220/600] loss=0.0057  pred=n/a    gold=n/a  running‐acc=0.995
Locality eval: pred=n/a               gold=true  correct=False  running‐acc=0.000
[ 221/600] loss=0.0157  pred=n/a    gold=n/a  running‐acc=0.995
Locality eval: pred=n/a               gold=true  correct=False  running‐acc=0.000
[ 222/600] loss=0.0151  pred=n/a    gold=n/a  running‐acc=0.995
Locality eval: pred=n/a               gold=true  correct=False  running‐acc=0.000
[ 223/600] loss=0.0139  pred=n/a    gold=n/a  running‐acc=0.996
Locality eval: pred=n/a               gold=true  correct=False  running‐acc=0.000
[ 224/600] loss=0.0106  pred=n/a    gold=n/a  running‐acc=0.996
Locality eval: pred=n/a               gold=true  correct=False  running‐acc=0.000
[ 225/600] loss=0.0076  pred=n/a    gold=n/a  running‐acc=0.996
Locality eval: pred=n/a               gold=true  correct=False  running‐acc=0.000
[ 226/600] loss=0.0036  pred=true   gold=true  running‐acc=0.996
Locality eval: pred=true              gold=n/a  correct=False  running‐acc=0.000
[ 227/600] loss=0.0240  pred=n/a    gold=n/a  running‐acc=0.996
Locality eval: pred=n/a               gold=true  correct=False  running‐acc=0.000
[ 228/600] loss=0.0111  pred=n/a    gold=n/a  running‐acc=0.996
Locality eval: pred=n/a               gold=true  correct=False  running‐acc=0.000
[ 229/600] loss=0.0039  pred=n/a    gold=n/a  running‐acc=0.996
Locality eval: pred=n/a               gold=true  correct=False  running‐acc=0.000
[ 230/600] loss=0.0012  pred=n/a    gold=n/a  running‐acc=0.996
Locality eval: pred=n/a               gold=true  correct=False  running‐acc=0.000
[ 231/600] loss=0.0122  pred=n/a    gold=n/a  running‐acc=0.996
Locality eval: pred=n/a               gold=true  correct=False  running‐acc=0.000
[ 232/600] loss=0.0119  pred=n/a    gold=n/a  running‐acc=0.996
Locality eval: pred=n/a               gold=true  correct=False  running‐acc=0.000
[ 233/600] loss=0.0063  pred=true   gold=true  running‐acc=0.996
Locality eval: pred=true              gold=n/a  correct=False  running‐acc=0.000
[ 234/600] loss=0.0109  pred=true   gold=true  running‐acc=0.996
Locality eval: pred=true              gold=n/a  correct=False  running‐acc=0.000
[ 235/600] loss=0.0532  pred=n/a    gold=n/a  running‐acc=0.996
Locality eval: pred=n/a               gold=true  correct=False  running‐acc=0.000
[ 236/600] loss=0.0120  pred=n/a    gold=n/a  running‐acc=0.996
Locality eval: pred=n/a               gold=true  correct=False  running‐acc=0.000
[ 237/600] loss=0.0038  pred=true   gold=true  running‐acc=0.996
Locality eval: pred=true              gold=n/a  correct=False  running‐acc=0.000
[ 238/600] loss=0.0155  pred=n/a    gold=n/a  running‐acc=0.996
Locality eval: pred=n/a               gold=true  correct=False  running‐acc=0.000
[ 239/600] loss=0.0050  pred=n/a    gold=n/a  running‐acc=0.996
Locality eval: pred=n/a               gold=true  correct=False  running‐acc=0.000
[ 240/600] loss=0.0050  pred=true   gold=true  running‐acc=0.996
Locality eval: pred=true              gold=n/a  correct=False  running‐acc=0.000
[ 241/600] loss=0.0151  pred=n/a    gold=n/a  running‐acc=0.996
Locality eval: pred=n/a               gold=true  correct=False  running‐acc=0.000
[ 242/600] loss=0.0061  pred=n/a    gold=n/a  running‐acc=0.996
Locality eval: pred=n/a               gold=true  correct=False  running‐acc=0.000
[ 243/600] loss=0.0094  pred=n/a    gold=n/a  running‐acc=0.996
Locality eval: pred=n/a               gold=true  correct=False  running‐acc=0.000
[ 244/600] loss=0.0046  pred=true   gold=true  running‐acc=0.996
Locality eval: pred=true              gold=n/a  correct=False  running‐acc=0.000
[ 245/600] loss=0.0083  pred=true   gold=true  running‐acc=0.996
Locality eval: pred=true              gold=n/a  correct=False  running‐acc=0.000
[ 246/600] loss=0.0188  pred=true   gold=true  running‐acc=0.996
Locality eval: pred=true              gold=n/a  correct=False  running‐acc=0.000
[ 247/600] loss=0.0024  pred=true   gold=true  running‐acc=0.996
Locality eval: pred=true              gold=n/a  correct=False  running‐acc=0.000
[ 248/600] loss=0.0004  pred=true   gold=true  running‐acc=0.996
Locality eval: pred=true              gold=n/a  correct=False  running‐acc=0.000
[ 249/600] loss=0.0064  pred=n/a    gold=n/a  running‐acc=0.996
Locality eval: pred=n/a               gold=true  correct=False  running‐acc=0.000
[ 250/600] loss=0.0036  pred=true   gold=true  running‐acc=0.996
Locality eval: pred=true              gold=n/a  correct=False  running‐acc=0.000
[ 251/600] loss=0.0066  pred=n/a    gold=n/a  running‐acc=0.996
Locality eval: pred=n/a               gold=true  correct=False  running‐acc=0.000
[ 252/600] loss=0.0076  pred=n/a    gold=n/a  running‐acc=0.996
Locality eval: pred=n/a               gold=true  correct=False  running‐acc=0.000
[ 253/600] loss=0.0031  pred=true   gold=true  running‐acc=0.996
Locality eval: pred=true              gold=n/a  correct=False  running‐acc=0.000
[ 254/600] loss=0.0018  pred=true   gold=true  running‐acc=0.996
Locality eval: pred=true              gold=n/a  correct=False  running‐acc=0.000
[ 255/600] loss=0.0194  pred=n/a    gold=n/a  running‐acc=0.996
Locality eval: pred=n/a               gold=true  correct=False  running‐acc=0.000
[ 256/600] loss=0.0091  pred=n/a    gold=n/a  running‐acc=0.996
Locality eval: pred=n/a               gold=true  correct=False  running‐acc=0.000
[ 257/600] loss=0.0084  pred=n/a    gold=n/a  running‐acc=0.996
Locality eval: pred=n/a               gold=true  correct=False  running‐acc=0.000
[ 258/600] loss=0.0225  pred=n/a    gold=n/a  running‐acc=0.996
Locality eval: pred=n/a               gold=true  correct=False  running‐acc=0.000
[ 259/600] loss=0.0055  pred=true   gold=true  running‐acc=0.996
Locality eval: pred=true              gold=n/a  correct=False  running‐acc=0.000
[ 260/600] loss=0.0034  pred=true   gold=true  running‐acc=0.996
Locality eval: pred=true              gold=n/a  correct=False  running‐acc=0.000
[ 261/600] loss=0.0016  pred=true   gold=true  running‐acc=0.996
Locality eval: pred=true              gold=n/a  correct=False  running‐acc=0.000
[ 262/600] loss=0.0047  pred=true   gold=true  running‐acc=0.996
Locality eval: pred=true              gold=n/a  correct=False  running‐acc=0.000
[ 263/600] loss=0.0032  pred=n/a    gold=n/a  running‐acc=0.996
Locality eval: pred=n/a               gold=true  correct=False  running‐acc=0.000
[ 264/600] loss=0.0081  pred=n/a    gold=n/a  running‐acc=0.996
Locality eval: pred=n/a               gold=true  correct=False  running‐acc=0.000
[ 265/600] loss=0.0013  pred=true   gold=true  running‐acc=0.996
Locality eval: pred=true              gold=n/a  correct=False  running‐acc=0.000
[ 266/600] loss=0.0087  pred=n/a    gold=n/a  running‐acc=0.996
Locality eval: pred=n/a               gold=true  correct=False  running‐acc=0.000
[ 267/600] loss=0.0080  pred=n/a    gold=n/a  running‐acc=0.996
Locality eval: pred=n/a               gold=true  correct=False  running‐acc=0.000
[ 268/600] loss=0.0037  pred=true   gold=true  running‐acc=0.996
Locality eval: pred=true              gold=n/a  correct=False  running‐acc=0.000
[ 269/600] loss=0.0004  pred=n/a    gold=n/a  running‐acc=0.996
Locality eval: pred=n/a               gold=true  correct=False  running‐acc=0.000
[ 270/600] loss=0.0101  pred=true   gold=true  running‐acc=0.996
Locality eval: pred=true              gold=n/a  correct=False  running‐acc=0.000
[ 271/600] loss=0.0120  pred=n/a    gold=n/a  running‐acc=0.996
Locality eval: pred=n/a               gold=true  correct=False  running‐acc=0.000
[ 272/600] loss=0.0024  pred=true   gold=true  running‐acc=0.996
Locality eval: pred=true              gold=n/a  correct=False  running‐acc=0.000
[ 273/600] loss=0.0056  pred=n/a    gold=n/a  running‐acc=0.996
Locality eval: pred=n/a               gold=true  correct=False  running‐acc=0.000
[ 274/600] loss=0.0065  pred=n/a    gold=n/a  running‐acc=0.996
Locality eval: pred=n/a               gold=true  correct=False  running‐acc=0.000
[ 275/600] loss=0.0030  pred=true   gold=true  running‐acc=0.996
Locality eval: pred=true              gold=n/a  correct=False  running‐acc=0.000
[ 276/600] loss=0.0105  pred=n/a    gold=n/a  running‐acc=0.996
Locality eval: pred=n/a               gold=true  correct=False  running‐acc=0.000
[ 277/600] loss=0.0067  pred=true   gold=true  running‐acc=0.996
Locality eval: pred=true              gold=n/a  correct=False  running‐acc=0.000
[ 278/600] loss=0.0109  pred=n/a    gold=n/a  running‐acc=0.996
Locality eval: pred=n/a               gold=true  correct=False  running‐acc=0.000
[ 279/600] loss=0.0048  pred=true   gold=true  running‐acc=0.996
Locality eval: pred=true              gold=n/a  correct=False  running‐acc=0.000
[ 280/600] loss=0.0076  pred=n/a    gold=n/a  running‐acc=0.996
Locality eval: pred=n/a               gold=true  correct=False  running‐acc=0.000
[ 281/600] loss=0.0035  pred=true   gold=true  running‐acc=0.996
Locality eval: pred=true              gold=n/a  correct=False  running‐acc=0.000
[ 282/600] loss=0.0129  pred=true   gold=true  running‐acc=0.996
Locality eval: pred=true              gold=n/a  correct=False  running‐acc=0.000
[ 283/600] loss=0.0103  pred=n/a    gold=n/a  running‐acc=0.996
Locality eval: pred=n/a               gold=true  correct=False  running‐acc=0.000
[ 284/600] loss=0.0137  pred=n/a    gold=n/a  running‐acc=0.996
Locality eval: pred=n/a               gold=true  correct=False  running‐acc=0.000
[ 285/600] loss=0.0079  pred=true   gold=true  running‐acc=0.996
Locality eval: pred=true              gold=n/a  correct=False  running‐acc=0.000
[ 286/600] loss=0.0065  pred=n/a    gold=n/a  running‐acc=0.997
Locality eval: pred=n/a               gold=true  correct=False  running‐acc=0.000
[ 287/600] loss=0.0058  pred=n/a    gold=n/a  running‐acc=0.997
Locality eval: pred=n/a               gold=true  correct=False  running‐acc=0.000
[ 288/600] loss=0.0150  pred=true   gold=true  running‐acc=0.997
Locality eval: pred=true              gold=n/a  correct=False  running‐acc=0.000
[ 289/600] loss=0.0091  pred=true   gold=true  running‐acc=0.997
Locality eval: pred=true              gold=n/a  correct=False  running‐acc=0.000
[ 290/600] loss=0.0079  pred=n/a    gold=n/a  running‐acc=0.997
Locality eval: pred=n/a               gold=true  correct=False  running‐acc=0.000
[ 291/600] loss=0.0068  pred=true   gold=true  running‐acc=0.997
Locality eval: pred=true              gold=n/a  correct=False  running‐acc=0.000
[ 292/600] loss=0.0022  pred=true   gold=true  running‐acc=0.997
Locality eval: pred=true              gold=n/a  correct=False  running‐acc=0.000
[ 293/600] loss=0.0032  pred=true   gold=true  running‐acc=0.997
Locality eval: pred=true              gold=n/a  correct=False  running‐acc=0.000
[ 294/600] loss=0.0040  pred=true   gold=true  running‐acc=0.997
Locality eval: pred=true              gold=n/a  correct=False  running‐acc=0.000
[ 295/600] loss=0.0095  pred=n/a    gold=n/a  running‐acc=0.997
Locality eval: pred=n/a               gold=true  correct=False  running‐acc=0.000
[ 296/600] loss=0.0133  pred=n/a    gold=n/a  running‐acc=0.997
Locality eval: pred=n/a               gold=true  correct=False  running‐acc=0.000
[ 297/600] loss=0.0057  pred=true   gold=true  running‐acc=0.997
Locality eval: pred=true              gold=n/a  correct=False  running‐acc=0.000
[ 298/600] loss=0.0024  pred=true   gold=true  running‐acc=0.997
Locality eval: pred=true              gold=n/a  correct=False  running‐acc=0.000
[ 299/600] loss=0.0071  pred=n/a    gold=n/a  running‐acc=0.997
Locality eval: pred=n/a               gold=true  correct=False  running‐acc=0.000
[ 300/600] loss=0.0067  pred=n/a    gold=n/a  running‐acc=0.997
Locality eval: pred=n/a               gold=true  correct=False  running‐acc=0.000
[ 301/600] loss=0.0023  pred=true   gold=true  running‐acc=0.997
Locality eval: pred=true              gold=n/a  correct=False  running‐acc=0.000
[ 302/600] loss=0.0035  pred=true   gold=true  running‐acc=0.997
Locality eval: pred=true              gold=n/a  correct=False  running‐acc=0.000
[ 303/600] loss=0.0017  pred=true   gold=true  running‐acc=0.997
Locality eval: pred=true              gold=n/a  correct=False  running‐acc=0.000
[ 304/600] loss=0.0049  pred=true   gold=true  running‐acc=0.997
Locality eval: pred=true              gold=n/a  correct=False  running‐acc=0.000
[ 305/600] loss=0.0143  pred=true   gold=true  running‐acc=0.997
Locality eval: pred=true              gold=n/a  correct=False  running‐acc=0.000
[ 306/600] loss=0.0019  pred=true   gold=true  running‐acc=0.997
Locality eval: pred=true              gold=n/a  correct=False  running‐acc=0.000
[ 307/600] loss=0.0035  pred=true   gold=true  running‐acc=0.997
Locality eval: pred=true              gold=n/a  correct=False  running‐acc=0.000
[ 308/600] loss=0.0095  pred=true   gold=true  running‐acc=0.997
Locality eval: pred=true              gold=n/a  correct=False  running‐acc=0.000
[ 309/600] loss=0.0070  pred=true   gold=true  running‐acc=0.997
Locality eval: pred=true              gold=n/a  correct=False  running‐acc=0.000
[ 310/600] loss=0.0129  pred=n/a    gold=n/a  running‐acc=0.997
Locality eval: pred=n/a               gold=true  correct=False  running‐acc=0.000
[ 311/600] loss=0.0038  pred=true   gold=true  running‐acc=0.997
Locality eval: pred=true              gold=n/a  correct=False  running‐acc=0.000
[ 312/600] loss=0.0152  pred=true   gold=true  running‐acc=0.997
Locality eval: pred=true              gold=n/a  correct=False  running‐acc=0.000
[ 313/600] loss=0.0206  pred=n/a    gold=n/a  running‐acc=0.997
Locality eval: pred=n/a               gold=true  correct=False  running‐acc=0.000
[ 314/600] loss=0.0047  pred=n/a    gold=n/a  running‐acc=0.997
Locality eval: pred=n/a               gold=true  correct=False  running‐acc=0.000
[ 315/600] loss=0.0174  pred=n/a    gold=n/a  running‐acc=0.997
Locality eval: pred=n/a               gold=true  correct=False  running‐acc=0.000
[ 316/600] loss=0.0017  pred=true   gold=true  running‐acc=0.997
Locality eval: pred=true              gold=n/a  correct=False  running‐acc=0.000
[ 317/600] loss=0.0045  pred=true   gold=true  running‐acc=0.997
Locality eval: pred=true              gold=n/a  correct=False  running‐acc=0.000
[ 318/600] loss=0.0106  pred=true   gold=true  running‐acc=0.997
Locality eval: pred=true              gold=n/a  correct=False  running‐acc=0.000
[ 319/600] loss=0.0050  pred=n/a    gold=n/a  running‐acc=0.997
Locality eval: pred=n/a               gold=true  correct=False  running‐acc=0.000
[ 320/600] loss=0.0291  pred=n/a    gold=n/a  running‐acc=0.997
Locality eval: pred=n/a               gold=true  correct=False  running‐acc=0.000
[ 321/600] loss=0.0037  pred=true   gold=true  running‐acc=0.997
Locality eval: pred=true              gold=n/a  correct=False  running‐acc=0.000
[ 322/600] loss=0.0070  pred=true   gold=true  running‐acc=0.997
Locality eval: pred=true              gold=n/a  correct=False  running‐acc=0.000
[ 323/600] loss=0.0151  pred=n/a    gold=n/a  running‐acc=0.997
Locality eval: pred=n/a               gold=true  correct=False  running‐acc=0.000
[ 324/600] loss=0.0206  pred=n/a    gold=n/a  running‐acc=0.997
Locality eval: pred=n/a               gold=true  correct=False  running‐acc=0.000
[ 325/600] loss=0.0040  pred=true   gold=true  running‐acc=0.997
Locality eval: pred=true              gold=n/a  correct=False  running‐acc=0.000
[ 326/600] loss=0.0133  pred=n/a    gold=n/a  running‐acc=0.997
Locality eval: pred=n/a               gold=true  correct=False  running‐acc=0.000
[ 327/600] loss=0.0032  pred=true   gold=true  running‐acc=0.997
Locality eval: pred=true              gold=n/a  correct=False  running‐acc=0.000
[ 328/600] loss=0.0222  pred=n/a    gold=n/a  running‐acc=0.997
Locality eval: pred=n/a               gold=true  correct=False  running‐acc=0.000
[ 329/600] loss=0.0049  pred=true   gold=true  running‐acc=0.997
Locality eval: pred=true              gold=n/a  correct=False  running‐acc=0.000
[ 330/600] loss=0.0049  pred=n/a    gold=n/a  running‐acc=0.997
Locality eval: pred=n/a               gold=true  correct=False  running‐acc=0.000
[ 331/600] loss=0.0018  pred=true   gold=true  running‐acc=0.997
Locality eval: pred=true              gold=n/a  correct=False  running‐acc=0.000
[ 332/600] loss=0.0069  pred=n/a    gold=n/a  running‐acc=0.997
Locality eval: pred=n/a               gold=true  correct=False  running‐acc=0.000
[ 333/600] loss=0.0081  pred=true   gold=true  running‐acc=0.997
Locality eval: pred=true              gold=n/a  correct=False  running‐acc=0.000
[ 334/600] loss=0.0099  pred=n/a    gold=n/a  running‐acc=0.997
Locality eval: pred=n/a               gold=true  correct=False  running‐acc=0.000
[ 335/600] loss=0.0046  pred=true   gold=true  running‐acc=0.997
Locality eval: pred=true              gold=n/a  correct=False  running‐acc=0.000
[ 336/600] loss=0.0056  pred=n/a    gold=n/a  running‐acc=0.997
Locality eval: pred=n/a               gold=true  correct=False  running‐acc=0.000
[ 337/600] loss=0.0115  pred=n/a    gold=n/a  running‐acc=0.997
Locality eval: pred=n/a               gold=true  correct=False  running‐acc=0.000
[ 338/600] loss=0.0064  pred=n/a    gold=n/a  running‐acc=0.997
Locality eval: pred=                  gold=true  correct=False  running‐acc=0.000
[ 339/600] loss=0.0003  pred=n/a    gold=n/a  running‐acc=0.997
Locality eval: pred=n/a               gold=true  correct=False  running‐acc=0.000
[ 340/600] loss=0.0057  pred=n/a    gold=n/a  running‐acc=0.997
Locality eval: pred=n/a               gold=true  correct=False  running‐acc=0.000
[ 341/600] loss=0.0051  pred=true   gold=true  running‐acc=0.997
Locality eval: pred=true              gold=n/a  correct=False  running‐acc=0.000
[ 342/600] loss=0.0063  pred=true   gold=true  running‐acc=0.997
Locality eval: pred=true              gold=n/a  correct=False  running‐acc=0.000
[ 343/600] loss=0.0111  pred=n/a    gold=n/a  running‐acc=0.997
Locality eval: pred=n/a               gold=true  correct=False  running‐acc=0.000
[ 344/600] loss=0.0032  pred=true   gold=true  running‐acc=0.997
Locality eval: pred=true              gold=n/a  correct=False  running‐acc=0.000
[ 345/600] loss=0.0563  pred=n/a    gold=n/a  running‐acc=0.997
Locality eval: pred=n/a               gold=true  correct=False  running‐acc=0.000
[ 346/600] loss=0.0009  pred=true   gold=true  running‐acc=0.997
Locality eval: pred=true              gold=n/a  correct=False  running‐acc=0.000
[ 347/600] loss=0.0210  pred=n/a    gold=n/a  running‐acc=0.997
Locality eval: pred=n/a               gold=true  correct=False  running‐acc=0.000
[ 348/600] loss=0.0153  pred=n/a    gold=n/a  running‐acc=0.997
Locality eval: pred=n/a               gold=true  correct=False  running‐acc=0.000
[ 349/600] loss=0.0167  pred=n/a    gold=n/a  running‐acc=0.997
Locality eval: pred=n/a               gold=true  correct=False  running‐acc=0.000
[ 350/600] loss=0.0076  pred=n/a    gold=n/a  running‐acc=0.997
Locality eval: pred=n/a               gold=true  correct=False  running‐acc=0.000
[ 351/600] loss=0.0140  pred=n/a    gold=n/a  running‐acc=0.997
Locality eval: pred=n/a               gold=true  correct=False  running‐acc=0.000
[ 352/600] loss=0.0070  pred=n/a    gold=n/a  running‐acc=0.997
Locality eval: pred=n/a               gold=true  correct=False  running‐acc=0.000
[ 353/600] loss=0.0243  pred=n/a    gold=n/a  running‐acc=0.997
Locality eval: pred=n/a               gold=true  correct=False  running‐acc=0.000
[ 354/600] loss=0.0017  pred=true   gold=true  running‐acc=0.997
Locality eval: pred=true              gold=n/a  correct=False  running‐acc=0.000
[ 355/600] loss=0.0040  pred=true   gold=true  running‐acc=0.997
Locality eval: pred=true              gold=n/a  correct=False  running‐acc=0.000
[ 356/600] loss=0.0024  pred=true   gold=true  running‐acc=0.997
Locality eval: pred=true              gold=n/a  correct=False  running‐acc=0.000
[ 357/600] loss=0.0022  pred=true   gold=true  running‐acc=0.997
Locality eval: pred=true              gold=n/a  correct=False  running‐acc=0.000
[ 358/600] loss=0.0050  pred=true   gold=true  running‐acc=0.997
Locality eval: pred=true              gold=n/a  correct=False  running‐acc=0.000
[ 359/600] loss=0.0017  pred=true   gold=true  running‐acc=0.997
Locality eval: pred=true              gold=n/a  correct=False  running‐acc=0.000
[ 360/600] loss=0.0076  pred=n/a    gold=n/a  running‐acc=0.997
Locality eval: pred=n/a               gold=true  correct=False  running‐acc=0.000
[ 361/600] loss=0.0009  pred=true   gold=true  running‐acc=0.997
Locality eval: pred=true              gold=n/a  correct=False  running‐acc=0.000
[ 362/600] loss=0.0023  pred=true   gold=true  running‐acc=0.997
Locality eval: pred=true              gold=n/a  correct=False  running‐acc=0.000
[ 363/600] loss=0.0064  pred=n/a    gold=n/a  running‐acc=0.997
Locality eval: pred=n/a               gold=true  correct=False  running‐acc=0.000
[ 364/600] loss=0.0046  pred=true   gold=true  running‐acc=0.997
Locality eval: pred=true              gold=n/a  correct=False  running‐acc=0.000
[ 365/600] loss=0.0023  pred=true   gold=true  running‐acc=0.997
Locality eval: pred=true              gold=n/a  correct=False  running‐acc=0.000
[ 366/600] loss=0.0121  pred=n/a    gold=n/a  running‐acc=0.997
Locality eval: pred=n/a               gold=true  correct=False  running‐acc=0.000
[ 367/600] loss=0.0081  pred=n/a    gold=n/a  running‐acc=0.997
Locality eval: pred=n/a               gold=true  correct=False  running‐acc=0.000
[ 368/600] loss=0.0038  pred=true   gold=true  running‐acc=0.997
Locality eval: pred=true              gold=n/a  correct=False  running‐acc=0.000
[ 369/600] loss=0.0220  pred=n/a    gold=n/a  running‐acc=0.997
Locality eval: pred=n/a               gold=true  correct=False  running‐acc=0.000
[ 370/600] loss=0.0127  pred=n/a    gold=n/a  running‐acc=0.997
Locality eval: pred=n/a               gold=true  correct=False  running‐acc=0.000
[ 371/600] loss=0.0045  pred=true   gold=true  running‐acc=0.997
Locality eval: pred=true              gold=n/a  correct=False  running‐acc=0.000
[ 372/600] loss=0.0115  pred=true   gold=true  running‐acc=0.997
Locality eval: pred=true              gold=n/a  correct=False  running‐acc=0.000
[ 373/600] loss=0.0044  pred=true   gold=true  running‐acc=0.997
Locality eval: pred=true              gold=n/a  correct=False  running‐acc=0.000
[ 374/600] loss=0.0087  pred=n/a    gold=n/a  running‐acc=0.997
Locality eval: pred=n/a               gold=true  correct=False  running‐acc=0.000
[ 375/600] loss=0.0029  pred=true   gold=true  running‐acc=0.997
Locality eval: pred=true              gold=n/a  correct=False  running‐acc=0.000
[ 376/600] loss=0.0071  pred=true   gold=true  running‐acc=0.997
Locality eval: pred=true              gold=n/a  correct=False  running‐acc=0.000
[ 377/600] loss=0.0141  pred=true   gold=true  running‐acc=0.997
Locality eval: pred=true              gold=n/a  correct=False  running‐acc=0.000
[ 378/600] loss=0.0039  pred=true   gold=true  running‐acc=0.997
Locality eval: pred=true              gold=n/a  correct=False  running‐acc=0.000
[ 379/600] loss=0.0042  pred=true   gold=true  running‐acc=0.997
Locality eval: pred=true              gold=n/a  correct=False  running‐acc=0.000
[ 380/600] loss=0.0081  pred=true   gold=true  running‐acc=0.997
Locality eval: pred=true              gold=n/a  correct=False  running‐acc=0.000
[ 381/600] loss=0.0027  pred=n/a    gold=n/a  running‐acc=0.997
Locality eval: pred=n/a               gold=true  correct=False  running‐acc=0.000
[ 382/600] loss=0.0126  pred=n/a    gold=n/a  running‐acc=0.997
Locality eval: pred=n/a               gold=true  correct=False  running‐acc=0.000
[ 383/600] loss=0.0127  pred=n/a    gold=n/a  running‐acc=0.997
Locality eval: pred=n/a               gold=true  correct=False  running‐acc=0.000
[ 384/600] loss=0.0130  pred=n/a    gold=n/a  running‐acc=0.997
Locality eval: pred=n/a               gold=true  correct=False  running‐acc=0.000
[ 385/600] loss=0.0067  pred=true   gold=true  running‐acc=0.997
Locality eval: pred=true              gold=n/a  correct=False  running‐acc=0.000
[ 386/600] loss=0.0044  pred=true   gold=true  running‐acc=0.997
Locality eval: pred=true              gold=n/a  correct=False  running‐acc=0.000
[ 387/600] loss=0.0060  pred=n/a    gold=n/a  running‐acc=0.997
Locality eval: pred=n/a               gold=true  correct=False  running‐acc=0.000
[ 388/600] loss=0.0050  pred=true   gold=true  running‐acc=0.997
Locality eval: pred=true              gold=n/a  correct=False  running‐acc=0.000
[ 389/600] loss=0.0084  pred=n/a    gold=n/a  running‐acc=0.997
Locality eval: pred=n/a               gold=true  correct=False  running‐acc=0.000
[ 390/600] loss=0.0075  pred=true   gold=true  running‐acc=0.997
Locality eval: pred=true              gold=n/a  correct=False  running‐acc=0.000
[ 391/600] loss=0.0159  pred=true   gold=true  running‐acc=0.997
Locality eval: pred=true              gold=n/a  correct=False  running‐acc=0.000
[ 392/600] loss=0.0063  pred=n/a    gold=n/a  running‐acc=0.997
Locality eval: pred=n/a               gold=true  correct=False  running‐acc=0.000
[ 393/600] loss=0.0062  pred=n/a    gold=n/a  running‐acc=0.997
Locality eval: pred=n/a               gold=true  correct=False  running‐acc=0.000
[ 394/600] loss=0.0029  pred=n/a    gold=n/a  running‐acc=0.997
Locality eval: pred=n/a               gold=true  correct=False  running‐acc=0.000
[ 395/600] loss=0.0091  pred=true   gold=true  running‐acc=0.997
Locality eval: pred=true              gold=n/a  correct=False  running‐acc=0.000
[ 396/600] loss=0.0004  pred=true   gold=true  running‐acc=0.997
Locality eval: pred=true              gold=n/a  correct=False  running‐acc=0.000
[ 397/600] loss=0.0068  pred=n/a    gold=n/a  running‐acc=0.997
Locality eval: pred=n/a               gold=true  correct=False  running‐acc=0.000
[ 398/600] loss=0.0043  pred=true   gold=true  running‐acc=0.997
Locality eval: pred=true              gold=n/a  correct=False  running‐acc=0.000
[ 399/600] loss=0.0111  pred=n/a    gold=n/a  running‐acc=0.997
Locality eval: pred=n/a               gold=true  correct=False  running‐acc=0.000
[ 400/600] loss=0.0053  pred=true   gold=true  running‐acc=0.998
Locality eval: pred=true              gold=n/a  correct=False  running‐acc=0.000
[ 401/600] loss=0.0059  pred=true   gold=true  running‐acc=0.998
Locality eval: pred=true              gold=n/a  correct=False  running‐acc=0.000
[ 402/600] loss=0.0114  pred=n/a    gold=n/a  running‐acc=0.998
Locality eval: pred=n/a               gold=true  correct=False  running‐acc=0.000
[ 403/600] loss=0.0018  pred=true   gold=true  running‐acc=0.998
Locality eval: pred=true              gold=n/a  correct=False  running‐acc=0.000
[ 404/600] loss=0.0136  pred=true   gold=true  running‐acc=0.998
Locality eval: pred=true              gold=n/a  correct=False  running‐acc=0.000
[ 405/600] loss=0.0140  pred=n/a    gold=n/a  running‐acc=0.998
Locality eval: pred=n/a               gold=true  correct=False  running‐acc=0.000
[ 406/600] loss=0.0069  pred=n/a    gold=n/a  running‐acc=0.998
Locality eval: pred=n/a               gold=true  correct=False  running‐acc=0.000
[ 407/600] loss=0.0023  pred=true   gold=true  running‐acc=0.998
Locality eval: pred=true              gold=n/a  correct=False  running‐acc=0.000
[ 408/600] loss=0.0062  pred=n/a    gold=n/a  running‐acc=0.998
Locality eval: pred=n/a               gold=true  correct=False  running‐acc=0.000
[ 409/600] loss=0.0070  pred=true   gold=true  running‐acc=0.998
Locality eval: pred=true              gold=n/a  correct=False  running‐acc=0.000
[ 410/600] loss=0.0075  pred=n/a    gold=n/a  running‐acc=0.998
Locality eval: pred=n/a               gold=true  correct=False  running‐acc=0.000
[ 411/600] loss=0.0082  pred=true   gold=true  running‐acc=0.998
Locality eval: pred=true              gold=n/a  correct=False  running‐acc=0.000
[ 412/600] loss=0.0011  pred=true   gold=true  running‐acc=0.998
Locality eval: pred=true              gold=n/a  correct=False  running‐acc=0.000
[ 413/600] loss=0.0041  pred=true   gold=true  running‐acc=0.998
Locality eval: pred=true              gold=n/a  correct=False  running‐acc=0.000
[ 414/600] loss=0.0020  pred=true   gold=true  running‐acc=0.998
Locality eval: pred=true              gold=n/a  correct=False  running‐acc=0.000
[ 415/600] loss=0.0346  pred=n/a    gold=n/a  running‐acc=0.998
Locality eval: pred=n/a               gold=true  correct=False  running‐acc=0.000
[ 416/600] loss=0.0084  pred=true   gold=true  running‐acc=0.998
Locality eval: pred=true              gold=n/a  correct=False  running‐acc=0.000
[ 417/600] loss=0.0106  pred=n/a    gold=n/a  running‐acc=0.998
Locality eval: pred=n/a               gold=true  correct=False  running‐acc=0.000
[ 418/600] loss=0.0089  pred=n/a    gold=n/a  running‐acc=0.998
Locality eval: pred=n/a               gold=true  correct=False  running‐acc=0.000
[ 419/600] loss=0.0084  pred=true   gold=true  running‐acc=0.998
Locality eval: pred=true              gold=n/a  correct=False  running‐acc=0.000
[ 420/600] loss=0.0026  pred=true   gold=true  running‐acc=0.998
Locality eval: pred=true              gold=n/a  correct=False  running‐acc=0.000
[ 421/600] loss=0.0056  pred=true   gold=true  running‐acc=0.998
Locality eval: pred=true              gold=n/a  correct=False  running‐acc=0.000
[ 422/600] loss=0.0058  pred=true   gold=true  running‐acc=0.998
Locality eval: pred=true              gold=n/a  correct=False  running‐acc=0.000
[ 423/600] loss=0.0035  pred=true   gold=true  running‐acc=0.998
Locality eval: pred=true              gold=n/a  correct=False  running‐acc=0.000
[ 424/600] loss=0.0097  pred=n/a    gold=n/a  running‐acc=0.998
Locality eval: pred=n/a               gold=true  correct=False  running‐acc=0.000
[ 425/600] loss=0.0079  pred=n/a    gold=n/a  running‐acc=0.998
Locality eval: pred=n/a               gold=true  correct=False  running‐acc=0.000
[ 426/600] loss=0.0158  pred=n/a    gold=n/a  running‐acc=0.998
Locality eval: pred=n/a               gold=true  correct=False  running‐acc=0.000
[ 427/600] loss=0.0083  pred=true   gold=true  running‐acc=0.998
Locality eval: pred=true              gold=n/a  correct=False  running‐acc=0.000
[ 428/600] loss=0.0032  pred=true   gold=true  running‐acc=0.998
Locality eval: pred=true              gold=n/a  correct=False  running‐acc=0.000
[ 429/600] loss=0.0019  pred=true   gold=true  running‐acc=0.998
Locality eval: pred=true              gold=n/a  correct=False  running‐acc=0.000
[ 430/600] loss=0.0316  pred=n/a    gold=n/a  running‐acc=0.998
Locality eval: pred=n/a               gold=true  correct=False  running‐acc=0.000
[ 431/600] loss=0.0090  pred=true   gold=true  running‐acc=0.998
Locality eval: pred=true              gold=n/a  correct=False  running‐acc=0.000
[ 432/600] loss=0.0058  pred=true   gold=true  running‐acc=0.998
Locality eval: pred=true              gold=n/a  correct=False  running‐acc=0.000
[ 433/600] loss=0.0030  pred=true   gold=true  running‐acc=0.998
Locality eval: pred=true              gold=n/a  correct=False  running‐acc=0.000
[ 434/600] loss=0.0069  pred=n/a    gold=n/a  running‐acc=0.998
Locality eval: pred=n/a               gold=true  correct=False  running‐acc=0.000
[ 435/600] loss=0.0055  pred=n/a    gold=n/a  running‐acc=0.998
Locality eval: pred=n/a               gold=true  correct=False  running‐acc=0.000
[ 436/600] loss=0.0078  pred=true   gold=true  running‐acc=0.998
Locality eval: pred=true              gold=n/a  correct=False  running‐acc=0.000
[ 437/600] loss=0.0023  pred=true   gold=true  running‐acc=0.998
Locality eval: pred=true              gold=n/a  correct=False  running‐acc=0.000
[ 438/600] loss=0.0215  pred=n/a    gold=n/a  running‐acc=0.998
Locality eval: pred=n/a               gold=true  correct=False  running‐acc=0.000
[ 439/600] loss=0.0255  pred=n/a    gold=n/a  running‐acc=0.998
Locality eval: pred=n/a               gold=true  correct=False  running‐acc=0.000
[ 440/600] loss=0.0035  pred=true   gold=true  running‐acc=0.998
Locality eval: pred=true              gold=n/a  correct=False  running‐acc=0.000
[ 441/600] loss=0.0096  pred=n/a    gold=n/a  running‐acc=0.998
Locality eval: pred=n/a               gold=true  correct=False  running‐acc=0.000
[ 442/600] loss=0.0177  pred=true   gold=true  running‐acc=0.998
Locality eval: pred=true              gold=n/a  correct=False  running‐acc=0.000
[ 443/600] loss=0.0020  pred=true   gold=true  running‐acc=0.998
Locality eval: pred=true              gold=n/a  correct=False  running‐acc=0.000
[ 444/600] loss=0.0117  pred=true   gold=true  running‐acc=0.998
Locality eval: pred=true              gold=n/a  correct=False  running‐acc=0.000
[ 445/600] loss=0.0034  pred=true   gold=true  running‐acc=0.998
Locality eval: pred=true              gold=n/a  correct=False  running‐acc=0.000
[ 446/600] loss=0.0142  pred=true   gold=true  running‐acc=0.998
Locality eval: pred=true              gold=n/a  correct=False  running‐acc=0.000
[ 447/600] loss=0.0019  pred=true   gold=true  running‐acc=0.998
Locality eval: pred=true              gold=n/a  correct=False  running‐acc=0.000
[ 448/600] loss=0.0150  pred=true   gold=true  running‐acc=0.998
Locality eval: pred=true              gold=n/a  correct=False  running‐acc=0.000
[ 449/600] loss=0.0019  pred=true   gold=true  running‐acc=0.998
Locality eval: pred=true              gold=n/a  correct=False  running‐acc=0.000
[ 450/600] loss=0.0080  pred=n/a    gold=n/a  running‐acc=0.998
Locality eval: pred=n/a               gold=true  correct=False  running‐acc=0.000
[ 451/600] loss=0.0021  pred=true   gold=true  running‐acc=0.998
Locality eval: pred=true              gold=n/a  correct=False  running‐acc=0.000
[ 452/600] loss=0.0094  pred=n/a    gold=n/a  running‐acc=0.998
Locality eval: pred=n/a               gold=true  correct=False  running‐acc=0.000
[ 453/600] loss=0.0056  pred=n/a    gold=n/a  running‐acc=0.998
Locality eval: pred=n/a               gold=true  correct=False  running‐acc=0.000
[ 454/600] loss=0.0232  pred=n/a    gold=n/a  running‐acc=0.998
Locality eval: pred=n/a               gold=true  correct=False  running‐acc=0.000
[ 455/600] loss=0.0034  pred=true   gold=true  running‐acc=0.998
Locality eval: pred=true              gold=n/a  correct=False  running‐acc=0.000
[ 456/600] loss=0.0046  pred=n/a    gold=n/a  running‐acc=0.998
Locality eval: pred=n/a               gold=true  correct=False  running‐acc=0.000
[ 457/600] loss=0.0146  pred=n/a    gold=n/a  running‐acc=0.998
Locality eval: pred=n/a               gold=true  correct=False  running‐acc=0.000
[ 458/600] loss=0.0119  pred=n/a    gold=n/a  running‐acc=0.998
Locality eval: pred=n/a               gold=true  correct=False  running‐acc=0.000
[ 459/600] loss=0.0050  pred=true   gold=true  running‐acc=0.998
Locality eval: pred=true              gold=n/a  correct=False  running‐acc=0.000
[ 460/600] loss=0.0029  pred=true   gold=true  running‐acc=0.998
Locality eval: pred=true              gold=n/a  correct=False  running‐acc=0.000
[ 461/600] loss=0.0073  pred=n/a    gold=n/a  running‐acc=0.998
Locality eval: pred=n/a               gold=true  correct=False  running‐acc=0.000
[ 462/600] loss=0.0537  pred=n/a    gold=n/a  running‐acc=0.998
Locality eval: pred=n/a               gold=true  correct=False  running‐acc=0.000
[ 463/600] loss=0.0038  pred=true   gold=true  running‐acc=0.998
Locality eval: pred=true              gold=n/a  correct=False  running‐acc=0.000
[ 464/600] loss=0.0072  pred=n/a    gold=n/a  running‐acc=0.998
Locality eval: pred=n/a               gold=true  correct=False  running‐acc=0.000
[ 465/600] loss=0.0068  pred=n/a    gold=n/a  running‐acc=0.998
Locality eval: pred=n/a               gold=true  correct=False  running‐acc=0.000
[ 466/600] loss=0.0090  pred=n/a    gold=n/a  running‐acc=0.998
Locality eval: pred=n/a               gold=true  correct=False  running‐acc=0.000
[ 467/600] loss=0.0055  pred=n/a    gold=n/a  running‐acc=0.998
Locality eval: pred=n/a               gold=true  correct=False  running‐acc=0.000
[ 468/600] loss=0.0071  pred=n/a    gold=n/a  running‐acc=0.998
Locality eval: pred=n/a               gold=true  correct=False  running‐acc=0.000
[ 469/600] loss=0.0019  pred=true   gold=true  running‐acc=0.998
Locality eval: pred=true              gold=n/a  correct=False  running‐acc=0.000
[ 470/600] loss=0.0069  pred=n/a    gold=n/a  running‐acc=0.998
Locality eval: pred=n/a               gold=true  correct=False  running‐acc=0.000
[ 471/600] loss=0.0064  pred=n/a    gold=n/a  running‐acc=0.998
Locality eval: pred=n/a               gold=true  correct=False  running‐acc=0.000
[ 472/600] loss=0.0098  pred=true   gold=true  running‐acc=0.998
Locality eval: pred=true              gold=n/a  correct=False  running‐acc=0.000
[ 473/600] loss=0.0225  pred=n/a    gold=n/a  running‐acc=0.998
Locality eval: pred=n/a               gold=true  correct=False  running‐acc=0.000
[ 474/600] loss=0.0024  pred=true   gold=true  running‐acc=0.998
Locality eval: pred=true              gold=n/a  correct=False  running‐acc=0.000
[ 475/600] loss=0.0136  pred=n/a    gold=n/a  running‐acc=0.998
Locality eval: pred=n/a               gold=true  correct=False  running‐acc=0.000
[ 476/600] loss=0.0048  pred=true   gold=true  running‐acc=0.998
Locality eval: pred=true              gold=n/a  correct=False  running‐acc=0.000
[ 477/600] loss=0.0078  pred=n/a    gold=n/a  running‐acc=0.998
Locality eval: pred=n/a               gold=true  correct=False  running‐acc=0.000
[ 478/600] loss=0.0138  pred=true   gold=true  running‐acc=0.998
Locality eval: pred=true              gold=n/a  correct=False  running‐acc=0.000
[ 479/600] loss=0.0051  pred=n/a    gold=n/a  running‐acc=0.998
Locality eval: pred=n/a               gold=true  correct=False  running‐acc=0.000
[ 480/600] loss=0.0059  pred=n/a    gold=n/a  running‐acc=0.998
Locality eval: pred=n/a               gold=true  correct=False  running‐acc=0.000
[ 481/600] loss=0.0152  pred=n/a    gold=n/a  running‐acc=0.998
Locality eval: pred=n/a               gold=true  correct=False  running‐acc=0.000
[ 482/600] loss=0.0096  pred=true   gold=true  running‐acc=0.998
Locality eval: pred=true              gold=n/a  correct=False  running‐acc=0.000
[ 483/600] loss=0.0048  pred=n/a    gold=n/a  running‐acc=0.998
Locality eval: pred=n/a               gold=true  correct=False  running‐acc=0.000
[ 484/600] loss=0.0102  pred=n/a    gold=n/a  running‐acc=0.998
Locality eval: pred=n/a               gold=true  correct=False  running‐acc=0.000
[ 485/600] loss=0.0143  pred=n/a    gold=n/a  running‐acc=0.998
Locality eval: pred=n/a               gold=true  correct=False  running‐acc=0.000
[ 486/600] loss=0.0079  pred=n/a    gold=n/a  running‐acc=0.998
Locality eval: pred=n/a               gold=true  correct=False  running‐acc=0.000
[ 487/600] loss=0.0251  pred=n/a    gold=n/a  running‐acc=0.998
Locality eval: pred=n/a               gold=true  correct=False  running‐acc=0.000
[ 488/600] loss=0.0108  pred=n/a    gold=n/a  running‐acc=0.998
Locality eval: pred=n/a               gold=true  correct=False  running‐acc=0.000
[ 489/600] loss=0.0130  pred=n/a    gold=n/a  running‐acc=0.998
Locality eval: pred=n/a               gold=true  correct=False  running‐acc=0.000
[ 490/600] loss=0.0101  pred=n/a    gold=n/a  running‐acc=0.998
Locality eval: pred=n/a               gold=true  correct=False  running‐acc=0.000
[ 491/600] loss=0.0279  pred=n/a    gold=n/a  running‐acc=0.998
Locality eval: pred=n/a               gold=true  correct=False  running‐acc=0.000
[ 492/600] loss=0.0135  pred=true   gold=true  running‐acc=0.998
Locality eval: pred=true              gold=n/a  correct=False  running‐acc=0.000
[ 493/600] loss=0.0093  pred=n/a    gold=n/a  running‐acc=0.998
Locality eval: pred=n/a               gold=true  correct=False  running‐acc=0.000
[ 494/600] loss=0.0067  pred=n/a    gold=n/a  running‐acc=0.998
Locality eval: pred=n/a               gold=true  correct=False  running‐acc=0.000
[ 495/600] loss=0.0055  pred=n/a    gold=n/a  running‐acc=0.998
Locality eval: pred=n/a               gold=true  correct=False  running‐acc=0.000
[ 496/600] loss=0.0130  pred=n/a    gold=n/a  running‐acc=0.998
Locality eval: pred=n/a               gold=true  correct=False  running‐acc=0.000
[ 497/600] loss=0.0042  pred=true   gold=true  running‐acc=0.998
Locality eval: pred=true              gold=n/a  correct=False  running‐acc=0.000
[ 498/600] loss=0.0054  pred=true   gold=true  running‐acc=0.998
Locality eval: pred=true              gold=n/a  correct=False  running‐acc=0.000
[ 499/600] loss=0.0086  pred=n/a    gold=n/a  running‐acc=0.998
Locality eval: pred=n/a               gold=true  correct=False  running‐acc=0.000
[ 500/600] loss=0.0325  pred=n/a    gold=n/a  running‐acc=0.998
Locality eval: pred=n/a               gold=true  correct=False  running‐acc=0.000
[ 501/600] loss=0.0076  pred=n/a    gold=n/a  running‐acc=0.998
Locality eval: pred=n/a               gold=true  correct=False  running‐acc=0.000
[ 502/600] loss=0.0049  pred=n/a    gold=n/a  running‐acc=0.998
Locality eval: pred=n/a               gold=true  correct=False  running‐acc=0.000
[ 503/600] loss=0.0010  pred=true   gold=true  running‐acc=0.998
Locality eval: pred=true              gold=n/a  correct=False  running‐acc=0.000
[ 504/600] loss=0.0024  pred=true   gold=true  running‐acc=0.998
Locality eval: pred=true              gold=n/a  correct=False  running‐acc=0.000
[ 505/600] loss=0.0030  pred=true   gold=true  running‐acc=0.998
Locality eval: pred=true              gold=n/a  correct=False  running‐acc=0.000
[ 506/600] loss=0.0020  pred=true   gold=true  running‐acc=0.998
Locality eval: pred=true              gold=n/a  correct=False  running‐acc=0.000
[ 507/600] loss=0.0022  pred=true   gold=true  running‐acc=0.998
Locality eval: pred=true              gold=n/a  correct=False  running‐acc=0.000
[ 508/600] loss=0.0070  pred=true   gold=true  running‐acc=0.998
Locality eval: pred=true              gold=n/a  correct=False  running‐acc=0.000
[ 509/600] loss=0.0018  pred=true   gold=true  running‐acc=0.998
Locality eval: pred=true              gold=n/a  correct=False  running‐acc=0.000
[ 510/600] loss=0.0018  pred=true   gold=true  running‐acc=0.998
Locality eval: pred=true              gold=n/a  correct=False  running‐acc=0.000
[ 511/600] loss=0.0251  pred=n/a    gold=n/a  running‐acc=0.998
Locality eval: pred=n/a               gold=true  correct=False  running‐acc=0.000
[ 512/600] loss=0.0010  pred=true   gold=true  running‐acc=0.998
Locality eval: pred=true              gold=n/a  correct=False  running‐acc=0.000
[ 513/600] loss=0.0080  pred=n/a    gold=n/a  running‐acc=0.998
Locality eval: pred=n/a               gold=true  correct=False  running‐acc=0.000
[ 514/600] loss=0.0194  pred=true   gold=true  running‐acc=0.998
Locality eval: pred=true              gold=n/a  correct=False  running‐acc=0.000
[ 515/600] loss=0.0054  pred=n/a    gold=n/a  running‐acc=0.998
Locality eval: pred=n/a               gold=true  correct=False  running‐acc=0.000
[ 516/600] loss=0.0083  pred=n/a    gold=n/a  running‐acc=0.998
Locality eval: pred=n/a               gold=true  correct=False  running‐acc=0.000
[ 517/600] loss=0.0055  pred=n/a    gold=n/a  running‐acc=0.998
Locality eval: pred=n/a               gold=true  correct=False  running‐acc=0.000
[ 518/600] loss=0.0103  pred=n/a    gold=n/a  running‐acc=0.998
Locality eval: pred=n/a               gold=true  correct=False  running‐acc=0.000
[ 519/600] loss=0.0039  pred=true   gold=true  running‐acc=0.998
Locality eval: pred=true              gold=n/a  correct=False  running‐acc=0.000
[ 520/600] loss=0.0168  pred=true   gold=true  running‐acc=0.998
Locality eval: pred=true              gold=n/a  correct=False  running‐acc=0.000
[ 521/600] loss=0.0035  pred=true   gold=true  running‐acc=0.998
Locality eval: pred=true              gold=n/a  correct=False  running‐acc=0.000
[ 522/600] loss=0.0127  pred=true   gold=true  running‐acc=0.998
Locality eval: pred=true              gold=n/a  correct=False  running‐acc=0.000
[ 523/600] loss=0.0165  pred=n/a    gold=n/a  running‐acc=0.998
Locality eval: pred=n/a               gold=true  correct=False  running‐acc=0.000
[ 524/600] loss=0.0017  pred=true   gold=true  running‐acc=0.998
Locality eval: pred=true              gold=n/a  correct=False  running‐acc=0.000
[ 525/600] loss=0.0076  pred=true   gold=true  running‐acc=0.998
Locality eval: pred=true              gold=n/a  correct=False  running‐acc=0.000
[ 526/600] loss=0.0040  pred=true   gold=true  running‐acc=0.998
Locality eval: pred=true              gold=n/a  correct=False  running‐acc=0.000
[ 527/600] loss=0.0113  pred=n/a    gold=n/a  running‐acc=0.998
Locality eval: pred=n/a               gold=true  correct=False  running‐acc=0.000
[ 528/600] loss=0.0039  pred=true   gold=true  running‐acc=0.998
Locality eval: pred=true              gold=n/a  correct=False  running‐acc=0.000
[ 529/600] loss=0.0140  pred=n/a    gold=n/a  running‐acc=0.998
Locality eval: pred=n/a               gold=true  correct=False  running‐acc=0.000
[ 530/600] loss=0.0085  pred=true   gold=true  running‐acc=0.998
Locality eval: pred=true              gold=n/a  correct=False  running‐acc=0.000
[ 531/600] loss=0.0209  pred=n/a    gold=n/a  running‐acc=0.998
Locality eval: pred=n/a               gold=true  correct=False  running‐acc=0.000
[ 532/600] loss=0.0041  pred=true   gold=true  running‐acc=0.998
Locality eval: pred=true              gold=n/a  correct=False  running‐acc=0.000
[ 533/600] loss=0.0174  pred=n/a    gold=n/a  running‐acc=0.998
Locality eval: pred=n/a               gold=true  correct=False  running‐acc=0.000
[ 534/600] loss=0.0040  pred=true   gold=true  running‐acc=0.998
Locality eval: pred=true              gold=n/a  correct=False  running‐acc=0.000
[ 535/600] loss=0.0040  pred=true   gold=true  running‐acc=0.998
Locality eval: pred=true              gold=n/a  correct=False  running‐acc=0.000
[ 536/600] loss=0.0115  pred=true   gold=true  running‐acc=0.998
Locality eval: pred=true              gold=n/a  correct=False  running‐acc=0.000
[ 537/600] loss=0.0129  pred=n/a    gold=n/a  running‐acc=0.998
Locality eval: pred=n/a               gold=true  correct=False  running‐acc=0.000
[ 538/600] loss=0.0083  pred=true   gold=true  running‐acc=0.998
Locality eval: pred=true              gold=n/a  correct=False  running‐acc=0.000
[ 539/600] loss=0.0035  pred=true   gold=true  running‐acc=0.998
Locality eval: pred=true              gold=n/a  correct=False  running‐acc=0.000
[ 540/600] loss=0.0059  pred=n/a    gold=n/a  running‐acc=0.998
Locality eval: pred=n/a               gold=true  correct=False  running‐acc=0.000
[ 541/600] loss=0.0147  pred=n/a    gold=n/a  running‐acc=0.998
Locality eval: pred=n/a               gold=true  correct=False  running‐acc=0.000
[ 542/600] loss=0.0072  pred=n/a    gold=n/a  running‐acc=0.998
Locality eval: pred=n/a               gold=true  correct=False  running‐acc=0.000
[ 543/600] loss=0.0122  pred=n/a    gold=n/a  running‐acc=0.998
Locality eval: pred=n/a               gold=true  correct=False  running‐acc=0.000
[ 544/600] loss=0.0145  pred=n/a    gold=n/a  running‐acc=0.998
Locality eval: pred=n/a               gold=true  correct=False  running‐acc=0.000
[ 545/600] loss=0.0041  pred=true   gold=true  running‐acc=0.998
Locality eval: pred=true              gold=n/a  correct=False  running‐acc=0.000
[ 546/600] loss=0.0064  pred=n/a    gold=n/a  running‐acc=0.998
Locality eval: pred=n/a               gold=true  correct=False  running‐acc=0.000
[ 547/600] loss=0.0019  pred=true   gold=true  running‐acc=0.998
Locality eval: pred=true              gold=n/a  correct=False  running‐acc=0.000
[ 548/600] loss=0.0065  pred=true   gold=true  running‐acc=0.998
Locality eval: pred=true              gold=n/a  correct=False  running‐acc=0.000
[ 549/600] loss=0.0037  pred=true   gold=true  running‐acc=0.998
Locality eval: pred=true              gold=n/a  correct=False  running‐acc=0.000
[ 550/600] loss=0.0131  pred=n/a    gold=n/a  running‐acc=0.998
Locality eval: pred=n/a               gold=true  correct=False  running‐acc=0.000
[ 551/600] loss=0.0035  pred=true   gold=true  running‐acc=0.998
Locality eval: pred=true              gold=n/a  correct=False  running‐acc=0.000
[ 552/600] loss=0.0149  pred=n/a    gold=n/a  running‐acc=0.998
Locality eval: pred=n/a               gold=true  correct=False  running‐acc=0.000
[ 553/600] loss=0.0110  pred=n/a    gold=n/a  running‐acc=0.998
Locality eval: pred=n/a               gold=true  correct=False  running‐acc=0.000
[ 554/600] loss=0.0119  pred=true   gold=true  running‐acc=0.998
Locality eval: pred=true              gold=n/a  correct=False  running‐acc=0.000
[ 555/600] loss=0.0083  pred=n/a    gold=n/a  running‐acc=0.998
Locality eval: pred=n/a               gold=true  correct=False  running‐acc=0.000
[ 556/600] loss=0.0159  pred=n/a    gold=n/a  running‐acc=0.998
Locality eval: pred=n/a               gold=true  correct=False  running‐acc=0.000
[ 557/600] loss=0.0057  pred=n/a    gold=n/a  running‐acc=0.998
Locality eval: pred=n/a               gold=true  correct=False  running‐acc=0.000
[ 558/600] loss=0.0067  pred=true   gold=true  running‐acc=0.998
Locality eval: pred=true              gold=n/a  correct=False  running‐acc=0.000
[ 559/600] loss=0.0198  pred=true   gold=true  running‐acc=0.998
Locality eval: pred=true              gold=n/a  correct=False  running‐acc=0.000
[ 560/600] loss=0.0084  pred=n/a    gold=n/a  running‐acc=0.998
Locality eval: pred=n/a               gold=true  correct=False  running‐acc=0.000
[ 561/600] loss=0.0022  pred=true   gold=true  running‐acc=0.998
Locality eval: pred=true              gold=n/a  correct=False  running‐acc=0.000
[ 562/600] loss=0.0010  pred=true   gold=true  running‐acc=0.998
Locality eval: pred=true              gold=n/a  correct=False  running‐acc=0.000
[ 563/600] loss=0.0054  pred=n/a    gold=n/a  running‐acc=0.998
Locality eval: pred=n/a               gold=true  correct=False  running‐acc=0.000
[ 564/600] loss=0.0034  pred=true   gold=true  running‐acc=0.998
Locality eval: pred=true              gold=n/a  correct=False  running‐acc=0.000
[ 565/600] loss=0.0066  pred=n/a    gold=n/a  running‐acc=0.998
Locality eval: pred=n/a               gold=true  correct=False  running‐acc=0.000
[ 566/600] loss=0.0094  pred=true   gold=true  running‐acc=0.998
Locality eval: pred=true              gold=n/a  correct=False  running‐acc=0.000
[ 567/600] loss=0.0145  pred=true   gold=true  running‐acc=0.998
Locality eval: pred=true              gold=n/a  correct=False  running‐acc=0.000
[ 568/600] loss=0.0050  pred=n/a    gold=n/a  running‐acc=0.998
Locality eval: pred=n/a               gold=true  correct=False  running‐acc=0.000
[ 569/600] loss=0.0034  pred=true   gold=true  running‐acc=0.998
Locality eval: pred=true              gold=n/a  correct=False  running‐acc=0.000
[ 570/600] loss=0.0083  pred=true   gold=true  running‐acc=0.998
Locality eval: pred=true              gold=n/a  correct=False  running‐acc=0.000
[ 571/600] loss=0.0058  pred=true   gold=true  running‐acc=0.998
Locality eval: pred=true              gold=n/a  correct=False  running‐acc=0.000
[ 572/600] loss=0.0041  pred=true   gold=true  running‐acc=0.998
Locality eval: pred=true              gold=n/a  correct=False  running‐acc=0.000
[ 573/600] loss=0.0018  pred=true   gold=true  running‐acc=0.998
Locality eval: pred=true              gold=n/a  correct=False  running‐acc=0.000
[ 574/600] loss=0.0080  pred=true   gold=true  running‐acc=0.998
Locality eval: pred=true              gold=n/a  correct=False  running‐acc=0.000
[ 575/600] loss=0.0034  pred=true   gold=true  running‐acc=0.998
Locality eval: pred=true              gold=n/a  correct=False  running‐acc=0.000
[ 576/600] loss=0.0024  pred=true   gold=true  running‐acc=0.998
Locality eval: pred=true              gold=n/a  correct=False  running‐acc=0.000
[ 577/600] loss=0.0030  pred=true   gold=true  running‐acc=0.998
Locality eval: pred=true              gold=n/a  correct=False  running‐acc=0.000
[ 578/600] loss=0.0070  pred=n/a    gold=n/a  running‐acc=0.998
Locality eval: pred=n/a               gold=true  correct=False  running‐acc=0.000
[ 579/600] loss=0.0071  pred=true   gold=true  running‐acc=0.998
Locality eval: pred=true              gold=n/a  correct=False  running‐acc=0.000
[ 580/600] loss=0.0095  pred=n/a    gold=n/a  running‐acc=0.998
Locality eval: pred=n/a               gold=true  correct=False  running‐acc=0.000
[ 581/600] loss=0.0176  pred=n/a    gold=n/a  running‐acc=0.998
Locality eval: pred=n/a               gold=true  correct=False  running‐acc=0.000
[ 582/600] loss=0.0088  pred=n/a    gold=n/a  running‐acc=0.998
Locality eval: pred=n/a               gold=true  correct=False  running‐acc=0.000
[ 583/600] loss=0.0142  pred=n/a    gold=n/a  running‐acc=0.998
Locality eval: pred=n/a               gold=true  correct=False  running‐acc=0.000
[ 584/600] loss=0.0100  pred=n/a    gold=n/a  running‐acc=0.998
Locality eval: pred=n/a               gold=true  correct=False  running‐acc=0.000
[ 585/600] loss=0.0130  pred=n/a    gold=n/a  running‐acc=0.998
Locality eval: pred=n/a               gold=true  correct=False  running‐acc=0.000
[ 586/600] loss=0.0212  pred=n/a    gold=n/a  running‐acc=0.998
Locality eval: pred=n/a               gold=true  correct=False  running‐acc=0.000
[ 587/600] loss=0.0024  pred=true   gold=true  running‐acc=0.998
Locality eval: pred=true              gold=n/a  correct=False  running‐acc=0.000
[ 588/600] loss=0.0018  pred=true   gold=true  running‐acc=0.998
Locality eval: pred=true              gold=n/a  correct=False  running‐acc=0.000
[ 589/600] loss=0.0094  pred=true   gold=true  running‐acc=0.998
Locality eval: pred=true              gold=n/a  correct=False  running‐acc=0.000
[ 590/600] loss=0.0031  pred=true   gold=true  running‐acc=0.998
Locality eval: pred=true              gold=n/a  correct=False  running‐acc=0.000
[ 591/600] loss=0.0027  pred=true   gold=true  running‐acc=0.998
Locality eval: pred=true              gold=n/a  correct=False  running‐acc=0.000
[ 592/600] loss=0.0069  pred=n/a    gold=n/a  running‐acc=0.998
Locality eval: pred=n/a               gold=true  correct=False  running‐acc=0.000
[ 593/600] loss=0.0025  pred=true   gold=true  running‐acc=0.998
Locality eval: pred=true              gold=n/a  correct=False  running‐acc=0.000
[ 594/600] loss=0.0544  pred=n/a    gold=n/a  running‐acc=0.998
Locality eval: pred=n/a               gold=true  correct=False  running‐acc=0.000
[ 595/600] loss=0.0062  pred=true   gold=true  running‐acc=0.998
Locality eval: pred=true              gold=n/a  correct=False  running‐acc=0.000
[ 596/600] loss=0.0118  pred=n/a    gold=n/a  running‐acc=0.998
Locality eval: pred=n/a               gold=true  correct=False  running‐acc=0.000
[ 597/600] loss=0.0181  pred=n/a    gold=n/a  running‐acc=0.998
Locality eval: pred=n/a               gold=true  correct=False  running‐acc=0.000
[ 598/600] loss=0.0022  pred=true   gold=true  running‐acc=0.998
Locality eval: pred=true              gold=n/a  correct=False  running‐acc=0.000
[ 599/600] loss=0.0196  pred=true   gold=true  running‐acc=0.998
Locality eval: pred=true              gold=n/a  correct=False  running‐acc=0.000
[ 600/600] loss=0.0095  pred=n/a    gold=n/a  running‐acc=0.998
Locality eval: pred=n/a               gold=true  correct=False  running‐acc=0.000

Finished in 991.2s.  Final accuracy: 0.998.

