
Loading base model (4‐bit)…
Loading checkpoint shards:   0%|          | 0/2 [00:00<?, ?it/s]Loading checkpoint shards:  50%|█████     | 1/2 [00:10<00:10, 10.49s/it]Loading checkpoint shards: 100%|██████████| 2/2 [00:14<00:00,  6.41s/it]Loading checkpoint shards: 100%|██████████| 2/2 [00:14<00:00,  7.02s/it]
trainable params: 4,587,520 || all params: 3,217,337,344 || trainable%: 0.1426
  0%|          | 0/600 [00:00<?, ?it/s]100%|██████████| 600/600 [00:00<00:00, 34386.12it/s]
/project/uvadm/zhenyu/miniconda3/envs/mechanistic/lib/python3.10/site-packages/transformers/generation/configuration_utils.py:631: UserWarning: `do_sample` is set to `False`. However, `temperature` is set to `0.6` -- this flag is only used in sample-based generation modes. You should set `do_sample=True` or unset `temperature`.
  warnings.warn(
/project/uvadm/zhenyu/miniconda3/envs/mechanistic/lib/python3.10/site-packages/transformers/generation/configuration_utils.py:636: UserWarning: `do_sample` is set to `False`. However, `top_p` is set to `0.9` -- this flag is only used in sample-based generation modes. You should set `do_sample=True` or unset `top_p`.
  warnings.warn(
Loaded 600 (train, eval) pairs.

Starting sequential training…
Cached 112 LoRA tensors.
[   1/600] loss=3.2655  pred=n/a    gold=true  running‐acc=0.000
Locality eval: pred=n/a               gold=n/a  correct=True  running‐acc=1.000
[   2/600] loss=3.5696  pred=n/a    gold=true  running‐acc=0.000
Locality eval: pred=n/a               gold=n/a  correct=True  running‐acc=1.000
[   3/600] loss=3.5154  pred=n/a    gold=true  running‐acc=0.000
Locality eval: pred=n/a               gold=n/a  correct=True  running‐acc=1.000
[   4/600] loss=3.2706  pred=n/a    gold=true  running‐acc=0.000
Locality eval: pred=n/a               gold=n/a  correct=True  running‐acc=1.000
[   5/600] loss=3.3696  pred=n/a    gold=true  running‐acc=0.000
Locality eval: pred=n/a               gold=n/a  correct=True  running‐acc=1.000
[   6/600] loss=3.2763  pred=n/a    gold=true  running‐acc=0.000
Locality eval: pred=n/a               gold=n/a  correct=True  running‐acc=1.000
[   7/600] loss=2.6035  pred=n/a    gold=n/a  running‐acc=0.143
Locality eval: pred=true              gold=true  correct=True  running‐acc=1.000
[   8/600] loss=2.6212  pred=n/a    gold=n/a  running‐acc=0.250
Locality eval: pred=true              gold=true  correct=True  running‐acc=1.000
[   9/600] loss=3.6755  pred=false  gold=true  running‐acc=0.222
Locality eval: pred=n/a               gold=n/a  correct=True  running‐acc=1.000
[  10/600] loss=3.2236  pred=true   gold=true  running‐acc=0.300
Locality eval: pred=n/a               gold=n/a  correct=True  running‐acc=1.000
[  11/600] loss=3.6531  pred=n/a    gold=true  running‐acc=0.273
Locality eval: pred=n/a               gold=n/a  correct=True  running‐acc=1.000
[  12/600] loss=3.5158  pred=false  gold=true  running‐acc=0.250
Locality eval: pred=n/a               gold=n/a  correct=True  running‐acc=1.000
[  13/600] loss=3.5811  pred=n/a    gold=n/a  running‐acc=0.308
Locality eval: pred=n/a               gold=true  correct=False  running‐acc=0.923
[  14/600] loss=3.0929  pred=n/a    gold=n/a  running‐acc=0.357
Locality eval: pred=true.             gold=true  correct=True  running‐acc=0.929
[  15/600] loss=3.2527  pred=n/a    gold=true  running‐acc=0.333
Locality eval: pred=n/a               gold=n/a  correct=True  running‐acc=0.933
[  16/600] loss=2.7675  pred=n/a    gold=n/a  running‐acc=0.375
Locality eval: pred=true              gold=true  correct=True  running‐acc=0.938
[  17/600] loss=2.7942  pred=n/a    gold=n/a  running‐acc=0.412
Locality eval: pred=true              gold=true  correct=True  running‐acc=0.941
[  18/600] loss=3.2801  pred=n/a    gold=true  running‐acc=0.389
Locality eval: pred=n/a               gold=n/a  correct=True  running‐acc=0.944
[  19/600] loss=4.6028  pred=n/a    gold=true  running‐acc=0.368
Locality eval: pred=n/a               gold=n/a  correct=True  running‐acc=0.947
[  20/600] loss=2.8822  pred=n/a    gold=n/a  running‐acc=0.400
Locality eval: pred=true              gold=true  correct=True  running‐acc=0.950
[  21/600] loss=2.3609  pred=n/a    gold=n/a  running‐acc=0.429
Locality eval: pred=true.             gold=true  correct=True  running‐acc=0.952
[  22/600] loss=2.9362  pred=n/a    gold=n/a  running‐acc=0.455
Locality eval: pred=true.             gold=true  correct=True  running‐acc=0.955
[  23/600] loss=2.8829  pred=n/a    gold=n/a  running‐acc=0.478
Locality eval: pred=true.             gold=true  correct=True  running‐acc=0.957
[  24/600] loss=2.7147  pred=n/a    gold=n/a  running‐acc=0.500
Locality eval: pred=n/a               gold=true  correct=False  running‐acc=0.917
[  25/600] loss=3.8482  pred=true.  gold=true  running‐acc=0.520
Locality eval: pred=n/a               gold=n/a  correct=True  running‐acc=0.920
[  26/600] loss=2.7495  pred=n/a    gold=n/a  running‐acc=0.538
Locality eval: pred=true.             gold=true  correct=True  running‐acc=0.923
[  27/600] loss=2.8154  pred=n/a    gold=n/a  running‐acc=0.556
Locality eval: pred=true              gold=true  correct=True  running‐acc=0.926
[  28/600] loss=2.9967  pred=false.  gold=n/a  running‐acc=0.536
Locality eval: pred=true              gold=true  correct=True  running‐acc=0.929
[  29/600] loss=2.6104  pred=n/a    gold=n/a  running‐acc=0.552
Locality eval: pred=true              gold=true  correct=True  running‐acc=0.931
[  30/600] loss=2.7472  pred=n/a    gold=n/a  running‐acc=0.567
Locality eval: pred=n/a               gold=true  correct=False  running‐acc=0.900
[  31/600] loss=3.3780  pred=n/a    gold=true  running‐acc=0.548
Locality eval: pred=n/a               gold=n/a  correct=True  running‐acc=0.903
[  32/600] loss=2.7877  pred=n/a    gold=n/a  running‐acc=0.562
Locality eval: pred=true              gold=true  correct=True  running‐acc=0.906
[  33/600] loss=3.1236  pred=n/a    gold=n/a  running‐acc=0.576
Locality eval: pred=true              gold=true  correct=True  running‐acc=0.909
[  34/600] loss=2.2962  pred=n/a    gold=n/a  running‐acc=0.588
Locality eval: pred=true              gold=true  correct=True  running‐acc=0.912
[  35/600] loss=3.1233  pred=n/a    gold=true  running‐acc=0.571
Locality eval: pred=n/a               gold=n/a  correct=True  running‐acc=0.914
[  36/600] loss=2.6957  pred=n/a    gold=n/a  running‐acc=0.583
Locality eval: pred=true              gold=true  correct=True  running‐acc=0.917
[  37/600] loss=3.6963  pred=n/a    gold=true  running‐acc=0.568
Locality eval: pred=n/a               gold=n/a  correct=True  running‐acc=0.919
[  38/600] loss=2.8129  pred=n/a    gold=n/a  running‐acc=0.579
Locality eval: pred=true              gold=true  correct=True  running‐acc=0.921
[  39/600] loss=3.7249  pred=n/a    gold=true  running‐acc=0.564
Locality eval: pred=n/a               gold=n/a  correct=True  running‐acc=0.923
[  40/600] loss=3.4176  pred=n/a    gold=true  running‐acc=0.550
Locality eval: pred=n/a               gold=n/a  correct=True  running‐acc=0.925
[  41/600] loss=2.9585  pred=true   gold=true  running‐acc=0.561
Locality eval: pred=n/a               gold=n/a  correct=True  running‐acc=0.927
[  42/600] loss=2.7545  pred=n/a    gold=n/a  running‐acc=0.571
Locality eval: pred=true              gold=true  correct=True  running‐acc=0.929
[  43/600] loss=3.7306  pred=n/a    gold=true  running‐acc=0.558
Locality eval: pred=n/a               gold=n/a  correct=True  running‐acc=0.930
[  44/600] loss=2.6152  pred=n/a    gold=n/a  running‐acc=0.568
Locality eval: pred=n/a               gold=true  correct=False  running‐acc=0.909
[  45/600] loss=2.6900  pred=n/a    gold=n/a  running‐acc=0.578
Locality eval: pred=true              gold=true  correct=True  running‐acc=0.911
[  46/600] loss=4.0939  pred=n/a    gold=true  running‐acc=0.565
Locality eval: pred=n/a               gold=n/a  correct=True  running‐acc=0.913
[  47/600] loss=3.5178  pred=n/a    gold=true  running‐acc=0.553
Locality eval: pred=n/a               gold=n/a  correct=True  running‐acc=0.915
[  48/600] loss=2.5581  pred=n/a    gold=n/a  running‐acc=0.562
Locality eval: pred=true              gold=true  correct=True  running‐acc=0.917
[  49/600] loss=3.4067  pred=n/a    gold=true  running‐acc=0.551
Locality eval: pred=n/a               gold=n/a  correct=True  running‐acc=0.918
[  50/600] loss=2.5213  pred=n/a    gold=n/a  running‐acc=0.560
Locality eval: pred=true              gold=true  correct=True  running‐acc=0.920
[  51/600] loss=3.2132  pred=true.  gold=true  running‐acc=0.569
Locality eval: pred=n/a               gold=n/a  correct=True  running‐acc=0.922
[  52/600] loss=3.7526  pred=n/a    gold=true  running‐acc=0.558
Locality eval: pred=n/a               gold=n/a  correct=True  running‐acc=0.923
[  53/600] loss=2.7839  pred=n/a    gold=n/a  running‐acc=0.566
Locality eval: pred=true              gold=true  correct=True  running‐acc=0.925
[  54/600] loss=3.5876  pred=n/a    gold=true  running‐acc=0.556
Locality eval: pred=n/a               gold=n/a  correct=True  running‐acc=0.926
[  55/600] loss=2.9235  pred=false  gold=n/a  running‐acc=0.545
Locality eval: pred=n/a               gold=true  correct=False  running‐acc=0.909
[  56/600] loss=2.7153  pred=n/a    gold=n/a  running‐acc=0.554
Locality eval: pred=true              gold=true  correct=True  running‐acc=0.911
[  57/600] loss=3.4607  pred=n/a    gold=true  running‐acc=0.544
Locality eval: pred=n/a               gold=n/a  correct=True  running‐acc=0.912
[  58/600] loss=3.4228  pred=true   gold=true  running‐acc=0.552
Locality eval: pred=n/a               gold=n/a  correct=True  running‐acc=0.914
[  59/600] loss=3.5762  pred=false.  gold=true  running‐acc=0.542
Locality eval: pred=n/a               gold=n/a  correct=True  running‐acc=0.915
[  60/600] loss=3.4189  pred=n/a    gold=true  running‐acc=0.533
Locality eval: pred=n/a               gold=n/a  correct=True  running‐acc=0.917
[  61/600] loss=3.4708  pred=n/a    gold=true  running‐acc=0.525
Locality eval: pred=n/a               gold=n/a  correct=True  running‐acc=0.918
[  62/600] loss=3.4363  pred=n/a    gold=true  running‐acc=0.516
Locality eval: pred=n/a               gold=n/a  correct=True  running‐acc=0.919
[  63/600] loss=2.4488  pred=n/a    gold=n/a  running‐acc=0.524
Locality eval: pred=true.             gold=true  correct=True  running‐acc=0.921
[  64/600] loss=2.7421  pred=n/a    gold=n/a  running‐acc=0.531
Locality eval: pred=true              gold=true  correct=True  running‐acc=0.922
[  65/600] loss=2.8804  pred=n/a    gold=n/a  running‐acc=0.538
Locality eval: pred=true              gold=true  correct=True  running‐acc=0.923
[  66/600] loss=3.2720  pred=n/a    gold=true  running‐acc=0.530
Locality eval: pred=n/a               gold=n/a  correct=True  running‐acc=0.924
[  67/600] loss=2.9744  pred=false  gold=true  running‐acc=0.522
Locality eval: pred=n/a               gold=n/a  correct=True  running‐acc=0.925
[  68/600] loss=3.0847  pred=n/a    gold=true  running‐acc=0.515
Locality eval: pred=n/a               gold=n/a  correct=True  running‐acc=0.926
[  69/600] loss=2.7015  pred=n/a    gold=n/a  running‐acc=0.522
Locality eval: pred=true              gold=true  correct=True  running‐acc=0.928
[  70/600] loss=2.8123  pred=n/a    gold=n/a  running‐acc=0.529
Locality eval: pred=true              gold=true  correct=True  running‐acc=0.929
[  71/600] loss=2.7472  pred=n/a    gold=n/a  running‐acc=0.535
Locality eval: pred=true              gold=true  correct=True  running‐acc=0.930
[  72/600] loss=2.8076  pred=n/a    gold=n/a  running‐acc=0.542
Locality eval: pred=true              gold=true  correct=True  running‐acc=0.931
[  73/600] loss=3.4379  pred=true   gold=true  running‐acc=0.548
Locality eval: pred=n/a               gold=n/a  correct=True  running‐acc=0.932
[  74/600] loss=3.1996  pred=n/a    gold=n/a  running‐acc=0.554
Locality eval: pred=n/a               gold=true  correct=False  running‐acc=0.919
[  75/600] loss=2.7803  pred=n/a    gold=n/a  running‐acc=0.560
Locality eval: pred=true              gold=true  correct=True  running‐acc=0.920
[  76/600] loss=3.5458  pred=n/a    gold=true  running‐acc=0.553
Locality eval: pred=n/a               gold=n/a  correct=True  running‐acc=0.921
[  77/600] loss=3.3928  pred=false  gold=true  running‐acc=0.545
Locality eval: pred=n/a               gold=n/a  correct=True  running‐acc=0.922
[  78/600] loss=2.7893  pred=false.  gold=n/a  running‐acc=0.538
Locality eval: pred=true              gold=true  correct=True  running‐acc=0.923
[  79/600] loss=3.4321  pred=n/a    gold=true  running‐acc=0.532
Locality eval: pred=n/a               gold=n/a  correct=True  running‐acc=0.924
[  80/600] loss=2.7596  pred=false  gold=n/a  running‐acc=0.525
Locality eval: pred=true.             gold=true  correct=True  running‐acc=0.925
[  81/600] loss=2.7083  pred=n/a    gold=n/a  running‐acc=0.531
Locality eval: pred=true              gold=true  correct=True  running‐acc=0.926
[  82/600] loss=3.4285  pred=n/a    gold=true  running‐acc=0.524
Locality eval: pred=n/a               gold=n/a  correct=True  running‐acc=0.927
[  83/600] loss=2.9801  pred=n/a    gold=n/a  running‐acc=0.530
Locality eval: pred=true              gold=true  correct=True  running‐acc=0.928
[  84/600] loss=2.8062  pred=false  gold=true  running‐acc=0.524
Locality eval: pred=n/a               gold=n/a  correct=True  running‐acc=0.929
[  85/600] loss=2.4673  pred=false  gold=n/a  running‐acc=0.518
Locality eval: pred=n/a               gold=true  correct=False  running‐acc=0.918
[  86/600] loss=3.1570  pred=n/a    gold=n/a  running‐acc=0.523
Locality eval: pred=true              gold=true  correct=True  running‐acc=0.919
[  87/600] loss=2.4922  pred=n/a    gold=n/a  running‐acc=0.529
Locality eval: pred=true              gold=true  correct=True  running‐acc=0.920
[  88/600] loss=3.2027  pred=n/a    gold=true  running‐acc=0.523
Locality eval: pred=n/a               gold=n/a  correct=True  running‐acc=0.920
[  89/600] loss=3.5606  pred=n/a    gold=true  running‐acc=0.517
Locality eval: pred=n/a               gold=n/a  correct=True  running‐acc=0.921
[  90/600] loss=2.8458  pred=n/a    gold=n/a  running‐acc=0.522
Locality eval: pred=n/a               gold=true  correct=False  running‐acc=0.911
[  91/600] loss=2.6913  pred=n/a    gold=n/a  running‐acc=0.527
Locality eval: pred=true              gold=true  correct=True  running‐acc=0.912
[  92/600] loss=3.0664  pred=n/a    gold=true  running‐acc=0.522
Locality eval: pred=n/a               gold=n/a  correct=True  running‐acc=0.913
[  93/600] loss=2.7430  pred=n/a    gold=n/a  running‐acc=0.527
Locality eval: pred=true              gold=true  correct=True  running‐acc=0.914
[  94/600] loss=2.6067  pred=n/a    gold=n/a  running‐acc=0.532
Locality eval: pred=n/a               gold=true  correct=False  running‐acc=0.904
[  95/600] loss=2.9111  pred=n/a    gold=true  running‐acc=0.526
Locality eval: pred=n/a               gold=n/a  correct=True  running‐acc=0.905
[  96/600] loss=2.7217  pred=n/a    gold=n/a  running‐acc=0.531
Locality eval: pred=true              gold=true  correct=True  running‐acc=0.906
[  97/600] loss=3.0690  pred=n/a    gold=n/a  running‐acc=0.536
Locality eval: pred=true              gold=true  correct=True  running‐acc=0.907
[  98/600] loss=2.4704  pred=n/a    gold=n/a  running‐acc=0.541
Locality eval: pred=n/a               gold=true  correct=False  running‐acc=0.898
[  99/600] loss=3.4364  pred=n/a    gold=true  running‐acc=0.535
Locality eval: pred=n/a               gold=n/a  correct=True  running‐acc=0.899
[ 100/600] loss=3.0847  pred=n/a    gold=true  running‐acc=0.530
Locality eval: pred=n/a               gold=n/a  correct=True  running‐acc=0.900
[ 101/600] loss=2.9832  pred=n/a    gold=n/a  running‐acc=0.535
Locality eval: pred=true              gold=true  correct=True  running‐acc=0.901
[ 102/600] loss=3.7025  pred=n/a    gold=true  running‐acc=0.529
Locality eval: pred=n/a               gold=n/a  correct=True  running‐acc=0.902
[ 103/600] loss=2.6078  pred=n/a    gold=n/a  running‐acc=0.534
Locality eval: pred=true.             gold=true  correct=True  running‐acc=0.903
[ 104/600] loss=3.5121  pred=n/a    gold=true  running‐acc=0.529
Locality eval: pred=n/a               gold=n/a  correct=True  running‐acc=0.904
[ 105/600] loss=3.8224  pred=n/a    gold=true  running‐acc=0.524
Locality eval: pred=n/a               gold=n/a  correct=True  running‐acc=0.905
[ 106/600] loss=3.9323  pred=false.  gold=true  running‐acc=0.519
Locality eval: pred=n/a               gold=n/a  correct=True  running‐acc=0.906
[ 107/600] loss=3.3145  pred=true   gold=true  running‐acc=0.523
Locality eval: pred=n/a               gold=n/a  correct=True  running‐acc=0.907
[ 108/600] loss=3.2902  pred=true   gold=true  running‐acc=0.528
Locality eval: pred=n/a               gold=n/a  correct=True  running‐acc=0.907
[ 109/600] loss=3.8291  pred=n/a    gold=true  running‐acc=0.523
Locality eval: pred=n/a               gold=n/a  correct=True  running‐acc=0.908
[ 110/600] loss=3.6744  pred=true   gold=true  running‐acc=0.527
Locality eval: pred=n/a               gold=n/a  correct=True  running‐acc=0.909
[ 111/600] loss=3.7861  pred=n/a    gold=true  running‐acc=0.523
Locality eval: pred=n/a               gold=n/a  correct=True  running‐acc=0.910
[ 112/600] loss=3.2818  pred=true   gold=true  running‐acc=0.527
Locality eval: pred=n/a               gold=n/a  correct=True  running‐acc=0.911
[ 113/600] loss=3.0336  pred=n/a    gold=n/a  running‐acc=0.531
Locality eval: pred=true              gold=true  correct=True  running‐acc=0.912
[ 114/600] loss=2.6714  pred=n/a    gold=n/a  running‐acc=0.535
Locality eval: pred=true              gold=true  correct=True  running‐acc=0.912
[ 115/600] loss=2.7833  pred=n/a    gold=n/a  running‐acc=0.539
Locality eval: pred=true              gold=true  correct=True  running‐acc=0.913
[ 116/600] loss=3.5569  pred=n/a    gold=true  running‐acc=0.534
Locality eval: pred=n/a               gold=n/a  correct=True  running‐acc=0.914
[ 117/600] loss=2.6749  pred=n/a    gold=n/a  running‐acc=0.538
Locality eval: pred=true.             gold=true  correct=True  running‐acc=0.915
[ 118/600] loss=2.6115  pred=false  gold=n/a  running‐acc=0.534
Locality eval: pred=true.             gold=true  correct=True  running‐acc=0.915
[ 119/600] loss=2.5804  pred=n/a    gold=n/a  running‐acc=0.538
Locality eval: pred=true              gold=true  correct=True  running‐acc=0.916
[ 120/600] loss=2.7189  pred=n/a    gold=n/a  running‐acc=0.542
Locality eval: pred=true              gold=true  correct=True  running‐acc=0.917
[ 121/600] loss=3.9576  pred=n/a    gold=true  running‐acc=0.537
Locality eval: pred=n/a               gold=n/a  correct=True  running‐acc=0.917
[ 122/600] loss=3.8360  pred=n/a    gold=true  running‐acc=0.533
Locality eval: pred=n/a               gold=n/a  correct=True  running‐acc=0.918
[ 123/600] loss=2.7614  pred=n/a    gold=n/a  running‐acc=0.537
Locality eval: pred=true              gold=true  correct=True  running‐acc=0.919
[ 124/600] loss=2.6046  pred=n/a    gold=n/a  running‐acc=0.540
Locality eval: pred=true              gold=true  correct=True  running‐acc=0.919
[ 125/600] loss=2.8476  pred=n/a    gold=n/a  running‐acc=0.544
Locality eval: pred=true              gold=true  correct=True  running‐acc=0.920
[ 126/600] loss=3.6850  pred=n/a    gold=true  running‐acc=0.540
Locality eval: pred=n/a               gold=n/a  correct=True  running‐acc=0.921
[ 127/600] loss=3.3501  pred=n/a    gold=true  running‐acc=0.535
Locality eval: pred=n/a               gold=n/a  correct=True  running‐acc=0.921
[ 128/600] loss=2.8090  pred=n/a    gold=n/a  running‐acc=0.539
Locality eval: pred=true              gold=true  correct=True  running‐acc=0.922
[ 129/600] loss=3.4659  pred=n/a    gold=true  running‐acc=0.535
Locality eval: pred=n/a               gold=n/a  correct=True  running‐acc=0.922
[ 130/600] loss=2.6080  pred=n/a    gold=n/a  running‐acc=0.538
Locality eval: pred=true              gold=true  correct=True  running‐acc=0.923
[ 131/600] loss=3.4978  pred=n/a    gold=true  running‐acc=0.534
Locality eval: pred=n/a               gold=n/a  correct=True  running‐acc=0.924
[ 132/600] loss=2.7333  pred=n/a    gold=n/a  running‐acc=0.538
Locality eval: pred=true              gold=true  correct=True  running‐acc=0.924
[ 133/600] loss=2.8947  pred=false  gold=n/a  running‐acc=0.534
Locality eval: pred=true.             gold=true  correct=True  running‐acc=0.925
[ 134/600] loss=2.9713  pred=false  gold=true  running‐acc=0.530
Locality eval: pred=n/a               gold=n/a  correct=True  running‐acc=0.925
[ 135/600] loss=3.2692  pred=n/a    gold=true  running‐acc=0.526
Locality eval: pred=n/a               gold=n/a  correct=True  running‐acc=0.926
[ 136/600] loss=2.5672  pred=n/a    gold=n/a  running‐acc=0.529
Locality eval: pred=n/a               gold=true  correct=False  running‐acc=0.919
[ 137/600] loss=3.4889  pred=true   gold=true  running‐acc=0.533
Locality eval: pred=n/a               gold=n/a  correct=True  running‐acc=0.920
[ 138/600] loss=3.4792  pred=n/a    gold=true  running‐acc=0.529
Locality eval: pred=n/a               gold=n/a  correct=True  running‐acc=0.920
[ 139/600] loss=2.8980  pred=n/a    gold=n/a  running‐acc=0.532
Locality eval: pred=true              gold=true  correct=True  running‐acc=0.921
[ 140/600] loss=2.5683  pred=n/a    gold=n/a  running‐acc=0.536
Locality eval: pred=true              gold=true  correct=True  running‐acc=0.921
[ 141/600] loss=2.7627  pred=n/a    gold=n/a  running‐acc=0.539
Locality eval: pred=true.             gold=true  correct=True  running‐acc=0.922
[ 142/600] loss=2.6938  pred=n/a    gold=n/a  running‐acc=0.542
Locality eval: pred=true              gold=true  correct=True  running‐acc=0.923
[ 143/600] loss=3.0605  pred=true   gold=true  running‐acc=0.545
Locality eval: pred=n/a               gold=n/a  correct=True  running‐acc=0.923
[ 144/600] loss=3.0186  pred=n/a    gold=true  running‐acc=0.542
Locality eval: pred=n/a               gold=n/a  correct=True  running‐acc=0.924
[ 145/600] loss=3.4442  pred=n/a    gold=true  running‐acc=0.538
Locality eval: pred=n/a               gold=n/a  correct=True  running‐acc=0.924
[ 146/600] loss=3.9060  pred=true   gold=true  running‐acc=0.541
Locality eval: pred=n/a               gold=n/a  correct=True  running‐acc=0.925
[ 147/600] loss=2.7937  pred=n/a    gold=n/a  running‐acc=0.544
Locality eval: pred=true              gold=true  correct=True  running‐acc=0.925
[ 148/600] loss=3.9969  pred=n/a    gold=true  running‐acc=0.541
Locality eval: pred=n/a               gold=n/a  correct=True  running‐acc=0.926
[ 149/600] loss=2.5655  pred=n/a    gold=n/a  running‐acc=0.544
Locality eval: pred=true.             gold=true  correct=True  running‐acc=0.926
[ 150/600] loss=2.7470  pred=n/a    gold=n/a  running‐acc=0.547
Locality eval: pred=true              gold=true  correct=True  running‐acc=0.927
[ 151/600] loss=3.4468  pred=n/a    gold=true  running‐acc=0.543
Locality eval: pred=n/a               gold=n/a  correct=True  running‐acc=0.927
[ 152/600] loss=3.1442  pred=n/a    gold=true  running‐acc=0.539
Locality eval: pred=n/a               gold=n/a  correct=True  running‐acc=0.928
[ 153/600] loss=2.8715  pred=n/a    gold=n/a  running‐acc=0.542
Locality eval: pred=true              gold=true  correct=True  running‐acc=0.928
[ 154/600] loss=2.7314  pred=false  gold=n/a  running‐acc=0.539
Locality eval: pred=true              gold=true  correct=True  running‐acc=0.929
[ 155/600] loss=2.8738  pred=n/a    gold=true  running‐acc=0.535
Locality eval: pred=n/a               gold=n/a  correct=True  running‐acc=0.929
[ 156/600] loss=2.6629  pred=n/a    gold=n/a  running‐acc=0.538
Locality eval: pred=true.             gold=true  correct=True  running‐acc=0.929
[ 157/600] loss=3.4494  pred=n/a    gold=true  running‐acc=0.535
Locality eval: pred=n/a               gold=n/a  correct=True  running‐acc=0.930
[ 158/600] loss=2.7412  pred=n/a    gold=n/a  running‐acc=0.538
Locality eval: pred=true              gold=true  correct=True  running‐acc=0.930
[ 159/600] loss=2.7153  pred=n/a    gold=n/a  running‐acc=0.541
Locality eval: pred=true.             gold=true  correct=True  running‐acc=0.931
[ 160/600] loss=2.7179  pred=n/a    gold=n/a  running‐acc=0.544
Locality eval: pred=n/a               gold=true  correct=False  running‐acc=0.925
[ 161/600] loss=3.7557  pred=n/a    gold=true  running‐acc=0.540
Locality eval: pred=n/a               gold=n/a  correct=True  running‐acc=0.925
[ 162/600] loss=2.7010  pred=n/a    gold=n/a  running‐acc=0.543
Locality eval: pred=true              gold=true  correct=True  running‐acc=0.926
[ 163/600] loss=2.7566  pred=n/a    gold=n/a  running‐acc=0.546
Locality eval: pred=true.             gold=true  correct=True  running‐acc=0.926
[ 164/600] loss=2.9258  pred=n/a    gold=n/a  running‐acc=0.549
Locality eval: pred=true.             gold=true  correct=True  running‐acc=0.927
[ 165/600] loss=3.6679  pred=n/a    gold=true  running‐acc=0.545
Locality eval: pred=false             gold=n/a  correct=False  running‐acc=0.921
[ 166/600] loss=3.3034  pred=n/a    gold=true  running‐acc=0.542
Locality eval: pred=n/a               gold=n/a  correct=True  running‐acc=0.922
[ 167/600] loss=3.0911  pred=n/a    gold=n/a  running‐acc=0.545
Locality eval: pred=true              gold=true  correct=True  running‐acc=0.922
[ 168/600] loss=3.6030  pred=n/a    gold=true  running‐acc=0.542
Locality eval: pred=n/a               gold=n/a  correct=True  running‐acc=0.923
[ 169/600] loss=3.0759  pred=n/a    gold=n/a  running‐acc=0.544
Locality eval: pred=true.             gold=true  correct=True  running‐acc=0.923
[ 170/600] loss=2.7433  pred=n/a    gold=n/a  running‐acc=0.547
Locality eval: pred=true              gold=true  correct=True  running‐acc=0.924
[ 171/600] loss=2.8798  pred=n/a    gold=n/a  running‐acc=0.550
Locality eval: pred=true.             gold=true  correct=True  running‐acc=0.924
[ 172/600] loss=3.1410  pred=false  gold=true  running‐acc=0.547
Locality eval: pred=n/a               gold=n/a  correct=True  running‐acc=0.924
[ 173/600] loss=3.1174  pred=n/a    gold=n/a  running‐acc=0.549
Locality eval: pred=true              gold=true  correct=True  running‐acc=0.925
[ 174/600] loss=3.1882  pred=false  gold=true  running‐acc=0.546
Locality eval: pred=n/a               gold=n/a  correct=True  running‐acc=0.925
[ 175/600] loss=3.2760  pred=false  gold=true  running‐acc=0.543
Locality eval: pred=n/a               gold=n/a  correct=True  running‐acc=0.926
[ 176/600] loss=2.8529  pred=n/a    gold=n/a  running‐acc=0.545
Locality eval: pred=true              gold=true  correct=True  running‐acc=0.926
[ 177/600] loss=3.4195  pred=true   gold=true  running‐acc=0.548
Locality eval: pred=n/a               gold=n/a  correct=True  running‐acc=0.927
[ 178/600] loss=2.7219  pred=n/a    gold=n/a  running‐acc=0.551
Locality eval: pred=true              gold=true  correct=True  running‐acc=0.927
[ 179/600] loss=2.7188  pred=n/a    gold=n/a  running‐acc=0.553
Locality eval: pred=true              gold=true  correct=True  running‐acc=0.927
[ 180/600] loss=3.6879  pred=n/a    gold=true  running‐acc=0.550
Locality eval: pred=n/a               gold=n/a  correct=True  running‐acc=0.928
[ 181/600] loss=2.9877  pred=n/a    gold=n/a  running‐acc=0.552
Locality eval: pred=true              gold=true  correct=True  running‐acc=0.928
[ 182/600] loss=2.7398  pred=n/a    gold=n/a  running‐acc=0.555
Locality eval: pred=true              gold=true  correct=True  running‐acc=0.929
[ 183/600] loss=2.8075  pred=n/a    gold=true  running‐acc=0.552
Locality eval: pred=n/a               gold=n/a  correct=True  running‐acc=0.929
[ 184/600] loss=3.9293  pred=n/a    gold=true  running‐acc=0.549
Locality eval: pred=n/a               gold=n/a  correct=True  running‐acc=0.929
[ 185/600] loss=3.3244  pred=n/a    gold=true  running‐acc=0.546
Locality eval: pred=n/a               gold=n/a  correct=True  running‐acc=0.930
[ 186/600] loss=3.6199  pred=n/a    gold=true  running‐acc=0.543
Locality eval: pred=n/a               gold=n/a  correct=True  running‐acc=0.930
[ 187/600] loss=2.6006  pred=n/a    gold=n/a  running‐acc=0.545
Locality eval: pred=true              gold=true  correct=True  running‐acc=0.930
[ 188/600] loss=2.5005  pred=n/a    gold=n/a  running‐acc=0.548
Locality eval: pred=true.             gold=true  correct=True  running‐acc=0.931
[ 189/600] loss=3.8742  pred=false  gold=true  running‐acc=0.545
Locality eval: pred=n/a               gold=n/a  correct=True  running‐acc=0.931
[ 190/600] loss=2.6683  pred=n/a    gold=n/a  running‐acc=0.547
Locality eval: pred=true              gold=true  correct=True  running‐acc=0.932
[ 191/600] loss=2.8376  pred=n/a    gold=n/a  running‐acc=0.550
Locality eval: pred=true              gold=true  correct=True  running‐acc=0.932
[ 192/600] loss=2.9069  pred=n/a    gold=n/a  running‐acc=0.552
Locality eval: pred=n/a               gold=true  correct=False  running‐acc=0.927
[ 193/600] loss=3.7711  pred=n/a    gold=true  running‐acc=0.549
Locality eval: pred=n/a               gold=n/a  correct=True  running‐acc=0.927
[ 194/600] loss=3.4979  pred=n/a    gold=true  running‐acc=0.546
Locality eval: pred=n/a               gold=n/a  correct=True  running‐acc=0.928
[ 195/600] loss=3.1272  pred=n/a    gold=true  running‐acc=0.544
Locality eval: pred=n/a               gold=n/a  correct=True  running‐acc=0.928
[ 196/600] loss=3.7113  pred=n/a    gold=true  running‐acc=0.541
Locality eval: pred=n/a               gold=n/a  correct=True  running‐acc=0.929
[ 197/600] loss=3.4652  pred=n/a    gold=true  running‐acc=0.538
Locality eval: pred=n/a               gold=n/a  correct=True  running‐acc=0.929
[ 198/600] loss=2.7710  pred=false  gold=n/a  running‐acc=0.535
Locality eval: pred=n/a               gold=true  correct=False  running‐acc=0.924
[ 199/600] loss=3.1023  pred=false  gold=true  running‐acc=0.533
Locality eval: pred=n/a               gold=n/a  correct=True  running‐acc=0.925
[ 200/600] loss=3.5720  pred=n/a    gold=true  running‐acc=0.530
Locality eval: pred=n/a               gold=n/a  correct=True  running‐acc=0.925
[ 201/600] loss=2.7295  pred=n/a    gold=n/a  running‐acc=0.532
Locality eval: pred=n/a               gold=true  correct=False  running‐acc=0.920
[ 202/600] loss=2.9770  pred=n/a    gold=n/a  running‐acc=0.535
Locality eval: pred=true              gold=true  correct=True  running‐acc=0.921
[ 203/600] loss=2.3356  pred=true   gold=true  running‐acc=0.537
Locality eval: pred=n/a               gold=n/a  correct=True  running‐acc=0.921
[ 204/600] loss=3.1301  pred=false  gold=n/a  running‐acc=0.534
Locality eval: pred=true.             gold=true  correct=True  running‐acc=0.922
[ 205/600] loss=3.5369  pred=n/a    gold=true  running‐acc=0.532
Locality eval: pred=n/a               gold=n/a  correct=True  running‐acc=0.922
[ 206/600] loss=2.7500  pred=n/a    gold=n/a  running‐acc=0.534
Locality eval: pred=n/a               gold=true  correct=False  running‐acc=0.917
[ 207/600] loss=2.8510  pred=false  gold=n/a  running‐acc=0.531
Locality eval: pred=true              gold=true  correct=True  running‐acc=0.918
[ 208/600] loss=3.1443  pred=n/a    gold=true  running‐acc=0.529
Locality eval: pred=false             gold=n/a  correct=False  running‐acc=0.913
[ 209/600] loss=2.7921  pred=n/a    gold=n/a  running‐acc=0.531
Locality eval: pred=true              gold=true  correct=True  running‐acc=0.914
[ 210/600] loss=2.9238  pred=n/a    gold=n/a  running‐acc=0.533
Locality eval: pred=true              gold=true  correct=True  running‐acc=0.914
[ 211/600] loss=3.5171  pred=true   gold=true  running‐acc=0.536
Locality eval: pred=n/a               gold=n/a  correct=True  running‐acc=0.915
[ 212/600] loss=2.6058  pred=false.  gold=n/a  running‐acc=0.533
Locality eval: pred=true              gold=true  correct=True  running‐acc=0.915
[ 213/600] loss=4.0027  pred=n/a    gold=true  running‐acc=0.531
Locality eval: pred=n/a               gold=n/a  correct=True  running‐acc=0.915
[ 214/600] loss=2.6412  pred=n/a    gold=n/a  running‐acc=0.533
Locality eval: pred=n/a               gold=true  correct=False  running‐acc=0.911
[ 215/600] loss=3.4673  pred=false.  gold=true  running‐acc=0.530
Locality eval: pred=n/a               gold=n/a  correct=True  running‐acc=0.912
[ 216/600] loss=2.8640  pred=n/a    gold=n/a  running‐acc=0.532
Locality eval: pred=true.             gold=true  correct=True  running‐acc=0.912
[ 217/600] loss=3.2389  pred=n/a    gold=true  running‐acc=0.530
Locality eval: pred=n/a               gold=n/a  correct=True  running‐acc=0.912
[ 218/600] loss=2.5604  pred=n/a    gold=n/a  running‐acc=0.532
Locality eval: pred=true              gold=true  correct=True  running‐acc=0.913
[ 219/600] loss=3.6461  pred=n/a    gold=true  running‐acc=0.530
Locality eval: pred=n/a               gold=n/a  correct=True  running‐acc=0.913
[ 220/600] loss=2.6073  pred=false  gold=n/a  running‐acc=0.527
Locality eval: pred=true              gold=true  correct=True  running‐acc=0.914
[ 221/600] loss=2.9286  pred=n/a    gold=n/a  running‐acc=0.529
Locality eval: pred=true              gold=true  correct=True  running‐acc=0.914
[ 222/600] loss=2.7830  pred=n/a    gold=n/a  running‐acc=0.532
Locality eval: pred=true              gold=true  correct=True  running‐acc=0.914
[ 223/600] loss=2.7684  pred=n/a    gold=n/a  running‐acc=0.534
Locality eval: pred=true              gold=true  correct=True  running‐acc=0.915
[ 224/600] loss=3.0931  pred=n/a    gold=n/a  running‐acc=0.536
Locality eval: pred=n/a               gold=true  correct=False  running‐acc=0.911
[ 225/600] loss=2.8710  pred=false  gold=n/a  running‐acc=0.533
Locality eval: pred=true              gold=true  correct=True  running‐acc=0.911
[ 226/600] loss=3.3895  pred=true.  gold=true  running‐acc=0.535
Locality eval: pred=n/a               gold=n/a  correct=True  running‐acc=0.912
[ 227/600] loss=2.8402  pred=n/a    gold=n/a  running‐acc=0.537
Locality eval: pred=n/a               gold=true  correct=False  running‐acc=0.907
[ 228/600] loss=2.8072  pred=n/a    gold=n/a  running‐acc=0.539
Locality eval: pred=n/a               gold=true  correct=False  running‐acc=0.904
[ 229/600] loss=2.5515  pred=true   gold=n/a  running‐acc=0.537
Locality eval: pred=true              gold=true  correct=True  running‐acc=0.904
[ 230/600] loss=2.6764  pred=n/a    gold=n/a  running‐acc=0.539
Locality eval: pred=true              gold=true  correct=True  running‐acc=0.904
[ 231/600] loss=2.6749  pred=n/a    gold=n/a  running‐acc=0.541
Locality eval: pred=true              gold=true  correct=True  running‐acc=0.905
[ 232/600] loss=2.7344  pred=n/a    gold=n/a  running‐acc=0.543
Locality eval: pred=true              gold=true  correct=True  running‐acc=0.905
[ 233/600] loss=3.6909  pred=true   gold=true  running‐acc=0.545
Locality eval: pred=n/a               gold=n/a  correct=True  running‐acc=0.906
[ 234/600] loss=3.2869  pred=n/a    gold=true  running‐acc=0.543
Locality eval: pred=n/a               gold=n/a  correct=True  running‐acc=0.906
[ 235/600] loss=3.1350  pred=n/a    gold=n/a  running‐acc=0.545
Locality eval: pred=true              gold=true  correct=True  running‐acc=0.906
[ 236/600] loss=2.7315  pred=n/a    gold=n/a  running‐acc=0.547
Locality eval: pred=true              gold=true  correct=True  running‐acc=0.907
[ 237/600] loss=3.4290  pred=n/a    gold=true  running‐acc=0.544
Locality eval: pred=n/a               gold=n/a  correct=True  running‐acc=0.907
[ 238/600] loss=2.7278  pred=n/a    gold=n/a  running‐acc=0.546
Locality eval: pred=true              gold=true  correct=True  running‐acc=0.908
[ 239/600] loss=2.6759  pred=n/a    gold=n/a  running‐acc=0.548
Locality eval: pred=n/a               gold=true  correct=False  running‐acc=0.904
[ 240/600] loss=3.1254  pred=n/a    gold=true  running‐acc=0.546
Locality eval: pred=n/a               gold=n/a  correct=True  running‐acc=0.904
[ 241/600] loss=2.7843  pred=n/a    gold=n/a  running‐acc=0.548
Locality eval: pred=true              gold=true  correct=True  running‐acc=0.905
[ 242/600] loss=2.6154  pred=n/a    gold=n/a  running‐acc=0.550
Locality eval: pred=true              gold=true  correct=True  running‐acc=0.905
[ 243/600] loss=2.8258  pred=false  gold=n/a  running‐acc=0.547
Locality eval: pred=true.             gold=true  correct=True  running‐acc=0.905
[ 244/600] loss=3.7505  pred=n/a    gold=true  running‐acc=0.545
Locality eval: pred=n/a               gold=n/a  correct=True  running‐acc=0.906
[ 245/600] loss=3.5728  pred=n/a    gold=true  running‐acc=0.543
Locality eval: pred=n/a               gold=n/a  correct=True  running‐acc=0.906
[ 246/600] loss=3.7414  pred=n/a    gold=true  running‐acc=0.541
Locality eval: pred=n/a               gold=n/a  correct=True  running‐acc=0.907
[ 247/600] loss=3.5916  pred=n/a    gold=true  running‐acc=0.538
Locality eval: pred=n/a               gold=n/a  correct=True  running‐acc=0.907
[ 248/600] loss=3.3163  pred=n/a    gold=true  running‐acc=0.536
Locality eval: pred=n/a               gold=n/a  correct=True  running‐acc=0.907
[ 249/600] loss=2.3696  pred=n/a    gold=n/a  running‐acc=0.538
Locality eval: pred=true.             gold=true  correct=True  running‐acc=0.908
[ 250/600] loss=3.3780  pred=n/a    gold=true  running‐acc=0.536
Locality eval: pred=n/a               gold=n/a  correct=True  running‐acc=0.908
[ 251/600] loss=2.3707  pred=n/a    gold=n/a  running‐acc=0.538
Locality eval: pred=true              gold=true  correct=True  running‐acc=0.908
[ 252/600] loss=2.5712  pred=n/a    gold=n/a  running‐acc=0.540
Locality eval: pred=true              gold=true  correct=True  running‐acc=0.909
[ 253/600] loss=3.3056  pred=false  gold=true  running‐acc=0.538
Locality eval: pred=n/a               gold=n/a  correct=True  running‐acc=0.909
[ 254/600] loss=3.8355  pred=n/a    gold=true  running‐acc=0.535
Locality eval: pred=n/a               gold=n/a  correct=True  running‐acc=0.909
[ 255/600] loss=2.7785  pred=n/a    gold=n/a  running‐acc=0.537
Locality eval: pred=n/a               gold=true  correct=False  running‐acc=0.906
[ 256/600] loss=2.6128  pred=false  gold=n/a  running‐acc=0.535
Locality eval: pred=true.             gold=true  correct=True  running‐acc=0.906
[ 257/600] loss=2.6174  pred=n/a    gold=n/a  running‐acc=0.537
Locality eval: pred=true              gold=true  correct=True  running‐acc=0.907
[ 258/600] loss=2.5695  pred=n/a    gold=n/a  running‐acc=0.539
Locality eval: pred=true              gold=true  correct=True  running‐acc=0.907
[ 259/600] loss=3.4036  pred=n/a    gold=true  running‐acc=0.537
Locality eval: pred=n/a               gold=n/a  correct=True  running‐acc=0.907
[ 260/600] loss=3.2788  pred=n/a    gold=true  running‐acc=0.535
Locality eval: pred=n/a               gold=n/a  correct=True  running‐acc=0.908
[ 261/600] loss=3.4873  pred=true   gold=true  running‐acc=0.536
Locality eval: pred=n/a               gold=n/a  correct=True  running‐acc=0.908
[ 262/600] loss=3.1132  pred=n/a    gold=true  running‐acc=0.534
Locality eval: pred=n/a               gold=n/a  correct=True  running‐acc=0.908
[ 263/600] loss=2.7847  pred=false  gold=n/a  running‐acc=0.532
Locality eval: pred=false.            gold=true  correct=False  running‐acc=0.905
[ 264/600] loss=2.7130  pred=n/a    gold=n/a  running‐acc=0.534
Locality eval: pred=true              gold=true  correct=True  running‐acc=0.905
[ 265/600] loss=3.2515  pred=n/a    gold=true  running‐acc=0.532
Locality eval: pred=n/a               gold=n/a  correct=True  running‐acc=0.906
[ 266/600] loss=2.6703  pred=n/a    gold=n/a  running‐acc=0.534
Locality eval: pred=true.             gold=true  correct=True  running‐acc=0.906
[ 267/600] loss=2.8839  pred=n/a    gold=n/a  running‐acc=0.536
Locality eval: pred=n/a               gold=true  correct=False  running‐acc=0.903
[ 268/600] loss=3.3806  pred=false  gold=true  running‐acc=0.534
Locality eval: pred=n/a               gold=n/a  correct=True  running‐acc=0.903
[ 269/600] loss=2.5640  pred=n/a    gold=n/a  running‐acc=0.535
Locality eval: pred=true              gold=true  correct=True  running‐acc=0.903
[ 270/600] loss=3.2593  pred=n/a    gold=true  running‐acc=0.533
Locality eval: pred=n/a               gold=n/a  correct=True  running‐acc=0.904
[ 271/600] loss=2.2967  pred=n/a    gold=n/a  running‐acc=0.535
Locality eval: pred=true              gold=true  correct=True  running‐acc=0.904
[ 272/600] loss=3.4534  pred=n/a    gold=true  running‐acc=0.533
Locality eval: pred=n/a               gold=n/a  correct=True  running‐acc=0.904
[ 273/600] loss=2.4748  pred=n/a    gold=n/a  running‐acc=0.535
Locality eval: pred=true              gold=true  correct=True  running‐acc=0.905
[ 274/600] loss=2.7716  pred=n/a    gold=n/a  running‐acc=0.536
Locality eval: pred=true.             gold=true  correct=True  running‐acc=0.905
[ 275/600] loss=3.1544  pred=true   gold=true  running‐acc=0.538
Locality eval: pred=n/a               gold=n/a  correct=True  running‐acc=0.905
[ 276/600] loss=2.8941  pred=n/a    gold=n/a  running‐acc=0.540
Locality eval: pred=n/a               gold=true  correct=False  running‐acc=0.902
[ 277/600] loss=3.4951  pred=n/a    gold=true  running‐acc=0.538
Locality eval: pred=n/a               gold=n/a  correct=True  running‐acc=0.903
[ 278/600] loss=2.8091  pred=n/a    gold=n/a  running‐acc=0.540
Locality eval: pred=true              gold=true  correct=True  running‐acc=0.903
[ 279/600] loss=3.4258  pred=n/a    gold=true  running‐acc=0.538
Locality eval: pred=n/a               gold=n/a  correct=True  running‐acc=0.903
[ 280/600] loss=2.9313  pred=n/a    gold=n/a  running‐acc=0.539
Locality eval: pred=true              gold=true  correct=True  running‐acc=0.904
[ 281/600] loss=3.2088  pred=n/a    gold=true  running‐acc=0.537
Locality eval: pred=n/a               gold=n/a  correct=True  running‐acc=0.904
[ 282/600] loss=3.7471  pred=n/a    gold=true  running‐acc=0.535
Locality eval: pred=n/a               gold=n/a  correct=True  running‐acc=0.904
[ 283/600] loss=2.6550  pred=n/a    gold=n/a  running‐acc=0.537
Locality eval: pred=true              gold=true  correct=True  running‐acc=0.905
[ 284/600] loss=2.9860  pred=n/a    gold=n/a  running‐acc=0.539
Locality eval: pred=true              gold=true  correct=True  running‐acc=0.905
[ 285/600] loss=3.4514  pred=true   gold=true  running‐acc=0.540
Locality eval: pred=n/a               gold=n/a  correct=True  running‐acc=0.905
[ 286/600] loss=2.7711  pred=false  gold=n/a  running‐acc=0.538
Locality eval: pred=true.             gold=true  correct=True  running‐acc=0.906
[ 287/600] loss=2.7531  pred=n/a    gold=n/a  running‐acc=0.540
Locality eval: pred=true              gold=true  correct=True  running‐acc=0.906
[ 288/600] loss=3.4724  pred=n/a    gold=true  running‐acc=0.538
Locality eval: pred=n/a               gold=n/a  correct=True  running‐acc=0.906
[ 289/600] loss=4.5969  pred=n/a    gold=true  running‐acc=0.536
Locality eval: pred=n/a               gold=n/a  correct=True  running‐acc=0.907
[ 290/600] loss=2.9283  pred=n/a    gold=n/a  running‐acc=0.538
Locality eval: pred=n/a               gold=true  correct=False  running‐acc=0.903
[ 291/600] loss=3.4938  pred=n/a    gold=true  running‐acc=0.536
Locality eval: pred=n/a               gold=n/a  correct=True  running‐acc=0.904
[ 292/600] loss=3.4031  pred=n/a    gold=true  running‐acc=0.534
Locality eval: pred=n/a               gold=n/a  correct=True  running‐acc=0.904
[ 293/600] loss=3.6625  pred=true   gold=true  running‐acc=0.536
Locality eval: pred=n/a               gold=n/a  correct=True  running‐acc=0.904
[ 294/600] loss=3.2565  pred=n/a    gold=true  running‐acc=0.534
Locality eval: pred=n/a               gold=n/a  correct=True  running‐acc=0.905
[ 295/600] loss=2.8207  pred=n/a    gold=n/a  running‐acc=0.536
Locality eval: pred=true.             gold=true  correct=True  running‐acc=0.905
[ 296/600] loss=2.9380  pred=n/a    gold=n/a  running‐acc=0.537
Locality eval: pred=true              gold=true  correct=True  running‐acc=0.905
[ 297/600] loss=3.6563  pred=n/a    gold=true  running‐acc=0.535
Locality eval: pred=n/a               gold=n/a  correct=True  running‐acc=0.906
[ 298/600] loss=3.4382  pred=false  gold=true  running‐acc=0.534
Locality eval: pred=n/a               gold=n/a  correct=True  running‐acc=0.906
[ 299/600] loss=2.8130  pred=n/a    gold=n/a  running‐acc=0.535
Locality eval: pred=true              gold=true  correct=True  running‐acc=0.906
[ 300/600] loss=2.7991  pred=n/a    gold=n/a  running‐acc=0.537
Locality eval: pred=true              gold=true  correct=True  running‐acc=0.907
[ 301/600] loss=3.2625  pred=n/a    gold=true  running‐acc=0.535
Locality eval: pred=n/a               gold=n/a  correct=True  running‐acc=0.907
[ 302/600] loss=3.5838  pred=false  gold=true  running‐acc=0.533
Locality eval: pred=n/a               gold=n/a  correct=True  running‐acc=0.907
[ 303/600] loss=3.1600  pred=true.  gold=true  running‐acc=0.535
Locality eval: pred=n/a               gold=n/a  correct=True  running‐acc=0.908
[ 304/600] loss=3.2236  pred=n/a    gold=true  running‐acc=0.533
Locality eval: pred=n/a               gold=n/a  correct=True  running‐acc=0.908
[ 305/600] loss=3.7489  pred=false  gold=true  running‐acc=0.531
Locality eval: pred=n/a               gold=n/a  correct=True  running‐acc=0.908
[ 306/600] loss=3.3349  pred=n/a    gold=true  running‐acc=0.529
Locality eval: pred=n/a               gold=n/a  correct=True  running‐acc=0.908
[ 307/600] loss=3.5088  pred=n/a    gold=true  running‐acc=0.528
Locality eval: pred=n/a               gold=n/a  correct=True  running‐acc=0.909
[ 308/600] loss=3.6648  pred=false.  gold=true  running‐acc=0.526
Locality eval: pred=n/a               gold=n/a  correct=True  running‐acc=0.909
[ 309/600] loss=3.4687  pred=true   gold=true  running‐acc=0.528
Locality eval: pred=n/a               gold=n/a  correct=True  running‐acc=0.909
[ 310/600] loss=2.6398  pred=n/a    gold=n/a  running‐acc=0.529
Locality eval: pred=true              gold=true  correct=True  running‐acc=0.910
[ 311/600] loss=3.4481  pred=n/a    gold=true  running‐acc=0.527
Locality eval: pred=n/a               gold=n/a  correct=True  running‐acc=0.910
[ 312/600] loss=3.4722  pred=true   gold=true  running‐acc=0.529
Locality eval: pred=n/a               gold=n/a  correct=True  running‐acc=0.910
[ 313/600] loss=2.6029  pred=n/a    gold=n/a  running‐acc=0.530
Locality eval: pred=true.             gold=true  correct=True  running‐acc=0.911
[ 314/600] loss=2.3227  pred=n/a    gold=n/a  running‐acc=0.532
Locality eval: pred=true              gold=true  correct=True  running‐acc=0.911
[ 315/600] loss=2.7214  pred=false  gold=n/a  running‐acc=0.530
Locality eval: pred=true.             gold=true  correct=True  running‐acc=0.911
[ 316/600] loss=3.4808  pred=n/a    gold=true  running‐acc=0.528
Locality eval: pred=n/a               gold=n/a  correct=True  running‐acc=0.911
[ 317/600] loss=3.4425  pred=n/a    gold=true  running‐acc=0.527
Locality eval: pred=n/a               gold=n/a  correct=True  running‐acc=0.912
[ 318/600] loss=3.9160  pred=n/a    gold=true  running‐acc=0.525
Locality eval: pred=n/a               gold=n/a  correct=True  running‐acc=0.912
[ 319/600] loss=2.9204  pred=n/a    gold=n/a  running‐acc=0.527
Locality eval: pred=true              gold=true  correct=True  running‐acc=0.912
[ 320/600] loss=3.0757  pred=n/a    gold=n/a  running‐acc=0.528
Locality eval: pred=n/a               gold=true  correct=False  running‐acc=0.909
[ 321/600] loss=3.2580  pred=n/a    gold=true  running‐acc=0.526
Locality eval: pred=n/a               gold=n/a  correct=True  running‐acc=0.910
[ 322/600] loss=3.6147  pred=false  gold=true  running‐acc=0.525
Locality eval: pred=n/a               gold=n/a  correct=True  running‐acc=0.910
[ 323/600] loss=2.7450  pred=n/a    gold=n/a  running‐acc=0.526
Locality eval: pred=n/a               gold=true  correct=False  running‐acc=0.907
[ 324/600] loss=2.7666  pred=n/a    gold=n/a  running‐acc=0.528
Locality eval: pred=n/a               gold=true  correct=False  running‐acc=0.904
[ 325/600] loss=3.4962  pred=n/a    gold=true  running‐acc=0.526
Locality eval: pred=n/a               gold=n/a  correct=True  running‐acc=0.905
[ 326/600] loss=2.9196  pred=n/a    gold=n/a  running‐acc=0.528
Locality eval: pred=true              gold=true  correct=True  running‐acc=0.905
[ 327/600] loss=3.3565  pred=n/a    gold=true  running‐acc=0.526
Locality eval: pred=n/a               gold=n/a  correct=True  running‐acc=0.905
[ 328/600] loss=2.8340  pred=n/a    gold=n/a  running‐acc=0.527
Locality eval: pred=true              gold=true  correct=True  running‐acc=0.905
[ 329/600] loss=3.7073  pred=n/a    gold=true  running‐acc=0.526
Locality eval: pred=n/a               gold=n/a  correct=True  running‐acc=0.906
[ 330/600] loss=2.7651  pred=n/a    gold=n/a  running‐acc=0.527
Locality eval: pred=n/a               gold=true  correct=False  running‐acc=0.903
[ 331/600] loss=3.3142  pred=n/a    gold=true  running‐acc=0.526
Locality eval: pred=n/a               gold=n/a  correct=True  running‐acc=0.903
[ 332/600] loss=2.5666  pred=n/a    gold=n/a  running‐acc=0.527
Locality eval: pred=true              gold=true  correct=True  running‐acc=0.904
[ 333/600] loss=3.4736  pred=n/a    gold=true  running‐acc=0.526
Locality eval: pred=n/a               gold=n/a  correct=True  running‐acc=0.904
[ 334/600] loss=2.8169  pred=       gold=n/a  running‐acc=0.524
Locality eval: pred=n/a               gold=true  correct=False  running‐acc=0.901
[ 335/600] loss=3.6720  pred=n/a    gold=true  running‐acc=0.522
Locality eval: pred=n/a               gold=n/a  correct=True  running‐acc=0.901
[ 336/600] loss=2.8151  pred=n/a    gold=n/a  running‐acc=0.524
Locality eval: pred=true              gold=true  correct=True  running‐acc=0.902
[ 337/600] loss=2.9351  pred=n/a    gold=n/a  running‐acc=0.525
Locality eval: pred=n/a               gold=true  correct=False  running‐acc=0.899
[ 338/600] loss=2.7673  pred=n/a    gold=n/a  running‐acc=0.527
Locality eval: pred=true              gold=true  correct=True  running‐acc=0.899
[ 339/600] loss=2.5633  pred=n/a    gold=n/a  running‐acc=0.528
Locality eval: pred=true.             gold=true  correct=True  running‐acc=0.900
[ 340/600] loss=2.7502  pred=n/a    gold=n/a  running‐acc=0.529
Locality eval: pred=true              gold=true  correct=True  running‐acc=0.900
[ 341/600] loss=3.1823  pred=true   gold=true  running‐acc=0.531
Locality eval: pred=n/a               gold=n/a  correct=True  running‐acc=0.900
[ 342/600] loss=3.6246  pred=n/a    gold=true  running‐acc=0.529
Locality eval: pred=n/a               gold=n/a  correct=True  running‐acc=0.901
[ 343/600] loss=2.2166  pred=n/a    gold=n/a  running‐acc=0.531
Locality eval: pred=true              gold=true  correct=True  running‐acc=0.901
[ 344/600] loss=2.9138  pred=n/a    gold=true  running‐acc=0.529
Locality eval: pred=n/a               gold=n/a  correct=True  running‐acc=0.901
[ 345/600] loss=3.0396  pred=n/a    gold=n/a  running‐acc=0.530
Locality eval: pred=true.             gold=true  correct=True  running‐acc=0.901
[ 346/600] loss=3.2771  pred=false  gold=true  running‐acc=0.529
Locality eval: pred=n/a               gold=n/a  correct=True  running‐acc=0.902
[ 347/600] loss=2.7529  pred=n/a    gold=n/a  running‐acc=0.530
Locality eval: pred=true              gold=true  correct=True  running‐acc=0.902
[ 348/600] loss=2.7448  pred=n/a    gold=n/a  running‐acc=0.532
Locality eval: pred=true              gold=true  correct=True  running‐acc=0.902
[ 349/600] loss=2.7901  pred=n/a    gold=n/a  running‐acc=0.533
Locality eval: pred=true              gold=true  correct=True  running‐acc=0.903
[ 350/600] loss=2.7971  pred=false  gold=n/a  running‐acc=0.531
Locality eval: pred=true              gold=true  correct=True  running‐acc=0.903
[ 351/600] loss=2.5648  pred=false  gold=n/a  running‐acc=0.530
Locality eval: pred=true              gold=true  correct=True  running‐acc=0.903
[ 352/600] loss=2.8237  pred=n/a    gold=n/a  running‐acc=0.531
Locality eval: pred=true              gold=true  correct=True  running‐acc=0.903
[ 353/600] loss=2.6858  pred=n/a    gold=n/a  running‐acc=0.533
Locality eval: pred=true              gold=true  correct=True  running‐acc=0.904
[ 354/600] loss=2.8024  pred=true   gold=true  running‐acc=0.534
Locality eval: pred=n/a               gold=n/a  correct=True  running‐acc=0.904
[ 355/600] loss=3.2936  pred=false  gold=true  running‐acc=0.532
Locality eval: pred=n/a               gold=n/a  correct=True  running‐acc=0.904
[ 356/600] loss=3.5935  pred=n/a    gold=true  running‐acc=0.531
Locality eval: pred=n/a               gold=n/a  correct=True  running‐acc=0.904
[ 357/600] loss=3.2653  pred=n/a    gold=true  running‐acc=0.529
Locality eval: pred=n/a               gold=n/a  correct=True  running‐acc=0.905
[ 358/600] loss=3.4770  pred=n/a    gold=true  running‐acc=0.528
Locality eval: pred=n/a               gold=n/a  correct=True  running‐acc=0.905
[ 359/600] loss=3.4837  pred=false  gold=true  running‐acc=0.526
Locality eval: pred=n/a               gold=n/a  correct=True  running‐acc=0.905
[ 360/600] loss=2.6214  pred=n/a    gold=n/a  running‐acc=0.528
Locality eval: pred=true              gold=true  correct=True  running‐acc=0.906
[ 361/600] loss=3.0321  pred=true   gold=true  running‐acc=0.529
Locality eval: pred=n/a               gold=n/a  correct=True  running‐acc=0.906
[ 362/600] loss=3.4500  pred=true.  gold=true  running‐acc=0.530
Locality eval: pred=n/a               gold=n/a  correct=True  running‐acc=0.906
[ 363/600] loss=2.4820  pred=n/a    gold=n/a  running‐acc=0.532
Locality eval: pred=true              gold=true  correct=True  running‐acc=0.906
[ 364/600] loss=3.1242  pred=n/a    gold=true  running‐acc=0.530
Locality eval: pred=n/a               gold=n/a  correct=True  running‐acc=0.907
[ 365/600] loss=3.2917  pred=false  gold=true  running‐acc=0.529
Locality eval: pred=n/a               gold=n/a  correct=True  running‐acc=0.907
[ 366/600] loss=2.6574  pred=n/a    gold=n/a  running‐acc=0.530
Locality eval: pred=true.             gold=true  correct=True  running‐acc=0.907
[ 367/600] loss=2.6083  pred=n/a    gold=n/a  running‐acc=0.531
Locality eval: pred=true              gold=true  correct=True  running‐acc=0.907
[ 368/600] loss=3.3824  pred=false  gold=true  running‐acc=0.530
Locality eval: pred=n/a               gold=n/a  correct=True  running‐acc=0.908
[ 369/600] loss=2.5687  pred=false  gold=n/a  running‐acc=0.528
Locality eval: pred=n/a               gold=true  correct=False  running‐acc=0.905
[ 370/600] loss=2.6827  pred=n/a    gold=n/a  running‐acc=0.530
Locality eval: pred=true              gold=true  correct=True  running‐acc=0.905
[ 371/600] loss=3.6246  pred=n/a    gold=true  running‐acc=0.528
Locality eval: pred=n/a               gold=n/a  correct=True  running‐acc=0.906
[ 372/600] loss=3.7356  pred=n/a    gold=true  running‐acc=0.527
Locality eval: pred=n/a               gold=n/a  correct=True  running‐acc=0.906
[ 373/600] loss=3.2682  pred=n/a    gold=true  running‐acc=0.525
Locality eval: pred=n/a               gold=n/a  correct=True  running‐acc=0.906
[ 374/600] loss=2.6057  pred=n/a    gold=n/a  running‐acc=0.527
Locality eval: pred=true              gold=true  correct=True  running‐acc=0.906
[ 375/600] loss=3.6820  pred=n/a    gold=true  running‐acc=0.525
Locality eval: pred=n/a               gold=n/a  correct=True  running‐acc=0.907
[ 376/600] loss=3.8730  pred=false  gold=true  running‐acc=0.524
Locality eval: pred=n/a               gold=n/a  correct=True  running‐acc=0.907
[ 377/600] loss=3.9889  pred=n/a    gold=true  running‐acc=0.523
Locality eval: pred=n/a               gold=n/a  correct=True  running‐acc=0.907
[ 378/600] loss=3.4256  pred=n/a    gold=true  running‐acc=0.521
Locality eval: pred=n/a               gold=n/a  correct=True  running‐acc=0.907
[ 379/600] loss=3.0280  pred=false  gold=true  running‐acc=0.520
Locality eval: pred=n/a               gold=n/a  correct=True  running‐acc=0.908
[ 380/600] loss=3.4661  pred=n/a    gold=true  running‐acc=0.518
Locality eval: pred=n/a               gold=n/a  correct=True  running‐acc=0.908
[ 381/600] loss=2.6180  pred=n/a    gold=n/a  running‐acc=0.520
Locality eval: pred=n/a               gold=true  correct=False  running‐acc=0.906
[ 382/600] loss=2.6681  pred=n/a    gold=n/a  running‐acc=0.521
Locality eval: pred=true              gold=true  correct=True  running‐acc=0.906
[ 383/600] loss=2.7883  pred=false  gold=n/a  running‐acc=0.520
Locality eval: pred=n/a               gold=true  correct=False  running‐acc=0.903
[ 384/600] loss=2.8650  pred=n/a    gold=n/a  running‐acc=0.521
Locality eval: pred=true              gold=true  correct=True  running‐acc=0.904
[ 385/600] loss=3.7234  pred=n/a    gold=true  running‐acc=0.519
Locality eval: pred=n/a               gold=n/a  correct=True  running‐acc=0.904
[ 386/600] loss=3.4295  pred=false  gold=true  running‐acc=0.518
Locality eval: pred=n/a               gold=n/a  correct=True  running‐acc=0.904
[ 387/600] loss=2.7512  pred=n/a    gold=n/a  running‐acc=0.519
Locality eval: pred=true              gold=true  correct=True  running‐acc=0.904
[ 388/600] loss=3.3267  pred=n/a    gold=true  running‐acc=0.518
Locality eval: pred=n/a               gold=n/a  correct=True  running‐acc=0.905
[ 389/600] loss=2.6342  pred=n/a    gold=n/a  running‐acc=0.519
Locality eval: pred=true              gold=true  correct=True  running‐acc=0.905
[ 390/600] loss=3.4420  pred=n/a    gold=true  running‐acc=0.518
Locality eval: pred=n/a               gold=n/a  correct=True  running‐acc=0.905
[ 391/600] loss=3.7001  pred=n/a    gold=true  running‐acc=0.517
Locality eval: pred=false             gold=n/a  correct=False  running‐acc=0.903
[ 392/600] loss=2.3713  pred=n/a    gold=n/a  running‐acc=0.518
Locality eval: pred=n/a               gold=true  correct=False  running‐acc=0.901
[ 393/600] loss=2.5550  pred=n/a    gold=n/a  running‐acc=0.519
Locality eval: pred=true              gold=true  correct=True  running‐acc=0.901
[ 394/600] loss=2.4883  pred=false  gold=n/a  running‐acc=0.518
Locality eval: pred=true              gold=true  correct=True  running‐acc=0.901
[ 395/600] loss=4.0241  pred=n/a    gold=true  running‐acc=0.516
Locality eval: pred=n/a               gold=n/a  correct=True  running‐acc=0.901
[ 396/600] loss=3.3136  pred=true   gold=true  running‐acc=0.518
Locality eval: pred=n/a               gold=n/a  correct=True  running‐acc=0.902
[ 397/600] loss=2.7662  pred=n/a    gold=n/a  running‐acc=0.519
Locality eval: pred=true              gold=true  correct=True  running‐acc=0.902
[ 398/600] loss=4.1773  pred=n/a    gold=true  running‐acc=0.518
Locality eval: pred=n/a               gold=n/a  correct=True  running‐acc=0.902
[ 399/600] loss=2.8548  pred=false  gold=n/a  running‐acc=0.516
Locality eval: pred=true.             gold=true  correct=True  running‐acc=0.902
[ 400/600] loss=3.4041  pred=n/a    gold=true  running‐acc=0.515
Locality eval: pred=n/a               gold=n/a  correct=True  running‐acc=0.902
[ 401/600] loss=3.7445  pred=n/a    gold=true  running‐acc=0.514
Locality eval: pred=n/a               gold=n/a  correct=True  running‐acc=0.903
[ 402/600] loss=2.8853  pred=n/a    gold=n/a  running‐acc=0.515
Locality eval: pred=true.             gold=true  correct=True  running‐acc=0.903
[ 403/600] loss=3.3164  pred=n/a    gold=true  running‐acc=0.514
Locality eval: pred=n/a               gold=n/a  correct=True  running‐acc=0.903
[ 404/600] loss=3.6576  pred=false  gold=true  running‐acc=0.512
Locality eval: pred=n/a               gold=n/a  correct=True  running‐acc=0.903
[ 405/600] loss=2.5485  pred=n/a    gold=n/a  running‐acc=0.514
Locality eval: pred=true              gold=true  correct=True  running‐acc=0.904
[ 406/600] loss=2.7482  pred=n/a    gold=n/a  running‐acc=0.515
Locality eval: pred=true.             gold=true  correct=True  running‐acc=0.904
[ 407/600] loss=3.5879  pred=false  gold=true  running‐acc=0.514
Locality eval: pred=n/a               gold=n/a  correct=True  running‐acc=0.904
[ 408/600] loss=2.4920  pred=n/a    gold=n/a  running‐acc=0.515
Locality eval: pred=n/a               gold=true  correct=False  running‐acc=0.902
[ 409/600] loss=4.1049  pred=n/a    gold=true  running‐acc=0.513
Locality eval: pred=n/a               gold=n/a  correct=True  running‐acc=0.902
[ 410/600] loss=2.6629  pred=n/a    gold=n/a  running‐acc=0.515
Locality eval: pred=true.             gold=true  correct=True  running‐acc=0.902
[ 411/600] loss=3.5590  pred=n/a    gold=true  running‐acc=0.513
Locality eval: pred=n/a               gold=n/a  correct=True  running‐acc=0.903
[ 412/600] loss=3.2828  pred=n/a    gold=true  running‐acc=0.512
Locality eval: pred=n/a               gold=n/a  correct=True  running‐acc=0.903
[ 413/600] loss=3.6937  pred=n/a    gold=true  running‐acc=0.511
Locality eval: pred=n/a               gold=n/a  correct=True  running‐acc=0.903
[ 414/600] loss=3.4847  pred=n/a    gold=true  running‐acc=0.510
Locality eval: pred=n/a               gold=n/a  correct=True  running‐acc=0.903
[ 415/600] loss=2.9266  pred=n/a    gold=n/a  running‐acc=0.511
Locality eval: pred=true              gold=true  correct=True  running‐acc=0.904
[ 416/600] loss=3.9557  pred=n/a    gold=true  running‐acc=0.510
Locality eval: pred=n/a               gold=n/a  correct=True  running‐acc=0.904
[ 417/600] loss=2.5288  pred=n/a    gold=n/a  running‐acc=0.511
Locality eval: pred=true              gold=true  correct=True  running‐acc=0.904
[ 418/600] loss=2.8211  pred=n/a    gold=n/a  running‐acc=0.512
Locality eval: pred=true.             gold=true  correct=True  running‐acc=0.904
[ 419/600] loss=3.2220  pred=n/a    gold=true  running‐acc=0.511
Locality eval: pred=n/a               gold=n/a  correct=True  running‐acc=0.905
[ 420/600] loss=3.4233  pred=n/a    gold=true  running‐acc=0.510
Locality eval: pred=n/a               gold=n/a  correct=True  running‐acc=0.905
[ 421/600] loss=3.2129  pred=n/a    gold=true  running‐acc=0.508
Locality eval: pred=n/a               gold=n/a  correct=True  running‐acc=0.905
[ 422/600] loss=3.5750  pred=true   gold=true  running‐acc=0.509
Locality eval: pred=n/a               gold=n/a  correct=True  running‐acc=0.905
[ 423/600] loss=3.3114  pred=true   gold=true  running‐acc=0.511
Locality eval: pred=n/a               gold=n/a  correct=True  running‐acc=0.905
[ 424/600] loss=2.7690  pred=n/a    gold=n/a  running‐acc=0.512
Locality eval: pred=true              gold=true  correct=True  running‐acc=0.906
[ 425/600] loss=2.9663  pred=n/a    gold=n/a  running‐acc=0.513
Locality eval: pred=true              gold=true  correct=True  running‐acc=0.906
[ 426/600] loss=2.9752  pred=n/a    gold=n/a  running‐acc=0.514
Locality eval: pred=true              gold=true  correct=True  running‐acc=0.906
[ 427/600] loss=3.9640  pred=n/a    gold=true  running‐acc=0.513
Locality eval: pred=n/a               gold=n/a  correct=True  running‐acc=0.906
[ 428/600] loss=3.5815  pred=n/a    gold=true  running‐acc=0.512
Locality eval: pred=n/a               gold=n/a  correct=True  running‐acc=0.907
[ 429/600] loss=3.3808  pred=n/a    gold=true  running‐acc=0.510
Locality eval: pred=n/a               gold=n/a  correct=True  running‐acc=0.907
[ 430/600] loss=2.7506  pred=n/a    gold=n/a  running‐acc=0.512
Locality eval: pred=true              gold=true  correct=True  running‐acc=0.907
[ 431/600] loss=3.8065  pred=n/a    gold=true  running‐acc=0.510
Locality eval: pred=n/a               gold=n/a  correct=True  running‐acc=0.907
[ 432/600] loss=3.5631  pred=n/a    gold=true  running‐acc=0.509
Locality eval: pred=n/a               gold=n/a  correct=True  running‐acc=0.907
[ 433/600] loss=3.1251  pred=true   gold=true  running‐acc=0.510
Locality eval: pred=n/a               gold=n/a  correct=True  running‐acc=0.908
[ 434/600] loss=2.7455  pred=n/a    gold=n/a  running‐acc=0.512
Locality eval: pred=true              gold=true  correct=True  running‐acc=0.908
[ 435/600] loss=2.8435  pred=n/a    gold=n/a  running‐acc=0.513
Locality eval: pred=n/a               gold=true  correct=False  running‐acc=0.906
[ 436/600] loss=3.5058  pred=n/a    gold=true  running‐acc=0.511
Locality eval: pred=n/a               gold=n/a  correct=True  running‐acc=0.906
[ 437/600] loss=3.1136  pred=false  gold=true  running‐acc=0.510
Locality eval: pred=n/a               gold=n/a  correct=True  running‐acc=0.906
[ 438/600] loss=2.9833  pred=n/a    gold=n/a  running‐acc=0.511
Locality eval: pred=true              gold=true  correct=True  running‐acc=0.906
[ 439/600] loss=2.7578  pred=n/a    gold=n/a  running‐acc=0.513
Locality eval: pred=n/a               gold=true  correct=False  running‐acc=0.904
[ 440/600] loss=3.3006  pred=n/a    gold=true  running‐acc=0.511
Locality eval: pred=n/a               gold=n/a  correct=True  running‐acc=0.905
[ 441/600] loss=2.8257  pred=n/a    gold=n/a  running‐acc=0.512
Locality eval: pred=true              gold=true  correct=True  running‐acc=0.905
[ 442/600] loss=4.0515  pred=n/a    gold=true  running‐acc=0.511
Locality eval: pred=n/a               gold=n/a  correct=True  running‐acc=0.905
[ 443/600] loss=3.4614  pred=n/a    gold=true  running‐acc=0.510
Locality eval: pred=n/a               gold=n/a  correct=True  running‐acc=0.905
[ 444/600] loss=3.2915  pred=true   gold=true  running‐acc=0.511
Locality eval: pred=n/a               gold=n/a  correct=True  running‐acc=0.905
[ 445/600] loss=3.0649  pred=n/a    gold=true  running‐acc=0.510
Locality eval: pred=n/a               gold=n/a  correct=True  running‐acc=0.906
[ 446/600] loss=3.9246  pred=n/a    gold=true  running‐acc=0.509
Locality eval: pred=n/a               gold=n/a  correct=True  running‐acc=0.906
[ 447/600] loss=3.1496  pred=n/a    gold=true  running‐acc=0.508
Locality eval: pred=n/a               gold=n/a  correct=True  running‐acc=0.906
[ 448/600] loss=3.9013  pred=n/a    gold=true  running‐acc=0.507
Locality eval: pred=n/a               gold=n/a  correct=True  running‐acc=0.906
[ 449/600] loss=3.8291  pred=n/a    gold=true  running‐acc=0.506
Locality eval: pred=n/a               gold=n/a  correct=True  running‐acc=0.906
[ 450/600] loss=2.6084  pred=n/a    gold=n/a  running‐acc=0.507
Locality eval: pred=true              gold=true  correct=True  running‐acc=0.907
[ 451/600] loss=3.2838  pred=n/a    gold=true  running‐acc=0.506
Locality eval: pred=n/a               gold=n/a  correct=True  running‐acc=0.907
[ 452/600] loss=2.8260  pred=n/a    gold=n/a  running‐acc=0.507
Locality eval: pred=n/a               gold=true  correct=False  running‐acc=0.905
[ 453/600] loss=2.6414  pred=n/a    gold=n/a  running‐acc=0.508
Locality eval: pred=true.             gold=true  correct=True  running‐acc=0.905
[ 454/600] loss=2.7050  pred=n/a    gold=n/a  running‐acc=0.509
Locality eval: pred=true.             gold=true  correct=True  running‐acc=0.905
[ 455/600] loss=3.7893  pred=n/a    gold=true  running‐acc=0.508
Locality eval: pred=n/a               gold=n/a  correct=True  running‐acc=0.905
[ 456/600] loss=2.3947  pred=n/a    gold=n/a  running‐acc=0.509
Locality eval: pred=n/a               gold=true  correct=False  running‐acc=0.904
[ 457/600] loss=2.6626  pred=n/a    gold=n/a  running‐acc=0.510
Locality eval: pred=n/a               gold=true  correct=False  running‐acc=0.902
[ 458/600] loss=2.6704  pred=n/a    gold=n/a  running‐acc=0.511
Locality eval: pred=true              gold=true  correct=True  running‐acc=0.902
[ 459/600] loss=3.1842  pred=false  gold=true  running‐acc=0.510
Locality eval: pred=n/a               gold=n/a  correct=True  running‐acc=0.902
[ 460/600] loss=3.4568  pred=n/a    gold=true  running‐acc=0.509
Locality eval: pred=n/a               gold=n/a  correct=True  running‐acc=0.902
[ 461/600] loss=2.7711  pred=n/a    gold=n/a  running‐acc=0.510
Locality eval: pred=n/a               gold=true  correct=False  running‐acc=0.900
[ 462/600] loss=3.0393  pred=n/a    gold=n/a  running‐acc=0.511
Locality eval: pred=true              gold=true  correct=True  running‐acc=0.900
[ 463/600] loss=3.3527  pred=n/a    gold=true  running‐acc=0.510
Locality eval: pred=n/a               gold=n/a  correct=True  running‐acc=0.901
[ 464/600] loss=2.6024  pred=n/a    gold=n/a  running‐acc=0.511
Locality eval: pred=true              gold=true  correct=True  running‐acc=0.901
[ 465/600] loss=2.8399  pred=n/a    gold=n/a  running‐acc=0.512
Locality eval: pred=true              gold=true  correct=True  running‐acc=0.901
[ 466/600] loss=2.7340  pred=n/a    gold=n/a  running‐acc=0.513
Locality eval: pred=true.             gold=true  correct=True  running‐acc=0.901
[ 467/600] loss=2.6517  pred=n/a    gold=n/a  running‐acc=0.514
Locality eval: pred=true              gold=true  correct=True  running‐acc=0.901
[ 468/600] loss=2.8499  pred=false  gold=n/a  running‐acc=0.513
Locality eval: pred=true              gold=true  correct=True  running‐acc=0.902
[ 469/600] loss=3.1286  pred=n/a    gold=true  running‐acc=0.512
Locality eval: pred=n/a               gold=n/a  correct=True  running‐acc=0.902
[ 470/600] loss=2.8152  pred=n/a    gold=n/a  running‐acc=0.513
Locality eval: pred=true              gold=true  correct=True  running‐acc=0.902
[ 471/600] loss=2.7730  pred=n/a    gold=n/a  running‐acc=0.514
Locality eval: pred=true              gold=true  correct=True  running‐acc=0.902
[ 472/600] loss=4.0111  pred=n/a    gold=true  running‐acc=0.513
Locality eval: pred=n/a               gold=n/a  correct=True  running‐acc=0.903
[ 473/600] loss=2.9884  pred=n/a    gold=n/a  running‐acc=0.514
Locality eval: pred=n/a               gold=true  correct=False  running‐acc=0.901
[ 474/600] loss=3.7480  pred=n/a    gold=true  running‐acc=0.513
Locality eval: pred=n/a               gold=n/a  correct=True  running‐acc=0.901
[ 475/600] loss=2.9424  pred=n/a    gold=n/a  running‐acc=0.514
Locality eval: pred=true.             gold=true  correct=True  running‐acc=0.901
[ 476/600] loss=3.4290  pred=true   gold=true  running‐acc=0.515
Locality eval: pred=n/a               gold=n/a  correct=True  running‐acc=0.901
[ 477/600] loss=2.6407  pred=n/a    gold=n/a  running‐acc=0.516
Locality eval: pred=true              gold=true  correct=True  running‐acc=0.901
[ 478/600] loss=3.5055  pred=n/a    gold=true  running‐acc=0.515
Locality eval: pred=n/a               gold=n/a  correct=True  running‐acc=0.902
[ 479/600] loss=2.6894  pred=n/a    gold=n/a  running‐acc=0.516
Locality eval: pred=true              gold=true  correct=True  running‐acc=0.902
[ 480/600] loss=2.8149  pred=n/a    gold=n/a  running‐acc=0.517
Locality eval: pred=true.             gold=true  correct=True  running‐acc=0.902
[ 481/600] loss=2.7446  pred=n/a    gold=n/a  running‐acc=0.518
Locality eval: pred=n/a               gold=true  correct=False  running‐acc=0.900
[ 482/600] loss=3.5939  pred=n/a    gold=true  running‐acc=0.517
Locality eval: pred=n/a               gold=n/a  correct=True  running‐acc=0.900
[ 483/600] loss=2.3963  pred=false  gold=n/a  running‐acc=0.516
Locality eval: pred=true              gold=true  correct=True  running‐acc=0.901
[ 484/600] loss=3.0940  pred=n/a    gold=n/a  running‐acc=0.517
Locality eval: pred=true              gold=true  correct=True  running‐acc=0.901
[ 485/600] loss=2.9551  pred=n/a    gold=n/a  running‐acc=0.518
Locality eval: pred=true              gold=true  correct=True  running‐acc=0.901
[ 486/600] loss=2.6432  pred=n/a    gold=n/a  running‐acc=0.519
Locality eval: pred=true              gold=true  correct=True  running‐acc=0.901
[ 487/600] loss=2.6922  pred=n/a    gold=n/a  running‐acc=0.520
Locality eval: pred=true              gold=true  correct=True  running‐acc=0.901
[ 488/600] loss=2.7678  pred=n/a    gold=n/a  running‐acc=0.520
Locality eval: pred=true              gold=true  correct=True  running‐acc=0.902
[ 489/600] loss=3.5807  pred=false  gold=n/a  running‐acc=0.519
Locality eval: pred=true              gold=true  correct=True  running‐acc=0.902
[ 490/600] loss=2.8462  pred=n/a    gold=n/a  running‐acc=0.520
Locality eval: pred=true              gold=true  correct=True  running‐acc=0.902
[ 491/600] loss=2.8046  pred=n/a    gold=n/a  running‐acc=0.521
Locality eval: pred=n/a               gold=true  correct=False  running‐acc=0.900
[ 492/600] loss=3.7792  pred=n/a    gold=true  running‐acc=0.520
Locality eval: pred=n/a               gold=n/a  correct=True  running‐acc=0.900
[ 493/600] loss=3.0365  pred=n/a    gold=n/a  running‐acc=0.521
Locality eval: pred=n/a               gold=true  correct=False  running‐acc=0.899
[ 494/600] loss=2.3855  pred=n/a    gold=n/a  running‐acc=0.522
Locality eval: pred=true              gold=true  correct=True  running‐acc=0.899
[ 495/600] loss=2.6248  pred=false  gold=n/a  running‐acc=0.521
Locality eval: pred=n/a               gold=true  correct=False  running‐acc=0.897
[ 496/600] loss=3.2368  pred=n/a    gold=n/a  running‐acc=0.522
Locality eval: pred=true              gold=true  correct=True  running‐acc=0.897
[ 497/600] loss=3.5920  pred=n/a    gold=true  running‐acc=0.521
Locality eval: pred=n/a               gold=n/a  correct=True  running‐acc=0.897
[ 498/600] loss=2.9090  pred=false  gold=true  running‐acc=0.520
Locality eval: pred=n/a               gold=n/a  correct=True  running‐acc=0.898
[ 499/600] loss=3.0392  pred=n/a    gold=n/a  running‐acc=0.521
Locality eval: pred=true              gold=true  correct=True  running‐acc=0.898
[ 500/600] loss=2.7540  pred=n/a    gold=n/a  running‐acc=0.522
Locality eval: pred=n/a               gold=true  correct=False  running‐acc=0.896
[ 501/600] loss=2.9828  pred=false  gold=n/a  running‐acc=0.521
Locality eval: pred=true              gold=true  correct=True  running‐acc=0.896
[ 502/600] loss=2.5564  pred=n/a    gold=n/a  running‐acc=0.522
Locality eval: pred=n/a               gold=true  correct=False  running‐acc=0.894
[ 503/600] loss=2.8810  pred=false  gold=true  running‐acc=0.521
Locality eval: pred=n/a               gold=n/a  correct=True  running‐acc=0.895
[ 504/600] loss=3.5242  pred=n/a    gold=true  running‐acc=0.520
Locality eval: pred=n/a               gold=n/a  correct=True  running‐acc=0.895
[ 505/600] loss=3.5930  pred=n/a    gold=true  running‐acc=0.519
Locality eval: pred=n/a               gold=n/a  correct=True  running‐acc=0.895
[ 506/600] loss=3.6555  pred=false  gold=true  running‐acc=0.518
Locality eval: pred=n/a               gold=n/a  correct=True  running‐acc=0.895
[ 507/600] loss=3.3581  pred=n/a    gold=true  running‐acc=0.517
Locality eval: pred=n/a               gold=n/a  correct=True  running‐acc=0.895
[ 508/600] loss=3.6831  pred=n/a    gold=true  running‐acc=0.516
Locality eval: pred=n/a               gold=n/a  correct=True  running‐acc=0.896
[ 509/600] loss=3.8326  pred=n/a    gold=true  running‐acc=0.515
Locality eval: pred=n/a               gold=n/a  correct=True  running‐acc=0.896
[ 510/600] loss=3.5691  pred=n/a    gold=true  running‐acc=0.514
Locality eval: pred=n/a               gold=n/a  correct=True  running‐acc=0.896
[ 511/600] loss=2.6969  pred=n/a    gold=n/a  running‐acc=0.515
Locality eval: pred=true              gold=true  correct=True  running‐acc=0.896
[ 512/600] loss=3.0824  pred=n/a    gold=true  running‐acc=0.514
Locality eval: pred=n/a               gold=n/a  correct=True  running‐acc=0.896
[ 513/600] loss=2.6335  pred=n/a    gold=n/a  running‐acc=0.515
Locality eval: pred=true              gold=true  correct=True  running‐acc=0.897
[ 514/600] loss=3.9962  pred=n/a    gold=true  running‐acc=0.514
Locality eval: pred=n/a               gold=n/a  correct=True  running‐acc=0.897
[ 515/600] loss=2.6904  pred=n/a    gold=n/a  running‐acc=0.515
Locality eval: pred=true              gold=true  correct=True  running‐acc=0.897
[ 516/600] loss=2.7116  pred=n/a    gold=n/a  running‐acc=0.516
Locality eval: pred=true              gold=true  correct=True  running‐acc=0.897
[ 517/600] loss=2.6498  pred=n/a    gold=n/a  running‐acc=0.516
Locality eval: pred=true.             gold=true  correct=True  running‐acc=0.897
[ 518/600] loss=2.6535  pred=n/a    gold=n/a  running‐acc=0.517
Locality eval: pred=true              gold=true  correct=True  running‐acc=0.898
[ 519/600] loss=3.5840  pred=false  gold=true  running‐acc=0.516
Locality eval: pred=n/a               gold=n/a  correct=True  running‐acc=0.898
[ 520/600] loss=4.0456  pred=n/a    gold=true  running‐acc=0.515
Locality eval: pred=n/a               gold=n/a  correct=True  running‐acc=0.898
[ 521/600] loss=3.0631  pred=n/a    gold=true  running‐acc=0.514
Locality eval: pred=false             gold=n/a  correct=False  running‐acc=0.896
[ 522/600] loss=3.7346  pred=n/a    gold=true  running‐acc=0.513
Locality eval: pred=n/a               gold=n/a  correct=True  running‐acc=0.897
[ 523/600] loss=2.7856  pred=n/a    gold=n/a  running‐acc=0.514
Locality eval: pred=true              gold=true  correct=True  running‐acc=0.897
[ 524/600] loss=3.1570  pred=n/a    gold=true  running‐acc=0.513
Locality eval: pred=n/a               gold=n/a  correct=True  running‐acc=0.897
[ 525/600] loss=3.6859  pred=n/a    gold=true  running‐acc=0.512
Locality eval: pred=n/a               gold=n/a  correct=True  running‐acc=0.897
[ 526/600] loss=3.4230  pred=n/a    gold=true  running‐acc=0.511
Locality eval: pred=n/a               gold=n/a  correct=True  running‐acc=0.897
[ 527/600] loss=2.8128  pred=n/a    gold=n/a  running‐acc=0.512
Locality eval: pred=n/a               gold=true  correct=False  running‐acc=0.896
[ 528/600] loss=3.4267  pred=n/a    gold=true  running‐acc=0.511
Locality eval: pred=n/a               gold=n/a  correct=True  running‐acc=0.896
[ 529/600] loss=2.3564  pred=n/a    gold=n/a  running‐acc=0.512
Locality eval: pred=n/a               gold=true  correct=False  running‐acc=0.894
[ 530/600] loss=3.8003  pred=n/a    gold=true  running‐acc=0.511
Locality eval: pred=n/a               gold=n/a  correct=True  running‐acc=0.894
[ 531/600] loss=3.0919  pred=n/a    gold=n/a  running‐acc=0.512
Locality eval: pred=true              gold=true  correct=True  running‐acc=0.895
[ 532/600] loss=3.3843  pred=false  gold=true  running‐acc=0.511
Locality eval: pred=n/a               gold=n/a  correct=True  running‐acc=0.895
[ 533/600] loss=2.9262  pred=n/a    gold=n/a  running‐acc=0.512
Locality eval: pred=n/a               gold=true  correct=False  running‐acc=0.893
[ 534/600] loss=3.4292  pred=n/a    gold=true  running‐acc=0.511
Locality eval: pred=n/a               gold=n/a  correct=True  running‐acc=0.893
[ 535/600] loss=3.2947  pred=n/a    gold=true  running‐acc=0.510
Locality eval: pred=n/a               gold=n/a  correct=True  running‐acc=0.893
[ 536/600] loss=3.2892  pred=true   gold=true  running‐acc=0.511
Locality eval: pred=n/a               gold=n/a  correct=True  running‐acc=0.894
[ 537/600] loss=2.7904  pred=n/a    gold=n/a  running‐acc=0.512
Locality eval: pred=true              gold=true  correct=True  running‐acc=0.894
[ 538/600] loss=3.8399  pred=n/a    gold=true  running‐acc=0.511
Locality eval: pred=n/a               gold=n/a  correct=True  running‐acc=0.894
[ 539/600] loss=3.2102  pred=n/a    gold=true  running‐acc=0.510
Locality eval: pred=n/a               gold=n/a  correct=True  running‐acc=0.894
[ 540/600] loss=2.5381  pred=n/a    gold=n/a  running‐acc=0.511
Locality eval: pred=true              gold=true  correct=True  running‐acc=0.894
[ 541/600] loss=2.7866  pred=n/a    gold=n/a  running‐acc=0.512
Locality eval: pred=true              gold=true  correct=True  running‐acc=0.895
[ 542/600] loss=2.6786  pred=n/a    gold=n/a  running‐acc=0.513
Locality eval: pred=true              gold=true  correct=True  running‐acc=0.895
[ 543/600] loss=2.7164  pred=false  gold=n/a  running‐acc=0.512
Locality eval: pred=true              gold=true  correct=True  running‐acc=0.895
[ 544/600] loss=2.9553  pred=n/a    gold=n/a  running‐acc=0.513
Locality eval: pred=true.             gold=true  correct=True  running‐acc=0.895
[ 545/600] loss=3.4887  pred=n/a    gold=true  running‐acc=0.512
Locality eval: pred=n/a               gold=n/a  correct=True  running‐acc=0.895
[ 546/600] loss=2.4902  pred=n/a    gold=n/a  running‐acc=0.513
Locality eval: pred=true              gold=true  correct=True  running‐acc=0.896
[ 547/600] loss=3.5522  pred=n/a    gold=true  running‐acc=0.512
Locality eval: pred=n/a               gold=n/a  correct=True  running‐acc=0.896
[ 548/600] loss=3.5505  pred=n/a    gold=true  running‐acc=0.511
Locality eval: pred=n/a               gold=n/a  correct=True  running‐acc=0.896
[ 549/600] loss=3.1825  pred=n/a    gold=true  running‐acc=0.510
Locality eval: pred=n/a               gold=n/a  correct=True  running‐acc=0.896
[ 550/600] loss=3.2347  pred=n/a    gold=n/a  running‐acc=0.511
Locality eval: pred=true              gold=true  correct=True  running‐acc=0.896
[ 551/600] loss=3.5888  pred=n/a    gold=true  running‐acc=0.510
Locality eval: pred=n/a               gold=n/a  correct=True  running‐acc=0.897
[ 552/600] loss=2.6204  pred=n/a    gold=n/a  running‐acc=0.511
Locality eval: pred=true.             gold=true  correct=True  running‐acc=0.897
[ 553/600] loss=2.5729  pred=false  gold=n/a  running‐acc=0.510
Locality eval: pred=n/a               gold=true  correct=False  running‐acc=0.895
[ 554/600] loss=3.9459  pred=n/a    gold=true  running‐acc=0.509
Locality eval: pred=n/a               gold=n/a  correct=True  running‐acc=0.895
[ 555/600] loss=2.7621  pred=n/a    gold=n/a  running‐acc=0.510
Locality eval: pred=true.             gold=true  correct=True  running‐acc=0.895
[ 556/600] loss=2.5599  pred=n/a    gold=n/a  running‐acc=0.511
Locality eval: pred=n/a               gold=true  correct=False  running‐acc=0.894
[ 557/600] loss=2.6268  pred=n/a    gold=n/a  running‐acc=0.512
Locality eval: pred=true              gold=true  correct=True  running‐acc=0.894
[ 558/600] loss=3.0975  pred=n/a    gold=true  running‐acc=0.511
Locality eval: pred=n/a               gold=n/a  correct=True  running‐acc=0.894
[ 559/600] loss=3.9672  pred=n/a    gold=true  running‐acc=0.510
Locality eval: pred=n/a               gold=n/a  correct=True  running‐acc=0.894
[ 560/600] loss=2.5882  pred=false  gold=n/a  running‐acc=0.509
Locality eval: pred=n/a               gold=true  correct=False  running‐acc=0.893
[ 561/600] loss=3.4538  pred=n/a    gold=true  running‐acc=0.508
Locality eval: pred=n/a               gold=n/a  correct=True  running‐acc=0.893
[ 562/600] loss=3.1433  pred=true   gold=true  running‐acc=0.509
Locality eval: pred=n/a               gold=n/a  correct=True  running‐acc=0.893
[ 563/600] loss=2.4412  pred=n/a    gold=n/a  running‐acc=0.510
Locality eval: pred=true              gold=true  correct=True  running‐acc=0.893
[ 564/600] loss=3.4276  pred=n/a    gold=true  running‐acc=0.509
Locality eval: pred=n/a               gold=n/a  correct=True  running‐acc=0.894
[ 565/600] loss=2.5726  pred=n/a    gold=n/a  running‐acc=0.510
Locality eval: pred=n/a               gold=true  correct=False  running‐acc=0.892
[ 566/600] loss=3.4668  pred=n/a    gold=true  running‐acc=0.509
Locality eval: pred=n/a               gold=n/a  correct=True  running‐acc=0.892
[ 567/600] loss=3.5491  pred=n/a    gold=true  running‐acc=0.508
Locality eval: pred=n/a               gold=n/a  correct=True  running‐acc=0.892
[ 568/600] loss=2.6869  pred=n/a    gold=n/a  running‐acc=0.509
Locality eval: pred=true              gold=true  correct=True  running‐acc=0.893
[ 569/600] loss=3.5049  pred=n/a    gold=true  running‐acc=0.508
Locality eval: pred=n/a               gold=n/a  correct=True  running‐acc=0.893
[ 570/600] loss=3.3908  pred=true   gold=true  running‐acc=0.509
Locality eval: pred=n/a               gold=n/a  correct=True  running‐acc=0.893
[ 571/600] loss=3.4061  pred=n/a    gold=true  running‐acc=0.508
Locality eval: pred=n/a               gold=n/a  correct=True  running‐acc=0.893
[ 572/600] loss=3.6925  pred=n/a    gold=true  running‐acc=0.507
Locality eval: pred=n/a               gold=n/a  correct=True  running‐acc=0.893
[ 573/600] loss=3.4858  pred=false.  gold=true  running‐acc=0.506
Locality eval: pred=n/a               gold=n/a  correct=True  running‐acc=0.894
[ 574/600] loss=3.7996  pred=n/a    gold=true  running‐acc=0.505
Locality eval: pred=n/a               gold=n/a  correct=True  running‐acc=0.894
[ 575/600] loss=3.7649  pred=n/a    gold=true  running‐acc=0.504
Locality eval: pred=n/a               gold=n/a  correct=True  running‐acc=0.894
[ 576/600] loss=3.2983  pred=n/a    gold=true  running‐acc=0.503
Locality eval: pred=n/a               gold=n/a  correct=True  running‐acc=0.894
[ 577/600] loss=3.0593  pred=n/a    gold=true  running‐acc=0.503
Locality eval: pred=n/a               gold=n/a  correct=True  running‐acc=0.894
[ 578/600] loss=2.7053  pred=n/a    gold=n/a  running‐acc=0.503
Locality eval: pred=n/a               gold=true  correct=False  running‐acc=0.893
[ 579/600] loss=3.4700  pred=n/a    gold=true  running‐acc=0.503
Locality eval: pred=n/a               gold=n/a  correct=True  running‐acc=0.893
[ 580/600] loss=2.7119  pred=n/a    gold=n/a  running‐acc=0.503
Locality eval: pred=true              gold=true  correct=True  running‐acc=0.893
[ 581/600] loss=2.8024  pred=n/a    gold=n/a  running‐acc=0.504
Locality eval: pred=true              gold=true  correct=True  running‐acc=0.893
[ 582/600] loss=2.7532  pred=n/a    gold=n/a  running‐acc=0.505
Locality eval: pred=true              gold=true  correct=True  running‐acc=0.893
[ 583/600] loss=2.8780  pred=n/a    gold=n/a  running‐acc=0.506
Locality eval: pred=true              gold=true  correct=True  running‐acc=0.894
[ 584/600] loss=2.8891  pred=n/a    gold=n/a  running‐acc=0.507
Locality eval: pred=true              gold=true  correct=True  running‐acc=0.894
[ 585/600] loss=2.7182  pred=true   gold=n/a  running‐acc=0.506
Locality eval: pred=true.             gold=true  correct=True  running‐acc=0.894
[ 586/600] loss=2.7436  pred=       gold=n/a  running‐acc=0.505
Locality eval: pred=true              gold=true  correct=True  running‐acc=0.894
[ 587/600] loss=3.5151  pred=true   gold=true  running‐acc=0.506
Locality eval: pred=n/a               gold=n/a  correct=True  running‐acc=0.894
[ 588/600] loss=3.3793  pred=false  gold=true  running‐acc=0.505
Locality eval: pred=n/a               gold=n/a  correct=True  running‐acc=0.895
[ 589/600] loss=3.6648  pred=n/a    gold=true  running‐acc=0.504
Locality eval: pred=n/a               gold=n/a  correct=True  running‐acc=0.895
[ 590/600] loss=3.5852  pred=n/a    gold=true  running‐acc=0.503
Locality eval: pred=n/a               gold=n/a  correct=True  running‐acc=0.895
[ 591/600] loss=3.2918  pred=n/a    gold=true  running‐acc=0.503
Locality eval: pred=n/a               gold=n/a  correct=True  running‐acc=0.895
[ 592/600] loss=2.8040  pred=n/a    gold=n/a  running‐acc=0.503
Locality eval: pred=n/a               gold=true  correct=False  running‐acc=0.894
[ 593/600] loss=3.4122  pred=n/a    gold=true  running‐acc=0.503
Locality eval: pred=n/a               gold=n/a  correct=True  running‐acc=0.894
[ 594/600] loss=3.1421  pred=true   gold=n/a  running‐acc=0.502
Locality eval: pred=true              gold=true  correct=True  running‐acc=0.894
[ 595/600] loss=3.4501  pred=n/a    gold=true  running‐acc=0.501
Locality eval: pred=n/a               gold=n/a  correct=True  running‐acc=0.894
[ 596/600] loss=2.3019  pred=n/a    gold=n/a  running‐acc=0.502
Locality eval: pred=true              gold=true  correct=True  running‐acc=0.894
[ 597/600] loss=3.1273  pred=n/a    gold=n/a  running‐acc=0.503
Locality eval: pred=true              gold=true  correct=True  running‐acc=0.894
[ 598/600] loss=3.2689  pred=n/a    gold=true  running‐acc=0.502
Locality eval: pred=n/a               gold=n/a  correct=True  running‐acc=0.895
[ 599/600] loss=3.9872  pred=n/a    gold=true  running‐acc=0.501
Locality eval: pred=n/a               gold=n/a  correct=True  running‐acc=0.895
[ 600/600] loss=2.7369  pred=n/a    gold=n/a  running‐acc=0.502
Locality eval: pred=true              gold=true  correct=True  running‐acc=0.895

Finished in 1888.8s.  Final accuracy: 0.502.

