Sliding Window Attention is enabled but not implemented for `sdpa`; unexpected results may be encountered.

Loading base model (4‐bit)…
Loading checkpoint shards:   0%|          | 0/2 [00:00<?, ?it/s]Loading checkpoint shards:  50%|█████     | 1/2 [00:08<00:08,  8.03s/it]Loading checkpoint shards: 100%|██████████| 2/2 [00:13<00:00,  6.26s/it]Loading checkpoint shards: 100%|██████████| 2/2 [00:13<00:00,  6.53s/it]
trainable params: 3,686,400 || all params: 3,089,625,088 || trainable%: 0.1193
  0%|          | 0/600 [00:00<?, ?it/s]100%|██████████| 600/600 [00:00<00:00, 27642.30it/s]
/project/uvadm/zhenyu/miniconda3/envs/mechanistic/lib/python3.10/site-packages/transformers/generation/configuration_utils.py:631: UserWarning: `do_sample` is set to `False`. However, `temperature` is set to `0.7` -- this flag is only used in sample-based generation modes. You should set `do_sample=True` or unset `temperature`.
  warnings.warn(
/project/uvadm/zhenyu/miniconda3/envs/mechanistic/lib/python3.10/site-packages/transformers/generation/configuration_utils.py:636: UserWarning: `do_sample` is set to `False`. However, `top_p` is set to `0.8` -- this flag is only used in sample-based generation modes. You should set `do_sample=True` or unset `top_p`.
  warnings.warn(
/project/uvadm/zhenyu/miniconda3/envs/mechanistic/lib/python3.10/site-packages/transformers/generation/configuration_utils.py:653: UserWarning: `do_sample` is set to `False`. However, `top_k` is set to `20` -- this flag is only used in sample-based generation modes. You should set `do_sample=True` or unset `top_k`.
  warnings.warn(
Loaded 600 (train, eval) pairs.

Starting sequential training…
Cached 144 LoRA tensors.
[   1/600] loss=13.3356  pred=true   gold=true  running‐acc=1.000
Locality eval: pred=n/a               gold=n/a  correct=True  running‐acc=1.000
[   2/600] loss=14.3066  pred=true   gold=true  running‐acc=1.000
Locality eval: pred=n/a               gold=n/a  correct=True  running‐acc=1.000
[   3/600] loss=13.7671  pred=true   gold=true  running‐acc=1.000
Locality eval: pred=n/a               gold=n/a  correct=True  running‐acc=1.000
[   4/600] loss=14.1907  pred=true   gold=true  running‐acc=1.000
Locality eval: pred=n/a               gold=n/a  correct=True  running‐acc=1.000
[   5/600] loss=13.9841  pred=true   gold=true  running‐acc=1.000
Locality eval: pred=n/a               gold=n/a  correct=True  running‐acc=1.000
[   6/600] loss=14.1742  pred=true   gold=true  running‐acc=1.000
Locality eval: pred=true              gold=n/a  correct=False  running‐acc=0.833
[   7/600] loss=9.9845  pred=n/a    gold=n/a  running‐acc=1.000
Locality eval: pred=n/a               gold=true  correct=False  running‐acc=0.714
[   8/600] loss=9.7341  pred=n/a    gold=n/a  running‐acc=1.000
Locality eval: pred=true              gold=true  correct=True  running‐acc=0.750
[   9/600] loss=16.4766  pred=n/a    gold=true  running‐acc=0.889
Locality eval: pred=n/a               gold=n/a  correct=True  running‐acc=0.778
[  10/600] loss=13.7749  pred=true   gold=true  running‐acc=0.900
Locality eval: pred=n/a               gold=n/a  correct=True  running‐acc=0.800
[  11/600] loss=14.7227  pred=false  gold=true  running‐acc=0.818
Locality eval: pred=true              gold=n/a  correct=False  running‐acc=0.727
[  12/600] loss=14.2723  pred=true   gold=true  running‐acc=0.833
Locality eval: pred=n/a               gold=n/a  correct=True  running‐acc=0.750
[  13/600] loss=10.0241  pred=n/a    gold=n/a  running‐acc=0.846
Locality eval: pred=true              gold=true  correct=True  running‐acc=0.769
[  14/600] loss=10.6503  pred=n/a    gold=n/a  running‐acc=0.857
Locality eval: pred=true              gold=true  correct=True  running‐acc=0.786
[  15/600] loss=14.9578  pred=false  gold=true  running‐acc=0.800
Locality eval: pred=n/a               gold=n/a  correct=True  running‐acc=0.800
[  16/600] loss=10.6266  pred=false  gold=n/a  running‐acc=0.750
Locality eval: pred=true              gold=true  correct=True  running‐acc=0.812
[  17/600] loss=10.2586  pred=n/a    gold=n/a  running‐acc=0.765
Locality eval: pred=true              gold=true  correct=True  running‐acc=0.824
[  18/600] loss=14.1709  pred=true   gold=true  running‐acc=0.778
Locality eval: pred=n/a               gold=n/a  correct=True  running‐acc=0.833
[  19/600] loss=15.2871  pred=true   gold=true  running‐acc=0.789
Locality eval: pred=n/a               gold=n/a  correct=True  running‐acc=0.842
[  20/600] loss=10.3658  pred=false  gold=n/a  running‐acc=0.750
Locality eval: pred=true              gold=true  correct=True  running‐acc=0.850
[  21/600] loss=10.1264  pred=false  gold=n/a  running‐acc=0.714
Locality eval: pred=true              gold=true  correct=True  running‐acc=0.857
[  22/600] loss=10.6003  pred=true   gold=n/a  running‐acc=0.682
Locality eval: pred=false             gold=true  correct=False  running‐acc=0.818
[  23/600] loss=10.5063  pred=false  gold=n/a  running‐acc=0.652
Locality eval: pred=true              gold=true  correct=True  running‐acc=0.826
[  24/600] loss=10.8581  pred=n/a    gold=n/a  running‐acc=0.667
Locality eval: pred=true              gold=true  correct=True  running‐acc=0.833
[  25/600] loss=13.9728  pred=true   gold=true  running‐acc=0.680
Locality eval: pred=true              gold=n/a  correct=False  running‐acc=0.800
[  26/600] loss=9.9407  pred=true   gold=n/a  running‐acc=0.654
Locality eval: pred=true              gold=true  correct=True  running‐acc=0.808
[  27/600] loss=10.1057  pred=n/a    gold=n/a  running‐acc=0.667
Locality eval: pred=true              gold=true  correct=True  running‐acc=0.815
[  28/600] loss=10.5828  pred=false  gold=n/a  running‐acc=0.643
Locality eval: pred=true              gold=true  correct=True  running‐acc=0.821
[  29/600] loss=10.3565  pred=false  gold=n/a  running‐acc=0.621
Locality eval: pred=true              gold=true  correct=True  running‐acc=0.828
[  30/600] loss=10.6065  pred=true   gold=n/a  running‐acc=0.600
Locality eval: pred=true              gold=true  correct=True  running‐acc=0.833
[  31/600] loss=13.4991  pred=true   gold=true  running‐acc=0.613
Locality eval: pred=n/a               gold=n/a  correct=True  running‐acc=0.839
[  32/600] loss=10.4034  pred=n/a    gold=n/a  running‐acc=0.625
Locality eval: pred=true              gold=true  correct=True  running‐acc=0.844
[  33/600] loss=10.6662  pred=n/a    gold=n/a  running‐acc=0.636
Locality eval: pred=n/a               gold=true  correct=False  running‐acc=0.818
[  34/600] loss=10.0657  pred=n/a    gold=n/a  running‐acc=0.647
Locality eval: pred=true              gold=true  correct=True  running‐acc=0.824
[  35/600] loss=13.2550  pred=true   gold=true  running‐acc=0.657
Locality eval: pred=n/a               gold=n/a  correct=True  running‐acc=0.829
[  36/600] loss=10.1832  pred=false  gold=n/a  running‐acc=0.639
Locality eval: pred=true              gold=true  correct=True  running‐acc=0.833
[  37/600] loss=16.3832  pred=n/a    gold=true  running‐acc=0.622
Locality eval: pred=n/a               gold=n/a  correct=True  running‐acc=0.838
[  38/600] loss=10.4479  pred=n/a    gold=n/a  running‐acc=0.632
Locality eval: pred=true              gold=true  correct=True  running‐acc=0.842
[  39/600] loss=13.9731  pred=true   gold=true  running‐acc=0.641
Locality eval: pred=true              gold=n/a  correct=False  running‐acc=0.821
[  40/600] loss=15.2674  pred=true   gold=true  running‐acc=0.650
Locality eval: pred=n/a               gold=n/a  correct=True  running‐acc=0.825
[  41/600] loss=13.8450  pred=true   gold=true  running‐acc=0.659
Locality eval: pred=n/a               gold=n/a  correct=True  running‐acc=0.829
[  42/600] loss=10.2076  pred=false  gold=n/a  running‐acc=0.643
Locality eval: pred=true              gold=true  correct=True  running‐acc=0.833
[  43/600] loss=13.3751  pred=true   gold=true  running‐acc=0.651
Locality eval: pred=n/a               gold=n/a  correct=True  running‐acc=0.837
[  44/600] loss=10.4446  pred=n/a    gold=n/a  running‐acc=0.659
Locality eval: pred=true              gold=true  correct=True  running‐acc=0.841
[  45/600] loss=9.8676  pred=true   gold=n/a  running‐acc=0.644
Locality eval: pred=true              gold=true  correct=True  running‐acc=0.844
[  46/600] loss=14.6325  pred=true   gold=true  running‐acc=0.652
Locality eval: pred=n/a               gold=n/a  correct=True  running‐acc=0.848
[  47/600] loss=13.0455  pred=true   gold=true  running‐acc=0.660
Locality eval: pred=n/a               gold=n/a  correct=True  running‐acc=0.851
[  48/600] loss=10.2646  pred=false  gold=n/a  running‐acc=0.646
Locality eval: pred=true              gold=true  correct=True  running‐acc=0.854
[  49/600] loss=15.2365  pred=n/a    gold=true  running‐acc=0.633
Locality eval: pred=false             gold=n/a  correct=False  running‐acc=0.837
[  50/600] loss=10.2040  pred=false  gold=n/a  running‐acc=0.620
Locality eval: pred=true              gold=true  correct=True  running‐acc=0.840
[  51/600] loss=14.2978  pred=true   gold=true  running‐acc=0.627
Locality eval: pred=n/a               gold=n/a  correct=True  running‐acc=0.843
[  52/600] loss=15.1592  pred=true   gold=true  running‐acc=0.635
Locality eval: pred=n/a               gold=n/a  correct=True  running‐acc=0.846
[  53/600] loss=10.0309  pred=false  gold=n/a  running‐acc=0.623
Locality eval: pred=false             gold=true  correct=False  running‐acc=0.830
[  54/600] loss=14.2514  pred=true.  gold=true  running‐acc=0.630
Locality eval: pred=n/a               gold=n/a  correct=True  running‐acc=0.833
[  55/600] loss=10.0084  pred=false  gold=n/a  running‐acc=0.618
Locality eval: pred=true              gold=true  correct=True  running‐acc=0.836
[  56/600] loss=10.8794  pred=n/a    gold=n/a  running‐acc=0.625
Locality eval: pred=true              gold=true  correct=True  running‐acc=0.839
[  57/600] loss=14.3816  pred=n/a    gold=true  running‐acc=0.614
Locality eval: pred=true              gold=n/a  correct=False  running‐acc=0.825
[  58/600] loss=13.1960  pred=true   gold=true  running‐acc=0.621
Locality eval: pred=n/a               gold=n/a  correct=True  running‐acc=0.828
[  59/600] loss=14.8662  pred=true   gold=true  running‐acc=0.627
Locality eval: pred=true              gold=n/a  correct=False  running‐acc=0.814
[  60/600] loss=12.9932  pred=true   gold=true  running‐acc=0.633
Locality eval: pred=n/a               gold=n/a  correct=True  running‐acc=0.817
[  61/600] loss=14.3098  pred=n/a    gold=true  running‐acc=0.623
Locality eval: pred=n/a               gold=n/a  correct=True  running‐acc=0.820
[  62/600] loss=13.9546  pred=n/a    gold=true  running‐acc=0.613
Locality eval: pred=n/a               gold=n/a  correct=True  running‐acc=0.823
[  63/600] loss=10.0952  pred=true   gold=n/a  running‐acc=0.603
Locality eval: pred=true              gold=true  correct=True  running‐acc=0.825
[  64/600] loss=10.7788  pred=n/a    gold=n/a  running‐acc=0.609
Locality eval: pred=true              gold=true  correct=True  running‐acc=0.828
[  65/600] loss=10.4721  pred=true   gold=n/a  running‐acc=0.600
Locality eval: pred=true              gold=true  correct=True  running‐acc=0.831
[  66/600] loss=15.3467  pred=true   gold=true  running‐acc=0.606
Locality eval: pred=true              gold=n/a  correct=False  running‐acc=0.818
[  67/600] loss=13.4333  pred=true   gold=true  running‐acc=0.612
Locality eval: pred=n/a               gold=n/a  correct=True  running‐acc=0.821
[  68/600] loss=14.1926  pred=true   gold=true  running‐acc=0.618
Locality eval: pred=n/a               gold=n/a  correct=True  running‐acc=0.824
[  69/600] loss=10.4240  pred=n/a    gold=n/a  running‐acc=0.623
Locality eval: pred=true              gold=true  correct=True  running‐acc=0.826
[  70/600] loss=9.9301  pred=false  gold=n/a  running‐acc=0.614
Locality eval: pred=true              gold=true  correct=True  running‐acc=0.829
[  71/600] loss=10.5504  pred=n/a    gold=n/a  running‐acc=0.620
Locality eval: pred=true              gold=true  correct=True  running‐acc=0.831
[  72/600] loss=10.2915  pred=false  gold=n/a  running‐acc=0.611
Locality eval: pred=true              gold=true  correct=True  running‐acc=0.833
[  73/600] loss=14.2476  pred=true   gold=true  running‐acc=0.616
Locality eval: pred=n/a               gold=n/a  correct=True  running‐acc=0.836
[  74/600] loss=10.2871  pred=false  gold=n/a  running‐acc=0.608
Locality eval: pred=true              gold=true  correct=True  running‐acc=0.838
[  75/600] loss=10.0294  pred=false  gold=n/a  running‐acc=0.600
Locality eval: pred=true              gold=true  correct=True  running‐acc=0.840
[  76/600] loss=15.7469  pred=n/a    gold=true  running‐acc=0.592
Locality eval: pred=true              gold=n/a  correct=False  running‐acc=0.829
[  77/600] loss=13.7633  pred=true   gold=true  running‐acc=0.597
Locality eval: pred=n/a               gold=n/a  correct=True  running‐acc=0.831
[  78/600] loss=10.1626  pred=n/a    gold=n/a  running‐acc=0.603
Locality eval: pred=true              gold=true  correct=True  running‐acc=0.833
[  79/600] loss=13.9459  pred=false  gold=true  running‐acc=0.595
Locality eval: pred=n/a               gold=n/a  correct=True  running‐acc=0.835
[  80/600] loss=10.6201  pred=false  gold=n/a  running‐acc=0.588
Locality eval: pred=true              gold=true  correct=True  running‐acc=0.838
[  81/600] loss=10.0610  pred=false  gold=n/a  running‐acc=0.580
Locality eval: pred=true              gold=true  correct=True  running‐acc=0.840
[  82/600] loss=14.8934  pred=true   gold=true  running‐acc=0.585
Locality eval: pred=false             gold=n/a  correct=False  running‐acc=0.829
[  83/600] loss=9.9739  pred=n/a    gold=n/a  running‐acc=0.590
Locality eval: pred=true              gold=true  correct=True  running‐acc=0.831
[  84/600] loss=15.0249  pred=true   gold=true  running‐acc=0.595
Locality eval: pred=n/a               gold=n/a  correct=True  running‐acc=0.833
[  85/600] loss=10.1646  pred=false  gold=n/a  running‐acc=0.588
Locality eval: pred=true              gold=true  correct=True  running‐acc=0.835
[  86/600] loss=10.3478  pred=n/a    gold=n/a  running‐acc=0.593
Locality eval: pred=true              gold=true  correct=True  running‐acc=0.837
[  87/600] loss=10.8163  pred=false  gold=n/a  running‐acc=0.586
Locality eval: pred=true              gold=true  correct=True  running‐acc=0.839
[  88/600] loss=14.6122  pred=true   gold=true  running‐acc=0.591
Locality eval: pred=n/a               gold=n/a  correct=True  running‐acc=0.841
[  89/600] loss=13.8446  pred=true   gold=true  running‐acc=0.596
Locality eval: pred=n/a               gold=n/a  correct=True  running‐acc=0.843
[  90/600] loss=8.7423  pred=false  gold=n/a  running‐acc=0.589
Locality eval: pred=true              gold=true  correct=True  running‐acc=0.844
[  91/600] loss=9.0826  pred=true   gold=n/a  running‐acc=0.582
Locality eval: pred=true              gold=true  correct=True  running‐acc=0.846
[  92/600] loss=13.3715  pred=false  gold=true  running‐acc=0.576
Locality eval: pred=n/a               gold=n/a  correct=True  running‐acc=0.848
[  93/600] loss=9.5405  pred=n/a    gold=n/a  running‐acc=0.581
Locality eval: pred=true              gold=true  correct=True  running‐acc=0.849
[  94/600] loss=10.1353  pred=n/a    gold=n/a  running‐acc=0.585
Locality eval: pred=true              gold=true  correct=True  running‐acc=0.851
[  95/600] loss=13.9302  pred=true   gold=true  running‐acc=0.589
Locality eval: pred=n/a               gold=n/a  correct=True  running‐acc=0.853
[  96/600] loss=9.9634  pred=n/a    gold=n/a  running‐acc=0.594
Locality eval: pred=true              gold=true  correct=True  running‐acc=0.854
[  97/600] loss=7.5675  pred=n/a    gold=n/a  running‐acc=0.598
Locality eval: pred=true.             gold=true  correct=True  running‐acc=0.856
[  98/600] loss=10.6879  pred=n/a    gold=n/a  running‐acc=0.602
Locality eval: pred=true              gold=true  correct=True  running‐acc=0.857
[  99/600] loss=13.7509  pred=true.  gold=true  running‐acc=0.606
Locality eval: pred=n/a               gold=n/a  correct=True  running‐acc=0.859
[ 100/600] loss=14.1854  pred=true   gold=true  running‐acc=0.610
Locality eval: pred=n/a               gold=n/a  correct=True  running‐acc=0.860
[ 101/600] loss=10.0514  pred=false  gold=n/a  running‐acc=0.604
Locality eval: pred=true              gold=true  correct=True  running‐acc=0.861
[ 102/600] loss=13.8045  pred=true   gold=true  running‐acc=0.608
Locality eval: pred=n/a               gold=n/a  correct=True  running‐acc=0.863
[ 103/600] loss=10.1077  pred=true   gold=n/a  running‐acc=0.602
Locality eval: pred=true              gold=true  correct=True  running‐acc=0.864
[ 104/600] loss=14.5808  pred=n/a    gold=true  running‐acc=0.596
Locality eval: pred=n/a               gold=n/a  correct=True  running‐acc=0.865
[ 105/600] loss=11.6344  pred=true   gold=true  running‐acc=0.600
Locality eval: pred=n/a               gold=n/a  correct=True  running‐acc=0.867
[ 106/600] loss=12.3065  pred=true   gold=true  running‐acc=0.604
Locality eval: pred=n/a               gold=n/a  correct=True  running‐acc=0.868
[ 107/600] loss=14.5980  pred=true   gold=true  running‐acc=0.607
Locality eval: pred=n/a               gold=n/a  correct=True  running‐acc=0.869
[ 108/600] loss=13.3590  pred=true   gold=true  running‐acc=0.611
Locality eval: pred=n/a               gold=n/a  correct=True  running‐acc=0.870
[ 109/600] loss=15.6099  pred=true.  gold=true  running‐acc=0.615
Locality eval: pred=true              gold=n/a  correct=False  running‐acc=0.862
[ 110/600] loss=13.2062  pred=true   gold=true  running‐acc=0.618
Locality eval: pred=n/a               gold=n/a  correct=True  running‐acc=0.864
[ 111/600] loss=13.2659  pred=true   gold=true  running‐acc=0.622
Locality eval: pred=n/a               gold=n/a  correct=True  running‐acc=0.865
[ 112/600] loss=15.3720  pred=true   gold=true  running‐acc=0.625
Locality eval: pred=n/a               gold=n/a  correct=True  running‐acc=0.866
[ 113/600] loss=8.7992  pred=true   gold=n/a  running‐acc=0.619
Locality eval: pred=true              gold=true  correct=True  running‐acc=0.867
[ 114/600] loss=10.0566  pred=n/a    gold=n/a  running‐acc=0.623
Locality eval: pred=true              gold=true  correct=True  running‐acc=0.868
[ 115/600] loss=10.1659  pred=n/a    gold=n/a  running‐acc=0.626
Locality eval: pred=true              gold=true  correct=True  running‐acc=0.870
[ 116/600] loss=13.8476  pred=true   gold=true  running‐acc=0.629
Locality eval: pred=n/a               gold=n/a  correct=True  running‐acc=0.871
[ 117/600] loss=10.0694  pred=false  gold=n/a  running‐acc=0.624
Locality eval: pred=true              gold=true  correct=True  running‐acc=0.872
[ 118/600] loss=10.7274  pred=n/a    gold=n/a  running‐acc=0.627
Locality eval: pred=true              gold=true  correct=True  running‐acc=0.873
[ 119/600] loss=10.2602  pred=n/a    gold=n/a  running‐acc=0.630
Locality eval: pred=true              gold=true  correct=True  running‐acc=0.874
[ 120/600] loss=10.6297  pred=false  gold=n/a  running‐acc=0.625
Locality eval: pred=true              gold=true  correct=True  running‐acc=0.875
[ 121/600] loss=12.0743  pred=true   gold=true  running‐acc=0.628
Locality eval: pred=false             gold=n/a  correct=False  running‐acc=0.868
[ 122/600] loss=16.0117  pred=true   gold=true  running‐acc=0.631
Locality eval: pred=false             gold=n/a  correct=False  running‐acc=0.861
[ 123/600] loss=10.0301  pred=false  gold=n/a  running‐acc=0.626
Locality eval: pred=true              gold=true  correct=True  running‐acc=0.862
[ 124/600] loss=10.5312  pred=n/a    gold=n/a  running‐acc=0.629
Locality eval: pred=true              gold=true  correct=True  running‐acc=0.863
[ 125/600] loss=10.5159  pred=n/a    gold=n/a  running‐acc=0.632
Locality eval: pred=true              gold=true  correct=True  running‐acc=0.864
[ 126/600] loss=15.2523  pred=true.  gold=true  running‐acc=0.635
Locality eval: pred=n/a               gold=n/a  correct=True  running‐acc=0.865
[ 127/600] loss=15.4735  pred=true   gold=true  running‐acc=0.638
Locality eval: pred=n/a               gold=n/a  correct=True  running‐acc=0.866
[ 128/600] loss=10.3473  pred=false  gold=n/a  running‐acc=0.633
Locality eval: pred=true              gold=true  correct=True  running‐acc=0.867
[ 129/600] loss=12.8527  pred=true   gold=true  running‐acc=0.636
Locality eval: pred=n/a               gold=n/a  correct=True  running‐acc=0.868
[ 130/600] loss=10.3459  pred=n/a    gold=n/a  running‐acc=0.638
Locality eval: pred=true              gold=true  correct=True  running‐acc=0.869
[ 131/600] loss=15.3806  pred=true   gold=true  running‐acc=0.641
Locality eval: pred=n/a               gold=n/a  correct=True  running‐acc=0.870
[ 132/600] loss=10.5067  pred=false  gold=n/a  running‐acc=0.636
Locality eval: pred=true              gold=true  correct=True  running‐acc=0.871
[ 133/600] loss=10.0417  pred=true   gold=n/a  running‐acc=0.632
Locality eval: pred=true              gold=true  correct=True  running‐acc=0.872
[ 134/600] loss=13.4257  pred=true   gold=true  running‐acc=0.634
Locality eval: pred=n/a               gold=n/a  correct=True  running‐acc=0.873
[ 135/600] loss=14.3370  pred=true   gold=true  running‐acc=0.637
Locality eval: pred=n/a               gold=n/a  correct=True  running‐acc=0.874
[ 136/600] loss=10.3701  pred=false  gold=n/a  running‐acc=0.632
Locality eval: pred=true              gold=true  correct=True  running‐acc=0.875
[ 137/600] loss=13.8546  pred=true   gold=true  running‐acc=0.635
Locality eval: pred=n/a               gold=n/a  correct=True  running‐acc=0.876
[ 138/600] loss=16.2223  pred=n/a    gold=true  running‐acc=0.630
Locality eval: pred=true              gold=n/a  correct=False  running‐acc=0.870
[ 139/600] loss=10.8117  pred=n/a    gold=n/a  running‐acc=0.633
Locality eval: pred=true              gold=true  correct=True  running‐acc=0.871
[ 140/600] loss=10.3651  pred=n/a    gold=n/a  running‐acc=0.636
Locality eval: pred=true              gold=true  correct=True  running‐acc=0.871
[ 141/600] loss=10.1230  pred=n/a    gold=n/a  running‐acc=0.638
Locality eval: pred=true              gold=true  correct=True  running‐acc=0.872
[ 142/600] loss=9.8598  pred=false  gold=n/a  running‐acc=0.634
Locality eval: pred=true              gold=true  correct=True  running‐acc=0.873
[ 143/600] loss=13.3812  pred=true   gold=true  running‐acc=0.636
Locality eval: pred=n/a               gold=n/a  correct=True  running‐acc=0.874
[ 144/600] loss=13.6710  pred=true   gold=true  running‐acc=0.639
Locality eval: pred=n/a               gold=n/a  correct=True  running‐acc=0.875
[ 145/600] loss=14.6610  pred=true   gold=true  running‐acc=0.641
Locality eval: pred=n/a               gold=n/a  correct=True  running‐acc=0.876
[ 146/600] loss=11.3822  pred=true   gold=true  running‐acc=0.644
Locality eval: pred=n/a               gold=n/a  correct=True  running‐acc=0.877
[ 147/600] loss=10.2549  pred=false  gold=n/a  running‐acc=0.639
Locality eval: pred=true              gold=true  correct=True  running‐acc=0.878
[ 148/600] loss=14.4969  pred=true   gold=true  running‐acc=0.642
Locality eval: pred=n/a               gold=n/a  correct=True  running‐acc=0.878
[ 149/600] loss=10.5689  pred=n/a    gold=n/a  running‐acc=0.644
Locality eval: pred=true              gold=true  correct=True  running‐acc=0.879
[ 150/600] loss=8.7988  pred=true   gold=n/a  running‐acc=0.640
Locality eval: pred=true              gold=true  correct=True  running‐acc=0.880
[ 151/600] loss=14.0363  pred=true   gold=true  running‐acc=0.642
Locality eval: pred=n/a               gold=n/a  correct=True  running‐acc=0.881
[ 152/600] loss=14.3251  pred=true   gold=true  running‐acc=0.645
Locality eval: pred=true              gold=n/a  correct=False  running‐acc=0.875
[ 153/600] loss=10.4045  pred=n/a    gold=n/a  running‐acc=0.647
Locality eval: pred=true              gold=true  correct=True  running‐acc=0.876
[ 154/600] loss=10.5287  pred=false  gold=n/a  running‐acc=0.643
Locality eval: pred=true              gold=true  correct=True  running‐acc=0.877
[ 155/600] loss=13.2805  pred=n/a    gold=true  running‐acc=0.639
Locality eval: pred=false             gold=n/a  correct=False  running‐acc=0.871
[ 156/600] loss=10.3027  pred=n/a    gold=n/a  running‐acc=0.641
Locality eval: pred=true              gold=true  correct=True  running‐acc=0.872
[ 157/600] loss=14.2632  pred=true   gold=true  running‐acc=0.643
Locality eval: pred=n/a               gold=n/a  correct=True  running‐acc=0.873
[ 158/600] loss=10.4926  pred=n/a    gold=n/a  running‐acc=0.646
Locality eval: pred=true              gold=true  correct=True  running‐acc=0.873
[ 159/600] loss=10.7193  pred=n/a    gold=n/a  running‐acc=0.648
Locality eval: pred=true              gold=true  correct=True  running‐acc=0.874
[ 160/600] loss=10.4069  pred=n/a    gold=n/a  running‐acc=0.650
Locality eval: pred=true              gold=true  correct=True  running‐acc=0.875
[ 161/600] loss=14.4759  pred=true   gold=true  running‐acc=0.652
Locality eval: pred=n/a               gold=n/a  correct=True  running‐acc=0.876
[ 162/600] loss=7.8143  pred=true   gold=n/a  running‐acc=0.648
Locality eval: pred=true              gold=true  correct=True  running‐acc=0.877
[ 163/600] loss=9.5401  pred=false  gold=n/a  running‐acc=0.644
Locality eval: pred=true              gold=true  correct=True  running‐acc=0.877
[ 164/600] loss=10.6983  pred=n/a    gold=n/a  running‐acc=0.646
Locality eval: pred=true              gold=true  correct=True  running‐acc=0.878
[ 165/600] loss=14.7174  pred=true   gold=true  running‐acc=0.648
Locality eval: pred=n/a               gold=n/a  correct=True  running‐acc=0.879
[ 166/600] loss=13.8883  pred=true   gold=true  running‐acc=0.651
Locality eval: pred=n/a               gold=n/a  correct=True  running‐acc=0.880
[ 167/600] loss=10.7868  pred=n/a    gold=n/a  running‐acc=0.653
Locality eval: pred=true              gold=true  correct=True  running‐acc=0.880
[ 168/600] loss=14.4154  pred=n/a    gold=true  running‐acc=0.649
Locality eval: pred=n/a               gold=n/a  correct=True  running‐acc=0.881
[ 169/600] loss=10.3163  pred=n/a    gold=n/a  running‐acc=0.651
Locality eval: pred=false             gold=true  correct=False  running‐acc=0.876
[ 170/600] loss=10.4350  pred=n/a    gold=n/a  running‐acc=0.653
Locality eval: pred=true              gold=true  correct=True  running‐acc=0.876
[ 171/600] loss=9.2096  pred=false  gold=n/a  running‐acc=0.649
Locality eval: pred=true              gold=true  correct=True  running‐acc=0.877
[ 172/600] loss=14.8353  pred=true   gold=true  running‐acc=0.651
Locality eval: pred=n/a               gold=n/a  correct=True  running‐acc=0.878
[ 173/600] loss=10.1164  pred=false  gold=n/a  running‐acc=0.647
Locality eval: pred=true              gold=true  correct=True  running‐acc=0.879
[ 174/600] loss=14.2527  pred=true   gold=true  running‐acc=0.649
Locality eval: pred=n/a               gold=n/a  correct=True  running‐acc=0.879
[ 175/600] loss=15.3711  pred=true.  gold=true  running‐acc=0.651
Locality eval: pred=n/a               gold=n/a  correct=True  running‐acc=0.880
[ 176/600] loss=10.5302  pred=false  gold=n/a  running‐acc=0.648
Locality eval: pred=true              gold=true  correct=True  running‐acc=0.881
[ 177/600] loss=12.0932  pred=true   gold=true  running‐acc=0.650
Locality eval: pred=n/a               gold=n/a  correct=True  running‐acc=0.881
[ 178/600] loss=10.4009  pred=n/a    gold=n/a  running‐acc=0.652
Locality eval: pred=true              gold=true  correct=True  running‐acc=0.882
[ 179/600] loss=10.5151  pred=false  gold=n/a  running‐acc=0.648
Locality eval: pred=true              gold=true  correct=True  running‐acc=0.883
[ 180/600] loss=16.5013  pred=n/a    gold=true  running‐acc=0.644
Locality eval: pred=false             gold=n/a  correct=False  running‐acc=0.878
[ 181/600] loss=10.2370  pred=false  gold=n/a  running‐acc=0.641
Locality eval: pred=true              gold=true  correct=True  running‐acc=0.878
[ 182/600] loss=11.2174  pred=n/a    gold=n/a  running‐acc=0.643
Locality eval: pred=true.             gold=true  correct=True  running‐acc=0.879
[ 183/600] loss=15.0146  pred=n/a    gold=true  running‐acc=0.639
Locality eval: pred=n/a               gold=n/a  correct=True  running‐acc=0.880
[ 184/600] loss=12.2847  pred=true   gold=true  running‐acc=0.641
Locality eval: pred=n/a               gold=n/a  correct=True  running‐acc=0.880
[ 185/600] loss=14.5825  pred=true   gold=true  running‐acc=0.643
Locality eval: pred=n/a               gold=n/a  correct=True  running‐acc=0.881
[ 186/600] loss=15.2255  pred=false  gold=true  running‐acc=0.640
Locality eval: pred=n/a               gold=n/a  correct=True  running‐acc=0.882
[ 187/600] loss=10.5306  pred=false  gold=n/a  running‐acc=0.636
Locality eval: pred=true              gold=true  correct=True  running‐acc=0.882
[ 188/600] loss=10.1233  pred=true   gold=n/a  running‐acc=0.633
Locality eval: pred=true              gold=true  correct=True  running‐acc=0.883
[ 189/600] loss=14.1132  pred=true   gold=true  running‐acc=0.635
Locality eval: pred=n/a               gold=n/a  correct=True  running‐acc=0.884
[ 190/600] loss=10.1139  pred=n/a    gold=n/a  running‐acc=0.637
Locality eval: pred=true              gold=true  correct=True  running‐acc=0.884
[ 191/600] loss=10.6867  pred=true   gold=n/a  running‐acc=0.634
Locality eval: pred=true              gold=true  correct=True  running‐acc=0.885
[ 192/600] loss=10.4661  pred=n/a    gold=n/a  running‐acc=0.635
Locality eval: pred=true              gold=true  correct=True  running‐acc=0.885
[ 193/600] loss=14.4570  pred=true   gold=true  running‐acc=0.637
Locality eval: pred=n/a               gold=n/a  correct=True  running‐acc=0.886
[ 194/600] loss=14.6202  pred=true   gold=true  running‐acc=0.639
Locality eval: pred=n/a               gold=n/a  correct=True  running‐acc=0.887
[ 195/600] loss=13.2535  pred=true   gold=true  running‐acc=0.641
Locality eval: pred=n/a               gold=n/a  correct=True  running‐acc=0.887
[ 196/600] loss=14.5693  pred=false  gold=true  running‐acc=0.638
Locality eval: pred=n/a               gold=n/a  correct=True  running‐acc=0.888
[ 197/600] loss=15.9111  pred=n/a    gold=true  running‐acc=0.635
Locality eval: pred=n/a               gold=n/a  correct=True  running‐acc=0.888
[ 198/600] loss=10.7449  pred=n/a    gold=n/a  running‐acc=0.636
Locality eval: pred=true              gold=true  correct=True  running‐acc=0.889
[ 199/600] loss=15.0390  pred=true   gold=true  running‐acc=0.638
Locality eval: pred=n/a               gold=n/a  correct=True  running‐acc=0.889
[ 200/600] loss=14.2420  pred=true   gold=true  running‐acc=0.640
Locality eval: pred=n/a               gold=n/a  correct=True  running‐acc=0.890
[ 201/600] loss=10.4173  pred=true   gold=n/a  running‐acc=0.637
Locality eval: pred=true              gold=true  correct=True  running‐acc=0.891
[ 202/600] loss=10.6307  pred=false  gold=n/a  running‐acc=0.634
Locality eval: pred=true              gold=true  correct=True  running‐acc=0.891
[ 203/600] loss=14.1537  pred=true   gold=true  running‐acc=0.635
Locality eval: pred=n/a               gold=n/a  correct=True  running‐acc=0.892
[ 204/600] loss=8.9364  pred=true   gold=n/a  running‐acc=0.632
Locality eval: pred=true              gold=true  correct=True  running‐acc=0.892
[ 205/600] loss=15.7033  pred=false  gold=true  running‐acc=0.629
Locality eval: pred=true              gold=n/a  correct=False  running‐acc=0.888
[ 206/600] loss=10.6564  pred=n/a    gold=n/a  running‐acc=0.631
Locality eval: pred=true              gold=true  correct=True  running‐acc=0.888
[ 207/600] loss=10.3672  pred=false  gold=n/a  running‐acc=0.628
Locality eval: pred=true              gold=true  correct=True  running‐acc=0.889
[ 208/600] loss=14.2950  pred=true   gold=true  running‐acc=0.630
Locality eval: pred=n/a               gold=n/a  correct=True  running‐acc=0.889
[ 209/600] loss=10.1670  pred=n/a    gold=n/a  running‐acc=0.632
Locality eval: pred=true              gold=true  correct=True  running‐acc=0.890
[ 210/600] loss=10.5886  pred=n/a    gold=n/a  running‐acc=0.633
Locality eval: pred=true              gold=true  correct=True  running‐acc=0.890
[ 211/600] loss=14.3004  pred=true   gold=true  running‐acc=0.635
Locality eval: pred=n/a               gold=n/a  correct=True  running‐acc=0.891
[ 212/600] loss=10.1311  pred=n/a    gold=n/a  running‐acc=0.637
Locality eval: pred=true              gold=true  correct=True  running‐acc=0.892
[ 213/600] loss=15.0364  pred=true   gold=true  running‐acc=0.638
Locality eval: pred=true              gold=n/a  correct=False  running‐acc=0.887
[ 214/600] loss=10.2421  pred=n/a    gold=n/a  running‐acc=0.640
Locality eval: pred=true              gold=true  correct=True  running‐acc=0.888
[ 215/600] loss=15.7532  pred=false  gold=true  running‐acc=0.637
Locality eval: pred=true              gold=n/a  correct=False  running‐acc=0.884
[ 216/600] loss=10.4573  pred=false  gold=n/a  running‐acc=0.634
Locality eval: pred=true              gold=true  correct=True  running‐acc=0.884
[ 217/600] loss=15.2829  pred=true   gold=true  running‐acc=0.636
Locality eval: pred=n/a               gold=n/a  correct=True  running‐acc=0.885
[ 218/600] loss=10.1565  pred=n/a    gold=n/a  running‐acc=0.638
Locality eval: pred=true              gold=true  correct=True  running‐acc=0.885
[ 219/600] loss=14.0715  pred=true   gold=true  running‐acc=0.639
Locality eval: pred=n/a               gold=n/a  correct=True  running‐acc=0.886
[ 220/600] loss=10.3407  pred=false  gold=n/a  running‐acc=0.636
Locality eval: pred=true              gold=true  correct=True  running‐acc=0.886
[ 221/600] loss=10.6843  pred=true   gold=n/a  running‐acc=0.633
Locality eval: pred=true              gold=true  correct=True  running‐acc=0.887
[ 222/600] loss=10.5382  pred=n/a    gold=n/a  running‐acc=0.635
Locality eval: pred=true              gold=true  correct=True  running‐acc=0.887
[ 223/600] loss=10.7474  pred=true   gold=n/a  running‐acc=0.632
Locality eval: pred=true              gold=true  correct=True  running‐acc=0.888
[ 224/600] loss=10.6386  pred=n/a    gold=n/a  running‐acc=0.634
Locality eval: pred=n/a               gold=true  correct=False  running‐acc=0.884
[ 225/600] loss=10.4092  pred=n/a    gold=n/a  running‐acc=0.636
Locality eval: pred=true              gold=true  correct=True  running‐acc=0.884
[ 226/600] loss=15.0268  pred=true   gold=true  running‐acc=0.637
Locality eval: pred=n/a               gold=n/a  correct=True  running‐acc=0.885
[ 227/600] loss=9.2915  pred=true   gold=n/a  running‐acc=0.634
Locality eval: pred=true              gold=true  correct=True  running‐acc=0.885
[ 228/600] loss=10.3464  pred=false  gold=n/a  running‐acc=0.632
Locality eval: pred=true              gold=true  correct=True  running‐acc=0.886
[ 229/600] loss=9.8830  pred=false  gold=n/a  running‐acc=0.629
Locality eval: pred=true              gold=true  correct=True  running‐acc=0.886
[ 230/600] loss=9.8393  pred=false  gold=n/a  running‐acc=0.626
Locality eval: pred=true              gold=true  correct=True  running‐acc=0.887
[ 231/600] loss=9.9833  pred=true   gold=n/a  running‐acc=0.623
Locality eval: pred=true              gold=true  correct=True  running‐acc=0.887
[ 232/600] loss=10.5255  pred=n/a    gold=n/a  running‐acc=0.625
Locality eval: pred=true              gold=true  correct=True  running‐acc=0.888
[ 233/600] loss=16.2827  pred=true   gold=true  running‐acc=0.627
Locality eval: pred=n/a               gold=n/a  correct=True  running‐acc=0.888
[ 234/600] loss=13.5522  pred=true   gold=true  running‐acc=0.628
Locality eval: pred=n/a               gold=n/a  correct=True  running‐acc=0.889
[ 235/600] loss=8.9486  pred=true   gold=n/a  running‐acc=0.626
Locality eval: pred=true              gold=true  correct=True  running‐acc=0.889
[ 236/600] loss=10.4998  pred=n/a    gold=n/a  running‐acc=0.627
Locality eval: pred=true              gold=true  correct=True  running‐acc=0.890
[ 237/600] loss=15.1728  pred=n/a    gold=true  running‐acc=0.624
Locality eval: pred=n/a               gold=n/a  correct=True  running‐acc=0.890
[ 238/600] loss=10.6778  pred=n/a    gold=n/a  running‐acc=0.626
Locality eval: pred=true              gold=true  correct=True  running‐acc=0.891
[ 239/600] loss=10.1853  pred=n/a    gold=n/a  running‐acc=0.628
Locality eval: pred=true              gold=true  correct=True  running‐acc=0.891
[ 240/600] loss=15.4777  pred=true   gold=true  running‐acc=0.629
Locality eval: pred=n/a               gold=n/a  correct=True  running‐acc=0.892
[ 241/600] loss=10.5419  pred=n/a    gold=n/a  running‐acc=0.631
Locality eval: pred=true              gold=true  correct=True  running‐acc=0.892
[ 242/600] loss=10.4527  pred=false  gold=n/a  running‐acc=0.628
Locality eval: pred=true              gold=true  correct=True  running‐acc=0.893
[ 243/600] loss=10.1009  pred=n/a    gold=n/a  running‐acc=0.630
Locality eval: pred=true.             gold=true  correct=True  running‐acc=0.893
[ 244/600] loss=14.1021  pred=true   gold=true  running‐acc=0.631
Locality eval: pred=n/a               gold=n/a  correct=True  running‐acc=0.893
[ 245/600] loss=14.0780  pred=false  gold=true  running‐acc=0.629
Locality eval: pred=n/a               gold=n/a  correct=True  running‐acc=0.894
[ 246/600] loss=14.1432  pred=true.  gold=true  running‐acc=0.630
Locality eval: pred=n/a               gold=n/a  correct=True  running‐acc=0.894
[ 247/600] loss=13.5564  pred=n/a    gold=true  running‐acc=0.628
Locality eval: pred=n/a               gold=n/a  correct=True  running‐acc=0.895
[ 248/600] loss=15.4008  pred=n/a    gold=true  running‐acc=0.625
Locality eval: pred=n/a               gold=n/a  correct=True  running‐acc=0.895
[ 249/600] loss=9.9568  pred=n/a    gold=n/a  running‐acc=0.627
Locality eval: pred=true              gold=true  correct=True  running‐acc=0.896
[ 250/600] loss=12.8290  pred=true   gold=true  running‐acc=0.628
Locality eval: pred=n/a               gold=n/a  correct=True  running‐acc=0.896
[ 251/600] loss=9.9579  pred=true   gold=n/a  running‐acc=0.625
Locality eval: pred=true              gold=true  correct=True  running‐acc=0.896
[ 252/600] loss=10.5329  pred=n/a    gold=n/a  running‐acc=0.627
Locality eval: pred=true              gold=true  correct=True  running‐acc=0.897
[ 253/600] loss=13.9993  pred=true   gold=true  running‐acc=0.628
Locality eval: pred=n/a               gold=n/a  correct=True  running‐acc=0.897
[ 254/600] loss=16.0196  pred=true   gold=true  running‐acc=0.630
Locality eval: pred=false             gold=n/a  correct=False  running‐acc=0.894
[ 255/600] loss=10.9236  pred=false  gold=n/a  running‐acc=0.627
Locality eval: pred=true              gold=true  correct=True  running‐acc=0.894
[ 256/600] loss=10.2393  pred=n/a    gold=n/a  running‐acc=0.629
Locality eval: pred=true              gold=true  correct=True  running‐acc=0.895
[ 257/600] loss=10.0962  pred=n/a    gold=n/a  running‐acc=0.630
Locality eval: pred=true              gold=true  correct=True  running‐acc=0.895
[ 258/600] loss=10.4292  pred=n/a    gold=n/a  running‐acc=0.632
Locality eval: pred=true              gold=true  correct=True  running‐acc=0.895
[ 259/600] loss=13.8378  pred=n/a    gold=true  running‐acc=0.629
Locality eval: pred=n/a               gold=n/a  correct=True  running‐acc=0.896
[ 260/600] loss=15.1654  pred=true   gold=true  running‐acc=0.631
Locality eval: pred=n/a               gold=n/a  correct=True  running‐acc=0.896
[ 261/600] loss=15.1017  pred=true   gold=true  running‐acc=0.632
Locality eval: pred=true              gold=n/a  correct=False  running‐acc=0.893
[ 262/600] loss=13.9252  pred=true   gold=true  running‐acc=0.634
Locality eval: pred=n/a               gold=n/a  correct=True  running‐acc=0.893
[ 263/600] loss=10.4078  pred=n/a    gold=n/a  running‐acc=0.635
Locality eval: pred=true              gold=true  correct=True  running‐acc=0.894
[ 264/600] loss=10.7290  pred=n/a    gold=n/a  running‐acc=0.636
Locality eval: pred=true              gold=true  correct=True  running‐acc=0.894
[ 265/600] loss=15.2658  pred=n/a    gold=true  running‐acc=0.634
Locality eval: pred=n/a               gold=n/a  correct=True  running‐acc=0.894
[ 266/600] loss=9.9590  pred=n/a    gold=n/a  running‐acc=0.635
Locality eval: pred=true              gold=true  correct=True  running‐acc=0.895
[ 267/600] loss=10.3744  pred=true   gold=n/a  running‐acc=0.633
Locality eval: pred=true              gold=true  correct=True  running‐acc=0.895
[ 268/600] loss=14.1536  pred=true   gold=true  running‐acc=0.634
Locality eval: pred=n/a               gold=n/a  correct=True  running‐acc=0.896
[ 269/600] loss=10.5878  pred=n/a    gold=n/a  running‐acc=0.636
Locality eval: pred=true              gold=true  correct=True  running‐acc=0.896
[ 270/600] loss=13.8245  pred=n/a    gold=true  running‐acc=0.633
Locality eval: pred=n/a               gold=n/a  correct=True  running‐acc=0.896
[ 271/600] loss=10.0563  pred=false  gold=n/a  running‐acc=0.631
Locality eval: pred=true              gold=true  correct=True  running‐acc=0.897
[ 272/600] loss=14.7307  pred=true   gold=true  running‐acc=0.632
Locality eval: pred=n/a               gold=n/a  correct=True  running‐acc=0.897
[ 273/600] loss=10.6992  pred=n/a    gold=n/a  running‐acc=0.634
Locality eval: pred=true              gold=true  correct=True  running‐acc=0.897
[ 274/600] loss=10.6199  pred=false  gold=n/a  running‐acc=0.631
Locality eval: pred=true              gold=true  correct=True  running‐acc=0.898
[ 275/600] loss=14.8138  pred=true   gold=true  running‐acc=0.633
Locality eval: pred=n/a               gold=n/a  correct=True  running‐acc=0.898
[ 276/600] loss=10.6048  pred=false  gold=n/a  running‐acc=0.630
Locality eval: pred=true              gold=true  correct=True  running‐acc=0.899
[ 277/600] loss=13.8676  pred=true   gold=true  running‐acc=0.632
Locality eval: pred=n/a               gold=n/a  correct=True  running‐acc=0.899
[ 278/600] loss=10.1359  pred=false  gold=n/a  running‐acc=0.629
Locality eval: pred=true              gold=true  correct=True  running‐acc=0.899
[ 279/600] loss=13.8024  pred=true.  gold=true  running‐acc=0.631
Locality eval: pred=n/a               gold=n/a  correct=True  running‐acc=0.900
[ 280/600] loss=10.0552  pred=n/a    gold=n/a  running‐acc=0.632
Locality eval: pred=true              gold=true  correct=True  running‐acc=0.900
[ 281/600] loss=14.0306  pred=true   gold=true  running‐acc=0.633
Locality eval: pred=n/a               gold=n/a  correct=True  running‐acc=0.900
[ 282/600] loss=14.8656  pred=false  gold=true  running‐acc=0.631
Locality eval: pred=n/a               gold=n/a  correct=True  running‐acc=0.901
[ 283/600] loss=10.5256  pred=n/a    gold=n/a  running‐acc=0.633
Locality eval: pred=true              gold=true  correct=True  running‐acc=0.901
[ 284/600] loss=9.5817  pred=n/a    gold=n/a  running‐acc=0.634
Locality eval: pred=true              gold=true  correct=True  running‐acc=0.901
[ 285/600] loss=12.9814  pred=true   gold=true  running‐acc=0.635
Locality eval: pred=n/a               gold=n/a  correct=True  running‐acc=0.902
[ 286/600] loss=10.6121  pred=false  gold=n/a  running‐acc=0.633
Locality eval: pred=true              gold=true  correct=True  running‐acc=0.902
[ 287/600] loss=10.1786  pred=n/a    gold=n/a  running‐acc=0.634
Locality eval: pred=true              gold=true  correct=True  running‐acc=0.902
[ 288/600] loss=14.4085  pred=false  gold=true  running‐acc=0.632
Locality eval: pred=n/a               gold=n/a  correct=True  running‐acc=0.903
[ 289/600] loss=15.2583  pred=n/a    gold=true  running‐acc=0.630
Locality eval: pred=n/a               gold=n/a  correct=True  running‐acc=0.903
[ 290/600] loss=10.0398  pred=n/a    gold=n/a  running‐acc=0.631
Locality eval: pred=true              gold=true  correct=True  running‐acc=0.903
[ 291/600] loss=13.8542  pred=false  gold=true  running‐acc=0.629
Locality eval: pred=n/a               gold=n/a  correct=True  running‐acc=0.904
[ 292/600] loss=14.7434  pred=true   gold=true  running‐acc=0.630
Locality eval: pred=n/a               gold=n/a  correct=True  running‐acc=0.904
[ 293/600] loss=13.5620  pred=true   gold=true  running‐acc=0.631
Locality eval: pred=n/a               gold=n/a  correct=True  running‐acc=0.904
[ 294/600] loss=14.7671  pred=true   gold=true  running‐acc=0.633
Locality eval: pred=n/a               gold=n/a  correct=True  running‐acc=0.905
[ 295/600] loss=10.2959  pred=true   gold=n/a  running‐acc=0.631
Locality eval: pred=true              gold=true  correct=True  running‐acc=0.905
[ 296/600] loss=10.1751  pred=true   gold=n/a  running‐acc=0.628
Locality eval: pred=true              gold=true  correct=True  running‐acc=0.905
[ 297/600] loss=14.3899  pred=false  gold=true  running‐acc=0.626
Locality eval: pred=n/a               gold=n/a  correct=True  running‐acc=0.906
[ 298/600] loss=14.0487  pred=true   gold=true  running‐acc=0.628
Locality eval: pred=n/a               gold=n/a  correct=True  running‐acc=0.906
[ 299/600] loss=9.9477  pred=n/a    gold=n/a  running‐acc=0.629
Locality eval: pred=true              gold=true  correct=True  running‐acc=0.906
[ 300/600] loss=10.0511  pred=n/a    gold=n/a  running‐acc=0.630
Locality eval: pred=true              gold=true  correct=True  running‐acc=0.907
[ 301/600] loss=14.1813  pred=false  gold=true  running‐acc=0.628
Locality eval: pred=n/a               gold=n/a  correct=True  running‐acc=0.907
[ 302/600] loss=14.3165  pred=true   gold=true  running‐acc=0.629
Locality eval: pred=n/a               gold=n/a  correct=True  running‐acc=0.907
[ 303/600] loss=13.9894  pred=true   gold=true  running‐acc=0.630
Locality eval: pred=n/a               gold=n/a  correct=True  running‐acc=0.908
[ 304/600] loss=14.3455  pred=false  gold=true  running‐acc=0.628
Locality eval: pred=n/a               gold=n/a  correct=True  running‐acc=0.908
[ 305/600] loss=12.7479  pred=false  gold=true  running‐acc=0.626
Locality eval: pred=n/a               gold=n/a  correct=True  running‐acc=0.908
[ 306/600] loss=13.8698  pred=false  gold=true  running‐acc=0.624
Locality eval: pred=n/a               gold=n/a  correct=True  running‐acc=0.908
[ 307/600] loss=15.3554  pred=true   gold=true  running‐acc=0.625
Locality eval: pred=true              gold=n/a  correct=False  running‐acc=0.906
[ 308/600] loss=14.3925  pred=true   gold=true  running‐acc=0.627
Locality eval: pred=n/a               gold=n/a  correct=True  running‐acc=0.906
[ 309/600] loss=14.3967  pred=true   gold=true  running‐acc=0.628
Locality eval: pred=n/a               gold=n/a  correct=True  running‐acc=0.906
[ 310/600] loss=10.0222  pred=n/a    gold=n/a  running‐acc=0.629
Locality eval: pred=true              gold=true  correct=True  running‐acc=0.906
[ 311/600] loss=14.6482  pred=true   gold=true  running‐acc=0.630
Locality eval: pred=n/a               gold=n/a  correct=True  running‐acc=0.907
[ 312/600] loss=14.4008  pred=true   gold=true  running‐acc=0.631
Locality eval: pred=n/a               gold=n/a  correct=True  running‐acc=0.907
[ 313/600] loss=9.2951  pred=false  gold=n/a  running‐acc=0.629
Locality eval: pred=true              gold=true  correct=True  running‐acc=0.907
[ 314/600] loss=10.4170  pred=n/a    gold=n/a  running‐acc=0.631
Locality eval: pred=false             gold=true  correct=False  running‐acc=0.904
[ 315/600] loss=10.2824  pred=true   gold=n/a  running‐acc=0.629
Locality eval: pred=true              gold=true  correct=True  running‐acc=0.905
[ 316/600] loss=15.0895  pred=true   gold=true  running‐acc=0.630
Locality eval: pred=n/a               gold=n/a  correct=True  running‐acc=0.905
[ 317/600] loss=14.9052  pred=true   gold=true  running‐acc=0.631
Locality eval: pred=n/a               gold=n/a  correct=True  running‐acc=0.905
[ 318/600] loss=14.7199  pred=true   gold=true  running‐acc=0.632
Locality eval: pred=n/a               gold=n/a  correct=True  running‐acc=0.906
[ 319/600] loss=10.2084  pred=false  gold=n/a  running‐acc=0.630
Locality eval: pred=true              gold=true  correct=True  running‐acc=0.906
[ 320/600] loss=10.4758  pred=true   gold=n/a  running‐acc=0.628
Locality eval: pred=true              gold=true  correct=True  running‐acc=0.906
[ 321/600] loss=14.7643  pred=false  gold=true  running‐acc=0.626
Locality eval: pred=n/a               gold=n/a  correct=True  running‐acc=0.907
[ 322/600] loss=14.5920  pred=true   gold=true  running‐acc=0.627
Locality eval: pred=false.            gold=n/a  correct=False  running‐acc=0.904
[ 323/600] loss=10.3773  pred=false  gold=n/a  running‐acc=0.625
Locality eval: pred=true              gold=true  correct=True  running‐acc=0.904
[ 324/600] loss=10.6232  pred=true   gold=n/a  running‐acc=0.623
Locality eval: pred=true              gold=true  correct=True  running‐acc=0.904
[ 325/600] loss=14.3505  pred=n/a    gold=true  running‐acc=0.622
Locality eval: pred=n/a               gold=n/a  correct=True  running‐acc=0.905
[ 326/600] loss=10.7351  pred=n/a    gold=n/a  running‐acc=0.623
Locality eval: pred=true              gold=true  correct=True  running‐acc=0.905
[ 327/600] loss=14.4669  pred=n/a    gold=true  running‐acc=0.621
Locality eval: pred=n/a               gold=n/a  correct=True  running‐acc=0.905
[ 328/600] loss=10.1266  pred=true   gold=n/a  running‐acc=0.619
Locality eval: pred=true              gold=true  correct=True  running‐acc=0.905
[ 329/600] loss=13.2609  pred=true   gold=true  running‐acc=0.620
Locality eval: pred=n/a               gold=n/a  correct=True  running‐acc=0.906
[ 330/600] loss=8.8048  pred=false  gold=n/a  running‐acc=0.618
Locality eval: pred=true              gold=true  correct=True  running‐acc=0.906
[ 331/600] loss=16.1051  pred=true   gold=true  running‐acc=0.619
Locality eval: pred=n/a               gold=n/a  correct=True  running‐acc=0.906
[ 332/600] loss=10.3586  pred=true   gold=n/a  running‐acc=0.617
Locality eval: pred=true              gold=true  correct=True  running‐acc=0.907
[ 333/600] loss=14.4827  pred=true.  gold=true  running‐acc=0.619
Locality eval: pred=n/a               gold=n/a  correct=True  running‐acc=0.907
[ 334/600] loss=10.4462  pred=n/a    gold=n/a  running‐acc=0.620
Locality eval: pred=true              gold=true  correct=True  running‐acc=0.907
[ 335/600] loss=16.4899  pred=true   gold=true  running‐acc=0.621
Locality eval: pred=true              gold=n/a  correct=False  running‐acc=0.904
[ 336/600] loss=10.8055  pred=n/a    gold=n/a  running‐acc=0.622
Locality eval: pred=n/a               gold=true  correct=False  running‐acc=0.902
[ 337/600] loss=10.4276  pred=false  gold=n/a  running‐acc=0.620
Locality eval: pred=true              gold=true  correct=True  running‐acc=0.902
[ 338/600] loss=9.1152  pred=true   gold=n/a  running‐acc=0.618
Locality eval: pred=true              gold=true  correct=True  running‐acc=0.902
[ 339/600] loss=10.5808  pred=n/a    gold=n/a  running‐acc=0.619
Locality eval: pred=true              gold=true  correct=True  running‐acc=0.903
[ 340/600] loss=10.1755  pred=false  gold=n/a  running‐acc=0.618
Locality eval: pred=true              gold=true  correct=True  running‐acc=0.903
[ 341/600] loss=14.2733  pred=true   gold=true  running‐acc=0.619
Locality eval: pred=n/a               gold=n/a  correct=True  running‐acc=0.903
[ 342/600] loss=13.7718  pred=true   gold=true  running‐acc=0.620
Locality eval: pred=n/a               gold=n/a  correct=True  running‐acc=0.904
[ 343/600] loss=8.1301  pred=false  gold=n/a  running‐acc=0.618
Locality eval: pred=true              gold=true  correct=True  running‐acc=0.904
[ 344/600] loss=13.9215  pred=true   gold=true  running‐acc=0.619
Locality eval: pred=n/a               gold=n/a  correct=True  running‐acc=0.904
[ 345/600] loss=7.5621  pred=true   gold=n/a  running‐acc=0.617
Locality eval: pred=true              gold=true  correct=True  running‐acc=0.904
[ 346/600] loss=14.1632  pred=true   gold=true  running‐acc=0.618
Locality eval: pred=n/a               gold=n/a  correct=True  running‐acc=0.905
[ 347/600] loss=8.7917  pred=true   gold=n/a  running‐acc=0.617
Locality eval: pred=true.             gold=true  correct=True  running‐acc=0.905
[ 348/600] loss=10.3653  pred=n/a    gold=n/a  running‐acc=0.618
Locality eval: pred=true              gold=true  correct=True  running‐acc=0.905
[ 349/600] loss=10.3477  pred=n/a    gold=n/a  running‐acc=0.619
Locality eval: pred=true              gold=true  correct=True  running‐acc=0.905
[ 350/600] loss=9.7421  pred=false  gold=n/a  running‐acc=0.617
Locality eval: pred=true              gold=true  correct=True  running‐acc=0.906
[ 351/600] loss=10.0552  pred=false  gold=n/a  running‐acc=0.615
Locality eval: pred=true              gold=true  correct=True  running‐acc=0.906
[ 352/600] loss=9.8400  pred=true   gold=n/a  running‐acc=0.614
Locality eval: pred=true              gold=true  correct=True  running‐acc=0.906
[ 353/600] loss=10.6171  pred=n/a    gold=n/a  running‐acc=0.615
Locality eval: pred=true              gold=true  correct=True  running‐acc=0.907
[ 354/600] loss=15.0261  pred=true   gold=true  running‐acc=0.616
Locality eval: pred=n/a               gold=n/a  correct=True  running‐acc=0.907
[ 355/600] loss=13.3328  pred=false  gold=true  running‐acc=0.614
Locality eval: pred=n/a               gold=n/a  correct=True  running‐acc=0.907
[ 356/600] loss=13.5564  pred=n/a    gold=true  running‐acc=0.612
Locality eval: pred=n/a               gold=n/a  correct=True  running‐acc=0.907
[ 357/600] loss=13.0703  pred=true   gold=true  running‐acc=0.613
Locality eval: pred=n/a               gold=n/a  correct=True  running‐acc=0.908
[ 358/600] loss=14.2955  pred=n/a    gold=true  running‐acc=0.612
Locality eval: pred=n/a               gold=n/a  correct=True  running‐acc=0.908
[ 359/600] loss=15.0769  pred=true.  gold=true  running‐acc=0.613
Locality eval: pred=n/a               gold=n/a  correct=True  running‐acc=0.908
[ 360/600] loss=9.9250  pred=n/a    gold=n/a  running‐acc=0.614
Locality eval: pred=true              gold=true  correct=True  running‐acc=0.908
[ 361/600] loss=14.7786  pred=true   gold=true  running‐acc=0.615
Locality eval: pred=n/a               gold=n/a  correct=True  running‐acc=0.909
[ 362/600] loss=14.7262  pred=true   gold=true  running‐acc=0.616
Locality eval: pred=n/a               gold=n/a  correct=True  running‐acc=0.909
[ 363/600] loss=10.3988  pred=n/a    gold=n/a  running‐acc=0.617
Locality eval: pred=true              gold=true  correct=True  running‐acc=0.909
[ 364/600] loss=15.5029  pred=true   gold=true  running‐acc=0.618
Locality eval: pred=n/a               gold=n/a  correct=True  running‐acc=0.909
[ 365/600] loss=15.2844  pred=true   gold=true  running‐acc=0.619
Locality eval: pred=n/a               gold=n/a  correct=True  running‐acc=0.910
[ 366/600] loss=10.8365  pred=n/a    gold=n/a  running‐acc=0.620
Locality eval: pred=true              gold=true  correct=True  running‐acc=0.910
[ 367/600] loss=10.3110  pred=false  gold=n/a  running‐acc=0.619
Locality eval: pred=true              gold=true  correct=True  running‐acc=0.910
[ 368/600] loss=14.1559  pred=true   gold=true  running‐acc=0.620
Locality eval: pred=n/a               gold=n/a  correct=True  running‐acc=0.910
[ 369/600] loss=10.4414  pred=n/a    gold=n/a  running‐acc=0.621
Locality eval: pred=true              gold=true  correct=True  running‐acc=0.911
[ 370/600] loss=10.2288  pred=n/a    gold=n/a  running‐acc=0.622
Locality eval: pred=true              gold=true  correct=True  running‐acc=0.911
[ 371/600] loss=14.7360  pred=n/a    gold=true  running‐acc=0.620
Locality eval: pred=n/a               gold=n/a  correct=True  running‐acc=0.911
[ 372/600] loss=13.3610  pred=n/a    gold=true  running‐acc=0.618
Locality eval: pred=n/a               gold=n/a  correct=True  running‐acc=0.911
[ 373/600] loss=14.1860  pred=true   gold=true  running‐acc=0.619
Locality eval: pred=n/a               gold=n/a  correct=True  running‐acc=0.912
[ 374/600] loss=10.2559  pred=n/a    gold=n/a  running‐acc=0.620
Locality eval: pred=true              gold=true  correct=True  running‐acc=0.912
[ 375/600] loss=12.9281  pred=true   gold=true  running‐acc=0.621
Locality eval: pred=n/a               gold=n/a  correct=True  running‐acc=0.912
[ 376/600] loss=14.1017  pred=true   gold=true  running‐acc=0.622
Locality eval: pred=n/a               gold=n/a  correct=True  running‐acc=0.912
[ 377/600] loss=13.7743  pred=n/a    gold=true  running‐acc=0.621
Locality eval: pred=n/a               gold=n/a  correct=True  running‐acc=0.912
[ 378/600] loss=13.8855  pred=true   gold=true  running‐acc=0.622
Locality eval: pred=n/a               gold=n/a  correct=True  running‐acc=0.913
[ 379/600] loss=14.6135  pred=true   gold=true  running‐acc=0.623
Locality eval: pred=n/a               gold=n/a  correct=True  running‐acc=0.913
[ 380/600] loss=13.3655  pred=true   gold=true  running‐acc=0.624
Locality eval: pred=n/a               gold=n/a  correct=True  running‐acc=0.913
[ 381/600] loss=10.5130  pred=n/a    gold=n/a  running‐acc=0.625
Locality eval: pred=true              gold=true  correct=True  running‐acc=0.913
[ 382/600] loss=10.8404  pred=n/a    gold=n/a  running‐acc=0.626
Locality eval: pred=true              gold=true  correct=True  running‐acc=0.914
[ 383/600] loss=9.8835  pred=true   gold=n/a  running‐acc=0.624
Locality eval: pred=true              gold=true  correct=True  running‐acc=0.914
[ 384/600] loss=10.3692  pred=false  gold=n/a  running‐acc=0.622
Locality eval: pred=true              gold=true  correct=True  running‐acc=0.914
[ 385/600] loss=15.8936  pred=false  gold=true  running‐acc=0.621
Locality eval: pred=n/a               gold=n/a  correct=True  running‐acc=0.914
[ 386/600] loss=13.8059  pred=true   gold=true  running‐acc=0.622
Locality eval: pred=n/a               gold=n/a  correct=True  running‐acc=0.915
[ 387/600] loss=10.6576  pred=false  gold=n/a  running‐acc=0.620
Locality eval: pred=true              gold=true  correct=True  running‐acc=0.915
[ 388/600] loss=14.1135  pred=true   gold=true  running‐acc=0.621
Locality eval: pred=n/a               gold=n/a  correct=True  running‐acc=0.915
[ 389/600] loss=10.1866  pred=n/a    gold=n/a  running‐acc=0.622
Locality eval: pred=true              gold=true  correct=True  running‐acc=0.915
[ 390/600] loss=12.9741  pred=true   gold=true  running‐acc=0.623
Locality eval: pred=n/a               gold=n/a  correct=True  running‐acc=0.915
[ 391/600] loss=14.5452  pred=true   gold=true  running‐acc=0.624
Locality eval: pred=n/a               gold=n/a  correct=True  running‐acc=0.916
[ 392/600] loss=9.9554  pred=n/a    gold=n/a  running‐acc=0.625
Locality eval: pred=true              gold=true  correct=True  running‐acc=0.916
[ 393/600] loss=10.2662  pred=false  gold=n/a  running‐acc=0.623
Locality eval: pred=true.             gold=true  correct=True  running‐acc=0.916
[ 394/600] loss=10.6462  pred=true   gold=n/a  running‐acc=0.622
Locality eval: pred=true              gold=true  correct=True  running‐acc=0.916
[ 395/600] loss=15.5737  pred=true   gold=true  running‐acc=0.623
Locality eval: pred=n/a               gold=n/a  correct=True  running‐acc=0.916
[ 396/600] loss=15.4152  pred=true   gold=true  running‐acc=0.624
Locality eval: pred=n/a               gold=n/a  correct=True  running‐acc=0.917
[ 397/600] loss=10.6775  pred=n/a    gold=n/a  running‐acc=0.625
Locality eval: pred=true              gold=true  correct=True  running‐acc=0.917
[ 398/600] loss=14.8845  pred=true   gold=true  running‐acc=0.626
Locality eval: pred=n/a               gold=n/a  correct=True  running‐acc=0.917
[ 399/600] loss=10.3422  pred=n/a    gold=n/a  running‐acc=0.627
Locality eval: pred=true              gold=true  correct=True  running‐acc=0.917
[ 400/600] loss=13.8403  pred=true   gold=true  running‐acc=0.627
Locality eval: pred=n/a               gold=n/a  correct=True  running‐acc=0.917
[ 401/600] loss=15.3560  pred=n/a    gold=true  running‐acc=0.626
Locality eval: pred=n/a               gold=n/a  correct=True  running‐acc=0.918
[ 402/600] loss=11.1443  pred=n/a    gold=n/a  running‐acc=0.627
Locality eval: pred=true              gold=true  correct=True  running‐acc=0.918
[ 403/600] loss=16.1032  pred=false  gold=true  running‐acc=0.625
Locality eval: pred=true              gold=n/a  correct=False  running‐acc=0.916
[ 404/600] loss=17.0733  pred=false  gold=true  running‐acc=0.624
Locality eval: pred=n/a               gold=n/a  correct=True  running‐acc=0.916
[ 405/600] loss=9.9570  pred=false  gold=n/a  running‐acc=0.622
Locality eval: pred=true              gold=true  correct=True  running‐acc=0.916
[ 406/600] loss=9.5357  pred=n/a    gold=n/a  running‐acc=0.623
Locality eval: pred=true              gold=true  correct=True  running‐acc=0.916
[ 407/600] loss=13.5508  pred=true.  gold=true  running‐acc=0.624
Locality eval: pred=n/a               gold=n/a  correct=True  running‐acc=0.916
[ 408/600] loss=10.8226  pred=true   gold=n/a  running‐acc=0.623
Locality eval: pred=true              gold=true  correct=True  running‐acc=0.917
[ 409/600] loss=14.6252  pred=false  gold=true  running‐acc=0.621
Locality eval: pred=n/a               gold=n/a  correct=True  running‐acc=0.917
[ 410/600] loss=10.2928  pred=true   gold=n/a  running‐acc=0.620
Locality eval: pred=true              gold=true  correct=True  running‐acc=0.917
[ 411/600] loss=13.8373  pred=true   gold=true  running‐acc=0.620
Locality eval: pred=n/a               gold=n/a  correct=True  running‐acc=0.917
[ 412/600] loss=14.0297  pred=n/a    gold=true  running‐acc=0.619
Locality eval: pred=n/a               gold=n/a  correct=True  running‐acc=0.917
[ 413/600] loss=14.4889  pred=false  gold=true  running‐acc=0.617
Locality eval: pred=n/a               gold=n/a  correct=True  running‐acc=0.918
[ 414/600] loss=15.0719  pred=true   gold=true  running‐acc=0.618
Locality eval: pred=false             gold=n/a  correct=False  running‐acc=0.915
[ 415/600] loss=10.0914  pred=false  gold=n/a  running‐acc=0.617
Locality eval: pred=true.             gold=true  correct=True  running‐acc=0.916
[ 416/600] loss=14.1930  pred=true.  gold=true  running‐acc=0.618
Locality eval: pred=true              gold=n/a  correct=False  running‐acc=0.913
[ 417/600] loss=10.6142  pred=n/a    gold=n/a  running‐acc=0.619
Locality eval: pred=true              gold=true  correct=True  running‐acc=0.914
[ 418/600] loss=10.3154  pred=n/a    gold=n/a  running‐acc=0.620
Locality eval: pred=true              gold=true  correct=True  running‐acc=0.914
[ 419/600] loss=14.5161  pred=true   gold=true  running‐acc=0.621
Locality eval: pred=n/a               gold=n/a  correct=True  running‐acc=0.914
[ 420/600] loss=14.2803  pred=false  gold=true  running‐acc=0.619
Locality eval: pred=false             gold=n/a  correct=False  running‐acc=0.912
[ 421/600] loss=13.6114  pred=true   gold=true  running‐acc=0.620
Locality eval: pred=n/a               gold=n/a  correct=True  running‐acc=0.912
[ 422/600] loss=14.9027  pred=true   gold=true  running‐acc=0.621
Locality eval: pred=n/a               gold=n/a  correct=True  running‐acc=0.912
[ 423/600] loss=13.8671  pred=true   gold=true  running‐acc=0.622
Locality eval: pred=n/a               gold=n/a  correct=True  running‐acc=0.913
[ 424/600] loss=10.5264  pred=false  gold=n/a  running‐acc=0.620
Locality eval: pred=true              gold=true  correct=True  running‐acc=0.913
[ 425/600] loss=10.5671  pred=false  gold=n/a  running‐acc=0.619
Locality eval: pred=true              gold=true  correct=True  running‐acc=0.913
[ 426/600] loss=10.2162  pred=false  gold=n/a  running‐acc=0.617
Locality eval: pred=true              gold=true  correct=True  running‐acc=0.913
[ 427/600] loss=14.2031  pred=n/a    gold=true  running‐acc=0.616
Locality eval: pred=n/a               gold=n/a  correct=True  running‐acc=0.913
[ 428/600] loss=14.1904  pred=true   gold=true  running‐acc=0.617
Locality eval: pred=n/a               gold=n/a  correct=True  running‐acc=0.914
[ 429/600] loss=13.8448  pred=true   gold=true  running‐acc=0.618
Locality eval: pred=n/a               gold=n/a  correct=True  running‐acc=0.914
[ 430/600] loss=8.9655  pred=true   gold=n/a  running‐acc=0.616
Locality eval: pred=true              gold=true  correct=True  running‐acc=0.914
[ 431/600] loss=15.8151  pred=false  gold=true  running‐acc=0.615
Locality eval: pred=n/a               gold=n/a  correct=True  running‐acc=0.914
[ 432/600] loss=14.8888  pred=true   gold=true  running‐acc=0.616
Locality eval: pred=n/a               gold=n/a  correct=True  running‐acc=0.914
[ 433/600] loss=14.1638  pred=n/a    gold=true  running‐acc=0.614
Locality eval: pred=n/a               gold=n/a  correct=True  running‐acc=0.915
[ 434/600] loss=9.5287  pred=false  gold=n/a  running‐acc=0.613
Locality eval: pred=true              gold=true  correct=True  running‐acc=0.915
[ 435/600] loss=10.1789  pred=n/a    gold=n/a  running‐acc=0.614
Locality eval: pred=true              gold=true  correct=True  running‐acc=0.915
[ 436/600] loss=13.7922  pred=true   gold=true  running‐acc=0.615
Locality eval: pred=n/a               gold=n/a  correct=True  running‐acc=0.915
[ 437/600] loss=14.3470  pred=true   gold=true  running‐acc=0.616
Locality eval: pred=n/a               gold=n/a  correct=True  running‐acc=0.915
[ 438/600] loss=10.0617  pred=false  gold=n/a  running‐acc=0.614
Locality eval: pred=true              gold=true  correct=True  running‐acc=0.916
[ 439/600] loss=10.3794  pred=n/a    gold=n/a  running‐acc=0.615
Locality eval: pred=true              gold=true  correct=True  running‐acc=0.916
[ 440/600] loss=14.0053  pred=true   gold=true  running‐acc=0.616
Locality eval: pred=n/a               gold=n/a  correct=True  running‐acc=0.916
[ 441/600] loss=10.3129  pred=n/a    gold=n/a  running‐acc=0.617
Locality eval: pred=true              gold=true  correct=True  running‐acc=0.916
[ 442/600] loss=14.5953  pred=true   gold=true  running‐acc=0.618
Locality eval: pred=n/a               gold=n/a  correct=True  running‐acc=0.916
[ 443/600] loss=14.1837  pred=n/a    gold=true  running‐acc=0.616
Locality eval: pred=n/a               gold=n/a  correct=True  running‐acc=0.916
[ 444/600] loss=13.5661  pred=true   gold=true  running‐acc=0.617
Locality eval: pred=n/a               gold=n/a  correct=True  running‐acc=0.917
[ 445/600] loss=14.0526  pred=true   gold=true  running‐acc=0.618
Locality eval: pred=n/a               gold=n/a  correct=True  running‐acc=0.917
[ 446/600] loss=12.3237  pred=true   gold=true  running‐acc=0.619
Locality eval: pred=n/a               gold=n/a  correct=True  running‐acc=0.917
[ 447/600] loss=13.0393  pred=n/a    gold=true  running‐acc=0.617
Locality eval: pred=n/a               gold=n/a  correct=True  running‐acc=0.917
[ 448/600] loss=11.3677  pred=true   gold=true  running‐acc=0.618
Locality eval: pred=n/a               gold=n/a  correct=True  running‐acc=0.917
[ 449/600] loss=16.0075  pred=true   gold=true  running‐acc=0.619
Locality eval: pred=false             gold=n/a  correct=False  running‐acc=0.915
[ 450/600] loss=10.3063  pred=n/a    gold=n/a  running‐acc=0.620
Locality eval: pred=true              gold=true  correct=True  running‐acc=0.916
[ 451/600] loss=15.2621  pred=false  gold=true  running‐acc=0.619
Locality eval: pred=true              gold=n/a  correct=False  running‐acc=0.914
[ 452/600] loss=10.2792  pred=n/a    gold=n/a  running‐acc=0.619
Locality eval: pred=true              gold=true  correct=True  running‐acc=0.914
[ 453/600] loss=10.1546  pred=false  gold=n/a  running‐acc=0.618
Locality eval: pred=false             gold=true  correct=False  running‐acc=0.912
[ 454/600] loss=8.8713  pred=false  gold=n/a  running‐acc=0.617
Locality eval: pred=true              gold=true  correct=True  running‐acc=0.912
[ 455/600] loss=14.4664  pred=true   gold=true  running‐acc=0.618
Locality eval: pred=n/a               gold=n/a  correct=True  running‐acc=0.912
[ 456/600] loss=9.3288  pred=false  gold=n/a  running‐acc=0.616
Locality eval: pred=true              gold=true  correct=True  running‐acc=0.912
[ 457/600] loss=9.6359  pred=false  gold=n/a  running‐acc=0.615
Locality eval: pred=true              gold=true  correct=True  running‐acc=0.912
[ 458/600] loss=10.8400  pred=n/a    gold=n/a  running‐acc=0.616
Locality eval: pred=true              gold=true  correct=True  running‐acc=0.913
[ 459/600] loss=14.2556  pred=true   gold=true  running‐acc=0.617
Locality eval: pred=n/a               gold=n/a  correct=True  running‐acc=0.913
[ 460/600] loss=12.8543  pred=true   gold=true  running‐acc=0.617
Locality eval: pred=n/a               gold=n/a  correct=True  running‐acc=0.913
[ 461/600] loss=10.6665  pred=false  gold=n/a  running‐acc=0.616
Locality eval: pred=true              gold=true  correct=True  running‐acc=0.913
[ 462/600] loss=7.5620  pred=false  gold=n/a  running‐acc=0.615
Locality eval: pred=n/a               gold=true  correct=False  running‐acc=0.911
[ 463/600] loss=14.4970  pred=true   gold=true  running‐acc=0.616
Locality eval: pred=n/a               gold=n/a  correct=True  running‐acc=0.911
[ 464/600] loss=10.7068  pred=n/a    gold=n/a  running‐acc=0.616
Locality eval: pred=true              gold=true  correct=True  running‐acc=0.912
[ 465/600] loss=10.3777  pred=n/a    gold=n/a  running‐acc=0.617
Locality eval: pred=true              gold=true  correct=True  running‐acc=0.912
[ 466/600] loss=9.7136  pred=n/a    gold=n/a  running‐acc=0.618
Locality eval: pred=true              gold=true  correct=True  running‐acc=0.912
[ 467/600] loss=10.1637  pred=n/a    gold=n/a  running‐acc=0.619
Locality eval: pred=true              gold=true  correct=True  running‐acc=0.912
[ 468/600] loss=10.4015  pred=false  gold=n/a  running‐acc=0.618
Locality eval: pred=true              gold=true  correct=True  running‐acc=0.912
[ 469/600] loss=14.2874  pred=true   gold=true  running‐acc=0.618
Locality eval: pred=n/a               gold=n/a  correct=True  running‐acc=0.913
[ 470/600] loss=9.9281  pred=false  gold=n/a  running‐acc=0.617
Locality eval: pred=true              gold=true  correct=True  running‐acc=0.913
[ 471/600] loss=10.5948  pred=n/a    gold=n/a  running‐acc=0.618
Locality eval: pred=true              gold=true  correct=True  running‐acc=0.913
[ 472/600] loss=15.5627  pred=true   gold=true  running‐acc=0.619
Locality eval: pred=false             gold=n/a  correct=False  running‐acc=0.911
[ 473/600] loss=10.0515  pred=false  gold=n/a  running‐acc=0.617
Locality eval: pred=true              gold=true  correct=True  running‐acc=0.911
[ 474/600] loss=13.8734  pred=true   gold=true  running‐acc=0.618
Locality eval: pred=n/a               gold=n/a  correct=True  running‐acc=0.911
[ 475/600] loss=10.1870  pred=n/a    gold=n/a  running‐acc=0.619
Locality eval: pred=true              gold=true  correct=True  running‐acc=0.912
[ 476/600] loss=13.8988  pred=true   gold=true  running‐acc=0.620
Locality eval: pred=n/a               gold=n/a  correct=True  running‐acc=0.912
[ 477/600] loss=10.5015  pred=n/a    gold=n/a  running‐acc=0.621
Locality eval: pred=true              gold=true  correct=True  running‐acc=0.912
[ 478/600] loss=13.7481  pred=true   gold=true  running‐acc=0.621
Locality eval: pred=n/a               gold=n/a  correct=True  running‐acc=0.912
[ 479/600] loss=9.7520  pred=false  gold=n/a  running‐acc=0.620
Locality eval: pred=true              gold=true  correct=True  running‐acc=0.912
[ 480/600] loss=10.3635  pred=n/a    gold=n/a  running‐acc=0.621
Locality eval: pred=true.             gold=true  correct=True  running‐acc=0.912
[ 481/600] loss=10.5984  pred=n/a    gold=n/a  running‐acc=0.622
Locality eval: pred=true              gold=true  correct=True  running‐acc=0.913
[ 482/600] loss=15.4632  pred=true   gold=true  running‐acc=0.622
Locality eval: pred=n/a               gold=n/a  correct=True  running‐acc=0.913
[ 483/600] loss=9.3296  pred=n/a    gold=n/a  running‐acc=0.623
Locality eval: pred=true.             gold=true  correct=True  running‐acc=0.913
[ 484/600] loss=10.6688  pred=n/a    gold=n/a  running‐acc=0.624
Locality eval: pred=true              gold=true  correct=True  running‐acc=0.913
[ 485/600] loss=9.9052  pred=false  gold=n/a  running‐acc=0.623
Locality eval: pred=true              gold=true  correct=True  running‐acc=0.913
[ 486/600] loss=10.4877  pred=false  gold=n/a  running‐acc=0.621
Locality eval: pred=true              gold=true  correct=True  running‐acc=0.914
[ 487/600] loss=10.6326  pred=n/a    gold=n/a  running‐acc=0.622
Locality eval: pred=true              gold=true  correct=True  running‐acc=0.914
[ 488/600] loss=10.1880  pred=n/a    gold=n/a  running‐acc=0.623
Locality eval: pred=true              gold=true  correct=True  running‐acc=0.914
[ 489/600] loss=10.0299  pred=n/a    gold=n/a  running‐acc=0.624
Locality eval: pred=true              gold=true  correct=True  running‐acc=0.914
[ 490/600] loss=9.9259  pred=false  gold=n/a  running‐acc=0.622
Locality eval: pred=true              gold=true  correct=True  running‐acc=0.914
[ 491/600] loss=8.7258  pred=true   gold=n/a  running‐acc=0.621
Locality eval: pred=true              gold=true  correct=True  running‐acc=0.914
[ 492/600] loss=14.5145  pred=true   gold=true  running‐acc=0.622
Locality eval: pred=n/a               gold=n/a  correct=True  running‐acc=0.915
[ 493/600] loss=10.1323  pred=false  gold=n/a  running‐acc=0.621
Locality eval: pred=true              gold=true  correct=True  running‐acc=0.915
[ 494/600] loss=10.1872  pred=false  gold=n/a  running‐acc=0.619
Locality eval: pred=true              gold=true  correct=True  running‐acc=0.915
[ 495/600] loss=10.1642  pred=n/a    gold=n/a  running‐acc=0.620
Locality eval: pred=true              gold=true  correct=True  running‐acc=0.915
[ 496/600] loss=9.9297  pred=true   gold=n/a  running‐acc=0.619
Locality eval: pred=true              gold=true  correct=True  running‐acc=0.915
[ 497/600] loss=14.2611  pred=true.  gold=true  running‐acc=0.620
Locality eval: pred=n/a               gold=n/a  correct=True  running‐acc=0.915
[ 498/600] loss=14.6605  pred=true   gold=true  running‐acc=0.620
Locality eval: pred=n/a               gold=n/a  correct=True  running‐acc=0.916
[ 499/600] loss=10.1368  pred=n/a    gold=n/a  running‐acc=0.621
Locality eval: pred=true              gold=true  correct=True  running‐acc=0.916
[ 500/600] loss=8.9585  pred=true   gold=n/a  running‐acc=0.620
Locality eval: pred=true              gold=true  correct=True  running‐acc=0.916
[ 501/600] loss=9.9775  pred=false  gold=n/a  running‐acc=0.619
Locality eval: pred=true.             gold=true  correct=True  running‐acc=0.916
[ 502/600] loss=8.2976  pred=n/a    gold=n/a  running‐acc=0.620
Locality eval: pred=true              gold=true  correct=True  running‐acc=0.916
[ 503/600] loss=13.2554  pred=true   gold=true  running‐acc=0.620
Locality eval: pred=n/a               gold=n/a  correct=True  running‐acc=0.917
[ 504/600] loss=13.9154  pred=n/a    gold=true  running‐acc=0.619
Locality eval: pred=n/a               gold=n/a  correct=True  running‐acc=0.917
[ 505/600] loss=15.2371  pred=true   gold=true  running‐acc=0.620
Locality eval: pred=true              gold=n/a  correct=False  running‐acc=0.915
[ 506/600] loss=14.7136  pred=false  gold=true  running‐acc=0.619
Locality eval: pred=n/a               gold=n/a  correct=True  running‐acc=0.915
[ 507/600] loss=13.8083  pred=n/a    gold=true  running‐acc=0.617
Locality eval: pred=n/a               gold=n/a  correct=True  running‐acc=0.915
[ 508/600] loss=14.1535  pred=n/a    gold=true  running‐acc=0.616
Locality eval: pred=n/a               gold=n/a  correct=True  running‐acc=0.915
[ 509/600] loss=15.9947  pred=true   gold=true  running‐acc=0.617
Locality eval: pred=n/a               gold=n/a  correct=True  running‐acc=0.916
[ 510/600] loss=15.0909  pred=true   gold=true  running‐acc=0.618
Locality eval: pred=n/a               gold=n/a  correct=True  running‐acc=0.916
[ 511/600] loss=10.6243  pred=n/a    gold=n/a  running‐acc=0.618
Locality eval: pred=true              gold=true  correct=True  running‐acc=0.916
[ 512/600] loss=13.5601  pred=true   gold=true  running‐acc=0.619
Locality eval: pred=n/a               gold=n/a  correct=True  running‐acc=0.916
[ 513/600] loss=10.1890  pred=n/a    gold=n/a  running‐acc=0.620
Locality eval: pred=true              gold=true  correct=True  running‐acc=0.916
[ 514/600] loss=14.4531  pred=false  gold=true  running‐acc=0.619
Locality eval: pred=n/a               gold=n/a  correct=True  running‐acc=0.916
[ 515/600] loss=9.7454  pred=false  gold=n/a  running‐acc=0.617
Locality eval: pred=true              gold=true  correct=True  running‐acc=0.917
[ 516/600] loss=10.7264  pred=n/a    gold=n/a  running‐acc=0.618
Locality eval: pred=true              gold=true  correct=True  running‐acc=0.917
[ 517/600] loss=10.1531  pred=n/a    gold=n/a  running‐acc=0.619
Locality eval: pred=true.             gold=true  correct=True  running‐acc=0.917
[ 518/600] loss=10.5266  pred=n/a    gold=n/a  running‐acc=0.620
Locality eval: pred=true              gold=true  correct=True  running‐acc=0.917
[ 519/600] loss=14.8567  pred=true   gold=true  running‐acc=0.620
Locality eval: pred=n/a               gold=n/a  correct=True  running‐acc=0.917
[ 520/600] loss=14.6133  pred=true   gold=true  running‐acc=0.621
Locality eval: pred=n/a               gold=n/a  correct=True  running‐acc=0.917
[ 521/600] loss=14.0538  pred=true   gold=true  running‐acc=0.622
Locality eval: pred=n/a               gold=n/a  correct=True  running‐acc=0.917
[ 522/600] loss=14.8672  pred=true.  gold=true  running‐acc=0.623
Locality eval: pred=n/a               gold=n/a  correct=True  running‐acc=0.918
[ 523/600] loss=9.6537  pred=n/a    gold=n/a  running‐acc=0.623
Locality eval: pred=true              gold=true  correct=True  running‐acc=0.918
[ 524/600] loss=13.9916  pred=true   gold=true  running‐acc=0.624
Locality eval: pred=n/a               gold=n/a  correct=True  running‐acc=0.918
[ 525/600] loss=14.1215  pred=true   gold=true  running‐acc=0.625
Locality eval: pred=n/a               gold=n/a  correct=True  running‐acc=0.918
[ 526/600] loss=13.9661  pred=true   gold=true  running‐acc=0.625
Locality eval: pred=n/a               gold=n/a  correct=True  running‐acc=0.918
[ 527/600] loss=9.9623  pred=false  gold=n/a  running‐acc=0.624
Locality eval: pred=true              gold=true  correct=True  running‐acc=0.918
[ 528/600] loss=14.4120  pred=true   gold=true  running‐acc=0.625
Locality eval: pred=n/a               gold=n/a  correct=True  running‐acc=0.919
[ 529/600] loss=10.1290  pred=false  gold=n/a  running‐acc=0.624
Locality eval: pred=true              gold=true  correct=True  running‐acc=0.919
[ 530/600] loss=15.8137  pred=false  gold=true  running‐acc=0.623
Locality eval: pred=true              gold=n/a  correct=False  running‐acc=0.917
[ 531/600] loss=10.7944  pred=true   gold=n/a  running‐acc=0.621
Locality eval: pred=true              gold=true  correct=True  running‐acc=0.917
[ 532/600] loss=13.7914  pred=true   gold=true  running‐acc=0.622
Locality eval: pred=n/a               gold=n/a  correct=True  running‐acc=0.917
[ 533/600] loss=9.7409  pred=false  gold=n/a  running‐acc=0.621
Locality eval: pred=true              gold=true  correct=True  running‐acc=0.917
[ 534/600] loss=15.1788  pred=true   gold=true  running‐acc=0.622
Locality eval: pred=n/a               gold=n/a  correct=True  running‐acc=0.918
[ 535/600] loss=13.9655  pred=n/a    gold=true  running‐acc=0.621
Locality eval: pred=n/a               gold=n/a  correct=True  running‐acc=0.918
[ 536/600] loss=13.5527  pred=true   gold=true  running‐acc=0.621
Locality eval: pred=n/a               gold=n/a  correct=True  running‐acc=0.918
[ 537/600] loss=9.8797  pred=n/a    gold=n/a  running‐acc=0.622
Locality eval: pred=true              gold=true  correct=True  running‐acc=0.918
[ 538/600] loss=15.5455  pred=true   gold=true  running‐acc=0.623
Locality eval: pred=n/a               gold=n/a  correct=True  running‐acc=0.918
[ 539/600] loss=14.5873  pred=true   gold=true  running‐acc=0.623
Locality eval: pred=n/a               gold=n/a  correct=True  running‐acc=0.918
[ 540/600] loss=10.2144  pred=false  gold=n/a  running‐acc=0.622
Locality eval: pred=true              gold=true  correct=True  running‐acc=0.919
[ 541/600] loss=9.6390  pred=false.  gold=n/a  running‐acc=0.621
Locality eval: pred=true              gold=true  correct=True  running‐acc=0.919
[ 542/600] loss=10.0645  pred=n/a    gold=n/a  running‐acc=0.622
Locality eval: pred=true              gold=true  correct=True  running‐acc=0.919
[ 543/600] loss=10.5373  pred=true   gold=n/a  running‐acc=0.621
Locality eval: pred=true              gold=true  correct=True  running‐acc=0.919
[ 544/600] loss=9.9152  pred=n/a    gold=n/a  running‐acc=0.621
Locality eval: pred=true              gold=true  correct=True  running‐acc=0.919
[ 545/600] loss=14.3582  pred=n/a    gold=true  running‐acc=0.620
Locality eval: pred=n/a               gold=n/a  correct=True  running‐acc=0.919
[ 546/600] loss=10.8130  pred=n/a    gold=n/a  running‐acc=0.621
Locality eval: pred=true              gold=true  correct=True  running‐acc=0.919
[ 547/600] loss=15.1889  pred=true   gold=true  running‐acc=0.622
Locality eval: pred=n/a               gold=n/a  correct=True  running‐acc=0.920
[ 548/600] loss=14.8006  pred=true   gold=true  running‐acc=0.622
Locality eval: pred=n/a               gold=n/a  correct=True  running‐acc=0.920
[ 549/600] loss=14.5738  pred=n/a    gold=true  running‐acc=0.621
Locality eval: pred=n/a               gold=n/a  correct=True  running‐acc=0.920
[ 550/600] loss=9.9361  pred=false  gold=n/a  running‐acc=0.620
Locality eval: pred=true              gold=true  correct=True  running‐acc=0.920
[ 551/600] loss=14.8543  pred=true   gold=true  running‐acc=0.621
Locality eval: pred=n/a               gold=n/a  correct=True  running‐acc=0.920
[ 552/600] loss=9.7370  pred=n/a    gold=n/a  running‐acc=0.621
Locality eval: pred=true              gold=true  correct=True  running‐acc=0.920
[ 553/600] loss=9.9103  pred=n/a    gold=n/a  running‐acc=0.622
Locality eval: pred=true              gold=true  correct=True  running‐acc=0.920
[ 554/600] loss=14.5032  pred=true   gold=true  running‐acc=0.623
Locality eval: pred=n/a               gold=n/a  correct=True  running‐acc=0.921
[ 555/600] loss=10.6312  pred=n/a    gold=n/a  running‐acc=0.623
Locality eval: pred=true              gold=true  correct=True  running‐acc=0.921
[ 556/600] loss=10.4553  pred=n/a    gold=n/a  running‐acc=0.624
Locality eval: pred=true              gold=true  correct=True  running‐acc=0.921
[ 557/600] loss=10.1673  pred=n/a    gold=n/a  running‐acc=0.625
Locality eval: pred=true              gold=true  correct=True  running‐acc=0.921
[ 558/600] loss=14.0683  pred=true   gold=true  running‐acc=0.625
Locality eval: pred=n/a               gold=n/a  correct=True  running‐acc=0.921
[ 559/600] loss=12.0884  pred=true   gold=true  running‐acc=0.626
Locality eval: pred=n/a               gold=n/a  correct=True  running‐acc=0.921
[ 560/600] loss=9.8520  pred=true   gold=n/a  running‐acc=0.625
Locality eval: pred=true              gold=true  correct=True  running‐acc=0.921
[ 561/600] loss=14.7478  pred=true   gold=true  running‐acc=0.626
Locality eval: pred=false             gold=n/a  correct=False  running‐acc=0.920
[ 562/600] loss=14.2973  pred=true   gold=true  running‐acc=0.626
Locality eval: pred=n/a               gold=n/a  correct=True  running‐acc=0.920
[ 563/600] loss=10.2087  pred=false  gold=n/a  running‐acc=0.625
Locality eval: pred=true              gold=true  correct=True  running‐acc=0.920
[ 564/600] loss=14.8863  pred=n/a    gold=true  running‐acc=0.624
Locality eval: pred=n/a               gold=n/a  correct=True  running‐acc=0.920
[ 565/600] loss=10.3764  pred=false  gold=n/a  running‐acc=0.623
Locality eval: pred=true              gold=true  correct=True  running‐acc=0.920
[ 566/600] loss=13.3436  pred=false  gold=true  running‐acc=0.622
Locality eval: pred=n/a               gold=n/a  correct=True  running‐acc=0.920
[ 567/600] loss=15.3220  pred=true   gold=true  running‐acc=0.623
Locality eval: pred=true              gold=n/a  correct=False  running‐acc=0.919
[ 568/600] loss=9.7506  pred=false  gold=n/a  running‐acc=0.621
Locality eval: pred=true              gold=true  correct=True  running‐acc=0.919
[ 569/600] loss=15.3537  pred=true   gold=true  running‐acc=0.622
Locality eval: pred=n/a               gold=n/a  correct=True  running‐acc=0.919
[ 570/600] loss=14.1779  pred=true   gold=true  running‐acc=0.623
Locality eval: pred=n/a               gold=n/a  correct=True  running‐acc=0.919
[ 571/600] loss=13.8720  pred=false  gold=true  running‐acc=0.622
Locality eval: pred=n/a               gold=n/a  correct=True  running‐acc=0.919
[ 572/600] loss=14.4970  pred=n/a    gold=true  running‐acc=0.621
Locality eval: pred=n/a               gold=n/a  correct=True  running‐acc=0.920
[ 573/600] loss=15.0818  pred=true   gold=true  running‐acc=0.621
Locality eval: pred=n/a               gold=n/a  correct=True  running‐acc=0.920
[ 574/600] loss=15.7960  pred=n/a    gold=true  running‐acc=0.620
Locality eval: pred=true              gold=n/a  correct=False  running‐acc=0.918
[ 575/600] loss=14.4702  pred=true   gold=true  running‐acc=0.621
Locality eval: pred=n/a               gold=n/a  correct=True  running‐acc=0.918
[ 576/600] loss=15.3976  pred=true   gold=true  running‐acc=0.622
Locality eval: pred=n/a               gold=n/a  correct=True  running‐acc=0.918
[ 577/600] loss=13.3823  pred=true   gold=true  running‐acc=0.622
Locality eval: pred=n/a               gold=n/a  correct=True  running‐acc=0.919
[ 578/600] loss=10.0291  pred=false  gold=n/a  running‐acc=0.621
Locality eval: pred=true              gold=true  correct=True  running‐acc=0.919
[ 579/600] loss=15.9064  pred=true   gold=true  running‐acc=0.622
Locality eval: pred=n/a               gold=n/a  correct=True  running‐acc=0.919
[ 580/600] loss=10.8832  pred=n/a    gold=n/a  running‐acc=0.622
Locality eval: pred=true              gold=true  correct=True  running‐acc=0.919
[ 581/600] loss=10.8207  pred=n/a    gold=n/a  running‐acc=0.623
Locality eval: pred=true              gold=true  correct=True  running‐acc=0.919
[ 582/600] loss=10.3711  pred=true   gold=n/a  running‐acc=0.622
Locality eval: pred=true              gold=true  correct=True  running‐acc=0.919
[ 583/600] loss=10.5571  pred=false  gold=n/a  running‐acc=0.621
Locality eval: pred=true              gold=true  correct=True  running‐acc=0.919
[ 584/600] loss=10.6220  pred=n/a    gold=n/a  running‐acc=0.622
Locality eval: pred=true              gold=true  correct=True  running‐acc=0.920
[ 585/600] loss=10.7648  pred=n/a    gold=n/a  running‐acc=0.622
Locality eval: pred=true              gold=true  correct=True  running‐acc=0.920
[ 586/600] loss=8.7888  pred=true   gold=n/a  running‐acc=0.621
Locality eval: pred=true              gold=true  correct=True  running‐acc=0.920
[ 587/600] loss=14.2889  pred=true   gold=true  running‐acc=0.622
Locality eval: pred=n/a               gold=n/a  correct=True  running‐acc=0.920
[ 588/600] loss=13.8434  pred=n/a    gold=true  running‐acc=0.621
Locality eval: pred=n/a               gold=n/a  correct=True  running‐acc=0.920
[ 589/600] loss=14.3944  pred=false  gold=true  running‐acc=0.620
Locality eval: pred=n/a               gold=n/a  correct=True  running‐acc=0.920
[ 590/600] loss=14.2254  pred=true   gold=true  running‐acc=0.620
Locality eval: pred=n/a               gold=n/a  correct=True  running‐acc=0.920
[ 591/600] loss=13.2519  pred=true   gold=true  running‐acc=0.621
Locality eval: pred=n/a               gold=n/a  correct=True  running‐acc=0.920
[ 592/600] loss=10.2926  pred=false.  gold=n/a  running‐acc=0.620
Locality eval: pred=true              gold=true  correct=True  running‐acc=0.921
[ 593/600] loss=13.4799  pred=true   gold=true  running‐acc=0.621
Locality eval: pred=n/a               gold=n/a  correct=True  running‐acc=0.921
[ 594/600] loss=8.9530  pred=true   gold=n/a  running‐acc=0.620
Locality eval: pred=true              gold=true  correct=True  running‐acc=0.921
[ 595/600] loss=13.7468  pred=n/a    gold=true  running‐acc=0.618
Locality eval: pred=n/a               gold=n/a  correct=True  running‐acc=0.921
[ 596/600] loss=10.0611  pred=n/a    gold=n/a  running‐acc=0.619
Locality eval: pred=true.             gold=true  correct=True  running‐acc=0.921
[ 597/600] loss=10.4095  pred=true   gold=n/a  running‐acc=0.618
Locality eval: pred=true              gold=true  correct=True  running‐acc=0.921
[ 598/600] loss=14.1307  pred=n/a    gold=true  running‐acc=0.617
Locality eval: pred=n/a               gold=n/a  correct=True  running‐acc=0.921
[ 599/600] loss=14.4381  pred=true   gold=true  running‐acc=0.618
Locality eval: pred=n/a               gold=n/a  correct=True  running‐acc=0.922
[ 600/600] loss=10.7859  pred=n/a    gold=n/a  running‐acc=0.618
Locality eval: pred=true              gold=true  correct=True  running‐acc=0.922

Finished in 2535.8s.  Final accuracy: 0.618.

