Sliding Window Attention is enabled but not implemented for `sdpa`; unexpected results may be encountered.

Loading base model (4‐bit)…
Loading checkpoint shards:   0%|          | 0/4 [00:00<?, ?it/s]Loading checkpoint shards:  25%|██▌       | 1/4 [00:00<00:02,  1.17it/s]Loading checkpoint shards:  50%|█████     | 2/4 [00:02<00:02,  1.13s/it]Loading checkpoint shards:  75%|███████▌  | 3/4 [00:03<00:01,  1.35s/it]Loading checkpoint shards: 100%|██████████| 4/4 [00:05<00:00,  1.30s/it]Loading checkpoint shards: 100%|██████████| 4/4 [00:05<00:00,  1.25s/it]
trainable params: 5,046,272 || all params: 7,620,662,784 || trainable%: 0.0662
  0%|          | 0/600 [00:00<?, ?it/s]100%|██████████| 600/600 [00:00<00:00, 22099.52it/s]
/project/uvadm/zhenyu/miniconda3/envs/mechanistic/lib/python3.10/site-packages/transformers/generation/configuration_utils.py:631: UserWarning: `do_sample` is set to `False`. However, `temperature` is set to `0.7` -- this flag is only used in sample-based generation modes. You should set `do_sample=True` or unset `temperature`.
  warnings.warn(
/project/uvadm/zhenyu/miniconda3/envs/mechanistic/lib/python3.10/site-packages/transformers/generation/configuration_utils.py:636: UserWarning: `do_sample` is set to `False`. However, `top_p` is set to `0.8` -- this flag is only used in sample-based generation modes. You should set `do_sample=True` or unset `top_p`.
  warnings.warn(
/project/uvadm/zhenyu/miniconda3/envs/mechanistic/lib/python3.10/site-packages/transformers/generation/configuration_utils.py:653: UserWarning: `do_sample` is set to `False`. However, `top_k` is set to `20` -- this flag is only used in sample-based generation modes. You should set `do_sample=True` or unset `top_k`.
  warnings.warn(
Loaded 600 (train, eval) pairs.

Starting sequential training…
Cached 112 LoRA tensors.
[   1/600] loss=5.6383  pred=true.  gold=true  running‐acc=1.000
Locality eval: pred=n/a               gold=n/a  correct=True  running‐acc=1.000
[   2/600] loss=6.5909  pred=true.  gold=true  running‐acc=1.000
Locality eval: pred=n/a               gold=n/a  correct=True  running‐acc=1.000
[   3/600] loss=5.7633  pred=true.  gold=true  running‐acc=1.000
Locality eval: pred=n/a               gold=n/a  correct=True  running‐acc=1.000
[   4/600] loss=6.0373  pred=true.  gold=true  running‐acc=1.000
Locality eval: pred=n/a               gold=n/a  correct=True  running‐acc=1.000
[   5/600] loss=5.9737  pred=true   gold=true  running‐acc=1.000
Locality eval: pred=n/a               gold=n/a  correct=True  running‐acc=1.000
[   6/600] loss=8.5529  pred=n/a    gold=true  running‐acc=0.833
Locality eval: pred=n/a               gold=n/a  correct=True  running‐acc=1.000
[   7/600] loss=6.0633  pred=false.  gold=n/a  running‐acc=0.714
Locality eval: pred=true.             gold=true  correct=True  running‐acc=1.000
[   8/600] loss=6.0653  pred=n/a    gold=n/a  running‐acc=0.750
Locality eval: pred=true.             gold=true  correct=True  running‐acc=1.000
[   9/600] loss=10.7302  pred=n/a    gold=true  running‐acc=0.667
Locality eval: pred=n/a               gold=n/a  correct=True  running‐acc=1.000
[  10/600] loss=7.3309  pred=true.  gold=true  running‐acc=0.700
Locality eval: pred=n/a               gold=n/a  correct=True  running‐acc=1.000
[  11/600] loss=7.0168  pred=n/a    gold=true  running‐acc=0.636
Locality eval: pred=n/a               gold=n/a  correct=True  running‐acc=1.000
[  12/600] loss=8.4144  pred=n/a    gold=true  running‐acc=0.583
Locality eval: pred=n/a               gold=n/a  correct=True  running‐acc=1.000
[  13/600] loss=4.7593  pred=true   gold=n/a  running‐acc=0.538
Locality eval: pred=true.             gold=true  correct=True  running‐acc=1.000
[  14/600] loss=6.3222  pred=n/a    gold=n/a  running‐acc=0.571
Locality eval: pred=true.             gold=true  correct=True  running‐acc=1.000
[  15/600] loss=5.9102  pred=n/a    gold=true  running‐acc=0.533
Locality eval: pred=n/a               gold=n/a  correct=True  running‐acc=1.000
[  16/600] loss=5.9118  pred=n/a    gold=n/a  running‐acc=0.562
Locality eval: pred=true.             gold=true  correct=True  running‐acc=1.000
[  17/600] loss=5.6287  pred=n/a    gold=n/a  running‐acc=0.588
Locality eval: pred=true.             gold=true  correct=True  running‐acc=1.000
[  18/600] loss=6.0892  pred=true.  gold=true  running‐acc=0.611
Locality eval: pred=n/a               gold=n/a  correct=True  running‐acc=1.000
[  19/600] loss=7.2713  pred=true.  gold=true  running‐acc=0.632
Locality eval: pred=n/a               gold=n/a  correct=True  running‐acc=1.000
[  20/600] loss=6.0805  pred=n/a    gold=n/a  running‐acc=0.650
Locality eval: pred=true.             gold=true  correct=True  running‐acc=1.000
[  21/600] loss=5.8774  pred=n/a    gold=n/a  running‐acc=0.667
Locality eval: pred=true.             gold=true  correct=True  running‐acc=1.000
[  22/600] loss=6.0277  pred=n/a    gold=n/a  running‐acc=0.682
Locality eval: pred=true.             gold=true  correct=True  running‐acc=1.000
[  23/600] loss=6.2749  pred=n/a    gold=n/a  running‐acc=0.696
Locality eval: pred=true.             gold=true  correct=True  running‐acc=1.000
[  24/600] loss=4.8546  pred=n/a    gold=n/a  running‐acc=0.708
Locality eval: pred=true              gold=true  correct=True  running‐acc=1.000
[  25/600] loss=6.3094  pred=true.  gold=true  running‐acc=0.720
Locality eval: pred=n/a               gold=n/a  correct=True  running‐acc=1.000
[  26/600] loss=6.2721  pred=n/a    gold=n/a  running‐acc=0.731
Locality eval: pred=true.             gold=true  correct=True  running‐acc=1.000
[  27/600] loss=5.9636  pred=n/a    gold=n/a  running‐acc=0.741
Locality eval: pred=true.             gold=true  correct=True  running‐acc=1.000
[  28/600] loss=5.1526  pred=true.  gold=n/a  running‐acc=0.714
Locality eval: pred=true.             gold=true  correct=True  running‐acc=1.000
[  29/600] loss=5.3625  pred=n/a    gold=n/a  running‐acc=0.724
Locality eval: pred=true              gold=true  correct=True  running‐acc=1.000
[  30/600] loss=5.9000  pred=n/a    gold=n/a  running‐acc=0.733
Locality eval: pred=true.             gold=true  correct=True  running‐acc=1.000
[  31/600] loss=5.9668  pred=true   gold=true  running‐acc=0.742
Locality eval: pred=n/a               gold=n/a  correct=True  running‐acc=1.000
[  32/600] loss=5.3067  pred=n/a    gold=n/a  running‐acc=0.750
Locality eval: pred=true.             gold=true  correct=True  running‐acc=1.000
[  33/600] loss=5.3343  pred=n/a    gold=n/a  running‐acc=0.758
Locality eval: pred=true              gold=true  correct=True  running‐acc=1.000
[  34/600] loss=5.6101  pred=n/a    gold=n/a  running‐acc=0.765
Locality eval: pred=true.             gold=true  correct=True  running‐acc=1.000
[  35/600] loss=5.6643  pred=n/a    gold=true  running‐acc=0.743
Locality eval: pred=n/a               gold=n/a  correct=True  running‐acc=1.000
[  36/600] loss=4.7981  pred=n/a    gold=n/a  running‐acc=0.750
Locality eval: pred=true.             gold=true  correct=True  running‐acc=1.000
[  37/600] loss=7.6859  pred=n/a    gold=true  running‐acc=0.730
Locality eval: pred=n/a               gold=n/a  correct=True  running‐acc=1.000
[  38/600] loss=4.9760  pred=n/a    gold=n/a  running‐acc=0.737
Locality eval: pred=true.             gold=true  correct=True  running‐acc=1.000
[  39/600] loss=6.8623  pred=true.  gold=true  running‐acc=0.744
Locality eval: pred=n/a               gold=n/a  correct=True  running‐acc=1.000
[  40/600] loss=6.9073  pred=n/a    gold=true  running‐acc=0.725
Locality eval: pred=n/a               gold=n/a  correct=True  running‐acc=1.000
[  41/600] loss=7.1329  pred=true.  gold=true  running‐acc=0.732
Locality eval: pred=n/a               gold=n/a  correct=True  running‐acc=1.000
[  42/600] loss=5.9435  pred=n/a    gold=n/a  running‐acc=0.738
Locality eval: pred=true.             gold=true  correct=True  running‐acc=1.000
[  43/600] loss=4.8914  pred=n/a    gold=true  running‐acc=0.721
Locality eval: pred=n/a               gold=n/a  correct=True  running‐acc=1.000
[  44/600] loss=5.7191  pred=n/a    gold=n/a  running‐acc=0.727
Locality eval: pred=true.             gold=true  correct=True  running‐acc=1.000
[  45/600] loss=5.1882  pred=n/a    gold=n/a  running‐acc=0.733
Locality eval: pred=true              gold=true  correct=True  running‐acc=1.000
[  46/600] loss=6.4345  pred=true.  gold=true  running‐acc=0.739
Locality eval: pred=n/a               gold=n/a  correct=True  running‐acc=1.000
[  47/600] loss=5.5155  pred=n/a    gold=true  running‐acc=0.723
Locality eval: pred=n/a               gold=n/a  correct=True  running‐acc=1.000
[  48/600] loss=5.9688  pred=n/a    gold=n/a  running‐acc=0.729
Locality eval: pred=true.             gold=true  correct=True  running‐acc=1.000
[  49/600] loss=6.8955  pred=true.  gold=true  running‐acc=0.735
Locality eval: pred=n/a               gold=n/a  correct=True  running‐acc=1.000
[  50/600] loss=5.6605  pred=n/a    gold=n/a  running‐acc=0.740
Locality eval: pred=true              gold=true  correct=True  running‐acc=1.000
[  51/600] loss=5.7180  pred=true.  gold=true  running‐acc=0.745
Locality eval: pred=n/a               gold=n/a  correct=True  running‐acc=1.000
[  52/600] loss=5.7538  pred=true   gold=true  running‐acc=0.750
Locality eval: pred=n/a               gold=n/a  correct=True  running‐acc=1.000
[  53/600] loss=5.6540  pred=n/a    gold=n/a  running‐acc=0.755
Locality eval: pred=true              gold=true  correct=True  running‐acc=1.000
[  54/600] loss=6.6802  pred=true.  gold=true  running‐acc=0.759
Locality eval: pred=n/a               gold=n/a  correct=True  running‐acc=1.000
[  55/600] loss=5.2922  pred=n/a    gold=n/a  running‐acc=0.764
Locality eval: pred=true.             gold=true  correct=True  running‐acc=1.000
[  56/600] loss=4.8521  pred=n/a    gold=n/a  running‐acc=0.768
Locality eval: pred=true.             gold=true  correct=True  running‐acc=1.000
[  57/600] loss=5.8625  pred=n/a    gold=true  running‐acc=0.754
Locality eval: pred=n/a               gold=n/a  correct=True  running‐acc=1.000
[  58/600] loss=5.8905  pred=true.  gold=true  running‐acc=0.759
Locality eval: pred=n/a               gold=n/a  correct=True  running‐acc=1.000
[  59/600] loss=5.1076  pred=true   gold=true  running‐acc=0.763
Locality eval: pred=n/a               gold=n/a  correct=True  running‐acc=1.000
[  60/600] loss=5.3606  pred=true.  gold=true  running‐acc=0.767
Locality eval: pred=n/a               gold=n/a  correct=True  running‐acc=1.000
[  61/600] loss=8.0208  pred=false.  gold=true  running‐acc=0.754
Locality eval: pred=n/a               gold=n/a  correct=True  running‐acc=1.000
[  62/600] loss=7.1844  pred=n/a    gold=true  running‐acc=0.742
Locality eval: pred=n/a               gold=n/a  correct=True  running‐acc=1.000
[  63/600] loss=5.8840  pred=n/a    gold=n/a  running‐acc=0.746
Locality eval: pred=true.             gold=true  correct=True  running‐acc=1.000
[  64/600] loss=6.5138  pred=n/a    gold=n/a  running‐acc=0.750
Locality eval: pred=true              gold=true  correct=True  running‐acc=1.000
[  65/600] loss=5.2729  pred=n/a    gold=n/a  running‐acc=0.754
Locality eval: pred=true.             gold=true  correct=True  running‐acc=1.000
[  66/600] loss=7.4729  pred=n/a    gold=true  running‐acc=0.742
Locality eval: pred=n/a               gold=n/a  correct=True  running‐acc=1.000
[  67/600] loss=5.7169  pred=true.  gold=true  running‐acc=0.746
Locality eval: pred=n/a               gold=n/a  correct=True  running‐acc=1.000
[  68/600] loss=7.3586  pred=true.  gold=true  running‐acc=0.750
Locality eval: pred=n/a               gold=n/a  correct=True  running‐acc=1.000
[  69/600] loss=6.3970  pred=true.  gold=n/a  running‐acc=0.739
Locality eval: pred=true              gold=true  correct=True  running‐acc=1.000
[  70/600] loss=5.8650  pred=n/a    gold=n/a  running‐acc=0.743
Locality eval: pred=true.             gold=true  correct=True  running‐acc=1.000
[  71/600] loss=4.9424  pred=n/a    gold=n/a  running‐acc=0.746
Locality eval: pred=true.             gold=true  correct=True  running‐acc=1.000
[  72/600] loss=5.2231  pred=n/a    gold=n/a  running‐acc=0.750
Locality eval: pred=true              gold=true  correct=True  running‐acc=1.000
[  73/600] loss=5.9503  pred=true.  gold=true  running‐acc=0.753
Locality eval: pred=n/a               gold=n/a  correct=True  running‐acc=1.000
[  74/600] loss=5.9219  pred=false.  gold=n/a  running‐acc=0.743
Locality eval: pred=true              gold=true  correct=True  running‐acc=1.000
[  75/600] loss=5.6594  pred=n/a    gold=n/a  running‐acc=0.747
Locality eval: pred=true.             gold=true  correct=True  running‐acc=1.000
[  76/600] loss=8.9888  pred=n/a    gold=true  running‐acc=0.737
Locality eval: pred=n/a               gold=n/a  correct=True  running‐acc=1.000
[  77/600] loss=7.0131  pred=true.  gold=true  running‐acc=0.740
Locality eval: pred=n/a               gold=n/a  correct=True  running‐acc=1.000
[  78/600] loss=4.9258  pred=n/a    gold=n/a  running‐acc=0.744
Locality eval: pred=true.             gold=true  correct=True  running‐acc=1.000
[  79/600] loss=7.1835  pred=true.  gold=true  running‐acc=0.747
Locality eval: pred=n/a               gold=n/a  correct=True  running‐acc=1.000
[  80/600] loss=5.9059  pred=n/a    gold=n/a  running‐acc=0.750
Locality eval: pred=true.             gold=true  correct=True  running‐acc=1.000
[  81/600] loss=6.7944  pred=n/a    gold=n/a  running‐acc=0.753
Locality eval: pred=true.             gold=true  correct=True  running‐acc=1.000
[  82/600] loss=8.7376  pred=true   gold=true  running‐acc=0.756
Locality eval: pred=n/a               gold=n/a  correct=True  running‐acc=1.000
[  83/600] loss=5.5772  pred=true.  gold=n/a  running‐acc=0.747
Locality eval: pred=true              gold=true  correct=True  running‐acc=1.000
[  84/600] loss=7.7368  pred=true.  gold=true  running‐acc=0.750
Locality eval: pred=n/a               gold=n/a  correct=True  running‐acc=1.000
[  85/600] loss=5.0124  pred=n/a    gold=n/a  running‐acc=0.753
Locality eval: pred=true.             gold=true  correct=True  running‐acc=1.000
[  86/600] loss=5.2009  pred=n/a    gold=n/a  running‐acc=0.756
Locality eval: pred=true.             gold=true  correct=True  running‐acc=1.000
[  87/600] loss=5.5191  pred=n/a    gold=n/a  running‐acc=0.759
Locality eval: pred=true.             gold=true  correct=True  running‐acc=1.000
[  88/600] loss=7.8737  pred=true   gold=true  running‐acc=0.761
Locality eval: pred=n/a               gold=n/a  correct=True  running‐acc=1.000
[  89/600] loss=6.4514  pred=true.  gold=true  running‐acc=0.764
Locality eval: pred=n/a               gold=n/a  correct=True  running‐acc=1.000
[  90/600] loss=4.3927  pred=n/a    gold=n/a  running‐acc=0.767
Locality eval: pred=true              gold=true  correct=True  running‐acc=1.000
[  91/600] loss=4.4541  pred=n/a    gold=n/a  running‐acc=0.769
Locality eval: pred=true.             gold=true  correct=True  running‐acc=1.000
[  92/600] loss=5.5922  pred=n/a    gold=true  running‐acc=0.761
Locality eval: pred=n/a               gold=n/a  correct=True  running‐acc=1.000
[  93/600] loss=6.2479  pred=n/a    gold=n/a  running‐acc=0.763
Locality eval: pred=true.             gold=true  correct=True  running‐acc=1.000
[  94/600] loss=5.7499  pred=n/a    gold=n/a  running‐acc=0.766
Locality eval: pred=true.             gold=true  correct=True  running‐acc=1.000
[  95/600] loss=6.1870  pred=true   gold=true  running‐acc=0.768
Locality eval: pred=n/a               gold=n/a  correct=True  running‐acc=1.000
[  96/600] loss=5.4138  pred=n/a    gold=n/a  running‐acc=0.771
Locality eval: pred=true.             gold=true  correct=True  running‐acc=1.000
[  97/600] loss=3.8935  pred=n/a    gold=n/a  running‐acc=0.773
Locality eval: pred=true.             gold=true  correct=True  running‐acc=1.000
[  98/600] loss=6.4558  pred=n/a    gold=n/a  running‐acc=0.776
Locality eval: pred=true.             gold=true  correct=True  running‐acc=1.000
[  99/600] loss=4.6473  pred=true.  gold=true  running‐acc=0.778
Locality eval: pred=n/a               gold=n/a  correct=True  running‐acc=1.000
[ 100/600] loss=7.3598  pred=true.  gold=true  running‐acc=0.780
Locality eval: pred=n/a               gold=n/a  correct=True  running‐acc=1.000
[ 101/600] loss=5.2736  pred=n/a    gold=n/a  running‐acc=0.782
Locality eval: pred=true              gold=true  correct=True  running‐acc=1.000
[ 102/600] loss=5.7155  pred=true   gold=true  running‐acc=0.784
Locality eval: pred=n/a               gold=n/a  correct=True  running‐acc=1.000
[ 103/600] loss=6.3951  pred=n/a    gold=n/a  running‐acc=0.786
Locality eval: pred=true.             gold=true  correct=True  running‐acc=1.000
[ 104/600] loss=7.5591  pred=true   gold=true  running‐acc=0.788
Locality eval: pred=n/a               gold=n/a  correct=True  running‐acc=1.000
[ 105/600] loss=6.2542  pred=true   gold=true  running‐acc=0.790
Locality eval: pred=n/a               gold=n/a  correct=True  running‐acc=1.000
[ 106/600] loss=6.2725  pred=true   gold=true  running‐acc=0.792
Locality eval: pred=n/a               gold=n/a  correct=True  running‐acc=1.000
[ 107/600] loss=5.0646  pred=true   gold=true  running‐acc=0.794
Locality eval: pred=n/a               gold=n/a  correct=True  running‐acc=1.000
[ 108/600] loss=5.2219  pred=true   gold=true  running‐acc=0.796
Locality eval: pred=n/a               gold=n/a  correct=True  running‐acc=1.000
[ 109/600] loss=5.4651  pred=true.  gold=true  running‐acc=0.798
Locality eval: pred=n/a               gold=n/a  correct=True  running‐acc=1.000
[ 110/600] loss=5.5464  pred=true.  gold=true  running‐acc=0.800
Locality eval: pred=n/a               gold=n/a  correct=True  running‐acc=1.000
[ 111/600] loss=5.4312  pred=n/a    gold=true  running‐acc=0.793
Locality eval: pred=n/a               gold=n/a  correct=True  running‐acc=1.000
[ 112/600] loss=6.8231  pred=n/a    gold=true  running‐acc=0.786
Locality eval: pred=n/a               gold=n/a  correct=True  running‐acc=1.000
[ 113/600] loss=4.7430  pred=n/a    gold=n/a  running‐acc=0.788
Locality eval: pred=true              gold=true  correct=True  running‐acc=1.000
[ 114/600] loss=5.3538  pred=n/a    gold=n/a  running‐acc=0.789
Locality eval: pred=true.             gold=true  correct=True  running‐acc=1.000
[ 115/600] loss=4.9306  pred=true   gold=n/a  running‐acc=0.783
Locality eval: pred=true.             gold=true  correct=True  running‐acc=1.000
[ 116/600] loss=6.4459  pred=true.  gold=true  running‐acc=0.784
Locality eval: pred=n/a               gold=n/a  correct=True  running‐acc=1.000
[ 117/600] loss=5.3598  pred=n/a    gold=n/a  running‐acc=0.786
Locality eval: pred=true.             gold=true  correct=True  running‐acc=1.000
[ 118/600] loss=5.9875  pred=n/a    gold=n/a  running‐acc=0.788
Locality eval: pred=true.             gold=true  correct=True  running‐acc=1.000
[ 119/600] loss=5.5964  pred=n/a    gold=n/a  running‐acc=0.790
Locality eval: pred=true.             gold=true  correct=True  running‐acc=1.000
[ 120/600] loss=4.9309  pred=false.  gold=n/a  running‐acc=0.783
Locality eval: pred=true.             gold=true  correct=True  running‐acc=1.000
[ 121/600] loss=5.7439  pred=true   gold=true  running‐acc=0.785
Locality eval: pred=false.            gold=n/a  correct=False  running‐acc=0.992
[ 122/600] loss=6.5173  pred=true   gold=true  running‐acc=0.787
Locality eval: pred=n/a               gold=n/a  correct=True  running‐acc=0.992
[ 123/600] loss=5.1569  pred=n/a    gold=n/a  running‐acc=0.789
Locality eval: pred=true.             gold=true  correct=True  running‐acc=0.992
[ 124/600] loss=5.2694  pred=n/a    gold=n/a  running‐acc=0.790
Locality eval: pred=true.             gold=true  correct=True  running‐acc=0.992
[ 125/600] loss=6.1484  pred=true   gold=n/a  running‐acc=0.784
Locality eval: pred=true.             gold=true  correct=True  running‐acc=0.992
[ 126/600] loss=10.0914  pred=true   gold=true  running‐acc=0.786
Locality eval: pred=n/a               gold=n/a  correct=True  running‐acc=0.992
[ 127/600] loss=6.8591  pred=n/a    gold=true  running‐acc=0.780
Locality eval: pred=n/a               gold=n/a  correct=True  running‐acc=0.992
[ 128/600] loss=6.3701  pred=n/a    gold=n/a  running‐acc=0.781
Locality eval: pred=true.             gold=true  correct=True  running‐acc=0.992
[ 129/600] loss=5.3439  pred=true   gold=true  running‐acc=0.783
Locality eval: pred=n/a               gold=n/a  correct=True  running‐acc=0.992
[ 130/600] loss=5.3718  pred=n/a    gold=n/a  running‐acc=0.785
Locality eval: pred=true.             gold=true  correct=True  running‐acc=0.992
[ 131/600] loss=8.1012  pred=true.  gold=true  running‐acc=0.786
Locality eval: pred=n/a               gold=n/a  correct=True  running‐acc=0.992
[ 132/600] loss=4.8378  pred=n/a    gold=n/a  running‐acc=0.788
Locality eval: pred=true.             gold=true  correct=True  running‐acc=0.992
[ 133/600] loss=4.5640  pred=n/a    gold=n/a  running‐acc=0.789
Locality eval: pred=true.             gold=true  correct=True  running‐acc=0.992
[ 134/600] loss=5.7167  pred=true.  gold=true  running‐acc=0.791
Locality eval: pred=n/a               gold=n/a  correct=True  running‐acc=0.993
[ 135/600] loss=6.0205  pred=true   gold=true  running‐acc=0.793
Locality eval: pred=n/a               gold=n/a  correct=True  running‐acc=0.993
[ 136/600] loss=5.7589  pred=n/a    gold=n/a  running‐acc=0.794
Locality eval: pred=true.             gold=true  correct=True  running‐acc=0.993
[ 137/600] loss=6.6359  pred=true.  gold=true  running‐acc=0.796
Locality eval: pred=n/a               gold=n/a  correct=True  running‐acc=0.993
[ 138/600] loss=11.7517  pred=n/a    gold=true  running‐acc=0.790
Locality eval: pred=n/a               gold=n/a  correct=True  running‐acc=0.993
[ 139/600] loss=4.9122  pred=n/a    gold=n/a  running‐acc=0.791
Locality eval: pred=true.             gold=true  correct=True  running‐acc=0.993
[ 140/600] loss=5.7562  pred=n/a    gold=n/a  running‐acc=0.793
Locality eval: pred=true.             gold=true  correct=True  running‐acc=0.993
[ 141/600] loss=5.7689  pred=n/a    gold=n/a  running‐acc=0.794
Locality eval: pred=true.             gold=true  correct=True  running‐acc=0.993
[ 142/600] loss=5.1884  pred=true.  gold=n/a  running‐acc=0.789
Locality eval: pred=true.             gold=true  correct=True  running‐acc=0.993
[ 143/600] loss=5.5942  pred=true   gold=true  running‐acc=0.790
Locality eval: pred=n/a               gold=n/a  correct=True  running‐acc=0.993
[ 144/600] loss=5.6222  pred=true   gold=true  running‐acc=0.792
Locality eval: pred=n/a               gold=n/a  correct=True  running‐acc=0.993
[ 145/600] loss=6.5983  pred=true.  gold=true  running‐acc=0.793
Locality eval: pred=n/a               gold=n/a  correct=True  running‐acc=0.993
[ 146/600] loss=5.8421  pred=n/a    gold=true  running‐acc=0.788
Locality eval: pred=n/a               gold=n/a  correct=True  running‐acc=0.993
[ 147/600] loss=5.6280  pred=n/a    gold=n/a  running‐acc=0.789
Locality eval: pred=true              gold=true  correct=True  running‐acc=0.993
[ 148/600] loss=5.6775  pred=true.  gold=true  running‐acc=0.791
Locality eval: pred=n/a               gold=n/a  correct=True  running‐acc=0.993
[ 149/600] loss=5.3007  pred=n/a    gold=n/a  running‐acc=0.792
Locality eval: pred=true.             gold=true  correct=True  running‐acc=0.993
[ 150/600] loss=4.3521  pred=n/a    gold=n/a  running‐acc=0.793
Locality eval: pred=true.             gold=true  correct=True  running‐acc=0.993
[ 151/600] loss=6.3163  pred=true.  gold=true  running‐acc=0.795
Locality eval: pred=n/a               gold=n/a  correct=True  running‐acc=0.993
[ 152/600] loss=7.0489  pred=true.  gold=true  running‐acc=0.796
Locality eval: pred=n/a               gold=n/a  correct=True  running‐acc=0.993
[ 153/600] loss=5.7332  pred=n/a    gold=n/a  running‐acc=0.797
Locality eval: pred=true.             gold=true  correct=True  running‐acc=0.993
[ 154/600] loss=4.8465  pred=n/a    gold=n/a  running‐acc=0.799
Locality eval: pred=true.             gold=true  correct=True  running‐acc=0.994
[ 155/600] loss=5.6701  pred=true.  gold=true  running‐acc=0.800
Locality eval: pred=n/a               gold=n/a  correct=True  running‐acc=0.994
[ 156/600] loss=6.2059  pred=n/a    gold=n/a  running‐acc=0.801
Locality eval: pred=true.             gold=true  correct=True  running‐acc=0.994
[ 157/600] loss=5.9580  pred=true.  gold=true  running‐acc=0.803
Locality eval: pred=n/a               gold=n/a  correct=True  running‐acc=0.994
[ 158/600] loss=5.5533  pred=n/a    gold=n/a  running‐acc=0.804
Locality eval: pred=true.             gold=true  correct=True  running‐acc=0.994
[ 159/600] loss=5.9176  pred=n/a    gold=n/a  running‐acc=0.805
Locality eval: pred=true.             gold=true  correct=True  running‐acc=0.994
[ 160/600] loss=5.7561  pred=n/a    gold=n/a  running‐acc=0.806
Locality eval: pred=true.             gold=true  correct=True  running‐acc=0.994
[ 161/600] loss=7.3184  pred=n/a    gold=true  running‐acc=0.801
Locality eval: pred=n/a               gold=n/a  correct=True  running‐acc=0.994
[ 162/600] loss=4.1357  pred=n/a    gold=n/a  running‐acc=0.802
Locality eval: pred=true.             gold=true  correct=True  running‐acc=0.994
[ 163/600] loss=6.2412  pred=n/a    gold=n/a  running‐acc=0.804
Locality eval: pred=true.             gold=true  correct=True  running‐acc=0.994
[ 164/600] loss=5.5623  pred=false.  gold=n/a  running‐acc=0.799
Locality eval: pred=true.             gold=true  correct=True  running‐acc=0.994
[ 165/600] loss=7.0314  pred=true.  gold=true  running‐acc=0.800
Locality eval: pred=n/a               gold=n/a  correct=True  running‐acc=0.994
[ 166/600] loss=8.0585  pred=true.  gold=true  running‐acc=0.801
Locality eval: pred=n/a               gold=n/a  correct=True  running‐acc=0.994
[ 167/600] loss=6.4193  pred=n/a    gold=n/a  running‐acc=0.802
Locality eval: pred=true.             gold=true  correct=True  running‐acc=0.994
[ 168/600] loss=6.6249  pred=n/a    gold=true  running‐acc=0.798
Locality eval: pred=n/a               gold=n/a  correct=True  running‐acc=0.994
[ 169/600] loss=5.8374  pred=n/a    gold=n/a  running‐acc=0.799
Locality eval: pred=true.             gold=true  correct=True  running‐acc=0.994
[ 170/600] loss=4.4463  pred=n/a    gold=n/a  running‐acc=0.800
Locality eval: pred=true              gold=true  correct=True  running‐acc=0.994
[ 171/600] loss=4.3419  pred=n/a    gold=n/a  running‐acc=0.801
Locality eval: pred=true              gold=true  correct=True  running‐acc=0.994
[ 172/600] loss=6.4516  pred=true.  gold=true  running‐acc=0.802
Locality eval: pred=n/a               gold=n/a  correct=True  running‐acc=0.994
[ 173/600] loss=5.0234  pred=n/a    gold=n/a  running‐acc=0.803
Locality eval: pred=true              gold=true  correct=True  running‐acc=0.994
[ 174/600] loss=6.8539  pred=true.  gold=true  running‐acc=0.805
Locality eval: pred=n/a               gold=n/a  correct=True  running‐acc=0.994
[ 175/600] loss=6.8218  pred=true.  gold=true  running‐acc=0.806
Locality eval: pred=n/a               gold=n/a  correct=True  running‐acc=0.994
[ 176/600] loss=6.1513  pred=n/a    gold=n/a  running‐acc=0.807
Locality eval: pred=true.             gold=true  correct=True  running‐acc=0.994
[ 177/600] loss=5.7103  pred=true   gold=true  running‐acc=0.808
Locality eval: pred=n/a               gold=n/a  correct=True  running‐acc=0.994
[ 178/600] loss=5.7513  pred=n/a    gold=n/a  running‐acc=0.809
Locality eval: pred=true              gold=true  correct=True  running‐acc=0.994
[ 179/600] loss=4.8444  pred=n/a    gold=n/a  running‐acc=0.810
Locality eval: pred=true.             gold=true  correct=True  running‐acc=0.994
[ 180/600] loss=10.7541  pred=n/a    gold=true  running‐acc=0.806
Locality eval: pred=n/a               gold=n/a  correct=True  running‐acc=0.994
[ 181/600] loss=5.8156  pred=n/a    gold=n/a  running‐acc=0.807
Locality eval: pred=true.             gold=true  correct=True  running‐acc=0.994
[ 182/600] loss=4.8856  pred=n/a    gold=n/a  running‐acc=0.808
Locality eval: pred=true.             gold=true  correct=True  running‐acc=0.995
[ 183/600] loss=7.7221  pred=true.  gold=true  running‐acc=0.809
Locality eval: pred=n/a               gold=n/a  correct=True  running‐acc=0.995
[ 184/600] loss=6.2712  pred=n/a    gold=true  running‐acc=0.804
Locality eval: pred=n/a               gold=n/a  correct=True  running‐acc=0.995
[ 185/600] loss=7.4610  pred=true.  gold=true  running‐acc=0.805
Locality eval: pred=n/a               gold=n/a  correct=True  running‐acc=0.995
[ 186/600] loss=7.9094  pred=true.  gold=true  running‐acc=0.806
Locality eval: pred=n/a               gold=n/a  correct=True  running‐acc=0.995
[ 187/600] loss=5.2675  pred=n/a    gold=n/a  running‐acc=0.807
Locality eval: pred=true              gold=true  correct=True  running‐acc=0.995
[ 188/600] loss=5.4874  pred=n/a    gold=n/a  running‐acc=0.809
Locality eval: pred=true.             gold=true  correct=True  running‐acc=0.995
[ 189/600] loss=5.9178  pred=true.  gold=true  running‐acc=0.810
Locality eval: pred=n/a               gold=n/a  correct=True  running‐acc=0.995
[ 190/600] loss=5.8056  pred=n/a    gold=n/a  running‐acc=0.811
Locality eval: pred=true.             gold=true  correct=True  running‐acc=0.995
[ 191/600] loss=5.1971  pred=false.  gold=n/a  running‐acc=0.806
Locality eval: pred=true.             gold=true  correct=True  running‐acc=0.995
[ 192/600] loss=6.6444  pred=n/a    gold=n/a  running‐acc=0.807
Locality eval: pred=true.             gold=true  correct=True  running‐acc=0.995
[ 193/600] loss=7.2722  pred=true.  gold=true  running‐acc=0.808
Locality eval: pred=n/a               gold=n/a  correct=True  running‐acc=0.995
[ 194/600] loss=7.5510  pred=true.  gold=true  running‐acc=0.809
Locality eval: pred=n/a               gold=n/a  correct=True  running‐acc=0.995
[ 195/600] loss=5.6650  pred=true.  gold=true  running‐acc=0.810
Locality eval: pred=n/a               gold=n/a  correct=True  running‐acc=0.995
[ 196/600] loss=6.5443  pred=n/a    gold=true  running‐acc=0.806
Locality eval: pred=n/a               gold=n/a  correct=True  running‐acc=0.995
[ 197/600] loss=7.5971  pred=true.  gold=true  running‐acc=0.807
Locality eval: pred=n/a               gold=n/a  correct=True  running‐acc=0.995
[ 198/600] loss=6.5467  pred=n/a    gold=n/a  running‐acc=0.808
Locality eval: pred=true.             gold=true  correct=True  running‐acc=0.995
[ 199/600] loss=8.3850  pred=n/a    gold=true  running‐acc=0.804
Locality eval: pred=n/a               gold=n/a  correct=True  running‐acc=0.995
[ 200/600] loss=6.7672  pred=true.  gold=true  running‐acc=0.805
Locality eval: pred=n/a               gold=n/a  correct=True  running‐acc=0.995
[ 201/600] loss=6.5888  pred=false  gold=n/a  running‐acc=0.801
Locality eval: pred=true.             gold=true  correct=True  running‐acc=0.995
[ 202/600] loss=5.9863  pred=n/a    gold=n/a  running‐acc=0.802
Locality eval: pred=true.             gold=true  correct=True  running‐acc=0.995
[ 203/600] loss=6.0297  pred=true.  gold=true  running‐acc=0.803
Locality eval: pred=n/a               gold=n/a  correct=True  running‐acc=0.995
[ 204/600] loss=4.4616  pred=n/a    gold=n/a  running‐acc=0.804
Locality eval: pred=true.             gold=true  correct=True  running‐acc=0.995
[ 205/600] loss=8.9966  pred=n/a    gold=true  running‐acc=0.800
Locality eval: pred=n/a               gold=n/a  correct=True  running‐acc=0.995
[ 206/600] loss=5.0874  pred=n/a    gold=n/a  running‐acc=0.801
Locality eval: pred=true.             gold=true  correct=True  running‐acc=0.995
[ 207/600] loss=5.4500  pred=n/a    gold=n/a  running‐acc=0.802
Locality eval: pred=true.             gold=true  correct=True  running‐acc=0.995
[ 208/600] loss=5.3011  pred=true.  gold=true  running‐acc=0.803
Locality eval: pred=n/a               gold=n/a  correct=True  running‐acc=0.995
[ 209/600] loss=4.9277  pred=n/a    gold=n/a  running‐acc=0.804
Locality eval: pred=true              gold=true  correct=True  running‐acc=0.995
[ 210/600] loss=6.0114  pred=n/a    gold=n/a  running‐acc=0.805
Locality eval: pred=true.             gold=true  correct=True  running‐acc=0.995
[ 211/600] loss=8.4082  pred=true.  gold=true  running‐acc=0.806
Locality eval: pred=n/a               gold=n/a  correct=True  running‐acc=0.995
[ 212/600] loss=5.7410  pred=n/a    gold=n/a  running‐acc=0.807
Locality eval: pred=true.             gold=true  correct=True  running‐acc=0.995
[ 213/600] loss=11.1999  pred=n/a    gold=true  running‐acc=0.803
Locality eval: pred=n/a               gold=n/a  correct=True  running‐acc=0.995
[ 214/600] loss=4.9212  pred=n/a    gold=n/a  running‐acc=0.804
Locality eval: pred=true.             gold=true  correct=True  running‐acc=0.995
[ 215/600] loss=6.3842  pred=n/a    gold=true  running‐acc=0.800
Locality eval: pred=n/a               gold=n/a  correct=True  running‐acc=0.995
[ 216/600] loss=5.1366  pred=n/a    gold=n/a  running‐acc=0.801
Locality eval: pred=true              gold=true  correct=True  running‐acc=0.995
[ 217/600] loss=6.8775  pred=true   gold=true  running‐acc=0.802
Locality eval: pred=n/a               gold=n/a  correct=True  running‐acc=0.995
[ 218/600] loss=5.7660  pred=n/a    gold=n/a  running‐acc=0.803
Locality eval: pred=true.             gold=true  correct=True  running‐acc=0.995
[ 219/600] loss=9.1608  pred=n/a    gold=true  running‐acc=0.799
Locality eval: pred=n/a               gold=n/a  correct=True  running‐acc=0.995
[ 220/600] loss=5.3643  pred=n/a    gold=n/a  running‐acc=0.800
Locality eval: pred=true.             gold=true  correct=True  running‐acc=0.995
[ 221/600] loss=5.5632  pred=n/a    gold=n/a  running‐acc=0.801
Locality eval: pred=true.             gold=true  correct=True  running‐acc=0.995
[ 222/600] loss=7.2737  pred=n/a    gold=n/a  running‐acc=0.802
Locality eval: pred=true.             gold=true  correct=True  running‐acc=0.995
[ 223/600] loss=6.5539  pred=n/a    gold=n/a  running‐acc=0.803
Locality eval: pred=true.             gold=true  correct=True  running‐acc=0.996
[ 224/600] loss=6.3146  pred=n/a    gold=n/a  running‐acc=0.804
Locality eval: pred=true.             gold=true  correct=True  running‐acc=0.996
[ 225/600] loss=5.7290  pred=n/a    gold=n/a  running‐acc=0.804
Locality eval: pred=true              gold=true  correct=True  running‐acc=0.996
[ 226/600] loss=6.6353  pred=true.  gold=true  running‐acc=0.805
Locality eval: pred=n/a               gold=n/a  correct=True  running‐acc=0.996
[ 227/600] loss=4.4694  pred=n/a    gold=n/a  running‐acc=0.806
Locality eval: pred=true.             gold=true  correct=True  running‐acc=0.996
[ 228/600] loss=6.3673  pred=n/a    gold=n/a  running‐acc=0.807
Locality eval: pred=true.             gold=true  correct=True  running‐acc=0.996
[ 229/600] loss=6.0931  pred=true.  gold=n/a  running‐acc=0.803
Locality eval: pred=true.             gold=true  correct=True  running‐acc=0.996
[ 230/600] loss=5.9033  pred=n/a    gold=n/a  running‐acc=0.804
Locality eval: pred=true.             gold=true  correct=True  running‐acc=0.996
[ 231/600] loss=4.8631  pred=false.  gold=n/a  running‐acc=0.801
Locality eval: pred=true.             gold=true  correct=True  running‐acc=0.996
[ 232/600] loss=4.8366  pred=n/a    gold=n/a  running‐acc=0.802
Locality eval: pred=true.             gold=true  correct=True  running‐acc=0.996
[ 233/600] loss=8.6047  pred=true.  gold=true  running‐acc=0.803
Locality eval: pred=n/a               gold=n/a  correct=True  running‐acc=0.996
[ 234/600] loss=5.9663  pred=n/a    gold=true  running‐acc=0.799
Locality eval: pred=n/a               gold=n/a  correct=True  running‐acc=0.996
[ 235/600] loss=4.4644  pred=n/a    gold=n/a  running‐acc=0.800
Locality eval: pred=true.             gold=true  correct=True  running‐acc=0.996
[ 236/600] loss=4.8323  pred=n/a    gold=n/a  running‐acc=0.801
Locality eval: pred=true.             gold=true  correct=True  running‐acc=0.996
[ 237/600] loss=6.6366  pred=n/a    gold=true  running‐acc=0.797
Locality eval: pred=n/a               gold=n/a  correct=True  running‐acc=0.996
[ 238/600] loss=5.1539  pred=n/a    gold=n/a  running‐acc=0.798
Locality eval: pred=true.             gold=true  correct=True  running‐acc=0.996
[ 239/600] loss=5.9153  pred=n/a    gold=n/a  running‐acc=0.799
Locality eval: pred=true.             gold=true  correct=True  running‐acc=0.996
[ 240/600] loss=6.6034  pred=n/a    gold=true  running‐acc=0.796
Locality eval: pred=n/a               gold=n/a  correct=True  running‐acc=0.996
[ 241/600] loss=7.2854  pred=n/a    gold=n/a  running‐acc=0.797
Locality eval: pred=true.             gold=true  correct=True  running‐acc=0.996
[ 242/600] loss=5.7221  pred=true.  gold=n/a  running‐acc=0.793
Locality eval: pred=true.             gold=true  correct=True  running‐acc=0.996
[ 243/600] loss=5.0250  pred=n/a    gold=n/a  running‐acc=0.794
Locality eval: pred=true.             gold=true  correct=True  running‐acc=0.996
[ 244/600] loss=6.1949  pred=true.  gold=true  running‐acc=0.795
Locality eval: pred=n/a               gold=n/a  correct=True  running‐acc=0.996
[ 245/600] loss=7.9944  pred=n/a    gold=true  running‐acc=0.792
Locality eval: pred=n/a               gold=n/a  correct=True  running‐acc=0.996
[ 246/600] loss=5.3739  pred=true.  gold=true  running‐acc=0.793
Locality eval: pred=n/a               gold=n/a  correct=True  running‐acc=0.996
[ 247/600] loss=4.8949  pred=true.  gold=true  running‐acc=0.794
Locality eval: pred=n/a               gold=n/a  correct=True  running‐acc=0.996
[ 248/600] loss=6.7568  pred=n/a    gold=true  running‐acc=0.790
Locality eval: pred=n/a               gold=n/a  correct=True  running‐acc=0.996
[ 249/600] loss=5.9703  pred=n/a    gold=n/a  running‐acc=0.791
Locality eval: pred=true.             gold=true  correct=True  running‐acc=0.996
[ 250/600] loss=5.1671  pred=true.  gold=true  running‐acc=0.792
Locality eval: pred=n/a               gold=n/a  correct=True  running‐acc=0.996
[ 251/600] loss=5.9628  pred=n/a    gold=n/a  running‐acc=0.793
Locality eval: pred=true.             gold=true  correct=True  running‐acc=0.996
[ 252/600] loss=6.2933  pred=n/a    gold=n/a  running‐acc=0.794
Locality eval: pred=true.             gold=true  correct=True  running‐acc=0.996
[ 253/600] loss=7.3933  pred=true.  gold=true  running‐acc=0.794
Locality eval: pred=n/a               gold=n/a  correct=True  running‐acc=0.996
[ 254/600] loss=6.5172  pred=n/a    gold=true  running‐acc=0.791
Locality eval: pred=n/a               gold=n/a  correct=True  running‐acc=0.996
[ 255/600] loss=5.4931  pred=n/a    gold=n/a  running‐acc=0.792
Locality eval: pred=true.             gold=true  correct=True  running‐acc=0.996
[ 256/600] loss=5.5544  pred=n/a    gold=n/a  running‐acc=0.793
Locality eval: pred=true.             gold=true  correct=True  running‐acc=0.996
[ 257/600] loss=6.4102  pred=n/a    gold=n/a  running‐acc=0.794
Locality eval: pred=true.             gold=true  correct=True  running‐acc=0.996
[ 258/600] loss=5.8169  pred=n/a    gold=n/a  running‐acc=0.795
Locality eval: pred=true.             gold=true  correct=True  running‐acc=0.996
[ 259/600] loss=7.3170  pred=n/a    gold=true  running‐acc=0.792
Locality eval: pred=n/a               gold=n/a  correct=True  running‐acc=0.996
[ 260/600] loss=7.1229  pred=true.  gold=true  running‐acc=0.792
Locality eval: pred=n/a               gold=n/a  correct=True  running‐acc=0.996
[ 261/600] loss=5.6599  pred=true.  gold=true  running‐acc=0.793
Locality eval: pred=n/a               gold=n/a  correct=True  running‐acc=0.996
[ 262/600] loss=6.2225  pred=true.  gold=true  running‐acc=0.794
Locality eval: pred=n/a               gold=n/a  correct=True  running‐acc=0.996
[ 263/600] loss=5.2974  pred=n/a    gold=n/a  running‐acc=0.795
Locality eval: pred=true.             gold=true  correct=True  running‐acc=0.996
[ 264/600] loss=5.9134  pred=n/a    gold=n/a  running‐acc=0.795
Locality eval: pred=true.             gold=true  correct=True  running‐acc=0.996
[ 265/600] loss=6.8651  pred=true.  gold=true  running‐acc=0.796
Locality eval: pred=n/a               gold=n/a  correct=True  running‐acc=0.996
[ 266/600] loss=6.3107  pred=n/a    gold=n/a  running‐acc=0.797
Locality eval: pred=true.             gold=true  correct=True  running‐acc=0.996
[ 267/600] loss=6.0900  pred=n/a    gold=n/a  running‐acc=0.798
Locality eval: pred=true              gold=true  correct=True  running‐acc=0.996
[ 268/600] loss=5.9411  pred=true.  gold=true  running‐acc=0.799
Locality eval: pred=n/a               gold=n/a  correct=True  running‐acc=0.996
[ 269/600] loss=5.3011  pred=n/a    gold=n/a  running‐acc=0.799
Locality eval: pred=true.             gold=true  correct=True  running‐acc=0.996
[ 270/600] loss=5.7335  pred=true   gold=true  running‐acc=0.800
Locality eval: pred=n/a               gold=n/a  correct=True  running‐acc=0.996
[ 271/600] loss=5.6263  pred=n/a    gold=n/a  running‐acc=0.801
Locality eval: pred=true              gold=true  correct=True  running‐acc=0.996
[ 272/600] loss=5.6001  pred=true   gold=true  running‐acc=0.801
Locality eval: pred=n/a               gold=n/a  correct=True  running‐acc=0.996
[ 273/600] loss=6.4579  pred=n/a    gold=n/a  running‐acc=0.802
Locality eval: pred=true.             gold=true  correct=True  running‐acc=0.996
[ 274/600] loss=5.6197  pred=false.  gold=n/a  running‐acc=0.799
Locality eval: pred=true              gold=true  correct=True  running‐acc=0.996
[ 275/600] loss=6.4507  pred=true.  gold=true  running‐acc=0.800
Locality eval: pred=n/a               gold=n/a  correct=True  running‐acc=0.996
[ 276/600] loss=4.6123  pred=n/a    gold=n/a  running‐acc=0.801
Locality eval: pred=true.             gold=true  correct=True  running‐acc=0.996
[ 277/600] loss=6.6112  pred=true   gold=true  running‐acc=0.801
Locality eval: pred=n/a               gold=n/a  correct=True  running‐acc=0.996
[ 278/600] loss=5.7066  pred=n/a    gold=n/a  running‐acc=0.802
Locality eval: pred=true.             gold=true  correct=True  running‐acc=0.996
[ 279/600] loss=6.4430  pred=true.  gold=true  running‐acc=0.803
Locality eval: pred=n/a               gold=n/a  correct=True  running‐acc=0.996
[ 280/600] loss=5.3970  pred=false.  gold=n/a  running‐acc=0.800
Locality eval: pred=true.             gold=true  correct=True  running‐acc=0.996
[ 281/600] loss=6.5810  pred=true.  gold=true  running‐acc=0.801
Locality eval: pred=n/a               gold=n/a  correct=True  running‐acc=0.996
[ 282/600] loss=9.0568  pred=n/a    gold=true  running‐acc=0.798
Locality eval: pred=n/a               gold=n/a  correct=True  running‐acc=0.996
[ 283/600] loss=5.3565  pred=n/a    gold=n/a  running‐acc=0.799
Locality eval: pred=true.             gold=true  correct=True  running‐acc=0.996
[ 284/600] loss=4.6526  pred=n/a    gold=n/a  running‐acc=0.799
Locality eval: pred=true.             gold=true  correct=True  running‐acc=0.996
[ 285/600] loss=5.5800  pred=true.  gold=true  running‐acc=0.800
Locality eval: pred=n/a               gold=n/a  correct=True  running‐acc=0.996
[ 286/600] loss=5.6193  pred=n/a    gold=n/a  running‐acc=0.801
Locality eval: pred=true.             gold=true  correct=True  running‐acc=0.997
[ 287/600] loss=5.7712  pred=n/a    gold=n/a  running‐acc=0.801
Locality eval: pred=true.             gold=true  correct=True  running‐acc=0.997
[ 288/600] loss=5.8614  pred=true   gold=true  running‐acc=0.802
Locality eval: pred=n/a               gold=n/a  correct=True  running‐acc=0.997
[ 289/600] loss=7.2443  pred=n/a    gold=true  running‐acc=0.799
Locality eval: pred=n/a               gold=n/a  correct=True  running‐acc=0.997
[ 290/600] loss=5.3978  pred=n/a    gold=n/a  running‐acc=0.800
Locality eval: pred=true.             gold=true  correct=True  running‐acc=0.997
[ 291/600] loss=6.6236  pred=true   gold=true  running‐acc=0.801
Locality eval: pred=n/a               gold=n/a  correct=True  running‐acc=0.997
[ 292/600] loss=6.7852  pred=true   gold=true  running‐acc=0.801
Locality eval: pred=n/a               gold=n/a  correct=True  running‐acc=0.997
[ 293/600] loss=5.3272  pred=true.  gold=true  running‐acc=0.802
Locality eval: pred=n/a               gold=n/a  correct=True  running‐acc=0.997
[ 294/600] loss=6.2351  pred=n/a    gold=true  running‐acc=0.799
Locality eval: pred=n/a               gold=n/a  correct=True  running‐acc=0.997
[ 295/600] loss=4.9119  pred=n/a    gold=n/a  running‐acc=0.800
Locality eval: pred=true              gold=true  correct=True  running‐acc=0.997
[ 296/600] loss=6.4008  pred=true.  gold=n/a  running‐acc=0.797
Locality eval: pred=true.             gold=true  correct=True  running‐acc=0.997
[ 297/600] loss=8.8734  pred=n/a    gold=true  running‐acc=0.795
Locality eval: pred=n/a               gold=n/a  correct=True  running‐acc=0.997
[ 298/600] loss=6.3398  pred=true.  gold=true  running‐acc=0.795
Locality eval: pred=n/a               gold=n/a  correct=True  running‐acc=0.997
[ 299/600] loss=5.3850  pred=n/a    gold=n/a  running‐acc=0.796
Locality eval: pred=true.             gold=true  correct=True  running‐acc=0.997
[ 300/600] loss=7.0834  pred=n/a    gold=n/a  running‐acc=0.797
Locality eval: pred=true.             gold=true  correct=True  running‐acc=0.997
[ 301/600] loss=8.5678  pred=n/a    gold=true  running‐acc=0.794
Locality eval: pred=n/a               gold=n/a  correct=True  running‐acc=0.997
[ 302/600] loss=6.6048  pred=true.  gold=true  running‐acc=0.795
Locality eval: pred=n/a               gold=n/a  correct=True  running‐acc=0.997
[ 303/600] loss=5.0545  pred=true.  gold=true  running‐acc=0.795
Locality eval: pred=n/a               gold=n/a  correct=True  running‐acc=0.997
[ 304/600] loss=7.1945  pred=true.  gold=true  running‐acc=0.796
Locality eval: pred=n/a               gold=n/a  correct=True  running‐acc=0.997
[ 305/600] loss=6.7484  pred=true   gold=true  running‐acc=0.797
Locality eval: pred=n/a               gold=n/a  correct=True  running‐acc=0.997
[ 306/600] loss=7.8053  pred=true.  gold=true  running‐acc=0.797
Locality eval: pred=n/a               gold=n/a  correct=True  running‐acc=0.997
[ 307/600] loss=5.7827  pred=true.  gold=true  running‐acc=0.798
Locality eval: pred=n/a               gold=n/a  correct=True  running‐acc=0.997
[ 308/600] loss=6.9967  pred=true.  gold=true  running‐acc=0.799
Locality eval: pred=n/a               gold=n/a  correct=True  running‐acc=0.997
[ 309/600] loss=5.6832  pred=true.  gold=true  running‐acc=0.799
Locality eval: pred=n/a               gold=n/a  correct=True  running‐acc=0.997
[ 310/600] loss=6.5769  pred=n/a    gold=n/a  running‐acc=0.800
Locality eval: pred=true.             gold=true  correct=True  running‐acc=0.997
[ 311/600] loss=6.5897  pred=n/a    gold=true  running‐acc=0.797
Locality eval: pred=n/a               gold=n/a  correct=True  running‐acc=0.997
[ 312/600] loss=5.8699  pred=true   gold=true  running‐acc=0.798
Locality eval: pred=n/a               gold=n/a  correct=True  running‐acc=0.997
[ 313/600] loss=4.0528  pred=n/a    gold=n/a  running‐acc=0.799
Locality eval: pred=true.             gold=true  correct=True  running‐acc=0.997
[ 314/600] loss=6.2954  pred=n/a    gold=n/a  running‐acc=0.799
Locality eval: pred=true.             gold=true  correct=True  running‐acc=0.997
[ 315/600] loss=5.3401  pred=true.  gold=n/a  running‐acc=0.797
Locality eval: pred=true.             gold=true  correct=True  running‐acc=0.997
[ 316/600] loss=5.6662  pred=true.  gold=true  running‐acc=0.797
Locality eval: pred=n/a               gold=n/a  correct=True  running‐acc=0.997
[ 317/600] loss=7.0487  pred=true.  gold=true  running‐acc=0.798
Locality eval: pred=n/a               gold=n/a  correct=True  running‐acc=0.997
[ 318/600] loss=9.2718  pred=true   gold=true  running‐acc=0.799
Locality eval: pred=n/a               gold=n/a  correct=True  running‐acc=0.997
[ 319/600] loss=5.3046  pred=n/a    gold=n/a  running‐acc=0.799
Locality eval: pred=true.             gold=true  correct=True  running‐acc=0.997
[ 320/600] loss=5.7809  pred=n/a    gold=n/a  running‐acc=0.800
Locality eval: pred=true              gold=true  correct=True  running‐acc=0.997
[ 321/600] loss=6.2506  pred=n/a    gold=true  running‐acc=0.798
Locality eval: pred=n/a               gold=n/a  correct=True  running‐acc=0.997
[ 322/600] loss=7.7234  pred=true.  gold=true  running‐acc=0.798
Locality eval: pred=n/a               gold=n/a  correct=True  running‐acc=0.997
[ 323/600] loss=5.7463  pred=n/a    gold=n/a  running‐acc=0.799
Locality eval: pred=true.             gold=true  correct=True  running‐acc=0.997
[ 324/600] loss=5.9169  pred=n/a    gold=n/a  running‐acc=0.799
Locality eval: pred=true.             gold=true  correct=True  running‐acc=0.997
[ 325/600] loss=6.1737  pred=n/a    gold=true  running‐acc=0.797
Locality eval: pred=n/a               gold=n/a  correct=True  running‐acc=0.997
[ 326/600] loss=5.3718  pred=n/a    gold=n/a  running‐acc=0.798
Locality eval: pred=true.             gold=true  correct=True  running‐acc=0.997
[ 327/600] loss=8.4215  pred=n/a    gold=true  running‐acc=0.795
Locality eval: pred=n/a               gold=n/a  correct=True  running‐acc=0.997
[ 328/600] loss=5.3216  pred=true.  gold=n/a  running‐acc=0.793
Locality eval: pred=true.             gold=true  correct=True  running‐acc=0.997
[ 329/600] loss=6.0800  pred=true.  gold=true  running‐acc=0.793
Locality eval: pred=n/a               gold=n/a  correct=True  running‐acc=0.997
[ 330/600] loss=4.1700  pred=n/a    gold=n/a  running‐acc=0.794
Locality eval: pred=true.             gold=true  correct=True  running‐acc=0.997
[ 331/600] loss=6.8605  pred=true.  gold=true  running‐acc=0.795
Locality eval: pred=n/a               gold=n/a  correct=True  running‐acc=0.997
[ 332/600] loss=5.7710  pred=n/a    gold=n/a  running‐acc=0.795
Locality eval: pred=true              gold=true  correct=True  running‐acc=0.997
[ 333/600] loss=5.1387  pred=true.  gold=true  running‐acc=0.796
Locality eval: pred=n/a               gold=n/a  correct=True  running‐acc=0.997
[ 334/600] loss=4.9764  pred=n/a    gold=n/a  running‐acc=0.796
Locality eval: pred=true.             gold=true  correct=True  running‐acc=0.997
[ 335/600] loss=10.7085  pred=true.  gold=true  running‐acc=0.797
Locality eval: pred=n/a               gold=n/a  correct=True  running‐acc=0.997
[ 336/600] loss=5.5210  pred=n/a    gold=n/a  running‐acc=0.798
Locality eval: pred=true              gold=true  correct=True  running‐acc=0.997
[ 337/600] loss=5.2118  pred=n/a    gold=n/a  running‐acc=0.798
Locality eval: pred=true              gold=true  correct=True  running‐acc=0.997
[ 338/600] loss=4.3748  pred=n/a    gold=n/a  running‐acc=0.799
Locality eval: pred=true.             gold=true  correct=True  running‐acc=0.997
[ 339/600] loss=5.3018  pred=n/a    gold=n/a  running‐acc=0.799
Locality eval: pred=true              gold=true  correct=True  running‐acc=0.997
[ 340/600] loss=5.7655  pred=n/a    gold=n/a  running‐acc=0.800
Locality eval: pred=true.             gold=true  correct=True  running‐acc=0.997
[ 341/600] loss=6.8531  pred=true.  gold=true  running‐acc=0.801
Locality eval: pred=n/a               gold=n/a  correct=True  running‐acc=0.997
[ 342/600] loss=6.0837  pred=n/a    gold=true  running‐acc=0.798
Locality eval: pred=n/a               gold=n/a  correct=True  running‐acc=0.997
[ 343/600] loss=4.2330  pred=n/a    gold=n/a  running‐acc=0.799
Locality eval: pred=true.             gold=true  correct=True  running‐acc=0.997
[ 344/600] loss=6.2297  pred=true.  gold=true  running‐acc=0.799
Locality eval: pred=n/a               gold=n/a  correct=True  running‐acc=0.997
[ 345/600] loss=3.8870  pred=n/a    gold=n/a  running‐acc=0.800
Locality eval: pred=true              gold=true  correct=True  running‐acc=0.997
[ 346/600] loss=6.0506  pred=true.  gold=true  running‐acc=0.801
Locality eval: pred=n/a               gold=n/a  correct=True  running‐acc=0.997
[ 347/600] loss=4.3583  pred=n/a    gold=n/a  running‐acc=0.801
Locality eval: pred=true.             gold=true  correct=True  running‐acc=0.997
[ 348/600] loss=5.7464  pred=n/a    gold=n/a  running‐acc=0.802
Locality eval: pred=true.             gold=true  correct=True  running‐acc=0.997
[ 349/600] loss=5.1064  pred=false.  gold=n/a  running‐acc=0.799
Locality eval: pred=true.             gold=true  correct=True  running‐acc=0.997
[ 350/600] loss=5.8736  pred=n/a    gold=n/a  running‐acc=0.800
Locality eval: pred=true.             gold=true  correct=True  running‐acc=0.997
[ 351/600] loss=5.5128  pred=true   gold=n/a  running‐acc=0.798
Locality eval: pred=true.             gold=true  correct=True  running‐acc=0.997
[ 352/600] loss=5.0104  pred=n/a    gold=n/a  running‐acc=0.798
Locality eval: pred=true.             gold=true  correct=True  running‐acc=0.997
[ 353/600] loss=4.4088  pred=n/a    gold=n/a  running‐acc=0.799
Locality eval: pred=true.             gold=true  correct=True  running‐acc=0.997
[ 354/600] loss=7.7353  pred=true.  gold=true  running‐acc=0.799
Locality eval: pred=n/a               gold=n/a  correct=True  running‐acc=0.997
[ 355/600] loss=5.2299  pred=true.  gold=true  running‐acc=0.800
Locality eval: pred=n/a               gold=n/a  correct=True  running‐acc=0.997
[ 356/600] loss=4.8950  pred=true.  gold=true  running‐acc=0.801
Locality eval: pred=n/a               gold=n/a  correct=True  running‐acc=0.997
[ 357/600] loss=5.9778  pred=true.  gold=true  running‐acc=0.801
Locality eval: pred=n/a               gold=n/a  correct=True  running‐acc=0.997
[ 358/600] loss=8.0261  pred=n/a    gold=true  running‐acc=0.799
Locality eval: pred=n/a               gold=n/a  correct=True  running‐acc=0.997
[ 359/600] loss=5.6638  pred=true.  gold=true  running‐acc=0.799
Locality eval: pred=n/a               gold=n/a  correct=True  running‐acc=0.997
[ 360/600] loss=6.2179  pred=n/a    gold=n/a  running‐acc=0.800
Locality eval: pred=true.             gold=true  correct=True  running‐acc=0.997
[ 361/600] loss=7.8625  pred=true.  gold=true  running‐acc=0.801
Locality eval: pred=n/a               gold=n/a  correct=True  running‐acc=0.997
[ 362/600] loss=5.5737  pred=true   gold=true  running‐acc=0.801
Locality eval: pred=n/a               gold=n/a  correct=True  running‐acc=0.997
[ 363/600] loss=4.8131  pred=n/a    gold=n/a  running‐acc=0.802
Locality eval: pred=true              gold=true  correct=True  running‐acc=0.997
[ 364/600] loss=6.6094  pred=true.  gold=true  running‐acc=0.802
Locality eval: pred=n/a               gold=n/a  correct=True  running‐acc=0.997
[ 365/600] loss=10.9757  pred=n/a    gold=true  running‐acc=0.800
Locality eval: pred=n/a               gold=n/a  correct=True  running‐acc=0.997
[ 366/600] loss=5.1037  pred=n/a    gold=n/a  running‐acc=0.801
Locality eval: pred=true.             gold=true  correct=True  running‐acc=0.997
[ 367/600] loss=6.3426  pred=n/a    gold=n/a  running‐acc=0.801
Locality eval: pred=true              gold=true  correct=True  running‐acc=0.997
[ 368/600] loss=5.9568  pred=true.  gold=true  running‐acc=0.802
Locality eval: pred=n/a               gold=n/a  correct=True  running‐acc=0.997
[ 369/600] loss=5.8142  pred=n/a    gold=n/a  running‐acc=0.802
Locality eval: pred=true              gold=true  correct=True  running‐acc=0.997
[ 370/600] loss=5.7204  pred=n/a    gold=n/a  running‐acc=0.803
Locality eval: pred=true.             gold=true  correct=True  running‐acc=0.997
[ 371/600] loss=8.1965  pred=n/a    gold=true  running‐acc=0.801
Locality eval: pred=n/a               gold=n/a  correct=True  running‐acc=0.997
[ 372/600] loss=4.8958  pred=true   gold=true  running‐acc=0.801
Locality eval: pred=n/a               gold=n/a  correct=True  running‐acc=0.997
[ 373/600] loss=6.1045  pred=true.  gold=true  running‐acc=0.802
Locality eval: pred=n/a               gold=n/a  correct=True  running‐acc=0.997
[ 374/600] loss=5.5451  pred=n/a    gold=n/a  running‐acc=0.802
Locality eval: pred=true.             gold=true  correct=True  running‐acc=0.997
[ 375/600] loss=7.3143  pred=n/a    gold=true  running‐acc=0.800
Locality eval: pred=n/a               gold=n/a  correct=True  running‐acc=0.997
[ 376/600] loss=5.9190  pred=true   gold=true  running‐acc=0.801
Locality eval: pred=n/a               gold=n/a  correct=True  running‐acc=0.997
[ 377/600] loss=8.1226  pred=true.  gold=true  running‐acc=0.801
Locality eval: pred=n/a               gold=n/a  correct=True  running‐acc=0.997
[ 378/600] loss=6.9887  pred=true.  gold=true  running‐acc=0.802
Locality eval: pred=n/a               gold=n/a  correct=True  running‐acc=0.997
[ 379/600] loss=5.4657  pred=true.  gold=true  running‐acc=0.802
Locality eval: pred=n/a               gold=n/a  correct=True  running‐acc=0.997
[ 380/600] loss=6.2797  pred=n/a    gold=true  running‐acc=0.800
Locality eval: pred=n/a               gold=n/a  correct=True  running‐acc=0.997
[ 381/600] loss=4.8395  pred=n/a    gold=n/a  running‐acc=0.801
Locality eval: pred=true.             gold=true  correct=True  running‐acc=0.997
[ 382/600] loss=5.1477  pred=n/a    gold=n/a  running‐acc=0.801
Locality eval: pred=true.             gold=true  correct=True  running‐acc=0.997
[ 383/600] loss=5.2309  pred=true.  gold=n/a  running‐acc=0.799
Locality eval: pred=true.             gold=true  correct=True  running‐acc=0.997
[ 384/600] loss=5.7068  pred=n/a    gold=n/a  running‐acc=0.799
Locality eval: pred=true.             gold=true  correct=True  running‐acc=0.997
[ 385/600] loss=7.3967  pred=n/a    gold=true  running‐acc=0.797
Locality eval: pred=n/a               gold=n/a  correct=True  running‐acc=0.997
[ 386/600] loss=6.4368  pred=true.  gold=true  running‐acc=0.798
Locality eval: pred=n/a               gold=n/a  correct=True  running‐acc=0.997
[ 387/600] loss=5.0750  pred=n/a    gold=n/a  running‐acc=0.798
Locality eval: pred=true              gold=true  correct=True  running‐acc=0.997
[ 388/600] loss=6.7150  pred=true.  gold=true  running‐acc=0.799
Locality eval: pred=n/a               gold=n/a  correct=True  running‐acc=0.997
[ 389/600] loss=6.5136  pred=n/a    gold=n/a  running‐acc=0.799
Locality eval: pred=true.             gold=true  correct=True  running‐acc=0.997
[ 390/600] loss=5.5843  pred=true   gold=true  running‐acc=0.800
Locality eval: pred=n/a               gold=n/a  correct=True  running‐acc=0.997
[ 391/600] loss=6.5519  pred=n/a    gold=true  running‐acc=0.798
Locality eval: pred=n/a               gold=n/a  correct=True  running‐acc=0.997
[ 392/600] loss=5.9525  pred=n/a    gold=n/a  running‐acc=0.798
Locality eval: pred=true.             gold=true  correct=True  running‐acc=0.997
[ 393/600] loss=5.9458  pred=n/a    gold=n/a  running‐acc=0.799
Locality eval: pred=true              gold=true  correct=True  running‐acc=0.997
[ 394/600] loss=6.4965  pred=n/a    gold=n/a  running‐acc=0.799
Locality eval: pred=true.             gold=true  correct=True  running‐acc=0.997
[ 395/600] loss=6.2906  pred=true   gold=true  running‐acc=0.800
Locality eval: pred=n/a               gold=n/a  correct=True  running‐acc=0.997
[ 396/600] loss=6.7656  pred=true.  gold=true  running‐acc=0.801
Locality eval: pred=n/a               gold=n/a  correct=True  running‐acc=0.997
[ 397/600] loss=5.3336  pred=n/a    gold=n/a  running‐acc=0.801
Locality eval: pred=true.             gold=true  correct=True  running‐acc=0.997
[ 398/600] loss=6.9355  pred=true.  gold=true  running‐acc=0.802
Locality eval: pred=n/a               gold=n/a  correct=True  running‐acc=0.997
[ 399/600] loss=5.9559  pred=false.  gold=n/a  running‐acc=0.799
Locality eval: pred=true.             gold=true  correct=True  running‐acc=0.997
[ 400/600] loss=7.3118  pred=n/a    gold=true  running‐acc=0.797
Locality eval: pred=n/a               gold=n/a  correct=True  running‐acc=0.998
[ 401/600] loss=5.7726  pred=n/a    gold=true  running‐acc=0.796
Locality eval: pred=n/a               gold=n/a  correct=True  running‐acc=0.998
[ 402/600] loss=5.2528  pred=n/a    gold=n/a  running‐acc=0.796
Locality eval: pred=true.             gold=true  correct=True  running‐acc=0.998
[ 403/600] loss=6.8739  pred=true.  gold=true  running‐acc=0.797
Locality eval: pred=n/a               gold=n/a  correct=True  running‐acc=0.998
[ 404/600] loss=10.7357  pred=n/a    gold=true  running‐acc=0.795
Locality eval: pred=n/a               gold=n/a  correct=True  running‐acc=0.998
[ 405/600] loss=5.7242  pred=n/a    gold=n/a  running‐acc=0.795
Locality eval: pred=true.             gold=true  correct=True  running‐acc=0.998
[ 406/600] loss=6.2379  pred=n/a    gold=n/a  running‐acc=0.796
Locality eval: pred=true              gold=true  correct=True  running‐acc=0.998
[ 407/600] loss=4.8878  pred=true.  gold=true  running‐acc=0.796
Locality eval: pred=n/a               gold=n/a  correct=True  running‐acc=0.998
[ 408/600] loss=5.5165  pred=n/a    gold=n/a  running‐acc=0.797
Locality eval: pred=true.             gold=true  correct=True  running‐acc=0.998
[ 409/600] loss=6.4459  pred=true.  gold=true  running‐acc=0.797
Locality eval: pred=n/a               gold=n/a  correct=True  running‐acc=0.998
[ 410/600] loss=6.2019  pred=n/a    gold=n/a  running‐acc=0.798
Locality eval: pred=true              gold=true  correct=True  running‐acc=0.998
[ 411/600] loss=6.4576  pred=true   gold=true  running‐acc=0.798
Locality eval: pred=n/a               gold=n/a  correct=True  running‐acc=0.998
[ 412/600] loss=6.0379  pred=true.  gold=true  running‐acc=0.799
Locality eval: pred=n/a               gold=n/a  correct=True  running‐acc=0.998
[ 413/600] loss=5.8551  pred=n/a    gold=true  running‐acc=0.797
Locality eval: pred=n/a               gold=n/a  correct=True  running‐acc=0.998
[ 414/600] loss=5.6788  pred=true   gold=true  running‐acc=0.797
Locality eval: pred=n/a               gold=n/a  correct=True  running‐acc=0.998
[ 415/600] loss=5.3342  pred=n/a    gold=n/a  running‐acc=0.798
Locality eval: pred=true.             gold=true  correct=True  running‐acc=0.998
[ 416/600] loss=9.3076  pred=n/a    gold=true  running‐acc=0.796
Locality eval: pred=n/a               gold=n/a  correct=True  running‐acc=0.998
[ 417/600] loss=5.4320  pred=n/a    gold=n/a  running‐acc=0.796
Locality eval: pred=true              gold=true  correct=True  running‐acc=0.998
[ 418/600] loss=6.2309  pred=n/a    gold=n/a  running‐acc=0.797
Locality eval: pred=true.             gold=true  correct=True  running‐acc=0.998
[ 419/600] loss=5.5777  pred=n/a    gold=true  running‐acc=0.795
Locality eval: pred=n/a               gold=n/a  correct=True  running‐acc=0.998
[ 420/600] loss=6.8789  pred=n/a    gold=true  running‐acc=0.793
Locality eval: pred=n/a               gold=n/a  correct=True  running‐acc=0.998
[ 421/600] loss=7.1035  pred=true.  gold=true  running‐acc=0.793
Locality eval: pred=n/a               gold=n/a  correct=True  running‐acc=0.998
[ 422/600] loss=6.9414  pred=true   gold=true  running‐acc=0.794
Locality eval: pred=n/a               gold=n/a  correct=True  running‐acc=0.998
[ 423/600] loss=8.0780  pred=true.  gold=true  running‐acc=0.794
Locality eval: pred=true.             gold=n/a  correct=False  running‐acc=0.995
[ 424/600] loss=5.2577  pred=n/a    gold=n/a  running‐acc=0.795
Locality eval: pred=true              gold=true  correct=True  running‐acc=0.995
[ 425/600] loss=5.7671  pred=true.  gold=n/a  running‐acc=0.793
Locality eval: pred=true.             gold=true  correct=True  running‐acc=0.995
[ 426/600] loss=5.0630  pred=n/a    gold=n/a  running‐acc=0.793
Locality eval: pred=true              gold=true  correct=True  running‐acc=0.995
[ 427/600] loss=9.3352  pred=n/a    gold=true  running‐acc=0.792
Locality eval: pred=n/a               gold=n/a  correct=True  running‐acc=0.995
[ 428/600] loss=5.9487  pred=true.  gold=true  running‐acc=0.792
Locality eval: pred=n/a               gold=n/a  correct=True  running‐acc=0.995
[ 429/600] loss=5.5497  pred=true.  gold=true  running‐acc=0.793
Locality eval: pred=n/a               gold=n/a  correct=True  running‐acc=0.995
[ 430/600] loss=4.1163  pred=n/a    gold=n/a  running‐acc=0.793
Locality eval: pred=true.             gold=true  correct=True  running‐acc=0.995
[ 431/600] loss=7.0385  pred=true   gold=true  running‐acc=0.794
Locality eval: pred=n/a               gold=n/a  correct=True  running‐acc=0.995
[ 432/600] loss=6.9301  pred=true.  gold=true  running‐acc=0.794
Locality eval: pred=n/a               gold=n/a  correct=True  running‐acc=0.995
[ 433/600] loss=7.4072  pred=true   gold=true  running‐acc=0.794
Locality eval: pred=n/a               gold=n/a  correct=True  running‐acc=0.995
[ 434/600] loss=6.2462  pred=false.  gold=n/a  running‐acc=0.793
Locality eval: pred=true.             gold=true  correct=True  running‐acc=0.995
[ 435/600] loss=5.9266  pred=n/a    gold=n/a  running‐acc=0.793
Locality eval: pred=true.             gold=true  correct=True  running‐acc=0.995
[ 436/600] loss=5.3303  pred=n/a    gold=true  running‐acc=0.791
Locality eval: pred=n/a               gold=n/a  correct=True  running‐acc=0.995
[ 437/600] loss=6.7350  pred=true   gold=true  running‐acc=0.792
Locality eval: pred=n/a               gold=n/a  correct=True  running‐acc=0.995
[ 438/600] loss=5.2999  pred=n/a    gold=n/a  running‐acc=0.792
Locality eval: pred=true              gold=true  correct=True  running‐acc=0.995
[ 439/600] loss=5.3926  pred=n/a    gold=n/a  running‐acc=0.793
Locality eval: pred=true.             gold=true  correct=True  running‐acc=0.995
[ 440/600] loss=7.3707  pred=true.  gold=true  running‐acc=0.793
Locality eval: pred=n/a               gold=n/a  correct=True  running‐acc=0.995
[ 441/600] loss=4.9121  pred=false.  gold=n/a  running‐acc=0.791
Locality eval: pred=true.             gold=true  correct=True  running‐acc=0.995
[ 442/600] loss=6.8758  pred=true.  gold=true  running‐acc=0.792
Locality eval: pred=n/a               gold=n/a  correct=True  running‐acc=0.995
[ 443/600] loss=7.7619  pred=n/a    gold=true  running‐acc=0.790
Locality eval: pred=n/a               gold=n/a  correct=True  running‐acc=0.995
[ 444/600] loss=5.9671  pred=true   gold=true  running‐acc=0.791
Locality eval: pred=n/a               gold=n/a  correct=True  running‐acc=0.995
[ 445/600] loss=5.0565  pred=true   gold=true  running‐acc=0.791
Locality eval: pred=n/a               gold=n/a  correct=True  running‐acc=0.996
[ 446/600] loss=6.2732  pred=n/a    gold=true  running‐acc=0.789
Locality eval: pred=n/a               gold=n/a  correct=True  running‐acc=0.996
[ 447/600] loss=6.0056  pred=n/a    gold=true  running‐acc=0.787
Locality eval: pred=n/a               gold=n/a  correct=True  running‐acc=0.996
[ 448/600] loss=5.8486  pred=       gold=true  running‐acc=0.786
Locality eval: pred=n/a               gold=n/a  correct=True  running‐acc=0.996
[ 449/600] loss=6.5177  pred=true.  gold=true  running‐acc=0.786
Locality eval: pred=n/a               gold=n/a  correct=True  running‐acc=0.996
[ 450/600] loss=6.3462  pred=false.  gold=n/a  running‐acc=0.784
Locality eval: pred=true.             gold=true  correct=True  running‐acc=0.996
[ 451/600] loss=10.9668  pred=n/a    gold=true  running‐acc=0.783
Locality eval: pred=n/a               gold=n/a  correct=True  running‐acc=0.996
[ 452/600] loss=4.9140  pred=true.  gold=n/a  running‐acc=0.781
Locality eval: pred=true              gold=true  correct=True  running‐acc=0.996
[ 453/600] loss=4.8468  pred=n/a    gold=n/a  running‐acc=0.781
Locality eval: pred=true              gold=true  correct=True  running‐acc=0.996
[ 454/600] loss=4.1848  pred=n/a    gold=n/a  running‐acc=0.782
Locality eval: pred=true              gold=true  correct=True  running‐acc=0.996
[ 455/600] loss=7.2682  pred=true.  gold=true  running‐acc=0.782
Locality eval: pred=n/a               gold=n/a  correct=True  running‐acc=0.996
[ 456/600] loss=4.9945  pred=n/a    gold=n/a  running‐acc=0.783
Locality eval: pred=true              gold=true  correct=True  running‐acc=0.996
[ 457/600] loss=4.8818  pred=n/a    gold=n/a  running‐acc=0.783
Locality eval: pred=n/a               gold=true  correct=False  running‐acc=0.993
[ 458/600] loss=5.1405  pred=n/a    gold=n/a  running‐acc=0.784
Locality eval: pred=true.             gold=true  correct=True  running‐acc=0.993
[ 459/600] loss=6.8616  pred=true.  gold=true  running‐acc=0.784
Locality eval: pred=n/a               gold=n/a  correct=True  running‐acc=0.993
[ 460/600] loss=5.3591  pred=true   gold=true  running‐acc=0.785
Locality eval: pred=n/a               gold=n/a  correct=True  running‐acc=0.993
[ 461/600] loss=5.3373  pred=n/a    gold=n/a  running‐acc=0.785
Locality eval: pred=true.             gold=true  correct=True  running‐acc=0.993
[ 462/600] loss=3.8907  pred=n/a    gold=n/a  running‐acc=0.786
Locality eval: pred=true.             gold=true  correct=True  running‐acc=0.994
[ 463/600] loss=6.6931  pred=true.  gold=true  running‐acc=0.786
Locality eval: pred=n/a               gold=n/a  correct=True  running‐acc=0.994
[ 464/600] loss=5.9841  pred=n/a    gold=n/a  running‐acc=0.787
Locality eval: pred=true.             gold=true  correct=True  running‐acc=0.994
[ 465/600] loss=5.6451  pred=n/a    gold=n/a  running‐acc=0.787
Locality eval: pred=true.             gold=true  correct=True  running‐acc=0.994
[ 466/600] loss=5.2606  pred=n/a    gold=n/a  running‐acc=0.788
Locality eval: pred=true.             gold=true  correct=True  running‐acc=0.994
[ 467/600] loss=4.8502  pred=n/a    gold=n/a  running‐acc=0.788
Locality eval: pred=true              gold=true  correct=True  running‐acc=0.994
[ 468/600] loss=5.6417  pred=n/a    gold=n/a  running‐acc=0.788
Locality eval: pred=true              gold=true  correct=True  running‐acc=0.994
[ 469/600] loss=4.4347  pred=true.  gold=true  running‐acc=0.789
Locality eval: pred=n/a               gold=n/a  correct=True  running‐acc=0.994
[ 470/600] loss=5.8732  pred=n/a    gold=n/a  running‐acc=0.789
Locality eval: pred=true.             gold=true  correct=True  running‐acc=0.994
[ 471/600] loss=5.6373  pred=n/a    gold=n/a  running‐acc=0.790
Locality eval: pred=n/a               gold=true  correct=False  running‐acc=0.992
[ 472/600] loss=6.2718  pred=true.  gold=true  running‐acc=0.790
Locality eval: pred=n/a               gold=n/a  correct=True  running‐acc=0.992
[ 473/600] loss=5.2723  pred=n/a    gold=n/a  running‐acc=0.791
Locality eval: pred=true.             gold=true  correct=True  running‐acc=0.992
[ 474/600] loss=6.7162  pred=true   gold=true  running‐acc=0.791
Locality eval: pred=n/a               gold=n/a  correct=True  running‐acc=0.992
[ 475/600] loss=6.3927  pred=n/a    gold=n/a  running‐acc=0.792
Locality eval: pred=true.             gold=true  correct=True  running‐acc=0.992
[ 476/600] loss=6.8450  pred=true.  gold=true  running‐acc=0.792
Locality eval: pred=n/a               gold=n/a  correct=True  running‐acc=0.992
[ 477/600] loss=6.2673  pred=n/a    gold=n/a  running‐acc=0.792
Locality eval: pred=true.             gold=true  correct=True  running‐acc=0.992
[ 478/600] loss=5.7769  pred=true.  gold=true  running‐acc=0.793
Locality eval: pred=n/a               gold=n/a  correct=True  running‐acc=0.992
[ 479/600] loss=5.7637  pred=n/a    gold=n/a  running‐acc=0.793
Locality eval: pred=true.             gold=true  correct=True  running‐acc=0.992
[ 480/600] loss=6.3235  pred=n/a    gold=n/a  running‐acc=0.794
Locality eval: pred=true.             gold=true  correct=True  running‐acc=0.992
[ 481/600] loss=5.8884  pred=n/a    gold=n/a  running‐acc=0.794
Locality eval: pred=true.             gold=true  correct=True  running‐acc=0.992
[ 482/600] loss=8.7931  pred=n/a    gold=true  running‐acc=0.793
Locality eval: pred=n/a               gold=n/a  correct=True  running‐acc=0.992
[ 483/600] loss=4.9927  pred=n/a    gold=n/a  running‐acc=0.793
Locality eval: pred=true.             gold=true  correct=True  running‐acc=0.992
[ 484/600] loss=6.3132  pred=n/a    gold=n/a  running‐acc=0.793
Locality eval: pred=true.             gold=true  correct=True  running‐acc=0.992
[ 485/600] loss=5.9606  pred=n/a    gold=n/a  running‐acc=0.794
Locality eval: pred=true              gold=true  correct=True  running‐acc=0.992
[ 486/600] loss=6.2546  pred=false.  gold=n/a  running‐acc=0.792
Locality eval: pred=true.             gold=true  correct=True  running‐acc=0.992
[ 487/600] loss=4.4082  pred=false.  gold=n/a  running‐acc=0.791
Locality eval: pred=true.             gold=true  correct=True  running‐acc=0.992
[ 488/600] loss=6.2065  pred=n/a    gold=n/a  running‐acc=0.791
Locality eval: pred=true              gold=true  correct=True  running‐acc=0.992
[ 489/600] loss=4.7599  pred=n/a    gold=n/a  running‐acc=0.791
Locality eval: pred=true.             gold=true  correct=True  running‐acc=0.992
[ 490/600] loss=5.0843  pred=false.  gold=n/a  running‐acc=0.790
Locality eval: pred=true.             gold=true  correct=True  running‐acc=0.992
[ 491/600] loss=4.3633  pred=n/a    gold=n/a  running‐acc=0.790
Locality eval: pred=true              gold=true  correct=True  running‐acc=0.992
[ 492/600] loss=5.9212  pred=true.  gold=true  running‐acc=0.791
Locality eval: pred=n/a               gold=n/a  correct=True  running‐acc=0.992
[ 493/600] loss=5.1749  pred=n/a    gold=n/a  running‐acc=0.791
Locality eval: pred=true.             gold=true  correct=True  running‐acc=0.992
[ 494/600] loss=5.4863  pred=n/a    gold=n/a  running‐acc=0.791
Locality eval: pred=true.             gold=true  correct=True  running‐acc=0.992
[ 495/600] loss=5.2150  pred=true.  gold=n/a  running‐acc=0.790
Locality eval: pred=true.             gold=true  correct=True  running‐acc=0.992
[ 496/600] loss=5.8648  pred=n/a    gold=n/a  running‐acc=0.790
Locality eval: pred=true.             gold=true  correct=True  running‐acc=0.992
[ 497/600] loss=6.6846  pred=true.  gold=true  running‐acc=0.791
Locality eval: pred=n/a               gold=n/a  correct=True  running‐acc=0.992
[ 498/600] loss=5.5481  pred=true.  gold=true  running‐acc=0.791
Locality eval: pred=n/a               gold=n/a  correct=True  running‐acc=0.992
[ 499/600] loss=5.1833  pred=n/a    gold=n/a  running‐acc=0.792
Locality eval: pred=true.             gold=true  correct=True  running‐acc=0.992
[ 500/600] loss=4.1216  pred=true   gold=n/a  running‐acc=0.790
Locality eval: pred=true.             gold=true  correct=True  running‐acc=0.992
[ 501/600] loss=5.5840  pred=n/a    gold=n/a  running‐acc=0.790
Locality eval: pred=true.             gold=true  correct=True  running‐acc=0.992
[ 502/600] loss=4.8150  pred=n/a    gold=n/a  running‐acc=0.791
Locality eval: pred=true.             gold=true  correct=True  running‐acc=0.992
[ 503/600] loss=5.6638  pred=true   gold=true  running‐acc=0.791
Locality eval: pred=n/a               gold=n/a  correct=True  running‐acc=0.992
[ 504/600] loss=5.6780  pred=true.  gold=true  running‐acc=0.792
Locality eval: pred=n/a               gold=n/a  correct=True  running‐acc=0.992
[ 505/600] loss=9.0559  pred=true.  gold=true  running‐acc=0.792
Locality eval: pred=n/a               gold=n/a  correct=True  running‐acc=0.992
[ 506/600] loss=5.8513  pred=true.  gold=true  running‐acc=0.792
Locality eval: pred=n/a               gold=n/a  correct=True  running‐acc=0.992
[ 507/600] loss=6.5716  pred=n/a    gold=true  running‐acc=0.791
Locality eval: pred=n/a               gold=n/a  correct=True  running‐acc=0.992
[ 508/600] loss=5.9859  pred=n/a    gold=true  running‐acc=0.789
Locality eval: pred=n/a               gold=n/a  correct=True  running‐acc=0.992
[ 509/600] loss=6.5252  pred=true.  gold=true  running‐acc=0.790
Locality eval: pred=n/a               gold=n/a  correct=True  running‐acc=0.992
[ 510/600] loss=7.8422  pred=n/a    gold=true  running‐acc=0.788
Locality eval: pred=n/a               gold=n/a  correct=True  running‐acc=0.992
[ 511/600] loss=4.4085  pred=n/a    gold=n/a  running‐acc=0.789
Locality eval: pred=true.             gold=true  correct=True  running‐acc=0.992
[ 512/600] loss=6.4195  pred=true.  gold=true  running‐acc=0.789
Locality eval: pred=n/a               gold=n/a  correct=True  running‐acc=0.992
[ 513/600] loss=6.4997  pred=n/a    gold=n/a  running‐acc=0.789
Locality eval: pred=true.             gold=true  correct=True  running‐acc=0.992
[ 514/600] loss=4.7515  pred=true.  gold=true  running‐acc=0.790
Locality eval: pred=n/a               gold=n/a  correct=True  running‐acc=0.992
[ 515/600] loss=5.7666  pred=n/a    gold=n/a  running‐acc=0.790
Locality eval: pred=true.             gold=true  correct=True  running‐acc=0.992
[ 516/600] loss=5.9114  pred=n/a    gold=n/a  running‐acc=0.791
Locality eval: pred=true              gold=true  correct=True  running‐acc=0.992
[ 517/600] loss=4.8563  pred=n/a    gold=n/a  running‐acc=0.791
Locality eval: pred=true.             gold=true  correct=True  running‐acc=0.992
[ 518/600] loss=5.3602  pred=n/a    gold=n/a  running‐acc=0.792
Locality eval: pred=true.             gold=true  correct=True  running‐acc=0.992
[ 519/600] loss=5.0959  pred=true.  gold=true  running‐acc=0.792
Locality eval: pred=n/a               gold=n/a  correct=True  running‐acc=0.992
[ 520/600] loss=6.8800  pred=true   gold=true  running‐acc=0.792
Locality eval: pred=n/a               gold=n/a  correct=True  running‐acc=0.992
[ 521/600] loss=5.0502  pred=true.  gold=true  running‐acc=0.793
Locality eval: pred=n/a               gold=n/a  correct=True  running‐acc=0.992
[ 522/600] loss=9.0622  pred=n/a    gold=true  running‐acc=0.791
Locality eval: pred=n/a               gold=n/a  correct=True  running‐acc=0.992
[ 523/600] loss=6.3574  pred=n/a    gold=n/a  running‐acc=0.792
Locality eval: pred=true.             gold=true  correct=True  running‐acc=0.992
[ 524/600] loss=5.0639  pred=true.  gold=true  running‐acc=0.792
Locality eval: pred=n/a               gold=n/a  correct=True  running‐acc=0.992
[ 525/600] loss=5.9930  pred=true.  gold=true  running‐acc=0.792
Locality eval: pred=n/a               gold=n/a  correct=True  running‐acc=0.992
[ 526/600] loss=5.8533  pred=true.  gold=true  running‐acc=0.793
Locality eval: pred=n/a               gold=n/a  correct=True  running‐acc=0.992
[ 527/600] loss=5.9042  pred=n/a    gold=n/a  running‐acc=0.793
Locality eval: pred=true.             gold=true  correct=True  running‐acc=0.992
[ 528/600] loss=6.6295  pred=true.  gold=true  running‐acc=0.794
Locality eval: pred=n/a               gold=n/a  correct=True  running‐acc=0.992
[ 529/600] loss=5.8702  pred=n/a    gold=n/a  running‐acc=0.794
Locality eval: pred=true.             gold=true  correct=True  running‐acc=0.992
[ 530/600] loss=7.0568  pred=n/a    gold=true  running‐acc=0.792
Locality eval: pred=n/a               gold=n/a  correct=True  running‐acc=0.992
[ 531/600] loss=6.4390  pred=true.  gold=n/a  running‐acc=0.791
Locality eval: pred=true.             gold=true  correct=True  running‐acc=0.992
[ 532/600] loss=6.4018  pred=true   gold=true  running‐acc=0.791
Locality eval: pred=n/a               gold=n/a  correct=True  running‐acc=0.992
[ 533/600] loss=5.2219  pred=n/a    gold=n/a  running‐acc=0.792
Locality eval: pred=true              gold=true  correct=True  running‐acc=0.992
[ 534/600] loss=6.6351  pred=true.  gold=true  running‐acc=0.792
Locality eval: pred=n/a               gold=n/a  correct=True  running‐acc=0.993
[ 535/600] loss=5.7852  pred=n/a    gold=true  running‐acc=0.791
Locality eval: pred=n/a               gold=n/a  correct=True  running‐acc=0.993
[ 536/600] loss=5.9797  pred=true   gold=true  running‐acc=0.791
Locality eval: pred=n/a               gold=n/a  correct=True  running‐acc=0.993
[ 537/600] loss=5.2286  pred=n/a    gold=n/a  running‐acc=0.791
Locality eval: pred=true              gold=true  correct=True  running‐acc=0.993
[ 538/600] loss=6.5524  pred=true   gold=true  running‐acc=0.792
Locality eval: pred=n/a               gold=n/a  correct=True  running‐acc=0.993
[ 539/600] loss=7.8604  pred=true.  gold=true  running‐acc=0.792
Locality eval: pred=n/a               gold=n/a  correct=True  running‐acc=0.993
[ 540/600] loss=6.3863  pred=true.  gold=n/a  running‐acc=0.791
Locality eval: pred=true.             gold=true  correct=True  running‐acc=0.993
[ 541/600] loss=6.3500  pred=true   gold=n/a  running‐acc=0.789
Locality eval: pred=true.             gold=true  correct=True  running‐acc=0.993
[ 542/600] loss=5.3513  pred=n/a    gold=n/a  running‐acc=0.790
Locality eval: pred=true.             gold=true  correct=True  running‐acc=0.993
[ 543/600] loss=4.8534  pred=n/a    gold=n/a  running‐acc=0.790
Locality eval: pred=true.             gold=true  correct=True  running‐acc=0.993
[ 544/600] loss=5.9680  pred=n/a    gold=n/a  running‐acc=0.790
Locality eval: pred=true              gold=true  correct=True  running‐acc=0.993
[ 545/600] loss=6.1720  pred=n/a    gold=true  running‐acc=0.789
Locality eval: pred=n/a               gold=n/a  correct=True  running‐acc=0.993
[ 546/600] loss=5.5153  pred=n/a    gold=n/a  running‐acc=0.789
Locality eval: pred=true.             gold=true  correct=True  running‐acc=0.993
[ 547/600] loss=6.9583  pred=true.  gold=true  running‐acc=0.790
Locality eval: pred=n/a               gold=n/a  correct=True  running‐acc=0.993
[ 548/600] loss=6.2075  pred=true   gold=true  running‐acc=0.790
Locality eval: pred=n/a               gold=n/a  correct=True  running‐acc=0.993
[ 549/600] loss=7.1991  pred=n/a    gold=true  running‐acc=0.789
Locality eval: pred=n/a               gold=n/a  correct=True  running‐acc=0.993
[ 550/600] loss=5.8647  pred=n/a    gold=n/a  running‐acc=0.789
Locality eval: pred=true.             gold=true  correct=True  running‐acc=0.993
[ 551/600] loss=5.1005  pred=true.  gold=true  running‐acc=0.789
Locality eval: pred=n/a               gold=n/a  correct=True  running‐acc=0.993
[ 552/600] loss=6.0638  pred=false.  gold=n/a  running‐acc=0.788
Locality eval: pred=true              gold=true  correct=True  running‐acc=0.993
[ 553/600] loss=5.6978  pred=n/a    gold=n/a  running‐acc=0.788
Locality eval: pred=true              gold=true  correct=True  running‐acc=0.993
[ 554/600] loss=5.6986  pred=true.  gold=true  running‐acc=0.789
Locality eval: pred=n/a               gold=n/a  correct=True  running‐acc=0.993
[ 555/600] loss=5.9280  pred=n/a    gold=n/a  running‐acc=0.789
Locality eval: pred=true.             gold=true  correct=True  running‐acc=0.993
[ 556/600] loss=4.3079  pred=n/a    gold=n/a  running‐acc=0.790
Locality eval: pred=true.             gold=true  correct=True  running‐acc=0.993
[ 557/600] loss=5.2250  pred=n/a    gold=n/a  running‐acc=0.790
Locality eval: pred=true.             gold=true  correct=True  running‐acc=0.993
[ 558/600] loss=6.1879  pred=true.  gold=true  running‐acc=0.790
Locality eval: pred=n/a               gold=n/a  correct=True  running‐acc=0.993
[ 559/600] loss=5.7423  pred=true   gold=true  running‐acc=0.791
Locality eval: pred=n/a               gold=n/a  correct=True  running‐acc=0.993
[ 560/600] loss=5.5363  pred=n/a    gold=n/a  running‐acc=0.791
Locality eval: pred=true.             gold=true  correct=True  running‐acc=0.993
[ 561/600] loss=5.6066  pred=true.  gold=true  running‐acc=0.791
Locality eval: pred=n/a               gold=n/a  correct=True  running‐acc=0.993
[ 562/600] loss=5.3071  pred=true.  gold=true  running‐acc=0.792
Locality eval: pred=n/a               gold=n/a  correct=True  running‐acc=0.993
[ 563/600] loss=5.1463  pred=n/a    gold=n/a  running‐acc=0.792
Locality eval: pred=true.             gold=true  correct=True  running‐acc=0.993
[ 564/600] loss=8.7587  pred=n/a    gold=true  running‐acc=0.791
Locality eval: pred=n/a               gold=n/a  correct=True  running‐acc=0.993
[ 565/600] loss=5.7643  pred=n/a    gold=n/a  running‐acc=0.791
Locality eval: pred=true.             gold=true  correct=True  running‐acc=0.993
[ 566/600] loss=6.3509  pred=true.  gold=true  running‐acc=0.792
Locality eval: pred=n/a               gold=n/a  correct=True  running‐acc=0.993
[ 567/600] loss=5.6174  pred=true.  gold=true  running‐acc=0.792
Locality eval: pred=n/a               gold=n/a  correct=True  running‐acc=0.993
[ 568/600] loss=5.7619  pred=false.  gold=n/a  running‐acc=0.790
Locality eval: pred=true              gold=true  correct=True  running‐acc=0.993
[ 569/600] loss=5.7793  pred=true.  gold=true  running‐acc=0.791
Locality eval: pred=n/a               gold=n/a  correct=True  running‐acc=0.993
[ 570/600] loss=5.6099  pred=true.  gold=true  running‐acc=0.791
Locality eval: pred=n/a               gold=n/a  correct=True  running‐acc=0.993
[ 571/600] loss=6.6839  pred=true.  gold=true  running‐acc=0.792
Locality eval: pred=n/a               gold=n/a  correct=True  running‐acc=0.993
[ 572/600] loss=5.8439  pred=n/a    gold=true  running‐acc=0.790
Locality eval: pred=n/a               gold=n/a  correct=True  running‐acc=0.993
[ 573/600] loss=5.6698  pred=true.  gold=true  running‐acc=0.791
Locality eval: pred=n/a               gold=n/a  correct=True  running‐acc=0.993
[ 574/600] loss=7.0499  pred=n/a    gold=true  running‐acc=0.789
Locality eval: pred=n/a               gold=n/a  correct=True  running‐acc=0.993
[ 575/600] loss=7.2800  pred=true.  gold=true  running‐acc=0.790
Locality eval: pred=n/a               gold=n/a  correct=True  running‐acc=0.993
[ 576/600] loss=6.6373  pred=true.  gold=true  running‐acc=0.790
Locality eval: pred=n/a               gold=n/a  correct=True  running‐acc=0.993
[ 577/600] loss=5.5825  pred=true.  gold=true  running‐acc=0.790
Locality eval: pred=n/a               gold=n/a  correct=True  running‐acc=0.993
[ 578/600] loss=5.7726  pred=n/a    gold=n/a  running‐acc=0.791
Locality eval: pred=true.             gold=true  correct=True  running‐acc=0.993
[ 579/600] loss=7.6031  pred=true.  gold=true  running‐acc=0.791
Locality eval: pred=n/a               gold=n/a  correct=True  running‐acc=0.993
[ 580/600] loss=4.8457  pred=n/a    gold=n/a  running‐acc=0.791
Locality eval: pred=true              gold=true  correct=True  running‐acc=0.993
[ 581/600] loss=5.3477  pred=n/a    gold=n/a  running‐acc=0.792
Locality eval: pred=true.             gold=true  correct=True  running‐acc=0.993
[ 582/600] loss=5.8383  pred=true.  gold=n/a  running‐acc=0.790
Locality eval: pred=true.             gold=true  correct=True  running‐acc=0.993
[ 583/600] loss=5.3383  pred=n/a    gold=n/a  running‐acc=0.791
Locality eval: pred=true.             gold=true  correct=True  running‐acc=0.993
[ 584/600] loss=4.6097  pred=n/a    gold=n/a  running‐acc=0.791
Locality eval: pred=true.             gold=true  correct=True  running‐acc=0.993
[ 585/600] loss=4.9134  pred=n/a    gold=n/a  running‐acc=0.791
Locality eval: pred=true              gold=true  correct=True  running‐acc=0.993
[ 586/600] loss=4.3581  pred=n/a    gold=n/a  running‐acc=0.792
Locality eval: pred=true.             gold=true  correct=True  running‐acc=0.993
[ 587/600] loss=8.4214  pred=true.  gold=true  running‐acc=0.792
Locality eval: pred=n/a               gold=n/a  correct=True  running‐acc=0.993
[ 588/600] loss=5.5446  pred=n/a    gold=true  running‐acc=0.791
Locality eval: pred=n/a               gold=n/a  correct=True  running‐acc=0.993
[ 589/600] loss=7.0200  pred=true.  gold=true  running‐acc=0.791
Locality eval: pred=n/a               gold=n/a  correct=True  running‐acc=0.993
[ 590/600] loss=5.9534  pred=true.  gold=true  running‐acc=0.792
Locality eval: pred=n/a               gold=n/a  correct=True  running‐acc=0.993
[ 591/600] loss=6.7444  pred=true.  gold=true  running‐acc=0.792
Locality eval: pred=n/a               gold=n/a  correct=True  running‐acc=0.993
[ 592/600] loss=6.1069  pred=n/a    gold=n/a  running‐acc=0.792
Locality eval: pred=true.             gold=true  correct=True  running‐acc=0.993
[ 593/600] loss=6.5196  pred=true.  gold=true  running‐acc=0.793
Locality eval: pred=n/a               gold=n/a  correct=True  running‐acc=0.993
[ 594/600] loss=4.4684  pred=n/a    gold=n/a  running‐acc=0.793
Locality eval: pred=true.             gold=true  correct=True  running‐acc=0.993
[ 595/600] loss=4.6473  pred=true.  gold=true  running‐acc=0.793
Locality eval: pred=n/a               gold=n/a  correct=True  running‐acc=0.993
[ 596/600] loss=5.6108  pred=n/a    gold=n/a  running‐acc=0.794
Locality eval: pred=true.             gold=true  correct=True  running‐acc=0.993
[ 597/600] loss=5.9947  pred=true   gold=n/a  running‐acc=0.792
Locality eval: pred=true.             gold=true  correct=True  running‐acc=0.993
[ 598/600] loss=5.2237  pred=n/a    gold=true  running‐acc=0.791
Locality eval: pred=n/a               gold=n/a  correct=True  running‐acc=0.993
[ 599/600] loss=4.7358  pred=true.  gold=true  running‐acc=0.791
Locality eval: pred=n/a               gold=n/a  correct=True  running‐acc=0.993
[ 600/600] loss=6.5116  pred=n/a    gold=n/a  running‐acc=0.792
Locality eval: pred=true.             gold=true  correct=True  running‐acc=0.993

Finished in 2028.9s.  Final accuracy: 0.792.

