Sliding Window Attention is enabled but not implemented for `sdpa`; unexpected results may be encountered.

Loading base model (4‐bit)…
Loading checkpoint shards:   0%|          | 0/4 [00:00<?, ?it/s]Loading checkpoint shards:  25%|██▌       | 1/4 [00:02<00:07,  2.39s/it]Loading checkpoint shards:  50%|█████     | 2/4 [00:04<00:04,  2.50s/it]Loading checkpoint shards:  75%|███████▌  | 3/4 [00:07<00:02,  2.65s/it]Loading checkpoint shards: 100%|██████████| 4/4 [00:09<00:00,  2.25s/it]Loading checkpoint shards: 100%|██████████| 4/4 [00:09<00:00,  2.36s/it]
trainable params: 5,046,272 || all params: 7,620,662,784 || trainable%: 0.0662
  0%|          | 0/600 [00:00<?, ?it/s]100%|██████████| 600/600 [00:00<00:00, 21661.81it/s]
/project/uvadm/zhenyu/miniconda3/envs/mechanistic/lib/python3.10/site-packages/transformers/generation/configuration_utils.py:631: UserWarning: `do_sample` is set to `False`. However, `temperature` is set to `0.7` -- this flag is only used in sample-based generation modes. You should set `do_sample=True` or unset `temperature`.
  warnings.warn(
/project/uvadm/zhenyu/miniconda3/envs/mechanistic/lib/python3.10/site-packages/transformers/generation/configuration_utils.py:636: UserWarning: `do_sample` is set to `False`. However, `top_p` is set to `0.8` -- this flag is only used in sample-based generation modes. You should set `do_sample=True` or unset `top_p`.
  warnings.warn(
/project/uvadm/zhenyu/miniconda3/envs/mechanistic/lib/python3.10/site-packages/transformers/generation/configuration_utils.py:653: UserWarning: `do_sample` is set to `False`. However, `top_k` is set to `20` -- this flag is only used in sample-based generation modes. You should set `do_sample=True` or unset `top_k`.
  warnings.warn(
Loaded 600 (train, eval) pairs.

Starting sequential training…
Cached 112 LoRA tensors.
[   1/600] loss=0.0131  pred=true   gold=true  running‐acc=1.000
Locality eval: pred=true              gold=n/a  correct=False  running‐acc=0.000
[   2/600] loss=0.0420  pred=true   gold=true  running‐acc=1.000
Locality eval: pred=n/a               gold=n/a  correct=True  running‐acc=0.500
[   3/600] loss=0.0109  pred=true   gold=true  running‐acc=1.000
Locality eval: pred=false             gold=n/a  correct=False  running‐acc=0.333
[   4/600] loss=0.0132  pred=true   gold=true  running‐acc=1.000
Locality eval: pred=false             gold=n/a  correct=False  running‐acc=0.250
[   5/600] loss=0.0660  pred=true   gold=true  running‐acc=1.000
Locality eval: pred=false             gold=n/a  correct=False  running‐acc=0.200
[   6/600] loss=0.0506  pred=true   gold=true  running‐acc=1.000
Locality eval: pred=true              gold=n/a  correct=False  running‐acc=0.167
[   7/600] loss=0.0768  pred=n/a    gold=n/a  running‐acc=1.000
Locality eval: pred=true              gold=true  correct=True  running‐acc=0.286
[   8/600] loss=0.1062  pred=n/a    gold=n/a  running‐acc=1.000
Locality eval: pred=true.             gold=true  correct=True  running‐acc=0.375
[   9/600] loss=0.0513  pred=true   gold=true  running‐acc=1.000
Locality eval: pred=true              gold=n/a  correct=False  running‐acc=0.333
[  10/600] loss=0.0326  pred=true   gold=true  running‐acc=1.000
Locality eval: pred=n/a               gold=n/a  correct=True  running‐acc=0.400
[  11/600] loss=0.1105  pred=true   gold=true  running‐acc=1.000
Locality eval: pred=true              gold=n/a  correct=False  running‐acc=0.364
[  12/600] loss=0.0311  pred=true   gold=true  running‐acc=1.000
Locality eval: pred=true              gold=n/a  correct=False  running‐acc=0.333
[  13/600] loss=0.0822  pred=n/a    gold=n/a  running‐acc=1.000
Locality eval: pred=n/a               gold=true  correct=False  running‐acc=0.308
[  14/600] loss=0.0845  pred=n/a    gold=n/a  running‐acc=1.000
Locality eval: pred=true              gold=true  correct=True  running‐acc=0.357
[  15/600] loss=0.0104  pred=true   gold=true  running‐acc=1.000
Locality eval: pred=n/a               gold=n/a  correct=True  running‐acc=0.400
[  16/600] loss=0.3637  pred=n/a    gold=n/a  running‐acc=1.000
Locality eval: pred=true              gold=true  correct=True  running‐acc=0.438
[  17/600] loss=0.1379  pred=n/a    gold=n/a  running‐acc=1.000
Locality eval: pred=true              gold=true  correct=True  running‐acc=0.471
[  18/600] loss=0.0088  pred=true   gold=true  running‐acc=1.000
Locality eval: pred=true              gold=n/a  correct=False  running‐acc=0.444
[  19/600] loss=0.0368  pred=true   gold=true  running‐acc=1.000
Locality eval: pred=true              gold=n/a  correct=False  running‐acc=0.421
[  20/600] loss=0.0503  pred=n/a    gold=n/a  running‐acc=1.000
Locality eval: pred=true              gold=true  correct=True  running‐acc=0.450
[  21/600] loss=0.1653  pred=n/a    gold=n/a  running‐acc=1.000
Locality eval: pred=true              gold=true  correct=True  running‐acc=0.476
[  22/600] loss=0.1017  pred=n/a    gold=n/a  running‐acc=1.000
Locality eval: pred=true              gold=true  correct=True  running‐acc=0.500
[  23/600] loss=0.1875  pred=n/a    gold=n/a  running‐acc=1.000
Locality eval: pred=true              gold=true  correct=True  running‐acc=0.522
[  24/600] loss=0.0514  pred=n/a    gold=n/a  running‐acc=1.000
Locality eval: pred=true              gold=true  correct=True  running‐acc=0.542
[  25/600] loss=0.0401  pred=true   gold=true  running‐acc=1.000
Locality eval: pred=true              gold=n/a  correct=False  running‐acc=0.520
[  26/600] loss=0.1526  pred=n/a    gold=n/a  running‐acc=1.000
Locality eval: pred=true              gold=true  correct=True  running‐acc=0.538
[  27/600] loss=0.0872  pred=n/a    gold=n/a  running‐acc=1.000
Locality eval: pred=true              gold=true  correct=True  running‐acc=0.556
[  28/600] loss=0.1190  pred=n/a    gold=n/a  running‐acc=1.000
Locality eval: pred=n/a               gold=true  correct=False  running‐acc=0.536
[  29/600] loss=0.0296  pred=n/a    gold=n/a  running‐acc=1.000
Locality eval: pred=n/a               gold=true  correct=False  running‐acc=0.517
[  30/600] loss=0.2509  pred=n/a    gold=n/a  running‐acc=1.000
Locality eval: pred=true              gold=true  correct=True  running‐acc=0.533
[  31/600] loss=0.0129  pred=true   gold=true  running‐acc=1.000
Locality eval: pred=true              gold=n/a  correct=False  running‐acc=0.516
[  32/600] loss=0.0479  pred=n/a    gold=n/a  running‐acc=1.000
Locality eval: pred=true              gold=true  correct=True  running‐acc=0.531
[  33/600] loss=0.1933  pred=n/a    gold=n/a  running‐acc=1.000
Locality eval: pred=true              gold=true  correct=True  running‐acc=0.545
[  34/600] loss=0.2912  pred=n/a    gold=n/a  running‐acc=1.000
Locality eval: pred=true              gold=true  correct=True  running‐acc=0.559
[  35/600] loss=0.0291  pred=true   gold=true  running‐acc=1.000
Locality eval: pred=n/a               gold=n/a  correct=True  running‐acc=0.571
[  36/600] loss=0.0223  pred=n/a    gold=n/a  running‐acc=1.000
Locality eval: pred=n/a               gold=true  correct=False  running‐acc=0.556
[  37/600] loss=0.0151  pred=true   gold=true  running‐acc=1.000
Locality eval: pred=true              gold=n/a  correct=False  running‐acc=0.541
[  38/600] loss=0.0485  pred=n/a    gold=n/a  running‐acc=1.000
Locality eval: pred=n/a               gold=true  correct=False  running‐acc=0.526
[  39/600] loss=0.0984  pred=true   gold=true  running‐acc=1.000
Locality eval: pred=true              gold=n/a  correct=False  running‐acc=0.513
[  40/600] loss=0.0152  pred=true   gold=true  running‐acc=1.000
Locality eval: pred=n/a               gold=n/a  correct=True  running‐acc=0.525
[  41/600] loss=0.0109  pred=true   gold=true  running‐acc=1.000
Locality eval: pred=false             gold=n/a  correct=False  running‐acc=0.512
[  42/600] loss=0.1133  pred=n/a    gold=n/a  running‐acc=1.000
Locality eval: pred=true              gold=true  correct=True  running‐acc=0.524
[  43/600] loss=0.0002  pred=true   gold=true  running‐acc=1.000
Locality eval: pred=false.            gold=n/a  correct=False  running‐acc=0.512
[  44/600] loss=0.0721  pred=n/a    gold=n/a  running‐acc=1.000
Locality eval: pred=true              gold=true  correct=True  running‐acc=0.523
[  45/600] loss=0.1768  pred=n/a    gold=n/a  running‐acc=1.000
Locality eval: pred=true              gold=true  correct=True  running‐acc=0.533
[  46/600] loss=0.0158  pred=true   gold=true  running‐acc=1.000
Locality eval: pred=false             gold=n/a  correct=False  running‐acc=0.522
[  47/600] loss=0.0009  pred=true   gold=true  running‐acc=1.000
Locality eval: pred=true.             gold=n/a  correct=False  running‐acc=0.511
[  48/600] loss=0.2499  pred=n/a    gold=n/a  running‐acc=1.000
Locality eval: pred=true              gold=true  correct=True  running‐acc=0.521
[  49/600] loss=0.0152  pred=true   gold=true  running‐acc=1.000
Locality eval: pred=false             gold=n/a  correct=False  running‐acc=0.510
[  50/600] loss=0.0871  pred=n/a    gold=n/a  running‐acc=1.000
Locality eval: pred=                  gold=true  correct=False  running‐acc=0.500
[  51/600] loss=0.0153  pred=true   gold=true  running‐acc=1.000
Locality eval: pred=false             gold=n/a  correct=False  running‐acc=0.490
[  52/600] loss=0.0089  pred=true   gold=true  running‐acc=1.000
Locality eval: pred=true              gold=n/a  correct=False  running‐acc=0.481
[  53/600] loss=0.0994  pred=n/a    gold=n/a  running‐acc=1.000
Locality eval: pred=true              gold=true  correct=True  running‐acc=0.491
[  54/600] loss=0.0431  pred=true   gold=true  running‐acc=1.000
Locality eval: pred=true              gold=n/a  correct=False  running‐acc=0.481
[  55/600] loss=0.0644  pred=n/a    gold=n/a  running‐acc=1.000
Locality eval: pred=true              gold=true  correct=True  running‐acc=0.491
[  56/600] loss=0.0548  pred=n/a    gold=n/a  running‐acc=1.000
Locality eval: pred=true              gold=true  correct=True  running‐acc=0.500
[  57/600] loss=0.0136  pred=true   gold=true  running‐acc=1.000
Locality eval: pred=true              gold=n/a  correct=False  running‐acc=0.491
[  58/600] loss=0.0190  pred=true   gold=true  running‐acc=1.000
Locality eval: pred=true              gold=n/a  correct=False  running‐acc=0.483
[  59/600] loss=0.0057  pred=true   gold=true  running‐acc=1.000
Locality eval: pred=false             gold=n/a  correct=False  running‐acc=0.475
[  60/600] loss=0.0003  pred=true   gold=true  running‐acc=1.000
Locality eval: pred=n/a               gold=n/a  correct=True  running‐acc=0.483
[  61/600] loss=0.0379  pred=true   gold=true  running‐acc=1.000
Locality eval: pred=true              gold=n/a  correct=False  running‐acc=0.475
[  62/600] loss=0.0311  pred=n/a    gold=true  running‐acc=0.984
Locality eval: pred=n/a               gold=n/a  correct=True  running‐acc=0.484
[  63/600] loss=0.0679  pred=n/a    gold=n/a  running‐acc=0.984
Locality eval: pred=                  gold=true  correct=False  running‐acc=0.476
[  64/600] loss=0.2031  pred=n/a    gold=n/a  running‐acc=0.984
Locality eval: pred=                  gold=true  correct=False  running‐acc=0.469
[  65/600] loss=0.0938  pred=n/a    gold=n/a  running‐acc=0.985
Locality eval: pred=true              gold=true  correct=True  running‐acc=0.477
[  66/600] loss=0.0086  pred=true   gold=true  running‐acc=0.985
Locality eval: pred=true              gold=n/a  correct=False  running‐acc=0.470
[  67/600] loss=0.0026  pred=true   gold=true  running‐acc=0.985
Locality eval: pred=false             gold=n/a  correct=False  running‐acc=0.463
[  68/600] loss=0.0553  pred=true   gold=true  running‐acc=0.985
Locality eval: pred=true              gold=n/a  correct=False  running‐acc=0.456
[  69/600] loss=0.2364  pred=n/a    gold=n/a  running‐acc=0.986
Locality eval: pred=n/a               gold=true  correct=False  running‐acc=0.449
[  70/600] loss=0.0197  pred=n/a    gold=n/a  running‐acc=0.986
Locality eval: pred=n/a               gold=true  correct=False  running‐acc=0.443
[  71/600] loss=0.1981  pred=n/a    gold=n/a  running‐acc=0.986
Locality eval: pred=true              gold=true  correct=True  running‐acc=0.451
[  72/600] loss=0.1281  pred=n/a    gold=n/a  running‐acc=0.986
Locality eval: pred=true              gold=true  correct=True  running‐acc=0.458
[  73/600] loss=0.0287  pred=true   gold=true  running‐acc=0.986
Locality eval: pred=true              gold=n/a  correct=False  running‐acc=0.452
[  74/600] loss=0.1596  pred=n/a    gold=n/a  running‐acc=0.986
Locality eval: pred=true              gold=true  correct=True  running‐acc=0.459
[  75/600] loss=0.1021  pred=n/a    gold=n/a  running‐acc=0.987
Locality eval: pred=true              gold=true  correct=True  running‐acc=0.467
[  76/600] loss=0.0587  pred=true   gold=true  running‐acc=0.987
Locality eval: pred=true              gold=n/a  correct=False  running‐acc=0.461
[  77/600] loss=0.0344  pred=true   gold=true  running‐acc=0.987
Locality eval: pred=false             gold=n/a  correct=False  running‐acc=0.455
[  78/600] loss=0.0792  pred=n/a    gold=n/a  running‐acc=0.987
Locality eval: pred=true              gold=true  correct=True  running‐acc=0.462
[  79/600] loss=0.0300  pred=true   gold=true  running‐acc=0.987
Locality eval: pred=false             gold=n/a  correct=False  running‐acc=0.456
[  80/600] loss=0.1269  pred=n/a    gold=n/a  running‐acc=0.988
Locality eval: pred=n/a               gold=true  correct=False  running‐acc=0.450
[  81/600] loss=0.1406  pred=       gold=n/a  running‐acc=0.975
Locality eval: pred=true              gold=true  correct=True  running‐acc=0.457
[  82/600] loss=0.0607  pred=true   gold=true  running‐acc=0.976
Locality eval: pred=true              gold=n/a  correct=False  running‐acc=0.451
[  83/600] loss=0.0982  pred=true   gold=n/a  running‐acc=0.964
Locality eval: pred=true              gold=true  correct=True  running‐acc=0.458
[  84/600] loss=0.0859  pred=true   gold=true  running‐acc=0.964
Locality eval: pred=true              gold=n/a  correct=False  running‐acc=0.452
[  85/600] loss=0.0153  pred=n/a    gold=n/a  running‐acc=0.965
Locality eval: pred=n/a               gold=true  correct=False  running‐acc=0.447
[  86/600] loss=0.0269  pred=n/a    gold=n/a  running‐acc=0.965
Locality eval: pred=n/a               gold=true  correct=False  running‐acc=0.442
[  87/600] loss=0.1454  pred=n/a    gold=n/a  running‐acc=0.966
Locality eval: pred=true.             gold=true  correct=True  running‐acc=0.448
[  88/600] loss=0.2444  pred=true   gold=true  running‐acc=0.966
Locality eval: pred=false             gold=n/a  correct=False  running‐acc=0.443
[  89/600] loss=0.0126  pred=true   gold=true  running‐acc=0.966
Locality eval: pred=true              gold=n/a  correct=False  running‐acc=0.438
[  90/600] loss=0.0120  pred=n/a    gold=n/a  running‐acc=0.967
Locality eval: pred=true              gold=true  correct=True  running‐acc=0.444
[  91/600] loss=0.0055  pred=n/a    gold=n/a  running‐acc=0.967
Locality eval: pred=true.             gold=true  correct=True  running‐acc=0.451
[  92/600] loss=0.0026  pred=false  gold=true  running‐acc=0.957
Locality eval: pred=true              gold=n/a  correct=False  running‐acc=0.446
[  93/600] loss=0.1042  pred=n/a    gold=n/a  running‐acc=0.957
Locality eval: pred=true              gold=true  correct=True  running‐acc=0.452
[  94/600] loss=0.1925  pred=n/a    gold=n/a  running‐acc=0.957
Locality eval: pred=true              gold=true  correct=True  running‐acc=0.457
[  95/600] loss=0.0055  pred=true   gold=true  running‐acc=0.958
Locality eval: pred=n/a               gold=n/a  correct=True  running‐acc=0.463
[  96/600] loss=0.0275  pred=n/a    gold=n/a  running‐acc=0.958
Locality eval: pred=true              gold=true  correct=True  running‐acc=0.469
[  97/600] loss=0.0113  pred=n/a    gold=n/a  running‐acc=0.959
Locality eval: pred=true.             gold=true  correct=True  running‐acc=0.474
[  98/600] loss=0.2792  pred=n/a    gold=n/a  running‐acc=0.959
Locality eval: pred=true              gold=true  correct=True  running‐acc=0.480
[  99/600] loss=0.0034  pred=true   gold=true  running‐acc=0.960
Locality eval: pred=n/a               gold=n/a  correct=True  running‐acc=0.485
[ 100/600] loss=0.0544  pred=true   gold=true  running‐acc=0.960
Locality eval: pred=false.            gold=n/a  correct=False  running‐acc=0.480
[ 101/600] loss=0.0266  pred=n/a    gold=n/a  running‐acc=0.960
Locality eval: pred=n/a               gold=true  correct=False  running‐acc=0.475
[ 102/600] loss=0.0162  pred=true   gold=true  running‐acc=0.961
Locality eval: pred=true              gold=n/a  correct=False  running‐acc=0.471
[ 103/600] loss=0.1143  pred=n/a    gold=n/a  running‐acc=0.961
Locality eval: pred=true              gold=true  correct=True  running‐acc=0.476
[ 104/600] loss=0.0110  pred=true   gold=true  running‐acc=0.962
Locality eval: pred=true              gold=n/a  correct=False  running‐acc=0.471
[ 105/600] loss=0.0053  pred=true   gold=true  running‐acc=0.962
Locality eval: pred=n/a               gold=n/a  correct=True  running‐acc=0.476
[ 106/600] loss=0.0013  pred=true   gold=true  running‐acc=0.962
Locality eval: pred=n/a               gold=n/a  correct=True  running‐acc=0.481
[ 107/600] loss=0.0013  pred=true   gold=true  running‐acc=0.963
Locality eval: pred=false             gold=n/a  correct=False  running‐acc=0.477
[ 108/600] loss=0.0030  pred=true   gold=true  running‐acc=0.963
Locality eval: pred=n/a               gold=n/a  correct=True  running‐acc=0.481
[ 109/600] loss=0.0072  pred=true   gold=true  running‐acc=0.963
Locality eval: pred=true              gold=n/a  correct=False  running‐acc=0.477
[ 110/600] loss=0.0055  pred=true   gold=true  running‐acc=0.964
Locality eval: pred=false             gold=n/a  correct=False  running‐acc=0.473
[ 111/600] loss=0.0044  pred=true   gold=true  running‐acc=0.964
Locality eval: pred=n/a               gold=n/a  correct=True  running‐acc=0.477
[ 112/600] loss=0.0138  pred=true   gold=true  running‐acc=0.964
Locality eval: pred=false             gold=n/a  correct=False  running‐acc=0.473
[ 113/600] loss=0.0137  pred=n/a    gold=n/a  running‐acc=0.965
Locality eval: pred=true              gold=true  correct=True  running‐acc=0.478
[ 114/600] loss=0.0573  pred=       gold=n/a  running‐acc=0.956
Locality eval: pred=true.             gold=true  correct=True  running‐acc=0.482
[ 115/600] loss=0.0783  pred=n/a    gold=n/a  running‐acc=0.957
Locality eval: pred=n/a               gold=true  correct=False  running‐acc=0.478
[ 116/600] loss=0.0119  pred=true   gold=true  running‐acc=0.957
Locality eval: pred=true              gold=n/a  correct=False  running‐acc=0.474
[ 117/600] loss=0.0576  pred=n/a    gold=n/a  running‐acc=0.957
Locality eval: pred=n/a               gold=true  correct=False  running‐acc=0.470
[ 118/600] loss=0.1685  pred=n/a    gold=n/a  running‐acc=0.958
Locality eval: pred=n/a               gold=true  correct=False  running‐acc=0.466
[ 119/600] loss=0.1716  pred=n/a    gold=n/a  running‐acc=0.958
Locality eval: pred=n/a               gold=true  correct=False  running‐acc=0.462
[ 120/600] loss=0.0573  pred=false  gold=n/a  running‐acc=0.950
Locality eval: pred=true              gold=true  correct=True  running‐acc=0.467
[ 121/600] loss=0.0068  pred=true   gold=true  running‐acc=0.950
Locality eval: pred=false.            gold=n/a  correct=False  running‐acc=0.463
[ 122/600] loss=0.0181  pred=true   gold=true  running‐acc=0.951
Locality eval: pred=true              gold=n/a  correct=False  running‐acc=0.459
[ 123/600] loss=0.0720  pred=n/a    gold=n/a  running‐acc=0.951
Locality eval: pred=true              gold=true  correct=True  running‐acc=0.463
[ 124/600] loss=0.2455  pred=n/a    gold=n/a  running‐acc=0.952
Locality eval: pred=true              gold=true  correct=True  running‐acc=0.468
[ 125/600] loss=0.2329  pred=n/a    gold=n/a  running‐acc=0.952
Locality eval: pred=true              gold=true  correct=True  running‐acc=0.472
[ 126/600] loss=0.0183  pred=true   gold=true  running‐acc=0.952
Locality eval: pred=true              gold=n/a  correct=False  running‐acc=0.468
[ 127/600] loss=0.0149  pred=true   gold=true  running‐acc=0.953
Locality eval: pred=true              gold=n/a  correct=False  running‐acc=0.465
[ 128/600] loss=0.2012  pred=n/a    gold=n/a  running‐acc=0.953
Locality eval: pred=true              gold=true  correct=True  running‐acc=0.469
[ 129/600] loss=0.0027  pred=true   gold=true  running‐acc=0.953
Locality eval: pred=n/a               gold=n/a  correct=True  running‐acc=0.473
[ 130/600] loss=0.0316  pred=n/a    gold=n/a  running‐acc=0.954
Locality eval: pred=true              gold=true  correct=True  running‐acc=0.477
[ 131/600] loss=0.1391  pred=true   gold=true  running‐acc=0.954
Locality eval: pred=true              gold=n/a  correct=False  running‐acc=0.473
[ 132/600] loss=0.0303  pred=n/a    gold=n/a  running‐acc=0.955
Locality eval: pred=true              gold=true  correct=True  running‐acc=0.477
[ 133/600] loss=0.0375  pred=n/a    gold=n/a  running‐acc=0.955
Locality eval: pred=true              gold=true  correct=True  running‐acc=0.481
[ 134/600] loss=0.0027  pred=true   gold=true  running‐acc=0.955
Locality eval: pred=true              gold=n/a  correct=False  running‐acc=0.478
[ 135/600] loss=0.0274  pred=true   gold=true  running‐acc=0.956
Locality eval: pred=true              gold=n/a  correct=False  running‐acc=0.474
[ 136/600] loss=0.0700  pred=n/a    gold=n/a  running‐acc=0.956
Locality eval: pred=true              gold=true  correct=True  running‐acc=0.478
[ 137/600] loss=0.0356  pred=true   gold=true  running‐acc=0.956
Locality eval: pred=n/a               gold=n/a  correct=True  running‐acc=0.482
[ 138/600] loss=0.1444  pred=true   gold=true  running‐acc=0.957
Locality eval: pred=true              gold=n/a  correct=False  running‐acc=0.478
[ 139/600] loss=0.0851  pred=n/a    gold=n/a  running‐acc=0.957
Locality eval: pred=true              gold=true  correct=True  running‐acc=0.482
[ 140/600] loss=0.0691  pred=n/a    gold=n/a  running‐acc=0.957
Locality eval: pred=true              gold=true  correct=True  running‐acc=0.486
[ 141/600] loss=0.1447  pred=n/a    gold=n/a  running‐acc=0.957
Locality eval: pred=true              gold=true  correct=True  running‐acc=0.489
[ 142/600] loss=0.1805  pred=n/a    gold=n/a  running‐acc=0.958
Locality eval: pred=n/a               gold=true  correct=False  running‐acc=0.486
[ 143/600] loss=0.0026  pred=true   gold=true  running‐acc=0.958
Locality eval: pred=true              gold=n/a  correct=False  running‐acc=0.483
[ 144/600] loss=0.0036  pred=true   gold=true  running‐acc=0.958
Locality eval: pred=true              gold=n/a  correct=False  running‐acc=0.479
[ 145/600] loss=0.0190  pred=true   gold=true  running‐acc=0.959
Locality eval: pred=false             gold=n/a  correct=False  running‐acc=0.476
[ 146/600] loss=0.0081  pred=true   gold=true  running‐acc=0.959
Locality eval: pred=n/a               gold=n/a  correct=True  running‐acc=0.479
[ 147/600] loss=0.1300  pred=n/a    gold=n/a  running‐acc=0.959
Locality eval: pred=n/a               gold=true  correct=False  running‐acc=0.476
[ 148/600] loss=0.0063  pred=true   gold=true  running‐acc=0.959
Locality eval: pred=false             gold=n/a  correct=False  running‐acc=0.473
[ 149/600] loss=0.1077  pred=n/a    gold=n/a  running‐acc=0.960
Locality eval: pred=true              gold=true  correct=True  running‐acc=0.477
[ 150/600] loss=0.0174  pred=n/a    gold=n/a  running‐acc=0.960
Locality eval: pred=true.             gold=true  correct=True  running‐acc=0.480
[ 151/600] loss=0.0154  pred=true   gold=true  running‐acc=0.960
Locality eval: pred=false             gold=n/a  correct=False  running‐acc=0.477
[ 152/600] loss=0.0500  pred=true   gold=true  running‐acc=0.961
Locality eval: pred=false             gold=n/a  correct=False  running‐acc=0.474
[ 153/600] loss=0.0572  pred=n/a    gold=n/a  running‐acc=0.961
Locality eval: pred=true              gold=true  correct=True  running‐acc=0.477
[ 154/600] loss=0.0303  pred=n/a    gold=n/a  running‐acc=0.961
Locality eval: pred=true              gold=true  correct=True  running‐acc=0.481
[ 155/600] loss=0.0071  pred=true   gold=true  running‐acc=0.961
Locality eval: pred=n/a               gold=n/a  correct=True  running‐acc=0.484
[ 156/600] loss=0.1692  pred=n/a    gold=n/a  running‐acc=0.962
Locality eval: pred=true              gold=true  correct=True  running‐acc=0.487
[ 157/600] loss=0.0296  pred=true   gold=true  running‐acc=0.962
Locality eval: pred=false             gold=n/a  correct=False  running‐acc=0.484
[ 158/600] loss=0.0325  pred=n/a    gold=n/a  running‐acc=0.962
Locality eval: pred=true              gold=true  correct=True  running‐acc=0.487
[ 159/600] loss=0.0358  pred=n/a    gold=n/a  running‐acc=0.962
Locality eval: pred=                  gold=true  correct=False  running‐acc=0.484
[ 160/600] loss=0.1200  pred=n/a    gold=n/a  running‐acc=0.963
Locality eval: pred=true              gold=true  correct=True  running‐acc=0.487
[ 161/600] loss=0.0382  pred=true   gold=true  running‐acc=0.963
Locality eval: pred=false             gold=n/a  correct=False  running‐acc=0.484
[ 162/600] loss=0.0088  pred=n/a    gold=n/a  running‐acc=0.963
Locality eval: pred=true.             gold=true  correct=True  running‐acc=0.488
[ 163/600] loss=0.1044  pred=n/a    gold=n/a  running‐acc=0.963
Locality eval: pred=true              gold=true  correct=True  running‐acc=0.491
[ 164/600] loss=0.2554  pred=n/a    gold=n/a  running‐acc=0.963
Locality eval: pred=true              gold=true  correct=True  running‐acc=0.494
[ 165/600] loss=0.1156  pred=true   gold=true  running‐acc=0.964
Locality eval: pred=false             gold=n/a  correct=False  running‐acc=0.491
[ 166/600] loss=0.0803  pred=true   gold=true  running‐acc=0.964
Locality eval: pred=                  gold=n/a  correct=False  running‐acc=0.488
[ 167/600] loss=0.2487  pred=n/a    gold=n/a  running‐acc=0.964
Locality eval: pred=n/a               gold=true  correct=False  running‐acc=0.485
[ 168/600] loss=0.0820  pred=true   gold=true  running‐acc=0.964
Locality eval: pred=true              gold=n/a  correct=False  running‐acc=0.482
[ 169/600] loss=0.1817  pred=n/a    gold=n/a  running‐acc=0.964
Locality eval: pred=true              gold=true  correct=True  running‐acc=0.485
[ 170/600] loss=0.1166  pred=n/a    gold=n/a  running‐acc=0.965
Locality eval: pred=true.             gold=true  correct=True  running‐acc=0.488
[ 171/600] loss=0.0144  pred=n/a    gold=n/a  running‐acc=0.965
Locality eval: pred=true.             gold=true  correct=True  running‐acc=0.491
[ 172/600] loss=0.0144  pred=true   gold=true  running‐acc=0.965
Locality eval: pred=false             gold=n/a  correct=False  running‐acc=0.488
[ 173/600] loss=0.0907  pred=n/a    gold=n/a  running‐acc=0.965
Locality eval: pred=true              gold=true  correct=True  running‐acc=0.491
[ 174/600] loss=0.0854  pred=true   gold=true  running‐acc=0.966
Locality eval: pred=false             gold=n/a  correct=False  running‐acc=0.489
[ 175/600] loss=0.0134  pred=true   gold=true  running‐acc=0.966
Locality eval: pred=n/a               gold=n/a  correct=True  running‐acc=0.491
[ 176/600] loss=0.2346  pred=n/a    gold=n/a  running‐acc=0.966
Locality eval: pred=true              gold=true  correct=True  running‐acc=0.494
[ 177/600] loss=0.0094  pred=true   gold=true  running‐acc=0.966
Locality eval: pred=false.            gold=n/a  correct=False  running‐acc=0.492
[ 178/600] loss=0.1176  pred=n/a    gold=n/a  running‐acc=0.966
Locality eval: pred=true              gold=true  correct=True  running‐acc=0.494
[ 179/600] loss=0.0868  pred=n/a    gold=n/a  running‐acc=0.966
Locality eval: pred=n/a               gold=true  correct=False  running‐acc=0.492
[ 180/600] loss=0.0499  pred=true   gold=true  running‐acc=0.967
Locality eval: pred=true              gold=n/a  correct=False  running‐acc=0.489
[ 181/600] loss=0.0852  pred=n/a    gold=n/a  running‐acc=0.967
Locality eval: pred=true              gold=true  correct=True  running‐acc=0.492
[ 182/600] loss=0.0678  pred=n/a    gold=n/a  running‐acc=0.967
Locality eval: pred=true              gold=true  correct=True  running‐acc=0.495
[ 183/600] loss=0.0861  pred=true   gold=true  running‐acc=0.967
Locality eval: pred=n/a               gold=n/a  correct=True  running‐acc=0.497
[ 184/600] loss=0.0013  pred=true   gold=true  running‐acc=0.967
Locality eval: pred=n/a               gold=n/a  correct=True  running‐acc=0.500
[ 185/600] loss=0.0816  pred=true   gold=true  running‐acc=0.968
Locality eval: pred=n/a               gold=n/a  correct=True  running‐acc=0.503
[ 186/600] loss=0.0317  pred=true   gold=true  running‐acc=0.968
Locality eval: pred=                  gold=n/a  correct=False  running‐acc=0.500
[ 187/600] loss=0.2487  pred=n/a    gold=n/a  running‐acc=0.968
Locality eval: pred=true              gold=true  correct=True  running‐acc=0.503
[ 188/600] loss=0.0566  pred=n/a    gold=n/a  running‐acc=0.968
Locality eval: pred=true              gold=true  correct=True  running‐acc=0.505
[ 189/600] loss=0.0111  pred=true   gold=true  running‐acc=0.968
Locality eval: pred=n/a               gold=n/a  correct=True  running‐acc=0.508
[ 190/600] loss=0.1472  pred=n/a    gold=n/a  running‐acc=0.968
Locality eval: pred=true              gold=true  correct=True  running‐acc=0.511
[ 191/600] loss=0.0813  pred=n/a    gold=n/a  running‐acc=0.969
Locality eval: pred=true              gold=true  correct=True  running‐acc=0.513
[ 192/600] loss=0.2201  pred=n/a    gold=n/a  running‐acc=0.969
Locality eval: pred=n/a               gold=true  correct=False  running‐acc=0.510
[ 193/600] loss=0.0606  pred=true   gold=true  running‐acc=0.969
Locality eval: pred=false             gold=n/a  correct=False  running‐acc=0.508
[ 194/600] loss=0.0112  pred=true   gold=true  running‐acc=0.969
Locality eval: pred=false             gold=n/a  correct=False  running‐acc=0.505
[ 195/600] loss=0.0274  pred=true   gold=true  running‐acc=0.969
Locality eval: pred=true              gold=n/a  correct=False  running‐acc=0.503
[ 196/600] loss=0.1547  pred=false  gold=true  running‐acc=0.964
Locality eval: pred=false             gold=n/a  correct=False  running‐acc=0.500
[ 197/600] loss=0.0372  pred=true   gold=true  running‐acc=0.964
Locality eval: pred=true              gold=n/a  correct=False  running‐acc=0.497
[ 198/600] loss=0.1627  pred=n/a    gold=n/a  running‐acc=0.965
Locality eval: pred=true              gold=true  correct=True  running‐acc=0.500
[ 199/600] loss=0.0254  pred=true   gold=true  running‐acc=0.965
Locality eval: pred=true              gold=n/a  correct=False  running‐acc=0.497
[ 200/600] loss=0.0162  pred=true   gold=true  running‐acc=0.965
Locality eval: pred=true              gold=n/a  correct=False  running‐acc=0.495
[ 201/600] loss=0.1133  pred=n/a    gold=n/a  running‐acc=0.965
Locality eval: pred=n/a               gold=true  correct=False  running‐acc=0.493
[ 202/600] loss=0.0870  pred=n/a    gold=n/a  running‐acc=0.965
Locality eval: pred=true              gold=true  correct=True  running‐acc=0.495
[ 203/600] loss=0.0192  pred=true   gold=true  running‐acc=0.966
Locality eval: pred=false             gold=n/a  correct=False  running‐acc=0.493
[ 204/600] loss=0.0019  pred=n/a    gold=n/a  running‐acc=0.966
Locality eval: pred=n/a               gold=true  correct=False  running‐acc=0.490
[ 205/600] loss=0.0601  pred=true   gold=true  running‐acc=0.966
Locality eval: pred=true              gold=n/a  correct=False  running‐acc=0.488
[ 206/600] loss=0.0443  pred=n/a    gold=n/a  running‐acc=0.966
Locality eval: pred=true              gold=true  correct=True  running‐acc=0.490
[ 207/600] loss=0.0924  pred=n/a    gold=n/a  running‐acc=0.966
Locality eval: pred=true              gold=true  correct=True  running‐acc=0.493
[ 208/600] loss=0.0022  pred=true   gold=true  running‐acc=0.966
Locality eval: pred=n/a               gold=n/a  correct=True  running‐acc=0.495
[ 209/600] loss=0.0810  pred=n/a    gold=n/a  running‐acc=0.967
Locality eval: pred=true              gold=true  correct=True  running‐acc=0.498
[ 210/600] loss=0.0990  pred=n/a    gold=n/a  running‐acc=0.967
Locality eval: pred=true              gold=true  correct=True  running‐acc=0.500
[ 211/600] loss=0.0314  pred=true   gold=true  running‐acc=0.967
Locality eval: pred=true              gold=n/a  correct=False  running‐acc=0.498
[ 212/600] loss=0.1915  pred=n/a    gold=n/a  running‐acc=0.967
Locality eval: pred=true              gold=true  correct=True  running‐acc=0.500
[ 213/600] loss=0.2868  pred=true   gold=true  running‐acc=0.967
Locality eval: pred=true              gold=n/a  correct=False  running‐acc=0.498
[ 214/600] loss=0.0815  pred=n/a    gold=n/a  running‐acc=0.967
Locality eval: pred=true              gold=true  correct=True  running‐acc=0.500
[ 215/600] loss=0.0093  pred=true   gold=true  running‐acc=0.967
Locality eval: pred=false             gold=n/a  correct=False  running‐acc=0.498
[ 216/600] loss=0.0750  pred=n/a    gold=n/a  running‐acc=0.968
Locality eval: pred=false             gold=true  correct=False  running‐acc=0.495
[ 217/600] loss=0.0261  pred=true   gold=true  running‐acc=0.968
Locality eval: pred=n/a               gold=n/a  correct=True  running‐acc=0.498
[ 218/600] loss=0.2509  pred=n/a    gold=n/a  running‐acc=0.968
Locality eval: pred=n/a               gold=true  correct=False  running‐acc=0.495
[ 219/600] loss=0.2743  pred=true   gold=true  running‐acc=0.968
Locality eval: pred=false             gold=n/a  correct=False  running‐acc=0.493
[ 220/600] loss=0.0324  pred=n/a    gold=n/a  running‐acc=0.968
Locality eval: pred=true              gold=true  correct=True  running‐acc=0.495
[ 221/600] loss=0.2490  pred=n/a    gold=n/a  running‐acc=0.968
Locality eval: pred=true              gold=true  correct=True  running‐acc=0.498
[ 222/600] loss=0.4434  pred=n/a    gold=n/a  running‐acc=0.968
Locality eval: pred=true              gold=true  correct=True  running‐acc=0.500
[ 223/600] loss=0.1604  pred=n/a    gold=n/a  running‐acc=0.969
Locality eval: pred=false             gold=true  correct=False  running‐acc=0.498
[ 224/600] loss=0.0800  pred=n/a    gold=n/a  running‐acc=0.969
Locality eval: pred=false             gold=true  correct=False  running‐acc=0.496
[ 225/600] loss=0.0562  pred=n/a    gold=n/a  running‐acc=0.969
Locality eval: pred=n/a               gold=true  correct=False  running‐acc=0.493
[ 226/600] loss=0.0208  pred=true   gold=true  running‐acc=0.969
Locality eval: pred=false             gold=n/a  correct=False  running‐acc=0.491
[ 227/600] loss=0.0078  pred=n/a    gold=n/a  running‐acc=0.969
Locality eval: pred=n/a               gold=true  correct=False  running‐acc=0.489
[ 228/600] loss=0.2045  pred=n/a    gold=n/a  running‐acc=0.969
Locality eval: pred=true              gold=true  correct=True  running‐acc=0.491
[ 229/600] loss=0.1700  pred=n/a    gold=n/a  running‐acc=0.969
Locality eval: pred=n/a               gold=true  correct=False  running‐acc=0.489
[ 230/600] loss=0.1562  pred=n/a    gold=n/a  running‐acc=0.970
Locality eval: pred=true              gold=true  correct=True  running‐acc=0.491
[ 231/600] loss=0.0515  pred=n/a    gold=n/a  running‐acc=0.970
Locality eval: pred=true              gold=true  correct=True  running‐acc=0.494
[ 232/600] loss=0.0290  pred=n/a    gold=n/a  running‐acc=0.970
Locality eval: pred=true              gold=true  correct=True  running‐acc=0.496
[ 233/600] loss=0.0109  pred=true   gold=true  running‐acc=0.970
Locality eval: pred=true              gold=n/a  correct=False  running‐acc=0.494
[ 234/600] loss=0.0080  pred=true   gold=true  running‐acc=0.970
Locality eval: pred=true              gold=n/a  correct=False  running‐acc=0.491
[ 235/600] loss=0.0018  pred=n/a    gold=n/a  running‐acc=0.970
Locality eval: pred=true.             gold=true  correct=True  running‐acc=0.494
[ 236/600] loss=0.0291  pred=n/a    gold=n/a  running‐acc=0.970
Locality eval: pred=true              gold=true  correct=True  running‐acc=0.496
[ 237/600] loss=0.0709  pred=n/a    gold=true  running‐acc=0.966
Locality eval: pred=n/a               gold=n/a  correct=True  running‐acc=0.498
[ 238/600] loss=0.0882  pred=n/a    gold=n/a  running‐acc=0.966
Locality eval: pred=true              gold=true  correct=True  running‐acc=0.500
[ 239/600] loss=0.3332  pred=n/a    gold=n/a  running‐acc=0.967
Locality eval: pred=true              gold=true  correct=True  running‐acc=0.502
[ 240/600] loss=0.0684  pred=true   gold=true  running‐acc=0.967
Locality eval: pred=true              gold=n/a  correct=False  running‐acc=0.500
[ 241/600] loss=0.4321  pred=n/a    gold=n/a  running‐acc=0.967
Locality eval: pred=n/a               gold=true  correct=False  running‐acc=0.498
[ 242/600] loss=0.0733  pred=n/a    gold=n/a  running‐acc=0.967
Locality eval: pred=true              gold=true  correct=True  running‐acc=0.500
[ 243/600] loss=0.1105  pred=n/a    gold=n/a  running‐acc=0.967
Locality eval: pred=n/a               gold=true  correct=False  running‐acc=0.498
[ 244/600] loss=0.0076  pred=true   gold=true  running‐acc=0.967
Locality eval: pred=true              gold=n/a  correct=False  running‐acc=0.496
[ 245/600] loss=0.1264  pred=true   gold=true  running‐acc=0.967
Locality eval: pred=                  gold=n/a  correct=False  running‐acc=0.494
[ 246/600] loss=0.0059  pred=true   gold=true  running‐acc=0.967
Locality eval: pred=false             gold=n/a  correct=False  running‐acc=0.492
[ 247/600] loss=0.0140  pred=true   gold=true  running‐acc=0.968
Locality eval: pred=n/a               gold=n/a  correct=True  running‐acc=0.494
[ 248/600] loss=0.0230  pred=true   gold=true  running‐acc=0.968
Locality eval: pred=false             gold=n/a  correct=False  running‐acc=0.492
[ 249/600] loss=0.0978  pred=n/a    gold=n/a  running‐acc=0.968
Locality eval: pred=true              gold=true  correct=True  running‐acc=0.494
[ 250/600] loss=0.0052  pred=true   gold=true  running‐acc=0.968
Locality eval: pred=false             gold=n/a  correct=False  running‐acc=0.492
[ 251/600] loss=0.1024  pred=n/a    gold=n/a  running‐acc=0.968
Locality eval: pred=true              gold=true  correct=True  running‐acc=0.494
[ 252/600] loss=0.0882  pred=n/a    gold=n/a  running‐acc=0.968
Locality eval: pred=true              gold=true  correct=True  running‐acc=0.496
[ 253/600] loss=0.0243  pred=true   gold=true  running‐acc=0.968
Locality eval: pred=true              gold=n/a  correct=False  running‐acc=0.494
[ 254/600] loss=0.0184  pred=true   gold=true  running‐acc=0.969
Locality eval: pred=false             gold=n/a  correct=False  running‐acc=0.492
[ 255/600] loss=0.1098  pred=n/a    gold=n/a  running‐acc=0.969
Locality eval: pred=true              gold=true  correct=True  running‐acc=0.494
[ 256/600] loss=0.1594  pred=n/a    gold=n/a  running‐acc=0.969
Locality eval: pred=true              gold=true  correct=True  running‐acc=0.496
[ 257/600] loss=0.1188  pred=n/a    gold=n/a  running‐acc=0.969
Locality eval: pred=true              gold=true  correct=True  running‐acc=0.498
[ 258/600] loss=0.1611  pred=n/a    gold=n/a  running‐acc=0.969
Locality eval: pred=true              gold=true  correct=True  running‐acc=0.500
[ 259/600] loss=0.0181  pred=true   gold=true  running‐acc=0.969
Locality eval: pred=false             gold=n/a  correct=False  running‐acc=0.498
[ 260/600] loss=0.0082  pred=true   gold=true  running‐acc=0.969
Locality eval: pred=false             gold=n/a  correct=False  running‐acc=0.496
[ 261/600] loss=0.0662  pred=true   gold=true  running‐acc=0.969
Locality eval: pred=n/a               gold=n/a  correct=True  running‐acc=0.498
[ 262/600] loss=0.0403  pred=true   gold=true  running‐acc=0.969
Locality eval: pred=true              gold=n/a  correct=False  running‐acc=0.496
[ 263/600] loss=0.0506  pred=n/a    gold=n/a  running‐acc=0.970
Locality eval: pred=true              gold=true  correct=True  running‐acc=0.498
[ 264/600] loss=0.0384  pred=       gold=n/a  running‐acc=0.966
Locality eval: pred=true              gold=true  correct=True  running‐acc=0.500
[ 265/600] loss=0.0245  pred=true   gold=true  running‐acc=0.966
Locality eval: pred=false             gold=n/a  correct=False  running‐acc=0.498
[ 266/600] loss=0.1723  pred=n/a    gold=n/a  running‐acc=0.966
Locality eval: pred=true              gold=true  correct=True  running‐acc=0.500
[ 267/600] loss=0.0494  pred=n/a    gold=n/a  running‐acc=0.966
Locality eval: pred=true              gold=true  correct=True  running‐acc=0.502
[ 268/600] loss=0.0181  pred=true   gold=true  running‐acc=0.966
Locality eval: pred=true              gold=n/a  correct=False  running‐acc=0.500
[ 269/600] loss=0.1169  pred=n/a    gold=n/a  running‐acc=0.967
Locality eval: pred=true.             gold=true  correct=True  running‐acc=0.502
[ 270/600] loss=0.0008  pred=true   gold=true  running‐acc=0.967
Locality eval: pred=n/a               gold=n/a  correct=True  running‐acc=0.504
[ 271/600] loss=0.2895  pred=n/a    gold=n/a  running‐acc=0.967
Locality eval: pred=true              gold=true  correct=True  running‐acc=0.506
[ 272/600] loss=0.0219  pred=true   gold=true  running‐acc=0.967
Locality eval: pred=true              gold=n/a  correct=False  running‐acc=0.504
[ 273/600] loss=0.2829  pred=n/a    gold=n/a  running‐acc=0.967
Locality eval: pred=true              gold=true  correct=True  running‐acc=0.505
[ 274/600] loss=0.1328  pred=n/a    gold=n/a  running‐acc=0.967
Locality eval: pred=n/a               gold=true  correct=False  running‐acc=0.504
[ 275/600] loss=0.0141  pred=true   gold=true  running‐acc=0.967
Locality eval: pred=n/a               gold=n/a  correct=True  running‐acc=0.505
[ 276/600] loss=0.0602  pred=n/a    gold=n/a  running‐acc=0.967
Locality eval: pred=true              gold=true  correct=True  running‐acc=0.507
[ 277/600] loss=0.0350  pred=true   gold=true  running‐acc=0.968
Locality eval: pred=true              gold=n/a  correct=False  running‐acc=0.505
[ 278/600] loss=0.1411  pred=n/a    gold=n/a  running‐acc=0.968
Locality eval: pred=true              gold=true  correct=True  running‐acc=0.507
[ 279/600] loss=0.0120  pred=true   gold=true  running‐acc=0.968
Locality eval: pred=n/a               gold=n/a  correct=True  running‐acc=0.509
[ 280/600] loss=0.0624  pred=n/a    gold=n/a  running‐acc=0.968
Locality eval: pred=n/a               gold=true  correct=False  running‐acc=0.507
[ 281/600] loss=0.0488  pred=true   gold=true  running‐acc=0.968
Locality eval: pred=false             gold=n/a  correct=False  running‐acc=0.505
[ 282/600] loss=0.0148  pred=true   gold=true  running‐acc=0.968
Locality eval: pred=false             gold=n/a  correct=False  running‐acc=0.504
[ 283/600] loss=0.1081  pred=n/a    gold=n/a  running‐acc=0.968
Locality eval: pred=true              gold=true  correct=True  running‐acc=0.505
[ 284/600] loss=0.0081  pred=n/a    gold=n/a  running‐acc=0.968
Locality eval: pred=true.             gold=true  correct=True  running‐acc=0.507
[ 285/600] loss=0.0004  pred=true   gold=true  running‐acc=0.968
Locality eval: pred=false.            gold=n/a  correct=False  running‐acc=0.505
[ 286/600] loss=0.1330  pred=n/a    gold=n/a  running‐acc=0.969
Locality eval: pred=true              gold=true  correct=True  running‐acc=0.507
[ 287/600] loss=0.0505  pred=n/a    gold=n/a  running‐acc=0.969
Locality eval: pred=true              gold=true  correct=True  running‐acc=0.509
[ 288/600] loss=0.0179  pred=true   gold=true  running‐acc=0.969
Locality eval: pred=false             gold=n/a  correct=False  running‐acc=0.507
[ 289/600] loss=0.0369  pred=true   gold=true  running‐acc=0.969
Locality eval: pred=true              gold=n/a  correct=False  running‐acc=0.505
[ 290/600] loss=0.0632  pred=n/a    gold=n/a  running‐acc=0.969
Locality eval: pred=n/a               gold=true  correct=False  running‐acc=0.503
[ 291/600] loss=0.0357  pred=true   gold=true  running‐acc=0.969
Locality eval: pred=false             gold=n/a  correct=False  running‐acc=0.502
[ 292/600] loss=0.0442  pred=true   gold=true  running‐acc=0.969
Locality eval: pred=n/a               gold=n/a  correct=True  running‐acc=0.503
[ 293/600] loss=0.0010  pred=true   gold=true  running‐acc=0.969
Locality eval: pred=true              gold=n/a  correct=False  running‐acc=0.502
[ 294/600] loss=0.0055  pred=true   gold=true  running‐acc=0.969
Locality eval: pred=true              gold=n/a  correct=False  running‐acc=0.500
[ 295/600] loss=0.0625  pred=n/a    gold=n/a  running‐acc=0.969
Locality eval: pred=n/a               gold=true  correct=False  running‐acc=0.498
[ 296/600] loss=0.1074  pred=n/a    gold=n/a  running‐acc=0.970
Locality eval: pred=true              gold=true  correct=True  running‐acc=0.500
[ 297/600] loss=0.1542  pred=true   gold=true  running‐acc=0.970
Locality eval: pred=true,             gold=n/a  correct=False  running‐acc=0.498
[ 298/600] loss=0.0153  pred=true   gold=true  running‐acc=0.970
Locality eval: pred=false             gold=n/a  correct=False  running‐acc=0.497
[ 299/600] loss=0.0314  pred=n/a    gold=n/a  running‐acc=0.970
Locality eval: pred=true              gold=true  correct=True  running‐acc=0.498
[ 300/600] loss=0.0771  pred=       gold=n/a  running‐acc=0.967
Locality eval: pred=true              gold=true  correct=True  running‐acc=0.500
[ 301/600] loss=0.0519  pred=true   gold=true  running‐acc=0.967
Locality eval: pred=true              gold=n/a  correct=False  running‐acc=0.498
[ 302/600] loss=0.0420  pred=true   gold=true  running‐acc=0.967
Locality eval: pred=n/a               gold=n/a  correct=True  running‐acc=0.500
[ 303/600] loss=0.0016  pred=true   gold=true  running‐acc=0.967
Locality eval: pred=false             gold=n/a  correct=False  running‐acc=0.498
[ 304/600] loss=0.0093  pred=true   gold=true  running‐acc=0.967
Locality eval: pred=false             gold=n/a  correct=False  running‐acc=0.497
[ 305/600] loss=0.0303  pred=true   gold=true  running‐acc=0.967
Locality eval: pred=false             gold=n/a  correct=False  running‐acc=0.495
[ 306/600] loss=0.0875  pred=true   gold=true  running‐acc=0.967
Locality eval: pred=true              gold=n/a  correct=False  running‐acc=0.493
[ 307/600] loss=0.0096  pred=true   gold=true  running‐acc=0.967
Locality eval: pred=true              gold=n/a  correct=False  running‐acc=0.492
[ 308/600] loss=0.0252  pred=true   gold=true  running‐acc=0.968
Locality eval: pred=n/a               gold=n/a  correct=True  running‐acc=0.494
[ 309/600] loss=0.0020  pred=true   gold=true  running‐acc=0.968
Locality eval: pred=true              gold=n/a  correct=False  running‐acc=0.492
[ 310/600] loss=0.2152  pred=n/a    gold=n/a  running‐acc=0.968
Locality eval: pred=true              gold=true  correct=True  running‐acc=0.494
[ 311/600] loss=0.0180  pred=true   gold=true  running‐acc=0.968
Locality eval: pred=n/a               gold=n/a  correct=True  running‐acc=0.495
[ 312/600] loss=0.0170  pred=true   gold=true  running‐acc=0.968
Locality eval: pred=false             gold=n/a  correct=False  running‐acc=0.494
[ 313/600] loss=0.0076  pred=n/a    gold=n/a  running‐acc=0.968
Locality eval: pred=true.             gold=true  correct=True  running‐acc=0.495
[ 314/600] loss=0.2393  pred=n/a    gold=n/a  running‐acc=0.968
Locality eval: pred=true              gold=true  correct=True  running‐acc=0.497
[ 315/600] loss=0.0359  pred=true   gold=n/a  running‐acc=0.965
Locality eval: pred=true              gold=true  correct=True  running‐acc=0.498
[ 316/600] loss=0.0665  pred=true   gold=true  running‐acc=0.965
Locality eval: pred=n/a               gold=n/a  correct=True  running‐acc=0.500
[ 317/600] loss=0.0377  pred=true   gold=true  running‐acc=0.965
Locality eval: pred=false             gold=n/a  correct=False  running‐acc=0.498
[ 318/600] loss=0.0996  pred=true   gold=true  running‐acc=0.965
Locality eval: pred=true              gold=n/a  correct=False  running‐acc=0.497
[ 319/600] loss=0.1245  pred=n/a    gold=n/a  running‐acc=0.966
Locality eval: pred=true              gold=true  correct=True  running‐acc=0.498
[ 320/600] loss=0.0975  pred=n/a    gold=n/a  running‐acc=0.966
Locality eval: pred=n/a               gold=true  correct=False  running‐acc=0.497
[ 321/600] loss=0.0059  pred=true   gold=true  running‐acc=0.966
Locality eval: pred=true              gold=n/a  correct=False  running‐acc=0.495
[ 322/600] loss=0.0933  pred=true   gold=true  running‐acc=0.966
Locality eval: pred=true              gold=n/a  correct=False  running‐acc=0.494
[ 323/600] loss=0.0985  pred=n/a    gold=n/a  running‐acc=0.966
Locality eval: pred=n/a               gold=true  correct=False  running‐acc=0.492
[ 324/600] loss=0.3735  pred=n/a    gold=n/a  running‐acc=0.966
Locality eval: pred=n/a               gold=true  correct=False  running‐acc=0.491
[ 325/600] loss=0.0124  pred=n/a    gold=true  running‐acc=0.963
Locality eval: pred=n/a               gold=n/a  correct=True  running‐acc=0.492
[ 326/600] loss=0.0907  pred=       gold=n/a  running‐acc=0.960
Locality eval: pred=true              gold=true  correct=True  running‐acc=0.494
[ 327/600] loss=0.0490  pred=true   gold=true  running‐acc=0.960
Locality eval: pred=true              gold=n/a  correct=False  running‐acc=0.492
[ 328/600] loss=0.1766  pred=true   gold=n/a  running‐acc=0.957
Locality eval: pred=true              gold=true  correct=True  running‐acc=0.494
[ 329/600] loss=0.0072  pred=true   gold=true  running‐acc=0.957
Locality eval: pred=true              gold=n/a  correct=False  running‐acc=0.492
[ 330/600] loss=0.0164  pred=n/a    gold=n/a  running‐acc=0.958
Locality eval: pred=true.             gold=true  correct=True  running‐acc=0.494
[ 331/600] loss=0.1347  pred=true   gold=true  running‐acc=0.958
Locality eval: pred=false             gold=n/a  correct=False  running‐acc=0.492
[ 332/600] loss=0.0675  pred=n/a    gold=n/a  running‐acc=0.958
Locality eval: pred=true              gold=true  correct=True  running‐acc=0.494
[ 333/600] loss=0.0110  pred=true   gold=true  running‐acc=0.958
Locality eval: pred=false             gold=n/a  correct=False  running‐acc=0.492
[ 334/600] loss=0.0469  pred=n/a    gold=n/a  running‐acc=0.958
Locality eval: pred=true              gold=true  correct=True  running‐acc=0.494
[ 335/600] loss=0.0500  pred=true   gold=true  running‐acc=0.958
Locality eval: pred=true              gold=n/a  correct=False  running‐acc=0.493
[ 336/600] loss=0.0882  pred=n/a    gold=n/a  running‐acc=0.958
Locality eval: pred=true              gold=true  correct=True  running‐acc=0.494
[ 337/600] loss=0.2155  pred=n/a    gold=n/a  running‐acc=0.958
Locality eval: pred=true              gold=true  correct=True  running‐acc=0.496
[ 338/600] loss=0.0073  pred=n/a    gold=n/a  running‐acc=0.959
Locality eval: pred=true              gold=true  correct=True  running‐acc=0.497
[ 339/600] loss=0.1073  pred=n/a    gold=n/a  running‐acc=0.959
Locality eval: pred=true              gold=true  correct=True  running‐acc=0.499
[ 340/600] loss=0.0521  pred=n/a    gold=n/a  running‐acc=0.959
Locality eval: pred=true              gold=true  correct=True  running‐acc=0.500
[ 341/600] loss=0.0895  pred=true   gold=true  running‐acc=0.959
Locality eval: pred=false             gold=n/a  correct=False  running‐acc=0.499
[ 342/600] loss=0.0050  pred=true   gold=true  running‐acc=0.959
Locality eval: pred=false.            gold=n/a  correct=False  running‐acc=0.497
[ 343/600] loss=0.0079  pred=n/a    gold=n/a  running‐acc=0.959
Locality eval: pred=true.             gold=true  correct=True  running‐acc=0.499
[ 344/600] loss=0.0055  pred=true   gold=true  running‐acc=0.959
Locality eval: pred=n/a               gold=n/a  correct=True  running‐acc=0.500
[ 345/600] loss=0.0111  pred=n/a    gold=n/a  running‐acc=0.959
Locality eval: pred=n/a               gold=true  correct=False  running‐acc=0.499
[ 346/600] loss=0.0127  pred=true   gold=true  running‐acc=0.960
Locality eval: pred=true              gold=n/a  correct=False  running‐acc=0.497
[ 347/600] loss=0.0193  pred=n/a    gold=n/a  running‐acc=0.960
Locality eval: pred=true.             gold=true  correct=True  running‐acc=0.499
[ 348/600] loss=0.0988  pred=n/a    gold=n/a  running‐acc=0.960
Locality eval: pred=true              gold=true  correct=True  running‐acc=0.500
[ 349/600] loss=0.0492  pred=n/a    gold=n/a  running‐acc=0.960
Locality eval: pred=true              gold=true  correct=True  running‐acc=0.501
[ 350/600] loss=0.1718  pred=n/a    gold=n/a  running‐acc=0.960
Locality eval: pred=true              gold=true  correct=True  running‐acc=0.503
[ 351/600] loss=0.0304  pred=true   gold=n/a  running‐acc=0.957
Locality eval: pred=true              gold=true  correct=True  running‐acc=0.504
[ 352/600] loss=0.0588  pred=n/a    gold=n/a  running‐acc=0.957
Locality eval: pred=true              gold=true  correct=True  running‐acc=0.506
[ 353/600] loss=0.0135  pred=n/a    gold=n/a  running‐acc=0.958
Locality eval: pred=true              gold=true  correct=True  running‐acc=0.507
[ 354/600] loss=0.0885  pred=true   gold=true  running‐acc=0.958
Locality eval: pred=false             gold=n/a  correct=False  running‐acc=0.506
[ 355/600] loss=0.0032  pred=true   gold=true  running‐acc=0.958
Locality eval: pred=n/a               gold=n/a  correct=True  running‐acc=0.507
[ 356/600] loss=0.0148  pred=true   gold=true  running‐acc=0.958
Locality eval: pred=true              gold=n/a  correct=False  running‐acc=0.506
[ 357/600] loss=0.0068  pred=true   gold=true  running‐acc=0.958
Locality eval: pred=false             gold=n/a  correct=False  running‐acc=0.504
[ 358/600] loss=0.0353  pred=true   gold=true  running‐acc=0.958
Locality eval: pred=true              gold=n/a  correct=False  running‐acc=0.503
[ 359/600] loss=0.0717  pred=true   gold=true  running‐acc=0.958
Locality eval: pred=true              gold=n/a  correct=False  running‐acc=0.501
[ 360/600] loss=0.0875  pred=n/a    gold=n/a  running‐acc=0.958
Locality eval: pred=n/a               gold=true  correct=False  running‐acc=0.500
[ 361/600] loss=0.0558  pred=true   gold=true  running‐acc=0.958
Locality eval: pred=n/a               gold=n/a  correct=True  running‐acc=0.501
[ 362/600] loss=0.0201  pred=true   gold=true  running‐acc=0.959
Locality eval: pred=false             gold=n/a  correct=False  running‐acc=0.500
[ 363/600] loss=0.0908  pred=n/a    gold=n/a  running‐acc=0.959
Locality eval: pred=n/a               gold=true  correct=False  running‐acc=0.499
[ 364/600] loss=0.0646  pred=true   gold=true  running‐acc=0.959
Locality eval: pred=false             gold=n/a  correct=False  running‐acc=0.497
[ 365/600] loss=0.3151  pred=true   gold=true  running‐acc=0.959
Locality eval: pred=true              gold=n/a  correct=False  running‐acc=0.496
[ 366/600] loss=0.1062  pred=n/a    gold=n/a  running‐acc=0.959
Locality eval: pred=true              gold=true  correct=True  running‐acc=0.497
[ 367/600] loss=0.0614  pred=n/a    gold=n/a  running‐acc=0.959
Locality eval: pred=n/a               gold=true  correct=False  running‐acc=0.496
[ 368/600] loss=0.0210  pred=true   gold=true  running‐acc=0.959
Locality eval: pred=false             gold=n/a  correct=False  running‐acc=0.495
[ 369/600] loss=0.1640  pred=n/a    gold=n/a  running‐acc=0.959
Locality eval: pred=true              gold=true  correct=True  running‐acc=0.496
[ 370/600] loss=0.1173  pred=n/a    gold=n/a  running‐acc=0.959
Locality eval: pred=true              gold=true  correct=True  running‐acc=0.497
[ 371/600] loss=0.0035  pred=true   gold=true  running‐acc=0.960
Locality eval: pred=true              gold=n/a  correct=False  running‐acc=0.496
[ 372/600] loss=0.0002  pred=true   gold=true  running‐acc=0.960
Locality eval: pred=true              gold=n/a  correct=False  running‐acc=0.495
[ 373/600] loss=0.0088  pred=true   gold=true  running‐acc=0.960
Locality eval: pred=false             gold=n/a  correct=False  running‐acc=0.493
[ 374/600] loss=0.1541  pred=n/a    gold=n/a  running‐acc=0.960
Locality eval: pred=true              gold=true  correct=True  running‐acc=0.495
[ 375/600] loss=0.0146  pred=true   gold=true  running‐acc=0.960
Locality eval: pred=true              gold=n/a  correct=False  running‐acc=0.493
[ 376/600] loss=0.0112  pred=true   gold=true  running‐acc=0.960
Locality eval: pred=n/a               gold=n/a  correct=True  running‐acc=0.495
[ 377/600] loss=0.1217  pred=true   gold=true  running‐acc=0.960
Locality eval: pred=                  gold=n/a  correct=False  running‐acc=0.493
[ 378/600] loss=0.0070  pred=true   gold=true  running‐acc=0.960
Locality eval: pred=false             gold=n/a  correct=False  running‐acc=0.492
[ 379/600] loss=0.0147  pred=true   gold=true  running‐acc=0.960
Locality eval: pred=n/a               gold=n/a  correct=True  running‐acc=0.493
[ 380/600] loss=0.0069  pred=true   gold=true  running‐acc=0.961
Locality eval: pred=false             gold=n/a  correct=False  running‐acc=0.492
[ 381/600] loss=0.1502  pred=n/a    gold=n/a  running‐acc=0.961
Locality eval: pred=true              gold=true  correct=True  running‐acc=0.493
[ 382/600] loss=0.0926  pred=n/a    gold=n/a  running‐acc=0.961
Locality eval: pred=n/a               gold=true  correct=False  running‐acc=0.492
[ 383/600] loss=0.0336  pred=true   gold=n/a  running‐acc=0.958
Locality eval: pred=true              gold=true  correct=True  running‐acc=0.493
[ 384/600] loss=0.1252  pred=n/a    gold=n/a  running‐acc=0.958
Locality eval: pred=n/a               gold=true  correct=False  running‐acc=0.492
[ 385/600] loss=0.0767  pred=true   gold=true  running‐acc=0.958
Locality eval: pred=true              gold=n/a  correct=False  running‐acc=0.491
[ 386/600] loss=0.0126  pred=true   gold=true  running‐acc=0.959
Locality eval: pred=false             gold=n/a  correct=False  running‐acc=0.490
[ 387/600] loss=0.0419  pred=n/a    gold=n/a  running‐acc=0.959
Locality eval: pred=true              gold=true  correct=True  running‐acc=0.491
[ 388/600] loss=0.0410  pred=true   gold=true  running‐acc=0.959
Locality eval: pred=true              gold=n/a  correct=False  running‐acc=0.490
[ 389/600] loss=0.2914  pred=n/a    gold=n/a  running‐acc=0.959
Locality eval: pred=true              gold=true  correct=True  running‐acc=0.491
[ 390/600] loss=0.0004  pred=true   gold=true  running‐acc=0.959
Locality eval: pred=false.            gold=n/a  correct=False  running‐acc=0.490
[ 391/600] loss=0.1704  pred=true   gold=true  running‐acc=0.959
Locality eval: pred=false             gold=n/a  correct=False  running‐acc=0.488
[ 392/600] loss=0.1053  pred=n/a    gold=n/a  running‐acc=0.959
Locality eval: pred=true              gold=true  correct=True  running‐acc=0.490
[ 393/600] loss=0.2420  pred=n/a    gold=n/a  running‐acc=0.959
Locality eval: pred=n/a               gold=true  correct=False  running‐acc=0.489
[ 394/600] loss=0.5679  pred=n/a    gold=n/a  running‐acc=0.959
Locality eval: pred=true              gold=true  correct=True  running‐acc=0.490
[ 395/600] loss=0.0194  pred=true   gold=true  running‐acc=0.959
Locality eval: pred=true              gold=n/a  correct=False  running‐acc=0.489
[ 396/600] loss=0.0230  pred=true   gold=true  running‐acc=0.960
Locality eval: pred=false             gold=n/a  correct=False  running‐acc=0.487
[ 397/600] loss=0.0082  pred=n/a    gold=n/a  running‐acc=0.960
Locality eval: pred=true              gold=true  correct=True  running‐acc=0.489
[ 398/600] loss=0.0247  pred=true   gold=true  running‐acc=0.960
Locality eval: pred=true              gold=n/a  correct=False  running‐acc=0.487
[ 399/600] loss=0.0977  pred=n/a    gold=n/a  running‐acc=0.960
Locality eval: pred=                  gold=true  correct=False  running‐acc=0.486
[ 400/600] loss=0.0202  pred=true   gold=true  running‐acc=0.960
Locality eval: pred=false             gold=n/a  correct=False  running‐acc=0.485
[ 401/600] loss=0.0353  pred=n/a    gold=true  running‐acc=0.958
Locality eval: pred=n/a               gold=n/a  correct=True  running‐acc=0.486
[ 402/600] loss=0.0856  pred=n/a    gold=n/a  running‐acc=0.958
Locality eval: pred=true              gold=true  correct=True  running‐acc=0.488
[ 403/600] loss=0.1269  pred=true   gold=true  running‐acc=0.958
Locality eval: pred=true              gold=n/a  correct=False  running‐acc=0.486
[ 404/600] loss=0.0604  pred=true   gold=true  running‐acc=0.958
Locality eval: pred=true              gold=n/a  correct=False  running‐acc=0.485
[ 405/600] loss=0.0372  pred=n/a    gold=n/a  running‐acc=0.958
Locality eval: pred=                  gold=true  correct=False  running‐acc=0.484
[ 406/600] loss=0.1081  pred=n/a    gold=n/a  running‐acc=0.958
Locality eval: pred=true              gold=true  correct=True  running‐acc=0.485
[ 407/600] loss=0.0141  pred=true   gold=true  running‐acc=0.958
Locality eval: pred=false             gold=n/a  correct=False  running‐acc=0.484
[ 408/600] loss=0.1413  pred=n/a    gold=n/a  running‐acc=0.958
Locality eval: pred=true.             gold=true  correct=True  running‐acc=0.485
[ 409/600] loss=0.0160  pred=true   gold=true  running‐acc=0.958
Locality eval: pred=false             gold=n/a  correct=False  running‐acc=0.484
[ 410/600] loss=0.1617  pred=n/a    gold=n/a  running‐acc=0.959
Locality eval: pred=true              gold=true  correct=True  running‐acc=0.485
[ 411/600] loss=0.0121  pred=true   gold=true  running‐acc=0.959
Locality eval: pred=true              gold=n/a  correct=False  running‐acc=0.484
[ 412/600] loss=0.0072  pred=true   gold=true  running‐acc=0.959
Locality eval: pred=n/a               gold=n/a  correct=True  running‐acc=0.485
[ 413/600] loss=0.0102  pred=true   gold=true  running‐acc=0.959
Locality eval: pred=true              gold=n/a  correct=False  running‐acc=0.484
[ 414/600] loss=0.0669  pred=true   gold=true  running‐acc=0.959
Locality eval: pred=n/a               gold=n/a  correct=True  running‐acc=0.486
[ 415/600] loss=0.1252  pred=n/a    gold=n/a  running‐acc=0.959
Locality eval: pred=n/a               gold=true  correct=False  running‐acc=0.484
[ 416/600] loss=0.0521  pred=true   gold=true  running‐acc=0.959
Locality eval: pred=true              gold=n/a  correct=False  running‐acc=0.483
[ 417/600] loss=0.1167  pred=n/a    gold=n/a  running‐acc=0.959
Locality eval: pred=true              gold=true  correct=True  running‐acc=0.484
[ 418/600] loss=0.1995  pred=n/a    gold=n/a  running‐acc=0.959
Locality eval: pred=true              gold=true  correct=True  running‐acc=0.486
[ 419/600] loss=0.0029  pred=true   gold=true  running‐acc=0.959
Locality eval: pred=true              gold=n/a  correct=False  running‐acc=0.484
[ 420/600] loss=0.0806  pred=true   gold=true  running‐acc=0.960
Locality eval: pred=true              gold=n/a  correct=False  running‐acc=0.483
[ 421/600] loss=0.0377  pred=true   gold=true  running‐acc=0.960
Locality eval: pred=false             gold=n/a  correct=False  running‐acc=0.482
[ 422/600] loss=0.0404  pred=true   gold=true  running‐acc=0.960
Locality eval: pred=false             gold=n/a  correct=False  running‐acc=0.481
[ 423/600] loss=0.0835  pred=true   gold=true  running‐acc=0.960
Locality eval: pred=true              gold=n/a  correct=False  running‐acc=0.480
[ 424/600] loss=0.0853  pred=n/a    gold=n/a  running‐acc=0.960
Locality eval: pred=false             gold=true  correct=False  running‐acc=0.479
[ 425/600] loss=0.0726  pred=n/a    gold=n/a  running‐acc=0.960
Locality eval: pred=true              gold=true  correct=True  running‐acc=0.480
[ 426/600] loss=0.0741  pred=n/a    gold=n/a  running‐acc=0.960
Locality eval: pred=true              gold=true  correct=True  running‐acc=0.481
[ 427/600] loss=0.0474  pred=true   gold=true  running‐acc=0.960
Locality eval: pred=true              gold=n/a  correct=False  running‐acc=0.480
[ 428/600] loss=0.0229  pred=true   gold=true  running‐acc=0.960
Locality eval: pred=false             gold=n/a  correct=False  running‐acc=0.479
[ 429/600] loss=0.0060  pred=true   gold=true  running‐acc=0.960
Locality eval: pred=n/a               gold=n/a  correct=True  running‐acc=0.480
[ 430/600] loss=0.0072  pred=n/a    gold=n/a  running‐acc=0.960
Locality eval: pred=true.             gold=true  correct=True  running‐acc=0.481
[ 431/600] loss=0.1144  pred=true   gold=true  running‐acc=0.961
Locality eval: pred=true              gold=n/a  correct=False  running‐acc=0.480
[ 432/600] loss=0.0422  pred=true   gold=true  running‐acc=0.961
Locality eval: pred=false             gold=n/a  correct=False  running‐acc=0.479
[ 433/600] loss=0.0797  pred=true   gold=true  running‐acc=0.961
Locality eval: pred=n/a               gold=n/a  correct=True  running‐acc=0.480
[ 434/600] loss=0.1087  pred=n/a    gold=n/a  running‐acc=0.961
Locality eval: pred=true              gold=true  correct=True  running‐acc=0.482
[ 435/600] loss=0.0696  pred=n/a    gold=n/a  running‐acc=0.961
Locality eval: pred=true              gold=true  correct=True  running‐acc=0.483
[ 436/600] loss=0.0063  pred=true   gold=true  running‐acc=0.961
Locality eval: pred=true              gold=n/a  correct=False  running‐acc=0.482
[ 437/600] loss=0.0114  pred=true   gold=true  running‐acc=0.961
Locality eval: pred=true              gold=n/a  correct=False  running‐acc=0.481
[ 438/600] loss=0.0278  pred=n/a    gold=n/a  running‐acc=0.961
Locality eval: pred=n/a               gold=true  correct=False  running‐acc=0.479
[ 439/600] loss=0.1130  pred=n/a    gold=n/a  running‐acc=0.961
Locality eval: pred=true              gold=true  correct=True  running‐acc=0.481
[ 440/600] loss=0.0289  pred=true   gold=true  running‐acc=0.961
Locality eval: pred=n/a               gold=n/a  correct=True  running‐acc=0.482
[ 441/600] loss=0.0612  pred=n/a    gold=n/a  running‐acc=0.961
Locality eval: pred=true              gold=true  correct=True  running‐acc=0.483
[ 442/600] loss=0.0339  pred=true   gold=true  running‐acc=0.962
Locality eval: pred=false             gold=n/a  correct=False  running‐acc=0.482
[ 443/600] loss=0.0222  pred=true   gold=true  running‐acc=0.962
Locality eval: pred=true              gold=n/a  correct=False  running‐acc=0.481
[ 444/600] loss=0.0087  pred=true   gold=true  running‐acc=0.962
Locality eval: pred=n/a               gold=n/a  correct=True  running‐acc=0.482
[ 445/600] loss=0.0069  pred=true   gold=true  running‐acc=0.962
Locality eval: pred=false             gold=n/a  correct=False  running‐acc=0.481
[ 446/600] loss=0.0014  pred=true   gold=true  running‐acc=0.962
Locality eval: pred=true              gold=n/a  correct=False  running‐acc=0.480
[ 447/600] loss=0.0202  pred=true   gold=true  running‐acc=0.962
Locality eval: pred=n/a               gold=n/a  correct=True  running‐acc=0.481
[ 448/600] loss=0.0086  pred=true   gold=true  running‐acc=0.962
Locality eval: pred=false             gold=n/a  correct=False  running‐acc=0.480
[ 449/600] loss=0.0180  pred=true   gold=true  running‐acc=0.962
Locality eval: pred=false             gold=n/a  correct=False  running‐acc=0.479
[ 450/600] loss=0.0636  pred=n/a    gold=n/a  running‐acc=0.962
Locality eval: pred=true              gold=true  correct=True  running‐acc=0.480
[ 451/600] loss=0.3005  pred=true   gold=true  running‐acc=0.962
Locality eval: pred=true              gold=n/a  correct=False  running‐acc=0.479
[ 452/600] loss=0.0608  pred=n/a    gold=n/a  running‐acc=0.962
Locality eval: pred=n/a               gold=true  correct=False  running‐acc=0.478
[ 453/600] loss=0.0417  pred=n/a    gold=n/a  running‐acc=0.962
Locality eval: pred=n/a               gold=true  correct=False  running‐acc=0.477
[ 454/600] loss=0.0094  pred=n/a    gold=n/a  running‐acc=0.963
Locality eval: pred=n/a               gold=true  correct=False  running‐acc=0.476
[ 455/600] loss=0.0597  pred=true   gold=true  running‐acc=0.963
Locality eval: pred=true              gold=n/a  correct=False  running‐acc=0.475
[ 456/600] loss=0.0044  pred=n/a    gold=n/a  running‐acc=0.963
Locality eval: pred=true              gold=true  correct=True  running‐acc=0.476
[ 457/600] loss=0.0311  pred=n/a    gold=n/a  running‐acc=0.963
Locality eval: pred=n/a               gold=true  correct=False  running‐acc=0.475
[ 458/600] loss=0.0912  pred=n/a    gold=n/a  running‐acc=0.963
Locality eval: pred=true.             gold=true  correct=True  running‐acc=0.476
[ 459/600] loss=0.0908  pred=true   gold=true  running‐acc=0.963
Locality eval: pred=n/a               gold=n/a  correct=True  running‐acc=0.477
[ 460/600] loss=0.0029  pred=true   gold=true  running‐acc=0.963
Locality eval: pred=false             gold=n/a  correct=False  running‐acc=0.476
[ 461/600] loss=0.0082  pred=n/a    gold=n/a  running‐acc=0.963
Locality eval: pred=true              gold=true  correct=True  running‐acc=0.477
[ 462/600] loss=0.0109  pred=n/a    gold=n/a  running‐acc=0.963
Locality eval: pred=true.             gold=true  correct=True  running‐acc=0.478
[ 463/600] loss=0.0175  pred=true   gold=true  running‐acc=0.963
Locality eval: pred=true              gold=n/a  correct=False  running‐acc=0.477
[ 464/600] loss=0.1769  pred=n/a    gold=n/a  running‐acc=0.963
Locality eval: pred=true              gold=true  correct=True  running‐acc=0.478
[ 465/600] loss=0.1730  pred=n/a    gold=n/a  running‐acc=0.963
Locality eval: pred=n/a               gold=true  correct=False  running‐acc=0.477
[ 466/600] loss=0.0426  pred=n/a    gold=n/a  running‐acc=0.964
Locality eval: pred=true              gold=true  correct=True  running‐acc=0.479
[ 467/600] loss=0.0411  pred=n/a    gold=n/a  running‐acc=0.964
Locality eval: pred=n/a               gold=true  correct=False  running‐acc=0.478
[ 468/600] loss=0.1785  pred=n/a    gold=n/a  running‐acc=0.964
Locality eval: pred=n/a               gold=true  correct=False  running‐acc=0.476
[ 469/600] loss=0.0006  pred=true   gold=true  running‐acc=0.964
Locality eval: pred=n/a               gold=n/a  correct=True  running‐acc=0.478
[ 470/600] loss=0.0191  pred=n/a    gold=n/a  running‐acc=0.964
Locality eval: pred=true              gold=true  correct=True  running‐acc=0.479
[ 471/600] loss=0.1315  pred=n/a    gold=n/a  running‐acc=0.964
Locality eval: pred=n/a               gold=true  correct=False  running‐acc=0.478
[ 472/600] loss=0.0180  pred=true   gold=true  running‐acc=0.964
Locality eval: pred=false             gold=n/a  correct=False  running‐acc=0.477
[ 473/600] loss=0.0274  pred=n/a    gold=n/a  running‐acc=0.964
Locality eval: pred=n/a               gold=true  correct=False  running‐acc=0.476
[ 474/600] loss=0.0073  pred=true   gold=true  running‐acc=0.964
Locality eval: pred=true              gold=n/a  correct=False  running‐acc=0.475
[ 475/600] loss=0.1071  pred=n/a    gold=n/a  running‐acc=0.964
Locality eval: pred=true              gold=true  correct=True  running‐acc=0.476
[ 476/600] loss=0.0131  pred=true   gold=true  running‐acc=0.964
Locality eval: pred=true              gold=n/a  correct=False  running‐acc=0.475
[ 477/600] loss=0.1810  pred=n/a    gold=n/a  running‐acc=0.964
Locality eval: pred=true              gold=true  correct=True  running‐acc=0.476
[ 478/600] loss=0.0114  pred=true   gold=true  running‐acc=0.964
Locality eval: pred=false             gold=n/a  correct=False  running‐acc=0.475
[ 479/600] loss=0.2199  pred=n/a    gold=n/a  running‐acc=0.965
Locality eval: pred=true              gold=true  correct=True  running‐acc=0.476
[ 480/600] loss=0.2428  pred=n/a    gold=n/a  running‐acc=0.965
Locality eval: pred=true              gold=true  correct=True  running‐acc=0.477
[ 481/600] loss=0.2308  pred=n/a    gold=n/a  running‐acc=0.965
Locality eval: pred=true              gold=true  correct=True  running‐acc=0.478
[ 482/600] loss=0.0178  pred=true   gold=true  running‐acc=0.965
Locality eval: pred=true              gold=n/a  correct=False  running‐acc=0.477
[ 483/600] loss=0.0042  pred=n/a    gold=n/a  running‐acc=0.965
Locality eval: pred=true              gold=true  correct=True  running‐acc=0.478
[ 484/600] loss=0.0829  pred=n/a    gold=n/a  running‐acc=0.965
Locality eval: pred=true              gold=true  correct=True  running‐acc=0.479
[ 485/600] loss=0.1440  pred=n/a    gold=n/a  running‐acc=0.965
Locality eval: pred=true              gold=true  correct=True  running‐acc=0.480
[ 486/600] loss=0.1819  pred=n/a    gold=n/a  running‐acc=0.965
Locality eval: pred=true              gold=true  correct=True  running‐acc=0.481
[ 487/600] loss=0.0137  pred=false  gold=n/a  running‐acc=0.963
Locality eval: pred=true              gold=true  correct=True  running‐acc=0.483
[ 488/600] loss=0.1755  pred=n/a    gold=n/a  running‐acc=0.963
Locality eval: pred=true              gold=true  correct=True  running‐acc=0.484
[ 489/600] loss=0.0788  pred=n/a    gold=n/a  running‐acc=0.963
Locality eval: pred=true              gold=true  correct=True  running‐acc=0.485
[ 490/600] loss=0.1766  pred=n/a    gold=n/a  running‐acc=0.963
Locality eval: pred=true              gold=true  correct=True  running‐acc=0.486
[ 491/600] loss=0.0073  pred=n/a    gold=n/a  running‐acc=0.963
Locality eval: pred=n/a               gold=true  correct=False  running‐acc=0.485
[ 492/600] loss=0.0013  pred=true   gold=true  running‐acc=0.963
Locality eval: pred=true              gold=n/a  correct=False  running‐acc=0.484
[ 493/600] loss=0.0024  pred=n/a    gold=n/a  running‐acc=0.963
Locality eval: pred=true              gold=true  correct=True  running‐acc=0.485
[ 494/600] loss=0.0270  pred=n/a    gold=n/a  running‐acc=0.964
Locality eval: pred=true              gold=true  correct=True  running‐acc=0.486
[ 495/600] loss=0.1071  pred=n/a    gold=n/a  running‐acc=0.964
Locality eval: pred=true              gold=true  correct=True  running‐acc=0.487
[ 496/600] loss=0.1169  pred=n/a    gold=n/a  running‐acc=0.964
Locality eval: pred=true              gold=true  correct=True  running‐acc=0.488
[ 497/600] loss=0.0427  pred=true   gold=true  running‐acc=0.964
Locality eval: pred=false             gold=n/a  correct=False  running‐acc=0.487
[ 498/600] loss=0.0254  pred=true   gold=true  running‐acc=0.964
Locality eval: pred=false             gold=n/a  correct=False  running‐acc=0.486
[ 499/600] loss=0.0024  pred=n/a    gold=n/a  running‐acc=0.964
Locality eval: pred=true              gold=true  correct=True  running‐acc=0.487
[ 500/600] loss=0.0072  pred=n/a    gold=n/a  running‐acc=0.964
Locality eval: pred=true              gold=true  correct=True  running‐acc=0.488
[ 501/600] loss=0.0964  pred=n/a    gold=n/a  running‐acc=0.964
Locality eval: pred=true              gold=true  correct=True  running‐acc=0.489
[ 502/600] loss=0.0120  pred=n/a    gold=n/a  running‐acc=0.964
Locality eval: pred=true.             gold=true  correct=True  running‐acc=0.490
[ 503/600] loss=0.0076  pred=true   gold=true  running‐acc=0.964
Locality eval: pred=false             gold=n/a  correct=False  running‐acc=0.489
[ 504/600] loss=0.0411  pred=true   gold=true  running‐acc=0.964
Locality eval: pred=false             gold=n/a  correct=False  running‐acc=0.488
[ 505/600] loss=0.1041  pred=true   gold=true  running‐acc=0.964
Locality eval: pred=true              gold=n/a  correct=False  running‐acc=0.487
[ 506/600] loss=0.0268  pred=true   gold=true  running‐acc=0.964
Locality eval: pred=false             gold=n/a  correct=False  running‐acc=0.486
[ 507/600] loss=0.0220  pred=false  gold=true  running‐acc=0.963
Locality eval: pred=n/a               gold=n/a  correct=True  running‐acc=0.487
[ 508/600] loss=0.0112  pred=true   gold=true  running‐acc=0.963
Locality eval: pred=false             gold=n/a  correct=False  running‐acc=0.486
[ 509/600] loss=0.0188  pred=true   gold=true  running‐acc=0.963
Locality eval: pred=false             gold=n/a  correct=False  running‐acc=0.485
[ 510/600] loss=0.0999  pred=true   gold=true  running‐acc=0.963
Locality eval: pred=false             gold=n/a  correct=False  running‐acc=0.484
[ 511/600] loss=0.0133  pred=n/a    gold=n/a  running‐acc=0.963
Locality eval: pred=true.             gold=true  correct=True  running‐acc=0.485
[ 512/600] loss=0.0046  pred=true   gold=true  running‐acc=0.963
Locality eval: pred=false             gold=n/a  correct=False  running‐acc=0.484
[ 513/600] loss=0.2879  pred=n/a    gold=n/a  running‐acc=0.963
Locality eval: pred=true              gold=true  correct=True  running‐acc=0.485
[ 514/600] loss=0.0094  pred=true   gold=true  running‐acc=0.963
Locality eval: pred=n/a               gold=n/a  correct=True  running‐acc=0.486
[ 515/600] loss=0.2123  pred=n/a    gold=n/a  running‐acc=0.963
Locality eval: pred=true              gold=true  correct=True  running‐acc=0.487
[ 516/600] loss=0.0346  pred=n/a    gold=n/a  running‐acc=0.963
Locality eval: pred=true              gold=true  correct=True  running‐acc=0.488
[ 517/600] loss=0.0413  pred=n/a    gold=n/a  running‐acc=0.963
Locality eval: pred=n/a               gold=true  correct=False  running‐acc=0.487
[ 518/600] loss=0.1123  pred=n/a    gold=n/a  running‐acc=0.963
Locality eval: pred=n/a               gold=true  correct=False  running‐acc=0.486
[ 519/600] loss=0.0064  pred=true   gold=true  running‐acc=0.963
Locality eval: pred=n/a               gold=n/a  correct=True  running‐acc=0.487
[ 520/600] loss=0.0353  pred=true   gold=true  running‐acc=0.963
Locality eval: pred=true              gold=n/a  correct=False  running‐acc=0.487
[ 521/600] loss=0.0067  pred=true   gold=true  running‐acc=0.964
Locality eval: pred=false             gold=n/a  correct=False  running‐acc=0.486
[ 522/600] loss=0.0140  pred=true   gold=true  running‐acc=0.964
Locality eval: pred=false             gold=n/a  correct=False  running‐acc=0.485
[ 523/600] loss=0.1887  pred=n/a    gold=n/a  running‐acc=0.964
Locality eval: pred=true              gold=true  correct=True  running‐acc=0.486
[ 524/600] loss=0.0014  pred=true   gold=true  running‐acc=0.964
Locality eval: pred=false             gold=n/a  correct=False  running‐acc=0.485
[ 525/600] loss=0.0111  pred=true   gold=true  running‐acc=0.964
Locality eval: pred=false             gold=n/a  correct=False  running‐acc=0.484
[ 526/600] loss=0.0152  pred=true   gold=true  running‐acc=0.964
Locality eval: pred=false             gold=n/a  correct=False  running‐acc=0.483
[ 527/600] loss=0.1362  pred=n/a    gold=n/a  running‐acc=0.964
Locality eval: pred=true              gold=true  correct=True  running‐acc=0.484
[ 528/600] loss=0.0957  pred=true   gold=true  running‐acc=0.964
Locality eval: pred=                  gold=n/a  correct=False  running‐acc=0.483
[ 529/600] loss=0.1692  pred=n/a    gold=n/a  running‐acc=0.964
Locality eval: pred=true              gold=true  correct=True  running‐acc=0.484
[ 530/600] loss=0.1145  pred=true   gold=true  running‐acc=0.964
Locality eval: pred=true              gold=n/a  correct=False  running‐acc=0.483
[ 531/600] loss=0.2413  pred=n/a    gold=n/a  running‐acc=0.964
Locality eval: pred=n/a               gold=true  correct=False  running‐acc=0.482
[ 532/600] loss=0.0161  pred=true   gold=true  running‐acc=0.964
Locality eval: pred=n/a               gold=n/a  correct=True  running‐acc=0.483
[ 533/600] loss=0.1872  pred=n/a    gold=n/a  running‐acc=0.964
Locality eval: pred=true              gold=true  correct=True  running‐acc=0.484
[ 534/600] loss=0.0714  pred=true   gold=true  running‐acc=0.964
Locality eval: pred=false             gold=n/a  correct=False  running‐acc=0.483
[ 535/600] loss=0.0040  pred=true   gold=true  running‐acc=0.964
Locality eval: pred=n/a               gold=n/a  correct=True  running‐acc=0.484
[ 536/600] loss=0.0080  pred=true   gold=true  running‐acc=0.965
Locality eval: pred=n/a               gold=n/a  correct=True  running‐acc=0.485
[ 537/600] loss=0.0343  pred=n/a    gold=n/a  running‐acc=0.965
Locality eval: pred=true              gold=true  correct=True  running‐acc=0.486
[ 538/600] loss=0.0210  pred=true   gold=true  running‐acc=0.965
Locality eval: pred=true              gold=n/a  correct=False  running‐acc=0.485
[ 539/600] loss=0.2522  pred=true   gold=true  running‐acc=0.965
Locality eval: pred=                  gold=n/a  correct=False  running‐acc=0.484
[ 540/600] loss=0.1325  pred=true   gold=n/a  running‐acc=0.963
Locality eval: pred=true              gold=true  correct=True  running‐acc=0.485
[ 541/600] loss=0.1851  pred=n/a    gold=n/a  running‐acc=0.963
Locality eval: pred=true              gold=true  correct=True  running‐acc=0.486
[ 542/600] loss=0.0526  pred=n/a    gold=n/a  running‐acc=0.963
Locality eval: pred=n/a               gold=true  correct=False  running‐acc=0.485
[ 543/600] loss=0.0907  pred=n/a    gold=n/a  running‐acc=0.963
Locality eval: pred=true              gold=true  correct=True  running‐acc=0.486
[ 544/600] loss=0.1419  pred=n/a    gold=n/a  running‐acc=0.963
Locality eval: pred=true              gold=true  correct=True  running‐acc=0.487
[ 545/600] loss=0.0119  pred=n/a    gold=true  running‐acc=0.961
Locality eval: pred=n/a               gold=n/a  correct=True  running‐acc=0.488
[ 546/600] loss=0.1497  pred=n/a    gold=n/a  running‐acc=0.962
Locality eval: pred=true              gold=true  correct=True  running‐acc=0.489
[ 547/600] loss=0.0047  pred=true   gold=true  running‐acc=0.962
Locality eval: pred=false             gold=n/a  correct=False  running‐acc=0.488
[ 548/600] loss=0.0058  pred=true   gold=true  running‐acc=0.962
Locality eval: pred=false             gold=n/a  correct=False  running‐acc=0.487
[ 549/600] loss=0.0112  pred=true   gold=true  running‐acc=0.962
Locality eval: pred=true              gold=n/a  correct=False  running‐acc=0.486
[ 550/600] loss=0.1176  pred=n/a    gold=n/a  running‐acc=0.962
Locality eval: pred=n/a               gold=true  correct=False  running‐acc=0.485
[ 551/600] loss=0.0064  pred=true   gold=true  running‐acc=0.962
Locality eval: pred=false             gold=n/a  correct=False  running‐acc=0.485
[ 552/600] loss=0.1052  pred=n/a    gold=n/a  running‐acc=0.962
Locality eval: pred=true              gold=true  correct=True  running‐acc=0.486
[ 553/600] loss=0.0991  pred=n/a    gold=n/a  running‐acc=0.962
Locality eval: pred=false             gold=true  correct=False  running‐acc=0.485
[ 554/600] loss=0.0060  pred=true   gold=true  running‐acc=0.962
Locality eval: pred=false             gold=n/a  correct=False  running‐acc=0.484
[ 555/600] loss=0.1254  pred=n/a    gold=n/a  running‐acc=0.962
Locality eval: pred=true              gold=true  correct=True  running‐acc=0.485
[ 556/600] loss=0.0632  pred=n/a    gold=n/a  running‐acc=0.962
Locality eval: pred=true.             gold=true  correct=True  running‐acc=0.486
[ 557/600] loss=0.1075  pred=n/a    gold=n/a  running‐acc=0.962
Locality eval: pred=n/a               gold=true  correct=False  running‐acc=0.485
[ 558/600] loss=0.0069  pred=true   gold=true  running‐acc=0.962
Locality eval: pred=n/a               gold=n/a  correct=True  running‐acc=0.486
[ 559/600] loss=0.0069  pred=true   gold=true  running‐acc=0.962
Locality eval: pred=n/a               gold=n/a  correct=True  running‐acc=0.487
[ 560/600] loss=0.2135  pred=n/a    gold=n/a  running‐acc=0.963
Locality eval: pred=true              gold=true  correct=True  running‐acc=0.487
[ 561/600] loss=0.0213  pred=true   gold=true  running‐acc=0.963
Locality eval: pred=false             gold=n/a  correct=False  running‐acc=0.487
[ 562/600] loss=0.0021  pred=true   gold=true  running‐acc=0.963
Locality eval: pred=true              gold=n/a  correct=False  running‐acc=0.486
[ 563/600] loss=0.0988  pred=n/a    gold=n/a  running‐acc=0.963
Locality eval: pred=n/a               gold=true  correct=False  running‐acc=0.485
[ 564/600] loss=0.0644  pred=true   gold=true  running‐acc=0.963
Locality eval: pred=true              gold=n/a  correct=False  running‐acc=0.484
[ 565/600] loss=0.0710  pred=n/a    gold=n/a  running‐acc=0.963
Locality eval: pred=n/a               gold=true  correct=False  running‐acc=0.483
[ 566/600] loss=0.0112  pred=true   gold=true  running‐acc=0.963
Locality eval: pred=true              gold=n/a  correct=False  running‐acc=0.482
[ 567/600] loss=0.1552  pred=true   gold=true  running‐acc=0.963
Locality eval: pred=n/a               gold=n/a  correct=True  running‐acc=0.483
[ 568/600] loss=0.2086  pred=n/a    gold=n/a  running‐acc=0.963
Locality eval: pred=true              gold=true  correct=True  running‐acc=0.484
[ 569/600] loss=0.0094  pred=true   gold=true  running‐acc=0.963
Locality eval: pred=true              gold=n/a  correct=False  running‐acc=0.483
[ 570/600] loss=0.0095  pred=true   gold=true  running‐acc=0.963
Locality eval: pred=false             gold=n/a  correct=False  running‐acc=0.482
[ 571/600] loss=0.0421  pred=true   gold=true  running‐acc=0.963
Locality eval: pred=true              gold=n/a  correct=False  running‐acc=0.482
[ 572/600] loss=0.0099  pred=true   gold=true  running‐acc=0.963
Locality eval: pred=false             gold=n/a  correct=False  running‐acc=0.481
[ 573/600] loss=0.0647  pred=true   gold=true  running‐acc=0.963
Locality eval: pred=n/a               gold=n/a  correct=True  running‐acc=0.482
[ 574/600] loss=0.1121  pred=true   gold=true  running‐acc=0.963
Locality eval: pred=true              gold=n/a  correct=False  running‐acc=0.481
[ 575/600] loss=0.0576  pred=true   gold=true  running‐acc=0.963
Locality eval: pred=false             gold=n/a  correct=False  running‐acc=0.480
[ 576/600] loss=0.0109  pred=true   gold=true  running‐acc=0.964
Locality eval: pred=true              gold=n/a  correct=False  running‐acc=0.479
[ 577/600] loss=0.0027  pred=true   gold=true  running‐acc=0.964
Locality eval: pred=false             gold=n/a  correct=False  running‐acc=0.478
[ 578/600] loss=0.0846  pred=n/a    gold=n/a  running‐acc=0.964
Locality eval: pred=true              gold=true  correct=True  running‐acc=0.479
[ 579/600] loss=0.0342  pred=true   gold=true  running‐acc=0.964
Locality eval: pred=true              gold=n/a  correct=False  running‐acc=0.478
[ 580/600] loss=0.0560  pred=n/a    gold=n/a  running‐acc=0.964
Locality eval: pred=true              gold=true  correct=True  running‐acc=0.479
[ 581/600] loss=0.2321  pred=n/a    gold=n/a  running‐acc=0.964
Locality eval: pred=true              gold=true  correct=True  running‐acc=0.480
[ 582/600] loss=0.0990  pred=n/a    gold=n/a  running‐acc=0.964
Locality eval: pred=n/a               gold=true  correct=False  running‐acc=0.479
[ 583/600] loss=0.1114  pred=n/a    gold=n/a  running‐acc=0.964
Locality eval: pred=true              gold=true  correct=True  running‐acc=0.480
[ 584/600] loss=0.0579  pred=n/a    gold=n/a  running‐acc=0.964
Locality eval: pred=true              gold=true  correct=True  running‐acc=0.481
[ 585/600] loss=0.1010  pred=n/a    gold=n/a  running‐acc=0.964
Locality eval: pred=                  gold=true  correct=False  running‐acc=0.480
[ 586/600] loss=0.0199  pred=n/a    gold=n/a  running‐acc=0.964
Locality eval: pred=true.             gold=true  correct=True  running‐acc=0.481
[ 587/600] loss=0.0318  pred=true   gold=true  running‐acc=0.964
Locality eval: pred=true              gold=n/a  correct=False  running‐acc=0.480
[ 588/600] loss=0.0062  pred=true   gold=true  running‐acc=0.964
Locality eval: pred=true              gold=n/a  correct=False  running‐acc=0.480
[ 589/600] loss=0.0236  pred=true   gold=true  running‐acc=0.964
Locality eval: pred=n/a               gold=n/a  correct=True  running‐acc=0.480
[ 590/600] loss=0.0226  pred=true   gold=true  running‐acc=0.964
Locality eval: pred=false             gold=n/a  correct=False  running‐acc=0.480
[ 591/600] loss=0.0669  pred=true   gold=true  running‐acc=0.964
Locality eval: pred=n/a               gold=n/a  correct=True  running‐acc=0.481
[ 592/600] loss=0.3625  pred=n/a    gold=n/a  running‐acc=0.965
Locality eval: pred=true              gold=true  correct=True  running‐acc=0.481
[ 593/600] loss=0.0286  pred=true   gold=true  running‐acc=0.965
Locality eval: pred=n/a               gold=n/a  correct=True  running‐acc=0.482
[ 594/600] loss=0.0017  pred=n/a    gold=n/a  running‐acc=0.965
Locality eval: pred=n/a               gold=true  correct=False  running‐acc=0.481
[ 595/600] loss=0.0034  pred=true   gold=true  running‐acc=0.965
Locality eval: pred=n/a               gold=n/a  correct=True  running‐acc=0.482
[ 596/600] loss=0.2927  pred=n/a    gold=n/a  running‐acc=0.965
Locality eval: pred=true              gold=true  correct=True  running‐acc=0.483
[ 597/600] loss=0.1675  pred=n/a    gold=n/a  running‐acc=0.965
Locality eval: pred=true              gold=true  correct=True  running‐acc=0.484
[ 598/600] loss=0.0019  pred=n/a    gold=true  running‐acc=0.963
Locality eval: pred=n/a               gold=n/a  correct=True  running‐acc=0.485
[ 599/600] loss=0.0097  pred=true   gold=true  running‐acc=0.963
Locality eval: pred=false             gold=n/a  correct=False  running‐acc=0.484
[ 600/600] loss=0.2062  pred=n/a    gold=n/a  running‐acc=0.963
Locality eval: pred=true              gold=true  correct=True  running‐acc=0.485

Finished in 1113.2s.  Final accuracy: 0.963.

