Sliding Window Attention is enabled but not implemented for `sdpa`; unexpected results may be encountered.

Loading base model (4‐bit)…
Loading checkpoint shards:   0%|          | 0/4 [00:00<?, ?it/s]Loading checkpoint shards:  25%|██▌       | 1/4 [00:05<00:15,  5.02s/it]Loading checkpoint shards:  50%|█████     | 2/4 [00:10<00:10,  5.16s/it]Loading checkpoint shards:  75%|███████▌  | 3/4 [00:15<00:05,  5.21s/it]Loading checkpoint shards: 100%|██████████| 4/4 [00:19<00:00,  4.70s/it]Loading checkpoint shards: 100%|██████████| 4/4 [00:19<00:00,  4.86s/it]
trainable params: 5,046,272 || all params: 7,620,662,784 || trainable%: 0.0662
  0%|          | 0/600 [00:00<?, ?it/s]100%|██████████| 600/600 [00:00<00:00, 20806.80it/s]
/project/uvadm/zhenyu/miniconda3/envs/mechanistic/lib/python3.10/site-packages/transformers/generation/configuration_utils.py:631: UserWarning: `do_sample` is set to `False`. However, `temperature` is set to `0.7` -- this flag is only used in sample-based generation modes. You should set `do_sample=True` or unset `temperature`.
  warnings.warn(
/project/uvadm/zhenyu/miniconda3/envs/mechanistic/lib/python3.10/site-packages/transformers/generation/configuration_utils.py:636: UserWarning: `do_sample` is set to `False`. However, `top_p` is set to `0.8` -- this flag is only used in sample-based generation modes. You should set `do_sample=True` or unset `top_p`.
  warnings.warn(
/project/uvadm/zhenyu/miniconda3/envs/mechanistic/lib/python3.10/site-packages/transformers/generation/configuration_utils.py:653: UserWarning: `do_sample` is set to `False`. However, `top_k` is set to `20` -- this flag is only used in sample-based generation modes. You should set `do_sample=True` or unset `top_k`.
  warnings.warn(
Loaded 600 (train, eval) pairs.

Starting sequential training…
Cached 112 LoRA tensors.
[   1/600] loss=1.0172  pred=true   gold=true  running‐acc=1.000
Locality eval: pred=n/a               gold=n/a  correct=True  running‐acc=1.000
[   2/600] loss=1.7469  pred=true   gold=true  running‐acc=1.000
Locality eval: pred=n/a               gold=n/a  correct=True  running‐acc=1.000
[   3/600] loss=1.2493  pred=true   gold=true  running‐acc=1.000
Locality eval: pred=n/a               gold=n/a  correct=True  running‐acc=1.000
[   4/600] loss=1.1720  pred=true   gold=true  running‐acc=1.000
Locality eval: pred=false             gold=n/a  correct=False  running‐acc=0.750
[   5/600] loss=1.6883  pred=true   gold=true  running‐acc=1.000
Locality eval: pred=n/a               gold=n/a  correct=True  running‐acc=0.800
[   6/600] loss=2.1400  pred=true   gold=true  running‐acc=1.000
Locality eval: pred=n/a               gold=n/a  correct=True  running‐acc=0.833
[   7/600] loss=1.7564  pred=true.  gold=n/a  running‐acc=0.857
Locality eval: pred=true              gold=true  correct=True  running‐acc=0.857
[   8/600] loss=1.7893  pred=false  gold=n/a  running‐acc=0.750
Locality eval: pred=true.             gold=true  correct=True  running‐acc=0.875
[   9/600] loss=1.9768  pred=n/a    gold=true  running‐acc=0.667
Locality eval: pred=false             gold=n/a  correct=False  running‐acc=0.778
[  10/600] loss=1.7272  pred=true   gold=true  running‐acc=0.700
Locality eval: pred=n/a               gold=n/a  correct=True  running‐acc=0.800
[  11/600] loss=2.2694  pred=true   gold=true  running‐acc=0.727
Locality eval: pred=true              gold=n/a  correct=False  running‐acc=0.727
[  12/600] loss=1.3880  pred=       gold=true  running‐acc=0.667
Locality eval: pred=false.            gold=n/a  correct=False  running‐acc=0.667
[  13/600] loss=1.1389  pred=true   gold=n/a  running‐acc=0.615
Locality eval: pred=true              gold=true  correct=True  running‐acc=0.692
[  14/600] loss=1.6147  pred=n/a    gold=n/a  running‐acc=0.643
Locality eval: pred=true.             gold=true  correct=True  running‐acc=0.714
[  15/600] loss=1.1941  pred=true   gold=true  running‐acc=0.667
Locality eval: pred=n/a               gold=n/a  correct=True  running‐acc=0.733
[  16/600] loss=1.9415  pred=n/a    gold=n/a  running‐acc=0.688
Locality eval: pred=true              gold=true  correct=True  running‐acc=0.750
[  17/600] loss=1.7068  pred=n/a    gold=n/a  running‐acc=0.706
Locality eval: pred=true.             gold=true  correct=True  running‐acc=0.765
[  18/600] loss=1.0036  pred=true   gold=true  running‐acc=0.722
Locality eval: pred=n/a               gold=n/a  correct=True  running‐acc=0.778
[  19/600] loss=1.7589  pred=true   gold=true  running‐acc=0.737
Locality eval: pred=false             gold=n/a  correct=False  running‐acc=0.737
[  20/600] loss=1.4984  pred=n/a    gold=n/a  running‐acc=0.750
Locality eval: pred=true              gold=true  correct=True  running‐acc=0.750
[  21/600] loss=2.0648  pred=false.  gold=n/a  running‐acc=0.714
Locality eval: pred=true.             gold=true  correct=True  running‐acc=0.762
[  22/600] loss=1.6385  pred=n/a    gold=n/a  running‐acc=0.727
Locality eval: pred=true              gold=true  correct=True  running‐acc=0.773
[  23/600] loss=1.8310  pred=n/a    gold=n/a  running‐acc=0.739
Locality eval: pred=true              gold=true  correct=True  running‐acc=0.783
[  24/600] loss=1.4592  pred=n/a    gold=n/a  running‐acc=0.750
Locality eval: pred=true              gold=true  correct=True  running‐acc=0.792
[  25/600] loss=1.2367  pred=true   gold=true  running‐acc=0.760
Locality eval: pred=n/a               gold=n/a  correct=True  running‐acc=0.800
[  26/600] loss=2.0188  pred=n/a    gold=n/a  running‐acc=0.769
Locality eval: pred=true.             gold=true  correct=True  running‐acc=0.808
[  27/600] loss=1.6288  pred=n/a    gold=n/a  running‐acc=0.778
Locality eval: pred=true.             gold=true  correct=True  running‐acc=0.815
[  28/600] loss=1.6038  pred=true.  gold=n/a  running‐acc=0.750
Locality eval: pred=true              gold=true  correct=True  running‐acc=0.821
[  29/600] loss=1.3087  pred=n/a    gold=n/a  running‐acc=0.759
Locality eval: pred=true.             gold=true  correct=True  running‐acc=0.828
[  30/600] loss=2.0718  pred=n/a    gold=n/a  running‐acc=0.767
Locality eval: pred=true.             gold=true  correct=True  running‐acc=0.833
[  31/600] loss=0.9784  pred=true   gold=true  running‐acc=0.774
Locality eval: pred=                  gold=n/a  correct=False  running‐acc=0.806
[  32/600] loss=1.2955  pred=n/a    gold=n/a  running‐acc=0.781
Locality eval: pred=true              gold=true  correct=True  running‐acc=0.812
[  33/600] loss=1.5374  pred=n/a    gold=n/a  running‐acc=0.788
Locality eval: pred=true              gold=true  correct=True  running‐acc=0.818
[  34/600] loss=2.0514  pred=n/a    gold=n/a  running‐acc=0.794
Locality eval: pred=true.             gold=true  correct=True  running‐acc=0.824
[  35/600] loss=1.4738  pred=n/a    gold=true  running‐acc=0.771
Locality eval: pred=n/a               gold=n/a  correct=True  running‐acc=0.829
[  36/600] loss=0.9801  pred=n/a    gold=n/a  running‐acc=0.778
Locality eval: pred=true              gold=true  correct=True  running‐acc=0.833
[  37/600] loss=1.8607  pred=true   gold=true  running‐acc=0.784
Locality eval: pred=n/a               gold=n/a  correct=True  running‐acc=0.838
[  38/600] loss=1.4252  pred=n/a    gold=n/a  running‐acc=0.789
Locality eval: pred=true.             gold=true  correct=True  running‐acc=0.842
[  39/600] loss=2.2047  pred=true   gold=true  running‐acc=0.795
Locality eval: pred=n/a               gold=n/a  correct=True  running‐acc=0.846
[  40/600] loss=1.8427  pred=n/a    gold=true  running‐acc=0.775
Locality eval: pred=n/a               gold=n/a  correct=True  running‐acc=0.850
[  41/600] loss=1.2900  pred=true   gold=true  running‐acc=0.780
Locality eval: pred=n/a               gold=n/a  correct=True  running‐acc=0.854
[  42/600] loss=1.5254  pred=false.  gold=n/a  running‐acc=0.762
Locality eval: pred=true.             gold=true  correct=True  running‐acc=0.857
[  43/600] loss=0.1890  pred=true   gold=true  running‐acc=0.767
Locality eval: pred=n/a               gold=n/a  correct=True  running‐acc=0.860
[  44/600] loss=1.5821  pred=n/a    gold=n/a  running‐acc=0.773
Locality eval: pred=true.             gold=true  correct=True  running‐acc=0.864
[  45/600] loss=1.6737  pred=n/a    gold=n/a  running‐acc=0.778
Locality eval: pred=true.             gold=true  correct=True  running‐acc=0.867
[  46/600] loss=1.5508  pred=       gold=true  running‐acc=0.761
Locality eval: pred=n/a               gold=n/a  correct=True  running‐acc=0.870
[  47/600] loss=0.4514  pred=true   gold=true  running‐acc=0.766
Locality eval: pred=false.            gold=n/a  correct=False  running‐acc=0.851
[  48/600] loss=2.1298  pred=n/a    gold=n/a  running‐acc=0.771
Locality eval: pred=true              gold=true  correct=True  running‐acc=0.854
[  49/600] loss=1.8406  pred=true   gold=true  running‐acc=0.776
Locality eval: pred=n/a               gold=n/a  correct=True  running‐acc=0.857
[  50/600] loss=1.7395  pred=false  gold=n/a  running‐acc=0.760
Locality eval: pred=true              gold=true  correct=True  running‐acc=0.860
[  51/600] loss=1.3520  pred=true   gold=true  running‐acc=0.765
Locality eval: pred=n/a               gold=n/a  correct=True  running‐acc=0.863
[  52/600] loss=0.9437  pred=true   gold=true  running‐acc=0.769
Locality eval: pred=n/a               gold=n/a  correct=True  running‐acc=0.865
[  53/600] loss=1.7271  pred=n/a    gold=n/a  running‐acc=0.774
Locality eval: pred=true              gold=true  correct=True  running‐acc=0.868
[  54/600] loss=1.8285  pred=       gold=true  running‐acc=0.759
Locality eval: pred=n/a               gold=n/a  correct=True  running‐acc=0.870
[  55/600] loss=1.5443  pred=n/a    gold=n/a  running‐acc=0.764
Locality eval: pred=true.             gold=true  correct=True  running‐acc=0.873
[  56/600] loss=1.4610  pred=n/a    gold=n/a  running‐acc=0.768
Locality eval: pred=true.             gold=true  correct=True  running‐acc=0.875
[  57/600] loss=0.9086  pred=true   gold=true  running‐acc=0.772
Locality eval: pred=n/a               gold=n/a  correct=True  running‐acc=0.877
[  58/600] loss=1.0259  pred=true   gold=true  running‐acc=0.776
Locality eval: pred=n/a               gold=n/a  correct=True  running‐acc=0.879
[  59/600] loss=0.3879  pred=true   gold=true  running‐acc=0.780
Locality eval: pred=n/a               gold=n/a  correct=True  running‐acc=0.881
[  60/600] loss=0.1333  pred=true   gold=true  running‐acc=0.783
Locality eval: pred=n/a               gold=n/a  correct=True  running‐acc=0.883
[  61/600] loss=1.7998  pred=true   gold=true  running‐acc=0.787
Locality eval: pred=false             gold=n/a  correct=False  running‐acc=0.869
[  62/600] loss=1.5458  pred=n/a    gold=true  running‐acc=0.774
Locality eval: pred=n/a               gold=n/a  correct=True  running‐acc=0.871
[  63/600] loss=1.4043  pred=n/a    gold=n/a  running‐acc=0.778
Locality eval: pred=true.             gold=true  correct=True  running‐acc=0.873
[  64/600] loss=1.9600  pred=false.  gold=n/a  running‐acc=0.766
Locality eval: pred=true.             gold=true  correct=True  running‐acc=0.875
[  65/600] loss=1.5706  pred=n/a    gold=n/a  running‐acc=0.769
Locality eval: pred=true.             gold=true  correct=True  running‐acc=0.877
[  66/600] loss=1.4997  pred=       gold=true  running‐acc=0.758
Locality eval: pred=n/a               gold=n/a  correct=True  running‐acc=0.879
[  67/600] loss=0.6605  pred=true   gold=true  running‐acc=0.761
Locality eval: pred=n/a               gold=n/a  correct=True  running‐acc=0.881
[  68/600] loss=1.8059  pred=true   gold=true  running‐acc=0.765
Locality eval: pred=true              gold=n/a  correct=False  running‐acc=0.868
[  69/600] loss=2.1634  pred=n/a    gold=n/a  running‐acc=0.768
Locality eval: pred=true.             gold=true  correct=True  running‐acc=0.870
[  70/600] loss=1.0672  pred=n/a    gold=n/a  running‐acc=0.771
Locality eval: pred=true              gold=true  correct=True  running‐acc=0.871
[  71/600] loss=1.7598  pred=n/a    gold=n/a  running‐acc=0.775
Locality eval: pred=true              gold=true  correct=True  running‐acc=0.873
[  72/600] loss=1.8669  pred=n/a    gold=n/a  running‐acc=0.778
Locality eval: pred=true              gold=true  correct=True  running‐acc=0.875
[  73/600] loss=1.3855  pred=true   gold=true  running‐acc=0.781
Locality eval: pred=n/a               gold=n/a  correct=True  running‐acc=0.877
[  74/600] loss=1.9448  pred=false.  gold=n/a  running‐acc=0.770
Locality eval: pred=true              gold=true  correct=True  running‐acc=0.878
[  75/600] loss=1.7352  pred=n/a    gold=n/a  running‐acc=0.773
Locality eval: pred=true.             gold=true  correct=True  running‐acc=0.880
[  76/600] loss=2.0707  pred=true   gold=true  running‐acc=0.776
Locality eval: pred=true              gold=n/a  correct=False  running‐acc=0.868
[  77/600] loss=1.5262  pred=true   gold=true  running‐acc=0.779
Locality eval: pred=n/a               gold=n/a  correct=True  running‐acc=0.870
[  78/600] loss=1.1862  pred=n/a    gold=n/a  running‐acc=0.782
Locality eval: pred=true.             gold=true  correct=True  running‐acc=0.872
[  79/600] loss=1.5524  pred=true   gold=true  running‐acc=0.785
Locality eval: pred=n/a               gold=n/a  correct=True  running‐acc=0.873
[  80/600] loss=1.7914  pred=false.  gold=n/a  running‐acc=0.775
Locality eval: pred=true.             gold=true  correct=True  running‐acc=0.875
[  81/600] loss=2.0437  pred=       gold=n/a  running‐acc=0.765
Locality eval: pred=true.             gold=true  correct=True  running‐acc=0.877
[  82/600] loss=1.9973  pred=true   gold=true  running‐acc=0.768
Locality eval: pred=false             gold=n/a  correct=False  running‐acc=0.866
[  83/600] loss=1.4667  pred=true.  gold=n/a  running‐acc=0.759
Locality eval: pred=true.             gold=true  correct=True  running‐acc=0.867
[  84/600] loss=1.6767  pred=true   gold=true  running‐acc=0.762
Locality eval: pred=n/a               gold=n/a  correct=True  running‐acc=0.869
[  85/600] loss=1.2490  pred=n/a    gold=n/a  running‐acc=0.765
Locality eval: pred=true.             gold=true  correct=True  running‐acc=0.871
[  86/600] loss=1.2556  pred=n/a    gold=n/a  running‐acc=0.767
Locality eval: pred=true.             gold=true  correct=True  running‐acc=0.872
[  87/600] loss=2.0090  pred=n/a    gold=n/a  running‐acc=0.770
Locality eval: pred=true.             gold=true  correct=True  running‐acc=0.874
[  88/600] loss=2.2726  pred=true   gold=true  running‐acc=0.773
Locality eval: pred=n/a               gold=n/a  correct=True  running‐acc=0.875
[  89/600] loss=1.1687  pred=true   gold=true  running‐acc=0.775
Locality eval: pred=n/a               gold=n/a  correct=True  running‐acc=0.876
[  90/600] loss=0.8899  pred=n/a    gold=n/a  running‐acc=0.778
Locality eval: pred=true.             gold=true  correct=True  running‐acc=0.878
[  91/600] loss=0.5537  pred=n/a    gold=n/a  running‐acc=0.780
Locality eval: pred=true.             gold=true  correct=True  running‐acc=0.879
[  92/600] loss=0.7508  pred=false  gold=true  running‐acc=0.772
Locality eval: pred=n/a               gold=n/a  correct=True  running‐acc=0.880
[  93/600] loss=1.8334  pred=false.  gold=n/a  running‐acc=0.763
Locality eval: pred=true.             gold=true  correct=True  running‐acc=0.882
[  94/600] loss=2.0484  pred=n/a    gold=n/a  running‐acc=0.766
Locality eval: pred=true.             gold=true  correct=True  running‐acc=0.883
[  95/600] loss=1.1357  pred=true   gold=true  running‐acc=0.768
Locality eval: pred=n/a               gold=n/a  correct=True  running‐acc=0.884
[  96/600] loss=1.2871  pred=n/a    gold=n/a  running‐acc=0.771
Locality eval: pred=true.             gold=true  correct=True  running‐acc=0.885
[  97/600] loss=0.2441  pred=n/a    gold=n/a  running‐acc=0.773
Locality eval: pred=true.             gold=true  correct=True  running‐acc=0.887
[  98/600] loss=2.3234  pred=false  gold=n/a  running‐acc=0.765
Locality eval: pred=true              gold=true  correct=True  running‐acc=0.888
[  99/600] loss=0.6656  pred=true   gold=true  running‐acc=0.768
Locality eval: pred=n/a               gold=n/a  correct=True  running‐acc=0.889
[ 100/600] loss=1.8188  pred=true   gold=true  running‐acc=0.770
Locality eval: pred=n/a               gold=n/a  correct=True  running‐acc=0.890
[ 101/600] loss=1.1223  pred=n/a    gold=n/a  running‐acc=0.772
Locality eval: pred=true              gold=true  correct=True  running‐acc=0.891
[ 102/600] loss=1.3231  pred=true   gold=true  running‐acc=0.775
Locality eval: pred=n/a               gold=n/a  correct=True  running‐acc=0.892
[ 103/600] loss=1.9387  pred=n/a    gold=n/a  running‐acc=0.777
Locality eval: pred=true              gold=true  correct=True  running‐acc=0.893
[ 104/600] loss=1.3383  pred=true   gold=true  running‐acc=0.779
Locality eval: pred=n/a               gold=n/a  correct=True  running‐acc=0.894
[ 105/600] loss=0.8042  pred=true   gold=true  running‐acc=0.781
Locality eval: pred=n/a               gold=n/a  correct=True  running‐acc=0.895
[ 106/600] loss=0.7729  pred=true   gold=true  running‐acc=0.783
Locality eval: pred=n/a               gold=n/a  correct=True  running‐acc=0.896
[ 107/600] loss=0.4516  pred=true   gold=true  running‐acc=0.785
Locality eval: pred=true              gold=n/a  correct=False  running‐acc=0.888
[ 108/600] loss=0.2741  pred=true   gold=true  running‐acc=0.787
Locality eval: pred=n/a               gold=n/a  correct=True  running‐acc=0.889
[ 109/600] loss=0.6472  pred=true   gold=true  running‐acc=0.789
Locality eval: pred=true              gold=n/a  correct=False  running‐acc=0.881
[ 110/600] loss=1.0820  pred=true   gold=true  running‐acc=0.791
Locality eval: pred=n/a               gold=n/a  correct=True  running‐acc=0.882
[ 111/600] loss=0.6547  pred=true   gold=true  running‐acc=0.793
Locality eval: pred=n/a               gold=n/a  correct=True  running‐acc=0.883
[ 112/600] loss=1.4488  pred=true   gold=true  running‐acc=0.795
Locality eval: pred=n/a               gold=n/a  correct=True  running‐acc=0.884
[ 113/600] loss=0.9683  pred=n/a    gold=n/a  running‐acc=0.796
Locality eval: pred=true.             gold=true  correct=True  running‐acc=0.885
[ 114/600] loss=0.9902  pred=n/a    gold=n/a  running‐acc=0.798
Locality eval: pred=true.             gold=true  correct=True  running‐acc=0.886
[ 115/600] loss=1.1742  pred=true   gold=n/a  running‐acc=0.791
Locality eval: pred=true.             gold=true  correct=True  running‐acc=0.887
[ 116/600] loss=1.1764  pred=true   gold=true  running‐acc=0.793
Locality eval: pred=                  gold=n/a  correct=False  running‐acc=0.879
[ 117/600] loss=0.9769  pred=n/a    gold=n/a  running‐acc=0.795
Locality eval: pred=true.             gold=true  correct=True  running‐acc=0.880
[ 118/600] loss=1.7832  pred=n/a    gold=n/a  running‐acc=0.797
Locality eval: pred=true.             gold=true  correct=True  running‐acc=0.881
[ 119/600] loss=1.7893  pred=n/a    gold=n/a  running‐acc=0.798
Locality eval: pred=true.             gold=true  correct=True  running‐acc=0.882
[ 120/600] loss=1.2321  pred=false.  gold=n/a  running‐acc=0.792
Locality eval: pred=true              gold=true  correct=True  running‐acc=0.883
[ 121/600] loss=0.8618  pred=true   gold=true  running‐acc=0.793
Locality eval: pred=false.            gold=n/a  correct=False  running‐acc=0.876
[ 122/600] loss=1.6107  pred=true   gold=true  running‐acc=0.795
Locality eval: pred=true              gold=n/a  correct=False  running‐acc=0.869
[ 123/600] loss=1.6752  pred=false.  gold=n/a  running‐acc=0.789
Locality eval: pred=true.             gold=true  correct=True  running‐acc=0.870
[ 124/600] loss=1.7923  pred=n/a    gold=n/a  running‐acc=0.790
Locality eval: pred=true.             gold=true  correct=True  running‐acc=0.871
[ 125/600] loss=1.9098  pred=true   gold=n/a  running‐acc=0.784
Locality eval: pred=true              gold=true  correct=True  running‐acc=0.872
[ 126/600] loss=1.9229  pred=true   gold=true  running‐acc=0.786
Locality eval: pred=true              gold=n/a  correct=False  running‐acc=0.865
[ 127/600] loss=1.5332  pred=true.  gold=true  running‐acc=0.787
Locality eval: pred=true              gold=n/a  correct=False  running‐acc=0.858
[ 128/600] loss=2.0946  pred=n/a    gold=n/a  running‐acc=0.789
Locality eval: pred=true.             gold=true  correct=True  running‐acc=0.859
[ 129/600] loss=0.6082  pred=true   gold=true  running‐acc=0.791
Locality eval: pred=n/a               gold=n/a  correct=True  running‐acc=0.860
[ 130/600] loss=1.3039  pred=n/a    gold=n/a  running‐acc=0.792
Locality eval: pred=true.             gold=true  correct=True  running‐acc=0.862
[ 131/600] loss=2.0139  pred=true   gold=true  running‐acc=0.794
Locality eval: pred=true.             gold=n/a  correct=False  running‐acc=0.855
[ 132/600] loss=0.8403  pred=n/a    gold=n/a  running‐acc=0.795
Locality eval: pred=true              gold=true  correct=True  running‐acc=0.856
[ 133/600] loss=0.9070  pred=n/a    gold=n/a  running‐acc=0.797
Locality eval: pred=true.             gold=true  correct=True  running‐acc=0.857
[ 134/600] loss=0.6630  pred=true   gold=true  running‐acc=0.799
Locality eval: pred=n/a               gold=n/a  correct=True  running‐acc=0.858
[ 135/600] loss=1.7275  pred=true   gold=true  running‐acc=0.800
Locality eval: pred=n/a               gold=n/a  correct=True  running‐acc=0.859
[ 136/600] loss=1.5291  pred=n/a    gold=n/a  running‐acc=0.801
Locality eval: pred=true              gold=true  correct=True  running‐acc=0.860
[ 137/600] loss=1.3681  pred=true   gold=true  running‐acc=0.803
Locality eval: pred=n/a               gold=n/a  correct=True  running‐acc=0.861
[ 138/600] loss=3.3721  pred=true   gold=true  running‐acc=0.804
Locality eval: pred=n/a               gold=n/a  correct=True  running‐acc=0.862
[ 139/600] loss=1.3446  pred=n/a    gold=n/a  running‐acc=0.806
Locality eval: pred=true.             gold=true  correct=True  running‐acc=0.863
[ 140/600] loss=1.5124  pred=n/a    gold=n/a  running‐acc=0.807
Locality eval: pred=true              gold=true  correct=True  running‐acc=0.864
[ 141/600] loss=2.0272  pred=false  gold=n/a  running‐acc=0.801
Locality eval: pred=true.             gold=true  correct=True  running‐acc=0.865
[ 142/600] loss=1.6798  pred=       gold=n/a  running‐acc=0.796
Locality eval: pred=true.             gold=true  correct=True  running‐acc=0.866
[ 143/600] loss=0.7619  pred=true   gold=true  running‐acc=0.797
Locality eval: pred=n/a               gold=n/a  correct=True  running‐acc=0.867
[ 144/600] loss=0.9082  pred=true   gold=true  running‐acc=0.799
Locality eval: pred=n/a               gold=n/a  correct=True  running‐acc=0.868
[ 145/600] loss=1.4470  pred=true   gold=true  running‐acc=0.800
Locality eval: pred=n/a               gold=n/a  correct=True  running‐acc=0.869
[ 146/600] loss=0.9002  pred=true   gold=true  running‐acc=0.801
Locality eval: pred=n/a               gold=n/a  correct=True  running‐acc=0.870
[ 147/600] loss=1.6835  pred=n/a    gold=n/a  running‐acc=0.803
Locality eval: pred=true              gold=true  correct=True  running‐acc=0.871
[ 148/600] loss=1.1216  pred=true   gold=true  running‐acc=0.804
Locality eval: pred=false             gold=n/a  correct=False  running‐acc=0.865
[ 149/600] loss=1.4772  pred=n/a    gold=n/a  running‐acc=0.805
Locality eval: pred=true.             gold=true  correct=True  running‐acc=0.866
[ 150/600] loss=0.8798  pred=n/a    gold=n/a  running‐acc=0.807
Locality eval: pred=true.             gold=true  correct=True  running‐acc=0.867
[ 151/600] loss=1.3609  pred=true   gold=true  running‐acc=0.808
Locality eval: pred=n/a               gold=n/a  correct=True  running‐acc=0.868
[ 152/600] loss=1.9928  pred=true   gold=true  running‐acc=0.809
Locality eval: pred=false             gold=n/a  correct=False  running‐acc=0.862
[ 153/600] loss=1.4532  pred=n/a    gold=n/a  running‐acc=0.810
Locality eval: pred=true              gold=true  correct=True  running‐acc=0.863
[ 154/600] loss=0.8285  pred=n/a    gold=n/a  running‐acc=0.812
Locality eval: pred=true.             gold=true  correct=True  running‐acc=0.864
[ 155/600] loss=0.7462  pred=true   gold=true  running‐acc=0.813
Locality eval: pred=n/a               gold=n/a  correct=True  running‐acc=0.865
[ 156/600] loss=1.8314  pred=n/a    gold=n/a  running‐acc=0.814
Locality eval: pred=true              gold=true  correct=True  running‐acc=0.865
[ 157/600] loss=1.3901  pred=true   gold=true  running‐acc=0.815
Locality eval: pred=false             gold=n/a  correct=False  running‐acc=0.860
[ 158/600] loss=1.0184  pred=n/a    gold=n/a  running‐acc=0.816
Locality eval: pred=true.             gold=true  correct=True  running‐acc=0.861
[ 159/600] loss=1.5170  pred=n/a    gold=n/a  running‐acc=0.818
Locality eval: pred=true.             gold=true  correct=True  running‐acc=0.862
[ 160/600] loss=1.7329  pred=n/a    gold=n/a  running‐acc=0.819
Locality eval: pred=true.             gold=true  correct=True  running‐acc=0.863
[ 161/600] loss=2.0529  pred=n/a    gold=true  running‐acc=0.814
Locality eval: pred=n/a               gold=n/a  correct=True  running‐acc=0.863
[ 162/600] loss=0.3356  pred=n/a    gold=n/a  running‐acc=0.815
Locality eval: pred=true.             gold=true  correct=True  running‐acc=0.864
[ 163/600] loss=1.8352  pred=n/a    gold=n/a  running‐acc=0.816
Locality eval: pred=true.             gold=true  correct=True  running‐acc=0.865
[ 164/600] loss=2.1130  pred=false.  gold=n/a  running‐acc=0.811
Locality eval: pred=true.             gold=true  correct=True  running‐acc=0.866
[ 165/600] loss=2.2754  pred=true   gold=true  running‐acc=0.812
Locality eval: pred=n/a               gold=n/a  correct=True  running‐acc=0.867
[ 166/600] loss=2.0789  pred=true   gold=true  running‐acc=0.813
Locality eval: pred=                  gold=n/a  correct=False  running‐acc=0.861
[ 167/600] loss=2.1340  pred=n/a    gold=n/a  running‐acc=0.814
Locality eval: pred=true.             gold=true  correct=True  running‐acc=0.862
[ 168/600] loss=1.9152  pred=false  gold=true  running‐acc=0.810
Locality eval: pred=true              gold=n/a  correct=False  running‐acc=0.857
[ 169/600] loss=1.7509  pred=n/a    gold=n/a  running‐acc=0.811
Locality eval: pred=true.             gold=true  correct=True  running‐acc=0.858
[ 170/600] loss=1.4532  pred=n/a    gold=n/a  running‐acc=0.812
Locality eval: pred=true.             gold=true  correct=True  running‐acc=0.859
[ 171/600] loss=0.7949  pred=n/a    gold=n/a  running‐acc=0.813
Locality eval: pred=true.             gold=true  correct=True  running‐acc=0.860
[ 172/600] loss=1.3748  pred=true   gold=true  running‐acc=0.814
Locality eval: pred=n/a               gold=n/a  correct=True  running‐acc=0.860
[ 173/600] loss=1.3801  pred=n/a    gold=n/a  running‐acc=0.815
Locality eval: pred=true              gold=true  correct=True  running‐acc=0.861
[ 174/600] loss=2.0049  pred=true   gold=true  running‐acc=0.816
Locality eval: pred=n/a               gold=n/a  correct=True  running‐acc=0.862
[ 175/600] loss=1.4207  pred=true   gold=true  running‐acc=0.817
Locality eval: pred=n/a               gold=n/a  correct=True  running‐acc=0.863
[ 176/600] loss=1.9476  pred=false  gold=n/a  running‐acc=0.812
Locality eval: pred=true.             gold=true  correct=True  running‐acc=0.864
[ 177/600] loss=1.0206  pred=true   gold=true  running‐acc=0.814
Locality eval: pred=n/a               gold=n/a  correct=True  running‐acc=0.864
[ 178/600] loss=1.7237  pred=n/a    gold=n/a  running‐acc=0.815
Locality eval: pred=true.             gold=true  correct=True  running‐acc=0.865
[ 179/600] loss=1.5391  pred=n/a    gold=n/a  running‐acc=0.816
Locality eval: pred=true              gold=true  correct=True  running‐acc=0.866
[ 180/600] loss=1.9640  pred=false  gold=true  running‐acc=0.811
Locality eval: pred=true              gold=n/a  correct=False  running‐acc=0.861
[ 181/600] loss=1.5778  pred=n/a    gold=n/a  running‐acc=0.812
Locality eval: pred=true.             gold=true  correct=True  running‐acc=0.862
[ 182/600] loss=1.4057  pred=n/a    gold=n/a  running‐acc=0.813
Locality eval: pred=true.             gold=true  correct=True  running‐acc=0.863
[ 183/600] loss=1.6667  pred=true   gold=true  running‐acc=0.814
Locality eval: pred=n/a               gold=n/a  correct=True  running‐acc=0.863
[ 184/600] loss=0.7785  pred=true   gold=true  running‐acc=0.815
Locality eval: pred=n/a               gold=n/a  correct=True  running‐acc=0.864
[ 185/600] loss=2.1444  pred=true   gold=true  running‐acc=0.816
Locality eval: pred=n/a               gold=n/a  correct=True  running‐acc=0.865
[ 186/600] loss=1.9368  pred=true   gold=true  running‐acc=0.817
Locality eval: pred=n/a               gold=n/a  correct=True  running‐acc=0.866
[ 187/600] loss=1.7915  pred=n/a    gold=n/a  running‐acc=0.818
Locality eval: pred=true              gold=true  correct=True  running‐acc=0.866
[ 188/600] loss=1.6726  pred=       gold=n/a  running‐acc=0.814
Locality eval: pred=true.             gold=true  correct=True  running‐acc=0.867
[ 189/600] loss=1.1321  pred=true   gold=true  running‐acc=0.815
Locality eval: pred=n/a               gold=n/a  correct=True  running‐acc=0.868
[ 190/600] loss=1.6161  pred=n/a    gold=n/a  running‐acc=0.816
Locality eval: pred=true.             gold=true  correct=True  running‐acc=0.868
[ 191/600] loss=1.4798  pred=n/a    gold=n/a  running‐acc=0.817
Locality eval: pred=true.             gold=true  correct=True  running‐acc=0.869
[ 192/600] loss=2.1877  pred=n/a    gold=n/a  running‐acc=0.818
Locality eval: pred=n/a               gold=true  correct=False  running‐acc=0.865
[ 193/600] loss=1.9634  pred=true   gold=true  running‐acc=0.819
Locality eval: pred=n/a               gold=n/a  correct=True  running‐acc=0.865
[ 194/600] loss=1.3215  pred=true   gold=true  running‐acc=0.820
Locality eval: pred=n/a               gold=n/a  correct=True  running‐acc=0.866
[ 195/600] loss=1.4742  pred=true   gold=true  running‐acc=0.821
Locality eval: pred=true              gold=n/a  correct=False  running‐acc=0.862
[ 196/600] loss=2.1286  pred=n/a    gold=true  running‐acc=0.816
Locality eval: pred=n/a               gold=n/a  correct=True  running‐acc=0.862
[ 197/600] loss=1.5493  pred=true   gold=true  running‐acc=0.817
Locality eval: pred=true              gold=n/a  correct=False  running‐acc=0.858
[ 198/600] loss=1.9076  pred=n/a    gold=n/a  running‐acc=0.818
Locality eval: pred=true.             gold=true  correct=True  running‐acc=0.859
[ 199/600] loss=1.6444  pred=true   gold=true  running‐acc=0.819
Locality eval: pred=true              gold=n/a  correct=False  running‐acc=0.854
[ 200/600] loss=1.2009  pred=true   gold=true  running‐acc=0.820
Locality eval: pred=n/a               gold=n/a  correct=True  running‐acc=0.855
[ 201/600] loss=1.9989  pred=false  gold=n/a  running‐acc=0.816
Locality eval: pred=true              gold=true  correct=True  running‐acc=0.856
[ 202/600] loss=1.7399  pred=n/a    gold=n/a  running‐acc=0.817
Locality eval: pred=true              gold=true  correct=True  running‐acc=0.856
[ 203/600] loss=1.5582  pred=true   gold=true  running‐acc=0.818
Locality eval: pred=n/a               gold=n/a  correct=True  running‐acc=0.857
[ 204/600] loss=0.8200  pred=n/a    gold=n/a  running‐acc=0.819
Locality eval: pred=true.             gold=true  correct=True  running‐acc=0.858
[ 205/600] loss=2.0744  pred=true   gold=true  running‐acc=0.820
Locality eval: pred=true              gold=n/a  correct=False  running‐acc=0.854
[ 206/600] loss=1.3738  pred=n/a    gold=n/a  running‐acc=0.820
Locality eval: pred=true.             gold=true  correct=True  running‐acc=0.854
[ 207/600] loss=1.5060  pred=true.  gold=n/a  running‐acc=0.816
Locality eval: pred=true.             gold=true  correct=True  running‐acc=0.855
[ 208/600] loss=0.7175  pred=true   gold=true  running‐acc=0.817
Locality eval: pred=n/a               gold=n/a  correct=True  running‐acc=0.856
[ 209/600] loss=1.1843  pred=false  gold=n/a  running‐acc=0.813
Locality eval: pred=true              gold=true  correct=True  running‐acc=0.856
[ 210/600] loss=1.6172  pred=n/a    gold=n/a  running‐acc=0.814
Locality eval: pred=true              gold=true  correct=True  running‐acc=0.857
[ 211/600] loss=1.4064  pred=true   gold=true  running‐acc=0.815
Locality eval: pred=true              gold=n/a  correct=False  running‐acc=0.853
[ 212/600] loss=2.0323  pred=n/a    gold=n/a  running‐acc=0.816
Locality eval: pred=true.             gold=true  correct=True  running‐acc=0.854
[ 213/600] loss=2.7676  pred=true   gold=true  running‐acc=0.817
Locality eval: pred=n/a               gold=n/a  correct=True  running‐acc=0.854
[ 214/600] loss=1.3707  pred=n/a    gold=n/a  running‐acc=0.818
Locality eval: pred=true.             gold=true  correct=True  running‐acc=0.855
[ 215/600] loss=1.0979  pred=false  gold=true  running‐acc=0.814
Locality eval: pred=n/a               gold=n/a  correct=True  running‐acc=0.856
[ 216/600] loss=1.4703  pred=false  gold=n/a  running‐acc=0.810
Locality eval: pred=true              gold=true  correct=True  running‐acc=0.856
[ 217/600] loss=1.9344  pred=true   gold=true  running‐acc=0.811
Locality eval: pred=n/a               gold=n/a  correct=True  running‐acc=0.857
[ 218/600] loss=2.0670  pred=n/a    gold=n/a  running‐acc=0.812
Locality eval: pred=true.             gold=true  correct=True  running‐acc=0.858
[ 219/600] loss=2.7163  pred=true   gold=true  running‐acc=0.813
Locality eval: pred=n/a               gold=n/a  correct=True  running‐acc=0.858
[ 220/600] loss=1.3168  pred=n/a    gold=n/a  running‐acc=0.814
Locality eval: pred=true.             gold=true  correct=True  running‐acc=0.859
[ 221/600] loss=2.1036  pred=n/a    gold=n/a  running‐acc=0.814
Locality eval: pred=true.             gold=true  correct=True  running‐acc=0.860
[ 222/600] loss=2.2047  pred=n/a    gold=n/a  running‐acc=0.815
Locality eval: pred=true.             gold=true  correct=True  running‐acc=0.860
[ 223/600] loss=1.9010  pred=n/a    gold=n/a  running‐acc=0.816
Locality eval: pred=true.             gold=true  correct=True  running‐acc=0.861
[ 224/600] loss=1.5974  pred=false  gold=n/a  running‐acc=0.812
Locality eval: pred=true              gold=true  correct=True  running‐acc=0.862
[ 225/600] loss=1.4578  pred=n/a    gold=n/a  running‐acc=0.813
Locality eval: pred=true.             gold=true  correct=True  running‐acc=0.862
[ 226/600] loss=1.5294  pred=true   gold=true  running‐acc=0.814
Locality eval: pred=n/a               gold=n/a  correct=True  running‐acc=0.863
[ 227/600] loss=0.9682  pred=n/a    gold=n/a  running‐acc=0.815
Locality eval: pred=true.             gold=true  correct=True  running‐acc=0.863
[ 228/600] loss=2.0890  pred=n/a    gold=n/a  running‐acc=0.816
Locality eval: pred=true.             gold=true  correct=True  running‐acc=0.864
[ 229/600] loss=1.9734  pred=true   gold=n/a  running‐acc=0.812
Locality eval: pred=true              gold=true  correct=True  running‐acc=0.865
[ 230/600] loss=2.1320  pred=n/a    gold=n/a  running‐acc=0.813
Locality eval: pred=true.             gold=true  correct=True  running‐acc=0.865
[ 231/600] loss=1.3606  pred=false.  gold=n/a  running‐acc=0.810
Locality eval: pred=true.             gold=true  correct=True  running‐acc=0.866
[ 232/600] loss=0.8235  pred=n/a    gold=n/a  running‐acc=0.810
Locality eval: pred=true.             gold=true  correct=True  running‐acc=0.866
[ 233/600] loss=1.6145  pred=true.  gold=true  running‐acc=0.811
Locality eval: pred=n/a               gold=n/a  correct=True  running‐acc=0.867
[ 234/600] loss=0.6871  pred=n/a    gold=true  running‐acc=0.808
Locality eval: pred=false             gold=n/a  correct=False  running‐acc=0.863
[ 235/600] loss=0.8014  pred=true   gold=n/a  running‐acc=0.804
Locality eval: pred=true.             gold=true  correct=True  running‐acc=0.864
[ 236/600] loss=0.8299  pred=n/a    gold=n/a  running‐acc=0.805
Locality eval: pred=true.             gold=true  correct=True  running‐acc=0.864
[ 237/600] loss=1.8712  pred=n/a    gold=true  running‐acc=0.802
Locality eval: pred=n/a               gold=n/a  correct=True  running‐acc=0.865
[ 238/600] loss=1.4985  pred=n/a    gold=n/a  running‐acc=0.803
Locality eval: pred=true.             gold=true  correct=True  running‐acc=0.866
[ 239/600] loss=2.1758  pred=n/a    gold=n/a  running‐acc=0.803
Locality eval: pred=true.             gold=true  correct=True  running‐acc=0.866
[ 240/600] loss=1.7337  pred=true   gold=true  running‐acc=0.804
Locality eval: pred=true              gold=n/a  correct=False  running‐acc=0.863
[ 241/600] loss=2.1856  pred=n/a    gold=n/a  running‐acc=0.805
Locality eval: pred=true.             gold=true  correct=True  running‐acc=0.863
[ 242/600] loss=1.5886  pred=true   gold=n/a  running‐acc=0.802
Locality eval: pred=true              gold=true  correct=True  running‐acc=0.864
[ 243/600] loss=1.5684  pred=n/a    gold=n/a  running‐acc=0.802
Locality eval: pred=true.             gold=true  correct=True  running‐acc=0.864
[ 244/600] loss=0.9206  pred=true   gold=true  running‐acc=0.803
Locality eval: pred=n/a               gold=n/a  correct=True  running‐acc=0.865
[ 245/600] loss=2.1179  pred=true   gold=true  running‐acc=0.804
Locality eval: pred=n/a               gold=n/a  correct=True  running‐acc=0.865
[ 246/600] loss=0.8559  pred=true   gold=true  running‐acc=0.805
Locality eval: pred=n/a               gold=n/a  correct=True  running‐acc=0.866
[ 247/600] loss=0.7764  pred=true   gold=true  running‐acc=0.806
Locality eval: pred=n/a               gold=n/a  correct=True  running‐acc=0.866
[ 248/600] loss=1.7435  pred=n/a    gold=true  running‐acc=0.802
Locality eval: pred=n/a               gold=n/a  correct=True  running‐acc=0.867
[ 249/600] loss=1.8031  pred=false  gold=n/a  running‐acc=0.799
Locality eval: pred=true.             gold=true  correct=True  running‐acc=0.867
[ 250/600] loss=0.5179  pred=true   gold=true  running‐acc=0.800
Locality eval: pred=false             gold=n/a  correct=False  running‐acc=0.864
[ 251/600] loss=1.8246  pred=n/a    gold=n/a  running‐acc=0.801
Locality eval: pred=true.             gold=true  correct=True  running‐acc=0.865
[ 252/600] loss=1.7686  pred=n/a    gold=n/a  running‐acc=0.802
Locality eval: pred=true.             gold=true  correct=True  running‐acc=0.865
[ 253/600] loss=1.8031  pred=true   gold=true  running‐acc=0.802
Locality eval: pred=true              gold=n/a  correct=False  running‐acc=0.862
[ 254/600] loss=1.6090  pred=true   gold=true  running‐acc=0.803
Locality eval: pred=n/a               gold=n/a  correct=True  running‐acc=0.862
[ 255/600] loss=1.8142  pred=n/a    gold=n/a  running‐acc=0.804
Locality eval: pred=true.             gold=true  correct=True  running‐acc=0.863
[ 256/600] loss=1.7516  pred=n/a    gold=n/a  running‐acc=0.805
Locality eval: pred=true              gold=true  correct=True  running‐acc=0.863
[ 257/600] loss=1.9624  pred=n/a    gold=n/a  running‐acc=0.805
Locality eval: pred=true.             gold=true  correct=True  running‐acc=0.864
[ 258/600] loss=1.8959  pred=n/a    gold=n/a  running‐acc=0.806
Locality eval: pred=true.             gold=true  correct=True  running‐acc=0.864
[ 259/600] loss=2.0319  pred=true   gold=true  running‐acc=0.807
Locality eval: pred=n/a               gold=n/a  correct=True  running‐acc=0.865
[ 260/600] loss=1.4161  pred=true   gold=true  running‐acc=0.808
Locality eval: pred=n/a               gold=n/a  correct=True  running‐acc=0.865
[ 261/600] loss=1.2674  pred=true   gold=true  running‐acc=0.808
Locality eval: pred=n/a               gold=n/a  correct=True  running‐acc=0.866
[ 262/600] loss=1.9099  pred=true   gold=true  running‐acc=0.809
Locality eval: pred=true              gold=n/a  correct=False  running‐acc=0.863
[ 263/600] loss=1.3170  pred=n/a    gold=n/a  running‐acc=0.810
Locality eval: pred=true.             gold=true  correct=True  running‐acc=0.863
[ 264/600] loss=1.5356  pred=       gold=n/a  running‐acc=0.807
Locality eval: pred=true              gold=true  correct=True  running‐acc=0.864
[ 265/600] loss=1.8990  pred=true   gold=true  running‐acc=0.808
Locality eval: pred=n/a               gold=n/a  correct=True  running‐acc=0.864
[ 266/600] loss=1.9608  pred=n/a    gold=n/a  running‐acc=0.808
Locality eval: pred=true.             gold=true  correct=True  running‐acc=0.865
[ 267/600] loss=1.4842  pred=n/a    gold=n/a  running‐acc=0.809
Locality eval: pred=true              gold=true  correct=True  running‐acc=0.865
[ 268/600] loss=0.9354  pred=true   gold=true  running‐acc=0.810
Locality eval: pred=n/a               gold=n/a  correct=True  running‐acc=0.866
[ 269/600] loss=1.4891  pred=n/a    gold=n/a  running‐acc=0.810
Locality eval: pred=true.             gold=true  correct=True  running‐acc=0.866
[ 270/600] loss=0.5010  pred=true   gold=true  running‐acc=0.811
Locality eval: pred=n/a               gold=n/a  correct=True  running‐acc=0.867
[ 271/600] loss=2.0693  pred=n/a    gold=n/a  running‐acc=0.812
Locality eval: pred=true              gold=true  correct=True  running‐acc=0.867
[ 272/600] loss=1.4694  pred=true   gold=true  running‐acc=0.812
Locality eval: pred=n/a               gold=n/a  correct=True  running‐acc=0.868
[ 273/600] loss=2.3285  pred=n/a    gold=n/a  running‐acc=0.813
Locality eval: pred=true.             gold=true  correct=True  running‐acc=0.868
[ 274/600] loss=1.6727  pred=false.  gold=n/a  running‐acc=0.810
Locality eval: pred=true.             gold=true  correct=True  running‐acc=0.869
[ 275/600] loss=1.3813  pred=true   gold=true  running‐acc=0.811
Locality eval: pred=n/a               gold=n/a  correct=True  running‐acc=0.869
[ 276/600] loss=1.3328  pred=n/a    gold=n/a  running‐acc=0.812
Locality eval: pred=true.             gold=true  correct=True  running‐acc=0.870
[ 277/600] loss=1.3636  pred=true   gold=true  running‐acc=0.812
Locality eval: pred=n/a               gold=n/a  correct=True  running‐acc=0.870
[ 278/600] loss=1.6706  pred=n/a    gold=n/a  running‐acc=0.813
Locality eval: pred=true.             gold=true  correct=True  running‐acc=0.871
[ 279/600] loss=1.1645  pred=true   gold=true  running‐acc=0.814
Locality eval: pred=n/a               gold=n/a  correct=True  running‐acc=0.871
[ 280/600] loss=1.3578  pred=       gold=n/a  running‐acc=0.811
Locality eval: pred=true              gold=true  correct=True  running‐acc=0.871
[ 281/600] loss=1.5723  pred=true   gold=true  running‐acc=0.811
Locality eval: pred=n/a               gold=n/a  correct=True  running‐acc=0.872
[ 282/600] loss=1.4188  pred=true   gold=true  running‐acc=0.812
Locality eval: pred=false.            gold=n/a  correct=False  running‐acc=0.869
[ 283/600] loss=1.4642  pred=n/a    gold=n/a  running‐acc=0.813
Locality eval: pred=true              gold=true  correct=True  running‐acc=0.869
[ 284/600] loss=1.2117  pred=n/a    gold=n/a  running‐acc=0.813
Locality eval: pred=true.             gold=true  correct=True  running‐acc=0.870
[ 285/600] loss=0.5213  pred=true   gold=true  running‐acc=0.814
Locality eval: pred=false.            gold=n/a  correct=False  running‐acc=0.867
[ 286/600] loss=1.6537  pred=false  gold=n/a  running‐acc=0.811
Locality eval: pred=true.             gold=true  correct=True  running‐acc=0.867
[ 287/600] loss=1.4705  pred=n/a    gold=n/a  running‐acc=0.812
Locality eval: pred=true.             gold=true  correct=True  running‐acc=0.868
[ 288/600] loss=1.3942  pred=true   gold=true  running‐acc=0.812
Locality eval: pred=n/a               gold=n/a  correct=True  running‐acc=0.868
[ 289/600] loss=1.7674  pred=true   gold=true  running‐acc=0.813
Locality eval: pred=n/a               gold=n/a  correct=True  running‐acc=0.869
[ 290/600] loss=1.3656  pred=n/a    gold=n/a  running‐acc=0.814
Locality eval: pred=true              gold=true  correct=True  running‐acc=0.869
[ 291/600] loss=1.3747  pred=true   gold=true  running‐acc=0.814
Locality eval: pred=n/a               gold=n/a  correct=True  running‐acc=0.869
[ 292/600] loss=1.7915  pred=true   gold=true  running‐acc=0.815
Locality eval: pred=n/a               gold=n/a  correct=True  running‐acc=0.870
[ 293/600] loss=0.2664  pred=true   gold=true  running‐acc=0.816
Locality eval: pred=true              gold=n/a  correct=False  running‐acc=0.867
[ 294/600] loss=0.5984  pred=n/a    gold=true  running‐acc=0.813
Locality eval: pred=n/a               gold=n/a  correct=True  running‐acc=0.867
[ 295/600] loss=1.3698  pred=n/a    gold=n/a  running‐acc=0.814
Locality eval: pred=true              gold=true  correct=True  running‐acc=0.868
[ 296/600] loss=1.8861  pred=true   gold=n/a  running‐acc=0.811
Locality eval: pred=true              gold=true  correct=True  running‐acc=0.868
[ 297/600] loss=2.3400  pred=false  gold=true  running‐acc=0.808
Locality eval: pred=n/a               gold=n/a  correct=True  running‐acc=0.869
[ 298/600] loss=1.3715  pred=true   gold=true  running‐acc=0.809
Locality eval: pred=n/a               gold=n/a  correct=True  running‐acc=0.869
[ 299/600] loss=1.2540  pred=n/a    gold=n/a  running‐acc=0.809
Locality eval: pred=true.             gold=true  correct=True  running‐acc=0.870
[ 300/600] loss=1.8068  pred=n/a    gold=n/a  running‐acc=0.810
Locality eval: pred=true.             gold=true  correct=True  running‐acc=0.870
[ 301/600] loss=2.1428  pred=true   gold=true  running‐acc=0.811
Locality eval: pred=true.             gold=n/a  correct=False  running‐acc=0.867
[ 302/600] loss=1.7590  pred=true   gold=true  running‐acc=0.811
Locality eval: pred=n/a               gold=n/a  correct=True  running‐acc=0.868
[ 303/600] loss=0.3282  pred=true   gold=true  running‐acc=0.812
Locality eval: pred=false             gold=n/a  correct=False  running‐acc=0.865
[ 304/600] loss=1.4255  pred=true   gold=true  running‐acc=0.812
Locality eval: pred=n/a               gold=n/a  correct=True  running‐acc=0.865
[ 305/600] loss=1.1310  pred=true   gold=true  running‐acc=0.813
Locality eval: pred=n/a               gold=n/a  correct=True  running‐acc=0.866
[ 306/600] loss=2.0040  pred=true   gold=true  running‐acc=0.814
Locality eval: pred=n/a               gold=n/a  correct=True  running‐acc=0.866
[ 307/600] loss=1.4387  pred=true   gold=true  running‐acc=0.814
Locality eval: pred=false             gold=n/a  correct=False  running‐acc=0.863
[ 308/600] loss=1.6333  pred=true   gold=true  running‐acc=0.815
Locality eval: pred=n/a               gold=n/a  correct=True  running‐acc=0.864
[ 309/600] loss=0.9583  pred=true   gold=true  running‐acc=0.816
Locality eval: pred=n/a               gold=n/a  correct=True  running‐acc=0.864
[ 310/600] loss=2.1268  pred=n/a    gold=n/a  running‐acc=0.816
Locality eval: pred=true.             gold=true  correct=True  running‐acc=0.865
[ 311/600] loss=1.4235  pred=true   gold=true  running‐acc=0.817
Locality eval: pred=n/a               gold=n/a  correct=True  running‐acc=0.865
[ 312/600] loss=1.3700  pred=true   gold=true  running‐acc=0.817
Locality eval: pred=n/a               gold=n/a  correct=True  running‐acc=0.865
[ 313/600] loss=0.6789  pred=n/a    gold=n/a  running‐acc=0.818
Locality eval: pred=true.             gold=true  correct=True  running‐acc=0.866
[ 314/600] loss=2.2715  pred=n/a    gold=n/a  running‐acc=0.818
Locality eval: pred=true.             gold=true  correct=True  running‐acc=0.866
[ 315/600] loss=1.2265  pred=true.  gold=n/a  running‐acc=0.816
Locality eval: pred=true.             gold=true  correct=True  running‐acc=0.867
[ 316/600] loss=1.2735  pred=true   gold=true  running‐acc=0.816
Locality eval: pred=n/a               gold=n/a  correct=True  running‐acc=0.867
[ 317/600] loss=1.3957  pred=true   gold=true  running‐acc=0.817
Locality eval: pred=n/a               gold=n/a  correct=True  running‐acc=0.868
[ 318/600] loss=2.2590  pred=true   gold=true  running‐acc=0.818
Locality eval: pred=true              gold=n/a  correct=False  running‐acc=0.865
[ 319/600] loss=1.6770  pred=n/a    gold=n/a  running‐acc=0.818
Locality eval: pred=true.             gold=true  correct=True  running‐acc=0.865
[ 320/600] loss=1.7475  pred=n/a    gold=n/a  running‐acc=0.819
Locality eval: pred=true.             gold=true  correct=True  running‐acc=0.866
[ 321/600] loss=0.5899  pred=true   gold=true  running‐acc=0.819
Locality eval: pred=n/a               gold=n/a  correct=True  running‐acc=0.866
[ 322/600] loss=2.3454  pred=true   gold=true  running‐acc=0.820
Locality eval: pred=n/a               gold=n/a  correct=True  running‐acc=0.866
[ 323/600] loss=1.6257  pred=n/a    gold=n/a  running‐acc=0.820
Locality eval: pred=n/a               gold=true  correct=False  running‐acc=0.864
[ 324/600] loss=1.9762  pred=n/a    gold=n/a  running‐acc=0.821
Locality eval: pred=true.             gold=true  correct=True  running‐acc=0.864
[ 325/600] loss=1.1925  pred=n/a    gold=true  running‐acc=0.818
Locality eval: pred=n/a               gold=n/a  correct=True  running‐acc=0.865
[ 326/600] loss=1.4240  pred=       gold=n/a  running‐acc=0.816
Locality eval: pred=true              gold=true  correct=True  running‐acc=0.865
[ 327/600] loss=1.8547  pred=true   gold=true  running‐acc=0.817
Locality eval: pred=n/a               gold=n/a  correct=True  running‐acc=0.865
[ 328/600] loss=1.7101  pred=true.  gold=n/a  running‐acc=0.814
Locality eval: pred=true.             gold=true  correct=True  running‐acc=0.866
[ 329/600] loss=1.0208  pred=true   gold=true  running‐acc=0.815
Locality eval: pred=n/a               gold=n/a  correct=True  running‐acc=0.866
[ 330/600] loss=0.9419  pred=n/a    gold=n/a  running‐acc=0.815
Locality eval: pred=true.             gold=true  correct=True  running‐acc=0.867
[ 331/600] loss=2.4596  pred=true   gold=true  running‐acc=0.816
Locality eval: pred=false             gold=n/a  correct=False  running‐acc=0.864
[ 332/600] loss=1.5370  pred=n/a    gold=n/a  running‐acc=0.816
Locality eval: pred=n/a               gold=true  correct=False  running‐acc=0.861
[ 333/600] loss=1.3320  pred=true   gold=true  running‐acc=0.817
Locality eval: pred=n/a               gold=n/a  correct=True  running‐acc=0.862
[ 334/600] loss=1.4438  pred=n/a    gold=n/a  running‐acc=0.817
Locality eval: pred=true.             gold=true  correct=True  running‐acc=0.862
[ 335/600] loss=1.9396  pred=true   gold=true  running‐acc=0.818
Locality eval: pred=true              gold=n/a  correct=False  running‐acc=0.860
[ 336/600] loss=1.5547  pred=false.  gold=n/a  running‐acc=0.815
Locality eval: pred=true              gold=true  correct=True  running‐acc=0.860
[ 337/600] loss=1.9422  pred=n/a    gold=n/a  running‐acc=0.816
Locality eval: pred=true              gold=true  correct=True  running‐acc=0.861
[ 338/600] loss=0.6543  pred=n/a    gold=n/a  running‐acc=0.817
Locality eval: pred=true.             gold=true  correct=True  running‐acc=0.861
[ 339/600] loss=1.4724  pred=n/a    gold=n/a  running‐acc=0.817
Locality eval: pred=true              gold=true  correct=True  running‐acc=0.861
[ 340/600] loss=1.4865  pred=n/a    gold=n/a  running‐acc=0.818
Locality eval: pred=true.             gold=true  correct=True  running‐acc=0.862
[ 341/600] loss=2.0256  pred=true   gold=true  running‐acc=0.818
Locality eval: pred=n/a               gold=n/a  correct=True  running‐acc=0.862
[ 342/600] loss=0.7923  pred=true   gold=true  running‐acc=0.819
Locality eval: pred=false             gold=n/a  correct=False  running‐acc=0.860
[ 343/600] loss=0.6290  pred=n/a    gold=n/a  running‐acc=0.819
Locality eval: pred=true.             gold=true  correct=True  running‐acc=0.860
[ 344/600] loss=1.1496  pred=true   gold=true  running‐acc=0.820
Locality eval: pred=n/a               gold=n/a  correct=True  running‐acc=0.860
[ 345/600] loss=0.2419  pred=n/a    gold=n/a  running‐acc=0.820
Locality eval: pred=true.             gold=true  correct=True  running‐acc=0.861
[ 346/600] loss=1.1439  pred=true   gold=true  running‐acc=0.821
Locality eval: pred=true              gold=n/a  correct=False  running‐acc=0.858
[ 347/600] loss=0.8925  pred=n/a    gold=n/a  running‐acc=0.821
Locality eval: pred=true.             gold=true  correct=True  running‐acc=0.859
[ 348/600] loss=1.6276  pred=n/a    gold=n/a  running‐acc=0.822
Locality eval: pred=true.             gold=true  correct=True  running‐acc=0.859
[ 349/600] loss=1.1828  pred=n/a    gold=n/a  running‐acc=0.822
Locality eval: pred=true.             gold=true  correct=True  running‐acc=0.860
[ 350/600] loss=2.0877  pred=n/a    gold=n/a  running‐acc=0.823
Locality eval: pred=true.             gold=true  correct=True  running‐acc=0.860
[ 351/600] loss=1.3258  pred=true   gold=n/a  running‐acc=0.821
Locality eval: pred=true              gold=true  correct=True  running‐acc=0.860
[ 352/600] loss=1.2700  pred=n/a    gold=n/a  running‐acc=0.821
Locality eval: pred=true.             gold=true  correct=True  running‐acc=0.861
[ 353/600] loss=0.7683  pred=n/a    gold=n/a  running‐acc=0.822
Locality eval: pred=true              gold=true  correct=True  running‐acc=0.861
[ 354/600] loss=1.6835  pred=true   gold=true  running‐acc=0.822
Locality eval: pred=n/a               gold=n/a  correct=True  running‐acc=0.862
[ 355/600] loss=0.2754  pred=true.  gold=true  running‐acc=0.823
Locality eval: pred=n/a               gold=n/a  correct=True  running‐acc=0.862
[ 356/600] loss=0.7915  pred=true   gold=true  running‐acc=0.823
Locality eval: pred=n/a               gold=n/a  correct=True  running‐acc=0.862
[ 357/600] loss=0.6578  pred=true   gold=true  running‐acc=0.824
Locality eval: pred=n/a               gold=n/a  correct=True  running‐acc=0.863
[ 358/600] loss=1.7973  pred=false  gold=true  running‐acc=0.821
Locality eval: pred=true              gold=n/a  correct=False  running‐acc=0.860
[ 359/600] loss=1.2838  pred=true.  gold=true  running‐acc=0.822
Locality eval: pred=n/a               gold=n/a  correct=True  running‐acc=0.861
[ 360/600] loss=1.7764  pred=n/a    gold=n/a  running‐acc=0.822
Locality eval: pred=true.             gold=true  correct=True  running‐acc=0.861
[ 361/600] loss=1.8471  pred=true   gold=true  running‐acc=0.823
Locality eval: pred=n/a               gold=n/a  correct=True  running‐acc=0.861
[ 362/600] loss=1.4571  pred=true   gold=true  running‐acc=0.823
Locality eval: pred=n/a               gold=n/a  correct=True  running‐acc=0.862
[ 363/600] loss=1.4992  pred=n/a    gold=n/a  running‐acc=0.824
Locality eval: pred=true              gold=true  correct=True  running‐acc=0.862
[ 364/600] loss=1.7242  pred=true   gold=true  running‐acc=0.824
Locality eval: pred=n/a               gold=n/a  correct=True  running‐acc=0.863
[ 365/600] loss=2.6902  pred=true   gold=true  running‐acc=0.825
Locality eval: pred=n/a               gold=n/a  correct=True  running‐acc=0.863
[ 366/600] loss=1.3794  pred=n/a    gold=n/a  running‐acc=0.825
Locality eval: pred=true              gold=true  correct=True  running‐acc=0.863
[ 367/600] loss=1.7552  pred=n/a    gold=n/a  running‐acc=0.826
Locality eval: pred=true.             gold=true  correct=True  running‐acc=0.864
[ 368/600] loss=0.9382  pred=true   gold=true  running‐acc=0.826
Locality eval: pred=n/a               gold=n/a  correct=True  running‐acc=0.864
[ 369/600] loss=1.9138  pred=n/a    gold=n/a  running‐acc=0.827
Locality eval: pred=true              gold=true  correct=True  running‐acc=0.864
[ 370/600] loss=1.7113  pred=n/a    gold=n/a  running‐acc=0.827
Locality eval: pred=true.             gold=true  correct=True  running‐acc=0.865
[ 371/600] loss=1.2079  pred=true   gold=true  running‐acc=0.827
Locality eval: pred=true              gold=n/a  correct=False  running‐acc=0.863
[ 372/600] loss=0.1808  pred=true   gold=true  running‐acc=0.828
Locality eval: pred=true.             gold=n/a  correct=False  running‐acc=0.860
[ 373/600] loss=1.0317  pred=true   gold=true  running‐acc=0.828
Locality eval: pred=n/a               gold=n/a  correct=True  running‐acc=0.861
[ 374/600] loss=1.7332  pred=n/a    gold=n/a  running‐acc=0.829
Locality eval: pred=true.             gold=true  correct=True  running‐acc=0.861
[ 375/600] loss=1.1466  pred=true   gold=true  running‐acc=0.829
Locality eval: pred=false             gold=n/a  correct=False  running‐acc=0.859
[ 376/600] loss=1.1570  pred=true   gold=true  running‐acc=0.830
Locality eval: pred=n/a               gold=n/a  correct=True  running‐acc=0.859
[ 377/600] loss=2.2686  pred=true   gold=true  running‐acc=0.830
Locality eval: pred=n/a               gold=n/a  correct=True  running‐acc=0.859
[ 378/600] loss=1.3660  pred=true   gold=true  running‐acc=0.831
Locality eval: pred=n/a               gold=n/a  correct=True  running‐acc=0.860
[ 379/600] loss=1.0913  pred=true   gold=true  running‐acc=0.831
Locality eval: pred=n/a               gold=n/a  correct=True  running‐acc=0.860
[ 380/600] loss=0.8797  pred=true   gold=true  running‐acc=0.832
Locality eval: pred=false             gold=n/a  correct=False  running‐acc=0.858
[ 381/600] loss=1.7428  pred=n/a    gold=n/a  running‐acc=0.832
Locality eval: pred=true.             gold=true  correct=True  running‐acc=0.858
[ 382/600] loss=1.4199  pred=n/a    gold=n/a  running‐acc=0.832
Locality eval: pred=true.             gold=true  correct=True  running‐acc=0.859
[ 383/600] loss=1.2864  pred=true.  gold=n/a  running‐acc=0.830
Locality eval: pred=true              gold=true  correct=True  running‐acc=0.859
[ 384/600] loss=1.7404  pred=false.  gold=n/a  running‐acc=0.828
Locality eval: pred=true.             gold=true  correct=True  running‐acc=0.859
[ 385/600] loss=1.7144  pred=true   gold=true  running‐acc=0.829
Locality eval: pred=false             gold=n/a  correct=False  running‐acc=0.857
[ 386/600] loss=1.1975  pred=true   gold=true  running‐acc=0.829
Locality eval: pred=false.            gold=n/a  correct=False  running‐acc=0.855
[ 387/600] loss=1.3558  pred=n/a    gold=n/a  running‐acc=0.829
Locality eval: pred=true              gold=true  correct=True  running‐acc=0.855
[ 388/600] loss=1.5424  pred=true   gold=true  running‐acc=0.830
Locality eval: pred=n/a               gold=n/a  correct=True  running‐acc=0.856
[ 389/600] loss=2.1905  pred=n/a    gold=n/a  running‐acc=0.830
Locality eval: pred=true.             gold=true  correct=True  running‐acc=0.856
[ 390/600] loss=0.5035  pred=true   gold=true  running‐acc=0.831
Locality eval: pred=n/a               gold=n/a  correct=True  running‐acc=0.856
[ 391/600] loss=2.1621  pred=true   gold=true  running‐acc=0.831
Locality eval: pred=n/a               gold=n/a  correct=True  running‐acc=0.857
[ 392/600] loss=1.8206  pred=n/a    gold=n/a  running‐acc=0.832
Locality eval: pred=true.             gold=true  correct=True  running‐acc=0.857
[ 393/600] loss=2.1119  pred=n/a    gold=n/a  running‐acc=0.832
Locality eval: pred=true.             gold=true  correct=True  running‐acc=0.858
[ 394/600] loss=2.3034  pred=n/a    gold=n/a  running‐acc=0.832
Locality eval: pred=true.             gold=true  correct=True  running‐acc=0.858
[ 395/600] loss=1.3647  pred=true   gold=true  running‐acc=0.833
Locality eval: pred=n/a               gold=n/a  correct=True  running‐acc=0.858
[ 396/600] loss=1.7421  pred=true   gold=true  running‐acc=0.833
Locality eval: pred=n/a               gold=n/a  correct=True  running‐acc=0.859
[ 397/600] loss=1.1035  pred=       gold=n/a  running‐acc=0.831
Locality eval: pred=true.             gold=true  correct=True  running‐acc=0.859
[ 398/600] loss=1.7278  pred=true   gold=true  running‐acc=0.832
Locality eval: pred=true              gold=n/a  correct=False  running‐acc=0.857
[ 399/600] loss=1.6713  pred=false.  gold=n/a  running‐acc=0.830
Locality eval: pred=true              gold=true  correct=True  running‐acc=0.857
[ 400/600] loss=2.0475  pred=true   gold=true  running‐acc=0.830
Locality eval: pred=n/a               gold=n/a  correct=True  running‐acc=0.858
[ 401/600] loss=1.2159  pred=n/a    gold=true  running‐acc=0.828
Locality eval: pred=n/a               gold=n/a  correct=True  running‐acc=0.858
[ 402/600] loss=1.5364  pred=n/a    gold=n/a  running‐acc=0.828
Locality eval: pred=true.             gold=true  correct=True  running‐acc=0.858
[ 403/600] loss=2.4479  pred=true.  gold=true  running‐acc=0.829
Locality eval: pred=false             gold=n/a  correct=False  running‐acc=0.856
[ 404/600] loss=2.2461  pred=true   gold=true  running‐acc=0.829
Locality eval: pred=n/a               gold=n/a  correct=True  running‐acc=0.856
[ 405/600] loss=1.1526  pred=n/a    gold=n/a  running‐acc=0.830
Locality eval: pred=true.             gold=true  correct=True  running‐acc=0.857
[ 406/600] loss=1.8217  pred=n/a    gold=n/a  running‐acc=0.830
Locality eval: pred=true              gold=true  correct=True  running‐acc=0.857
[ 407/600] loss=0.7835  pred=true   gold=true  running‐acc=0.830
Locality eval: pred=n/a               gold=n/a  correct=True  running‐acc=0.857
[ 408/600] loss=2.0009  pred=n/a    gold=n/a  running‐acc=0.831
Locality eval: pred=true.             gold=true  correct=True  running‐acc=0.858
[ 409/600] loss=1.5515  pred=true   gold=true  running‐acc=0.831
Locality eval: pred=n/a               gold=n/a  correct=True  running‐acc=0.858
[ 410/600] loss=1.8226  pred=n/a    gold=n/a  running‐acc=0.832
Locality eval: pred=true              gold=true  correct=True  running‐acc=0.859
[ 411/600] loss=1.1458  pred=true   gold=true  running‐acc=0.832
Locality eval: pred=false             gold=n/a  correct=False  running‐acc=0.856
[ 412/600] loss=1.1591  pred=true   gold=true  running‐acc=0.833
Locality eval: pred=n/a               gold=n/a  correct=True  running‐acc=0.857
[ 413/600] loss=1.2732  pred=false  gold=true  running‐acc=0.831
Locality eval: pred=n/a               gold=n/a  correct=True  running‐acc=0.857
[ 414/600] loss=1.2754  pred=true   gold=true  running‐acc=0.831
Locality eval: pred=n/a               gold=n/a  correct=True  running‐acc=0.857
[ 415/600] loss=1.7203  pred=n/a    gold=n/a  running‐acc=0.831
Locality eval: pred=true              gold=true  correct=True  running‐acc=0.858
[ 416/600] loss=1.9827  pred=       gold=true  running‐acc=0.829
Locality eval: pred=true              gold=n/a  correct=False  running‐acc=0.856
[ 417/600] loss=1.5487  pred=n/a    gold=n/a  running‐acc=0.830
Locality eval: pred=true              gold=true  correct=True  running‐acc=0.856
[ 418/600] loss=1.7509  pred=n/a    gold=n/a  running‐acc=0.830
Locality eval: pred=true.             gold=true  correct=True  running‐acc=0.856
[ 419/600] loss=0.8490  pred=true   gold=true  running‐acc=0.831
Locality eval: pred=false             gold=n/a  correct=False  running‐acc=0.854
[ 420/600] loss=1.9395  pred=true   gold=true  running‐acc=0.831
Locality eval: pred=true              gold=n/a  correct=False  running‐acc=0.852
[ 421/600] loss=1.4981  pred=true   gold=true  running‐acc=0.831
Locality eval: pred=n/a               gold=n/a  correct=True  running‐acc=0.853
[ 422/600] loss=1.7226  pred=true   gold=true  running‐acc=0.832
Locality eval: pred=n/a               gold=n/a  correct=True  running‐acc=0.853
[ 423/600] loss=2.1212  pred=true   gold=true  running‐acc=0.832
Locality eval: pred=true              gold=n/a  correct=False  running‐acc=0.851
[ 424/600] loss=1.5106  pred=n/a    gold=n/a  running‐acc=0.833
Locality eval: pred=true              gold=true  correct=True  running‐acc=0.851
[ 425/600] loss=1.8528  pred=n/a    gold=n/a  running‐acc=0.833
Locality eval: pred=true.             gold=true  correct=True  running‐acc=0.852
[ 426/600] loss=1.3568  pred=n/a    gold=n/a  running‐acc=0.833
Locality eval: pred=true              gold=true  correct=True  running‐acc=0.852
[ 427/600] loss=2.0016  pred=false  gold=true  running‐acc=0.831
Locality eval: pred=false.            gold=n/a  correct=False  running‐acc=0.850
[ 428/600] loss=1.4961  pred=true   gold=true  running‐acc=0.832
Locality eval: pred=n/a               gold=n/a  correct=True  running‐acc=0.850
[ 429/600] loss=0.7703  pred=true   gold=true  running‐acc=0.832
Locality eval: pred=n/a               gold=n/a  correct=True  running‐acc=0.851
[ 430/600] loss=0.5927  pred=true   gold=n/a  running‐acc=0.830
Locality eval: pred=true.             gold=true  correct=True  running‐acc=0.851
[ 431/600] loss=2.1306  pred=true   gold=true  running‐acc=0.831
Locality eval: pred=n/a               gold=n/a  correct=True  running‐acc=0.852
[ 432/600] loss=1.7339  pred=true   gold=true  running‐acc=0.831
Locality eval: pred=n/a               gold=n/a  correct=True  running‐acc=0.852
[ 433/600] loss=1.9115  pred=true   gold=true  running‐acc=0.831
Locality eval: pred=n/a               gold=n/a  correct=True  running‐acc=0.852
[ 434/600] loss=1.8426  pred=false.  gold=n/a  running‐acc=0.829
Locality eval: pred=true.             gold=true  correct=True  running‐acc=0.853
[ 435/600] loss=1.4828  pred=false  gold=n/a  running‐acc=0.828
Locality eval: pred=true              gold=true  correct=True  running‐acc=0.853
[ 436/600] loss=1.0678  pred=true   gold=true  running‐acc=0.828
Locality eval: pred=false             gold=n/a  correct=False  running‐acc=0.851
[ 437/600] loss=1.0733  pred=true   gold=true  running‐acc=0.828
Locality eval: pred=false             gold=n/a  correct=False  running‐acc=0.849
[ 438/600] loss=1.1516  pred=n/a    gold=n/a  running‐acc=0.829
Locality eval: pred=true.             gold=true  correct=True  running‐acc=0.849
[ 439/600] loss=1.7411  pred=n/a    gold=n/a  running‐acc=0.829
Locality eval: pred=true              gold=true  correct=True  running‐acc=0.850
[ 440/600] loss=1.8063  pred=true   gold=true  running‐acc=0.830
Locality eval: pred=n/a               gold=n/a  correct=True  running‐acc=0.850
[ 441/600] loss=1.3402  pred=false.  gold=n/a  running‐acc=0.828
Locality eval: pred=true.             gold=true  correct=True  running‐acc=0.850
[ 442/600] loss=1.5646  pred=true   gold=true  running‐acc=0.828
Locality eval: pred=false             gold=n/a  correct=False  running‐acc=0.848
[ 443/600] loss=1.6937  pred=n/a    gold=true  running‐acc=0.826
Locality eval: pred=n/a               gold=n/a  correct=True  running‐acc=0.849
[ 444/600] loss=0.7022  pred=true   gold=true  running‐acc=0.827
Locality eval: pred=n/a               gold=n/a  correct=True  running‐acc=0.849
[ 445/600] loss=1.2166  pred=true   gold=true  running‐acc=0.827
Locality eval: pred=n/a               gold=n/a  correct=True  running‐acc=0.849
[ 446/600] loss=0.7870  pred=true   gold=true  running‐acc=0.827
Locality eval: pred=true              gold=n/a  correct=False  running‐acc=0.848
[ 447/600] loss=1.3627  pred=true   gold=true  running‐acc=0.828
Locality eval: pred=n/a               gold=n/a  correct=True  running‐acc=0.848
[ 448/600] loss=0.9228  pred=true   gold=true  running‐acc=0.828
Locality eval: pred=false.            gold=n/a  correct=False  running‐acc=0.846
[ 449/600] loss=1.6026  pred=true   gold=true  running‐acc=0.829
Locality eval: pred=n/a               gold=n/a  correct=True  running‐acc=0.846
[ 450/600] loss=1.7638  pred=n/a    gold=n/a  running‐acc=0.829
Locality eval: pred=true              gold=true  correct=True  running‐acc=0.847
[ 451/600] loss=2.6876  pred=true   gold=true  running‐acc=0.829
Locality eval: pred=n/a               gold=n/a  correct=True  running‐acc=0.847
[ 452/600] loss=1.3552  pred=n/a    gold=n/a  running‐acc=0.830
Locality eval: pred=true              gold=true  correct=True  running‐acc=0.847
[ 453/600] loss=1.1288  pred=false  gold=n/a  running‐acc=0.828
Locality eval: pred=true              gold=true  correct=True  running‐acc=0.848
[ 454/600] loss=0.5604  pred=n/a    gold=n/a  running‐acc=0.828
Locality eval: pred=true.             gold=true  correct=True  running‐acc=0.848
[ 455/600] loss=1.9562  pred=true   gold=true  running‐acc=0.829
Locality eval: pred=n/a               gold=n/a  correct=True  running‐acc=0.848
[ 456/600] loss=0.7198  pred=n/a    gold=n/a  running‐acc=0.829
Locality eval: pred=true              gold=true  correct=True  running‐acc=0.849
[ 457/600] loss=1.3846  pred=n/a    gold=n/a  running‐acc=0.829
Locality eval: pred=false             gold=true  correct=False  running‐acc=0.847
[ 458/600] loss=1.3992  pred=n/a    gold=n/a  running‐acc=0.830
Locality eval: pred=true.             gold=true  correct=True  running‐acc=0.847
[ 459/600] loss=1.9902  pred=true   gold=true  running‐acc=0.830
Locality eval: pred=n/a               gold=n/a  correct=True  running‐acc=0.847
[ 460/600] loss=0.6078  pred=true   gold=true  running‐acc=0.830
Locality eval: pred=false             gold=n/a  correct=False  running‐acc=0.846
[ 461/600] loss=1.0776  pred=n/a    gold=n/a  running‐acc=0.831
Locality eval: pred=true.             gold=true  correct=True  running‐acc=0.846
[ 462/600] loss=0.2521  pred=n/a    gold=n/a  running‐acc=0.831
Locality eval: pred=true.             gold=true  correct=True  running‐acc=0.846
[ 463/600] loss=1.3463  pred=true   gold=true  running‐acc=0.832
Locality eval: pred=false             gold=n/a  correct=False  running‐acc=0.844
[ 464/600] loss=1.8101  pred=n/a    gold=n/a  running‐acc=0.832
Locality eval: pred=true              gold=true  correct=True  running‐acc=0.845
[ 465/600] loss=1.8651  pred=n/a    gold=n/a  running‐acc=0.832
Locality eval: pred=true.             gold=true  correct=True  running‐acc=0.845
[ 466/600] loss=1.1644  pred=n/a    gold=n/a  running‐acc=0.833
Locality eval: pred=true.             gold=true  correct=True  running‐acc=0.845
[ 467/600] loss=1.1392  pred=n/a    gold=n/a  running‐acc=0.833
Locality eval: pred=true.             gold=true  correct=True  running‐acc=0.846
[ 468/600] loss=1.8587  pred=n/a    gold=n/a  running‐acc=0.833
Locality eval: pred=true              gold=true  correct=True  running‐acc=0.846
[ 469/600] loss=0.6632  pred=true   gold=true  running‐acc=0.834
Locality eval: pred=n/a               gold=n/a  correct=True  running‐acc=0.846
[ 470/600] loss=1.0908  pred=n/a    gold=n/a  running‐acc=0.834
Locality eval: pred=true.             gold=true  correct=True  running‐acc=0.847
[ 471/600] loss=1.6756  pred=false.  gold=n/a  running‐acc=0.832
Locality eval: pred=n/a               gold=true  correct=False  running‐acc=0.845
[ 472/600] loss=1.3460  pred=true   gold=true  running‐acc=0.833
Locality eval: pred=n/a               gold=n/a  correct=True  running‐acc=0.845
[ 473/600] loss=1.1267  pred=n/a    gold=n/a  running‐acc=0.833
Locality eval: pred=true              gold=true  correct=True  running‐acc=0.846
[ 474/600] loss=1.5008  pred=true   gold=true  running‐acc=0.833
Locality eval: pred=true              gold=n/a  correct=False  running‐acc=0.844
[ 475/600] loss=1.8782  pred=n/a    gold=n/a  running‐acc=0.834
Locality eval: pred=true.             gold=true  correct=True  running‐acc=0.844
[ 476/600] loss=1.5028  pred=true   gold=true  running‐acc=0.834
Locality eval: pred=n/a               gold=n/a  correct=True  running‐acc=0.845
[ 477/600] loss=1.7645  pred=n/a    gold=n/a  running‐acc=0.834
Locality eval: pred=true.             gold=true  correct=True  running‐acc=0.845
[ 478/600] loss=1.2430  pred=true   gold=true  running‐acc=0.835
Locality eval: pred=                  gold=n/a  correct=False  running‐acc=0.843
[ 479/600] loss=1.9957  pred=n/a    gold=n/a  running‐acc=0.835
Locality eval: pred=true              gold=true  correct=True  running‐acc=0.843
[ 480/600] loss=2.0544  pred=n/a    gold=n/a  running‐acc=0.835
Locality eval: pred=true.             gold=true  correct=True  running‐acc=0.844
[ 481/600] loss=2.0523  pred=       gold=n/a  running‐acc=0.834
Locality eval: pred=true.             gold=true  correct=True  running‐acc=0.844
[ 482/600] loss=1.4974  pred=       gold=true  running‐acc=0.832
Locality eval: pred=                  gold=n/a  correct=False  running‐acc=0.842
[ 483/600] loss=0.7174  pred=n/a    gold=n/a  running‐acc=0.832
Locality eval: pred=true.             gold=true  correct=True  running‐acc=0.843
[ 484/600] loss=1.5989  pred=n/a    gold=n/a  running‐acc=0.833
Locality eval: pred=true.             gold=true  correct=True  running‐acc=0.843
[ 485/600] loss=1.9195  pred=n/a    gold=n/a  running‐acc=0.833
Locality eval: pred=true              gold=true  correct=True  running‐acc=0.843
[ 486/600] loss=1.7765  pred=false  gold=n/a  running‐acc=0.831
Locality eval: pred=true              gold=true  correct=True  running‐acc=0.844
[ 487/600] loss=0.7667  pred=false.  gold=n/a  running‐acc=0.830
Locality eval: pred=true.             gold=true  correct=True  running‐acc=0.844
[ 488/600] loss=1.8645  pred=false.  gold=n/a  running‐acc=0.828
Locality eval: pred=true              gold=true  correct=True  running‐acc=0.844
[ 489/600] loss=1.1441  pred=n/a    gold=n/a  running‐acc=0.828
Locality eval: pred=true.             gold=true  correct=True  running‐acc=0.845
[ 490/600] loss=1.6119  pred=false.  gold=n/a  running‐acc=0.827
Locality eval: pred=true.             gold=true  correct=True  running‐acc=0.845
[ 491/600] loss=0.6902  pred=n/a    gold=n/a  running‐acc=0.827
Locality eval: pred=true              gold=true  correct=True  running‐acc=0.845
[ 492/600] loss=0.9157  pred=true   gold=true  running‐acc=0.827
Locality eval: pred=false.            gold=n/a  correct=False  running‐acc=0.843
[ 493/600] loss=0.4098  pred=n/a    gold=n/a  running‐acc=0.828
Locality eval: pred=true.             gold=true  correct=True  running‐acc=0.844
[ 494/600] loss=1.4384  pred=n/a    gold=n/a  running‐acc=0.828
Locality eval: pred=true              gold=true  correct=True  running‐acc=0.844
[ 495/600] loss=1.5279  pred=true.  gold=n/a  running‐acc=0.826
Locality eval: pred=true.             gold=true  correct=True  running‐acc=0.844
[ 496/600] loss=1.6442  pred=false.  gold=n/a  running‐acc=0.825
Locality eval: pred=true              gold=true  correct=True  running‐acc=0.845
[ 497/600] loss=1.7839  pred=true   gold=true  running‐acc=0.825
Locality eval: pred=false.            gold=n/a  correct=False  running‐acc=0.843
[ 498/600] loss=1.1580  pred=true   gold=true  running‐acc=0.825
Locality eval: pred=false             gold=n/a  correct=False  running‐acc=0.841
[ 499/600] loss=0.4138  pred=n/a    gold=n/a  running‐acc=0.826
Locality eval: pred=true.             gold=true  correct=True  running‐acc=0.842
[ 500/600] loss=0.6022  pred=       gold=n/a  running‐acc=0.824
Locality eval: pred=true              gold=true  correct=True  running‐acc=0.842
[ 501/600] loss=1.4649  pred=n/a    gold=n/a  running‐acc=0.824
Locality eval: pred=true              gold=true  correct=True  running‐acc=0.842
[ 502/600] loss=0.9633  pred=n/a    gold=n/a  running‐acc=0.825
Locality eval: pred=true.             gold=true  correct=True  running‐acc=0.843
[ 503/600] loss=0.7389  pred=true   gold=true  running‐acc=0.825
Locality eval: pred=n/a               gold=n/a  correct=True  running‐acc=0.843
[ 504/600] loss=1.5392  pred=true   gold=true  running‐acc=0.825
Locality eval: pred=n/a               gold=n/a  correct=True  running‐acc=0.843
[ 505/600] loss=2.0369  pred=true   gold=true  running‐acc=0.826
Locality eval: pred=true              gold=n/a  correct=False  running‐acc=0.842
[ 506/600] loss=1.6224  pred=true   gold=true  running‐acc=0.826
Locality eval: pred=n/a               gold=n/a  correct=True  running‐acc=0.842
[ 507/600] loss=1.7383  pred=n/a    gold=true  running‐acc=0.824
Locality eval: pred=n/a               gold=n/a  correct=True  running‐acc=0.842
[ 508/600] loss=1.1279  pred=n/a    gold=true  running‐acc=0.823
Locality eval: pred=n/a               gold=n/a  correct=True  running‐acc=0.843
[ 509/600] loss=1.5999  pred=true   gold=true  running‐acc=0.823
Locality eval: pred=n/a               gold=n/a  correct=True  running‐acc=0.843
[ 510/600] loss=1.9756  pred=true   gold=true  running‐acc=0.824
Locality eval: pred=n/a               gold=n/a  correct=True  running‐acc=0.843
[ 511/600] loss=0.7504  pred=n/a    gold=n/a  running‐acc=0.824
Locality eval: pred=true.             gold=true  correct=True  running‐acc=0.843
[ 512/600] loss=1.1471  pred=true   gold=true  running‐acc=0.824
Locality eval: pred=n/a               gold=n/a  correct=True  running‐acc=0.844
[ 513/600] loss=2.1891  pred=n/a    gold=n/a  running‐acc=0.825
Locality eval: pred=true.             gold=true  correct=True  running‐acc=0.844
[ 514/600] loss=0.8189  pred=true   gold=true  running‐acc=0.825
Locality eval: pred=n/a               gold=n/a  correct=True  running‐acc=0.844
[ 515/600] loss=2.0060  pred=       gold=n/a  running‐acc=0.823
Locality eval: pred=true.             gold=true  correct=True  running‐acc=0.845
[ 516/600] loss=1.5283  pred=n/a    gold=n/a  running‐acc=0.824
Locality eval: pred=true              gold=true  correct=True  running‐acc=0.845
[ 517/600] loss=1.1408  pred=n/a    gold=n/a  running‐acc=0.824
Locality eval: pred=true.             gold=true  correct=True  running‐acc=0.845
[ 518/600] loss=1.4675  pred=n/a    gold=n/a  running‐acc=0.824
Locality eval: pred=true              gold=true  correct=True  running‐acc=0.846
[ 519/600] loss=0.3978  pred=true   gold=true  running‐acc=0.825
Locality eval: pred=n/a               gold=n/a  correct=True  running‐acc=0.846
[ 520/600] loss=1.5746  pred=true   gold=true  running‐acc=0.825
Locality eval: pred=n/a               gold=n/a  correct=True  running‐acc=0.846
[ 521/600] loss=1.1957  pred=true   gold=true  running‐acc=0.825
Locality eval: pred=n/a               gold=n/a  correct=True  running‐acc=0.846
[ 522/600] loss=1.4114  pred=false  gold=true  running‐acc=0.824
Locality eval: pred=false             gold=n/a  correct=False  running‐acc=0.845
[ 523/600] loss=2.0323  pred=n/a    gold=n/a  running‐acc=0.824
Locality eval: pred=true.             gold=true  correct=True  running‐acc=0.845
[ 524/600] loss=0.3465  pred=true.  gold=true  running‐acc=0.824
Locality eval: pred=n/a               gold=n/a  correct=True  running‐acc=0.845
[ 525/600] loss=1.1309  pred=true   gold=true  running‐acc=0.825
Locality eval: pred=n/a               gold=n/a  correct=True  running‐acc=0.846
[ 526/600] loss=1.1978  pred=true   gold=true  running‐acc=0.825
Locality eval: pred=n/a               gold=n/a  correct=True  running‐acc=0.846
[ 527/600] loss=1.7902  pred=n/a    gold=n/a  running‐acc=0.825
Locality eval: pred=true.             gold=true  correct=True  running‐acc=0.846
[ 528/600] loss=1.9057  pred=true   gold=true  running‐acc=0.826
Locality eval: pred=n/a               gold=n/a  correct=True  running‐acc=0.847
[ 529/600] loss=2.0780  pred=n/a    gold=n/a  running‐acc=0.826
Locality eval: pred=true.             gold=true  correct=True  running‐acc=0.847
[ 530/600] loss=2.1566  pred=true   gold=true  running‐acc=0.826
Locality eval: pred=_n/a_             gold=n/a  correct=True  running‐acc=0.847
[ 531/600] loss=2.1259  pred=true   gold=n/a  running‐acc=0.825
Locality eval: pred=true.             gold=true  correct=True  running‐acc=0.847
[ 532/600] loss=1.5304  pred=true   gold=true  running‐acc=0.825
Locality eval: pred=n/a               gold=n/a  correct=True  running‐acc=0.848
[ 533/600] loss=1.8058  pred=       gold=n/a  running‐acc=0.824
Locality eval: pred=true              gold=true  correct=True  running‐acc=0.848
[ 534/600] loss=1.8750  pred=true   gold=true  running‐acc=0.824
Locality eval: pred=n/a               gold=n/a  correct=True  running‐acc=0.848
[ 535/600] loss=0.3747  pred=n/a    gold=true  running‐acc=0.822
Locality eval: pred=n/a               gold=n/a  correct=True  running‐acc=0.849
[ 536/600] loss=0.7094  pred=true   gold=true  running‐acc=0.823
Locality eval: pred=n/a               gold=n/a  correct=True  running‐acc=0.849
[ 537/600] loss=1.2953  pred=n/a    gold=n/a  running‐acc=0.823
Locality eval: pred=true.             gold=true  correct=True  running‐acc=0.849
[ 538/600] loss=1.5184  pred=true   gold=true  running‐acc=0.823
Locality eval: pred=n/a               gold=n/a  correct=True  running‐acc=0.849
[ 539/600] loss=2.2854  pred=true   gold=true  running‐acc=0.824
Locality eval: pred=n/a               gold=n/a  correct=True  running‐acc=0.850
[ 540/600] loss=2.0708  pred=true   gold=n/a  running‐acc=0.822
Locality eval: pred=true.             gold=true  correct=True  running‐acc=0.850
[ 541/600] loss=2.0384  pred=true.  gold=n/a  running‐acc=0.821
Locality eval: pred=true.             gold=true  correct=True  running‐acc=0.850
[ 542/600] loss=0.9614  pred=n/a    gold=n/a  running‐acc=0.821
Locality eval: pred=true              gold=true  correct=True  running‐acc=0.851
[ 543/600] loss=1.5585  pred=n/a    gold=n/a  running‐acc=0.821
Locality eval: pred=true.             gold=true  correct=True  running‐acc=0.851
[ 544/600] loss=1.9094  pred=n/a    gold=n/a  running‐acc=0.822
Locality eval: pred=true              gold=true  correct=True  running‐acc=0.851
[ 545/600] loss=1.1804  pred=n/a    gold=true  running‐acc=0.820
Locality eval: pred=n/a               gold=n/a  correct=True  running‐acc=0.851
[ 546/600] loss=2.0040  pred=n/a    gold=n/a  running‐acc=0.821
Locality eval: pred=true.             gold=true  correct=True  running‐acc=0.852
[ 547/600] loss=1.2122  pred=true   gold=true  running‐acc=0.821
Locality eval: pred=false             gold=n/a  correct=False  running‐acc=0.850
[ 548/600] loss=1.1238  pred=true   gold=true  running‐acc=0.821
Locality eval: pred=n/a               gold=n/a  correct=True  running‐acc=0.850
[ 549/600] loss=1.6662  pred=false  gold=true  running‐acc=0.820
Locality eval: pred=true              gold=n/a  correct=False  running‐acc=0.849
[ 550/600] loss=1.6444  pred=false.  gold=n/a  running‐acc=0.818
Locality eval: pred=true              gold=true  correct=True  running‐acc=0.849
[ 551/600] loss=0.3935  pred=true   gold=true  running‐acc=0.819
Locality eval: pred=n/a               gold=n/a  correct=True  running‐acc=0.849
[ 552/600] loss=1.7670  pred=false.  gold=n/a  running‐acc=0.817
Locality eval: pred=true              gold=true  correct=True  running‐acc=0.850
[ 553/600] loss=1.7026  pred=n/a    gold=n/a  running‐acc=0.817
Locality eval: pred=true              gold=true  correct=True  running‐acc=0.850
[ 554/600] loss=1.1043  pred=true   gold=true  running‐acc=0.818
Locality eval: pred=n/a               gold=n/a  correct=True  running‐acc=0.850
[ 555/600] loss=1.8073  pred=n/a    gold=n/a  running‐acc=0.818
Locality eval: pred=true.             gold=true  correct=True  running‐acc=0.850
[ 556/600] loss=1.0351  pred=n/a    gold=n/a  running‐acc=0.818
Locality eval: pred=true.             gold=true  correct=True  running‐acc=0.851
[ 557/600] loss=1.5453  pred=n/a    gold=n/a  running‐acc=0.819
Locality eval: pred=true.             gold=true  correct=True  running‐acc=0.851
[ 558/600] loss=0.8749  pred=true   gold=true  running‐acc=0.819
Locality eval: pred=n/a               gold=n/a  correct=True  running‐acc=0.851
[ 559/600] loss=0.8132  pred=true   gold=true  running‐acc=0.819
Locality eval: pred=n/a               gold=n/a  correct=True  running‐acc=0.852
[ 560/600] loss=1.8894  pred=       gold=n/a  running‐acc=0.818
Locality eval: pred=true.             gold=true  correct=True  running‐acc=0.852
[ 561/600] loss=1.4595  pred=true   gold=true  running‐acc=0.818
Locality eval: pred=n/a               gold=n/a  correct=True  running‐acc=0.852
[ 562/600] loss=0.7001  pred=true   gold=true  running‐acc=0.819
Locality eval: pred=true              gold=n/a  correct=False  running‐acc=0.851
[ 563/600] loss=1.6454  pred=n/a    gold=n/a  running‐acc=0.819
Locality eval: pred=n/a               gold=true  correct=False  running‐acc=0.849
[ 564/600] loss=2.0267  pred=n/a    gold=true  running‐acc=0.817
Locality eval: pred=false             gold=n/a  correct=False  running‐acc=0.848
[ 565/600] loss=1.5789  pred=n/a    gold=n/a  running‐acc=0.818
Locality eval: pred=true.             gold=true  correct=True  running‐acc=0.848
[ 566/600] loss=1.4857  pred=true   gold=true  running‐acc=0.818
Locality eval: pred=true              gold=n/a  correct=False  running‐acc=0.846
[ 567/600] loss=1.8976  pred=true   gold=true  running‐acc=0.818
Locality eval: pred=n/a               gold=n/a  correct=True  running‐acc=0.847
[ 568/600] loss=2.0069  pred=false.  gold=n/a  running‐acc=0.817
Locality eval: pred=true              gold=true  correct=True  running‐acc=0.847
[ 569/600] loss=1.4123  pred=true   gold=true  running‐acc=0.817
Locality eval: pred=n/a               gold=n/a  correct=True  running‐acc=0.847
[ 570/600] loss=1.1423  pred=true   gold=true  running‐acc=0.818
Locality eval: pred=n/a               gold=n/a  correct=True  running‐acc=0.847
[ 571/600] loss=1.3846  pred=true   gold=true  running‐acc=0.818
Locality eval: pred=false             gold=n/a  correct=False  running‐acc=0.846
[ 572/600] loss=1.2451  pred=n/a    gold=true  running‐acc=0.816
Locality eval: pred=n/a               gold=n/a  correct=True  running‐acc=0.846
[ 573/600] loss=1.2759  pred=true   gold=true  running‐acc=0.817
Locality eval: pred=n/a               gold=n/a  correct=True  running‐acc=0.846
[ 574/600] loss=2.1558  pred=n/a    gold=true  running‐acc=0.815
Locality eval: pred=n/a               gold=n/a  correct=True  running‐acc=0.847
[ 575/600] loss=1.9472  pred=true   gold=true  running‐acc=0.816
Locality eval: pred=n/a               gold=n/a  correct=True  running‐acc=0.847
[ 576/600] loss=1.8280  pred=true   gold=true  running‐acc=0.816
Locality eval: pred=n/a               gold=n/a  correct=True  running‐acc=0.847
[ 577/600] loss=0.7641  pred=true   gold=true  running‐acc=0.816
Locality eval: pred=n/a               gold=n/a  correct=True  running‐acc=0.847
[ 578/600] loss=1.6849  pred=n/a    gold=n/a  running‐acc=0.817
Locality eval: pred=true.             gold=true  correct=True  running‐acc=0.848
[ 579/600] loss=1.5283  pred=true   gold=true  running‐acc=0.817
Locality eval: pred=n/a               gold=n/a  correct=True  running‐acc=0.848
[ 580/600] loss=1.4854  pred=n/a    gold=n/a  running‐acc=0.817
Locality eval: pred=true              gold=true  correct=True  running‐acc=0.848
[ 581/600] loss=1.9603  pred=n/a    gold=n/a  running‐acc=0.818
Locality eval: pred=true.             gold=true  correct=True  running‐acc=0.849
[ 582/600] loss=1.4813  pred=true   gold=n/a  running‐acc=0.816
Locality eval: pred=true.             gold=true  correct=True  running‐acc=0.849
[ 583/600] loss=1.4846  pred=       gold=n/a  running‐acc=0.815
Locality eval: pred=true              gold=true  correct=True  running‐acc=0.849
[ 584/600] loss=1.2868  pred=n/a    gold=n/a  running‐acc=0.815
Locality eval: pred=true.             gold=true  correct=True  running‐acc=0.849
[ 585/600] loss=1.4059  pred=false.  gold=n/a  running‐acc=0.814
Locality eval: pred=true              gold=true  correct=True  running‐acc=0.850
[ 586/600] loss=0.8939  pred=n/a    gold=n/a  running‐acc=0.814
Locality eval: pred=true.             gold=true  correct=True  running‐acc=0.850
[ 587/600] loss=1.4165  pred=true   gold=true  running‐acc=0.814
Locality eval: pred=n/a               gold=n/a  correct=True  running‐acc=0.850
[ 588/600] loss=0.7784  pred=true   gold=true  running‐acc=0.815
Locality eval: pred=true              gold=n/a  correct=False  running‐acc=0.849
[ 589/600] loss=1.6130  pred=       gold=true  running‐acc=0.813
Locality eval: pred=n/a               gold=n/a  correct=True  running‐acc=0.849
[ 590/600] loss=1.4890  pred=true   gold=true  running‐acc=0.814
Locality eval: pred=n/a               gold=n/a  correct=True  running‐acc=0.849
[ 591/600] loss=1.6293  pred=true   gold=true  running‐acc=0.814
Locality eval: pred=n/a               gold=n/a  correct=True  running‐acc=0.849
[ 592/600] loss=2.3706  pred=n/a    gold=n/a  running‐acc=0.814
Locality eval: pred=true.             gold=true  correct=True  running‐acc=0.850
[ 593/600] loss=1.4523  pred=true   gold=true  running‐acc=0.815
Locality eval: pred=n/a               gold=n/a  correct=True  running‐acc=0.850
[ 594/600] loss=0.8017  pred=n/a    gold=n/a  running‐acc=0.815
Locality eval: pred=n/a               gold=true  correct=False  running‐acc=0.848
[ 595/600] loss=0.6864  pred=true   gold=true  running‐acc=0.815
Locality eval: pred=n/a               gold=n/a  correct=True  running‐acc=0.849
[ 596/600] loss=2.0678  pred=false.  gold=n/a  running‐acc=0.814
Locality eval: pred=true.             gold=true  correct=True  running‐acc=0.849
[ 597/600] loss=1.9731  pred=       gold=n/a  running‐acc=0.812
Locality eval: pred=true              gold=true  correct=True  running‐acc=0.849
[ 598/600] loss=0.7275  pred=n/a    gold=true  running‐acc=0.811
Locality eval: pred=n/a               gold=n/a  correct=True  running‐acc=0.849
[ 599/600] loss=0.8290  pred=true.  gold=true  running‐acc=0.811
Locality eval: pred=false             gold=n/a  correct=False  running‐acc=0.848
[ 600/600] loss=1.9566  pred=n/a    gold=n/a  running‐acc=0.812
Locality eval: pred=true.             gold=true  correct=True  running‐acc=0.848

Finished in 1487.3s.  Final accuracy: 0.812.

