Sliding Window Attention is enabled but not implemented for `sdpa`; unexpected results may be encountered.

Loading base model (4‐bit)…
Loading checkpoint shards:   0%|          | 0/2 [00:00<?, ?it/s]Loading checkpoint shards:  50%|█████     | 1/2 [00:05<00:05,  5.21s/it]Loading checkpoint shards: 100%|██████████| 2/2 [00:07<00:00,  3.73s/it]Loading checkpoint shards: 100%|██████████| 2/2 [00:07<00:00,  3.95s/it]
trainable params: 3,686,400 || all params: 3,089,625,088 || trainable%: 0.1193
  0%|          | 0/600 [00:00<?, ?it/s]100%|██████████| 600/600 [00:00<00:00, 27008.04it/s]
/project/uvadm/zhenyu/miniconda3/envs/mechanistic/lib/python3.10/site-packages/transformers/generation/configuration_utils.py:631: UserWarning: `do_sample` is set to `False`. However, `temperature` is set to `0.7` -- this flag is only used in sample-based generation modes. You should set `do_sample=True` or unset `temperature`.
  warnings.warn(
/project/uvadm/zhenyu/miniconda3/envs/mechanistic/lib/python3.10/site-packages/transformers/generation/configuration_utils.py:636: UserWarning: `do_sample` is set to `False`. However, `top_p` is set to `0.8` -- this flag is only used in sample-based generation modes. You should set `do_sample=True` or unset `top_p`.
  warnings.warn(
/project/uvadm/zhenyu/miniconda3/envs/mechanistic/lib/python3.10/site-packages/transformers/generation/configuration_utils.py:653: UserWarning: `do_sample` is set to `False`. However, `top_k` is set to `20` -- this flag is only used in sample-based generation modes. You should set `do_sample=True` or unset `top_k`.
  warnings.warn(
Loaded 600 (train, eval) pairs.

Starting sequential training…
Cached 144 LoRA tensors.
[   1/600] loss=10.9890  pred=true   gold=true  running‐acc=1.000
Locality eval: pred=n/a               gold=n/a  correct=True  running‐acc=1.000
[   2/600] loss=11.3530  pred=true   gold=true  running‐acc=1.000
Locality eval: pred=n/a               gold=n/a  correct=True  running‐acc=1.000
[   3/600] loss=10.7262  pred=true   gold=true  running‐acc=1.000
Locality eval: pred=n/a               gold=n/a  correct=True  running‐acc=1.000
[   4/600] loss=11.8519  pred=true   gold=true  running‐acc=1.000
Locality eval: pred=n/a               gold=n/a  correct=True  running‐acc=1.000
[   5/600] loss=11.0185  pred=true   gold=true  running‐acc=1.000
Locality eval: pred=n/a               gold=n/a  correct=True  running‐acc=1.000
[   6/600] loss=11.8858  pred=true   gold=true  running‐acc=1.000
Locality eval: pred=true              gold=n/a  correct=False  running‐acc=0.833
[   7/600] loss=8.4008  pred=n/a    gold=n/a  running‐acc=1.000
Locality eval: pred=n/a               gold=true  correct=False  running‐acc=0.714
[   8/600] loss=5.7280  pred=n/a    gold=n/a  running‐acc=1.000
Locality eval: pred=n/a               gold=true  correct=False  running‐acc=0.625
[   9/600] loss=13.8484  pred=true   gold=true  running‐acc=1.000
Locality eval: pred=true              gold=n/a  correct=False  running‐acc=0.556
[  10/600] loss=11.6206  pred=true   gold=true  running‐acc=1.000
Locality eval: pred=n/a               gold=n/a  correct=True  running‐acc=0.600
[  11/600] loss=12.2331  pred=false  gold=true  running‐acc=0.909
Locality eval: pred=true              gold=n/a  correct=False  running‐acc=0.545
[  12/600] loss=11.9700  pred=true   gold=true  running‐acc=0.917
Locality eval: pred=n/a               gold=n/a  correct=True  running‐acc=0.583
[  13/600] loss=8.5754  pred=true   gold=n/a  running‐acc=0.846
Locality eval: pred=true              gold=true  correct=True  running‐acc=0.615
[  14/600] loss=8.7463  pred=n/a    gold=n/a  running‐acc=0.857
Locality eval: pred=true              gold=true  correct=True  running‐acc=0.643
[  15/600] loss=13.0185  pred=true   gold=true  running‐acc=0.867
Locality eval: pred=n/a               gold=n/a  correct=True  running‐acc=0.667
[  16/600] loss=9.2153  pred=false  gold=n/a  running‐acc=0.812
Locality eval: pred=true              gold=true  correct=True  running‐acc=0.688
[  17/600] loss=7.7413  pred=n/a    gold=n/a  running‐acc=0.824
Locality eval: pred=true              gold=true  correct=True  running‐acc=0.706
[  18/600] loss=11.0656  pred=true   gold=true  running‐acc=0.833
Locality eval: pred=n/a               gold=n/a  correct=True  running‐acc=0.722
[  19/600] loss=12.5458  pred=true   gold=true  running‐acc=0.842
Locality eval: pred=n/a               gold=n/a  correct=True  running‐acc=0.737
[  20/600] loss=8.5279  pred=true   gold=n/a  running‐acc=0.800
Locality eval: pred=n/a               gold=true  correct=False  running‐acc=0.700
[  21/600] loss=8.7433  pred=false  gold=n/a  running‐acc=0.762
Locality eval: pred=true              gold=true  correct=True  running‐acc=0.714
[  22/600] loss=8.9425  pred=true   gold=n/a  running‐acc=0.727
Locality eval: pred=true              gold=true  correct=True  running‐acc=0.727
[  23/600] loss=9.0575  pred=false  gold=n/a  running‐acc=0.696
Locality eval: pred=true              gold=true  correct=True  running‐acc=0.739
[  24/600] loss=9.1713  pred=false  gold=n/a  running‐acc=0.667
Locality eval: pred=true              gold=true  correct=True  running‐acc=0.750
[  25/600] loss=11.3312  pred=true   gold=true  running‐acc=0.680
Locality eval: pred=false             gold=n/a  correct=False  running‐acc=0.720
[  26/600] loss=8.5612  pred=true   gold=n/a  running‐acc=0.654
Locality eval: pred=true              gold=true  correct=True  running‐acc=0.731
[  27/600] loss=6.7186  pred=false  gold=n/a  running‐acc=0.630
Locality eval: pred=true              gold=true  correct=True  running‐acc=0.741
[  28/600] loss=9.1466  pred=true   gold=n/a  running‐acc=0.607
Locality eval: pred=true              gold=true  correct=True  running‐acc=0.750
[  29/600] loss=8.7641  pred=false  gold=n/a  running‐acc=0.586
Locality eval: pred=true              gold=true  correct=True  running‐acc=0.759
[  30/600] loss=9.2110  pred=true   gold=n/a  running‐acc=0.567
Locality eval: pred=true              gold=true  correct=True  running‐acc=0.767
[  31/600] loss=10.6053  pred=true   gold=true  running‐acc=0.581
Locality eval: pred=false             gold=n/a  correct=False  running‐acc=0.742
[  32/600] loss=9.0290  pred=true   gold=n/a  running‐acc=0.562
Locality eval: pred=true              gold=true  correct=True  running‐acc=0.750
[  33/600] loss=9.3338  pred=n/a    gold=n/a  running‐acc=0.576
Locality eval: pred=n/a               gold=true  correct=False  running‐acc=0.727
[  34/600] loss=8.7863  pred=true   gold=n/a  running‐acc=0.559
Locality eval: pred=true              gold=true  correct=True  running‐acc=0.735
[  35/600] loss=10.4243  pred=false  gold=true  running‐acc=0.543
Locality eval: pred=n/a               gold=n/a  correct=True  running‐acc=0.743
[  36/600] loss=8.8422  pred=true   gold=n/a  running‐acc=0.528
Locality eval: pred=true              gold=true  correct=True  running‐acc=0.750
[  37/600] loss=13.5962  pred=true   gold=true  running‐acc=0.541
Locality eval: pred=n/a               gold=n/a  correct=True  running‐acc=0.757
[  38/600] loss=7.8682  pred=false  gold=n/a  running‐acc=0.526
Locality eval: pred=true              gold=true  correct=True  running‐acc=0.763
[  39/600] loss=11.2307  pred=true   gold=true  running‐acc=0.538
Locality eval: pred=true              gold=n/a  correct=False  running‐acc=0.744
[  40/600] loss=12.9161  pred=true   gold=true  running‐acc=0.550
Locality eval: pred=n/a               gold=n/a  correct=True  running‐acc=0.750
[  41/600] loss=11.4028  pred=true   gold=true  running‐acc=0.561
Locality eval: pred=n/a               gold=n/a  correct=True  running‐acc=0.756
[  42/600] loss=8.6262  pred=false  gold=n/a  running‐acc=0.548
Locality eval: pred=false             gold=true  correct=False  running‐acc=0.738
[  43/600] loss=9.3396  pred=true   gold=true  running‐acc=0.558
Locality eval: pred=n/a               gold=n/a  correct=True  running‐acc=0.744
[  44/600] loss=9.1196  pred=true   gold=n/a  running‐acc=0.545
Locality eval: pred=true              gold=true  correct=True  running‐acc=0.750
[  45/600] loss=8.4003  pred=true   gold=n/a  running‐acc=0.533
Locality eval: pred=true              gold=true  correct=True  running‐acc=0.756
[  46/600] loss=12.1983  pred=true   gold=true  running‐acc=0.543
Locality eval: pred=n/a               gold=n/a  correct=True  running‐acc=0.761
[  47/600] loss=9.5809  pred=true   gold=true  running‐acc=0.553
Locality eval: pred=n/a               gold=n/a  correct=True  running‐acc=0.766
[  48/600] loss=8.6130  pred=false  gold=n/a  running‐acc=0.542
Locality eval: pred=true              gold=true  correct=True  running‐acc=0.771
[  49/600] loss=12.8967  pred=true   gold=true  running‐acc=0.551
Locality eval: pred=false             gold=n/a  correct=False  running‐acc=0.755
[  50/600] loss=8.7888  pred=false  gold=n/a  running‐acc=0.540
Locality eval: pred=true              gold=true  correct=True  running‐acc=0.760
[  51/600] loss=12.0100  pred=true   gold=true  running‐acc=0.549
Locality eval: pred=n/a               gold=n/a  correct=True  running‐acc=0.765
[  52/600] loss=12.6241  pred=true   gold=true  running‐acc=0.558
Locality eval: pred=n/a               gold=n/a  correct=True  running‐acc=0.769
[  53/600] loss=8.4240  pred=false  gold=n/a  running‐acc=0.547
Locality eval: pred=false             gold=true  correct=False  running‐acc=0.755
[  54/600] loss=11.3947  pred=true.  gold=true  running‐acc=0.556
Locality eval: pred=n/a               gold=n/a  correct=True  running‐acc=0.759
[  55/600] loss=8.5264  pred=false  gold=n/a  running‐acc=0.545
Locality eval: pred=true              gold=true  correct=True  running‐acc=0.764
[  56/600] loss=9.1636  pred=n/a    gold=n/a  running‐acc=0.554
Locality eval: pred=true              gold=true  correct=True  running‐acc=0.768
[  57/600] loss=12.1284  pred=true   gold=true  running‐acc=0.561
Locality eval: pred=true              gold=n/a  correct=False  running‐acc=0.754
[  58/600] loss=10.4400  pred=true   gold=true  running‐acc=0.569
Locality eval: pred=n/a               gold=n/a  correct=True  running‐acc=0.759
[  59/600] loss=12.8509  pred=true   gold=true  running‐acc=0.576
Locality eval: pred=true              gold=n/a  correct=False  running‐acc=0.746
[  60/600] loss=10.2807  pred=true   gold=true  running‐acc=0.583
Locality eval: pred=n/a               gold=n/a  correct=True  running‐acc=0.750
[  61/600] loss=10.9432  pred=n/a    gold=true  running‐acc=0.574
Locality eval: pred=n/a               gold=n/a  correct=True  running‐acc=0.754
[  62/600] loss=11.6911  pred=n/a    gold=true  running‐acc=0.565
Locality eval: pred=n/a               gold=n/a  correct=True  running‐acc=0.758
[  63/600] loss=8.6625  pred=true   gold=n/a  running‐acc=0.556
Locality eval: pred=true              gold=true  correct=True  running‐acc=0.762
[  64/600] loss=9.2622  pred=n/a    gold=n/a  running‐acc=0.562
Locality eval: pred=true              gold=true  correct=True  running‐acc=0.766
[  65/600] loss=9.0400  pred=true   gold=n/a  running‐acc=0.554
Locality eval: pred=true              gold=true  correct=True  running‐acc=0.769
[  66/600] loss=12.6323  pred=true   gold=true  running‐acc=0.561
Locality eval: pred=true              gold=n/a  correct=False  running‐acc=0.758
[  67/600] loss=11.1155  pred=true.  gold=true  running‐acc=0.567
Locality eval: pred=n/a               gold=n/a  correct=True  running‐acc=0.761
[  68/600] loss=11.4881  pred=true   gold=true  running‐acc=0.574
Locality eval: pred=n/a               gold=n/a  correct=True  running‐acc=0.765
[  69/600] loss=9.0076  pred=false  gold=n/a  running‐acc=0.565
Locality eval: pred=true              gold=true  correct=True  running‐acc=0.768
[  70/600] loss=8.4284  pred=false  gold=n/a  running‐acc=0.557
Locality eval: pred=true              gold=true  correct=True  running‐acc=0.771
[  71/600] loss=8.9773  pred=n/a    gold=n/a  running‐acc=0.563
Locality eval: pred=true              gold=true  correct=True  running‐acc=0.775
[  72/600] loss=8.6645  pred=false  gold=n/a  running‐acc=0.556
Locality eval: pred=true              gold=true  correct=True  running‐acc=0.778
[  73/600] loss=11.2010  pred=true.  gold=true  running‐acc=0.562
Locality eval: pred=n/a               gold=n/a  correct=True  running‐acc=0.781
[  74/600] loss=8.7157  pred=true   gold=n/a  running‐acc=0.554
Locality eval: pred=true              gold=true  correct=True  running‐acc=0.784
[  75/600] loss=8.4311  pred=n/a    gold=n/a  running‐acc=0.560
Locality eval: pred=true              gold=true  correct=True  running‐acc=0.787
[  76/600] loss=12.6282  pred=n/a    gold=true  running‐acc=0.553
Locality eval: pred=true              gold=n/a  correct=False  running‐acc=0.776
[  77/600] loss=10.9681  pred=true   gold=true  running‐acc=0.558
Locality eval: pred=n/a               gold=n/a  correct=True  running‐acc=0.779
[  78/600] loss=8.7376  pred=false  gold=n/a  running‐acc=0.551
Locality eval: pred=true.             gold=true  correct=True  running‐acc=0.782
[  79/600] loss=11.6873  pred=false  gold=true  running‐acc=0.544
Locality eval: pred=n/a               gold=n/a  correct=True  running‐acc=0.785
[  80/600] loss=8.9472  pred=false  gold=n/a  running‐acc=0.537
Locality eval: pred=true              gold=true  correct=True  running‐acc=0.787
[  81/600] loss=8.7001  pred=n/a    gold=n/a  running‐acc=0.543
Locality eval: pred=true              gold=true  correct=True  running‐acc=0.790
[  82/600] loss=12.5863  pred=true   gold=true  running‐acc=0.549
Locality eval: pred=false             gold=n/a  correct=False  running‐acc=0.780
[  83/600] loss=8.3080  pred=n/a    gold=n/a  running‐acc=0.554
Locality eval: pred=true              gold=true  correct=True  running‐acc=0.783
[  84/600] loss=12.4600  pred=true   gold=true  running‐acc=0.560
Locality eval: pred=n/a               gold=n/a  correct=True  running‐acc=0.786
[  85/600] loss=8.7462  pred=false  gold=n/a  running‐acc=0.553
Locality eval: pred=true              gold=true  correct=True  running‐acc=0.788
[  86/600] loss=9.1055  pred=true   gold=n/a  running‐acc=0.547
Locality eval: pred=true              gold=true  correct=True  running‐acc=0.791
[  87/600] loss=9.0860  pred=true   gold=n/a  running‐acc=0.540
Locality eval: pred=true              gold=true  correct=True  running‐acc=0.793
[  88/600] loss=12.1812  pred=true   gold=true  running‐acc=0.545
Locality eval: pred=n/a               gold=n/a  correct=True  running‐acc=0.795
[  89/600] loss=10.5583  pred=true   gold=true  running‐acc=0.551
Locality eval: pred=n/a               gold=n/a  correct=True  running‐acc=0.798
[  90/600] loss=7.4733  pred=true   gold=n/a  running‐acc=0.544
Locality eval: pred=true              gold=true  correct=True  running‐acc=0.800
[  91/600] loss=7.4067  pred=true   gold=n/a  running‐acc=0.538
Locality eval: pred=true.             gold=true  correct=True  running‐acc=0.802
[  92/600] loss=11.1411  pred=false  gold=true  running‐acc=0.533
Locality eval: pred=n/a               gold=n/a  correct=True  running‐acc=0.804
[  93/600] loss=7.7759  pred=false  gold=n/a  running‐acc=0.527
Locality eval: pred=true              gold=true  correct=True  running‐acc=0.806
[  94/600] loss=8.6450  pred=true   gold=n/a  running‐acc=0.521
Locality eval: pred=true              gold=true  correct=True  running‐acc=0.809
[  95/600] loss=11.4490  pred=true   gold=true  running‐acc=0.526
Locality eval: pred=n/a               gold=n/a  correct=True  running‐acc=0.811
[  96/600] loss=8.3863  pred=n/a    gold=n/a  running‐acc=0.531
Locality eval: pred=true              gold=true  correct=True  running‐acc=0.812
[  97/600] loss=5.8009  pred=n/a    gold=n/a  running‐acc=0.536
Locality eval: pred=n/a               gold=true  correct=False  running‐acc=0.804
[  98/600] loss=8.9651  pred=false  gold=n/a  running‐acc=0.531
Locality eval: pred=true              gold=true  correct=True  running‐acc=0.806
[  99/600] loss=10.5993  pred=true   gold=true  running‐acc=0.535
Locality eval: pred=n/a               gold=n/a  correct=True  running‐acc=0.808
[ 100/600] loss=11.4887  pred=true   gold=true  running‐acc=0.540
Locality eval: pred=n/a               gold=n/a  correct=True  running‐acc=0.810
[ 101/600] loss=8.2829  pred=false  gold=n/a  running‐acc=0.535
Locality eval: pred=false             gold=true  correct=False  running‐acc=0.802
[ 102/600] loss=11.3939  pred=true   gold=true  running‐acc=0.539
Locality eval: pred=n/a               gold=n/a  correct=True  running‐acc=0.804
[ 103/600] loss=8.7600  pred=true   gold=n/a  running‐acc=0.534
Locality eval: pred=true              gold=true  correct=True  running‐acc=0.806
[ 104/600] loss=11.8366  pred=n/a    gold=true  running‐acc=0.529
Locality eval: pred=n/a               gold=n/a  correct=True  running‐acc=0.808
[ 105/600] loss=8.4929  pred=true   gold=true  running‐acc=0.533
Locality eval: pred=n/a               gold=n/a  correct=True  running‐acc=0.810
[ 106/600] loss=7.6640  pred=true   gold=true  running‐acc=0.538
Locality eval: pred=n/a               gold=n/a  correct=True  running‐acc=0.811
[ 107/600] loss=11.1470  pred=true   gold=true  running‐acc=0.542
Locality eval: pred=n/a               gold=n/a  correct=True  running‐acc=0.813
[ 108/600] loss=11.3088  pred=true   gold=true  running‐acc=0.546
Locality eval: pred=n/a               gold=n/a  correct=True  running‐acc=0.815
[ 109/600] loss=13.6031  pred=true   gold=true  running‐acc=0.550
Locality eval: pred=true              gold=n/a  correct=False  running‐acc=0.807
[ 110/600] loss=9.6695  pred=true   gold=true  running‐acc=0.555
Locality eval: pred=n/a               gold=n/a  correct=True  running‐acc=0.809
[ 111/600] loss=11.1074  pred=true   gold=true  running‐acc=0.559
Locality eval: pred=n/a               gold=n/a  correct=True  running‐acc=0.811
[ 112/600] loss=13.0509  pred=true   gold=true  running‐acc=0.562
Locality eval: pred=n/a               gold=n/a  correct=True  running‐acc=0.812
[ 113/600] loss=6.5180  pred=true   gold=n/a  running‐acc=0.558
Locality eval: pred=true              gold=true  correct=True  running‐acc=0.814
[ 114/600] loss=8.8562  pred=n/a    gold=n/a  running‐acc=0.561
Locality eval: pred=false             gold=true  correct=False  running‐acc=0.807
[ 115/600] loss=8.7374  pred=false  gold=n/a  running‐acc=0.557
Locality eval: pred=true              gold=true  correct=True  running‐acc=0.809
[ 116/600] loss=10.5454  pred=n/a    gold=true  running‐acc=0.552
Locality eval: pred=n/a               gold=n/a  correct=True  running‐acc=0.810
[ 117/600] loss=8.8473  pred=false  gold=n/a  running‐acc=0.547
Locality eval: pred=true              gold=true  correct=True  running‐acc=0.812
[ 118/600] loss=9.1803  pred=n/a    gold=n/a  running‐acc=0.551
Locality eval: pred=true              gold=true  correct=True  running‐acc=0.814
[ 119/600] loss=8.7275  pred=n/a    gold=n/a  running‐acc=0.555
Locality eval: pred=true              gold=true  correct=True  running‐acc=0.815
[ 120/600] loss=9.1019  pred=false  gold=n/a  running‐acc=0.550
Locality eval: pred=true              gold=true  correct=True  running‐acc=0.817
[ 121/600] loss=7.7945  pred=true   gold=true  running‐acc=0.554
Locality eval: pred=false.            gold=n/a  correct=False  running‐acc=0.810
[ 122/600] loss=13.6970  pred=true   gold=true  running‐acc=0.557
Locality eval: pred=n/a               gold=n/a  correct=True  running‐acc=0.811
[ 123/600] loss=8.3213  pred=false  gold=n/a  running‐acc=0.553
Locality eval: pred=true              gold=true  correct=True  running‐acc=0.813
[ 124/600] loss=9.1894  pred=true   gold=n/a  running‐acc=0.548
Locality eval: pred=true              gold=true  correct=True  running‐acc=0.815
[ 125/600] loss=9.0921  pred=n/a    gold=n/a  running‐acc=0.552
Locality eval: pred=true              gold=true  correct=True  running‐acc=0.816
[ 126/600] loss=12.7347  pred=true.  gold=true  running‐acc=0.556
Locality eval: pred=n/a               gold=n/a  correct=True  running‐acc=0.817
[ 127/600] loss=13.3987  pred=true   gold=true  running‐acc=0.559
Locality eval: pred=n/a               gold=n/a  correct=True  running‐acc=0.819
[ 128/600] loss=8.7998  pred=false  gold=n/a  running‐acc=0.555
Locality eval: pred=true              gold=true  correct=True  running‐acc=0.820
[ 129/600] loss=9.5898  pred=true   gold=true  running‐acc=0.558
Locality eval: pred=n/a               gold=n/a  correct=True  running‐acc=0.822
[ 130/600] loss=8.7486  pred=n/a    gold=n/a  running‐acc=0.562
Locality eval: pred=n/a               gold=true  correct=False  running‐acc=0.815
[ 131/600] loss=12.6422  pred=true   gold=true  running‐acc=0.565
Locality eval: pred=n/a               gold=n/a  correct=True  running‐acc=0.817
[ 132/600] loss=8.8603  pred=false  gold=n/a  running‐acc=0.561
Locality eval: pred=true              gold=true  correct=True  running‐acc=0.818
[ 133/600] loss=8.8426  pred=true   gold=n/a  running‐acc=0.556
Locality eval: pred=true              gold=true  correct=True  running‐acc=0.820
[ 134/600] loss=11.1063  pred=true   gold=true  running‐acc=0.560
Locality eval: pred=n/a               gold=n/a  correct=True  running‐acc=0.821
[ 135/600] loss=11.5466  pred=true   gold=true  running‐acc=0.563
Locality eval: pred=n/a               gold=n/a  correct=True  running‐acc=0.822
[ 136/600] loss=8.9336  pred=false  gold=n/a  running‐acc=0.559
Locality eval: pred=true              gold=true  correct=True  running‐acc=0.824
[ 137/600] loss=11.2164  pred=true   gold=true  running‐acc=0.562
Locality eval: pred=n/a               gold=n/a  correct=True  running‐acc=0.825
[ 138/600] loss=13.6383  pred=false  gold=true  running‐acc=0.558
Locality eval: pred=true              gold=n/a  correct=False  running‐acc=0.819
[ 139/600] loss=9.1304  pred=n/a    gold=n/a  running‐acc=0.561
Locality eval: pred=true              gold=true  correct=True  running‐acc=0.820
[ 140/600] loss=8.9504  pred=false  gold=n/a  running‐acc=0.557
Locality eval: pred=true              gold=true  correct=True  running‐acc=0.821
[ 141/600] loss=8.9256  pred=n/a    gold=n/a  running‐acc=0.560
Locality eval: pred=true              gold=true  correct=True  running‐acc=0.823
[ 142/600] loss=8.3953  pred=false  gold=n/a  running‐acc=0.556
Locality eval: pred=true              gold=true  correct=True  running‐acc=0.824
[ 143/600] loss=11.1417  pred=true   gold=true  running‐acc=0.559
Locality eval: pred=n/a               gold=n/a  correct=True  running‐acc=0.825
[ 144/600] loss=10.6606  pred=true   gold=true  running‐acc=0.562
Locality eval: pred=n/a               gold=n/a  correct=True  running‐acc=0.826
[ 145/600] loss=12.1086  pred=true   gold=true  running‐acc=0.566
Locality eval: pred=n/a               gold=n/a  correct=True  running‐acc=0.828
[ 146/600] loss=7.3238  pred=true   gold=true  running‐acc=0.568
Locality eval: pred=n/a               gold=n/a  correct=True  running‐acc=0.829
[ 147/600] loss=7.7284  pred=false  gold=n/a  running‐acc=0.565
Locality eval: pred=true              gold=true  correct=True  running‐acc=0.830
[ 148/600] loss=12.2382  pred=true   gold=true  running‐acc=0.568
Locality eval: pred=n/a               gold=n/a  correct=True  running‐acc=0.831
[ 149/600] loss=8.9775  pred=n/a    gold=n/a  running‐acc=0.570
Locality eval: pred=true              gold=true  correct=True  running‐acc=0.832
[ 150/600] loss=6.7731  pred=true   gold=n/a  running‐acc=0.567
Locality eval: pred=true              gold=true  correct=True  running‐acc=0.833
[ 151/600] loss=11.6868  pred=true   gold=true  running‐acc=0.570
Locality eval: pred=n/a               gold=n/a  correct=True  running‐acc=0.834
[ 152/600] loss=11.7275  pred=true   gold=true  running‐acc=0.572
Locality eval: pred=true              gold=n/a  correct=False  running‐acc=0.829
[ 153/600] loss=8.9975  pred=false  gold=n/a  running‐acc=0.569
Locality eval: pred=true              gold=true  correct=True  running‐acc=0.830
[ 154/600] loss=8.8871  pred=false  gold=n/a  running‐acc=0.565
Locality eval: pred=true              gold=true  correct=True  running‐acc=0.831
[ 155/600] loss=10.4261  pred=n/a    gold=true  running‐acc=0.561
Locality eval: pred=true              gold=n/a  correct=False  running‐acc=0.826
[ 156/600] loss=8.9826  pred=false  gold=n/a  running‐acc=0.558
Locality eval: pred=true              gold=true  correct=True  running‐acc=0.827
[ 157/600] loss=11.2342  pred=true   gold=true  running‐acc=0.561
Locality eval: pred=n/a               gold=n/a  correct=True  running‐acc=0.828
[ 158/600] loss=9.1007  pred=n/a    gold=n/a  running‐acc=0.563
Locality eval: pred=n/a               gold=true  correct=False  running‐acc=0.823
[ 159/600] loss=8.9349  pred=false  gold=n/a  running‐acc=0.560
Locality eval: pred=true              gold=true  correct=True  running‐acc=0.824
[ 160/600] loss=8.7443  pred=n/a    gold=n/a  running‐acc=0.562
Locality eval: pred=true              gold=true  correct=True  running‐acc=0.825
[ 161/600] loss=11.6632  pred=true   gold=true  running‐acc=0.565
Locality eval: pred=n/a               gold=n/a  correct=True  running‐acc=0.826
[ 162/600] loss=6.2992  pred=true   gold=n/a  running‐acc=0.562
Locality eval: pred=true              gold=true  correct=True  running‐acc=0.827
[ 163/600] loss=7.7564  pred=false  gold=n/a  running‐acc=0.558
Locality eval: pred=true              gold=true  correct=True  running‐acc=0.828
[ 164/600] loss=9.2209  pred=n/a    gold=n/a  running‐acc=0.561
Locality eval: pred=true              gold=true  correct=True  running‐acc=0.829
[ 165/600] loss=12.2524  pred=true   gold=true  running‐acc=0.564
Locality eval: pred=n/a               gold=n/a  correct=True  running‐acc=0.830
[ 166/600] loss=11.2648  pred=true   gold=true  running‐acc=0.566
Locality eval: pred=n/a               gold=n/a  correct=True  running‐acc=0.831
[ 167/600] loss=9.1375  pred=n/a    gold=n/a  running‐acc=0.569
Locality eval: pred=true              gold=true  correct=True  running‐acc=0.832
[ 168/600] loss=11.5689  pred=n/a    gold=true  running‐acc=0.565
Locality eval: pred=n/a               gold=n/a  correct=True  running‐acc=0.833
[ 169/600] loss=8.8197  pred=n/a    gold=n/a  running‐acc=0.568
Locality eval: pred=false             gold=true  correct=False  running‐acc=0.828
[ 170/600] loss=9.0526  pred=n/a    gold=n/a  running‐acc=0.571
Locality eval: pred=true              gold=true  correct=True  running‐acc=0.829
[ 171/600] loss=7.5685  pred=true   gold=n/a  running‐acc=0.567
Locality eval: pred=true              gold=true  correct=True  running‐acc=0.830
[ 172/600] loss=12.0197  pred=true   gold=true  running‐acc=0.570
Locality eval: pred=n/a               gold=n/a  correct=True  running‐acc=0.831
[ 173/600] loss=8.4975  pred=false  gold=n/a  running‐acc=0.566
Locality eval: pred=true              gold=true  correct=True  running‐acc=0.832
[ 174/600] loss=11.6159  pred=true   gold=true  running‐acc=0.569
Locality eval: pred=n/a               gold=n/a  correct=True  running‐acc=0.833
[ 175/600] loss=13.0422  pred=true.  gold=true  running‐acc=0.571
Locality eval: pred=n/a               gold=n/a  correct=True  running‐acc=0.834
[ 176/600] loss=9.0897  pred=false  gold=n/a  running‐acc=0.568
Locality eval: pred=true              gold=true  correct=True  running‐acc=0.835
[ 177/600] loss=7.4083  pred=true   gold=true  running‐acc=0.571
Locality eval: pred=n/a               gold=n/a  correct=True  running‐acc=0.836
[ 178/600] loss=8.7515  pred=false  gold=n/a  running‐acc=0.567
Locality eval: pred=true              gold=true  correct=True  running‐acc=0.837
[ 179/600] loss=9.1598  pred=true   gold=n/a  running‐acc=0.564
Locality eval: pred=true              gold=true  correct=True  running‐acc=0.838
[ 180/600] loss=13.8328  pred=n/a    gold=true  running‐acc=0.561
Locality eval: pred=false             gold=n/a  correct=False  running‐acc=0.833
[ 181/600] loss=7.4879  pred=false  gold=n/a  running‐acc=0.558
Locality eval: pred=true              gold=true  correct=True  running‐acc=0.834
[ 182/600] loss=9.2248  pred=n/a    gold=n/a  running‐acc=0.560
Locality eval: pred=true              gold=true  correct=True  running‐acc=0.835
[ 183/600] loss=12.4617  pred=n/a    gold=true  running‐acc=0.557
Locality eval: pred=n/a               gold=n/a  correct=True  running‐acc=0.836
[ 184/600] loss=7.6564  pred=false  gold=true  running‐acc=0.554
Locality eval: pred=n/a               gold=n/a  correct=True  running‐acc=0.837
[ 185/600] loss=12.4719  pred=true   gold=true  running‐acc=0.557
Locality eval: pred=n/a               gold=n/a  correct=True  running‐acc=0.838
[ 186/600] loss=12.7173  pred=false  gold=true  running‐acc=0.554
Locality eval: pred=n/a               gold=n/a  correct=True  running‐acc=0.839
[ 187/600] loss=9.1798  pred=true   gold=n/a  running‐acc=0.551
Locality eval: pred=true              gold=true  correct=True  running‐acc=0.840
[ 188/600] loss=8.8524  pred=true   gold=n/a  running‐acc=0.548
Locality eval: pred=true              gold=true  correct=True  running‐acc=0.840
[ 189/600] loss=11.1781  pred=true   gold=true  running‐acc=0.550
Locality eval: pred=n/a               gold=n/a  correct=True  running‐acc=0.841
[ 190/600] loss=8.8279  pred=false  gold=n/a  running‐acc=0.547
Locality eval: pred=true              gold=true  correct=True  running‐acc=0.842
[ 191/600] loss=9.3562  pred=true   gold=n/a  running‐acc=0.545
Locality eval: pred=true              gold=true  correct=True  running‐acc=0.843
[ 192/600] loss=9.1263  pred=false  gold=n/a  running‐acc=0.542
Locality eval: pred=true              gold=true  correct=True  running‐acc=0.844
[ 193/600] loss=11.6808  pred=true   gold=true  running‐acc=0.544
Locality eval: pred=n/a               gold=n/a  correct=True  running‐acc=0.845
[ 194/600] loss=11.8745  pred=true   gold=true  running‐acc=0.546
Locality eval: pred=n/a               gold=n/a  correct=True  running‐acc=0.845
[ 195/600] loss=10.4497  pred=true   gold=true  running‐acc=0.549
Locality eval: pred=false             gold=n/a  correct=False  running‐acc=0.841
[ 196/600] loss=12.1077  pred=n/a    gold=true  running‐acc=0.546
Locality eval: pred=n/a               gold=n/a  correct=True  running‐acc=0.842
[ 197/600] loss=13.7383  pred=true   gold=true  running‐acc=0.548
Locality eval: pred=n/a               gold=n/a  correct=True  running‐acc=0.843
[ 198/600] loss=9.2754  pred=false  gold=n/a  running‐acc=0.545
Locality eval: pred=true              gold=true  correct=True  running‐acc=0.843
[ 199/600] loss=12.3089  pred=true   gold=true  running‐acc=0.548
Locality eval: pred=n/a               gold=n/a  correct=True  running‐acc=0.844
[ 200/600] loss=11.7812  pred=true   gold=true  running‐acc=0.550
Locality eval: pred=n/a               gold=n/a  correct=True  running‐acc=0.845
[ 201/600] loss=9.1298  pred=true   gold=n/a  running‐acc=0.547
Locality eval: pred=true              gold=true  correct=True  running‐acc=0.846
[ 202/600] loss=9.0875  pred=false  gold=n/a  running‐acc=0.545
Locality eval: pred=true              gold=true  correct=True  running‐acc=0.847
[ 203/600] loss=11.1111  pred=true   gold=true  running‐acc=0.547
Locality eval: pred=n/a               gold=n/a  correct=True  running‐acc=0.847
[ 204/600] loss=6.2885  pred=true   gold=n/a  running‐acc=0.544
Locality eval: pred=true              gold=true  correct=True  running‐acc=0.848
[ 205/600] loss=12.6146  pred=false  gold=true  running‐acc=0.541
Locality eval: pred=true              gold=n/a  correct=False  running‐acc=0.844
[ 206/600] loss=9.2178  pred=false  gold=n/a  running‐acc=0.539
Locality eval: pred=true              gold=true  correct=True  running‐acc=0.845
[ 207/600] loss=9.0517  pred=false  gold=n/a  running‐acc=0.536
Locality eval: pred=true              gold=true  correct=True  running‐acc=0.845
[ 208/600] loss=11.9470  pred=true   gold=true  running‐acc=0.538
Locality eval: pred=n/a               gold=n/a  correct=True  running‐acc=0.846
[ 209/600] loss=8.7506  pred=n/a    gold=n/a  running‐acc=0.541
Locality eval: pred=true              gold=true  correct=True  running‐acc=0.847
[ 210/600] loss=8.9096  pred=true   gold=n/a  running‐acc=0.538
Locality eval: pred=true              gold=true  correct=True  running‐acc=0.848
[ 211/600] loss=11.9718  pred=true   gold=true  running‐acc=0.540
Locality eval: pred=n/a               gold=n/a  correct=True  running‐acc=0.848
[ 212/600] loss=8.6314  pred=n/a    gold=n/a  running‐acc=0.542
Locality eval: pred=true              gold=true  correct=True  running‐acc=0.849
[ 213/600] loss=12.4470  pred=true   gold=true  running‐acc=0.545
Locality eval: pred=true              gold=n/a  correct=False  running‐acc=0.845
[ 214/600] loss=8.7258  pred=false  gold=n/a  running‐acc=0.542
Locality eval: pred=true              gold=true  correct=True  running‐acc=0.846
[ 215/600] loss=13.2155  pred=true   gold=true  running‐acc=0.544
Locality eval: pred=true              gold=n/a  correct=False  running‐acc=0.842
[ 216/600] loss=8.8217  pred=false  gold=n/a  running‐acc=0.542
Locality eval: pred=true              gold=true  correct=True  running‐acc=0.843
[ 217/600] loss=12.8699  pred=true   gold=true  running‐acc=0.544
Locality eval: pred=n/a               gold=n/a  correct=True  running‐acc=0.843
[ 218/600] loss=8.5642  pred=n/a    gold=n/a  running‐acc=0.546
Locality eval: pred=true              gold=true  correct=True  running‐acc=0.844
[ 219/600] loss=11.5541  pred=true   gold=true  running‐acc=0.548
Locality eval: pred=n/a               gold=n/a  correct=True  running‐acc=0.845
[ 220/600] loss=8.7486  pred=true   gold=n/a  running‐acc=0.545
Locality eval: pred=false             gold=true  correct=False  running‐acc=0.841
[ 221/600] loss=9.2048  pred=true   gold=n/a  running‐acc=0.543
Locality eval: pred=true              gold=true  correct=True  running‐acc=0.842
[ 222/600] loss=9.0245  pred=true   gold=n/a  running‐acc=0.541
Locality eval: pred=true,             gold=true  correct=True  running‐acc=0.842
[ 223/600] loss=9.2790  pred=true   gold=n/a  running‐acc=0.538
Locality eval: pred=true              gold=true  correct=True  running‐acc=0.843
[ 224/600] loss=8.7067  pred=false  gold=n/a  running‐acc=0.536
Locality eval: pred=true              gold=true  correct=True  running‐acc=0.844
[ 225/600] loss=8.9982  pred=n/a    gold=n/a  running‐acc=0.538
Locality eval: pred=true              gold=true  correct=True  running‐acc=0.844
[ 226/600] loss=12.4410  pred=true   gold=true  running‐acc=0.540
Locality eval: pred=n/a               gold=n/a  correct=True  running‐acc=0.845
[ 227/600] loss=7.7605  pred=true   gold=n/a  running‐acc=0.537
Locality eval: pred=true              gold=true  correct=True  running‐acc=0.846
[ 228/600] loss=8.7903  pred=false  gold=n/a  running‐acc=0.535
Locality eval: pred=true              gold=true  correct=True  running‐acc=0.846
[ 229/600] loss=8.4159  pred=true   gold=n/a  running‐acc=0.533
Locality eval: pred=true              gold=true  correct=True  running‐acc=0.847
[ 230/600] loss=8.6620  pred=false  gold=n/a  running‐acc=0.530
Locality eval: pred=n/a               gold=true  correct=False  running‐acc=0.843
[ 231/600] loss=8.6964  pred=true   gold=n/a  running‐acc=0.528
Locality eval: pred=true              gold=true  correct=True  running‐acc=0.844
[ 232/600] loss=8.9010  pred=true   gold=n/a  running‐acc=0.526
Locality eval: pred=true              gold=true  correct=True  running‐acc=0.845
[ 233/600] loss=13.8989  pred=false  gold=true  running‐acc=0.524
Locality eval: pred=n/a               gold=n/a  correct=True  running‐acc=0.845
[ 234/600] loss=10.7478  pred=true   gold=true  running‐acc=0.526
Locality eval: pred=n/a               gold=n/a  correct=True  running‐acc=0.846
[ 235/600] loss=6.3259  pred=true.  gold=n/a  running‐acc=0.523
Locality eval: pred=true              gold=true  correct=True  running‐acc=0.847
[ 236/600] loss=8.8528  pred=false  gold=n/a  running‐acc=0.521
Locality eval: pred=true              gold=true  correct=True  running‐acc=0.847
[ 237/600] loss=12.6139  pred=n/a    gold=true  running‐acc=0.519
Locality eval: pred=n/a               gold=n/a  correct=True  running‐acc=0.848
[ 238/600] loss=9.2593  pred=false  gold=n/a  running‐acc=0.517
Locality eval: pred=true              gold=true  correct=True  running‐acc=0.849
[ 239/600] loss=8.8679  pred=false  gold=n/a  running‐acc=0.515
Locality eval: pred=true              gold=true  correct=True  running‐acc=0.849
[ 240/600] loss=12.9164  pred=true   gold=true  running‐acc=0.517
Locality eval: pred=n/a               gold=n/a  correct=True  running‐acc=0.850
[ 241/600] loss=9.0346  pred=false  gold=n/a  running‐acc=0.515
Locality eval: pred=true              gold=true  correct=True  running‐acc=0.851
[ 242/600] loss=9.1278  pred=false  gold=n/a  running‐acc=0.512
Locality eval: pred=true              gold=true  correct=True  running‐acc=0.851
[ 243/600] loss=8.8533  pred=true   gold=n/a  running‐acc=0.510
Locality eval: pred=true.             gold=true  correct=True  running‐acc=0.852
[ 244/600] loss=11.1464  pred=true   gold=true  running‐acc=0.512
Locality eval: pred=n/a               gold=n/a  correct=True  running‐acc=0.852
[ 245/600] loss=11.5495  pred=true   gold=true  running‐acc=0.514
Locality eval: pred=n/a               gold=n/a  correct=True  running‐acc=0.853
[ 246/600] loss=11.5160  pred=true.  gold=true  running‐acc=0.516
Locality eval: pred=n/a               gold=n/a  correct=True  running‐acc=0.854
[ 247/600] loss=9.9632  pred=n/a    gold=true  running‐acc=0.514
Locality eval: pred=n/a               gold=n/a  correct=True  running‐acc=0.854
[ 248/600] loss=12.7725  pred=n/a    gold=true  running‐acc=0.512
Locality eval: pred=n/a               gold=n/a  correct=True  running‐acc=0.855
[ 249/600] loss=8.4020  pred=false  gold=n/a  running‐acc=0.510
Locality eval: pred=true              gold=true  correct=True  running‐acc=0.855
[ 250/600] loss=10.2078  pred=true   gold=true  running‐acc=0.512
Locality eval: pred=false             gold=n/a  correct=False  running‐acc=0.852
[ 251/600] loss=8.4093  pred=true   gold=n/a  running‐acc=0.510
Locality eval: pred=true              gold=true  correct=True  running‐acc=0.853
[ 252/600] loss=9.1010  pred=false  gold=n/a  running‐acc=0.508
Locality eval: pred=false             gold=true  correct=False  running‐acc=0.849
[ 253/600] loss=11.6923  pred=true   gold=true  running‐acc=0.510
Locality eval: pred=n/a               gold=n/a  correct=True  running‐acc=0.850
[ 254/600] loss=13.6627  pred=true   gold=true  running‐acc=0.512
Locality eval: pred=false             gold=n/a  correct=False  running‐acc=0.846
[ 255/600] loss=9.2174  pred=false  gold=n/a  running‐acc=0.510
Locality eval: pred=true              gold=true  correct=True  running‐acc=0.847
[ 256/600] loss=8.7578  pred=true   gold=n/a  running‐acc=0.508
Locality eval: pred=true              gold=true  correct=True  running‐acc=0.848
[ 257/600] loss=8.7553  pred=n/a    gold=n/a  running‐acc=0.510
Locality eval: pred=true              gold=true  correct=True  running‐acc=0.848
[ 258/600] loss=8.9800  pred=false  gold=n/a  running‐acc=0.508
Locality eval: pred=true              gold=true  correct=True  running‐acc=0.849
[ 259/600] loss=11.3680  pred=n/a    gold=true  running‐acc=0.506
Locality eval: pred=n/a               gold=n/a  correct=True  running‐acc=0.849
[ 260/600] loss=12.4657  pred=true   gold=true  running‐acc=0.508
Locality eval: pred=n/a               gold=n/a  correct=True  running‐acc=0.850
[ 261/600] loss=12.8428  pred=true   gold=true  running‐acc=0.510
Locality eval: pred=true              gold=n/a  correct=False  running‐acc=0.847
[ 262/600] loss=11.4007  pred=true   gold=true  running‐acc=0.511
Locality eval: pred=n/a               gold=n/a  correct=True  running‐acc=0.847
[ 263/600] loss=9.0201  pred=n/a    gold=n/a  running‐acc=0.513
Locality eval: pred=true              gold=true  correct=True  running‐acc=0.848
[ 264/600] loss=8.9404  pred=true   gold=n/a  running‐acc=0.511
Locality eval: pred=true              gold=true  correct=True  running‐acc=0.848
[ 265/600] loss=12.8608  pred=false  gold=true  running‐acc=0.509
Locality eval: pred=n/a               gold=n/a  correct=True  running‐acc=0.849
[ 266/600] loss=8.4246  pred=false  gold=n/a  running‐acc=0.508
Locality eval: pred=true              gold=true  correct=True  running‐acc=0.850
[ 267/600] loss=8.5304  pred=false  gold=n/a  running‐acc=0.506
Locality eval: pred=true              gold=true  correct=True  running‐acc=0.850
[ 268/600] loss=11.3928  pred=true   gold=true  running‐acc=0.507
Locality eval: pred=n/a               gold=n/a  correct=True  running‐acc=0.851
[ 269/600] loss=8.9955  pred=n/a    gold=n/a  running‐acc=0.509
Locality eval: pred=true              gold=true  correct=True  running‐acc=0.851
[ 270/600] loss=10.7307  pred=n/a    gold=true  running‐acc=0.507
Locality eval: pred=false             gold=n/a  correct=False  running‐acc=0.848
[ 271/600] loss=8.7846  pred=true   gold=n/a  running‐acc=0.506
Locality eval: pred=true              gold=true  correct=True  running‐acc=0.849
[ 272/600] loss=12.0620  pred=true   gold=true  running‐acc=0.507
Locality eval: pred=n/a               gold=n/a  correct=True  running‐acc=0.849
[ 273/600] loss=8.9789  pred=false  gold=n/a  running‐acc=0.505
Locality eval: pred=true              gold=true  correct=True  running‐acc=0.850
[ 274/600] loss=9.0468  pred=false  gold=n/a  running‐acc=0.504
Locality eval: pred=true              gold=true  correct=True  running‐acc=0.850
[ 275/600] loss=11.9992  pred=true   gold=true  running‐acc=0.505
Locality eval: pred=n/a               gold=n/a  correct=True  running‐acc=0.851
[ 276/600] loss=8.9734  pred=true   gold=n/a  running‐acc=0.504
Locality eval: pred=true              gold=true  correct=True  running‐acc=0.851
[ 277/600] loss=11.2459  pred=true   gold=true  running‐acc=0.505
Locality eval: pred=n/a               gold=n/a  correct=True  running‐acc=0.852
[ 278/600] loss=8.5146  pred=false  gold=n/a  running‐acc=0.504
Locality eval: pred=true              gold=true  correct=True  running‐acc=0.853
[ 279/600] loss=10.3093  pred=true.  gold=true  running‐acc=0.505
Locality eval: pred=n/a               gold=n/a  correct=True  running‐acc=0.853
[ 280/600] loss=8.5501  pred=n/a    gold=n/a  running‐acc=0.507
Locality eval: pred=true              gold=true  correct=True  running‐acc=0.854
[ 281/600] loss=11.5177  pred=true   gold=true  running‐acc=0.509
Locality eval: pred=n/a               gold=n/a  correct=True  running‐acc=0.854
[ 282/600] loss=12.1907  pred=false  gold=true  running‐acc=0.507
Locality eval: pred=n/a               gold=n/a  correct=True  running‐acc=0.855
[ 283/600] loss=8.9815  pred=n/a    gold=n/a  running‐acc=0.509
Locality eval: pred=true              gold=true  correct=True  running‐acc=0.855
[ 284/600] loss=7.6706  pred=false  gold=n/a  running‐acc=0.507
Locality eval: pred=true              gold=true  correct=True  running‐acc=0.856
[ 285/600] loss=10.1075  pred=true   gold=true  running‐acc=0.509
Locality eval: pred=n/a               gold=n/a  correct=True  running‐acc=0.856
[ 286/600] loss=9.0490  pred=true   gold=n/a  running‐acc=0.507
Locality eval: pred=true              gold=true  correct=True  running‐acc=0.857
[ 287/600] loss=8.9269  pred=n/a    gold=n/a  running‐acc=0.509
Locality eval: pred=true              gold=true  correct=True  running‐acc=0.857
[ 288/600] loss=11.7718  pred=false  gold=true  running‐acc=0.507
Locality eval: pred=n/a               gold=n/a  correct=True  running‐acc=0.858
[ 289/600] loss=12.5145  pred=n/a    gold=true  running‐acc=0.505
Locality eval: pred=n/a               gold=n/a  correct=True  running‐acc=0.858
[ 290/600] loss=8.5461  pred=n/a    gold=n/a  running‐acc=0.507
Locality eval: pred=true              gold=true  correct=True  running‐acc=0.859
[ 291/600] loss=11.2318  pred=false  gold=true  running‐acc=0.505
Locality eval: pred=true              gold=n/a  correct=False  running‐acc=0.856
[ 292/600] loss=12.2384  pred=true   gold=true  running‐acc=0.507
Locality eval: pred=n/a               gold=n/a  correct=True  running‐acc=0.856
[ 293/600] loss=10.2652  pred=true   gold=true  running‐acc=0.509
Locality eval: pred=true              gold=n/a  correct=False  running‐acc=0.853
[ 294/600] loss=12.7635  pred=true   gold=true  running‐acc=0.510
Locality eval: pred=n/a               gold=n/a  correct=True  running‐acc=0.854
[ 295/600] loss=8.3255  pred=false  gold=n/a  running‐acc=0.508
Locality eval: pred=true              gold=true  correct=True  running‐acc=0.854
[ 296/600] loss=8.5798  pred=true   gold=n/a  running‐acc=0.507
Locality eval: pred=true              gold=true  correct=True  running‐acc=0.855
[ 297/600] loss=11.8375  pred=n/a    gold=true  running‐acc=0.505
Locality eval: pred=n/a               gold=n/a  correct=True  running‐acc=0.855
[ 298/600] loss=11.6941  pred=true   gold=true  running‐acc=0.507
Locality eval: pred=n/a               gold=n/a  correct=True  running‐acc=0.856
[ 299/600] loss=8.5926  pred=n/a    gold=n/a  running‐acc=0.508
Locality eval: pred=true              gold=true  correct=True  running‐acc=0.856
[ 300/600] loss=8.6970  pred=n/a    gold=n/a  running‐acc=0.510
Locality eval: pred=true              gold=true  correct=True  running‐acc=0.857
[ 301/600] loss=11.8578  pred=false  gold=true  running‐acc=0.508
Locality eval: pred=true              gold=n/a  correct=False  running‐acc=0.854
[ 302/600] loss=11.3612  pred=true   gold=true  running‐acc=0.510
Locality eval: pred=n/a               gold=n/a  correct=True  running‐acc=0.854
[ 303/600] loss=11.3810  pred=true   gold=true  running‐acc=0.512
Locality eval: pred=n/a               gold=n/a  correct=True  running‐acc=0.855
[ 304/600] loss=11.8878  pred=true   gold=true  running‐acc=0.513
Locality eval: pred=n/a               gold=n/a  correct=True  running‐acc=0.855
[ 305/600] loss=7.2257  pred=false  gold=true  running‐acc=0.511
Locality eval: pred=n/a               gold=n/a  correct=True  running‐acc=0.856
[ 306/600] loss=11.3028  pred=false  gold=true  running‐acc=0.510
Locality eval: pred=n/a               gold=n/a  correct=True  running‐acc=0.856
[ 307/600] loss=13.2552  pred=true   gold=true  running‐acc=0.511
Locality eval: pred=true              gold=n/a  correct=False  running‐acc=0.853
[ 308/600] loss=11.8659  pred=true   gold=true  running‐acc=0.513
Locality eval: pred=n/a               gold=n/a  correct=True  running‐acc=0.854
[ 309/600] loss=11.3393  pred=true   gold=true  running‐acc=0.515
Locality eval: pred=n/a               gold=n/a  correct=True  running‐acc=0.854
[ 310/600] loss=8.5625  pred=false  gold=n/a  running‐acc=0.513
Locality eval: pred=true              gold=true  correct=True  running‐acc=0.855
[ 311/600] loss=12.0841  pred=true   gold=true  running‐acc=0.514
Locality eval: pred=n/a               gold=n/a  correct=True  running‐acc=0.855
[ 312/600] loss=11.7425  pred=true   gold=true  running‐acc=0.516
Locality eval: pred=n/a               gold=n/a  correct=True  running‐acc=0.856
[ 313/600] loss=7.6028  pred=true   gold=n/a  running‐acc=0.514
Locality eval: pred=true              gold=true  correct=True  running‐acc=0.856
[ 314/600] loss=8.7251  pred=n/a    gold=n/a  running‐acc=0.516
Locality eval: pred=n/a               gold=true  correct=False  running‐acc=0.854
[ 315/600] loss=8.8631  pred=true   gold=n/a  running‐acc=0.514
Locality eval: pred=true              gold=true  correct=True  running‐acc=0.854
[ 316/600] loss=12.8253  pred=true   gold=true  running‐acc=0.516
Locality eval: pred=false             gold=n/a  correct=False  running‐acc=0.851
[ 317/600] loss=12.3593  pred=true   gold=true  running‐acc=0.517
Locality eval: pred=n/a               gold=n/a  correct=True  running‐acc=0.852
[ 318/600] loss=12.4759  pred=true   gold=true  running‐acc=0.519
Locality eval: pred=n/a               gold=n/a  correct=True  running‐acc=0.852
[ 319/600] loss=8.8954  pred=false  gold=n/a  running‐acc=0.517
Locality eval: pred=true              gold=true  correct=True  running‐acc=0.853
[ 320/600] loss=8.9752  pred=true   gold=n/a  running‐acc=0.516
Locality eval: pred=true              gold=true  correct=True  running‐acc=0.853
[ 321/600] loss=12.7810  pred=false  gold=true  running‐acc=0.514
Locality eval: pred=n/a               gold=n/a  correct=True  running‐acc=0.854
[ 322/600] loss=12.7611  pred=true   gold=true  running‐acc=0.516
Locality eval: pred=false.            gold=n/a  correct=False  running‐acc=0.851
[ 323/600] loss=9.0152  pred=false  gold=n/a  running‐acc=0.514
Locality eval: pred=true              gold=true  correct=True  running‐acc=0.851
[ 324/600] loss=9.2104  pred=true   gold=n/a  running‐acc=0.512
Locality eval: pred=true              gold=true  correct=True  running‐acc=0.852
[ 325/600] loss=11.3749  pred=n/a    gold=true  running‐acc=0.511
Locality eval: pred=n/a               gold=n/a  correct=True  running‐acc=0.852
[ 326/600] loss=8.9953  pred=n/a    gold=n/a  running‐acc=0.512
Locality eval: pred=true              gold=true  correct=True  running‐acc=0.853
[ 327/600] loss=11.7495  pred=true   gold=true  running‐acc=0.514
Locality eval: pred=true              gold=n/a  correct=False  running‐acc=0.850
[ 328/600] loss=8.9735  pred=true   gold=n/a  running‐acc=0.512
Locality eval: pred=true              gold=true  correct=True  running‐acc=0.851
[ 329/600] loss=10.8484  pred=true   gold=true  running‐acc=0.514
Locality eval: pred=n/a               gold=n/a  correct=True  running‐acc=0.851
[ 330/600] loss=6.9358  pred=false.  gold=n/a  running‐acc=0.512
Locality eval: pred=true              gold=true  correct=True  running‐acc=0.852
[ 331/600] loss=13.6616  pred=true   gold=true  running‐acc=0.514
Locality eval: pred=true              gold=n/a  correct=False  running‐acc=0.849
[ 332/600] loss=8.9309  pred=true   gold=n/a  running‐acc=0.512
Locality eval: pred=true              gold=true  correct=True  running‐acc=0.849
[ 333/600] loss=11.3758  pred=true.  gold=true  running‐acc=0.514
Locality eval: pred=n/a               gold=n/a  correct=True  running‐acc=0.850
[ 334/600] loss=7.8669  pred=false  gold=n/a  running‐acc=0.512
Locality eval: pred=true              gold=true  correct=True  running‐acc=0.850
[ 335/600] loss=13.8405  pred=true   gold=true  running‐acc=0.513
Locality eval: pred=true              gold=n/a  correct=False  running‐acc=0.848
[ 336/600] loss=9.0860  pred=false  gold=n/a  running‐acc=0.512
Locality eval: pred=n/a               gold=true  correct=False  running‐acc=0.845
[ 337/600] loss=8.8742  pred=true   gold=n/a  running‐acc=0.510
Locality eval: pred=true              gold=true  correct=True  running‐acc=0.846
[ 338/600] loss=7.1857  pred=true   gold=n/a  running‐acc=0.509
Locality eval: pred=true              gold=true  correct=True  running‐acc=0.846
[ 339/600] loss=8.9737  pred=n/a    gold=n/a  running‐acc=0.510
Locality eval: pred=true              gold=true  correct=True  running‐acc=0.847
[ 340/600] loss=8.9340  pred=false  gold=n/a  running‐acc=0.509
Locality eval: pred=true              gold=true  correct=True  running‐acc=0.847
[ 341/600] loss=11.6361  pred=true   gold=true  running‐acc=0.510
Locality eval: pred=n/a               gold=n/a  correct=True  running‐acc=0.848
[ 342/600] loss=8.7220  pred=true   gold=true  running‐acc=0.512
Locality eval: pred=n/a               gold=n/a  correct=True  running‐acc=0.848
[ 343/600] loss=4.9981  pred=false.  gold=n/a  running‐acc=0.510
Locality eval: pred=true              gold=true  correct=True  running‐acc=0.848
[ 344/600] loss=11.4271  pred=true   gold=true  running‐acc=0.512
Locality eval: pred=n/a               gold=n/a  correct=True  running‐acc=0.849
[ 345/600] loss=5.8143  pred=n/a    gold=n/a  running‐acc=0.513
Locality eval: pred=true              gold=true  correct=True  running‐acc=0.849
[ 346/600] loss=11.8251  pred=true   gold=true  running‐acc=0.514
Locality eval: pred=n/a               gold=n/a  correct=True  running‐acc=0.850
[ 347/600] loss=6.7613  pred=true   gold=n/a  running‐acc=0.513
Locality eval: pred=true.             gold=true  correct=True  running‐acc=0.850
[ 348/600] loss=9.0164  pred=n/a    gold=n/a  running‐acc=0.514
Locality eval: pred=true              gold=true  correct=True  running‐acc=0.851
[ 349/600] loss=9.0703  pred=false  gold=n/a  running‐acc=0.513
Locality eval: pred=true              gold=true  correct=True  running‐acc=0.851
[ 350/600] loss=8.1507  pred=false  gold=n/a  running‐acc=0.511
Locality eval: pred=n/a               gold=true  correct=False  running‐acc=0.849
[ 351/600] loss=8.5912  pred=false  gold=n/a  running‐acc=0.510
Locality eval: pred=true              gold=true  correct=True  running‐acc=0.849
[ 352/600] loss=8.2695  pred=true   gold=n/a  running‐acc=0.509
Locality eval: pred=true              gold=true  correct=True  running‐acc=0.849
[ 353/600] loss=9.2547  pred=n/a    gold=n/a  running‐acc=0.510
Locality eval: pred=true              gold=true  correct=True  running‐acc=0.850
[ 354/600] loss=12.4566  pred=true   gold=true  running‐acc=0.511
Locality eval: pred=n/a               gold=n/a  correct=True  running‐acc=0.850
[ 355/600] loss=11.2842  pred=false  gold=true  running‐acc=0.510
Locality eval: pred=n/a               gold=n/a  correct=True  running‐acc=0.851
[ 356/600] loss=9.9803  pred=n/a    gold=true  running‐acc=0.508
Locality eval: pred=n/a               gold=n/a  correct=True  running‐acc=0.851
[ 357/600] loss=10.2037  pred=true   gold=true  running‐acc=0.510
Locality eval: pred=n/a               gold=n/a  correct=True  running‐acc=0.852
[ 358/600] loss=10.9187  pred=n/a    gold=true  running‐acc=0.508
Locality eval: pred=n/a               gold=n/a  correct=True  running‐acc=0.852
[ 359/600] loss=12.8128  pred=true   gold=true  running‐acc=0.510
Locality eval: pred=false             gold=n/a  correct=False  running‐acc=0.850
[ 360/600] loss=8.1710  pred=n/a    gold=n/a  running‐acc=0.511
Locality eval: pred=true              gold=true  correct=True  running‐acc=0.850
[ 361/600] loss=12.0943  pred=true   gold=true  running‐acc=0.512
Locality eval: pred=n/a               gold=n/a  correct=True  running‐acc=0.850
[ 362/600] loss=12.0737  pred=true   gold=true  running‐acc=0.514
Locality eval: pred=n/a               gold=n/a  correct=True  running‐acc=0.851
[ 363/600] loss=9.0362  pred=n/a    gold=n/a  running‐acc=0.515
Locality eval: pred=true              gold=true  correct=True  running‐acc=0.851
[ 364/600] loss=12.9668  pred=true   gold=true  running‐acc=0.516
Locality eval: pred=true              gold=n/a  correct=False  running‐acc=0.849
[ 365/600] loss=12.6586  pred=true   gold=true  running‐acc=0.518
Locality eval: pred=true              gold=n/a  correct=False  running‐acc=0.847
[ 366/600] loss=9.3530  pred=n/a    gold=n/a  running‐acc=0.519
Locality eval: pred=true              gold=true  correct=True  running‐acc=0.847
[ 367/600] loss=9.0962  pred=false  gold=n/a  running‐acc=0.518
Locality eval: pred=true              gold=true  correct=True  running‐acc=0.847
[ 368/600] loss=11.3995  pred=true   gold=true  running‐acc=0.519
Locality eval: pred=n/a               gold=n/a  correct=True  running‐acc=0.848
[ 369/600] loss=8.9902  pred=n/a    gold=n/a  running‐acc=0.520
Locality eval: pred=true              gold=true  correct=True  running‐acc=0.848
[ 370/600] loss=8.8239  pred=false  gold=n/a  running‐acc=0.519
Locality eval: pred=true              gold=true  correct=True  running‐acc=0.849
[ 371/600] loss=11.7474  pred=n/a    gold=true  running‐acc=0.518
Locality eval: pred=n/a               gold=n/a  correct=True  running‐acc=0.849
[ 372/600] loss=9.3439  pred=n/a    gold=true  running‐acc=0.516
Locality eval: pred=n/a               gold=n/a  correct=True  running‐acc=0.849
[ 373/600] loss=11.0699  pred=true   gold=true  running‐acc=0.517
Locality eval: pred=n/a               gold=n/a  correct=True  running‐acc=0.850
[ 374/600] loss=8.7824  pred=n/a    gold=n/a  running‐acc=0.519
Locality eval: pred=true              gold=true  correct=True  running‐acc=0.850
[ 375/600] loss=9.3989  pred=true   gold=true  running‐acc=0.520
Locality eval: pred=n/a               gold=n/a  correct=True  running‐acc=0.851
[ 376/600] loss=11.1787  pred=true   gold=true  running‐acc=0.521
Locality eval: pred=n/a               gold=n/a  correct=True  running‐acc=0.851
[ 377/600] loss=10.7525  pred=false  gold=true  running‐acc=0.520
Locality eval: pred=n/a               gold=n/a  correct=True  running‐acc=0.851
[ 378/600] loss=11.0841  pred=true   gold=true  running‐acc=0.521
Locality eval: pred=true              gold=n/a  correct=False  running‐acc=0.849
[ 379/600] loss=12.2933  pred=true   gold=true  running‐acc=0.522
Locality eval: pred=false             gold=n/a  correct=False  running‐acc=0.847
[ 380/600] loss=10.2874  pred=true   gold=true  running‐acc=0.524
Locality eval: pred=n/a               gold=n/a  correct=True  running‐acc=0.847
[ 381/600] loss=8.9781  pred=n/a    gold=n/a  running‐acc=0.525
Locality eval: pred=true              gold=true  correct=True  running‐acc=0.848
[ 382/600] loss=9.3196  pred=false  gold=n/a  running‐acc=0.524
Locality eval: pred=true              gold=true  correct=True  running‐acc=0.848
[ 383/600] loss=8.2470  pred=true   gold=n/a  running‐acc=0.522
Locality eval: pred=true              gold=true  correct=True  running‐acc=0.849
[ 384/600] loss=8.7929  pred=false  gold=n/a  running‐acc=0.521
Locality eval: pred=true              gold=true  correct=True  running‐acc=0.849
[ 385/600] loss=13.0781  pred=false  gold=true  running‐acc=0.519
Locality eval: pred=n/a               gold=n/a  correct=True  running‐acc=0.849
[ 386/600] loss=10.3005  pred=true   gold=true  running‐acc=0.521
Locality eval: pred=n/a               gold=n/a  correct=True  running‐acc=0.850
[ 387/600] loss=9.2123  pred=false  gold=n/a  running‐acc=0.519
Locality eval: pred=true              gold=true  correct=True  running‐acc=0.850
[ 388/600] loss=11.4874  pred=true   gold=true  running‐acc=0.521
Locality eval: pred=n/a               gold=n/a  correct=True  running‐acc=0.851
[ 389/600] loss=8.4579  pred=n/a    gold=n/a  running‐acc=0.522
Locality eval: pred=true              gold=true  correct=True  running‐acc=0.851
[ 390/600] loss=10.0755  pred=true   gold=true  running‐acc=0.523
Locality eval: pred=n/a               gold=n/a  correct=True  running‐acc=0.851
[ 391/600] loss=12.0895  pred=true   gold=true  running‐acc=0.524
Locality eval: pred=n/a               gold=n/a  correct=True  running‐acc=0.852
[ 392/600] loss=8.3986  pred=n/a    gold=n/a  running‐acc=0.526
Locality eval: pred=true              gold=true  correct=True  running‐acc=0.852
[ 393/600] loss=8.6229  pred=false  gold=n/a  running‐acc=0.524
Locality eval: pred=true              gold=true  correct=True  running‐acc=0.852
[ 394/600] loss=9.2507  pred=true   gold=n/a  running‐acc=0.523
Locality eval: pred=true              gold=true  correct=True  running‐acc=0.853
[ 395/600] loss=13.6711  pred=true   gold=true  running‐acc=0.524
Locality eval: pred=n/a               gold=n/a  correct=True  running‐acc=0.853
[ 396/600] loss=12.7683  pred=true   gold=true  running‐acc=0.525
Locality eval: pred=n/a               gold=n/a  correct=True  running‐acc=0.854
[ 397/600] loss=9.1990  pred=false  gold=n/a  running‐acc=0.524
Locality eval: pred=true              gold=true  correct=True  running‐acc=0.854
[ 398/600] loss=13.0102  pred=true   gold=true  running‐acc=0.525
Locality eval: pred=false             gold=n/a  correct=False  running‐acc=0.852
[ 399/600] loss=8.9578  pred=n/a    gold=n/a  running‐acc=0.526
Locality eval: pred=true              gold=true  correct=True  running‐acc=0.852
[ 400/600] loss=11.3558  pred=false  gold=true  running‐acc=0.525
Locality eval: pred=n/a               gold=n/a  correct=True  running‐acc=0.853
[ 401/600] loss=12.9120  pred=n/a    gold=true  running‐acc=0.524
Locality eval: pred=n/a               gold=n/a  correct=True  running‐acc=0.853
[ 402/600] loss=9.5387  pred=n/a    gold=n/a  running‐acc=0.525
Locality eval: pred=n/a               gold=true  correct=False  running‐acc=0.851
[ 403/600] loss=13.6832  pred=false  gold=true  running‐acc=0.524
Locality eval: pred=true              gold=n/a  correct=False  running‐acc=0.849
[ 404/600] loss=13.9981  pred=true   gold=true  running‐acc=0.525
Locality eval: pred=false             gold=n/a  correct=False  running‐acc=0.847
[ 405/600] loss=8.7795  pred=false  gold=n/a  running‐acc=0.523
Locality eval: pred=true              gold=true  correct=True  running‐acc=0.847
[ 406/600] loss=7.7478  pred=n/a    gold=n/a  running‐acc=0.525
Locality eval: pred=true              gold=true  correct=True  running‐acc=0.847
[ 407/600] loss=9.9749  pred=true.  gold=true  running‐acc=0.526
Locality eval: pred=n/a               gold=n/a  correct=True  running‐acc=0.848
[ 408/600] loss=9.0958  pred=true   gold=n/a  running‐acc=0.525
Locality eval: pred=true              gold=true  correct=True  running‐acc=0.848
[ 409/600] loss=12.1936  pred=n/a    gold=true  running‐acc=0.523
Locality eval: pred=n/a               gold=n/a  correct=True  running‐acc=0.848
[ 410/600] loss=8.9440  pred=true   gold=n/a  running‐acc=0.522
Locality eval: pred=true              gold=true  correct=True  running‐acc=0.849
[ 411/600] loss=10.5489  pred=true   gold=true  running‐acc=0.523
Locality eval: pred=n/a               gold=n/a  correct=True  running‐acc=0.849
[ 412/600] loss=11.1368  pred=n/a    gold=true  running‐acc=0.522
Locality eval: pred=n/a               gold=n/a  correct=True  running‐acc=0.850
[ 413/600] loss=11.9246  pred=true.  gold=true  running‐acc=0.523
Locality eval: pred=n/a               gold=n/a  correct=True  running‐acc=0.850
[ 414/600] loss=12.8098  pred=true   gold=true  running‐acc=0.524
Locality eval: pred=false             gold=n/a  correct=False  running‐acc=0.848
[ 415/600] loss=8.7428  pred=true   gold=n/a  running‐acc=0.523
Locality eval: pred=true              gold=true  correct=True  running‐acc=0.848
[ 416/600] loss=11.7873  pred=true.  gold=true  running‐acc=0.524
Locality eval: pred=true              gold=n/a  correct=False  running‐acc=0.846
[ 417/600] loss=9.1822  pred=true   gold=n/a  running‐acc=0.523
Locality eval: pred=n/a               gold=true  correct=False  running‐acc=0.844
[ 418/600] loss=8.7590  pred=n/a    gold=n/a  running‐acc=0.524
Locality eval: pred=true              gold=true  correct=True  running‐acc=0.844
[ 419/600] loss=12.0824  pred=true.  gold=true  running‐acc=0.525
Locality eval: pred=n/a               gold=n/a  correct=True  running‐acc=0.845
[ 420/600] loss=11.3673  pred=false  gold=true  running‐acc=0.524
Locality eval: pred=n/a               gold=n/a  correct=True  running‐acc=0.845
[ 421/600] loss=11.1823  pred=true   gold=true  running‐acc=0.525
Locality eval: pred=n/a               gold=n/a  correct=True  running‐acc=0.846
[ 422/600] loss=12.1055  pred=true   gold=true  running‐acc=0.526
Locality eval: pred=n/a               gold=n/a  correct=True  running‐acc=0.846
[ 423/600] loss=11.2373  pred=true   gold=true  running‐acc=0.527
Locality eval: pred=n/a               gold=n/a  correct=True  running‐acc=0.846
[ 424/600] loss=9.0434  pred=false  gold=n/a  running‐acc=0.526
Locality eval: pred=true              gold=true  correct=True  running‐acc=0.847
[ 425/600] loss=9.1623  pred=false  gold=n/a  running‐acc=0.525
Locality eval: pred=true              gold=true  correct=True  running‐acc=0.847
[ 426/600] loss=8.7975  pred=false  gold=n/a  running‐acc=0.523
Locality eval: pred=true              gold=true  correct=True  running‐acc=0.847
[ 427/600] loss=11.7919  pred=true.  gold=true  running‐acc=0.525
Locality eval: pred=n/a               gold=n/a  correct=True  running‐acc=0.848
[ 428/600] loss=11.2237  pred=true   gold=true  running‐acc=0.526
Locality eval: pred=n/a               gold=n/a  correct=True  running‐acc=0.848
[ 429/600] loss=11.1728  pred=true   gold=true  running‐acc=0.527
Locality eval: pred=n/a               gold=n/a  correct=True  running‐acc=0.848
[ 430/600] loss=7.4371  pred=true   gold=n/a  running‐acc=0.526
Locality eval: pred=true              gold=true  correct=True  running‐acc=0.849
[ 431/600] loss=13.2281  pred=false  gold=true  running‐acc=0.524
Locality eval: pred=n/a               gold=n/a  correct=True  running‐acc=0.849
[ 432/600] loss=12.0940  pred=true   gold=true  running‐acc=0.525
Locality eval: pred=n/a               gold=n/a  correct=True  running‐acc=0.850
[ 433/600] loss=11.4869  pred=n/a    gold=true  running‐acc=0.524
Locality eval: pred=n/a               gold=n/a  correct=True  running‐acc=0.850
[ 434/600] loss=7.7735  pred=false  gold=n/a  running‐acc=0.523
Locality eval: pred=false             gold=true  correct=False  running‐acc=0.848
[ 435/600] loss=8.7449  pred=n/a    gold=n/a  running‐acc=0.524
Locality eval: pred=true              gold=true  correct=True  running‐acc=0.848
[ 436/600] loss=9.7784  pred=true   gold=true  running‐acc=0.525
Locality eval: pred=n/a               gold=n/a  correct=True  running‐acc=0.849
[ 437/600] loss=11.7453  pred=true   gold=true  running‐acc=0.526
Locality eval: pred=n/a               gold=n/a  correct=True  running‐acc=0.849
[ 438/600] loss=8.3068  pred=false  gold=n/a  running‐acc=0.525
Locality eval: pred=false             gold=true  correct=False  running‐acc=0.847
[ 439/600] loss=9.0938  pred=false  gold=n/a  running‐acc=0.524
Locality eval: pred=true              gold=true  correct=True  running‐acc=0.847
[ 440/600] loss=11.6884  pred=true   gold=true  running‐acc=0.525
Locality eval: pred=n/a               gold=n/a  correct=True  running‐acc=0.848
[ 441/600] loss=8.3526  pred=false  gold=n/a  running‐acc=0.524
Locality eval: pred=true              gold=true  correct=True  running‐acc=0.848
[ 442/600] loss=11.8480  pred=true   gold=true  running‐acc=0.525
Locality eval: pred=n/a               gold=n/a  correct=True  running‐acc=0.848
[ 443/600] loss=12.1003  pred=n/a    gold=true  running‐acc=0.524
Locality eval: pred=n/a               gold=n/a  correct=True  running‐acc=0.849
[ 444/600] loss=10.7800  pred=true   gold=true  running‐acc=0.525
Locality eval: pred=n/a               gold=n/a  correct=True  running‐acc=0.849
[ 445/600] loss=11.1728  pred=true   gold=true  running‐acc=0.526
Locality eval: pred=n/a               gold=n/a  correct=True  running‐acc=0.849
[ 446/600] loss=7.6329  pred=true   gold=true  running‐acc=0.527
Locality eval: pred=n/a               gold=n/a  correct=True  running‐acc=0.850
[ 447/600] loss=10.4869  pred=true   gold=true  running‐acc=0.528
Locality eval: pred=n/a               gold=n/a  correct=True  running‐acc=0.850
[ 448/600] loss=7.2983  pred=true   gold=true  running‐acc=0.529
Locality eval: pred=n/a               gold=n/a  correct=True  running‐acc=0.850
[ 449/600] loss=13.6738  pred=true   gold=true  running‐acc=0.530
Locality eval: pred=false             gold=n/a  correct=False  running‐acc=0.849
[ 450/600] loss=9.0902  pred=false  gold=n/a  running‐acc=0.529
Locality eval: pred=true              gold=true  correct=True  running‐acc=0.849
[ 451/600] loss=12.6253  pred=true   gold=true  running‐acc=0.530
Locality eval: pred=true              gold=n/a  correct=False  running‐acc=0.847
[ 452/600] loss=8.3044  pred=n/a    gold=n/a  running‐acc=0.531
Locality eval: pred=true              gold=true  correct=True  running‐acc=0.847
[ 453/600] loss=8.6645  pred=false  gold=n/a  running‐acc=0.530
Locality eval: pred=false             gold=true  correct=False  running‐acc=0.845
[ 454/600] loss=7.1831  pred=n/a    gold=n/a  running‐acc=0.531
Locality eval: pred=true              gold=true  correct=True  running‐acc=0.846
[ 455/600] loss=11.6852  pred=true   gold=true  running‐acc=0.532
Locality eval: pred=n/a               gold=n/a  correct=True  running‐acc=0.846
[ 456/600] loss=8.1126  pred=false  gold=n/a  running‐acc=0.531
Locality eval: pred=true              gold=true  correct=True  running‐acc=0.846
[ 457/600] loss=7.9978  pred=false  gold=n/a  running‐acc=0.530
Locality eval: pred=true              gold=true  correct=True  running‐acc=0.847
[ 458/600] loss=9.3261  pred=false  gold=n/a  running‐acc=0.528
Locality eval: pred=true              gold=true  correct=True  running‐acc=0.847
[ 459/600] loss=11.6167  pred=true   gold=true  running‐acc=0.529
Locality eval: pred=n/a               gold=n/a  correct=True  running‐acc=0.847
[ 460/600] loss=9.5741  pred=true   gold=true  running‐acc=0.530
Locality eval: pred=n/a               gold=n/a  correct=True  running‐acc=0.848
[ 461/600] loss=9.1863  pred=false  gold=n/a  running‐acc=0.529
Locality eval: pred=true              gold=true  correct=True  running‐acc=0.848
[ 462/600] loss=5.8103  pred=false  gold=n/a  running‐acc=0.528
Locality eval: pred=n/a               gold=true  correct=False  running‐acc=0.846
[ 463/600] loss=11.5372  pred=true   gold=true  running‐acc=0.529
Locality eval: pred=n/a               gold=n/a  correct=True  running‐acc=0.847
[ 464/600] loss=9.1362  pred=false  gold=n/a  running‐acc=0.528
Locality eval: pred=true              gold=true  correct=True  running‐acc=0.847
[ 465/600] loss=8.8512  pred=true   gold=n/a  running‐acc=0.527
Locality eval: pred=true              gold=true  correct=True  running‐acc=0.847
[ 466/600] loss=8.2423  pred=false  gold=n/a  running‐acc=0.526
Locality eval: pred=true              gold=true  correct=True  running‐acc=0.848
[ 467/600] loss=8.6684  pred=n/a    gold=n/a  running‐acc=0.527
Locality eval: pred=n/a               gold=true  correct=False  running‐acc=0.846
[ 468/600] loss=8.8840  pred=false  gold=n/a  running‐acc=0.526
Locality eval: pred=true              gold=true  correct=True  running‐acc=0.846
[ 469/600] loss=11.5475  pred=true   gold=true  running‐acc=0.527
Locality eval: pred=n/a               gold=n/a  correct=True  running‐acc=0.846
[ 470/600] loss=8.4351  pred=false  gold=n/a  running‐acc=0.526
Locality eval: pred=true              gold=true  correct=True  running‐acc=0.847
[ 471/600] loss=9.0181  pred=false  gold=n/a  running‐acc=0.524
Locality eval: pred=true              gold=true  correct=True  running‐acc=0.847
[ 472/600] loss=13.6622  pred=true   gold=true  running‐acc=0.525
Locality eval: pred=true              gold=n/a  correct=False  running‐acc=0.845
[ 473/600] loss=8.2902  pred=false  gold=n/a  running‐acc=0.524
Locality eval: pred=true,             gold=true  correct=True  running‐acc=0.846
[ 474/600] loss=11.3238  pred=true   gold=true  running‐acc=0.525
Locality eval: pred=n/a               gold=n/a  correct=True  running‐acc=0.846
[ 475/600] loss=8.5997  pred=false  gold=n/a  running‐acc=0.524
Locality eval: pred=true              gold=true  correct=True  running‐acc=0.846
[ 476/600] loss=11.7401  pred=true   gold=true  running‐acc=0.525
Locality eval: pred=true              gold=n/a  correct=False  running‐acc=0.845
[ 477/600] loss=9.0050  pred=false  gold=n/a  running‐acc=0.524
Locality eval: pred=true              gold=true  correct=True  running‐acc=0.845
[ 478/600] loss=10.6823  pred=true   gold=true  running‐acc=0.525
Locality eval: pred=n/a               gold=n/a  correct=True  running‐acc=0.845
[ 479/600] loss=8.5197  pred=false  gold=n/a  running‐acc=0.524
Locality eval: pred=true              gold=true  correct=True  running‐acc=0.846
[ 480/600] loss=8.9943  pred=false  gold=n/a  running‐acc=0.523
Locality eval: pred=true.             gold=true  correct=True  running‐acc=0.846
[ 481/600] loss=9.2121  pred=true   gold=n/a  running‐acc=0.522
Locality eval: pred=true              gold=true  correct=True  running‐acc=0.846
[ 482/600] loss=12.0292  pred=true.  gold=true  running‐acc=0.523
Locality eval: pred=n/a               gold=n/a  correct=True  running‐acc=0.846
[ 483/600] loss=8.1104  pred=n/a    gold=n/a  running‐acc=0.524
Locality eval: pred=true.             gold=true  correct=True  running‐acc=0.847
[ 484/600] loss=8.7467  pred=true   gold=n/a  running‐acc=0.523
Locality eval: pred=true              gold=true  correct=True  running‐acc=0.847
[ 485/600] loss=8.1572  pred=false  gold=n/a  running‐acc=0.522
Locality eval: pred=true              gold=true  correct=True  running‐acc=0.847
[ 486/600] loss=8.9785  pred=false  gold=n/a  running‐acc=0.521
Locality eval: pred=true              gold=true  correct=True  running‐acc=0.848
[ 487/600] loss=9.2744  pred=n/a    gold=n/a  running‐acc=0.522
Locality eval: pred=true              gold=true  correct=True  running‐acc=0.848
[ 488/600] loss=8.7806  pred=false  gold=n/a  running‐acc=0.520
Locality eval: pred=true              gold=true  correct=True  running‐acc=0.848
[ 489/600] loss=8.5512  pred=true   gold=n/a  running‐acc=0.519
Locality eval: pred=true              gold=true  correct=True  running‐acc=0.849
[ 490/600] loss=8.5683  pred=false  gold=n/a  running‐acc=0.518
Locality eval: pred=true              gold=true  correct=True  running‐acc=0.849
[ 491/600] loss=6.4445  pred=true   gold=n/a  running‐acc=0.517
Locality eval: pred=true              gold=true  correct=True  running‐acc=0.849
[ 492/600] loss=11.6221  pred=true.  gold=true  running‐acc=0.518
Locality eval: pred=n/a               gold=n/a  correct=True  running‐acc=0.850
[ 493/600] loss=8.5118  pred=n/a    gold=n/a  running‐acc=0.519
Locality eval: pred=true              gold=true  correct=True  running‐acc=0.850
[ 494/600] loss=8.8835  pred=false  gold=n/a  running‐acc=0.518
Locality eval: pred=true              gold=true  correct=True  running‐acc=0.850
[ 495/600] loss=8.8077  pred=false  gold=n/a  running‐acc=0.517
Locality eval: pred=true              gold=true  correct=True  running‐acc=0.851
[ 496/600] loss=7.6854  pred=true   gold=n/a  running‐acc=0.516
Locality eval: pred=true              gold=true  correct=True  running‐acc=0.851
[ 497/600] loss=11.4129  pred=true.  gold=true  running‐acc=0.517
Locality eval: pred=n/a               gold=n/a  correct=True  running‐acc=0.851
[ 498/600] loss=12.1324  pred=true   gold=true  running‐acc=0.518
Locality eval: pred=n/a               gold=n/a  correct=True  running‐acc=0.851
[ 499/600] loss=8.5197  pred=n/a    gold=n/a  running‐acc=0.519
Locality eval: pred=true              gold=true  correct=True  running‐acc=0.852
[ 500/600] loss=7.4386  pred=true   gold=n/a  running‐acc=0.518
Locality eval: pred=true              gold=true  correct=True  running‐acc=0.852
[ 501/600] loss=8.3076  pred=false  gold=n/a  running‐acc=0.517
Locality eval: pred=true.             gold=true  correct=True  running‐acc=0.852
[ 502/600] loss=5.3450  pred=n/a    gold=n/a  running‐acc=0.518
Locality eval: pred=true              gold=true  correct=True  running‐acc=0.853
[ 503/600] loss=10.4248  pred=true   gold=true  running‐acc=0.519
Locality eval: pred=true              gold=n/a  correct=False  running‐acc=0.851
[ 504/600] loss=10.6366  pred=n/a    gold=true  running‐acc=0.518
Locality eval: pred=n/a               gold=n/a  correct=True  running‐acc=0.851
[ 505/600] loss=12.7888  pred=true   gold=true  running‐acc=0.519
Locality eval: pred=true              gold=n/a  correct=False  running‐acc=0.850
[ 506/600] loss=12.1420  pred=false  gold=true  running‐acc=0.518
Locality eval: pred=n/a               gold=n/a  correct=True  running‐acc=0.850
[ 507/600] loss=11.1668  pred=true   gold=true  running‐acc=0.519
Locality eval: pred=n/a               gold=n/a  correct=True  running‐acc=0.850
[ 508/600] loss=10.7880  pred=n/a    gold=true  running‐acc=0.518
Locality eval: pred=n/a               gold=n/a  correct=True  running‐acc=0.850
[ 509/600] loss=13.6414  pred=true   gold=true  running‐acc=0.519
Locality eval: pred=n/a               gold=n/a  correct=True  running‐acc=0.851
[ 510/600] loss=12.3122  pred=true   gold=true  running‐acc=0.520
Locality eval: pred=n/a               gold=n/a  correct=True  running‐acc=0.851
[ 511/600] loss=9.2710  pred=n/a    gold=n/a  running‐acc=0.521
Locality eval: pred=true              gold=true  correct=True  running‐acc=0.851
[ 512/600] loss=10.7519  pred=true   gold=true  running‐acc=0.521
Locality eval: pred=n/a               gold=n/a  correct=True  running‐acc=0.852
[ 513/600] loss=8.4701  pred=true   gold=n/a  running‐acc=0.520
Locality eval: pred=true              gold=true  correct=True  running‐acc=0.852
[ 514/600] loss=11.6835  pred=false  gold=true  running‐acc=0.519
Locality eval: pred=n/a               gold=n/a  correct=True  running‐acc=0.852
[ 515/600] loss=8.5099  pred=false  gold=n/a  running‐acc=0.518
Locality eval: pred=true              gold=true  correct=True  running‐acc=0.852
[ 516/600] loss=8.9306  pred=n/a    gold=n/a  running‐acc=0.519
Locality eval: pred=true              gold=true  correct=True  running‐acc=0.853
[ 517/600] loss=8.6720  pred=n/a    gold=n/a  running‐acc=0.520
Locality eval: pred=true              gold=true  correct=True  running‐acc=0.853
[ 518/600] loss=8.9983  pred=n/a    gold=n/a  running‐acc=0.521
Locality eval: pred=true              gold=true  correct=True  running‐acc=0.853
[ 519/600] loss=12.8333  pred=true   gold=true  running‐acc=0.522
Locality eval: pred=n/a               gold=n/a  correct=True  running‐acc=0.854
[ 520/600] loss=11.8537  pred=true   gold=true  running‐acc=0.523
Locality eval: pred=n/a               gold=n/a  correct=True  running‐acc=0.854
[ 521/600] loss=11.1660  pred=true   gold=true  running‐acc=0.524
Locality eval: pred=false             gold=n/a  correct=False  running‐acc=0.852
[ 522/600] loss=12.1706  pred=true.  gold=true  running‐acc=0.525
Locality eval: pred=n/a               gold=n/a  correct=True  running‐acc=0.852
[ 523/600] loss=7.7610  pred=n/a    gold=n/a  running‐acc=0.526
Locality eval: pred=true              gold=true  correct=True  running‐acc=0.853
[ 524/600] loss=11.4029  pred=true   gold=true  running‐acc=0.527
Locality eval: pred=n/a               gold=n/a  correct=True  running‐acc=0.853
[ 525/600] loss=10.7829  pred=true   gold=true  running‐acc=0.528
Locality eval: pred=n/a               gold=n/a  correct=True  running‐acc=0.853
[ 526/600] loss=11.4853  pred=true   gold=true  running‐acc=0.529
Locality eval: pred=n/a               gold=n/a  correct=True  running‐acc=0.854
[ 527/600] loss=8.3745  pred=true   gold=n/a  running‐acc=0.528
Locality eval: pred=true              gold=true  correct=True  running‐acc=0.854
[ 528/600] loss=11.8973  pred=true   gold=true  running‐acc=0.528
Locality eval: pred=n/a               gold=n/a  correct=True  running‐acc=0.854
[ 529/600] loss=8.7395  pred=false  gold=n/a  running‐acc=0.527
Locality eval: pred=true              gold=true  correct=True  running‐acc=0.854
[ 530/600] loss=13.2338  pred=false  gold=true  running‐acc=0.526
Locality eval: pred=true              gold=n/a  correct=False  running‐acc=0.853
[ 531/600] loss=9.1390  pred=false  gold=n/a  running‐acc=0.525
Locality eval: pred=true              gold=true  correct=True  running‐acc=0.853
[ 532/600] loss=11.0000  pred=true   gold=true  running‐acc=0.526
Locality eval: pred=n/a               gold=n/a  correct=True  running‐acc=0.853
[ 533/600] loss=7.9484  pred=true   gold=n/a  running‐acc=0.525
Locality eval: pred=true              gold=true  correct=True  running‐acc=0.854
[ 534/600] loss=12.6152  pred=true   gold=true  running‐acc=0.526
Locality eval: pred=n/a               gold=n/a  correct=True  running‐acc=0.854
[ 535/600] loss=10.7741  pred=n/a    gold=true  running‐acc=0.525
Locality eval: pred=n/a               gold=n/a  correct=True  running‐acc=0.854
[ 536/600] loss=10.7583  pred=true   gold=true  running‐acc=0.526
Locality eval: pred=n/a               gold=n/a  correct=True  running‐acc=0.854
[ 537/600] loss=8.2392  pred=n/a    gold=n/a  running‐acc=0.527
Locality eval: pred=true              gold=true  correct=True  running‐acc=0.855
[ 538/600] loss=12.9857  pred=true   gold=true  running‐acc=0.528
Locality eval: pred=n/a               gold=n/a  correct=True  running‐acc=0.855
[ 539/600] loss=12.1715  pred=true   gold=true  running‐acc=0.529
Locality eval: pred=n/a               gold=n/a  correct=True  running‐acc=0.855
[ 540/600] loss=8.8403  pred=false  gold=n/a  running‐acc=0.528
Locality eval: pred=true              gold=true  correct=True  running‐acc=0.856
[ 541/600] loss=7.7335  pred=false  gold=n/a  running‐acc=0.527
Locality eval: pred=true              gold=true  correct=True  running‐acc=0.856
[ 542/600] loss=8.8613  pred=false  gold=n/a  running‐acc=0.526
Locality eval: pred=n/a               gold=true  correct=False  running‐acc=0.854
[ 543/600] loss=9.1921  pred=true   gold=n/a  running‐acc=0.525
Locality eval: pred=true              gold=true  correct=True  running‐acc=0.855
[ 544/600] loss=8.1595  pred=false  gold=n/a  running‐acc=0.524
Locality eval: pred=true              gold=true  correct=True  running‐acc=0.855
[ 545/600] loss=11.3840  pred=n/a    gold=true  running‐acc=0.523
Locality eval: pred=n/a               gold=n/a  correct=True  running‐acc=0.855
[ 546/600] loss=9.0755  pred=false  gold=n/a  running‐acc=0.522
Locality eval: pred=true              gold=true  correct=True  running‐acc=0.855
[ 547/600] loss=13.0911  pred=true   gold=true  running‐acc=0.523
Locality eval: pred=true              gold=n/a  correct=False  running‐acc=0.854
[ 548/600] loss=12.3520  pred=true   gold=true  running‐acc=0.524
Locality eval: pred=n/a               gold=n/a  correct=True  running‐acc=0.854
[ 549/600] loss=12.1862  pred=n/a    gold=true  running‐acc=0.523
Locality eval: pred=n/a               gold=n/a  correct=True  running‐acc=0.854
[ 550/600] loss=7.6993  pred=false  gold=n/a  running‐acc=0.522
Locality eval: pred=true              gold=true  correct=True  running‐acc=0.855
[ 551/600] loss=12.8132  pred=true   gold=true  running‐acc=0.523
Locality eval: pred=n/a               gold=n/a  correct=True  running‐acc=0.855
[ 552/600] loss=5.7168  pred=n/a    gold=n/a  running‐acc=0.524
Locality eval: pred=true              gold=true  correct=True  running‐acc=0.855
[ 553/600] loss=8.4965  pred=n/a    gold=n/a  running‐acc=0.524
Locality eval: pred=true              gold=true  correct=True  running‐acc=0.855
[ 554/600] loss=12.2217  pred=true   gold=true  running‐acc=0.525
Locality eval: pred=n/a               gold=n/a  correct=True  running‐acc=0.856
[ 555/600] loss=8.9665  pred=false  gold=n/a  running‐acc=0.524
Locality eval: pred=true              gold=true  correct=True  running‐acc=0.856
[ 556/600] loss=8.8353  pred=n/a    gold=n/a  running‐acc=0.525
Locality eval: pred=true              gold=true  correct=True  running‐acc=0.856
[ 557/600] loss=8.8276  pred=true   gold=n/a  running‐acc=0.524
Locality eval: pred=true              gold=true  correct=True  running‐acc=0.856
[ 558/600] loss=11.0387  pred=true   gold=true  running‐acc=0.525
Locality eval: pred=n/a               gold=n/a  correct=True  running‐acc=0.857
[ 559/600] loss=7.8257  pred=true   gold=true  running‐acc=0.526
Locality eval: pred=n/a               gold=n/a  correct=True  running‐acc=0.857
[ 560/600] loss=8.4932  pred=true   gold=n/a  running‐acc=0.525
Locality eval: pred=true              gold=true  correct=True  running‐acc=0.857
[ 561/600] loss=12.0916  pred=true   gold=true  running‐acc=0.526
Locality eval: pred=true              gold=n/a  correct=False  running‐acc=0.856
[ 562/600] loss=11.9515  pred=true   gold=true  running‐acc=0.527
Locality eval: pred=n/a               gold=n/a  correct=True  running‐acc=0.856
[ 563/600] loss=8.9318  pred=false  gold=n/a  running‐acc=0.526
Locality eval: pred=true              gold=true  correct=True  running‐acc=0.856
[ 564/600] loss=12.5878  pred=true   gold=true  running‐acc=0.527
Locality eval: pred=true              gold=n/a  correct=False  running‐acc=0.855
[ 565/600] loss=8.9504  pred=false  gold=n/a  running‐acc=0.526
Locality eval: pred=true              gold=true  correct=True  running‐acc=0.855
[ 566/600] loss=10.7147  pred=n/a    gold=true  running‐acc=0.525
Locality eval: pred=n/a               gold=n/a  correct=True  running‐acc=0.855
[ 567/600] loss=13.2121  pred=true   gold=true  running‐acc=0.526
Locality eval: pred=true              gold=n/a  correct=False  running‐acc=0.854
[ 568/600] loss=8.5303  pred=false  gold=n/a  running‐acc=0.525
Locality eval: pred=true              gold=true  correct=True  running‐acc=0.854
[ 569/600] loss=13.2528  pred=true   gold=true  running‐acc=0.525
Locality eval: pred=n/a               gold=n/a  correct=True  running‐acc=0.854
[ 570/600] loss=11.4939  pred=true   gold=true  running‐acc=0.526
Locality eval: pred=n/a               gold=n/a  correct=True  running‐acc=0.854
[ 571/600] loss=10.8231  pred=false  gold=true  running‐acc=0.525
Locality eval: pred=n/a               gold=n/a  correct=True  running‐acc=0.855
[ 572/600] loss=11.9401  pred=true.  gold=true  running‐acc=0.526
Locality eval: pred=n/a               gold=n/a  correct=True  running‐acc=0.855
[ 573/600] loss=12.8085  pred=true   gold=true  running‐acc=0.527
Locality eval: pred=false             gold=n/a  correct=False  running‐acc=0.853
[ 574/600] loss=13.2105  pred=false  gold=true  running‐acc=0.526
Locality eval: pred=true              gold=n/a  correct=False  running‐acc=0.852
[ 575/600] loss=11.6851  pred=true   gold=true  running‐acc=0.527
Locality eval: pred=n/a               gold=n/a  correct=True  running‐acc=0.852
[ 576/600] loss=13.1490  pred=true   gold=true  running‐acc=0.528
Locality eval: pred=false             gold=n/a  correct=False  running‐acc=0.851
[ 577/600] loss=11.1516  pred=true   gold=true  running‐acc=0.529
Locality eval: pred=n/a               gold=n/a  correct=True  running‐acc=0.851
[ 578/600] loss=8.3342  pred=false  gold=n/a  running‐acc=0.528
Locality eval: pred=true              gold=true  correct=True  running‐acc=0.851
[ 579/600] loss=13.7218  pred=true   gold=true  running‐acc=0.528
Locality eval: pred=n/a               gold=n/a  correct=True  running‐acc=0.851
[ 580/600] loss=9.1929  pred=n/a    gold=n/a  running‐acc=0.529
Locality eval: pred=true              gold=true  correct=True  running‐acc=0.852
[ 581/600] loss=9.4148  pred=true   gold=n/a  running‐acc=0.528
Locality eval: pred=true              gold=true  correct=True  running‐acc=0.852
[ 582/600] loss=8.4910  pred=true   gold=n/a  running‐acc=0.527
Locality eval: pred=true              gold=true  correct=True  running‐acc=0.852
[ 583/600] loss=9.2265  pred=false  gold=n/a  running‐acc=0.527
Locality eval: pred=true              gold=true  correct=True  running‐acc=0.852
[ 584/600] loss=8.9934  pred=false  gold=n/a  running‐acc=0.526
Locality eval: pred=true              gold=true  correct=True  running‐acc=0.853
[ 585/600] loss=9.3509  pred=true   gold=n/a  running‐acc=0.525
Locality eval: pred=true              gold=true  correct=True  running‐acc=0.853
[ 586/600] loss=6.7396  pred=true   gold=n/a  running‐acc=0.524
Locality eval: pred=true              gold=true  correct=True  running‐acc=0.853
[ 587/600] loss=11.9614  pred=true   gold=true  running‐acc=0.525
Locality eval: pred=n/a               gold=n/a  correct=True  running‐acc=0.853
[ 588/600] loss=11.1788  pred=n/a    gold=true  running‐acc=0.524
Locality eval: pred=n/a               gold=n/a  correct=True  running‐acc=0.854
[ 589/600] loss=11.8421  pred=false  gold=true  running‐acc=0.523
Locality eval: pred=n/a               gold=n/a  correct=True  running‐acc=0.854
[ 590/600] loss=11.2584  pred=true.  gold=true  running‐acc=0.524
Locality eval: pred=n/a               gold=n/a  correct=True  running‐acc=0.854
[ 591/600] loss=10.7493  pred=true   gold=true  running‐acc=0.525
Locality eval: pred=n/a               gold=n/a  correct=True  running‐acc=0.854
[ 592/600] loss=8.8425  pred=false  gold=n/a  running‐acc=0.524
Locality eval: pred=true              gold=true  correct=True  running‐acc=0.855
[ 593/600] loss=10.5642  pred=true   gold=true  running‐acc=0.524
Locality eval: pred=n/a               gold=n/a  correct=True  running‐acc=0.855
[ 594/600] loss=6.3187  pred=true   gold=n/a  running‐acc=0.524
Locality eval: pred=true              gold=true  correct=True  running‐acc=0.855
[ 595/600] loss=10.6224  pred=n/a    gold=true  running‐acc=0.523
Locality eval: pred=n/a               gold=n/a  correct=True  running‐acc=0.855
[ 596/600] loss=8.7823  pred=false  gold=n/a  running‐acc=0.522
Locality eval: pred=true              gold=true  correct=True  running‐acc=0.856
[ 597/600] loss=9.1593  pred=true   gold=n/a  running‐acc=0.521
Locality eval: pred=true              gold=true  correct=True  running‐acc=0.856
[ 598/600] loss=10.8724  pred=n/a    gold=true  running‐acc=0.520
Locality eval: pred=n/a               gold=n/a  correct=True  running‐acc=0.856
[ 599/600] loss=11.6659  pred=true   gold=true  running‐acc=0.521
Locality eval: pred=n/a               gold=n/a  correct=True  running‐acc=0.856
[ 600/600] loss=9.2816  pred=false  gold=n/a  running‐acc=0.520
Locality eval: pred=true              gold=true  correct=True  running‐acc=0.857

Finished in 2507.9s.  Final accuracy: 0.520.

