Sliding Window Attention is enabled but not implemented for `sdpa`; unexpected results may be encountered.

Loading base model (4‐bit)…
Loading checkpoint shards:   0%|          | 0/2 [00:00<?, ?it/s]Loading checkpoint shards:  50%|█████     | 1/2 [00:19<00:19, 19.91s/it]Loading checkpoint shards: 100%|██████████| 2/2 [00:32<00:00, 15.71s/it]Loading checkpoint shards: 100%|██████████| 2/2 [00:32<00:00, 16.34s/it]
trainable params: 3,686,400 || all params: 3,089,625,088 || trainable%: 0.1193
  0%|          | 0/600 [00:00<?, ?it/s]100%|██████████| 600/600 [00:00<00:00, 21706.46it/s]
/project/uvadm/zhenyu/miniconda3/envs/mechanistic/lib/python3.10/site-packages/transformers/generation/configuration_utils.py:631: UserWarning: `do_sample` is set to `False`. However, `temperature` is set to `0.7` -- this flag is only used in sample-based generation modes. You should set `do_sample=True` or unset `temperature`.
  warnings.warn(
/project/uvadm/zhenyu/miniconda3/envs/mechanistic/lib/python3.10/site-packages/transformers/generation/configuration_utils.py:636: UserWarning: `do_sample` is set to `False`. However, `top_p` is set to `0.8` -- this flag is only used in sample-based generation modes. You should set `do_sample=True` or unset `top_p`.
  warnings.warn(
/project/uvadm/zhenyu/miniconda3/envs/mechanistic/lib/python3.10/site-packages/transformers/generation/configuration_utils.py:653: UserWarning: `do_sample` is set to `False`. However, `top_k` is set to `20` -- this flag is only used in sample-based generation modes. You should set `do_sample=True` or unset `top_k`.
  warnings.warn(
Loaded 600 (train, eval) pairs.

Starting sequential training…
Cached 144 LoRA tensors.
[   1/600] loss=14.7110  pred=true   gold=true  running‐acc=1.000
Locality eval: pred=n/a               gold=n/a  correct=True  running‐acc=1.000
[   2/600] loss=15.4856  pred=true   gold=true  running‐acc=1.000
Locality eval: pred=n/a               gold=n/a  correct=True  running‐acc=1.000
[   3/600] loss=15.2716  pred=true   gold=true  running‐acc=1.000
Locality eval: pred=n/a               gold=n/a  correct=True  running‐acc=1.000
[   4/600] loss=15.3707  pred=true   gold=true  running‐acc=1.000
Locality eval: pred=n/a               gold=n/a  correct=True  running‐acc=1.000
[   5/600] loss=15.3034  pred=true   gold=true  running‐acc=1.000
Locality eval: pred=n/a               gold=n/a  correct=True  running‐acc=1.000
[   6/600] loss=15.4860  pred=true   gold=true  running‐acc=1.000
Locality eval: pred=true              gold=n/a  correct=False  running‐acc=0.833
[   7/600] loss=10.6304  pred=n/a    gold=n/a  running‐acc=1.000
Locality eval: pred=n/a               gold=true  correct=False  running‐acc=0.714
[   8/600] loss=11.6136  pred=n/a    gold=n/a  running‐acc=1.000
Locality eval: pred=true              gold=true  correct=True  running‐acc=0.750
[   9/600] loss=18.1903  pred=n/a    gold=true  running‐acc=0.889
Locality eval: pred=n/a               gold=n/a  correct=True  running‐acc=0.778
[  10/600] loss=14.8140  pred=true   gold=true  running‐acc=0.900
Locality eval: pred=n/a               gold=n/a  correct=True  running‐acc=0.800
[  11/600] loss=15.5993  pred=false  gold=true  running‐acc=0.818
Locality eval: pred=n/a               gold=n/a  correct=True  running‐acc=0.818
[  12/600] loss=15.3539  pred=true   gold=true  running‐acc=0.833
Locality eval: pred=n/a               gold=n/a  correct=True  running‐acc=0.833
[  13/600] loss=11.0172  pred=n/a    gold=n/a  running‐acc=0.846
Locality eval: pred=true              gold=true  correct=True  running‐acc=0.846
[  14/600] loss=11.9426  pred=n/a    gold=n/a  running‐acc=0.857
Locality eval: pred=true              gold=true  correct=True  running‐acc=0.857
[  15/600] loss=15.9184  pred=false  gold=true  running‐acc=0.800
Locality eval: pred=n/a               gold=n/a  correct=True  running‐acc=0.867
[  16/600] loss=11.5475  pred=false  gold=n/a  running‐acc=0.750
Locality eval: pred=true              gold=true  correct=True  running‐acc=0.875
[  17/600] loss=11.3862  pred=n/a    gold=n/a  running‐acc=0.765
Locality eval: pred=true              gold=true  correct=True  running‐acc=0.882
[  18/600] loss=15.4898  pred=true   gold=true  running‐acc=0.778
Locality eval: pred=n/a               gold=n/a  correct=True  running‐acc=0.889
[  19/600] loss=16.4884  pred=true   gold=true  running‐acc=0.789
Locality eval: pred=n/a               gold=n/a  correct=True  running‐acc=0.895
[  20/600] loss=11.2865  pred=n/a    gold=n/a  running‐acc=0.800
Locality eval: pred=true              gold=true  correct=True  running‐acc=0.900
[  21/600] loss=10.7260  pred=false  gold=n/a  running‐acc=0.762
Locality eval: pred=true              gold=true  correct=True  running‐acc=0.905
[  22/600] loss=11.6570  pred=n/a    gold=n/a  running‐acc=0.773
Locality eval: pred=false             gold=true  correct=False  running‐acc=0.864
[  23/600] loss=11.3516  pred=false  gold=n/a  running‐acc=0.739
Locality eval: pred=true              gold=true  correct=True  running‐acc=0.870
[  24/600] loss=12.0248  pred=n/a    gold=n/a  running‐acc=0.750
Locality eval: pred=true              gold=true  correct=True  running‐acc=0.875
[  25/600] loss=15.4815  pred=true   gold=true  running‐acc=0.760
Locality eval: pred=n/a               gold=n/a  correct=True  running‐acc=0.880
[  26/600] loss=10.7689  pred=n/a    gold=n/a  running‐acc=0.769
Locality eval: pred=true              gold=true  correct=True  running‐acc=0.885
[  27/600] loss=11.9251  pred=n/a    gold=n/a  running‐acc=0.778
Locality eval: pred=true              gold=true  correct=True  running‐acc=0.889
[  28/600] loss=11.5367  pred=false.  gold=n/a  running‐acc=0.750
Locality eval: pred=true              gold=true  correct=True  running‐acc=0.893
[  29/600] loss=11.2237  pred=n/a    gold=n/a  running‐acc=0.759
Locality eval: pred=true              gold=true  correct=True  running‐acc=0.897
[  30/600] loss=11.3437  pred=true   gold=n/a  running‐acc=0.733
Locality eval: pred=true              gold=true  correct=True  running‐acc=0.900
[  31/600] loss=14.7804  pred=true   gold=true  running‐acc=0.742
Locality eval: pred=n/a               gold=n/a  correct=True  running‐acc=0.903
[  32/600] loss=11.2319  pred=n/a    gold=n/a  running‐acc=0.750
Locality eval: pred=true              gold=true  correct=True  running‐acc=0.906
[  33/600] loss=11.6275  pred=n/a    gold=n/a  running‐acc=0.758
Locality eval: pred=n/a               gold=true  correct=False  running‐acc=0.879
[  34/600] loss=10.7139  pred=n/a    gold=n/a  running‐acc=0.765
Locality eval: pred=true              gold=true  correct=True  running‐acc=0.882
[  35/600] loss=14.6472  pred=true.  gold=true  running‐acc=0.771
Locality eval: pred=n/a               gold=n/a  correct=True  running‐acc=0.886
[  36/600] loss=10.9795  pred=n/a    gold=n/a  running‐acc=0.778
Locality eval: pred=true              gold=true  correct=True  running‐acc=0.889
[  37/600] loss=18.4246  pred=n/a    gold=true  running‐acc=0.757
Locality eval: pred=n/a               gold=n/a  correct=True  running‐acc=0.892
[  38/600] loss=11.5179  pred=n/a    gold=n/a  running‐acc=0.763
Locality eval: pred=true              gold=true  correct=True  running‐acc=0.895
[  39/600] loss=15.1689  pred=true   gold=true  running‐acc=0.769
Locality eval: pred=true              gold=n/a  correct=False  running‐acc=0.872
[  40/600] loss=16.7336  pred=true   gold=true  running‐acc=0.775
Locality eval: pred=n/a               gold=n/a  correct=True  running‐acc=0.875
[  41/600] loss=15.0029  pred=true   gold=true  running‐acc=0.780
Locality eval: pred=n/a               gold=n/a  correct=True  running‐acc=0.878
[  42/600] loss=11.0350  pred=n/a    gold=n/a  running‐acc=0.786
Locality eval: pred=true              gold=true  correct=True  running‐acc=0.881
[  43/600] loss=14.7369  pred=true   gold=true  running‐acc=0.791
Locality eval: pred=n/a               gold=n/a  correct=True  running‐acc=0.884
[  44/600] loss=11.3525  pred=n/a    gold=n/a  running‐acc=0.795
Locality eval: pred=true              gold=true  correct=True  running‐acc=0.886
[  45/600] loss=10.5997  pred=true   gold=n/a  running‐acc=0.778
Locality eval: pred=true              gold=true  correct=True  running‐acc=0.889
[  46/600] loss=15.9335  pred=true   gold=true  running‐acc=0.783
Locality eval: pred=n/a               gold=n/a  correct=True  running‐acc=0.891
[  47/600] loss=14.3317  pred=true   gold=true  running‐acc=0.787
Locality eval: pred=n/a               gold=n/a  correct=True  running‐acc=0.894
[  48/600] loss=11.0589  pred=false  gold=n/a  running‐acc=0.771
Locality eval: pred=true              gold=true  correct=True  running‐acc=0.896
[  49/600] loss=16.7133  pred=n/a    gold=true  running‐acc=0.755
Locality eval: pred=n/a               gold=n/a  correct=True  running‐acc=0.898
[  50/600] loss=11.0167  pred=false  gold=n/a  running‐acc=0.740
Locality eval: pred=true              gold=true  correct=True  running‐acc=0.900
[  51/600] loss=15.3399  pred=true   gold=true  running‐acc=0.745
Locality eval: pred=n/a               gold=n/a  correct=True  running‐acc=0.902
[  52/600] loss=16.4717  pred=true   gold=true  running‐acc=0.750
Locality eval: pred=n/a               gold=n/a  correct=True  running‐acc=0.904
[  53/600] loss=10.8758  pred=false  gold=n/a  running‐acc=0.736
Locality eval: pred=false             gold=true  correct=False  running‐acc=0.887
[  54/600] loss=15.6008  pred=true.  gold=true  running‐acc=0.741
Locality eval: pred=n/a               gold=n/a  correct=True  running‐acc=0.889
[  55/600] loss=10.9282  pred=false  gold=n/a  running‐acc=0.727
Locality eval: pred=true              gold=true  correct=True  running‐acc=0.891
[  56/600] loss=12.0554  pred=n/a    gold=n/a  running‐acc=0.732
Locality eval: pred=true              gold=true  correct=True  running‐acc=0.893
[  57/600] loss=15.5434  pred=n/a    gold=true  running‐acc=0.719
Locality eval: pred=true              gold=n/a  correct=False  running‐acc=0.877
[  58/600] loss=14.5048  pred=true   gold=true  running‐acc=0.724
Locality eval: pred=n/a               gold=n/a  correct=True  running‐acc=0.879
[  59/600] loss=15.8421  pred=true   gold=true  running‐acc=0.729
Locality eval: pred=n/a               gold=n/a  correct=True  running‐acc=0.881
[  60/600] loss=14.3722  pred=true   gold=true  running‐acc=0.733
Locality eval: pred=n/a               gold=n/a  correct=True  running‐acc=0.883
[  61/600] loss=15.6398  pred=n/a    gold=true  running‐acc=0.721
Locality eval: pred=n/a               gold=n/a  correct=True  running‐acc=0.885
[  62/600] loss=15.4266  pred=n/a    gold=true  running‐acc=0.710
Locality eval: pred=n/a               gold=n/a  correct=True  running‐acc=0.887
[  63/600] loss=11.0959  pred=true   gold=n/a  running‐acc=0.698
Locality eval: pred=true              gold=true  correct=True  running‐acc=0.889
[  64/600] loss=11.6569  pred=n/a    gold=n/a  running‐acc=0.703
Locality eval: pred=true              gold=true  correct=True  running‐acc=0.891
[  65/600] loss=11.4456  pred=true   gold=n/a  running‐acc=0.692
Locality eval: pred=true              gold=true  correct=True  running‐acc=0.892
[  66/600] loss=16.6469  pred=true   gold=true  running‐acc=0.697
Locality eval: pred=n/a               gold=n/a  correct=True  running‐acc=0.894
[  67/600] loss=14.5176  pred=true   gold=true  running‐acc=0.701
Locality eval: pred=n/a               gold=n/a  correct=True  running‐acc=0.896
[  68/600] loss=15.3475  pred=true   gold=true  running‐acc=0.706
Locality eval: pred=n/a               gold=n/a  correct=True  running‐acc=0.897
[  69/600] loss=11.2418  pred=n/a    gold=n/a  running‐acc=0.710
Locality eval: pred=true              gold=true  correct=True  running‐acc=0.899
[  70/600] loss=10.8101  pred=false  gold=n/a  running‐acc=0.700
Locality eval: pred=true              gold=true  correct=True  running‐acc=0.900
[  71/600] loss=11.4862  pred=n/a    gold=n/a  running‐acc=0.704
Locality eval: pred=true              gold=true  correct=True  running‐acc=0.901
[  72/600] loss=11.2269  pred=false  gold=n/a  running‐acc=0.694
Locality eval: pred=true              gold=true  correct=True  running‐acc=0.903
[  73/600] loss=15.8700  pred=true   gold=true  running‐acc=0.699
Locality eval: pred=n/a               gold=n/a  correct=True  running‐acc=0.904
[  74/600] loss=11.3651  pred=n/a    gold=n/a  running‐acc=0.703
Locality eval: pred=true              gold=true  correct=True  running‐acc=0.905
[  75/600] loss=10.8708  pred=false  gold=n/a  running‐acc=0.693
Locality eval: pred=true              gold=true  correct=True  running‐acc=0.907
[  76/600] loss=17.9046  pred=n/a    gold=true  running‐acc=0.684
Locality eval: pred=n/a               gold=n/a  correct=True  running‐acc=0.908
[  77/600] loss=14.7870  pred=true   gold=true  running‐acc=0.688
Locality eval: pred=n/a               gold=n/a  correct=True  running‐acc=0.909
[  78/600] loss=11.1821  pred=n/a    gold=n/a  running‐acc=0.692
Locality eval: pred=true              gold=true  correct=True  running‐acc=0.910
[  79/600] loss=15.4131  pred=true   gold=true  running‐acc=0.696
Locality eval: pred=n/a               gold=n/a  correct=True  running‐acc=0.911
[  80/600] loss=11.7737  pred=false  gold=n/a  running‐acc=0.688
Locality eval: pred=true              gold=true  correct=True  running‐acc=0.912
[  81/600] loss=10.7677  pred=false  gold=n/a  running‐acc=0.679
Locality eval: pred=true              gold=true  correct=True  running‐acc=0.914
[  82/600] loss=16.3055  pred=true   gold=true  running‐acc=0.683
Locality eval: pred=false             gold=n/a  correct=False  running‐acc=0.902
[  83/600] loss=10.6917  pred=n/a    gold=n/a  running‐acc=0.687
Locality eval: pred=true              gold=true  correct=True  running‐acc=0.904
[  84/600] loss=16.1021  pred=true   gold=true  running‐acc=0.690
Locality eval: pred=n/a               gold=n/a  correct=True  running‐acc=0.905
[  85/600] loss=10.8984  pred=n/a    gold=n/a  running‐acc=0.694
Locality eval: pred=true              gold=true  correct=True  running‐acc=0.906
[  86/600] loss=11.1065  pred=n/a    gold=n/a  running‐acc=0.698
Locality eval: pred=true              gold=true  correct=True  running‐acc=0.907
[  87/600] loss=11.8936  pred=n/a    gold=n/a  running‐acc=0.701
Locality eval: pred=true              gold=true  correct=True  running‐acc=0.908
[  88/600] loss=15.7800  pred=true   gold=true  running‐acc=0.705
Locality eval: pred=n/a               gold=n/a  correct=True  running‐acc=0.909
[  89/600] loss=15.2135  pred=true   gold=true  running‐acc=0.708
Locality eval: pred=n/a               gold=n/a  correct=True  running‐acc=0.910
[  90/600] loss=9.5612  pred=false  gold=n/a  running‐acc=0.700
Locality eval: pred=true              gold=true  correct=True  running‐acc=0.911
[  91/600] loss=9.8635  pred=true   gold=n/a  running‐acc=0.692
Locality eval: pred=true              gold=true  correct=True  running‐acc=0.912
[  92/600] loss=14.3212  pred=false  gold=true  running‐acc=0.685
Locality eval: pred=n/a               gold=n/a  correct=True  running‐acc=0.913
[  93/600] loss=10.4354  pred=n/a    gold=n/a  running‐acc=0.688
Locality eval: pred=true              gold=true  correct=True  running‐acc=0.914
[  94/600] loss=10.8844  pred=n/a    gold=n/a  running‐acc=0.691
Locality eval: pred=true              gold=true  correct=True  running‐acc=0.915
[  95/600] loss=15.3022  pred=true   gold=true  running‐acc=0.695
Locality eval: pred=n/a               gold=n/a  correct=True  running‐acc=0.916
[  96/600] loss=10.7107  pred=n/a    gold=n/a  running‐acc=0.698
Locality eval: pred=true              gold=true  correct=True  running‐acc=0.917
[  97/600] loss=8.5456  pred=false  gold=n/a  running‐acc=0.691
Locality eval: pred=true.             gold=true  correct=True  running‐acc=0.918
[  98/600] loss=11.5356  pred=n/a    gold=n/a  running‐acc=0.694
Locality eval: pred=true              gold=true  correct=True  running‐acc=0.918
[  99/600] loss=14.8403  pred=true   gold=true  running‐acc=0.697
Locality eval: pred=n/a               gold=n/a  correct=True  running‐acc=0.919
[ 100/600] loss=15.3430  pred=true   gold=true  running‐acc=0.700
Locality eval: pred=n/a               gold=n/a  correct=True  running‐acc=0.920
[ 101/600] loss=11.0594  pred=false  gold=n/a  running‐acc=0.693
Locality eval: pred=true              gold=true  correct=True  running‐acc=0.921
[ 102/600] loss=14.8908  pred=true   gold=true  running‐acc=0.696
Locality eval: pred=n/a               gold=n/a  correct=True  running‐acc=0.922
[ 103/600] loss=10.7408  pred=true   gold=n/a  running‐acc=0.689
Locality eval: pred=true              gold=true  correct=True  running‐acc=0.922
[ 104/600] loss=15.7474  pred=false  gold=true  running‐acc=0.683
Locality eval: pred=n/a               gold=n/a  correct=True  running‐acc=0.923
[ 105/600] loss=14.0151  pred=true   gold=true  running‐acc=0.686
Locality eval: pred=n/a               gold=n/a  correct=True  running‐acc=0.924
[ 106/600] loss=14.9410  pred=true   gold=true  running‐acc=0.689
Locality eval: pred=n/a               gold=n/a  correct=True  running‐acc=0.925
[ 107/600] loss=16.2629  pred=true   gold=true  running‐acc=0.692
Locality eval: pred=n/a               gold=n/a  correct=True  running‐acc=0.925
[ 108/600] loss=14.4774  pred=true   gold=true  running‐acc=0.694
Locality eval: pred=n/a               gold=n/a  correct=True  running‐acc=0.926
[ 109/600] loss=17.0283  pred=true.  gold=true  running‐acc=0.697
Locality eval: pred=n/a               gold=n/a  correct=True  running‐acc=0.927
[ 110/600] loss=14.6112  pred=true   gold=true  running‐acc=0.700
Locality eval: pred=n/a               gold=n/a  correct=True  running‐acc=0.927
[ 111/600] loss=14.4386  pred=true   gold=true  running‐acc=0.703
Locality eval: pred=n/a               gold=n/a  correct=True  running‐acc=0.928
[ 112/600] loss=16.5726  pred=true   gold=true  running‐acc=0.705
Locality eval: pred=n/a               gold=n/a  correct=True  running‐acc=0.929
[ 113/600] loss=9.7606  pred=true   gold=n/a  running‐acc=0.699
Locality eval: pred=true              gold=true  correct=True  running‐acc=0.929
[ 114/600] loss=10.8296  pred=n/a    gold=n/a  running‐acc=0.702
Locality eval: pred=true              gold=true  correct=True  running‐acc=0.930
[ 115/600] loss=11.1810  pred=n/a    gold=n/a  running‐acc=0.704
Locality eval: pred=true              gold=true  correct=True  running‐acc=0.930
[ 116/600] loss=15.2149  pred=true   gold=true  running‐acc=0.707
Locality eval: pred=n/a               gold=n/a  correct=True  running‐acc=0.931
[ 117/600] loss=10.8403  pred=n/a    gold=n/a  running‐acc=0.709
Locality eval: pred=true              gold=true  correct=True  running‐acc=0.932
[ 118/600] loss=11.8029  pred=false  gold=n/a  running‐acc=0.703
Locality eval: pred=true              gold=true  correct=True  running‐acc=0.932
[ 119/600] loss=11.0013  pred=n/a    gold=n/a  running‐acc=0.706
Locality eval: pred=true              gold=true  correct=True  running‐acc=0.933
[ 120/600] loss=11.6147  pred=true   gold=n/a  running‐acc=0.700
Locality eval: pred=true              gold=true  correct=True  running‐acc=0.933
[ 121/600] loss=13.9420  pred=true   gold=true  running‐acc=0.702
Locality eval: pred=n/a               gold=n/a  correct=True  running‐acc=0.934
[ 122/600] loss=17.2501  pred=true   gold=true  running‐acc=0.705
Locality eval: pred=false             gold=n/a  correct=False  running‐acc=0.926
[ 123/600] loss=10.9816  pred=false  gold=n/a  running‐acc=0.699
Locality eval: pred=true              gold=true  correct=True  running‐acc=0.927
[ 124/600] loss=11.3460  pred=n/a    gold=n/a  running‐acc=0.702
Locality eval: pred=true              gold=true  correct=True  running‐acc=0.927
[ 125/600] loss=11.2314  pred=false.  gold=n/a  running‐acc=0.696
Locality eval: pred=true              gold=true  correct=True  running‐acc=0.928
[ 126/600] loss=16.3959  pred=true.  gold=true  running‐acc=0.698
Locality eval: pred=n/a               gold=n/a  correct=True  running‐acc=0.929
[ 127/600] loss=16.4033  pred=true   gold=true  running‐acc=0.701
Locality eval: pred=n/a               gold=n/a  correct=True  running‐acc=0.929
[ 128/600] loss=11.2370  pred=false  gold=n/a  running‐acc=0.695
Locality eval: pred=true              gold=true  correct=True  running‐acc=0.930
[ 129/600] loss=14.3770  pred=true   gold=true  running‐acc=0.698
Locality eval: pred=n/a               gold=n/a  correct=True  running‐acc=0.930
[ 130/600] loss=11.2166  pred=n/a    gold=n/a  running‐acc=0.700
Locality eval: pred=true              gold=true  correct=True  running‐acc=0.931
[ 131/600] loss=16.6181  pred=true   gold=true  running‐acc=0.702
Locality eval: pred=n/a               gold=n/a  correct=True  running‐acc=0.931
[ 132/600] loss=11.4738  pred=n/a    gold=n/a  running‐acc=0.705
Locality eval: pred=true              gold=true  correct=True  running‐acc=0.932
[ 133/600] loss=10.7166  pred=n/a    gold=n/a  running‐acc=0.707
Locality eval: pred=true              gold=true  correct=True  running‐acc=0.932
[ 134/600] loss=14.5133  pred=true   gold=true  running‐acc=0.709
Locality eval: pred=n/a               gold=n/a  correct=True  running‐acc=0.933
[ 135/600] loss=15.7033  pred=true   gold=true  running‐acc=0.711
Locality eval: pred=n/a               gold=n/a  correct=True  running‐acc=0.933
[ 136/600] loss=11.1284  pred=false  gold=n/a  running‐acc=0.706
Locality eval: pred=true              gold=true  correct=True  running‐acc=0.934
[ 137/600] loss=15.0564  pred=true   gold=true  running‐acc=0.708
Locality eval: pred=n/a               gold=n/a  correct=True  running‐acc=0.934
[ 138/600] loss=17.4839  pred=n/a    gold=true  running‐acc=0.703
Locality eval: pred=n/a               gold=n/a  correct=True  running‐acc=0.935
[ 139/600] loss=11.8257  pred=n/a    gold=n/a  running‐acc=0.705
Locality eval: pred=true              gold=true  correct=True  running‐acc=0.935
[ 140/600] loss=11.1269  pred=n/a    gold=n/a  running‐acc=0.707
Locality eval: pred=true              gold=true  correct=True  running‐acc=0.936
[ 141/600] loss=10.7272  pred=n/a    gold=n/a  running‐acc=0.709
Locality eval: pred=true              gold=true  correct=True  running‐acc=0.936
[ 142/600] loss=10.5991  pred=false  gold=n/a  running‐acc=0.704
Locality eval: pred=true              gold=true  correct=True  running‐acc=0.937
[ 143/600] loss=14.3251  pred=true   gold=true  running‐acc=0.706
Locality eval: pred=n/a               gold=n/a  correct=True  running‐acc=0.937
[ 144/600] loss=14.7104  pred=true   gold=true  running‐acc=0.708
Locality eval: pred=n/a               gold=n/a  correct=True  running‐acc=0.938
[ 145/600] loss=16.0561  pred=true   gold=true  running‐acc=0.710
Locality eval: pred=n/a               gold=n/a  correct=True  running‐acc=0.938
[ 146/600] loss=13.5077  pred=true   gold=true  running‐acc=0.712
Locality eval: pred=n/a               gold=n/a  correct=True  running‐acc=0.938
[ 147/600] loss=11.3823  pred=false  gold=n/a  running‐acc=0.707
Locality eval: pred=true              gold=true  correct=True  running‐acc=0.939
[ 148/600] loss=15.5313  pred=true   gold=true  running‐acc=0.709
Locality eval: pred=n/a               gold=n/a  correct=True  running‐acc=0.939
[ 149/600] loss=11.7425  pred=false  gold=n/a  running‐acc=0.705
Locality eval: pred=true              gold=true  correct=True  running‐acc=0.940
[ 150/600] loss=9.7064  pred=true   gold=n/a  running‐acc=0.700
Locality eval: pred=true              gold=true  correct=True  running‐acc=0.940
[ 151/600] loss=15.1344  pred=true   gold=true  running‐acc=0.702
Locality eval: pred=n/a               gold=n/a  correct=True  running‐acc=0.940
[ 152/600] loss=15.2933  pred=true   gold=true  running‐acc=0.704
Locality eval: pred=true              gold=n/a  correct=False  running‐acc=0.934
[ 153/600] loss=11.3196  pred=n/a    gold=n/a  running‐acc=0.706
Locality eval: pred=true              gold=true  correct=True  running‐acc=0.935
[ 154/600] loss=11.4964  pred=false  gold=n/a  running‐acc=0.701
Locality eval: pred=true              gold=true  correct=True  running‐acc=0.935
[ 155/600] loss=14.3562  pred=n/a    gold=true  running‐acc=0.697
Locality eval: pred=n/a               gold=n/a  correct=True  running‐acc=0.935
[ 156/600] loss=11.1333  pred=n/a    gold=n/a  running‐acc=0.699
Locality eval: pred=true              gold=true  correct=True  running‐acc=0.936
[ 157/600] loss=15.8878  pred=true   gold=true  running‐acc=0.701
Locality eval: pred=n/a               gold=n/a  correct=True  running‐acc=0.936
[ 158/600] loss=11.2379  pred=n/a    gold=n/a  running‐acc=0.703
Locality eval: pred=true              gold=true  correct=True  running‐acc=0.937
[ 159/600] loss=11.7754  pred=n/a    gold=n/a  running‐acc=0.704
Locality eval: pred=true              gold=true  correct=True  running‐acc=0.937
[ 160/600] loss=11.4072  pred=n/a    gold=n/a  running‐acc=0.706
Locality eval: pred=true              gold=true  correct=True  running‐acc=0.938
[ 161/600] loss=15.9335  pred=true   gold=true  running‐acc=0.708
Locality eval: pred=n/a               gold=n/a  correct=True  running‐acc=0.938
[ 162/600] loss=8.5673  pred=false  gold=n/a  running‐acc=0.704
Locality eval: pred=true              gold=true  correct=True  running‐acc=0.938
[ 163/600] loss=10.4312  pred=false  gold=n/a  running‐acc=0.699
Locality eval: pred=true              gold=true  correct=True  running‐acc=0.939
[ 164/600] loss=11.6517  pred=n/a    gold=n/a  running‐acc=0.701
Locality eval: pred=true              gold=true  correct=True  running‐acc=0.939
[ 165/600] loss=15.5925  pred=true   gold=true  running‐acc=0.703
Locality eval: pred=n/a               gold=n/a  correct=True  running‐acc=0.939
[ 166/600] loss=15.0012  pred=true   gold=true  running‐acc=0.705
Locality eval: pred=n/a               gold=n/a  correct=True  running‐acc=0.940
[ 167/600] loss=11.7721  pred=n/a    gold=n/a  running‐acc=0.707
Locality eval: pred=true              gold=true  correct=True  running‐acc=0.940
[ 168/600] loss=15.6174  pred=true   gold=true  running‐acc=0.708
Locality eval: pred=n/a               gold=n/a  correct=True  running‐acc=0.940
[ 169/600] loss=11.2832  pred=n/a    gold=n/a  running‐acc=0.710
Locality eval: pred=true              gold=true  correct=True  running‐acc=0.941
[ 170/600] loss=11.3950  pred=n/a    gold=n/a  running‐acc=0.712
Locality eval: pred=true              gold=true  correct=True  running‐acc=0.941
[ 171/600] loss=9.9725  pred=true   gold=n/a  running‐acc=0.708
Locality eval: pred=true              gold=true  correct=True  running‐acc=0.942
[ 172/600] loss=16.1348  pred=true   gold=true  running‐acc=0.709
Locality eval: pred=n/a               gold=n/a  correct=True  running‐acc=0.942
[ 173/600] loss=11.1833  pred=false  gold=n/a  running‐acc=0.705
Locality eval: pred=true              gold=true  correct=True  running‐acc=0.942
[ 174/600] loss=15.1176  pred=true   gold=true  running‐acc=0.707
Locality eval: pred=n/a               gold=n/a  correct=True  running‐acc=0.943
[ 175/600] loss=16.5801  pred=true.  gold=true  running‐acc=0.709
Locality eval: pred=n/a               gold=n/a  correct=True  running‐acc=0.943
[ 176/600] loss=11.2379  pred=false  gold=n/a  running‐acc=0.705
Locality eval: pred=true              gold=true  correct=True  running‐acc=0.943
[ 177/600] loss=13.6627  pred=true   gold=true  running‐acc=0.706
Locality eval: pred=n/a               gold=n/a  correct=True  running‐acc=0.944
[ 178/600] loss=11.4031  pred=n/a    gold=n/a  running‐acc=0.708
Locality eval: pred=true              gold=true  correct=True  running‐acc=0.944
[ 179/600] loss=11.2606  pred=true.  gold=n/a  running‐acc=0.704
Locality eval: pred=true              gold=true  correct=True  running‐acc=0.944
[ 180/600] loss=18.2187  pred=n/a    gold=true  running‐acc=0.700
Locality eval: pred=n/a               gold=n/a  correct=True  running‐acc=0.944
[ 181/600] loss=11.5142  pred=false  gold=n/a  running‐acc=0.696
Locality eval: pred=true              gold=true  correct=True  running‐acc=0.945
[ 182/600] loss=12.4016  pred=n/a    gold=n/a  running‐acc=0.698
Locality eval: pred=true.             gold=true  correct=True  running‐acc=0.945
[ 183/600] loss=16.0989  pred=n/a    gold=true  running‐acc=0.694
Locality eval: pred=n/a               gold=n/a  correct=True  running‐acc=0.945
[ 184/600] loss=14.9107  pred=true   gold=true  running‐acc=0.696
Locality eval: pred=n/a               gold=n/a  correct=True  running‐acc=0.946
[ 185/600] loss=15.5260  pred=true   gold=true  running‐acc=0.697
Locality eval: pred=n/a               gold=n/a  correct=True  running‐acc=0.946
[ 186/600] loss=16.5909  pred=false  gold=true  running‐acc=0.694
Locality eval: pred=n/a               gold=n/a  correct=True  running‐acc=0.946
[ 187/600] loss=11.3380  pred=n/a    gold=n/a  running‐acc=0.695
Locality eval: pred=true              gold=true  correct=True  running‐acc=0.947
[ 188/600] loss=10.6932  pred=n/a    gold=n/a  running‐acc=0.697
Locality eval: pred=true              gold=true  correct=True  running‐acc=0.947
[ 189/600] loss=15.2575  pred=true   gold=true  running‐acc=0.698
Locality eval: pred=n/a               gold=n/a  correct=True  running‐acc=0.947
[ 190/600] loss=10.8721  pred=n/a    gold=n/a  running‐acc=0.700
Locality eval: pred=true              gold=true  correct=True  running‐acc=0.947
[ 191/600] loss=11.5071  pred=true   gold=n/a  running‐acc=0.696
Locality eval: pred=true              gold=true  correct=True  running‐acc=0.948
[ 192/600] loss=11.2601  pred=n/a    gold=n/a  running‐acc=0.698
Locality eval: pred=true              gold=true  correct=True  running‐acc=0.948
[ 193/600] loss=15.8361  pred=true   gold=true  running‐acc=0.699
Locality eval: pred=n/a               gold=n/a  correct=True  running‐acc=0.948
[ 194/600] loss=15.7659  pred=true   gold=true  running‐acc=0.701
Locality eval: pred=n/a               gold=n/a  correct=True  running‐acc=0.948
[ 195/600] loss=14.6609  pred=true   gold=true  running‐acc=0.703
Locality eval: pred=n/a               gold=n/a  correct=True  running‐acc=0.949
[ 196/600] loss=15.4602  pred=false  gold=true  running‐acc=0.699
Locality eval: pred=n/a               gold=n/a  correct=True  running‐acc=0.949
[ 197/600] loss=17.7694  pred=n/a    gold=true  running‐acc=0.695
Locality eval: pred=n/a               gold=n/a  correct=True  running‐acc=0.949
[ 198/600] loss=11.7272  pred=n/a    gold=n/a  running‐acc=0.697
Locality eval: pred=true              gold=true  correct=True  running‐acc=0.949
[ 199/600] loss=16.0754  pred=true   gold=true  running‐acc=0.698
Locality eval: pred=n/a               gold=n/a  correct=True  running‐acc=0.950
[ 200/600] loss=15.5608  pred=true   gold=true  running‐acc=0.700
Locality eval: pred=n/a               gold=n/a  correct=True  running‐acc=0.950
[ 201/600] loss=11.1667  pred=true   gold=n/a  running‐acc=0.697
Locality eval: pred=true              gold=true  correct=True  running‐acc=0.950
[ 202/600] loss=11.6618  pred=false  gold=n/a  running‐acc=0.693
Locality eval: pred=true              gold=true  correct=True  running‐acc=0.950
[ 203/600] loss=15.3311  pred=true   gold=true  running‐acc=0.695
Locality eval: pred=n/a               gold=n/a  correct=True  running‐acc=0.951
[ 204/600] loss=10.0107  pred=true   gold=n/a  running‐acc=0.691
Locality eval: pred=true              gold=true  correct=True  running‐acc=0.951
[ 205/600] loss=17.8565  pred=n/a    gold=true  running‐acc=0.688
Locality eval: pred=n/a               gold=n/a  correct=True  running‐acc=0.951
[ 206/600] loss=11.6494  pred=n/a    gold=n/a  running‐acc=0.689
Locality eval: pred=true              gold=true  correct=True  running‐acc=0.951
[ 207/600] loss=11.1287  pred=false  gold=n/a  running‐acc=0.686
Locality eval: pred=true              gold=true  correct=True  running‐acc=0.952
[ 208/600] loss=15.2086  pred=true   gold=true  running‐acc=0.688
Locality eval: pred=n/a               gold=n/a  correct=True  running‐acc=0.952
[ 209/600] loss=11.1891  pred=n/a    gold=n/a  running‐acc=0.689
Locality eval: pred=true              gold=true  correct=True  running‐acc=0.952
[ 210/600] loss=11.6588  pred=n/a    gold=n/a  running‐acc=0.690
Locality eval: pred=true              gold=true  correct=True  running‐acc=0.952
[ 211/600] loss=15.3740  pred=true   gold=true  running‐acc=0.692
Locality eval: pred=n/a               gold=n/a  correct=True  running‐acc=0.953
[ 212/600] loss=10.8828  pred=n/a    gold=n/a  running‐acc=0.693
Locality eval: pred=true              gold=true  correct=True  running‐acc=0.953
[ 213/600] loss=16.5342  pred=true   gold=true  running‐acc=0.695
Locality eval: pred=true              gold=n/a  correct=False  running‐acc=0.948
[ 214/600] loss=11.0640  pred=n/a    gold=n/a  running‐acc=0.696
Locality eval: pred=true              gold=true  correct=True  running‐acc=0.949
[ 215/600] loss=17.6613  pred=false  gold=true  running‐acc=0.693
Locality eval: pred=false             gold=n/a  correct=False  running‐acc=0.944
[ 216/600] loss=11.6489  pred=n/a    gold=n/a  running‐acc=0.694
Locality eval: pred=true              gold=true  correct=True  running‐acc=0.944
[ 217/600] loss=16.6121  pred=true   gold=true  running‐acc=0.696
Locality eval: pred=n/a               gold=n/a  correct=True  running‐acc=0.945
[ 218/600] loss=10.8909  pred=n/a    gold=n/a  running‐acc=0.697
Locality eval: pred=true              gold=true  correct=True  running‐acc=0.945
[ 219/600] loss=15.2468  pred=true   gold=true  running‐acc=0.699
Locality eval: pred=n/a               gold=n/a  correct=True  running‐acc=0.945
[ 220/600] loss=11.2183  pred=n/a    gold=n/a  running‐acc=0.700
Locality eval: pred=true              gold=true  correct=True  running‐acc=0.945
[ 221/600] loss=11.6350  pred=true   gold=n/a  running‐acc=0.697
Locality eval: pred=true              gold=true  correct=True  running‐acc=0.946
[ 222/600] loss=11.3680  pred=n/a    gold=n/a  running‐acc=0.698
Locality eval: pred=true              gold=true  correct=True  running‐acc=0.946
[ 223/600] loss=11.7340  pred=true   gold=n/a  running‐acc=0.695
Locality eval: pred=true              gold=true  correct=True  running‐acc=0.946
[ 224/600] loss=11.9164  pred=n/a    gold=n/a  running‐acc=0.696
Locality eval: pred=true              gold=true  correct=True  running‐acc=0.946
[ 225/600] loss=11.3268  pred=n/a    gold=n/a  running‐acc=0.698
Locality eval: pred=true              gold=true  correct=True  running‐acc=0.947
[ 226/600] loss=16.2638  pred=true   gold=true  running‐acc=0.699
Locality eval: pred=n/a               gold=n/a  correct=True  running‐acc=0.947
[ 227/600] loss=10.2320  pred=true   gold=n/a  running‐acc=0.696
Locality eval: pred=true              gold=true  correct=True  running‐acc=0.947
[ 228/600] loss=11.2401  pred=false  gold=n/a  running‐acc=0.693
Locality eval: pred=true              gold=true  correct=True  running‐acc=0.947
[ 229/600] loss=10.6343  pred=true   gold=n/a  running‐acc=0.690
Locality eval: pred=true              gold=true  correct=True  running‐acc=0.948
[ 230/600] loss=10.4573  pred=false  gold=n/a  running‐acc=0.687
Locality eval: pred=true              gold=true  correct=True  running‐acc=0.948
[ 231/600] loss=10.7499  pred=true   gold=n/a  running‐acc=0.684
Locality eval: pred=true              gold=true  correct=True  running‐acc=0.948
[ 232/600] loss=11.5024  pred=n/a    gold=n/a  running‐acc=0.685
Locality eval: pred=true              gold=true  correct=True  running‐acc=0.948
[ 233/600] loss=17.9982  pred=true   gold=true  running‐acc=0.687
Locality eval: pred=n/a               gold=n/a  correct=True  running‐acc=0.948
[ 234/600] loss=14.5565  pred=true   gold=true  running‐acc=0.688
Locality eval: pred=n/a               gold=n/a  correct=True  running‐acc=0.949
[ 235/600] loss=10.0164  pred=true   gold=n/a  running‐acc=0.685
Locality eval: pred=true              gold=true  correct=True  running‐acc=0.949
[ 236/600] loss=11.4931  pred=n/a    gold=n/a  running‐acc=0.686
Locality eval: pred=true              gold=true  correct=True  running‐acc=0.949
[ 237/600] loss=16.2707  pred=n/a    gold=true  running‐acc=0.684
Locality eval: pred=n/a               gold=n/a  correct=True  running‐acc=0.949
[ 238/600] loss=11.7350  pred=n/a    gold=n/a  running‐acc=0.685
Locality eval: pred=true              gold=true  correct=True  running‐acc=0.950
[ 239/600] loss=11.0062  pred=n/a    gold=n/a  running‐acc=0.686
Locality eval: pred=true              gold=true  correct=True  running‐acc=0.950
[ 240/600] loss=17.1276  pred=true   gold=true  running‐acc=0.688
Locality eval: pred=n/a               gold=n/a  correct=True  running‐acc=0.950
[ 241/600] loss=11.3678  pred=n/a    gold=n/a  running‐acc=0.689
Locality eval: pred=true              gold=true  correct=True  running‐acc=0.950
[ 242/600] loss=11.3642  pred=false  gold=n/a  running‐acc=0.686
Locality eval: pred=true              gold=true  correct=True  running‐acc=0.950
[ 243/600] loss=10.9046  pred=n/a    gold=n/a  running‐acc=0.687
Locality eval: pred=true.             gold=true  correct=True  running‐acc=0.951
[ 244/600] loss=15.3590  pred=true   gold=true  running‐acc=0.689
Locality eval: pred=n/a               gold=n/a  correct=True  running‐acc=0.951
[ 245/600] loss=15.3751  pred=false  gold=true  running‐acc=0.686
Locality eval: pred=n/a               gold=n/a  correct=True  running‐acc=0.951
[ 246/600] loss=15.4179  pred=true.  gold=true  running‐acc=0.687
Locality eval: pred=n/a               gold=n/a  correct=True  running‐acc=0.951
[ 247/600] loss=15.1708  pred=n/a    gold=true  running‐acc=0.684
Locality eval: pred=n/a               gold=n/a  correct=True  running‐acc=0.951
[ 248/600] loss=16.7230  pred=n/a    gold=true  running‐acc=0.681
Locality eval: pred=n/a               gold=n/a  correct=True  running‐acc=0.952
[ 249/600] loss=10.7501  pred=n/a    gold=n/a  running‐acc=0.683
Locality eval: pred=true              gold=true  correct=True  running‐acc=0.952
[ 250/600] loss=14.2420  pred=true   gold=true  running‐acc=0.684
Locality eval: pred=n/a               gold=n/a  correct=True  running‐acc=0.952
[ 251/600] loss=10.7618  pred=true   gold=n/a  running‐acc=0.681
Locality eval: pred=true              gold=true  correct=True  running‐acc=0.952
[ 252/600] loss=11.3848  pred=n/a    gold=n/a  running‐acc=0.683
Locality eval: pred=true              gold=true  correct=True  running‐acc=0.952
[ 253/600] loss=15.2257  pred=true   gold=true  running‐acc=0.684
Locality eval: pred=n/a               gold=n/a  correct=True  running‐acc=0.953
[ 254/600] loss=17.2563  pred=true.  gold=true  running‐acc=0.685
Locality eval: pred=false             gold=n/a  correct=False  running‐acc=0.949
[ 255/600] loss=12.2667  pred=n/a    gold=n/a  running‐acc=0.686
Locality eval: pred=true              gold=true  correct=True  running‐acc=0.949
[ 256/600] loss=11.1279  pred=n/a    gold=n/a  running‐acc=0.688
Locality eval: pred=true              gold=true  correct=True  running‐acc=0.949
[ 257/600] loss=10.7359  pred=n/a    gold=n/a  running‐acc=0.689
Locality eval: pred=true              gold=true  correct=True  running‐acc=0.949
[ 258/600] loss=11.1723  pred=n/a    gold=n/a  running‐acc=0.690
Locality eval: pred=true              gold=true  correct=True  running‐acc=0.950
[ 259/600] loss=14.9401  pred=n/a    gold=true  running‐acc=0.687
Locality eval: pred=n/a               gold=n/a  correct=True  running‐acc=0.950
[ 260/600] loss=16.4245  pred=true   gold=true  running‐acc=0.688
Locality eval: pred=n/a               gold=n/a  correct=True  running‐acc=0.950
[ 261/600] loss=16.1362  pred=true   gold=true  running‐acc=0.690
Locality eval: pred=true              gold=n/a  correct=False  running‐acc=0.946
[ 262/600] loss=14.7810  pred=true   gold=true  running‐acc=0.691
Locality eval: pred=n/a               gold=n/a  correct=True  running‐acc=0.947
[ 263/600] loss=11.2241  pred=n/a    gold=n/a  running‐acc=0.692
Locality eval: pred=true              gold=true  correct=True  running‐acc=0.947
[ 264/600] loss=11.7798  pred=n/a    gold=n/a  running‐acc=0.693
Locality eval: pred=true              gold=true  correct=True  running‐acc=0.947
[ 265/600] loss=16.6023  pred=n/a    gold=true  running‐acc=0.691
Locality eval: pred=n/a               gold=n/a  correct=True  running‐acc=0.947
[ 266/600] loss=10.7966  pred=n/a    gold=n/a  running‐acc=0.692
Locality eval: pred=true              gold=true  correct=True  running‐acc=0.947
[ 267/600] loss=11.2785  pred=n/a    gold=n/a  running‐acc=0.693
Locality eval: pred=true              gold=true  correct=True  running‐acc=0.948
[ 268/600] loss=15.3672  pred=true   gold=true  running‐acc=0.694
Locality eval: pred=n/a               gold=n/a  correct=True  running‐acc=0.948
[ 269/600] loss=11.7611  pred=n/a    gold=n/a  running‐acc=0.695
Locality eval: pred=true              gold=true  correct=True  running‐acc=0.948
[ 270/600] loss=14.8850  pred=n/a    gold=true  running‐acc=0.693
Locality eval: pred=n/a               gold=n/a  correct=True  running‐acc=0.948
[ 271/600] loss=10.7186  pred=n/a    gold=n/a  running‐acc=0.694
Locality eval: pred=true              gold=true  correct=True  running‐acc=0.948
[ 272/600] loss=15.8230  pred=true   gold=true  running‐acc=0.695
Locality eval: pred=n/a               gold=n/a  correct=True  running‐acc=0.949
[ 273/600] loss=11.5355  pred=n/a    gold=n/a  running‐acc=0.696
Locality eval: pred=true              gold=true  correct=True  running‐acc=0.949
[ 274/600] loss=11.5310  pred=n/a    gold=n/a  running‐acc=0.697
Locality eval: pred=true              gold=true  correct=True  running‐acc=0.949
[ 275/600] loss=16.1080  pred=true   gold=true  running‐acc=0.698
Locality eval: pred=n/a               gold=n/a  correct=True  running‐acc=0.949
[ 276/600] loss=11.6608  pred=false  gold=n/a  running‐acc=0.696
Locality eval: pred=true              gold=true  correct=True  running‐acc=0.949
[ 277/600] loss=15.0657  pred=false  gold=true  running‐acc=0.693
Locality eval: pred=n/a               gold=n/a  correct=True  running‐acc=0.949
[ 278/600] loss=11.0712  pred=false  gold=n/a  running‐acc=0.691
Locality eval: pred=true              gold=true  correct=True  running‐acc=0.950
[ 279/600] loss=15.1093  pred=true.  gold=true  running‐acc=0.692
Locality eval: pred=n/a               gold=n/a  correct=True  running‐acc=0.950
[ 280/600] loss=10.8162  pred=n/a    gold=n/a  running‐acc=0.693
Locality eval: pred=true              gold=true  correct=True  running‐acc=0.950
[ 281/600] loss=15.2921  pred=true   gold=true  running‐acc=0.694
Locality eval: pred=n/a               gold=n/a  correct=True  running‐acc=0.950
[ 282/600] loss=16.1150  pred=false  gold=true  running‐acc=0.691
Locality eval: pred=n/a               gold=n/a  correct=True  running‐acc=0.950
[ 283/600] loss=11.5509  pred=n/a    gold=n/a  running‐acc=0.693
Locality eval: pred=true              gold=true  correct=True  running‐acc=0.951
[ 284/600] loss=10.4718  pred=n/a    gold=n/a  running‐acc=0.694
Locality eval: pred=true              gold=true  correct=True  running‐acc=0.951
[ 285/600] loss=14.5495  pred=true   gold=true  running‐acc=0.695
Locality eval: pred=n/a               gold=n/a  correct=True  running‐acc=0.951
[ 286/600] loss=11.5390  pred=false  gold=n/a  running‐acc=0.692
Locality eval: pred=true              gold=true  correct=True  running‐acc=0.951
[ 287/600] loss=10.8764  pred=n/a    gold=n/a  running‐acc=0.693
Locality eval: pred=true              gold=true  correct=True  running‐acc=0.951
[ 288/600] loss=15.5295  pred=false  gold=true  running‐acc=0.691
Locality eval: pred=n/a               gold=n/a  correct=True  running‐acc=0.951
[ 289/600] loss=16.4960  pred=n/a    gold=true  running‐acc=0.689
Locality eval: pred=n/a               gold=n/a  correct=True  running‐acc=0.952
[ 290/600] loss=10.8023  pred=n/a    gold=n/a  running‐acc=0.690
Locality eval: pred=true              gold=true  correct=True  running‐acc=0.952
[ 291/600] loss=15.0444  pred=false  gold=true  running‐acc=0.687
Locality eval: pred=n/a               gold=n/a  correct=True  running‐acc=0.952
[ 292/600] loss=15.9969  pred=true   gold=true  running‐acc=0.688
Locality eval: pred=n/a               gold=n/a  correct=True  running‐acc=0.952
[ 293/600] loss=14.7749  pred=true   gold=true  running‐acc=0.689
Locality eval: pred=n/a               gold=n/a  correct=True  running‐acc=0.952
[ 294/600] loss=15.8426  pred=true   gold=true  running‐acc=0.690
Locality eval: pred=n/a               gold=n/a  correct=True  running‐acc=0.952
[ 295/600] loss=11.3107  pred=true   gold=n/a  running‐acc=0.688
Locality eval: pred=true              gold=true  correct=True  running‐acc=0.953
[ 296/600] loss=11.1666  pred=true   gold=n/a  running‐acc=0.686
Locality eval: pred=true              gold=true  correct=True  running‐acc=0.953
[ 297/600] loss=15.7516  pred=false  gold=true  running‐acc=0.684
Locality eval: pred=n/a               gold=n/a  correct=True  running‐acc=0.953
[ 298/600] loss=15.1501  pred=true   gold=true  running‐acc=0.685
Locality eval: pred=n/a               gold=n/a  correct=True  running‐acc=0.953
[ 299/600] loss=10.6339  pred=n/a    gold=n/a  running‐acc=0.686
Locality eval: pred=true              gold=true  correct=True  running‐acc=0.953
[ 300/600] loss=10.7091  pred=n/a    gold=n/a  running‐acc=0.687
Locality eval: pred=true              gold=true  correct=True  running‐acc=0.953
[ 301/600] loss=15.5092  pred=false  gold=true  running‐acc=0.684
Locality eval: pred=n/a               gold=n/a  correct=True  running‐acc=0.953
[ 302/600] loss=15.4852  pred=true   gold=true  running‐acc=0.685
Locality eval: pred=n/a               gold=n/a  correct=True  running‐acc=0.954
[ 303/600] loss=15.0819  pred=true   gold=true  running‐acc=0.686
Locality eval: pred=n/a               gold=n/a  correct=True  running‐acc=0.954
[ 304/600] loss=15.5889  pred=false  gold=true  running‐acc=0.684
Locality eval: pred=n/a               gold=n/a  correct=True  running‐acc=0.954
[ 305/600] loss=15.0473  pred=false  gold=true  running‐acc=0.682
Locality eval: pred=n/a               gold=n/a  correct=True  running‐acc=0.954
[ 306/600] loss=15.1081  pred=false  gold=true  running‐acc=0.680
Locality eval: pred=n/a               gold=n/a  correct=True  running‐acc=0.954
[ 307/600] loss=17.2945  pred=true   gold=true  running‐acc=0.681
Locality eval: pred=n/a               gold=n/a  correct=True  running‐acc=0.954
[ 308/600] loss=15.6489  pred=true   gold=true  running‐acc=0.682
Locality eval: pred=n/a               gold=n/a  correct=True  running‐acc=0.955
[ 309/600] loss=15.6380  pred=true   gold=true  running‐acc=0.683
Locality eval: pred=n/a               gold=n/a  correct=True  running‐acc=0.955
[ 310/600] loss=10.7696  pred=false  gold=n/a  running‐acc=0.681
Locality eval: pred=true              gold=true  correct=True  running‐acc=0.955
[ 311/600] loss=16.0550  pred=true   gold=true  running‐acc=0.682
Locality eval: pred=n/a               gold=n/a  correct=True  running‐acc=0.955
[ 312/600] loss=15.5215  pred=true   gold=true  running‐acc=0.683
Locality eval: pred=n/a               gold=n/a  correct=True  running‐acc=0.955
[ 313/600] loss=10.0193  pred=false  gold=n/a  running‐acc=0.681
Locality eval: pred=true              gold=true  correct=True  running‐acc=0.955
[ 314/600] loss=11.1287  pred=n/a    gold=n/a  running‐acc=0.682
Locality eval: pred=true              gold=true  correct=True  running‐acc=0.955
[ 315/600] loss=11.0333  pred=true   gold=n/a  running‐acc=0.679
Locality eval: pred=true              gold=true  correct=True  running‐acc=0.956
[ 316/600] loss=16.1302  pred=true   gold=true  running‐acc=0.680
Locality eval: pred=n/a               gold=n/a  correct=True  running‐acc=0.956
[ 317/600] loss=16.1828  pred=true   gold=true  running‐acc=0.681
Locality eval: pred=n/a               gold=n/a  correct=True  running‐acc=0.956
[ 318/600] loss=15.8989  pred=true   gold=true  running‐acc=0.682
Locality eval: pred=n/a               gold=n/a  correct=True  running‐acc=0.956
[ 319/600] loss=10.9789  pred=n/a    gold=n/a  running‐acc=0.683
Locality eval: pred=true              gold=true  correct=True  running‐acc=0.956
[ 320/600] loss=11.3521  pred=true   gold=n/a  running‐acc=0.681
Locality eval: pred=true              gold=true  correct=True  running‐acc=0.956
[ 321/600] loss=15.8435  pred=false  gold=true  running‐acc=0.679
Locality eval: pred=n/a               gold=n/a  correct=True  running‐acc=0.956
[ 322/600] loss=16.0837  pred=true   gold=true  running‐acc=0.680
Locality eval: pred=n/a               gold=n/a  correct=True  running‐acc=0.957
[ 323/600] loss=11.1949  pred=false  gold=n/a  running‐acc=0.678
Locality eval: pred=true              gold=true  correct=True  running‐acc=0.957
[ 324/600] loss=11.5370  pred=n/a    gold=n/a  running‐acc=0.679
Locality eval: pred=true              gold=true  correct=True  running‐acc=0.957
[ 325/600] loss=15.5396  pred=n/a    gold=true  running‐acc=0.677
Locality eval: pred=n/a               gold=n/a  correct=True  running‐acc=0.957
[ 326/600] loss=11.8857  pred=n/a    gold=n/a  running‐acc=0.678
Locality eval: pred=true              gold=true  correct=True  running‐acc=0.957
[ 327/600] loss=16.0173  pred=n/a    gold=true  running‐acc=0.676
Locality eval: pred=n/a               gold=n/a  correct=True  running‐acc=0.957
[ 328/600] loss=10.8403  pred=true   gold=n/a  running‐acc=0.674
Locality eval: pred=true              gold=true  correct=True  running‐acc=0.957
[ 329/600] loss=14.3268  pred=false  gold=true  running‐acc=0.672
Locality eval: pred=n/a               gold=n/a  correct=True  running‐acc=0.957
[ 330/600] loss=9.7473  pred=false  gold=n/a  running‐acc=0.670
Locality eval: pred=true              gold=true  correct=True  running‐acc=0.958
[ 331/600] loss=17.4586  pred=true.  gold=true  running‐acc=0.671
Locality eval: pred=n/a               gold=n/a  correct=True  running‐acc=0.958
[ 332/600] loss=11.1119  pred=true   gold=n/a  running‐acc=0.669
Locality eval: pred=true              gold=true  correct=True  running‐acc=0.958
[ 333/600] loss=15.6462  pred=true.  gold=true  running‐acc=0.670
Locality eval: pred=n/a               gold=n/a  correct=True  running‐acc=0.958
[ 334/600] loss=11.5211  pred=n/a    gold=n/a  running‐acc=0.671
Locality eval: pred=true              gold=true  correct=True  running‐acc=0.958
[ 335/600] loss=18.2074  pred=true   gold=true  running‐acc=0.672
Locality eval: pred=n/a               gold=n/a  correct=True  running‐acc=0.958
[ 336/600] loss=11.8570  pred=false  gold=n/a  running‐acc=0.670
Locality eval: pred=n/a               gold=true  correct=False  running‐acc=0.955
[ 337/600] loss=11.2884  pred=n/a    gold=n/a  running‐acc=0.671
Locality eval: pred=true              gold=true  correct=True  running‐acc=0.955
[ 338/600] loss=9.9520  pred=true   gold=n/a  running‐acc=0.669
Locality eval: pred=true              gold=true  correct=True  running‐acc=0.956
[ 339/600] loss=11.7563  pred=n/a    gold=n/a  running‐acc=0.670
Locality eval: pred=true              gold=true  correct=True  running‐acc=0.956
[ 340/600] loss=10.8759  pred=false  gold=n/a  running‐acc=0.668
Locality eval: pred=true              gold=true  correct=True  running‐acc=0.956
[ 341/600] loss=15.1266  pred=true   gold=true  running‐acc=0.669
Locality eval: pred=n/a               gold=n/a  correct=True  running‐acc=0.956
[ 342/600] loss=15.5616  pred=true   gold=true  running‐acc=0.670
Locality eval: pred=n/a               gold=n/a  correct=True  running‐acc=0.956
[ 343/600] loss=9.4159  pred=false  gold=n/a  running‐acc=0.668
Locality eval: pred=true              gold=true  correct=True  running‐acc=0.956
[ 344/600] loss=15.3109  pred=true   gold=true  running‐acc=0.669
Locality eval: pred=n/a               gold=n/a  correct=True  running‐acc=0.956
[ 345/600] loss=8.5379  pred=true   gold=n/a  running‐acc=0.667
Locality eval: pred=true              gold=true  correct=True  running‐acc=0.957
[ 346/600] loss=15.3508  pred=true   gold=true  running‐acc=0.668
Locality eval: pred=n/a               gold=n/a  correct=True  running‐acc=0.957
[ 347/600] loss=9.6903  pred=true   gold=n/a  running‐acc=0.666
Locality eval: pred=true.             gold=true  correct=True  running‐acc=0.957
[ 348/600] loss=11.1923  pred=n/a    gold=n/a  running‐acc=0.667
Locality eval: pred=true              gold=true  correct=True  running‐acc=0.957
[ 349/600] loss=11.1128  pred=n/a    gold=n/a  running‐acc=0.668
Locality eval: pred=true              gold=true  correct=True  running‐acc=0.957
[ 350/600] loss=10.3307  pred=n/a    gold=n/a  running‐acc=0.669
Locality eval: pred=true              gold=true  correct=True  running‐acc=0.957
[ 351/600] loss=10.8043  pred=n/a    gold=n/a  running‐acc=0.670
Locality eval: pred=true              gold=true  correct=True  running‐acc=0.957
[ 352/600] loss=10.5523  pred=true   gold=n/a  running‐acc=0.668
Locality eval: pred=true              gold=true  correct=True  running‐acc=0.957
[ 353/600] loss=11.5024  pred=n/a    gold=n/a  running‐acc=0.669
Locality eval: pred=true              gold=true  correct=True  running‐acc=0.958
[ 354/600] loss=16.0944  pred=true   gold=true  running‐acc=0.669
Locality eval: pred=n/a               gold=n/a  correct=True  running‐acc=0.958
[ 355/600] loss=14.4796  pred=true   gold=true  running‐acc=0.670
Locality eval: pred=n/a               gold=n/a  correct=True  running‐acc=0.958
[ 356/600] loss=15.1837  pred=n/a    gold=true  running‐acc=0.669
Locality eval: pred=n/a               gold=n/a  correct=True  running‐acc=0.958
[ 357/600] loss=14.7966  pred=true   gold=true  running‐acc=0.669
Locality eval: pred=n/a               gold=n/a  correct=True  running‐acc=0.958
[ 358/600] loss=15.6362  pred=n/a    gold=true  running‐acc=0.668
Locality eval: pred=n/a               gold=n/a  correct=True  running‐acc=0.958
[ 359/600] loss=16.1251  pred=true   gold=true  running‐acc=0.669
Locality eval: pred=n/a               gold=n/a  correct=True  running‐acc=0.958
[ 360/600] loss=10.8280  pred=n/a    gold=n/a  running‐acc=0.669
Locality eval: pred=true              gold=true  correct=True  running‐acc=0.958
[ 361/600] loss=16.0202  pred=true   gold=true  running‐acc=0.670
Locality eval: pred=n/a               gold=n/a  correct=True  running‐acc=0.958
[ 362/600] loss=15.8380  pred=true   gold=true  running‐acc=0.671
Locality eval: pred=n/a               gold=n/a  correct=True  running‐acc=0.959
[ 363/600] loss=11.0998  pred=n/a    gold=n/a  running‐acc=0.672
Locality eval: pred=true              gold=true  correct=True  running‐acc=0.959
[ 364/600] loss=17.1443  pred=true   gold=true  running‐acc=0.673
Locality eval: pred=n/a               gold=n/a  correct=True  running‐acc=0.959
[ 365/600] loss=16.5317  pred=true   gold=true  running‐acc=0.674
Locality eval: pred=n/a               gold=n/a  correct=True  running‐acc=0.959
[ 366/600] loss=11.8119  pred=n/a    gold=n/a  running‐acc=0.675
Locality eval: pred=true              gold=true  correct=True  running‐acc=0.959
[ 367/600] loss=11.0151  pred=false  gold=n/a  running‐acc=0.673
Locality eval: pred=true              gold=true  correct=True  running‐acc=0.959
[ 368/600] loss=15.3784  pred=true   gold=true  running‐acc=0.674
Locality eval: pred=n/a               gold=n/a  correct=True  running‐acc=0.959
[ 369/600] loss=11.1793  pred=n/a    gold=n/a  running‐acc=0.675
Locality eval: pred=true              gold=true  correct=True  running‐acc=0.959
[ 370/600] loss=11.0195  pred=n/a    gold=n/a  running‐acc=0.676
Locality eval: pred=true              gold=true  correct=True  running‐acc=0.959
[ 371/600] loss=15.8612  pred=n/a    gold=true  running‐acc=0.674
Locality eval: pred=n/a               gold=n/a  correct=True  running‐acc=0.960
[ 372/600] loss=14.7201  pred=n/a    gold=true  running‐acc=0.672
Locality eval: pred=n/a               gold=n/a  correct=True  running‐acc=0.960
[ 373/600] loss=15.4865  pred=true   gold=true  running‐acc=0.673
Locality eval: pred=n/a               gold=n/a  correct=True  running‐acc=0.960
[ 374/600] loss=11.1321  pred=n/a    gold=n/a  running‐acc=0.674
Locality eval: pred=true              gold=true  correct=True  running‐acc=0.960
[ 375/600] loss=14.2037  pred=true   gold=true  running‐acc=0.675
Locality eval: pred=n/a               gold=n/a  correct=True  running‐acc=0.960
[ 376/600] loss=15.2607  pred=true   gold=true  running‐acc=0.676
Locality eval: pred=n/a               gold=n/a  correct=True  running‐acc=0.960
[ 377/600] loss=14.9406  pred=n/a    gold=true  running‐acc=0.674
Locality eval: pred=n/a               gold=n/a  correct=True  running‐acc=0.960
[ 378/600] loss=15.2090  pred=true   gold=true  running‐acc=0.675
Locality eval: pred=n/a               gold=n/a  correct=True  running‐acc=0.960
[ 379/600] loss=15.7922  pred=true   gold=true  running‐acc=0.675
Locality eval: pred=n/a               gold=n/a  correct=True  running‐acc=0.960
[ 380/600] loss=14.7567  pred=true   gold=true  running‐acc=0.676
Locality eval: pred=n/a               gold=n/a  correct=True  running‐acc=0.961
[ 381/600] loss=11.4304  pred=n/a    gold=n/a  running‐acc=0.677
Locality eval: pred=true              gold=true  correct=True  running‐acc=0.961
[ 382/600] loss=11.8171  pred=n/a    gold=n/a  running‐acc=0.678
Locality eval: pred=true              gold=true  correct=True  running‐acc=0.961
[ 383/600] loss=10.6059  pred=true   gold=n/a  running‐acc=0.676
Locality eval: pred=true              gold=true  correct=True  running‐acc=0.961
[ 384/600] loss=11.2229  pred=false  gold=n/a  running‐acc=0.674
Locality eval: pred=true              gold=true  correct=True  running‐acc=0.961
[ 385/600] loss=17.3236  pred=false  gold=true  running‐acc=0.673
Locality eval: pred=n/a               gold=n/a  correct=True  running‐acc=0.961
[ 386/600] loss=15.1076  pred=true   gold=true  running‐acc=0.674
Locality eval: pred=n/a               gold=n/a  correct=True  running‐acc=0.961
[ 387/600] loss=11.6505  pred=false  gold=n/a  running‐acc=0.672
Locality eval: pred=true              gold=true  correct=True  running‐acc=0.961
[ 388/600] loss=15.5035  pred=true   gold=true  running‐acc=0.673
Locality eval: pred=n/a               gold=n/a  correct=True  running‐acc=0.961
[ 389/600] loss=11.0088  pred=n/a    gold=n/a  running‐acc=0.674
Locality eval: pred=true              gold=true  correct=True  running‐acc=0.961
[ 390/600] loss=14.5141  pred=true   gold=true  running‐acc=0.674
Locality eval: pred=n/a               gold=n/a  correct=True  running‐acc=0.962
[ 391/600] loss=15.4430  pred=true   gold=true  running‐acc=0.675
Locality eval: pred=n/a               gold=n/a  correct=True  running‐acc=0.962
[ 392/600] loss=10.7504  pred=n/a    gold=n/a  running‐acc=0.676
Locality eval: pred=true              gold=true  correct=True  running‐acc=0.962
[ 393/600] loss=11.0509  pred=false  gold=n/a  running‐acc=0.674
Locality eval: pred=true.             gold=true  correct=True  running‐acc=0.962
[ 394/600] loss=11.2642  pred=n/a    gold=n/a  running‐acc=0.675
Locality eval: pred=true              gold=true  correct=True  running‐acc=0.962
[ 395/600] loss=16.4829  pred=true   gold=true  running‐acc=0.676
Locality eval: pred=n/a               gold=n/a  correct=True  running‐acc=0.962
[ 396/600] loss=16.7236  pred=true   gold=true  running‐acc=0.677
Locality eval: pred=n/a               gold=n/a  correct=True  running‐acc=0.962
[ 397/600] loss=11.7046  pred=n/a    gold=n/a  running‐acc=0.678
Locality eval: pred=true              gold=true  correct=True  running‐acc=0.962
[ 398/600] loss=15.7379  pred=true   gold=true  running‐acc=0.678
Locality eval: pred=n/a               gold=n/a  correct=True  running‐acc=0.962
[ 399/600] loss=11.1381  pred=false  gold=n/a  running‐acc=0.677
Locality eval: pred=true              gold=true  correct=True  running‐acc=0.962
[ 400/600] loss=14.9356  pred=true   gold=true  running‐acc=0.677
Locality eval: pred=n/a               gold=n/a  correct=True  running‐acc=0.963
[ 401/600] loss=16.9796  pred=n/a    gold=true  running‐acc=0.676
Locality eval: pred=n/a               gold=n/a  correct=True  running‐acc=0.963
[ 402/600] loss=12.3183  pred=n/a    gold=n/a  running‐acc=0.677
Locality eval: pred=true              gold=true  correct=True  running‐acc=0.963
[ 403/600] loss=17.4816  pred=false  gold=true  running‐acc=0.675
Locality eval: pred=n/a               gold=n/a  correct=True  running‐acc=0.963
[ 404/600] loss=18.8470  pred=false  gold=true  running‐acc=0.673
Locality eval: pred=n/a               gold=n/a  correct=True  running‐acc=0.963
[ 405/600] loss=10.5757  pred=false  gold=n/a  running‐acc=0.672
Locality eval: pred=true              gold=true  correct=True  running‐acc=0.963
[ 406/600] loss=10.4328  pred=n/a    gold=n/a  running‐acc=0.672
Locality eval: pred=true              gold=true  correct=True  running‐acc=0.963
[ 407/600] loss=15.1707  pred=true.  gold=true  running‐acc=0.673
Locality eval: pred=n/a               gold=n/a  correct=True  running‐acc=0.963
[ 408/600] loss=11.8990  pred=true   gold=n/a  running‐acc=0.672
Locality eval: pred=true              gold=true  correct=True  running‐acc=0.963
[ 409/600] loss=15.9268  pred=false  gold=true  running‐acc=0.670
Locality eval: pred=n/a               gold=n/a  correct=True  running‐acc=0.963
[ 410/600] loss=11.1320  pred=n/a    gold=n/a  running‐acc=0.671
Locality eval: pred=true              gold=true  correct=True  running‐acc=0.963
[ 411/600] loss=15.2228  pred=true   gold=true  running‐acc=0.672
Locality eval: pred=n/a               gold=n/a  correct=True  running‐acc=0.964
[ 412/600] loss=15.4601  pred=n/a    gold=true  running‐acc=0.670
Locality eval: pred=n/a               gold=n/a  correct=True  running‐acc=0.964
[ 413/600] loss=15.6327  pred=false  gold=true  running‐acc=0.668
Locality eval: pred=n/a               gold=n/a  correct=True  running‐acc=0.964
[ 414/600] loss=16.1196  pred=true   gold=true  running‐acc=0.669
Locality eval: pred=false             gold=n/a  correct=False  running‐acc=0.961
[ 415/600] loss=10.7535  pred=false  gold=n/a  running‐acc=0.667
Locality eval: pred=true              gold=true  correct=True  running‐acc=0.961
[ 416/600] loss=15.3303  pred=true.  gold=true  running‐acc=0.668
Locality eval: pred=true              gold=n/a  correct=False  running‐acc=0.959
[ 417/600] loss=11.5673  pred=n/a    gold=n/a  running‐acc=0.669
Locality eval: pred=true              gold=true  correct=True  running‐acc=0.959
[ 418/600] loss=11.3703  pred=n/a    gold=n/a  running‐acc=0.670
Locality eval: pred=true              gold=true  correct=True  running‐acc=0.959
[ 419/600] loss=15.5534  pred=true   gold=true  running‐acc=0.671
Locality eval: pred=n/a               gold=n/a  correct=True  running‐acc=0.959
[ 420/600] loss=15.5327  pred=false  gold=true  running‐acc=0.669
Locality eval: pred=n/a               gold=n/a  correct=True  running‐acc=0.960
[ 421/600] loss=14.7705  pred=true   gold=true  running‐acc=0.670
Locality eval: pred=n/a               gold=n/a  correct=True  running‐acc=0.960
[ 422/600] loss=16.3100  pred=true   gold=true  running‐acc=0.671
Locality eval: pred=n/a               gold=n/a  correct=True  running‐acc=0.960
[ 423/600] loss=14.9891  pred=true   gold=true  running‐acc=0.671
Locality eval: pred=n/a               gold=n/a  correct=True  running‐acc=0.960
[ 424/600] loss=11.3631  pred=n/a    gold=n/a  running‐acc=0.672
Locality eval: pred=true              gold=true  correct=True  running‐acc=0.960
[ 425/600] loss=11.4331  pred=false  gold=n/a  running‐acc=0.671
Locality eval: pred=true              gold=true  correct=True  running‐acc=0.960
[ 426/600] loss=11.1196  pred=n/a    gold=n/a  running‐acc=0.671
Locality eval: pred=true              gold=true  correct=True  running‐acc=0.960
[ 427/600] loss=15.3434  pred=n/a    gold=true  running‐acc=0.670
Locality eval: pred=n/a               gold=n/a  correct=True  running‐acc=0.960
[ 428/600] loss=15.7490  pred=true   gold=true  running‐acc=0.671
Locality eval: pred=n/a               gold=n/a  correct=True  running‐acc=0.960
[ 429/600] loss=15.1758  pred=true   gold=true  running‐acc=0.671
Locality eval: pred=n/a               gold=n/a  correct=True  running‐acc=0.960
[ 430/600] loss=9.8832  pred=true   gold=n/a  running‐acc=0.670
Locality eval: pred=true              gold=true  correct=True  running‐acc=0.960
[ 431/600] loss=17.4694  pred=false  gold=true  running‐acc=0.668
Locality eval: pred=n/a               gold=n/a  correct=True  running‐acc=0.961
[ 432/600] loss=16.3021  pred=true   gold=true  running‐acc=0.669
Locality eval: pred=n/a               gold=n/a  correct=True  running‐acc=0.961
[ 433/600] loss=15.3820  pred=n/a    gold=true  running‐acc=0.667
Locality eval: pred=n/a               gold=n/a  correct=True  running‐acc=0.961
[ 434/600] loss=10.4367  pred=n/a    gold=n/a  running‐acc=0.668
Locality eval: pred=true              gold=true  correct=True  running‐acc=0.961
[ 435/600] loss=11.0201  pred=false  gold=n/a  running‐acc=0.667
Locality eval: pred=true              gold=true  correct=True  running‐acc=0.961
[ 436/600] loss=15.2540  pred=true   gold=true  running‐acc=0.667
Locality eval: pred=n/a               gold=n/a  correct=True  running‐acc=0.961
[ 437/600] loss=15.4966  pred=true   gold=true  running‐acc=0.668
Locality eval: pred=n/a               gold=n/a  correct=True  running‐acc=0.961
[ 438/600] loss=11.0691  pred=n/a    gold=n/a  running‐acc=0.669
Locality eval: pred=true              gold=true  correct=True  running‐acc=0.961
[ 439/600] loss=11.2594  pred=n/a    gold=n/a  running‐acc=0.670
Locality eval: pred=true              gold=true  correct=True  running‐acc=0.961
[ 440/600] loss=15.2210  pred=true   gold=true  running‐acc=0.670
Locality eval: pred=n/a               gold=n/a  correct=True  running‐acc=0.961
[ 441/600] loss=11.3189  pred=n/a    gold=n/a  running‐acc=0.671
Locality eval: pred=true              gold=true  correct=True  running‐acc=0.961
[ 442/600] loss=15.7154  pred=true   gold=true  running‐acc=0.672
Locality eval: pred=n/a               gold=n/a  correct=True  running‐acc=0.962
[ 443/600] loss=15.2156  pred=n/a    gold=true  running‐acc=0.670
Locality eval: pred=n/a               gold=n/a  correct=True  running‐acc=0.962
[ 444/600] loss=14.5656  pred=true   gold=true  running‐acc=0.671
Locality eval: pred=n/a               gold=n/a  correct=True  running‐acc=0.962
[ 445/600] loss=15.1913  pred=true   gold=true  running‐acc=0.672
Locality eval: pred=n/a               gold=n/a  correct=True  running‐acc=0.962
[ 446/600] loss=14.9474  pred=true   gold=true  running‐acc=0.673
Locality eval: pred=n/a               gold=n/a  correct=True  running‐acc=0.962
[ 447/600] loss=14.1160  pred=n/a    gold=true  running‐acc=0.671
Locality eval: pred=n/a               gold=n/a  correct=True  running‐acc=0.962
[ 448/600] loss=13.4921  pred=true   gold=true  running‐acc=0.672
Locality eval: pred=n/a               gold=n/a  correct=True  running‐acc=0.962
[ 449/600] loss=17.2543  pred=true   gold=true  running‐acc=0.673
Locality eval: pred=n/a               gold=n/a  correct=True  running‐acc=0.962
[ 450/600] loss=11.0164  pred=n/a    gold=n/a  running‐acc=0.673
Locality eval: pred=true              gold=true  correct=True  running‐acc=0.962
[ 451/600] loss=16.5157  pred=false  gold=true  running‐acc=0.672
Locality eval: pred=n/a               gold=n/a  correct=True  running‐acc=0.962
[ 452/600] loss=11.2936  pred=n/a    gold=n/a  running‐acc=0.673
Locality eval: pred=true              gold=true  correct=True  running‐acc=0.962
[ 453/600] loss=11.1074  pred=n/a    gold=n/a  running‐acc=0.673
Locality eval: pred=true              gold=true  correct=True  running‐acc=0.962
[ 454/600] loss=9.7164  pred=false  gold=n/a  running‐acc=0.672
Locality eval: pred=true              gold=true  correct=True  running‐acc=0.963
[ 455/600] loss=15.8307  pred=true   gold=true  running‐acc=0.673
Locality eval: pred=n/a               gold=n/a  correct=True  running‐acc=0.963
[ 456/600] loss=10.0198  pred=false  gold=n/a  running‐acc=0.671
Locality eval: pred=true              gold=true  correct=True  running‐acc=0.963
[ 457/600] loss=10.4462  pred=false  gold=n/a  running‐acc=0.670
Locality eval: pred=true              gold=true  correct=True  running‐acc=0.963
[ 458/600] loss=11.8191  pred=n/a    gold=n/a  running‐acc=0.670
Locality eval: pred=true              gold=true  correct=True  running‐acc=0.963
[ 459/600] loss=15.1288  pred=true   gold=true  running‐acc=0.671
Locality eval: pred=n/a               gold=n/a  correct=True  running‐acc=0.963
[ 460/600] loss=14.3692  pred=true   gold=true  running‐acc=0.672
Locality eval: pred=n/a               gold=n/a  correct=True  running‐acc=0.963
[ 461/600] loss=11.7066  pred=n/a    gold=n/a  running‐acc=0.672
Locality eval: pred=true              gold=true  correct=True  running‐acc=0.963
[ 462/600] loss=8.5407  pred=false  gold=n/a  running‐acc=0.671
Locality eval: pred=true              gold=true  correct=True  running‐acc=0.963
[ 463/600] loss=15.9764  pred=true   gold=true  running‐acc=0.672
Locality eval: pred=n/a               gold=n/a  correct=True  running‐acc=0.963
[ 464/600] loss=11.7960  pred=n/a    gold=n/a  running‐acc=0.672
Locality eval: pred=true              gold=true  correct=True  running‐acc=0.963
[ 465/600] loss=11.2160  pred=n/a    gold=n/a  running‐acc=0.673
Locality eval: pred=true              gold=true  correct=True  running‐acc=0.963
[ 466/600] loss=10.4392  pred=n/a    gold=n/a  running‐acc=0.674
Locality eval: pred=true              gold=true  correct=True  running‐acc=0.964
[ 467/600] loss=11.1084  pred=n/a    gold=n/a  running‐acc=0.675
Locality eval: pred=true              gold=true  correct=True  running‐acc=0.964
[ 468/600] loss=11.2330  pred=n/a    gold=n/a  running‐acc=0.675
Locality eval: pred=true              gold=true  correct=True  running‐acc=0.964
[ 469/600] loss=15.4181  pred=true   gold=true  running‐acc=0.676
Locality eval: pred=n/a               gold=n/a  correct=True  running‐acc=0.964
[ 470/600] loss=10.8088  pred=false  gold=n/a  running‐acc=0.674
Locality eval: pred=true              gold=true  correct=True  running‐acc=0.964
[ 471/600] loss=11.5153  pred=n/a    gold=n/a  running‐acc=0.675
Locality eval: pred=true              gold=true  correct=True  running‐acc=0.964
[ 472/600] loss=16.4776  pred=true   gold=true  running‐acc=0.676
Locality eval: pred=n/a               gold=n/a  correct=True  running‐acc=0.964
[ 473/600] loss=11.0596  pred=n/a    gold=n/a  running‐acc=0.677
Locality eval: pred=true              gold=true  correct=True  running‐acc=0.964
[ 474/600] loss=15.0044  pred=true   gold=true  running‐acc=0.677
Locality eval: pred=n/a               gold=n/a  correct=True  running‐acc=0.964
[ 475/600] loss=11.1706  pred=n/a    gold=n/a  running‐acc=0.678
Locality eval: pred=true              gold=true  correct=True  running‐acc=0.964
[ 476/600] loss=14.9532  pred=true   gold=true  running‐acc=0.679
Locality eval: pred=n/a               gold=n/a  correct=True  running‐acc=0.964
[ 477/600] loss=11.5929  pred=n/a    gold=n/a  running‐acc=0.679
Locality eval: pred=true              gold=true  correct=True  running‐acc=0.964
[ 478/600] loss=15.2809  pred=true   gold=true  running‐acc=0.680
Locality eval: pred=n/a               gold=n/a  correct=True  running‐acc=0.964
[ 479/600] loss=10.5066  pred=n/a    gold=n/a  running‐acc=0.681
Locality eval: pred=true              gold=true  correct=True  running‐acc=0.965
[ 480/600] loss=11.1698  pred=n/a    gold=n/a  running‐acc=0.681
Locality eval: pred=true              gold=true  correct=True  running‐acc=0.965
[ 481/600] loss=11.3352  pred=n/a    gold=n/a  running‐acc=0.682
Locality eval: pred=true              gold=true  correct=True  running‐acc=0.965
[ 482/600] loss=16.9054  pred=true   gold=true  running‐acc=0.683
Locality eval: pred=n/a               gold=n/a  correct=True  running‐acc=0.965
[ 483/600] loss=10.0144  pred=n/a    gold=n/a  running‐acc=0.683
Locality eval: pred=true              gold=true  correct=True  running‐acc=0.965
[ 484/600] loss=11.9369  pred=n/a    gold=n/a  running‐acc=0.684
Locality eval: pred=true              gold=true  correct=True  running‐acc=0.965
[ 485/600] loss=10.8229  pred=false  gold=n/a  running‐acc=0.682
Locality eval: pred=true.             gold=true  correct=True  running‐acc=0.965
[ 486/600] loss=11.5827  pred=n/a    gold=n/a  running‐acc=0.683
Locality eval: pred=true              gold=true  correct=True  running‐acc=0.965
[ 487/600] loss=11.5154  pred=n/a    gold=n/a  running‐acc=0.684
Locality eval: pred=true              gold=true  correct=True  running‐acc=0.965
[ 488/600] loss=11.0251  pred=n/a    gold=n/a  running‐acc=0.684
Locality eval: pred=true              gold=true  correct=True  running‐acc=0.965
[ 489/600] loss=11.0157  pred=n/a    gold=n/a  running‐acc=0.685
Locality eval: pred=true              gold=true  correct=True  running‐acc=0.965
[ 490/600] loss=10.6132  pred=false  gold=n/a  running‐acc=0.684
Locality eval: pred=true              gold=true  correct=True  running‐acc=0.965
[ 491/600] loss=9.6013  pred=true   gold=n/a  running‐acc=0.682
Locality eval: pred=true              gold=true  correct=True  running‐acc=0.965
[ 492/600] loss=15.7499  pred=true   gold=true  running‐acc=0.683
Locality eval: pred=n/a               gold=n/a  correct=True  running‐acc=0.965
[ 493/600] loss=10.8846  pred=false  gold=n/a  running‐acc=0.682
Locality eval: pred=true              gold=true  correct=True  running‐acc=0.966
[ 494/600] loss=10.8711  pred=false  gold=n/a  running‐acc=0.680
Locality eval: pred=true              gold=true  correct=True  running‐acc=0.966
[ 495/600] loss=10.9368  pred=n/a    gold=n/a  running‐acc=0.681
Locality eval: pred=true              gold=true  correct=True  running‐acc=0.966
[ 496/600] loss=11.1751  pred=false  gold=n/a  running‐acc=0.679
Locality eval: pred=true              gold=true  correct=True  running‐acc=0.966
[ 497/600] loss=15.6135  pred=true   gold=true  running‐acc=0.680
Locality eval: pred=n/a               gold=n/a  correct=True  running‐acc=0.966
[ 498/600] loss=15.7055  pred=true   gold=true  running‐acc=0.681
Locality eval: pred=n/a               gold=n/a  correct=True  running‐acc=0.966
[ 499/600] loss=10.8909  pred=n/a    gold=n/a  running‐acc=0.681
Locality eval: pred=true              gold=true  correct=True  running‐acc=0.966
[ 500/600] loss=9.8713  pred=true   gold=n/a  running‐acc=0.680
Locality eval: pred=true              gold=true  correct=True  running‐acc=0.966
[ 501/600] loss=10.6977  pred=false  gold=n/a  running‐acc=0.679
Locality eval: pred=true.             gold=true  correct=True  running‐acc=0.966
[ 502/600] loss=9.8047  pred=n/a    gold=n/a  running‐acc=0.679
Locality eval: pred=true              gold=true  correct=True  running‐acc=0.966
[ 503/600] loss=14.3539  pred=true   gold=true  running‐acc=0.680
Locality eval: pred=n/a               gold=n/a  correct=True  running‐acc=0.966
[ 504/600] loss=15.1090  pred=n/a    gold=true  running‐acc=0.679
Locality eval: pred=n/a               gold=n/a  correct=True  running‐acc=0.966
[ 505/600] loss=16.5039  pred=true   gold=true  running‐acc=0.679
Locality eval: pred=true              gold=n/a  correct=False  running‐acc=0.964
[ 506/600] loss=15.8034  pred=false  gold=true  running‐acc=0.678
Locality eval: pred=n/a               gold=n/a  correct=True  running‐acc=0.964
[ 507/600] loss=14.8573  pred=n/a    gold=true  running‐acc=0.677
Locality eval: pred=n/a               gold=n/a  correct=True  running‐acc=0.964
[ 508/600] loss=15.5886  pred=n/a    gold=true  running‐acc=0.675
Locality eval: pred=n/a               gold=n/a  correct=True  running‐acc=0.965
[ 509/600] loss=17.2397  pred=true   gold=true  running‐acc=0.676
Locality eval: pred=n/a               gold=n/a  correct=True  running‐acc=0.965
[ 510/600] loss=16.6565  pred=true   gold=true  running‐acc=0.676
Locality eval: pred=n/a               gold=n/a  correct=True  running‐acc=0.965
[ 511/600] loss=11.4947  pred=n/a    gold=n/a  running‐acc=0.677
Locality eval: pred=true              gold=true  correct=True  running‐acc=0.965
[ 512/600] loss=14.8782  pred=true   gold=true  running‐acc=0.678
Locality eval: pred=n/a               gold=n/a  correct=True  running‐acc=0.965
[ 513/600] loss=11.0079  pred=n/a    gold=n/a  running‐acc=0.678
Locality eval: pred=true              gold=true  correct=True  running‐acc=0.965
[ 514/600] loss=15.5406  pred=false  gold=true  running‐acc=0.677
Locality eval: pred=n/a               gold=n/a  correct=True  running‐acc=0.965
[ 515/600] loss=10.5016  pred=false  gold=n/a  running‐acc=0.676
Locality eval: pred=true              gold=true  correct=True  running‐acc=0.965
[ 516/600] loss=11.7658  pred=n/a    gold=n/a  running‐acc=0.676
Locality eval: pred=true              gold=true  correct=True  running‐acc=0.965
[ 517/600] loss=11.1058  pred=n/a    gold=n/a  running‐acc=0.677
Locality eval: pred=true.             gold=true  correct=True  running‐acc=0.965
[ 518/600] loss=11.5570  pred=n/a    gold=n/a  running‐acc=0.678
Locality eval: pred=true              gold=true  correct=True  running‐acc=0.965
[ 519/600] loss=15.8300  pred=false  gold=true  running‐acc=0.676
Locality eval: pred=n/a               gold=n/a  correct=True  running‐acc=0.965
[ 520/600] loss=15.7356  pred=true   gold=true  running‐acc=0.677
Locality eval: pred=n/a               gold=n/a  correct=True  running‐acc=0.965
[ 521/600] loss=15.1939  pred=true   gold=true  running‐acc=0.678
Locality eval: pred=n/a               gold=n/a  correct=True  running‐acc=0.965
[ 522/600] loss=16.1140  pred=n/a    gold=true  running‐acc=0.676
Locality eval: pred=n/a               gold=n/a  correct=True  running‐acc=0.966
[ 523/600] loss=10.4708  pred=n/a    gold=n/a  running‐acc=0.677
Locality eval: pred=true              gold=true  correct=True  running‐acc=0.966
[ 524/600] loss=15.0883  pred=true   gold=true  running‐acc=0.677
Locality eval: pred=n/a               gold=n/a  correct=True  running‐acc=0.966
[ 525/600] loss=15.5915  pred=true   gold=true  running‐acc=0.678
Locality eval: pred=n/a               gold=n/a  correct=True  running‐acc=0.966
[ 526/600] loss=15.5374  pred=true   gold=true  running‐acc=0.679
Locality eval: pred=n/a               gold=n/a  correct=True  running‐acc=0.966
[ 527/600] loss=10.7458  pred=false  gold=n/a  running‐acc=0.677
Locality eval: pred=true              gold=true  correct=True  running‐acc=0.966
[ 528/600] loss=15.6652  pred=true   gold=true  running‐acc=0.678
Locality eval: pred=n/a               gold=n/a  correct=True  running‐acc=0.966
[ 529/600] loss=10.7213  pred=n/a    gold=n/a  running‐acc=0.679
Locality eval: pred=true              gold=true  correct=True  running‐acc=0.966
[ 530/600] loss=17.4690  pred=false  gold=true  running‐acc=0.677
Locality eval: pred=true              gold=n/a  correct=False  running‐acc=0.964
[ 531/600] loss=11.7742  pred=true   gold=n/a  running‐acc=0.676
Locality eval: pred=true              gold=true  correct=True  running‐acc=0.964
[ 532/600] loss=14.7879  pred=true   gold=true  running‐acc=0.677
Locality eval: pred=n/a               gold=n/a  correct=True  running‐acc=0.964
[ 533/600] loss=10.6487  pred=true   gold=n/a  running‐acc=0.675
Locality eval: pred=true              gold=true  correct=True  running‐acc=0.964
[ 534/600] loss=16.2661  pred=true   gold=true  running‐acc=0.676
Locality eval: pred=n/a               gold=n/a  correct=True  running‐acc=0.964
[ 535/600] loss=15.4306  pred=false  gold=true  running‐acc=0.675
Locality eval: pred=n/a               gold=n/a  correct=True  running‐acc=0.964
[ 536/600] loss=14.5515  pred=true   gold=true  running‐acc=0.675
Locality eval: pred=n/a               gold=n/a  correct=True  running‐acc=0.965
[ 537/600] loss=10.6032  pred=n/a    gold=n/a  running‐acc=0.676
Locality eval: pred=true              gold=true  correct=True  running‐acc=0.965
[ 538/600] loss=17.1120  pred=true   gold=true  running‐acc=0.677
Locality eval: pred=n/a               gold=n/a  correct=True  running‐acc=0.965
[ 539/600] loss=15.7682  pred=true   gold=true  running‐acc=0.677
Locality eval: pred=n/a               gold=n/a  correct=True  running‐acc=0.965
[ 540/600] loss=10.9088  pred=true   gold=n/a  running‐acc=0.676
Locality eval: pred=true              gold=true  correct=True  running‐acc=0.965
[ 541/600] loss=10.4543  pred=n/a    gold=n/a  running‐acc=0.677
Locality eval: pred=true              gold=true  correct=True  running‐acc=0.965
[ 542/600] loss=10.8385  pred=n/a    gold=n/a  running‐acc=0.677
Locality eval: pred=true              gold=true  correct=True  running‐acc=0.965
[ 543/600] loss=11.2647  pred=true   gold=n/a  running‐acc=0.676
Locality eval: pred=true              gold=true  correct=True  running‐acc=0.965
[ 544/600] loss=10.8270  pred=n/a    gold=n/a  running‐acc=0.676
Locality eval: pred=true              gold=true  correct=True  running‐acc=0.965
[ 545/600] loss=15.5498  pred=n/a    gold=true  running‐acc=0.675
Locality eval: pred=n/a               gold=n/a  correct=True  running‐acc=0.965
[ 546/600] loss=11.8870  pred=n/a    gold=n/a  running‐acc=0.676
Locality eval: pred=true              gold=true  correct=True  running‐acc=0.965
[ 547/600] loss=16.3762  pred=true   gold=true  running‐acc=0.676
Locality eval: pred=n/a               gold=n/a  correct=True  running‐acc=0.965
[ 548/600] loss=15.8393  pred=true   gold=true  running‐acc=0.677
Locality eval: pred=n/a               gold=n/a  correct=True  running‐acc=0.965
[ 549/600] loss=15.5477  pred=n/a    gold=true  running‐acc=0.676
Locality eval: pred=n/a               gold=n/a  correct=True  running‐acc=0.965
[ 550/600] loss=11.1899  pred=n/a    gold=n/a  running‐acc=0.676
Locality eval: pred=true              gold=true  correct=True  running‐acc=0.965
[ 551/600] loss=15.8258  pred=true   gold=true  running‐acc=0.677
Locality eval: pred=n/a               gold=n/a  correct=True  running‐acc=0.966
[ 552/600] loss=11.5980  pred=false  gold=n/a  running‐acc=0.676
Locality eval: pred=true              gold=true  correct=True  running‐acc=0.966
[ 553/600] loss=10.6273  pred=n/a    gold=n/a  running‐acc=0.676
Locality eval: pred=true              gold=true  correct=True  running‐acc=0.966
[ 554/600] loss=15.5328  pred=true   gold=true  running‐acc=0.677
Locality eval: pred=n/a               gold=n/a  correct=True  running‐acc=0.966
[ 555/600] loss=11.7858  pred=n/a    gold=n/a  running‐acc=0.677
Locality eval: pred=true              gold=true  correct=True  running‐acc=0.966
[ 556/600] loss=11.2347  pred=n/a    gold=n/a  running‐acc=0.678
Locality eval: pred=true              gold=true  correct=True  running‐acc=0.966
[ 557/600] loss=10.9358  pred=n/a    gold=n/a  running‐acc=0.679
Locality eval: pred=true              gold=true  correct=True  running‐acc=0.966
[ 558/600] loss=15.4072  pred=true   gold=true  running‐acc=0.679
Locality eval: pred=n/a               gold=n/a  correct=True  running‐acc=0.966
[ 559/600] loss=13.9414  pred=true   gold=true  running‐acc=0.680
Locality eval: pred=n/a               gold=n/a  correct=True  running‐acc=0.966
[ 560/600] loss=10.6058  pred=true   gold=n/a  running‐acc=0.679
Locality eval: pred=true              gold=true  correct=True  running‐acc=0.966
[ 561/600] loss=15.8480  pred=true   gold=true  running‐acc=0.679
Locality eval: pred=false             gold=n/a  correct=False  running‐acc=0.964
[ 562/600] loss=15.2220  pred=true   gold=true  running‐acc=0.680
Locality eval: pred=n/a               gold=n/a  correct=True  running‐acc=0.964
[ 563/600] loss=10.7836  pred=n/a    gold=n/a  running‐acc=0.680
Locality eval: pred=true              gold=true  correct=True  running‐acc=0.964
[ 564/600] loss=16.3051  pred=n/a    gold=true  running‐acc=0.679
Locality eval: pred=n/a               gold=n/a  correct=True  running‐acc=0.965
[ 565/600] loss=11.1396  pred=false  gold=n/a  running‐acc=0.678
Locality eval: pred=true              gold=true  correct=True  running‐acc=0.965
[ 566/600] loss=14.7344  pred=false  gold=true  running‐acc=0.677
Locality eval: pred=n/a               gold=n/a  correct=True  running‐acc=0.965
[ 567/600] loss=16.2659  pred=true   gold=true  running‐acc=0.677
Locality eval: pred=true              gold=n/a  correct=False  running‐acc=0.963
[ 568/600] loss=10.5016  pred=false  gold=n/a  running‐acc=0.676
Locality eval: pred=true              gold=true  correct=True  running‐acc=0.963
[ 569/600] loss=17.3084  pred=n/a    gold=true  running‐acc=0.675
Locality eval: pred=n/a               gold=n/a  correct=True  running‐acc=0.963
[ 570/600] loss=15.4468  pred=true   gold=true  running‐acc=0.675
Locality eval: pred=n/a               gold=n/a  correct=True  running‐acc=0.963
[ 571/600] loss=15.1714  pred=false  gold=true  running‐acc=0.674
Locality eval: pred=n/a               gold=n/a  correct=True  running‐acc=0.963
[ 572/600] loss=15.6279  pred=n/a    gold=true  running‐acc=0.673
Locality eval: pred=n/a               gold=n/a  correct=True  running‐acc=0.963
[ 573/600] loss=16.1218  pred=true   gold=true  running‐acc=0.674
Locality eval: pred=n/a               gold=n/a  correct=True  running‐acc=0.963
[ 574/600] loss=17.4510  pred=n/a    gold=true  running‐acc=0.672
Locality eval: pred=n/a               gold=n/a  correct=True  running‐acc=0.963
[ 575/600] loss=15.8435  pred=true   gold=true  running‐acc=0.673
Locality eval: pred=n/a               gold=n/a  correct=True  running‐acc=0.963
[ 576/600] loss=16.7825  pred=true   gold=true  running‐acc=0.674
Locality eval: pred=n/a               gold=n/a  correct=True  running‐acc=0.964
[ 577/600] loss=14.3220  pred=true   gold=true  running‐acc=0.674
Locality eval: pred=n/a               gold=n/a  correct=True  running‐acc=0.964
[ 578/600] loss=10.8944  pred=false  gold=n/a  running‐acc=0.673
Locality eval: pred=true              gold=true  correct=True  running‐acc=0.964
[ 579/600] loss=17.7843  pred=true   gold=true  running‐acc=0.674
Locality eval: pred=n/a               gold=n/a  correct=True  running‐acc=0.964
[ 580/600] loss=12.0563  pred=n/a    gold=n/a  running‐acc=0.674
Locality eval: pred=true              gold=true  correct=True  running‐acc=0.964
[ 581/600] loss=11.5467  pred=n/a    gold=n/a  running‐acc=0.675
Locality eval: pred=true              gold=true  correct=True  running‐acc=0.964
[ 582/600] loss=11.4389  pred=true   gold=n/a  running‐acc=0.674
Locality eval: pred=true              gold=true  correct=True  running‐acc=0.964
[ 583/600] loss=11.4128  pred=false  gold=n/a  running‐acc=0.672
Locality eval: pred=true              gold=true  correct=True  running‐acc=0.964
[ 584/600] loss=11.6795  pred=n/a    gold=n/a  running‐acc=0.673
Locality eval: pred=true              gold=true  correct=True  running‐acc=0.964
[ 585/600] loss=11.7737  pred=n/a    gold=n/a  running‐acc=0.674
Locality eval: pred=true              gold=true  correct=True  running‐acc=0.964
[ 586/600] loss=9.6941  pred=true   gold=n/a  running‐acc=0.672
Locality eval: pred=true              gold=true  correct=True  running‐acc=0.964
[ 587/600] loss=15.3722  pred=true   gold=true  running‐acc=0.673
Locality eval: pred=n/a               gold=n/a  correct=True  running‐acc=0.964
[ 588/600] loss=15.1722  pred=n/a    gold=true  running‐acc=0.672
Locality eval: pred=n/a               gold=n/a  correct=True  running‐acc=0.964
[ 589/600] loss=15.6617  pred=false  gold=true  running‐acc=0.671
Locality eval: pred=n/a               gold=n/a  correct=True  running‐acc=0.964
[ 590/600] loss=15.7653  pred=true   gold=true  running‐acc=0.671
Locality eval: pred=n/a               gold=n/a  correct=True  running‐acc=0.964
[ 591/600] loss=14.5917  pred=true   gold=true  running‐acc=0.672
Locality eval: pred=n/a               gold=n/a  correct=True  running‐acc=0.964
[ 592/600] loss=10.9332  pred=false.  gold=n/a  running‐acc=0.671
Locality eval: pred=true              gold=true  correct=True  running‐acc=0.965
[ 593/600] loss=14.9712  pred=true   gold=true  running‐acc=0.671
Locality eval: pred=n/a               gold=n/a  correct=True  running‐acc=0.965
[ 594/600] loss=10.0249  pred=true   gold=n/a  running‐acc=0.670
Locality eval: pred=true              gold=true  correct=True  running‐acc=0.965
[ 595/600] loss=14.8441  pred=n/a    gold=true  running‐acc=0.669
Locality eval: pred=n/a               gold=n/a  correct=True  running‐acc=0.965
[ 596/600] loss=10.7132  pred=n/a    gold=n/a  running‐acc=0.669
Locality eval: pred=true              gold=true  correct=True  running‐acc=0.965
[ 597/600] loss=11.0546  pred=true   gold=n/a  running‐acc=0.668
Locality eval: pred=true              gold=true  correct=True  running‐acc=0.965
[ 598/600] loss=15.6394  pred=n/a    gold=true  running‐acc=0.667
Locality eval: pred=n/a               gold=n/a  correct=True  running‐acc=0.965
[ 599/600] loss=15.5465  pred=true   gold=true  running‐acc=0.668
Locality eval: pred=n/a               gold=n/a  correct=True  running‐acc=0.965
[ 600/600] loss=11.6598  pred=n/a    gold=n/a  running‐acc=0.668
Locality eval: pred=true              gold=true  correct=True  running‐acc=0.965

Finished in 3015.3s.  Final accuracy: 0.668.

