Sliding Window Attention is enabled but not implemented for `sdpa`; unexpected results may be encountered.

Loading base model (4‐bit)…
Loading checkpoint shards:   0%|          | 0/4 [00:00<?, ?it/s]Loading checkpoint shards:  25%|██▌       | 1/4 [00:05<00:17,  5.97s/it]Loading checkpoint shards:  50%|█████     | 2/4 [00:13<00:14,  7.12s/it]Loading checkpoint shards:  75%|███████▌  | 3/4 [00:21<00:07,  7.27s/it]Loading checkpoint shards: 100%|██████████| 4/4 [00:25<00:00,  6.11s/it]Loading checkpoint shards: 100%|██████████| 4/4 [00:25<00:00,  6.42s/it]
trainable params: 5,046,272 || all params: 7,620,662,784 || trainable%: 0.0662
  0%|          | 0/600 [00:00<?, ?it/s]100%|██████████| 600/600 [00:00<00:00, 21417.18it/s]
/project/uvadm/zhenyu/miniconda3/envs/mechanistic/lib/python3.10/site-packages/transformers/generation/configuration_utils.py:631: UserWarning: `do_sample` is set to `False`. However, `temperature` is set to `0.7` -- this flag is only used in sample-based generation modes. You should set `do_sample=True` or unset `temperature`.
  warnings.warn(
/project/uvadm/zhenyu/miniconda3/envs/mechanistic/lib/python3.10/site-packages/transformers/generation/configuration_utils.py:636: UserWarning: `do_sample` is set to `False`. However, `top_p` is set to `0.8` -- this flag is only used in sample-based generation modes. You should set `do_sample=True` or unset `top_p`.
  warnings.warn(
/project/uvadm/zhenyu/miniconda3/envs/mechanistic/lib/python3.10/site-packages/transformers/generation/configuration_utils.py:653: UserWarning: `do_sample` is set to `False`. However, `top_k` is set to `20` -- this flag is only used in sample-based generation modes. You should set `do_sample=True` or unset `top_k`.
  warnings.warn(
Loaded 600 (train, eval) pairs.

Starting sequential training…
Cached 112 LoRA tensors.
[   1/600] loss=0.3598  pred=true   gold=true  running‐acc=1.000
Locality eval: pred=true              gold=n/a  correct=False  running‐acc=0.000
[   2/600] loss=0.7939  pred=true   gold=true  running‐acc=1.000
Locality eval: pred=n/a               gold=n/a  correct=True  running‐acc=0.500
[   3/600] loss=0.2965  pred=true   gold=true  running‐acc=1.000
Locality eval: pred=n/a               gold=n/a  correct=True  running‐acc=0.667
[   4/600] loss=0.4205  pred=true   gold=true  running‐acc=1.000
Locality eval: pred=false             gold=n/a  correct=False  running‐acc=0.500
[   5/600] loss=0.7890  pred=true   gold=true  running‐acc=1.000
Locality eval: pred=n/a               gold=n/a  correct=True  running‐acc=0.600
[   6/600] loss=1.0658  pred=true   gold=true  running‐acc=1.000
Locality eval: pred=n/a               gold=n/a  correct=True  running‐acc=0.667
[   7/600] loss=1.0183  pred=true.  gold=n/a  running‐acc=0.857
Locality eval: pred=true              gold=true  correct=True  running‐acc=0.714
[   8/600] loss=1.0029  pred=n/a    gold=n/a  running‐acc=0.875
Locality eval: pred=true.             gold=true  correct=True  running‐acc=0.750
[   9/600] loss=0.8355  pred=       gold=true  running‐acc=0.778
Locality eval: pred=false             gold=n/a  correct=False  running‐acc=0.667
[  10/600] loss=0.9138  pred=true   gold=true  running‐acc=0.800
Locality eval: pred=n/a               gold=n/a  correct=True  running‐acc=0.700
[  11/600] loss=1.4093  pred=n/a    gold=true  running‐acc=0.727
Locality eval: pred=true              gold=n/a  correct=False  running‐acc=0.636
[  12/600] loss=0.6483  pred=true   gold=true  running‐acc=0.750
Locality eval: pred=false             gold=n/a  correct=False  running‐acc=0.583
[  13/600] loss=0.5748  pred=true   gold=n/a  running‐acc=0.692
Locality eval: pred=true              gold=true  correct=True  running‐acc=0.615
[  14/600] loss=0.7733  pred=n/a    gold=n/a  running‐acc=0.714
Locality eval: pred=true.             gold=true  correct=True  running‐acc=0.643
[  15/600] loss=0.2726  pred=true   gold=true  running‐acc=0.733
Locality eval: pred=n/a               gold=n/a  correct=True  running‐acc=0.667
[  16/600] loss=1.2790  pred=n/a    gold=n/a  running‐acc=0.750
Locality eval: pred=true              gold=true  correct=True  running‐acc=0.688
[  17/600] loss=1.0106  pred=n/a    gold=n/a  running‐acc=0.765
Locality eval: pred=true.             gold=true  correct=True  running‐acc=0.706
[  18/600] loss=0.1796  pred=true   gold=true  running‐acc=0.778
Locality eval: pred=n/a               gold=n/a  correct=True  running‐acc=0.722
[  19/600] loss=1.0385  pred=true   gold=true  running‐acc=0.789
Locality eval: pred=                  gold=n/a  correct=False  running‐acc=0.684
[  20/600] loss=0.6905  pred=n/a    gold=n/a  running‐acc=0.800
Locality eval: pred=true              gold=true  correct=True  running‐acc=0.700
[  21/600] loss=1.2742  pred=false  gold=n/a  running‐acc=0.762
Locality eval: pred=true.             gold=true  correct=True  running‐acc=0.714
[  22/600] loss=0.8407  pred=n/a    gold=n/a  running‐acc=0.773
Locality eval: pred=true              gold=true  correct=True  running‐acc=0.727
[  23/600] loss=1.0558  pred=n/a    gold=n/a  running‐acc=0.783
Locality eval: pred=true              gold=true  correct=True  running‐acc=0.739
[  24/600] loss=0.7115  pred=n/a    gold=n/a  running‐acc=0.792
Locality eval: pred=true              gold=true  correct=True  running‐acc=0.750
[  25/600] loss=0.5848  pred=true   gold=true  running‐acc=0.800
Locality eval: pred=false             gold=n/a  correct=False  running‐acc=0.720
[  26/600] loss=1.1708  pred=n/a    gold=n/a  running‐acc=0.808
Locality eval: pred=true              gold=true  correct=True  running‐acc=0.731
[  27/600] loss=0.8422  pred=n/a    gold=n/a  running‐acc=0.815
Locality eval: pred=true.             gold=true  correct=True  running‐acc=0.741
[  28/600] loss=0.8835  pred=true.  gold=n/a  running‐acc=0.786
Locality eval: pred=true              gold=true  correct=True  running‐acc=0.750
[  29/600] loss=0.4810  pred=n/a    gold=n/a  running‐acc=0.793
Locality eval: pred=true              gold=true  correct=True  running‐acc=0.759
[  30/600] loss=1.3375  pred=n/a    gold=n/a  running‐acc=0.800
Locality eval: pred=true.             gold=true  correct=True  running‐acc=0.767
[  31/600] loss=0.2422  pred=true   gold=true  running‐acc=0.806
Locality eval: pred=                  gold=n/a  correct=False  running‐acc=0.742
[  32/600] loss=0.5080  pred=n/a    gold=n/a  running‐acc=0.812
Locality eval: pred=true              gold=true  correct=True  running‐acc=0.750
[  33/600] loss=0.8107  pred=false.  gold=n/a  running‐acc=0.788
Locality eval: pred=true              gold=true  correct=True  running‐acc=0.758
[  34/600] loss=1.2840  pred=n/a    gold=n/a  running‐acc=0.794
Locality eval: pred=true.             gold=true  correct=True  running‐acc=0.765
[  35/600] loss=0.5429  pred=n/a    gold=true  running‐acc=0.771
Locality eval: pred=n/a               gold=n/a  correct=True  running‐acc=0.771
[  36/600] loss=0.3942  pred=n/a    gold=n/a  running‐acc=0.778
Locality eval: pred=true              gold=true  correct=True  running‐acc=0.778
[  37/600] loss=0.8067  pred=true   gold=true  running‐acc=0.784
Locality eval: pred=true              gold=n/a  correct=False  running‐acc=0.757
[  38/600] loss=0.6624  pred=n/a    gold=n/a  running‐acc=0.789
Locality eval: pred=true              gold=true  correct=True  running‐acc=0.763
[  39/600] loss=1.3470  pred=true   gold=true  running‐acc=0.795
Locality eval: pred=n/a               gold=n/a  correct=True  running‐acc=0.769
[  40/600] loss=0.8194  pred=n/a    gold=true  running‐acc=0.775
Locality eval: pred=n/a               gold=n/a  correct=True  running‐acc=0.775
[  41/600] loss=0.3703  pred=true   gold=true  running‐acc=0.780
Locality eval: pred=n/a               gold=n/a  correct=True  running‐acc=0.780
[  42/600] loss=0.7646  pred=false.  gold=n/a  running‐acc=0.762
Locality eval: pred=true              gold=true  correct=True  running‐acc=0.786
[  43/600] loss=0.0079  pred=true   gold=true  running‐acc=0.767
Locality eval: pred=n/a               gold=n/a  correct=True  running‐acc=0.791
[  44/600] loss=0.7997  pred=n/a    gold=n/a  running‐acc=0.773
Locality eval: pred=true.             gold=true  correct=True  running‐acc=0.795
[  45/600] loss=1.0491  pred=n/a    gold=n/a  running‐acc=0.778
Locality eval: pred=true.             gold=true  correct=True  running‐acc=0.800
[  46/600] loss=0.6353  pred=true   gold=true  running‐acc=0.783
Locality eval: pred=n/a               gold=n/a  correct=True  running‐acc=0.804
[  47/600] loss=0.0375  pred=true   gold=true  running‐acc=0.787
Locality eval: pred=false.            gold=n/a  correct=False  running‐acc=0.787
[  48/600] loss=1.3965  pred=n/a    gold=n/a  running‐acc=0.792
Locality eval: pred=true              gold=true  correct=True  running‐acc=0.792
[  49/600] loss=0.8111  pred=true   gold=true  running‐acc=0.796
Locality eval: pred=n/a               gold=n/a  correct=True  running‐acc=0.796
[  50/600] loss=0.9320  pred=n/a    gold=n/a  running‐acc=0.800
Locality eval: pred=                  gold=true  correct=False  running‐acc=0.780
[  51/600] loss=0.5178  pred=true   gold=true  running‐acc=0.804
Locality eval: pred=n/a               gold=n/a  correct=True  running‐acc=0.784
[  52/600] loss=0.2109  pred=true   gold=true  running‐acc=0.808
Locality eval: pred=n/a               gold=n/a  correct=True  running‐acc=0.788
[  53/600] loss=0.9009  pred=n/a    gold=n/a  running‐acc=0.811
Locality eval: pred=true              gold=true  correct=True  running‐acc=0.792
[  54/600] loss=0.8658  pred=true   gold=true  running‐acc=0.815
Locality eval: pred=true              gold=n/a  correct=False  running‐acc=0.778
[  55/600] loss=0.7339  pred=n/a    gold=n/a  running‐acc=0.818
Locality eval: pred=true              gold=true  correct=True  running‐acc=0.782
[  56/600] loss=0.7074  pred=n/a    gold=n/a  running‐acc=0.821
Locality eval: pred=true              gold=true  correct=True  running‐acc=0.786
[  57/600] loss=0.2327  pred=true   gold=true  running‐acc=0.825
Locality eval: pred=n/a               gold=n/a  correct=True  running‐acc=0.789
[  58/600] loss=0.3238  pred=true   gold=true  running‐acc=0.828
Locality eval: pred=n/a               gold=n/a  correct=True  running‐acc=0.793
[  59/600] loss=0.0607  pred=true   gold=true  running‐acc=0.831
Locality eval: pred=n/a               gold=n/a  correct=True  running‐acc=0.797
[  60/600] loss=0.0082  pred=true   gold=true  running‐acc=0.833
Locality eval: pred=n/a               gold=n/a  correct=True  running‐acc=0.800
[  61/600] loss=0.9914  pred=true   gold=true  running‐acc=0.836
Locality eval: pred=false             gold=n/a  correct=False  running‐acc=0.787
[  62/600] loss=0.6444  pred=n/a    gold=true  running‐acc=0.823
Locality eval: pred=n/a               gold=n/a  correct=True  running‐acc=0.790
[  63/600] loss=0.5814  pred=n/a    gold=n/a  running‐acc=0.825
Locality eval: pred=                  gold=true  correct=False  running‐acc=0.778
[  64/600] loss=1.1910  pred=false  gold=n/a  running‐acc=0.812
Locality eval: pred=true              gold=true  correct=True  running‐acc=0.781
[  65/600] loss=0.7344  pred=n/a    gold=n/a  running‐acc=0.815
Locality eval: pred=true              gold=true  correct=True  running‐acc=0.785
[  66/600] loss=0.5579  pred=true   gold=true  running‐acc=0.818
Locality eval: pred=false             gold=n/a  correct=False  running‐acc=0.773
[  67/600] loss=0.0994  pred=true   gold=true  running‐acc=0.821
Locality eval: pred=n/a               gold=n/a  correct=True  running‐acc=0.776
[  68/600] loss=1.0169  pred=true   gold=true  running‐acc=0.824
Locality eval: pred=true              gold=n/a  correct=False  running‐acc=0.765
[  69/600] loss=1.3683  pred=n/a    gold=n/a  running‐acc=0.826
Locality eval: pred=true              gold=true  correct=True  running‐acc=0.768
[  70/600] loss=0.3055  pred=n/a    gold=n/a  running‐acc=0.829
Locality eval: pred=true              gold=true  correct=True  running‐acc=0.771
[  71/600] loss=1.0592  pred=n/a    gold=n/a  running‐acc=0.831
Locality eval: pred=true              gold=true  correct=True  running‐acc=0.775
[  72/600] loss=1.0885  pred=n/a    gold=n/a  running‐acc=0.833
Locality eval: pred=true              gold=true  correct=True  running‐acc=0.778
[  73/600] loss=0.5491  pred=true   gold=true  running‐acc=0.836
Locality eval: pred=n/a               gold=n/a  correct=True  running‐acc=0.781
[  74/600] loss=1.1498  pred=false  gold=n/a  running‐acc=0.824
Locality eval: pred=true              gold=true  correct=True  running‐acc=0.784
[  75/600] loss=0.9089  pred=n/a    gold=n/a  running‐acc=0.827
Locality eval: pred=true              gold=true  correct=True  running‐acc=0.787
[  76/600] loss=1.0118  pred=true   gold=true  running‐acc=0.829
Locality eval: pred=true              gold=n/a  correct=False  running‐acc=0.776
[  77/600] loss=0.6887  pred=true   gold=true  running‐acc=0.831
Locality eval: pred=n/a               gold=n/a  correct=True  running‐acc=0.779
[  78/600] loss=0.6535  pred=n/a    gold=n/a  running‐acc=0.833
Locality eval: pred=true.             gold=true  correct=True  running‐acc=0.782
[  79/600] loss=0.6517  pred=true   gold=true  running‐acc=0.835
Locality eval: pred=n/a               gold=n/a  correct=True  running‐acc=0.785
[  80/600] loss=0.9823  pred=false  gold=n/a  running‐acc=0.825
Locality eval: pred=true.             gold=true  correct=True  running‐acc=0.787
[  81/600] loss=1.2394  pred=       gold=n/a  running‐acc=0.815
Locality eval: pred=true              gold=true  correct=True  running‐acc=0.790
[  82/600] loss=0.9440  pred=true   gold=true  running‐acc=0.817
Locality eval: pred=false             gold=n/a  correct=False  running‐acc=0.780
[  83/600] loss=0.7418  pred=true.  gold=n/a  running‐acc=0.807
Locality eval: pred=true.             gold=true  correct=True  running‐acc=0.783
[  84/600] loss=1.0353  pred=true   gold=true  running‐acc=0.810
Locality eval: pred=n/a               gold=n/a  correct=True  running‐acc=0.786
[  85/600] loss=0.5934  pred=n/a    gold=n/a  running‐acc=0.812
Locality eval: pred=true.             gold=true  correct=True  running‐acc=0.788
[  86/600] loss=0.5261  pred=n/a    gold=n/a  running‐acc=0.814
Locality eval: pred=true.             gold=true  correct=True  running‐acc=0.791
[  87/600] loss=1.1553  pred=n/a    gold=n/a  running‐acc=0.816
Locality eval: pred=true.             gold=true  correct=True  running‐acc=0.793
[  88/600] loss=1.2750  pred=true   gold=true  running‐acc=0.818
Locality eval: pred=n/a               gold=n/a  correct=True  running‐acc=0.795
[  89/600] loss=0.2636  pred=true   gold=true  running‐acc=0.820
Locality eval: pred=n/a               gold=n/a  correct=True  running‐acc=0.798
[  90/600] loss=0.2347  pred=n/a    gold=n/a  running‐acc=0.822
Locality eval: pred=true              gold=true  correct=True  running‐acc=0.800
[  91/600] loss=0.1622  pred=n/a    gold=n/a  running‐acc=0.824
Locality eval: pred=true.             gold=true  correct=True  running‐acc=0.802
[  92/600] loss=0.1170  pred=false  gold=true  running‐acc=0.815
Locality eval: pred=n/a               gold=n/a  correct=True  running‐acc=0.804
[  93/600] loss=1.0759  pred=n/a    gold=n/a  running‐acc=0.817
Locality eval: pred=true              gold=true  correct=True  running‐acc=0.806
[  94/600] loss=1.2388  pred=n/a    gold=n/a  running‐acc=0.819
Locality eval: pred=true              gold=true  correct=True  running‐acc=0.809
[  95/600] loss=0.3000  pred=true   gold=true  running‐acc=0.821
Locality eval: pred=n/a               gold=n/a  correct=True  running‐acc=0.811
[  96/600] loss=0.4270  pred=n/a    gold=n/a  running‐acc=0.823
Locality eval: pred=true              gold=true  correct=True  running‐acc=0.812
[  97/600] loss=0.0999  pred=n/a    gold=n/a  running‐acc=0.825
Locality eval: pred=true.             gold=true  correct=True  running‐acc=0.814
[  98/600] loss=1.5771  pred=       gold=n/a  running‐acc=0.816
Locality eval: pred=true              gold=true  correct=True  running‐acc=0.816
[  99/600] loss=0.1531  pred=true   gold=true  running‐acc=0.818
Locality eval: pred=n/a               gold=n/a  correct=True  running‐acc=0.818
[ 100/600] loss=1.0216  pred=true   gold=true  running‐acc=0.820
Locality eval: pred=n/a               gold=n/a  correct=True  running‐acc=0.820
[ 101/600] loss=0.4199  pred=n/a    gold=n/a  running‐acc=0.822
Locality eval: pred=true              gold=true  correct=True  running‐acc=0.822
[ 102/600] loss=0.4439  pred=       gold=true  running‐acc=0.814
Locality eval: pred=n/a               gold=n/a  correct=True  running‐acc=0.824
[ 103/600] loss=1.0866  pred=n/a    gold=n/a  running‐acc=0.816
Locality eval: pred=true              gold=true  correct=True  running‐acc=0.825
[ 104/600] loss=0.4646  pred=true   gold=true  running‐acc=0.817
Locality eval: pred=true              gold=n/a  correct=False  running‐acc=0.817
[ 105/600] loss=0.2428  pred=true   gold=true  running‐acc=0.819
Locality eval: pred=n/a               gold=n/a  correct=True  running‐acc=0.819
[ 106/600] loss=0.1564  pred=true   gold=true  running‐acc=0.821
Locality eval: pred=n/a               gold=n/a  correct=True  running‐acc=0.821
[ 107/600] loss=0.0644  pred=true   gold=true  running‐acc=0.822
Locality eval: pred=false             gold=n/a  correct=False  running‐acc=0.813
[ 108/600] loss=0.0315  pred=true   gold=true  running‐acc=0.824
Locality eval: pred=n/a               gold=n/a  correct=True  running‐acc=0.815
[ 109/600] loss=0.0975  pred=true   gold=true  running‐acc=0.826
Locality eval: pred=true              gold=n/a  correct=False  running‐acc=0.807
[ 110/600] loss=0.2853  pred=true   gold=true  running‐acc=0.827
Locality eval: pred=false             gold=n/a  correct=False  running‐acc=0.800
[ 111/600] loss=0.1486  pred=true   gold=true  running‐acc=0.829
Locality eval: pred=n/a               gold=n/a  correct=True  running‐acc=0.802
[ 112/600] loss=0.4886  pred=true   gold=true  running‐acc=0.830
Locality eval: pred=n/a               gold=n/a  correct=True  running‐acc=0.804
[ 113/600] loss=0.3717  pred=n/a    gold=n/a  running‐acc=0.832
Locality eval: pred=true              gold=true  correct=True  running‐acc=0.805
[ 114/600] loss=0.3627  pred=       gold=n/a  running‐acc=0.825
Locality eval: pred=true.             gold=true  correct=True  running‐acc=0.807
[ 115/600] loss=0.6430  pred=true   gold=n/a  running‐acc=0.817
Locality eval: pred=true              gold=true  correct=True  running‐acc=0.809
[ 116/600] loss=0.2620  pred=true   gold=true  running‐acc=0.819
Locality eval: pred=                  gold=n/a  correct=False  running‐acc=0.802
[ 117/600] loss=0.3517  pred=n/a    gold=n/a  running‐acc=0.821
Locality eval: pred=true              gold=true  correct=True  running‐acc=0.803
[ 118/600] loss=1.0020  pred=n/a    gold=n/a  running‐acc=0.822
Locality eval: pred=true              gold=true  correct=True  running‐acc=0.805
[ 119/600] loss=1.0956  pred=n/a    gold=n/a  running‐acc=0.824
Locality eval: pred=true              gold=true  correct=True  running‐acc=0.807
[ 120/600] loss=0.5230  pred=false  gold=n/a  running‐acc=0.817
Locality eval: pred=true              gold=true  correct=True  running‐acc=0.808
[ 121/600] loss=0.1651  pred=true   gold=true  running‐acc=0.818
Locality eval: pred=false.            gold=n/a  correct=False  running‐acc=0.802
[ 122/600] loss=0.6723  pred=true   gold=true  running‐acc=0.820
Locality eval: pred=true              gold=n/a  correct=False  running‐acc=0.795
[ 123/600] loss=0.9078  pred=false.  gold=n/a  running‐acc=0.813
Locality eval: pred=true              gold=true  correct=True  running‐acc=0.797
[ 124/600] loss=1.1132  pred=n/a    gold=n/a  running‐acc=0.815
Locality eval: pred=true.             gold=true  correct=True  running‐acc=0.798
[ 125/600] loss=1.1393  pred=true   gold=n/a  running‐acc=0.808
Locality eval: pred=true              gold=true  correct=True  running‐acc=0.800
[ 126/600] loss=0.7700  pred=true   gold=true  running‐acc=0.810
Locality eval: pred=true              gold=n/a  correct=False  running‐acc=0.794
[ 127/600] loss=0.5674  pred=true   gold=true  running‐acc=0.811
Locality eval: pred=true              gold=n/a  correct=False  running‐acc=0.787
[ 128/600] loss=1.3458  pred=n/a    gold=n/a  running‐acc=0.812
Locality eval: pred=true              gold=true  correct=True  running‐acc=0.789
[ 129/600] loss=0.0823  pred=true   gold=true  running‐acc=0.814
Locality eval: pred=n/a               gold=n/a  correct=True  running‐acc=0.791
[ 130/600] loss=0.4879  pred=n/a    gold=n/a  running‐acc=0.815
Locality eval: pred=true.             gold=true  correct=True  running‐acc=0.792
[ 131/600] loss=1.2780  pred=true   gold=true  running‐acc=0.817
Locality eval: pred=true              gold=n/a  correct=False  running‐acc=0.786
[ 132/600] loss=0.2961  pred=n/a    gold=n/a  running‐acc=0.818
Locality eval: pred=true              gold=true  correct=True  running‐acc=0.788
[ 133/600] loss=0.4065  pred=n/a    gold=n/a  running‐acc=0.820
Locality eval: pred=true.             gold=true  correct=True  running‐acc=0.789
[ 134/600] loss=0.1021  pred=true   gold=true  running‐acc=0.821
Locality eval: pred=n/a               gold=n/a  correct=True  running‐acc=0.791
[ 135/600] loss=0.7466  pred=true   gold=true  running‐acc=0.822
Locality eval: pred=n/a               gold=n/a  correct=True  running‐acc=0.793
[ 136/600] loss=0.7258  pred=n/a    gold=n/a  running‐acc=0.824
Locality eval: pred=true              gold=true  correct=True  running‐acc=0.794
[ 137/600] loss=0.4427  pred=true   gold=true  running‐acc=0.825
Locality eval: pred=n/a               gold=n/a  correct=True  running‐acc=0.796
[ 138/600] loss=2.0363  pred=true   gold=true  running‐acc=0.826
Locality eval: pred=n/a               gold=n/a  correct=True  running‐acc=0.797
[ 139/600] loss=0.5969  pred=n/a    gold=n/a  running‐acc=0.827
Locality eval: pred=true              gold=true  correct=True  running‐acc=0.799
[ 140/600] loss=0.7097  pred=n/a    gold=n/a  running‐acc=0.829
Locality eval: pred=true              gold=true  correct=True  running‐acc=0.800
[ 141/600] loss=1.1580  pred=false  gold=n/a  running‐acc=0.823
Locality eval: pred=true              gold=true  correct=True  running‐acc=0.801
[ 142/600] loss=1.0447  pred=n/a    gold=n/a  running‐acc=0.824
Locality eval: pred=true              gold=true  correct=True  running‐acc=0.803
[ 143/600] loss=0.1171  pred=true   gold=true  running‐acc=0.825
Locality eval: pred=true              gold=n/a  correct=False  running‐acc=0.797
[ 144/600] loss=0.1987  pred=true   gold=true  running‐acc=0.826
Locality eval: pred=false             gold=n/a  correct=False  running‐acc=0.792
[ 145/600] loss=0.6241  pred=true   gold=true  running‐acc=0.828
Locality eval: pred=n/a               gold=n/a  correct=True  running‐acc=0.793
[ 146/600] loss=0.2503  pred=true   gold=true  running‐acc=0.829
Locality eval: pred=n/a               gold=n/a  correct=True  running‐acc=0.795
[ 147/600] loss=0.9842  pred=n/a    gold=n/a  running‐acc=0.830
Locality eval: pred=true              gold=true  correct=True  running‐acc=0.796
[ 148/600] loss=0.3009  pred=true   gold=true  running‐acc=0.831
Locality eval: pred=false             gold=n/a  correct=False  running‐acc=0.791
[ 149/600] loss=0.7828  pred=n/a    gold=n/a  running‐acc=0.832
Locality eval: pred=true.             gold=true  correct=True  running‐acc=0.792
[ 150/600] loss=0.2929  pred=n/a    gold=n/a  running‐acc=0.833
Locality eval: pred=true.             gold=true  correct=True  running‐acc=0.793
[ 151/600] loss=0.5126  pred=true   gold=true  running‐acc=0.834
Locality eval: pred=n/a               gold=n/a  correct=True  running‐acc=0.795
[ 152/600] loss=0.9860  pred=true   gold=true  running‐acc=0.836
Locality eval: pred=false             gold=n/a  correct=False  running‐acc=0.789
[ 153/600] loss=0.7148  pred=n/a    gold=n/a  running‐acc=0.837
Locality eval: pred=true              gold=true  correct=True  running‐acc=0.791
[ 154/600] loss=0.2924  pred=n/a    gold=n/a  running‐acc=0.838
Locality eval: pred=true.             gold=true  correct=True  running‐acc=0.792
[ 155/600] loss=0.1555  pred=true   gold=true  running‐acc=0.839
Locality eval: pred=n/a               gold=n/a  correct=True  running‐acc=0.794
[ 156/600] loss=1.1047  pred=n/a    gold=n/a  running‐acc=0.840
Locality eval: pred=true              gold=true  correct=True  running‐acc=0.795
[ 157/600] loss=0.5627  pred=true   gold=true  running‐acc=0.841
Locality eval: pred=false             gold=n/a  correct=False  running‐acc=0.790
[ 158/600] loss=0.2909  pred=n/a    gold=n/a  running‐acc=0.842
Locality eval: pred=true.             gold=true  correct=True  running‐acc=0.791
[ 159/600] loss=0.7224  pred=n/a    gold=n/a  running‐acc=0.843
Locality eval: pred=true              gold=true  correct=True  running‐acc=0.792
[ 160/600] loss=0.8939  pred=n/a    gold=n/a  running‐acc=0.844
Locality eval: pred=true              gold=true  correct=True  running‐acc=0.794
[ 161/600] loss=0.9959  pred=true   gold=true  running‐acc=0.845
Locality eval: pred=n/a               gold=n/a  correct=True  running‐acc=0.795
[ 162/600] loss=0.0697  pred=n/a    gold=n/a  running‐acc=0.846
Locality eval: pred=true.             gold=true  correct=True  running‐acc=0.796
[ 163/600] loss=1.0742  pred=n/a    gold=n/a  running‐acc=0.847
Locality eval: pred=true              gold=true  correct=True  running‐acc=0.798
[ 164/600] loss=1.3081  pred=false  gold=n/a  running‐acc=0.841
Locality eval: pred=true.             gold=true  correct=True  running‐acc=0.799
[ 165/600] loss=1.4319  pred=true   gold=true  running‐acc=0.842
Locality eval: pred=n/a               gold=n/a  correct=True  running‐acc=0.800
[ 166/600] loss=0.9915  pred=true   gold=true  running‐acc=0.843
Locality eval: pred=                  gold=n/a  correct=False  running‐acc=0.795
[ 167/600] loss=1.3631  pred=n/a    gold=n/a  running‐acc=0.844
Locality eval: pred=true              gold=true  correct=True  running‐acc=0.796
[ 168/600] loss=1.1644  pred=false  gold=true  running‐acc=0.839
Locality eval: pred=true              gold=n/a  correct=False  running‐acc=0.792
[ 169/600] loss=1.0056  pred=n/a    gold=n/a  running‐acc=0.840
Locality eval: pred=true.             gold=true  correct=True  running‐acc=0.793
[ 170/600] loss=0.7656  pred=n/a    gold=n/a  running‐acc=0.841
Locality eval: pred=true.             gold=true  correct=True  running‐acc=0.794
[ 171/600] loss=0.3029  pred=n/a    gold=n/a  running‐acc=0.842
Locality eval: pred=true.             gold=true  correct=True  running‐acc=0.795
[ 172/600] loss=0.4510  pred=true   gold=true  running‐acc=0.843
Locality eval: pred=n/a               gold=n/a  correct=True  running‐acc=0.797
[ 173/600] loss=0.6218  pred=n/a    gold=n/a  running‐acc=0.844
Locality eval: pred=true              gold=true  correct=True  running‐acc=0.798
[ 174/600] loss=1.1522  pred=true   gold=true  running‐acc=0.845
Locality eval: pred=n/a               gold=n/a  correct=True  running‐acc=0.799
[ 175/600] loss=0.4622  pred=true   gold=true  running‐acc=0.846
Locality eval: pred=n/a               gold=n/a  correct=True  running‐acc=0.800
[ 176/600] loss=1.1628  pred=false  gold=n/a  running‐acc=0.841
Locality eval: pred=true.             gold=true  correct=True  running‐acc=0.801
[ 177/600] loss=0.2490  pred=true   gold=true  running‐acc=0.842
Locality eval: pred=n/a               gold=n/a  correct=True  running‐acc=0.802
[ 178/600] loss=0.8883  pred=n/a    gold=n/a  running‐acc=0.843
Locality eval: pred=true              gold=true  correct=True  running‐acc=0.803
[ 179/600] loss=0.8091  pred=       gold=n/a  running‐acc=0.838
Locality eval: pred=true              gold=true  correct=True  running‐acc=0.804
[ 180/600] loss=0.8178  pred=false  gold=true  running‐acc=0.833
Locality eval: pred=true              gold=n/a  correct=False  running‐acc=0.800
[ 181/600] loss=0.7838  pred=n/a    gold=n/a  running‐acc=0.834
Locality eval: pred=true              gold=true  correct=True  running‐acc=0.801
[ 182/600] loss=0.6983  pred=n/a    gold=n/a  running‐acc=0.835
Locality eval: pred=true              gold=true  correct=True  running‐acc=0.802
[ 183/600] loss=1.0290  pred=true   gold=true  running‐acc=0.836
Locality eval: pred=n/a               gold=n/a  correct=True  running‐acc=0.803
[ 184/600] loss=0.1578  pred=true   gold=true  running‐acc=0.837
Locality eval: pred=n/a               gold=n/a  correct=True  running‐acc=0.804
[ 185/600] loss=1.3288  pred=true   gold=true  running‐acc=0.838
Locality eval: pred=n/a               gold=n/a  correct=True  running‐acc=0.805
[ 186/600] loss=0.9618  pred=true   gold=true  running‐acc=0.839
Locality eval: pred=                  gold=n/a  correct=False  running‐acc=0.801
[ 187/600] loss=1.1112  pred=n/a    gold=n/a  running‐acc=0.840
Locality eval: pred=true              gold=true  correct=True  running‐acc=0.802
[ 188/600] loss=0.8578  pred=n/a    gold=n/a  running‐acc=0.840
Locality eval: pred=true              gold=true  correct=True  running‐acc=0.803
[ 189/600] loss=0.3282  pred=true   gold=true  running‐acc=0.841
Locality eval: pred=n/a               gold=n/a  correct=True  running‐acc=0.804
[ 190/600] loss=0.8842  pred=n/a    gold=n/a  running‐acc=0.842
Locality eval: pred=true.             gold=true  correct=True  running‐acc=0.805
[ 191/600] loss=0.7336  pred=n/a    gold=n/a  running‐acc=0.843
Locality eval: pred=true.             gold=true  correct=True  running‐acc=0.806
[ 192/600] loss=1.3328  pred=n/a    gold=n/a  running‐acc=0.844
Locality eval: pred=n/a               gold=true  correct=False  running‐acc=0.802
[ 193/600] loss=1.1465  pred=true   gold=true  running‐acc=0.845
Locality eval: pred=n/a               gold=n/a  correct=True  running‐acc=0.803
[ 194/600] loss=0.4617  pred=       gold=true  running‐acc=0.840
Locality eval: pred=n/a               gold=n/a  correct=True  running‐acc=0.804
[ 195/600] loss=0.5388  pred=true   gold=true  running‐acc=0.841
Locality eval: pred=true              gold=n/a  correct=False  running‐acc=0.800
[ 196/600] loss=1.2015  pred=n/a    gold=true  running‐acc=0.837
Locality eval: pred=n/a               gold=n/a  correct=True  running‐acc=0.801
[ 197/600] loss=0.6624  pred=true   gold=true  running‐acc=0.838
Locality eval: pred=true              gold=n/a  correct=False  running‐acc=0.797
[ 198/600] loss=1.1540  pred=n/a    gold=n/a  running‐acc=0.838
Locality eval: pred=true.             gold=true  correct=True  running‐acc=0.798
[ 199/600] loss=0.6637  pred=true   gold=true  running‐acc=0.839
Locality eval: pred=false             gold=n/a  correct=False  running‐acc=0.794
[ 200/600] loss=0.3485  pred=true   gold=true  running‐acc=0.840
Locality eval: pred=n/a               gold=n/a  correct=True  running‐acc=0.795
[ 201/600] loss=1.0609  pred=false  gold=n/a  running‐acc=0.836
Locality eval: pred=true              gold=true  correct=True  running‐acc=0.796
[ 202/600] loss=0.9819  pred=n/a    gold=n/a  running‐acc=0.837
Locality eval: pred=true              gold=true  correct=True  running‐acc=0.797
[ 203/600] loss=0.6739  pred=true   gold=true  running‐acc=0.837
Locality eval: pred=n/a               gold=n/a  correct=True  running‐acc=0.798
[ 204/600] loss=0.2339  pred=n/a    gold=n/a  running‐acc=0.838
Locality eval: pred=true.             gold=true  correct=True  running‐acc=0.799
[ 205/600] loss=1.0207  pred=true   gold=true  running‐acc=0.839
Locality eval: pred=true              gold=n/a  correct=False  running‐acc=0.795
[ 206/600] loss=0.6434  pred=n/a    gold=n/a  running‐acc=0.840
Locality eval: pred=true              gold=true  correct=True  running‐acc=0.796
[ 207/600] loss=0.7086  pred=true.  gold=n/a  running‐acc=0.836
Locality eval: pred=true.             gold=true  correct=True  running‐acc=0.797
[ 208/600] loss=0.1045  pred=true   gold=true  running‐acc=0.837
Locality eval: pred=n/a               gold=n/a  correct=True  running‐acc=0.798
[ 209/600] loss=0.6566  pred=n/a    gold=n/a  running‐acc=0.837
Locality eval: pred=true              gold=true  correct=True  running‐acc=0.799
[ 210/600] loss=0.8217  pred=n/a    gold=n/a  running‐acc=0.838
Locality eval: pred=true              gold=true  correct=True  running‐acc=0.800
[ 211/600] loss=0.6737  pred=true   gold=true  running‐acc=0.839
Locality eval: pred=true              gold=n/a  correct=False  running‐acc=0.796
[ 212/600] loss=1.2150  pred=n/a    gold=n/a  running‐acc=0.840
Locality eval: pred=true              gold=true  correct=True  running‐acc=0.797
[ 213/600] loss=1.8400  pred=true   gold=true  running‐acc=0.840
Locality eval: pred=true              gold=n/a  correct=False  running‐acc=0.793
[ 214/600] loss=0.6630  pred=n/a    gold=n/a  running‐acc=0.841
Locality eval: pred=true.             gold=true  correct=True  running‐acc=0.794
[ 215/600] loss=0.3397  pred=true   gold=true  running‐acc=0.842
Locality eval: pred=n/a               gold=n/a  correct=True  running‐acc=0.795
[ 216/600] loss=0.8052  pred=false  gold=n/a  running‐acc=0.838
Locality eval: pred=true              gold=true  correct=True  running‐acc=0.796
[ 217/600] loss=0.8588  pred=true   gold=true  running‐acc=0.839
Locality eval: pred=n/a               gold=n/a  correct=True  running‐acc=0.797
[ 218/600] loss=1.3564  pred=n/a    gold=n/a  running‐acc=0.839
Locality eval: pred=true              gold=true  correct=True  running‐acc=0.798
[ 219/600] loss=1.3513  pred=true   gold=true  running‐acc=0.840
Locality eval: pred=n/a               gold=n/a  correct=True  running‐acc=0.799
[ 220/600] loss=0.4974  pred=n/a    gold=n/a  running‐acc=0.841
Locality eval: pred=true.             gold=true  correct=True  running‐acc=0.800
[ 221/600] loss=1.2890  pred=n/a    gold=n/a  running‐acc=0.842
Locality eval: pred=true              gold=true  correct=True  running‐acc=0.801
[ 222/600] loss=1.5310  pred=n/a    gold=n/a  running‐acc=0.842
Locality eval: pred=true              gold=true  correct=True  running‐acc=0.802
[ 223/600] loss=1.1411  pred=n/a    gold=n/a  running‐acc=0.843
Locality eval: pred=true.             gold=true  correct=True  running‐acc=0.803
[ 224/600] loss=0.7691  pred=false  gold=n/a  running‐acc=0.839
Locality eval: pred=                  gold=true  correct=False  running‐acc=0.799
[ 225/600] loss=0.7050  pred=n/a    gold=n/a  running‐acc=0.840
Locality eval: pred=true              gold=true  correct=True  running‐acc=0.800
[ 226/600] loss=0.5557  pred=true   gold=true  running‐acc=0.841
Locality eval: pred=false             gold=n/a  correct=False  running‐acc=0.796
[ 227/600] loss=0.2676  pred=n/a    gold=n/a  running‐acc=0.841
Locality eval: pred=true.             gold=true  correct=True  running‐acc=0.797
[ 228/600] loss=1.3500  pred=n/a    gold=n/a  running‐acc=0.842
Locality eval: pred=true              gold=true  correct=True  running‐acc=0.798
[ 229/600] loss=1.1948  pred=n/a    gold=n/a  running‐acc=0.843
Locality eval: pred=true              gold=true  correct=True  running‐acc=0.799
[ 230/600] loss=1.3151  pred=n/a    gold=n/a  running‐acc=0.843
Locality eval: pred=true              gold=true  correct=True  running‐acc=0.800
[ 231/600] loss=0.6581  pred=false.  gold=n/a  running‐acc=0.840
Locality eval: pred=true              gold=true  correct=True  running‐acc=0.801
[ 232/600] loss=0.2851  pred=n/a    gold=n/a  running‐acc=0.841
Locality eval: pred=true.             gold=true  correct=True  running‐acc=0.802
[ 233/600] loss=0.5247  pred=true   gold=true  running‐acc=0.841
Locality eval: pred=true              gold=n/a  correct=False  running‐acc=0.798
[ 234/600] loss=0.1315  pred=n/a    gold=true  running‐acc=0.838
Locality eval: pred=false             gold=n/a  correct=False  running‐acc=0.795
[ 235/600] loss=0.2253  pred=n/a    gold=n/a  running‐acc=0.838
Locality eval: pred=true.             gold=true  correct=True  running‐acc=0.796
[ 236/600] loss=0.2880  pred=n/a    gold=n/a  running‐acc=0.839
Locality eval: pred=true              gold=true  correct=True  running‐acc=0.797
[ 237/600] loss=1.0295  pred=n/a    gold=true  running‐acc=0.835
Locality eval: pred=n/a               gold=n/a  correct=True  running‐acc=0.797
[ 238/600] loss=0.7370  pred=n/a    gold=n/a  running‐acc=0.836
Locality eval: pred=true.             gold=true  correct=True  running‐acc=0.798
[ 239/600] loss=1.4619  pred=n/a    gold=n/a  running‐acc=0.837
Locality eval: pred=true              gold=true  correct=True  running‐acc=0.799
[ 240/600] loss=1.0293  pred=true   gold=true  running‐acc=0.838
Locality eval: pred=true              gold=n/a  correct=False  running‐acc=0.796
[ 241/600] loss=1.5130  pred=n/a    gold=n/a  running‐acc=0.838
Locality eval: pred=true              gold=true  correct=True  running‐acc=0.797
[ 242/600] loss=0.7998  pred=n/a    gold=n/a  running‐acc=0.839
Locality eval: pred=true              gold=true  correct=True  running‐acc=0.798
[ 243/600] loss=0.8362  pred=false  gold=n/a  running‐acc=0.835
Locality eval: pred=true              gold=true  correct=True  running‐acc=0.798
[ 244/600] loss=0.1776  pred=true   gold=true  running‐acc=0.836
Locality eval: pred=n/a               gold=n/a  correct=True  running‐acc=0.799
[ 245/600] loss=1.0627  pred=true   gold=true  running‐acc=0.837
Locality eval: pred=                  gold=n/a  correct=False  running‐acc=0.796
[ 246/600] loss=0.1933  pred=true   gold=true  running‐acc=0.837
Locality eval: pred=n/a               gold=n/a  correct=True  running‐acc=0.797
[ 247/600] loss=0.1648  pred=true   gold=true  running‐acc=0.838
Locality eval: pred=n/a               gold=n/a  correct=True  running‐acc=0.798
[ 248/600] loss=0.6639  pred=n/a    gold=true  running‐acc=0.835
Locality eval: pred=n/a               gold=n/a  correct=True  running‐acc=0.798
[ 249/600] loss=0.9218  pred=false  gold=n/a  running‐acc=0.831
Locality eval: pred=true.             gold=true  correct=True  running‐acc=0.799
[ 250/600] loss=0.0666  pred=true   gold=true  running‐acc=0.832
Locality eval: pred=false             gold=n/a  correct=False  running‐acc=0.796
[ 251/600] loss=0.9462  pred=n/a    gold=n/a  running‐acc=0.833
Locality eval: pred=true              gold=true  correct=True  running‐acc=0.797
[ 252/600] loss=0.9112  pred=n/a    gold=n/a  running‐acc=0.833
Locality eval: pred=true.             gold=true  correct=True  running‐acc=0.798
[ 253/600] loss=0.7994  pred=true   gold=true  running‐acc=0.834
Locality eval: pred=true              gold=n/a  correct=False  running‐acc=0.794
[ 254/600] loss=0.6766  pred=true   gold=true  running‐acc=0.835
Locality eval: pred=n/a               gold=n/a  correct=True  running‐acc=0.795
[ 255/600] loss=0.9508  pred=n/a    gold=n/a  running‐acc=0.835
Locality eval: pred=true              gold=true  correct=True  running‐acc=0.796
[ 256/600] loss=0.9994  pred=n/a    gold=n/a  running‐acc=0.836
Locality eval: pred=true              gold=true  correct=True  running‐acc=0.797
[ 257/600] loss=1.1193  pred=n/a    gold=n/a  running‐acc=0.837
Locality eval: pred=true              gold=true  correct=True  running‐acc=0.798
[ 258/600] loss=1.2019  pred=n/a    gold=n/a  running‐acc=0.837
Locality eval: pred=true              gold=true  correct=True  running‐acc=0.798
[ 259/600] loss=0.9610  pred=true   gold=true  running‐acc=0.838
Locality eval: pred=n/a               gold=n/a  correct=True  running‐acc=0.799
[ 260/600] loss=0.4349  pred=true   gold=true  running‐acc=0.838
Locality eval: pred=n/a               gold=n/a  correct=True  running‐acc=0.800
[ 261/600] loss=0.7837  pred=true   gold=true  running‐acc=0.839
Locality eval: pred=n/a               gold=n/a  correct=True  running‐acc=0.801
[ 262/600] loss=1.0368  pred=true   gold=true  running‐acc=0.840
Locality eval: pred=true              gold=n/a  correct=False  running‐acc=0.798
[ 263/600] loss=0.5320  pred=false  gold=n/a  running‐acc=0.837
Locality eval: pred=true              gold=true  correct=True  running‐acc=0.798
[ 264/600] loss=0.7420  pred=       gold=n/a  running‐acc=0.833
Locality eval: pred=true              gold=true  correct=True  running‐acc=0.799
[ 265/600] loss=0.8378  pred=true   gold=true  running‐acc=0.834
Locality eval: pred=n/a               gold=n/a  correct=True  running‐acc=0.800
[ 266/600] loss=1.0829  pred=n/a    gold=n/a  running‐acc=0.835
Locality eval: pred=true.             gold=true  correct=True  running‐acc=0.801
[ 267/600] loss=0.6744  pred=n/a    gold=n/a  running‐acc=0.835
Locality eval: pred=true              gold=true  correct=True  running‐acc=0.801
[ 268/600] loss=0.2836  pred=true   gold=true  running‐acc=0.836
Locality eval: pred=n/a               gold=n/a  correct=True  running‐acc=0.802
[ 269/600] loss=0.7979  pred=n/a    gold=n/a  running‐acc=0.836
Locality eval: pred=true.             gold=true  correct=True  running‐acc=0.803
[ 270/600] loss=0.0268  pred=true   gold=true  running‐acc=0.837
Locality eval: pred=n/a               gold=n/a  correct=True  running‐acc=0.804
[ 271/600] loss=1.2883  pred=       gold=n/a  running‐acc=0.834
Locality eval: pred=true              gold=true  correct=True  running‐acc=0.804
[ 272/600] loss=0.5451  pred=true   gold=true  running‐acc=0.835
Locality eval: pred=false             gold=n/a  correct=False  running‐acc=0.801
[ 273/600] loss=1.5879  pred=       gold=n/a  running‐acc=0.832
Locality eval: pred=true.             gold=true  correct=True  running‐acc=0.802
[ 274/600] loss=0.9580  pred=false.  gold=n/a  running‐acc=0.828
Locality eval: pred=true.             gold=true  correct=True  running‐acc=0.803
[ 275/600] loss=0.4558  pred=true   gold=true  running‐acc=0.829
Locality eval: pred=n/a               gold=n/a  correct=True  running‐acc=0.804
[ 276/600] loss=0.6707  pred=n/a    gold=n/a  running‐acc=0.830
Locality eval: pred=true              gold=true  correct=True  running‐acc=0.804
[ 277/600] loss=0.4484  pred=true   gold=true  running‐acc=0.830
Locality eval: pred=n/a               gold=n/a  correct=True  running‐acc=0.805
[ 278/600] loss=0.9081  pred=n/a    gold=n/a  running‐acc=0.831
Locality eval: pred=true              gold=true  correct=True  running‐acc=0.806
[ 279/600] loss=0.3071  pred=true   gold=true  running‐acc=0.832
Locality eval: pred=n/a               gold=n/a  correct=True  running‐acc=0.806
[ 280/600] loss=0.6577  pred=       gold=n/a  running‐acc=0.829
Locality eval: pred=true              gold=true  correct=True  running‐acc=0.807
[ 281/600] loss=0.7864  pred=true   gold=true  running‐acc=0.829
Locality eval: pred=n/a               gold=n/a  correct=True  running‐acc=0.808
[ 282/600] loss=0.5478  pred=true   gold=true  running‐acc=0.830
Locality eval: pred=false             gold=n/a  correct=False  running‐acc=0.805
[ 283/600] loss=0.7678  pred=n/a    gold=n/a  running‐acc=0.830
Locality eval: pred=true              gold=true  correct=True  running‐acc=0.806
[ 284/600] loss=0.5091  pred=n/a    gold=n/a  running‐acc=0.831
Locality eval: pred=true.             gold=true  correct=True  running‐acc=0.806
[ 285/600] loss=0.0787  pred=true   gold=true  running‐acc=0.832
Locality eval: pred=false.            gold=n/a  correct=False  running‐acc=0.804
[ 286/600] loss=0.9387  pred=n/a    gold=n/a  running‐acc=0.832
Locality eval: pred=true              gold=true  correct=True  running‐acc=0.804
[ 287/600] loss=0.6510  pred=n/a    gold=n/a  running‐acc=0.833
Locality eval: pred=true.             gold=true  correct=True  running‐acc=0.805
[ 288/600] loss=0.4567  pred=true   gold=true  running‐acc=0.833
Locality eval: pred=n/a               gold=n/a  correct=True  running‐acc=0.806
[ 289/600] loss=1.0408  pred=true   gold=true  running‐acc=0.834
Locality eval: pred=                  gold=n/a  correct=False  running‐acc=0.803
[ 290/600] loss=0.6742  pred=n/a    gold=n/a  running‐acc=0.834
Locality eval: pred=true              gold=true  correct=True  running‐acc=0.803
[ 291/600] loss=0.4365  pred=true   gold=true  running‐acc=0.835
Locality eval: pred=n/a               gold=n/a  correct=True  running‐acc=0.804
[ 292/600] loss=0.8647  pred=true   gold=true  running‐acc=0.836
Locality eval: pred=n/a               gold=n/a  correct=True  running‐acc=0.805
[ 293/600] loss=0.0213  pred=true   gold=true  running‐acc=0.836
Locality eval: pred=true              gold=n/a  correct=False  running‐acc=0.802
[ 294/600] loss=0.0657  pred=false  gold=true  running‐acc=0.833
Locality eval: pred=n/a               gold=n/a  correct=True  running‐acc=0.803
[ 295/600] loss=0.6175  pred=n/a    gold=n/a  running‐acc=0.834
Locality eval: pred=true              gold=true  correct=True  running‐acc=0.803
[ 296/600] loss=1.1006  pred=true   gold=n/a  running‐acc=0.831
Locality eval: pred=true              gold=true  correct=True  running‐acc=0.804
[ 297/600] loss=1.3415  pred=       gold=true  running‐acc=0.828
Locality eval: pred=false             gold=n/a  correct=False  running‐acc=0.801
[ 298/600] loss=0.5242  pred=true   gold=true  running‐acc=0.829
Locality eval: pred=n/a               gold=n/a  correct=True  running‐acc=0.802
[ 299/600] loss=0.5078  pred=n/a    gold=n/a  running‐acc=0.829
Locality eval: pred=true.             gold=true  correct=True  running‐acc=0.803
[ 300/600] loss=0.8309  pred=n/a    gold=n/a  running‐acc=0.830
Locality eval: pred=true              gold=true  correct=True  running‐acc=0.803
[ 301/600] loss=1.0664  pred=true   gold=true  running‐acc=0.831
Locality eval: pred=true              gold=n/a  correct=False  running‐acc=0.801
[ 302/600] loss=0.8005  pred=true   gold=true  running‐acc=0.831
Locality eval: pred=n/a               gold=n/a  correct=True  running‐acc=0.801
[ 303/600] loss=0.0352  pred=true   gold=true  running‐acc=0.832
Locality eval: pred=false             gold=n/a  correct=False  running‐acc=0.799
[ 304/600] loss=0.5800  pred=true   gold=true  running‐acc=0.832
Locality eval: pred=n/a               gold=n/a  correct=True  running‐acc=0.799
[ 305/600] loss=0.6229  pred=true   gold=true  running‐acc=0.833
Locality eval: pred=n/a               gold=n/a  correct=True  running‐acc=0.800
[ 306/600] loss=1.2000  pred=true   gold=true  running‐acc=0.833
Locality eval: pred=n/a               gold=n/a  correct=True  running‐acc=0.801
[ 307/600] loss=0.4986  pred=true   gold=true  running‐acc=0.834
Locality eval: pred=true              gold=n/a  correct=False  running‐acc=0.798
[ 308/600] loss=0.7005  pred=true   gold=true  running‐acc=0.834
Locality eval: pred=n/a               gold=n/a  correct=True  running‐acc=0.799
[ 309/600] loss=0.1496  pred=true   gold=true  running‐acc=0.835
Locality eval: pred=n/a               gold=n/a  correct=True  running‐acc=0.799
[ 310/600] loss=1.2692  pred=n/a    gold=n/a  running‐acc=0.835
Locality eval: pred=true              gold=true  correct=True  running‐acc=0.800
[ 311/600] loss=0.6025  pred=true   gold=true  running‐acc=0.836
Locality eval: pred=n/a               gold=n/a  correct=True  running‐acc=0.801
[ 312/600] loss=0.4339  pred=true   gold=true  running‐acc=0.837
Locality eval: pred=n/a               gold=n/a  correct=True  running‐acc=0.801
[ 313/600] loss=0.1620  pred=n/a    gold=n/a  running‐acc=0.837
Locality eval: pred=true.             gold=true  correct=True  running‐acc=0.802
[ 314/600] loss=1.3856  pred=n/a    gold=n/a  running‐acc=0.838
Locality eval: pred=true              gold=true  correct=True  running‐acc=0.803
[ 315/600] loss=0.5303  pred=true   gold=n/a  running‐acc=0.835
Locality eval: pred=true              gold=true  correct=True  running‐acc=0.803
[ 316/600] loss=0.7857  pred=true   gold=true  running‐acc=0.835
Locality eval: pred=n/a               gold=n/a  correct=True  running‐acc=0.804
[ 317/600] loss=0.6747  pred=true   gold=true  running‐acc=0.836
Locality eval: pred=n/a               gold=n/a  correct=True  running‐acc=0.804
[ 318/600] loss=1.2643  pred=true   gold=true  running‐acc=0.836
Locality eval: pred=true              gold=n/a  correct=False  running‐acc=0.802
[ 319/600] loss=0.9537  pred=n/a    gold=n/a  running‐acc=0.837
Locality eval: pred=true.             gold=true  correct=True  running‐acc=0.803
[ 320/600] loss=0.9797  pred=n/a    gold=n/a  running‐acc=0.838
Locality eval: pred=true.             gold=true  correct=True  running‐acc=0.803
[ 321/600] loss=0.0653  pred=true   gold=true  running‐acc=0.838
Locality eval: pred=true              gold=n/a  correct=False  running‐acc=0.801
[ 322/600] loss=1.4344  pred=true   gold=true  running‐acc=0.839
Locality eval: pred=n/a               gold=n/a  correct=True  running‐acc=0.801
[ 323/600] loss=0.7719  pred=n/a    gold=n/a  running‐acc=0.839
Locality eval: pred=false             gold=true  correct=False  running‐acc=0.799
[ 324/600] loss=1.3138  pred=n/a    gold=n/a  running‐acc=0.840
Locality eval: pred=true              gold=true  correct=True  running‐acc=0.799
[ 325/600] loss=0.3647  pred=n/a    gold=true  running‐acc=0.837
Locality eval: pred=n/a               gold=n/a  correct=True  running‐acc=0.800
[ 326/600] loss=0.6566  pred=       gold=n/a  running‐acc=0.834
Locality eval: pred=true              gold=true  correct=True  running‐acc=0.801
[ 327/600] loss=0.9225  pred=true   gold=true  running‐acc=0.835
Locality eval: pred=n/a               gold=n/a  correct=True  running‐acc=0.801
[ 328/600] loss=0.9850  pred=true   gold=n/a  running‐acc=0.832
Locality eval: pred=true.             gold=true  correct=True  running‐acc=0.802
[ 329/600] loss=0.2400  pred=true   gold=true  running‐acc=0.833
Locality eval: pred=n/a               gold=n/a  correct=True  running‐acc=0.802
[ 330/600] loss=0.3244  pred=n/a    gold=n/a  running‐acc=0.833
Locality eval: pred=true.             gold=true  correct=True  running‐acc=0.803
[ 331/600] loss=1.4924  pred=true   gold=true  running‐acc=0.834
Locality eval: pred=false             gold=n/a  correct=False  running‐acc=0.801
[ 332/600] loss=0.7132  pred=n/a    gold=n/a  running‐acc=0.834
Locality eval: pred=n/a               gold=true  correct=False  running‐acc=0.798
[ 333/600] loss=0.4947  pred=true   gold=true  running‐acc=0.835
Locality eval: pred=n/a               gold=n/a  correct=True  running‐acc=0.799
[ 334/600] loss=0.6702  pred=n/a    gold=n/a  running‐acc=0.835
Locality eval: pred=true.             gold=true  correct=True  running‐acc=0.799
[ 335/600] loss=0.8185  pred=true   gold=true  running‐acc=0.836
Locality eval: pred=true              gold=n/a  correct=False  running‐acc=0.797
[ 336/600] loss=0.8207  pred=n/a    gold=n/a  running‐acc=0.836
Locality eval: pred=true              gold=true  correct=True  running‐acc=0.798
[ 337/600] loss=1.2179  pred=n/a    gold=n/a  running‐acc=0.837
Locality eval: pred=true              gold=true  correct=True  running‐acc=0.798
[ 338/600] loss=0.2350  pred=n/a    gold=n/a  running‐acc=0.837
Locality eval: pred=true.             gold=true  correct=True  running‐acc=0.799
[ 339/600] loss=0.7808  pred=n/a    gold=n/a  running‐acc=0.838
Locality eval: pred=true              gold=true  correct=True  running‐acc=0.799
[ 340/600] loss=0.6640  pred=n/a    gold=n/a  running‐acc=0.838
Locality eval: pred=true.             gold=true  correct=True  running‐acc=0.800
[ 341/600] loss=1.1611  pred=true   gold=true  running‐acc=0.839
Locality eval: pred=n/a               gold=n/a  correct=True  running‐acc=0.801
[ 342/600] loss=0.2107  pred=true   gold=true  running‐acc=0.839
Locality eval: pred=false             gold=n/a  correct=False  running‐acc=0.798
[ 343/600] loss=0.1807  pred=n/a    gold=n/a  running‐acc=0.840
Locality eval: pred=true.             gold=true  correct=True  running‐acc=0.799
[ 344/600] loss=0.3031  pred=true   gold=true  running‐acc=0.840
Locality eval: pred=n/a               gold=n/a  correct=True  running‐acc=0.799
[ 345/600] loss=0.0989  pred=n/a    gold=n/a  running‐acc=0.841
Locality eval: pred=true.             gold=true  correct=True  running‐acc=0.800
[ 346/600] loss=0.3996  pred=true   gold=true  running‐acc=0.841
Locality eval: pred=n/a               gold=n/a  correct=True  running‐acc=0.801
[ 347/600] loss=0.2998  pred=n/a    gold=n/a  running‐acc=0.841
Locality eval: pred=true.             gold=true  correct=True  running‐acc=0.801
[ 348/600] loss=0.7697  pred=n/a    gold=n/a  running‐acc=0.842
Locality eval: pred=true              gold=true  correct=True  running‐acc=0.802
[ 349/600] loss=0.5084  pred=n/a    gold=n/a  running‐acc=0.842
Locality eval: pred=true.             gold=true  correct=True  running‐acc=0.802
[ 350/600] loss=1.3401  pred=n/a    gold=n/a  running‐acc=0.843
Locality eval: pred=true              gold=true  correct=True  running‐acc=0.803
[ 351/600] loss=0.5798  pred=true   gold=n/a  running‐acc=0.840
Locality eval: pred=true              gold=true  correct=True  running‐acc=0.803
[ 352/600] loss=0.6020  pred=n/a    gold=n/a  running‐acc=0.841
Locality eval: pred=true              gold=true  correct=True  running‐acc=0.804
[ 353/600] loss=0.2121  pred=n/a    gold=n/a  running‐acc=0.841
Locality eval: pred=true              gold=true  correct=True  running‐acc=0.805
[ 354/600] loss=1.0442  pred=true   gold=true  running‐acc=0.842
Locality eval: pred=n/a               gold=n/a  correct=True  running‐acc=0.805
[ 355/600] loss=0.0305  pred=true.  gold=true  running‐acc=0.842
Locality eval: pred=n/a               gold=n/a  correct=True  running‐acc=0.806
[ 356/600] loss=0.1659  pred=true   gold=true  running‐acc=0.843
Locality eval: pred=n/a               gold=n/a  correct=True  running‐acc=0.806
[ 357/600] loss=0.0961  pred=true   gold=true  running‐acc=0.843
Locality eval: pred=n/a               gold=n/a  correct=True  running‐acc=0.807
[ 358/600] loss=0.9838  pred=true   gold=true  running‐acc=0.844
Locality eval: pred=true              gold=n/a  correct=False  running‐acc=0.804
[ 359/600] loss=0.8029  pred=true.  gold=true  running‐acc=0.844
Locality eval: pred=n/a               gold=n/a  correct=True  running‐acc=0.805
[ 360/600] loss=0.8284  pred=n/a    gold=n/a  running‐acc=0.844
Locality eval: pred=true.             gold=true  correct=True  running‐acc=0.806
[ 361/600] loss=0.9897  pred=true   gold=true  running‐acc=0.845
Locality eval: pred=n/a               gold=n/a  correct=True  running‐acc=0.806
[ 362/600] loss=0.5271  pred=true   gold=true  running‐acc=0.845
Locality eval: pred=n/a               gold=n/a  correct=True  running‐acc=0.807
[ 363/600] loss=0.7815  pred=n/a    gold=n/a  running‐acc=0.846
Locality eval: pred=true              gold=true  correct=True  running‐acc=0.807
[ 364/600] loss=1.0197  pred=true   gold=true  running‐acc=0.846
Locality eval: pred=n/a               gold=n/a  correct=True  running‐acc=0.808
[ 365/600] loss=1.7393  pred=true   gold=true  running‐acc=0.847
Locality eval: pred=false             gold=n/a  correct=False  running‐acc=0.805
[ 366/600] loss=0.7183  pred=n/a    gold=n/a  running‐acc=0.847
Locality eval: pred=true              gold=true  correct=True  running‐acc=0.806
[ 367/600] loss=0.9182  pred=n/a    gold=n/a  running‐acc=0.847
Locality eval: pred=true              gold=true  correct=True  running‐acc=0.807
[ 368/600] loss=0.2923  pred=true   gold=true  running‐acc=0.848
Locality eval: pred=n/a               gold=n/a  correct=True  running‐acc=0.807
[ 369/600] loss=1.2138  pred=n/a    gold=n/a  running‐acc=0.848
Locality eval: pred=true              gold=true  correct=True  running‐acc=0.808
[ 370/600] loss=0.8741  pred=n/a    gold=n/a  running‐acc=0.849
Locality eval: pred=true.             gold=true  correct=True  running‐acc=0.808
[ 371/600] loss=0.2245  pred=true   gold=true  running‐acc=0.849
Locality eval: pred=true              gold=n/a  correct=False  running‐acc=0.806
[ 372/600] loss=0.0076  pred=true   gold=true  running‐acc=0.849
Locality eval: pred=true.             gold=n/a  correct=False  running‐acc=0.804
[ 373/600] loss=0.1865  pred=true   gold=true  running‐acc=0.850
Locality eval: pred=n/a               gold=n/a  correct=True  running‐acc=0.804
[ 374/600] loss=0.9830  pred=n/a    gold=n/a  running‐acc=0.850
Locality eval: pred=true              gold=true  correct=True  running‐acc=0.805
[ 375/600] loss=0.4271  pred=true   gold=true  running‐acc=0.851
Locality eval: pred=true              gold=n/a  correct=False  running‐acc=0.803
[ 376/600] loss=0.3416  pred=true   gold=true  running‐acc=0.851
Locality eval: pred=n/a               gold=n/a  correct=True  running‐acc=0.803
[ 377/600] loss=1.3080  pred=true   gold=true  running‐acc=0.851
Locality eval: pred=n/a               gold=n/a  correct=True  running‐acc=0.804
[ 378/600] loss=0.4401  pred=true   gold=true  running‐acc=0.852
Locality eval: pred=n/a               gold=n/a  correct=True  running‐acc=0.804
[ 379/600] loss=0.2915  pred=true   gold=true  running‐acc=0.852
Locality eval: pred=n/a               gold=n/a  correct=True  running‐acc=0.805
[ 380/600] loss=0.2627  pred=true   gold=true  running‐acc=0.853
Locality eval: pred=false             gold=n/a  correct=False  running‐acc=0.803
[ 381/600] loss=1.0202  pred=n/a    gold=n/a  running‐acc=0.853
Locality eval: pred=true.             gold=true  correct=True  running‐acc=0.803
[ 382/600] loss=0.6716  pred=n/a    gold=n/a  running‐acc=0.853
Locality eval: pred=true.             gold=true  correct=True  running‐acc=0.804
[ 383/600] loss=0.5728  pred=true.  gold=n/a  running‐acc=0.851
Locality eval: pred=true              gold=true  correct=True  running‐acc=0.804
[ 384/600] loss=0.9877  pred=false  gold=n/a  running‐acc=0.849
Locality eval: pred=true.             gold=true  correct=True  running‐acc=0.805
[ 385/600] loss=0.9528  pred=true   gold=true  running‐acc=0.849
Locality eval: pred=false             gold=n/a  correct=False  running‐acc=0.803
[ 386/600] loss=0.3170  pred=true   gold=true  running‐acc=0.850
Locality eval: pred=false.            gold=n/a  correct=False  running‐acc=0.801
[ 387/600] loss=0.6253  pred=n/a    gold=n/a  running‐acc=0.850
Locality eval: pred=true              gold=true  correct=True  running‐acc=0.801
[ 388/600] loss=0.8073  pred=true   gold=true  running‐acc=0.851
Locality eval: pred=n/a               gold=n/a  correct=True  running‐acc=0.802
[ 389/600] loss=1.4577  pred=n/a    gold=n/a  running‐acc=0.851
Locality eval: pred=true              gold=true  correct=True  running‐acc=0.802
[ 390/600] loss=0.0750  pred=true   gold=true  running‐acc=0.851
Locality eval: pred=n/a               gold=n/a  correct=True  running‐acc=0.803
[ 391/600] loss=1.2293  pred=true   gold=true  running‐acc=0.852
Locality eval: pred=n/a               gold=n/a  correct=True  running‐acc=0.803
[ 392/600] loss=0.9428  pred=n/a    gold=n/a  running‐acc=0.852
Locality eval: pred=true              gold=true  correct=True  running‐acc=0.804
[ 393/600] loss=1.3780  pred=n/a    gold=n/a  running‐acc=0.852
Locality eval: pred=true.             gold=true  correct=True  running‐acc=0.804
[ 394/600] loss=1.5330  pred=n/a    gold=n/a  running‐acc=0.853
Locality eval: pred=true.             gold=true  correct=True  running‐acc=0.805
[ 395/600] loss=0.5680  pred=true   gold=true  running‐acc=0.853
Locality eval: pred=n/a               gold=n/a  correct=True  running‐acc=0.805
[ 396/600] loss=0.6585  pred=true   gold=true  running‐acc=0.854
Locality eval: pred=n/a               gold=n/a  correct=True  running‐acc=0.806
[ 397/600] loss=0.3305  pred=n/a    gold=n/a  running‐acc=0.854
Locality eval: pred=true.             gold=true  correct=True  running‐acc=0.806
[ 398/600] loss=0.9593  pred=true   gold=true  running‐acc=0.854
Locality eval: pred=true              gold=n/a  correct=False  running‐acc=0.804
[ 399/600] loss=0.9414  pred=false.  gold=n/a  running‐acc=0.852
Locality eval: pred=                  gold=true  correct=False  running‐acc=0.802
[ 400/600] loss=0.9840  pred=true   gold=true  running‐acc=0.853
Locality eval: pred=                  gold=n/a  correct=False  running‐acc=0.800
[ 401/600] loss=0.4619  pred=n/a    gold=true  running‐acc=0.850
Locality eval: pred=n/a               gold=n/a  correct=True  running‐acc=0.800
[ 402/600] loss=0.7615  pred=n/a    gold=n/a  running‐acc=0.851
Locality eval: pred=true              gold=true  correct=True  running‐acc=0.801
[ 403/600] loss=1.4728  pred=true   gold=true  running‐acc=0.851
Locality eval: pred=false             gold=n/a  correct=False  running‐acc=0.799
[ 404/600] loss=1.0303  pred=true   gold=true  running‐acc=0.851
Locality eval: pred=false             gold=n/a  correct=False  running‐acc=0.797
[ 405/600] loss=0.4845  pred=false  gold=n/a  running‐acc=0.849
Locality eval: pred=true.             gold=true  correct=True  running‐acc=0.798
[ 406/600] loss=1.0744  pred=n/a    gold=n/a  running‐acc=0.850
Locality eval: pred=true              gold=true  correct=True  running‐acc=0.798
[ 407/600] loss=0.1680  pred=true   gold=true  running‐acc=0.850
Locality eval: pred=n/a               gold=n/a  correct=True  running‐acc=0.799
[ 408/600] loss=1.1499  pred=n/a    gold=n/a  running‐acc=0.850
Locality eval: pred=true.             gold=true  correct=True  running‐acc=0.799
[ 409/600] loss=0.6394  pred=true   gold=true  running‐acc=0.851
Locality eval: pred=n/a               gold=n/a  correct=True  running‐acc=0.800
[ 410/600] loss=1.0867  pred=n/a    gold=n/a  running‐acc=0.851
Locality eval: pred=true              gold=true  correct=True  running‐acc=0.800
[ 411/600] loss=0.2552  pred=true   gold=true  running‐acc=0.852
Locality eval: pred=n/a               gold=n/a  correct=True  running‐acc=0.800
[ 412/600] loss=0.3281  pred=true   gold=true  running‐acc=0.852
Locality eval: pred=n/a               gold=n/a  correct=True  running‐acc=0.801
[ 413/600] loss=0.4249  pred=false  gold=true  running‐acc=0.850
Locality eval: pred=n/a               gold=n/a  correct=True  running‐acc=0.801
[ 414/600] loss=0.7796  pred=true   gold=true  running‐acc=0.850
Locality eval: pred=n/a               gold=n/a  correct=True  running‐acc=0.802
[ 415/600] loss=1.0766  pred=n/a    gold=n/a  running‐acc=0.851
Locality eval: pred=true              gold=true  correct=True  running‐acc=0.802
[ 416/600] loss=1.0388  pred=true   gold=true  running‐acc=0.851
Locality eval: pred=true              gold=n/a  correct=False  running‐acc=0.800
[ 417/600] loss=0.8304  pred=n/a    gold=n/a  running‐acc=0.851
Locality eval: pred=true              gold=true  correct=True  running‐acc=0.801
[ 418/600] loss=1.0821  pred=n/a    gold=n/a  running‐acc=0.852
Locality eval: pred=true.             gold=true  correct=True  running‐acc=0.801
[ 419/600] loss=0.1828  pred=true   gold=true  running‐acc=0.852
Locality eval: pred=n/a               gold=n/a  correct=True  running‐acc=0.802
[ 420/600] loss=1.1458  pred=true   gold=true  running‐acc=0.852
Locality eval: pred=true              gold=n/a  correct=False  running‐acc=0.800
[ 421/600] loss=0.6667  pred=true   gold=true  running‐acc=0.853
Locality eval: pred=n/a               gold=n/a  correct=True  running‐acc=0.800
[ 422/600] loss=0.7480  pred=true   gold=true  running‐acc=0.853
Locality eval: pred=n/a               gold=n/a  correct=True  running‐acc=0.801
[ 423/600] loss=1.0229  pred=true   gold=true  running‐acc=0.853
Locality eval: pred=true              gold=n/a  correct=False  running‐acc=0.799
[ 424/600] loss=0.7432  pred=n/a    gold=n/a  running‐acc=0.854
Locality eval: pred=true              gold=true  correct=True  running‐acc=0.800
[ 425/600] loss=1.0002  pred=n/a    gold=n/a  running‐acc=0.854
Locality eval: pred=true.             gold=true  correct=True  running‐acc=0.800
[ 426/600] loss=0.6847  pred=n/a    gold=n/a  running‐acc=0.854
Locality eval: pred=true              gold=true  correct=True  running‐acc=0.800
[ 427/600] loss=1.0552  pred=true   gold=true  running‐acc=0.855
Locality eval: pred=false             gold=n/a  correct=False  running‐acc=0.799
[ 428/600] loss=0.5781  pred=true   gold=true  running‐acc=0.855
Locality eval: pred=n/a               gold=n/a  correct=True  running‐acc=0.799
[ 429/600] loss=0.1236  pred=true   gold=true  running‐acc=0.855
Locality eval: pred=n/a               gold=n/a  correct=True  running‐acc=0.800
[ 430/600] loss=0.2019  pred=n/a    gold=n/a  running‐acc=0.856
Locality eval: pred=true.             gold=true  correct=True  running‐acc=0.800
[ 431/600] loss=1.2408  pred=true   gold=true  running‐acc=0.856
Locality eval: pred=n/a               gold=n/a  correct=True  running‐acc=0.800
[ 432/600] loss=0.7700  pred=true   gold=true  running‐acc=0.856
Locality eval: pred=true              gold=n/a  correct=False  running‐acc=0.799
[ 433/600] loss=1.1353  pred=true   gold=true  running‐acc=0.857
Locality eval: pred=n/a               gold=n/a  correct=True  running‐acc=0.799
[ 434/600] loss=1.0912  pred=false.  gold=n/a  running‐acc=0.855
Locality eval: pred=true.             gold=true  correct=True  running‐acc=0.800
[ 435/600] loss=0.7056  pred=false  gold=n/a  running‐acc=0.853
Locality eval: pred=true              gold=true  correct=True  running‐acc=0.800
[ 436/600] loss=0.2078  pred=true   gold=true  running‐acc=0.853
Locality eval: pred=true              gold=n/a  correct=False  running‐acc=0.798
[ 437/600] loss=0.3145  pred=true   gold=true  running‐acc=0.854
Locality eval: pred=                  gold=n/a  correct=False  running‐acc=0.796
[ 438/600] loss=0.4315  pred=n/a    gold=n/a  running‐acc=0.854
Locality eval: pred=false             gold=true  correct=False  running‐acc=0.795
[ 439/600] loss=0.9219  pred=n/a    gold=n/a  running‐acc=0.854
Locality eval: pred=true              gold=true  correct=True  running‐acc=0.795
[ 440/600] loss=0.8326  pred=true   gold=true  running‐acc=0.855
Locality eval: pred=n/a               gold=n/a  correct=True  running‐acc=0.795
[ 441/600] loss=0.6073  pred=false.  gold=n/a  running‐acc=0.853
Locality eval: pred=true.             gold=true  correct=True  running‐acc=0.796
[ 442/600] loss=0.7816  pred=true   gold=true  running‐acc=0.853
Locality eval: pred=false             gold=n/a  correct=False  running‐acc=0.794
[ 443/600] loss=0.6350  pred=true   gold=true  running‐acc=0.853
Locality eval: pred=true              gold=n/a  correct=False  running‐acc=0.792
[ 444/600] loss=0.1391  pred=true   gold=true  running‐acc=0.854
Locality eval: pred=n/a               gold=n/a  correct=True  running‐acc=0.793
[ 445/600] loss=0.3582  pred=true   gold=true  running‐acc=0.854
Locality eval: pred=n/a               gold=n/a  correct=True  running‐acc=0.793
[ 446/600] loss=0.1661  pred=true   gold=true  running‐acc=0.854
Locality eval: pred=true              gold=n/a  correct=False  running‐acc=0.791
[ 447/600] loss=0.4661  pred=true   gold=true  running‐acc=0.855
Locality eval: pred=n/a               gold=n/a  correct=True  running‐acc=0.792
[ 448/600] loss=0.2499  pred=true   gold=true  running‐acc=0.855
Locality eval: pred=false             gold=n/a  correct=False  running‐acc=0.790
[ 449/600] loss=0.6677  pred=true   gold=true  running‐acc=0.855
Locality eval: pred=n/a               gold=n/a  correct=True  running‐acc=0.791
[ 450/600] loss=0.9296  pred=n/a    gold=n/a  running‐acc=0.856
Locality eval: pred=true              gold=true  correct=True  running‐acc=0.791
[ 451/600] loss=1.7381  pred=       gold=true  running‐acc=0.854
Locality eval: pred=true              gold=n/a  correct=False  running‐acc=0.789
[ 452/600] loss=0.6133  pred=n/a    gold=n/a  running‐acc=0.854
Locality eval: pred=true              gold=true  correct=True  running‐acc=0.790
[ 453/600] loss=0.4820  pred=n/a    gold=n/a  running‐acc=0.854
Locality eval: pred=true              gold=true  correct=True  running‐acc=0.790
[ 454/600] loss=0.1411  pred=n/a    gold=n/a  running‐acc=0.855
Locality eval: pred=true.             gold=true  correct=True  running‐acc=0.791
[ 455/600] loss=1.1400  pred=true   gold=true  running‐acc=0.855
Locality eval: pred=n/a               gold=n/a  correct=True  running‐acc=0.791
[ 456/600] loss=0.1235  pred=n/a    gold=n/a  running‐acc=0.855
Locality eval: pred=true              gold=true  correct=True  running‐acc=0.792
[ 457/600] loss=0.5550  pred=n/a    gold=n/a  running‐acc=0.856
Locality eval: pred=n/a               gold=true  correct=False  running‐acc=0.790
[ 458/600] loss=0.6604  pred=n/a    gold=n/a  running‐acc=0.856
Locality eval: pred=true.             gold=true  correct=True  running‐acc=0.790
[ 459/600] loss=1.1459  pred=true   gold=true  running‐acc=0.856
Locality eval: pred=n/a               gold=n/a  correct=True  running‐acc=0.791
[ 460/600] loss=0.0856  pred=true   gold=true  running‐acc=0.857
Locality eval: pred=false             gold=n/a  correct=False  running‐acc=0.789
[ 461/600] loss=0.3196  pred=n/a    gold=n/a  running‐acc=0.857
Locality eval: pred=true.             gold=true  correct=True  running‐acc=0.790
[ 462/600] loss=0.1028  pred=n/a    gold=n/a  running‐acc=0.857
Locality eval: pred=true.             gold=true  correct=True  running‐acc=0.790
[ 463/600] loss=0.5102  pred=true   gold=true  running‐acc=0.857
Locality eval: pred=false             gold=n/a  correct=False  running‐acc=0.788
[ 464/600] loss=1.0306  pred=n/a    gold=n/a  running‐acc=0.858
Locality eval: pred=true              gold=true  correct=True  running‐acc=0.789
[ 465/600] loss=1.1090  pred=n/a    gold=n/a  running‐acc=0.858
Locality eval: pred=true.             gold=true  correct=True  running‐acc=0.789
[ 466/600] loss=0.4415  pred=n/a    gold=n/a  running‐acc=0.858
Locality eval: pred=true.             gold=true  correct=True  running‐acc=0.790
[ 467/600] loss=0.4874  pred=n/a    gold=n/a  running‐acc=0.859
Locality eval: pred=true.             gold=true  correct=True  running‐acc=0.790
[ 468/600] loss=1.1033  pred=n/a    gold=n/a  running‐acc=0.859
Locality eval: pred=true              gold=true  correct=True  running‐acc=0.791
[ 469/600] loss=0.0809  pred=true   gold=true  running‐acc=0.859
Locality eval: pred=n/a               gold=n/a  correct=True  running‐acc=0.791
[ 470/600] loss=0.3092  pred=n/a    gold=n/a  running‐acc=0.860
Locality eval: pred=true              gold=true  correct=True  running‐acc=0.791
[ 471/600] loss=0.9593  pred=false  gold=n/a  running‐acc=0.858
Locality eval: pred=n/a               gold=true  correct=False  running‐acc=0.790
[ 472/600] loss=0.5597  pred=true   gold=true  running‐acc=0.858
Locality eval: pred=n/a               gold=n/a  correct=True  running‐acc=0.790
[ 473/600] loss=0.4268  pred=n/a    gold=n/a  running‐acc=0.858
Locality eval: pred=true              gold=true  correct=True  running‐acc=0.791
[ 474/600] loss=0.5120  pred=true   gold=true  running‐acc=0.859
Locality eval: pred=true              gold=n/a  correct=False  running‐acc=0.789
[ 475/600] loss=1.0752  pred=n/a    gold=n/a  running‐acc=0.859
Locality eval: pred=true              gold=true  correct=True  running‐acc=0.789
[ 476/600] loss=0.5362  pred=true   gold=true  running‐acc=0.859
Locality eval: pred=n/a               gold=n/a  correct=True  running‐acc=0.790
[ 477/600] loss=0.9815  pred=n/a    gold=n/a  running‐acc=0.860
Locality eval: pred=true.             gold=true  correct=True  running‐acc=0.790
[ 478/600] loss=0.3028  pred=true   gold=true  running‐acc=0.860
Locality eval: pred=false             gold=n/a  correct=False  running‐acc=0.789
[ 479/600] loss=1.1732  pred=n/a    gold=n/a  running‐acc=0.860
Locality eval: pred=true              gold=true  correct=True  running‐acc=0.789
[ 480/600] loss=1.3580  pred=n/a    gold=n/a  running‐acc=0.860
Locality eval: pred=true.             gold=true  correct=True  running‐acc=0.790
[ 481/600] loss=1.3131  pred=       gold=n/a  running‐acc=0.859
Locality eval: pred=true              gold=true  correct=True  running‐acc=0.790
[ 482/600] loss=0.5503  pred=true   gold=true  running‐acc=0.859
Locality eval: pred=                  gold=n/a  correct=False  running‐acc=0.788
[ 483/600] loss=0.1229  pred=n/a    gold=n/a  running‐acc=0.859
Locality eval: pred=true              gold=true  correct=True  running‐acc=0.789
[ 484/600] loss=0.7633  pred=n/a    gold=n/a  running‐acc=0.860
Locality eval: pred=true.             gold=true  correct=True  running‐acc=0.789
[ 485/600] loss=1.0735  pred=n/a    gold=n/a  running‐acc=0.860
Locality eval: pred=true              gold=true  correct=True  running‐acc=0.790
[ 486/600] loss=1.0018  pred=false  gold=n/a  running‐acc=0.858
Locality eval: pred=true              gold=true  correct=True  running‐acc=0.790
[ 487/600] loss=0.2124  pred=false.  gold=n/a  running‐acc=0.856
Locality eval: pred=true              gold=true  correct=True  running‐acc=0.791
[ 488/600] loss=1.1562  pred=false  gold=n/a  running‐acc=0.855
Locality eval: pred=true              gold=true  correct=True  running‐acc=0.791
[ 489/600] loss=0.5764  pred=n/a    gold=n/a  running‐acc=0.855
Locality eval: pred=true              gold=true  correct=True  running‐acc=0.791
[ 490/600] loss=1.0153  pred=n/a    gold=n/a  running‐acc=0.855
Locality eval: pred=true.             gold=true  correct=True  running‐acc=0.792
[ 491/600] loss=0.1982  pred=n/a    gold=n/a  running‐acc=0.855
Locality eval: pred=true              gold=true  correct=True  running‐acc=0.792
[ 492/600] loss=0.1336  pred=true   gold=true  running‐acc=0.856
Locality eval: pred=false             gold=n/a  correct=False  running‐acc=0.791
[ 493/600] loss=0.0309  pred=n/a    gold=n/a  running‐acc=0.856
Locality eval: pred=true              gold=true  correct=True  running‐acc=0.791
[ 494/600] loss=0.5610  pred=n/a    gold=n/a  running‐acc=0.856
Locality eval: pred=true              gold=true  correct=True  running‐acc=0.791
[ 495/600] loss=0.8654  pred=true   gold=n/a  running‐acc=0.855
Locality eval: pred=true              gold=true  correct=True  running‐acc=0.792
[ 496/600] loss=0.8959  pred=false.  gold=n/a  running‐acc=0.853
Locality eval: pred=true              gold=true  correct=True  running‐acc=0.792
[ 497/600] loss=0.8331  pred=true   gold=true  running‐acc=0.853
Locality eval: pred=false             gold=n/a  correct=False  running‐acc=0.791
[ 498/600] loss=0.3926  pred=true   gold=true  running‐acc=0.853
Locality eval: pred=false             gold=n/a  correct=False  running‐acc=0.789
[ 499/600] loss=0.0311  pred=n/a    gold=n/a  running‐acc=0.854
Locality eval: pred=true.             gold=true  correct=True  running‐acc=0.790
[ 500/600] loss=0.2023  pred=       gold=n/a  running‐acc=0.852
Locality eval: pred=true              gold=true  correct=True  running‐acc=0.790
[ 501/600] loss=0.7485  pred=n/a    gold=n/a  running‐acc=0.852
Locality eval: pred=true.             gold=true  correct=True  running‐acc=0.790
[ 502/600] loss=0.3341  pred=n/a    gold=n/a  running‐acc=0.853
Locality eval: pred=true.             gold=true  correct=True  running‐acc=0.791
[ 503/600] loss=0.1569  pred=true   gold=true  running‐acc=0.853
Locality eval: pred=n/a               gold=n/a  correct=True  running‐acc=0.791
[ 504/600] loss=0.7485  pred=true   gold=true  running‐acc=0.853
Locality eval: pred=n/a               gold=n/a  correct=True  running‐acc=0.792
[ 505/600] loss=1.1591  pred=true   gold=true  running‐acc=0.853
Locality eval: pred=true              gold=n/a  correct=False  running‐acc=0.790
[ 506/600] loss=0.7064  pred=true   gold=true  running‐acc=0.854
Locality eval: pred=n/a               gold=n/a  correct=True  running‐acc=0.791
[ 507/600] loss=0.8133  pred=n/a    gold=true  running‐acc=0.852
Locality eval: pred=n/a               gold=n/a  correct=True  running‐acc=0.791
[ 508/600] loss=0.2346  pred=n/a    gold=true  running‐acc=0.850
Locality eval: pred=n/a               gold=n/a  correct=True  running‐acc=0.791
[ 509/600] loss=0.6663  pred=true   gold=true  running‐acc=0.851
Locality eval: pred=n/a               gold=n/a  correct=True  running‐acc=0.792
[ 510/600] loss=1.1037  pred=true   gold=true  running‐acc=0.851
Locality eval: pred=false             gold=n/a  correct=False  running‐acc=0.790
[ 511/600] loss=0.2076  pred=n/a    gold=n/a  running‐acc=0.851
Locality eval: pred=true.             gold=true  correct=True  running‐acc=0.791
[ 512/600] loss=0.3035  pred=true   gold=true  running‐acc=0.852
Locality eval: pred=n/a               gold=n/a  correct=True  running‐acc=0.791
[ 513/600] loss=1.4481  pred=n/a    gold=n/a  running‐acc=0.852
Locality eval: pred=true              gold=true  correct=True  running‐acc=0.791
[ 514/600] loss=0.1582  pred=true   gold=true  running‐acc=0.852
Locality eval: pred=n/a               gold=n/a  correct=True  running‐acc=0.792
[ 515/600] loss=1.1532  pred=n/a    gold=n/a  running‐acc=0.852
Locality eval: pred=true.             gold=true  correct=True  running‐acc=0.792
[ 516/600] loss=0.7216  pred=n/a    gold=n/a  running‐acc=0.853
Locality eval: pred=true              gold=true  correct=True  running‐acc=0.793
[ 517/600] loss=0.4814  pred=n/a    gold=n/a  running‐acc=0.853
Locality eval: pred=true              gold=true  correct=True  running‐acc=0.793
[ 518/600] loss=0.7779  pred=n/a    gold=n/a  running‐acc=0.853
Locality eval: pred=true              gold=true  correct=True  running‐acc=0.793
[ 519/600] loss=0.0631  pred=true   gold=true  running‐acc=0.854
Locality eval: pred=n/a               gold=n/a  correct=True  running‐acc=0.794
[ 520/600] loss=0.7865  pred=true   gold=true  running‐acc=0.854
Locality eval: pred=n/a               gold=n/a  correct=True  running‐acc=0.794
[ 521/600] loss=0.3439  pred=true   gold=true  running‐acc=0.854
Locality eval: pred=n/a               gold=n/a  correct=True  running‐acc=0.795
[ 522/600] loss=0.5421  pred=true   gold=true  running‐acc=0.854
Locality eval: pred=false             gold=n/a  correct=False  running‐acc=0.793
[ 523/600] loss=1.2534  pred=n/a    gold=n/a  running‐acc=0.855
Locality eval: pred=true              gold=true  correct=True  running‐acc=0.793
[ 524/600] loss=0.0378  pred=true   gold=true  running‐acc=0.855
Locality eval: pred=false             gold=n/a  correct=False  running‐acc=0.792
[ 525/600] loss=0.2374  pred=true   gold=true  running‐acc=0.855
Locality eval: pred=n/a               gold=n/a  correct=True  running‐acc=0.792
[ 526/600] loss=0.3959  pred=true   gold=true  running‐acc=0.856
Locality eval: pred=n/a               gold=n/a  correct=True  running‐acc=0.793
[ 527/600] loss=1.0846  pred=n/a    gold=n/a  running‐acc=0.856
Locality eval: pred=true.             gold=true  correct=True  running‐acc=0.793
[ 528/600] loss=1.0557  pred=true   gold=true  running‐acc=0.856
Locality eval: pred=                  gold=n/a  correct=False  running‐acc=0.792
[ 529/600] loss=1.2783  pred=false  gold=n/a  running‐acc=0.854
Locality eval: pred=true.             gold=true  correct=True  running‐acc=0.792
[ 530/600] loss=1.2649  pred=true   gold=true  running‐acc=0.855
Locality eval: pred=_n/a_             gold=n/a  correct=True  running‐acc=0.792
[ 531/600] loss=1.3522  pred=true   gold=n/a  running‐acc=0.853
Locality eval: pred=true              gold=true  correct=True  running‐acc=0.793
[ 532/600] loss=0.7094  pred=true   gold=true  running‐acc=0.853
Locality eval: pred=n/a               gold=n/a  correct=True  running‐acc=0.793
[ 533/600] loss=0.9728  pred=n/a    gold=n/a  running‐acc=0.854
Locality eval: pred=true              gold=true  correct=True  running‐acc=0.794
[ 534/600] loss=1.0163  pred=true   gold=true  running‐acc=0.854
Locality eval: pred=n/a               gold=n/a  correct=True  running‐acc=0.794
[ 535/600] loss=0.0447  pred=n/a    gold=true  running‐acc=0.852
Locality eval: pred=n/a               gold=n/a  correct=True  running‐acc=0.794
[ 536/600] loss=0.1377  pred=true   gold=true  running‐acc=0.853
Locality eval: pred=n/a               gold=n/a  correct=True  running‐acc=0.795
[ 537/600] loss=0.5782  pred=n/a    gold=n/a  running‐acc=0.853
Locality eval: pred=true.             gold=true  correct=True  running‐acc=0.795
[ 538/600] loss=0.6091  pred=true   gold=true  running‐acc=0.853
Locality eval: pred=                  gold=n/a  correct=False  running‐acc=0.794
[ 539/600] loss=1.2912  pred=true   gold=true  running‐acc=0.853
Locality eval: pred=n/a               gold=n/a  correct=True  running‐acc=0.794
[ 540/600] loss=1.2157  pred=true   gold=n/a  running‐acc=0.852
Locality eval: pred=true.             gold=true  correct=True  running‐acc=0.794
[ 541/600] loss=1.2596  pred=true   gold=n/a  running‐acc=0.850
Locality eval: pred=true              gold=true  correct=True  running‐acc=0.795
[ 542/600] loss=0.3400  pred=n/a    gold=n/a  running‐acc=0.851
Locality eval: pred=true              gold=true  correct=True  running‐acc=0.795
[ 543/600] loss=0.8227  pred=n/a    gold=n/a  running‐acc=0.851
Locality eval: pred=true              gold=true  correct=True  running‐acc=0.796
[ 544/600] loss=1.0625  pred=n/a    gold=n/a  running‐acc=0.851
Locality eval: pred=true              gold=true  correct=True  running‐acc=0.796
[ 545/600] loss=0.3488  pred=n/a    gold=true  running‐acc=0.850
Locality eval: pred=n/a               gold=n/a  correct=True  running‐acc=0.796
[ 546/600] loss=1.1531  pred=n/a    gold=n/a  running‐acc=0.850
Locality eval: pred=true.             gold=true  correct=True  running‐acc=0.797
[ 547/600] loss=0.2615  pred=true   gold=true  running‐acc=0.850
Locality eval: pred=false             gold=n/a  correct=False  running‐acc=0.795
[ 548/600] loss=0.4142  pred=true   gold=true  running‐acc=0.850
Locality eval: pred=n/a               gold=n/a  correct=True  running‐acc=0.796
[ 549/600] loss=0.6992  pred=true   gold=true  running‐acc=0.851
Locality eval: pred=true              gold=n/a  correct=False  running‐acc=0.794
[ 550/600] loss=0.8888  pred=false.  gold=n/a  running‐acc=0.849
Locality eval: pred=true              gold=true  correct=True  running‐acc=0.795
[ 551/600] loss=0.0616  pred=true   gold=true  running‐acc=0.849
Locality eval: pred=n/a               gold=n/a  correct=True  running‐acc=0.795
[ 552/600] loss=0.9771  pred=n/a    gold=n/a  running‐acc=0.850
Locality eval: pred=true              gold=true  correct=True  running‐acc=0.795
[ 553/600] loss=0.9436  pred=n/a    gold=n/a  running‐acc=0.850
Locality eval: pred=true              gold=true  correct=True  running‐acc=0.796
[ 554/600] loss=0.2790  pred=true   gold=true  running‐acc=0.850
Locality eval: pred=n/a               gold=n/a  correct=True  running‐acc=0.796
[ 555/600] loss=0.9963  pred=n/a    gold=n/a  running‐acc=0.850
Locality eval: pred=true.             gold=true  correct=True  running‐acc=0.796
[ 556/600] loss=0.4429  pred=n/a    gold=n/a  running‐acc=0.851
Locality eval: pred=true.             gold=true  correct=True  running‐acc=0.797
[ 557/600] loss=0.8899  pred=n/a    gold=n/a  running‐acc=0.851
Locality eval: pred=true.             gold=true  correct=True  running‐acc=0.797
[ 558/600] loss=0.2444  pred=true   gold=true  running‐acc=0.851
Locality eval: pred=n/a               gold=n/a  correct=True  running‐acc=0.797
[ 559/600] loss=0.1572  pred=true   gold=true  running‐acc=0.852
Locality eval: pred=n/a               gold=n/a  correct=True  running‐acc=0.798
[ 560/600] loss=1.1795  pred=n/a    gold=n/a  running‐acc=0.852
Locality eval: pred=true              gold=true  correct=True  running‐acc=0.798
[ 561/600] loss=0.5338  pred=true   gold=true  running‐acc=0.852
Locality eval: pred=n/a               gold=n/a  correct=True  running‐acc=0.799
[ 562/600] loss=0.0969  pred=true   gold=true  running‐acc=0.852
Locality eval: pred=true              gold=n/a  correct=False  running‐acc=0.797
[ 563/600] loss=0.9326  pred=n/a    gold=n/a  running‐acc=0.853
Locality eval: pred=n/a               gold=true  correct=False  running‐acc=0.796
[ 564/600] loss=0.9543  pred=n/a    gold=true  running‐acc=0.851
Locality eval: pred=true              gold=n/a  correct=False  running‐acc=0.794
[ 565/600] loss=0.7598  pred=n/a    gold=n/a  running‐acc=0.851
Locality eval: pred=true.             gold=true  correct=True  running‐acc=0.795
[ 566/600] loss=0.5210  pred=true   gold=true  running‐acc=0.852
Locality eval: pred=true              gold=n/a  correct=False  running‐acc=0.793
[ 567/600] loss=1.1987  pred=true   gold=true  running‐acc=0.852
Locality eval: pred=n/a               gold=n/a  correct=True  running‐acc=0.794
[ 568/600] loss=1.1716  pred=false  gold=n/a  running‐acc=0.850
Locality eval: pred=true              gold=true  correct=True  running‐acc=0.794
[ 569/600] loss=0.4775  pred=true   gold=true  running‐acc=0.851
Locality eval: pred=n/a               gold=n/a  correct=True  running‐acc=0.794
[ 570/600] loss=0.3305  pred=true   gold=true  running‐acc=0.851
Locality eval: pred=n/a               gold=n/a  correct=True  running‐acc=0.795
[ 571/600] loss=0.6856  pred=true   gold=true  running‐acc=0.851
Locality eval: pred=false             gold=n/a  correct=False  running‐acc=0.793
[ 572/600] loss=0.4011  pred=n/a    gold=true  running‐acc=0.850
Locality eval: pred=n/a               gold=n/a  correct=True  running‐acc=0.794
[ 573/600] loss=0.7847  pred=true   gold=true  running‐acc=0.850
Locality eval: pred=n/a               gold=n/a  correct=True  running‐acc=0.794
[ 574/600] loss=1.2620  pred=false  gold=true  running‐acc=0.848
Locality eval: pred=n/a               gold=n/a  correct=True  running‐acc=0.794
[ 575/600] loss=1.1345  pred=true   gold=true  running‐acc=0.849
Locality eval: pred=n/a               gold=n/a  correct=True  running‐acc=0.795
[ 576/600] loss=0.7661  pred=true   gold=true  running‐acc=0.849
Locality eval: pred=n/a               gold=n/a  correct=True  running‐acc=0.795
[ 577/600] loss=0.1218  pred=true   gold=true  running‐acc=0.849
Locality eval: pred=n/a               gold=n/a  correct=True  running‐acc=0.795
[ 578/600] loss=0.9014  pred=n/a    gold=n/a  running‐acc=0.849
Locality eval: pred=true              gold=true  correct=True  running‐acc=0.796
[ 579/600] loss=0.6328  pred=true   gold=true  running‐acc=0.850
Locality eval: pred=false             gold=n/a  correct=False  running‐acc=0.794
[ 580/600] loss=0.7400  pred=n/a    gold=n/a  running‐acc=0.850
Locality eval: pred=true              gold=true  correct=True  running‐acc=0.795
[ 581/600] loss=1.2504  pred=n/a    gold=n/a  running‐acc=0.850
Locality eval: pred=true.             gold=true  correct=True  running‐acc=0.795
[ 582/600] loss=0.7536  pred=true   gold=n/a  running‐acc=0.849
Locality eval: pred=true              gold=true  correct=True  running‐acc=0.796
[ 583/600] loss=0.8428  pred=n/a    gold=n/a  running‐acc=0.849
Locality eval: pred=true              gold=true  correct=True  running‐acc=0.796
[ 584/600] loss=0.6777  pred=n/a    gold=n/a  running‐acc=0.849
Locality eval: pred=true.             gold=true  correct=True  running‐acc=0.796
[ 585/600] loss=0.7023  pred=false  gold=n/a  running‐acc=0.848
Locality eval: pred=                  gold=true  correct=False  running‐acc=0.795
[ 586/600] loss=0.3171  pred=n/a    gold=n/a  running‐acc=0.848
Locality eval: pred=true.             gold=true  correct=True  running‐acc=0.795
[ 587/600] loss=0.6654  pred=true   gold=true  running‐acc=0.848
Locality eval: pred=true              gold=n/a  correct=False  running‐acc=0.794
[ 588/600] loss=0.1242  pred=true   gold=true  running‐acc=0.849
Locality eval: pred=true              gold=n/a  correct=False  running‐acc=0.793
[ 589/600] loss=0.6760  pred=       gold=true  running‐acc=0.847
Locality eval: pred=n/a               gold=n/a  correct=True  running‐acc=0.793
[ 590/600] loss=0.5710  pred=true   gold=true  running‐acc=0.847
Locality eval: pred=n/a               gold=n/a  correct=True  running‐acc=0.793
[ 591/600] loss=0.8143  pred=true   gold=true  running‐acc=0.848
Locality eval: pred=n/a               gold=n/a  correct=True  running‐acc=0.794
[ 592/600] loss=1.5939  pred=       gold=n/a  running‐acc=0.846
Locality eval: pred=true              gold=true  correct=True  running‐acc=0.794
[ 593/600] loss=0.6136  pred=true   gold=true  running‐acc=0.847
Locality eval: pred=n/a               gold=n/a  correct=True  running‐acc=0.794
[ 594/600] loss=0.2177  pred=n/a    gold=n/a  running‐acc=0.847
Locality eval: pred=n/a               gold=true  correct=False  running‐acc=0.793
[ 595/600] loss=0.1603  pred=true   gold=true  running‐acc=0.847
Locality eval: pred=n/a               gold=n/a  correct=True  running‐acc=0.793
[ 596/600] loss=1.2946  pred=false  gold=n/a  running‐acc=0.846
Locality eval: pred=true.             gold=true  correct=True  running‐acc=0.794
[ 597/600] loss=1.2705  pred=       gold=n/a  running‐acc=0.844
Locality eval: pred=true              gold=true  correct=True  running‐acc=0.794
[ 598/600] loss=0.1070  pred=n/a    gold=true  running‐acc=0.843
Locality eval: pred=n/a               gold=n/a  correct=True  running‐acc=0.794
[ 599/600] loss=0.1637  pred=true   gold=true  running‐acc=0.843
Locality eval: pred=false             gold=n/a  correct=False  running‐acc=0.793
[ 600/600] loss=1.1981  pred=n/a    gold=n/a  running‐acc=0.843
Locality eval: pred=true              gold=true  correct=True  running‐acc=0.793

Finished in 1747.2s.  Final accuracy: 0.843.

