Sliding Window Attention is enabled but not implemented for `sdpa`; unexpected results may be encountered.

Loading base model (4‐bit)…
Loading checkpoint shards:   0%|          | 0/2 [00:00<?, ?it/s]Loading checkpoint shards:  50%|█████     | 1/2 [00:01<00:01,  1.22s/it]Loading checkpoint shards: 100%|██████████| 2/2 [00:02<00:00,  1.02it/s]Loading checkpoint shards: 100%|██████████| 2/2 [00:02<00:00,  1.01s/it]
trainable params: 3,686,400 || all params: 3,089,625,088 || trainable%: 0.1193
  0%|          | 0/600 [00:00<?, ?it/s]100%|██████████| 600/600 [00:00<00:00, 27433.18it/s]
/project/uvadm/zhenyu/miniconda3/envs/mechanistic/lib/python3.10/site-packages/transformers/generation/configuration_utils.py:631: UserWarning: `do_sample` is set to `False`. However, `temperature` is set to `0.7` -- this flag is only used in sample-based generation modes. You should set `do_sample=True` or unset `temperature`.
  warnings.warn(
/project/uvadm/zhenyu/miniconda3/envs/mechanistic/lib/python3.10/site-packages/transformers/generation/configuration_utils.py:636: UserWarning: `do_sample` is set to `False`. However, `top_p` is set to `0.8` -- this flag is only used in sample-based generation modes. You should set `do_sample=True` or unset `top_p`.
  warnings.warn(
/project/uvadm/zhenyu/miniconda3/envs/mechanistic/lib/python3.10/site-packages/transformers/generation/configuration_utils.py:653: UserWarning: `do_sample` is set to `False`. However, `top_k` is set to `20` -- this flag is only used in sample-based generation modes. You should set `do_sample=True` or unset `top_k`.
  warnings.warn(
Loaded 600 (train, eval) pairs.

Starting sequential training…
Cached 144 LoRA tensors.
[   1/600] loss=8.8968  pred=true   gold=true  running‐acc=1.000
Locality eval: pred=n/a               gold=n/a  correct=True  running‐acc=1.000
[   2/600] loss=8.4706  pred=true   gold=true  running‐acc=1.000
Locality eval: pred=false             gold=n/a  correct=False  running‐acc=0.500
[   3/600] loss=8.1071  pred=true.  gold=true  running‐acc=1.000
Locality eval: pred=true              gold=n/a  correct=False  running‐acc=0.333
[   4/600] loss=9.2703  pred=true   gold=true  running‐acc=1.000
Locality eval: pred=true              gold=n/a  correct=False  running‐acc=0.250
[   5/600] loss=8.5834  pred=true   gold=true  running‐acc=1.000
Locality eval: pred=false             gold=n/a  correct=False  running‐acc=0.200
[   6/600] loss=9.3060  pred=true   gold=true  running‐acc=1.000
Locality eval: pred=true              gold=n/a  correct=False  running‐acc=0.167
[   7/600] loss=5.8606  pred=n/a    gold=n/a  running‐acc=1.000
Locality eval: pred=n/a               gold=true  correct=False  running‐acc=0.143
[   8/600] loss=3.9699  pred=n/a    gold=n/a  running‐acc=1.000
Locality eval: pred=n/a               gold=true  correct=False  running‐acc=0.125
[   9/600] loss=10.7013  pred=true   gold=true  running‐acc=1.000
Locality eval: pred=true              gold=n/a  correct=False  running‐acc=0.111
[  10/600] loss=8.3490  pred=true   gold=true  running‐acc=1.000
Locality eval: pred=false             gold=n/a  correct=False  running‐acc=0.100
[  11/600] loss=9.2909  pred=n/a    gold=true  running‐acc=0.909
Locality eval: pred=true              gold=n/a  correct=False  running‐acc=0.091
[  12/600] loss=9.1147  pred=true   gold=true  running‐acc=0.917
Locality eval: pred=true              gold=n/a  correct=False  running‐acc=0.083
[  13/600] loss=6.4493  pred=false  gold=n/a  running‐acc=0.846
Locality eval: pred=n/a               gold=true  correct=False  running‐acc=0.077
[  14/600] loss=6.8302  pred=n/a    gold=n/a  running‐acc=0.857
Locality eval: pred=n/a               gold=true  correct=False  running‐acc=0.071
[  15/600] loss=9.8789  pred=true   gold=true  running‐acc=0.867
Locality eval: pred=true              gold=n/a  correct=False  running‐acc=0.067
[  16/600] loss=7.5845  pred=false  gold=n/a  running‐acc=0.812
Locality eval: pred=true              gold=true  correct=True  running‐acc=0.125
[  17/600] loss=5.0080  pred=n/a    gold=n/a  running‐acc=0.824
Locality eval: pred=n/a               gold=true  correct=False  running‐acc=0.118
[  18/600] loss=8.3370  pred=true   gold=true  running‐acc=0.833
Locality eval: pred=n/a               gold=n/a  correct=True  running‐acc=0.167
[  19/600] loss=9.3203  pred=true   gold=true  running‐acc=0.842
Locality eval: pred=false             gold=n/a  correct=False  running‐acc=0.158
[  20/600] loss=6.4663  pred=n/a    gold=n/a  running‐acc=0.850
Locality eval: pred=n/a               gold=true  correct=False  running‐acc=0.150
[  21/600] loss=6.3345  pred=n/a    gold=n/a  running‐acc=0.857
Locality eval: pred=true              gold=true  correct=True  running‐acc=0.190
[  22/600] loss=7.2411  pred=n/a    gold=n/a  running‐acc=0.864
Locality eval: pred=n/a               gold=true  correct=False  running‐acc=0.182
[  23/600] loss=7.4873  pred=n/a    gold=n/a  running‐acc=0.870
Locality eval: pred=n/a               gold=true  correct=False  running‐acc=0.174
[  24/600] loss=7.5134  pred=false  gold=n/a  running‐acc=0.833
Locality eval: pred=true              gold=true  correct=True  running‐acc=0.208
[  25/600] loss=8.4091  pred=true   gold=true  running‐acc=0.840
Locality eval: pred=false             gold=n/a  correct=False  running‐acc=0.200
[  26/600] loss=6.6021  pred=n/a    gold=n/a  running‐acc=0.846
Locality eval: pred=true              gold=true  correct=True  running‐acc=0.231
[  27/600] loss=4.1647  pred=false  gold=n/a  running‐acc=0.815
Locality eval: pred=true              gold=true  correct=True  running‐acc=0.259
[  28/600] loss=7.3900  pred=n/a    gold=n/a  running‐acc=0.821
Locality eval: pred=true              gold=true  correct=True  running‐acc=0.286
[  29/600] loss=6.4817  pred=n/a    gold=n/a  running‐acc=0.828
Locality eval: pred=true              gold=true  correct=True  running‐acc=0.310
[  30/600] loss=7.0618  pred=true   gold=n/a  running‐acc=0.800
Locality eval: pred=true              gold=true  correct=True  running‐acc=0.333
[  31/600] loss=7.7375  pred=true   gold=true  running‐acc=0.806
Locality eval: pred=false             gold=n/a  correct=False  running‐acc=0.323
[  32/600] loss=6.8977  pred=n/a    gold=n/a  running‐acc=0.812
Locality eval: pred=true              gold=true  correct=True  running‐acc=0.344
[  33/600] loss=7.8644  pred=false  gold=n/a  running‐acc=0.788
Locality eval: pred=true              gold=true  correct=True  running‐acc=0.364
[  34/600] loss=6.3873  pred=n/a    gold=n/a  running‐acc=0.794
Locality eval: pred=true              gold=true  correct=True  running‐acc=0.382
[  35/600] loss=7.6222  pred=true   gold=true  running‐acc=0.800
Locality eval: pred=false             gold=n/a  correct=False  running‐acc=0.371
[  36/600] loss=7.1249  pred=n/a    gold=n/a  running‐acc=0.806
Locality eval: pred=true              gold=true  correct=True  running‐acc=0.389
[  37/600] loss=10.0758  pred=true   gold=true  running‐acc=0.811
Locality eval: pred=true              gold=n/a  correct=False  running‐acc=0.378
[  38/600] loss=4.4821  pred=n/a    gold=n/a  running‐acc=0.816
Locality eval: pred=n/a               gold=true  correct=False  running‐acc=0.368
[  39/600] loss=8.0883  pred=true.  gold=true  running‐acc=0.821
Locality eval: pred=truefalse         gold=n/a  correct=False  running‐acc=0.359
[  40/600] loss=10.3064  pred=true   gold=true  running‐acc=0.825
Locality eval: pred=n/a               gold=n/a  correct=True  running‐acc=0.375
[  41/600] loss=8.6769  pred=truebike_rider_ready_to_cycle  gold=true  running‐acc=0.829
Locality eval: pred=false             gold=n/a  correct=False  running‐acc=0.366
[  42/600] loss=6.3593  pred=n/a    gold=n/a  running‐acc=0.833
Locality eval: pred=false             gold=true  correct=False  running‐acc=0.357
[  43/600] loss=3.8126  pred=true   gold=true  running‐acc=0.837
Locality eval: pred=n/a               gold=n/a  correct=True  running‐acc=0.372
[  44/600] loss=7.2722  pred=true   gold=n/a  running‐acc=0.818
Locality eval: pred=n/a               gold=true  correct=False  running‐acc=0.364
[  45/600] loss=6.3063  pred=n/a    gold=n/a  running‐acc=0.822
Locality eval: pred=n/a               gold=true  correct=False  running‐acc=0.356
[  46/600] loss=9.2968  pred=true   gold=true  running‐acc=0.826
Locality eval: pred=n/a               gold=n/a  correct=True  running‐acc=0.370
[  47/600] loss=5.3010  pred=true   gold=true  running‐acc=0.830
Locality eval: pred=n/a               gold=n/a  correct=True  running‐acc=0.383
[  48/600] loss=6.1554  pred=n/a    gold=n/a  running‐acc=0.833
Locality eval: pred=n/a               gold=true  correct=False  running‐acc=0.375
[  49/600] loss=10.2605  pred=true   gold=true  running‐acc=0.837
Locality eval: pred=false             gold=n/a  correct=False  running‐acc=0.367
[  50/600] loss=6.6362  pred=false  gold=n/a  running‐acc=0.820
Locality eval: pred=true              gold=true  correct=True  running‐acc=0.380
[  51/600] loss=9.1672  pred=true   gold=true  running‐acc=0.824
Locality eval: pred=false             gold=n/a  correct=False  running‐acc=0.373
[  52/600] loss=10.1125  pred=true   gold=true  running‐acc=0.827
Locality eval: pred=n/a               gold=n/a  correct=True  running‐acc=0.385
[  53/600] loss=6.3768  pred=n/a    gold=n/a  running‐acc=0.830
Locality eval: pred=n/a               gold=true  correct=False  running‐acc=0.377
[  54/600] loss=8.0798  pred=true   gold=true  running‐acc=0.833
Locality eval: pred=false             gold=n/a  correct=False  running‐acc=0.370
[  55/600] loss=6.2959  pred=n/a    gold=n/a  running‐acc=0.836
Locality eval: pred=n/a               gold=true  correct=False  running‐acc=0.364
[  56/600] loss=7.4971  pred=false  gold=n/a  running‐acc=0.821
Locality eval: pred=true              gold=true  correct=True  running‐acc=0.375
[  57/600] loss=8.8215  pred=true/false/n/a  gold=true  running‐acc=0.825
Locality eval: pred=true              gold=n/a  correct=False  running‐acc=0.368
[  58/600] loss=7.6446  pred=true   gold=true  running‐acc=0.828
Locality eval: pred=n/a               gold=n/a  correct=True  running‐acc=0.379
[  59/600] loss=10.0683  pred=true   gold=true  running‐acc=0.831
Locality eval: pred=true              gold=n/a  correct=False  running‐acc=0.373
[  60/600] loss=5.6022  pred=true   gold=true  running‐acc=0.833
Locality eval: pred=n/a               gold=n/a  correct=True  running‐acc=0.383
[  61/600] loss=7.6248  pred=false  gold=true  running‐acc=0.820
Locality eval: pred=true/false/n/a    gold=n/a  correct=True  running‐acc=0.393
[  62/600] loss=8.5276  pred=n/a    gold=true  running‐acc=0.806
Locality eval: pred=false             gold=n/a  correct=False  running‐acc=0.387
[  63/600] loss=6.9096  pred=n/a    gold=n/a  running‐acc=0.810
Locality eval: pred=true              gold=true  correct=True  running‐acc=0.397
[  64/600] loss=7.5544  pred=true   gold=n/a  running‐acc=0.797
Locality eval: pred=true              gold=true  correct=True  running‐acc=0.406
[  65/600] loss=6.9683  pred=n/a    gold=n/a  running‐acc=0.800
Locality eval: pred=n/a               gold=true  correct=False  running‐acc=0.400
[  66/600] loss=9.4797  pred=true   gold=true  running‐acc=0.803
Locality eval: pred=true              gold=n/a  correct=False  running‐acc=0.394
[  67/600] loss=7.8188  pred=true   gold=true  running‐acc=0.806
Locality eval: pred=n/a               gold=n/a  correct=True  running‐acc=0.403
[  68/600] loss=8.8846  pred=true   gold=true  running‐acc=0.809
Locality eval: pred=false             gold=n/a  correct=False  running‐acc=0.397
[  69/600] loss=6.9985  pred=n/a    gold=n/a  running‐acc=0.812
Locality eval: pred=n/a               gold=true  correct=False  running‐acc=0.391
[  70/600] loss=6.4683  pred=n/a    gold=n/a  running‐acc=0.814
Locality eval: pred=n/a               gold=true  correct=False  running‐acc=0.386
[  71/600] loss=7.0075  pred=n/a    gold=n/a  running‐acc=0.817
Locality eval: pred=n/a               gold=true  correct=False  running‐acc=0.380
[  72/600] loss=6.5631  pred=n/a    gold=n/a  running‐acc=0.819
Locality eval: pred=true              gold=true  correct=True  running‐acc=0.389
[  73/600] loss=8.8945  pred=true.  gold=true  running‐acc=0.822
Locality eval: pred=n/a               gold=n/a  correct=True  running‐acc=0.397
[  74/600] loss=7.1015  pred=n/a    gold=n/a  running‐acc=0.824
Locality eval: pred=n/a               gold=true  correct=False  running‐acc=0.392
[  75/600] loss=6.4129  pred=n/a    gold=n/a  running‐acc=0.827
Locality eval: pred=n/a               gold=true  correct=False  running‐acc=0.387
[  76/600] loss=9.6772  pred=true   gold=true  running‐acc=0.829
Locality eval: pred=true              gold=n/a  correct=False  running‐acc=0.382
[  77/600] loss=7.9470  pred=true   gold=true  running‐acc=0.831
Locality eval: pred=false             gold=n/a  correct=False  running‐acc=0.377
[  78/600] loss=6.8709  pred=false  gold=n/a  running‐acc=0.821
Locality eval: pred=true.             gold=true  correct=True  running‐acc=0.385
[  79/600] loss=8.4740  pred=true/false/n/a  gold=true  running‐acc=0.823
Locality eval: pred=false             gold=n/a  correct=False  running‐acc=0.380
[  80/600] loss=6.6876  pred=false  gold=n/a  running‐acc=0.812
Locality eval: pred=n/a               gold=true  correct=False  running‐acc=0.375
[  81/600] loss=6.2446  pred=n/a    gold=n/a  running‐acc=0.815
Locality eval: pred=true              gold=true  correct=True  running‐acc=0.383
[  82/600] loss=9.6923  pred=true   gold=true  running‐acc=0.817
Locality eval: pred=true              gold=n/a  correct=False  running‐acc=0.378
[  83/600] loss=5.6553  pred=n/a    gold=n/a  running‐acc=0.819
Locality eval: pred=n/a               gold=true  correct=False  running‐acc=0.373
[  84/600] loss=8.8704  pred=true   gold=true  running‐acc=0.821
Locality eval: pred=n/a               gold=n/a  correct=True  running‐acc=0.381
[  85/600] loss=6.6907  pred=n/a    gold=n/a  running‐acc=0.824
Locality eval: pred=true              gold=true  correct=True  running‐acc=0.388
[  86/600] loss=7.1334  pred=n/a    gold=n/a  running‐acc=0.826
Locality eval: pred=true              gold=true  correct=True  running‐acc=0.395
[  87/600] loss=6.8852  pred=n/a    gold=n/a  running‐acc=0.828
Locality eval: pred=n/a               gold=true  correct=False  running‐acc=0.391
[  88/600] loss=9.8606  pred=true   gold=true  running‐acc=0.830
Locality eval: pred=true              gold=n/a  correct=False  running‐acc=0.386
[  89/600] loss=7.7093  pred=true   gold=true  running‐acc=0.831
Locality eval: pred=false             gold=n/a  correct=False  running‐acc=0.382
[  90/600] loss=5.8423  pred=n/a    gold=n/a  running‐acc=0.833
Locality eval: pred=n/a               gold=true  correct=False  running‐acc=0.378
[  91/600] loss=4.8824  pred=n/a    gold=n/a  running‐acc=0.835
Locality eval: pred=true.             gold=true  correct=True  running‐acc=0.385
[  92/600] loss=7.6093  pred=false  gold=true  running‐acc=0.826
Locality eval: pred=false             gold=n/a  correct=False  running‐acc=0.380
[  93/600] loss=6.0406  pred=n/a    gold=n/a  running‐acc=0.828
Locality eval: pred=true              gold=true  correct=True  running‐acc=0.387
[  94/600] loss=6.4232  pred=true   gold=n/a  running‐acc=0.819
Locality eval: pred=n/a               gold=true  correct=False  running‐acc=0.383
[  95/600] loss=8.4363  pred=true/false/n/a  gold=true  running‐acc=0.821
Locality eval: pred=n/a               gold=n/a  correct=True  running‐acc=0.389
[  96/600] loss=6.3092  pred=n/a    gold=n/a  running‐acc=0.823
Locality eval: pred=n/a               gold=true  correct=False  running‐acc=0.385
[  97/600] loss=3.1046  pred=false  gold=n/a  running‐acc=0.814
Locality eval: pred=n/a               gold=true  correct=False  running‐acc=0.381
[  98/600] loss=6.8742  pred=n/a    gold=n/a  running‐acc=0.816
Locality eval: pred=true              gold=true  correct=True  running‐acc=0.388
[  99/600] loss=6.8647  pred=true.  gold=true  running‐acc=0.818
Locality eval: pred=n/a               gold=n/a  correct=True  running‐acc=0.394
[ 100/600] loss=8.9140  pred=true   gold=true  running‐acc=0.820
Locality eval: pred=n/a               gold=n/a  correct=True  running‐acc=0.400
[ 101/600] loss=6.1491  pred=n/a    gold=n/a  running‐acc=0.822
Locality eval: pred=n/a               gold=true  correct=False  running‐acc=0.396
[ 102/600] loss=8.5984  pred=true   gold=true  running‐acc=0.824
Locality eval: pred=false             gold=n/a  correct=False  running‐acc=0.392
[ 103/600] loss=6.6242  pred=n/a    gold=n/a  running‐acc=0.825
Locality eval: pred=n/a               gold=true  correct=False  running‐acc=0.388
[ 104/600] loss=8.7859  pred=true   gold=true  running‐acc=0.827
Locality eval: pred=n/a               gold=n/a  correct=True  running‐acc=0.394
[ 105/600] loss=3.9930  pred=true   gold=true  running‐acc=0.829
Locality eval: pred=n/a               gold=n/a  correct=True  running‐acc=0.400
[ 106/600] loss=2.2163  pred=true   gold=true  running‐acc=0.830
Locality eval: pred=n/a               gold=n/a  correct=True  running‐acc=0.406
[ 107/600] loss=6.6932  pred=true   gold=true  running‐acc=0.832
Locality eval: pred=n/a               gold=n/a  correct=True  running‐acc=0.411
[ 108/600] loss=8.6242  pred=true   gold=true  running‐acc=0.833
Locality eval: pred=n/a               gold=n/a  correct=True  running‐acc=0.417
[ 109/600] loss=10.4038  pred=true   gold=true  running‐acc=0.835
Locality eval: pred=true              gold=n/a  correct=False  running‐acc=0.413
[ 110/600] loss=5.5191  pred=true   gold=true  running‐acc=0.836
Locality eval: pred=n/a               gold=n/a  correct=True  running‐acc=0.418
[ 111/600] loss=7.4023  pred=true   gold=true  running‐acc=0.838
Locality eval: pred=n/a               gold=n/a  correct=True  running‐acc=0.423
[ 112/600] loss=10.4417  pred=true   gold=true  running‐acc=0.839
Locality eval: pred=n/a               gold=n/a  correct=True  running‐acc=0.429
[ 113/600] loss=2.8656  pred=n/a    gold=n/a  running‐acc=0.841
Locality eval: pred=true.             gold=true  correct=True  running‐acc=0.434
[ 114/600] loss=7.3412  pred=n/a    gold=n/a  running‐acc=0.842
Locality eval: pred=false             gold=true  correct=False  running‐acc=0.430
[ 115/600] loss=6.8593  pred=true   gold=n/a  running‐acc=0.835
Locality eval: pred=true              gold=true  correct=True  running‐acc=0.435
[ 116/600] loss=7.7175  pred=true   gold=true  running‐acc=0.836
Locality eval: pred=false             gold=n/a  correct=False  running‐acc=0.431
[ 117/600] loss=7.3248  pred=false  gold=n/a  running‐acc=0.829
Locality eval: pred=true              gold=true  correct=True  running‐acc=0.436
[ 118/600] loss=7.3342  pred=n/a    gold=n/a  running‐acc=0.831
Locality eval: pred=n/a               gold=true  correct=False  running‐acc=0.432
[ 119/600] loss=6.6497  pred=n/a    gold=n/a  running‐acc=0.832
Locality eval: pred=n/a               gold=true  correct=False  running‐acc=0.429
[ 120/600] loss=7.4997  pred=false  gold=n/a  running‐acc=0.825
Locality eval: pred=true              gold=true  correct=True  running‐acc=0.433
[ 121/600] loss=3.4645  pred=true.  gold=true  running‐acc=0.826
Locality eval: pred=false.            gold=n/a  correct=False  running‐acc=0.430
[ 122/600] loss=10.7525  pred=true   gold=true  running‐acc=0.828
Locality eval: pred=true              gold=n/a  correct=False  running‐acc=0.426
[ 123/600] loss=6.1301  pred=n/a    gold=n/a  running‐acc=0.829
Locality eval: pred=true              gold=true  correct=True  running‐acc=0.431
[ 124/600] loss=7.2879  pred=n/a    gold=n/a  running‐acc=0.831
Locality eval: pred=n/a               gold=true  correct=False  running‐acc=0.427
[ 125/600] loss=7.0624  pred=n/a    gold=n/a  running‐acc=0.832
Locality eval: pred=true              gold=true  correct=True  running‐acc=0.432
[ 126/600] loss=9.8989  pred=true.  gold=true  running‐acc=0.833
Locality eval: pred=true/false/n/a    gold=n/a  correct=True  running‐acc=0.437
[ 127/600] loss=10.5110  pred=true   gold=true  running‐acc=0.835
Locality eval: pred=n/a               gold=n/a  correct=True  running‐acc=0.441
[ 128/600] loss=6.7583  pred=n/a    gold=n/a  running‐acc=0.836
Locality eval: pred=true              gold=true  correct=True  running‐acc=0.445
[ 129/600] loss=6.1530  pred=true   gold=true  running‐acc=0.837
Locality eval: pred=n/a               gold=n/a  correct=True  running‐acc=0.450
[ 130/600] loss=6.4786  pred=n/a    gold=n/a  running‐acc=0.838
Locality eval: pred=n/a               gold=true  correct=False  running‐acc=0.446
[ 131/600] loss=9.8208  pred=true   gold=true  running‐acc=0.840
Locality eval: pred=n/a               gold=n/a  correct=True  running‐acc=0.450
[ 132/600] loss=6.9390  pred=n/a    gold=n/a  running‐acc=0.841
Locality eval: pred=true              gold=true  correct=True  running‐acc=0.455
[ 133/600] loss=6.7716  pred=n/a    gold=n/a  running‐acc=0.842
Locality eval: pred=n/a               gold=true  correct=False  running‐acc=0.451
[ 134/600] loss=7.7866  pred=true   gold=true  running‐acc=0.843
Locality eval: pred=false             gold=n/a  correct=False  running‐acc=0.448
[ 135/600] loss=8.9792  pred=true   gold=true  running‐acc=0.844
Locality eval: pred=n/a               gold=n/a  correct=True  running‐acc=0.452
[ 136/600] loss=7.0656  pred=n/a    gold=n/a  running‐acc=0.846
Locality eval: pred=n/a               gold=true  correct=False  running‐acc=0.449
[ 137/600] loss=8.9365  pred=true   gold=true  running‐acc=0.847
Locality eval: pred=false             gold=n/a  correct=False  running‐acc=0.445
[ 138/600] loss=10.5309  pred=true   gold=true  running‐acc=0.848
Locality eval: pred=true/false/n/a    gold=n/a  correct=True  running‐acc=0.449
[ 139/600] loss=6.9917  pred=n/a    gold=n/a  running‐acc=0.849
Locality eval: pred=true              gold=true  correct=True  running‐acc=0.453
[ 140/600] loss=7.1054  pred=n/a    gold=n/a  running‐acc=0.850
Locality eval: pred=n/a               gold=true  correct=False  running‐acc=0.450
[ 141/600] loss=6.9077  pred=true   gold=n/a  running‐acc=0.844
Locality eval: pred=true              gold=true  correct=True  running‐acc=0.454
[ 142/600] loss=6.3241  pred=n/a    gold=n/a  running‐acc=0.845
Locality eval: pred=n/a               gold=true  correct=False  running‐acc=0.451
[ 143/600] loss=7.6284  pred=true   gold=true  running‐acc=0.846
Locality eval: pred=false             gold=n/a  correct=False  running‐acc=0.448
[ 144/600] loss=8.1403  pred=true   gold=true  running‐acc=0.847
Locality eval: pred=false             gold=n/a  correct=False  running‐acc=0.444
[ 145/600] loss=9.3938  pred=true   gold=true  running‐acc=0.848
Locality eval: pred=n/a               gold=n/a  correct=True  running‐acc=0.448
[ 146/600] loss=2.7833  pred=true   gold=true  running‐acc=0.849
Locality eval: pred=n/a               gold=n/a  correct=True  running‐acc=0.452
[ 147/600] loss=4.9939  pred=n/a    gold=n/a  running‐acc=0.850
Locality eval: pred=n/a               gold=true  correct=False  running‐acc=0.449
[ 148/600] loss=9.3790  pred=true.  gold=true  running‐acc=0.851
Locality eval: pred=n/a               gold=n/a  correct=True  running‐acc=0.453
[ 149/600] loss=7.1569  pred=false  gold=n/a  running‐acc=0.846
Locality eval: pred=true              gold=true  correct=True  running‐acc=0.456
[ 150/600] loss=3.2920  pred=n/a    gold=n/a  running‐acc=0.847
Locality eval: pred=true.             gold=true  correct=True  running‐acc=0.460
[ 151/600] loss=8.2136  pred=true   gold=true  running‐acc=0.848
Locality eval: pred=n/a               gold=n/a  correct=True  running‐acc=0.464
[ 152/600] loss=9.1610  pred=true   gold=true  running‐acc=0.849
Locality eval: pred=true              gold=n/a  correct=False  running‐acc=0.461
[ 153/600] loss=7.2961  pred=n/a    gold=n/a  running‐acc=0.850
Locality eval: pred=true              gold=true  correct=True  running‐acc=0.464
[ 154/600] loss=6.9421  pred=false  gold=n/a  running‐acc=0.844
Locality eval: pred=true              gold=true  correct=True  running‐acc=0.468
[ 155/600] loss=7.9188  pred=true   gold=true  running‐acc=0.845
Locality eval: pred=true              gold=n/a  correct=False  running‐acc=0.465
[ 156/600] loss=7.0680  pred=n/a    gold=n/a  running‐acc=0.846
Locality eval: pred=true              gold=true  correct=True  running‐acc=0.468
[ 157/600] loss=8.9122  pred=true   gold=true  running‐acc=0.847
Locality eval: pred=false             gold=n/a  correct=False  running‐acc=0.465
[ 158/600] loss=7.1929  pred=n/a    gold=n/a  running‐acc=0.848
Locality eval: pred=n/a               gold=true  correct=False  running‐acc=0.462
[ 159/600] loss=7.1394  pred=n/a    gold=n/a  running‐acc=0.849
Locality eval: pred=true              gold=true  correct=True  running‐acc=0.465
[ 160/600] loss=6.9031  pred=n/a    gold=n/a  running‐acc=0.850
Locality eval: pred=n/a               gold=true  correct=False  running‐acc=0.463
[ 161/600] loss=9.1742  pred=true   gold=true  running‐acc=0.851
Locality eval: pred=false             gold=n/a  correct=False  running‐acc=0.460
[ 162/600] loss=3.7586  pred=true   gold=n/a  running‐acc=0.846
Locality eval: pred=n/a               gold=true  correct=False  running‐acc=0.457
[ 163/600] loss=6.0121  pred=n/a    gold=n/a  running‐acc=0.847
Locality eval: pred=n/a               gold=true  correct=False  running‐acc=0.454
[ 164/600] loss=7.4587  pred=n/a    gold=n/a  running‐acc=0.848
Locality eval: pred=true              gold=true  correct=True  running‐acc=0.457
[ 165/600] loss=9.2696  pred=true   gold=true  running‐acc=0.848
Locality eval: pred=true              gold=n/a  correct=False  running‐acc=0.455
[ 166/600] loss=8.9840  pred=true   gold=true  running‐acc=0.849
Locality eval: pred=n/a               gold=n/a  correct=True  running‐acc=0.458
[ 167/600] loss=7.1969  pred=n/a    gold=n/a  running‐acc=0.850
Locality eval: pred=true              gold=true  correct=True  running‐acc=0.461
[ 168/600] loss=9.1099  pred=true   gold=true  running‐acc=0.851
Locality eval: pred=n/a               gold=n/a  correct=True  running‐acc=0.464
[ 169/600] loss=6.8489  pred=n/a    gold=n/a  running‐acc=0.852
Locality eval: pred=n/a               gold=true  correct=False  running‐acc=0.462
[ 170/600] loss=7.4637  pred=n/a    gold=n/a  running‐acc=0.853
Locality eval: pred=true              gold=true  correct=True  running‐acc=0.465
[ 171/600] loss=5.6245  pred=n/a    gold=n/a  running‐acc=0.854
Locality eval: pred=true              gold=true  correct=True  running‐acc=0.468
[ 172/600] loss=8.8679  pred=true   gold=true  running‐acc=0.855
Locality eval: pred=n/a               gold=n/a  correct=True  running‐acc=0.471
[ 173/600] loss=6.8558  pred=false  gold=n/a  running‐acc=0.850
Locality eval: pred=true              gold=true  correct=True  running‐acc=0.474
[ 174/600] loss=8.2111  pred=true   gold=true  running‐acc=0.851
Locality eval: pred=n/a               gold=n/a  correct=True  running‐acc=0.477
[ 175/600] loss=10.4212  pred=true.  gold=true  running‐acc=0.851
Locality eval: pred=n/a               gold=n/a  correct=True  running‐acc=0.480
[ 176/600] loss=7.0613  pred=n/a    gold=n/a  running‐acc=0.852
Locality eval: pred=true              gold=true  correct=True  running‐acc=0.483
[ 177/600] loss=3.0096  pred=true   gold=true  running‐acc=0.853
Locality eval: pred=n/a               gold=n/a  correct=True  running‐acc=0.486
[ 178/600] loss=6.8801  pred=n/a    gold=n/a  running‐acc=0.854
Locality eval: pred=true              gold=true  correct=True  running‐acc=0.489
[ 179/600] loss=7.1992  pred=n/a    gold=n/a  running‐acc=0.855
Locality eval: pred=n/a               gold=true  correct=False  running‐acc=0.486
[ 180/600] loss=10.6947  pred=true   gold=true  running‐acc=0.856
Locality eval: pred=false             gold=n/a  correct=False  running‐acc=0.483
[ 181/600] loss=4.9292  pred=n/a    gold=n/a  running‐acc=0.856
Locality eval: pred=n/a               gold=true  correct=False  running‐acc=0.481
[ 182/600] loss=6.5014  pred=n/a    gold=n/a  running‐acc=0.857
Locality eval: pred=true              gold=true  correct=True  running‐acc=0.484
[ 183/600] loss=8.9012  pred=true   gold=true  running‐acc=0.858
Locality eval: pred=n/a               gold=n/a  correct=True  running‐acc=0.486
[ 184/600] loss=2.2012  pred=true祚  gold=true  running‐acc=0.859
Locality eval: pred=n/a               gold=n/a  correct=True  running‐acc=0.489
[ 185/600] loss=9.5862  pred=true   gold=true  running‐acc=0.859
Locality eval: pred=true              gold=n/a  correct=False  running‐acc=0.486
[ 186/600] loss=10.0715  pred=true   gold=true  running‐acc=0.860
Locality eval: pred=true              gold=n/a  correct=False  running‐acc=0.484
[ 187/600] loss=7.2699  pred=n/a    gold=n/a  running‐acc=0.861
Locality eval: pred=true              gold=true  correct=True  running‐acc=0.487
[ 188/600] loss=6.8095  pred=n/a    gold=n/a  running‐acc=0.862
Locality eval: pred=true              gold=true  correct=True  running‐acc=0.489
[ 189/600] loss=8.1056  pred=false  gold=true  running‐acc=0.857
Locality eval: pred=n/a               gold=n/a  correct=True  running‐acc=0.492
[ 190/600] loss=6.9174  pred=n/a    gold=n/a  running‐acc=0.858
Locality eval: pred=true              gold=true  correct=True  running‐acc=0.495
[ 191/600] loss=7.9233  pred=n/a    gold=n/a  running‐acc=0.859
Locality eval: pred=true              gold=true  correct=True  running‐acc=0.497
[ 192/600] loss=7.1874  pred=n/a    gold=n/a  running‐acc=0.859
Locality eval: pred=n/a               gold=true  correct=False  running‐acc=0.495
[ 193/600] loss=9.2244  pred=true   gold=true  running‐acc=0.860
Locality eval: pred=true              gold=n/a  correct=False  running‐acc=0.492
[ 194/600] loss=8.7921  pred=true/false:  gold=true  running‐acc=0.861
Locality eval: pred=n/a               gold=n/a  correct=True  running‐acc=0.495
[ 195/600] loss=7.6652  pred=true   gold=true  running‐acc=0.862
Locality eval: pred=false             gold=n/a  correct=False  running‐acc=0.492
[ 196/600] loss=8.7858  pred=false  gold=true  running‐acc=0.857
Locality eval: pred=false             gold=n/a  correct=False  running‐acc=0.490
[ 197/600] loss=10.7435  pred=true   gold=true  running‐acc=0.858
Locality eval: pred=true              gold=n/a  correct=False  running‐acc=0.487
[ 198/600] loss=7.7082  pred=n/a    gold=n/a  running‐acc=0.859
Locality eval: pred=true,             gold=true  correct=True  running‐acc=0.490
[ 199/600] loss=8.9492  pred=true.  gold=true  running‐acc=0.859
Locality eval: pred=false             gold=n/a  correct=False  running‐acc=0.487
[ 200/600] loss=9.1762  pred=true   gold=true  running‐acc=0.860
Locality eval: pred=false             gold=n/a  correct=False  running‐acc=0.485
[ 201/600] loss=6.9082  pred=true   gold=n/a  running‐acc=0.856
Locality eval: pred=n/a               gold=true  correct=False  running‐acc=0.483
[ 202/600] loss=7.4238  pred=n/a    gold=n/a  running‐acc=0.856
Locality eval: pred=n/a               gold=true  correct=False  running‐acc=0.480
[ 203/600] loss=7.8338  pred=true/false/n/a  gold=true  running‐acc=0.857
Locality eval: pred=false             gold=n/a  correct=False  running‐acc=0.478
[ 204/600] loss=2.6481  pred=n/a    gold=n/a  running‐acc=0.858
Locality eval: pred=n/assfworkbook    gold=true  correct=False  running‐acc=0.475
[ 205/600] loss=9.6881  pred=true   gold=true  running‐acc=0.859
Locality eval: pred=true              gold=n/a  correct=False  running‐acc=0.473
[ 206/600] loss=7.6576  pred=false  gold=n/a  running‐acc=0.854
Locality eval: pred=true              gold=true  correct=True  running‐acc=0.476
[ 207/600] loss=7.2746  pred=false  gold=n/a  running‐acc=0.850
Locality eval: pred=true              gold=true  correct=True  running‐acc=0.478
[ 208/600] loss=9.0371  pred=true   gold=true  running‐acc=0.851
Locality eval: pred=false             gold=n/a  correct=False  running‐acc=0.476
[ 209/600] loss=6.8740  pred=n/a    gold=n/a  running‐acc=0.852
Locality eval: pred=true              gold=true  correct=True  running‐acc=0.478
[ 210/600] loss=7.2060  pred=true   gold=n/a  running‐acc=0.848
Locality eval: pred=true,             gold=true  correct=True  running‐acc=0.481
[ 211/600] loss=9.1261  pred=true   gold=true  running‐acc=0.848
Locality eval: pred=true,             gold=n/a  correct=False  running‐acc=0.479
[ 212/600] loss=6.4000  pred=n/a    gold=n/a  running‐acc=0.849
Locality eval: pred=n/a               gold=true  correct=False  running‐acc=0.476
[ 213/600] loss=8.9481  pred=true   gold=true  running‐acc=0.850
Locality eval: pred=true              gold=n/a  correct=False  running‐acc=0.474
[ 214/600] loss=6.3717  pred=n/a    gold=n/a  running‐acc=0.850
Locality eval: pred=n/a               gold=true  correct=False  running‐acc=0.472
[ 215/600] loss=10.2031  pred=true   gold=true  running‐acc=0.851
Locality eval: pred=true              gold=n/a  correct=False  running‐acc=0.470
[ 216/600] loss=6.9662  pred=n/a    gold=n/a  running‐acc=0.852
Locality eval: pred=true              gold=true  correct=True  running‐acc=0.472
[ 217/600] loss=10.0976  pred=true   gold=true  running‐acc=0.853
Locality eval: pred=true              gold=n/a  correct=False  running‐acc=0.470
[ 218/600] loss=6.3831  pred=n/a    gold=n/a  running‐acc=0.853
Locality eval: pred=n/a               gold=true  correct=False  running‐acc=0.468
[ 219/600] loss=9.4966  pred=true   gold=true  running‐acc=0.854
Locality eval: pred=false             gold=n/a  correct=False  running‐acc=0.466
[ 220/600] loss=6.4986  pred=n/a    gold=n/a  running‐acc=0.855
Locality eval: pred=n/a               gold=true  correct=False  running‐acc=0.464
[ 221/600] loss=7.4687  pred=true   gold=n/a  running‐acc=0.851
Locality eval: pred=n/a               gold=true  correct=False  running‐acc=0.462
[ 222/600] loss=6.8200  pred=true   gold=n/a  running‐acc=0.847
Locality eval: pred=n/a               gold=true  correct=False  running‐acc=0.459
[ 223/600] loss=7.7285  pred=true   gold=n/a  running‐acc=0.843
Locality eval: pred=true              gold=true  correct=True  running‐acc=0.462
[ 224/600] loss=6.8417  pred=n/a    gold=n/a  running‐acc=0.844
Locality eval: pred=n/a               gold=true  correct=False  running‐acc=0.460
[ 225/600] loss=7.3085  pred=n/a    gold=n/a  running‐acc=0.844
Locality eval: pred=true              gold=true  correct=True  running‐acc=0.462
[ 226/600] loss=9.4982  pred=true   gold=true  running‐acc=0.845
Locality eval: pred=false             gold=n/a  correct=False  running‐acc=0.460
[ 227/600] loss=5.2298  pred=n/a    gold=n/a  running‐acc=0.846
Locality eval: pred=true              gold=true  correct=True  running‐acc=0.463
[ 228/600] loss=6.7558  pred=n/a    gold=n/a  running‐acc=0.846
Locality eval: pred=true              gold=true  correct=True  running‐acc=0.465
[ 229/600] loss=5.8476  pred=n/a    gold=n/a  running‐acc=0.847
Locality eval: pred=true              gold=true  correct=True  running‐acc=0.467
[ 230/600] loss=6.9645  pred=n/a    gold=n/a  running‐acc=0.848
Locality eval: pred=n/a               gold=true  correct=False  running‐acc=0.465
[ 231/600] loss=7.2876  pred=true.  gold=n/a  running‐acc=0.844
Locality eval: pred=true              gold=true  correct=True  running‐acc=0.468
[ 232/600] loss=6.9378  pred=n/a    gold=n/a  running‐acc=0.845
Locality eval: pred=n/a               gold=true  correct=False  running‐acc=0.466
[ 233/600] loss=10.8414  pred=true   gold=true  running‐acc=0.845
Locality eval: pred=true              gold=n/a  correct=False  running‐acc=0.464
[ 234/600] loss=7.6391  pred=true   gold=true  running‐acc=0.846
Locality eval: pred=false             gold=n/a  correct=False  running‐acc=0.462
[ 235/600] loss=2.6849  pred=n/assfworkbook  gold=n/a  running‐acc=0.847
Locality eval: pred=n/a               gold=true  correct=False  running‐acc=0.460
[ 236/600] loss=6.9119  pred=n/a    gold=n/a  running‐acc=0.847
Locality eval: pred=n/a               gold=true  correct=False  running‐acc=0.458
[ 237/600] loss=9.2903  pred=n/a    gold=true  running‐acc=0.844
Locality eval: pred=false             gold=n/a  correct=False  running‐acc=0.456
[ 238/600] loss=7.5830  pred=false  gold=n/a  running‐acc=0.840
Locality eval: pred=true,             gold=true  correct=True  running‐acc=0.458
[ 239/600] loss=7.1390  pred=false  gold=n/a  running‐acc=0.837
Locality eval: pred=true              gold=true  correct=True  running‐acc=0.460
[ 240/600] loss=10.2861  pred=true,  gold=true  running‐acc=0.838
Locality eval: pred=true              gold=n/a  correct=False  running‐acc=0.458
[ 241/600] loss=6.8703  pred=n/a    gold=n/a  running‐acc=0.838
Locality eval: pred=n/a               gold=true  correct=False  running‐acc=0.456
[ 242/600] loss=7.2917  pred=n/a    gold=n/a  running‐acc=0.839
Locality eval: pred=true              gold=true  correct=True  running‐acc=0.459
[ 243/600] loss=7.4728  pred=true   gold=n/a  running‐acc=0.835
Locality eval: pred=true.             gold=true  correct=True  running‐acc=0.461
[ 244/600] loss=8.0500  pred=true   gold=true  running‐acc=0.836
Locality eval: pred=n/a               gold=n/a  correct=True  running‐acc=0.463
[ 245/600] loss=8.3401  pred=true   gold=true  running‐acc=0.837
Locality eval: pred=n/a               gold=n/a  correct=True  running‐acc=0.465
[ 246/600] loss=7.9223  pred=true   gold=true  running‐acc=0.837
Locality eval: pred=false             gold=n/a  correct=False  running‐acc=0.463
[ 247/600] loss=6.2778  pred=true   gold=true  running‐acc=0.838
Locality eval: pred=false             gold=n/a  correct=False  running‐acc=0.462
[ 248/600] loss=10.5060  pred=n/a    gold=true  running‐acc=0.835
Locality eval: pred=n/a               gold=n/a  correct=True  running‐acc=0.464
[ 249/600] loss=6.2640  pred=n/a    gold=n/a  running‐acc=0.835
Locality eval: pred=n/a               gold=true  correct=False  running‐acc=0.462
[ 250/600] loss=7.8770  pred=true   gold=true  running‐acc=0.836
Locality eval: pred=false             gold=n/a  correct=False  running‐acc=0.460
[ 251/600] loss=6.2597  pred=n/a    gold=n/a  running‐acc=0.837
Locality eval: pred=n/a               gold=true  correct=False  running‐acc=0.458
[ 252/600] loss=7.1523  pred=n/a    gold=n/a  running‐acc=0.837
Locality eval: pred=n/a               gold=true  correct=False  running‐acc=0.456
[ 253/600] loss=9.1014  pred=true   gold=true  running‐acc=0.838
Locality eval: pred=n/a               gold=n/a  correct=True  running‐acc=0.458
[ 254/600] loss=10.7051  pred=true   gold=true  running‐acc=0.839
Locality eval: pred=true              gold=n/a  correct=False  running‐acc=0.457
[ 255/600] loss=7.4171  pred=n/a    gold=n/a  running‐acc=0.839
Locality eval: pred=true              gold=true  correct=True  running‐acc=0.459
[ 256/600] loss=6.3493  pred=n/a    gold=n/a  running‐acc=0.840
Locality eval: pred=true              gold=true  correct=True  running‐acc=0.461
[ 257/600] loss=6.6086  pred=n/a    gold=n/a  running‐acc=0.840
Locality eval: pred=n/a               gold=true  correct=False  running‐acc=0.459
[ 258/600] loss=6.6898  pred=n/a    gold=n/a  running‐acc=0.841
Locality eval: pred=n/a               gold=true  correct=False  running‐acc=0.457
[ 259/600] loss=8.1026  pred=true   gold=true  running‐acc=0.842
Locality eval: pred=n/a               gold=n/a  correct=True  running‐acc=0.459
[ 260/600] loss=9.6555  pred=true   gold=true  running‐acc=0.842
Locality eval: pred=n/a               gold=n/a  correct=True  running‐acc=0.462
[ 261/600] loss=9.5066  pred=true   gold=true  running‐acc=0.843
Locality eval: pred=true              gold=n/a  correct=False  running‐acc=0.460
[ 262/600] loss=8.9472  pred=true   gold=true  running‐acc=0.844
Locality eval: pred=false             gold=n/a  correct=False  running‐acc=0.458
[ 263/600] loss=6.8879  pred=n/a    gold=n/a  running‐acc=0.844
Locality eval: pred=true              gold=true  correct=True  running‐acc=0.460
[ 264/600] loss=7.1252  pred=n/a    gold=n/a  running‐acc=0.845
Locality eval: pred=true              gold=true  correct=True  running‐acc=0.462
[ 265/600] loss=10.0680  pred=false  gold=true  running‐acc=0.842
Locality eval: pred=false             gold=n/a  correct=False  running‐acc=0.460
[ 266/600] loss=5.9604  pred=n/a    gold=n/a  running‐acc=0.842
Locality eval: pred=n/a               gold=true  correct=False  running‐acc=0.459
[ 267/600] loss=6.4820  pred=n/a    gold=n/a  running‐acc=0.843
Locality eval: pred=n/a               gold=true  correct=False  running‐acc=0.457
[ 268/600] loss=8.6809  pred=true/false/n/a  gold=true  running‐acc=0.843
Locality eval: pred=n/a               gold=n/a  correct=True  running‐acc=0.459
[ 269/600] loss=7.1730  pred=n/a    gold=n/a  running‐acc=0.844
Locality eval: pred=true              gold=true  correct=True  running‐acc=0.461
[ 270/600] loss=7.8522  pred=false  gold=true  running‐acc=0.841
Locality eval: pred=false             gold=n/a  correct=False  running‐acc=0.459
[ 271/600] loss=6.3784  pred=n/a    gold=n/a  running‐acc=0.841
Locality eval: pred=n/a               gold=true  correct=False  running‐acc=0.458
[ 272/600] loss=9.6393  pred=true   gold=true  running‐acc=0.842
Locality eval: pred=true              gold=n/a  correct=False  running‐acc=0.456
[ 273/600] loss=6.9182  pred=n/a    gold=n/a  running‐acc=0.842
Locality eval: pred=true              gold=true  correct=True  running‐acc=0.458
[ 274/600] loss=7.0948  pred=n/a    gold=n/a  running‐acc=0.843
Locality eval: pred=true              gold=true  correct=True  running‐acc=0.460
[ 275/600] loss=8.8544  pred=true/false/n/a  gold=true  running‐acc=0.844
Locality eval: pred=false             gold=n/a  correct=False  running‐acc=0.458
[ 276/600] loss=6.6806  pred=n/a    gold=n/a  running‐acc=0.844
Locality eval: pred=true              gold=true  correct=True  running‐acc=0.460
[ 277/600] loss=8.9279  pred=true   gold=true  running‐acc=0.845
Locality eval: pred=false             gold=n/a  correct=False  running‐acc=0.458
[ 278/600] loss=6.2697  pred=n/a    gold=n/a  running‐acc=0.845
Locality eval: pred=n/a               gold=true  correct=False  running‐acc=0.457
[ 279/600] loss=6.8443  pred=true   gold=true  running‐acc=0.846
Locality eval: pred=false             gold=n/a  correct=False  running‐acc=0.455
[ 280/600] loss=6.1814  pred=n/a    gold=n/a  running‐acc=0.846
Locality eval: pred=n/a               gold=true  correct=False  running‐acc=0.454
[ 281/600] loss=9.1361  pred=true   gold=true  running‐acc=0.847
Locality eval: pred=true              gold=n/a  correct=False  running‐acc=0.452
[ 282/600] loss=9.4539  pred=true   gold=true  running‐acc=0.848
Locality eval: pred=true              gold=n/a  correct=False  running‐acc=0.450
[ 283/600] loss=7.3013  pred=n/a    gold=n/a  running‐acc=0.848
Locality eval: pred=(true,            gold=true  correct=True  running‐acc=0.452
[ 284/600] loss=3.7655  pred=n/a    gold=n/a  running‐acc=0.849
Locality eval: pred=true              gold=true  correct=True  running‐acc=0.454
[ 285/600] loss=6.7608  pred=true   gold=true  running‐acc=0.849
Locality eval: pred=false             gold=n/a  correct=False  running‐acc=0.453
[ 286/600] loss=7.1160  pred=n/a    gold=n/a  running‐acc=0.850
Locality eval: pred=n/a               gold=true  correct=False  running‐acc=0.451
[ 287/600] loss=6.8340  pred=n/a    gold=n/a  running‐acc=0.850
Locality eval: pred=n/a               gold=true  correct=False  running‐acc=0.449
[ 288/600] loss=9.1883  pred=true   gold=true  running‐acc=0.851
Locality eval: pred=false             gold=n/a  correct=False  running‐acc=0.448
[ 289/600] loss=9.3040  pred=true   gold=true  running‐acc=0.851
Locality eval: pred=n/a               gold=n/a  correct=True  running‐acc=0.450
[ 290/600] loss=6.1654  pred=n/a    gold=n/a  running‐acc=0.852
Locality eval: pred=n/a               gold=true  correct=False  running‐acc=0.448
[ 291/600] loss=8.9615  pred=true   gold=true  running‐acc=0.852
Locality eval: pred=false             gold=n/a  correct=False  running‐acc=0.447
[ 292/600] loss=9.5317  pred=true   gold=true  running‐acc=0.853
Locality eval: pred=false             gold=n/a  correct=False  running‐acc=0.445
[ 293/600] loss=6.7047  pred=true   gold=true  running‐acc=0.853
Locality eval: pred=n/a               gold=n/a  correct=True  running‐acc=0.447
[ 294/600] loss=9.9860  pred=true   gold=true  running‐acc=0.854
Locality eval: pred=false             gold=n/a  correct=False  running‐acc=0.446
[ 295/600] loss=6.0359  pred=n/a    gold=n/a  running‐acc=0.854
Locality eval: pred=n/a               gold=true  correct=False  running‐acc=0.444
[ 296/600] loss=6.4847  pred=n/a    gold=n/a  running‐acc=0.855
Locality eval: pred=n/a               gold=true  correct=False  running‐acc=0.443
[ 297/600] loss=9.3499  pred=true   gold=true  running‐acc=0.855
Locality eval: pred=true/false/n/a    gold=n/a  correct=True  running‐acc=0.444
[ 298/600] loss=8.2188  pred=true   gold=true  running‐acc=0.856
Locality eval: pred=n/a               gold=n/a  correct=True  running‐acc=0.446
[ 299/600] loss=6.2590  pred=n/a    gold=n/a  running‐acc=0.856
Locality eval: pred=n/a               gold=true  correct=False  running‐acc=0.445
[ 300/600] loss=6.4374  pred=n/a    gold=n/a  running‐acc=0.857
Locality eval: pred=n/a               gold=true  correct=False  running‐acc=0.443
[ 301/600] loss=9.3172  pred=true   gold=true  running‐acc=0.857
Locality eval: pred=true              gold=n/a  correct=False  running‐acc=0.442
[ 302/600] loss=8.4571  pred=true   gold=true  running‐acc=0.858
Locality eval: pred=false             gold=n/a  correct=False  running‐acc=0.440
[ 303/600] loss=8.4480  pred=true   gold=true  running‐acc=0.858
Locality eval: pred=false             gold=n/a  correct=False  running‐acc=0.439
[ 304/600] loss=9.4083  pred=true.  gold=true  running‐acc=0.859
Locality eval: pred=false             gold=n/a  correct=False  running‐acc=0.438
[ 305/600] loss=1.9709  pred=true   gold=true  running‐acc=0.859
Locality eval: pred=n/a               gold=n/a  correct=True  running‐acc=0.439
[ 306/600] loss=8.3166  pred=true   gold=true  running‐acc=0.859
Locality eval: pred=false             gold=n/a  correct=False  running‐acc=0.438
[ 307/600] loss=10.1828  pred=true   gold=true  running‐acc=0.860
Locality eval: pred=true              gold=n/a  correct=False  running‐acc=0.436
[ 308/600] loss=8.8495  pred=true   gold=true  running‐acc=0.860
Locality eval: pred=n/a               gold=n/a  correct=True  running‐acc=0.438
[ 309/600] loss=9.1995  pred=true/false  gold=true  running‐acc=0.861
Locality eval: pred=n/a               gold=n/a  correct=True  running‐acc=0.440
[ 310/600] loss=6.4308  pred=n/a    gold=n/a  running‐acc=0.861
Locality eval: pred=n/a               gold=true  correct=False  running‐acc=0.439
[ 311/600] loss=9.3677  pred=true   gold=true  running‐acc=0.862
Locality eval: pred=n/a               gold=n/a  correct=True  running‐acc=0.441
[ 312/600] loss=9.1850  pred=true   gold=true  running‐acc=0.862
Locality eval: pred=false             gold=n/a  correct=False  running‐acc=0.439
[ 313/600] loss=4.3836  pred=n/a.   gold=n/a  running‐acc=0.863
Locality eval: pred=true              gold=true  correct=True  running‐acc=0.441
[ 314/600] loss=6.2586  pred=n/a    gold=n/a  running‐acc=0.863
Locality eval: pred=n/a               gold=true  correct=False  running‐acc=0.439
[ 315/600] loss=6.6812  pred=n/a    gold=n/a  running‐acc=0.863
Locality eval: pred=true              gold=true  correct=True  running‐acc=0.441
[ 316/600] loss=9.5079  pred=true   gold=true  running‐acc=0.864
Locality eval: pred=false             gold=n/a  correct=False  running‐acc=0.440
[ 317/600] loss=9.7406  pred=true   gold=true  running‐acc=0.864
Locality eval: pred=false             gold=n/a  correct=False  running‐acc=0.438
[ 318/600] loss=9.7628  pred=true   gold=true  running‐acc=0.865
Locality eval: pred=true              gold=n/a  correct=False  running‐acc=0.437
[ 319/600] loss=7.0194  pred=n/a    gold=n/a  running‐acc=0.865
Locality eval: pred=n/a               gold=true  correct=False  running‐acc=0.436
[ 320/600] loss=7.1489  pred=true   gold=n/a  running‐acc=0.863
Locality eval: pred=true              gold=true  correct=True  running‐acc=0.438
[ 321/600] loss=10.0128  pred=true   gold=true  running‐acc=0.863
Locality eval: pred=true              gold=n/a  correct=False  running‐acc=0.436
[ 322/600] loss=9.9702  pred=true   gold=true  running‐acc=0.863
Locality eval: pred=false             gold=n/a  correct=False  running‐acc=0.435
[ 323/600] loss=7.1151  pred=n/a    gold=n/a  running‐acc=0.864
Locality eval: pred=n/a               gold=true  correct=False  running‐acc=0.433
[ 324/600] loss=7.5668  pred=n/a    gold=n/a  running‐acc=0.864
Locality eval: pred=true              gold=true  correct=True  running‐acc=0.435
[ 325/600] loss=8.2440  pred=true.  gold=true  running‐acc=0.865
Locality eval: pred=n/a               gold=n/a  correct=True  running‐acc=0.437
[ 326/600] loss=7.1205  pred=n/a    gold=n/a  running‐acc=0.865
Locality eval: pred=true              gold=true  correct=True  running‐acc=0.439
[ 327/600] loss=8.8335  pred=true   gold=true  running‐acc=0.865
Locality eval: pred=true              gold=n/a  correct=False  running‐acc=0.437
[ 328/600] loss=7.2391  pred=true   gold=n/a  running‐acc=0.863
Locality eval: pred=true              gold=true  correct=True  running‐acc=0.439
[ 329/600] loss=8.4860  pred=true   gold=true  running‐acc=0.863
Locality eval: pred=false             gold=n/a  correct=False  running‐acc=0.438
[ 330/600] loss=4.2120  pred=n/a.   gold=n/a  running‐acc=0.864
Locality eval: pred=true.             gold=true  correct=True  running‐acc=0.439
[ 331/600] loss=10.6583  pred=true   gold=true  running‐acc=0.864
Locality eval: pred=true              gold=n/a  correct=False  running‐acc=0.438
[ 332/600] loss=7.1026  pred=n/a    gold=n/a  running‐acc=0.864
Locality eval: pred=n/a               gold=true  correct=False  running‐acc=0.437
[ 333/600] loss=8.3515  pred=true.  gold=true  running‐acc=0.865
Locality eval: pred=false             gold=n/a  correct=False  running‐acc=0.435
[ 334/600] loss=4.4389  pred=n/a    gold=n/a  running‐acc=0.865
Locality eval: pred=true              gold=true  correct=True  running‐acc=0.437
[ 335/600] loss=10.6985  pred=true   gold=true  running‐acc=0.866
Locality eval: pred=true              gold=n/a  correct=False  running‐acc=0.436
[ 336/600] loss=7.0440  pred=n/a    gold=n/a  running‐acc=0.866
Locality eval: pred=n/a               gold=true  correct=False  running‐acc=0.435
[ 337/600] loss=6.7969  pred=n/a    gold=n/a  running‐acc=0.866
Locality eval: pred=n/a               gold=true  correct=False  running‐acc=0.433
[ 338/600] loss=4.8619  pred=true   gold=n/a  running‐acc=0.864
Locality eval: pred=true.             gold=true  correct=True  running‐acc=0.435
[ 339/600] loss=7.1526  pred=n/a    gold=n/a  running‐acc=0.864
Locality eval: pred=true              gold=true  correct=True  running‐acc=0.437
[ 340/600] loss=6.8414  pred=n/a    gold=n/a  running‐acc=0.865
Locality eval: pred=n/a               gold=true  correct=False  running‐acc=0.435
[ 341/600] loss=8.2460  pred=true   gold=true  running‐acc=0.865
Locality eval: pred=n/a               gold=n/a  correct=True  running‐acc=0.437
[ 342/600] loss=3.3405  pred=true.  gold=true  running‐acc=0.865
Locality eval: pred=n/a               gold=n/a  correct=True  running‐acc=0.439
[ 343/600] loss=2.6777  pred=true   gold=n/a  running‐acc=0.863
Locality eval: pred=n/a               gold=true  correct=False  running‐acc=0.437
[ 344/600] loss=8.4889  pred=true   gold=true  running‐acc=0.863
Locality eval: pred=n/a               gold=n/a  correct=True  running‐acc=0.439
[ 345/600] loss=3.1097  pred=n/a祚tte  gold=n/a  running‐acc=0.864
Locality eval: pred=true              gold=true  correct=True  running‐acc=0.441
[ 346/600] loss=9.2560  pred=true   gold=true  running‐acc=0.864
Locality eval: pred=false             gold=n/a  correct=False  running‐acc=0.439
[ 347/600] loss=3.2577  pred=n/a    gold=n/a  running‐acc=0.865
Locality eval: pred=true.             gold=true  correct=True  running‐acc=0.441
[ 348/600] loss=7.1016  pred=n/a    gold=n/a  running‐acc=0.865
Locality eval: pred=n/a               gold=true  correct=False  running‐acc=0.440
[ 349/600] loss=7.3919  pred=false  gold=n/a  running‐acc=0.862
Locality eval: pred=true              gold=true  correct=True  running‐acc=0.441
[ 350/600] loss=5.2469  pred=n/a    gold=n/a  running‐acc=0.863
Locality eval: pred=n/a               gold=true  correct=False  running‐acc=0.440
[ 351/600] loss=6.0329  pred=n/a    gold=n/a  running‐acc=0.863
Locality eval: pred=true              gold=true  correct=True  running‐acc=0.442
[ 352/600] loss=5.8696  pred=n/a    gold=n/a  running‐acc=0.864
Locality eval: pred=n/a               gold=true  correct=False  running‐acc=0.440
[ 353/600] loss=7.5994  pred=n/a    gold=n/a  running‐acc=0.864
Locality eval: pred=true              gold=true  correct=True  running‐acc=0.442
[ 354/600] loss=8.9010  pred=true   gold=true  running‐acc=0.864
Locality eval: pred=n/a               gold=n/a  correct=True  running‐acc=0.444
[ 355/600] loss=8.6283  pred=true/false/n/a  gold=true  running‐acc=0.865
Locality eval: pred=false             gold=n/a  correct=False  running‐acc=0.442
[ 356/600] loss=6.3429  pred=true   gold=true  running‐acc=0.865
Locality eval: pred=false             gold=n/a  correct=False  running‐acc=0.441
[ 357/600] loss=7.9086  pred=true   gold=true  running‐acc=0.866
Locality eval: pred=false             gold=n/a  correct=False  running‐acc=0.440
[ 358/600] loss=7.5445  pred=n/a    gold=true  running‐acc=0.863
Locality eval: pred=false             gold=n/a  correct=False  running‐acc=0.439
[ 359/600] loss=9.4998  pred=true   gold=true  running‐acc=0.864
Locality eval: pred=false             gold=n/a  correct=False  running‐acc=0.437
[ 360/600] loss=5.7884  pred=n/a    gold=n/a  running‐acc=0.864
Locality eval: pred=n/a               gold=true  correct=False  running‐acc=0.436
[ 361/600] loss=9.3372  pred=true   gold=true  running‐acc=0.864
Locality eval: pred=n/a               gold=n/a  correct=True  running‐acc=0.438
[ 362/600] loss=9.6283  pred=true   gold=true  running‐acc=0.865
Locality eval: pred=true              gold=n/a  correct=False  running‐acc=0.436
[ 363/600] loss=6.7783  pred=n/a    gold=n/a  running‐acc=0.865
Locality eval: pred=true,             gold=true  correct=True  running‐acc=0.438
[ 364/600] loss=10.2825  pred=true   gold=true  running‐acc=0.865
Locality eval: pred=true              gold=n/a  correct=False  running‐acc=0.437
[ 365/600] loss=9.5147  pred=true   gold=true  running‐acc=0.866
Locality eval: pred=true              gold=n/a  correct=False  running‐acc=0.436
[ 366/600] loss=7.7725  pred=n/a    gold=n/a  running‐acc=0.866
Locality eval: pred=true              gold=true  correct=True  running‐acc=0.437
[ 367/600] loss=7.2812  pred=n/a    gold=n/a  running‐acc=0.866
Locality eval: pred=true              gold=true  correct=True  running‐acc=0.439
[ 368/600] loss=8.6585  pred=true   gold=true  running‐acc=0.867
Locality eval: pred=false             gold=n/a  correct=False  running‐acc=0.438
[ 369/600] loss=6.6974  pred=n/a    gold=n/a  running‐acc=0.867
Locality eval: pred=n/a               gold=true  correct=False  running‐acc=0.436
[ 370/600] loss=6.8717  pred=n/a    gold=n/a  running‐acc=0.868
Locality eval: pred=n/a               gold=true  correct=False  running‐acc=0.435
[ 371/600] loss=8.7014  pred=n/a    gold=true  running‐acc=0.865
Locality eval: pred=n/a               gold=n/a  correct=True  running‐acc=0.437
[ 372/600] loss=3.8814  pred=true   gold=true  running‐acc=0.866
Locality eval: pred=n/a               gold=n/a  correct=True  running‐acc=0.438
[ 373/600] loss=8.3250  pred=true   gold=true  running‐acc=0.866
Locality eval: pred=n/a               gold=n/a  correct=True  running‐acc=0.440
[ 374/600] loss=6.4039  pred=n/a    gold=n/a  running‐acc=0.866
Locality eval: pred=n/a               gold=true  correct=False  running‐acc=0.439
[ 375/600] loss=5.3990  pred=true   gold=true  running‐acc=0.867
Locality eval: pred=n/a               gold=n/a  correct=True  running‐acc=0.440
[ 376/600] loss=8.1265  pred=true   gold=true  running‐acc=0.867
Locality eval: pred=false             gold=n/a  correct=False  running‐acc=0.439
[ 377/600] loss=7.6071  pred=false  gold=true  running‐acc=0.865
Locality eval: pred=true              gold=n/a  correct=False  running‐acc=0.438
[ 378/600] loss=8.8208  pred=true   gold=true  running‐acc=0.865
Locality eval: pred=truefalse         gold=n/a  correct=False  running‐acc=0.437
[ 379/600] loss=8.2482  pred=true   gold=true  running‐acc=0.865
Locality eval: pred=n/a               gold=n/a  correct=True  running‐acc=0.438
[ 380/600] loss=6.5636  pred=true   gold=true  running‐acc=0.866
Locality eval: pred=n/a               gold=n/a  correct=True  running‐acc=0.439
[ 381/600] loss=7.1053  pred=n/a    gold=n/a  running‐acc=0.866
Locality eval: pred=true              gold=true  correct=True  running‐acc=0.441
[ 382/600] loss=7.5994  pred=n/a    gold=n/a  running‐acc=0.866
Locality eval: pred=true              gold=true  correct=True  running‐acc=0.442
[ 383/600] loss=5.6721  pred=true   gold=n/a  running‐acc=0.864
Locality eval: pred=true              gold=true  correct=True  running‐acc=0.444
[ 384/600] loss=6.5459  pred=n/a    gold=n/a  running‐acc=0.865
Locality eval: pred=true              gold=true  correct=True  running‐acc=0.445
[ 385/600] loss=10.2211  pred=false  gold=true  running‐acc=0.862
Locality eval: pred=n/a               gold=n/a  correct=True  running‐acc=0.447
[ 386/600] loss=6.8546  pred=true   gold=true  running‐acc=0.863
Locality eval: pred=false             gold=n/a  correct=False  running‐acc=0.446
[ 387/600] loss=7.6623  pred=false  gold=n/a  running‐acc=0.860
Locality eval: pred=true              gold=true  correct=True  running‐acc=0.447
[ 388/600] loss=8.6654  pred=true   gold=true  running‐acc=0.861
Locality eval: pred=n/a               gold=n/a  correct=True  running‐acc=0.448
[ 389/600] loss=6.0073  pred=n/a    gold=n/a  running‐acc=0.861
Locality eval: pred=n/a               gold=true  correct=False  running‐acc=0.447
[ 390/600] loss=6.7520  pred=true   gold=true  running‐acc=0.862
Locality eval: pred=n/a               gold=n/a  correct=True  running‐acc=0.449
[ 391/600] loss=8.7544  pred=true   gold=true  running‐acc=0.862
Locality eval: pred=n/a               gold=n/a  correct=True  running‐acc=0.450
[ 392/600] loss=6.2486  pred=n/a    gold=n/a  running‐acc=0.862
Locality eval: pred=n/a               gold=true  correct=False  running‐acc=0.449
[ 393/600] loss=6.1803  pred=n/a    gold=n/a  running‐acc=0.863
Locality eval: pred=true              gold=true  correct=True  running‐acc=0.450
[ 394/600] loss=7.4037  pred=true   gold=n/a  running‐acc=0.860
Locality eval: pred=true              gold=true  correct=True  running‐acc=0.452
[ 395/600] loss=10.6290  pred=true   gold=true  running‐acc=0.861
Locality eval: pred=true              gold=n/a  correct=False  running‐acc=0.451
[ 396/600] loss=10.3666  pred=true   gold=true  running‐acc=0.861
Locality eval: pred=n/a               gold=n/a  correct=True  running‐acc=0.452
[ 397/600] loss=7.4823  pred=n/a    gold=n/a  running‐acc=0.861
Locality eval: pred=true              gold=true  correct=True  running‐acc=0.453
[ 398/600] loss=9.8777  pred=true   gold=true  running‐acc=0.862
Locality eval: pred=false             gold=n/a  correct=False  running‐acc=0.452
[ 399/600] loss=7.0307  pred=n/a    gold=n/a  running‐acc=0.862
Locality eval: pred=true              gold=true  correct=True  running‐acc=0.454
[ 400/600] loss=8.0295  pred=true   gold=true  running‐acc=0.863
Locality eval: pred=true              gold=n/a  correct=False  running‐acc=0.453
[ 401/600] loss=9.2608  pred=n/a    gold=true  running‐acc=0.860
Locality eval: pred=n/a               gold=n/a  correct=True  running‐acc=0.454
[ 402/600] loss=7.8998  pred=false  gold=n/a  running‐acc=0.858
Locality eval: pred=true              gold=true  correct=True  running‐acc=0.455
[ 403/600] loss=10.6391  pred=true   gold=true  running‐acc=0.859
Locality eval: pred=true              gold=n/a  correct=False  running‐acc=0.454
[ 404/600] loss=9.9536  pred=true/false/n/a  gold=true  running‐acc=0.859
Locality eval: pred=true              gold=n/a  correct=False  running‐acc=0.453
[ 405/600] loss=6.8236  pred=n/a    gold=n/a  running‐acc=0.859
Locality eval: pred=n/a               gold=true  correct=False  running‐acc=0.452
[ 406/600] loss=6.0304  pred=n/a    gold=n/a  running‐acc=0.860
Locality eval: pred=n/a               gold=true  correct=False  running‐acc=0.451
[ 407/600] loss=6.3217  pred=true   gold=true  running‐acc=0.860
Locality eval: pred=n/a               gold=n/a  correct=True  running‐acc=0.452
[ 408/600] loss=6.8970  pred=n/a    gold=n/a  running‐acc=0.860
Locality eval: pred=true              gold=true  correct=True  running‐acc=0.453
[ 409/600] loss=9.2447  pred=false  gold=true  running‐acc=0.858
Locality eval: pred=false             gold=n/a  correct=False  running‐acc=0.452
[ 410/600] loss=6.9987  pred=n/a    gold=n/a  running‐acc=0.859
Locality eval: pred=true              gold=true  correct=True  running‐acc=0.454
[ 411/600] loss=7.7115  pred=true   gold=true  running‐acc=0.859
Locality eval: pred=n/a               gold=n/a  correct=True  running‐acc=0.455
[ 412/600] loss=8.2178  pred=true   gold=true  running‐acc=0.859
Locality eval: pred=false             gold=n/a  correct=False  running‐acc=0.454
[ 413/600] loss=9.5012  pred=true.  gold=true  running‐acc=0.860
Locality eval: pred=false             gold=n/a  correct=False  running‐acc=0.453
[ 414/600] loss=9.4933  pred=true   gold=true  running‐acc=0.860
Locality eval: pred=false             gold=n/a  correct=False  running‐acc=0.452
[ 415/600] loss=6.7936  pred=n/a    gold=n/a  running‐acc=0.860
Locality eval: pred=n/a               gold=true  correct=False  running‐acc=0.451
[ 416/600] loss=9.2479  pred=true.  gold=true  running‐acc=0.861
Locality eval: pred=true              gold=n/a  correct=False  running‐acc=0.450
[ 417/600] loss=7.4403  pred=n/a    gold=n/a  running‐acc=0.861
Locality eval: pred=n/a               gold=true  correct=False  running‐acc=0.448
[ 418/600] loss=6.8983  pred=n/a    gold=n/a  running‐acc=0.861
Locality eval: pred=n/a               gold=true  correct=False  running‐acc=0.447
[ 419/600] loss=8.6964  pred=true.  gold=true  running‐acc=0.862
Locality eval: pred=n/a               gold=n/a  correct=True  running‐acc=0.449
[ 420/600] loss=8.0479  pred=n/a    gold=true  running‐acc=0.860
Locality eval: pred=true/false/n/a    gold=n/a  correct=True  running‐acc=0.450
[ 421/600] loss=8.8903  pred=true   gold=true  running‐acc=0.860
Locality eval: pred=false             gold=n/a  correct=False  running‐acc=0.449
[ 422/600] loss=8.8898  pred=true   gold=true  running‐acc=0.860
Locality eval: pred=n/a               gold=n/a  correct=True  running‐acc=0.450
[ 423/600] loss=8.9817  pred=true   gold=true  running‐acc=0.861
Locality eval: pred=n/a               gold=n/a  correct=True  running‐acc=0.452
[ 424/600] loss=7.1222  pred=n/a    gold=n/a  running‐acc=0.861
Locality eval: pred=true              gold=true  correct=True  running‐acc=0.453
[ 425/600] loss=7.0380  pred=false  gold=n/a  running‐acc=0.859
Locality eval: pred=true              gold=true  correct=True  running‐acc=0.454
[ 426/600] loss=6.8575  pred=n/a    gold=n/a  running‐acc=0.859
Locality eval: pred=n/a               gold=true  correct=False  running‐acc=0.453
[ 427/600] loss=9.2236  pred=true.  gold=true  running‐acc=0.859
Locality eval: pred=n/a               gold=n/a  correct=True  running‐acc=0.454
[ 428/600] loss=8.6832  pred=true   gold=true  running‐acc=0.860
Locality eval: pred=n/a               gold=n/a  correct=True  running‐acc=0.456
[ 429/600] loss=8.3349  pred=true   gold=true  running‐acc=0.860
Locality eval: pred=false             gold=n/a  correct=False  running‐acc=0.455
[ 430/600] loss=5.3126  pred=true   gold=n/a  running‐acc=0.858
Locality eval: pred=true              gold=true  correct=True  running‐acc=0.456
[ 431/600] loss=10.4167  pred=true   gold=true  running‐acc=0.858
Locality eval: pred=true              gold=n/a  correct=False  running‐acc=0.455
[ 432/600] loss=8.8793  pred=true   gold=true  running‐acc=0.859
Locality eval: pred=n/a               gold=n/a  correct=True  running‐acc=0.456
[ 433/600] loss=8.8648  pred=true   gold=true  running‐acc=0.859
Locality eval: pred=false             gold=n/a  correct=False  running‐acc=0.455
[ 434/600] loss=6.0182  pred=n/a    gold=n/a  running‐acc=0.859
Locality eval: pred=n/a               gold=true  correct=False  running‐acc=0.454
[ 435/600] loss=6.7957  pred=n/a    gold=n/a  running‐acc=0.860
Locality eval: pred=true              gold=true  correct=True  running‐acc=0.455
[ 436/600] loss=5.6762  pred=true   gold=true  running‐acc=0.860
Locality eval: pred=n/a               gold=n/a  correct=True  running‐acc=0.456
[ 437/600] loss=9.0439  pred=true   gold=true  running‐acc=0.860
Locality eval: pred=true              gold=n/a  correct=False  running‐acc=0.455
[ 438/600] loss=6.1599  pred=false  gold=n/a  running‐acc=0.858
Locality eval: pred=n/a               gold=true  correct=False  running‐acc=0.454
[ 439/600] loss=7.3402  pred=n/a    gold=n/a  running‐acc=0.859
Locality eval: pred=true              gold=true  correct=True  running‐acc=0.456
[ 440/600] loss=9.1151  pred=true   gold=true  running‐acc=0.859
Locality eval: pred=n/a               gold=n/a  correct=True  running‐acc=0.457
[ 441/600] loss=6.0442  pred=n/a    gold=n/a  running‐acc=0.859
Locality eval: pred=n/a               gold=true  correct=False  running‐acc=0.456
[ 442/600] loss=8.7865  pred=true   gold=true  running‐acc=0.860
Locality eval: pred=false             gold=n/a  correct=False  running‐acc=0.455
[ 443/600] loss=9.7857  pred=false  gold=true  running‐acc=0.858
Locality eval: pred=false             gold=n/a  correct=False  running‐acc=0.454
[ 444/600] loss=7.6531  pred=true   gold=true  running‐acc=0.858
Locality eval: pred=false             gold=n/a  correct=False  running‐acc=0.453
[ 445/600] loss=8.1174  pred=true.  gold=true  running‐acc=0.858
Locality eval: pred=n/a               gold=n/a  correct=True  running‐acc=0.454
[ 446/600] loss=2.2159  pred=true   gold=true  running‐acc=0.859
Locality eval: pred=n/a               gold=n/a  correct=True  running‐acc=0.455
[ 447/600] loss=7.6242  pred=n/a    gold=true  running‐acc=0.857
Locality eval: pred=false             gold=n/a  correct=False  running‐acc=0.454
[ 448/600] loss=2.6817  pred=true   gold=true  running‐acc=0.857
Locality eval: pred=n/a               gold=n/a  correct=True  running‐acc=0.455
[ 449/600] loss=10.6973  pred=true   gold=true  running‐acc=0.857
Locality eval: pred=true              gold=n/a  correct=False  running‐acc=0.454
[ 450/600] loss=7.2650  pred=n/a    gold=n/a  running‐acc=0.858
Locality eval: pred=true              gold=true  correct=True  running‐acc=0.456
[ 451/600] loss=9.5436  pred=true   gold=true  running‐acc=0.858
Locality eval: pred=true              gold=n/a  correct=False  running‐acc=0.455
[ 452/600] loss=5.9943  pred=n/a    gold=n/a  running‐acc=0.858
Locality eval: pred=true              gold=true  correct=True  running‐acc=0.456
[ 453/600] loss=6.5431  pred=n/a    gold=n/a  running‐acc=0.859
Locality eval: pred=false             gold=true  correct=False  running‐acc=0.455
[ 454/600] loss=4.8866  pred=n/a    gold=n/a  running‐acc=0.859
Locality eval: pred=true              gold=true  correct=True  running‐acc=0.456
[ 455/600] loss=9.2146  pred=true   gold=true  running‐acc=0.859
Locality eval: pred=true              gold=n/a  correct=False  running‐acc=0.455
[ 456/600] loss=6.4625  pred=n/a    gold=n/a  running‐acc=0.860
Locality eval: pred=true              gold=true  correct=True  running‐acc=0.456
[ 457/600] loss=5.8687  pred=false  gold=n/a  running‐acc=0.858
Locality eval: pred=n/a               gold=true  correct=False  running‐acc=0.455
[ 458/600] loss=7.5861  pred=false  gold=n/a  running‐acc=0.856
Locality eval: pred=true              gold=true  correct=True  running‐acc=0.456
[ 459/600] loss=8.2208  pred=true/false/n/a  gold=true  running‐acc=0.856
Locality eval: pred=n/a               gold=n/a  correct=True  running‐acc=0.458
[ 460/600] loss=6.1218  pred=true   gold=true  running‐acc=0.857
Locality eval: pred=false             gold=n/a  correct=False  running‐acc=0.457
[ 461/600] loss=7.4423  pred=n/a    gold=n/a  running‐acc=0.857
Locality eval: pred=true              gold=true  correct=True  running‐acc=0.458
[ 462/600] loss=3.0741  pred=false.  gold=n/a  running‐acc=0.855
Locality eval: pred=n/a               gold=true  correct=False  running‐acc=0.457
[ 463/600] loss=9.1972  pred=true   gold=true  running‐acc=0.855
Locality eval: pred=n/a               gold=n/a  correct=True  running‐acc=0.458
[ 464/600] loss=7.2928  pred=n/a    gold=n/a  running‐acc=0.856
Locality eval: pred=n/a               gold=true  correct=False  running‐acc=0.457
[ 465/600] loss=6.6654  pred=n/a    gold=n/a  running‐acc=0.856
Locality eval: pred=n/a               gold=true  correct=False  running‐acc=0.456
[ 466/600] loss=6.1000  pred=n/a    gold=n/a  running‐acc=0.856
Locality eval: pred=n/a               gold=true  correct=False  running‐acc=0.455
[ 467/600] loss=6.5257  pred=n/a    gold=n/a  running‐acc=0.857
Locality eval: pred=n/a               gold=true  correct=False  running‐acc=0.454
[ 468/600] loss=6.7202  pred=n/a    gold=n/a  running‐acc=0.857
Locality eval: pred=n/a               gold=true  correct=False  running‐acc=0.453
[ 469/600] loss=8.5452  pred=true   gold=true  running‐acc=0.857
Locality eval: pred=false             gold=n/a  correct=False  running‐acc=0.452
[ 470/600] loss=6.4534  pred=n/a    gold=n/a  running‐acc=0.857
Locality eval: pred=true              gold=true  correct=True  running‐acc=0.453
[ 471/600] loss=7.0391  pred=n/a    gold=n/a  running‐acc=0.858
Locality eval: pred=n/a               gold=true  correct=False  running‐acc=0.452
[ 472/600] loss=10.6357  pred=true   gold=true  running‐acc=0.858
Locality eval: pred=true              gold=n/a  correct=False  running‐acc=0.451
[ 473/600] loss=6.1541  pred=n/a    gold=n/a  running‐acc=0.858
Locality eval: pred=n/a               gold=true  correct=False  running‐acc=0.450
[ 474/600] loss=8.2497  pred=true   gold=true  running‐acc=0.859
Locality eval: pred=n/a               gold=n/a  correct=True  running‐acc=0.451
[ 475/600] loss=6.4928  pred=n/a    gold=n/a  running‐acc=0.859
Locality eval: pred=n/a               gold=true  correct=False  running‐acc=0.451
[ 476/600] loss=8.7730  pred=true   gold=true  running‐acc=0.859
Locality eval: pred=false             gold=n/a  correct=False  running‐acc=0.450
[ 477/600] loss=7.2460  pred=n/a    gold=n/a  running‐acc=0.860
Locality eval: pred=true              gold=true  correct=True  running‐acc=0.451
[ 478/600] loss=8.0709  pred=true   gold=true  running‐acc=0.860
Locality eval: pred=false             gold=n/a  correct=False  running‐acc=0.450
[ 479/600] loss=6.6643  pred=n/a    gold=n/a  running‐acc=0.860
Locality eval: pred=n/a               gold=true  correct=False  running‐acc=0.449
[ 480/600] loss=7.2589  pred=n/a    gold=n/a  running‐acc=0.860
Locality eval: pred=n/a               gold=true  correct=False  running‐acc=0.448
[ 481/600] loss=7.0386  pred=n/a    gold=n/a  running‐acc=0.861
Locality eval: pred=true              gold=true  correct=True  running‐acc=0.449
[ 482/600] loss=9.8007  pred=true   gold=true  running‐acc=0.861
Locality eval: pred=n/a               gold=n/a  correct=True  running‐acc=0.450
[ 483/600] loss=6.4498  pred=n/a    gold=n/a  running‐acc=0.861
Locality eval: pred=true.             gold=true  correct=True  running‐acc=0.451
[ 484/600] loss=6.8727  pred=n/a    gold=n/a  running‐acc=0.862
Locality eval: pred=n/a               gold=true  correct=False  running‐acc=0.450
[ 485/600] loss=5.7398  pred=n/a    gold=n/a  running‐acc=0.862
Locality eval: pred=true              gold=true  correct=True  running‐acc=0.452
[ 486/600] loss=7.2088  pred=n/a    gold=n/a  running‐acc=0.862
Locality eval: pred=n/a               gold=true  correct=False  running‐acc=0.451
[ 487/600] loss=7.6222  pred=false.  gold=n/a  running‐acc=0.860
Locality eval: pred=true              gold=true  correct=True  running‐acc=0.452
[ 488/600] loss=6.9764  pred=n/a    gold=n/a  running‐acc=0.861
Locality eval: pred=n/a               gold=true  correct=False  running‐acc=0.451
[ 489/600] loss=6.4237  pred=n/a    gold=n/a  running‐acc=0.861
Locality eval: pred=true              gold=true  correct=True  running‐acc=0.452
[ 490/600] loss=7.0409  pred=false  gold=n/a  running‐acc=0.859
Locality eval: pred=true              gold=true  correct=True  running‐acc=0.453
[ 491/600] loss=2.4387  pred=n/a    gold=n/a  running‐acc=0.859
Locality eval: pred=true              gold=true  correct=True  running‐acc=0.454
[ 492/600] loss=8.5405  pred=true   gold=true  running‐acc=0.860
Locality eval: pred=n/a               gold=n/a  correct=True  running‐acc=0.455
[ 493/600] loss=5.9748  pred=n/a    gold=n/a  running‐acc=0.860
Locality eval: pred=true              gold=true  correct=True  running‐acc=0.456
[ 494/600] loss=6.8806  pred=false  gold=n/a  running‐acc=0.858
Locality eval: pred=n/a               gold=true  correct=False  running‐acc=0.455
[ 495/600] loss=6.8421  pred=n/a    gold=n/a  running‐acc=0.859
Locality eval: pred=true              gold=true  correct=True  running‐acc=0.457
[ 496/600] loss=4.3920  pred=n/a    gold=n/a  running‐acc=0.859
Locality eval: pred=n/a               gold=true  correct=False  running‐acc=0.456
[ 497/600] loss=8.0401  pred=true   gold=true  running‐acc=0.859
Locality eval: pred=true              gold=n/a  correct=False  running‐acc=0.455
[ 498/600] loss=9.3572  pred=true   gold=true  running‐acc=0.859
Locality eval: pred=false             gold=n/a  correct=False  running‐acc=0.454
[ 499/600] loss=5.9693  pred=n/a    gold=n/a  running‐acc=0.860
Locality eval: pred=true              gold=true  correct=True  running‐acc=0.455
[ 500/600] loss=5.2903  pred=n/a    gold=n/a  running‐acc=0.860
Locality eval: pred=n/a               gold=true  correct=False  running‐acc=0.454
[ 501/600] loss=5.6603  pred=n/a    gold=n/a  running‐acc=0.860
Locality eval: pred=n/a               gold=true  correct=False  running‐acc=0.453
[ 502/600] loss=1.8893  pred=n/a    gold=n/a  running‐acc=0.861
Locality eval: pred=true              gold=true  correct=True  running‐acc=0.454
[ 503/600] loss=7.9468  pred=true   gold=true  running‐acc=0.861
Locality eval: pred=true              gold=n/a  correct=False  running‐acc=0.453
[ 504/600] loss=7.5745  pred=false  gold=true  running‐acc=0.859
Locality eval: pred=n/a               gold=n/a  correct=True  running‐acc=0.454
[ 505/600] loss=9.2266  pred=true   gold=true  running‐acc=0.859
Locality eval: pred=true              gold=n/a  correct=False  running‐acc=0.453
[ 506/600] loss=9.0714  pred=false  gold=true  running‐acc=0.858
Locality eval: pred=false             gold=n/a  correct=False  running‐acc=0.453
[ 507/600] loss=8.7983  pred=true   gold=true  running‐acc=0.858
Locality eval: pred=true/false/n/a    gold=n/a  correct=True  running‐acc=0.454
[ 508/600] loss=8.5224  pred=n/a    gold=true  running‐acc=0.856
Locality eval: pred=false             gold=n/a  correct=False  running‐acc=0.453
[ 509/600] loss=10.6657  pred=true   gold=true  running‐acc=0.857
Locality eval: pred=n/a               gold=n/a  correct=True  running‐acc=0.454
[ 510/600] loss=9.4976  pred=true   gold=true  running‐acc=0.857
Locality eval: pred=true              gold=n/a  correct=False  running‐acc=0.453
[ 511/600] loss=7.6025  pred=n/a    gold=n/a  running‐acc=0.857
Locality eval: pred=true              gold=true  correct=True  running‐acc=0.454
[ 512/600] loss=8.0949  pred=true   gold=true  running‐acc=0.857
Locality eval: pred=false             gold=n/a  correct=False  running‐acc=0.453
[ 513/600] loss=6.0700  pred=n/a    gold=n/a  running‐acc=0.858
Locality eval: pred=n/a               gold=true  correct=False  running‐acc=0.452
[ 514/600] loss=8.2486  pred=true   gold=true  running‐acc=0.858
Locality eval: pred=false             gold=n/a  correct=False  running‐acc=0.451
[ 515/600] loss=6.6579  pred=n/a    gold=n/a  running‐acc=0.858
Locality eval: pred=n/a               gold=true  correct=False  running‐acc=0.450
[ 516/600] loss=7.1194  pred=n/a    gold=n/a  running‐acc=0.859
Locality eval: pred=true              gold=true  correct=True  running‐acc=0.452
[ 517/600] loss=6.5463  pred=n/a    gold=n/a  running‐acc=0.859
Locality eval: pred=n/a               gold=true  correct=False  running‐acc=0.451
[ 518/600] loss=7.3091  pred=n/a    gold=n/a  running‐acc=0.859
Locality eval: pred=true              gold=true  correct=True  running‐acc=0.452
[ 519/600] loss=10.1081  pred=true   gold=true  running‐acc=0.859
Locality eval: pred=true/false/n/a    gold=n/a  correct=True  running‐acc=0.453
[ 520/600] loss=8.7844  pred=true   gold=true  running‐acc=0.860
Locality eval: pred=false             gold=n/a  correct=False  running‐acc=0.452
[ 521/600] loss=8.1388  pred=true   gold=true  running‐acc=0.860
Locality eval: pred=false             gold=n/a  correct=False  running‐acc=0.451
[ 522/600] loss=9.4582  pred=true.  gold=true  running‐acc=0.860
Locality eval: pred=true.             gold=n/a  correct=False  running‐acc=0.450
[ 523/600] loss=5.3853  pred=n/a    gold=n/a  running‐acc=0.860
Locality eval: pred=true              gold=true  correct=True  running‐acc=0.451
[ 524/600] loss=8.4489  pred=true   gold=true  running‐acc=0.861
Locality eval: pred=false             gold=n/a  correct=False  running‐acc=0.450
[ 525/600] loss=8.5751  pred=true   gold=true  running‐acc=0.861
Locality eval: pred=false             gold=n/a  correct=False  running‐acc=0.450
[ 526/600] loss=8.3670  pred=true/false/n/a  gold=true  running‐acc=0.861
Locality eval: pred=n/a               gold=n/a  correct=True  running‐acc=0.451
[ 527/600] loss=5.3730  pred=n/a    gold=n/a  running‐acc=0.861
Locality eval: pred=n/a               gold=true  correct=False  running‐acc=0.450
[ 528/600] loss=9.2204  pred=true   gold=true  running‐acc=0.862
Locality eval: pred=false             gold=n/a  correct=False  running‐acc=0.449
[ 529/600] loss=6.3308  pred=n/a    gold=n/a  running‐acc=0.862
Locality eval: pred=n/a               gold=true  correct=False  running‐acc=0.448
[ 530/600] loss=10.4645  pred=true   gold=true  running‐acc=0.862
Locality eval: pred=true              gold=n/a  correct=False  running‐acc=0.447
[ 531/600] loss=7.1749  pred=n/a    gold=n/a  running‐acc=0.863
Locality eval: pred=n/a               gold=true  correct=False  running‐acc=0.446
[ 532/600] loss=7.0787  pred=true   gold=true  running‐acc=0.863
Locality eval: pred=n/a               gold=n/a  correct=True  running‐acc=0.447
[ 533/600] loss=5.8917  pred=n/a    gold=n/a  running‐acc=0.863
Locality eval: pred=n/a               gold=true  correct=False  running‐acc=0.447
[ 534/600] loss=9.2936  pred=true   gold=true  running‐acc=0.863
Locality eval: pred=false             gold=n/a  correct=False  running‐acc=0.446
[ 535/600] loss=8.5255  pred=true   gold=true  running‐acc=0.864
Locality eval: pred=false             gold=n/a  correct=False  running‐acc=0.445
[ 536/600] loss=7.6699  pred=true   gold=true  running‐acc=0.864
Locality eval: pred=n/a               gold=n/a  correct=True  running‐acc=0.446
[ 537/600] loss=5.6862  pred=n/a    gold=n/a  running‐acc=0.864
Locality eval: pred=n/a               gold=true  correct=False  running‐acc=0.445
[ 538/600] loss=10.5227  pred=true   gold=true  running‐acc=0.864
Locality eval: pred=false             gold=n/a  correct=False  running‐acc=0.444
[ 539/600] loss=9.8577  pred=true   gold=true  running‐acc=0.865
Locality eval: pred=false             gold=n/a  correct=False  running‐acc=0.443
[ 540/600] loss=6.7053  pred=false  gold=n/a  running‐acc=0.863
Locality eval: pred=false             gold=true  correct=False  running‐acc=0.443
[ 541/600] loss=5.3530  pred=n/a    gold=n/a  running‐acc=0.863
Locality eval: pred=n/a               gold=true  correct=False  running‐acc=0.442
[ 542/600] loss=7.3462  pred=n/a    gold=n/a  running‐acc=0.863
Locality eval: pred=true              gold=true  correct=True  running‐acc=0.443
[ 543/600] loss=7.2401  pred=n/a    gold=n/a  running‐acc=0.864
Locality eval: pred=n/a               gold=true  correct=False  running‐acc=0.442
[ 544/600] loss=5.6957  pred=n/a    gold=n/a  running‐acc=0.864
Locality eval: pred=n/a               gold=true  correct=False  running‐acc=0.441
[ 545/600] loss=8.2998  pred=n/a    gold=true  running‐acc=0.862
Locality eval: pred=n/a               gold=n/a  correct=True  running‐acc=0.442
[ 546/600] loss=6.8575  pred=n/a    gold=n/a  running‐acc=0.863
Locality eval: pred=n/a               gold=true  correct=False  running‐acc=0.441
[ 547/600] loss=9.9937  pred=true   gold=true  running‐acc=0.863
Locality eval: pred=true,             gold=n/a  correct=False  running‐acc=0.441
[ 548/600] loss=9.1947  pred=true   gold=true  running‐acc=0.863
Locality eval: pred=true              gold=n/a  correct=False  running‐acc=0.440
[ 549/600] loss=8.8161  pred=n/a    gold=true  running‐acc=0.862
Locality eval: pred=n/a               gold=n/a  correct=True  running‐acc=0.441
[ 550/600] loss=4.4788  pred=n/a    gold=n/a  running‐acc=0.862
Locality eval: pred=n/a               gold=true  correct=False  running‐acc=0.440
[ 551/600] loss=10.0595  pred=true   gold=true  running‐acc=0.862
Locality eval: pred=true              gold=n/a  correct=False  running‐acc=0.439
[ 552/600] loss=4.0134  pred=n/a    gold=n/a  running‐acc=0.862
Locality eval: pred=n/a               gold=true  correct=False  running‐acc=0.438
[ 553/600] loss=6.4139  pred=n/a    gold=n/a  running‐acc=0.863
Locality eval: pred=n/a               gold=true  correct=False  running‐acc=0.438
[ 554/600] loss=9.3686  pred=true   gold=true  running‐acc=0.863
Locality eval: pred=n/a               gold=n/a  correct=True  running‐acc=0.439
[ 555/600] loss=6.6243  pred=n/a    gold=n/a  running‐acc=0.863
Locality eval: pred=n/a               gold=true  correct=False  running‐acc=0.438
[ 556/600] loss=6.4146  pred=n/a    gold=n/a  running‐acc=0.863
Locality eval: pred=n/a               gold=true  correct=False  running‐acc=0.437
[ 557/600] loss=6.8592  pred=n/a    gold=n/a  running‐acc=0.864
Locality eval: pred=n/a               gold=true  correct=False  running‐acc=0.436
[ 558/600] loss=6.6604  pred=true   gold=true  running‐acc=0.864
Locality eval: pred=n/a               gold=n/a  correct=True  running‐acc=0.437
[ 559/600] loss=3.5477  pred=true   gold=true  running‐acc=0.864
Locality eval: pred=n/a               gold=n/a  correct=True  running‐acc=0.438
[ 560/600] loss=6.2902  pred=n/a    gold=n/a  running‐acc=0.864
Locality eval: pred=n/a               gold=true  correct=False  running‐acc=0.438
[ 561/600] loss=9.6317  pred=true   gold=true  running‐acc=0.865
Locality eval: pred=true              gold=n/a  correct=False  running‐acc=0.437
[ 562/600] loss=9.0575  pred=true   gold=true  running‐acc=0.865
Locality eval: pred=false             gold=n/a  correct=False  running‐acc=0.436
[ 563/600] loss=6.8772  pred=n/a    gold=n/a  running‐acc=0.865
Locality eval: pred=true              gold=true  correct=True  running‐acc=0.437
[ 564/600] loss=9.6987  pred=true   gold=true  running‐acc=0.865
Locality eval: pred=true/false/n/a    gold=n/a  correct=True  running‐acc=0.438
[ 565/600] loss=7.1095  pred=n/a    gold=n/a  running‐acc=0.865
Locality eval: pred=n/a               gold=true  correct=False  running‐acc=0.437
[ 566/600] loss=7.6136  pred=false  gold=true  running‐acc=0.864
Locality eval: pred=false             gold=n/a  correct=False  running‐acc=0.436
[ 567/600] loss=10.2519  pred=true   gold=true  running‐acc=0.864
Locality eval: pred=true              gold=n/a  correct=False  running‐acc=0.436
[ 568/600] loss=6.6829  pred=n/a    gold=n/a  running‐acc=0.864
Locality eval: pred=n/a               gold=true  correct=False  running‐acc=0.435
[ 569/600] loss=10.1717  pred=true   gold=true  running‐acc=0.865
Locality eval: pred=true              gold=n/a  correct=False  running‐acc=0.434
[ 570/600] loss=8.9319  pred=true   gold=true  running‐acc=0.865
Locality eval: pred=n/a               gold=n/a  correct=True  running‐acc=0.435
[ 571/600] loss=8.0362  pred=true   gold=true  running‐acc=0.865
Locality eval: pred=n/a               gold=n/a  correct=True  running‐acc=0.436
[ 572/600] loss=9.5423  pred=true.  gold=true  running‐acc=0.865
Locality eval: pred=false             gold=n/a  correct=False  running‐acc=0.435
[ 573/600] loss=9.4877  pred=true.  gold=true  running‐acc=0.866
Locality eval: pred=false             gold=n/a  correct=False  running‐acc=0.435
[ 574/600] loss=10.4129  pred=true   gold=true  running‐acc=0.866
Locality eval: pred=true              gold=n/a  correct=False  running‐acc=0.434
[ 575/600] loss=9.2159  pred=true   gold=true  running‐acc=0.866
Locality eval: pred=false             gold=n/a  correct=False  running‐acc=0.433
[ 576/600] loss=10.4042  pred=true   gold=true  running‐acc=0.866
Locality eval: pred=true              gold=n/a  correct=False  running‐acc=0.432
[ 577/600] loss=7.6261  pred=true/false/n/a  gold=true  running‐acc=0.867
Locality eval: pred=n/a               gold=n/a  correct=True  running‐acc=0.433
[ 578/600] loss=6.0068  pred=n/a    gold=n/a  running‐acc=0.867
Locality eval: pred=true              gold=true  correct=True  running‐acc=0.434
[ 579/600] loss=10.7166  pred=true   gold=true  running‐acc=0.867
Locality eval: pred=true              gold=n/a  correct=False  running‐acc=0.434
[ 580/600] loss=7.5379  pred=n/a    gold=n/a  running‐acc=0.867
Locality eval: pred=true              gold=true  correct=True  running‐acc=0.434
[ 581/600] loss=7.5240  pred=n/a    gold=n/a  running‐acc=0.867
Locality eval: pred=true              gold=true  correct=True  running‐acc=0.435
[ 582/600] loss=6.4828  pred=n/a    gold=n/a  running‐acc=0.868
Locality eval: pred=n/a               gold=true  correct=False  running‐acc=0.435
[ 583/600] loss=7.5742  pred=n/a    gold=n/a  running‐acc=0.868
Locality eval: pred=true              gold=true  correct=True  running‐acc=0.436
[ 584/600] loss=6.7221  pred=n/a    gold=n/a  running‐acc=0.868
Locality eval: pred=true              gold=true  correct=True  running‐acc=0.437
[ 585/600] loss=7.8568  pred=true   gold=n/a  running‐acc=0.867
Locality eval: pred=true              gold=true  correct=True  running‐acc=0.438
[ 586/600] loss=3.2159  pred=n/a    gold=n/a  running‐acc=0.867
Locality eval: pred=true              gold=true  correct=True  running‐acc=0.439
[ 587/600] loss=9.1078  pred=true   gold=true  running‐acc=0.867
Locality eval: pred=n/a               gold=n/a  correct=True  running‐acc=0.440
[ 588/600] loss=8.3505  pred=n/a    gold=true  running‐acc=0.866
Locality eval: pred=false             gold=n/a  correct=False  running‐acc=0.439
[ 589/600] loss=8.8277  pred=true   gold=true  running‐acc=0.866
Locality eval: pred=n/a               gold=n/a  correct=True  running‐acc=0.440
[ 590/600] loss=8.6842  pred=true.  gold=true  running‐acc=0.866
Locality eval: pred=false             gold=n/a  correct=False  running‐acc=0.439
[ 591/600] loss=8.1020  pred=true   gold=true  running‐acc=0.866
Locality eval: pred=true              gold=n/a  correct=False  running‐acc=0.438
[ 592/600] loss=6.4576  pred=false  gold=n/a  running‐acc=0.865
Locality eval: pred=n/a               gold=true  correct=False  running‐acc=0.438
[ 593/600] loss=8.1996  pred=true   gold=true  running‐acc=0.865
Locality eval: pred=false             gold=n/a  correct=False  running‐acc=0.437
[ 594/600] loss=2.6561  pred=n/a舀   gold=n/a  running‐acc=0.865
Locality eval: pred=true              gold=true  correct=True  running‐acc=0.438
[ 595/600] loss=7.0054  pred=n/a    gold=true  running‐acc=0.864
Locality eval: pred=true              gold=n/a  correct=False  running‐acc=0.437
[ 596/600] loss=6.3993  pred=n/a    gold=n/a  running‐acc=0.864
Locality eval: pred=true              gold=true  correct=True  running‐acc=0.438
[ 597/600] loss=7.2629  pred=n/a    gold=n/a  running‐acc=0.864
Locality eval: pred=true              gold=true  correct=True  running‐acc=0.439
[ 598/600] loss=8.0487  pred=false  gold=true  running‐acc=0.863
Locality eval: pred=n/a               gold=n/a  correct=True  running‐acc=0.440
[ 599/600] loss=8.2033  pred=true.  gold=true  running‐acc=0.863
Locality eval: pred=true              gold=n/a  correct=False  running‐acc=0.439
[ 600/600] loss=7.5655  pred=n/a    gold=n/a  running‐acc=0.863
Locality eval: pred=n/a               gold=true  correct=False  running‐acc=0.438

Finished in 2416.1s.  Final accuracy: 0.863.

