
Loading base model (4‐bit)…
Loading checkpoint shards:   0%|          | 0/4 [00:00<?, ?it/s]Loading checkpoint shards:  25%|██▌       | 1/4 [00:06<00:18,  6.31s/it]Loading checkpoint shards:  50%|█████     | 2/4 [00:14<00:14,  7.26s/it]Loading checkpoint shards:  75%|███████▌  | 3/4 [00:19<00:06,  6.44s/it]Loading checkpoint shards: 100%|██████████| 4/4 [00:22<00:00,  5.05s/it]Loading checkpoint shards: 100%|██████████| 4/4 [00:22<00:00,  5.66s/it]
trainable params: 6,422,528 || all params: 8,544,103,424 || trainable%: 0.0752
  0%|          | 0/600 [00:00<?, ?it/s]100%|██████████| 600/600 [00:00<00:00, 23270.45it/s]
Loaded 600 (train, eval) pairs.

Starting sequential training…
Cached 112 LoRA tensors.
[   1/600] loss=0.0059  pred=true   gold=true  running‐acc=1.000
Locality eval: pred=true              gold=n/a  correct=False  running‐acc=0.000
[   2/600] loss=0.0168  pred=true   gold=true  running‐acc=1.000
Locality eval: pred=true              gold=n/a  correct=False  running‐acc=0.000
[   3/600] loss=0.1025  pred=true   gold=true  running‐acc=1.000
Locality eval: pred=true              gold=n/a  correct=False  running‐acc=0.000
[   4/600] loss=0.0047  pred=true   gold=true  running‐acc=1.000
Locality eval: pred=true              gold=n/a  correct=False  running‐acc=0.000
[   5/600] loss=0.0095  pred=true   gold=true  running‐acc=1.000
Locality eval: pred=true              gold=n/a  correct=False  running‐acc=0.000
[   6/600] loss=0.0008  pred=true   gold=true  running‐acc=1.000
Locality eval: pred=true              gold=n/a  correct=False  running‐acc=0.000
[   7/600] loss=0.0013  pred=n/a    gold=n/a  running‐acc=1.000
Locality eval: pred=n/a               gold=true  correct=False  running‐acc=0.000
[   8/600] loss=0.0310  pred=n/a    gold=n/a  running‐acc=1.000
Locality eval: pred=n/a               gold=true  correct=False  running‐acc=0.000
[   9/600] loss=0.0157  pred=true   gold=true  running‐acc=1.000
Locality eval: pred=true              gold=n/a  correct=False  running‐acc=0.000
[  10/600] loss=0.0349  pred=true   gold=true  running‐acc=1.000
Locality eval: pred=true              gold=n/a  correct=False  running‐acc=0.000
[  11/600] loss=0.0007  pred=true   gold=true  running‐acc=1.000
Locality eval: pred=true              gold=n/a  correct=False  running‐acc=0.000
[  12/600] loss=0.0416  pred=true   gold=true  running‐acc=1.000
Locality eval: pred=true              gold=n/a  correct=False  running‐acc=0.000
[  13/600] loss=0.0248  pred=n/a    gold=n/a  running‐acc=1.000
Locality eval: pred=n/a               gold=true  correct=False  running‐acc=0.000
[  14/600] loss=0.0407  pred=n/a    gold=n/a  running‐acc=1.000
Locality eval: pred=n/a               gold=true  correct=False  running‐acc=0.000
[  15/600] loss=0.0010  pred=true   gold=true  running‐acc=1.000
Locality eval: pred=true              gold=n/a  correct=False  running‐acc=0.000
[  16/600] loss=0.0011  pred=n/a    gold=n/a  running‐acc=1.000
Locality eval: pred=n/a               gold=true  correct=False  running‐acc=0.000
[  17/600] loss=0.0014  pred=n/a    gold=n/a  running‐acc=1.000
Locality eval: pred=n/a               gold=true  correct=False  running‐acc=0.000
[  18/600] loss=0.0013  pred=true   gold=true  running‐acc=1.000
Locality eval: pred=true              gold=n/a  correct=False  running‐acc=0.000
[  19/600] loss=0.0317  pred=true   gold=true  running‐acc=1.000
Locality eval: pred=true              gold=n/a  correct=False  running‐acc=0.000
[  20/600] loss=0.0024  pred=n/a    gold=n/a  running‐acc=1.000
Locality eval: pred=n/a               gold=true  correct=False  running‐acc=0.000
[  21/600] loss=0.0008  pred=n/a    gold=n/a  running‐acc=1.000
Locality eval: pred=n/a               gold=true  correct=False  running‐acc=0.000
[  22/600] loss=0.0027  pred=n/a    gold=n/a  running‐acc=1.000
Locality eval: pred=n/a               gold=true  correct=False  running‐acc=0.000
[  23/600] loss=0.0048  pred=n/a    gold=n/a  running‐acc=1.000
Locality eval: pred=n/a               gold=true  correct=False  running‐acc=0.000
[  24/600] loss=0.0014  pred=n/a    gold=n/a  running‐acc=1.000
Locality eval: pred=true              gold=true  correct=True  running‐acc=0.042
[  25/600] loss=0.0022  pred=true   gold=true  running‐acc=1.000
Locality eval: pred=false             gold=n/a  correct=False  running‐acc=0.040
[  26/600] loss=0.0260  pred=n/a    gold=n/a  running‐acc=1.000
Locality eval: pred=n/a               gold=true  correct=False  running‐acc=0.038
[  27/600] loss=0.0516  pred=n/a    gold=n/a  running‐acc=1.000
Locality eval: pred=n/a               gold=true  correct=False  running‐acc=0.037
[  28/600] loss=0.0138  pred=n/a    gold=n/a  running‐acc=1.000
Locality eval: pred=n/a               gold=true  correct=False  running‐acc=0.036
[  29/600] loss=0.0019  pred=n/a    gold=n/a  running‐acc=1.000
Locality eval: pred=n/a               gold=true  correct=False  running‐acc=0.034
[  30/600] loss=0.0003  pred=n/a    gold=n/a  running‐acc=1.000
Locality eval: pred=n/a               gold=true  correct=False  running‐acc=0.033
[  31/600] loss=0.0934  pred=true   gold=true  running‐acc=1.000
Locality eval: pred=true              gold=n/a  correct=False  running‐acc=0.032
[  32/600] loss=0.0099  pred=n/a    gold=n/a  running‐acc=1.000
Locality eval: pred=n/a               gold=true  correct=False  running‐acc=0.031
[  33/600] loss=0.0163  pred=n/a    gold=n/a  running‐acc=1.000
Locality eval: pred=n/a               gold=true  correct=False  running‐acc=0.030
[  34/600] loss=0.0006  pred=n/a    gold=n/a  running‐acc=1.000
Locality eval: pred=true              gold=true  correct=True  running‐acc=0.059
[  35/600] loss=0.0024  pred=true   gold=true  running‐acc=1.000
Locality eval: pred=true              gold=n/a  correct=False  running‐acc=0.057
[  36/600] loss=0.0138  pred=n/a    gold=n/a  running‐acc=1.000
Locality eval: pred=n/a               gold=true  correct=False  running‐acc=0.056
[  37/600] loss=0.1041  pred=true   gold=true  running‐acc=1.000
Locality eval: pred=true              gold=n/a  correct=False  running‐acc=0.054
[  38/600] loss=0.0030  pred=n/a    gold=n/a  running‐acc=1.000
Locality eval: pred=n/a               gold=true  correct=False  running‐acc=0.053
[  39/600] loss=0.0006  pred=true   gold=true  running‐acc=1.000
Locality eval: pred=true              gold=n/a  correct=False  running‐acc=0.051
[  40/600] loss=0.0052  pred=true   gold=true  running‐acc=1.000
Locality eval: pred=true              gold=n/a  correct=False  running‐acc=0.050
[  41/600] loss=0.0702  pred=true   gold=true  running‐acc=1.000
Locality eval: pred=true              gold=n/a  correct=False  running‐acc=0.049
[  42/600] loss=0.0042  pred=n/a    gold=n/a  running‐acc=1.000
Locality eval: pred=n/a               gold=true  correct=False  running‐acc=0.048
[  43/600] loss=0.0013  pred=true   gold=true  running‐acc=1.000
Locality eval: pred=false             gold=n/a  correct=False  running‐acc=0.047
[  44/600] loss=0.0142  pred=n/a    gold=n/a  running‐acc=1.000
Locality eval: pred=n/a               gold=true  correct=False  running‐acc=0.045
[  45/600] loss=0.0084  pred=n/a    gold=n/a  running‐acc=1.000
Locality eval: pred=n/a               gold=true  correct=False  running‐acc=0.044
[  46/600] loss=0.0003  pred=true   gold=true  running‐acc=1.000
Locality eval: pred=true              gold=n/a  correct=False  running‐acc=0.043
[  47/600] loss=0.0016  pred=true   gold=true  running‐acc=1.000
Locality eval: pred=false             gold=n/a  correct=False  running‐acc=0.043
[  48/600] loss=0.0063  pred=n/a    gold=n/a  running‐acc=1.000
Locality eval: pred=n/a               gold=true  correct=False  running‐acc=0.042
[  49/600] loss=0.0054  pred=true   gold=true  running‐acc=1.000
Locality eval: pred=true              gold=n/a  correct=False  running‐acc=0.041
[  50/600] loss=0.0406  pred=n/a    gold=n/a  running‐acc=1.000
Locality eval: pred=n/a               gold=true  correct=False  running‐acc=0.040
[  51/600] loss=0.0696  pred=true   gold=true  running‐acc=1.000
Locality eval: pred=true              gold=n/a  correct=False  running‐acc=0.039
[  52/600] loss=0.0026  pred=true   gold=true  running‐acc=1.000
Locality eval: pred=true              gold=n/a  correct=False  running‐acc=0.038
[  53/600] loss=0.0015  pred=n/a    gold=n/a  running‐acc=1.000
Locality eval: pred=n/a               gold=true  correct=False  running‐acc=0.038
[  54/600] loss=0.0002  pred=true   gold=true  running‐acc=1.000
Locality eval: pred=true              gold=n/a  correct=False  running‐acc=0.037
[  55/600] loss=0.0061  pred=n/a    gold=n/a  running‐acc=1.000
Locality eval: pred=n/a               gold=true  correct=False  running‐acc=0.036
[  56/600] loss=0.0015  pred=n/a    gold=n/a  running‐acc=1.000
Locality eval: pred=true              gold=true  correct=True  running‐acc=0.054
[  57/600] loss=0.0448  pred=true   gold=true  running‐acc=1.000
Locality eval: pred=true              gold=n/a  correct=False  running‐acc=0.053
[  58/600] loss=0.0015  pred=true   gold=true  running‐acc=1.000
Locality eval: pred=true              gold=n/a  correct=False  running‐acc=0.052
[  59/600] loss=0.0274  pred=true   gold=true  running‐acc=1.000
Locality eval: pred=true              gold=n/a  correct=False  running‐acc=0.051
[  60/600] loss=0.0022  pred=true   gold=true  running‐acc=1.000
Locality eval: pred=true              gold=n/a  correct=False  running‐acc=0.050
[  61/600] loss=0.0022  pred=true   gold=true  running‐acc=1.000
Locality eval: pred=true              gold=n/a  correct=False  running‐acc=0.049
[  62/600] loss=0.0104  pred=true   gold=true  running‐acc=1.000
Locality eval: pred=true              gold=n/a  correct=False  running‐acc=0.048
[  63/600] loss=0.0028  pred=n/a    gold=n/a  running‐acc=1.000
Locality eval: pred=n/a               gold=true  correct=False  running‐acc=0.048
[  64/600] loss=0.0018  pred=n/a    gold=n/a  running‐acc=1.000
Locality eval: pred=n/a               gold=true  correct=False  running‐acc=0.047
[  65/600] loss=0.0010  pred=n/a    gold=n/a  running‐acc=1.000
Locality eval: pred=n/a               gold=true  correct=False  running‐acc=0.046
[  66/600] loss=0.0133  pred=true   gold=true  running‐acc=1.000
Locality eval: pred=true              gold=n/a  correct=False  running‐acc=0.045
[  67/600] loss=0.0303  pred=true   gold=true  running‐acc=1.000
Locality eval: pred=true              gold=n/a  correct=False  running‐acc=0.045
[  68/600] loss=0.0063  pred=true   gold=true  running‐acc=1.000
Locality eval: pred=true              gold=n/a  correct=False  running‐acc=0.044
[  69/600] loss=0.0141  pred=n/a    gold=n/a  running‐acc=1.000
Locality eval: pred=n/a               gold=true  correct=False  running‐acc=0.043
[  70/600] loss=0.0362  pred=n/a    gold=n/a  running‐acc=1.000
Locality eval: pred=n/a               gold=true  correct=False  running‐acc=0.043
[  71/600] loss=0.0004  pred=n/a    gold=n/a  running‐acc=1.000
Locality eval: pred=n/a               gold=true  correct=False  running‐acc=0.042
[  72/600] loss=0.0031  pred=n/a    gold=n/a  running‐acc=1.000
Locality eval: pred=n/a               gold=true  correct=False  running‐acc=0.042
[  73/600] loss=0.0051  pred=true   gold=true  running‐acc=1.000
Locality eval: pred=true              gold=n/a  correct=False  running‐acc=0.041
[  74/600] loss=0.0014  pred=n/a    gold=n/a  running‐acc=1.000
Locality eval: pred=n/a               gold=true  correct=False  running‐acc=0.041
[  75/600] loss=0.0019  pred=n/a    gold=n/a  running‐acc=1.000
Locality eval: pred=n/a               gold=true  correct=False  running‐acc=0.040
[  76/600] loss=0.0038  pred=true   gold=true  running‐acc=1.000
Locality eval: pred=true              gold=n/a  correct=False  running‐acc=0.039
[  77/600] loss=0.0009  pred=true   gold=true  running‐acc=1.000
Locality eval: pred=true              gold=n/a  correct=False  running‐acc=0.039
[  78/600] loss=0.0150  pred=n/a    gold=n/a  running‐acc=1.000
Locality eval: pred=n/a               gold=true  correct=False  running‐acc=0.038
[  79/600] loss=0.0204  pred=true   gold=true  running‐acc=1.000
Locality eval: pred=true              gold=n/a  correct=False  running‐acc=0.038
[  80/600] loss=0.0048  pred=n/a    gold=n/a  running‐acc=1.000
Locality eval: pred=n/a               gold=true  correct=False  running‐acc=0.037
[  81/600] loss=0.0001  pred=n/a    gold=n/a  running‐acc=1.000
Locality eval: pred=n/a               gold=true  correct=False  running‐acc=0.037
[  82/600] loss=0.0024  pred=true   gold=true  running‐acc=1.000
Locality eval: pred=true              gold=n/a  correct=False  running‐acc=0.037
[  83/600] loss=0.0253  pred=n/a    gold=n/a  running‐acc=1.000
Locality eval: pred=n/a               gold=true  correct=False  running‐acc=0.036
[  84/600] loss=0.0003  pred=true   gold=true  running‐acc=1.000
Locality eval: pred=true              gold=n/a  correct=False  running‐acc=0.036
[  85/600] loss=0.0003  pred=n/a    gold=n/a  running‐acc=1.000
Locality eval: pred=n/a               gold=true  correct=False  running‐acc=0.035
[  86/600] loss=0.0003  pred=n/a    gold=n/a  running‐acc=1.000
Locality eval: pred=n/a               gold=true  correct=False  running‐acc=0.035
[  87/600] loss=0.0018  pred=n/a    gold=n/a  running‐acc=1.000
Locality eval: pred=n/a               gold=true  correct=False  running‐acc=0.034
[  88/600] loss=0.0017  pred=true   gold=true  running‐acc=1.000
Locality eval: pred=true              gold=n/a  correct=False  running‐acc=0.034
[  89/600] loss=0.0002  pred=true   gold=true  running‐acc=1.000
Locality eval: pred=true              gold=n/a  correct=False  running‐acc=0.034
[  90/600] loss=0.0006  pred=n/a    gold=n/a  running‐acc=1.000
Locality eval: pred=n/a               gold=true  correct=False  running‐acc=0.033
[  91/600] loss=0.0014  pred=n/a    gold=n/a  running‐acc=1.000
Locality eval: pred=n/a               gold=true  correct=False  running‐acc=0.033
[  92/600] loss=0.0522  pred=true   gold=true  running‐acc=1.000
Locality eval: pred=true              gold=n/a  correct=False  running‐acc=0.033
[  93/600] loss=0.0049  pred=n/a    gold=n/a  running‐acc=1.000
Locality eval: pred=n/a               gold=true  correct=False  running‐acc=0.032
[  94/600] loss=0.0025  pred=n/a    gold=n/a  running‐acc=1.000
Locality eval: pred=n/a               gold=true  correct=False  running‐acc=0.032
[  95/600] loss=0.0720  pred=true   gold=true  running‐acc=1.000
Locality eval: pred=true              gold=n/a  correct=False  running‐acc=0.032
[  96/600] loss=0.0285  pred=n/a    gold=n/a  running‐acc=1.000
Locality eval: pred=n/a               gold=true  correct=False  running‐acc=0.031
[  97/600] loss=0.0053  pred=n/a    gold=n/a  running‐acc=1.000
Locality eval: pred=n/a               gold=true  correct=False  running‐acc=0.031
[  98/600] loss=0.0005  pred=n/a    gold=n/a  running‐acc=1.000
Locality eval: pred=n/a               gold=true  correct=False  running‐acc=0.031
[  99/600] loss=0.0013  pred=true   gold=true  running‐acc=1.000
Locality eval: pred=false             gold=n/a  correct=False  running‐acc=0.030
[ 100/600] loss=0.0027  pred=true   gold=true  running‐acc=1.000
Locality eval: pred=true              gold=n/a  correct=False  running‐acc=0.030
[ 101/600] loss=0.0266  pred=n/a    gold=n/a  running‐acc=1.000
Locality eval: pred=n/a               gold=true  correct=False  running‐acc=0.030
[ 102/600] loss=0.0373  pred=true   gold=true  running‐acc=1.000
Locality eval: pred=true              gold=n/a  correct=False  running‐acc=0.029
[ 103/600] loss=0.0016  pred=n/a    gold=n/a  running‐acc=1.000
Locality eval: pred=n/a               gold=true  correct=False  running‐acc=0.029
[ 104/600] loss=0.0435  pred=true   gold=true  running‐acc=1.000
Locality eval: pred=true              gold=n/a  correct=False  running‐acc=0.029
[ 105/600] loss=0.0009  pred=true   gold=true  running‐acc=1.000
Locality eval: pred=true              gold=n/a  correct=False  running‐acc=0.029
[ 106/600] loss=0.0002  pred=true   gold=true  running‐acc=1.000
Locality eval: pred=false             gold=n/a  correct=False  running‐acc=0.028
[ 107/600] loss=0.0016  pred=true   gold=true  running‐acc=1.000
Locality eval: pred=n/a               gold=n/a  correct=True  running‐acc=0.037
[ 108/600] loss=0.0601  pred=true   gold=true  running‐acc=1.000
Locality eval: pred=true              gold=n/a  correct=False  running‐acc=0.037
[ 109/600] loss=0.0003  pred=true   gold=true  running‐acc=1.000
Locality eval: pred=true              gold=n/a  correct=False  running‐acc=0.037
[ 110/600] loss=0.0016  pred=true   gold=true  running‐acc=1.000
Locality eval: pred=true              gold=n/a  correct=False  running‐acc=0.036
[ 111/600] loss=0.0009  pred=true   gold=true  running‐acc=1.000
Locality eval: pred=true              gold=n/a  correct=False  running‐acc=0.036
[ 112/600] loss=0.0374  pred=true   gold=true  running‐acc=1.000
Locality eval: pred=true              gold=n/a  correct=False  running‐acc=0.036
[ 113/600] loss=0.0134  pred=n/a    gold=n/a  running‐acc=1.000
Locality eval: pred=n/a               gold=true  correct=False  running‐acc=0.035
[ 114/600] loss=0.0099  pred=n/a    gold=n/a  running‐acc=1.000
Locality eval: pred=n/a               gold=true  correct=False  running‐acc=0.035
[ 115/600] loss=0.0118  pred=n/a    gold=n/a  running‐acc=1.000
Locality eval: pred=n/a               gold=true  correct=False  running‐acc=0.035
[ 116/600] loss=0.0002  pred=true   gold=true  running‐acc=1.000
Locality eval: pred=true              gold=n/a  correct=False  running‐acc=0.034
[ 117/600] loss=0.0098  pred=n/a    gold=n/a  running‐acc=1.000
Locality eval: pred=n/a               gold=true  correct=False  running‐acc=0.034
[ 118/600] loss=0.0024  pred=n/a    gold=n/a  running‐acc=1.000
Locality eval: pred=n/a               gold=true  correct=False  running‐acc=0.034
[ 119/600] loss=0.0006  pred=n/a    gold=n/a  running‐acc=1.000
Locality eval: pred=n/a               gold=true  correct=False  running‐acc=0.034
[ 120/600] loss=0.0166  pred=n/a    gold=n/a  running‐acc=1.000
Locality eval: pred=n/a               gold=true  correct=False  running‐acc=0.033
[ 121/600] loss=0.0002  pred=true   gold=true  running‐acc=1.000
Locality eval: pred=true              gold=n/a  correct=False  running‐acc=0.033
[ 122/600] loss=0.0264  pred=true   gold=true  running‐acc=1.000
Locality eval: pred=true              gold=n/a  correct=False  running‐acc=0.033
[ 123/600] loss=0.0021  pred=n/a    gold=n/a  running‐acc=1.000
Locality eval: pred=n/a               gold=true  correct=False  running‐acc=0.033
[ 124/600] loss=0.0005  pred=n/a    gold=n/a  running‐acc=1.000
Locality eval: pred=n/a               gold=true  correct=False  running‐acc=0.032
[ 125/600] loss=0.0013  pred=n/a    gold=n/a  running‐acc=1.000
Locality eval: pred=n/a               gold=true  correct=False  running‐acc=0.032
[ 126/600] loss=0.0101  pred=true   gold=true  running‐acc=1.000
Locality eval: pred=true              gold=n/a  correct=False  running‐acc=0.032
[ 127/600] loss=0.0046  pred=true   gold=true  running‐acc=1.000
Locality eval: pred=true              gold=n/a  correct=False  running‐acc=0.031
[ 128/600] loss=0.0039  pred=n/a    gold=n/a  running‐acc=1.000
Locality eval: pred=n/a               gold=true  correct=False  running‐acc=0.031
[ 129/600] loss=0.0039  pred=true   gold=true  running‐acc=1.000
Locality eval: pred=false             gold=n/a  correct=False  running‐acc=0.031
[ 130/600] loss=0.0020  pred=n/a    gold=n/a  running‐acc=1.000
Locality eval: pred=n/a               gold=true  correct=False  running‐acc=0.031
[ 131/600] loss=0.0022  pred=true   gold=true  running‐acc=1.000
Locality eval: pred=true              gold=n/a  correct=False  running‐acc=0.031
[ 132/600] loss=0.0020  pred=n/a    gold=n/a  running‐acc=1.000
Locality eval: pred=n/a               gold=true  correct=False  running‐acc=0.030
[ 133/600] loss=0.0402  pred=n/a    gold=n/a  running‐acc=1.000
Locality eval: pred=n/a               gold=true  correct=False  running‐acc=0.030
[ 134/600] loss=0.0297  pred=true   gold=true  running‐acc=1.000
Locality eval: pred=true              gold=n/a  correct=False  running‐acc=0.030
[ 135/600] loss=0.0090  pred=true   gold=true  running‐acc=1.000
Locality eval: pred=true              gold=n/a  correct=False  running‐acc=0.030
[ 136/600] loss=0.0207  pred=n/a    gold=n/a  running‐acc=1.000
Locality eval: pred=n/a               gold=true  correct=False  running‐acc=0.029
[ 137/600] loss=0.0123  pred=true   gold=true  running‐acc=1.000
Locality eval: pred=true              gold=n/a  correct=False  running‐acc=0.029
[ 138/600] loss=0.0005  pred=true   gold=true  running‐acc=1.000
Locality eval: pred=true              gold=n/a  correct=False  running‐acc=0.029
[ 139/600] loss=0.0026  pred=n/a    gold=n/a  running‐acc=1.000
Locality eval: pred=true              gold=true  correct=True  running‐acc=0.036
[ 140/600] loss=0.0258  pred=n/a    gold=n/a  running‐acc=1.000
Locality eval: pred=n/a               gold=true  correct=False  running‐acc=0.036
[ 141/600] loss=0.0125  pred=n/a    gold=n/a  running‐acc=1.000
Locality eval: pred=true              gold=true  correct=True  running‐acc=0.043
[ 142/600] loss=0.0105  pred=n/a    gold=n/a  running‐acc=1.000
Locality eval: pred=n/a               gold=true  correct=False  running‐acc=0.042
[ 143/600] loss=0.0414  pred=true   gold=true  running‐acc=1.000
Locality eval: pred=true              gold=n/a  correct=False  running‐acc=0.042
[ 144/600] loss=0.0012  pred=true   gold=true  running‐acc=1.000
Locality eval: pred=true              gold=n/a  correct=False  running‐acc=0.042
[ 145/600] loss=0.0003  pred=true   gold=true  running‐acc=1.000
Locality eval: pred=true              gold=n/a  correct=False  running‐acc=0.041
[ 146/600] loss=0.0006  pred=true   gold=true  running‐acc=1.000
Locality eval: pred=true              gold=n/a  correct=False  running‐acc=0.041
[ 147/600] loss=0.0013  pred=n/a    gold=n/a  running‐acc=1.000
Locality eval: pred=n/a               gold=true  correct=False  running‐acc=0.041
[ 148/600] loss=0.0603  pred=true   gold=true  running‐acc=1.000
Locality eval: pred=true              gold=n/a  correct=False  running‐acc=0.041
[ 149/600] loss=0.0004  pred=n/a    gold=n/a  running‐acc=1.000
Locality eval: pred=n/a               gold=true  correct=False  running‐acc=0.040
[ 150/600] loss=0.0020  pred=n/a    gold=n/a  running‐acc=1.000
Locality eval: pred=n/a               gold=true  correct=False  running‐acc=0.040
[ 151/600] loss=0.0174  pred=true   gold=true  running‐acc=1.000
Locality eval: pred=true              gold=n/a  correct=False  running‐acc=0.040
[ 152/600] loss=0.0028  pred=true   gold=true  running‐acc=1.000
Locality eval: pred=true              gold=n/a  correct=False  running‐acc=0.039
[ 153/600] loss=0.0027  pred=n/a    gold=n/a  running‐acc=1.000
Locality eval: pred=n/a               gold=true  correct=False  running‐acc=0.039
[ 154/600] loss=0.0020  pred=n/a    gold=n/a  running‐acc=1.000
Locality eval: pred=n/a               gold=true  correct=False  running‐acc=0.039
[ 155/600] loss=0.0133  pred=true   gold=true  running‐acc=1.000
Locality eval: pred=true              gold=n/a  correct=False  running‐acc=0.039
[ 156/600] loss=0.0125  pred=n/a    gold=n/a  running‐acc=1.000
Locality eval: pred=n/a               gold=true  correct=False  running‐acc=0.038
[ 157/600] loss=0.0030  pred=true   gold=true  running‐acc=1.000
Locality eval: pred=true              gold=n/a  correct=False  running‐acc=0.038
[ 158/600] loss=0.0180  pred=n/a    gold=n/a  running‐acc=1.000
Locality eval: pred=n/a               gold=true  correct=False  running‐acc=0.038
[ 159/600] loss=0.0004  pred=n/a    gold=n/a  running‐acc=1.000
Locality eval: pred=n/a               gold=true  correct=False  running‐acc=0.038
[ 160/600] loss=0.0047  pred=n/a    gold=n/a  running‐acc=1.000
Locality eval: pred=n/a               gold=true  correct=False  running‐acc=0.037
[ 161/600] loss=0.0007  pred=true   gold=true  running‐acc=1.000
Locality eval: pred=true              gold=n/a  correct=False  running‐acc=0.037
[ 162/600] loss=0.0062  pred=n/a    gold=n/a  running‐acc=1.000
Locality eval: pred=n/a               gold=true  correct=False  running‐acc=0.037
[ 163/600] loss=0.0040  pred=n/a    gold=n/a  running‐acc=1.000
Locality eval: pred=n/a               gold=true  correct=False  running‐acc=0.037
[ 164/600] loss=0.0033  pred=n/a    gold=n/a  running‐acc=1.000
Locality eval: pred=n/a               gold=true  correct=False  running‐acc=0.037
[ 165/600] loss=0.0010  pred=true   gold=true  running‐acc=1.000
Locality eval: pred=true              gold=n/a  correct=False  running‐acc=0.036
[ 166/600] loss=0.0250  pred=true   gold=true  running‐acc=1.000
Locality eval: pred=true              gold=n/a  correct=False  running‐acc=0.036
[ 167/600] loss=0.0126  pred=n/a    gold=n/a  running‐acc=1.000
Locality eval: pred=n/a               gold=true  correct=False  running‐acc=0.036
[ 168/600] loss=0.0308  pred=true   gold=true  running‐acc=1.000
Locality eval: pred=true/false/n/a    gold=n/a  correct=True  running‐acc=0.042
[ 169/600] loss=0.0088  pred=n/a    gold=n/a  running‐acc=1.000
Locality eval: pred=n/a               gold=true  correct=False  running‐acc=0.041
[ 170/600] loss=0.0013  pred=n/a    gold=n/a  running‐acc=1.000
Locality eval: pred=n/a               gold=true  correct=False  running‐acc=0.041
[ 171/600] loss=0.0006  pred=n/a    gold=n/a  running‐acc=1.000
Locality eval: pred=n/a               gold=true  correct=False  running‐acc=0.041
[ 172/600] loss=0.0162  pred=true   gold=true  running‐acc=1.000
Locality eval: pred=true              gold=n/a  correct=False  running‐acc=0.041
[ 173/600] loss=0.0068  pred=n/a    gold=n/a  running‐acc=1.000
Locality eval: pred=n/a               gold=true  correct=False  running‐acc=0.040
[ 174/600] loss=0.0002  pred=true   gold=true  running‐acc=1.000
Locality eval: pred=true              gold=n/a  correct=False  running‐acc=0.040
[ 175/600] loss=0.0375  pred=true   gold=true  running‐acc=1.000
Locality eval: pred=true              gold=n/a  correct=False  running‐acc=0.040
[ 176/600] loss=0.0008  pred=n/a    gold=n/a  running‐acc=1.000
Locality eval: pred=n/a               gold=true  correct=False  running‐acc=0.040
[ 177/600] loss=0.0007  pred=true   gold=true  running‐acc=1.000
Locality eval: pred=false             gold=n/a  correct=False  running‐acc=0.040
[ 178/600] loss=0.0024  pred=n/a    gold=n/a  running‐acc=1.000
Locality eval: pred=n/a               gold=true  correct=False  running‐acc=0.039
[ 179/600] loss=0.0001  pred=n/a    gold=n/a  running‐acc=1.000
Locality eval: pred=n/a               gold=true  correct=False  running‐acc=0.039
[ 180/600] loss=0.0405  pred=true   gold=true  running‐acc=1.000
Locality eval: pred=true              gold=n/a  correct=False  running‐acc=0.039
[ 181/600] loss=0.0049  pred=n/a    gold=n/a  running‐acc=1.000
Locality eval: pred=true              gold=true  correct=True  running‐acc=0.044
[ 182/600] loss=0.0044  pred=n/a    gold=n/a  running‐acc=1.000
Locality eval: pred=true              gold=true  correct=True  running‐acc=0.049
[ 183/600] loss=0.0004  pred=true   gold=true  running‐acc=1.000
Locality eval: pred=true              gold=n/a  correct=False  running‐acc=0.049
[ 184/600] loss=0.0002  pred=true   gold=true  running‐acc=1.000
Locality eval: pred=false             gold=n/a  correct=False  running‐acc=0.049
[ 185/600] loss=0.0015  pred=true   gold=true  running‐acc=1.000
Locality eval: pred=true              gold=n/a  correct=False  running‐acc=0.049
[ 186/600] loss=0.0088  pred=true   gold=true  running‐acc=1.000
Locality eval: pred=true              gold=n/a  correct=False  running‐acc=0.048
[ 187/600] loss=0.0006  pred=n/a    gold=n/a  running‐acc=1.000
Locality eval: pred=n/a               gold=true  correct=False  running‐acc=0.048
[ 188/600] loss=0.0038  pred=n/a    gold=n/a  running‐acc=1.000
Locality eval: pred=n/a               gold=true  correct=False  running‐acc=0.048
[ 189/600] loss=0.0099  pred=true   gold=true  running‐acc=1.000
Locality eval: pred=false             gold=n/a  correct=False  running‐acc=0.048
[ 190/600] loss=0.0097  pred=n/a    gold=n/a  running‐acc=1.000
Locality eval: pred=n/a               gold=true  correct=False  running‐acc=0.047
[ 191/600] loss=0.0023  pred=n/a    gold=n/a  running‐acc=1.000
Locality eval: pred=n/a               gold=true  correct=False  running‐acc=0.047
[ 192/600] loss=0.0079  pred=n/a    gold=n/a  running‐acc=1.000
Locality eval: pred=n/a               gold=true  correct=False  running‐acc=0.047
[ 193/600] loss=0.0324  pred=true   gold=true  running‐acc=1.000
Locality eval: pred=true              gold=n/a  correct=False  running‐acc=0.047
[ 194/600] loss=0.0542  pred=true   gold=true  running‐acc=1.000
Locality eval: pred=true              gold=n/a  correct=False  running‐acc=0.046
[ 195/600] loss=0.0012  pred=true   gold=true  running‐acc=1.000
Locality eval: pred=true              gold=n/a  correct=False  running‐acc=0.046
[ 196/600] loss=0.0021  pred=true   gold=true  running‐acc=1.000
Locality eval: pred=true              gold=n/a  correct=False  running‐acc=0.046
[ 197/600] loss=0.0048  pred=true   gold=true  running‐acc=1.000
Locality eval: pred=true              gold=n/a  correct=False  running‐acc=0.046
[ 198/600] loss=0.0065  pred=n/a    gold=n/a  running‐acc=1.000
Locality eval: pred=n/a               gold=true  correct=False  running‐acc=0.045
[ 199/600] loss=0.0003  pred=true   gold=true  running‐acc=1.000
Locality eval: pred=true              gold=n/a  correct=False  running‐acc=0.045
[ 200/600] loss=0.0080  pred=true   gold=true  running‐acc=1.000
Locality eval: pred=true              gold=n/a  correct=False  running‐acc=0.045
[ 201/600] loss=0.0039  pred=n/a    gold=n/a  running‐acc=1.000
Locality eval: pred=n/a               gold=true  correct=False  running‐acc=0.045
[ 202/600] loss=0.0046  pred=n/a    gold=n/a  running‐acc=1.000
Locality eval: pred=n/a               gold=true  correct=False  running‐acc=0.045
[ 203/600] loss=0.0007  pred=true   gold=true  running‐acc=1.000
Locality eval: pred=true              gold=n/a  correct=False  running‐acc=0.044
[ 204/600] loss=0.0029  pred=n/a    gold=n/a  running‐acc=1.000
Locality eval: pred=n/a               gold=true  correct=False  running‐acc=0.044
[ 205/600] loss=0.0032  pred=true   gold=true  running‐acc=1.000
Locality eval: pred=true              gold=n/a  correct=False  running‐acc=0.044
[ 206/600] loss=0.0025  pred=n/a    gold=n/a  running‐acc=1.000
Locality eval: pred=n/a               gold=true  correct=False  running‐acc=0.044
[ 207/600] loss=0.0136  pred=n/a    gold=n/a  running‐acc=1.000
Locality eval: pred=n/a               gold=true  correct=False  running‐acc=0.043
[ 208/600] loss=0.0329  pred=true   gold=true  running‐acc=1.000
Locality eval: pred=true              gold=n/a  correct=False  running‐acc=0.043
[ 209/600] loss=0.0122  pred=n/a    gold=n/a  running‐acc=1.000
Locality eval: pred=n/a               gold=true  correct=False  running‐acc=0.043
[ 210/600] loss=0.0031  pred=n/a    gold=n/a  running‐acc=1.000
Locality eval: pred=n/a               gold=true  correct=False  running‐acc=0.043
[ 211/600] loss=0.0523  pred=true   gold=true  running‐acc=1.000
Locality eval: pred=true              gold=n/a  correct=False  running‐acc=0.043
[ 212/600] loss=0.0025  pred=n/a    gold=n/a  running‐acc=1.000
Locality eval: pred=n/a               gold=true  correct=False  running‐acc=0.042
[ 213/600] loss=0.0008  pred=true   gold=true  running‐acc=1.000
Locality eval: pred=true              gold=n/a  correct=False  running‐acc=0.042
[ 214/600] loss=0.0005  pred=n/a    gold=n/a  running‐acc=1.000
Locality eval: pred=n/a               gold=true  correct=False  running‐acc=0.042
[ 215/600] loss=0.0052  pred=true   gold=true  running‐acc=1.000
Locality eval: pred=true              gold=n/a  correct=False  running‐acc=0.042
[ 216/600] loss=0.0083  pred=n/a    gold=n/a  running‐acc=1.000
Locality eval: pred=n/a               gold=true  correct=False  running‐acc=0.042
[ 217/600] loss=0.0005  pred=true   gold=true  running‐acc=1.000
Locality eval: pred=true              gold=n/a  correct=False  running‐acc=0.041
[ 218/600] loss=0.0402  pred=n/a    gold=n/a  running‐acc=1.000
Locality eval: pred=n/a               gold=true  correct=False  running‐acc=0.041
[ 219/600] loss=0.0355  pred=true   gold=true  running‐acc=1.000
Locality eval: pred=true              gold=n/a  correct=False  running‐acc=0.041
[ 220/600] loss=0.0016  pred=n/a    gold=n/a  running‐acc=1.000
Locality eval: pred=n/a               gold=true  correct=False  running‐acc=0.041
[ 221/600] loss=0.0022  pred=n/a    gold=n/a  running‐acc=1.000
Locality eval: pred=n/a               gold=true  correct=False  running‐acc=0.041
[ 222/600] loss=0.0634  pred=n/a    gold=n/a  running‐acc=1.000
Locality eval: pred=n/a               gold=true  correct=False  running‐acc=0.041
[ 223/600] loss=0.0080  pred=n/a    gold=n/a  running‐acc=1.000
Locality eval: pred=n/a               gold=true  correct=False  running‐acc=0.040
[ 224/600] loss=0.0639  pred=n/a    gold=n/a  running‐acc=1.000
Locality eval: pred=n/a               gold=true  correct=False  running‐acc=0.040
[ 225/600] loss=0.0042  pred=n/a    gold=n/a  running‐acc=1.000
Locality eval: pred=n/a               gold=true  correct=False  running‐acc=0.040
[ 226/600] loss=0.0117  pred=true   gold=true  running‐acc=1.000
Locality eval: pred=true              gold=n/a  correct=False  running‐acc=0.040
[ 227/600] loss=0.0125  pred=n/a    gold=n/a  running‐acc=1.000
Locality eval: pred=n/a               gold=true  correct=False  running‐acc=0.040
[ 228/600] loss=0.0065  pred=n/a    gold=n/a  running‐acc=1.000
Locality eval: pred=n/a               gold=true  correct=False  running‐acc=0.039
[ 229/600] loss=0.0070  pred=n/a    gold=n/a  running‐acc=1.000
Locality eval: pred=n/a               gold=true  correct=False  running‐acc=0.039
[ 230/600] loss=0.0198  pred=n/a    gold=n/a  running‐acc=1.000
Locality eval: pred=n/a               gold=true  correct=False  running‐acc=0.039
[ 231/600] loss=0.0011  pred=n/a    gold=n/a  running‐acc=1.000
Locality eval: pred=n/a               gold=true  correct=False  running‐acc=0.039
[ 232/600] loss=0.0029  pred=n/a    gold=n/a  running‐acc=1.000
Locality eval: pred=n/a               gold=true  correct=False  running‐acc=0.039
[ 233/600] loss=0.0209  pred=true   gold=true  running‐acc=1.000
Locality eval: pred=true              gold=n/a  correct=False  running‐acc=0.039
[ 234/600] loss=0.0004  pred=true   gold=true  running‐acc=1.000
Locality eval: pred=true              gold=n/a  correct=False  running‐acc=0.038
[ 235/600] loss=0.0040  pred=n/a    gold=n/a  running‐acc=1.000
Locality eval: pred=n/a               gold=true  correct=False  running‐acc=0.038
[ 236/600] loss=0.0025  pred=n/a    gold=n/a  running‐acc=1.000
Locality eval: pred=n/a               gold=true  correct=False  running‐acc=0.038
[ 237/600] loss=0.0036  pred=true   gold=true  running‐acc=1.000
Locality eval: pred=true              gold=n/a  correct=False  running‐acc=0.038
[ 238/600] loss=0.0298  pred=n/a    gold=n/a  running‐acc=1.000
Locality eval: pred=n/a               gold=true  correct=False  running‐acc=0.038
[ 239/600] loss=0.0025  pred=n/a    gold=n/a  running‐acc=1.000
Locality eval: pred=n/a               gold=true  correct=False  running‐acc=0.038
[ 240/600] loss=0.0013  pred=true   gold=true  running‐acc=1.000
Locality eval: pred=true              gold=n/a  correct=False  running‐acc=0.037
[ 241/600] loss=0.0404  pred=n/a    gold=n/a  running‐acc=1.000
Locality eval: pred=n/a               gold=true  correct=False  running‐acc=0.037
[ 242/600] loss=0.0140  pred=n/a    gold=n/a  running‐acc=1.000
Locality eval: pred=n/a               gold=true  correct=False  running‐acc=0.037
[ 243/600] loss=0.0041  pred=n/a    gold=n/a  running‐acc=1.000
Locality eval: pred=n/a               gold=true  correct=False  running‐acc=0.037
[ 244/600] loss=0.0271  pred=true   gold=true  running‐acc=1.000
Locality eval: pred=true              gold=n/a  correct=False  running‐acc=0.037
[ 245/600] loss=0.0073  pred=true   gold=true  running‐acc=1.000
Locality eval: pred=true              gold=n/a  correct=False  running‐acc=0.037
[ 246/600] loss=0.0016  pred=true   gold=true  running‐acc=1.000
Locality eval: pred=true              gold=n/a  correct=False  running‐acc=0.037
[ 247/600] loss=0.0294  pred=true   gold=true  running‐acc=1.000
Locality eval: pred=true              gold=n/a  correct=False  running‐acc=0.036
[ 248/600] loss=0.0005  pred=true   gold=true  running‐acc=1.000
Locality eval: pred=n/a               gold=n/a  correct=True  running‐acc=0.040
[ 249/600] loss=0.0004  pred=n/a    gold=n/a  running‐acc=1.000
Locality eval: pred=n/a               gold=true  correct=False  running‐acc=0.040
[ 250/600] loss=0.0051  pred=true   gold=true  running‐acc=1.000
Locality eval: pred=true              gold=n/a  correct=False  running‐acc=0.040
[ 251/600] loss=0.0004  pred=n/a    gold=n/a  running‐acc=1.000
Locality eval: pred=n/a               gold=true  correct=False  running‐acc=0.040
[ 252/600] loss=0.0408  pred=n/a    gold=n/a  running‐acc=1.000
Locality eval: pred=n/a               gold=true  correct=False  running‐acc=0.040
[ 253/600] loss=0.0038  pred=true   gold=true  running‐acc=1.000
Locality eval: pred=true              gold=n/a  correct=False  running‐acc=0.040
[ 254/600] loss=0.0277  pred=true   gold=true  running‐acc=1.000
Locality eval: pred=true              gold=n/a  correct=False  running‐acc=0.039
[ 255/600] loss=0.0356  pred=n/a    gold=n/a  running‐acc=1.000
Locality eval: pred=n/a               gold=true  correct=False  running‐acc=0.039
[ 256/600] loss=0.0012  pred=n/a    gold=n/a  running‐acc=1.000
Locality eval: pred=n/a               gold=true  correct=False  running‐acc=0.039
[ 257/600] loss=0.0026  pred=n/a    gold=n/a  running‐acc=1.000
Locality eval: pred=n/a               gold=true  correct=False  running‐acc=0.039
[ 258/600] loss=0.0012  pred=n/a    gold=n/a  running‐acc=1.000
Locality eval: pred=n/a               gold=true  correct=False  running‐acc=0.039
[ 259/600] loss=0.0238  pred=true   gold=true  running‐acc=1.000
Locality eval: pred=true              gold=n/a  correct=False  running‐acc=0.039
[ 260/600] loss=0.0010  pred=true   gold=true  running‐acc=1.000
Locality eval: pred=true              gold=n/a  correct=False  running‐acc=0.038
[ 261/600] loss=0.0060  pred=true   gold=true  running‐acc=1.000
Locality eval: pred=false             gold=n/a  correct=False  running‐acc=0.038
[ 262/600] loss=0.0017  pred=true   gold=true  running‐acc=1.000
Locality eval: pred=true              gold=n/a  correct=False  running‐acc=0.038
[ 263/600] loss=0.0162  pred=n/a    gold=n/a  running‐acc=1.000
Locality eval: pred=n/a               gold=true  correct=False  running‐acc=0.038
[ 264/600] loss=0.0005  pred=n/a    gold=n/a  running‐acc=1.000
Locality eval: pred=n/a               gold=true  correct=False  running‐acc=0.038
[ 265/600] loss=0.0004  pred=true   gold=true  running‐acc=1.000
Locality eval: pred=true              gold=n/a  correct=False  running‐acc=0.038
[ 266/600] loss=0.0009  pred=n/a    gold=n/a  running‐acc=1.000
Locality eval: pred=n/a               gold=true  correct=False  running‐acc=0.038
[ 267/600] loss=0.0023  pred=n/a    gold=n/a  running‐acc=1.000
Locality eval: pred=n/a               gold=true  correct=False  running‐acc=0.037
[ 268/600] loss=0.0161  pred=true   gold=true  running‐acc=1.000
Locality eval: pred=true              gold=n/a  correct=False  running‐acc=0.037
[ 269/600] loss=0.0005  pred=n/a    gold=n/a  running‐acc=1.000
Locality eval: pred=n/a               gold=true  correct=False  running‐acc=0.037
[ 270/600] loss=0.0558  pred=true   gold=true  running‐acc=1.000
Locality eval: pred=true              gold=n/a  correct=False  running‐acc=0.037
[ 271/600] loss=0.0004  pred=n/a    gold=n/a  running‐acc=1.000
Locality eval: pred=n/a               gold=true  correct=False  running‐acc=0.037
[ 272/600] loss=0.0484  pred=true   gold=true  running‐acc=1.000
Locality eval: pred=true              gold=n/a  correct=False  running‐acc=0.037
[ 273/600] loss=0.0007  pred=n/a    gold=n/a  running‐acc=1.000
Locality eval: pred=n/a               gold=true  correct=False  running‐acc=0.037
[ 274/600] loss=0.0125  pred=n/a    gold=n/a  running‐acc=1.000
Locality eval: pred=n/a               gold=true  correct=False  running‐acc=0.036
[ 275/600] loss=0.0151  pred=true   gold=true  running‐acc=1.000
Locality eval: pred=true,             gold=n/a  correct=False  running‐acc=0.036
[ 276/600] loss=0.0213  pred=n/a    gold=n/a  running‐acc=1.000
Locality eval: pred=n/a               gold=true  correct=False  running‐acc=0.036
[ 277/600] loss=0.0075  pred=true   gold=true  running‐acc=1.000
Locality eval: pred=true              gold=n/a  correct=False  running‐acc=0.036
[ 278/600] loss=0.0109  pred=n/a    gold=n/a  running‐acc=1.000
Locality eval: pred=n/a               gold=true  correct=False  running‐acc=0.036
[ 279/600] loss=0.0039  pred=true   gold=true  running‐acc=1.000
Locality eval: pred=true              gold=n/a  correct=False  running‐acc=0.036
[ 280/600] loss=0.0101  pred=n/a    gold=n/a  running‐acc=1.000
Locality eval: pred=n/a               gold=true  correct=False  running‐acc=0.036
[ 281/600] loss=0.0024  pred=true   gold=true  running‐acc=1.000
Locality eval: pred=true              gold=n/a  correct=False  running‐acc=0.036
[ 282/600] loss=0.0063  pred=true   gold=true  running‐acc=1.000
Locality eval: pred=true              gold=n/a  correct=False  running‐acc=0.035
[ 283/600] loss=0.0032  pred=n/a    gold=n/a  running‐acc=1.000
Locality eval: pred=n/a               gold=true  correct=False  running‐acc=0.035
[ 284/600] loss=0.0046  pred=n/a    gold=n/a  running‐acc=1.000
Locality eval: pred=true              gold=true  correct=True  running‐acc=0.039
[ 285/600] loss=0.0021  pred=true   gold=true  running‐acc=1.000
Locality eval: pred=false             gold=n/a  correct=False  running‐acc=0.039
[ 286/600] loss=0.0125  pred=n/a    gold=n/a  running‐acc=1.000
Locality eval: pred=n/a               gold=true  correct=False  running‐acc=0.038
[ 287/600] loss=0.0011  pred=n/a    gold=n/a  running‐acc=1.000
Locality eval: pred=n/a               gold=true  correct=False  running‐acc=0.038
[ 288/600] loss=0.0727  pred=true   gold=true  running‐acc=1.000
Locality eval: pred=true              gold=n/a  correct=False  running‐acc=0.038
[ 289/600] loss=0.0196  pred=true   gold=true  running‐acc=1.000
Locality eval: pred=true              gold=n/a  correct=False  running‐acc=0.038
[ 290/600] loss=0.0126  pred=n/a    gold=n/a  running‐acc=1.000
Locality eval: pred=n/a               gold=true  correct=False  running‐acc=0.038
[ 291/600] loss=0.0095  pred=true   gold=true  running‐acc=1.000
Locality eval: pred=true              gold=n/a  correct=False  running‐acc=0.038
[ 292/600] loss=0.0021  pred=true   gold=true  running‐acc=1.000
Locality eval: pred=true              gold=n/a  correct=False  running‐acc=0.038
[ 293/600] loss=0.0013  pred=true   gold=true  running‐acc=1.000
Locality eval: pred=false             gold=n/a  correct=False  running‐acc=0.038
[ 294/600] loss=0.0390  pred=true   gold=true  running‐acc=1.000
Locality eval: pred=true              gold=n/a  correct=False  running‐acc=0.037
[ 295/600] loss=0.0077  pred=n/a    gold=n/a  running‐acc=1.000
Locality eval: pred=n/a               gold=true  correct=False  running‐acc=0.037
[ 296/600] loss=0.0351  pred=n/a    gold=n/a  running‐acc=1.000
Locality eval: pred=n/a               gold=true  correct=False  running‐acc=0.037
[ 297/600] loss=0.0047  pred=true   gold=true  running‐acc=1.000
Locality eval: pred=true              gold=n/a  correct=False  running‐acc=0.037
[ 298/600] loss=0.0275  pred=true   gold=true  running‐acc=1.000
Locality eval: pred=true              gold=n/a  correct=False  running‐acc=0.037
[ 299/600] loss=0.0343  pred=n/a    gold=n/a  running‐acc=1.000
Locality eval: pred=n/a               gold=true  correct=False  running‐acc=0.037
[ 300/600] loss=0.0011  pred=n/a    gold=n/a  running‐acc=1.000
Locality eval: pred=n/a               gold=true  correct=False  running‐acc=0.037
[ 301/600] loss=0.0006  pred=true   gold=true  running‐acc=1.000
Locality eval: pred=true              gold=n/a  correct=False  running‐acc=0.037
[ 302/600] loss=0.0209  pred=true   gold=true  running‐acc=1.000
Locality eval: pred=true              gold=n/a  correct=False  running‐acc=0.036
[ 303/600] loss=0.0531  pred=true   gold=true  running‐acc=1.000
Locality eval: pred=true              gold=n/a  correct=False  running‐acc=0.036
[ 304/600] loss=0.1272  pred=true   gold=true  running‐acc=1.000
Locality eval: pred=true              gold=n/a  correct=False  running‐acc=0.036
[ 305/600] loss=0.0023  pred=true   gold=true  running‐acc=1.000
Locality eval: pred=true              gold=n/a  correct=False  running‐acc=0.036
[ 306/600] loss=0.0434  pred=true   gold=true  running‐acc=1.000
Locality eval: pred=true              gold=n/a  correct=False  running‐acc=0.036
[ 307/600] loss=0.0038  pred=true   gold=true  running‐acc=1.000
Locality eval: pred=true              gold=n/a  correct=False  running‐acc=0.036
[ 308/600] loss=0.0151  pred=true   gold=true  running‐acc=1.000
Locality eval: pred=true              gold=n/a  correct=False  running‐acc=0.036
[ 309/600] loss=0.0083  pred=true   gold=true  running‐acc=1.000
Locality eval: pred=true              gold=n/a  correct=False  running‐acc=0.036
[ 310/600] loss=0.0048  pred=n/a    gold=n/a  running‐acc=1.000
Locality eval: pred=n/a               gold=true  correct=False  running‐acc=0.035
[ 311/600] loss=0.0002  pred=true   gold=true  running‐acc=1.000
Locality eval: pred=true              gold=n/a  correct=False  running‐acc=0.035
[ 312/600] loss=0.0914  pred=true   gold=true  running‐acc=1.000
Locality eval: pred=true              gold=n/a  correct=False  running‐acc=0.035
[ 313/600] loss=0.0090  pred=n/a    gold=n/a  running‐acc=1.000
Locality eval: pred=n/a               gold=true  correct=False  running‐acc=0.035
[ 314/600] loss=0.0007  pred=n/a    gold=n/a  running‐acc=1.000
Locality eval: pred=n/a               gold=true  correct=False  running‐acc=0.035
[ 315/600] loss=0.0012  pred=n/a    gold=n/a  running‐acc=1.000
Locality eval: pred=n/a               gold=true  correct=False  running‐acc=0.035
[ 316/600] loss=0.0048  pred=true   gold=true  running‐acc=1.000
Locality eval: pred=n/a               gold=n/a  correct=True  running‐acc=0.038
[ 317/600] loss=0.0027  pred=true   gold=true  running‐acc=1.000
Locality eval: pred=true              gold=n/a  correct=False  running‐acc=0.038
[ 318/600] loss=0.0023  pred=true   gold=true  running‐acc=1.000
Locality eval: pred=true              gold=n/a  correct=False  running‐acc=0.038
[ 319/600] loss=0.0013  pred=n/a    gold=n/a  running‐acc=1.000
Locality eval: pred=n/a               gold=true  correct=False  running‐acc=0.038
[ 320/600] loss=0.0007  pred=n/a    gold=n/a  running‐acc=1.000
Locality eval: pred=n/a               gold=true  correct=False  running‐acc=0.037
[ 321/600] loss=0.0472  pred=true   gold=true  running‐acc=1.000
Locality eval: pred=true              gold=n/a  correct=False  running‐acc=0.037
[ 322/600] loss=0.0324  pred=true   gold=true  running‐acc=1.000
Locality eval: pred=true              gold=n/a  correct=False  running‐acc=0.037
[ 323/600] loss=0.0265  pred=n/a    gold=n/a  running‐acc=1.000
Locality eval: pred=n/a               gold=true  correct=False  running‐acc=0.037
[ 324/600] loss=0.0009  pred=n/a    gold=n/a  running‐acc=1.000
Locality eval: pred=n/a               gold=true  correct=False  running‐acc=0.037
[ 325/600] loss=0.0003  pred=true   gold=true  running‐acc=1.000
Locality eval: pred=true              gold=n/a  correct=False  running‐acc=0.037
[ 326/600] loss=0.0102  pred=n/a    gold=n/a  running‐acc=1.000
Locality eval: pred=n/a               gold=true  correct=False  running‐acc=0.037
[ 327/600] loss=0.0086  pred=true   gold=true  running‐acc=1.000
Locality eval: pred=true              gold=n/a  correct=False  running‐acc=0.037
[ 328/600] loss=0.0077  pred=n/a    gold=n/a  running‐acc=1.000
Locality eval: pred=n/a               gold=true  correct=False  running‐acc=0.037
[ 329/600] loss=0.0257  pred=true   gold=true  running‐acc=1.000
Locality eval: pred=true              gold=n/a  correct=False  running‐acc=0.036
[ 330/600] loss=0.0028  pred=n/a    gold=n/a  running‐acc=1.000
Locality eval: pred=n/a               gold=true  correct=False  running‐acc=0.036
[ 331/600] loss=0.0207  pred=true   gold=true  running‐acc=1.000
Locality eval: pred=true              gold=n/a  correct=False  running‐acc=0.036
[ 332/600] loss=0.0203  pred=n/a    gold=n/a  running‐acc=1.000
Locality eval: pred=n/a               gold=true  correct=False  running‐acc=0.036
[ 333/600] loss=0.0390  pred=true   gold=true  running‐acc=1.000
Locality eval: pred=true              gold=n/a  correct=False  running‐acc=0.036
[ 334/600] loss=0.0015  pred=n/a    gold=n/a  running‐acc=1.000
Locality eval: pred=n/a               gold=true  correct=False  running‐acc=0.036
[ 335/600] loss=0.0253  pred=true   gold=true  running‐acc=1.000
Locality eval: pred=true              gold=n/a  correct=False  running‐acc=0.036
[ 336/600] loss=0.0428  pred=n/a    gold=n/a  running‐acc=1.000
Locality eval: pred=n/a               gold=true  correct=False  running‐acc=0.036
[ 337/600] loss=0.0327  pred=n/a    gold=n/a  running‐acc=1.000
Locality eval: pred=n/a               gold=true  correct=False  running‐acc=0.036
[ 338/600] loss=0.0025  pred=n/a    gold=n/a  running‐acc=1.000
Locality eval: pred=n/a               gold=true  correct=False  running‐acc=0.036
[ 339/600] loss=0.0004  pred=n/a    gold=n/a  running‐acc=1.000
Locality eval: pred=n/a               gold=true  correct=False  running‐acc=0.035
[ 340/600] loss=0.0008  pred=n/a    gold=n/a  running‐acc=1.000
Locality eval: pred=n/a               gold=true  correct=False  running‐acc=0.035
[ 341/600] loss=0.0002  pred=true   gold=true  running‐acc=1.000
Locality eval: pred=true              gold=n/a  correct=False  running‐acc=0.035
[ 342/600] loss=0.0003  pred=true   gold=true  running‐acc=1.000
Locality eval: pred=false             gold=n/a  correct=False  running‐acc=0.035
[ 343/600] loss=0.0074  pred=n/a    gold=n/a  running‐acc=1.000
Locality eval: pred=n/a               gold=true  correct=False  running‐acc=0.035
[ 344/600] loss=0.0711  pred=true   gold=true  running‐acc=1.000
Locality eval: pred=true              gold=n/a  correct=False  running‐acc=0.035
[ 345/600] loss=0.0049  pred=n/a    gold=n/a  running‐acc=1.000
Locality eval: pred=n/a               gold=true  correct=False  running‐acc=0.035
[ 346/600] loss=0.0019  pred=true   gold=true  running‐acc=1.000
Locality eval: pred=true              gold=n/a  correct=False  running‐acc=0.035
[ 347/600] loss=0.0020  pred=n/a    gold=n/a  running‐acc=1.000
Locality eval: pred=n/a               gold=true  correct=False  running‐acc=0.035
[ 348/600] loss=0.0209  pred=n/a    gold=n/a  running‐acc=1.000
Locality eval: pred=n/a               gold=true  correct=False  running‐acc=0.034
[ 349/600] loss=0.0183  pred=n/a    gold=n/a  running‐acc=1.000
Locality eval: pred=n/a               gold=true  correct=False  running‐acc=0.034
[ 350/600] loss=0.0213  pred=n/a    gold=n/a  running‐acc=1.000
Locality eval: pred=n/a               gold=true  correct=False  running‐acc=0.034
[ 351/600] loss=0.0029  pred=n/a    gold=n/a  running‐acc=1.000
Locality eval: pred=n/a               gold=true  correct=False  running‐acc=0.034
[ 352/600] loss=0.0064  pred=n/a    gold=n/a  running‐acc=1.000
Locality eval: pred=n/a               gold=true  correct=False  running‐acc=0.034
[ 353/600] loss=0.0032  pred=n/a    gold=n/a  running‐acc=1.000
Locality eval: pred=n/a               gold=true  correct=False  running‐acc=0.034
[ 354/600] loss=0.0003  pred=true   gold=true  running‐acc=1.000
Locality eval: pred=true              gold=n/a  correct=False  running‐acc=0.034
[ 355/600] loss=0.0587  pred=true   gold=true  running‐acc=1.000
Locality eval: pred=true              gold=n/a  correct=False  running‐acc=0.034
[ 356/600] loss=0.0389  pred=true   gold=true  running‐acc=1.000
Locality eval: pred=true              gold=n/a  correct=False  running‐acc=0.034
[ 357/600] loss=0.0110  pred=true   gold=true  running‐acc=1.000
Locality eval: pred=true              gold=n/a  correct=False  running‐acc=0.034
[ 358/600] loss=0.0028  pred=true   gold=true  running‐acc=1.000
Locality eval: pred=true              gold=n/a  correct=False  running‐acc=0.034
[ 359/600] loss=0.0059  pred=true   gold=true  running‐acc=1.000
Locality eval: pred=n/a               gold=n/a  correct=True  running‐acc=0.036
[ 360/600] loss=0.0006  pred=n/a    gold=n/a  running‐acc=1.000
Locality eval: pred=n/a               gold=true  correct=False  running‐acc=0.036
[ 361/600] loss=0.0054  pred=true   gold=true  running‐acc=1.000
Locality eval: pred=true              gold=n/a  correct=False  running‐acc=0.036
[ 362/600] loss=0.0587  pred=true   gold=true  running‐acc=1.000
Locality eval: pred=true              gold=n/a  correct=False  running‐acc=0.036
[ 363/600] loss=0.0002  pred=n/a    gold=n/a  running‐acc=1.000
Locality eval: pred=n/a               gold=true  correct=False  running‐acc=0.036
[ 364/600] loss=0.0012  pred=true   gold=true  running‐acc=1.000
Locality eval: pred=true              gold=n/a  correct=False  running‐acc=0.036
[ 365/600] loss=0.0877  pred=true   gold=true  running‐acc=1.000
Locality eval: pred=true              gold=n/a  correct=False  running‐acc=0.036
[ 366/600] loss=0.0020  pred=n/a    gold=n/a  running‐acc=1.000
Locality eval: pred=n/a               gold=true  correct=False  running‐acc=0.036
[ 367/600] loss=0.0004  pred=n/a    gold=n/a  running‐acc=1.000
Locality eval: pred=n/a               gold=true  correct=False  running‐acc=0.035
[ 368/600] loss=0.0260  pred=true   gold=true  running‐acc=1.000
Locality eval: pred=true              gold=n/a  correct=False  running‐acc=0.035
[ 369/600] loss=0.0017  pred=n/a    gold=n/a  running‐acc=1.000
Locality eval: pred=n/a               gold=true  correct=False  running‐acc=0.035
[ 370/600] loss=0.0222  pred=n/a    gold=n/a  running‐acc=1.000
Locality eval: pred=n/a               gold=true  correct=False  running‐acc=0.035
[ 371/600] loss=0.0257  pred=true   gold=true  running‐acc=1.000
Locality eval: pred=true              gold=n/a  correct=False  running‐acc=0.035
[ 372/600] loss=0.0010  pred=true   gold=true  running‐acc=1.000
Locality eval: pred=false             gold=n/a  correct=False  running‐acc=0.035
[ 373/600] loss=0.0012  pred=true   gold=true  running‐acc=1.000
Locality eval: pred=true              gold=n/a  correct=False  running‐acc=0.035
[ 374/600] loss=0.0011  pred=n/a    gold=n/a  running‐acc=1.000
Locality eval: pred=n/a               gold=true  correct=False  running‐acc=0.035
[ 375/600] loss=0.0020  pred=true   gold=true  running‐acc=1.000
Locality eval: pred=true              gold=n/a  correct=False  running‐acc=0.035
[ 376/600] loss=0.0126  pred=true   gold=true  running‐acc=1.000
Locality eval: pred=true              gold=n/a  correct=False  running‐acc=0.035
[ 377/600] loss=0.0021  pred=true   gold=true  running‐acc=1.000
Locality eval: pred=true              gold=n/a  correct=False  running‐acc=0.034
[ 378/600] loss=0.0187  pred=true   gold=true  running‐acc=1.000
Locality eval: pred=true              gold=n/a  correct=False  running‐acc=0.034
[ 379/600] loss=0.0343  pred=true   gold=true  running‐acc=1.000
Locality eval: pred=true              gold=n/a  correct=False  running‐acc=0.034
[ 380/600] loss=0.0008  pred=true   gold=true  running‐acc=1.000
Locality eval: pred=false             gold=n/a  correct=False  running‐acc=0.034
[ 381/600] loss=0.0041  pred=n/a    gold=n/a  running‐acc=1.000
Locality eval: pred=n/a               gold=true  correct=False  running‐acc=0.034
[ 382/600] loss=0.0071  pred=n/a    gold=n/a  running‐acc=1.000
Locality eval: pred=n/a               gold=true  correct=False  running‐acc=0.034
[ 383/600] loss=0.0107  pred=n/a    gold=n/a  running‐acc=1.000
Locality eval: pred=n/a               gold=true  correct=False  running‐acc=0.034
[ 384/600] loss=0.0063  pred=n/a    gold=n/a  running‐acc=1.000
Locality eval: pred=n/a               gold=true  correct=False  running‐acc=0.034
[ 385/600] loss=0.0282  pred=true   gold=true  running‐acc=1.000
Locality eval: pred=true              gold=n/a  correct=False  running‐acc=0.034
[ 386/600] loss=0.0031  pred=true   gold=true  running‐acc=1.000
Locality eval: pred=true              gold=n/a  correct=False  running‐acc=0.034
[ 387/600] loss=0.0020  pred=n/a    gold=n/a  running‐acc=1.000
Locality eval: pred=n/a               gold=true  correct=False  running‐acc=0.034
[ 388/600] loss=0.0057  pred=true   gold=true  running‐acc=1.000
Locality eval: pred=true              gold=n/a  correct=False  running‐acc=0.034
[ 389/600] loss=0.0002  pred=n/a    gold=n/a  running‐acc=1.000
Locality eval: pred=n/a               gold=true  correct=False  running‐acc=0.033
[ 390/600] loss=0.0021  pred=true   gold=true  running‐acc=1.000
Locality eval: pred=true              gold=n/a  correct=False  running‐acc=0.033
[ 391/600] loss=0.0021  pred=true   gold=true  running‐acc=1.000
Locality eval: pred=false             gold=n/a  correct=False  running‐acc=0.033
[ 392/600] loss=0.0004  pred=n/a    gold=n/a  running‐acc=1.000
Locality eval: pred=n/a               gold=true  correct=False  running‐acc=0.033
[ 393/600] loss=0.0064  pred=n/a    gold=n/a  running‐acc=1.000
Locality eval: pred=n/a               gold=true  correct=False  running‐acc=0.033
[ 394/600] loss=0.0134  pred=n/a    gold=n/a  running‐acc=1.000
Locality eval: pred=n/a               gold=true  correct=False  running‐acc=0.033
[ 395/600] loss=0.0011  pred=true   gold=true  running‐acc=1.000
Locality eval: pred=true              gold=n/a  correct=False  running‐acc=0.033
[ 396/600] loss=0.0005  pred=true   gold=true  running‐acc=1.000
Locality eval: pred=n/a               gold=n/a  correct=True  running‐acc=0.035
[ 397/600] loss=0.0010  pred=n/a    gold=n/a  running‐acc=1.000
Locality eval: pred=n/a               gold=true  correct=False  running‐acc=0.035
[ 398/600] loss=0.0336  pred=true   gold=true  running‐acc=1.000
Locality eval: pred=true              gold=n/a  correct=False  running‐acc=0.035
[ 399/600] loss=0.0158  pred=n/a    gold=n/a  running‐acc=1.000
Locality eval: pred=n/a               gold=true  correct=False  running‐acc=0.035
[ 400/600] loss=0.0252  pred=true   gold=true  running‐acc=1.000
Locality eval: pred=true              gold=n/a  correct=False  running‐acc=0.035
[ 401/600] loss=0.0006  pred=true   gold=true  running‐acc=1.000
Locality eval: pred=true              gold=n/a  correct=False  running‐acc=0.035
[ 402/600] loss=0.0050  pred=n/a    gold=n/a  running‐acc=1.000
Locality eval: pred=n/a               gold=true  correct=False  running‐acc=0.035
[ 403/600] loss=0.0211  pred=true   gold=true  running‐acc=1.000
Locality eval: pred=true              gold=n/a  correct=False  running‐acc=0.035
[ 404/600] loss=0.0153  pred=true   gold=true  running‐acc=1.000
Locality eval: pred=true              gold=n/a  correct=False  running‐acc=0.035
[ 405/600] loss=0.0292  pred=n/a    gold=n/a  running‐acc=1.000
Locality eval: pred=n/a               gold=true  correct=False  running‐acc=0.035
[ 406/600] loss=0.0036  pred=n/a    gold=n/a  running‐acc=1.000
Locality eval: pred=n/a               gold=true  correct=False  running‐acc=0.034
[ 407/600] loss=0.0497  pred=true   gold=true  running‐acc=1.000
Locality eval: pred=true              gold=n/a  correct=False  running‐acc=0.034
[ 408/600] loss=0.0013  pred=n/a    gold=n/a  running‐acc=1.000
Locality eval: pred=n/a               gold=true  correct=False  running‐acc=0.034
[ 409/600] loss=0.0004  pred=true   gold=true  running‐acc=1.000
Locality eval: pred=true              gold=n/a  correct=False  running‐acc=0.034
[ 410/600] loss=0.0159  pred=n/a    gold=n/a  running‐acc=1.000
Locality eval: pred=n/a               gold=true  correct=False  running‐acc=0.034
[ 411/600] loss=0.0002  pred=true   gold=true  running‐acc=1.000
Locality eval: pred=true              gold=n/a  correct=False  running‐acc=0.034
[ 412/600] loss=0.0127  pred=true   gold=true  running‐acc=1.000
Locality eval: pred=true              gold=n/a  correct=False  running‐acc=0.034
[ 413/600] loss=0.0069  pred=true   gold=true  running‐acc=1.000
Locality eval: pred=true              gold=n/a  correct=False  running‐acc=0.034
[ 414/600] loss=0.0048  pred=true   gold=true  running‐acc=1.000
Locality eval: pred=false             gold=n/a  correct=False  running‐acc=0.034
[ 415/600] loss=0.0106  pred=n/a    gold=n/a  running‐acc=1.000
Locality eval: pred=n/a               gold=true  correct=False  running‐acc=0.034
[ 416/600] loss=0.0629  pred=true   gold=true  running‐acc=1.000
Locality eval: pred=true              gold=n/a  correct=False  running‐acc=0.034
[ 417/600] loss=0.0016  pred=n/a    gold=n/a  running‐acc=1.000
Locality eval: pred=n/a               gold=true  correct=False  running‐acc=0.034
[ 418/600] loss=0.0120  pred=n/a    gold=n/a  running‐acc=1.000
Locality eval: pred=n/a               gold=true  correct=False  running‐acc=0.033
[ 419/600] loss=0.0218  pred=true   gold=true  running‐acc=1.000
Locality eval: pred=true              gold=n/a  correct=False  running‐acc=0.033
[ 420/600] loss=0.0022  pred=true   gold=true  running‐acc=1.000
Locality eval: pred=true              gold=n/a  correct=False  running‐acc=0.033
[ 421/600] loss=0.0003  pred=true   gold=true  running‐acc=1.000
Locality eval: pred=true              gold=n/a  correct=False  running‐acc=0.033
[ 422/600] loss=0.0001  pred=true   gold=true  running‐acc=1.000
Locality eval: pred=true              gold=n/a  correct=False  running‐acc=0.033
[ 423/600] loss=0.0377  pred=true   gold=true  running‐acc=1.000
Locality eval: pred=true              gold=n/a  correct=False  running‐acc=0.033
[ 424/600] loss=0.0190  pred=n/a    gold=n/a  running‐acc=1.000
Locality eval: pred=n/a               gold=true  correct=False  running‐acc=0.033
[ 425/600] loss=0.0005  pred=n/a    gold=n/a  running‐acc=1.000
Locality eval: pred=n/a               gold=true  correct=False  running‐acc=0.033
[ 426/600] loss=0.0022  pred=n/a    gold=n/a  running‐acc=1.000
Locality eval: pred=n/a               gold=true  correct=False  running‐acc=0.033
[ 427/600] loss=0.0599  pred=true   gold=true  running‐acc=1.000
Locality eval: pred=true              gold=n/a  correct=False  running‐acc=0.033
[ 428/600] loss=0.0272  pred=true   gold=true  running‐acc=1.000
Locality eval: pred=true              gold=n/a  correct=False  running‐acc=0.033
[ 429/600] loss=0.0152  pred=true   gold=true  running‐acc=1.000
Locality eval: pred=true              gold=n/a  correct=False  running‐acc=0.033
[ 430/600] loss=0.0052  pred=n/a    gold=n/a  running‐acc=1.000
Locality eval: pred=n/a               gold=true  correct=False  running‐acc=0.033
[ 431/600] loss=0.0022  pred=true   gold=true  running‐acc=1.000
Locality eval: pred=true              gold=n/a  correct=False  running‐acc=0.032
[ 432/600] loss=0.0001  pred=true   gold=true  running‐acc=1.000
Locality eval: pred=true              gold=n/a  correct=False  running‐acc=0.032
[ 433/600] loss=0.0019  pred=true   gold=true  running‐acc=1.000
Locality eval: pred=true              gold=n/a  correct=False  running‐acc=0.032
[ 434/600] loss=0.0038  pred=n/a    gold=n/a  running‐acc=1.000
Locality eval: pred=n/a               gold=true  correct=False  running‐acc=0.032
[ 435/600] loss=0.0086  pred=n/a    gold=n/a  running‐acc=1.000
Locality eval: pred=n/a               gold=true  correct=False  running‐acc=0.032
[ 436/600] loss=0.0032  pred=true   gold=true  running‐acc=1.000
Locality eval: pred=true              gold=n/a  correct=False  running‐acc=0.032
[ 437/600] loss=0.0845  pred=true   gold=true  running‐acc=1.000
Locality eval: pred=true              gold=n/a  correct=False  running‐acc=0.032
[ 438/600] loss=0.0265  pred=n/a    gold=n/a  running‐acc=1.000
Locality eval: pred=n/a               gold=true  correct=False  running‐acc=0.032
[ 439/600] loss=0.0097  pred=n/a    gold=n/a  running‐acc=1.000
Locality eval: pred=n/a               gold=true  correct=False  running‐acc=0.032
[ 440/600] loss=0.0055  pred=true   gold=true  running‐acc=1.000
Locality eval: pred=true              gold=n/a  correct=False  running‐acc=0.032
[ 441/600] loss=0.0125  pred=n/a    gold=n/a  running‐acc=1.000
Locality eval: pred=n/a               gold=true  correct=False  running‐acc=0.032
[ 442/600] loss=0.0019  pred=true   gold=true  running‐acc=1.000
Locality eval: pred=true              gold=n/a  correct=False  running‐acc=0.032
[ 443/600] loss=0.0015  pred=true   gold=true  running‐acc=1.000
Locality eval: pred=true              gold=n/a  correct=False  running‐acc=0.032
[ 444/600] loss=0.0005  pred=true   gold=true  running‐acc=1.000
Locality eval: pred=n/a               gold=n/a  correct=True  running‐acc=0.034
[ 445/600] loss=0.0029  pred=true   gold=true  running‐acc=1.000
Locality eval: pred=true              gold=n/a  correct=False  running‐acc=0.034
[ 446/600] loss=0.0003  pred=true   gold=true  running‐acc=1.000
Locality eval: pred=false             gold=n/a  correct=False  running‐acc=0.034
[ 447/600] loss=0.0007  pred=true   gold=true  running‐acc=1.000
Locality eval: pred=true              gold=n/a  correct=False  running‐acc=0.034
[ 448/600] loss=0.0005  pred=true   gold=true  running‐acc=1.000
Locality eval: pred=false             gold=n/a  correct=False  running‐acc=0.033
[ 449/600] loss=0.0197  pred=true   gold=true  running‐acc=1.000
Locality eval: pred=true              gold=n/a  correct=False  running‐acc=0.033
[ 450/600] loss=0.0004  pred=n/a    gold=n/a  running‐acc=1.000
Locality eval: pred=n/a               gold=true  correct=False  running‐acc=0.033
[ 451/600] loss=0.1069  pred=true   gold=true  running‐acc=1.000
Locality eval: pred=true              gold=n/a  correct=False  running‐acc=0.033
[ 452/600] loss=0.0098  pred=n/a    gold=n/a  running‐acc=1.000
Locality eval: pred=n/a               gold=true  correct=False  running‐acc=0.033
[ 453/600] loss=0.0056  pred=n/a    gold=n/a  running‐acc=1.000
Locality eval: pred=n/a               gold=true  correct=False  running‐acc=0.033
[ 454/600] loss=0.0078  pred=n/a    gold=n/a  running‐acc=1.000
Locality eval: pred=n/a               gold=true  correct=False  running‐acc=0.033
[ 455/600] loss=0.0319  pred=true   gold=true  running‐acc=1.000
Locality eval: pred=true              gold=n/a  correct=False  running‐acc=0.033
[ 456/600] loss=0.0346  pred=n/a    gold=n/a  running‐acc=1.000
Locality eval: pred=n/a               gold=true  correct=False  running‐acc=0.033
[ 457/600] loss=0.0260  pred=n/a    gold=n/a  running‐acc=1.000
Locality eval: pred=n/a               gold=true  correct=False  running‐acc=0.033
[ 458/600] loss=0.0070  pred=n/a    gold=n/a  running‐acc=1.000
Locality eval: pred=n/a               gold=true  correct=False  running‐acc=0.033
[ 459/600] loss=0.0004  pred=true   gold=true  running‐acc=1.000
Locality eval: pred=true              gold=n/a  correct=False  running‐acc=0.033
[ 460/600] loss=0.0029  pred=true   gold=true  running‐acc=1.000
Locality eval: pred=true              gold=n/a  correct=False  running‐acc=0.033
[ 461/600] loss=0.0010  pred=n/a    gold=n/a  running‐acc=1.000
Locality eval: pred=n/a               gold=true  correct=False  running‐acc=0.033
[ 462/600] loss=0.0049  pred=n/a    gold=n/a  running‐acc=1.000
Locality eval: pred=n/a               gold=true  correct=False  running‐acc=0.032
[ 463/600] loss=0.0020  pred=true   gold=true  running‐acc=1.000
Locality eval: pred=true              gold=n/a  correct=False  running‐acc=0.032
[ 464/600] loss=0.0031  pred=n/a    gold=n/a  running‐acc=1.000
Locality eval: pred=n/a               gold=true  correct=False  running‐acc=0.032
[ 465/600] loss=0.0009  pred=n/a    gold=n/a  running‐acc=1.000
Locality eval: pred=n/a               gold=true  correct=False  running‐acc=0.032
[ 466/600] loss=0.0289  pred=n/a    gold=n/a  running‐acc=1.000
Locality eval: pred=n/a               gold=true  correct=False  running‐acc=0.032
[ 467/600] loss=0.0054  pred=n/a    gold=n/a  running‐acc=1.000
Locality eval: pred=n/a               gold=true  correct=False  running‐acc=0.032
[ 468/600] loss=0.0008  pred=n/a    gold=n/a  running‐acc=1.000
Locality eval: pred=n/a               gold=true  correct=False  running‐acc=0.032
[ 469/600] loss=0.0254  pred=true   gold=true  running‐acc=1.000
Locality eval: pred=true              gold=n/a  correct=False  running‐acc=0.032
[ 470/600] loss=0.0436  pred=n/a    gold=n/a  running‐acc=1.000
Locality eval: pred=true              gold=true  correct=True  running‐acc=0.034
[ 471/600] loss=0.0098  pred=n/a    gold=n/a  running‐acc=1.000
Locality eval: pred=n/a               gold=true  correct=False  running‐acc=0.034
[ 472/600] loss=0.0014  pred=true   gold=true  running‐acc=1.000
Locality eval: pred=true              gold=n/a  correct=False  running‐acc=0.034
[ 473/600] loss=0.0266  pred=n/a    gold=n/a  running‐acc=1.000
Locality eval: pred=n/a               gold=true  correct=False  running‐acc=0.034
[ 474/600] loss=0.0648  pred=true   gold=true  running‐acc=1.000
Locality eval: pred=true              gold=n/a  correct=False  running‐acc=0.034
[ 475/600] loss=0.0143  pred=n/a    gold=n/a  running‐acc=1.000
Locality eval: pred=n/a               gold=true  correct=False  running‐acc=0.034
[ 476/600] loss=0.0033  pred=true   gold=true  running‐acc=1.000
Locality eval: pred=false             gold=n/a  correct=False  running‐acc=0.034
[ 477/600] loss=0.0038  pred=n/a    gold=n/a  running‐acc=1.000
Locality eval: pred=n/a               gold=true  correct=False  running‐acc=0.034
[ 478/600] loss=0.0341  pred=true   gold=true  running‐acc=1.000
Locality eval: pred=true              gold=n/a  correct=False  running‐acc=0.033
[ 479/600] loss=0.0037  pred=n/a    gold=n/a  running‐acc=1.000
Locality eval: pred=n/a               gold=true  correct=False  running‐acc=0.033
[ 480/600] loss=0.0016  pred=n/a    gold=n/a  running‐acc=1.000
Locality eval: pred=n/a               gold=true  correct=False  running‐acc=0.033
[ 481/600] loss=0.0002  pred=n/a    gold=n/a  running‐acc=1.000
Locality eval: pred=n/a               gold=true  correct=False  running‐acc=0.033
[ 482/600] loss=0.0125  pred=true   gold=true  running‐acc=1.000
Locality eval: pred=true              gold=n/a  correct=False  running‐acc=0.033
[ 483/600] loss=0.0353  pred=n/a    gold=n/a  running‐acc=1.000
Locality eval: pred=n/a               gold=true  correct=False  running‐acc=0.033
[ 484/600] loss=0.0511  pred=n/a    gold=n/a  running‐acc=1.000
Locality eval: pred=n/a               gold=true  correct=False  running‐acc=0.033
[ 485/600] loss=0.0004  pred=n/a    gold=n/a  running‐acc=1.000
Locality eval: pred=n/a               gold=true  correct=False  running‐acc=0.033
[ 486/600] loss=0.0030  pred=n/a    gold=n/a  running‐acc=1.000
Locality eval: pred=n/a               gold=true  correct=False  running‐acc=0.033
[ 487/600] loss=0.0032  pred=n/a    gold=n/a  running‐acc=1.000
Locality eval: pred=n/a               gold=true  correct=False  running‐acc=0.033
[ 488/600] loss=0.0005  pred=n/a    gold=n/a  running‐acc=1.000
Locality eval: pred=n/a               gold=true  correct=False  running‐acc=0.033
[ 489/600] loss=0.0188  pred=n/a    gold=n/a  running‐acc=1.000
Locality eval: pred=n/a               gold=true  correct=False  running‐acc=0.033
[ 490/600] loss=0.0288  pred=n/a    gold=n/a  running‐acc=1.000
Locality eval: pred=n/a               gold=true  correct=False  running‐acc=0.033
[ 491/600] loss=0.0034  pred=n/a    gold=n/a  running‐acc=1.000
Locality eval: pred=n/a               gold=true  correct=False  running‐acc=0.033
[ 492/600] loss=0.0033  pred=true   gold=true  running‐acc=1.000
Locality eval: pred=true              gold=n/a  correct=False  running‐acc=0.033
[ 493/600] loss=0.0034  pred=n/a    gold=n/a  running‐acc=1.000
Locality eval: pred=n/a               gold=true  correct=False  running‐acc=0.032
[ 494/600] loss=0.0003  pred=n/a    gold=n/a  running‐acc=1.000
Locality eval: pred=n/a               gold=true  correct=False  running‐acc=0.032
[ 495/600] loss=0.0126  pred=n/a    gold=n/a  running‐acc=1.000
Locality eval: pred=n/a               gold=true  correct=False  running‐acc=0.032
[ 496/600] loss=0.0239  pred=n/a    gold=n/a  running‐acc=1.000
Locality eval: pred=n/a               gold=true  correct=False  running‐acc=0.032
[ 497/600] loss=0.0003  pred=true   gold=true  running‐acc=1.000
Locality eval: pred=true              gold=n/a  correct=False  running‐acc=0.032
[ 498/600] loss=0.0014  pred=true   gold=true  running‐acc=1.000
Locality eval: pred=true              gold=n/a  correct=False  running‐acc=0.032
[ 499/600] loss=0.0036  pred=n/a    gold=n/a  running‐acc=1.000
Locality eval: pred=n/a               gold=true  correct=False  running‐acc=0.032
[ 500/600] loss=0.0033  pred=n/a    gold=n/a  running‐acc=1.000
Locality eval: pred=n/a               gold=true  correct=False  running‐acc=0.032
[ 501/600] loss=0.0320  pred=n/a    gold=n/a  running‐acc=1.000
Locality eval: pred=n/a               gold=true  correct=False  running‐acc=0.032
[ 502/600] loss=0.0108  pred=n/a    gold=n/a  running‐acc=1.000
Locality eval: pred=n/a               gold=true  correct=False  running‐acc=0.032
[ 503/600] loss=0.0133  pred=true   gold=true  running‐acc=1.000
Locality eval: pred=true              gold=n/a  correct=False  running‐acc=0.032
[ 504/600] loss=0.0056  pred=true   gold=true  running‐acc=1.000
Locality eval: pred=true              gold=n/a  correct=False  running‐acc=0.032
[ 505/600] loss=0.0030  pred=true   gold=true  running‐acc=1.000
Locality eval: pred=true              gold=n/a  correct=False  running‐acc=0.032
[ 506/600] loss=0.0401  pred=true   gold=true  running‐acc=1.000
Locality eval: pred=true              gold=n/a  correct=False  running‐acc=0.032
[ 507/600] loss=0.0121  pred=true   gold=true  running‐acc=1.000
Locality eval: pred=true              gold=n/a  correct=False  running‐acc=0.032
[ 508/600] loss=0.0543  pred=true   gold=true  running‐acc=1.000
Locality eval: pred=true              gold=n/a  correct=False  running‐acc=0.031
[ 509/600] loss=0.0207  pred=true   gold=true  running‐acc=1.000
Locality eval: pred=true              gold=n/a  correct=False  running‐acc=0.031
[ 510/600] loss=0.0436  pred=true   gold=true  running‐acc=1.000
Locality eval: pred=true              gold=n/a  correct=False  running‐acc=0.031
[ 511/600] loss=0.0040  pred=n/a    gold=n/a  running‐acc=1.000
Locality eval: pred=n/a               gold=true  correct=False  running‐acc=0.031
[ 512/600] loss=0.0075  pred=true   gold=true  running‐acc=1.000
Locality eval: pred=true              gold=n/a  correct=False  running‐acc=0.031
[ 513/600] loss=0.0002  pred=n/a    gold=n/a  running‐acc=1.000
Locality eval: pred=n/a               gold=true  correct=False  running‐acc=0.031
[ 514/600] loss=0.0829  pred=true   gold=true  running‐acc=1.000
Locality eval: pred=true              gold=n/a  correct=False  running‐acc=0.031
[ 515/600] loss=0.0038  pred=n/a    gold=n/a  running‐acc=1.000
Locality eval: pred=n/a               gold=true  correct=False  running‐acc=0.031
[ 516/600] loss=0.0008  pred=n/a    gold=n/a  running‐acc=1.000
Locality eval: pred=n/a               gold=true  correct=False  running‐acc=0.031
[ 517/600] loss=0.0044  pred=n/a    gold=n/a  running‐acc=1.000
Locality eval: pred=n/a               gold=true  correct=False  running‐acc=0.031
[ 518/600] loss=0.0027  pred=n/a    gold=n/a  running‐acc=1.000
Locality eval: pred=n/a               gold=true  correct=False  running‐acc=0.031
[ 519/600] loss=0.0275  pred=true   gold=true  running‐acc=1.000
Locality eval: pred=true              gold=n/a  correct=False  running‐acc=0.031
[ 520/600] loss=0.0015  pred=true   gold=true  running‐acc=1.000
Locality eval: pred=true              gold=n/a  correct=False  running‐acc=0.031
[ 521/600] loss=0.0010  pred=true   gold=true  running‐acc=1.000
Locality eval: pred=true              gold=n/a  correct=False  running‐acc=0.031
[ 522/600] loss=0.0101  pred=true   gold=true  running‐acc=1.000
Locality eval: pred=true              gold=n/a  correct=False  running‐acc=0.031
[ 523/600] loss=0.0199  pred=n/a    gold=n/a  running‐acc=1.000
Locality eval: pred=n/a               gold=true  correct=False  running‐acc=0.031
[ 524/600] loss=0.0502  pred=true   gold=true  running‐acc=1.000
Locality eval: pred=true              gold=n/a  correct=False  running‐acc=0.031
[ 525/600] loss=0.0349  pred=true   gold=true  running‐acc=1.000
Locality eval: pred=true              gold=n/a  correct=False  running‐acc=0.030
[ 526/600] loss=0.0057  pred=true   gold=true  running‐acc=1.000
Locality eval: pred=true              gold=n/a  correct=False  running‐acc=0.030
[ 527/600] loss=0.0003  pred=n/a    gold=n/a  running‐acc=1.000
Locality eval: pred=n/a               gold=true  correct=False  running‐acc=0.030
[ 528/600] loss=0.0012  pred=true   gold=true  running‐acc=1.000
Locality eval: pred=true              gold=n/a  correct=False  running‐acc=0.030
[ 529/600] loss=0.0010  pred=n/a    gold=n/a  running‐acc=1.000
Locality eval: pred=n/a               gold=true  correct=False  running‐acc=0.030
[ 530/600] loss=0.0022  pred=true   gold=true  running‐acc=1.000
Locality eval: pred=true              gold=n/a  correct=False  running‐acc=0.030
[ 531/600] loss=0.0126  pred=n/a    gold=n/a  running‐acc=1.000
Locality eval: pred=n/a               gold=true  correct=False  running‐acc=0.030
[ 532/600] loss=0.0002  pred=true   gold=true  running‐acc=1.000
Locality eval: pred=true              gold=n/a  correct=False  running‐acc=0.030
[ 533/600] loss=0.0043  pred=n/a    gold=n/a  running‐acc=1.000
Locality eval: pred=n/a               gold=true  correct=False  running‐acc=0.030
[ 534/600] loss=0.0027  pred=true   gold=true  running‐acc=1.000
Locality eval: pred=true              gold=n/a  correct=False  running‐acc=0.030
[ 535/600] loss=0.0009  pred=true   gold=true  running‐acc=1.000
Locality eval: pred=true              gold=n/a  correct=False  running‐acc=0.030
[ 536/600] loss=0.0004  pred=true   gold=true  running‐acc=1.000
Locality eval: pred=true              gold=n/a  correct=False  running‐acc=0.030
[ 537/600] loss=0.0108  pred=n/a    gold=n/a  running‐acc=1.000
Locality eval: pred=n/a               gold=true  correct=False  running‐acc=0.030
[ 538/600] loss=0.0028  pred=true   gold=true  running‐acc=1.000
Locality eval: pred=false             gold=n/a  correct=False  running‐acc=0.030
[ 539/600] loss=0.0009  pred=true   gold=true  running‐acc=1.000
Locality eval: pred=true              gold=n/a  correct=False  running‐acc=0.030
[ 540/600] loss=0.0017  pred=n/a    gold=n/a  running‐acc=1.000
Locality eval: pred=n/a               gold=true  correct=False  running‐acc=0.030
[ 541/600] loss=0.0253  pred=n/a    gold=n/a  running‐acc=1.000
Locality eval: pred=n/a               gold=true  correct=False  running‐acc=0.030
[ 542/600] loss=0.0064  pred=n/a    gold=n/a  running‐acc=1.000
Locality eval: pred=n/a               gold=true  correct=False  running‐acc=0.030
[ 543/600] loss=0.0002  pred=n/a    gold=n/a  running‐acc=1.000
Locality eval: pred=n/a               gold=true  correct=False  running‐acc=0.029
[ 544/600] loss=0.0005  pred=n/a    gold=n/a  running‐acc=1.000
Locality eval: pred=n/a               gold=true  correct=False  running‐acc=0.029
[ 545/600] loss=0.0003  pred=true   gold=true  running‐acc=1.000
Locality eval: pred=true              gold=n/a  correct=False  running‐acc=0.029
[ 546/600] loss=0.0013  pred=n/a    gold=n/a  running‐acc=1.000
Locality eval: pred=n/a               gold=true  correct=False  running‐acc=0.029
[ 547/600] loss=0.0260  pred=true   gold=true  running‐acc=1.000
Locality eval: pred=true              gold=n/a  correct=False  running‐acc=0.029
[ 548/600] loss=0.0026  pred=true   gold=true  running‐acc=1.000
Locality eval: pred=true              gold=n/a  correct=False  running‐acc=0.029
[ 549/600] loss=0.0553  pred=true   gold=true  running‐acc=1.000
Locality eval: pred=true              gold=n/a  correct=False  running‐acc=0.029
[ 550/600] loss=0.0294  pred=n/a    gold=n/a  running‐acc=1.000
Locality eval: pred=true              gold=true  correct=True  running‐acc=0.031
[ 551/600] loss=0.0426  pred=true   gold=true  running‐acc=1.000
Locality eval: pred=true              gold=n/a  correct=False  running‐acc=0.031
[ 552/600] loss=0.0309  pred=n/a    gold=n/a  running‐acc=1.000
Locality eval: pred=n/a               gold=true  correct=False  running‐acc=0.031
[ 553/600] loss=0.0028  pred=n/a    gold=n/a  running‐acc=1.000
Locality eval: pred=n/a               gold=true  correct=False  running‐acc=0.031
[ 554/600] loss=0.0603  pred=true   gold=true  running‐acc=1.000
Locality eval: pred=true              gold=n/a  correct=False  running‐acc=0.031
[ 555/600] loss=0.0049  pred=n/a    gold=n/a  running‐acc=1.000
Locality eval: pred=n/a               gold=true  correct=False  running‐acc=0.031
[ 556/600] loss=0.0006  pred=n/a    gold=n/a  running‐acc=1.000
Locality eval: pred=n/a               gold=true  correct=False  running‐acc=0.031
[ 557/600] loss=0.0161  pred=n/a    gold=n/a  running‐acc=1.000
Locality eval: pred=n/a               gold=true  correct=False  running‐acc=0.031
[ 558/600] loss=0.0573  pred=true   gold=true  running‐acc=1.000
Locality eval: pred=true              gold=n/a  correct=False  running‐acc=0.030
[ 559/600] loss=0.0003  pred=true   gold=true  running‐acc=1.000
Locality eval: pred=false             gold=n/a  correct=False  running‐acc=0.030
[ 560/600] loss=0.0014  pred=n/a    gold=n/a  running‐acc=1.000
Locality eval: pred=n/a               gold=true  correct=False  running‐acc=0.030
[ 561/600] loss=0.0720  pred=true   gold=true  running‐acc=1.000
Locality eval: pred=true              gold=n/a  correct=False  running‐acc=0.030
[ 562/600] loss=0.0329  pred=true   gold=true  running‐acc=1.000
Locality eval: pred=true              gold=n/a  correct=False  running‐acc=0.030
[ 563/600] loss=0.0402  pred=n/a    gold=n/a  running‐acc=1.000
Locality eval: pred=n/a               gold=true  correct=False  running‐acc=0.030
[ 564/600] loss=0.0018  pred=true   gold=true  running‐acc=1.000
Locality eval: pred=true              gold=n/a  correct=False  running‐acc=0.030
[ 565/600] loss=0.0129  pred=n/a    gold=n/a  running‐acc=1.000
Locality eval: pred=n/a               gold=true  correct=False  running‐acc=0.030
[ 566/600] loss=0.0079  pred=true   gold=true  running‐acc=1.000
Locality eval: pred=true              gold=n/a  correct=False  running‐acc=0.030
[ 567/600] loss=0.0004  pred=true   gold=true  running‐acc=1.000
Locality eval: pred=false             gold=n/a  correct=False  running‐acc=0.030
[ 568/600] loss=0.0047  pred=n/a    gold=n/a  running‐acc=1.000
Locality eval: pred=n/a               gold=true  correct=False  running‐acc=0.030
[ 569/600] loss=0.0013  pred=true   gold=true  running‐acc=1.000
Locality eval: pred=true              gold=n/a  correct=False  running‐acc=0.030
[ 570/600] loss=0.0087  pred=true   gold=true  running‐acc=1.000
Locality eval: pred=true              gold=n/a  correct=False  running‐acc=0.030
[ 571/600] loss=0.0048  pred=true   gold=true  running‐acc=1.000
Locality eval: pred=true              gold=n/a  correct=False  running‐acc=0.030
[ 572/600] loss=0.0169  pred=true   gold=true  running‐acc=1.000
Locality eval: pred=true              gold=n/a  correct=False  running‐acc=0.030
[ 573/600] loss=0.0048  pred=true   gold=true  running‐acc=1.000
Locality eval: pred=n/a               gold=n/a  correct=True  running‐acc=0.031
[ 574/600] loss=0.0014  pred=true   gold=true  running‐acc=1.000
Locality eval: pred=true              gold=n/a  correct=False  running‐acc=0.031
[ 575/600] loss=0.0407  pred=true   gold=true  running‐acc=1.000
Locality eval: pred=true              gold=n/a  correct=False  running‐acc=0.031
[ 576/600] loss=0.0767  pred=true   gold=true  running‐acc=1.000
Locality eval: pred=true              gold=n/a  correct=False  running‐acc=0.031
[ 577/600] loss=0.0660  pred=true   gold=true  running‐acc=1.000
Locality eval: pred=true              gold=n/a  correct=False  running‐acc=0.031
[ 578/600] loss=0.0328  pred=n/a    gold=n/a  running‐acc=1.000
Locality eval: pred=n/a               gold=true  correct=False  running‐acc=0.031
[ 579/600] loss=0.0042  pred=true   gold=true  running‐acc=1.000
Locality eval: pred=true              gold=n/a  correct=False  running‐acc=0.031
[ 580/600] loss=0.0018  pred=n/a    gold=n/a  running‐acc=1.000
Locality eval: pred=n/a               gold=true  correct=False  running‐acc=0.031
[ 581/600] loss=0.0060  pred=n/a    gold=n/a  running‐acc=1.000
Locality eval: pred=n/a               gold=true  correct=False  running‐acc=0.031
[ 582/600] loss=0.0023  pred=n/a    gold=n/a  running‐acc=1.000
Locality eval: pred=n/a               gold=true  correct=False  running‐acc=0.031
[ 583/600] loss=0.0152  pred=n/a    gold=n/a  running‐acc=1.000
Locality eval: pred=n/a               gold=true  correct=False  running‐acc=0.031
[ 584/600] loss=0.0215  pred=n/a    gold=n/a  running‐acc=1.000
Locality eval: pred=n/a               gold=true  correct=False  running‐acc=0.031
[ 585/600] loss=0.0082  pred=n/a    gold=n/a  running‐acc=1.000
Locality eval: pred=n/a               gold=true  correct=False  running‐acc=0.031
[ 586/600] loss=0.0025  pred=n/a    gold=n/a  running‐acc=1.000
Locality eval: pred=n/a               gold=true  correct=False  running‐acc=0.031
[ 587/600] loss=0.0529  pred=true   gold=true  running‐acc=1.000
Locality eval: pred=true              gold=n/a  correct=False  running‐acc=0.031
[ 588/600] loss=0.0224  pred=true   gold=true  running‐acc=1.000
Locality eval: pred=true              gold=n/a  correct=False  running‐acc=0.031
[ 589/600] loss=0.0241  pred=true   gold=true  running‐acc=1.000
Locality eval: pred=true              gold=n/a  correct=False  running‐acc=0.031
[ 590/600] loss=0.0271  pred=true   gold=true  running‐acc=1.000
Locality eval: pred=true              gold=n/a  correct=False  running‐acc=0.031
[ 591/600] loss=0.0033  pred=true   gold=true  running‐acc=1.000
Locality eval: pred=true              gold=n/a  correct=False  running‐acc=0.030
[ 592/600] loss=0.0016  pred=n/a    gold=n/a  running‐acc=1.000
Locality eval: pred=n/a               gold=true  correct=False  running‐acc=0.030
[ 593/600] loss=0.0045  pred=true   gold=true  running‐acc=1.000
Locality eval: pred=true              gold=n/a  correct=False  running‐acc=0.030
[ 594/600] loss=0.0031  pred=n/a    gold=n/a  running‐acc=1.000
Locality eval: pred=n/a               gold=true  correct=False  running‐acc=0.030
[ 595/600] loss=0.0013  pred=true   gold=true  running‐acc=1.000
Locality eval: pred=true              gold=n/a  correct=False  running‐acc=0.030
[ 596/600] loss=0.0004  pred=n/a    gold=n/a  running‐acc=1.000
Locality eval: pred=n/a               gold=true  correct=False  running‐acc=0.030
[ 597/600] loss=0.0019  pred=n/a    gold=n/a  running‐acc=1.000
Locality eval: pred=n/a               gold=true  correct=False  running‐acc=0.030
[ 598/600] loss=0.0031  pred=true   gold=true  running‐acc=1.000
Locality eval: pred=true              gold=n/a  correct=False  running‐acc=0.030
[ 599/600] loss=0.1259  pred=true   gold=true  running‐acc=1.000
Locality eval: pred=true              gold=n/a  correct=False  running‐acc=0.030
[ 600/600] loss=0.0016  pred=n/a    gold=n/a  running‐acc=1.000
Locality eval: pred=n/a               gold=true  correct=False  running‐acc=0.030

Finished in 1748.0s.  Final accuracy: 1.000.

