
Loading base model (4‐bit)…
Loading checkpoint shards:   0%|          | 0/2 [00:00<?, ?it/s]Loading checkpoint shards:  50%|█████     | 1/2 [00:13<00:13, 13.64s/it]Loading checkpoint shards: 100%|██████████| 2/2 [00:13<00:00,  6.86s/it]
trainable params: 1,843,200 || all params: 2,508,015,616 || trainable%: 0.0735
  0%|          | 0/600 [00:00<?, ?it/s]100%|██████████| 600/600 [00:00<00:00, 27864.50it/s]
Loaded 600 (train, eval) pairs.

Starting sequential training…
Cached 72 LoRA tensors.
[   1/600] loss=4.2356  pred=true   gold=true  running‐acc=1.000
Locality eval: pred=n/a               gold=n/a  correct=True  running‐acc=1.000
[   2/600] loss=4.3213  pred=true   gold=true  running‐acc=1.000
Locality eval: pred=n/a               gold=n/a  correct=True  running‐acc=1.000
[   3/600] loss=4.0796  pred=true   gold=true  running‐acc=1.000
Locality eval: pred=n/a.              gold=n/a  correct=True  running‐acc=1.000
[   4/600] loss=3.9235  pred=true   gold=true  running‐acc=1.000
Locality eval: pred=n/a               gold=n/a  correct=True  running‐acc=1.000
[   5/600] loss=4.5473  pred=true   gold=true  running‐acc=1.000
Locality eval: pred=n/a               gold=n/a  correct=True  running‐acc=1.000
[   6/600] loss=4.4502  pred=n/a    gold=true  running‐acc=0.833
Locality eval: pred=true              gold=n/a  correct=False  running‐acc=0.833
[   7/600] loss=3.3231  pred=true   gold=n/a  running‐acc=0.714
Locality eval: pred=true              gold=true  correct=True  running‐acc=0.857
[   8/600] loss=3.3738  pred=n/a    gold=n/a  running‐acc=0.750
Locality eval: pred=true              gold=true  correct=True  running‐acc=0.875
[   9/600] loss=4.5543  pred=true.  gold=true  running‐acc=0.778
Locality eval: pred=n/a               gold=n/a  correct=True  running‐acc=0.889
[  10/600] loss=4.7779  pred=true   gold=true  running‐acc=0.800
Locality eval: pred=n/a               gold=n/a  correct=True  running‐acc=0.900
[  11/600] loss=4.3707  pred=true   gold=true  running‐acc=0.818
Locality eval: pred=n/a               gold=n/a  correct=True  running‐acc=0.909
[  12/600] loss=3.9313  pred=true   gold=true  running‐acc=0.833
Locality eval: pred=n/a               gold=n/a  correct=True  running‐acc=0.917
[  13/600] loss=3.3293  pred=true   gold=n/a  running‐acc=0.769
Locality eval: pred=n/a               gold=true  correct=False  running‐acc=0.846
[  14/600] loss=3.1150  pred=n/a    gold=n/a  running‐acc=0.786
Locality eval: pred=true              gold=true  correct=True  running‐acc=0.857
[  15/600] loss=3.9366  pred=true   gold=true  running‐acc=0.800
Locality eval: pred=n/a               gold=n/a  correct=True  running‐acc=0.867
[  16/600] loss=3.4361  pred=false  gold=n/a  running‐acc=0.750
Locality eval: pred=true              gold=true  correct=True  running‐acc=0.875
[  17/600] loss=3.2731  pred=false  gold=n/a  running‐acc=0.706
Locality eval: pred=true              gold=true  correct=True  running‐acc=0.882
[  18/600] loss=4.0185  pred=true   gold=true  running‐acc=0.722
Locality eval: pred=n/a               gold=n/a  correct=True  running‐acc=0.889
[  19/600] loss=4.8505  pred=true   gold=true  running‐acc=0.737
Locality eval: pred=n/a               gold=n/a  correct=True  running‐acc=0.895
[  20/600] loss=3.2479  pred=false.  gold=n/a  running‐acc=0.700
Locality eval: pred=true              gold=true  correct=True  running‐acc=0.900
[  21/600] loss=3.1283  pred=true   gold=n/a  running‐acc=0.667
Locality eval: pred=true.             gold=true  correct=True  running‐acc=0.905
[  22/600] loss=3.2965  pred=n/a    gold=n/a  running‐acc=0.682
Locality eval: pred=true              gold=true  correct=True  running‐acc=0.909
[  23/600] loss=3.0826  pred=true   gold=n/a  running‐acc=0.652
Locality eval: pred=true              gold=true  correct=True  running‐acc=0.913
[  24/600] loss=3.2216  pred=true   gold=n/a  running‐acc=0.625
Locality eval: pred=true              gold=true  correct=True  running‐acc=0.917
[  25/600] loss=4.7260  pred=true   gold=true  running‐acc=0.640
Locality eval: pred=n/a               gold=n/a  correct=True  running‐acc=0.920
[  26/600] loss=2.8730  pred=n/a    gold=n/a  running‐acc=0.654
Locality eval: pred=true              gold=true  correct=True  running‐acc=0.923
[  27/600] loss=3.2014  pred=true   gold=n/a  running‐acc=0.630
Locality eval: pred=true              gold=true  correct=True  running‐acc=0.926
[  28/600] loss=3.0947  pred=false  gold=n/a  running‐acc=0.607
Locality eval: pred=true              gold=true  correct=True  running‐acc=0.929
[  29/600] loss=3.7972  pred=n/a    gold=n/a  running‐acc=0.621
Locality eval: pred=true              gold=true  correct=True  running‐acc=0.931
[  30/600] loss=3.2629  pred=true   gold=n/a  running‐acc=0.600
Locality eval: pred=true              gold=true  correct=True  running‐acc=0.933
[  31/600] loss=4.3571  pred=true   gold=true  running‐acc=0.613
Locality eval: pred=n/a               gold=n/a  correct=True  running‐acc=0.935
[  32/600] loss=3.0251  pred=n/a    gold=n/a  running‐acc=0.625
Locality eval: pred=true              gold=true  correct=True  running‐acc=0.938
[  33/600] loss=3.2567  pred=n/a    gold=n/a  running‐acc=0.636
Locality eval: pred=true              gold=true  correct=True  running‐acc=0.939
[  34/600] loss=3.0597  pred=true   gold=n/a  running‐acc=0.618
Locality eval: pred=true              gold=true  correct=True  running‐acc=0.941
[  35/600] loss=3.9182  pred=true   gold=true  running‐acc=0.629
Locality eval: pred=n/a               gold=n/a  correct=True  running‐acc=0.943
[  36/600] loss=3.3819  pred=n/a    gold=n/a  running‐acc=0.639
Locality eval: pred=true              gold=true  correct=True  running‐acc=0.944
[  37/600] loss=4.3755  pred=true   gold=true  running‐acc=0.649
Locality eval: pred=n/a               gold=n/a  correct=True  running‐acc=0.946
[  38/600] loss=4.3923  pred=n/a    gold=n/a  running‐acc=0.658
Locality eval: pred=true              gold=true  correct=True  running‐acc=0.947
[  39/600] loss=6.7874  pred=true   gold=true  running‐acc=0.667
Locality eval: pred=n/a               gold=n/a  correct=True  running‐acc=0.949
[  40/600] loss=4.4626  pred=true   gold=true  running‐acc=0.675
Locality eval: pred=n/a               gold=n/a  correct=True  running‐acc=0.950
[  41/600] loss=5.0704  pred=true   gold=true  running‐acc=0.683
Locality eval: pred=n/a               gold=n/a  correct=True  running‐acc=0.951
[  42/600] loss=2.9730  pred=false.  gold=n/a  running‐acc=0.667
Locality eval: pred=true              gold=true  correct=True  running‐acc=0.952
[  43/600] loss=4.8873  pred=true   gold=true  running‐acc=0.674
Locality eval: pred=n/a               gold=n/a  correct=True  running‐acc=0.953
[  44/600] loss=3.1663  pred=true   gold=n/a  running‐acc=0.659
Locality eval: pred=true              gold=true  correct=True  running‐acc=0.955
[  45/600] loss=3.4085  pred=true.  gold=n/a  running‐acc=0.644
Locality eval: pred=true              gold=true  correct=True  running‐acc=0.956
[  46/600] loss=5.0398  pred=true   gold=true  running‐acc=0.652
Locality eval: pred=n/a               gold=n/a  correct=True  running‐acc=0.957
[  47/600] loss=4.8035  pred=n/a    gold=true  running‐acc=0.638
Locality eval: pred=n/a               gold=n/a  correct=True  running‐acc=0.957
[  48/600] loss=3.4700  pred=true   gold=n/a  running‐acc=0.625
Locality eval: pred=true.             gold=true  correct=True  running‐acc=0.958
[  49/600] loss=4.4564  pred=true   gold=true  running‐acc=0.633
Locality eval: pred=n/a               gold=n/a  correct=True  running‐acc=0.959
[  50/600] loss=2.8619  pred=true   gold=n/a  running‐acc=0.620
Locality eval: pred=true              gold=true  correct=True  running‐acc=0.960
[  51/600] loss=4.5907  pred=true   gold=true  running‐acc=0.627
Locality eval: pred=n/a               gold=n/a  correct=True  running‐acc=0.961
[  52/600] loss=4.7325  pred=true   gold=true  running‐acc=0.635
Locality eval: pred=n/a               gold=n/a  correct=True  running‐acc=0.962
[  53/600] loss=3.2706  pred=n/a    gold=n/a  running‐acc=0.642
Locality eval: pred=true              gold=true  correct=True  running‐acc=0.962
[  54/600] loss=4.0787  pred=true   gold=true  running‐acc=0.648
Locality eval: pred=n/a               gold=n/a  correct=True  running‐acc=0.963
[  55/600] loss=3.9773  pred=n/a    gold=n/a  running‐acc=0.655
Locality eval: pred=true              gold=true  correct=True  running‐acc=0.964
[  56/600] loss=3.2167  pred=true   gold=n/a  running‐acc=0.643
Locality eval: pred=true              gold=true  correct=True  running‐acc=0.964
[  57/600] loss=3.6654  pred=true   gold=true  running‐acc=0.649
Locality eval: pred=n/a               gold=n/a  correct=True  running‐acc=0.965
[  58/600] loss=3.8709  pred=true.  gold=true  running‐acc=0.655
Locality eval: pred=n/a               gold=n/a  correct=True  running‐acc=0.966
[  59/600] loss=4.2267  pred=true   gold=true  running‐acc=0.661
Locality eval: pred=n/a               gold=n/a  correct=True  running‐acc=0.966
[  60/600] loss=4.4228  pred=n/a    gold=true  running‐acc=0.650
Locality eval: pred=n/a               gold=n/a  correct=True  running‐acc=0.967
[  61/600] loss=4.7586  pred=n/a    gold=true  running‐acc=0.639
Locality eval: pred=n/a               gold=n/a  correct=True  running‐acc=0.967
[  62/600] loss=4.8746  pred=false  gold=true  running‐acc=0.629
Locality eval: pred=n/a               gold=n/a  correct=True  running‐acc=0.968
[  63/600] loss=3.6589  pred=n/a    gold=n/a  running‐acc=0.635
Locality eval: pred=true              gold=true  correct=True  running‐acc=0.968
[  64/600] loss=2.8794  pred=true   gold=n/a  running‐acc=0.625
Locality eval: pred=true              gold=true  correct=True  running‐acc=0.969
[  65/600] loss=3.9185  pred=true   gold=n/a  running‐acc=0.615
Locality eval: pred=true              gold=true  correct=True  running‐acc=0.969
[  66/600] loss=4.1911  pred=true   gold=true  running‐acc=0.621
Locality eval: pred=n/a.              gold=n/a  correct=True  running‐acc=0.970
[  67/600] loss=3.5047  pred=true   gold=true  running‐acc=0.627
Locality eval: pred=n/a               gold=n/a  correct=True  running‐acc=0.970
[  68/600] loss=3.9882  pred=true   gold=true  running‐acc=0.632
Locality eval: pred=n/a.              gold=n/a  correct=True  running‐acc=0.971
[  69/600] loss=3.2145  pred=n/a    gold=n/a  running‐acc=0.638
Locality eval: pred=true              gold=true  correct=True  running‐acc=0.971
[  70/600] loss=4.3105  pred=n/a    gold=n/a  running‐acc=0.643
Locality eval: pred=true              gold=true  correct=True  running‐acc=0.971
[  71/600] loss=3.8219  pred=true   gold=n/a  running‐acc=0.634
Locality eval: pred=true              gold=true  correct=True  running‐acc=0.972
[  72/600] loss=3.4988  pred=true   gold=n/a  running‐acc=0.625
Locality eval: pred=true              gold=true  correct=True  running‐acc=0.972
[  73/600] loss=4.6722  pred=true   gold=true  running‐acc=0.630
Locality eval: pred=n/a.              gold=n/a  correct=True  running‐acc=0.973
[  74/600] loss=3.1969  pred=n/a    gold=n/a  running‐acc=0.635
Locality eval: pred=true              gold=true  correct=True  running‐acc=0.973
[  75/600] loss=3.2721  pred=true   gold=n/a  running‐acc=0.627
Locality eval: pred=true.             gold=true  correct=True  running‐acc=0.973
[  76/600] loss=5.5497  pred=true   gold=true  running‐acc=0.632
Locality eval: pred=n/a               gold=n/a  correct=True  running‐acc=0.974
[  77/600] loss=4.7487  pred=true   gold=true  running‐acc=0.636
Locality eval: pred=n/a               gold=n/a  correct=True  running‐acc=0.974
[  78/600] loss=3.2244  pred=n/a    gold=n/a  running‐acc=0.641
Locality eval: pred=true              gold=true  correct=True  running‐acc=0.974
[  79/600] loss=4.8664  pred=true   gold=true  running‐acc=0.646
Locality eval: pred=n/a               gold=n/a  correct=True  running‐acc=0.975
[  80/600] loss=3.1636  pred=false  gold=n/a  running‐acc=0.637
Locality eval: pred=true              gold=true  correct=True  running‐acc=0.975
[  81/600] loss=3.4636  pred=n/a    gold=n/a  running‐acc=0.642
Locality eval: pred=true              gold=true  correct=True  running‐acc=0.975
[  82/600] loss=4.6185  pred=true   gold=true  running‐acc=0.646
Locality eval: pred=n/a               gold=n/a  correct=True  running‐acc=0.976
[  83/600] loss=3.4481  pred=false  gold=n/a  running‐acc=0.639
Locality eval: pred=true              gold=true  correct=True  running‐acc=0.976
[  84/600] loss=4.6021  pred=true   gold=true  running‐acc=0.643
Locality eval: pred=n/a.              gold=n/a  correct=True  running‐acc=0.976
[  85/600] loss=3.5991  pred=true   gold=n/a  running‐acc=0.635
Locality eval: pred=true              gold=true  correct=True  running‐acc=0.976
[  86/600] loss=3.2911  pred=n/a    gold=n/a  running‐acc=0.640
Locality eval: pred=true              gold=true  correct=True  running‐acc=0.977
[  87/600] loss=3.1647  pred=n/a    gold=n/a  running‐acc=0.644
Locality eval: pred=true              gold=true  correct=True  running‐acc=0.977
[  88/600] loss=4.6663  pred=true   gold=true  running‐acc=0.648
Locality eval: pred=n/a               gold=n/a  correct=True  running‐acc=0.977
[  89/600] loss=4.0747  pred=true   gold=true  running‐acc=0.652
Locality eval: pred=n/a.              gold=n/a  correct=True  running‐acc=0.978
[  90/600] loss=3.2065  pred=n/a    gold=n/a  running‐acc=0.656
Locality eval: pred=true              gold=true  correct=True  running‐acc=0.978
[  91/600] loss=2.7979  pred=n/a    gold=n/a  running‐acc=0.659
Locality eval: pred=true              gold=true  correct=True  running‐acc=0.978
[  92/600] loss=3.2674  pred=true   gold=true  running‐acc=0.663
Locality eval: pred=n/a               gold=n/a  correct=True  running‐acc=0.978
[  93/600] loss=3.2847  pred=true   gold=n/a  running‐acc=0.656
Locality eval: pred=true              gold=true  correct=True  running‐acc=0.978
[  94/600] loss=2.8553  pred=true   gold=n/a  running‐acc=0.649
Locality eval: pred=true              gold=true  correct=True  running‐acc=0.979
[  95/600] loss=3.9546  pred=true   gold=true  running‐acc=0.653
Locality eval: pred=n/a               gold=n/a  correct=True  running‐acc=0.979
[  96/600] loss=3.5328  pred=false  gold=n/a  running‐acc=0.646
Locality eval: pred=true              gold=true  correct=True  running‐acc=0.979
[  97/600] loss=2.9735  pred=n/a    gold=n/a  running‐acc=0.649
Locality eval: pred=true              gold=true  correct=True  running‐acc=0.979
[  98/600] loss=3.1454  pred=false  gold=n/a  running‐acc=0.643
Locality eval: pred=true              gold=true  correct=True  running‐acc=0.980
[  99/600] loss=3.6960  pred=true   gold=true  running‐acc=0.646
Locality eval: pred=n/a               gold=n/a  correct=True  running‐acc=0.980
[ 100/600] loss=3.9879  pred=true   gold=true  running‐acc=0.650
Locality eval: pred=n/a               gold=n/a  correct=True  running‐acc=0.980
[ 101/600] loss=3.0377  pred=n/a    gold=n/a  running‐acc=0.653
Locality eval: pred=true              gold=true  correct=True  running‐acc=0.980
[ 102/600] loss=4.2375  pred=n/a    gold=true  running‐acc=0.647
Locality eval: pred=n/a               gold=n/a  correct=True  running‐acc=0.980
[ 103/600] loss=3.7177  pred=n/a    gold=n/a  running‐acc=0.650
Locality eval: pred=n/a               gold=true  correct=False  running‐acc=0.971
[ 104/600] loss=3.9829  pred=true   gold=true  running‐acc=0.654
Locality eval: pred=n/a               gold=n/a  correct=True  running‐acc=0.971
[ 105/600] loss=4.6388  pred=n/a    gold=true  running‐acc=0.648
Locality eval: pred=n/a               gold=n/a  correct=True  running‐acc=0.971
[ 106/600] loss=4.9913  pred=false  gold=true  running‐acc=0.642
Locality eval: pred=n/a               gold=n/a  correct=True  running‐acc=0.972
[ 107/600] loss=4.5617  pred=false.  gold=true  running‐acc=0.636
Locality eval: pred=n/a               gold=n/a  correct=True  running‐acc=0.972
[ 108/600] loss=3.8319  pred=       gold=true  running‐acc=0.630
Locality eval: pred=n/a               gold=n/a  correct=True  running‐acc=0.972
[ 109/600] loss=4.6022  pred=true   gold=true  running‐acc=0.633
Locality eval: pred=n/a               gold=n/a  correct=True  running‐acc=0.972
[ 110/600] loss=4.6635  pred=n/a    gold=true  running‐acc=0.627
Locality eval: pred=n/a               gold=n/a  correct=True  running‐acc=0.973
[ 111/600] loss=3.5984  pred=n/a    gold=true  running‐acc=0.622
Locality eval: pred=n/a               gold=n/a  correct=True  running‐acc=0.973
[ 112/600] loss=4.0395  pred=true   gold=true  running‐acc=0.625
Locality eval: pred=n/a               gold=n/a  correct=True  running‐acc=0.973
[ 113/600] loss=3.0799  pred=n/a    gold=n/a  running‐acc=0.628
Locality eval: pred=true              gold=true  correct=True  running‐acc=0.973
[ 114/600] loss=3.9179  pred=true   gold=n/a  running‐acc=0.623
Locality eval: pred=true              gold=true  correct=True  running‐acc=0.974
[ 115/600] loss=3.2233  pred=false  gold=n/a  running‐acc=0.617
Locality eval: pred=true              gold=true  correct=True  running‐acc=0.974
[ 116/600] loss=4.0780  pred=true   gold=true  running‐acc=0.621
Locality eval: pred=n/a               gold=n/a  correct=True  running‐acc=0.974
[ 117/600] loss=3.9203  pred=true   gold=n/a  running‐acc=0.615
Locality eval: pred=true              gold=true  correct=True  running‐acc=0.974
[ 118/600] loss=3.2846  pred=true   gold=n/a  running‐acc=0.610
Locality eval: pred=true              gold=true  correct=True  running‐acc=0.975
[ 119/600] loss=3.2166  pred=true   gold=n/a  running‐acc=0.605
Locality eval: pred=true              gold=true  correct=True  running‐acc=0.975
[ 120/600] loss=3.7873  pred=n/a    gold=n/a  running‐acc=0.608
Locality eval: pred=true              gold=true  correct=True  running‐acc=0.975
[ 121/600] loss=4.8010  pred=n/a    gold=true  running‐acc=0.603
Locality eval: pred=n/a.              gold=n/a  correct=True  running‐acc=0.975
[ 122/600] loss=4.6795  pred=n/a    gold=true  running‐acc=0.598
Locality eval: pred=n/a               gold=n/a  correct=True  running‐acc=0.975
[ 123/600] loss=3.6375  pred=false  gold=n/a  running‐acc=0.593
Locality eval: pred=true              gold=true  correct=True  running‐acc=0.976
[ 124/600] loss=3.1969  pred=n/a.   gold=n/a  running‐acc=0.597
Locality eval: pred=true              gold=true  correct=True  running‐acc=0.976
[ 125/600] loss=3.5510  pred=true   gold=n/a  running‐acc=0.592
Locality eval: pred=true              gold=true  correct=True  running‐acc=0.976
[ 126/600] loss=4.4672  pred=true   gold=true  running‐acc=0.595
Locality eval: pred=n/a               gold=n/a  correct=True  running‐acc=0.976
[ 127/600] loss=4.6087  pred=true   gold=true  running‐acc=0.598
Locality eval: pred=n/a               gold=n/a  correct=True  running‐acc=0.976
[ 128/600] loss=3.1909  pred=true   gold=n/a  running‐acc=0.594
Locality eval: pred=true              gold=true  correct=True  running‐acc=0.977
[ 129/600] loss=3.9401  pred=n/a    gold=true  running‐acc=0.589
Locality eval: pred=n/a               gold=n/a  correct=True  running‐acc=0.977
[ 130/600] loss=3.7952  pred=true   gold=n/a  running‐acc=0.585
Locality eval: pred=true              gold=true  correct=True  running‐acc=0.977
[ 131/600] loss=5.5602  pred=true   gold=true  running‐acc=0.588
Locality eval: pred=n/a               gold=n/a  correct=True  running‐acc=0.977
[ 132/600] loss=3.4538  pred=n/a    gold=n/a  running‐acc=0.591
Locality eval: pred=true.             gold=true  correct=True  running‐acc=0.977
[ 133/600] loss=3.7836  pred=true   gold=n/a  running‐acc=0.586
Locality eval: pred=true              gold=true  correct=True  running‐acc=0.977
[ 134/600] loss=3.5103  pred=true   gold=true  running‐acc=0.590
Locality eval: pred=n/a               gold=n/a  correct=True  running‐acc=0.978
[ 135/600] loss=4.4712  pred=true.  gold=true  running‐acc=0.593
Locality eval: pred=n/a.              gold=n/a  correct=True  running‐acc=0.978
[ 136/600] loss=3.2143  pred=n/a    gold=n/a  running‐acc=0.596
Locality eval: pred=true              gold=true  correct=True  running‐acc=0.978
[ 137/600] loss=4.4085  pred=true   gold=true  running‐acc=0.599
Locality eval: pred=n/a               gold=n/a  correct=True  running‐acc=0.978
[ 138/600] loss=4.9310  pred=true   gold=true  running‐acc=0.601
Locality eval: pred=n/a               gold=n/a  correct=True  running‐acc=0.978
[ 139/600] loss=3.6277  pred=false  gold=n/a  running‐acc=0.597
Locality eval: pred=true              gold=true  correct=True  running‐acc=0.978
[ 140/600] loss=3.2056  pred=n/a    gold=n/a  running‐acc=0.600
Locality eval: pred=true              gold=true  correct=True  running‐acc=0.979
[ 141/600] loss=3.5224  pred=n/a    gold=n/a  running‐acc=0.603
Locality eval: pred=true              gold=true  correct=True  running‐acc=0.979
[ 142/600] loss=3.4182  pred=n/a    gold=n/a  running‐acc=0.606
Locality eval: pred=true              gold=true  correct=True  running‐acc=0.979
[ 143/600] loss=3.2685  pred=true   gold=true  running‐acc=0.608
Locality eval: pred=n/a               gold=n/a  correct=True  running‐acc=0.979
[ 144/600] loss=3.5724  pred=true   gold=true  running‐acc=0.611
Locality eval: pred=n/a               gold=n/a  correct=True  running‐acc=0.979
[ 145/600] loss=4.5672  pred=true.  gold=true  running‐acc=0.614
Locality eval: pred=n/a               gold=n/a  correct=True  running‐acc=0.979
[ 146/600] loss=4.9541  pred=n/a    gold=true  running‐acc=0.610
Locality eval: pred=n/a               gold=n/a  correct=True  running‐acc=0.979
[ 147/600] loss=3.2763  pred=true   gold=n/a  running‐acc=0.605
Locality eval: pred=true.             gold=true  correct=True  running‐acc=0.980
[ 148/600] loss=4.3986  pred=true   gold=true  running‐acc=0.608
Locality eval: pred=n/a               gold=n/a  correct=True  running‐acc=0.980
[ 149/600] loss=3.2126  pred=true   gold=n/a  running‐acc=0.604
Locality eval: pred=true              gold=true  correct=True  running‐acc=0.980
[ 150/600] loss=2.9622  pred=n/a    gold=n/a  running‐acc=0.607
Locality eval: pred=true              gold=true  correct=True  running‐acc=0.980
[ 151/600] loss=3.3748  pred=true   gold=true  running‐acc=0.609
Locality eval: pred=n/a               gold=n/a  correct=True  running‐acc=0.980
[ 152/600] loss=3.4998  pred=true   gold=true  running‐acc=0.612
Locality eval: pred=n/a               gold=n/a  correct=True  running‐acc=0.980
[ 153/600] loss=3.1592  pred=n/a    gold=n/a  running‐acc=0.614
Locality eval: pred=n/a               gold=true  correct=False  running‐acc=0.974
[ 154/600] loss=3.4594  pred=true   gold=n/a  running‐acc=0.610
Locality eval: pred=true              gold=true  correct=True  running‐acc=0.974
[ 155/600] loss=2.9992  pred=true   gold=true  running‐acc=0.613
Locality eval: pred=n/a               gold=n/a  correct=True  running‐acc=0.974
[ 156/600] loss=3.0292  pred=true   gold=n/a  running‐acc=0.609
Locality eval: pred=true              gold=true  correct=True  running‐acc=0.974
[ 157/600] loss=4.6844  pred=true   gold=true  running‐acc=0.611
Locality eval: pred=n/a               gold=n/a  correct=True  running‐acc=0.975
[ 158/600] loss=3.5590  pred=true   gold=n/a  running‐acc=0.608
Locality eval: pred=false.            gold=true  correct=False  running‐acc=0.968
[ 159/600] loss=3.1205  pred=n/a    gold=n/a  running‐acc=0.610
Locality eval: pred=true              gold=true  correct=True  running‐acc=0.969
[ 160/600] loss=4.1843  pred=n/a.   gold=n/a  running‐acc=0.613
Locality eval: pred=true              gold=true  correct=True  running‐acc=0.969
[ 161/600] loss=4.7779  pred=true   gold=true  running‐acc=0.615
Locality eval: pred=false.            gold=n/a  correct=False  running‐acc=0.963
[ 162/600] loss=3.0676  pred=n/a    gold=n/a  running‐acc=0.617
Locality eval: pred=true              gold=true  correct=True  running‐acc=0.963
[ 163/600] loss=3.2832  pred=n/a    gold=n/a  running‐acc=0.620
Locality eval: pred=true              gold=true  correct=True  running‐acc=0.963
[ 164/600] loss=3.5528  pred=false  gold=n/a  running‐acc=0.616
Locality eval: pred=true              gold=true  correct=True  running‐acc=0.963
[ 165/600] loss=4.3744  pred=true   gold=true  running‐acc=0.618
Locality eval: pred=n/a               gold=n/a  correct=True  running‐acc=0.964
[ 166/600] loss=4.3173  pred=true.  gold=true  running‐acc=0.620
Locality eval: pred=n/a               gold=n/a  correct=True  running‐acc=0.964
[ 167/600] loss=3.4156  pred=n/a    gold=n/a  running‐acc=0.623
Locality eval: pred=n/a               gold=true  correct=False  running‐acc=0.958
[ 168/600] loss=3.8654  pred=n/a    gold=true  running‐acc=0.619
Locality eval: pred=n/a               gold=n/a  correct=True  running‐acc=0.958
[ 169/600] loss=3.0957  pred=true   gold=n/a  running‐acc=0.615
Locality eval: pred=true              gold=true  correct=True  running‐acc=0.959
[ 170/600] loss=3.0738  pred=false.  gold=n/a  running‐acc=0.612
Locality eval: pred=true              gold=true  correct=True  running‐acc=0.959
[ 171/600] loss=3.3866  pred=n/a    gold=n/a  running‐acc=0.614
Locality eval: pred=true              gold=true  correct=True  running‐acc=0.959
[ 172/600] loss=4.5917  pred=true   gold=true  running‐acc=0.616
Locality eval: pred=n/a               gold=n/a  correct=True  running‐acc=0.959
[ 173/600] loss=3.0671  pred=n/a    gold=n/a  running‐acc=0.618
Locality eval: pred=true              gold=true  correct=True  running‐acc=0.960
[ 174/600] loss=4.4625  pred=true   gold=true  running‐acc=0.621
Locality eval: pred=n/a               gold=n/a  correct=True  running‐acc=0.960
[ 175/600] loss=4.0453  pred=true   gold=true  running‐acc=0.623
Locality eval: pred=n/a               gold=n/a  correct=True  running‐acc=0.960
[ 176/600] loss=3.5638  pred=true   gold=n/a  running‐acc=0.619
Locality eval: pred=true              gold=true  correct=True  running‐acc=0.960
[ 177/600] loss=4.6595  pred=n/a    gold=true  running‐acc=0.616
Locality eval: pred=n/a               gold=n/a  correct=True  running‐acc=0.960
[ 178/600] loss=4.1809  pred=true   gold=n/a  running‐acc=0.612
Locality eval: pred=true              gold=true  correct=True  running‐acc=0.961
[ 179/600] loss=3.9982  pred=true   gold=n/a  running‐acc=0.609
Locality eval: pred=n/a               gold=true  correct=False  running‐acc=0.955
[ 180/600] loss=4.5542  pred=false.  gold=true  running‐acc=0.606
Locality eval: pred=n/a               gold=n/a  correct=True  running‐acc=0.956
[ 181/600] loss=3.4378  pred=true   gold=n/a  running‐acc=0.602
Locality eval: pred=true              gold=true  correct=True  running‐acc=0.956
[ 182/600] loss=3.9365  pred=n/a    gold=n/a  running‐acc=0.604
Locality eval: pred=true              gold=true  correct=True  running‐acc=0.956
[ 183/600] loss=4.5918  pred=true   gold=true  running‐acc=0.607
Locality eval: pred=n/a               gold=n/a  correct=True  running‐acc=0.956
[ 184/600] loss=4.9867  pred=n/a    gold=true  running‐acc=0.603
Locality eval: pred=n/a.              gold=n/a  correct=True  running‐acc=0.957
[ 185/600] loss=3.8284  pred=true   gold=true  running‐acc=0.605
Locality eval: pred=n/a               gold=n/a  correct=True  running‐acc=0.957
[ 186/600] loss=4.3093  pred=true   gold=true  running‐acc=0.608
Locality eval: pred=n/a               gold=n/a  correct=True  running‐acc=0.957
[ 187/600] loss=3.1905  pred=n/a    gold=n/a  running‐acc=0.610
Locality eval: pred=true              gold=true  correct=True  running‐acc=0.957
[ 188/600] loss=3.1315  pred=n/a    gold=n/a  running‐acc=0.612
Locality eval: pred=true              gold=true  correct=True  running‐acc=0.957
[ 189/600] loss=4.1182  pred=true   gold=true  running‐acc=0.614
Locality eval: pred=n/a               gold=n/a  correct=True  running‐acc=0.958
[ 190/600] loss=3.8910  pred=true.  gold=n/a  running‐acc=0.611
Locality eval: pred=true              gold=true  correct=True  running‐acc=0.958
[ 191/600] loss=3.7822  pred=true.  gold=n/a  running‐acc=0.607
Locality eval: pred=true              gold=true  correct=True  running‐acc=0.958
[ 192/600] loss=3.1640  pred=true   gold=n/a  running‐acc=0.604
Locality eval: pred=true              gold=true  correct=True  running‐acc=0.958
[ 193/600] loss=4.7278  pred=       gold=true  running‐acc=0.601
Locality eval: pred=n/a               gold=n/a  correct=True  running‐acc=0.959
[ 194/600] loss=3.9941  pred=true   gold=true  running‐acc=0.603
Locality eval: pred=n/a               gold=n/a  correct=True  running‐acc=0.959
[ 195/600] loss=3.9177  pred=true   gold=true  running‐acc=0.605
Locality eval: pred=n/a               gold=n/a  correct=True  running‐acc=0.959
[ 196/600] loss=4.3467  pred=true   gold=true  running‐acc=0.607
Locality eval: pred=n/a               gold=n/a  correct=True  running‐acc=0.959
[ 197/600] loss=3.8954  pred=true   gold=true  running‐acc=0.609
Locality eval: pred=n/a               gold=n/a  correct=True  running‐acc=0.959
[ 198/600] loss=3.2517  pred=n/a    gold=n/a  running‐acc=0.611
Locality eval: pred=true              gold=true  correct=True  running‐acc=0.960
[ 199/600] loss=4.2188  pred=true   gold=true  running‐acc=0.613
Locality eval: pred=n/a               gold=n/a  correct=True  running‐acc=0.960
[ 200/600] loss=4.8367  pred=true   gold=true  running‐acc=0.615
Locality eval: pred=n/a.              gold=n/a  correct=True  running‐acc=0.960
[ 201/600] loss=2.8754  pred=false.  gold=n/a  running‐acc=0.612
Locality eval: pred=n/a               gold=true  correct=False  running‐acc=0.955
[ 202/600] loss=3.1384  pred=n/a    gold=n/a  running‐acc=0.614
Locality eval: pred=true              gold=true  correct=True  running‐acc=0.955
[ 203/600] loss=4.1473  pred=true   gold=true  running‐acc=0.616
Locality eval: pred=n/a               gold=n/a  correct=True  running‐acc=0.956
[ 204/600] loss=2.8991  pred=n/a    gold=n/a  running‐acc=0.618
Locality eval: pred=true              gold=true  correct=True  running‐acc=0.956
[ 205/600] loss=5.5339  pred=true   gold=true  running‐acc=0.620
Locality eval: pred=n/a               gold=n/a  correct=True  running‐acc=0.956
[ 206/600] loss=3.0143  pred=n/a    gold=n/a  running‐acc=0.621
Locality eval: pred=true              gold=true  correct=True  running‐acc=0.956
[ 207/600] loss=3.9406  pred=false.  gold=n/a  running‐acc=0.618
Locality eval: pred=true              gold=true  correct=True  running‐acc=0.957
[ 208/600] loss=4.5957  pred=true   gold=true  running‐acc=0.620
Locality eval: pred=n/a               gold=n/a  correct=True  running‐acc=0.957
[ 209/600] loss=3.2165  pred=true   gold=n/a  running‐acc=0.617
Locality eval: pred=true              gold=true  correct=True  running‐acc=0.957
[ 210/600] loss=3.2944  pred=n/a    gold=n/a  running‐acc=0.619
Locality eval: pred=true              gold=true  correct=True  running‐acc=0.957
[ 211/600] loss=3.9391  pred=true   gold=true  running‐acc=0.621
Locality eval: pred=n/a               gold=n/a  correct=True  running‐acc=0.957
[ 212/600] loss=2.8555  pred=true   gold=n/a  running‐acc=0.618
Locality eval: pred=true              gold=true  correct=True  running‐acc=0.958
[ 213/600] loss=6.0673  pred=false  gold=true  running‐acc=0.615
Locality eval: pred=n/a               gold=n/a  correct=True  running‐acc=0.958
[ 214/600] loss=2.7506  pred=n/a    gold=n/a  running‐acc=0.617
Locality eval: pred=true              gold=true  correct=True  running‐acc=0.958
[ 215/600] loss=3.7150  pred=true   gold=true  running‐acc=0.619
Locality eval: pred=n/a               gold=n/a  correct=True  running‐acc=0.958
[ 216/600] loss=3.3900  pred=n/a    gold=n/a  running‐acc=0.620
Locality eval: pred=true              gold=true  correct=True  running‐acc=0.958
[ 217/600] loss=5.0913  pred=false.  gold=true  running‐acc=0.618
Locality eval: pred=true              gold=n/a  correct=False  running‐acc=0.954
[ 218/600] loss=3.6011  pred=n/a.   gold=n/a  running‐acc=0.619
Locality eval: pred=true              gold=true  correct=True  running‐acc=0.954
[ 219/600] loss=3.6719  pred=true   gold=true  running‐acc=0.621
Locality eval: pred=n/a               gold=n/a  correct=True  running‐acc=0.954
[ 220/600] loss=3.7915  pred=true   gold=n/a  running‐acc=0.618
Locality eval: pred=true              gold=true  correct=True  running‐acc=0.955
[ 221/600] loss=3.5544  pred=true   gold=n/a  running‐acc=0.615
Locality eval: pred=true              gold=true  correct=True  running‐acc=0.955
[ 222/600] loss=4.3029  pred=n/a    gold=n/a  running‐acc=0.617
Locality eval: pred=true              gold=true  correct=True  running‐acc=0.955
[ 223/600] loss=3.2543  pred=n/a.   gold=n/a  running‐acc=0.619
Locality eval: pred=true              gold=true  correct=True  running‐acc=0.955
[ 224/600] loss=3.1102  pred=true   gold=n/a  running‐acc=0.616
Locality eval: pred=true              gold=true  correct=True  running‐acc=0.955
[ 225/600] loss=3.1632  pred=false  gold=n/a  running‐acc=0.613
Locality eval: pred=true              gold=true  correct=True  running‐acc=0.956
[ 226/600] loss=4.6114  pred=true   gold=true  running‐acc=0.615
Locality eval: pred=n/a               gold=n/a  correct=True  running‐acc=0.956
[ 227/600] loss=2.7408  pred=n/a    gold=n/a  running‐acc=0.617
Locality eval: pred=true              gold=true  correct=True  running‐acc=0.956
[ 228/600] loss=3.1908  pred=n/a    gold=n/a  running‐acc=0.618
Locality eval: pred=true              gold=true  correct=True  running‐acc=0.956
[ 229/600] loss=3.5629  pred=true   gold=n/a  running‐acc=0.616
Locality eval: pred=true              gold=true  correct=True  running‐acc=0.956
[ 230/600] loss=2.9676  pred=n/a    gold=n/a  running‐acc=0.617
Locality eval: pred=true              gold=true  correct=True  running‐acc=0.957
[ 231/600] loss=3.9954  pred=true   gold=n/a  running‐acc=0.615
Locality eval: pred=true              gold=true  correct=True  running‐acc=0.957
[ 232/600] loss=3.4542  pred=false.  gold=n/a  running‐acc=0.612
Locality eval: pred=true              gold=true  correct=True  running‐acc=0.957
[ 233/600] loss=5.9672  pred=true   gold=true  running‐acc=0.614
Locality eval: pred=n/a               gold=n/a  correct=True  running‐acc=0.957
[ 234/600] loss=4.2292  pred=true   gold=true  running‐acc=0.615
Locality eval: pred=n/a               gold=n/a  correct=True  running‐acc=0.957
[ 235/600] loss=2.8976  pred=n/a    gold=n/a  running‐acc=0.617
Locality eval: pred=true              gold=true  correct=True  running‐acc=0.957
[ 236/600] loss=3.4611  pred=true   gold=n/a  running‐acc=0.614
Locality eval: pred=true.             gold=true  correct=True  running‐acc=0.958
[ 237/600] loss=4.3765  pred=false  gold=true  running‐acc=0.612
Locality eval: pred=n/a               gold=n/a  correct=True  running‐acc=0.958
[ 238/600] loss=3.9965  pred=true   gold=n/a  running‐acc=0.609
Locality eval: pred=true              gold=true  correct=True  running‐acc=0.958
[ 239/600] loss=3.5221  pred=false  gold=n/a  running‐acc=0.607
Locality eval: pred=true              gold=true  correct=True  running‐acc=0.958
[ 240/600] loss=5.2002  pred=n/a    gold=true  running‐acc=0.604
Locality eval: pred=n/a               gold=n/a  correct=True  running‐acc=0.958
[ 241/600] loss=4.2953  pred=false  gold=n/a  running‐acc=0.602
Locality eval: pred=true              gold=true  correct=True  running‐acc=0.959
[ 242/600] loss=3.1633  pred=n/a    gold=n/a  running‐acc=0.603
Locality eval: pred=n/a               gold=true  correct=False  running‐acc=0.955
[ 243/600] loss=3.4928  pred=true   gold=n/a  running‐acc=0.601
Locality eval: pred=n/a               gold=true  correct=False  running‐acc=0.951
[ 244/600] loss=4.2938  pred=true.  gold=true  running‐acc=0.602
Locality eval: pred=n/a               gold=n/a  correct=True  running‐acc=0.951
[ 245/600] loss=5.0734  pred=false  gold=true  running‐acc=0.600
Locality eval: pred=n/a               gold=n/a  correct=True  running‐acc=0.951
[ 246/600] loss=4.0431  pred=true   gold=true  running‐acc=0.602
Locality eval: pred=n/a               gold=n/a  correct=True  running‐acc=0.951
[ 247/600] loss=4.6146  pred=true   gold=true  running‐acc=0.603
Locality eval: pred=n/a               gold=n/a  correct=True  running‐acc=0.951
[ 248/600] loss=4.6938  pred=true   gold=true  running‐acc=0.605
Locality eval: pred=n/a               gold=n/a  correct=True  running‐acc=0.952
[ 249/600] loss=3.1122  pred=true.  gold=n/a  running‐acc=0.602
Locality eval: pred=true              gold=true  correct=True  running‐acc=0.952
[ 250/600] loss=4.4130  pred=true   gold=true  running‐acc=0.604
Locality eval: pred=n/a               gold=n/a  correct=True  running‐acc=0.952
[ 251/600] loss=3.1128  pred=true   gold=n/a  running‐acc=0.602
Locality eval: pred=true              gold=true  correct=True  running‐acc=0.952
[ 252/600] loss=3.3654  pred=true   gold=n/a  running‐acc=0.599
Locality eval: pred=true              gold=true  correct=True  running‐acc=0.952
[ 253/600] loss=4.5904  pred=true   gold=true  running‐acc=0.601
Locality eval: pred=n/a               gold=n/a  correct=True  running‐acc=0.953
[ 254/600] loss=4.6701  pred=true   gold=true  running‐acc=0.602
Locality eval: pred=n/a               gold=n/a  correct=True  running‐acc=0.953
[ 255/600] loss=3.9107  pred=true   gold=n/a  running‐acc=0.600
Locality eval: pred=true              gold=true  correct=True  running‐acc=0.953
[ 256/600] loss=2.9979  pred=n/a    gold=n/a  running‐acc=0.602
Locality eval: pred=true              gold=true  correct=True  running‐acc=0.953
[ 257/600] loss=3.7166  pred=n/a    gold=n/a  running‐acc=0.603
Locality eval: pred=true              gold=true  correct=True  running‐acc=0.953
[ 258/600] loss=3.4315  pred=n/a    gold=n/a  running‐acc=0.605
Locality eval: pred=true              gold=true  correct=True  running‐acc=0.953
[ 259/600] loss=3.6749  pred=true   gold=true  running‐acc=0.606
Locality eval: pred=n/a               gold=n/a  correct=True  running‐acc=0.954
[ 260/600] loss=4.5201  pred=true   gold=true  running‐acc=0.608
Locality eval: pred=n/a               gold=n/a  correct=True  running‐acc=0.954
[ 261/600] loss=4.4806  pred=true   gold=true  running‐acc=0.609
Locality eval: pred=false.            gold=n/a  correct=False  running‐acc=0.950
[ 262/600] loss=3.9744  pred=true   gold=true  running‐acc=0.611
Locality eval: pred=n/a               gold=n/a  correct=True  running‐acc=0.950
[ 263/600] loss=3.0307  pred=true   gold=n/a  running‐acc=0.608
Locality eval: pred=true              gold=true  correct=True  running‐acc=0.951
[ 264/600] loss=3.1269  pred=false.  gold=n/a  running‐acc=0.606
Locality eval: pred=true              gold=true  correct=True  running‐acc=0.951
[ 265/600] loss=5.0838  pred=true   gold=true  running‐acc=0.608
Locality eval: pred=n/a               gold=n/a  correct=True  running‐acc=0.951
[ 266/600] loss=3.8789  pred=n/a    gold=n/a  running‐acc=0.609
Locality eval: pred=true              gold=true  correct=True  running‐acc=0.951
[ 267/600] loss=3.2392  pred=false  gold=n/a  running‐acc=0.607
Locality eval: pred=true              gold=true  correct=True  running‐acc=0.951
[ 268/600] loss=4.4311  pred=true   gold=true  running‐acc=0.608
Locality eval: pred=n/a               gold=n/a  correct=True  running‐acc=0.951
[ 269/600] loss=3.2005  pred=false  gold=n/a  running‐acc=0.606
Locality eval: pred=true              gold=true  correct=True  running‐acc=0.952
[ 270/600] loss=3.6325  pred=true   gold=true  running‐acc=0.607
Locality eval: pred=n/a               gold=n/a  correct=True  running‐acc=0.952
[ 271/600] loss=3.0634  pred=n/a    gold=n/a  running‐acc=0.609
Locality eval: pred=true              gold=true  correct=True  running‐acc=0.952
[ 272/600] loss=4.3868  pred=true   gold=true  running‐acc=0.610
Locality eval: pred=n/a               gold=n/a  correct=True  running‐acc=0.952
[ 273/600] loss=3.1396  pred=n/a    gold=n/a  running‐acc=0.612
Locality eval: pred=true              gold=true  correct=True  running‐acc=0.952
[ 274/600] loss=3.1865  pred=n/a    gold=n/a  running‐acc=0.613
Locality eval: pred=true              gold=true  correct=True  running‐acc=0.953
[ 275/600] loss=4.5931  pred=true   gold=true  running‐acc=0.615
Locality eval: pred=n/a               gold=n/a  correct=True  running‐acc=0.953
[ 276/600] loss=3.0902  pred=n/a.   gold=n/a  running‐acc=0.616
Locality eval: pred=true              gold=true  correct=True  running‐acc=0.953
[ 277/600] loss=4.4053  pred=true   gold=true  running‐acc=0.617
Locality eval: pred=n/a               gold=n/a  correct=True  running‐acc=0.953
[ 278/600] loss=3.2525  pred=n/a    gold=n/a  running‐acc=0.619
Locality eval: pred=true              gold=true  correct=True  running‐acc=0.953
[ 279/600] loss=4.6259  pred=true   gold=true  running‐acc=0.620
Locality eval: pred=n/a               gold=n/a  correct=True  running‐acc=0.953
[ 280/600] loss=3.0977  pred=n/a    gold=n/a  running‐acc=0.621
Locality eval: pred=true              gold=true  correct=True  running‐acc=0.954
[ 281/600] loss=4.0143  pred=true   gold=true  running‐acc=0.623
Locality eval: pred=n/a               gold=n/a  correct=True  running‐acc=0.954
[ 282/600] loss=4.5066  pred=false.  gold=true  running‐acc=0.621
Locality eval: pred=n/a               gold=n/a  correct=True  running‐acc=0.954
[ 283/600] loss=3.2932  pred=n/a    gold=n/a  running‐acc=0.622
Locality eval: pred=true              gold=true  correct=True  running‐acc=0.954
[ 284/600] loss=2.8952  pred=n/a    gold=n/a  running‐acc=0.623
Locality eval: pred=true              gold=true  correct=True  running‐acc=0.954
[ 285/600] loss=4.3446  pred=n/a    gold=true  running‐acc=0.621
Locality eval: pred=n/a               gold=n/a  correct=True  running‐acc=0.954
[ 286/600] loss=3.1820  pred=n/a    gold=n/a  running‐acc=0.622
Locality eval: pred=true              gold=true  correct=True  running‐acc=0.955
[ 287/600] loss=2.9429  pred=true   gold=n/a  running‐acc=0.620
Locality eval: pred=true              gold=true  correct=True  running‐acc=0.955
[ 288/600] loss=4.1779  pred=true.  gold=true  running‐acc=0.622
Locality eval: pred=n/a               gold=n/a  correct=True  running‐acc=0.955
[ 289/600] loss=4.8502  pred=true   gold=true  running‐acc=0.623
Locality eval: pred=n/a               gold=n/a  correct=True  running‐acc=0.955
[ 290/600] loss=3.1005  pred=n/a    gold=n/a  running‐acc=0.624
Locality eval: pred=true              gold=true  correct=True  running‐acc=0.955
[ 291/600] loss=4.4058  pred=true   gold=true  running‐acc=0.625
Locality eval: pred=true              gold=n/a  correct=False  running‐acc=0.952
[ 292/600] loss=4.1409  pred=true   gold=true  running‐acc=0.627
Locality eval: pred=n/a               gold=n/a  correct=True  running‐acc=0.952
[ 293/600] loss=4.5719  pred=n/a    gold=true  running‐acc=0.625
Locality eval: pred=n/a               gold=n/a  correct=True  running‐acc=0.952
[ 294/600] loss=4.1209  pred=true   gold=true  running‐acc=0.626
Locality eval: pred=n/a               gold=n/a  correct=True  running‐acc=0.952
[ 295/600] loss=3.6482  pred=true   gold=n/a  running‐acc=0.624
Locality eval: pred=true              gold=true  correct=True  running‐acc=0.953
[ 296/600] loss=3.3389  pred=true   gold=n/a  running‐acc=0.622
Locality eval: pred=true              gold=true  correct=True  running‐acc=0.953
[ 297/600] loss=5.2568  pred=false  gold=true  running‐acc=0.620
Locality eval: pred=n/a               gold=n/a  correct=True  running‐acc=0.953
[ 298/600] loss=3.3664  pred=true   gold=true  running‐acc=0.621
Locality eval: pred=n/a               gold=n/a  correct=True  running‐acc=0.953
[ 299/600] loss=2.9733  pred=n/a    gold=n/a  running‐acc=0.622
Locality eval: pred=true              gold=true  correct=True  running‐acc=0.953
[ 300/600] loss=3.3610  pred=true   gold=n/a  running‐acc=0.620
Locality eval: pred=true              gold=true  correct=True  running‐acc=0.953
[ 301/600] loss=4.4691  pred=n/a    gold=true  running‐acc=0.618
Locality eval: pred=n/a               gold=n/a  correct=True  running‐acc=0.953
[ 302/600] loss=4.3152  pred=true.  gold=true  running‐acc=0.619
Locality eval: pred=n/a               gold=n/a  correct=True  running‐acc=0.954
[ 303/600] loss=3.7549  pred=true   gold=true  running‐acc=0.620
Locality eval: pred=n/a               gold=n/a  correct=True  running‐acc=0.954
[ 304/600] loss=4.9514  pred=true   gold=true  running‐acc=0.622
Locality eval: pred=n/a               gold=n/a  correct=True  running‐acc=0.954
[ 305/600] loss=5.0468  pred=n/a    gold=true  running‐acc=0.620
Locality eval: pred=n/a               gold=n/a  correct=True  running‐acc=0.954
[ 306/600] loss=4.1468  pred=true   gold=true  running‐acc=0.621
Locality eval: pred=n/a               gold=n/a  correct=True  running‐acc=0.954
[ 307/600] loss=4.0921  pred=true   gold=true  running‐acc=0.622
Locality eval: pred=n/a               gold=n/a  correct=True  running‐acc=0.954
[ 308/600] loss=4.7880  pred=true   gold=true  running‐acc=0.623
Locality eval: pred=n/a               gold=n/a  correct=True  running‐acc=0.955
[ 309/600] loss=4.0614  pred=true   gold=true  running‐acc=0.625
Locality eval: pred=n/a               gold=n/a  correct=True  running‐acc=0.955
[ 310/600] loss=4.0106  pred=n/a    gold=n/a  running‐acc=0.626
Locality eval: pred=true              gold=true  correct=True  running‐acc=0.955
[ 311/600] loss=4.5594  pred=true   gold=true  running‐acc=0.627
Locality eval: pred=n/a               gold=n/a  correct=True  running‐acc=0.955
[ 312/600] loss=4.1702  pred=true   gold=true  running‐acc=0.628
Locality eval: pred=n/a               gold=n/a  correct=True  running‐acc=0.955
[ 313/600] loss=2.9197  pred=n/a    gold=n/a  running‐acc=0.629
Locality eval: pred=true              gold=true  correct=True  running‐acc=0.955
[ 314/600] loss=2.9686  pred=true   gold=n/a  running‐acc=0.627
Locality eval: pred=true.             gold=true  correct=True  running‐acc=0.955
[ 315/600] loss=2.9442  pred=true   gold=n/a  running‐acc=0.625
Locality eval: pred=true              gold=true  correct=True  running‐acc=0.956
[ 316/600] loss=4.4739  pred=true   gold=true  running‐acc=0.627
Locality eval: pred=n/a               gold=n/a  correct=True  running‐acc=0.956
[ 317/600] loss=4.1247  pred=true   gold=true  running‐acc=0.628
Locality eval: pred=n/a               gold=n/a  correct=True  running‐acc=0.956
[ 318/600] loss=4.0957  pred=true   gold=true  running‐acc=0.629
Locality eval: pred=n/a               gold=n/a  correct=True  running‐acc=0.956
[ 319/600] loss=3.0314  pred=n/a    gold=n/a  running‐acc=0.630
Locality eval: pred=true              gold=true  correct=True  running‐acc=0.956
[ 320/600] loss=3.1011  pred=true   gold=n/a  running‐acc=0.628
Locality eval: pred=true              gold=true  correct=True  running‐acc=0.956
[ 321/600] loss=4.1269  pred=n/a    gold=true  running‐acc=0.626
Locality eval: pred=n/a               gold=n/a  correct=True  running‐acc=0.956
[ 322/600] loss=3.9259  pred=true   gold=true  running‐acc=0.627
Locality eval: pred=n/a               gold=n/a  correct=True  running‐acc=0.957
[ 323/600] loss=3.0514  pred=true   gold=n/a  running‐acc=0.625
Locality eval: pred=true              gold=true  correct=True  running‐acc=0.957
[ 324/600] loss=3.4416  pred=n/a    gold=n/a  running‐acc=0.627
Locality eval: pred=true              gold=true  correct=True  running‐acc=0.957
[ 325/600] loss=4.8101  pred=true   gold=true  running‐acc=0.628
Locality eval: pred=true              gold=n/a  correct=False  running‐acc=0.954
[ 326/600] loss=3.0834  pred=true   gold=n/a  running‐acc=0.626
Locality eval: pred=true              gold=true  correct=True  running‐acc=0.954
[ 327/600] loss=4.6398  pred=n/a    gold=true  running‐acc=0.624
Locality eval: pred=n/a               gold=n/a  correct=True  running‐acc=0.954
[ 328/600] loss=2.9562  pred=true   gold=n/a  running‐acc=0.622
Locality eval: pred=true              gold=true  correct=True  running‐acc=0.954
[ 329/600] loss=3.6569  pred=true   gold=true  running‐acc=0.623
Locality eval: pred=n/a               gold=n/a  correct=True  running‐acc=0.954
[ 330/600] loss=3.2145  pred=n/a    gold=n/a  running‐acc=0.624
Locality eval: pred=true              gold=true  correct=True  running‐acc=0.955
[ 331/600] loss=4.1078  pred=true   gold=true  running‐acc=0.625
Locality eval: pred=n/a               gold=n/a  correct=True  running‐acc=0.955
[ 332/600] loss=3.2014  pred=false  gold=n/a  running‐acc=0.623
Locality eval: pred=true              gold=true  correct=True  running‐acc=0.955
[ 333/600] loss=3.6132  pred=true   gold=true  running‐acc=0.625
Locality eval: pred=n/a               gold=n/a  correct=True  running‐acc=0.955
[ 334/600] loss=4.3950  pred=true   gold=n/a  running‐acc=0.623
Locality eval: pred=true              gold=true  correct=True  running‐acc=0.955
[ 335/600] loss=4.5541  pred=true   gold=true  running‐acc=0.624
Locality eval: pred=n/a               gold=n/a  correct=True  running‐acc=0.955
[ 336/600] loss=3.1025  pred=true   gold=n/a  running‐acc=0.622
Locality eval: pred=true              gold=true  correct=True  running‐acc=0.955
[ 337/600] loss=4.0472  pred=true   gold=n/a  running‐acc=0.620
Locality eval: pred=true              gold=true  correct=True  running‐acc=0.955
[ 338/600] loss=3.0610  pred=n/a    gold=n/a  running‐acc=0.621
Locality eval: pred=true              gold=true  correct=True  running‐acc=0.956
[ 339/600] loss=3.2092  pred=false  gold=n/a  running‐acc=0.619
Locality eval: pred=n/a               gold=true  correct=False  running‐acc=0.953
[ 340/600] loss=2.9445  pred=n/a    gold=n/a  running‐acc=0.621
Locality eval: pred=true              gold=true  correct=True  running‐acc=0.953
[ 341/600] loss=4.4628  pred=true   gold=true  running‐acc=0.622
Locality eval: pred=n/a               gold=n/a  correct=True  running‐acc=0.953
[ 342/600] loss=5.1683  pred=true   gold=true  running‐acc=0.623
Locality eval: pred=n/a               gold=n/a  correct=True  running‐acc=0.953
[ 343/600] loss=2.4143  pred=n/a    gold=n/a  running‐acc=0.624
Locality eval: pred=true              gold=true  correct=True  running‐acc=0.953
[ 344/600] loss=3.9528  pred=true   gold=true  running‐acc=0.625
Locality eval: pred=n/a               gold=n/a  correct=True  running‐acc=0.953
[ 345/600] loss=2.9719  pred=n/a    gold=n/a  running‐acc=0.626
Locality eval: pred=true              gold=true  correct=True  running‐acc=0.954
[ 346/600] loss=3.9310  pred=true   gold=true  running‐acc=0.627
Locality eval: pred=n/a               gold=n/a  correct=True  running‐acc=0.954
[ 347/600] loss=2.9676  pred=false.  gold=n/a  running‐acc=0.625
Locality eval: pred=true              gold=true  correct=True  running‐acc=0.954
[ 348/600] loss=3.0538  pred=true   gold=n/a  running‐acc=0.624
Locality eval: pred=true              gold=true  correct=True  running‐acc=0.954
[ 349/600] loss=3.3933  pred=false.  gold=n/a  running‐acc=0.622
Locality eval: pred=true              gold=true  correct=True  running‐acc=0.954
[ 350/600] loss=3.0084  pred=true   gold=n/a  running‐acc=0.620
Locality eval: pred=true              gold=true  correct=True  running‐acc=0.954
[ 351/600] loss=3.1896  pred=true   gold=n/a  running‐acc=0.618
Locality eval: pred=true              gold=true  correct=True  running‐acc=0.954
[ 352/600] loss=3.2532  pred=n/a    gold=n/a  running‐acc=0.619
Locality eval: pred=true              gold=true  correct=True  running‐acc=0.955
[ 353/600] loss=3.1954  pred=n/a    gold=n/a  running‐acc=0.620
Locality eval: pred=n/a               gold=true  correct=False  running‐acc=0.952
[ 354/600] loss=4.5908  pred=true   gold=true  running‐acc=0.621
Locality eval: pred=n/a               gold=n/a  correct=True  running‐acc=0.952
[ 355/600] loss=3.8394  pred=true   gold=true  running‐acc=0.623
Locality eval: pred=n/a               gold=n/a  correct=True  running‐acc=0.952
[ 356/600] loss=4.6226  pred=true   gold=true  running‐acc=0.624
Locality eval: pred=n/a.              gold=n/a  correct=True  running‐acc=0.952
[ 357/600] loss=4.2411  pred=n/a    gold=true  running‐acc=0.622
Locality eval: pred=n/a               gold=n/a  correct=True  running‐acc=0.952
[ 358/600] loss=4.7552  pred=true   gold=true  running‐acc=0.623
Locality eval: pred=n/a               gold=n/a  correct=True  running‐acc=0.953
[ 359/600] loss=4.4743  pred=true   gold=true  running‐acc=0.624
Locality eval: pred=n/a               gold=n/a  correct=True  running‐acc=0.953
[ 360/600] loss=3.4351  pred=true   gold=n/a  running‐acc=0.622
Locality eval: pred=true              gold=true  correct=True  running‐acc=0.953
[ 361/600] loss=4.2690  pred=true   gold=true  running‐acc=0.623
Locality eval: pred=n/a               gold=n/a  correct=True  running‐acc=0.953
[ 362/600] loss=4.3835  pred=true   gold=true  running‐acc=0.624
Locality eval: pred=n/a               gold=n/a  correct=True  running‐acc=0.953
[ 363/600] loss=2.8033  pred=n/a    gold=n/a  running‐acc=0.625
Locality eval: pred=true              gold=true  correct=True  running‐acc=0.953
[ 364/600] loss=5.2022  pred=true   gold=true  running‐acc=0.626
Locality eval: pred=n/a               gold=n/a  correct=True  running‐acc=0.953
[ 365/600] loss=4.4706  pred=true   gold=true  running‐acc=0.627
Locality eval: pred=n/a               gold=n/a  correct=True  running‐acc=0.953
[ 366/600] loss=3.4214  pred=true   gold=n/a  running‐acc=0.626
Locality eval: pred=true              gold=true  correct=True  running‐acc=0.954
[ 367/600] loss=3.3123  pred=n/a    gold=n/a  running‐acc=0.627
Locality eval: pred=true              gold=true  correct=True  running‐acc=0.954
[ 368/600] loss=4.4355  pred=true   gold=true  running‐acc=0.628
Locality eval: pred=n/a               gold=n/a  correct=True  running‐acc=0.954
[ 369/600] loss=3.4255  pred=true.  gold=n/a  running‐acc=0.626
Locality eval: pred=true              gold=true  correct=True  running‐acc=0.954
[ 370/600] loss=3.2982  pred=n/a.   gold=n/a  running‐acc=0.627
Locality eval: pred=true              gold=true  correct=True  running‐acc=0.954
[ 371/600] loss=4.3383  pred=true   gold=true  running‐acc=0.628
Locality eval: pred=n/a               gold=n/a  correct=True  running‐acc=0.954
[ 372/600] loss=4.8884  pred=false  gold=true  running‐acc=0.626
Locality eval: pred=n/a               gold=n/a  correct=True  running‐acc=0.954
[ 373/600] loss=4.0261  pred=true   gold=true  running‐acc=0.627
Locality eval: pred=n/a               gold=n/a  correct=True  running‐acc=0.954
[ 374/600] loss=3.0043  pred=n/a    gold=n/a  running‐acc=0.628
Locality eval: pred=true.             gold=true  correct=True  running‐acc=0.955
[ 375/600] loss=4.6190  pred=n/a    gold=true  running‐acc=0.627
Locality eval: pred=true              gold=n/a  correct=False  running‐acc=0.952
[ 376/600] loss=4.1265  pred=true   gold=true  running‐acc=0.628
Locality eval: pred=n/a               gold=n/a  correct=True  running‐acc=0.952
[ 377/600] loss=4.6318  pred=false  gold=true  running‐acc=0.626
Locality eval: pred=n/a               gold=n/a  correct=True  running‐acc=0.952
[ 378/600] loss=5.5465  pred=true   gold=true  running‐acc=0.627
Locality eval: pred=n/a               gold=n/a  correct=True  running‐acc=0.952
[ 379/600] loss=3.9139  pred=true   gold=true  running‐acc=0.628
Locality eval: pred=n/a               gold=n/a  correct=True  running‐acc=0.953
[ 380/600] loss=4.2323  pred=false.  gold=true  running‐acc=0.626
Locality eval: pred=n/a               gold=n/a  correct=True  running‐acc=0.953
[ 381/600] loss=3.1796  pred=n/a    gold=n/a  running‐acc=0.627
Locality eval: pred=true              gold=true  correct=True  running‐acc=0.953
[ 382/600] loss=3.1837  pred=n/a    gold=n/a  running‐acc=0.628
Locality eval: pred=true              gold=true  correct=True  running‐acc=0.953
[ 383/600] loss=3.1698  pred=true.  gold=n/a  running‐acc=0.627
Locality eval: pred=true              gold=true  correct=True  running‐acc=0.953
[ 384/600] loss=3.4851  pred=n/a    gold=n/a  running‐acc=0.628
Locality eval: pred=true              gold=true  correct=True  running‐acc=0.953
[ 385/600] loss=4.6893  pred=true   gold=true  running‐acc=0.629
Locality eval: pred=n/a               gold=n/a  correct=True  running‐acc=0.953
[ 386/600] loss=4.6255  pred=true   gold=true  running‐acc=0.630
Locality eval: pred=n/a               gold=n/a  correct=True  running‐acc=0.953
[ 387/600] loss=3.0181  pred=true   gold=n/a  running‐acc=0.628
Locality eval: pred=true              gold=true  correct=True  running‐acc=0.953
[ 388/600] loss=4.2822  pred=true   gold=true  running‐acc=0.629
Locality eval: pred=n/a               gold=n/a  correct=True  running‐acc=0.954
[ 389/600] loss=3.4737  pred=n/a    gold=n/a  running‐acc=0.630
Locality eval: pred=true              gold=true  correct=True  running‐acc=0.954
[ 390/600] loss=4.3519  pred=n/a    gold=true  running‐acc=0.628
Locality eval: pred=n/a               gold=n/a  correct=True  running‐acc=0.954
[ 391/600] loss=4.3509  pred=true   gold=true  running‐acc=0.629
Locality eval: pred=n/a               gold=n/a  correct=True  running‐acc=0.954
[ 392/600] loss=3.1119  pred=true   gold=n/a  running‐acc=0.628
Locality eval: pred=true.             gold=true  correct=True  running‐acc=0.954
[ 393/600] loss=3.4667  pred=true.  gold=n/a  running‐acc=0.626
Locality eval: pred=true              gold=true  correct=True  running‐acc=0.954
[ 394/600] loss=3.4305  pred=n/a    gold=n/a  running‐acc=0.627
Locality eval: pred=true              gold=true  correct=True  running‐acc=0.954
[ 395/600] loss=4.4720  pred=true   gold=true  running‐acc=0.628
Locality eval: pred=n/a               gold=n/a  correct=True  running‐acc=0.954
[ 396/600] loss=4.6878  pred=true   gold=true  running‐acc=0.629
Locality eval: pred=n/a.              gold=n/a  correct=True  running‐acc=0.955
[ 397/600] loss=3.1163  pred=n/a    gold=n/a  running‐acc=0.630
Locality eval: pred=true              gold=true  correct=True  running‐acc=0.955
[ 398/600] loss=3.7913  pred=true   gold=true  running‐acc=0.631
Locality eval: pred=n/a               gold=n/a  correct=True  running‐acc=0.955
[ 399/600] loss=3.3492  pred=false  gold=n/a  running‐acc=0.629
Locality eval: pred=true              gold=true  correct=True  running‐acc=0.955
[ 400/600] loss=3.6806  pred=true   gold=true  running‐acc=0.630
Locality eval: pred=n/a               gold=n/a  correct=True  running‐acc=0.955
[ 401/600] loss=5.2815  pred=true   gold=true  running‐acc=0.631
Locality eval: pred=n/a               gold=n/a  correct=True  running‐acc=0.955
[ 402/600] loss=3.3451  pred=n/a    gold=n/a  running‐acc=0.632
Locality eval: pred=true              gold=true  correct=True  running‐acc=0.955
[ 403/600] loss=4.1111  pred=true   gold=true  running‐acc=0.633
Locality eval: pred=n/a               gold=n/a  correct=True  running‐acc=0.955
[ 404/600] loss=4.0285  pred=true   gold=true  running‐acc=0.634
Locality eval: pred=n/a               gold=n/a  correct=True  running‐acc=0.955
[ 405/600] loss=3.0442  pred=n/a    gold=n/a  running‐acc=0.635
Locality eval: pred=true              gold=true  correct=True  running‐acc=0.956
[ 406/600] loss=3.2889  pred=n/a    gold=n/a  running‐acc=0.635
Locality eval: pred=true              gold=true  correct=True  running‐acc=0.956
[ 407/600] loss=4.6224  pred=true   gold=true  running‐acc=0.636
Locality eval: pred=n/a               gold=n/a  correct=True  running‐acc=0.956
[ 408/600] loss=3.1634  pred=n/a    gold=n/a  running‐acc=0.637
Locality eval: pred=true              gold=true  correct=True  running‐acc=0.956
[ 409/600] loss=5.0416  pred=true   gold=true  running‐acc=0.638
Locality eval: pred=n/a               gold=n/a  correct=True  running‐acc=0.956
[ 410/600] loss=3.0300  pred=n/a    gold=n/a  running‐acc=0.639
Locality eval: pred=true              gold=true  correct=True  running‐acc=0.956
[ 411/600] loss=4.0685  pred=true   gold=true  running‐acc=0.640
Locality eval: pred=n/a               gold=n/a  correct=True  running‐acc=0.956
[ 412/600] loss=3.5135  pred=true   gold=true  running‐acc=0.641
Locality eval: pred=n/a.              gold=n/a  correct=True  running‐acc=0.956
[ 413/600] loss=4.5481  pred=false  gold=true  running‐acc=0.639
Locality eval: pred=n/a               gold=n/a  correct=True  running‐acc=0.956
[ 414/600] loss=4.4728  pred=n/a    gold=true  running‐acc=0.638
Locality eval: pred=n/a               gold=n/a  correct=True  running‐acc=0.957
[ 415/600] loss=3.5718  pred=true.  gold=n/a  running‐acc=0.636
Locality eval: pred=true              gold=true  correct=True  running‐acc=0.957
[ 416/600] loss=4.2937  pred=true   gold=true  running‐acc=0.637
Locality eval: pred=n/a               gold=n/a  correct=True  running‐acc=0.957
[ 417/600] loss=3.3233  pred=n/a    gold=n/a  running‐acc=0.638
Locality eval: pred=true.             gold=true  correct=True  running‐acc=0.957
[ 418/600] loss=3.4921  pred=false  gold=n/a  running‐acc=0.636
Locality eval: pred=true              gold=true  correct=True  running‐acc=0.957
[ 419/600] loss=4.3939  pred=true   gold=true  running‐acc=0.637
Locality eval: pred=n/a               gold=n/a  correct=True  running‐acc=0.957
[ 420/600] loss=4.3071  pred=true   gold=true  running‐acc=0.638
Locality eval: pred=n/a               gold=n/a  correct=True  running‐acc=0.957
[ 421/600] loss=4.5414  pred=true   gold=true  running‐acc=0.639
Locality eval: pred=n/a               gold=n/a  correct=True  running‐acc=0.957
[ 422/600] loss=5.2317  pred=true   gold=true  running‐acc=0.640
Locality eval: pred=n/a               gold=n/a  correct=True  running‐acc=0.957
[ 423/600] loss=4.3144  pred=true   gold=true  running‐acc=0.641
Locality eval: pred=n/a               gold=n/a  correct=True  running‐acc=0.957
[ 424/600] loss=3.7496  pred=true   gold=n/a  running‐acc=0.639
Locality eval: pred=true              gold=true  correct=True  running‐acc=0.958
[ 425/600] loss=3.3012  pred=n/a    gold=n/a  running‐acc=0.640
Locality eval: pred=true              gold=true  correct=True  running‐acc=0.958
[ 426/600] loss=3.6200  pred=true   gold=n/a  running‐acc=0.638
Locality eval: pred=true              gold=true  correct=True  running‐acc=0.958
[ 427/600] loss=4.2877  pred=true   gold=true  running‐acc=0.639
Locality eval: pred=n/a               gold=n/a  correct=True  running‐acc=0.958
[ 428/600] loss=4.3688  pred=true   gold=true  running‐acc=0.640
Locality eval: pred=n/a               gold=n/a  correct=True  running‐acc=0.958
[ 429/600] loss=4.3307  pred=true   gold=true  running‐acc=0.641
Locality eval: pred=n/a.              gold=n/a  correct=True  running‐acc=0.958
[ 430/600] loss=2.4010  pred=n/a    gold=n/a  running‐acc=0.642
Locality eval: pred=true              gold=true  correct=True  running‐acc=0.958
[ 431/600] loss=4.6712  pred=true   gold=true  running‐acc=0.643
Locality eval: pred=n/a               gold=n/a  correct=True  running‐acc=0.958
[ 432/600] loss=5.2294  pred=true   gold=true  running‐acc=0.644
Locality eval: pred=n/a               gold=n/a  correct=True  running‐acc=0.958
[ 433/600] loss=4.1722  pred=true   gold=true  running‐acc=0.644
Locality eval: pred=n/a               gold=n/a  correct=True  running‐acc=0.958
[ 434/600] loss=3.2876  pred=n/a    gold=n/a  running‐acc=0.645
Locality eval: pred=true              gold=true  correct=True  running‐acc=0.959
[ 435/600] loss=3.2761  pred=true.  gold=n/a  running‐acc=0.644
Locality eval: pred=true              gold=true  correct=True  running‐acc=0.959
[ 436/600] loss=4.6038  pred=true   gold=true  running‐acc=0.644
Locality eval: pred=n/a               gold=n/a  correct=True  running‐acc=0.959
[ 437/600] loss=3.9120  pred=true   gold=true  running‐acc=0.645
Locality eval: pred=n/a.              gold=n/a  correct=True  running‐acc=0.959
[ 438/600] loss=3.0350  pred=false  gold=n/a  running‐acc=0.644
Locality eval: pred=true              gold=true  correct=True  running‐acc=0.959
[ 439/600] loss=2.9609  pred=true   gold=n/a  running‐acc=0.642
Locality eval: pred=true              gold=true  correct=True  running‐acc=0.959
[ 440/600] loss=4.5886  pred=true   gold=true  running‐acc=0.643
Locality eval: pred=n/a               gold=n/a  correct=True  running‐acc=0.959
[ 441/600] loss=3.6465  pred=n/a    gold=n/a  running‐acc=0.644
Locality eval: pred=true              gold=true  correct=True  running‐acc=0.959
[ 442/600] loss=4.7414  pred=true   gold=true  running‐acc=0.645
Locality eval: pred=n/a               gold=n/a  correct=True  running‐acc=0.959
[ 443/600] loss=6.0795  pred=false.  gold=true  running‐acc=0.643
Locality eval: pred=n/a               gold=n/a  correct=True  running‐acc=0.959
[ 444/600] loss=4.2228  pred=true   gold=true  running‐acc=0.644
Locality eval: pred=n/a               gold=n/a  correct=True  running‐acc=0.959
[ 445/600] loss=3.0828  pred=true   gold=true  running‐acc=0.645
Locality eval: pred=n/a               gold=n/a  correct=True  running‐acc=0.960
[ 446/600] loss=5.0023  pred=n/a    gold=true  running‐acc=0.643
Locality eval: pred=n/a               gold=n/a  correct=True  running‐acc=0.960
[ 447/600] loss=3.5988  pred=true   gold=true  running‐acc=0.644
Locality eval: pred=n/a               gold=n/a  correct=True  running‐acc=0.960
[ 448/600] loss=4.9546  pred=true.  gold=true  running‐acc=0.645
Locality eval: pred=n/a               gold=n/a  correct=True  running‐acc=0.960
[ 449/600] loss=4.6695  pred=true   gold=true  running‐acc=0.646
Locality eval: pred=n/a               gold=n/a  correct=True  running‐acc=0.960
[ 450/600] loss=3.3110  pred=n/a    gold=n/a  running‐acc=0.647
Locality eval: pred=true              gold=true  correct=True  running‐acc=0.960
[ 451/600] loss=4.4768  pred=true   gold=true  running‐acc=0.647
Locality eval: pred=n/a               gold=n/a  correct=True  running‐acc=0.960
[ 452/600] loss=3.6552  pred=n/a    gold=n/a  running‐acc=0.648
Locality eval: pred=true              gold=true  correct=True  running‐acc=0.960
[ 453/600] loss=2.8686  pred=n/a    gold=n/a  running‐acc=0.649
Locality eval: pred=true              gold=true  correct=True  running‐acc=0.960
[ 454/600] loss=2.6551  pred=n/a    gold=n/a  running‐acc=0.650
Locality eval: pred=true              gold=true  correct=True  running‐acc=0.960
[ 455/600] loss=4.7295  pred=true   gold=true  running‐acc=0.651
Locality eval: pred=n/a               gold=n/a  correct=True  running‐acc=0.960
[ 456/600] loss=3.2060  pred=       gold=n/a  running‐acc=0.649
Locality eval: pred=true              gold=true  correct=True  running‐acc=0.961
[ 457/600] loss=3.5028  pred=n/a    gold=n/a  running‐acc=0.650
Locality eval: pred=n/a               gold=true  correct=False  running‐acc=0.958
[ 458/600] loss=3.1841  pred=n/a    gold=n/a  running‐acc=0.651
Locality eval: pred=true              gold=true  correct=True  running‐acc=0.959
[ 459/600] loss=4.4552  pred=true   gold=true  running‐acc=0.651
Locality eval: pred=n/a               gold=n/a  correct=True  running‐acc=0.959
[ 460/600] loss=3.9498  pred=n/a    gold=true  running‐acc=0.650
Locality eval: pred=false.            gold=n/a  correct=False  running‐acc=0.957
[ 461/600] loss=3.1168  pred=n/a    gold=n/a  running‐acc=0.651
Locality eval: pred=true              gold=true  correct=True  running‐acc=0.957
[ 462/600] loss=2.9767  pred=n/a    gold=n/a  running‐acc=0.652
Locality eval: pred=true              gold=true  correct=True  running‐acc=0.957
[ 463/600] loss=4.7855  pred=true   gold=true  running‐acc=0.652
Locality eval: pred=n/a               gold=n/a  correct=True  running‐acc=0.957
[ 464/600] loss=3.2828  pred=true   gold=n/a  running‐acc=0.651
Locality eval: pred=true              gold=true  correct=True  running‐acc=0.957
[ 465/600] loss=3.5190  pred=n/a    gold=n/a  running‐acc=0.652
Locality eval: pred=true              gold=true  correct=True  running‐acc=0.957
[ 466/600] loss=3.3783  pred=false  gold=n/a  running‐acc=0.650
Locality eval: pred=true              gold=true  correct=True  running‐acc=0.957
[ 467/600] loss=2.8723  pred=true   gold=n/a  running‐acc=0.649
Locality eval: pred=true              gold=true  correct=True  running‐acc=0.957
[ 468/600] loss=3.5239  pred=true   gold=n/a  running‐acc=0.647
Locality eval: pred=true              gold=true  correct=True  running‐acc=0.957
[ 469/600] loss=3.7892  pred=true   gold=true  running‐acc=0.648
Locality eval: pred=n/a               gold=n/a  correct=True  running‐acc=0.957
[ 470/600] loss=4.3092  pred=true.  gold=n/a  running‐acc=0.647
Locality eval: pred=true              gold=true  correct=True  running‐acc=0.957
[ 471/600] loss=3.1841  pred=true   gold=n/a  running‐acc=0.645
Locality eval: pred=true              gold=true  correct=True  running‐acc=0.958
[ 472/600] loss=4.4734  pred=true   gold=true  running‐acc=0.646
Locality eval: pred=false.            gold=n/a  correct=False  running‐acc=0.956
[ 473/600] loss=3.0366  pred=true   gold=n/a  running‐acc=0.645
Locality eval: pred=true              gold=true  correct=True  running‐acc=0.956
[ 474/600] loss=4.0264  pred=true   gold=true  running‐acc=0.646
Locality eval: pred=n/a               gold=n/a  correct=True  running‐acc=0.956
[ 475/600] loss=3.3438  pred=n/a    gold=n/a  running‐acc=0.646
Locality eval: pred=true              gold=true  correct=True  running‐acc=0.956
[ 476/600] loss=4.2394  pred=true   gold=true  running‐acc=0.647
Locality eval: pred=n/a               gold=n/a  correct=True  running‐acc=0.956
[ 477/600] loss=3.1615  pred=n/a    gold=n/a  running‐acc=0.648
Locality eval: pred=true              gold=true  correct=True  running‐acc=0.956
[ 478/600] loss=4.0761  pred=true   gold=true  running‐acc=0.649
Locality eval: pred=n/a               gold=n/a  correct=True  running‐acc=0.956
[ 479/600] loss=2.7987  pred=false.  gold=n/a  running‐acc=0.647
Locality eval: pred=true              gold=true  correct=True  running‐acc=0.956
[ 480/600] loss=3.1012  pred=false  gold=n/a  running‐acc=0.646
Locality eval: pred=true              gold=true  correct=True  running‐acc=0.956
[ 481/600] loss=3.2618  pred=n/a    gold=n/a  running‐acc=0.647
Locality eval: pred=true              gold=true  correct=True  running‐acc=0.956
[ 482/600] loss=4.1483  pred=true   gold=true  running‐acc=0.647
Locality eval: pred=n/a               gold=n/a  correct=True  running‐acc=0.956
[ 483/600] loss=3.2133  pred=n/a    gold=n/a  running‐acc=0.648
Locality eval: pred=true              gold=true  correct=True  running‐acc=0.957
[ 484/600] loss=3.1163  pred=false.  gold=n/a  running‐acc=0.647
Locality eval: pred=true              gold=true  correct=True  running‐acc=0.957
[ 485/600] loss=3.8128  pred=true.  gold=n/a  running‐acc=0.645
Locality eval: pred=true              gold=true  correct=True  running‐acc=0.957
[ 486/600] loss=3.1602  pred=false.  gold=n/a  running‐acc=0.644
Locality eval: pred=true              gold=true  correct=True  running‐acc=0.957
[ 487/600] loss=3.1916  pred=n/a    gold=n/a  running‐acc=0.645
Locality eval: pred=true              gold=true  correct=True  running‐acc=0.957
[ 488/600] loss=3.0966  pred=false  gold=n/a  running‐acc=0.643
Locality eval: pred=true              gold=true  correct=True  running‐acc=0.957
[ 489/600] loss=3.3225  pred=false  gold=n/a  running‐acc=0.642
Locality eval: pred=true              gold=true  correct=True  running‐acc=0.957
[ 490/600] loss=2.9056  pred=true   gold=n/a  running‐acc=0.641
Locality eval: pred=true              gold=true  correct=True  running‐acc=0.957
[ 491/600] loss=2.9730  pred=n/a    gold=n/a  running‐acc=0.642
Locality eval: pred=true              gold=true  correct=True  running‐acc=0.957
[ 492/600] loss=4.0169  pred=true   gold=true  running‐acc=0.642
Locality eval: pred=n/a               gold=n/a  correct=True  running‐acc=0.957
[ 493/600] loss=2.9719  pred=true   gold=n/a  running‐acc=0.641
Locality eval: pred=true              gold=true  correct=True  running‐acc=0.957
[ 494/600] loss=3.2734  pred=n/a    gold=n/a  running‐acc=0.642
Locality eval: pred=true              gold=true  correct=True  running‐acc=0.957
[ 495/600] loss=3.2396  pred=true   gold=n/a  running‐acc=0.640
Locality eval: pred=true              gold=true  correct=True  running‐acc=0.958
[ 496/600] loss=3.2581  pred=n/a    gold=n/a  running‐acc=0.641
Locality eval: pred=true              gold=true  correct=True  running‐acc=0.958
[ 497/600] loss=4.0772  pred=n/a    gold=true  running‐acc=0.640
Locality eval: pred=n/a               gold=n/a  correct=True  running‐acc=0.958
[ 498/600] loss=4.1283  pred=true   gold=true  running‐acc=0.641
Locality eval: pred=n/a               gold=n/a  correct=True  running‐acc=0.958
[ 499/600] loss=2.9758  pred=true   gold=n/a  running‐acc=0.639
Locality eval: pred=true              gold=true  correct=True  running‐acc=0.958
[ 500/600] loss=2.4062  pred=n/a    gold=n/a  running‐acc=0.640
Locality eval: pred=true              gold=true  correct=True  running‐acc=0.958
[ 501/600] loss=3.4434  pred=true   gold=n/a  running‐acc=0.639
Locality eval: pred=true              gold=true  correct=True  running‐acc=0.958
[ 502/600] loss=2.8624  pred=n/a    gold=n/a  running‐acc=0.639
Locality eval: pred=true              gold=true  correct=True  running‐acc=0.958
[ 503/600] loss=2.9931  pred=true   gold=true  running‐acc=0.640
Locality eval: pred=n/a               gold=n/a  correct=True  running‐acc=0.958
[ 504/600] loss=3.7865  pred=true   gold=true  running‐acc=0.641
Locality eval: pred=n/a               gold=n/a  correct=True  running‐acc=0.958
[ 505/600] loss=4.8077  pred=true   gold=true  running‐acc=0.642
Locality eval: pred=n/a               gold=n/a  correct=True  running‐acc=0.958
[ 506/600] loss=4.0493  pred=true   gold=true  running‐acc=0.642
Locality eval: pred=n/a               gold=n/a  correct=True  running‐acc=0.958
[ 507/600] loss=4.0738  pred=true   gold=true  running‐acc=0.643
Locality eval: pred=n/a               gold=n/a  correct=True  running‐acc=0.959
[ 508/600] loss=4.2614  pred=true   gold=true  running‐acc=0.644
Locality eval: pred=n/a               gold=n/a  correct=True  running‐acc=0.959
[ 509/600] loss=4.6711  pred=true   gold=true  running‐acc=0.644
Locality eval: pred=n/a               gold=n/a  correct=True  running‐acc=0.959
[ 510/600] loss=4.9001  pred=true   gold=true  running‐acc=0.645
Locality eval: pred=n/a               gold=n/a  correct=True  running‐acc=0.959
[ 511/600] loss=3.1909  pred=true   gold=n/a  running‐acc=0.644
Locality eval: pred=true              gold=true  correct=True  running‐acc=0.959
[ 512/600] loss=3.4073  pred=true   gold=true  running‐acc=0.645
Locality eval: pred=n/a               gold=n/a  correct=True  running‐acc=0.959
[ 513/600] loss=3.4759  pred=n/a    gold=n/a  running‐acc=0.645
Locality eval: pred=true              gold=true  correct=True  running‐acc=0.959
[ 514/600] loss=4.6331  pred=true   gold=true  running‐acc=0.646
Locality eval: pred=n/a               gold=n/a  correct=True  running‐acc=0.959
[ 515/600] loss=2.7994  pred=n/a    gold=n/a  running‐acc=0.647
Locality eval: pred=true              gold=true  correct=True  running‐acc=0.959
[ 516/600] loss=3.1264  pred=true   gold=n/a  running‐acc=0.645
Locality eval: pred=true              gold=true  correct=True  running‐acc=0.959
[ 517/600] loss=2.8701  pred=true   gold=n/a  running‐acc=0.644
Locality eval: pred=true              gold=true  correct=True  running‐acc=0.959
[ 518/600] loss=3.2897  pred=n/a    gold=n/a  running‐acc=0.645
Locality eval: pred=true              gold=true  correct=True  running‐acc=0.959
[ 519/600] loss=4.2260  pred=true   gold=true  running‐acc=0.645
Locality eval: pred=n/a               gold=n/a  correct=True  running‐acc=0.960
[ 520/600] loss=4.7350  pred=true   gold=true  running‐acc=0.646
Locality eval: pred=n/a               gold=n/a  correct=True  running‐acc=0.960
[ 521/600] loss=3.0839  pred=true   gold=true  running‐acc=0.647
Locality eval: pred=n/a               gold=n/a  correct=True  running‐acc=0.960
[ 522/600] loss=4.5110  pred=false  gold=true  running‐acc=0.646
Locality eval: pred=n/a.              gold=n/a  correct=True  running‐acc=0.960
[ 523/600] loss=3.7375  pred=true   gold=n/a  running‐acc=0.644
Locality eval: pred=true              gold=true  correct=True  running‐acc=0.960
[ 524/600] loss=3.7554  pred=true   gold=true  running‐acc=0.645
Locality eval: pred=n/a               gold=n/a  correct=True  running‐acc=0.960
[ 525/600] loss=4.2744  pred=true   gold=true  running‐acc=0.646
Locality eval: pred=n/a               gold=n/a  correct=True  running‐acc=0.960
[ 526/600] loss=3.6503  pred=true   gold=true  running‐acc=0.646
Locality eval: pred=n/a.              gold=n/a  correct=True  running‐acc=0.960
[ 527/600] loss=2.8895  pred=n/a    gold=n/a  running‐acc=0.647
Locality eval: pred=true              gold=true  correct=True  running‐acc=0.960
[ 528/600] loss=4.5027  pred=true   gold=true  running‐acc=0.648
Locality eval: pred=n/a               gold=n/a  correct=True  running‐acc=0.960
[ 529/600] loss=3.1242  pred=n/a    gold=n/a  running‐acc=0.648
Locality eval: pred=true              gold=true  correct=True  running‐acc=0.960
[ 530/600] loss=4.6778  pred=true   gold=true  running‐acc=0.649
Locality eval: pred=n/a               gold=n/a  correct=True  running‐acc=0.960
[ 531/600] loss=3.4192  pred=n/a    gold=n/a  running‐acc=0.650
Locality eval: pred=true              gold=true  correct=True  running‐acc=0.960
[ 532/600] loss=4.2731  pred=true   gold=true  running‐acc=0.650
Locality eval: pred=n/a               gold=n/a  correct=True  running‐acc=0.961
[ 533/600] loss=3.1390  pred=false  gold=n/a  running‐acc=0.649
Locality eval: pred=true              gold=true  correct=True  running‐acc=0.961
[ 534/600] loss=4.3703  pred=true   gold=true  running‐acc=0.650
Locality eval: pred=n/a               gold=n/a  correct=True  running‐acc=0.961
[ 535/600] loss=3.7742  pred=true   gold=true  running‐acc=0.650
Locality eval: pred=n/a               gold=n/a  correct=True  running‐acc=0.961
[ 536/600] loss=4.2296  pred=true   gold=true  running‐acc=0.651
Locality eval: pred=n/a               gold=n/a  correct=True  running‐acc=0.961
[ 537/600] loss=3.1659  pred=false.  gold=n/a  running‐acc=0.650
Locality eval: pred=true              gold=true  correct=True  running‐acc=0.961
[ 538/600] loss=4.8518  pred=true   gold=true  running‐acc=0.651
Locality eval: pred=n/a               gold=n/a  correct=True  running‐acc=0.961
[ 539/600] loss=4.6659  pred=true   gold=true  running‐acc=0.651
Locality eval: pred=n/a               gold=n/a  correct=True  running‐acc=0.961
[ 540/600] loss=3.6261  pred=true   gold=n/a  running‐acc=0.650
Locality eval: pred=true              gold=true  correct=True  running‐acc=0.961
[ 541/600] loss=3.7333  pred=true.  gold=n/a  running‐acc=0.649
Locality eval: pred=true              gold=true  correct=True  running‐acc=0.961
[ 542/600] loss=3.9232  pred=true   gold=n/a  running‐acc=0.648
Locality eval: pred=true              gold=true  correct=True  running‐acc=0.961
[ 543/600] loss=4.0038  pred=true   gold=n/a  running‐acc=0.646
Locality eval: pred=true              gold=true  correct=True  running‐acc=0.961
[ 544/600] loss=3.8162  pred=n/a    gold=n/a  running‐acc=0.647
Locality eval: pred=true              gold=true  correct=True  running‐acc=0.961
[ 545/600] loss=4.8105  pred=true   gold=true  running‐acc=0.648
Locality eval: pred=n/a               gold=n/a  correct=True  running‐acc=0.961
[ 546/600] loss=3.1616  pred=true   gold=n/a  running‐acc=0.647
Locality eval: pred=true              gold=true  correct=True  running‐acc=0.962
[ 547/600] loss=3.9710  pred=true   gold=true  running‐acc=0.647
Locality eval: pred=n/a               gold=n/a  correct=True  running‐acc=0.962
[ 548/600] loss=4.1199  pred=true   gold=true  running‐acc=0.648
Locality eval: pred=n/a               gold=n/a  correct=True  running‐acc=0.962
[ 549/600] loss=4.0167  pred=true   gold=true  running‐acc=0.648
Locality eval: pred=n/a               gold=n/a  correct=True  running‐acc=0.962
[ 550/600] loss=3.2592  pred=true   gold=n/a  running‐acc=0.647
Locality eval: pred=true              gold=true  correct=True  running‐acc=0.962
[ 551/600] loss=4.2263  pred=true   gold=true  running‐acc=0.648
Locality eval: pred=n/a               gold=n/a  correct=True  running‐acc=0.962
[ 552/600] loss=3.3745  pred=n/a    gold=n/a  running‐acc=0.649
Locality eval: pred=true              gold=true  correct=True  running‐acc=0.962
[ 553/600] loss=3.7026  pred=true   gold=n/a  running‐acc=0.647
Locality eval: pred=true              gold=true  correct=True  running‐acc=0.962
[ 554/600] loss=4.3914  pred=true   gold=true  running‐acc=0.648
Locality eval: pred=n/a               gold=n/a  correct=True  running‐acc=0.962
[ 555/600] loss=3.1599  pred=false.  gold=n/a  running‐acc=0.647
Locality eval: pred=true              gold=true  correct=True  running‐acc=0.962
[ 556/600] loss=3.6197  pred=false  gold=n/a  running‐acc=0.646
Locality eval: pred=true              gold=true  correct=True  running‐acc=0.962
[ 557/600] loss=3.2373  pred=true   gold=n/a  running‐acc=0.645
Locality eval: pred=true              gold=true  correct=True  running‐acc=0.962
[ 558/600] loss=4.6579  pred=true   gold=true  running‐acc=0.645
Locality eval: pred=n/a               gold=n/a  correct=True  running‐acc=0.962
[ 559/600] loss=4.8137  pred=n/a    gold=true  running‐acc=0.644
Locality eval: pred=n/a               gold=n/a  correct=True  running‐acc=0.962
[ 560/600] loss=3.5007  pred=false  gold=n/a  running‐acc=0.643
Locality eval: pred=true              gold=true  correct=True  running‐acc=0.963
[ 561/600] loss=4.3865  pred=true   gold=true  running‐acc=0.643
Locality eval: pred=n/a               gold=n/a  correct=True  running‐acc=0.963
[ 562/600] loss=4.6030  pred=true   gold=true  running‐acc=0.644
Locality eval: pred=n/a               gold=n/a  correct=True  running‐acc=0.963
[ 563/600] loss=3.1251  pred=n/a    gold=n/a  running‐acc=0.645
Locality eval: pred=true              gold=true  correct=True  running‐acc=0.963
[ 564/600] loss=4.6175  pred=false  gold=true  running‐acc=0.644
Locality eval: pred=n/a               gold=n/a  correct=True  running‐acc=0.963
[ 565/600] loss=3.2041  pred=n/a    gold=n/a  running‐acc=0.644
Locality eval: pred=true              gold=true  correct=True  running‐acc=0.963
[ 566/600] loss=4.0908  pred=true   gold=true  running‐acc=0.645
Locality eval: pred=n/a               gold=n/a  correct=True  running‐acc=0.963
[ 567/600] loss=3.4368  pred=true   gold=true  running‐acc=0.646
Locality eval: pred=n/a               gold=n/a  correct=True  running‐acc=0.963
[ 568/600] loss=2.7986  pred=true   gold=n/a  running‐acc=0.644
Locality eval: pred=true              gold=true  correct=True  running‐acc=0.963
[ 569/600] loss=4.0882  pred=true   gold=true  running‐acc=0.645
Locality eval: pred=n/a               gold=n/a  correct=True  running‐acc=0.963
[ 570/600] loss=4.0200  pred=true   gold=true  running‐acc=0.646
Locality eval: pred=n/a               gold=n/a  correct=True  running‐acc=0.963
[ 571/600] loss=4.5529  pred=true   gold=true  running‐acc=0.646
Locality eval: pred=n/a               gold=n/a  correct=True  running‐acc=0.963
[ 572/600] loss=4.5503  pred=true   gold=true  running‐acc=0.647
Locality eval: pred=n/a               gold=n/a  correct=True  running‐acc=0.963
[ 573/600] loss=4.4843  pred=true   gold=true  running‐acc=0.647
Locality eval: pred=n/a               gold=n/a  correct=True  running‐acc=0.963
[ 574/600] loss=4.6696  pred=true   gold=true  running‐acc=0.648
Locality eval: pred=n/a               gold=n/a  correct=True  running‐acc=0.963
[ 575/600] loss=4.7329  pred=true   gold=true  running‐acc=0.649
Locality eval: pred=n/a               gold=n/a  correct=True  running‐acc=0.963
[ 576/600] loss=4.1694  pred=true   gold=true  running‐acc=0.649
Locality eval: pred=n/a               gold=n/a  correct=True  running‐acc=0.964
[ 577/600] loss=3.2667  pred=true   gold=true  running‐acc=0.650
Locality eval: pred=n/a               gold=n/a  correct=True  running‐acc=0.964
[ 578/600] loss=3.2925  pred=n/a    gold=n/a  running‐acc=0.651
Locality eval: pred=true              gold=true  correct=True  running‐acc=0.964
[ 579/600] loss=3.8930  pred=true   gold=true  running‐acc=0.651
Locality eval: pred=n/a               gold=n/a  correct=True  running‐acc=0.964
[ 580/600] loss=3.2252  pred=n/a    gold=n/a  running‐acc=0.652
Locality eval: pred=true              gold=true  correct=True  running‐acc=0.964
[ 581/600] loss=3.2025  pred=n/a    gold=n/a  running‐acc=0.652
Locality eval: pred=true              gold=true  correct=True  running‐acc=0.964
[ 582/600] loss=3.5212  pred=n/a    gold=n/a  running‐acc=0.653
Locality eval: pred=true              gold=true  correct=True  running‐acc=0.964
[ 583/600] loss=3.2887  pred=n/a    gold=n/a  running‐acc=0.654
Locality eval: pred=true.             gold=true  correct=True  running‐acc=0.964
[ 584/600] loss=3.0891  pred=n/a    gold=n/a  running‐acc=0.654
Locality eval: pred=true              gold=true  correct=True  running‐acc=0.964
[ 585/600] loss=3.1858  pred=false  gold=n/a  running‐acc=0.653
Locality eval: pred=true              gold=true  correct=True  running‐acc=0.964
[ 586/600] loss=2.9611  pred=n/a    gold=n/a  running‐acc=0.654
Locality eval: pred=true              gold=true  correct=True  running‐acc=0.964
[ 587/600] loss=3.9411  pred=true   gold=true  running‐acc=0.654
Locality eval: pred=n/a               gold=n/a  correct=True  running‐acc=0.964
[ 588/600] loss=4.3320  pred=false  gold=true  running‐acc=0.653
Locality eval: pred=n/a               gold=n/a  correct=True  running‐acc=0.964
[ 589/600] loss=4.7916  pred=true   gold=true  running‐acc=0.654
Locality eval: pred=n/a               gold=n/a  correct=True  running‐acc=0.964
[ 590/600] loss=4.3800  pred=true   gold=true  running‐acc=0.654
Locality eval: pred=n/a               gold=n/a  correct=True  running‐acc=0.964
[ 591/600] loss=3.8174  pred=true   gold=true  running‐acc=0.655
Locality eval: pred=n/a               gold=n/a  correct=True  running‐acc=0.964
[ 592/600] loss=3.2527  pred=true   gold=n/a  running‐acc=0.654
Locality eval: pred=true              gold=true  correct=True  running‐acc=0.965
[ 593/600] loss=5.2632  pred=true   gold=true  running‐acc=0.654
Locality eval: pred=n/a               gold=n/a  correct=True  running‐acc=0.965
[ 594/600] loss=2.9027  pred=n/a    gold=n/a  running‐acc=0.655
Locality eval: pred=true              gold=true  correct=True  running‐acc=0.965
[ 595/600] loss=3.6870  pred=true   gold=true  running‐acc=0.655
Locality eval: pred=n/a               gold=n/a  correct=True  running‐acc=0.965
[ 596/600] loss=3.0594  pred=true   gold=n/a  running‐acc=0.654
Locality eval: pred=true              gold=true  correct=True  running‐acc=0.965
[ 597/600] loss=3.4846  pred=n/a    gold=n/a  running‐acc=0.655
Locality eval: pred=true              gold=true  correct=True  running‐acc=0.965
[ 598/600] loss=4.1841  pred=false.  gold=true  running‐acc=0.654
Locality eval: pred=true              gold=n/a  correct=False  running‐acc=0.963
[ 599/600] loss=4.6327  pred=true   gold=true  running‐acc=0.654
Locality eval: pred=n/a               gold=n/a  correct=True  running‐acc=0.963
[ 600/600] loss=2.8833  pred=true   gold=n/a  running‐acc=0.653
Locality eval: pred=true              gold=true  correct=True  running‐acc=0.963

Finished in 834.6s.  Final accuracy: 0.653.

