
Loading base model (4‐bit)…

Loading checkpoint shards:   0%|          | 0/2 [00:00<?, ?it/s]
Loading checkpoint shards:  50%|█████     | 1/2 [00:13<00:13, 13.67s/it]
Loading checkpoint shards: 100%|██████████| 2/2 [00:13<00:00,  6.88s/it]
trainable params: 1,843,200 || all params: 2,508,015,616 || trainable%: 0.0735

  0%|          | 0/600 [00:00<?, ?it/s]
100%|██████████| 600/600 [00:00<00:00, 28230.85it/s]
Loaded 600 (train, eval) pairs.

Starting sequential training…
Cached 72 LoRA tensors.
[   1/600] loss=2.0678  pred=true   gold=true  running‐acc=1.000
Locality eval: pred=                  gold=n/a  correct=False  running‐acc=0.000
[   2/600] loss=2.3087  pred=true   gold=true  running‐acc=1.000
Locality eval: pred=                  gold=n/a  correct=False  running‐acc=0.000
[   3/600] loss=1.7287  pred=true   gold=true  running‐acc=1.000
Locality eval: pred=n/a               gold=n/a  correct=True  running‐acc=0.333
[   4/600] loss=1.9164  pred=true   gold=true  running‐acc=1.000
Locality eval: pred=                  gold=n/a  correct=False  running‐acc=0.250
[   5/600] loss=2.3095  pred=       gold=true  running‐acc=0.800
Locality eval: pred=n/a               gold=n/a  correct=True  running‐acc=0.400
[   6/600] loss=2.2839  pred=true   gold=true  running‐acc=0.833
Locality eval: pred=true              gold=n/a  correct=False  running‐acc=0.333
[   7/600] loss=2.0944  pred=n/a    gold=n/a  running‐acc=0.857
Locality eval: pred=true              gold=true  correct=True  running‐acc=0.429
[   8/600] loss=2.0881  pred=n/a    gold=n/a  running‐acc=0.875
Locality eval: pred=                  gold=true  correct=False  running‐acc=0.375
[   9/600] loss=2.3007  pred=true   gold=true  running‐acc=0.889
Locality eval: pred=n/a               gold=n/a  correct=True  running‐acc=0.444
[  10/600] loss=2.7585  pred=true   gold=true  running‐acc=0.900
Locality eval: pred=                  gold=n/a  correct=False  running‐acc=0.400
[  11/600] loss=2.5294  pred=true   gold=true  running‐acc=0.909
Locality eval: pred=n/a               gold=n/a  correct=True  running‐acc=0.455
[  12/600] loss=1.7528  pred=true   gold=true  running‐acc=0.917
Locality eval: pred=n/a               gold=n/a  correct=True  running‐acc=0.500
[  13/600] loss=2.0374  pred=n/a    gold=n/a  running‐acc=0.923
Locality eval: pred=n/a               gold=true  correct=False  running‐acc=0.462
[  14/600] loss=1.8572  pred=n/a    gold=n/a  running‐acc=0.929
Locality eval: pred=true              gold=true  correct=True  running‐acc=0.500
[  15/600] loss=1.5087  pred=       gold=true  running‐acc=0.867
Locality eval: pred=n/a               gold=n/a  correct=True  running‐acc=0.533
[  16/600] loss=2.2739  pred=n/a    gold=n/a  running‐acc=0.875
Locality eval: pred=true              gold=true  correct=True  running‐acc=0.562
[  17/600] loss=1.8780  pred=n/a    gold=n/a  running‐acc=0.882
Locality eval: pred=true              gold=true  correct=True  running‐acc=0.588
[  18/600] loss=1.7534  pred=true   gold=true  running‐acc=0.889
Locality eval: pred=n/a               gold=n/a  correct=True  running‐acc=0.611
[  19/600] loss=2.3477  pred=true   gold=true  running‐acc=0.895
Locality eval: pred=n/a               gold=n/a  correct=True  running‐acc=0.632
[  20/600] loss=1.9688  pred=n/a    gold=n/a  running‐acc=0.900
Locality eval: pred=                  gold=true  correct=False  running‐acc=0.600
[  21/600] loss=1.7362  pred=n/a    gold=n/a  running‐acc=0.905
Locality eval: pred=n/a.              gold=true  correct=False  running‐acc=0.571
[  22/600] loss=1.8960  pred=n/a    gold=n/a  running‐acc=0.909
Locality eval: pred=true              gold=true  correct=True  running‐acc=0.591
[  23/600] loss=1.8623  pred=n/a    gold=n/a  running‐acc=0.913
Locality eval: pred=true              gold=true  correct=True  running‐acc=0.609
[  24/600] loss=1.7108  pred=n/a    gold=n/a  running‐acc=0.917
Locality eval: pred=n/a               gold=true  correct=False  running‐acc=0.583
[  25/600] loss=2.2484  pred=true   gold=true  running‐acc=0.920
Locality eval: pred=true              gold=n/a  correct=False  running‐acc=0.560
[  26/600] loss=1.5884  pred=n/a    gold=n/a  running‐acc=0.923
Locality eval: pred=n/a               gold=true  correct=False  running‐acc=0.538
[  27/600] loss=1.9792  pred=       gold=n/a  running‐acc=0.889
Locality eval: pred=n/a               gold=true  correct=False  running‐acc=0.519
[  28/600] loss=1.8174  pred=n/a    gold=n/a  running‐acc=0.893
Locality eval: pred=n/a               gold=true  correct=False  running‐acc=0.500
[  29/600] loss=2.0940  pred=       gold=n/a  running‐acc=0.862
Locality eval: pred=n/a               gold=true  correct=False  running‐acc=0.483
[  30/600] loss=1.9517  pred=n/a    gold=n/a  running‐acc=0.867
Locality eval: pred=n/a               gold=true  correct=False  running‐acc=0.467
[  31/600] loss=2.1246  pred=true   gold=true  running‐acc=0.871
Locality eval: pred=n/a               gold=n/a  correct=True  running‐acc=0.484
[  32/600] loss=1.7788  pred=n/a    gold=n/a  running‐acc=0.875
Locality eval: pred=n/a               gold=true  correct=False  running‐acc=0.469
[  33/600] loss=2.0866  pred=n/a    gold=n/a  running‐acc=0.879
Locality eval: pred=true              gold=true  correct=True  running‐acc=0.485
[  34/600] loss=1.6919  pred=n/a    gold=n/a  running‐acc=0.882
Locality eval: pred=true              gold=true  correct=True  running‐acc=0.500
[  35/600] loss=1.5712  pred=true   gold=true  running‐acc=0.886
Locality eval: pred=n/a               gold=n/a  correct=True  running‐acc=0.514
[  36/600] loss=1.9186  pred=n/a    gold=n/a  running‐acc=0.889
Locality eval: pred=n/a               gold=true  correct=False  running‐acc=0.500
[  37/600] loss=2.2525  pred=       gold=true  running‐acc=0.865
Locality eval: pred=                  gold=n/a  correct=False  running‐acc=0.486
[  38/600] loss=2.6155  pred=n/a    gold=n/a  running‐acc=0.868
Locality eval: pred=n/a               gold=true  correct=False  running‐acc=0.474
[  39/600] loss=3.5832  pred=       gold=true  running‐acc=0.846
Locality eval: pred=                  gold=n/a  correct=False  running‐acc=0.462
[  40/600] loss=2.4956  pred=true   gold=true  running‐acc=0.850
Locality eval: pred=                  gold=n/a  correct=False  running‐acc=0.450
[  41/600] loss=2.8060  pred=true   gold=true  running‐acc=0.854
Locality eval: pred=                  gold=n/a  correct=False  running‐acc=0.439
[  42/600] loss=1.7359  pred=n/a    gold=n/a  running‐acc=0.857
Locality eval: pred=n/a               gold=true  correct=False  running‐acc=0.429
[  43/600] loss=2.1511  pred=true   gold=true  running‐acc=0.860
Locality eval: pred=true              gold=n/a  correct=False  running‐acc=0.419
[  44/600] loss=1.8346  pred=n/a    gold=n/a  running‐acc=0.864
Locality eval: pred=n/a               gold=true  correct=False  running‐acc=0.409
[  45/600] loss=2.0868  pred=true.  gold=n/a  running‐acc=0.844
Locality eval: pred=n/a               gold=true  correct=False  running‐acc=0.400
[  46/600] loss=2.9868  pred=true   gold=true  running‐acc=0.848
Locality eval: pred=n/a               gold=n/a  correct=True  running‐acc=0.413
[  47/600] loss=1.9573  pred=true   gold=true  running‐acc=0.851
Locality eval: pred=true              gold=n/a  correct=False  running‐acc=0.404
[  48/600] loss=1.9421  pred=n/a    gold=n/a  running‐acc=0.854
Locality eval: pred=n/a               gold=true  correct=False  running‐acc=0.396
[  49/600] loss=2.4955  pred=       gold=true  running‐acc=0.837
Locality eval: pred=n/a               gold=n/a  correct=True  running‐acc=0.408
[  50/600] loss=1.5055  pred=n/a    gold=n/a  running‐acc=0.840
Locality eval: pred=true              gold=true  correct=True  running‐acc=0.420
[  51/600] loss=2.5266  pred=true   gold=true  running‐acc=0.843
Locality eval: pred=n/a               gold=n/a  correct=True  running‐acc=0.431
[  52/600] loss=2.5107  pred=       gold=true  running‐acc=0.827
Locality eval: pred=                  gold=n/a  correct=False  running‐acc=0.423
[  53/600] loss=2.0094  pred=n/a    gold=n/a  running‐acc=0.830
Locality eval: pred=n/a               gold=true  correct=False  running‐acc=0.415
[  54/600] loss=1.8412  pred=true   gold=true  running‐acc=0.833
Locality eval: pred=true              gold=n/a  correct=False  running‐acc=0.407
[  55/600] loss=2.5129  pred=n/a    gold=n/a  running‐acc=0.836
Locality eval: pred=n/a               gold=true  correct=False  running‐acc=0.400
[  56/600] loss=1.7093  pred=n/a    gold=n/a  running‐acc=0.839
Locality eval: pred=true              gold=true  correct=True  running‐acc=0.411
[  57/600] loss=1.3799  pred=true   gold=true  running‐acc=0.842
Locality eval: pred=true              gold=n/a  correct=False  running‐acc=0.404
[  58/600] loss=1.7144  pred=true   gold=true  running‐acc=0.845
Locality eval: pred=true              gold=n/a  correct=False  running‐acc=0.397
[  59/600] loss=2.0675  pred=n/a    gold=true  running‐acc=0.831
Locality eval: pred=                  gold=n/a  correct=False  running‐acc=0.390
[  60/600] loss=1.7475  pred=       gold=true  running‐acc=0.817
Locality eval: pred=false             gold=n/a  correct=False  running‐acc=0.383
[  61/600] loss=2.5503  pred=n/a    gold=true  running‐acc=0.803
Locality eval: pred=n/a               gold=n/a  correct=True  running‐acc=0.393
[  62/600] loss=2.5214  pred=       gold=true  running‐acc=0.790
Locality eval: pred=                  gold=n/a  correct=False  running‐acc=0.387
[  63/600] loss=2.2393  pred=n/a    gold=n/a  running‐acc=0.794
Locality eval: pred=n/a               gold=true  correct=False  running‐acc=0.381
[  64/600] loss=1.6719  pred=true   gold=n/a  running‐acc=0.781
Locality eval: pred=true              gold=true  correct=True  running‐acc=0.391
[  65/600] loss=2.4363  pred=n/a    gold=n/a  running‐acc=0.785
Locality eval: pred=n/a               gold=true  correct=False  running‐acc=0.385
[  66/600] loss=2.1237  pred=       gold=true  running‐acc=0.773
Locality eval: pred=true              gold=n/a  correct=False  running‐acc=0.379
[  67/600] loss=1.7646  pred=true   gold=true  running‐acc=0.776
Locality eval: pred=n/a               gold=n/a  correct=True  running‐acc=0.388
[  68/600] loss=2.0068  pred=true   gold=true  running‐acc=0.779
Locality eval: pred=n/a               gold=n/a  correct=True  running‐acc=0.397
[  69/600] loss=1.9078  pred=n/a    gold=n/a  running‐acc=0.783
Locality eval: pred=n/a               gold=true  correct=False  running‐acc=0.391
[  70/600] loss=2.1528  pred=n/a    gold=n/a  running‐acc=0.786
Locality eval: pred=n/a               gold=true  correct=False  running‐acc=0.386
[  71/600] loss=2.3074  pred=n/a    gold=n/a  running‐acc=0.789
Locality eval: pred=n/a               gold=true  correct=False  running‐acc=0.380
[  72/600] loss=2.1880  pred=n/a    gold=n/a  running‐acc=0.792
Locality eval: pred=n/a               gold=true  correct=False  running‐acc=0.375
[  73/600] loss=2.3920  pred=true   gold=true  running‐acc=0.795
Locality eval: pred=n/a               gold=n/a  correct=True  running‐acc=0.384
[  74/600] loss=2.0697  pred=n/a    gold=n/a  running‐acc=0.797
Locality eval: pred=true              gold=true  correct=True  running‐acc=0.392
[  75/600] loss=2.0006  pred=n/a    gold=n/a  running‐acc=0.800
Locality eval: pred=n/a               gold=true  correct=False  running‐acc=0.387
[  76/600] loss=3.0976  pred=true   gold=true  running‐acc=0.803
Locality eval: pred=true,             gold=n/a  correct=False  running‐acc=0.382
[  77/600] loss=2.5695  pred=       gold=true  running‐acc=0.792
Locality eval: pred=n/a               gold=n/a  correct=True  running‐acc=0.390
[  78/600] loss=1.8854  pred=       gold=n/a  running‐acc=0.782
Locality eval: pred=true              gold=true  correct=True  running‐acc=0.397
[  79/600] loss=2.5044  pred=true   gold=true  running‐acc=0.785
Locality eval: pred=                  gold=n/a  correct=False  running‐acc=0.392
[  80/600] loss=1.8370  pred=n/a    gold=n/a  running‐acc=0.787
Locality eval: pred=n/a               gold=true  correct=False  running‐acc=0.388
[  81/600] loss=2.0805  pred=n/a    gold=n/a  running‐acc=0.790
Locality eval: pred=true              gold=true  correct=True  running‐acc=0.395
[  82/600] loss=2.5567  pred=true   gold=true  running‐acc=0.793
Locality eval: pred=                  gold=n/a  correct=False  running‐acc=0.390
[  83/600] loss=2.0457  pred=n/a    gold=n/a  running‐acc=0.795
Locality eval: pred=n/a               gold=true  correct=False  running‐acc=0.386
[  84/600] loss=2.4788  pred=n/a    gold=true  running‐acc=0.786
Locality eval: pred=n/a               gold=n/a  correct=True  running‐acc=0.393
[  85/600] loss=2.1057  pred=n/a    gold=n/a  running‐acc=0.788
Locality eval: pred=true              gold=true  correct=True  running‐acc=0.400
[  86/600] loss=1.8262  pred=n/a    gold=n/a  running‐acc=0.791
Locality eval: pred=n/a               gold=true  correct=False  running‐acc=0.395
[  87/600] loss=1.8959  pred=n/a    gold=n/a  running‐acc=0.793
Locality eval: pred=true              gold=true  correct=True  running‐acc=0.402
[  88/600] loss=2.1315  pred=       gold=true  running‐acc=0.784
Locality eval: pred=true              gold=n/a  correct=False  running‐acc=0.398
[  89/600] loss=1.8900  pred=true   gold=true  running‐acc=0.787
Locality eval: pred=n/a               gold=n/a  correct=True  running‐acc=0.404
[  90/600] loss=1.7937  pred=true   gold=n/a  running‐acc=0.778
Locality eval: pred=true              gold=true  correct=True  running‐acc=0.411
[  91/600] loss=1.3597  pred=n/a    gold=n/a  running‐acc=0.780
Locality eval: pred=true              gold=true  correct=True  running‐acc=0.418
[  92/600] loss=1.2931  pred=true   gold=true  running‐acc=0.783
Locality eval: pred=                  gold=n/a  correct=False  running‐acc=0.413
[  93/600] loss=1.8512  pred=n/a    gold=n/a  running‐acc=0.785
Locality eval: pred=true              gold=true  correct=True  running‐acc=0.419
[  94/600] loss=1.7181  pred=       gold=n/a  running‐acc=0.777
Locality eval: pred=true              gold=true  correct=True  running‐acc=0.426
[  95/600] loss=2.1414  pred=true   gold=true  running‐acc=0.779
Locality eval: pred=n/a               gold=n/a  correct=True  running‐acc=0.432
[  96/600] loss=1.9359  pred=n/a    gold=n/a  running‐acc=0.781
Locality eval: pred=n/a               gold=true  correct=False  running‐acc=0.427
[  97/600] loss=1.4703  pred=false  gold=n/a  running‐acc=0.773
Locality eval: pred=true              gold=true  correct=True  running‐acc=0.433
[  98/600] loss=1.8682  pred=n/a    gold=n/a  running‐acc=0.776
Locality eval: pred=true              gold=true  correct=True  running‐acc=0.439
[  99/600] loss=1.4639  pred=true   gold=true  running‐acc=0.778
Locality eval: pred=n/a               gold=n/a  correct=True  running‐acc=0.444
[ 100/600] loss=1.9751  pred=       gold=true  running‐acc=0.770
Locality eval: pred=n/a               gold=n/a  correct=True  running‐acc=0.450
[ 101/600] loss=1.7288  pred=n/a    gold=n/a  running‐acc=0.772
Locality eval: pred=true              gold=true  correct=True  running‐acc=0.455
[ 102/600] loss=2.0000  pred=       gold=true  running‐acc=0.765
Locality eval: pred=                  gold=n/a  correct=False  running‐acc=0.451
[ 103/600] loss=2.2848  pred=n/a    gold=n/a  running‐acc=0.767
Locality eval: pred=n/a               gold=true  correct=False  running‐acc=0.447
[ 104/600] loss=1.8352  pred=true   gold=true  running‐acc=0.769
Locality eval: pred=n/a               gold=n/a  correct=True  running‐acc=0.452
[ 105/600] loss=2.0467  pred=true   gold=true  running‐acc=0.771
Locality eval: pred=n/a               gold=n/a  correct=True  running‐acc=0.457
[ 106/600] loss=2.0588  pred=true   gold=true  running‐acc=0.774
Locality eval: pred=true              gold=n/a  correct=False  running‐acc=0.453
[ 107/600] loss=1.9659  pred=true   gold=true  running‐acc=0.776
Locality eval: pred=false             gold=n/a  correct=False  running‐acc=0.449
[ 108/600] loss=1.9098  pred=       gold=true  running‐acc=0.769
Locality eval: pred=n/a               gold=n/a  correct=True  running‐acc=0.454
[ 109/600] loss=2.2632  pred=true   gold=true  running‐acc=0.771
Locality eval: pred=n/a               gold=n/a  correct=True  running‐acc=0.459
[ 110/600] loss=1.9847  pred=true   gold=true  running‐acc=0.773
Locality eval: pred=true              gold=n/a  correct=False  running‐acc=0.455
[ 111/600] loss=1.0910  pred=true   gold=true  running‐acc=0.775
Locality eval: pred=true              gold=n/a  correct=False  running‐acc=0.450
[ 112/600] loss=1.7312  pred=       gold=true  running‐acc=0.768
Locality eval: pred=n/a               gold=n/a  correct=True  running‐acc=0.455
[ 113/600] loss=1.6431  pred=n/a    gold=n/a  running‐acc=0.770
Locality eval: pred=true              gold=true  correct=True  running‐acc=0.460
[ 114/600] loss=2.1227  pred=n/a    gold=n/a  running‐acc=0.772
Locality eval: pred=                  gold=true  correct=False  running‐acc=0.456
[ 115/600] loss=1.8794  pred=n/a    gold=n/a  running‐acc=0.774
Locality eval: pred=true              gold=true  correct=True  running‐acc=0.461
[ 116/600] loss=1.8981  pred=true   gold=true  running‐acc=0.776
Locality eval: pred=n/a               gold=n/a  correct=True  running‐acc=0.466
[ 117/600] loss=2.1060  pred=n/a    gold=n/a  running‐acc=0.778
Locality eval: pred=n/a               gold=true  correct=False  running‐acc=0.462
[ 118/600] loss=1.9663  pred=n/a    gold=n/a  running‐acc=0.780
Locality eval: pred=                  gold=true  correct=False  running‐acc=0.458
[ 119/600] loss=1.7022  pred=n/a    gold=n/a  running‐acc=0.782
Locality eval: pred=n/a               gold=true  correct=False  running‐acc=0.454
[ 120/600] loss=2.4138  pred=n/a    gold=n/a  running‐acc=0.783
Locality eval: pred=n/a               gold=true  correct=False  running‐acc=0.450
[ 121/600] loss=2.0850  pred=true   gold=true  running‐acc=0.785
Locality eval: pred=true              gold=n/a  correct=False  running‐acc=0.446
[ 122/600] loss=2.6121  pred=true   gold=true  running‐acc=0.787
Locality eval: pred=n/a               gold=n/a  correct=True  running‐acc=0.451
[ 123/600] loss=2.1670  pred=n/a    gold=n/a  running‐acc=0.789
Locality eval: pred=n/a               gold=true  correct=False  running‐acc=0.447
[ 124/600] loss=1.8414  pred=n/a    gold=n/a  running‐acc=0.790
Locality eval: pred=true              gold=true  correct=True  running‐acc=0.452
[ 125/600] loss=2.1313  pred=true   gold=n/a  running‐acc=0.784
Locality eval: pred=n/a               gold=true  correct=False  running‐acc=0.448
[ 126/600] loss=2.1922  pred=n/a    gold=true  running‐acc=0.778
Locality eval: pred=n/a               gold=n/a  correct=True  running‐acc=0.452
[ 127/600] loss=2.3136  pred=true   gold=true  running‐acc=0.780
Locality eval: pred=n/a               gold=n/a  correct=True  running‐acc=0.457
[ 128/600] loss=1.8893  pred=n/a    gold=n/a  running‐acc=0.781
Locality eval: pred=n/a               gold=true  correct=False  running‐acc=0.453
[ 129/600] loss=1.4054  pred=true   gold=true  running‐acc=0.783
Locality eval: pred=                  gold=n/a  correct=False  running‐acc=0.450
[ 130/600] loss=2.0742  pred=n/a    gold=n/a  running‐acc=0.785
Locality eval: pred=n/a               gold=true  correct=False  running‐acc=0.446
[ 131/600] loss=3.0927  pred=true   gold=true  running‐acc=0.786
Locality eval: pred=n/a               gold=n/a  correct=True  running‐acc=0.450
[ 132/600] loss=2.1817  pred=n/a    gold=n/a  running‐acc=0.788
Locality eval: pred=n/a.              gold=true  correct=False  running‐acc=0.447
[ 133/600] loss=2.1154  pred=n/a    gold=n/a  running‐acc=0.789
Locality eval: pred=n/a               gold=true  correct=False  running‐acc=0.444
[ 134/600] loss=1.7644  pred=true   gold=true  running‐acc=0.791
Locality eval: pred=true              gold=n/a  correct=False  running‐acc=0.440
[ 135/600] loss=2.2557  pred=true   gold=true  running‐acc=0.793
Locality eval: pred=n/a               gold=n/a  correct=True  running‐acc=0.444
[ 136/600] loss=1.8368  pred=n/a    gold=n/a  running‐acc=0.794
Locality eval: pred=true              gold=true  correct=True  running‐acc=0.449
[ 137/600] loss=2.2651  pred=true   gold=true  running‐acc=0.796
Locality eval: pred=true              gold=n/a  correct=False  running‐acc=0.445
[ 138/600] loss=2.7372  pred=true   gold=true  running‐acc=0.797
Locality eval: pred=n/a               gold=n/a  correct=True  running‐acc=0.449
[ 139/600] loss=2.3531  pred=n/a    gold=n/a  running‐acc=0.799
Locality eval: pred=n/a               gold=true  correct=False  running‐acc=0.446
[ 140/600] loss=1.8056  pred=n/a    gold=n/a  running‐acc=0.800
Locality eval: pred=true              gold=true  correct=True  running‐acc=0.450
[ 141/600] loss=2.0606  pred=n/a    gold=n/a  running‐acc=0.801
Locality eval: pred=n/a               gold=true  correct=False  running‐acc=0.447
[ 142/600] loss=2.1310  pred=n/a    gold=n/a  running‐acc=0.803
Locality eval: pred=n/a               gold=true  correct=False  running‐acc=0.444
[ 143/600] loss=1.3064  pred=true   gold=true  running‐acc=0.804
Locality eval: pred=n/a               gold=n/a  correct=True  running‐acc=0.448
[ 144/600] loss=1.6255  pred=true   gold=true  running‐acc=0.806
Locality eval: pred=n/a               gold=n/a  correct=True  running‐acc=0.451
[ 145/600] loss=2.3514  pred=true.  gold=true  running‐acc=0.807
Locality eval: pred=n/a               gold=n/a  correct=True  running‐acc=0.455
[ 146/600] loss=2.2202  pred=       gold=true  running‐acc=0.801
Locality eval: pred=true              gold=n/a  correct=False  running‐acc=0.452
[ 147/600] loss=1.8974  pred=n/a    gold=n/a  running‐acc=0.803
Locality eval: pred=n/a               gold=true  correct=False  running‐acc=0.449
[ 148/600] loss=1.9344  pred=       gold=true  running‐acc=0.797
Locality eval: pred=n/a               gold=n/a  correct=True  running‐acc=0.453
[ 149/600] loss=1.9395  pred=n/a    gold=n/a  running‐acc=0.799
Locality eval: pred=true              gold=true  correct=True  running‐acc=0.456
[ 150/600] loss=1.3516  pred=n/a    gold=n/a  running‐acc=0.800
Locality eval: pred=true              gold=true  correct=True  running‐acc=0.460
[ 151/600] loss=1.6770  pred=true   gold=true  running‐acc=0.801
Locality eval: pred=n/a               gold=n/a  correct=True  running‐acc=0.464
[ 152/600] loss=1.4397  pred=true   gold=true  running‐acc=0.803
Locality eval: pred=true              gold=n/a  correct=False  running‐acc=0.461
[ 153/600] loss=1.8177  pred=n/a    gold=n/a  running‐acc=0.804
Locality eval: pred=n/a               gold=true  correct=False  running‐acc=0.458
[ 154/600] loss=2.1898  pred=n/a    gold=n/a  running‐acc=0.805
Locality eval: pred=n/a               gold=true  correct=False  running‐acc=0.455
[ 155/600] loss=0.9977  pred=true   gold=true  running‐acc=0.806
Locality eval: pred=true              gold=n/a  correct=False  running‐acc=0.452
[ 156/600] loss=1.9072  pred=n/a    gold=n/a  running‐acc=0.808
Locality eval: pred=n/a               gold=true  correct=False  running‐acc=0.449
[ 157/600] loss=2.3780  pred=true   gold=true  running‐acc=0.809
Locality eval: pred=                  gold=n/a  correct=False  running‐acc=0.446
[ 158/600] loss=2.0501  pred=n/a    gold=n/a  running‐acc=0.810
Locality eval: pred=n/a               gold=true  correct=False  running‐acc=0.443
[ 159/600] loss=1.8555  pred=n/a    gold=n/a  running‐acc=0.811
Locality eval: pred=true              gold=true  correct=True  running‐acc=0.447
[ 160/600] loss=2.2479  pred=n/a    gold=n/a  running‐acc=0.812
Locality eval: pred=                  gold=true  correct=False  running‐acc=0.444
[ 161/600] loss=2.2053  pred=true   gold=true  running‐acc=0.814
Locality eval: pred=n/a               gold=n/a  correct=True  running‐acc=0.447
[ 162/600] loss=1.7039  pred=false  gold=n/a  running‐acc=0.809
Locality eval: pred=false             gold=true  correct=False  running‐acc=0.444
[ 163/600] loss=1.8536  pred=n/a    gold=n/a  running‐acc=0.810
Locality eval: pred=                  gold=true  correct=False  running‐acc=0.442
[ 164/600] loss=1.9654  pred=n/a    gold=n/a  running‐acc=0.811
Locality eval: pred=true              gold=true  correct=True  running‐acc=0.445
[ 165/600] loss=2.5483  pred=true   gold=true  running‐acc=0.812
Locality eval: pred=n/a               gold=n/a  correct=True  running‐acc=0.448
[ 166/600] loss=2.1502  pred=true   gold=true  running‐acc=0.813
Locality eval: pred=true              gold=n/a  correct=False  running‐acc=0.446
[ 167/600] loss=2.2610  pred=n/a    gold=n/a  running‐acc=0.814
Locality eval: pred=n/a               gold=true  correct=False  running‐acc=0.443
[ 168/600] loss=1.7029  pred=true   gold=true  running‐acc=0.815
Locality eval: pred=n/a               gold=n/a  correct=True  running‐acc=0.446
[ 169/600] loss=1.9396  pred=n/a    gold=n/a  running‐acc=0.817
Locality eval: pred=n/a               gold=true  correct=False  running‐acc=0.444
[ 170/600] loss=1.5949  pred=n/a    gold=n/a  running‐acc=0.818
Locality eval: pred=true              gold=true  correct=True  running‐acc=0.447
[ 171/600] loss=1.8136  pred=n/a    gold=n/a  running‐acc=0.819
Locality eval: pred=true              gold=true  correct=True  running‐acc=0.450
[ 172/600] loss=2.5121  pred=       gold=true  running‐acc=0.814
Locality eval: pred=n/a               gold=n/a  correct=True  running‐acc=0.453
[ 173/600] loss=1.7430  pred=       gold=n/a  running‐acc=0.809
Locality eval: pred=true              gold=true  correct=True  running‐acc=0.457
[ 174/600] loss=2.3379  pred=       gold=true  running‐acc=0.805
Locality eval: pred=n/a               gold=n/a  correct=True  running‐acc=0.460
[ 175/600] loss=1.7360  pred=       gold=true  running‐acc=0.800
Locality eval: pred=                  gold=n/a  correct=False  running‐acc=0.457
[ 176/600] loss=2.1588  pred=n/a    gold=n/a  running‐acc=0.801
Locality eval: pred=n/a               gold=true  correct=False  running‐acc=0.455
[ 177/600] loss=1.8869  pred=true   gold=true  running‐acc=0.802
Locality eval: pred=true              gold=n/a  correct=False  running‐acc=0.452
[ 178/600] loss=2.2422  pred=n/a    gold=n/a  running‐acc=0.803
Locality eval: pred=n/a               gold=true  correct=False  running‐acc=0.449
[ 179/600] loss=2.3405  pred=n/a    gold=n/a  running‐acc=0.804
Locality eval: pred=n/a               gold=true  correct=False  running‐acc=0.447
[ 180/600] loss=2.3299  pred=true   gold=true  running‐acc=0.806
Locality eval: pred=true              gold=n/a  correct=False  running‐acc=0.444
[ 181/600] loss=2.1029  pred=n/a    gold=n/a  running‐acc=0.807
Locality eval: pred=n/a               gold=true  correct=False  running‐acc=0.442
[ 182/600] loss=2.3351  pred=n/a    gold=n/a  running‐acc=0.808
Locality eval: pred=n/a               gold=true  correct=False  running‐acc=0.440
[ 183/600] loss=2.4713  pred=       gold=true  running‐acc=0.803
Locality eval: pred=n/a               gold=n/a  correct=True  running‐acc=0.443
[ 184/600] loss=2.0286  pred=true   gold=true  running‐acc=0.804
Locality eval: pred=n/a               gold=n/a  correct=True  running‐acc=0.446
[ 185/600] loss=1.9806  pred=true   gold=true  running‐acc=0.805
Locality eval: pred=n/a               gold=n/a  correct=True  running‐acc=0.449
[ 186/600] loss=2.2747  pred=       gold=true  running‐acc=0.801
Locality eval: pred=                  gold=n/a  correct=False  running‐acc=0.446
[ 187/600] loss=1.8098  pred=n/a    gold=n/a  running‐acc=0.802
Locality eval: pred=true              gold=true  correct=True  running‐acc=0.449
[ 188/600] loss=1.7439  pred=n/a    gold=n/a  running‐acc=0.803
Locality eval: pred=n/a               gold=true  correct=False  running‐acc=0.447
[ 189/600] loss=1.9801  pred=true   gold=true  running‐acc=0.804
Locality eval: pred=n/a               gold=n/a  correct=True  running‐acc=0.450
[ 190/600] loss=2.4312  pred=n/a    gold=n/a  running‐acc=0.805
Locality eval: pred=n/a               gold=true  correct=False  running‐acc=0.447
[ 191/600] loss=1.9823  pred=n/a    gold=n/a  running‐acc=0.806
Locality eval: pred=n/a               gold=true  correct=False  running‐acc=0.445
[ 192/600] loss=1.8416  pred=true   gold=n/a  running‐acc=0.802
Locality eval: pred=true              gold=true  correct=True  running‐acc=0.448
[ 193/600] loss=2.6007  pred=       gold=true  running‐acc=0.798
Locality eval: pred=n/a               gold=n/a  correct=True  running‐acc=0.451
[ 194/600] loss=1.8482  pred=true   gold=true  running‐acc=0.799
Locality eval: pred=n/a               gold=n/a  correct=True  running‐acc=0.454
[ 195/600] loss=1.5839  pred=true   gold=true  running‐acc=0.800
Locality eval: pred=true              gold=n/a  correct=False  running‐acc=0.451
[ 196/600] loss=1.9950  pred=true   gold=true  running‐acc=0.801
Locality eval: pred=n/a               gold=n/a  correct=True  running‐acc=0.454
[ 197/600] loss=1.6102  pred=       gold=true  running‐acc=0.797
Locality eval: pred=n/a               gold=n/a  correct=True  running‐acc=0.457
[ 198/600] loss=1.8571  pred=n/a    gold=n/a  running‐acc=0.798
Locality eval: pred=true              gold=true  correct=True  running‐acc=0.460
[ 199/600] loss=2.0781  pred=true   gold=true  running‐acc=0.799
Locality eval: pred=false             gold=n/a  correct=False  running‐acc=0.457
[ 200/600] loss=2.5487  pred=true   gold=true  running‐acc=0.800
Locality eval: pred=true              gold=n/a  correct=False  running‐acc=0.455
[ 201/600] loss=1.5037  pred=false  gold=n/a  running‐acc=0.796
Locality eval: pred=n/a               gold=true  correct=False  running‐acc=0.453
[ 202/600] loss=1.8679  pred=n/a    gold=n/a  running‐acc=0.797
Locality eval: pred=true              gold=true  correct=True  running‐acc=0.455
[ 203/600] loss=2.1272  pred=true   gold=true  running‐acc=0.798
Locality eval: pred=n/a               gold=n/a  correct=True  running‐acc=0.458
[ 204/600] loss=1.4199  pred=n/a    gold=n/a  running‐acc=0.799
Locality eval: pred=true              gold=true  correct=True  running‐acc=0.461
[ 205/600] loss=3.0565  pred=n/a    gold=true  running‐acc=0.795
Locality eval: pred=                  gold=n/a  correct=False  running‐acc=0.459
[ 206/600] loss=1.7223  pred=n/a    gold=n/a  running‐acc=0.796
Locality eval: pred=n/a               gold=true  correct=False  running‐acc=0.456
[ 207/600] loss=2.0973  pred=n/a    gold=n/a  running‐acc=0.797
Locality eval: pred=n/a               gold=true  correct=False  running‐acc=0.454
[ 208/600] loss=1.9918  pred=       gold=true  running‐acc=0.793
Locality eval: pred=n/a               gold=n/a  correct=True  running‐acc=0.457
[ 209/600] loss=1.8583  pred=n/a    gold=n/a  running‐acc=0.794
Locality eval: pred=n/a               gold=true  correct=False  running‐acc=0.455
[ 210/600] loss=1.8799  pred=n/a    gold=n/a  running‐acc=0.795
Locality eval: pred=                  gold=true  correct=False  running‐acc=0.452
[ 211/600] loss=1.7365  pred=true   gold=true  running‐acc=0.796
Locality eval: pred=n/a               gold=n/a  correct=True  running‐acc=0.455
[ 212/600] loss=1.7347  pred=true   gold=n/a  running‐acc=0.792
Locality eval: pred=n/a               gold=true  correct=False  running‐acc=0.453
[ 213/600] loss=2.6720  pred=true   gold=true  running‐acc=0.793
Locality eval: pred=true              gold=n/a  correct=False  running‐acc=0.451
[ 214/600] loss=1.3220  pred=false  gold=n/a  running‐acc=0.790
Locality eval: pred=n/a               gold=true  correct=False  running‐acc=0.449
[ 215/600] loss=1.6831  pred=true   gold=true  running‐acc=0.791
Locality eval: pred=n/a               gold=n/a  correct=True  running‐acc=0.451
[ 216/600] loss=2.0575  pred=n/a    gold=n/a  running‐acc=0.792
Locality eval: pred=n/a               gold=true  correct=False  running‐acc=0.449
[ 217/600] loss=2.4730  pred=true   gold=true  running‐acc=0.793
Locality eval: pred=true              gold=n/a  correct=False  running‐acc=0.447
[ 218/600] loss=2.2258  pred=n/a    gold=n/a  running‐acc=0.794
Locality eval: pred=n/a               gold=true  correct=False  running‐acc=0.445
[ 219/600] loss=1.7628  pred=true   gold=true  running‐acc=0.795
Locality eval: pred=n/a               gold=n/a  correct=True  running‐acc=0.447
[ 220/600] loss=2.0811  pred=n/a    gold=n/a  running‐acc=0.795
Locality eval: pred=n/a               gold=true  correct=False  running‐acc=0.445
[ 221/600] loss=1.9712  pred=n/a    gold=n/a  running‐acc=0.796
Locality eval: pred=n/a               gold=true  correct=False  running‐acc=0.443
[ 222/600] loss=2.3300  pred=       gold=n/a  running‐acc=0.793
Locality eval: pred=n/a               gold=true  correct=False  running‐acc=0.441
[ 223/600] loss=1.8752  pred=n/a    gold=n/a  running‐acc=0.794
Locality eval: pred=                  gold=true  correct=False  running‐acc=0.439
[ 224/600] loss=1.8549  pred=true   gold=n/a  running‐acc=0.790
Locality eval: pred=true              gold=true  correct=True  running‐acc=0.442
[ 225/600] loss=1.8346  pred=n/a    gold=n/a  running‐acc=0.791
Locality eval: pred=n/a               gold=true  correct=False  running‐acc=0.440
[ 226/600] loss=2.3095  pred=true   gold=true  running‐acc=0.792
Locality eval: pred=true              gold=n/a  correct=False  running‐acc=0.438
[ 227/600] loss=1.2528  pred=n/a    gold=n/a  running‐acc=0.793
Locality eval: pred=true              gold=true  correct=True  running‐acc=0.441
[ 228/600] loss=1.8839  pred=n/a    gold=n/a  running‐acc=0.794
Locality eval: pred=n/a               gold=true  correct=False  running‐acc=0.439
[ 229/600] loss=1.8884  pred=n/a    gold=n/a  running‐acc=0.795
Locality eval: pred=n/a               gold=true  correct=False  running‐acc=0.437
[ 230/600] loss=1.6479  pred=n/a    gold=n/a  running‐acc=0.796
Locality eval: pred=true.             gold=true  correct=True  running‐acc=0.439
[ 231/600] loss=2.1675  pred=n/a    gold=n/a  running‐acc=0.797
Locality eval: pred=n/a               gold=true  correct=False  running‐acc=0.437
[ 232/600] loss=2.1761  pred=n/a    gold=n/a  running‐acc=0.797
Locality eval: pred=n/a               gold=true  correct=False  running‐acc=0.435
[ 233/600] loss=2.5737  pred=true   gold=true  running‐acc=0.798
Locality eval: pred=                  gold=n/a  correct=False  running‐acc=0.433
[ 234/600] loss=2.2910  pred=true   gold=true  running‐acc=0.799
Locality eval: pred=                  gold=n/a  correct=False  running‐acc=0.432
[ 235/600] loss=1.4203  pred=false  gold=n/a  running‐acc=0.796
Locality eval: pred=true              gold=true  correct=True  running‐acc=0.434
[ 236/600] loss=2.1945  pred=n/a    gold=n/a  running‐acc=0.797
Locality eval: pred=n/a.              gold=true  correct=False  running‐acc=0.432
[ 237/600] loss=2.4053  pred=false  gold=true  running‐acc=0.793
Locality eval: pred=n/a               gold=n/a  correct=True  running‐acc=0.435
[ 238/600] loss=2.2239  pred=n/a    gold=n/a  running‐acc=0.794
Locality eval: pred=true              gold=true  correct=True  running‐acc=0.437
[ 239/600] loss=2.0897  pred=n/a    gold=n/a  running‐acc=0.795
Locality eval: pred=true              gold=true  correct=True  running‐acc=0.439
[ 240/600] loss=2.9153  pred=       gold=true  running‐acc=0.792
Locality eval: pred=true              gold=n/a  correct=False  running‐acc=0.438
[ 241/600] loss=2.3277  pred=n/a    gold=n/a  running‐acc=0.793
Locality eval: pred=n/a               gold=true  correct=False  running‐acc=0.436
[ 242/600] loss=1.7989  pred=n/a    gold=n/a  running‐acc=0.793
Locality eval: pred=n/a               gold=true  correct=False  running‐acc=0.434
[ 243/600] loss=2.0311  pred=       gold=n/a  running‐acc=0.790
Locality eval: pred=n/a               gold=true  correct=False  running‐acc=0.432
[ 244/600] loss=2.1698  pred=true   gold=true  running‐acc=0.791
Locality eval: pred=                  gold=n/a  correct=False  running‐acc=0.430
[ 245/600] loss=2.7135  pred=n/a    gold=true  running‐acc=0.788
Locality eval: pred=n/a               gold=n/a  correct=True  running‐acc=0.433
[ 246/600] loss=1.9852  pred=true   gold=true  running‐acc=0.789
Locality eval: pred=                  gold=n/a  correct=False  running‐acc=0.431
[ 247/600] loss=1.9679  pred=       gold=true  running‐acc=0.785
Locality eval: pred=n/a               gold=n/a  correct=True  running‐acc=0.433
[ 248/600] loss=2.4063  pred=true   gold=true  running‐acc=0.786
Locality eval: pred=n/a               gold=n/a  correct=True  running‐acc=0.435
[ 249/600] loss=1.9635  pred=n/a    gold=n/a  running‐acc=0.787
Locality eval: pred=n/a               gold=true  correct=False  running‐acc=0.434
[ 250/600] loss=2.2247  pred=       gold=true  running‐acc=0.784
Locality eval: pred=n/a               gold=n/a  correct=True  running‐acc=0.436
[ 251/600] loss=1.9768  pred=n/a    gold=n/a  running‐acc=0.785
Locality eval: pred=true              gold=true  correct=True  running‐acc=0.438
[ 252/600] loss=2.2280  pred=n/a    gold=n/a  running‐acc=0.786
Locality eval: pred=n/a               gold=true  correct=False  running‐acc=0.437
[ 253/600] loss=2.3721  pred=       gold=true  running‐acc=0.783
Locality eval: pred=true              gold=n/a  correct=False  running‐acc=0.435
[ 254/600] loss=2.5863  pred=true   gold=true  running‐acc=0.783
Locality eval: pred=n/a               gold=n/a  correct=True  running‐acc=0.437
[ 255/600] loss=2.2591  pred=n/a    gold=n/a  running‐acc=0.784
Locality eval: pred=n/a               gold=true  correct=False  running‐acc=0.435
[ 256/600] loss=1.8144  pred=n/a    gold=n/a  running‐acc=0.785
Locality eval: pred=true              gold=true  correct=True  running‐acc=0.438
[ 257/600] loss=2.2779  pred=n/a    gold=n/a  running‐acc=0.786
Locality eval: pred=n/a               gold=true  correct=False  running‐acc=0.436
[ 258/600] loss=2.0409  pred=n/a    gold=n/a  running‐acc=0.787
Locality eval: pred=n/a               gold=true  correct=False  running‐acc=0.434
[ 259/600] loss=1.7646  pred=true   gold=true  running‐acc=0.788
Locality eval: pred=true              gold=n/a  correct=False  running‐acc=0.432
[ 260/600] loss=2.1116  pred=true   gold=true  running‐acc=0.788
Locality eval: pred=                  gold=n/a  correct=False  running‐acc=0.431
[ 261/600] loss=1.8359  pred=true   gold=true  running‐acc=0.789
Locality eval: pred=true              gold=n/a  correct=False  running‐acc=0.429
[ 262/600] loss=2.0723  pred=true   gold=true  running‐acc=0.790
Locality eval: pred=n/a               gold=n/a  correct=True  running‐acc=0.431
[ 263/600] loss=1.7879  pred=n/a    gold=n/a  running‐acc=0.791
Locality eval: pred=n/a               gold=true  correct=False  running‐acc=0.430
[ 264/600] loss=1.8871  pred=false  gold=n/a  running‐acc=0.788
Locality eval: pred=true              gold=true  correct=True  running‐acc=0.432
[ 265/600] loss=2.4925  pred=true   gold=true  running‐acc=0.789
Locality eval: pred=true              gold=n/a  correct=False  running‐acc=0.430
[ 266/600] loss=2.2575  pred=n/a    gold=n/a  running‐acc=0.789
Locality eval: pred=n/a               gold=true  correct=False  running‐acc=0.429
[ 267/600] loss=1.9281  pred=       gold=n/a  running‐acc=0.787
Locality eval: pred=true              gold=true  correct=True  running‐acc=0.431
[ 268/600] loss=2.1725  pred=true   gold=true  running‐acc=0.787
Locality eval: pred=n/a               gold=n/a  correct=True  running‐acc=0.433
[ 269/600] loss=1.9140  pred=n/a    gold=n/a  running‐acc=0.788
Locality eval: pred=n/a               gold=true  correct=False  running‐acc=0.431
[ 270/600] loss=1.6815  pred=true   gold=true  running‐acc=0.789
Locality eval: pred=false             gold=n/a  correct=False  running‐acc=0.430
[ 271/600] loss=1.7055  pred=n/a    gold=n/a  running‐acc=0.790
Locality eval: pred=n/a               gold=true  correct=False  running‐acc=0.428
[ 272/600] loss=2.3030  pred=true   gold=true  running‐acc=0.790
Locality eval: pred=n/a               gold=n/a  correct=True  running‐acc=0.430
[ 273/600] loss=1.8626  pred=n/a    gold=n/a  running‐acc=0.791
Locality eval: pred=true              gold=true  correct=True  running‐acc=0.432
[ 274/600] loss=1.8494  pred=       gold=n/a  running‐acc=0.788
Locality eval: pred=n/a               gold=true  correct=False  running‐acc=0.431
[ 275/600] loss=2.5133  pred=true   gold=true  running‐acc=0.789
Locality eval: pred=n/a               gold=n/a  correct=True  running‐acc=0.433
[ 276/600] loss=1.8394  pred=n/a    gold=n/a  running‐acc=0.790
Locality eval: pred=n/a               gold=true  correct=False  running‐acc=0.431
[ 277/600] loss=2.2650  pred=true   gold=true  running‐acc=0.791
Locality eval: pred=true              gold=n/a  correct=False  running‐acc=0.430
[ 278/600] loss=2.2030  pred=n/a    gold=n/a  running‐acc=0.791
Locality eval: pred=n/a               gold=true  correct=False  running‐acc=0.428
[ 279/600] loss=2.0253  pred=true   gold=true  running‐acc=0.792
Locality eval: pred=n/a               gold=n/a  correct=True  running‐acc=0.430
[ 280/600] loss=1.7865  pred=n/a    gold=n/a  running‐acc=0.793
Locality eval: pred=n/a               gold=true  correct=False  running‐acc=0.429
[ 281/600] loss=2.1860  pred=true   gold=true  running‐acc=0.794
Locality eval: pred=n/a               gold=n/a  correct=True  running‐acc=0.431
[ 282/600] loss=1.7146  pred=true   gold=true  running‐acc=0.794
Locality eval: pred=n/a               gold=n/a  correct=True  running‐acc=0.433
[ 283/600] loss=1.8233  pred=n/a    gold=n/a  running‐acc=0.795
Locality eval: pred=true              gold=true  correct=True  running‐acc=0.435
[ 284/600] loss=1.1885  pred=true   gold=n/a  running‐acc=0.792
Locality eval: pred=true              gold=true  correct=True  running‐acc=0.437
[ 285/600] loss=1.8697  pred=true   gold=true  running‐acc=0.793
Locality eval: pred=false.            gold=n/a  correct=False  running‐acc=0.435
[ 286/600] loss=1.8444  pred=n/a    gold=n/a  running‐acc=0.794
Locality eval: pred=n/a               gold=true  correct=False  running‐acc=0.434
[ 287/600] loss=1.7462  pred=n/a    gold=n/a  running‐acc=0.794
Locality eval: pred=true              gold=true  correct=True  running‐acc=0.436
[ 288/600] loss=1.8507  pred=true.  gold=true  running‐acc=0.795
Locality eval: pred=n/a               gold=n/a  correct=True  running‐acc=0.438
[ 289/600] loss=2.3364  pred=       gold=true  running‐acc=0.792
Locality eval: pred=                  gold=n/a  correct=False  running‐acc=0.436
[ 290/600] loss=1.7927  pred=n/a    gold=n/a  running‐acc=0.793
Locality eval: pred=n/a               gold=true  correct=False  running‐acc=0.434
[ 291/600] loss=2.2455  pred=true   gold=true  running‐acc=0.794
Locality eval: pred=true              gold=n/a  correct=False  running‐acc=0.433
[ 292/600] loss=1.8839  pred=true   gold=true  running‐acc=0.795
Locality eval: pred=n/a               gold=n/a  correct=True  running‐acc=0.435
[ 293/600] loss=1.7999  pred=       gold=true  running‐acc=0.792
Locality eval: pred=true              gold=n/a  correct=False  running‐acc=0.433
[ 294/600] loss=1.9301  pred=true   gold=true  running‐acc=0.793
Locality eval: pred=                  gold=n/a  correct=False  running‐acc=0.432
[ 295/600] loss=2.3808  pred=n/a    gold=n/a  running‐acc=0.793
Locality eval: pred=n/a               gold=true  correct=False  running‐acc=0.431
[ 296/600] loss=2.0406  pred=n/a    gold=n/a  running‐acc=0.794
Locality eval: pred=n/a               gold=true  correct=False  running‐acc=0.429
[ 297/600] loss=2.8493  pred=true   gold=true  running‐acc=0.795
Locality eval: pred=true              gold=n/a  correct=False  running‐acc=0.428
[ 298/600] loss=1.6571  pred=true   gold=true  running‐acc=0.795
Locality eval: pred=true              gold=n/a  correct=False  running‐acc=0.426
[ 299/600] loss=1.5634  pred=n/a    gold=n/a  running‐acc=0.796
Locality eval: pred=n/a               gold=true  correct=False  running‐acc=0.425
[ 300/600] loss=1.1768  pred=true   gold=n/a  running‐acc=0.793
Locality eval: pred=                  gold=true  correct=False  running‐acc=0.423
[ 301/600] loss=2.2883  pred=true   gold=true  running‐acc=0.794
Locality eval: pred=                  gold=n/a  correct=False  running‐acc=0.422
[ 302/600] loss=2.2904  pred=true   gold=true  running‐acc=0.795
Locality eval: pred=true              gold=n/a  correct=False  running‐acc=0.421
[ 303/600] loss=1.4962  pred=true   gold=true  running‐acc=0.795
Locality eval: pred=n/a               gold=n/a  correct=True  running‐acc=0.422
[ 304/600] loss=2.6068  pred=true   gold=true  running‐acc=0.796
Locality eval: pred=n/a               gold=n/a  correct=True  running‐acc=0.424
[ 305/600] loss=1.8683  pred=true   gold=true  running‐acc=0.797
Locality eval: pred=true              gold=n/a  correct=False  running‐acc=0.423
[ 306/600] loss=2.1456  pred=true   gold=true  running‐acc=0.797
Locality eval: pred=                  gold=n/a  correct=False  running‐acc=0.422
[ 307/600] loss=2.1431  pred=true   gold=true  running‐acc=0.798
Locality eval: pred=true              gold=n/a  correct=False  running‐acc=0.420
[ 308/600] loss=2.4473  pred=n/a    gold=true  running‐acc=0.795
Locality eval: pred=                  gold=n/a  correct=False  running‐acc=0.419
[ 309/600] loss=1.7726  pred=true   gold=true  running‐acc=0.796
Locality eval: pred=                  gold=n/a  correct=False  running‐acc=0.417
[ 310/600] loss=2.3769  pred=n/a    gold=n/a  running‐acc=0.797
Locality eval: pred=                  gold=true  correct=False  running‐acc=0.416
[ 311/600] loss=2.3725  pred=       gold=true  running‐acc=0.794
Locality eval: pred=                  gold=n/a  correct=False  running‐acc=0.415
[ 312/600] loss=1.8371  pred=true   gold=true  running‐acc=0.795
Locality eval: pred=n/a               gold=n/a  correct=True  running‐acc=0.417
[ 313/600] loss=1.6020  pred=n/a    gold=n/a  running‐acc=0.796
Locality eval: pred=false             gold=true  correct=False  running‐acc=0.415
[ 314/600] loss=1.7095  pred=n/a    gold=n/a  running‐acc=0.796
Locality eval: pred=true              gold=true  correct=True  running‐acc=0.417
[ 315/600] loss=1.7844  pred=true   gold=n/a  running‐acc=0.794
Locality eval: pred=true              gold=true  correct=True  running‐acc=0.419
[ 316/600] loss=1.8245  pred=true   gold=true  running‐acc=0.794
Locality eval: pred=true              gold=n/a  correct=False  running‐acc=0.418
[ 317/600] loss=2.2554  pred=       gold=true  running‐acc=0.792
Locality eval: pred=n/a               gold=n/a  correct=True  running‐acc=0.420
[ 318/600] loss=1.9921  pred=true   gold=true  running‐acc=0.792
Locality eval: pred=true              gold=n/a  correct=False  running‐acc=0.418
[ 319/600] loss=1.6840  pred=n/a    gold=n/a  running‐acc=0.793
Locality eval: pred=true              gold=true  correct=True  running‐acc=0.420
[ 320/600] loss=1.7017  pred=n/a    gold=n/a  running‐acc=0.794
Locality eval: pred=true              gold=true  correct=True  running‐acc=0.422
[ 321/600] loss=1.9472  pred=true   gold=true  running‐acc=0.794
Locality eval: pred=n/a               gold=n/a  correct=True  running‐acc=0.424
[ 322/600] loss=1.9487  pred=true   gold=true  running‐acc=0.795
Locality eval: pred=n/a               gold=n/a  correct=True  running‐acc=0.425
[ 323/600] loss=1.7805  pred=n/a    gold=n/a  running‐acc=0.796
Locality eval: pred=                  gold=true  correct=False  running‐acc=0.424
[ 324/600] loss=2.2915  pred=n/a    gold=n/a  running‐acc=0.796
Locality eval: pred=true              gold=true  correct=True  running‐acc=0.426
[ 325/600] loss=2.2146  pred=true   gold=true  running‐acc=0.797
Locality eval: pred=                  gold=n/a  correct=False  running‐acc=0.425
[ 326/600] loss=1.7597  pred=n/a    gold=n/a  running‐acc=0.798
Locality eval: pred=true              gold=true  correct=True  running‐acc=0.426
[ 327/600] loss=2.7619  pred=true   gold=true  running‐acc=0.798
Locality eval: pred=true              gold=n/a  correct=False  running‐acc=0.425
[ 328/600] loss=1.8210  pred=n/a    gold=n/a  running‐acc=0.799
Locality eval: pred=n/a               gold=true  correct=False  running‐acc=0.424
[ 329/600] loss=1.5018  pred=true   gold=true  running‐acc=0.799
Locality eval: pred=true              gold=n/a  correct=False  running‐acc=0.422
[ 330/600] loss=1.8208  pred=n/a    gold=n/a  running‐acc=0.800
Locality eval: pred=true              gold=true  correct=True  running‐acc=0.424
[ 331/600] loss=2.0750  pred=true   gold=true  running‐acc=0.801
Locality eval: pred=n/a               gold=n/a  correct=True  running‐acc=0.426
[ 332/600] loss=1.7889  pred=n/a    gold=n/a  running‐acc=0.801
Locality eval: pred=true              gold=true  correct=True  running‐acc=0.428
[ 333/600] loss=1.2542  pred=true   gold=true  running‐acc=0.802
Locality eval: pred=n/a               gold=n/a  correct=True  running‐acc=0.429
[ 334/600] loss=2.6028  pred=true   gold=n/a  running‐acc=0.799
Locality eval: pred=n/a               gold=true  correct=False  running‐acc=0.428
[ 335/600] loss=2.3339  pred=true   gold=true  running‐acc=0.800
Locality eval: pred=true              gold=n/a  correct=False  running‐acc=0.427
[ 336/600] loss=1.7501  pred=n/a    gold=n/a  running‐acc=0.801
Locality eval: pred=true              gold=true  correct=True  running‐acc=0.429
[ 337/600] loss=2.3199  pred=n/a    gold=n/a  running‐acc=0.801
Locality eval: pred=n/a               gold=true  correct=False  running‐acc=0.427
[ 338/600] loss=1.7525  pred=false  gold=n/a  running‐acc=0.799
Locality eval: pred=true              gold=true  correct=True  running‐acc=0.429
[ 339/600] loss=1.9101  pred=n/a    gold=n/a  running‐acc=0.799
Locality eval: pred=n/a               gold=true  correct=False  running‐acc=0.428
[ 340/600] loss=1.7431  pred=n/a    gold=n/a  running‐acc=0.800
Locality eval: pred=true              gold=true  correct=True  running‐acc=0.429
[ 341/600] loss=2.3496  pred=       gold=true  running‐acc=0.798
Locality eval: pred=                  gold=n/a  correct=False  running‐acc=0.428
[ 342/600] loss=1.7305  pred=true   gold=true  running‐acc=0.798
Locality eval: pred=n/a               gold=n/a  correct=True  running‐acc=0.430
[ 343/600] loss=0.6164  pred=true   gold=n/a  running‐acc=0.796
Locality eval: pred=true              gold=true  correct=True  running‐acc=0.431
[ 344/600] loss=2.1488  pred=true   gold=true  running‐acc=0.797
Locality eval: pred=n/a               gold=n/a  correct=True  running‐acc=0.433
[ 345/600] loss=1.4511  pred=false  gold=n/a  running‐acc=0.794
Locality eval: pred=true              gold=true  correct=True  running‐acc=0.435
[ 346/600] loss=1.9446  pred=true   gold=true  running‐acc=0.795
Locality eval: pred=                  gold=n/a  correct=False  running‐acc=0.434
[ 347/600] loss=1.3748  pred=n/a    gold=n/a  running‐acc=0.795
Locality eval: pred=n/a               gold=true  correct=False  running‐acc=0.432
[ 348/600] loss=1.7874  pred=n/a    gold=n/a  running‐acc=0.796
Locality eval: pred=true              gold=true  correct=True  running‐acc=0.434
[ 349/600] loss=2.0197  pred=n/a    gold=n/a  running‐acc=0.797
Locality eval: pred=true              gold=true  correct=True  running‐acc=0.436
[ 350/600] loss=1.7834  pred=n/a    gold=n/a  running‐acc=0.797
Locality eval: pred=n/a               gold=true  correct=False  running‐acc=0.434
[ 351/600] loss=1.8599  pred=n/a    gold=n/a  running‐acc=0.798
Locality eval: pred=n/a               gold=true  correct=False  running‐acc=0.433
[ 352/600] loss=2.0448  pred=n/a    gold=n/a  running‐acc=0.798
Locality eval: pred=true              gold=true  correct=True  running‐acc=0.435
[ 353/600] loss=1.7165  pred=       gold=n/a  running‐acc=0.796
Locality eval: pred=n/a               gold=true  correct=False  running‐acc=0.433
[ 354/600] loss=2.4850  pred=       gold=true  running‐acc=0.794
Locality eval: pred=n/a               gold=n/a  correct=True  running‐acc=0.435
[ 355/600] loss=1.9297  pred=true   gold=true  running‐acc=0.794
Locality eval: pred=true              gold=n/a  correct=False  running‐acc=0.434
[ 356/600] loss=1.9890  pred=n/a    gold=true  running‐acc=0.792
Locality eval: pred=n/a               gold=n/a  correct=True  running‐acc=0.435
[ 357/600] loss=2.1724  pred=n/a    gold=true  running‐acc=0.790
Locality eval: pred=n/a               gold=n/a  correct=True  running‐acc=0.437
[ 358/600] loss=2.5450  pred=true   gold=true  running‐acc=0.791
Locality eval: pred=false             gold=n/a  correct=False  running‐acc=0.436
[ 359/600] loss=1.8208  pred=true   gold=true  running‐acc=0.791
Locality eval: pred=                  gold=n/a  correct=False  running‐acc=0.435
[ 360/600] loss=2.0841  pred=n/a    gold=n/a  running‐acc=0.792
Locality eval: pred=n/a               gold=true  correct=False  running‐acc=0.433
[ 361/600] loss=2.4351  pred=true   gold=true  running‐acc=0.792
Locality eval: pred=n/a               gold=n/a  correct=True  running‐acc=0.435
[ 362/600] loss=2.3322  pred=true   gold=true  running‐acc=0.793
Locality eval: pred=n/a               gold=n/a  correct=True  running‐acc=0.436
[ 363/600] loss=1.7326  pred=n/a    gold=n/a  running‐acc=0.793
Locality eval: pred=true              gold=true  correct=True  running‐acc=0.438
[ 364/600] loss=2.9108  pred=true   gold=true  running‐acc=0.794
Locality eval: pred=n/a               gold=n/a  correct=True  running‐acc=0.440
[ 365/600] loss=2.3959  pred=true   gold=true  running‐acc=0.795
Locality eval: pred=                  gold=n/a  correct=False  running‐acc=0.438
[ 366/600] loss=2.0106  pred=n/a    gold=n/a  running‐acc=0.795
Locality eval: pred=n/a               gold=true  correct=False  running‐acc=0.437
[ 367/600] loss=1.9415  pred=n/a    gold=n/a  running‐acc=0.796
Locality eval: pred=true              gold=true  correct=True  running‐acc=0.439
[ 368/600] loss=2.1897  pred=n/a    gold=true  running‐acc=0.793
Locality eval: pred=n/a               gold=n/a  correct=True  running‐acc=0.440
[ 369/600] loss=2.0331  pred=n/a    gold=n/a  running‐acc=0.794
Locality eval: pred=true              gold=true  correct=True  running‐acc=0.442
[ 370/600] loss=1.8717  pred=n/a    gold=n/a  running‐acc=0.795
Locality eval: pred=n/a               gold=true  correct=False  running‐acc=0.441
[ 371/600] loss=1.8243  pred=true   gold=true  running‐acc=0.795
Locality eval: pred=n/a               gold=n/a  correct=True  running‐acc=0.442
[ 372/600] loss=2.1427  pred=true   gold=true  running‐acc=0.796
Locality eval: pred=false             gold=n/a  correct=False  running‐acc=0.441
[ 373/600] loss=1.7519  pred=n/a    gold=true  running‐acc=0.794
Locality eval: pred=n/a               gold=n/a  correct=True  running‐acc=0.442
[ 374/600] loss=1.8216  pred=n/a    gold=n/a  running‐acc=0.794
Locality eval: pred=true              gold=true  correct=True  running‐acc=0.444
[ 375/600] loss=1.9143  pred=       gold=true  running‐acc=0.792
Locality eval: pred=true              gold=n/a  correct=False  running‐acc=0.443
[ 376/600] loss=1.9858  pred=true   gold=true  running‐acc=0.793
Locality eval: pred=n/a               gold=n/a  correct=True  running‐acc=0.444
[ 377/600] loss=2.3397  pred=true   gold=true  running‐acc=0.793
Locality eval: pred=n/a               gold=n/a  correct=True  running‐acc=0.446
[ 378/600] loss=2.9466  pred=       gold=true  running‐acc=0.791
Locality eval: pred=n/a               gold=n/a  correct=True  running‐acc=0.447
[ 379/600] loss=1.9802  pred=true   gold=true  running‐acc=0.792
Locality eval: pred=n/a               gold=n/a  correct=True  running‐acc=0.449
[ 380/600] loss=1.7215  pred=true   gold=true  running‐acc=0.792
Locality eval: pred=true              gold=n/a  correct=False  running‐acc=0.447
[ 381/600] loss=1.9133  pred=n/a    gold=n/a  running‐acc=0.793
Locality eval: pred=true              gold=true  correct=True  running‐acc=0.449
[ 382/600] loss=2.0172  pred=n/a    gold=n/a  running‐acc=0.793
Locality eval: pred=n/a               gold=true  correct=False  running‐acc=0.448
[ 383/600] loss=1.8193  pred=true.  gold=n/a  running‐acc=0.791
Locality eval: pred=n/a               gold=true  correct=False  running‐acc=0.446
[ 384/600] loss=2.1000  pred=n/a    gold=n/a  running‐acc=0.792
Locality eval: pred=n/a               gold=true  correct=False  running‐acc=0.445
[ 385/600] loss=2.7622  pred=true   gold=true  running‐acc=0.792
Locality eval: pred=true              gold=n/a  correct=False  running‐acc=0.444
[ 386/600] loss=2.0023  pred=n/a    gold=true  running‐acc=0.790
Locality eval: pred=n/a               gold=n/a  correct=True  running‐acc=0.446
[ 387/600] loss=1.7414  pred=n/a    gold=n/a  running‐acc=0.791
Locality eval: pred=n/a               gold=true  correct=False  running‐acc=0.444
[ 388/600] loss=2.6238  pred=       gold=true  running‐acc=0.789
Locality eval: pred=n/a               gold=n/a  correct=True  running‐acc=0.446
[ 389/600] loss=2.0476  pred=n/a    gold=n/a  running‐acc=0.789
Locality eval: pred=true              gold=true  correct=True  running‐acc=0.447
[ 390/600] loss=1.8649  pred=true   gold=true  running‐acc=0.790
Locality eval: pred=false             gold=n/a  correct=False  running‐acc=0.446
[ 391/600] loss=1.9943  pred=true   gold=true  running‐acc=0.790
Locality eval: pred=                  gold=n/a  correct=False  running‐acc=0.445
[ 392/600] loss=1.9804  pred=true   gold=n/a  running‐acc=0.788
Locality eval: pred=true              gold=true  correct=True  running‐acc=0.446
[ 393/600] loss=1.9319  pred=n/a    gold=n/a  running‐acc=0.789
Locality eval: pred=n/a               gold=true  correct=False  running‐acc=0.445
[ 394/600] loss=2.2722  pred=n/a    gold=n/a  running‐acc=0.789
Locality eval: pred=n/a               gold=true  correct=False  running‐acc=0.444
[ 395/600] loss=2.2013  pred=true   gold=true  running‐acc=0.790
Locality eval: pred=n/a               gold=n/a  correct=True  running‐acc=0.446
[ 396/600] loss=2.4201  pred=true   gold=true  running‐acc=0.790
Locality eval: pred=n/a               gold=n/a  correct=True  running‐acc=0.447
[ 397/600] loss=1.8320  pred=n/a    gold=n/a  running‐acc=0.791
Locality eval: pred=true              gold=true  correct=True  running‐acc=0.448
[ 398/600] loss=1.5726  pred=true   gold=true  running‐acc=0.791
Locality eval: pred=true              gold=n/a  correct=False  running‐acc=0.447
[ 399/600] loss=2.0929  pred=n/a    gold=n/a  running‐acc=0.792
Locality eval: pred=n/a               gold=true  correct=False  running‐acc=0.446
[ 400/600] loss=1.7800  pred=true   gold=true  running‐acc=0.792
Locality eval: pred=n/a               gold=n/a  correct=True  running‐acc=0.448
[ 401/600] loss=2.9889  pred=true   gold=true  running‐acc=0.793
Locality eval: pred=                  gold=n/a  correct=False  running‐acc=0.446
[ 402/600] loss=2.0158  pred=n/a    gold=n/a  running‐acc=0.794
Locality eval: pred=n/a               gold=true  correct=False  running‐acc=0.445
[ 403/600] loss=2.0862  pred=true   gold=true  running‐acc=0.794
Locality eval: pred=true              gold=n/a  correct=False  running‐acc=0.444
[ 404/600] loss=1.7208  pred=true   gold=true  running‐acc=0.795
Locality eval: pred=n/a               gold=n/a  correct=True  running‐acc=0.446
[ 405/600] loss=1.8025  pred=n/a    gold=n/a  running‐acc=0.795
Locality eval: pred=true              gold=true  correct=True  running‐acc=0.447
[ 406/600] loss=1.8850  pred=n/a    gold=n/a  running‐acc=0.796
Locality eval: pred=true              gold=true  correct=True  running‐acc=0.448
[ 407/600] loss=1.9743  pred=true   gold=true  running‐acc=0.796
Locality eval: pred=n/a               gold=n/a  correct=True  running‐acc=0.450
[ 408/600] loss=1.8893  pred=n/a    gold=n/a  running‐acc=0.797
Locality eval: pred=true              gold=true  correct=True  running‐acc=0.451
[ 409/600] loss=2.9999  pred=true   gold=true  running‐acc=0.797
Locality eval: pred=true              gold=n/a  correct=False  running‐acc=0.450
[ 410/600] loss=1.9177  pred=n/a    gold=n/a  running‐acc=0.798
Locality eval: pred=true              gold=true  correct=True  running‐acc=0.451
[ 411/600] loss=1.8850  pred=       gold=true  running‐acc=0.796
Locality eval: pred=n/a               gold=n/a  correct=True  running‐acc=0.453
[ 412/600] loss=1.4530  pred=true   gold=true  running‐acc=0.796
Locality eval: pred=true.             gold=n/a  correct=False  running‐acc=0.451
[ 413/600] loss=1.9213  pred=true   gold=true  running‐acc=0.797
Locality eval: pred=                  gold=n/a  correct=False  running‐acc=0.450
[ 414/600] loss=1.8415  pred=true   gold=true  running‐acc=0.797
Locality eval: pred=                  gold=n/a  correct=False  running‐acc=0.449
[ 415/600] loss=2.0618  pred=n/a    gold=n/a  running‐acc=0.798
Locality eval: pred=n/a               gold=true  correct=False  running‐acc=0.448
[ 416/600] loss=2.1819  pred=true   gold=true  running‐acc=0.798
Locality eval: pred=true              gold=n/a  correct=False  running‐acc=0.447
[ 417/600] loss=1.8998  pred=n/a    gold=n/a  running‐acc=0.799
Locality eval: pred=n/a               gold=true  correct=False  running‐acc=0.446
[ 418/600] loss=2.0159  pred=       gold=n/a  running‐acc=0.797
Locality eval: pred=n/a               gold=true  correct=False  running‐acc=0.445
[ 419/600] loss=2.0879  pred=true   gold=true  running‐acc=0.797
Locality eval: pred=true              gold=n/a  correct=False  running‐acc=0.444
[ 420/600] loss=2.1842  pred=       gold=true  running‐acc=0.795
Locality eval: pred=n/a               gold=n/a  correct=True  running‐acc=0.445
[ 421/600] loss=1.9581  pred=true   gold=true  running‐acc=0.796
Locality eval: pred=n/a               gold=n/a  correct=True  running‐acc=0.447
[ 422/600] loss=2.8753  pred=true   gold=true  running‐acc=0.796
Locality eval: pred=                  gold=n/a  correct=False  running‐acc=0.445
[ 423/600] loss=2.1549  pred=       gold=true  running‐acc=0.794
Locality eval: pred=true              gold=n/a  correct=False  running‐acc=0.444
[ 424/600] loss=1.9066  pred=n/a    gold=n/a  running‐acc=0.795
Locality eval: pred=n/a               gold=true  correct=False  running‐acc=0.443
[ 425/600] loss=1.9622  pred=n/a    gold=n/a  running‐acc=0.795
Locality eval: pred=n/a               gold=true  correct=False  running‐acc=0.442
[ 426/600] loss=2.3715  pred=n/a    gold=n/a  running‐acc=0.796
Locality eval: pred=n/a               gold=true  correct=False  running‐acc=0.441
[ 427/600] loss=2.1781  pred=true   gold=true  running‐acc=0.796
Locality eval: pred=true              gold=n/a  correct=False  running‐acc=0.440
[ 428/600] loss=2.4635  pred=true   gold=true  running‐acc=0.797
Locality eval: pred=                  gold=n/a  correct=False  running‐acc=0.439
[ 429/600] loss=2.1355  pred=true   gold=true  running‐acc=0.797
Locality eval: pred=n/a               gold=n/a  correct=True  running‐acc=0.441
[ 430/600] loss=1.1113  pred=n/a    gold=n/a  running‐acc=0.798
Locality eval: pred=true              gold=true  correct=True  running‐acc=0.442
[ 431/600] loss=2.6972  pred=       gold=true  running‐acc=0.796
Locality eval: pred=n/a               gold=n/a  correct=True  running‐acc=0.443
[ 432/600] loss=2.8759  pred=true   gold=true  running‐acc=0.796
Locality eval: pred=                  gold=n/a  correct=False  running‐acc=0.442
[ 433/600] loss=2.2378  pred=n/a    gold=true  running‐acc=0.794
Locality eval: pred=n/a               gold=n/a  correct=True  running‐acc=0.443
[ 434/600] loss=1.8759  pred=       gold=n/a  running‐acc=0.793
Locality eval: pred=                  gold=true  correct=False  running‐acc=0.442
[ 435/600] loss=1.9304  pred=n/a    gold=n/a  running‐acc=0.793
Locality eval: pred=true              gold=true  correct=True  running‐acc=0.444
[ 436/600] loss=2.4054  pred=true   gold=true  running‐acc=0.794
Locality eval: pred=true              gold=n/a  correct=False  running‐acc=0.443
[ 437/600] loss=1.8488  pred=n/a    gold=true  running‐acc=0.792
Locality eval: pred=n/a               gold=n/a  correct=True  running‐acc=0.444
[ 438/600] loss=1.7104  pred=n/a    gold=n/a  running‐acc=0.792
Locality eval: pred=true              gold=true  correct=True  running‐acc=0.445
[ 439/600] loss=1.6731  pred=false  gold=n/a  running‐acc=0.790
Locality eval: pred=true              gold=true  correct=True  running‐acc=0.446
[ 440/600] loss=2.3875  pred=true   gold=true  running‐acc=0.791
Locality eval: pred=                  gold=n/a  correct=False  running‐acc=0.445
[ 441/600] loss=2.3882  pred=n/a    gold=n/a  running‐acc=0.791
Locality eval: pred=true              gold=true  correct=True  running‐acc=0.447
[ 442/600] loss=2.3589  pred=       gold=true  running‐acc=0.790
Locality eval: pred=                  gold=n/a  correct=False  running‐acc=0.446
[ 443/600] loss=3.1031  pred=true   gold=true  running‐acc=0.790
Locality eval: pred=n/a               gold=n/a  correct=True  running‐acc=0.447
[ 444/600] loss=2.3118  pred=       gold=true  running‐acc=0.788
Locality eval: pred=true              gold=n/a  correct=False  running‐acc=0.446
[ 445/600] loss=1.6214  pred=true   gold=true  running‐acc=0.789
Locality eval: pred=n/a               gold=n/a  correct=True  running‐acc=0.447
[ 446/600] loss=2.0476  pred=false  gold=true  running‐acc=0.787
Locality eval: pred=false             gold=n/a  correct=False  running‐acc=0.446
[ 447/600] loss=1.6072  pred=true   gold=true  running‐acc=0.787
Locality eval: pred=n/a               gold=n/a  correct=True  running‐acc=0.447
[ 448/600] loss=2.1957  pred=true   gold=true  running‐acc=0.788
Locality eval: pred=n/a               gold=n/a  correct=True  running‐acc=0.449
[ 449/600] loss=2.5922  pred=true   gold=true  running‐acc=0.788
Locality eval: pred=true              gold=n/a  correct=False  running‐acc=0.448
[ 450/600] loss=1.9113  pred=n/a    gold=n/a  running‐acc=0.789
Locality eval: pred=true              gold=true  correct=True  running‐acc=0.449
[ 451/600] loss=2.4140  pred=true   gold=true  running‐acc=0.789
Locality eval: pred=n/a               gold=n/a  correct=True  running‐acc=0.450
[ 452/600] loss=2.4168  pred=n/a    gold=n/a  running‐acc=0.790
Locality eval: pred=n/a               gold=true  correct=False  running‐acc=0.449
[ 453/600] loss=1.4133  pred=n/a    gold=n/a  running‐acc=0.790
Locality eval: pred=n/a               gold=true  correct=False  running‐acc=0.448
[ 454/600] loss=1.4393  pred=n/a    gold=n/a  running‐acc=0.791
Locality eval: pred=true              gold=true  correct=True  running‐acc=0.449
[ 455/600] loss=2.6024  pred=       gold=true  running‐acc=0.789
Locality eval: pred=n/a               gold=n/a  correct=True  running‐acc=0.451
[ 456/600] loss=1.8367  pred=       gold=n/a  running‐acc=0.787
Locality eval: pred=n/a               gold=true  correct=False  running‐acc=0.450
[ 457/600] loss=2.1636  pred=n/a    gold=n/a  running‐acc=0.788
Locality eval: pred=n/a               gold=true  correct=False  running‐acc=0.449
[ 458/600] loss=2.0209  pred=n/a    gold=n/a  running‐acc=0.788
Locality eval: pred=                  gold=true  correct=False  running‐acc=0.448
[ 459/600] loss=2.3485  pred=true   gold=true  running‐acc=0.789
Locality eval: pred=n/a               gold=n/a  correct=True  running‐acc=0.449
[ 460/600] loss=1.3904  pred=true   gold=true  running‐acc=0.789
Locality eval: pred=true              gold=n/a  correct=False  running‐acc=0.448
[ 461/600] loss=1.8391  pred=n/a    gold=n/a  running‐acc=0.790
Locality eval: pred=n/a               gold=true  correct=False  running‐acc=0.447
[ 462/600] loss=1.4545  pred=n/a    gold=n/a  running‐acc=0.790
Locality eval: pred=true              gold=true  correct=True  running‐acc=0.448
[ 463/600] loss=2.4143  pred=true   gold=true  running‐acc=0.790
Locality eval: pred=n/a               gold=n/a  correct=True  running‐acc=0.449
[ 464/600] loss=1.9618  pred=       gold=n/a  running‐acc=0.789
Locality eval: pred=true              gold=true  correct=True  running‐acc=0.450
[ 465/600] loss=2.1976  pred=       gold=n/a  running‐acc=0.787
Locality eval: pred=true              gold=true  correct=True  running‐acc=0.452
[ 466/600] loss=1.9969  pred=n/a    gold=n/a  running‐acc=0.788
Locality eval: pred=n/a               gold=true  correct=False  running‐acc=0.451
[ 467/600] loss=1.4356  pred=n/a    gold=n/a  running‐acc=0.788
Locality eval: pred=true              gold=true  correct=True  running‐acc=0.452
[ 468/600] loss=2.2014  pred=n/a    gold=n/a  running‐acc=0.788
Locality eval: pred=true              gold=true  correct=True  running‐acc=0.453
[ 469/600] loss=1.8825  pred=true   gold=true  running‐acc=0.789
Locality eval: pred=true              gold=n/a  correct=False  running‐acc=0.452
[ 470/600] loss=2.1269  pred=n/a.   gold=n/a  running‐acc=0.789
Locality eval: pred=n/a               gold=true  correct=False  running‐acc=0.451
[ 471/600] loss=1.8333  pred=n/a    gold=n/a  running‐acc=0.790
Locality eval: pred=n/a               gold=true  correct=False  running‐acc=0.450
[ 472/600] loss=2.2440  pred=true   gold=true  running‐acc=0.790
Locality eval: pred=true              gold=n/a  correct=False  running‐acc=0.449
[ 473/600] loss=1.7099  pred=n/a    gold=n/a  running‐acc=0.791
Locality eval: pred=true              gold=true  correct=True  running‐acc=0.450
[ 474/600] loss=2.1440  pred=true   gold=true  running‐acc=0.791
Locality eval: pred=n/a               gold=n/a  correct=True  running‐acc=0.451
[ 475/600] loss=2.0548  pred=n/a    gold=n/a  running‐acc=0.792
Locality eval: pred=n/a               gold=true  correct=False  running‐acc=0.451
[ 476/600] loss=2.3686  pred=true   gold=true  running‐acc=0.792
Locality eval: pred=n/a               gold=n/a  correct=True  running‐acc=0.452
[ 477/600] loss=1.9239  pred=n/a    gold=n/a  running‐acc=0.792
Locality eval: pred=true              gold=true  correct=True  running‐acc=0.453
[ 478/600] loss=1.7257  pred=true   gold=true  running‐acc=0.793
Locality eval: pred=n/a               gold=n/a  correct=True  running‐acc=0.454
[ 479/600] loss=1.5391  pred=n/a    gold=n/a  running‐acc=0.793
Locality eval: pred=n/a               gold=true  correct=False  running‐acc=0.453
[ 480/600] loss=1.6767  pred=       gold=n/a  running‐acc=0.792
Locality eval: pred=true              gold=true  correct=True  running‐acc=0.454
[ 481/600] loss=1.9680  pred=n/a    gold=n/a  running‐acc=0.792
Locality eval: pred=true              gold=true  correct=True  running‐acc=0.455
[ 482/600] loss=1.5483  pred=true   gold=true  running‐acc=0.793
Locality eval: pred=                  gold=n/a  correct=False  running‐acc=0.454
[ 483/600] loss=1.8582  pred=n/a    gold=n/a  running‐acc=0.793
Locality eval: pred=n/a               gold=true  correct=False  running‐acc=0.453
[ 484/600] loss=1.8519  pred=n/a    gold=n/a  running‐acc=0.793
Locality eval: pred=true              gold=true  correct=True  running‐acc=0.455
[ 485/600] loss=2.4090  pred=n/a    gold=n/a  running‐acc=0.794
Locality eval: pred=n/a               gold=true  correct=False  running‐acc=0.454
[ 486/600] loss=1.9022  pred=n/a    gold=n/a  running‐acc=0.794
Locality eval: pred=                  gold=true  correct=False  running‐acc=0.453
[ 487/600] loss=1.7067  pred=n/a    gold=n/a  running‐acc=0.795
Locality eval: pred=n/a               gold=true  correct=False  running‐acc=0.452
[ 488/600] loss=1.7952  pred=n/a    gold=n/a  running‐acc=0.795
Locality eval: pred=                  gold=true  correct=False  running‐acc=0.451
[ 489/600] loss=2.0146  pred=n/a    gold=n/a  running‐acc=0.796
Locality eval: pred=n/a               gold=true  correct=False  running‐acc=0.450
[ 490/600] loss=1.6737  pred=       gold=n/a  running‐acc=0.794
Locality eval: pred=n/a               gold=true  correct=False  running‐acc=0.449
[ 491/600] loss=1.6267  pred=n/a    gold=n/a  running‐acc=0.794
Locality eval: pred=true              gold=true  correct=True  running‐acc=0.450
[ 492/600] loss=1.9556  pred=true   gold=true  running‐acc=0.795
Locality eval: pred=                  gold=n/a  correct=False  running‐acc=0.449
[ 493/600] loss=1.4944  pred=n/a    gold=n/a  running‐acc=0.795
Locality eval: pred=n/a               gold=true  correct=False  running‐acc=0.448
[ 494/600] loss=1.9876  pred=n/a    gold=n/a  running‐acc=0.796
Locality eval: pred=true              gold=true  correct=True  running‐acc=0.449
[ 495/600] loss=1.8906  pred=n/a    gold=n/a  running‐acc=0.796
Locality eval: pred=n/a               gold=true  correct=False  running‐acc=0.448
[ 496/600] loss=2.0585  pred=n/a    gold=n/a  running‐acc=0.796
Locality eval: pred=true              gold=true  correct=True  running‐acc=0.450
[ 497/600] loss=1.8503  pred=n/a    gold=true  running‐acc=0.795
Locality eval: pred=                  gold=n/a  correct=False  running‐acc=0.449
[ 498/600] loss=1.7577  pred=true   gold=true  running‐acc=0.795
Locality eval: pred=n/a               gold=n/a  correct=True  running‐acc=0.450
[ 499/600] loss=1.5193  pred=n/a    gold=n/a  running‐acc=0.796
Locality eval: pred=true              gold=true  correct=True  running‐acc=0.451
[ 500/600] loss=1.1336  pred=n/a    gold=n/a  running‐acc=0.796
Locality eval: pred=true              gold=true  correct=True  running‐acc=0.452
[ 501/600] loss=2.0179  pred=n/a    gold=n/a  running‐acc=0.796
Locality eval: pred=true              gold=true  correct=True  running‐acc=0.453
[ 502/600] loss=0.6798  pred=n/a    gold=n/a  running‐acc=0.797
Locality eval: pred=true              gold=true  correct=True  running‐acc=0.454
[ 503/600] loss=0.9710  pred=true   gold=true  running‐acc=0.797
Locality eval: pred=n/a               gold=n/a  correct=True  running‐acc=0.455
[ 504/600] loss=1.8414  pred=true   gold=true  running‐acc=0.798
Locality eval: pred=false             gold=n/a  correct=False  running‐acc=0.454
[ 505/600] loss=2.6214  pred=true   gold=true  running‐acc=0.798
Locality eval: pred=false             gold=n/a  correct=False  running‐acc=0.453
[ 506/600] loss=2.0407  pred=true   gold=true  running‐acc=0.798
Locality eval: pred=true              gold=n/a  correct=False  running‐acc=0.453
[ 507/600] loss=1.8693  pred=true   gold=true  running‐acc=0.799
Locality eval: pred=false             gold=n/a  correct=False  running‐acc=0.452
[ 508/600] loss=1.8009  pred=true   gold=true  running‐acc=0.799
Locality eval: pred=n/a               gold=n/a  correct=True  running‐acc=0.453
[ 509/600] loss=2.5991  pred=true   gold=true  running‐acc=0.800
Locality eval: pred=n/a               gold=n/a  correct=True  running‐acc=0.454
[ 510/600] loss=2.5139  pred=       gold=true  running‐acc=0.798
Locality eval: pred=true              gold=n/a  correct=False  running‐acc=0.453
[ 511/600] loss=1.7124  pred=n/a    gold=n/a  running‐acc=0.798
Locality eval: pred=n/a               gold=true  correct=False  running‐acc=0.452
[ 512/600] loss=1.5931  pred=true   gold=true  running‐acc=0.799
Locality eval: pred=                  gold=n/a  correct=False  running‐acc=0.451
[ 513/600] loss=2.0645  pred=n/a    gold=n/a  running‐acc=0.799
Locality eval: pred=true              gold=true  correct=True  running‐acc=0.452
[ 514/600] loss=2.3528  pred=true   gold=true  running‐acc=0.800
Locality eval: pred=n/a               gold=n/a  correct=True  running‐acc=0.453
[ 515/600] loss=1.5299  pred=n/a    gold=n/a  running‐acc=0.800
Locality eval: pred=n/a               gold=true  correct=False  running‐acc=0.452
[ 516/600] loss=1.8822  pred=n/a    gold=n/a  running‐acc=0.800
Locality eval: pred=true              gold=true  correct=True  running‐acc=0.453
[ 517/600] loss=1.4163  pred=true   gold=n/a  running‐acc=0.799
Locality eval: pred=n/a               gold=true  correct=False  running‐acc=0.453
[ 518/600] loss=1.8188  pred=n/a    gold=n/a  running‐acc=0.799
Locality eval: pred=true              gold=true  correct=True  running‐acc=0.454
[ 519/600] loss=2.1015  pred=true   gold=true  running‐acc=0.800
Locality eval: pred=n/a               gold=n/a  correct=True  running‐acc=0.455
[ 520/600] loss=2.3544  pred=       gold=true  running‐acc=0.798
Locality eval: pred=                  gold=n/a  correct=False  running‐acc=0.454
[ 521/600] loss=1.6171  pred=true   gold=true  running‐acc=0.798
Locality eval: pred=n/a               gold=n/a  correct=True  running‐acc=0.455
[ 522/600] loss=1.7012  pred=true   gold=true  running‐acc=0.799
Locality eval: pred=n/a               gold=n/a  correct=True  running‐acc=0.456
[ 523/600] loss=2.3033  pred=n/a    gold=n/a  running‐acc=0.799
Locality eval: pred=n/a               gold=true  correct=False  running‐acc=0.455
[ 524/600] loss=1.5099  pred=true   gold=true  running‐acc=0.800
Locality eval: pred=true              gold=n/a  correct=False  running‐acc=0.454
[ 525/600] loss=1.8223  pred=true   gold=true  running‐acc=0.800
Locality eval: pred=true              gold=n/a  correct=False  running‐acc=0.453
[ 526/600] loss=1.5814  pred=true   gold=true  running‐acc=0.800
Locality eval: pred=n/a               gold=n/a  correct=True  running‐acc=0.454
[ 527/600] loss=1.4636  pred=n/a    gold=n/a  running‐acc=0.801
Locality eval: pred=true              gold=true  correct=True  running‐acc=0.455
[ 528/600] loss=2.5717  pred=       gold=true  running‐acc=0.799
Locality eval: pred=n/a               gold=n/a  correct=True  running‐acc=0.456
[ 529/600] loss=1.7176  pred=n/a    gold=n/a  running‐acc=0.800
Locality eval: pred=n/a               gold=true  correct=False  running‐acc=0.456
[ 530/600] loss=2.7155  pred=       gold=true  running‐acc=0.798
Locality eval: pred=n/a               gold=n/a  correct=True  running‐acc=0.457
[ 531/600] loss=2.2567  pred=n/a    gold=n/a  running‐acc=0.798
Locality eval: pred=n/a               gold=true  correct=False  running‐acc=0.456
[ 532/600] loss=2.2926  pred=true   gold=true  running‐acc=0.799
Locality eval: pred=true              gold=n/a  correct=False  running‐acc=0.455
[ 533/600] loss=1.9849  pred=n/a    gold=n/a  running‐acc=0.799
Locality eval: pred=n/a               gold=true  correct=False  running‐acc=0.454
[ 534/600] loss=2.3696  pred=true   gold=true  running‐acc=0.800
Locality eval: pred=                  gold=n/a  correct=False  running‐acc=0.453
[ 535/600] loss=1.6662  pred=true   gold=true  running‐acc=0.800
Locality eval: pred=                  gold=n/a  correct=False  running‐acc=0.452
[ 536/600] loss=2.3163  pred=true   gold=true  running‐acc=0.800
Locality eval: pred=n/a               gold=n/a  correct=True  running‐acc=0.453
[ 537/600] loss=1.7962  pred=n/a    gold=n/a  running‐acc=0.801
Locality eval: pred=n/a               gold=true  correct=False  running‐acc=0.453
[ 538/600] loss=2.7602  pred=       gold=true  running‐acc=0.799
Locality eval: pred=                  gold=n/a  correct=False  running‐acc=0.452
[ 539/600] loss=2.1136  pred=true   gold=true  running‐acc=0.800
Locality eval: pred=true              gold=n/a  correct=False  running‐acc=0.451
[ 540/600] loss=2.2191  pred=       gold=n/a  running‐acc=0.798
Locality eval: pred=n/a               gold=true  correct=False  running‐acc=0.450
[ 541/600] loss=2.2995  pred=n/a.   gold=n/a  running‐acc=0.799
Locality eval: pred=n/a               gold=true  correct=False  running‐acc=0.449
[ 542/600] loss=2.1224  pred=n/a    gold=n/a  running‐acc=0.799
Locality eval: pred=n/a               gold=true  correct=False  running‐acc=0.448
[ 543/600] loss=2.3854  pred=n/a    gold=n/a  running‐acc=0.799
Locality eval: pred=n/a               gold=true  correct=False  running‐acc=0.448
[ 544/600] loss=2.4080  pred=n/a    gold=n/a  running‐acc=0.800
Locality eval: pred=n/a               gold=true  correct=False  running‐acc=0.447
[ 545/600] loss=2.2119  pred=       gold=true  running‐acc=0.798
Locality eval: pred=n/a               gold=n/a  correct=True  running‐acc=0.448
[ 546/600] loss=1.8868  pred=true   gold=n/a  running‐acc=0.797
Locality eval: pred=true              gold=true  correct=True  running‐acc=0.449
[ 547/600] loss=1.6837  pred=true   gold=true  running‐acc=0.797
Locality eval: pred=n/a               gold=n/a  correct=True  running‐acc=0.450
[ 548/600] loss=1.7636  pred=true   gold=true  running‐acc=0.797
Locality eval: pred=n/a               gold=n/a  correct=True  running‐acc=0.451
[ 549/600] loss=1.6668  pred=true   gold=true  running‐acc=0.798
Locality eval: pred=                  gold=n/a  correct=False  running‐acc=0.450
[ 550/600] loss=2.0580  pred=n/a    gold=n/a  running‐acc=0.798
Locality eval: pred=n/a               gold=true  correct=False  running‐acc=0.449
[ 551/600] loss=2.0980  pred=n/a    gold=true  running‐acc=0.797
Locality eval: pred=n/a               gold=n/a  correct=True  running‐acc=0.450
[ 552/600] loss=2.0812  pred=n/a    gold=n/a  running‐acc=0.797
Locality eval: pred=true              gold=true  correct=True  running‐acc=0.451
[ 553/600] loss=1.9986  pred=n/a    gold=n/a  running‐acc=0.797
Locality eval: pred=n/a               gold=true  correct=False  running‐acc=0.450
[ 554/600] loss=1.8974  pred=true   gold=true  running‐acc=0.798
Locality eval: pred=n/a               gold=n/a  correct=True  running‐acc=0.451
[ 555/600] loss=1.8378  pred=n/a    gold=n/a  running‐acc=0.798
Locality eval: pred=n/a               gold=true  correct=False  running‐acc=0.450
[ 556/600] loss=1.9762  pred=n/a    gold=n/a  running‐acc=0.799
Locality eval: pred=n/a               gold=true  correct=False  running‐acc=0.450
[ 557/600] loss=1.8990  pred=n/a    gold=n/a  running‐acc=0.799
Locality eval: pred=n/a               gold=true  correct=False  running‐acc=0.449
[ 558/600] loss=2.4539  pred=true   gold=true  running‐acc=0.799
Locality eval: pred=n/a               gold=n/a  correct=True  running‐acc=0.450
[ 559/600] loss=2.1130  pred=true   gold=true  running‐acc=0.800
Locality eval: pred=false             gold=n/a  correct=False  running‐acc=0.449
[ 560/600] loss=2.1873  pred=n/a    gold=n/a  running‐acc=0.800
Locality eval: pred=true              gold=true  correct=True  running‐acc=0.450
[ 561/600] loss=2.2855  pred=       gold=true  running‐acc=0.799
Locality eval: pred=                  gold=n/a  correct=False  running‐acc=0.449
[ 562/600] loss=1.9772  pred=n/a    gold=true  running‐acc=0.797
Locality eval: pred=n/a               gold=n/a  correct=True  running‐acc=0.450
[ 563/600] loss=1.8984  pred=n/a    gold=n/a  running‐acc=0.798
Locality eval: pred=n/a               gold=true  correct=False  running‐acc=0.449
[ 564/600] loss=2.5560  pred=       gold=true  running‐acc=0.796
Locality eval: pred=n/a               gold=n/a  correct=True  running‐acc=0.450
[ 565/600] loss=1.8058  pred=n/a    gold=n/a  running‐acc=0.796
Locality eval: pred=n/a               gold=true  correct=False  running‐acc=0.450
[ 566/600] loss=1.8470  pred=true   gold=true  running‐acc=0.797
Locality eval: pred=n/a               gold=n/a  correct=True  running‐acc=0.451
[ 567/600] loss=1.5533  pred=true   gold=true  running‐acc=0.797
Locality eval: pred=n/a               gold=n/a  correct=True  running‐acc=0.451
[ 568/600] loss=1.5297  pred=n/a    gold=n/a  running‐acc=0.798
Locality eval: pred=n/a               gold=true  correct=False  running‐acc=0.451
[ 569/600] loss=2.1273  pred=true   gold=true  running‐acc=0.798
Locality eval: pred=true              gold=n/a  correct=False  running‐acc=0.450
[ 570/600] loss=2.0779  pred=true   gold=true  running‐acc=0.798
Locality eval: pred=                  gold=n/a  correct=False  running‐acc=0.449
[ 571/600] loss=2.0411  pred=true   gold=true  running‐acc=0.799
Locality eval: pred=                  gold=n/a  correct=False  running‐acc=0.448
[ 572/600] loss=1.9488  pred=true   gold=true  running‐acc=0.799
Locality eval: pred=n/a               gold=n/a  correct=True  running‐acc=0.449
[ 573/600] loss=1.8269  pred=true   gold=true  running‐acc=0.799
Locality eval: pred=true              gold=n/a  correct=False  running‐acc=0.449
[ 574/600] loss=2.6942  pred=true   gold=true  running‐acc=0.800
Locality eval: pred=                  gold=n/a  correct=False  running‐acc=0.448
[ 575/600] loss=2.6157  pred=true   gold=true  running‐acc=0.800
Locality eval: pred=n/a               gold=n/a  correct=True  running‐acc=0.449
[ 576/600] loss=1.9648  pred=true   gold=true  running‐acc=0.800
Locality eval: pred=n/a               gold=n/a  correct=True  running‐acc=0.450
[ 577/600] loss=1.2852  pred=true   gold=true  running‐acc=0.801
Locality eval: pred=true              gold=n/a  correct=False  running‐acc=0.449
[ 578/600] loss=1.9745  pred=n/a    gold=n/a  running‐acc=0.801
Locality eval: pred=true              gold=true  correct=True  running‐acc=0.450
[ 579/600] loss=1.5885  pred=       gold=true  running‐acc=0.800
Locality eval: pred=n/a               gold=n/a  correct=True  running‐acc=0.451
[ 580/600] loss=1.7112  pred=n/a    gold=n/a  running‐acc=0.800
Locality eval: pred=n/a               gold=true  correct=False  running‐acc=0.450
[ 581/600] loss=1.7494  pred=n/a    gold=n/a  running‐acc=0.800
Locality eval: pred=n/a               gold=true  correct=False  running‐acc=0.449
[ 582/600] loss=2.0826  pred=n/a    gold=n/a  running‐acc=0.801
Locality eval: pred=true              gold=true  correct=True  running‐acc=0.450
[ 583/600] loss=1.8505  pred=n/a    gold=n/a  running‐acc=0.801
Locality eval: pred=n/a               gold=true  correct=False  running‐acc=0.449
[ 584/600] loss=1.8348  pred=n/a    gold=n/a  running‐acc=0.801
Locality eval: pred=n/a               gold=true  correct=False  running‐acc=0.449
[ 585/600] loss=1.8942  pred=false  gold=n/a  running‐acc=0.800
Locality eval: pred=true              gold=true  correct=True  running‐acc=0.450
[ 586/600] loss=1.3486  pred=n/a    gold=n/a  running‐acc=0.800
Locality eval: pred=true              gold=true  correct=True  running‐acc=0.451
[ 587/600] loss=1.7305  pred=true   gold=true  running‐acc=0.801
Locality eval: pred=n/a               gold=n/a  correct=True  running‐acc=0.451
[ 588/600] loss=2.1185  pred=true   gold=true  running‐acc=0.801
Locality eval: pred=n/a               gold=n/a  correct=True  running‐acc=0.452
[ 589/600] loss=2.4683  pred=true   gold=true  running‐acc=0.801
Locality eval: pred=                  gold=n/a  correct=False  running‐acc=0.452
[ 590/600] loss=2.4756  pred=true   gold=true  running‐acc=0.802
Locality eval: pred=n/a               gold=n/a  correct=True  running‐acc=0.453
[ 591/600] loss=1.8832  pred=true   gold=true  running‐acc=0.802
Locality eval: pred=n/a               gold=n/a  correct=True  running‐acc=0.453
[ 592/600] loss=1.8815  pred=n/a    gold=n/a  running‐acc=0.802
Locality eval: pred=n/a               gold=true  correct=False  running‐acc=0.453
[ 593/600] loss=2.9337  pred=       gold=true  running‐acc=0.801
Locality eval: pred=n/a               gold=n/a  correct=True  running‐acc=0.454
[ 594/600] loss=1.4540  pred=true   gold=n/a  running‐acc=0.800
Locality eval: pred=true              gold=true  correct=True  running‐acc=0.455
[ 595/600] loss=1.4310  pred=true   gold=true  running‐acc=0.800
Locality eval: pred=n/a               gold=n/a  correct=True  running‐acc=0.455
[ 596/600] loss=1.6970  pred=n/a    gold=n/a  running‐acc=0.800
Locality eval: pred=true              gold=true  correct=True  running‐acc=0.456
[ 597/600] loss=2.2463  pred=n/a    gold=n/a  running‐acc=0.801
Locality eval: pred=n/a               gold=true  correct=False  running‐acc=0.456
[ 598/600] loss=2.1518  pred=true   gold=true  running‐acc=0.801
Locality eval: pred=true              gold=n/a  correct=False  running‐acc=0.455
[ 599/600] loss=2.3467  pred=       gold=true  running‐acc=0.800
Locality eval: pred=n/a               gold=n/a  correct=True  running‐acc=0.456
[ 600/600] loss=1.6606  pred=true   gold=n/a  running‐acc=0.798
Locality eval: pred=true              gold=true  correct=True  running‐acc=0.457

F inished in 843.3s.  Final accuracy: 0.798.

