
Loading base model (4‐bit)…
Loading checkpoint shards:   0%|          | 0/4 [00:00<?, ?it/s]Loading checkpoint shards:  25%|██▌       | 1/4 [00:03<00:11,  3.71s/it]Loading checkpoint shards:  50%|█████     | 2/4 [00:07<00:07,  3.69s/it]Loading checkpoint shards:  75%|███████▌  | 3/4 [00:09<00:03,  3.14s/it]Loading checkpoint shards: 100%|██████████| 4/4 [00:10<00:00,  2.22s/it]Loading checkpoint shards: 100%|██████████| 4/4 [00:10<00:00,  2.67s/it]
trainable params: 6,422,528 || all params: 8,544,103,424 || trainable%: 0.0752
  0%|          | 0/600 [00:00<?, ?it/s]100%|██████████| 600/600 [00:00<00:00, 25803.96it/s]
Loaded 600 (train, eval) pairs.

Starting sequential training…
Cached 112 LoRA tensors.
[   1/600] loss=0.3577  pred=true   gold=true  running‐acc=1.000
Locality eval: pred=n/a               gold=n/a  correct=True  running‐acc=1.000
[   2/600] loss=0.3746  pred=n/a    gold=true  running‐acc=0.500
Locality eval: pred=n/a               gold=n/a  correct=True  running‐acc=1.000
[   3/600] loss=0.1911  pred=n/a    gold=true  running‐acc=0.333
Locality eval: pred=n/a               gold=n/a  correct=True  running‐acc=1.000
[   4/600] loss=0.1528  pred=n/a    gold=true  running‐acc=0.250
Locality eval: pred=n/a               gold=n/a  correct=True  running‐acc=1.000
[   5/600] loss=0.1938  pred=n/a    gold=true  running‐acc=0.200
Locality eval: pred=n/a               gold=n/a  correct=True  running‐acc=1.000
[   6/600] loss=0.1779  pred=n/a    gold=true  running‐acc=0.167
Locality eval: pred=n/a               gold=n/a  correct=True  running‐acc=1.000
[   7/600] loss=0.0334  pred=       gold=n/a  running‐acc=0.143
Locality eval: pred=true              gold=true  correct=True  running‐acc=1.000
[   8/600] loss=0.0529  pred=n/a    gold=n/a  running‐acc=0.250
Locality eval: pred=true/false/n/a    gold=true  correct=True  running‐acc=1.000
[   9/600] loss=0.4610  pred=n/a    gold=true  running‐acc=0.222
Locality eval: pred=                  gold=n/a  correct=False  running‐acc=0.889
[  10/600] loss=0.1728  pred=true   gold=true  running‐acc=0.300
Locality eval: pred=n/a               gold=n/a  correct=True  running‐acc=0.900
[  11/600] loss=0.1085  pred=       gold=true  running‐acc=0.273
Locality eval: pred=n/a               gold=n/a  correct=True  running‐acc=0.909
[  12/600] loss=0.1763  pred=true   gold=true  running‐acc=0.333
Locality eval: pred=n/a               gold=n/a  correct=True  running‐acc=0.917
[  13/600] loss=0.0070  pred=       gold=n/a  running‐acc=0.308
Locality eval: pred=true              gold=true  correct=True  running‐acc=0.923
[  14/600] loss=0.1493  pred=n/a    gold=n/a  running‐acc=0.357
Locality eval: pred=n/a               gold=true  correct=False  running‐acc=0.857
[  15/600] loss=0.2196  pred=true   gold=true  running‐acc=0.400
Locality eval: pred=n/a               gold=n/a  correct=True  running‐acc=0.867
[  16/600] loss=0.0041  pred=n/a    gold=n/a  running‐acc=0.438
Locality eval: pred=n/a               gold=true  correct=False  running‐acc=0.812
[  17/600] loss=0.0061  pred=n/a    gold=n/a  running‐acc=0.471
Locality eval: pred=true              gold=true  correct=True  running‐acc=0.824
[  18/600] loss=0.2133  pred=true   gold=true  running‐acc=0.500
Locality eval: pred=n/a               gold=n/a  correct=True  running‐acc=0.833
[  19/600] loss=0.4938  pred=true   gold=true  running‐acc=0.526
Locality eval: pred=n/a               gold=n/a  correct=True  running‐acc=0.842
[  20/600] loss=0.0467  pred=n/a    gold=n/a  running‐acc=0.550
Locality eval: pred=n/a               gold=true  correct=False  running‐acc=0.800
[  21/600] loss=0.0020  pred=n/a    gold=n/a  running‐acc=0.571
Locality eval: pred=true              gold=true  correct=True  running‐acc=0.810
[  22/600] loss=0.0176  pred=       gold=n/a  running‐acc=0.545
Locality eval: pred=true              gold=true  correct=True  running‐acc=0.818
[  23/600] loss=0.0221  pred=n/a    gold=n/a  running‐acc=0.565
Locality eval: pred=n/a               gold=true  correct=False  running‐acc=0.783
[  24/600] loss=0.0255  pred=n/a    gold=n/a  running‐acc=0.583
Locality eval: pred=true              gold=true  correct=True  running‐acc=0.792
[  25/600] loss=0.1516  pred=true   gold=true  running‐acc=0.600
Locality eval: pred=n/a               gold=n/a  correct=True  running‐acc=0.800
[  26/600] loss=0.1171  pred=n/a    gold=n/a  running‐acc=0.615
Locality eval: pred=                  gold=true  correct=False  running‐acc=0.769
[  27/600] loss=0.0458  pred=       gold=n/a  running‐acc=0.593
Locality eval: pred=true              gold=true  correct=True  running‐acc=0.778
[  28/600] loss=0.0166  pred=n/a    gold=n/a  running‐acc=0.607
Locality eval: pred=true              gold=true  correct=True  running‐acc=0.786
[  29/600] loss=0.0127  pred=n/a    gold=n/a  running‐acc=0.621
Locality eval: pred=n/a               gold=true  correct=False  running‐acc=0.759
[  30/600] loss=0.0120  pred=n/a    gold=n/a  running‐acc=0.633
Locality eval: pred=n/a               gold=true  correct=False  running‐acc=0.733
[  31/600] loss=0.0370  pred=true   gold=true  running‐acc=0.645
Locality eval: pred=n/a               gold=n/a  correct=True  running‐acc=0.742
[  32/600] loss=0.0442  pred=n/a    gold=n/a  running‐acc=0.656
Locality eval: pred=n/a               gold=true  correct=False  running‐acc=0.719
[  33/600] loss=0.0176  pred=n/a    gold=n/a  running‐acc=0.667
Locality eval: pred=n/a               gold=true  correct=False  running‐acc=0.697
[  34/600] loss=0.0115  pred=false  gold=n/a  running‐acc=0.647
Locality eval: pred=true              gold=true  correct=True  running‐acc=0.706
[  35/600] loss=0.0842  pred=       gold=true  running‐acc=0.629
Locality eval: pred=n/a               gold=n/a  correct=True  running‐acc=0.714
[  36/600] loss=0.0031  pred=n/a    gold=n/a  running‐acc=0.639
Locality eval: pred=n/a               gold=true  correct=False  running‐acc=0.694
[  37/600] loss=0.1490  pred=true   gold=true  running‐acc=0.649
Locality eval: pred=n/a               gold=n/a  correct=True  running‐acc=0.703
[  38/600] loss=0.0289  pred=n/a    gold=n/a  running‐acc=0.658
Locality eval: pred=true              gold=true  correct=True  running‐acc=0.711
[  39/600] loss=0.3956  pred=true   gold=true  running‐acc=0.667
Locality eval: pred=n/a               gold=n/a  correct=True  running‐acc=0.718
[  40/600] loss=0.1844  pred=n/a    gold=true  running‐acc=0.650
Locality eval: pred=n/a               gold=n/a  correct=True  running‐acc=0.725
[  41/600] loss=0.1516  pred=true   gold=true  running‐acc=0.659
Locality eval: pred=n/a               gold=n/a  correct=True  running‐acc=0.732
[  42/600] loss=0.0300  pred=n/a    gold=n/a  running‐acc=0.667
Locality eval: pred=true              gold=true  correct=True  running‐acc=0.738
[  43/600] loss=0.7774  pred=true   gold=true  running‐acc=0.674
Locality eval: pred=n/a               gold=n/a  correct=True  running‐acc=0.744
[  44/600] loss=0.0502  pred=n/a    gold=n/a  running‐acc=0.682
Locality eval: pred=n/a               gold=true  correct=False  running‐acc=0.727
[  45/600] loss=0.0158  pred=n/a    gold=n/a  running‐acc=0.689
Locality eval: pred=n/a               gold=true  correct=False  running‐acc=0.711
[  46/600] loss=0.4107  pred=true   gold=true  running‐acc=0.696
Locality eval: pred=n/a               gold=n/a  correct=True  running‐acc=0.717
[  47/600] loss=0.5188  pred=true   gold=true  running‐acc=0.702
Locality eval: pred=n/a               gold=n/a  correct=True  running‐acc=0.723
[  48/600] loss=0.0041  pred=n/a    gold=n/a  running‐acc=0.708
Locality eval: pred=n/a               gold=true  correct=False  running‐acc=0.708
[  49/600] loss=0.2527  pred=n/a    gold=true  running‐acc=0.694
Locality eval: pred=n/a               gold=n/a  correct=True  running‐acc=0.714
[  50/600] loss=0.0671  pred=n/a    gold=n/a  running‐acc=0.700
Locality eval: pred=n/a               gold=true  correct=False  running‐acc=0.700
[  51/600] loss=0.3986  pred=true   gold=true  running‐acc=0.706
Locality eval: pred=n/a               gold=n/a  correct=True  running‐acc=0.706
[  52/600] loss=0.1082  pred=true   gold=true  running‐acc=0.712
Locality eval: pred=n/a               gold=n/a  correct=True  running‐acc=0.712
[  53/600] loss=0.0434  pred=n/a    gold=n/a  running‐acc=0.717
Locality eval: pred=n/a               gold=true  correct=False  running‐acc=0.698
[  54/600] loss=0.0537  pred=true   gold=true  running‐acc=0.722
Locality eval: pred=n/a               gold=n/a  correct=True  running‐acc=0.704
[  55/600] loss=0.0104  pred=n/a    gold=n/a  running‐acc=0.727
Locality eval: pred=n/a               gold=true  correct=False  running‐acc=0.691
[  56/600] loss=0.0355  pred=n/a    gold=n/a  running‐acc=0.732
Locality eval: pred=true              gold=true  correct=True  running‐acc=0.696
[  57/600] loss=0.3168  pred=n/a    gold=true  running‐acc=0.719
Locality eval: pred=n/a               gold=n/a  correct=True  running‐acc=0.702
[  58/600] loss=0.2200  pred=true   gold=true  running‐acc=0.724
Locality eval: pred=n/a               gold=n/a  correct=True  running‐acc=0.707
[  59/600] loss=0.1970  pred=n/a    gold=true  running‐acc=0.712
Locality eval: pred=n/a               gold=n/a  correct=True  running‐acc=0.712
[  60/600] loss=0.3701  pred=true   gold=true  running‐acc=0.717
Locality eval: pred=n/a               gold=n/a  correct=True  running‐acc=0.717
[  61/600] loss=0.6042  pred=n/a    gold=true  running‐acc=0.705
Locality eval: pred=n/a               gold=n/a  correct=True  running‐acc=0.721
[  62/600] loss=0.0984  pred=n/a    gold=true  running‐acc=0.694
Locality eval: pred=n/a               gold=n/a  correct=True  running‐acc=0.726
[  63/600] loss=0.0238  pred=       gold=n/a  running‐acc=0.683
Locality eval: pred=true              gold=true  correct=True  running‐acc=0.730
[  64/600] loss=0.1354  pred=       gold=n/a  running‐acc=0.672
Locality eval: pred=n/a               gold=true  correct=False  running‐acc=0.719
[  65/600] loss=0.0274  pred=n/a    gold=n/a  running‐acc=0.677
Locality eval: pred=true              gold=true  correct=True  running‐acc=0.723
[  66/600] loss=0.3931  pred=true   gold=true  running‐acc=0.682
Locality eval: pred=n/a               gold=n/a  correct=True  running‐acc=0.727
[  67/600] loss=0.0980  pred=true   gold=true  running‐acc=0.687
Locality eval: pred=n/a               gold=n/a  correct=True  running‐acc=0.731
[  68/600] loss=0.2211  pred=true   gold=true  running‐acc=0.691
Locality eval: pred=n/a               gold=n/a  correct=True  running‐acc=0.735
[  69/600] loss=0.0203  pred=n/a    gold=n/a  running‐acc=0.696
Locality eval: pred=                  gold=true  correct=False  running‐acc=0.725
[  70/600] loss=0.0532  pred=n/a    gold=n/a  running‐acc=0.700
Locality eval: pred=                  gold=true  correct=False  running‐acc=0.714
[  71/600] loss=0.0234  pred=n/a    gold=n/a  running‐acc=0.704
Locality eval: pred=true              gold=true  correct=True  running‐acc=0.718
[  72/600] loss=0.0079  pred=       gold=n/a  running‐acc=0.694
Locality eval: pred=                  gold=true  correct=False  running‐acc=0.708
[  73/600] loss=0.4056  pred=true   gold=true  running‐acc=0.699
Locality eval: pred=n/a               gold=n/a  correct=True  running‐acc=0.712
[  74/600] loss=0.0215  pred=n/a    gold=n/a  running‐acc=0.703
Locality eval: pred=n/a               gold=true  correct=False  running‐acc=0.703
[  75/600] loss=0.0546  pred=n/a    gold=n/a  running‐acc=0.707
Locality eval: pred=true              gold=true  correct=True  running‐acc=0.707
[  76/600] loss=1.0390  pred=true   gold=true  running‐acc=0.711
Locality eval: pred=n/a               gold=n/a  correct=True  running‐acc=0.711
[  77/600] loss=0.2828  pred=true   gold=true  running‐acc=0.714
Locality eval: pred=n/a               gold=n/a  correct=True  running‐acc=0.714
[  78/600] loss=0.0050  pred=n/a    gold=n/a  running‐acc=0.718
Locality eval: pred=true              gold=true  correct=True  running‐acc=0.718
[  79/600] loss=0.0946  pred=true   gold=true  running‐acc=0.722
Locality eval: pred=n/a               gold=n/a  correct=True  running‐acc=0.722
[  80/600] loss=0.0127  pred=n/a    gold=n/a  running‐acc=0.725
Locality eval: pred=n/a               gold=true  correct=False  running‐acc=0.713
[  81/600] loss=0.0260  pred=n/a    gold=n/a  running‐acc=0.728
Locality eval: pred=true              gold=true  correct=True  running‐acc=0.716
[  82/600] loss=0.2102  pred=true   gold=true  running‐acc=0.732
Locality eval: pred=n/a               gold=n/a  correct=True  running‐acc=0.720
[  83/600] loss=0.0564  pred=n/a    gold=n/a  running‐acc=0.735
Locality eval: pred=true              gold=true  correct=True  running‐acc=0.723
[  84/600] loss=0.1692  pred=true   gold=true  running‐acc=0.738
Locality eval: pred=n/a               gold=n/a  correct=True  running‐acc=0.726
[  85/600] loss=0.0045  pred=n/a    gold=n/a  running‐acc=0.741
Locality eval: pred=n/a               gold=true  correct=False  running‐acc=0.718
[  86/600] loss=0.0066  pred=n/a    gold=n/a  running‐acc=0.744
Locality eval: pred=n/a               gold=true  correct=False  running‐acc=0.709
[  87/600] loss=0.0488  pred=n/a    gold=n/a  running‐acc=0.747
Locality eval: pred=true              gold=true  correct=True  running‐acc=0.713
[  88/600] loss=0.6087  pred=true   gold=true  running‐acc=0.750
Locality eval: pred=                  gold=n/a  correct=False  running‐acc=0.705
[  89/600] loss=0.3439  pred=n/a    gold=true  running‐acc=0.742
Locality eval: pred=n/a               gold=n/a  correct=True  running‐acc=0.708
[  90/600] loss=0.0058  pred=false  gold=n/a  running‐acc=0.733
Locality eval: pred=n/a               gold=true  correct=False  running‐acc=0.700
[  91/600] loss=0.0024  pred=n/a    gold=n/a  running‐acc=0.736
Locality eval: pred=true              gold=true  correct=True  running‐acc=0.703
[  92/600] loss=0.1696  pred=true   gold=true  running‐acc=0.739
Locality eval: pred=n/a               gold=n/a  correct=True  running‐acc=0.707
[  93/600] loss=0.0135  pred=false  gold=n/a  running‐acc=0.731
Locality eval: pred=true              gold=true  correct=True  running‐acc=0.710
[  94/600] loss=0.0083  pred=n/a    gold=n/a  running‐acc=0.734
Locality eval: pred=n/a               gold=true  correct=False  running‐acc=0.702
[  95/600] loss=0.1191  pred=true   gold=true  running‐acc=0.737
Locality eval: pred=n/a               gold=n/a  correct=True  running‐acc=0.705
[  96/600] loss=0.0424  pred=n/a    gold=n/a  running‐acc=0.740
Locality eval: pred=                  gold=true  correct=False  running‐acc=0.698
[  97/600] loss=0.0043  pred=n/a    gold=n/a  running‐acc=0.742
Locality eval: pred=true              gold=true  correct=True  running‐acc=0.701
[  98/600] loss=0.0061  pred=n/a    gold=n/a  running‐acc=0.745
Locality eval: pred=true              gold=true  correct=True  running‐acc=0.704
[  99/600] loss=0.1947  pred=true   gold=true  running‐acc=0.747
Locality eval: pred=n/a               gold=n/a  correct=True  running‐acc=0.707
[ 100/600] loss=0.2285  pred=true   gold=true  running‐acc=0.750
Locality eval: pred=n/a               gold=n/a  correct=True  running‐acc=0.710
[ 101/600] loss=0.0061  pred=n/a    gold=n/a  running‐acc=0.752
Locality eval: pred=true              gold=true  correct=True  running‐acc=0.713
[ 102/600] loss=0.1322  pred=true   gold=true  running‐acc=0.755
Locality eval: pred=n/a               gold=n/a  correct=True  running‐acc=0.716
[ 103/600] loss=0.0050  pred=false  gold=n/a  running‐acc=0.748
Locality eval: pred=true              gold=true  correct=True  running‐acc=0.718
[ 104/600] loss=0.4007  pred=n/a    gold=true  running‐acc=0.740
Locality eval: pred=n/a               gold=n/a  correct=True  running‐acc=0.721
[ 105/600] loss=0.1149  pred=n/a    gold=true  running‐acc=0.733
Locality eval: pred=n/a               gold=n/a  correct=True  running‐acc=0.724
[ 106/600] loss=0.4686  pred=true   gold=true  running‐acc=0.736
Locality eval: pred=n/a               gold=n/a  correct=True  running‐acc=0.726
[ 107/600] loss=0.6002  pred=true   gold=true  running‐acc=0.738
Locality eval: pred=n/a               gold=n/a  correct=True  running‐acc=0.729
[ 108/600] loss=0.2337  pred=       gold=true  running‐acc=0.731
Locality eval: pred=n/a               gold=n/a  correct=True  running‐acc=0.731
[ 109/600] loss=0.2288  pred=true   gold=true  running‐acc=0.734
Locality eval: pred=n/a               gold=n/a  correct=True  running‐acc=0.734
[ 110/600] loss=0.2494  pred=true   gold=true  running‐acc=0.736
Locality eval: pred=n/a               gold=n/a  correct=True  running‐acc=0.736
[ 111/600] loss=0.0243  pred=true   gold=true  running‐acc=0.739
Locality eval: pred=n/a               gold=n/a  correct=True  running‐acc=0.739
[ 112/600] loss=0.2504  pred=true   gold=true  running‐acc=0.741
Locality eval: pred=n/a               gold=n/a  correct=True  running‐acc=0.741
[ 113/600] loss=0.0042  pred=n/a    gold=n/a  running‐acc=0.743
Locality eval: pred=true              gold=true  correct=True  running‐acc=0.743
[ 114/600] loss=0.0022  pred=n/a    gold=n/a  running‐acc=0.746
Locality eval: pred=n/a               gold=true  correct=False  running‐acc=0.737
[ 115/600] loss=0.0046  pred=       gold=n/a  running‐acc=0.739
Locality eval: pred=true              gold=true  correct=True  running‐acc=0.739
[ 116/600] loss=0.3373  pred=true   gold=true  running‐acc=0.741
Locality eval: pred=n/a               gold=n/a  correct=True  running‐acc=0.741
[ 117/600] loss=0.0031  pred=n/a    gold=n/a  running‐acc=0.744
Locality eval: pred=n/a               gold=true  correct=False  running‐acc=0.735
[ 118/600] loss=0.0605  pred=n/a    gold=n/a  running‐acc=0.746
Locality eval: pred=true              gold=true  correct=True  running‐acc=0.737
[ 119/600] loss=0.0078  pred=n/a    gold=n/a  running‐acc=0.748
Locality eval: pred=n/a               gold=true  correct=False  running‐acc=0.731
[ 120/600] loss=0.0181  pred=n/a    gold=n/a  running‐acc=0.750
Locality eval: pred=n/a               gold=true  correct=False  running‐acc=0.725
[ 121/600] loss=0.2946  pred=true   gold=true  running‐acc=0.752
Locality eval: pred=n/a               gold=n/a  correct=True  running‐acc=0.727
[ 122/600] loss=0.2332  pred=       gold=true  running‐acc=0.746
Locality eval: pred=                  gold=n/a  correct=False  running‐acc=0.721
[ 123/600] loss=0.0046  pred=false  gold=n/a  running‐acc=0.740
Locality eval: pred=true              gold=true  correct=True  running‐acc=0.724
[ 124/600] loss=0.0093  pred=n/a    gold=n/a  running‐acc=0.742
Locality eval: pred=true              gold=true  correct=True  running‐acc=0.726
[ 125/600] loss=0.0292  pred=       gold=n/a  running‐acc=0.736
Locality eval: pred=                  gold=true  correct=False  running‐acc=0.720
[ 126/600] loss=0.0551  pred=true   gold=true  running‐acc=0.738
Locality eval: pred=n/a               gold=n/a  correct=True  running‐acc=0.722
[ 127/600] loss=0.1166  pred=true   gold=true  running‐acc=0.740
Locality eval: pred=n/a               gold=n/a  correct=True  running‐acc=0.724
[ 128/600] loss=0.0823  pred=n/a    gold=n/a  running‐acc=0.742
Locality eval: pred=true              gold=true  correct=True  running‐acc=0.727
[ 129/600] loss=0.4309  pred=true   gold=true  running‐acc=0.744
Locality eval: pred=false             gold=n/a  correct=False  running‐acc=0.721
[ 130/600] loss=0.0108  pred=false  gold=n/a  running‐acc=0.738
Locality eval: pred=true              gold=true  correct=True  running‐acc=0.723
[ 131/600] loss=0.1541  pred=       gold=true  running‐acc=0.733
Locality eval: pred=n/a               gold=n/a  correct=True  running‐acc=0.725
[ 132/600] loss=0.0157  pred=n/a    gold=n/a  running‐acc=0.735
Locality eval: pred=n/a               gold=true  correct=False  running‐acc=0.720
[ 133/600] loss=0.1251  pred=n/a    gold=n/a  running‐acc=0.737
Locality eval: pred=n/a               gold=true  correct=False  running‐acc=0.714
[ 134/600] loss=0.1111  pred=true   gold=true  running‐acc=0.739
Locality eval: pred=n/a               gold=n/a  correct=True  running‐acc=0.716
[ 135/600] loss=0.0523  pred=true   gold=true  running‐acc=0.741
Locality eval: pred=n/a               gold=n/a  correct=True  running‐acc=0.719
[ 136/600] loss=0.0344  pred=n/a    gold=n/a  running‐acc=0.743
Locality eval: pred=n/a               gold=true  correct=False  running‐acc=0.713
[ 137/600] loss=0.3294  pred=true   gold=true  running‐acc=0.745
Locality eval: pred=n/a               gold=n/a  correct=True  running‐acc=0.715
[ 138/600] loss=1.1961  pred=       gold=true  running‐acc=0.739
Locality eval: pred=true              gold=n/a  correct=False  running‐acc=0.710
[ 139/600] loss=0.0105  pred=n/a    gold=n/a  running‐acc=0.741
Locality eval: pred=true              gold=true  correct=True  running‐acc=0.712
[ 140/600] loss=0.0395  pred=n/a    gold=n/a  running‐acc=0.743
Locality eval: pred=n/a               gold=true  correct=False  running‐acc=0.707
[ 141/600] loss=0.0427  pred=n/a    gold=n/a  running‐acc=0.745
Locality eval: pred=true              gold=true  correct=True  running‐acc=0.709
[ 142/600] loss=0.0131  pred=n/a    gold=n/a  running‐acc=0.746
Locality eval: pred=n/a               gold=true  correct=False  running‐acc=0.704
[ 143/600] loss=0.1331  pred=true   gold=true  running‐acc=0.748
Locality eval: pred=n/a               gold=n/a  correct=True  running‐acc=0.706
[ 144/600] loss=0.2256  pred=true   gold=true  running‐acc=0.750
Locality eval: pred=n/a               gold=n/a  correct=True  running‐acc=0.708
[ 145/600] loss=0.2473  pred=n/a    gold=true  running‐acc=0.745
Locality eval: pred=n/a               gold=n/a  correct=True  running‐acc=0.710
[ 146/600] loss=0.7951  pred=n/a    gold=true  running‐acc=0.740
Locality eval: pred=n/a               gold=n/a  correct=True  running‐acc=0.712
[ 147/600] loss=0.0053  pred=n/a    gold=n/a  running‐acc=0.741
Locality eval: pred=true              gold=true  correct=True  running‐acc=0.714
[ 148/600] loss=0.0481  pred=true   gold=true  running‐acc=0.743
Locality eval: pred=n/a               gold=n/a  correct=True  running‐acc=0.716
[ 149/600] loss=0.0057  pred=true   gold=n/a  running‐acc=0.738
Locality eval: pred=true              gold=true  correct=True  running‐acc=0.718
[ 150/600] loss=0.0052  pred=n/a    gold=n/a  running‐acc=0.740
Locality eval: pred=true              gold=true  correct=True  running‐acc=0.720
[ 151/600] loss=0.1307  pred=n/a    gold=true  running‐acc=0.735
Locality eval: pred=n/a               gold=n/a  correct=True  running‐acc=0.722
[ 152/600] loss=0.3049  pred=true   gold=true  running‐acc=0.737
Locality eval: pred=n/a               gold=n/a  correct=True  running‐acc=0.724
[ 153/600] loss=0.0177  pred=n/a    gold=n/a  running‐acc=0.739
Locality eval: pred=true              gold=true  correct=True  running‐acc=0.725
[ 154/600] loss=0.0104  pred=n/a    gold=n/a  running‐acc=0.740
Locality eval: pred=n/a               gold=true  correct=False  running‐acc=0.721
[ 155/600] loss=0.2214  pred=true   gold=true  running‐acc=0.742
Locality eval: pred=n/a               gold=n/a  correct=True  running‐acc=0.723
[ 156/600] loss=0.0499  pred=n/a    gold=n/a  running‐acc=0.744
Locality eval: pred=n/a               gold=true  correct=False  running‐acc=0.718
[ 157/600] loss=0.3986  pred=true   gold=true  running‐acc=0.745
Locality eval: pred=n/a               gold=n/a  correct=True  running‐acc=0.720
[ 158/600] loss=0.0048  pred=n/a    gold=n/a  running‐acc=0.747
Locality eval: pred=n/a               gold=true  correct=False  running‐acc=0.715
[ 159/600] loss=0.0225  pred=n/a    gold=n/a  running‐acc=0.748
Locality eval: pred=true              gold=true  correct=True  running‐acc=0.717
[ 160/600] loss=0.0249  pred=n/a    gold=n/a  running‐acc=0.750
Locality eval: pred=                  gold=true  correct=False  running‐acc=0.713
[ 161/600] loss=0.8183  pred=true   gold=true  running‐acc=0.752
Locality eval: pred=true              gold=n/a  correct=False  running‐acc=0.708
[ 162/600] loss=0.1060  pred=n/a    gold=n/a  running‐acc=0.753
Locality eval: pred=n/a               gold=true  correct=False  running‐acc=0.704
[ 163/600] loss=0.0144  pred=n/a    gold=n/a  running‐acc=0.755
Locality eval: pred=true              gold=true  correct=True  running‐acc=0.706
[ 164/600] loss=0.0105  pred=n/a    gold=n/a  running‐acc=0.756
Locality eval: pred=true              gold=true  correct=True  running‐acc=0.707
[ 165/600] loss=0.1487  pred=true   gold=true  running‐acc=0.758
Locality eval: pred=n/a               gold=n/a  correct=True  running‐acc=0.709
[ 166/600] loss=0.2414  pred=true   gold=true  running‐acc=0.759
Locality eval: pred=n/a               gold=n/a  correct=True  running‐acc=0.711
[ 167/600] loss=0.0244  pred=n/a    gold=n/a  running‐acc=0.760
Locality eval: pred=n/a               gold=true  correct=False  running‐acc=0.707
[ 168/600] loss=0.0495  pred=true   gold=true  running‐acc=0.762
Locality eval: pred=n/a               gold=n/a  correct=True  running‐acc=0.708
[ 169/600] loss=0.0101  pred=n/a    gold=n/a  running‐acc=0.763
Locality eval: pred=true              gold=true  correct=True  running‐acc=0.710
[ 170/600] loss=0.0028  pred=n/a    gold=n/a  running‐acc=0.765
Locality eval: pred=                  gold=true  correct=False  running‐acc=0.706
[ 171/600] loss=0.0014  pred=n/a    gold=n/a  running‐acc=0.766
Locality eval: pred=n/a               gold=true  correct=False  running‐acc=0.702
[ 172/600] loss=0.1717  pred=true   gold=true  running‐acc=0.767
Locality eval: pred=n/a               gold=n/a  correct=True  running‐acc=0.703
[ 173/600] loss=0.0199  pred=false  gold=n/a  running‐acc=0.763
Locality eval: pred=**true,           gold=true  correct=True  running‐acc=0.705
[ 174/600] loss=0.2667  pred=true   gold=true  running‐acc=0.764
Locality eval: pred=n/a               gold=n/a  correct=True  running‐acc=0.707
[ 175/600] loss=0.2441  pred=true   gold=true  running‐acc=0.766
Locality eval: pred=n/a               gold=n/a  correct=True  running‐acc=0.709
[ 176/600] loss=0.0309  pred=       gold=n/a  running‐acc=0.761
Locality eval: pred=n/a               gold=true  correct=False  running‐acc=0.705
[ 177/600] loss=0.4887  pred=true   gold=true  running‐acc=0.763
Locality eval: pred=n/a               gold=n/a  correct=True  running‐acc=0.706
[ 178/600] loss=0.0232  pred=n/a    gold=n/a  running‐acc=0.764
Locality eval: pred=n/a               gold=true  correct=False  running‐acc=0.702
[ 179/600] loss=0.0042  pred=n/a    gold=n/a  running‐acc=0.765
Locality eval: pred=n/a               gold=true  correct=False  running‐acc=0.698
[ 180/600] loss=0.4146  pred=n/a    gold=true  running‐acc=0.761
Locality eval: pred=n/a               gold=n/a  correct=True  running‐acc=0.700
[ 181/600] loss=0.0202  pred=       gold=n/a  running‐acc=0.757
Locality eval: pred=true              gold=true  correct=True  running‐acc=0.702
[ 182/600] loss=0.0039  pred=n/a    gold=n/a  running‐acc=0.758
Locality eval: pred=true              gold=true  correct=True  running‐acc=0.703
[ 183/600] loss=0.1394  pred=n/a    gold=true  running‐acc=0.754
Locality eval: pred=n/a               gold=n/a  correct=True  running‐acc=0.705
[ 184/600] loss=0.4510  pred=true   gold=true  running‐acc=0.755
Locality eval: pred=n/a               gold=n/a  correct=True  running‐acc=0.707
[ 185/600] loss=0.1309  pred=true   gold=true  running‐acc=0.757
Locality eval: pred=n/a               gold=n/a  correct=True  running‐acc=0.708
[ 186/600] loss=0.1583  pred=true   gold=true  running‐acc=0.758
Locality eval: pred=n/a               gold=n/a  correct=True  running‐acc=0.710
[ 187/600] loss=0.0088  pred=n/a    gold=n/a  running‐acc=0.759
Locality eval: pred=true              gold=true  correct=True  running‐acc=0.711
[ 188/600] loss=0.0107  pred=n/a    gold=n/a  running‐acc=0.761
Locality eval: pred=true              gold=true  correct=True  running‐acc=0.713
[ 189/600] loss=0.0865  pred=true   gold=true  running‐acc=0.762
Locality eval: pred=n/a               gold=n/a  correct=True  running‐acc=0.714
[ 190/600] loss=0.0293  pred=n/a    gold=n/a  running‐acc=0.763
Locality eval: pred=n/a               gold=true  correct=False  running‐acc=0.711
[ 191/600] loss=0.0040  pred=n/a    gold=n/a  running‐acc=0.764
Locality eval: pred=n/a               gold=true  correct=False  running‐acc=0.707
[ 192/600] loss=0.0931  pred=n/a    gold=n/a  running‐acc=0.766
Locality eval: pred=true              gold=true  correct=True  running‐acc=0.708
[ 193/600] loss=0.2595  pred=       gold=true  running‐acc=0.762
Locality eval: pred=n/a               gold=n/a  correct=True  running‐acc=0.710
[ 194/600] loss=0.3142  pred=n/a    gold=true  running‐acc=0.758
Locality eval: pred=n/a               gold=n/a  correct=True  running‐acc=0.711
[ 195/600] loss=0.0808  pred=true   gold=true  running‐acc=0.759
Locality eval: pred=n/a               gold=n/a  correct=True  running‐acc=0.713
[ 196/600] loss=0.1810  pred=       gold=true  running‐acc=0.755
Locality eval: pred=n/a               gold=n/a  correct=True  running‐acc=0.714
[ 197/600] loss=0.3153  pred=true   gold=true  running‐acc=0.756
Locality eval: pred=n/a               gold=n/a  correct=True  running‐acc=0.716
[ 198/600] loss=0.0907  pred=n/a    gold=n/a  running‐acc=0.758
Locality eval: pred=n/a               gold=true  correct=False  running‐acc=0.712
[ 199/600] loss=0.2088  pred=true   gold=true  running‐acc=0.759
Locality eval: pred=n/a               gold=n/a  correct=True  running‐acc=0.714
[ 200/600] loss=0.2119  pred=true   gold=true  running‐acc=0.760
Locality eval: pred=n/a               gold=n/a  correct=True  running‐acc=0.715
[ 201/600] loss=0.0334  pred=n/a    gold=n/a  running‐acc=0.761
Locality eval: pred=true              gold=true  correct=True  running‐acc=0.716
[ 202/600] loss=0.0482  pred=       gold=n/a  running‐acc=0.757
Locality eval: pred=                  gold=true  correct=False  running‐acc=0.713
[ 203/600] loss=0.4391  pred=true   gold=true  running‐acc=0.759
Locality eval: pred=n/a               gold=n/a  correct=True  running‐acc=0.714
[ 204/600] loss=0.0538  pred=n/a    gold=n/a  running‐acc=0.760
Locality eval: pred=true              gold=true  correct=True  running‐acc=0.716
[ 205/600] loss=0.9325  pred=       gold=true  running‐acc=0.756
Locality eval: pred=n/a               gold=n/a  correct=True  running‐acc=0.717
[ 206/600] loss=0.0206  pred=n/a    gold=n/a  running‐acc=0.757
Locality eval: pred=                  gold=true  correct=False  running‐acc=0.714
[ 207/600] loss=0.0160  pred=n/a    gold=n/a  running‐acc=0.758
Locality eval: pred=                  gold=true  correct=False  running‐acc=0.710
[ 208/600] loss=0.5261  pred=true   gold=true  running‐acc=0.760
Locality eval: pred=n/a               gold=n/a  correct=True  running‐acc=0.712
[ 209/600] loss=0.0032  pred=n/a    gold=n/a  running‐acc=0.761
Locality eval: pred=true              gold=true  correct=True  running‐acc=0.713
[ 210/600] loss=0.0243  pred=n/a    gold=n/a  running‐acc=0.762
Locality eval: pred=true              gold=true  correct=True  running‐acc=0.714
[ 211/600] loss=0.3155  pred=true   gold=true  running‐acc=0.763
Locality eval: pred=n/a               gold=n/a  correct=True  running‐acc=0.716
[ 212/600] loss=0.0100  pred=n/a    gold=n/a  running‐acc=0.764
Locality eval: pred=n/a               gold=true  correct=False  running‐acc=0.712
[ 213/600] loss=0.7106  pred=true   gold=true  running‐acc=0.765
Locality eval: pred=true              gold=n/a  correct=False  running‐acc=0.709
[ 214/600] loss=0.0052  pred=n/a    gold=n/a  running‐acc=0.766
Locality eval: pred=true              gold=true  correct=True  running‐acc=0.710
[ 215/600] loss=0.3054  pred=true   gold=true  running‐acc=0.767
Locality eval: pred=n/a               gold=n/a  correct=True  running‐acc=0.712
[ 216/600] loss=0.0043  pred=n/a    gold=n/a  running‐acc=0.769
Locality eval: pred=true              gold=true  correct=True  running‐acc=0.713
[ 217/600] loss=0.2149  pred=true   gold=true  running‐acc=0.770
Locality eval: pred=n/a               gold=n/a  correct=True  running‐acc=0.714
[ 218/600] loss=0.0627  pred=n/a    gold=n/a  running‐acc=0.771
Locality eval: pred=n/a               gold=true  correct=False  running‐acc=0.711
[ 219/600] loss=0.1430  pred=true   gold=true  running‐acc=0.772
Locality eval: pred=n/a               gold=n/a  correct=True  running‐acc=0.712
[ 220/600] loss=0.0127  pred=n/a    gold=n/a  running‐acc=0.773
Locality eval: pred=true              gold=true  correct=True  running‐acc=0.714
[ 221/600] loss=0.0112  pred=false  gold=n/a  running‐acc=0.769
Locality eval: pred=true              gold=true  correct=True  running‐acc=0.715
[ 222/600] loss=0.2781  pred=n/a    gold=n/a  running‐acc=0.770
Locality eval: pred=n/a               gold=true  correct=False  running‐acc=0.712
[ 223/600] loss=0.0968  pred=n/a    gold=n/a  running‐acc=0.771
Locality eval: pred=                  gold=true  correct=False  running‐acc=0.709
[ 224/600] loss=0.1024  pred=n/a    gold=n/a  running‐acc=0.772
Locality eval: pred=n/a               gold=true  correct=False  running‐acc=0.705
[ 225/600] loss=0.0190  pred=n/a    gold=n/a  running‐acc=0.773
Locality eval: pred=true              gold=true  correct=True  running‐acc=0.707
[ 226/600] loss=0.1278  pred=true   gold=true  running‐acc=0.774
Locality eval: pred=n/a               gold=n/a  correct=True  running‐acc=0.708
[ 227/600] loss=0.0088  pred=n/a    gold=n/a  running‐acc=0.775
Locality eval: pred=true              gold=true  correct=True  running‐acc=0.709
[ 228/600] loss=0.0723  pred=n/a    gold=n/a  running‐acc=0.776
Locality eval: pred=true              gold=true  correct=True  running‐acc=0.711
[ 229/600] loss=0.0599  pred=n/a    gold=n/a  running‐acc=0.777
Locality eval: pred=n/a               gold=true  correct=False  running‐acc=0.707
[ 230/600] loss=0.0142  pred=n/a    gold=n/a  running‐acc=0.778
Locality eval: pred=n/a               gold=true  correct=False  running‐acc=0.704
[ 231/600] loss=0.0023  pred=n/a    gold=n/a  running‐acc=0.779
Locality eval: pred=true              gold=true  correct=True  running‐acc=0.706
[ 232/600] loss=0.0111  pred=n/a    gold=n/a  running‐acc=0.780
Locality eval: pred=n/a               gold=true  correct=False  running‐acc=0.703
[ 233/600] loss=0.1796  pred=true   gold=true  running‐acc=0.781
Locality eval: pred=n/a               gold=n/a  correct=True  running‐acc=0.704
[ 234/600] loss=0.3486  pred=n/a    gold=true  running‐acc=0.778
Locality eval: pred=n/a               gold=n/a  correct=True  running‐acc=0.705
[ 235/600] loss=0.0472  pred=n/a    gold=n/a  running‐acc=0.779
Locality eval: pred=true              gold=true  correct=True  running‐acc=0.706
[ 236/600] loss=0.0113  pred=n/a    gold=n/a  running‐acc=0.780
Locality eval: pred=n/a               gold=true  correct=False  running‐acc=0.703
[ 237/600] loss=0.3830  pred=n/a    gold=true  running‐acc=0.776
Locality eval: pred=n/a               gold=n/a  correct=True  running‐acc=0.705
[ 238/600] loss=0.0276  pred=n/a    gold=n/a  running‐acc=0.777
Locality eval: pred=n/a               gold=true  correct=False  running‐acc=0.702
[ 239/600] loss=0.0387  pred=n/a    gold=n/a  running‐acc=0.778
Locality eval: pred=false             gold=true  correct=False  running‐acc=0.699
[ 240/600] loss=0.3962  pred=true   gold=true  running‐acc=0.779
Locality eval: pred=n/a               gold=n/a  correct=True  running‐acc=0.700
[ 241/600] loss=0.2781  pred=n/a    gold=n/a  running‐acc=0.780
Locality eval: pred=                  gold=true  correct=False  running‐acc=0.697
[ 242/600] loss=0.0502  pred=n/a    gold=n/a  running‐acc=0.781
Locality eval: pred=n/a               gold=true  correct=False  running‐acc=0.694
[ 243/600] loss=0.0016  pred=true   gold=n/a  running‐acc=0.778
Locality eval: pred=true              gold=true  correct=True  running‐acc=0.695
[ 244/600] loss=0.1567  pred=true   gold=true  running‐acc=0.779
Locality eval: pred=n/a               gold=n/a  correct=True  running‐acc=0.697
[ 245/600] loss=0.2687  pred=n/a    gold=true  running‐acc=0.776
Locality eval: pred=n/a               gold=n/a  correct=True  running‐acc=0.698
[ 246/600] loss=0.1837  pred=true   gold=true  running‐acc=0.776
Locality eval: pred=n/a               gold=n/a  correct=True  running‐acc=0.699
[ 247/600] loss=0.0662  pred=true   gold=true  running‐acc=0.777
Locality eval: pred=n/a               gold=n/a  correct=True  running‐acc=0.700
[ 248/600] loss=0.3367  pred=n/a    gold=true  running‐acc=0.774
Locality eval: pred=n/a               gold=n/a  correct=True  running‐acc=0.702
[ 249/600] loss=0.0092  pred=n/a    gold=n/a  running‐acc=0.775
Locality eval: pred=n/a               gold=true  correct=False  running‐acc=0.699
[ 250/600] loss=0.1179  pred=true   gold=true  running‐acc=0.776
Locality eval: pred=n/a               gold=n/a  correct=True  running‐acc=0.700
[ 251/600] loss=0.0074  pred=n/a    gold=n/a  running‐acc=0.777
Locality eval: pred=                  gold=true  correct=False  running‐acc=0.697
[ 252/600] loss=0.0801  pred=       gold=n/a  running‐acc=0.774
Locality eval: pred=                  gold=true  correct=False  running‐acc=0.694
[ 253/600] loss=0.2693  pred=true   gold=true  running‐acc=0.775
Locality eval: pred=n/a               gold=n/a  correct=True  running‐acc=0.696
[ 254/600] loss=0.2677  pred=       gold=true  running‐acc=0.772
Locality eval: pred=n/a               gold=n/a  correct=True  running‐acc=0.697
[ 255/600] loss=0.0636  pred=n/a    gold=n/a  running‐acc=0.773
Locality eval: pred=n/a               gold=true  correct=False  running‐acc=0.694
[ 256/600] loss=0.0540  pred=       gold=n/a  running‐acc=0.770
Locality eval: pred=**true**          gold=true  correct=True  running‐acc=0.695
[ 257/600] loss=0.0073  pred=n/a    gold=n/a  running‐acc=0.770
Locality eval: pred=n/a               gold=true  correct=False  running‐acc=0.693
[ 258/600] loss=0.0140  pred=n/a    gold=n/a  running‐acc=0.771
Locality eval: pred=n/a               gold=true  correct=False  running‐acc=0.690
[ 259/600] loss=0.0281  pred=       gold=true  running‐acc=0.768
Locality eval: pred=n/a               gold=n/a  correct=True  running‐acc=0.691
[ 260/600] loss=0.2943  pred=true   gold=true  running‐acc=0.769
Locality eval: pred=n/a               gold=n/a  correct=True  running‐acc=0.692
[ 261/600] loss=0.4038  pred=true   gold=true  running‐acc=0.770
Locality eval: pred=n/a               gold=n/a  correct=True  running‐acc=0.693
[ 262/600] loss=0.1506  pred=true   gold=true  running‐acc=0.771
Locality eval: pred=n/a               gold=n/a  correct=True  running‐acc=0.695
[ 263/600] loss=0.0383  pred=n/a    gold=n/a  running‐acc=0.772
Locality eval: pred=                  gold=true  correct=False  running‐acc=0.692
[ 264/600] loss=0.0203  pred=n/a    gold=n/a  running‐acc=0.773
Locality eval: pred=n/a               gold=true  correct=False  running‐acc=0.689
[ 265/600] loss=0.2017  pred=true   gold=true  running‐acc=0.774
Locality eval: pred=n/a               gold=n/a  correct=True  running‐acc=0.691
[ 266/600] loss=0.0207  pred=       gold=n/a  running‐acc=0.771
Locality eval: pred=n/a               gold=true  correct=False  running‐acc=0.688
[ 267/600] loss=0.0488  pred=n/a    gold=n/a  running‐acc=0.772
Locality eval: pred=n/a               gold=true  correct=False  running‐acc=0.685
[ 268/600] loss=0.3122  pred=true   gold=true  running‐acc=0.772
Locality eval: pred=n/a               gold=n/a  correct=True  running‐acc=0.687
[ 269/600] loss=0.0074  pred=n/a    gold=n/a  running‐acc=0.773
Locality eval: pred=true              gold=true  correct=True  running‐acc=0.688
[ 270/600] loss=0.1788  pred=true   gold=true  running‐acc=0.774
Locality eval: pred=n/a               gold=n/a  correct=True  running‐acc=0.689
[ 271/600] loss=0.0115  pred=n/a    gold=n/a  running‐acc=0.775
Locality eval: pred=true              gold=true  correct=True  running‐acc=0.690
[ 272/600] loss=0.1184  pred=true   gold=true  running‐acc=0.776
Locality eval: pred=n/a               gold=n/a  correct=True  running‐acc=0.691
[ 273/600] loss=0.0051  pred=n/a    gold=n/a  running‐acc=0.777
Locality eval: pred=true              gold=true  correct=True  running‐acc=0.692
[ 274/600] loss=0.0274  pred=n/a    gold=n/a  running‐acc=0.777
Locality eval: pred=n/a               gold=true  correct=False  running‐acc=0.690
[ 275/600] loss=0.2177  pred=       gold=true  running‐acc=0.775
Locality eval: pred=n/a               gold=n/a  correct=True  running‐acc=0.691
[ 276/600] loss=0.0087  pred=n/a    gold=n/a  running‐acc=0.775
Locality eval: pred=false             gold=true  correct=False  running‐acc=0.688
[ 277/600] loss=0.3210  pred=true   gold=true  running‐acc=0.776
Locality eval: pred=n/a               gold=n/a  correct=True  running‐acc=0.690
[ 278/600] loss=0.0501  pred=n/a    gold=n/a  running‐acc=0.777
Locality eval: pred=true              gold=true  correct=True  running‐acc=0.691
[ 279/600] loss=0.0997  pred=true   gold=true  running‐acc=0.778
Locality eval: pred=n/a               gold=n/a  correct=True  running‐acc=0.692
[ 280/600] loss=0.0034  pred=n/a    gold=n/a  running‐acc=0.779
Locality eval: pred=n/a               gold=true  correct=False  running‐acc=0.689
[ 281/600] loss=0.1780  pred=true   gold=true  running‐acc=0.779
Locality eval: pred=n/a               gold=n/a  correct=True  running‐acc=0.690
[ 282/600] loss=0.2323  pred=true   gold=true  running‐acc=0.780
Locality eval: pred=n/a               gold=n/a  correct=True  running‐acc=0.691
[ 283/600] loss=0.0052  pred=n/a    gold=n/a  running‐acc=0.781
Locality eval: pred=true              gold=true  correct=True  running‐acc=0.693
[ 284/600] loss=0.0018  pred=n/a    gold=n/a  running‐acc=0.782
Locality eval: pred=true              gold=true  correct=True  running‐acc=0.694
[ 285/600] loss=0.2087  pred=true   gold=true  running‐acc=0.782
Locality eval: pred=n/a               gold=n/a  correct=True  running‐acc=0.695
[ 286/600] loss=0.0199  pred=n/a    gold=n/a  running‐acc=0.783
Locality eval: pred=n/a               gold=true  correct=False  running‐acc=0.692
[ 287/600] loss=0.0258  pred=n/a    gold=n/a  running‐acc=0.784
Locality eval: pred=n/a               gold=true  correct=False  running‐acc=0.690
[ 288/600] loss=0.1172  pred=true   gold=true  running‐acc=0.785
Locality eval: pred=n/a               gold=n/a  correct=True  running‐acc=0.691
[ 289/600] loss=0.4940  pred=       gold=true  running‐acc=0.782
Locality eval: pred=n/a               gold=n/a  correct=True  running‐acc=0.692
[ 290/600] loss=0.0036  pred=n/a    gold=n/a  running‐acc=0.783
Locality eval: pred=n/a               gold=true  correct=False  running‐acc=0.690
[ 291/600] loss=0.3143  pred=true   gold=true  running‐acc=0.784
Locality eval: pred=n/a               gold=n/a  correct=True  running‐acc=0.691
[ 292/600] loss=0.1461  pred=true   gold=true  running‐acc=0.784
Locality eval: pred=                  gold=n/a  correct=False  running‐acc=0.688
[ 293/600] loss=0.4297  pred=true   gold=true  running‐acc=0.785
Locality eval: pred=false             gold=n/a  correct=False  running‐acc=0.686
[ 294/600] loss=0.1180  pred=true   gold=true  running‐acc=0.786
Locality eval: pred=n/a               gold=n/a  correct=True  running‐acc=0.687
[ 295/600] loss=0.0347  pred=       gold=n/a  running‐acc=0.783
Locality eval: pred=n/a               gold=true  correct=False  running‐acc=0.685
[ 296/600] loss=0.0492  pred=n/a    gold=n/a  running‐acc=0.784
Locality eval: pred=                  gold=true  correct=False  running‐acc=0.682
[ 297/600] loss=0.2487  pred=true   gold=true  running‐acc=0.785
Locality eval: pred=n/a               gold=n/a  correct=True  running‐acc=0.684
[ 298/600] loss=0.1126  pred=true   gold=true  running‐acc=0.785
Locality eval: pred=n/a               gold=n/a  correct=True  running‐acc=0.685
[ 299/600] loss=0.0673  pred=n/a    gold=n/a  running‐acc=0.786
Locality eval: pred=n/a               gold=true  correct=False  running‐acc=0.682
[ 300/600] loss=0.0179  pred=n/a    gold=n/a  running‐acc=0.787
Locality eval: pred=true              gold=true  correct=True  running‐acc=0.683
[ 301/600] loss=0.1589  pred=n/a    gold=true  running‐acc=0.784
Locality eval: pred=n/a               gold=n/a  correct=True  running‐acc=0.684
[ 302/600] loss=0.4120  pred=n/a    gold=true  running‐acc=0.781
Locality eval: pred=n/a               gold=n/a  correct=True  running‐acc=0.685
[ 303/600] loss=0.0393  pred=true   gold=true  running‐acc=0.782
Locality eval: pred=n/a               gold=n/a  correct=True  running‐acc=0.686
[ 304/600] loss=0.2032  pred=true   gold=true  running‐acc=0.783
Locality eval: pred=n/a               gold=n/a  correct=True  running‐acc=0.688
[ 305/600] loss=0.1718  pred=true   gold=true  running‐acc=0.784
Locality eval: pred=                  gold=n/a  correct=False  running‐acc=0.685
[ 306/600] loss=0.1458  pred=true   gold=true  running‐acc=0.784
Locality eval: pred=n/a               gold=n/a  correct=True  running‐acc=0.686
[ 307/600] loss=0.1095  pred=n/a    gold=true  running‐acc=0.782
Locality eval: pred=n/a               gold=n/a  correct=True  running‐acc=0.687
[ 308/600] loss=0.1368  pred=true   gold=true  running‐acc=0.782
Locality eval: pred=n/a               gold=n/a  correct=True  running‐acc=0.688
[ 309/600] loss=0.1646  pred=true   gold=true  running‐acc=0.783
Locality eval: pred=n/a               gold=n/a  correct=True  running‐acc=0.689
[ 310/600] loss=0.0139  pred=n/a    gold=n/a  running‐acc=0.784
Locality eval: pred=true              gold=true  correct=True  running‐acc=0.690
[ 311/600] loss=0.2381  pred=true   gold=true  running‐acc=0.785
Locality eval: pred=n/a               gold=n/a  correct=True  running‐acc=0.691
[ 312/600] loss=0.1114  pred=true   gold=true  running‐acc=0.785
Locality eval: pred=n/a               gold=n/a  correct=True  running‐acc=0.692
[ 313/600] loss=0.0074  pred=n/a    gold=n/a  running‐acc=0.786
Locality eval: pred=true              gold=true  correct=True  running‐acc=0.693
[ 314/600] loss=0.0050  pred=n/a    gold=n/a  running‐acc=0.787
Locality eval: pred=n/a               gold=true  correct=False  running‐acc=0.691
[ 315/600] loss=0.0260  pred=true   gold=n/a  running‐acc=0.784
Locality eval: pred=true              gold=true  correct=True  running‐acc=0.692
[ 316/600] loss=0.4753  pred=true   gold=true  running‐acc=0.785
Locality eval: pred=n/a               gold=n/a  correct=True  running‐acc=0.693
[ 317/600] loss=0.1872  pred=true   gold=true  running‐acc=0.785
Locality eval: pred=                  gold=n/a  correct=False  running‐acc=0.691
[ 318/600] loss=0.6753  pred=true   gold=true  running‐acc=0.786
Locality eval: pred=n/a               gold=n/a  correct=True  running‐acc=0.692
[ 319/600] loss=0.0082  pred=n/a    gold=n/a  running‐acc=0.787
Locality eval: pred=true              gold=true  correct=True  running‐acc=0.693
[ 320/600] loss=0.0124  pred=n/a    gold=n/a  running‐acc=0.787
Locality eval: pred=n/a               gold=true  correct=False  running‐acc=0.691
[ 321/600] loss=0.1165  pred=n/a    gold=true  running‐acc=0.785
Locality eval: pred=n/a               gold=n/a  correct=True  running‐acc=0.692
[ 322/600] loss=0.1069  pred=true   gold=true  running‐acc=0.786
Locality eval: pred=n/a               gold=n/a  correct=True  running‐acc=0.693
[ 323/600] loss=0.0611  pred=n/a    gold=n/a  running‐acc=0.786
Locality eval: pred=                  gold=true  correct=False  running‐acc=0.690
[ 324/600] loss=0.0033  pred=n/a    gold=n/a  running‐acc=0.787
Locality eval: pred=n/a               gold=true  correct=False  running‐acc=0.688
[ 325/600] loss=0.3550  pred=n/a    gold=true  running‐acc=0.785
Locality eval: pred=n/a               gold=n/a  correct=True  running‐acc=0.689
[ 326/600] loss=0.0233  pred=n/a    gold=n/a  running‐acc=0.785
Locality eval: pred=true              gold=true  correct=True  running‐acc=0.690
[ 327/600] loss=0.2443  pred=true   gold=true  running‐acc=0.786
Locality eval: pred=n/a               gold=n/a  correct=True  running‐acc=0.691
[ 328/600] loss=0.0049  pred=n/a    gold=n/a  running‐acc=0.787
Locality eval: pred=n/a               gold=true  correct=False  running‐acc=0.689
[ 329/600] loss=0.4441  pred=true   gold=true  running‐acc=0.787
Locality eval: pred=n/a               gold=n/a  correct=True  running‐acc=0.690
[ 330/600] loss=0.0043  pred=n/a    gold=n/a  running‐acc=0.788
Locality eval: pred=true              gold=true  correct=True  running‐acc=0.691
[ 331/600] loss=0.1250  pred=true   gold=true  running‐acc=0.789
Locality eval: pred=n/a               gold=n/a  correct=True  running‐acc=0.692
[ 332/600] loss=0.0298  pred=n/a    gold=n/a  running‐acc=0.789
Locality eval: pred=n/a               gold=true  correct=False  running‐acc=0.690
[ 333/600] loss=0.0425  pred=true   gold=true  running‐acc=0.790
Locality eval: pred=n/a               gold=n/a  correct=True  running‐acc=0.691
[ 334/600] loss=0.0260  pred=       gold=n/a  running‐acc=0.787
Locality eval: pred=n/a               gold=true  correct=False  running‐acc=0.689
[ 335/600] loss=0.4125  pred=true   gold=true  running‐acc=0.788
Locality eval: pred=n/a               gold=n/a  correct=True  running‐acc=0.690
[ 336/600] loss=0.0463  pred=n/a    gold=n/a  running‐acc=0.789
Locality eval: pred=n/a               gold=true  correct=False  running‐acc=0.688
[ 337/600] loss=0.0196  pred=n/a    gold=n/a  running‐acc=0.789
Locality eval: pred=                  gold=true  correct=False  running‐acc=0.685
[ 338/600] loss=0.0043  pred=n/a    gold=n/a  running‐acc=0.790
Locality eval: pred=n/a               gold=true  correct=False  running‐acc=0.683
[ 339/600] loss=0.0049  pred=n/a    gold=n/a  running‐acc=0.791
Locality eval: pred=true              gold=true  correct=True  running‐acc=0.684
[ 340/600] loss=0.0362  pred=n/a    gold=n/a  running‐acc=0.791
Locality eval: pred=n/a               gold=true  correct=False  running‐acc=0.682
[ 341/600] loss=0.2605  pred=       gold=true  running‐acc=0.789
Locality eval: pred=n/a               gold=n/a  correct=True  running‐acc=0.683
[ 342/600] loss=0.2724  pred=true   gold=true  running‐acc=0.789
Locality eval: pred=n/a               gold=n/a  correct=True  running‐acc=0.684
[ 343/600] loss=0.0308  pred=n/a    gold=n/a  running‐acc=0.790
Locality eval: pred=n/a               gold=true  correct=False  running‐acc=0.682
[ 344/600] loss=0.1544  pred=n/a    gold=true  running‐acc=0.788
Locality eval: pred=n/a               gold=n/a  correct=True  running‐acc=0.683
[ 345/600] loss=0.0049  pred=n/a    gold=n/a  running‐acc=0.788
Locality eval: pred=true              gold=true  correct=True  running‐acc=0.684
[ 346/600] loss=0.2023  pred=true   gold=true  running‐acc=0.789
Locality eval: pred=n/a               gold=n/a  correct=True  running‐acc=0.685
[ 347/600] loss=0.0052  pred=n/a    gold=n/a  running‐acc=0.790
Locality eval: pred=n/a               gold=true  correct=False  running‐acc=0.683
[ 348/600] loss=0.0677  pred=n/a    gold=n/a  running‐acc=0.790
Locality eval: pred=true              gold=true  correct=True  running‐acc=0.684
[ 349/600] loss=0.0035  pred=false  gold=n/a  running‐acc=0.788
Locality eval: pred=true              gold=true  correct=True  running‐acc=0.685
[ 350/600] loss=0.0338  pred=n/a    gold=n/a  running‐acc=0.789
Locality eval: pred=                  gold=true  correct=False  running‐acc=0.683
[ 351/600] loss=0.0336  pred=n/a    gold=n/a  running‐acc=0.789
Locality eval: pred=true              gold=true  correct=True  running‐acc=0.684
[ 352/600] loss=0.0145  pred=n/a    gold=n/a  running‐acc=0.790
Locality eval: pred=true              gold=true  correct=True  running‐acc=0.685
[ 353/600] loss=0.0163  pred=n/a    gold=n/a  running‐acc=0.790
Locality eval: pred=                  gold=true  correct=False  running‐acc=0.683
[ 354/600] loss=0.1359  pred=true   gold=true  running‐acc=0.791
Locality eval: pred=n/a               gold=n/a  correct=True  running‐acc=0.684
[ 355/600] loss=0.2806  pred=true   gold=true  running‐acc=0.792
Locality eval: pred=n/a               gold=n/a  correct=True  running‐acc=0.685
[ 356/600] loss=0.0780  pred=n/a    gold=true  running‐acc=0.789
Locality eval: pred=n/a               gold=n/a  correct=True  running‐acc=0.685
[ 357/600] loss=0.0947  pred=n/a    gold=true  running‐acc=0.787
Locality eval: pred=n/a               gold=n/a  correct=True  running‐acc=0.686
[ 358/600] loss=0.6137  pred=true   gold=true  running‐acc=0.788
Locality eval: pred=n/a               gold=n/a  correct=True  running‐acc=0.687
[ 359/600] loss=0.4625  pred=true   gold=true  running‐acc=0.788
Locality eval: pred=n/a               gold=n/a  correct=True  running‐acc=0.688
[ 360/600] loss=0.0213  pred=n/a    gold=n/a  running‐acc=0.789
Locality eval: pred=true              gold=true  correct=True  running‐acc=0.689
[ 361/600] loss=0.3868  pred=true   gold=true  running‐acc=0.789
Locality eval: pred=n/a               gold=n/a  correct=True  running‐acc=0.690
[ 362/600] loss=0.0879  pred=       gold=true  running‐acc=0.787
Locality eval: pred=n/a               gold=n/a  correct=True  running‐acc=0.691
[ 363/600] loss=0.1127  pred=       gold=n/a  running‐acc=0.785
Locality eval: pred=true              gold=true  correct=True  running‐acc=0.691
[ 364/600] loss=0.3673  pred=true   gold=true  running‐acc=0.786
Locality eval: pred=n/a               gold=n/a  correct=True  running‐acc=0.692
[ 365/600] loss=0.1144  pred=n/a    gold=true  running‐acc=0.784
Locality eval: pred=n/a               gold=n/a  correct=True  running‐acc=0.693
[ 366/600] loss=0.0275  pred=       gold=n/a  running‐acc=0.781
Locality eval: pred=true              gold=true  correct=True  running‐acc=0.694
[ 367/600] loss=0.0099  pred=n/a    gold=n/a  running‐acc=0.782
Locality eval: pred=n/a               gold=true  correct=False  running‐acc=0.692
[ 368/600] loss=0.2926  pred=true   gold=true  running‐acc=0.783
Locality eval: pred=n/a               gold=n/a  correct=True  running‐acc=0.693
[ 369/600] loss=0.0147  pred=false  gold=n/a  running‐acc=0.780
Locality eval: pred=n/a               gold=true  correct=False  running‐acc=0.691
[ 370/600] loss=0.0168  pred=n/a    gold=n/a  running‐acc=0.781
Locality eval: pred=true,             gold=true  correct=True  running‐acc=0.692
[ 371/600] loss=0.0323  pred=n/a    gold=true  running‐acc=0.779
Locality eval: pred=n/a               gold=n/a  correct=True  running‐acc=0.693
[ 372/600] loss=0.6828  pred=true   gold=true  running‐acc=0.780
Locality eval: pred=n/a               gold=n/a  correct=True  running‐acc=0.694
[ 373/600] loss=0.2104  pred=n/a    gold=true  running‐acc=0.777
Locality eval: pred=n/a               gold=n/a  correct=True  running‐acc=0.694
[ 374/600] loss=0.0988  pred=n/a    gold=n/a  running‐acc=0.778
Locality eval: pred=                  gold=true  correct=False  running‐acc=0.693
[ 375/600] loss=0.5351  pred=n/a    gold=true  running‐acc=0.776
Locality eval: pred=n/a               gold=n/a  correct=True  running‐acc=0.693
[ 376/600] loss=0.1153  pred=true   gold=true  running‐acc=0.777
Locality eval: pred=n/a               gold=n/a  correct=True  running‐acc=0.694
[ 377/600] loss=0.3486  pred=n/a    gold=true  running‐acc=0.775
Locality eval: pred=n/a               gold=n/a  correct=True  running‐acc=0.695
[ 378/600] loss=0.0998  pred=true   gold=true  running‐acc=0.775
Locality eval: pred=n/a               gold=n/a  correct=True  running‐acc=0.696
[ 379/600] loss=0.1093  pred=n/a    gold=true  running‐acc=0.773
Locality eval: pred=n/a               gold=n/a  correct=True  running‐acc=0.697
[ 380/600] loss=0.1065  pred=true   gold=true  running‐acc=0.774
Locality eval: pred=n/a               gold=n/a  correct=True  running‐acc=0.697
[ 381/600] loss=0.0060  pred=n/a    gold=n/a  running‐acc=0.774
Locality eval: pred=true              gold=true  correct=True  running‐acc=0.698
[ 382/600] loss=0.0056  pred=n/a    gold=n/a  running‐acc=0.775
Locality eval: pred=true              gold=true  correct=True  running‐acc=0.699
[ 383/600] loss=0.0440  pred=n/a    gold=n/a  running‐acc=0.775
Locality eval: pred=n/a               gold=true  correct=False  running‐acc=0.697
[ 384/600] loss=0.0062  pred=       gold=n/a  running‐acc=0.773
Locality eval: pred=                  gold=true  correct=False  running‐acc=0.695
[ 385/600] loss=0.2750  pred=       gold=true  running‐acc=0.771
Locality eval: pred=                  gold=n/a  correct=False  running‐acc=0.694
[ 386/600] loss=0.1024  pred=true   gold=true  running‐acc=0.772
Locality eval: pred=n/a               gold=n/a  correct=True  running‐acc=0.694
[ 387/600] loss=0.0221  pred=       gold=n/a  running‐acc=0.770
Locality eval: pred=                  gold=true  correct=False  running‐acc=0.693
[ 388/600] loss=0.2578  pred=true   gold=true  running‐acc=0.771
Locality eval: pred=n/a               gold=n/a  correct=True  running‐acc=0.693
[ 389/600] loss=0.0244  pred=n/a    gold=n/a  running‐acc=0.771
Locality eval: pred=true/false/n/a    gold=true  correct=True  running‐acc=0.694
[ 390/600] loss=0.1720  pred=true   gold=true  running‐acc=0.772
Locality eval: pred=true              gold=n/a  correct=False  running‐acc=0.692
[ 391/600] loss=0.1798  pred=       gold=true  running‐acc=0.770
Locality eval: pred=n/a               gold=n/a  correct=True  running‐acc=0.693
[ 392/600] loss=0.0072  pred=n/a    gold=n/a  running‐acc=0.770
Locality eval: pred=true              gold=true  correct=True  running‐acc=0.694
[ 393/600] loss=0.0034  pred=n/a    gold=n/a  running‐acc=0.771
Locality eval: pred=n/a               gold=true  correct=False  running‐acc=0.692
[ 394/600] loss=0.0271  pred=n/a    gold=n/a  running‐acc=0.772
Locality eval: pred=true              gold=true  correct=True  running‐acc=0.693
[ 395/600] loss=0.2140  pred=n/a    gold=true  running‐acc=0.770
Locality eval: pred=n/a               gold=n/a  correct=True  running‐acc=0.694
[ 396/600] loss=0.5453  pred=true   gold=true  running‐acc=0.770
Locality eval: pred=n/a               gold=n/a  correct=True  running‐acc=0.694
[ 397/600] loss=0.0055  pred=n/a    gold=n/a  running‐acc=0.771
Locality eval: pred=true              gold=true  correct=True  running‐acc=0.695
[ 398/600] loss=0.0790  pred=true   gold=true  running‐acc=0.771
Locality eval: pred=n/a               gold=n/a  correct=True  running‐acc=0.696
[ 399/600] loss=0.0930  pred=n/a    gold=n/a  running‐acc=0.772
Locality eval: pred=n/a               gold=true  correct=False  running‐acc=0.694
[ 400/600] loss=0.0352  pred=n/a    gold=true  running‐acc=0.770
Locality eval: pred=n/a               gold=n/a  correct=True  running‐acc=0.695
[ 401/600] loss=0.5352  pred=       gold=true  running‐acc=0.768
Locality eval: pred=                  gold=n/a  correct=False  running‐acc=0.693
[ 402/600] loss=0.0132  pred=n/a    gold=n/a  running‐acc=0.769
Locality eval: pred=                  gold=true  correct=False  running‐acc=0.692
[ 403/600] loss=0.1094  pred=true   gold=true  running‐acc=0.769
Locality eval: pred=n/a               gold=n/a  correct=True  running‐acc=0.692
[ 404/600] loss=0.5570  pred=true   gold=true  running‐acc=0.770
Locality eval: pred=true              gold=n/a  correct=False  running‐acc=0.691
[ 405/600] loss=0.0070  pred=n/a    gold=n/a  running‐acc=0.770
Locality eval: pred=true              gold=true  correct=True  running‐acc=0.691
[ 406/600] loss=0.0145  pred=n/a    gold=n/a  running‐acc=0.771
Locality eval: pred=true              gold=true  correct=True  running‐acc=0.692
[ 407/600] loss=0.0741  pred=true   gold=true  running‐acc=0.771
Locality eval: pred=n/a               gold=n/a  correct=True  running‐acc=0.693
[ 408/600] loss=0.0354  pred=n/a    gold=n/a  running‐acc=0.772
Locality eval: pred=true              gold=true  correct=True  running‐acc=0.694
[ 409/600] loss=0.4472  pred=       gold=true  running‐acc=0.770
Locality eval: pred=                  gold=n/a  correct=False  running‐acc=0.692
[ 410/600] loss=0.0564  pred=n/a    gold=n/a  running‐acc=0.771
Locality eval: pred=n/a               gold=true  correct=False  running‐acc=0.690
[ 411/600] loss=0.2975  pred=true   gold=true  running‐acc=0.771
Locality eval: pred=n/a               gold=n/a  correct=True  running‐acc=0.691
[ 412/600] loss=0.3204  pred=true   gold=true  running‐acc=0.772
Locality eval: pred=n/a               gold=n/a  correct=True  running‐acc=0.692
[ 413/600] loss=0.1427  pred=n/a    gold=true  running‐acc=0.770
Locality eval: pred=n/a               gold=n/a  correct=True  running‐acc=0.692
[ 414/600] loss=0.3556  pred=true   gold=true  running‐acc=0.771
Locality eval: pred=n/a               gold=n/a  correct=True  running‐acc=0.693
[ 415/600] loss=0.0139  pred=n/a    gold=n/a  running‐acc=0.771
Locality eval: pred=n/a               gold=true  correct=False  running‐acc=0.692
[ 416/600] loss=0.2281  pred=true   gold=true  running‐acc=0.772
Locality eval: pred=n/a               gold=n/a  correct=True  running‐acc=0.692
[ 417/600] loss=0.0044  pred=n/a    gold=n/a  running‐acc=0.772
Locality eval: pred=true              gold=true  correct=True  running‐acc=0.693
[ 418/600] loss=0.0314  pred=n/a    gold=n/a  running‐acc=0.773
Locality eval: pred=n/a               gold=true  correct=False  running‐acc=0.691
[ 419/600] loss=0.1019  pred=true   gold=true  running‐acc=0.773
Locality eval: pred=n/a               gold=n/a  correct=True  running‐acc=0.692
[ 420/600] loss=0.4459  pred=true   gold=true  running‐acc=0.774
Locality eval: pred=n/a               gold=n/a  correct=True  running‐acc=0.693
[ 421/600] loss=0.2182  pred=true   gold=true  running‐acc=0.774
Locality eval: pred=n/a               gold=n/a  correct=True  running‐acc=0.694
[ 422/600] loss=0.2230  pred=       gold=true  running‐acc=0.773
Locality eval: pred=                  gold=n/a  correct=False  running‐acc=0.692
[ 423/600] loss=0.2190  pred=true   gold=true  running‐acc=0.773
Locality eval: pred=n/a               gold=n/a  correct=True  running‐acc=0.693
[ 424/600] loss=0.0050  pred=n/a    gold=n/a  running‐acc=0.774
Locality eval: pred=true              gold=true  correct=True  running‐acc=0.693
[ 425/600] loss=0.0201  pred=n/a    gold=n/a  running‐acc=0.774
Locality eval: pred=                  gold=true  correct=False  running‐acc=0.692
[ 426/600] loss=0.0028  pred=n/a    gold=n/a  running‐acc=0.775
Locality eval: pred=n/a               gold=true  correct=False  running‐acc=0.690
[ 427/600] loss=0.2163  pred=       gold=true  running‐acc=0.773
Locality eval: pred=n/a               gold=n/a  correct=True  running‐acc=0.691
[ 428/600] loss=0.2155  pred=true   gold=true  running‐acc=0.773
Locality eval: pred=n/a               gold=n/a  correct=True  running‐acc=0.692
[ 429/600] loss=0.0586  pred=true   gold=true  running‐acc=0.774
Locality eval: pred=n/a               gold=n/a  correct=True  running‐acc=0.692
[ 430/600] loss=0.0030  pred=n/a    gold=n/a  running‐acc=0.774
Locality eval: pred=n/a               gold=true  correct=False  running‐acc=0.691
[ 431/600] loss=0.4620  pred=true   gold=true  running‐acc=0.775
Locality eval: pred=true              gold=n/a  correct=False  running‐acc=0.689
[ 432/600] loss=0.2813  pred=       gold=true  running‐acc=0.773
Locality eval: pred=n/a               gold=n/a  correct=True  running‐acc=0.690
[ 433/600] loss=0.4282  pred=n/a    gold=true  running‐acc=0.771
Locality eval: pred=n/a               gold=n/a  correct=True  running‐acc=0.691
[ 434/600] loss=0.0155  pred=n/a    gold=n/a  running‐acc=0.772
Locality eval: pred=true              gold=true  correct=True  running‐acc=0.691
[ 435/600] loss=0.0065  pred=n/a    gold=n/a  running‐acc=0.772
Locality eval: pred=n/a               gold=true  correct=False  running‐acc=0.690
[ 436/600] loss=0.1539  pred=       gold=true  running‐acc=0.771
Locality eval: pred=n/a               gold=n/a  correct=True  running‐acc=0.690
[ 437/600] loss=0.2279  pred=true   gold=true  running‐acc=0.771
Locality eval: pred=n/a               gold=n/a  correct=True  running‐acc=0.691
[ 438/600] loss=0.0079  pred=n/a    gold=n/a  running‐acc=0.772
Locality eval: pred=true              gold=true  correct=True  running‐acc=0.692
[ 439/600] loss=0.0056  pred=n/a    gold=n/a  running‐acc=0.772
Locality eval: pred=n/a               gold=true  correct=False  running‐acc=0.690
[ 440/600] loss=0.1916  pred=       gold=true  running‐acc=0.770
Locality eval: pred=n/a               gold=n/a  correct=True  running‐acc=0.691
[ 441/600] loss=0.0331  pred=n/a    gold=n/a  running‐acc=0.771
Locality eval: pred=                  gold=true  correct=False  running‐acc=0.689
[ 442/600] loss=0.1236  pred=       gold=true  running‐acc=0.769
Locality eval: pred=n/a               gold=n/a  correct=True  running‐acc=0.690
[ 443/600] loss=0.4799  pred=n/a    gold=true  running‐acc=0.767
Locality eval: pred=n/a               gold=n/a  correct=True  running‐acc=0.691
[ 444/600] loss=0.2770  pred=       gold=true  running‐acc=0.766
Locality eval: pred=n/a               gold=n/a  correct=True  running‐acc=0.691
[ 445/600] loss=0.1847  pred=true   gold=true  running‐acc=0.766
Locality eval: pred=n/a               gold=n/a  correct=True  running‐acc=0.692
[ 446/600] loss=0.4564  pred=true   gold=true  running‐acc=0.767
Locality eval: pred=n/a               gold=n/a  correct=True  running‐acc=0.693
[ 447/600] loss=0.4097  pred=n/a    gold=true  running‐acc=0.765
Locality eval: pred=n/a               gold=n/a  correct=True  running‐acc=0.694
[ 448/600] loss=0.8884  pred=true   gold=true  running‐acc=0.766
Locality eval: pred=n/a               gold=n/a  correct=True  running‐acc=0.694
[ 449/600] loss=0.2233  pred=true   gold=true  running‐acc=0.766
Locality eval: pred=n/a               gold=n/a  correct=True  running‐acc=0.695
[ 450/600] loss=0.0085  pred=n/a    gold=n/a  running‐acc=0.767
Locality eval: pred=n/a               gold=true  correct=False  running‐acc=0.693
[ 451/600] loss=0.1701  pred=true   gold=true  running‐acc=0.767
Locality eval: pred=n/a               gold=n/a  correct=True  running‐acc=0.694
[ 452/600] loss=0.0383  pred=n/a    gold=n/a  running‐acc=0.768
Locality eval: pred=true              gold=true  correct=True  running‐acc=0.695
[ 453/600] loss=0.0370  pred=n/a    gold=n/a  running‐acc=0.768
Locality eval: pred=n/a               gold=true  correct=False  running‐acc=0.693
[ 454/600] loss=0.0068  pred=n/a    gold=n/a  running‐acc=0.769
Locality eval: pred=true              gold=true  correct=True  running‐acc=0.694
[ 455/600] loss=0.2976  pred=true   gold=true  running‐acc=0.769
Locality eval: pred=n/a               gold=n/a  correct=True  running‐acc=0.695
[ 456/600] loss=0.0186  pred=n/a    gold=n/a  running‐acc=0.770
Locality eval: pred=true              gold=true  correct=True  running‐acc=0.695
[ 457/600] loss=0.0175  pred=n/a    gold=n/a  running‐acc=0.770
Locality eval: pred=n/a               gold=true  correct=False  running‐acc=0.694
[ 458/600] loss=0.0059  pred=n/a    gold=n/a  running‐acc=0.771
Locality eval: pred=true              gold=true  correct=True  running‐acc=0.694
[ 459/600] loss=0.3012  pred=true   gold=true  running‐acc=0.771
Locality eval: pred=n/a               gold=n/a  correct=True  running‐acc=0.695
[ 460/600] loss=0.2872  pred=true   gold=true  running‐acc=0.772
Locality eval: pred=n/a               gold=n/a  correct=True  running‐acc=0.696
[ 461/600] loss=0.0055  pred=n/a    gold=n/a  running‐acc=0.772
Locality eval: pred=true              gold=true  correct=True  running‐acc=0.696
[ 462/600] loss=0.0050  pred=n/a    gold=n/a  running‐acc=0.773
Locality eval: pred=true              gold=true  correct=True  running‐acc=0.697
[ 463/600] loss=0.5963  pred=true   gold=true  running‐acc=0.773
Locality eval: pred=                  gold=n/a  correct=False  running‐acc=0.695
[ 464/600] loss=0.0733  pred=n/a    gold=n/a  running‐acc=0.774
Locality eval: pred=true              gold=true  correct=True  running‐acc=0.696
[ 465/600] loss=0.0377  pred=n/a    gold=n/a  running‐acc=0.774
Locality eval: pred=true              gold=true  correct=True  running‐acc=0.697
[ 466/600] loss=0.0085  pred=n/a    gold=n/a  running‐acc=0.775
Locality eval: pred=n/a               gold=true  correct=False  running‐acc=0.695
[ 467/600] loss=0.0258  pred=n/a    gold=n/a  running‐acc=0.775
Locality eval: pred=true              gold=true  correct=True  running‐acc=0.696
[ 468/600] loss=0.0416  pred=n/a    gold=n/a  running‐acc=0.776
Locality eval: pred=true              gold=true  correct=True  running‐acc=0.697
[ 469/600] loss=0.3782  pred=true   gold=true  running‐acc=0.776
Locality eval: pred=n/a               gold=n/a  correct=True  running‐acc=0.697
[ 470/600] loss=0.0512  pred=n/a    gold=n/a  running‐acc=0.777
Locality eval: pred=true              gold=true  correct=True  running‐acc=0.698
[ 471/600] loss=0.0273  pred=n/a    gold=n/a  running‐acc=0.777
Locality eval: pred=true              gold=true  correct=True  running‐acc=0.699
[ 472/600] loss=0.2045  pred=       gold=true  running‐acc=0.775
Locality eval: pred=n/a               gold=n/a  correct=True  running‐acc=0.699
[ 473/600] loss=0.0051  pred=n/a    gold=n/a  running‐acc=0.776
Locality eval: pred=true              gold=true  correct=True  running‐acc=0.700
[ 474/600] loss=0.1734  pred=n/a    gold=true  running‐acc=0.774
Locality eval: pred=n/a               gold=n/a  correct=True  running‐acc=0.700
[ 475/600] loss=0.0410  pred=false  gold=n/a  running‐acc=0.773
Locality eval: pred=n/a               gold=true  correct=False  running‐acc=0.699
[ 476/600] loss=0.2030  pred=true   gold=true  running‐acc=0.773
Locality eval: pred=n/a               gold=n/a  correct=True  running‐acc=0.700
[ 477/600] loss=0.0737  pred=n/a    gold=n/a  running‐acc=0.774
Locality eval: pred=                  gold=true  correct=False  running‐acc=0.698
[ 478/600] loss=0.1534  pred=n/a    gold=true  running‐acc=0.772
Locality eval: pred=n/a               gold=n/a  correct=True  running‐acc=0.699
[ 479/600] loss=0.0391  pred=n/a    gold=n/a  running‐acc=0.772
Locality eval: pred=n/a               gold=true  correct=False  running‐acc=0.697
[ 480/600] loss=0.0118  pred=n/a    gold=n/a  running‐acc=0.773
Locality eval: pred=true              gold=true  correct=True  running‐acc=0.698
[ 481/600] loss=0.0095  pred=n/a    gold=n/a  running‐acc=0.773
Locality eval: pred=                  gold=true  correct=False  running‐acc=0.696
[ 482/600] loss=0.1939  pred=true   gold=true  running‐acc=0.774
Locality eval: pred=n/a               gold=n/a  correct=True  running‐acc=0.697
[ 483/600] loss=0.0182  pred=n/a    gold=n/a  running‐acc=0.774
Locality eval: pred=true              gold=true  correct=True  running‐acc=0.698
[ 484/600] loss=0.1015  pred=n/a    gold=n/a  running‐acc=0.775
Locality eval: pred=n/a               gold=true  correct=False  running‐acc=0.696
[ 485/600] loss=0.0209  pred=n/a    gold=n/a  running‐acc=0.775
Locality eval: pred=                  gold=true  correct=False  running‐acc=0.695
[ 486/600] loss=0.0587  pred=n/a    gold=n/a  running‐acc=0.776
Locality eval: pred=                  gold=true  correct=False  running‐acc=0.693
[ 487/600] loss=0.0206  pred=n/a    gold=n/a  running‐acc=0.776
Locality eval: pred=true              gold=true  correct=True  running‐acc=0.694
[ 488/600] loss=0.0161  pred=n/a    gold=n/a  running‐acc=0.777
Locality eval: pred=                  gold=true  correct=False  running‐acc=0.693
[ 489/600] loss=0.0076  pred=n/a    gold=n/a  running‐acc=0.777
Locality eval: pred=n/a               gold=true  correct=False  running‐acc=0.691
[ 490/600] loss=0.0125  pred=false  gold=n/a  running‐acc=0.776
Locality eval: pred=true              gold=true  correct=True  running‐acc=0.692
[ 491/600] loss=0.0057  pred=n/a    gold=n/a  running‐acc=0.776
Locality eval: pred=true              gold=true  correct=True  running‐acc=0.692
[ 492/600] loss=0.1738  pred=true   gold=true  running‐acc=0.776
Locality eval: pred=n/a               gold=n/a  correct=True  running‐acc=0.693
[ 493/600] loss=0.0121  pred=n/a    gold=n/a  running‐acc=0.777
Locality eval: pred=true              gold=true  correct=True  running‐acc=0.694
[ 494/600] loss=0.0135  pred=n/a    gold=n/a  running‐acc=0.777
Locality eval: pred=true              gold=true  correct=True  running‐acc=0.694
[ 495/600] loss=0.0128  pred=n/a    gold=n/a  running‐acc=0.778
Locality eval: pred=n/a               gold=true  correct=False  running‐acc=0.693
[ 496/600] loss=0.0138  pred=n/a    gold=n/a  running‐acc=0.778
Locality eval: pred=n/a               gold=true  correct=False  running‐acc=0.692
[ 497/600] loss=0.0504  pred=true   gold=true  running‐acc=0.779
Locality eval: pred=true              gold=n/a  correct=False  running‐acc=0.690
[ 498/600] loss=0.0697  pred=true   gold=true  running‐acc=0.779
Locality eval: pred=n/a               gold=n/a  correct=True  running‐acc=0.691
[ 499/600] loss=0.0142  pred=n/a    gold=n/a  running‐acc=0.780
Locality eval: pred=n/a               gold=true  correct=False  running‐acc=0.689
[ 500/600] loss=0.0025  pred=n/a    gold=n/a  running‐acc=0.780
Locality eval: pred=true              gold=true  correct=True  running‐acc=0.690
[ 501/600] loss=0.0565  pred=n/a    gold=n/a  running‐acc=0.780
Locality eval: pred=n/a               gold=true  correct=False  running‐acc=0.689
[ 502/600] loss=0.0082  pred=n/a    gold=n/a  running‐acc=0.781
Locality eval: pred=true              gold=true  correct=True  running‐acc=0.689
[ 503/600] loss=0.2353  pred=true   gold=true  running‐acc=0.781
Locality eval: pred=n/a               gold=n/a  correct=True  running‐acc=0.690
[ 504/600] loss=0.1375  pred=true   gold=true  running‐acc=0.782
Locality eval: pred=n/a               gold=n/a  correct=True  running‐acc=0.690
[ 505/600] loss=0.3392  pred=true   gold=true  running‐acc=0.782
Locality eval: pred=true              gold=n/a  correct=False  running‐acc=0.689
[ 506/600] loss=0.0984  pred=       gold=true  running‐acc=0.781
Locality eval: pred=n/a               gold=n/a  correct=True  running‐acc=0.690
[ 507/600] loss=0.2087  pred=       gold=true  running‐acc=0.779
Locality eval: pred=n/a               gold=n/a  correct=True  running‐acc=0.690
[ 508/600] loss=0.2191  pred=true   gold=true  running‐acc=0.780
Locality eval: pred=true              gold=n/a  correct=False  running‐acc=0.689
[ 509/600] loss=0.2676  pred=true   gold=true  running‐acc=0.780
Locality eval: pred=n/a               gold=n/a  correct=True  running‐acc=0.690
[ 510/600] loss=0.1113  pred=true   gold=true  running‐acc=0.780
Locality eval: pred=n/a               gold=n/a  correct=True  running‐acc=0.690
[ 511/600] loss=0.0154  pred=n/a    gold=n/a  running‐acc=0.781
Locality eval: pred=n/a               gold=true  correct=False  running‐acc=0.689
[ 512/600] loss=0.2955  pred=true   gold=true  running‐acc=0.781
Locality eval: pred=n/a               gold=n/a  correct=True  running‐acc=0.689
[ 513/600] loss=0.0238  pred=n/a    gold=n/a  running‐acc=0.782
Locality eval: pred=                  gold=true  correct=False  running‐acc=0.688
[ 514/600] loss=0.1519  pred=true   gold=true  running‐acc=0.782
Locality eval: pred=n/a               gold=n/a  correct=True  running‐acc=0.689
[ 515/600] loss=0.0244  pred=n/a    gold=n/a  running‐acc=0.783
Locality eval: pred=                  gold=true  correct=False  running‐acc=0.687
[ 516/600] loss=0.0181  pred=n/a    gold=n/a  running‐acc=0.783
Locality eval: pred=                  gold=true  correct=False  running‐acc=0.686
[ 517/600] loss=0.0399  pred=n/a    gold=n/a  running‐acc=0.783
Locality eval: pred=true              gold=true  correct=True  running‐acc=0.687
[ 518/600] loss=0.0044  pred=n/a    gold=n/a  running‐acc=0.784
Locality eval: pred=                  gold=true  correct=False  running‐acc=0.685
[ 519/600] loss=0.1733  pred=true   gold=true  running‐acc=0.784
Locality eval: pred=n/a               gold=n/a  correct=True  running‐acc=0.686
[ 520/600] loss=0.1277  pred=true   gold=true  running‐acc=0.785
Locality eval: pred=n/a               gold=n/a  correct=True  running‐acc=0.687
[ 521/600] loss=0.2347  pred=true   gold=true  running‐acc=0.785
Locality eval: pred=n/a               gold=n/a  correct=True  running‐acc=0.687
[ 522/600] loss=0.2081  pred=true   gold=true  running‐acc=0.785
Locality eval: pred=n/a               gold=n/a  correct=True  running‐acc=0.688
[ 523/600] loss=0.0292  pred=n/a    gold=n/a  running‐acc=0.786
Locality eval: pred=n/a               gold=true  correct=False  running‐acc=0.686
[ 524/600] loss=0.0479  pred=true   gold=true  running‐acc=0.786
Locality eval: pred=n/a               gold=n/a  correct=True  running‐acc=0.687
[ 525/600] loss=0.2405  pred=true   gold=true  running‐acc=0.787
Locality eval: pred=n/a               gold=n/a  correct=True  running‐acc=0.688
[ 526/600] loss=0.1735  pred=true   gold=true  running‐acc=0.787
Locality eval: pred=n/a               gold=n/a  correct=True  running‐acc=0.688
[ 527/600] loss=0.0031  pred=n/a    gold=n/a  running‐acc=0.787
Locality eval: pred=n/a               gold=true  correct=False  running‐acc=0.687
[ 528/600] loss=0.2681  pred=true   gold=true  running‐acc=0.788
Locality eval: pred=n/a               gold=n/a  correct=True  running‐acc=0.688
[ 529/600] loss=0.0025  pred=n/a    gold=n/a  running‐acc=0.788
Locality eval: pred=true              gold=true  correct=True  running‐acc=0.688
[ 530/600] loss=0.5158  pred=true   gold=true  running‐acc=0.789
Locality eval: pred=                  gold=n/a  correct=False  running‐acc=0.687
[ 531/600] loss=0.0242  pred=n/a    gold=n/a  running‐acc=0.789
Locality eval: pred=n/a               gold=true  correct=False  running‐acc=0.685
[ 532/600] loss=0.3085  pred=true   gold=true  running‐acc=0.789
Locality eval: pred=n/a               gold=n/a  correct=True  running‐acc=0.686
[ 533/600] loss=0.0114  pred=n/a    gold=n/a  running‐acc=0.790
Locality eval: pred=n/a               gold=true  correct=False  running‐acc=0.685
[ 534/600] loss=0.2815  pred=true   gold=true  running‐acc=0.790
Locality eval: pred=n/a               gold=n/a  correct=True  running‐acc=0.685
[ 535/600] loss=0.1127  pred=n/a    gold=true  running‐acc=0.789
Locality eval: pred=n/a               gold=n/a  correct=True  running‐acc=0.686
[ 536/600] loss=0.3750  pred=n/a    gold=true  running‐acc=0.787
Locality eval: pred=n/a               gold=n/a  correct=True  running‐acc=0.687
[ 537/600] loss=0.0513  pred=n/a    gold=n/a  running‐acc=0.788
Locality eval: pred=n/a               gold=true  correct=False  running‐acc=0.685
[ 538/600] loss=0.3494  pred=       gold=true  running‐acc=0.786
Locality eval: pred=n/a               gold=n/a  correct=True  running‐acc=0.686
[ 539/600] loss=0.6520  pred=       gold=true  running‐acc=0.785
Locality eval: pred=n/a               gold=n/a  correct=True  running‐acc=0.686
[ 540/600] loss=0.0360  pred=true   gold=n/a  running‐acc=0.783
Locality eval: pred=                  gold=true  correct=False  running‐acc=0.685
[ 541/600] loss=0.0350  pred=n/a    gold=n/a  running‐acc=0.784
Locality eval: pred=                  gold=true  correct=False  running‐acc=0.684
[ 542/600] loss=0.0031  pred=n/a    gold=n/a  running‐acc=0.784
Locality eval: pred=n/a               gold=true  correct=False  running‐acc=0.683
[ 543/600] loss=0.0047  pred=n/a    gold=n/a  running‐acc=0.785
Locality eval: pred=true              gold=true  correct=True  running‐acc=0.683
[ 544/600] loss=0.0206  pred=       gold=n/a  running‐acc=0.783
Locality eval: pred=                  gold=true  correct=False  running‐acc=0.682
[ 545/600] loss=0.3004  pred=       gold=true  running‐acc=0.782
Locality eval: pred=n/a               gold=n/a  correct=True  running‐acc=0.683
[ 546/600] loss=0.0350  pred=n/a    gold=n/a  running‐acc=0.782
Locality eval: pred=true              gold=true  correct=True  running‐acc=0.683
[ 547/600] loss=0.2695  pred=true   gold=true  running‐acc=0.782
Locality eval: pred=n/a               gold=n/a  correct=True  running‐acc=0.684
[ 548/600] loss=0.1555  pred=true   gold=true  running‐acc=0.783
Locality eval: pred=n/a               gold=n/a  correct=True  running‐acc=0.684
[ 549/600] loss=0.0740  pred=n/a    gold=true  running‐acc=0.781
Locality eval: pred=n/a               gold=n/a  correct=True  running‐acc=0.685
[ 550/600] loss=0.0160  pred=n/a    gold=n/a  running‐acc=0.782
Locality eval: pred=true              gold=true  correct=True  running‐acc=0.685
[ 551/600] loss=0.2009  pred=true   gold=true  running‐acc=0.782
Locality eval: pred=n/a               gold=n/a  correct=True  running‐acc=0.686
[ 552/600] loss=0.0528  pred=n/a    gold=n/a  running‐acc=0.783
Locality eval: pred=true              gold=true  correct=True  running‐acc=0.687
[ 553/600] loss=0.0161  pred=n/a    gold=n/a  running‐acc=0.783
Locality eval: pred=true              gold=true  correct=True  running‐acc=0.687
[ 554/600] loss=0.0884  pred=true   gold=true  running‐acc=0.783
Locality eval: pred=n/a               gold=n/a  correct=True  running‐acc=0.688
[ 555/600] loss=0.0123  pred=n/a    gold=n/a  running‐acc=0.784
Locality eval: pred=n/a               gold=true  correct=False  running‐acc=0.686
[ 556/600] loss=0.0014  pred=n/a    gold=n/a  running‐acc=0.784
Locality eval: pred=true              gold=true  correct=True  running‐acc=0.687
[ 557/600] loss=0.0128  pred=n/a    gold=n/a  running‐acc=0.785
Locality eval: pred=n/a               gold=true  correct=False  running‐acc=0.686
[ 558/600] loss=0.3143  pred=true   gold=true  running‐acc=0.785
Locality eval: pred=n/a               gold=n/a  correct=True  running‐acc=0.686
[ 559/600] loss=0.2666  pred=true   gold=true  running‐acc=0.785
Locality eval: pred=n/a               gold=n/a  correct=True  running‐acc=0.687
[ 560/600] loss=0.0071  pred=n/a    gold=n/a  running‐acc=0.786
Locality eval: pred=true              gold=true  correct=True  running‐acc=0.688
[ 561/600] loss=0.0860  pred=true   gold=true  running‐acc=0.786
Locality eval: pred=n/a               gold=n/a  correct=True  running‐acc=0.688
[ 562/600] loss=0.3888  pred=true   gold=true  running‐acc=0.786
Locality eval: pred=n/a               gold=n/a  correct=True  running‐acc=0.689
[ 563/600] loss=0.0501  pred=n/a    gold=n/a  running‐acc=0.787
Locality eval: pred=n/a               gold=true  correct=False  running‐acc=0.687
[ 564/600] loss=0.2116  pred=n/a    gold=true  running‐acc=0.785
Locality eval: pred=true              gold=n/a  correct=False  running‐acc=0.686
[ 565/600] loss=0.0364  pred=n/a    gold=n/a  running‐acc=0.786
Locality eval: pred=true              gold=true  correct=True  running‐acc=0.687
[ 566/600] loss=0.0761  pred=n/a    gold=true  running‐acc=0.784
Locality eval: pred=n/a               gold=n/a  correct=True  running‐acc=0.687
[ 567/600] loss=0.2189  pred=true   gold=true  running‐acc=0.785
Locality eval: pred=n/a               gold=n/a  correct=True  running‐acc=0.688
[ 568/600] loss=0.0325  pred=n/a    gold=n/a  running‐acc=0.785
Locality eval: pred=                  gold=true  correct=False  running‐acc=0.687
[ 569/600] loss=0.1154  pred=true   gold=true  running‐acc=0.786
Locality eval: pred=n/a               gold=n/a  correct=True  running‐acc=0.687
[ 570/600] loss=0.3153  pred=true   gold=true  running‐acc=0.786
Locality eval: pred=n/a               gold=n/a  correct=True  running‐acc=0.688
[ 571/600] loss=0.1302  pred=       gold=true  running‐acc=0.785
Locality eval: pred=n/a               gold=n/a  correct=True  running‐acc=0.688
[ 572/600] loss=0.1161  pred=       gold=true  running‐acc=0.783
Locality eval: pred=n/a               gold=n/a  correct=True  running‐acc=0.689
[ 573/600] loss=0.3901  pred=       gold=true  running‐acc=0.782
Locality eval: pred=n/a               gold=n/a  correct=True  running‐acc=0.689
[ 574/600] loss=0.5396  pred=true   gold=true  running‐acc=0.782
Locality eval: pred=true              gold=n/a  correct=False  running‐acc=0.688
[ 575/600] loss=0.3165  pred=true   gold=true  running‐acc=0.783
Locality eval: pred=n/a               gold=n/a  correct=True  running‐acc=0.689
[ 576/600] loss=0.1461  pred=true   gold=true  running‐acc=0.783
Locality eval: pred=n/a               gold=n/a  correct=True  running‐acc=0.689
[ 577/600] loss=0.1597  pred=n/a    gold=true  running‐acc=0.782
Locality eval: pred=n/a               gold=n/a  correct=True  running‐acc=0.690
[ 578/600] loss=0.0145  pred=n/a    gold=n/a  running‐acc=0.782
Locality eval: pred=                  gold=true  correct=False  running‐acc=0.689
[ 579/600] loss=0.3084  pred=n/a    gold=true  running‐acc=0.781
Locality eval: pred=n/a               gold=n/a  correct=True  running‐acc=0.689
[ 580/600] loss=0.0256  pred=n/a    gold=n/a  running‐acc=0.781
Locality eval: pred=true              gold=true  correct=True  running‐acc=0.690
[ 581/600] loss=0.0492  pred=n/a    gold=n/a  running‐acc=0.781
Locality eval: pred=true              gold=true  correct=True  running‐acc=0.690
[ 582/600] loss=0.0200  pred=n/a    gold=n/a  running‐acc=0.782
Locality eval: pred=true              gold=true  correct=True  running‐acc=0.691
[ 583/600] loss=0.0391  pred=n/a    gold=n/a  running‐acc=0.782
Locality eval: pred=true              gold=true  correct=True  running‐acc=0.691
[ 584/600] loss=0.0088  pred=n/a    gold=n/a  running‐acc=0.783
Locality eval: pred=n/a               gold=true  correct=False  running‐acc=0.690
[ 585/600] loss=0.0098  pred=false  gold=n/a  running‐acc=0.781
Locality eval: pred=true              gold=true  correct=True  running‐acc=0.691
[ 586/600] loss=0.0054  pred=n/a    gold=n/a  running‐acc=0.782
Locality eval: pred=true              gold=true  correct=True  running‐acc=0.691
[ 587/600] loss=0.1810  pred=true   gold=true  running‐acc=0.782
Locality eval: pred=n/a               gold=n/a  correct=True  running‐acc=0.692
[ 588/600] loss=0.0553  pred=n/a    gold=true  running‐acc=0.781
Locality eval: pred=n/a               gold=n/a  correct=True  running‐acc=0.692
[ 589/600] loss=0.1188  pred=n/a    gold=true  running‐acc=0.779
Locality eval: pred=n/a               gold=n/a  correct=True  running‐acc=0.693
[ 590/600] loss=0.2289  pred=true   gold=true  running‐acc=0.780
Locality eval: pred=n/a               gold=n/a  correct=True  running‐acc=0.693
[ 591/600] loss=0.3596  pred=true   gold=true  running‐acc=0.780
Locality eval: pred=n/a               gold=n/a  correct=True  running‐acc=0.694
[ 592/600] loss=0.0174  pred=n/a    gold=n/a  running‐acc=0.780
Locality eval: pred=true              gold=true  correct=True  running‐acc=0.694
[ 593/600] loss=0.6408  pred=true   gold=true  running‐acc=0.781
Locality eval: pred=n/a               gold=n/a  correct=True  running‐acc=0.695
[ 594/600] loss=0.0516  pred=n/a    gold=n/a  running‐acc=0.781
Locality eval: pred=true              gold=true  correct=True  running‐acc=0.695
[ 595/600] loss=0.2340  pred=n/a    gold=true  running‐acc=0.780
Locality eval: pred=n/a               gold=n/a  correct=True  running‐acc=0.696
[ 596/600] loss=0.0112  pred=n/a    gold=n/a  running‐acc=0.780
Locality eval: pred=true              gold=true  correct=True  running‐acc=0.696
[ 597/600] loss=0.0445  pred=n/a    gold=n/a  running‐acc=0.781
Locality eval: pred=true              gold=true  correct=True  running‐acc=0.697
[ 598/600] loss=0.1338  pred=n/a    gold=true  running‐acc=0.779
Locality eval: pred=n/a               gold=n/a  correct=True  running‐acc=0.697
[ 599/600] loss=0.1342  pred=true   gold=true  running‐acc=0.780
Locality eval: pred=n/a               gold=n/a  correct=True  running‐acc=0.698
[ 600/600] loss=0.1119  pred=       gold=n/a  running‐acc=0.778
Locality eval: pred=                  gold=true  correct=False  running‐acc=0.697

Finished in 967.3s.  Final accuracy: 0.778.

