
Loading base model (4‐bit)…
Loading checkpoint shards:   0%|          | 0/2 [00:00<?, ?it/s]Loading checkpoint shards:  50%|█████     | 1/2 [00:07<00:07,  7.32s/it]Loading checkpoint shards: 100%|██████████| 2/2 [00:07<00:00,  3.68s/it]
trainable params: 1,843,200 || all params: 2,508,015,616 || trainable%: 0.0735
  0%|          | 0/600 [00:00<?, ?it/s]100%|██████████| 600/600 [00:00<00:00, 28791.87it/s]
Loaded 600 (train, eval) pairs.

Starting sequential training…
Cached 72 LoRA tensors.
[   1/600] loss=3.9693  pred=true   gold=true  running‐acc=1.000
Locality eval: pred=n/a               gold=n/a  correct=True  running‐acc=1.000
[   2/600] loss=4.0534  pred=true   gold=true  running‐acc=1.000
Locality eval: pred=n/a               gold=n/a  correct=True  running‐acc=1.000
[   3/600] loss=3.7589  pred=true   gold=true  running‐acc=1.000
Locality eval: pred=n/a               gold=n/a  correct=True  running‐acc=1.000
[   4/600] loss=3.6563  pred=true   gold=true  running‐acc=1.000
Locality eval: pred=n/a               gold=n/a  correct=True  running‐acc=1.000
[   5/600] loss=4.2683  pred=true   gold=true  running‐acc=1.000
Locality eval: pred=n/a               gold=n/a  correct=True  running‐acc=1.000
[   6/600] loss=4.0852  pred=false  gold=true  running‐acc=0.833
Locality eval: pred=true              gold=n/a  correct=False  running‐acc=0.833
[   7/600] loss=3.1534  pred=true   gold=n/a  running‐acc=0.714
Locality eval: pred=true              gold=true  correct=True  running‐acc=0.857
[   8/600] loss=3.2162  pred=n/a    gold=n/a  running‐acc=0.750
Locality eval: pred=true              gold=true  correct=True  running‐acc=0.875
[   9/600] loss=4.2598  pred=true.  gold=true  running‐acc=0.778
Locality eval: pred=n/a               gold=n/a  correct=True  running‐acc=0.889
[  10/600] loss=4.4870  pred=true   gold=true  running‐acc=0.800
Locality eval: pred=n/a               gold=n/a  correct=True  running‐acc=0.900
[  11/600] loss=4.1135  pred=true   gold=true  running‐acc=0.818
Locality eval: pred=n/a               gold=n/a  correct=True  running‐acc=0.909
[  12/600] loss=3.6061  pred=true   gold=true  running‐acc=0.833
Locality eval: pred=n/a               gold=n/a  correct=True  running‐acc=0.917
[  13/600] loss=3.1592  pred=true   gold=n/a  running‐acc=0.769
Locality eval: pred=n/a               gold=true  correct=False  running‐acc=0.846
[  14/600] loss=2.9571  pred=n/a    gold=n/a  running‐acc=0.786
Locality eval: pred=true              gold=true  correct=True  running‐acc=0.857
[  15/600] loss=3.6501  pred=true   gold=true  running‐acc=0.800
Locality eval: pred=n/a               gold=n/a  correct=True  running‐acc=0.867
[  16/600] loss=3.2946  pred=false  gold=n/a  running‐acc=0.750
Locality eval: pred=true              gold=true  correct=True  running‐acc=0.875
[  17/600] loss=3.1184  pred=false  gold=n/a  running‐acc=0.706
Locality eval: pred=true              gold=true  correct=True  running‐acc=0.882
[  18/600] loss=3.7420  pred=true   gold=true  running‐acc=0.722
Locality eval: pred=n/a               gold=n/a  correct=True  running‐acc=0.889
[  19/600] loss=4.5806  pred=true   gold=true  running‐acc=0.737
Locality eval: pred=n/a               gold=n/a  correct=True  running‐acc=0.895
[  20/600] loss=3.1078  pred=false.  gold=n/a  running‐acc=0.700
Locality eval: pred=true              gold=true  correct=True  running‐acc=0.900
[  21/600] loss=2.9583  pred=n/a    gold=n/a  running‐acc=0.714
Locality eval: pred=true.             gold=true  correct=True  running‐acc=0.905
[  22/600] loss=3.1548  pred=n/a    gold=n/a  running‐acc=0.727
Locality eval: pred=true              gold=true  correct=True  running‐acc=0.909
[  23/600] loss=2.9239  pred=true   gold=n/a  running‐acc=0.696
Locality eval: pred=true              gold=true  correct=True  running‐acc=0.913
[  24/600] loss=3.0568  pred=true   gold=n/a  running‐acc=0.667
Locality eval: pred=true              gold=true  correct=True  running‐acc=0.917
[  25/600] loss=4.4384  pred=true   gold=true  running‐acc=0.680
Locality eval: pred=n/a               gold=n/a  correct=True  running‐acc=0.920
[  26/600] loss=2.7271  pred=n/a    gold=n/a  running‐acc=0.692
Locality eval: pred=true              gold=true  correct=True  running‐acc=0.923
[  27/600] loss=3.0492  pred=true   gold=n/a  running‐acc=0.667
Locality eval: pred=true              gold=true  correct=True  running‐acc=0.926
[  28/600] loss=2.9473  pred=false  gold=n/a  running‐acc=0.643
Locality eval: pred=true              gold=true  correct=True  running‐acc=0.929
[  29/600] loss=3.5211  pred=n/a    gold=n/a  running‐acc=0.655
Locality eval: pred=true              gold=true  correct=True  running‐acc=0.931
[  30/600] loss=3.1054  pred=true   gold=n/a  running‐acc=0.633
Locality eval: pred=true              gold=true  correct=True  running‐acc=0.933
[  31/600] loss=4.0396  pred=true   gold=true  running‐acc=0.645
Locality eval: pred=n/a               gold=n/a  correct=True  running‐acc=0.935
[  32/600] loss=2.8359  pred=n/a    gold=n/a  running‐acc=0.656
Locality eval: pred=true              gold=true  correct=True  running‐acc=0.938
[  33/600] loss=3.1029  pred=n/a    gold=n/a  running‐acc=0.667
Locality eval: pred=true              gold=true  correct=True  running‐acc=0.939
[  34/600] loss=2.8972  pred=true   gold=n/a  running‐acc=0.647
Locality eval: pred=true              gold=true  correct=True  running‐acc=0.941
[  35/600] loss=3.6339  pred=true   gold=true  running‐acc=0.657
Locality eval: pred=n/a               gold=n/a  correct=True  running‐acc=0.943
[  36/600] loss=3.1635  pred=n/a    gold=n/a  running‐acc=0.667
Locality eval: pred=true              gold=true  correct=True  running‐acc=0.944
[  37/600] loss=4.0869  pred=true   gold=true  running‐acc=0.676
Locality eval: pred=n/a               gold=n/a  correct=True  running‐acc=0.946
[  38/600] loss=4.0157  pred=n/a    gold=n/a  running‐acc=0.684
Locality eval: pred=true              gold=true  correct=True  running‐acc=0.947
[  39/600] loss=6.3571  pred=true   gold=true  running‐acc=0.692
Locality eval: pred=n/a               gold=n/a  correct=True  running‐acc=0.949
[  40/600] loss=4.1319  pred=true   gold=true  running‐acc=0.700
Locality eval: pred=n/a               gold=n/a  correct=True  running‐acc=0.950
[  41/600] loss=4.8420  pred=true   gold=true  running‐acc=0.707
Locality eval: pred=n/a               gold=n/a  correct=True  running‐acc=0.951
[  42/600] loss=2.8290  pred=false.  gold=n/a  running‐acc=0.690
Locality eval: pred=true              gold=true  correct=True  running‐acc=0.952
[  43/600] loss=4.5237  pred=true   gold=true  running‐acc=0.698
Locality eval: pred=true              gold=n/a  correct=False  running‐acc=0.930
[  44/600] loss=2.9743  pred=n/a    gold=n/a  running‐acc=0.705
Locality eval: pred=true              gold=true  correct=True  running‐acc=0.932
[  45/600] loss=3.2263  pred=true.  gold=n/a  running‐acc=0.689
Locality eval: pred=true              gold=true  correct=True  running‐acc=0.933
[  46/600] loss=4.8166  pred=true   gold=true  running‐acc=0.696
Locality eval: pred=n/a               gold=n/a  correct=True  running‐acc=0.935
[  47/600] loss=4.2846  pred=n/a    gold=true  running‐acc=0.681
Locality eval: pred=true              gold=n/a  correct=False  running‐acc=0.915
[  48/600] loss=3.2048  pred=n/a    gold=n/a  running‐acc=0.688
Locality eval: pred=true.             gold=true  correct=True  running‐acc=0.917
[  49/600] loss=4.1267  pred=n/a    gold=true  running‐acc=0.673
Locality eval: pred=n/a               gold=n/a  correct=True  running‐acc=0.918
[  50/600] loss=2.7133  pred=n/a    gold=n/a  running‐acc=0.680
Locality eval: pred=true              gold=true  correct=True  running‐acc=0.920
[  51/600] loss=4.3072  pred=true   gold=true  running‐acc=0.686
Locality eval: pred=n/a               gold=n/a  correct=True  running‐acc=0.922
[  52/600] loss=4.4054  pred=true   gold=true  running‐acc=0.692
Locality eval: pred=n/a               gold=n/a  correct=True  running‐acc=0.923
[  53/600] loss=3.1056  pred=n/a    gold=n/a  running‐acc=0.698
Locality eval: pred=true              gold=true  correct=True  running‐acc=0.925
[  54/600] loss=3.7748  pred=true   gold=true  running‐acc=0.704
Locality eval: pred=n/a               gold=n/a  correct=True  running‐acc=0.926
[  55/600] loss=3.7075  pred=n/a    gold=n/a  running‐acc=0.709
Locality eval: pred=true              gold=true  correct=True  running‐acc=0.927
[  56/600] loss=3.0534  pred=true   gold=n/a  running‐acc=0.696
Locality eval: pred=true              gold=true  correct=True  running‐acc=0.929
[  57/600] loss=3.3541  pred=true   gold=true  running‐acc=0.702
Locality eval: pred=n/a               gold=n/a  correct=True  running‐acc=0.930
[  58/600] loss=3.5277  pred=true.  gold=true  running‐acc=0.707
Locality eval: pred=n/a               gold=n/a  correct=True  running‐acc=0.931
[  59/600] loss=3.9537  pred=true   gold=true  running‐acc=0.712
Locality eval: pred=n/a               gold=n/a  correct=True  running‐acc=0.932
[  60/600] loss=3.9564  pred=n/a    gold=true  running‐acc=0.700
Locality eval: pred=n/a               gold=n/a  correct=True  running‐acc=0.933
[  61/600] loss=4.4833  pred=n/a    gold=true  running‐acc=0.689
Locality eval: pred=n/a               gold=n/a  correct=True  running‐acc=0.934
[  62/600] loss=4.5914  pred=false  gold=true  running‐acc=0.677
Locality eval: pred=n/a               gold=n/a  correct=True  running‐acc=0.935
[  63/600] loss=3.4029  pred=n/a    gold=n/a  running‐acc=0.683
Locality eval: pred=n/a               gold=true  correct=False  running‐acc=0.921
[  64/600] loss=2.7440  pred=true   gold=n/a  running‐acc=0.672
Locality eval: pred=true              gold=true  correct=True  running‐acc=0.922
[  65/600] loss=3.6463  pred=true   gold=n/a  running‐acc=0.662
Locality eval: pred=true              gold=true  correct=True  running‐acc=0.923
[  66/600] loss=3.8935  pred=true   gold=true  running‐acc=0.667
Locality eval: pred=n/a               gold=n/a  correct=True  running‐acc=0.924
[  67/600] loss=3.2946  pred=true   gold=true  running‐acc=0.672
Locality eval: pred=n/a               gold=n/a  correct=True  running‐acc=0.925
[  68/600] loss=3.6553  pred=true   gold=true  running‐acc=0.676
Locality eval: pred=n/a               gold=n/a  correct=True  running‐acc=0.926
[  69/600] loss=2.9937  pred=n/a    gold=n/a  running‐acc=0.681
Locality eval: pred=true              gold=true  correct=True  running‐acc=0.928
[  70/600] loss=3.9943  pred=n/a    gold=n/a  running‐acc=0.686
Locality eval: pred=true              gold=true  correct=True  running‐acc=0.929
[  71/600] loss=3.5547  pred=true   gold=n/a  running‐acc=0.676
Locality eval: pred=true              gold=true  correct=True  running‐acc=0.930
[  72/600] loss=3.2641  pred=true   gold=n/a  running‐acc=0.667
Locality eval: pred=true              gold=true  correct=True  running‐acc=0.931
[  73/600] loss=4.3613  pred=true   gold=true  running‐acc=0.671
Locality eval: pred=n/a.              gold=n/a  correct=True  running‐acc=0.932
[  74/600] loss=3.0877  pred=n/a    gold=n/a  running‐acc=0.676
Locality eval: pred=true              gold=true  correct=True  running‐acc=0.932
[  75/600] loss=3.1089  pred=true   gold=n/a  running‐acc=0.667
Locality eval: pred=true.             gold=true  correct=True  running‐acc=0.933
[  76/600] loss=5.2100  pred=true   gold=true  running‐acc=0.671
Locality eval: pred=n/a               gold=n/a  correct=True  running‐acc=0.934
[  77/600] loss=4.4339  pred=true   gold=true  running‐acc=0.675
Locality eval: pred=n/a               gold=n/a  correct=True  running‐acc=0.935
[  78/600] loss=3.0749  pred=n/a    gold=n/a  running‐acc=0.679
Locality eval: pred=true              gold=true  correct=True  running‐acc=0.936
[  79/600] loss=4.5874  pred=true   gold=true  running‐acc=0.684
Locality eval: pred=n/a               gold=n/a  correct=True  running‐acc=0.937
[  80/600] loss=3.0076  pred=false  gold=n/a  running‐acc=0.675
Locality eval: pred=true              gold=true  correct=True  running‐acc=0.938
[  81/600] loss=3.2794  pred=n/a    gold=n/a  running‐acc=0.679
Locality eval: pred=true              gold=true  correct=True  running‐acc=0.938
[  82/600] loss=4.2846  pred=true   gold=true  running‐acc=0.683
Locality eval: pred=n/a               gold=n/a  correct=True  running‐acc=0.939
[  83/600] loss=3.2553  pred=false  gold=n/a  running‐acc=0.675
Locality eval: pred=true              gold=true  correct=True  running‐acc=0.940
[  84/600] loss=4.3153  pred=true   gold=true  running‐acc=0.679
Locality eval: pred=n/a               gold=n/a  correct=True  running‐acc=0.940
[  85/600] loss=3.3195  pred=n/a    gold=n/a  running‐acc=0.682
Locality eval: pred=true              gold=true  correct=True  running‐acc=0.941
[  86/600] loss=3.0864  pred=n/a    gold=n/a  running‐acc=0.686
Locality eval: pred=true              gold=true  correct=True  running‐acc=0.942
[  87/600] loss=3.0319  pred=n/a    gold=n/a  running‐acc=0.690
Locality eval: pred=true              gold=true  correct=True  running‐acc=0.943
[  88/600] loss=4.3782  pred=true   gold=true  running‐acc=0.693
Locality eval: pred=n/a               gold=n/a  correct=True  running‐acc=0.943
[  89/600] loss=3.7392  pred=true   gold=true  running‐acc=0.697
Locality eval: pred=n/a               gold=n/a  correct=True  running‐acc=0.944
[  90/600] loss=3.0223  pred=n/a    gold=n/a  running‐acc=0.700
Locality eval: pred=true              gold=true  correct=True  running‐acc=0.944
[  91/600] loss=2.6400  pred=n/a    gold=n/a  running‐acc=0.703
Locality eval: pred=true              gold=true  correct=True  running‐acc=0.945
[  92/600] loss=3.0300  pred=true   gold=true  running‐acc=0.707
Locality eval: pred=                  gold=n/a  correct=False  running‐acc=0.935
[  93/600] loss=3.1403  pred=true   gold=n/a  running‐acc=0.699
Locality eval: pred=true              gold=true  correct=True  running‐acc=0.935
[  94/600] loss=2.6956  pred=       gold=n/a  running‐acc=0.691
Locality eval: pred=true              gold=true  correct=True  running‐acc=0.936
[  95/600] loss=3.6443  pred=true   gold=true  running‐acc=0.695
Locality eval: pred=n/a               gold=n/a  correct=True  running‐acc=0.937
[  96/600] loss=3.2906  pred=false  gold=n/a  running‐acc=0.688
Locality eval: pred=true              gold=true  correct=True  running‐acc=0.938
[  97/600] loss=2.7435  pred=n/a    gold=n/a  running‐acc=0.691
Locality eval: pred=true              gold=true  correct=True  running‐acc=0.938
[  98/600] loss=2.9889  pred=false  gold=n/a  running‐acc=0.684
Locality eval: pred=true              gold=true  correct=True  running‐acc=0.939
[  99/600] loss=3.3707  pred=true   gold=true  running‐acc=0.687
Locality eval: pred=n/a               gold=n/a  correct=True  running‐acc=0.939
[ 100/600] loss=3.6541  pred=true   gold=true  running‐acc=0.690
Locality eval: pred=n/a               gold=n/a  correct=True  running‐acc=0.940
[ 101/600] loss=2.8993  pred=n/a    gold=n/a  running‐acc=0.693
Locality eval: pred=true              gold=true  correct=True  running‐acc=0.941
[ 102/600] loss=3.9210  pred=n/a    gold=true  running‐acc=0.686
Locality eval: pred=n/a               gold=n/a  correct=True  running‐acc=0.941
[ 103/600] loss=3.4773  pred=n/a    gold=n/a  running‐acc=0.689
Locality eval: pred=n/a               gold=true  correct=False  running‐acc=0.932
[ 104/600] loss=3.7268  pred=true   gold=true  running‐acc=0.692
Locality eval: pred=n/a               gold=n/a  correct=True  running‐acc=0.933
[ 105/600] loss=4.3003  pred=n/a    gold=true  running‐acc=0.686
Locality eval: pred=n/a               gold=n/a  correct=True  running‐acc=0.933
[ 106/600] loss=4.3601  pred=false  gold=true  running‐acc=0.679
Locality eval: pred=n/a               gold=n/a  correct=True  running‐acc=0.934
[ 107/600] loss=4.1198  pred=n/a    gold=true  running‐acc=0.673
Locality eval: pred=n/a               gold=n/a  correct=True  running‐acc=0.935
[ 108/600] loss=3.5004  pred=       gold=true  running‐acc=0.667
Locality eval: pred=n/a               gold=n/a  correct=True  running‐acc=0.935
[ 109/600] loss=4.3365  pred=true   gold=true  running‐acc=0.670
Locality eval: pred=n/a               gold=n/a  correct=True  running‐acc=0.936
[ 110/600] loss=4.2587  pred=n/a    gold=true  running‐acc=0.664
Locality eval: pred=n/a               gold=n/a  correct=True  running‐acc=0.936
[ 111/600] loss=3.0678  pred=n/a    gold=true  running‐acc=0.658
Locality eval: pred=n/a               gold=n/a  correct=True  running‐acc=0.937
[ 112/600] loss=3.7489  pred=true   gold=true  running‐acc=0.661
Locality eval: pred=n/a               gold=n/a  correct=True  running‐acc=0.938
[ 113/600] loss=2.8950  pred=n/a    gold=n/a  running‐acc=0.664
Locality eval: pred=true              gold=true  correct=True  running‐acc=0.938
[ 114/600] loss=3.6549  pred=true   gold=n/a  running‐acc=0.658
Locality eval: pred=true              gold=true  correct=True  running‐acc=0.939
[ 115/600] loss=3.0724  pred=false  gold=n/a  running‐acc=0.652
Locality eval: pred=true              gold=true  correct=True  running‐acc=0.939
[ 116/600] loss=3.7392  pred=true   gold=true  running‐acc=0.655
Locality eval: pred=n/a               gold=n/a  correct=True  running‐acc=0.940
[ 117/600] loss=3.6467  pred=true   gold=n/a  running‐acc=0.650
Locality eval: pred=true              gold=true  correct=True  running‐acc=0.940
[ 118/600] loss=3.1158  pred=true   gold=n/a  running‐acc=0.644
Locality eval: pred=true              gold=true  correct=True  running‐acc=0.941
[ 119/600] loss=2.9877  pred=true   gold=n/a  running‐acc=0.639
Locality eval: pred=true              gold=true  correct=True  running‐acc=0.941
[ 120/600] loss=3.5384  pred=n/a    gold=n/a  running‐acc=0.642
Locality eval: pred=true              gold=true  correct=True  running‐acc=0.942
[ 121/600] loss=4.2664  pred=n/a    gold=true  running‐acc=0.636
Locality eval: pred=n/a               gold=n/a  correct=True  running‐acc=0.942
[ 122/600] loss=4.4483  pred=n/a    gold=true  running‐acc=0.631
Locality eval: pred=n/a               gold=n/a  correct=True  running‐acc=0.943
[ 123/600] loss=3.3648  pred=false  gold=n/a  running‐acc=0.626
Locality eval: pred=true              gold=true  correct=True  running‐acc=0.943
[ 124/600] loss=3.0275  pred=n/a.   gold=n/a  running‐acc=0.629
Locality eval: pred=true              gold=true  correct=True  running‐acc=0.944
[ 125/600] loss=3.3110  pred=true   gold=n/a  running‐acc=0.624
Locality eval: pred=true              gold=true  correct=True  running‐acc=0.944
[ 126/600] loss=4.1684  pred=true   gold=true  running‐acc=0.627
Locality eval: pred=n/a               gold=n/a  correct=True  running‐acc=0.944
[ 127/600] loss=4.3015  pred=true   gold=true  running‐acc=0.630
Locality eval: pred=n/a               gold=n/a  correct=True  running‐acc=0.945
[ 128/600] loss=3.0282  pred=true   gold=n/a  running‐acc=0.625
Locality eval: pred=true              gold=true  correct=True  running‐acc=0.945
[ 129/600] loss=3.4315  pred=n/a    gold=true  running‐acc=0.620
Locality eval: pred=n/a               gold=n/a  correct=True  running‐acc=0.946
[ 130/600] loss=3.5125  pred=n/a    gold=n/a  running‐acc=0.623
Locality eval: pred=true              gold=true  correct=True  running‐acc=0.946
[ 131/600] loss=5.2962  pred=true   gold=true  running‐acc=0.626
Locality eval: pred=n/a               gold=n/a  correct=True  running‐acc=0.947
[ 132/600] loss=3.2215  pred=n/a    gold=n/a  running‐acc=0.629
Locality eval: pred=true.             gold=true  correct=True  running‐acc=0.947
[ 133/600] loss=3.5134  pred=false  gold=n/a  running‐acc=0.624
Locality eval: pred=true              gold=true  correct=True  running‐acc=0.947
[ 134/600] loss=3.2990  pred=true   gold=true  running‐acc=0.627
Locality eval: pred=n/a               gold=n/a  correct=True  running‐acc=0.948
[ 135/600] loss=4.1476  pred=true   gold=true  running‐acc=0.630
Locality eval: pred=n/a               gold=n/a  correct=True  running‐acc=0.948
[ 136/600] loss=3.0623  pred=n/a    gold=n/a  running‐acc=0.632
Locality eval: pred=true              gold=true  correct=True  running‐acc=0.949
[ 137/600] loss=4.1231  pred=true   gold=true  running‐acc=0.635
Locality eval: pred=n/a               gold=n/a  correct=True  running‐acc=0.949
[ 138/600] loss=4.5292  pred=true   gold=true  running‐acc=0.638
Locality eval: pred=n/a               gold=n/a  correct=True  running‐acc=0.949
[ 139/600] loss=3.4216  pred=n/a    gold=n/a  running‐acc=0.640
Locality eval: pred=true              gold=true  correct=True  running‐acc=0.950
[ 140/600] loss=3.0532  pred=n/a    gold=n/a  running‐acc=0.643
Locality eval: pred=true              gold=true  correct=True  running‐acc=0.950
[ 141/600] loss=3.2866  pred=n/a    gold=n/a  running‐acc=0.645
Locality eval: pred=true              gold=true  correct=True  running‐acc=0.950
[ 142/600] loss=3.2355  pred=n/a    gold=n/a  running‐acc=0.648
Locality eval: pred=n/a               gold=true  correct=False  running‐acc=0.944
[ 143/600] loss=3.0353  pred=true   gold=true  running‐acc=0.650
Locality eval: pred=n/a               gold=n/a  correct=True  running‐acc=0.944
[ 144/600] loss=3.2554  pred=true   gold=true  running‐acc=0.653
Locality eval: pred=n/a               gold=n/a  correct=True  running‐acc=0.944
[ 145/600] loss=4.2693  pred=true.  gold=true  running‐acc=0.655
Locality eval: pred=n/a               gold=n/a  correct=True  running‐acc=0.945
[ 146/600] loss=4.4670  pred=n/a    gold=true  running‐acc=0.651
Locality eval: pred=true              gold=n/a  correct=False  running‐acc=0.938
[ 147/600] loss=3.1251  pred=true   gold=n/a  running‐acc=0.646
Locality eval: pred=true.             gold=true  correct=True  running‐acc=0.939
[ 148/600] loss=4.0771  pred=true   gold=true  running‐acc=0.649
Locality eval: pred=n/a               gold=n/a  correct=True  running‐acc=0.939
[ 149/600] loss=3.0172  pred=true   gold=n/a  running‐acc=0.644
Locality eval: pred=true              gold=true  correct=True  running‐acc=0.940
[ 150/600] loss=2.7590  pred=n/a    gold=n/a  running‐acc=0.647
Locality eval: pred=true              gold=true  correct=True  running‐acc=0.940
[ 151/600] loss=3.1026  pred=true   gold=true  running‐acc=0.649
Locality eval: pred=n/a               gold=n/a  correct=True  running‐acc=0.940
[ 152/600] loss=3.1709  pred=true   gold=true  running‐acc=0.651
Locality eval: pred=n/a               gold=n/a  correct=True  running‐acc=0.941
[ 153/600] loss=2.9904  pred=n/a    gold=n/a  running‐acc=0.654
Locality eval: pred=n/a               gold=true  correct=False  running‐acc=0.935
[ 154/600] loss=3.2212  pred=true   gold=n/a  running‐acc=0.649
Locality eval: pred=true              gold=true  correct=True  running‐acc=0.935
[ 155/600] loss=2.7619  pred=true   gold=true  running‐acc=0.652
Locality eval: pred=n/a               gold=n/a  correct=True  running‐acc=0.935
[ 156/600] loss=2.8973  pred=true   gold=n/a  running‐acc=0.647
Locality eval: pred=true              gold=true  correct=True  running‐acc=0.936
[ 157/600] loss=4.3849  pred=true   gold=true  running‐acc=0.650
Locality eval: pred=n/a               gold=n/a  correct=True  running‐acc=0.936
[ 158/600] loss=3.2760  pred=true   gold=n/a  running‐acc=0.646
Locality eval: pred=false.            gold=true  correct=False  running‐acc=0.930
[ 159/600] loss=2.9890  pred=n/a    gold=n/a  running‐acc=0.648
Locality eval: pred=true              gold=true  correct=True  running‐acc=0.931
[ 160/600] loss=3.8844  pred=n/a    gold=n/a  running‐acc=0.650
Locality eval: pred=true              gold=true  correct=True  running‐acc=0.931
[ 161/600] loss=4.4585  pred=true   gold=true  running‐acc=0.652
Locality eval: pred=false             gold=n/a  correct=False  running‐acc=0.925
[ 162/600] loss=2.8022  pred=n/a    gold=n/a  running‐acc=0.654
Locality eval: pred=true              gold=true  correct=True  running‐acc=0.926
[ 163/600] loss=3.1396  pred=n/a    gold=n/a  running‐acc=0.656
Locality eval: pred=true              gold=true  correct=True  running‐acc=0.926
[ 164/600] loss=3.3369  pred=false  gold=n/a  running‐acc=0.652
Locality eval: pred=true              gold=true  correct=True  running‐acc=0.927
[ 165/600] loss=4.1200  pred=true   gold=true  running‐acc=0.655
Locality eval: pred=n/a               gold=n/a  correct=True  running‐acc=0.927
[ 166/600] loss=4.0144  pred=true   gold=true  running‐acc=0.657
Locality eval: pred=n/a               gold=n/a  correct=True  running‐acc=0.928
[ 167/600] loss=3.2807  pred=n/a    gold=n/a  running‐acc=0.659
Locality eval: pred=n/a               gold=true  correct=False  running‐acc=0.922
[ 168/600] loss=3.5396  pred=n/a    gold=true  running‐acc=0.655
Locality eval: pred=n/a               gold=n/a  correct=True  running‐acc=0.923
[ 169/600] loss=2.9607  pred=true   gold=n/a  running‐acc=0.651
Locality eval: pred=true              gold=true  correct=True  running‐acc=0.923
[ 170/600] loss=2.9229  pred=false.  gold=n/a  running‐acc=0.647
Locality eval: pred=true              gold=true  correct=True  running‐acc=0.924
[ 171/600] loss=3.1952  pred=n/a    gold=n/a  running‐acc=0.649
Locality eval: pred=true              gold=true  correct=True  running‐acc=0.924
[ 172/600] loss=4.3204  pred=true   gold=true  running‐acc=0.651
Locality eval: pred=n/a               gold=n/a  correct=True  running‐acc=0.924
[ 173/600] loss=2.9370  pred=n/a    gold=n/a  running‐acc=0.653
Locality eval: pred=true              gold=true  correct=True  running‐acc=0.925
[ 174/600] loss=4.1417  pred=true   gold=true  running‐acc=0.655
Locality eval: pred=n/a               gold=n/a  correct=True  running‐acc=0.925
[ 175/600] loss=3.7575  pred=true   gold=true  running‐acc=0.657
Locality eval: pred=n/a               gold=n/a  correct=True  running‐acc=0.926
[ 176/600] loss=3.3246  pred=true   gold=n/a  running‐acc=0.653
Locality eval: pred=true              gold=true  correct=True  running‐acc=0.926
[ 177/600] loss=4.1525  pred=n/a    gold=true  running‐acc=0.650
Locality eval: pred=n/a               gold=n/a  correct=True  running‐acc=0.927
[ 178/600] loss=3.8860  pred=true   gold=n/a  running‐acc=0.646
Locality eval: pred=true              gold=true  correct=True  running‐acc=0.927
[ 179/600] loss=3.7543  pred=n/a    gold=n/a  running‐acc=0.648
Locality eval: pred=n/a               gold=true  correct=False  running‐acc=0.922
[ 180/600] loss=4.2570  pred=false.  gold=true  running‐acc=0.644
Locality eval: pred=true              gold=n/a  correct=False  running‐acc=0.917
[ 181/600] loss=3.2174  pred=true   gold=n/a  running‐acc=0.641
Locality eval: pred=true              gold=true  correct=True  running‐acc=0.917
[ 182/600] loss=3.5893  pred=n/a    gold=n/a  running‐acc=0.643
Locality eval: pred=true              gold=true  correct=True  running‐acc=0.918
[ 183/600] loss=4.3012  pred=true   gold=true  running‐acc=0.645
Locality eval: pred=n/a               gold=n/a  correct=True  running‐acc=0.918
[ 184/600] loss=4.3652  pred=n/a    gold=true  running‐acc=0.641
Locality eval: pred=n/a               gold=n/a  correct=True  running‐acc=0.918
[ 185/600] loss=3.5877  pred=true   gold=true  running‐acc=0.643
Locality eval: pred=n/a               gold=n/a  correct=True  running‐acc=0.919
[ 186/600] loss=4.0559  pred=true   gold=true  running‐acc=0.645
Locality eval: pred=n/a               gold=n/a  correct=True  running‐acc=0.919
[ 187/600] loss=3.0179  pred=n/a    gold=n/a  running‐acc=0.647
Locality eval: pred=true              gold=true  correct=True  running‐acc=0.920
[ 188/600] loss=2.9552  pred=n/a    gold=n/a  running‐acc=0.649
Locality eval: pred=true              gold=true  correct=True  running‐acc=0.920
[ 189/600] loss=3.7892  pred=true   gold=true  running‐acc=0.651
Locality eval: pred=n/a               gold=n/a  correct=True  running‐acc=0.921
[ 190/600] loss=3.6463  pred=true.  gold=n/a  running‐acc=0.647
Locality eval: pred=true              gold=true  correct=True  running‐acc=0.921
[ 191/600] loss=3.4887  pred=true.  gold=n/a  running‐acc=0.644
Locality eval: pred=true              gold=true  correct=True  running‐acc=0.921
[ 192/600] loss=2.9751  pred=true   gold=n/a  running‐acc=0.641
Locality eval: pred=true              gold=true  correct=True  running‐acc=0.922
[ 193/600] loss=4.4338  pred=       gold=true  running‐acc=0.637
Locality eval: pred=n/a               gold=n/a  correct=True  running‐acc=0.922
[ 194/600] loss=3.7426  pred=true   gold=true  running‐acc=0.639
Locality eval: pred=n/a               gold=n/a  correct=True  running‐acc=0.923
[ 195/600] loss=3.6279  pred=true   gold=true  running‐acc=0.641
Locality eval: pred=n/a               gold=n/a  correct=True  running‐acc=0.923
[ 196/600] loss=4.0553  pred=true   gold=true  running‐acc=0.643
Locality eval: pred=n/a               gold=n/a  correct=True  running‐acc=0.923
[ 197/600] loss=3.6053  pred=true   gold=true  running‐acc=0.645
Locality eval: pred=n/a               gold=n/a  correct=True  running‐acc=0.924
[ 198/600] loss=3.1063  pred=n/a    gold=n/a  running‐acc=0.646
Locality eval: pred=true              gold=true  correct=True  running‐acc=0.924
[ 199/600] loss=3.9206  pred=true   gold=true  running‐acc=0.648
Locality eval: pred=n/a               gold=n/a  correct=True  running‐acc=0.925
[ 200/600] loss=4.5653  pred=true   gold=true  running‐acc=0.650
Locality eval: pred=n/a.              gold=n/a  correct=True  running‐acc=0.925
[ 201/600] loss=2.7222  pred=false.  gold=n/a  running‐acc=0.647
Locality eval: pred=n/a               gold=true  correct=False  running‐acc=0.920
[ 202/600] loss=2.9940  pred=n/a    gold=n/a  running‐acc=0.649
Locality eval: pred=true              gold=true  correct=True  running‐acc=0.921
[ 203/600] loss=3.8436  pred=true   gold=true  running‐acc=0.650
Locality eval: pred=n/a               gold=n/a  correct=True  running‐acc=0.921
[ 204/600] loss=2.7343  pred=n/a    gold=n/a  running‐acc=0.652
Locality eval: pred=true              gold=true  correct=True  running‐acc=0.922
[ 205/600] loss=5.2002  pred=true   gold=true  running‐acc=0.654
Locality eval: pred=n/a               gold=n/a  correct=True  running‐acc=0.922
[ 206/600] loss=2.8539  pred=n/a    gold=n/a  running‐acc=0.655
Locality eval: pred=true              gold=true  correct=True  running‐acc=0.922
[ 207/600] loss=3.6447  pred=false.  gold=n/a  running‐acc=0.652
Locality eval: pred=true              gold=true  correct=True  running‐acc=0.923
[ 208/600] loss=4.2574  pred=true   gold=true  running‐acc=0.654
Locality eval: pred=n/a               gold=n/a  correct=True  running‐acc=0.923
[ 209/600] loss=3.0609  pred=true   gold=n/a  running‐acc=0.651
Locality eval: pred=true              gold=true  correct=True  running‐acc=0.923
[ 210/600] loss=3.1513  pred=n/a    gold=n/a  running‐acc=0.652
Locality eval: pred=true              gold=true  correct=True  running‐acc=0.924
[ 211/600] loss=3.6067  pred=true   gold=true  running‐acc=0.654
Locality eval: pred=n/a               gold=n/a  correct=True  running‐acc=0.924
[ 212/600] loss=2.6982  pred=true   gold=n/a  running‐acc=0.651
Locality eval: pred=true              gold=true  correct=True  running‐acc=0.925
[ 213/600] loss=5.4448  pred=false  gold=true  running‐acc=0.648
Locality eval: pred=n/a               gold=n/a  correct=True  running‐acc=0.925
[ 214/600] loss=2.5948  pred=n/a    gold=n/a  running‐acc=0.650
Locality eval: pred=n/a               gold=true  correct=False  running‐acc=0.921
[ 215/600] loss=3.4356  pred=true   gold=true  running‐acc=0.651
Locality eval: pred=n/a               gold=n/a  correct=True  running‐acc=0.921
[ 216/600] loss=3.2122  pred=n/a    gold=n/a  running‐acc=0.653
Locality eval: pred=true              gold=true  correct=True  running‐acc=0.921
[ 217/600] loss=4.4982  pred=true   gold=true  running‐acc=0.654
Locality eval: pred=true              gold=n/a  correct=False  running‐acc=0.917
[ 218/600] loss=3.3192  pred=n/a    gold=n/a  running‐acc=0.656
Locality eval: pred=n/a               gold=true  correct=False  running‐acc=0.913
[ 219/600] loss=3.4098  pred=true   gold=true  running‐acc=0.658
Locality eval: pred=n/a               gold=n/a  correct=True  running‐acc=0.913
[ 220/600] loss=3.5118  pred=true   gold=n/a  running‐acc=0.655
Locality eval: pred=true              gold=true  correct=True  running‐acc=0.914
[ 221/600] loss=3.3434  pred=n/a    gold=n/a  running‐acc=0.656
Locality eval: pred=true              gold=true  correct=True  running‐acc=0.914
[ 222/600] loss=4.0117  pred=n/a    gold=n/a  running‐acc=0.658
Locality eval: pred=true              gold=true  correct=True  running‐acc=0.914
[ 223/600] loss=3.1086  pred=n/a    gold=n/a  running‐acc=0.659
Locality eval: pred=true              gold=true  correct=True  running‐acc=0.915
[ 224/600] loss=2.9483  pred=true   gold=n/a  running‐acc=0.656
Locality eval: pred=true              gold=true  correct=True  running‐acc=0.915
[ 225/600] loss=2.9926  pred=false  gold=n/a  running‐acc=0.653
Locality eval: pred=true              gold=true  correct=True  running‐acc=0.916
[ 226/600] loss=4.3367  pred=true   gold=true  running‐acc=0.655
Locality eval: pred=n/a               gold=n/a  correct=True  running‐acc=0.916
[ 227/600] loss=2.5876  pred=n/a    gold=n/a  running‐acc=0.656
Locality eval: pred=true              gold=true  correct=True  running‐acc=0.916
[ 228/600] loss=3.0282  pred=n/a    gold=n/a  running‐acc=0.658
Locality eval: pred=true              gold=true  correct=True  running‐acc=0.917
[ 229/600] loss=3.2981  pred=true   gold=n/a  running‐acc=0.655
Locality eval: pred=true              gold=true  correct=True  running‐acc=0.917
[ 230/600] loss=2.8299  pred=n/a    gold=n/a  running‐acc=0.657
Locality eval: pred=true              gold=true  correct=True  running‐acc=0.917
[ 231/600] loss=3.6994  pred=true   gold=n/a  running‐acc=0.654
Locality eval: pred=true              gold=true  correct=True  running‐acc=0.918
[ 232/600] loss=3.2199  pred=false.  gold=n/a  running‐acc=0.651
Locality eval: pred=true              gold=true  correct=True  running‐acc=0.918
[ 233/600] loss=5.4473  pred=true   gold=true  running‐acc=0.652
Locality eval: pred=n/a               gold=n/a  correct=True  running‐acc=0.918
[ 234/600] loss=3.9533  pred=true   gold=true  running‐acc=0.654
Locality eval: pred=n/a               gold=n/a  correct=True  running‐acc=0.919
[ 235/600] loss=2.7318  pred=n/a    gold=n/a  running‐acc=0.655
Locality eval: pred=true              gold=true  correct=True  running‐acc=0.919
[ 236/600] loss=3.2277  pred=n/a    gold=n/a  running‐acc=0.657
Locality eval: pred=n/a.              gold=true  correct=False  running‐acc=0.915
[ 237/600] loss=4.1312  pred=false  gold=true  running‐acc=0.654
Locality eval: pred=n/a               gold=n/a  correct=True  running‐acc=0.916
[ 238/600] loss=3.7015  pred=true   gold=n/a  running‐acc=0.651
Locality eval: pred=true              gold=true  correct=True  running‐acc=0.916
[ 239/600] loss=3.3345  pred=false  gold=n/a  running‐acc=0.649
Locality eval: pred=true              gold=true  correct=True  running‐acc=0.916
[ 240/600] loss=4.7452  pred=true   gold=true  running‐acc=0.650
Locality eval: pred=n/a               gold=n/a  correct=True  running‐acc=0.917
[ 241/600] loss=4.0084  pred=false  gold=n/a  running‐acc=0.647
Locality eval: pred=true              gold=true  correct=True  running‐acc=0.917
[ 242/600] loss=2.9699  pred=n/a    gold=n/a  running‐acc=0.649
Locality eval: pred=n/a               gold=true  correct=False  running‐acc=0.913
[ 243/600] loss=3.2033  pred=n/a    gold=n/a  running‐acc=0.650
Locality eval: pred=n/a               gold=true  correct=False  running‐acc=0.909
[ 244/600] loss=4.0054  pred=true   gold=true  running‐acc=0.652
Locality eval: pred=n/a               gold=n/a  correct=True  running‐acc=0.910
[ 245/600] loss=4.7719  pred=false  gold=true  running‐acc=0.649
Locality eval: pred=n/a               gold=n/a  correct=True  running‐acc=0.910
[ 246/600] loss=3.7001  pred=true   gold=true  running‐acc=0.650
Locality eval: pred=n/a               gold=n/a  correct=True  running‐acc=0.911
[ 247/600] loss=4.3030  pred=true   gold=true  running‐acc=0.652
Locality eval: pred=n/a               gold=n/a  correct=True  running‐acc=0.911
[ 248/600] loss=4.4141  pred=true   gold=true  running‐acc=0.653
Locality eval: pred=n/a               gold=n/a  correct=True  running‐acc=0.911
[ 249/600] loss=2.9764  pred=true   gold=n/a  running‐acc=0.651
Locality eval: pred=true              gold=true  correct=True  running‐acc=0.912
[ 250/600] loss=4.1114  pred=true   gold=true  running‐acc=0.652
Locality eval: pred=n/a               gold=n/a  correct=True  running‐acc=0.912
[ 251/600] loss=2.9777  pred=n/a    gold=n/a  running‐acc=0.653
Locality eval: pred=true              gold=true  correct=True  running‐acc=0.912
[ 252/600] loss=3.2058  pred=true   gold=n/a  running‐acc=0.651
Locality eval: pred=true              gold=true  correct=True  running‐acc=0.913
[ 253/600] loss=4.3644  pred=true   gold=true  running‐acc=0.652
Locality eval: pred=n/a               gold=n/a  correct=True  running‐acc=0.913
[ 254/600] loss=4.4407  pred=true   gold=true  running‐acc=0.654
Locality eval: pred=n/a               gold=n/a  correct=True  running‐acc=0.913
[ 255/600] loss=3.6162  pred=true   gold=n/a  running‐acc=0.651
Locality eval: pred=true              gold=true  correct=True  running‐acc=0.914
[ 256/600] loss=2.8362  pred=n/a    gold=n/a  running‐acc=0.652
Locality eval: pred=true              gold=true  correct=True  running‐acc=0.914
[ 257/600] loss=3.4760  pred=n/a    gold=n/a  running‐acc=0.654
Locality eval: pred=true              gold=true  correct=True  running‐acc=0.914
[ 258/600] loss=3.2246  pred=n/a    gold=n/a  running‐acc=0.655
Locality eval: pred=true              gold=true  correct=True  running‐acc=0.915
[ 259/600] loss=3.4501  pred=true   gold=true  running‐acc=0.656
Locality eval: pred=true              gold=n/a  correct=False  running‐acc=0.911
[ 260/600] loss=4.2388  pred=true   gold=true  running‐acc=0.658
Locality eval: pred=n/a               gold=n/a  correct=True  running‐acc=0.912
[ 261/600] loss=4.0792  pred=true   gold=true  running‐acc=0.659
Locality eval: pred=false.            gold=n/a  correct=False  running‐acc=0.908
[ 262/600] loss=3.6031  pred=true   gold=true  running‐acc=0.660
Locality eval: pred=n/a               gold=n/a  correct=True  running‐acc=0.908
[ 263/600] loss=2.8391  pred=true   gold=n/a  running‐acc=0.658
Locality eval: pred=true              gold=true  correct=True  running‐acc=0.909
[ 264/600] loss=2.9986  pred=false.  gold=n/a  running‐acc=0.655
Locality eval: pred=true              gold=true  correct=True  running‐acc=0.909
[ 265/600] loss=4.5025  pred=true   gold=true  running‐acc=0.657
Locality eval: pred=n/a               gold=n/a  correct=True  running‐acc=0.909
[ 266/600] loss=3.6261  pred=n/a    gold=n/a  running‐acc=0.658
Locality eval: pred=true              gold=true  correct=True  running‐acc=0.910
[ 267/600] loss=3.0961  pred=n/a    gold=n/a  running‐acc=0.659
Locality eval: pred=true              gold=true  correct=True  running‐acc=0.910
[ 268/600] loss=4.1181  pred=true   gold=true  running‐acc=0.660
Locality eval: pred=n/a               gold=n/a  correct=True  running‐acc=0.910
[ 269/600] loss=3.0051  pred=false  gold=n/a  running‐acc=0.658
Locality eval: pred=n/a               gold=true  correct=False  running‐acc=0.907
[ 270/600] loss=3.3143  pred=true   gold=true  running‐acc=0.659
Locality eval: pred=n/a               gold=n/a  correct=True  running‐acc=0.907
[ 271/600] loss=2.9035  pred=n/a    gold=n/a  running‐acc=0.661
Locality eval: pred=true              gold=true  correct=True  running‐acc=0.908
[ 272/600] loss=4.0924  pred=true   gold=true  running‐acc=0.662
Locality eval: pred=n/a               gold=n/a  correct=True  running‐acc=0.908
[ 273/600] loss=2.9830  pred=n/a    gold=n/a  running‐acc=0.663
Locality eval: pred=true              gold=true  correct=True  running‐acc=0.908
[ 274/600] loss=3.0332  pred=n/a    gold=n/a  running‐acc=0.664
Locality eval: pred=true              gold=true  correct=True  running‐acc=0.909
[ 275/600] loss=4.3198  pred=true   gold=true  running‐acc=0.665
Locality eval: pred=n/a               gold=n/a  correct=True  running‐acc=0.909
[ 276/600] loss=2.9519  pred=n/a.   gold=n/a  running‐acc=0.667
Locality eval: pred=true              gold=true  correct=True  running‐acc=0.909
[ 277/600] loss=4.1154  pred=true   gold=true  running‐acc=0.668
Locality eval: pred=n/a               gold=n/a  correct=True  running‐acc=0.910
[ 278/600] loss=3.1039  pred=n/a    gold=n/a  running‐acc=0.669
Locality eval: pred=n/a               gold=true  correct=False  running‐acc=0.906
[ 279/600] loss=4.3088  pred=true   gold=true  running‐acc=0.670
Locality eval: pred=n/a               gold=n/a  correct=True  running‐acc=0.907
[ 280/600] loss=2.9519  pred=n/a    gold=n/a  running‐acc=0.671
Locality eval: pred=true              gold=true  correct=True  running‐acc=0.907
[ 281/600] loss=3.7379  pred=true   gold=true  running‐acc=0.673
Locality eval: pred=n/a               gold=n/a  correct=True  running‐acc=0.907
[ 282/600] loss=4.2137  pred=true   gold=true  running‐acc=0.674
Locality eval: pred=n/a               gold=n/a  correct=True  running‐acc=0.908
[ 283/600] loss=3.1337  pred=n/a    gold=n/a  running‐acc=0.675
Locality eval: pred=true              gold=true  correct=True  running‐acc=0.908
[ 284/600] loss=2.7021  pred=n/a    gold=n/a  running‐acc=0.676
Locality eval: pred=true              gold=true  correct=True  running‐acc=0.908
[ 285/600] loss=3.8073  pred=n/a    gold=true  running‐acc=0.674
Locality eval: pred=n/a               gold=n/a  correct=True  running‐acc=0.909
[ 286/600] loss=3.0279  pred=n/a    gold=n/a  running‐acc=0.675
Locality eval: pred=true              gold=true  correct=True  running‐acc=0.909
[ 287/600] loss=2.8079  pred=true   gold=n/a  running‐acc=0.672
Locality eval: pred=true              gold=true  correct=True  running‐acc=0.909
[ 288/600] loss=3.7961  pred=true.  gold=true  running‐acc=0.674
Locality eval: pred=n/a               gold=n/a  correct=True  running‐acc=0.910
[ 289/600] loss=4.5679  pred=true   gold=true  running‐acc=0.675
Locality eval: pred=n/a               gold=n/a  correct=True  running‐acc=0.910
[ 290/600] loss=2.9566  pred=n/a    gold=n/a  running‐acc=0.676
Locality eval: pred=true              gold=true  correct=True  running‐acc=0.910
[ 291/600] loss=4.1221  pred=true   gold=true  running‐acc=0.677
Locality eval: pred=true              gold=n/a  correct=False  running‐acc=0.907
[ 292/600] loss=3.8311  pred=true   gold=true  running‐acc=0.678
Locality eval: pred=n/a               gold=n/a  correct=True  running‐acc=0.908
[ 293/600] loss=4.0462  pred=n/a    gold=true  running‐acc=0.676
Locality eval: pred=n/a               gold=n/a  correct=True  running‐acc=0.908
[ 294/600] loss=3.7707  pred=true   gold=true  running‐acc=0.677
Locality eval: pred=n/a               gold=n/a  correct=True  running‐acc=0.908
[ 295/600] loss=3.4887  pred=true   gold=n/a  running‐acc=0.675
Locality eval: pred=true              gold=true  correct=True  running‐acc=0.908
[ 296/600] loss=3.1897  pred=true   gold=n/a  running‐acc=0.672
Locality eval: pred=true              gold=true  correct=True  running‐acc=0.909
[ 297/600] loss=4.7179  pred=false  gold=true  running‐acc=0.670
Locality eval: pred=n/a               gold=n/a  correct=True  running‐acc=0.909
[ 298/600] loss=3.0931  pred=true   gold=true  running‐acc=0.671
Locality eval: pred=n/a               gold=n/a  correct=True  running‐acc=0.909
[ 299/600] loss=2.7939  pred=n/a    gold=n/a  running‐acc=0.672
Locality eval: pred=true              gold=true  correct=True  running‐acc=0.910
[ 300/600] loss=3.1416  pred=true   gold=n/a  running‐acc=0.670
Locality eval: pred=true              gold=true  correct=True  running‐acc=0.910
[ 301/600] loss=4.1024  pred=n/a    gold=true  running‐acc=0.668
Locality eval: pred=true              gold=n/a  correct=False  running‐acc=0.907
[ 302/600] loss=4.0559  pred=true.  gold=true  running‐acc=0.669
Locality eval: pred=n/a               gold=n/a  correct=True  running‐acc=0.907
[ 303/600] loss=3.4380  pred=true   gold=true  running‐acc=0.670
Locality eval: pred=n/a               gold=n/a  correct=True  running‐acc=0.908
[ 304/600] loss=4.6554  pred=true   gold=true  running‐acc=0.671
Locality eval: pred=n/a               gold=n/a  correct=True  running‐acc=0.908
[ 305/600] loss=4.6147  pred=n/a    gold=true  running‐acc=0.669
Locality eval: pred=n/a               gold=n/a  correct=True  running‐acc=0.908
[ 306/600] loss=3.8691  pred=true   gold=true  running‐acc=0.670
Locality eval: pred=n/a               gold=n/a  correct=True  running‐acc=0.908
[ 307/600] loss=3.8095  pred=true   gold=true  running‐acc=0.671
Locality eval: pred=n/a               gold=n/a  correct=True  running‐acc=0.909
[ 308/600] loss=4.4876  pred=true   gold=true  running‐acc=0.672
Locality eval: pred=n/a               gold=n/a  correct=True  running‐acc=0.909
[ 309/600] loss=3.8075  pred=true   gold=true  running‐acc=0.673
Locality eval: pred=n/a               gold=n/a  correct=True  running‐acc=0.909
[ 310/600] loss=3.7226  pred=n/a    gold=n/a  running‐acc=0.674
Locality eval: pred=true              gold=true  correct=True  running‐acc=0.910
[ 311/600] loss=4.2609  pred=true   gold=true  running‐acc=0.675
Locality eval: pred=n/a               gold=n/a  correct=True  running‐acc=0.910
[ 312/600] loss=3.7992  pred=true   gold=true  running‐acc=0.676
Locality eval: pred=n/a               gold=n/a  correct=True  running‐acc=0.910
[ 313/600] loss=2.7542  pred=n/a    gold=n/a  running‐acc=0.677
Locality eval: pred=true              gold=true  correct=True  running‐acc=0.911
[ 314/600] loss=2.8301  pred=true   gold=n/a  running‐acc=0.675
Locality eval: pred=true.             gold=true  correct=True  running‐acc=0.911
[ 315/600] loss=2.7688  pred=true   gold=n/a  running‐acc=0.673
Locality eval: pred=true              gold=true  correct=True  running‐acc=0.911
[ 316/600] loss=4.0786  pred=true   gold=true  running‐acc=0.674
Locality eval: pred=n/a               gold=n/a  correct=True  running‐acc=0.911
[ 317/600] loss=3.8635  pred=true   gold=true  running‐acc=0.675
Locality eval: pred=n/a               gold=n/a  correct=True  running‐acc=0.912
[ 318/600] loss=3.8087  pred=true   gold=true  running‐acc=0.676
Locality eval: pred=n/a               gold=n/a  correct=True  running‐acc=0.912
[ 319/600] loss=2.8909  pred=n/a    gold=n/a  running‐acc=0.677
Locality eval: pred=true              gold=true  correct=True  running‐acc=0.912
[ 320/600] loss=2.8952  pred=true   gold=n/a  running‐acc=0.675
Locality eval: pred=true              gold=true  correct=True  running‐acc=0.912
[ 321/600] loss=3.7743  pred=n/a    gold=true  running‐acc=0.673
Locality eval: pred=n/a               gold=n/a  correct=True  running‐acc=0.913
[ 322/600] loss=3.6450  pred=true   gold=true  running‐acc=0.674
Locality eval: pred=n/a               gold=n/a  correct=True  running‐acc=0.913
[ 323/600] loss=2.9023  pred=true   gold=n/a  running‐acc=0.672
Locality eval: pred=true              gold=true  correct=True  running‐acc=0.913
[ 324/600] loss=3.3005  pred=n/a    gold=n/a  running‐acc=0.673
Locality eval: pred=true              gold=true  correct=True  running‐acc=0.914
[ 325/600] loss=4.5409  pred=true   gold=true  running‐acc=0.674
Locality eval: pred=true              gold=n/a  correct=False  running‐acc=0.911
[ 326/600] loss=2.9140  pred=true   gold=n/a  running‐acc=0.672
Locality eval: pred=true              gold=true  correct=True  running‐acc=0.911
[ 327/600] loss=4.3181  pred=n/a    gold=true  running‐acc=0.670
Locality eval: pred=true              gold=n/a  correct=False  running‐acc=0.908
[ 328/600] loss=2.8134  pred=true   gold=n/a  running‐acc=0.668
Locality eval: pred=true              gold=true  correct=True  running‐acc=0.909
[ 329/600] loss=3.3300  pred=true   gold=true  running‐acc=0.669
Locality eval: pred=n/a               gold=n/a  correct=True  running‐acc=0.909
[ 330/600] loss=3.0262  pred=n/a    gold=n/a  running‐acc=0.670
Locality eval: pred=true              gold=true  correct=True  running‐acc=0.909
[ 331/600] loss=3.7625  pred=true   gold=true  running‐acc=0.671
Locality eval: pred=n/a               gold=n/a  correct=True  running‐acc=0.909
[ 332/600] loss=3.0480  pred=false  gold=n/a  running‐acc=0.669
Locality eval: pred=true              gold=true  correct=True  running‐acc=0.910
[ 333/600] loss=3.2537  pred=true   gold=true  running‐acc=0.670
Locality eval: pred=n/a               gold=n/a  correct=True  running‐acc=0.910
[ 334/600] loss=4.0220  pred=true   gold=n/a  running‐acc=0.668
Locality eval: pred=true              gold=true  correct=True  running‐acc=0.910
[ 335/600] loss=4.2657  pred=true   gold=true  running‐acc=0.669
Locality eval: pred=n/a               gold=n/a  correct=True  running‐acc=0.910
[ 336/600] loss=2.9561  pred=n/a    gold=n/a  running‐acc=0.670
Locality eval: pred=true              gold=true  correct=True  running‐acc=0.911
[ 337/600] loss=3.7700  pred=true   gold=n/a  running‐acc=0.668
Locality eval: pred=true              gold=true  correct=True  running‐acc=0.911
[ 338/600] loss=2.8900  pred=n/a    gold=n/a  running‐acc=0.669
Locality eval: pred=true              gold=true  correct=True  running‐acc=0.911
[ 339/600] loss=3.0092  pred=false  gold=n/a  running‐acc=0.667
Locality eval: pred=n/a               gold=true  correct=False  running‐acc=0.909
[ 340/600] loss=2.8094  pred=n/a    gold=n/a  running‐acc=0.668
Locality eval: pred=true              gold=true  correct=True  running‐acc=0.909
[ 341/600] loss=4.1380  pred=true   gold=true  running‐acc=0.669
Locality eval: pred=n/a               gold=n/a  correct=True  running‐acc=0.909
[ 342/600] loss=4.6666  pred=true   gold=true  running‐acc=0.670
Locality eval: pred=n/a               gold=n/a  correct=True  running‐acc=0.909
[ 343/600] loss=2.0954  pred=n/a    gold=n/a  running‐acc=0.671
Locality eval: pred=true              gold=true  correct=True  running‐acc=0.910
[ 344/600] loss=3.6473  pred=true   gold=true  running‐acc=0.672
Locality eval: pred=n/a               gold=n/a  correct=True  running‐acc=0.910
[ 345/600] loss=2.7422  pred=n/a    gold=n/a  running‐acc=0.672
Locality eval: pred=true              gold=true  correct=True  running‐acc=0.910
[ 346/600] loss=3.6618  pred=true   gold=true  running‐acc=0.673
Locality eval: pred=                  gold=n/a  correct=False  running‐acc=0.908
[ 347/600] loss=2.7670  pred=n/a    gold=n/a  running‐acc=0.674
Locality eval: pred=true              gold=true  correct=True  running‐acc=0.908
[ 348/600] loss=2.9073  pred=true   gold=n/a  running‐acc=0.672
Locality eval: pred=true              gold=true  correct=True  running‐acc=0.908
[ 349/600] loss=3.2448  pred=false.  gold=n/a  running‐acc=0.670
Locality eval: pred=true              gold=true  correct=True  running‐acc=0.908
[ 350/600] loss=2.8607  pred=true   gold=n/a  running‐acc=0.669
Locality eval: pred=true              gold=true  correct=True  running‐acc=0.909
[ 351/600] loss=3.0080  pred=true   gold=n/a  running‐acc=0.667
Locality eval: pred=true              gold=true  correct=True  running‐acc=0.909
[ 352/600] loss=3.0747  pred=n/a    gold=n/a  running‐acc=0.668
Locality eval: pred=true              gold=true  correct=True  running‐acc=0.909
[ 353/600] loss=2.9819  pred=n/a    gold=n/a  running‐acc=0.669
Locality eval: pred=n/a               gold=true  correct=False  running‐acc=0.907
[ 354/600] loss=4.3067  pred=true   gold=true  running‐acc=0.669
Locality eval: pred=n/a               gold=n/a  correct=True  running‐acc=0.907
[ 355/600] loss=3.5227  pred=true   gold=true  running‐acc=0.670
Locality eval: pred=n/a               gold=n/a  correct=True  running‐acc=0.907
[ 356/600] loss=4.3224  pred=true   gold=true  running‐acc=0.671
Locality eval: pred=n/a.              gold=n/a  correct=True  running‐acc=0.907
[ 357/600] loss=3.8823  pred=n/a    gold=true  running‐acc=0.669
Locality eval: pred=n/a               gold=n/a  correct=True  running‐acc=0.908
[ 358/600] loss=4.4893  pred=true   gold=true  running‐acc=0.670
Locality eval: pred=n/a               gold=n/a  correct=True  running‐acc=0.908
[ 359/600] loss=4.0753  pred=true   gold=true  running‐acc=0.671
Locality eval: pred=n/a               gold=n/a  correct=True  running‐acc=0.908
[ 360/600] loss=3.1728  pred=true   gold=n/a  running‐acc=0.669
Locality eval: pred=true              gold=true  correct=True  running‐acc=0.908
[ 361/600] loss=4.0155  pred=true   gold=true  running‐acc=0.670
Locality eval: pred=n/a               gold=n/a  correct=True  running‐acc=0.909
[ 362/600] loss=4.0902  pred=true   gold=true  running‐acc=0.671
Locality eval: pred=n/a               gold=n/a  correct=True  running‐acc=0.909
[ 363/600] loss=2.6687  pred=n/a    gold=n/a  running‐acc=0.672
Locality eval: pred=true              gold=true  correct=True  running‐acc=0.909
[ 364/600] loss=4.7429  pred=true   gold=true  running‐acc=0.673
Locality eval: pred=n/a               gold=n/a  correct=True  running‐acc=0.909
[ 365/600] loss=4.2208  pred=true   gold=true  running‐acc=0.674
Locality eval: pred=n/a               gold=n/a  correct=True  running‐acc=0.910
[ 366/600] loss=3.2051  pred=true   gold=n/a  running‐acc=0.672
Locality eval: pred=true              gold=true  correct=True  running‐acc=0.910
[ 367/600] loss=3.1564  pred=n/a    gold=n/a  running‐acc=0.673
Locality eval: pred=true              gold=true  correct=True  running‐acc=0.910
[ 368/600] loss=4.1255  pred=true   gold=true  running‐acc=0.674
Locality eval: pred=n/a               gold=n/a  correct=True  running‐acc=0.910
[ 369/600] loss=3.2188  pred=true   gold=n/a  running‐acc=0.672
Locality eval: pred=true              gold=true  correct=True  running‐acc=0.911
[ 370/600] loss=3.1264  pred=n/a.   gold=n/a  running‐acc=0.673
Locality eval: pred=true              gold=true  correct=True  running‐acc=0.911
[ 371/600] loss=3.9838  pred=true   gold=true  running‐acc=0.674
Locality eval: pred=n/a               gold=n/a  correct=True  running‐acc=0.911
[ 372/600] loss=4.5185  pred=true   gold=true  running‐acc=0.675
Locality eval: pred=n/a               gold=n/a  correct=True  running‐acc=0.911
[ 373/600] loss=3.7457  pred=n/a    gold=true  running‐acc=0.673
Locality eval: pred=n/a               gold=n/a  correct=True  running‐acc=0.912
[ 374/600] loss=2.8437  pred=n/a    gold=n/a  running‐acc=0.674
Locality eval: pred=true.             gold=true  correct=True  running‐acc=0.912
[ 375/600] loss=4.1649  pred=n/a    gold=true  running‐acc=0.672
Locality eval: pred=true              gold=n/a  correct=False  running‐acc=0.909
[ 376/600] loss=3.7933  pred=true   gold=true  running‐acc=0.673
Locality eval: pred=n/a               gold=n/a  correct=True  running‐acc=0.910
[ 377/600] loss=4.3628  pred=false  gold=true  running‐acc=0.671
Locality eval: pred=n/a               gold=n/a  correct=True  running‐acc=0.910
[ 378/600] loss=5.2386  pred=true   gold=true  running‐acc=0.672
Locality eval: pred=n/a               gold=n/a  correct=True  running‐acc=0.910
[ 379/600] loss=3.6206  pred=true   gold=true  running‐acc=0.673
Locality eval: pred=n/a               gold=n/a  correct=True  running‐acc=0.910
[ 380/600] loss=3.8301  pred=true   gold=true  running‐acc=0.674
Locality eval: pred=n/a               gold=n/a  correct=True  running‐acc=0.911
[ 381/600] loss=3.0338  pred=n/a    gold=n/a  running‐acc=0.675
Locality eval: pred=true              gold=true  correct=True  running‐acc=0.911
[ 382/600] loss=3.0234  pred=n/a    gold=n/a  running‐acc=0.675
Locality eval: pred=true              gold=true  correct=True  running‐acc=0.911
[ 383/600] loss=2.9857  pred=true.  gold=n/a  running‐acc=0.674
Locality eval: pred=true              gold=true  correct=True  running‐acc=0.911
[ 384/600] loss=3.2959  pred=n/a    gold=n/a  running‐acc=0.674
Locality eval: pred=true              gold=true  correct=True  running‐acc=0.911
[ 385/600] loss=4.4758  pred=true   gold=true  running‐acc=0.675
Locality eval: pred=n/a               gold=n/a  correct=True  running‐acc=0.912
[ 386/600] loss=4.3011  pred=true   gold=true  running‐acc=0.676
Locality eval: pred=n/a               gold=n/a  correct=True  running‐acc=0.912
[ 387/600] loss=2.8592  pred=n/a    gold=n/a  running‐acc=0.677
Locality eval: pred=n/a               gold=true  correct=False  running‐acc=0.910
[ 388/600] loss=4.0246  pred=true   gold=true  running‐acc=0.678
Locality eval: pred=n/a               gold=n/a  correct=True  running‐acc=0.910
[ 389/600] loss=3.3242  pred=n/a    gold=n/a  running‐acc=0.679
Locality eval: pred=true              gold=true  correct=True  running‐acc=0.910
[ 390/600] loss=3.8166  pred=n/a    gold=true  running‐acc=0.677
Locality eval: pred=n/a               gold=n/a  correct=True  running‐acc=0.910
[ 391/600] loss=4.0636  pred=true   gold=true  running‐acc=0.678
Locality eval: pred=n/a               gold=n/a  correct=True  running‐acc=0.910
[ 392/600] loss=2.9757  pred=true   gold=n/a  running‐acc=0.676
Locality eval: pred=true.             gold=true  correct=True  running‐acc=0.911
[ 393/600] loss=3.2041  pred=n/a    gold=n/a  running‐acc=0.677
Locality eval: pred=true              gold=true  correct=True  running‐acc=0.911
[ 394/600] loss=3.2300  pred=n/a    gold=n/a  running‐acc=0.678
Locality eval: pred=true              gold=true  correct=True  running‐acc=0.911
[ 395/600] loss=4.0638  pred=true   gold=true  running‐acc=0.678
Locality eval: pred=n/a               gold=n/a  correct=True  running‐acc=0.911
[ 396/600] loss=4.4161  pred=true   gold=true  running‐acc=0.679
Locality eval: pred=n/a               gold=n/a  correct=True  running‐acc=0.912
[ 397/600] loss=2.9868  pred=n/a    gold=n/a  running‐acc=0.680
Locality eval: pred=true              gold=true  correct=True  running‐acc=0.912
[ 398/600] loss=3.5092  pred=true   gold=true  running‐acc=0.681
Locality eval: pred=n/a               gold=n/a  correct=True  running‐acc=0.912
[ 399/600] loss=3.1566  pred=false  gold=n/a  running‐acc=0.679
Locality eval: pred=true              gold=true  correct=True  running‐acc=0.912
[ 400/600] loss=3.4577  pred=true   gold=true  running‐acc=0.680
Locality eval: pred=n/a               gold=n/a  correct=True  running‐acc=0.912
[ 401/600] loss=4.9115  pred=true   gold=true  running‐acc=0.681
Locality eval: pred=n/a               gold=n/a  correct=True  running‐acc=0.913
[ 402/600] loss=3.1651  pred=n/a    gold=n/a  running‐acc=0.682
Locality eval: pred=true              gold=true  correct=True  running‐acc=0.913
[ 403/600] loss=3.7686  pred=true   gold=true  running‐acc=0.682
Locality eval: pred=n/a               gold=n/a  correct=True  running‐acc=0.913
[ 404/600] loss=3.7066  pred=true   gold=true  running‐acc=0.683
Locality eval: pred=n/a               gold=n/a  correct=True  running‐acc=0.913
[ 405/600] loss=2.8691  pred=n/a    gold=n/a  running‐acc=0.684
Locality eval: pred=true              gold=true  correct=True  running‐acc=0.914
[ 406/600] loss=3.1489  pred=n/a    gold=n/a  running‐acc=0.685
Locality eval: pred=true              gold=true  correct=True  running‐acc=0.914
[ 407/600] loss=4.3186  pred=true   gold=true  running‐acc=0.686
Locality eval: pred=n/a               gold=n/a  correct=True  running‐acc=0.914
[ 408/600] loss=3.0312  pred=n/a    gold=n/a  running‐acc=0.686
Locality eval: pred=true              gold=true  correct=True  running‐acc=0.914
[ 409/600] loss=4.8302  pred=true   gold=true  running‐acc=0.687
Locality eval: pred=true              gold=n/a  correct=False  running‐acc=0.912
[ 410/600] loss=2.9003  pred=n/a    gold=n/a  running‐acc=0.688
Locality eval: pred=true              gold=true  correct=True  running‐acc=0.912
[ 411/600] loss=3.7279  pred=true   gold=true  running‐acc=0.689
Locality eval: pred=n/a               gold=n/a  correct=True  running‐acc=0.912
[ 412/600] loss=3.1981  pred=true   gold=true  running‐acc=0.689
Locality eval: pred=n/a.              gold=n/a  correct=True  running‐acc=0.913
[ 413/600] loss=4.2415  pred=false  gold=true  running‐acc=0.688
Locality eval: pred=n/a               gold=n/a  correct=True  running‐acc=0.913
[ 414/600] loss=4.0787  pred=true   gold=true  running‐acc=0.688
Locality eval: pred=n/a               gold=n/a  correct=True  running‐acc=0.913
[ 415/600] loss=3.3433  pred=true.  gold=n/a  running‐acc=0.687
Locality eval: pred=true              gold=true  correct=True  running‐acc=0.913
[ 416/600] loss=4.0846  pred=true   gold=true  running‐acc=0.688
Locality eval: pred=n/a               gold=n/a  correct=True  running‐acc=0.913
[ 417/600] loss=3.1191  pred=n/a    gold=n/a  running‐acc=0.688
Locality eval: pred=true.             gold=true  correct=True  running‐acc=0.914
[ 418/600] loss=3.2902  pred=false  gold=n/a  running‐acc=0.687
Locality eval: pred=true              gold=true  correct=True  running‐acc=0.914
[ 419/600] loss=4.0199  pred=true   gold=true  running‐acc=0.687
Locality eval: pred=n/a               gold=n/a  correct=True  running‐acc=0.914
[ 420/600] loss=4.0035  pred=n/a    gold=true  running‐acc=0.686
Locality eval: pred=n/a               gold=n/a  correct=True  running‐acc=0.914
[ 421/600] loss=4.2335  pred=true   gold=true  running‐acc=0.686
Locality eval: pred=n/a               gold=n/a  correct=True  running‐acc=0.914
[ 422/600] loss=4.9332  pred=true   gold=true  running‐acc=0.687
Locality eval: pred=n/a               gold=n/a  correct=True  running‐acc=0.915
[ 423/600] loss=4.0105  pred=true   gold=true  running‐acc=0.688
Locality eval: pred=n/a               gold=n/a  correct=True  running‐acc=0.915
[ 424/600] loss=3.4674  pred=true   gold=n/a  running‐acc=0.686
Locality eval: pred=true              gold=true  correct=True  running‐acc=0.915
[ 425/600] loss=3.0557  pred=n/a    gold=n/a  running‐acc=0.687
Locality eval: pred=true              gold=true  correct=True  running‐acc=0.915
[ 426/600] loss=3.3962  pred=true   gold=n/a  running‐acc=0.685
Locality eval: pred=true              gold=true  correct=True  running‐acc=0.915
[ 427/600] loss=4.0820  pred=true   gold=true  running‐acc=0.686
Locality eval: pred=true              gold=n/a  correct=False  running‐acc=0.913
[ 428/600] loss=4.0970  pred=true   gold=true  running‐acc=0.687
Locality eval: pred=n/a               gold=n/a  correct=True  running‐acc=0.914
[ 429/600] loss=4.1056  pred=true   gold=true  running‐acc=0.688
Locality eval: pred=n/a               gold=n/a  correct=True  running‐acc=0.914
[ 430/600] loss=2.2732  pred=n/a    gold=n/a  running‐acc=0.688
Locality eval: pred=true              gold=true  correct=True  running‐acc=0.914
[ 431/600] loss=4.3719  pred=true   gold=true  running‐acc=0.689
Locality eval: pred=n/a               gold=n/a  correct=True  running‐acc=0.914
[ 432/600] loss=4.9392  pred=true   gold=true  running‐acc=0.690
Locality eval: pred=n/a               gold=n/a  correct=True  running‐acc=0.914
[ 433/600] loss=3.8497  pred=true   gold=true  running‐acc=0.691
Locality eval: pred=n/a               gold=n/a  correct=True  running‐acc=0.915
[ 434/600] loss=3.1450  pred=n/a    gold=n/a  running‐acc=0.691
Locality eval: pred=true              gold=true  correct=True  running‐acc=0.915
[ 435/600] loss=3.1002  pred=n/a    gold=n/a  running‐acc=0.692
Locality eval: pred=true              gold=true  correct=True  running‐acc=0.915
[ 436/600] loss=4.2862  pred=true   gold=true  running‐acc=0.693
Locality eval: pred=n/a               gold=n/a  correct=True  running‐acc=0.915
[ 437/600] loss=3.6500  pred=true   gold=true  running‐acc=0.693
Locality eval: pred=n/a               gold=n/a  correct=True  running‐acc=0.915
[ 438/600] loss=2.8961  pred=false  gold=n/a  running‐acc=0.692
Locality eval: pred=true              gold=true  correct=True  running‐acc=0.916
[ 439/600] loss=2.8044  pred=true   gold=n/a  running‐acc=0.690
Locality eval: pred=true              gold=true  correct=True  running‐acc=0.916
[ 440/600] loss=4.3640  pred=true   gold=true  running‐acc=0.691
Locality eval: pred=true              gold=n/a  correct=False  running‐acc=0.914
[ 441/600] loss=3.4862  pred=n/a    gold=n/a  running‐acc=0.692
Locality eval: pred=true              gold=true  correct=True  running‐acc=0.914
[ 442/600] loss=4.4730  pred=true   gold=true  running‐acc=0.692
Locality eval: pred=n/a               gold=n/a  correct=True  running‐acc=0.914
[ 443/600] loss=5.4327  pred=false  gold=true  running‐acc=0.691
Locality eval: pred=n/a               gold=n/a  correct=True  running‐acc=0.914
[ 444/600] loss=3.9391  pred=true   gold=true  running‐acc=0.691
Locality eval: pred=n/a               gold=n/a  correct=True  running‐acc=0.914
[ 445/600] loss=2.8810  pred=true   gold=true  running‐acc=0.692
Locality eval: pred=n/a               gold=n/a  correct=True  running‐acc=0.915
[ 446/600] loss=4.3809  pred=n/a    gold=true  running‐acc=0.691
Locality eval: pred=n/a               gold=n/a  correct=True  running‐acc=0.915
[ 447/600] loss=3.2643  pred=true   gold=true  running‐acc=0.691
Locality eval: pred=n/a               gold=n/a  correct=True  running‐acc=0.915
[ 448/600] loss=4.4783  pred=true   gold=true  running‐acc=0.692
Locality eval: pred=n/a               gold=n/a  correct=True  running‐acc=0.915
[ 449/600] loss=4.4451  pred=true   gold=true  running‐acc=0.693
Locality eval: pred=n/a               gold=n/a  correct=True  running‐acc=0.915
[ 450/600] loss=3.1550  pred=n/a    gold=n/a  running‐acc=0.693
Locality eval: pred=true              gold=true  correct=True  running‐acc=0.916
[ 451/600] loss=4.2285  pred=true   gold=true  running‐acc=0.694
Locality eval: pred=n/a               gold=n/a  correct=True  running‐acc=0.916
[ 452/600] loss=3.4945  pred=n/a    gold=n/a  running‐acc=0.695
Locality eval: pred=true              gold=true  correct=True  running‐acc=0.916
[ 453/600] loss=2.6766  pred=n/a    gold=n/a  running‐acc=0.695
Locality eval: pred=true              gold=true  correct=True  running‐acc=0.916
[ 454/600] loss=2.4978  pred=n/a    gold=n/a  running‐acc=0.696
Locality eval: pred=true              gold=true  correct=True  running‐acc=0.916
[ 455/600] loss=4.4309  pred=true   gold=true  running‐acc=0.697
Locality eval: pred=n/a               gold=n/a  correct=True  running‐acc=0.916
[ 456/600] loss=3.0466  pred=       gold=n/a  running‐acc=0.695
Locality eval: pred=true              gold=true  correct=True  running‐acc=0.917
[ 457/600] loss=3.2769  pred=n/a    gold=n/a  running‐acc=0.696
Locality eval: pred=n/a               gold=true  correct=False  running‐acc=0.915
[ 458/600] loss=3.0233  pred=n/a    gold=n/a  running‐acc=0.697
Locality eval: pred=true              gold=true  correct=True  running‐acc=0.915
[ 459/600] loss=4.1352  pred=true   gold=true  running‐acc=0.697
Locality eval: pred=n/a               gold=n/a  correct=True  running‐acc=0.915
[ 460/600] loss=3.4481  pred=n/a    gold=true  running‐acc=0.696
Locality eval: pred=false.            gold=n/a  correct=False  running‐acc=0.913
[ 461/600] loss=2.9853  pred=n/a    gold=n/a  running‐acc=0.696
Locality eval: pred=true              gold=true  correct=True  running‐acc=0.913
[ 462/600] loss=2.7481  pred=n/a    gold=n/a  running‐acc=0.697
Locality eval: pred=true              gold=true  correct=True  running‐acc=0.913
[ 463/600] loss=4.4938  pred=true   gold=true  running‐acc=0.698
Locality eval: pred=n/a               gold=n/a  correct=True  running‐acc=0.914
[ 464/600] loss=3.1152  pred=true   gold=n/a  running‐acc=0.696
Locality eval: pred=true              gold=true  correct=True  running‐acc=0.914
[ 465/600] loss=3.2979  pred=n/a    gold=n/a  running‐acc=0.697
Locality eval: pred=true              gold=true  correct=True  running‐acc=0.914
[ 466/600] loss=3.1738  pred=false  gold=n/a  running‐acc=0.695
Locality eval: pred=true              gold=true  correct=True  running‐acc=0.914
[ 467/600] loss=2.6867  pred=true   gold=n/a  running‐acc=0.694
Locality eval: pred=true              gold=true  correct=True  running‐acc=0.914
[ 468/600] loss=3.3066  pred=true   gold=n/a  running‐acc=0.692
Locality eval: pred=true              gold=true  correct=True  running‐acc=0.915
[ 469/600] loss=3.4729  pred=true   gold=true  running‐acc=0.693
Locality eval: pred=n/a               gold=n/a  correct=True  running‐acc=0.915
[ 470/600] loss=3.9846  pred=n/a.   gold=n/a  running‐acc=0.694
Locality eval: pred=true              gold=true  correct=True  running‐acc=0.915
[ 471/600] loss=3.0277  pred=true   gold=n/a  running‐acc=0.692
Locality eval: pred=true              gold=true  correct=True  running‐acc=0.915
[ 472/600] loss=4.0651  pred=true   gold=true  running‐acc=0.693
Locality eval: pred=false.            gold=n/a  correct=False  running‐acc=0.913
[ 473/600] loss=2.8981  pred=true   gold=n/a  running‐acc=0.691
Locality eval: pred=true              gold=true  correct=True  running‐acc=0.913
[ 474/600] loss=3.7551  pred=true   gold=true  running‐acc=0.692
Locality eval: pred=n/a               gold=n/a  correct=True  running‐acc=0.914
[ 475/600] loss=3.1939  pred=n/a    gold=n/a  running‐acc=0.693
Locality eval: pred=true              gold=true  correct=True  running‐acc=0.914
[ 476/600] loss=3.9215  pred=true   gold=true  running‐acc=0.693
Locality eval: pred=n/a               gold=n/a  correct=True  running‐acc=0.914
[ 477/600] loss=3.0076  pred=n/a    gold=n/a  running‐acc=0.694
Locality eval: pred=true              gold=true  correct=True  running‐acc=0.914
[ 478/600] loss=3.7587  pred=true   gold=true  running‐acc=0.695
Locality eval: pred=n/a               gold=n/a  correct=True  running‐acc=0.914
[ 479/600] loss=2.6477  pred=false.  gold=n/a  running‐acc=0.693
Locality eval: pred=true              gold=true  correct=True  running‐acc=0.914
[ 480/600] loss=2.9429  pred=false  gold=n/a  running‐acc=0.692
Locality eval: pred=true              gold=true  correct=True  running‐acc=0.915
[ 481/600] loss=3.1075  pred=n/a    gold=n/a  running‐acc=0.692
Locality eval: pred=true              gold=true  correct=True  running‐acc=0.915
[ 482/600] loss=3.8486  pred=true   gold=true  running‐acc=0.693
Locality eval: pred=n/a               gold=n/a  correct=True  running‐acc=0.915
[ 483/600] loss=3.0518  pred=n/a    gold=n/a  running‐acc=0.694
Locality eval: pred=true              gold=true  correct=True  running‐acc=0.915
[ 484/600] loss=2.9567  pred=n/a    gold=n/a  running‐acc=0.694
Locality eval: pred=true              gold=true  correct=True  running‐acc=0.915
[ 485/600] loss=3.5804  pred=n/a    gold=n/a  running‐acc=0.695
Locality eval: pred=true              gold=true  correct=True  running‐acc=0.915
[ 486/600] loss=3.0068  pred=n/a    gold=n/a  running‐acc=0.695
Locality eval: pred=true              gold=true  correct=True  running‐acc=0.916
[ 487/600] loss=2.9814  pred=n/a    gold=n/a  running‐acc=0.696
Locality eval: pred=true              gold=true  correct=True  running‐acc=0.916
[ 488/600] loss=2.9416  pred=false  gold=n/a  running‐acc=0.695
Locality eval: pred=true              gold=true  correct=True  running‐acc=0.916
[ 489/600] loss=3.1526  pred=n/a    gold=n/a  running‐acc=0.695
Locality eval: pred=true              gold=true  correct=True  running‐acc=0.916
[ 490/600] loss=2.7189  pred=n/a    gold=n/a  running‐acc=0.696
Locality eval: pred=true              gold=true  correct=True  running‐acc=0.916
[ 491/600] loss=2.8099  pred=n/a    gold=n/a  running‐acc=0.697
Locality eval: pred=true              gold=true  correct=True  running‐acc=0.916
[ 492/600] loss=3.7256  pred=true   gold=true  running‐acc=0.697
Locality eval: pred=n/a               gold=n/a  correct=True  running‐acc=0.917
[ 493/600] loss=2.8105  pred=true   gold=n/a  running‐acc=0.696
Locality eval: pred=true              gold=true  correct=True  running‐acc=0.917
[ 494/600] loss=3.1078  pred=n/a    gold=n/a  running‐acc=0.696
Locality eval: pred=true              gold=true  correct=True  running‐acc=0.917
[ 495/600] loss=3.0351  pred=n/a    gold=n/a  running‐acc=0.697
Locality eval: pred=true              gold=true  correct=True  running‐acc=0.917
[ 496/600] loss=3.0823  pred=n/a    gold=n/a  running‐acc=0.698
Locality eval: pred=true              gold=true  correct=True  running‐acc=0.917
[ 497/600] loss=3.7747  pred=n/a    gold=true  running‐acc=0.696
Locality eval: pred=n/a               gold=n/a  correct=True  running‐acc=0.918
[ 498/600] loss=3.8750  pred=true   gold=true  running‐acc=0.697
Locality eval: pred=n/a               gold=n/a  correct=True  running‐acc=0.918
[ 499/600] loss=2.8196  pred=n/a    gold=n/a  running‐acc=0.697
Locality eval: pred=true              gold=true  correct=True  running‐acc=0.918
[ 500/600] loss=2.2761  pred=n/a    gold=n/a  running‐acc=0.698
Locality eval: pred=true              gold=true  correct=True  running‐acc=0.918
[ 501/600] loss=3.2432  pred=n/a    gold=n/a  running‐acc=0.699
Locality eval: pred=true              gold=true  correct=True  running‐acc=0.918
[ 502/600] loss=2.6315  pred=n/a    gold=n/a  running‐acc=0.699
Locality eval: pred=true              gold=true  correct=True  running‐acc=0.918
[ 503/600] loss=2.7507  pred=true   gold=true  running‐acc=0.700
Locality eval: pred=n/a               gold=n/a  correct=True  running‐acc=0.918
[ 504/600] loss=3.4745  pred=true   gold=true  running‐acc=0.700
Locality eval: pred=n/a               gold=n/a  correct=True  running‐acc=0.919
[ 505/600] loss=4.3630  pred=true   gold=true  running‐acc=0.701
Locality eval: pred=n/a               gold=n/a  correct=True  running‐acc=0.919
[ 506/600] loss=3.8043  pred=true   gold=true  running‐acc=0.702
Locality eval: pred=n/a               gold=n/a  correct=True  running‐acc=0.919
[ 507/600] loss=3.7469  pred=true   gold=true  running‐acc=0.702
Locality eval: pred=n/a               gold=n/a  correct=True  running‐acc=0.919
[ 508/600] loss=3.9638  pred=true   gold=true  running‐acc=0.703
Locality eval: pred=n/a               gold=n/a  correct=True  running‐acc=0.919
[ 509/600] loss=4.4453  pred=true.  gold=true  running‐acc=0.703
Locality eval: pred=n/a               gold=n/a  correct=True  running‐acc=0.919
[ 510/600] loss=4.4863  pred=true   gold=true  running‐acc=0.704
Locality eval: pred=n/a               gold=n/a  correct=True  running‐acc=0.920
[ 511/600] loss=2.9808  pred=n/a    gold=n/a  running‐acc=0.705
Locality eval: pred=n/a               gold=true  correct=False  running‐acc=0.918
[ 512/600] loss=3.1285  pred=true   gold=true  running‐acc=0.705
Locality eval: pred=n/a               gold=n/a  correct=True  running‐acc=0.918
[ 513/600] loss=3.3270  pred=n/a    gold=n/a  running‐acc=0.706
Locality eval: pred=true              gold=true  correct=True  running‐acc=0.918
[ 514/600] loss=4.3450  pred=true   gold=true  running‐acc=0.706
Locality eval: pred=n/a               gold=n/a  correct=True  running‐acc=0.918
[ 515/600] loss=2.6493  pred=n/a    gold=n/a  running‐acc=0.707
Locality eval: pred=true              gold=true  correct=True  running‐acc=0.918
[ 516/600] loss=2.9955  pred=n/a    gold=n/a  running‐acc=0.707
Locality eval: pred=true              gold=true  correct=True  running‐acc=0.919
[ 517/600] loss=2.6799  pred=true   gold=n/a  running‐acc=0.706
Locality eval: pred=true              gold=true  correct=True  running‐acc=0.919
[ 518/600] loss=3.1272  pred=n/a    gold=n/a  running‐acc=0.707
Locality eval: pred=true              gold=true  correct=True  running‐acc=0.919
[ 519/600] loss=3.9585  pred=true   gold=true  running‐acc=0.707
Locality eval: pred=n/a               gold=n/a  correct=True  running‐acc=0.919
[ 520/600] loss=4.4714  pred=true   gold=true  running‐acc=0.708
Locality eval: pred=n/a               gold=n/a  correct=True  running‐acc=0.919
[ 521/600] loss=2.8777  pred=true   gold=true  running‐acc=0.708
Locality eval: pred=n/a               gold=n/a  correct=True  running‐acc=0.919
[ 522/600] loss=4.2092  pred=false  gold=true  running‐acc=0.707
Locality eval: pred=n/a.              gold=n/a  correct=True  running‐acc=0.920
[ 523/600] loss=3.4822  pred=true   gold=n/a  running‐acc=0.706
Locality eval: pred=true              gold=true  correct=True  running‐acc=0.920
[ 524/600] loss=3.4388  pred=true   gold=true  running‐acc=0.706
Locality eval: pred=n/a               gold=n/a  correct=True  running‐acc=0.920
[ 525/600] loss=3.9763  pred=true   gold=true  running‐acc=0.707
Locality eval: pred=n/a               gold=n/a  correct=True  running‐acc=0.920
[ 526/600] loss=3.3373  pred=true   gold=true  running‐acc=0.707
Locality eval: pred=n/a               gold=n/a  correct=True  running‐acc=0.920
[ 527/600] loss=2.7346  pred=n/a    gold=n/a  running‐acc=0.708
Locality eval: pred=true              gold=true  correct=True  running‐acc=0.920
[ 528/600] loss=4.2093  pred=true   gold=true  running‐acc=0.708
Locality eval: pred=n/a               gold=n/a  correct=True  running‐acc=0.920
[ 529/600] loss=2.9522  pred=n/a    gold=n/a  running‐acc=0.709
Locality eval: pred=true              gold=true  correct=True  running‐acc=0.921
[ 530/600] loss=4.3779  pred=true   gold=true  running‐acc=0.709
Locality eval: pred=n/a               gold=n/a  correct=True  running‐acc=0.921
[ 531/600] loss=3.2796  pred=n/a    gold=n/a  running‐acc=0.710
Locality eval: pred=true              gold=true  correct=True  running‐acc=0.921
[ 532/600] loss=3.9848  pred=true   gold=true  running‐acc=0.711
Locality eval: pred=n/a               gold=n/a  correct=True  running‐acc=0.921
[ 533/600] loss=2.9435  pred=n/a    gold=n/a  running‐acc=0.711
Locality eval: pred=true              gold=true  correct=True  running‐acc=0.921
[ 534/600] loss=4.1205  pred=true   gold=true  running‐acc=0.712
Locality eval: pred=n/a               gold=n/a  correct=True  running‐acc=0.921
[ 535/600] loss=3.4824  pred=true   gold=true  running‐acc=0.712
Locality eval: pred=n/a               gold=n/a  correct=True  running‐acc=0.921
[ 536/600] loss=3.9537  pred=true   gold=true  running‐acc=0.713
Locality eval: pred=n/a               gold=n/a  correct=True  running‐acc=0.922
[ 537/600] loss=2.9793  pred=false.  gold=n/a  running‐acc=0.711
Locality eval: pred=true              gold=true  correct=True  running‐acc=0.922
[ 538/600] loss=4.5868  pred=true   gold=true  running‐acc=0.712
Locality eval: pred=n/a               gold=n/a  correct=True  running‐acc=0.922
[ 539/600] loss=4.3705  pred=true   gold=true  running‐acc=0.712
Locality eval: pred=n/a               gold=n/a  correct=True  running‐acc=0.922
[ 540/600] loss=3.4350  pred=true   gold=n/a  running‐acc=0.711
Locality eval: pred=true              gold=true  correct=True  running‐acc=0.922
[ 541/600] loss=3.4841  pred=true.  gold=n/a  running‐acc=0.710
Locality eval: pred=true              gold=true  correct=True  running‐acc=0.922
[ 542/600] loss=3.6528  pred=true   gold=n/a  running‐acc=0.708
Locality eval: pred=true              gold=true  correct=True  running‐acc=0.923
[ 543/600] loss=3.7635  pred=true   gold=n/a  running‐acc=0.707
Locality eval: pred=true              gold=true  correct=True  running‐acc=0.923
[ 544/600] loss=3.5846  pred=n/a    gold=n/a  running‐acc=0.708
Locality eval: pred=true              gold=true  correct=True  running‐acc=0.923
[ 545/600] loss=4.5404  pred=true   gold=true  running‐acc=0.708
Locality eval: pred=n/a               gold=n/a  correct=True  running‐acc=0.923
[ 546/600] loss=3.0298  pred=true   gold=n/a  running‐acc=0.707
Locality eval: pred=true              gold=true  correct=True  running‐acc=0.923
[ 547/600] loss=3.6335  pred=true   gold=true  running‐acc=0.707
Locality eval: pred=n/a               gold=n/a  correct=True  running‐acc=0.923
[ 548/600] loss=3.8082  pred=true   gold=true  running‐acc=0.708
Locality eval: pred=n/a               gold=n/a  correct=True  running‐acc=0.923
[ 549/600] loss=3.6515  pred=true   gold=true  running‐acc=0.709
Locality eval: pred=n/a               gold=n/a  correct=True  running‐acc=0.923
[ 550/600] loss=3.0869  pred=true   gold=n/a  running‐acc=0.707
Locality eval: pred=true              gold=true  correct=True  running‐acc=0.924
[ 551/600] loss=3.9592  pred=true   gold=true  running‐acc=0.708
Locality eval: pred=n/a               gold=n/a  correct=True  running‐acc=0.924
[ 552/600] loss=3.2151  pred=n/a    gold=n/a  running‐acc=0.708
Locality eval: pred=true              gold=true  correct=True  running‐acc=0.924
[ 553/600] loss=3.3690  pred=n/a    gold=n/a  running‐acc=0.709
Locality eval: pred=true              gold=true  correct=True  running‐acc=0.924
[ 554/600] loss=4.0693  pred=true   gold=true  running‐acc=0.709
Locality eval: pred=n/a               gold=n/a  correct=True  running‐acc=0.924
[ 555/600] loss=2.9996  pred=n/a    gold=n/a  running‐acc=0.710
Locality eval: pred=true              gold=true  correct=True  running‐acc=0.924
[ 556/600] loss=3.3946  pred=n/a    gold=n/a  running‐acc=0.710
Locality eval: pred=true              gold=true  correct=True  running‐acc=0.924
[ 557/600] loss=3.0367  pred=true   gold=n/a  running‐acc=0.709
Locality eval: pred=true              gold=true  correct=True  running‐acc=0.925
[ 558/600] loss=4.3843  pred=true   gold=true  running‐acc=0.710
Locality eval: pred=n/a               gold=n/a  correct=True  running‐acc=0.925
[ 559/600] loss=4.2820  pred=n/a    gold=true  running‐acc=0.708
Locality eval: pred=false.            gold=n/a  correct=False  running‐acc=0.923
[ 560/600] loss=3.2946  pred=false  gold=n/a  running‐acc=0.707
Locality eval: pred=true              gold=true  correct=True  running‐acc=0.923
[ 561/600] loss=4.0848  pred=true   gold=true  running‐acc=0.708
Locality eval: pred=n/a               gold=n/a  correct=True  running‐acc=0.923
[ 562/600] loss=4.2617  pred=true   gold=true  running‐acc=0.708
Locality eval: pred=n/a               gold=n/a  correct=True  running‐acc=0.923
[ 563/600] loss=2.9069  pred=n/a    gold=n/a  running‐acc=0.709
Locality eval: pred=true              gold=true  correct=True  running‐acc=0.924
[ 564/600] loss=4.2920  pred=true   gold=true  running‐acc=0.709
Locality eval: pred=n/a               gold=n/a  correct=True  running‐acc=0.924
[ 565/600] loss=3.0491  pred=n/a    gold=n/a  running‐acc=0.710
Locality eval: pred=true              gold=true  correct=True  running‐acc=0.924
[ 566/600] loss=3.8225  pred=true   gold=true  running‐acc=0.710
Locality eval: pred=n/a               gold=n/a  correct=True  running‐acc=0.924
[ 567/600] loss=3.1884  pred=true   gold=true  running‐acc=0.711
Locality eval: pred=n/a               gold=n/a  correct=True  running‐acc=0.924
[ 568/600] loss=2.6471  pred=true   gold=n/a  running‐acc=0.710
Locality eval: pred=true              gold=true  correct=True  running‐acc=0.924
[ 569/600] loss=3.8071  pred=true   gold=true  running‐acc=0.710
Locality eval: pred=n/a               gold=n/a  correct=True  running‐acc=0.924
[ 570/600] loss=3.7495  pred=true   gold=true  running‐acc=0.711
Locality eval: pred=n/a               gold=n/a  correct=True  running‐acc=0.925
[ 571/600] loss=4.1795  pred=true   gold=true  running‐acc=0.711
Locality eval: pred=n/a               gold=n/a  correct=True  running‐acc=0.925
[ 572/600] loss=4.2547  pred=true   gold=true  running‐acc=0.712
Locality eval: pred=n/a               gold=n/a  correct=True  running‐acc=0.925
[ 573/600] loss=4.0729  pred=true   gold=true  running‐acc=0.712
Locality eval: pred=true              gold=n/a  correct=False  running‐acc=0.923
[ 574/600] loss=4.3670  pred=true   gold=true  running‐acc=0.713
Locality eval: pred=                  gold=n/a  correct=False  running‐acc=0.922
[ 575/600] loss=4.4321  pred=true   gold=true  running‐acc=0.713
Locality eval: pred=n/a               gold=n/a  correct=True  running‐acc=0.922
[ 576/600] loss=3.8668  pred=true   gold=true  running‐acc=0.714
Locality eval: pred=n/a               gold=n/a  correct=True  running‐acc=0.922
[ 577/600] loss=3.0259  pred=true   gold=true  running‐acc=0.714
Locality eval: pred=n/a               gold=n/a  correct=True  running‐acc=0.922
[ 578/600] loss=3.1285  pred=n/a    gold=n/a  running‐acc=0.715
Locality eval: pred=true              gold=true  correct=True  running‐acc=0.922
[ 579/600] loss=3.6008  pred=true   gold=true  running‐acc=0.715
Locality eval: pred=n/a               gold=n/a  correct=True  running‐acc=0.922
[ 580/600] loss=3.0569  pred=n/a    gold=n/a  running‐acc=0.716
Locality eval: pred=true              gold=true  correct=True  running‐acc=0.922
[ 581/600] loss=3.0246  pred=n/a    gold=n/a  running‐acc=0.716
Locality eval: pred=true              gold=true  correct=True  running‐acc=0.923
[ 582/600] loss=3.3383  pred=n/a    gold=n/a  running‐acc=0.716
Locality eval: pred=true              gold=true  correct=True  running‐acc=0.923
[ 583/600] loss=3.1201  pred=n/a    gold=n/a  running‐acc=0.717
Locality eval: pred=true.             gold=true  correct=True  running‐acc=0.923
[ 584/600] loss=2.9511  pred=n/a    gold=n/a  running‐acc=0.717
Locality eval: pred=true              gold=true  correct=True  running‐acc=0.923
[ 585/600] loss=2.9843  pred=false  gold=n/a  running‐acc=0.716
Locality eval: pred=true              gold=true  correct=True  running‐acc=0.923
[ 586/600] loss=2.7608  pred=n/a    gold=n/a  running‐acc=0.717
Locality eval: pred=true              gold=true  correct=True  running‐acc=0.923
[ 587/600] loss=3.6111  pred=true   gold=true  running‐acc=0.717
Locality eval: pred=n/a               gold=n/a  correct=True  running‐acc=0.923
[ 588/600] loss=4.1031  pred=false  gold=true  running‐acc=0.716
Locality eval: pred=n/a               gold=n/a  correct=True  running‐acc=0.923
[ 589/600] loss=4.4920  pred=true   gold=true  running‐acc=0.716
Locality eval: pred=n/a               gold=n/a  correct=True  running‐acc=0.924
[ 590/600] loss=4.1041  pred=true   gold=true  running‐acc=0.717
Locality eval: pred=n/a               gold=n/a  correct=True  running‐acc=0.924
[ 591/600] loss=3.4975  pred=true   gold=true  running‐acc=0.717
Locality eval: pred=n/a               gold=n/a  correct=True  running‐acc=0.924
[ 592/600] loss=3.0363  pred=true   gold=n/a  running‐acc=0.716
Locality eval: pred=true              gold=true  correct=True  running‐acc=0.924
[ 593/600] loss=4.9395  pred=true   gold=true  running‐acc=0.717
Locality eval: pred=n/a               gold=n/a  correct=True  running‐acc=0.924
[ 594/600] loss=2.7365  pred=n/a    gold=n/a  running‐acc=0.717
Locality eval: pred=true              gold=true  correct=True  running‐acc=0.924
[ 595/600] loss=3.3599  pred=true   gold=true  running‐acc=0.718
Locality eval: pred=n/a               gold=n/a  correct=True  running‐acc=0.924
[ 596/600] loss=2.8949  pred=true   gold=n/a  running‐acc=0.716
Locality eval: pred=true              gold=true  correct=True  running‐acc=0.924
[ 597/600] loss=3.3033  pred=n/a    gold=n/a  running‐acc=0.717
Locality eval: pred=true              gold=true  correct=True  running‐acc=0.925
[ 598/600] loss=3.8605  pred=false.  gold=true  running‐acc=0.716
Locality eval: pred=true              gold=n/a  correct=False  running‐acc=0.923
[ 599/600] loss=4.3449  pred=true   gold=true  running‐acc=0.716
Locality eval: pred=n/a               gold=n/a  correct=True  running‐acc=0.923
[ 600/600] loss=2.7447  pred=true   gold=n/a  running‐acc=0.715
Locality eval: pred=true              gold=true  correct=True  running‐acc=0.923

Finished in 575.8s.  Final accuracy: 0.715.

