
Loading base model (4‐bit)…
Loading checkpoint shards:   0%|          | 0/2 [00:00<?, ?it/s]Loading checkpoint shards:  50%|█████     | 1/2 [00:05<00:05,  5.94s/it]Loading checkpoint shards: 100%|██████████| 2/2 [00:05<00:00,  2.98s/it]
trainable params: 1,843,200 || all params: 2,508,015,616 || trainable%: 0.0735
  0%|          | 0/600 [00:00<?, ?it/s]100%|██████████| 600/600 [00:00<00:00, 28390.41it/s]
Loaded 600 (train, eval) pairs.

Starting sequential training…
Cached 72 LoRA tensors.
[   1/600] loss=1.5366  pred=true   gold=true  running‐acc=1.000
Locality eval: pred=                  gold=n/a  correct=False  running‐acc=0.000
[   2/600] loss=1.7841  pred=true   gold=true  running‐acc=1.000
Locality eval: pred=true              gold=n/a  correct=False  running‐acc=0.000
[   3/600] loss=1.2909  pred=true   gold=true  running‐acc=1.000
Locality eval: pred=n/a               gold=n/a  correct=True  running‐acc=0.333
[   4/600] loss=1.4333  pred=true   gold=true  running‐acc=1.000
Locality eval: pred=                  gold=n/a  correct=False  running‐acc=0.250
[   5/600] loss=1.9716  pred=       gold=true  running‐acc=0.800
Locality eval: pred=n/a               gold=n/a  correct=True  running‐acc=0.400
[   6/600] loss=1.8043  pred=true   gold=true  running‐acc=0.833
Locality eval: pred=true              gold=n/a  correct=False  running‐acc=0.333
[   7/600] loss=1.7563  pred=n/a    gold=n/a  running‐acc=0.857
Locality eval: pred=true              gold=true  correct=True  running‐acc=0.429
[   8/600] loss=1.7020  pred=n/a    gold=n/a  running‐acc=0.875
Locality eval: pred=                  gold=true  correct=False  running‐acc=0.375
[   9/600] loss=1.8808  pred=true   gold=true  running‐acc=0.889
Locality eval: pred=true              gold=n/a  correct=False  running‐acc=0.333
[  10/600] loss=2.2336  pred=true   gold=true  running‐acc=0.900
Locality eval: pred=true              gold=n/a  correct=False  running‐acc=0.300
[  11/600] loss=2.0766  pred=true   gold=true  running‐acc=0.909
Locality eval: pred=n/a               gold=n/a  correct=True  running‐acc=0.364
[  12/600] loss=1.2941  pred=true   gold=true  running‐acc=0.917
Locality eval: pred=n/a               gold=n/a  correct=True  running‐acc=0.417
[  13/600] loss=1.7410  pred=n/a    gold=n/a  running‐acc=0.923
Locality eval: pred=n/a               gold=true  correct=False  running‐acc=0.385
[  14/600] loss=1.4808  pred=n/a    gold=n/a  running‐acc=0.929
Locality eval: pred=true              gold=true  correct=True  running‐acc=0.429
[  15/600] loss=1.0822  pred=       gold=true  running‐acc=0.867
Locality eval: pred=true              gold=n/a  correct=False  running‐acc=0.400
[  16/600] loss=1.9159  pred=n/a    gold=n/a  running‐acc=0.875
Locality eval: pred=true              gold=true  correct=True  running‐acc=0.438
[  17/600] loss=1.5115  pred=n/a    gold=n/a  running‐acc=0.882
Locality eval: pred=true              gold=true  correct=True  running‐acc=0.471
[  18/600] loss=1.2198  pred=true   gold=true  running‐acc=0.889
Locality eval: pred=n/a               gold=n/a  correct=True  running‐acc=0.500
[  19/600] loss=1.9498  pred=true   gold=true  running‐acc=0.895
Locality eval: pred=n/a               gold=n/a  correct=True  running‐acc=0.526
[  20/600] loss=1.6420  pred=n/a    gold=n/a  running‐acc=0.900
Locality eval: pred=                  gold=true  correct=False  running‐acc=0.500
[  21/600] loss=1.3435  pred=n/a    gold=n/a  running‐acc=0.905
Locality eval: pred=n/a.              gold=true  correct=False  running‐acc=0.476
[  22/600] loss=1.5015  pred=n/a    gold=n/a  running‐acc=0.909
Locality eval: pred=true              gold=true  correct=True  running‐acc=0.500
[  23/600] loss=1.5401  pred=n/a    gold=n/a  running‐acc=0.913
Locality eval: pred=n/a               gold=true  correct=False  running‐acc=0.478
[  24/600] loss=1.3125  pred=n/a    gold=n/a  running‐acc=0.917
Locality eval: pred=n/a               gold=true  correct=False  running‐acc=0.458
[  25/600] loss=1.9254  pred=true   gold=true  running‐acc=0.920
Locality eval: pred=true              gold=n/a  correct=False  running‐acc=0.440
[  26/600] loss=1.2540  pred=n/a    gold=n/a  running‐acc=0.923
Locality eval: pred=n/a               gold=true  correct=False  running‐acc=0.423
[  27/600] loss=1.6931  pred=       gold=n/a  running‐acc=0.889
Locality eval: pred=n/a               gold=true  correct=False  running‐acc=0.407
[  28/600] loss=1.4684  pred=n/a    gold=n/a  running‐acc=0.893
Locality eval: pred=n/a               gold=true  correct=False  running‐acc=0.393
[  29/600] loss=1.8469  pred=       gold=n/a  running‐acc=0.862
Locality eval: pred=n/a               gold=true  correct=False  running‐acc=0.379
[  30/600] loss=1.5297  pred=n/a    gold=n/a  running‐acc=0.867
Locality eval: pred=n/a               gold=true  correct=False  running‐acc=0.367
[  31/600] loss=1.5881  pred=true   gold=true  running‐acc=0.871
Locality eval: pred=n/a               gold=n/a  correct=True  running‐acc=0.387
[  32/600] loss=1.4432  pred=n/a    gold=n/a  running‐acc=0.875
Locality eval: pred=n/a               gold=true  correct=False  running‐acc=0.375
[  33/600] loss=1.7572  pred=n/a    gold=n/a  running‐acc=0.879
Locality eval: pred=                  gold=true  correct=False  running‐acc=0.364
[  34/600] loss=1.3248  pred=n/a    gold=n/a  running‐acc=0.882
Locality eval: pred=true              gold=true  correct=True  running‐acc=0.382
[  35/600] loss=1.1170  pred=true   gold=true  running‐acc=0.886
Locality eval: pred=true              gold=n/a  correct=False  running‐acc=0.371
[  36/600] loss=1.5939  pred=n/a    gold=n/a  running‐acc=0.889
Locality eval: pred=n/a               gold=true  correct=False  running‐acc=0.361
[  37/600] loss=1.8545  pred=       gold=true  running‐acc=0.865
Locality eval: pred=                  gold=n/a  correct=False  running‐acc=0.351
[  38/600] loss=2.3288  pred=n/a    gold=n/a  running‐acc=0.868
Locality eval: pred=n/a               gold=true  correct=False  running‐acc=0.342
[  39/600] loss=3.1712  pred=       gold=true  running‐acc=0.846
Locality eval: pred=                  gold=n/a  correct=False  running‐acc=0.333
[  40/600] loss=1.9954  pred=true   gold=true  running‐acc=0.850
Locality eval: pred=                  gold=n/a  correct=False  running‐acc=0.325
[  41/600] loss=2.3480  pred=       gold=true  running‐acc=0.829
Locality eval: pred=                  gold=n/a  correct=False  running‐acc=0.317
[  42/600] loss=1.4252  pred=n/a    gold=n/a  running‐acc=0.833
Locality eval: pred=n/a               gold=true  correct=False  running‐acc=0.310
[  43/600] loss=1.7328  pred=true   gold=true  running‐acc=0.837
Locality eval: pred=true              gold=n/a  correct=False  running‐acc=0.302
[  44/600] loss=1.5503  pred=n/a    gold=n/a  running‐acc=0.841
Locality eval: pred=n/a               gold=true  correct=False  running‐acc=0.295
[  45/600] loss=1.7017  pred=n/a    gold=n/a  running‐acc=0.844
Locality eval: pred=n/a               gold=true  correct=False  running‐acc=0.289
[  46/600] loss=2.4055  pred=true   gold=true  running‐acc=0.848
Locality eval: pred=n/a               gold=n/a  correct=True  running‐acc=0.304
[  47/600] loss=1.3984  pred=true   gold=true  running‐acc=0.851
Locality eval: pred=true              gold=n/a  correct=False  running‐acc=0.298
[  48/600] loss=1.6723  pred=       gold=n/a  running‐acc=0.833
Locality eval: pred=n/a               gold=true  correct=False  running‐acc=0.292
[  49/600] loss=1.9715  pred=       gold=true  running‐acc=0.816
Locality eval: pred=n/a               gold=n/a  correct=True  running‐acc=0.306
[  50/600] loss=1.1203  pred=n/a    gold=n/a  running‐acc=0.820
Locality eval: pred=true              gold=true  correct=True  running‐acc=0.320
[  51/600] loss=2.0284  pred=true   gold=true  running‐acc=0.824
Locality eval: pred=n/a               gold=n/a  correct=True  running‐acc=0.333
[  52/600] loss=1.9212  pred=true   gold=true  running‐acc=0.827
Locality eval: pred=                  gold=n/a  correct=False  running‐acc=0.327
[  53/600] loss=1.6686  pred=n/a    gold=n/a  running‐acc=0.830
Locality eval: pred=n/a               gold=true  correct=False  running‐acc=0.321
[  54/600] loss=1.2794  pred=true   gold=true  running‐acc=0.833
Locality eval: pred=true              gold=n/a  correct=False  running‐acc=0.315
[  55/600] loss=2.2426  pred=n/a    gold=n/a  running‐acc=0.836
Locality eval: pred=n/a               gold=true  correct=False  running‐acc=0.309
[  56/600] loss=1.3110  pred=n/a    gold=n/a  running‐acc=0.839
Locality eval: pred=                  gold=true  correct=False  running‐acc=0.304
[  57/600] loss=0.8596  pred=true   gold=true  running‐acc=0.842
Locality eval: pred=true              gold=n/a  correct=False  running‐acc=0.298
[  58/600] loss=1.2360  pred=true   gold=true  running‐acc=0.845
Locality eval: pred=true              gold=n/a  correct=False  running‐acc=0.293
[  59/600] loss=1.6375  pred=n/a    gold=true  running‐acc=0.831
Locality eval: pred=                  gold=n/a  correct=False  running‐acc=0.288
[  60/600] loss=1.0886  pred=true   gold=true  running‐acc=0.833
Locality eval: pred=false             gold=n/a  correct=False  running‐acc=0.283
[  61/600] loss=2.1212  pred=n/a    gold=true  running‐acc=0.820
Locality eval: pred=n/a               gold=n/a  correct=True  running‐acc=0.295
[  62/600] loss=2.0319  pred=       gold=true  running‐acc=0.806
Locality eval: pred=                  gold=n/a  correct=False  running‐acc=0.290
[  63/600] loss=1.8869  pred=n/a    gold=n/a  running‐acc=0.810
Locality eval: pred=n/a               gold=true  correct=False  running‐acc=0.286
[  64/600] loss=1.3104  pred=true   gold=n/a  running‐acc=0.797
Locality eval: pred=true              gold=true  correct=True  running‐acc=0.297
[  65/600] loss=2.1094  pred=n/a    gold=n/a  running‐acc=0.800
Locality eval: pred=n/a               gold=true  correct=False  running‐acc=0.292
[  66/600] loss=1.7164  pred=true   gold=true  running‐acc=0.803
Locality eval: pred=true              gold=n/a  correct=False  running‐acc=0.288
[  67/600] loss=1.3005  pred=true   gold=true  running‐acc=0.806
Locality eval: pred=n/a               gold=n/a  correct=True  running‐acc=0.299
[  68/600] loss=1.4970  pred=true   gold=true  running‐acc=0.809
Locality eval: pred=n/a               gold=n/a  correct=True  running‐acc=0.309
[  69/600] loss=1.5887  pred=n/a    gold=n/a  running‐acc=0.812
Locality eval: pred=n/a               gold=true  correct=False  running‐acc=0.304
[  70/600] loss=1.7966  pred=       gold=n/a  running‐acc=0.800
Locality eval: pred=n/a               gold=true  correct=False  running‐acc=0.300
[  71/600] loss=1.9738  pred=n/a    gold=n/a  running‐acc=0.803
Locality eval: pred=n/a               gold=true  correct=False  running‐acc=0.296
[  72/600] loss=1.8556  pred=n/a    gold=n/a  running‐acc=0.806
Locality eval: pred=n/a               gold=true  correct=False  running‐acc=0.292
[  73/600] loss=1.8983  pred=true   gold=true  running‐acc=0.808
Locality eval: pred=n/a               gold=n/a  correct=True  running‐acc=0.301
[  74/600] loss=1.7242  pred=       gold=n/a  running‐acc=0.797
Locality eval: pred=n/a               gold=true  correct=False  running‐acc=0.297
[  75/600] loss=1.6586  pred=n/a    gold=n/a  running‐acc=0.800
Locality eval: pred=n/a               gold=true  correct=False  running‐acc=0.293
[  76/600] loss=2.5102  pred=true   gold=true  running‐acc=0.803
Locality eval: pred=                  gold=n/a  correct=False  running‐acc=0.289
[  77/600] loss=2.3125  pred=       gold=true  running‐acc=0.792
Locality eval: pred=true              gold=n/a  correct=False  running‐acc=0.286
[  78/600] loss=1.6295  pred=       gold=n/a  running‐acc=0.782
Locality eval: pred=n/a               gold=true  correct=False  running‐acc=0.282
[  79/600] loss=2.0177  pred=true   gold=true  running‐acc=0.785
Locality eval: pred=                  gold=n/a  correct=False  running‐acc=0.278
[  80/600] loss=1.4779  pred=n/a    gold=n/a  running‐acc=0.787
Locality eval: pred=n/a               gold=true  correct=False  running‐acc=0.275
[  81/600] loss=1.7596  pred=n/a    gold=n/a  running‐acc=0.790
Locality eval: pred=true              gold=true  correct=True  running‐acc=0.284
[  82/600] loss=2.1398  pred=true   gold=true  running‐acc=0.793
Locality eval: pred=                  gold=n/a  correct=False  running‐acc=0.280
[  83/600] loss=1.6984  pred=n/a    gold=n/a  running‐acc=0.795
Locality eval: pred=n/a               gold=true  correct=False  running‐acc=0.277
[  84/600] loss=1.9967  pred=n/a    gold=true  running‐acc=0.786
Locality eval: pred=n/a               gold=n/a  correct=True  running‐acc=0.286
[  85/600] loss=1.8053  pred=n/a    gold=n/a  running‐acc=0.788
Locality eval: pred=n/a               gold=true  correct=False  running‐acc=0.282
[  86/600] loss=1.4587  pred=n/a    gold=n/a  running‐acc=0.791
Locality eval: pred=n/a               gold=true  correct=False  running‐acc=0.279
[  87/600] loss=1.5521  pred=n/a    gold=n/a  running‐acc=0.793
Locality eval: pred=true              gold=true  correct=True  running‐acc=0.287
[  88/600] loss=1.8093  pred=true   gold=true  running‐acc=0.795
Locality eval: pred=true              gold=n/a  correct=False  running‐acc=0.284
[  89/600] loss=1.4322  pred=true   gold=true  running‐acc=0.798
Locality eval: pred=n/a               gold=n/a  correct=True  running‐acc=0.292
[  90/600] loss=1.4181  pred=true   gold=n/a  running‐acc=0.789
Locality eval: pred=true              gold=true  correct=True  running‐acc=0.300
[  91/600] loss=0.8886  pred=false  gold=n/a  running‐acc=0.780
Locality eval: pred=true              gold=true  correct=True  running‐acc=0.308
[  92/600] loss=0.8010  pred=true   gold=true  running‐acc=0.783
Locality eval: pred=                  gold=n/a  correct=False  running‐acc=0.304
[  93/600] loss=1.4860  pred=n/a    gold=n/a  running‐acc=0.785
Locality eval: pred=true              gold=true  correct=True  running‐acc=0.312
[  94/600] loss=1.4551  pred=       gold=n/a  running‐acc=0.777
Locality eval: pred=true              gold=true  correct=True  running‐acc=0.319
[  95/600] loss=1.7269  pred=true   gold=true  running‐acc=0.779
Locality eval: pred=n/a               gold=n/a  correct=True  running‐acc=0.326
[  96/600] loss=1.5851  pred=n/a    gold=n/a  running‐acc=0.781
Locality eval: pred=n/a               gold=true  correct=False  running‐acc=0.323
[  97/600] loss=1.0831  pred=n/a    gold=n/a  running‐acc=0.784
Locality eval: pred=true              gold=true  correct=True  running‐acc=0.330
[  98/600] loss=1.4916  pred=n/a    gold=n/a  running‐acc=0.786
Locality eval: pred=true              gold=true  correct=True  running‐acc=0.337
[  99/600] loss=0.9227  pred=true   gold=true  running‐acc=0.788
Locality eval: pred=n/a               gold=n/a  correct=True  running‐acc=0.343
[ 100/600] loss=1.4878  pred=true   gold=true  running‐acc=0.790
Locality eval: pred=n/a               gold=n/a  correct=True  running‐acc=0.350
[ 101/600] loss=1.3543  pred=n/a    gold=n/a  running‐acc=0.792
Locality eval: pred=true              gold=true  correct=True  running‐acc=0.356
[ 102/600] loss=1.4508  pred=       gold=true  running‐acc=0.784
Locality eval: pred=                  gold=n/a  correct=False  running‐acc=0.353
[ 103/600] loss=1.9574  pred=n/a    gold=n/a  running‐acc=0.786
Locality eval: pred=                  gold=true  correct=False  running‐acc=0.350
[ 104/600] loss=1.3969  pred=true   gold=true  running‐acc=0.788
Locality eval: pred=                  gold=n/a  correct=False  running‐acc=0.346
[ 105/600] loss=1.6061  pred=true   gold=true  running‐acc=0.790
Locality eval: pred=false             gold=n/a  correct=False  running‐acc=0.343
[ 106/600] loss=1.4755  pred=true   gold=true  running‐acc=0.792
Locality eval: pred=true              gold=n/a  correct=False  running‐acc=0.340
[ 107/600] loss=1.4073  pred=true   gold=true  running‐acc=0.794
Locality eval: pred=false             gold=n/a  correct=False  running‐acc=0.336
[ 108/600] loss=1.4677  pred=       gold=true  running‐acc=0.787
Locality eval: pred=n/a               gold=n/a  correct=True  running‐acc=0.343
[ 109/600] loss=1.9496  pred=true   gold=true  running‐acc=0.789
Locality eval: pred=n/a               gold=n/a  correct=True  running‐acc=0.349
[ 110/600] loss=1.4231  pred=true   gold=true  running‐acc=0.791
Locality eval: pred=true              gold=n/a  correct=False  running‐acc=0.345
[ 111/600] loss=0.7538  pred=true   gold=true  running‐acc=0.793
Locality eval: pred=true              gold=n/a  correct=False  running‐acc=0.342
[ 112/600] loss=1.3174  pred=       gold=true  running‐acc=0.786
Locality eval: pred=                  gold=n/a  correct=False  running‐acc=0.339
[ 113/600] loss=1.2165  pred=false  gold=n/a  running‐acc=0.779
Locality eval: pred=true              gold=true  correct=True  running‐acc=0.345
[ 114/600] loss=1.6602  pred=n/a    gold=n/a  running‐acc=0.781
Locality eval: pred=                  gold=true  correct=False  running‐acc=0.342
[ 115/600] loss=1.6246  pred=       gold=n/a  running‐acc=0.774
Locality eval: pred=true              gold=true  correct=True  running‐acc=0.348
[ 116/600] loss=1.4496  pred=true   gold=true  running‐acc=0.776
Locality eval: pred=n/a               gold=n/a  correct=True  running‐acc=0.353
[ 117/600] loss=1.6431  pred=n/a    gold=n/a  running‐acc=0.778
Locality eval: pred=n/a               gold=true  correct=False  running‐acc=0.350
[ 118/600] loss=1.7034  pred=n/a    gold=n/a  running‐acc=0.780
Locality eval: pred=                  gold=true  correct=False  running‐acc=0.347
[ 119/600] loss=1.4624  pred=n/a    gold=n/a  running‐acc=0.782
Locality eval: pred=n/a               gold=true  correct=False  running‐acc=0.345
[ 120/600] loss=2.1096  pred=n/a    gold=n/a  running‐acc=0.783
Locality eval: pred=n/a               gold=true  correct=False  running‐acc=0.342
[ 121/600] loss=1.5412  pred=true   gold=true  running‐acc=0.785
Locality eval: pred=true              gold=n/a  correct=False  running‐acc=0.339
[ 122/600] loss=2.1078  pred=true,  gold=true  running‐acc=0.787
Locality eval: pred=true              gold=n/a  correct=False  running‐acc=0.336
[ 123/600] loss=1.8513  pred=n/a    gold=n/a  running‐acc=0.789
Locality eval: pred=n/a               gold=true  correct=False  running‐acc=0.333
[ 124/600] loss=1.4836  pred=n/a    gold=n/a  running‐acc=0.790
Locality eval: pred=true              gold=true  correct=True  running‐acc=0.339
[ 125/600] loss=1.8247  pred=n/a    gold=n/a  running‐acc=0.792
Locality eval: pred=n/a               gold=true  correct=False  running‐acc=0.336
[ 126/600] loss=1.6774  pred=n/a    gold=true  running‐acc=0.786
Locality eval: pred=n/a               gold=n/a  correct=True  running‐acc=0.341
[ 127/600] loss=1.7524  pred=true   gold=true  running‐acc=0.787
Locality eval: pred=n/a               gold=n/a  correct=True  running‐acc=0.346
[ 128/600] loss=1.5675  pred=n/a    gold=n/a  running‐acc=0.789
Locality eval: pred=n/a               gold=true  correct=False  running‐acc=0.344
[ 129/600] loss=0.9060  pred=true   gold=true  running‐acc=0.791
Locality eval: pred=true              gold=n/a  correct=False  running‐acc=0.341
[ 130/600] loss=1.8297  pred=n/a    gold=n/a  running‐acc=0.792
Locality eval: pred=n/a               gold=true  correct=False  running‐acc=0.338
[ 131/600] loss=2.7017  pred=n/a    gold=true  running‐acc=0.786
Locality eval: pred=                  gold=n/a  correct=False  running‐acc=0.336
[ 132/600] loss=1.8804  pred=n/a    gold=n/a  running‐acc=0.788
Locality eval: pred=n/a.              gold=true  correct=False  running‐acc=0.333
[ 133/600] loss=1.7472  pred=n/a    gold=n/a  running‐acc=0.789
Locality eval: pred=n/a               gold=true  correct=False  running‐acc=0.331
[ 134/600] loss=1.2970  pred=true   gold=true  running‐acc=0.791
Locality eval: pred=true              gold=n/a  correct=False  running‐acc=0.328
[ 135/600] loss=1.7346  pred=true   gold=true  running‐acc=0.793
Locality eval: pred=n/a               gold=n/a  correct=True  running‐acc=0.333
[ 136/600] loss=1.5304  pred=n/a    gold=n/a  running‐acc=0.794
Locality eval: pred=true              gold=true  correct=True  running‐acc=0.338
[ 137/600] loss=1.7508  pred=true   gold=true  running‐acc=0.796
Locality eval: pred=true              gold=n/a  correct=False  running‐acc=0.336
[ 138/600] loss=2.2536  pred=true   gold=true  running‐acc=0.797
Locality eval: pred=true              gold=n/a  correct=False  running‐acc=0.333
[ 139/600] loss=2.0213  pred=n/a    gold=n/a  running‐acc=0.799
Locality eval: pred=n/a               gold=true  correct=False  running‐acc=0.331
[ 140/600] loss=1.5059  pred=n/a    gold=n/a  running‐acc=0.800
Locality eval: pred=n/a               gold=true  correct=False  running‐acc=0.329
[ 141/600] loss=1.6855  pred=n/a    gold=n/a  running‐acc=0.801
Locality eval: pred=n/a               gold=true  correct=False  running‐acc=0.326
[ 142/600] loss=1.7609  pred=n/a    gold=n/a  running‐acc=0.803
Locality eval: pred=n/a               gold=true  correct=False  running‐acc=0.324
[ 143/600] loss=0.8248  pred=true   gold=true  running‐acc=0.804
Locality eval: pred=n/a               gold=n/a  correct=True  running‐acc=0.329
[ 144/600] loss=1.1618  pred=true   gold=true  running‐acc=0.806
Locality eval: pred=n/a               gold=n/a  correct=True  running‐acc=0.333
[ 145/600] loss=1.8103  pred=true   gold=true  running‐acc=0.807
Locality eval: pred=true              gold=n/a  correct=False  running‐acc=0.331
[ 146/600] loss=1.7287  pred=       gold=true  running‐acc=0.801
Locality eval: pred=true              gold=n/a  correct=False  running‐acc=0.329
[ 147/600] loss=1.5293  pred=n/a    gold=n/a  running‐acc=0.803
Locality eval: pred=n/a               gold=true  correct=False  running‐acc=0.327
[ 148/600] loss=1.4331  pred=       gold=true  running‐acc=0.797
Locality eval: pred=n/a               gold=n/a  correct=True  running‐acc=0.331
[ 149/600] loss=1.6130  pred=n/a    gold=n/a  running‐acc=0.799
Locality eval: pred=true              gold=true  correct=True  running‐acc=0.336
[ 150/600] loss=0.8456  pred=n/a    gold=n/a  running‐acc=0.800
Locality eval: pred=true              gold=true  correct=True  running‐acc=0.340
[ 151/600] loss=1.2621  pred=true   gold=true  running‐acc=0.801
Locality eval: pred=n/a               gold=n/a  correct=True  running‐acc=0.344
[ 152/600] loss=0.9934  pred=true   gold=true  running‐acc=0.803
Locality eval: pred=true              gold=n/a  correct=False  running‐acc=0.342
[ 153/600] loss=1.5534  pred=n/a    gold=n/a  running‐acc=0.804
Locality eval: pred=n/a               gold=true  correct=False  running‐acc=0.340
[ 154/600] loss=1.8890  pred=n/a    gold=n/a  running‐acc=0.805
Locality eval: pred=n/a               gold=true  correct=False  running‐acc=0.338
[ 155/600] loss=0.5743  pred=true   gold=true  running‐acc=0.806
Locality eval: pred=true              gold=n/a  correct=False  running‐acc=0.335
[ 156/600] loss=1.6375  pred=n/a    gold=n/a  running‐acc=0.808
Locality eval: pred=n/a               gold=true  correct=False  running‐acc=0.333
[ 157/600] loss=1.8744  pred=true   gold=true  running‐acc=0.809
Locality eval: pred=                  gold=n/a  correct=False  running‐acc=0.331
[ 158/600] loss=1.6757  pred=n/a    gold=n/a  running‐acc=0.810
Locality eval: pred=n/a               gold=true  correct=False  running‐acc=0.329
[ 159/600] loss=1.5512  pred=n/a    gold=n/a  running‐acc=0.811
Locality eval: pred=true              gold=true  correct=True  running‐acc=0.333
[ 160/600] loss=1.8626  pred=n/a    gold=n/a  running‐acc=0.812
Locality eval: pred=                  gold=true  correct=False  running‐acc=0.331
[ 161/600] loss=1.9698  pred=true   gold=true  running‐acc=0.814
Locality eval: pred=n/a               gold=n/a  correct=True  running‐acc=0.335
[ 162/600] loss=1.4518  pred=true   gold=n/a  running‐acc=0.809
Locality eval: pred=false             gold=true  correct=False  running‐acc=0.333
[ 163/600] loss=1.4938  pred=n/a    gold=n/a  running‐acc=0.810
Locality eval: pred=                  gold=true  correct=False  running‐acc=0.331
[ 164/600] loss=1.6934  pred=n/a    gold=n/a  running‐acc=0.811
Locality eval: pred=n/a               gold=true  correct=False  running‐acc=0.329
[ 165/600] loss=2.0884  pred=true   gold=true  running‐acc=0.812
Locality eval: pred=n/a               gold=n/a  correct=True  running‐acc=0.333
[ 166/600] loss=1.6789  pred=true   gold=true  running‐acc=0.813
Locality eval: pred=true              gold=n/a  correct=False  running‐acc=0.331
[ 167/600] loss=1.9691  pred=n/a    gold=n/a  running‐acc=0.814
Locality eval: pred=n/a               gold=true  correct=False  running‐acc=0.329
[ 168/600] loss=1.2342  pred=true   gold=true  running‐acc=0.815
Locality eval: pred=n/a               gold=n/a  correct=True  running‐acc=0.333
[ 169/600] loss=1.6248  pred=n/a    gold=n/a  running‐acc=0.817
Locality eval: pred=n/a               gold=true  correct=False  running‐acc=0.331
[ 170/600] loss=1.2192  pred=n/a    gold=n/a  running‐acc=0.818
Locality eval: pred=true              gold=true  correct=True  running‐acc=0.335
[ 171/600] loss=1.3912  pred=n/a    gold=n/a  running‐acc=0.819
Locality eval: pred=true              gold=true  correct=True  running‐acc=0.339
[ 172/600] loss=2.2770  pred=       gold=true  running‐acc=0.814
Locality eval: pred=n/a               gold=n/a  correct=True  running‐acc=0.343
[ 173/600] loss=1.3550  pred=       gold=n/a  running‐acc=0.809
Locality eval: pred=true              gold=true  correct=True  running‐acc=0.347
[ 174/600] loss=1.8921  pred=       gold=true  running‐acc=0.805
Locality eval: pred=n/a               gold=n/a  correct=True  running‐acc=0.351
[ 175/600] loss=1.3313  pred=       gold=true  running‐acc=0.800
Locality eval: pred=                  gold=n/a  correct=False  running‐acc=0.349
[ 176/600] loss=1.8515  pred=n/a    gold=n/a  running‐acc=0.801
Locality eval: pred=n/a               gold=true  correct=False  running‐acc=0.347
[ 177/600] loss=1.4518  pred=true   gold=true  running‐acc=0.802
Locality eval: pred=true              gold=n/a  correct=False  running‐acc=0.345
[ 178/600] loss=1.8542  pred=n/a    gold=n/a  running‐acc=0.803
Locality eval: pred=n/a               gold=true  correct=False  running‐acc=0.343
[ 179/600] loss=1.9860  pred=n/a    gold=n/a  running‐acc=0.804
Locality eval: pred=n/a               gold=true  correct=False  running‐acc=0.341
[ 180/600] loss=1.9124  pred=true   gold=true  running‐acc=0.806
Locality eval: pred=true              gold=n/a  correct=False  running‐acc=0.339
[ 181/600] loss=1.7701  pred=n/a    gold=n/a  running‐acc=0.807
Locality eval: pred=n/a               gold=true  correct=False  running‐acc=0.337
[ 182/600] loss=1.9706  pred=n/a    gold=n/a  running‐acc=0.808
Locality eval: pred=n/a               gold=true  correct=False  running‐acc=0.335
[ 183/600] loss=1.9824  pred=       gold=true  running‐acc=0.803
Locality eval: pred=n/a               gold=n/a  correct=True  running‐acc=0.339
[ 184/600] loss=1.4421  pred=true   gold=true  running‐acc=0.804
Locality eval: pred=true              gold=n/a  correct=False  running‐acc=0.337
[ 185/600] loss=1.4917  pred=true   gold=true  running‐acc=0.805
Locality eval: pred=n/a               gold=n/a  correct=True  running‐acc=0.341
[ 186/600] loss=1.9418  pred=       gold=true  running‐acc=0.801
Locality eval: pred=                  gold=n/a  correct=False  running‐acc=0.339
[ 187/600] loss=1.4474  pred=n/a    gold=n/a  running‐acc=0.802
Locality eval: pred=true              gold=true  correct=True  running‐acc=0.342
[ 188/600] loss=1.3960  pred=n/a    gold=n/a  running‐acc=0.803
Locality eval: pred=n/a               gold=true  correct=False  running‐acc=0.340
[ 189/600] loss=1.4786  pred=true   gold=true  running‐acc=0.804
Locality eval: pred=n/a               gold=n/a  correct=True  running‐acc=0.344
[ 190/600] loss=2.0868  pred=n/a    gold=n/a  running‐acc=0.805
Locality eval: pred=n/a               gold=true  correct=False  running‐acc=0.342
[ 191/600] loss=1.6719  pred=n/a    gold=n/a  running‐acc=0.806
Locality eval: pred=n/a               gold=true  correct=False  running‐acc=0.340
[ 192/600] loss=1.5214  pred=n/a    gold=n/a  running‐acc=0.807
Locality eval: pred=true              gold=true  correct=True  running‐acc=0.344
[ 193/600] loss=2.2407  pred=       gold=true  running‐acc=0.803
Locality eval: pred=n/a               gold=n/a  correct=True  running‐acc=0.347
[ 194/600] loss=1.4086  pred=true   gold=true  running‐acc=0.804
Locality eval: pred=n/a               gold=n/a  correct=True  running‐acc=0.351
[ 195/600] loss=1.1435  pred=true   gold=true  running‐acc=0.805
Locality eval: pred=true              gold=n/a  correct=False  running‐acc=0.349
[ 196/600] loss=1.5299  pred=true   gold=true  running‐acc=0.806
Locality eval: pred=n/a               gold=n/a  correct=True  running‐acc=0.352
[ 197/600] loss=1.2902  pred=       gold=true  running‐acc=0.802
Locality eval: pred=n/a               gold=n/a  correct=True  running‐acc=0.355
[ 198/600] loss=1.4871  pred=n/a    gold=n/a  running‐acc=0.803
Locality eval: pred=true              gold=true  correct=True  running‐acc=0.359
[ 199/600] loss=1.5344  pred=true   gold=true  running‐acc=0.804
Locality eval: pred=false             gold=n/a  correct=False  running‐acc=0.357
[ 200/600] loss=2.0771  pred=true   gold=true  running‐acc=0.805
Locality eval: pred=true              gold=n/a  correct=False  running‐acc=0.355
[ 201/600] loss=1.1156  pred=false  gold=n/a  running‐acc=0.801
Locality eval: pred=n/a               gold=true  correct=False  running‐acc=0.353
[ 202/600] loss=1.5690  pred=n/a    gold=n/a  running‐acc=0.802
Locality eval: pred=true              gold=true  correct=True  running‐acc=0.356
[ 203/600] loss=1.6427  pred=true   gold=true  running‐acc=0.803
Locality eval: pred=n/a               gold=n/a  correct=True  running‐acc=0.360
[ 204/600] loss=0.9907  pred=n/a    gold=n/a  running‐acc=0.804
Locality eval: pred=true              gold=true  correct=True  running‐acc=0.363
[ 205/600] loss=2.4695  pred=       gold=true  running‐acc=0.800
Locality eval: pred=                  gold=n/a  correct=False  running‐acc=0.361
[ 206/600] loss=1.4002  pred=n/a    gold=n/a  running‐acc=0.801
Locality eval: pred=n/a               gold=true  correct=False  running‐acc=0.359
[ 207/600] loss=1.7515  pred=n/a    gold=n/a  running‐acc=0.802
Locality eval: pred=n/a               gold=true  correct=False  running‐acc=0.357
[ 208/600] loss=1.6522  pred=       gold=true  running‐acc=0.798
Locality eval: pred=n/a               gold=n/a  correct=True  running‐acc=0.361
[ 209/600] loss=1.6032  pred=n/a    gold=n/a  running‐acc=0.799
Locality eval: pred=n/a               gold=true  correct=False  running‐acc=0.359
[ 210/600] loss=1.4806  pred=       gold=n/a  running‐acc=0.795
Locality eval: pred=                  gold=true  correct=False  running‐acc=0.357
[ 211/600] loss=1.2863  pred=true   gold=true  running‐acc=0.796
Locality eval: pred=n/a               gold=n/a  correct=True  running‐acc=0.360
[ 212/600] loss=1.4755  pred=true   gold=n/a  running‐acc=0.792
Locality eval: pred=n/a               gold=true  correct=False  running‐acc=0.358
[ 213/600] loss=2.3582  pred=       gold=true  running‐acc=0.789
Locality eval: pred=true              gold=n/a  correct=False  running‐acc=0.357
[ 214/600] loss=0.9978  pred=false  gold=n/a  running‐acc=0.785
Locality eval: pred=n/a               gold=true  correct=False  running‐acc=0.355
[ 215/600] loss=1.2007  pred=true   gold=true  running‐acc=0.786
Locality eval: pred=true              gold=n/a  correct=False  running‐acc=0.353
[ 216/600] loss=1.7302  pred=n/a    gold=n/a  running‐acc=0.787
Locality eval: pred=n/a               gold=true  correct=False  running‐acc=0.352
[ 217/600] loss=2.0211  pred=true   gold=true  running‐acc=0.788
Locality eval: pred=true              gold=n/a  correct=False  running‐acc=0.350
[ 218/600] loss=1.9099  pred=n/a    gold=n/a  running‐acc=0.789
Locality eval: pred=n/a               gold=true  correct=False  running‐acc=0.349
[ 219/600] loss=1.3096  pred=true   gold=true  running‐acc=0.790
Locality eval: pred=n/a               gold=n/a  correct=True  running‐acc=0.352
[ 220/600] loss=1.8424  pred=n/a    gold=n/a  running‐acc=0.791
Locality eval: pred=n/a               gold=true  correct=False  running‐acc=0.350
[ 221/600] loss=1.7076  pred=       gold=n/a  running‐acc=0.787
Locality eval: pred=n/a               gold=true  correct=False  running‐acc=0.348
[ 222/600] loss=2.0419  pred=       gold=n/a  running‐acc=0.784
Locality eval: pred=n/a               gold=true  correct=False  running‐acc=0.347
[ 223/600] loss=1.5084  pred=n/a    gold=n/a  running‐acc=0.785
Locality eval: pred=                  gold=true  correct=False  running‐acc=0.345
[ 224/600] loss=1.4818  pred=true   gold=n/a  running‐acc=0.781
Locality eval: pred=true              gold=true  correct=True  running‐acc=0.348
[ 225/600] loss=1.5685  pred=n/a    gold=n/a  running‐acc=0.782
Locality eval: pred=n/a               gold=true  correct=False  running‐acc=0.347
[ 226/600] loss=1.7951  pred=       gold=true  running‐acc=0.779
Locality eval: pred=true              gold=n/a  correct=False  running‐acc=0.345
[ 227/600] loss=0.8403  pred=n/a    gold=n/a  running‐acc=0.780
Locality eval: pred=true              gold=true  correct=True  running‐acc=0.348
[ 228/600] loss=1.5670  pred=n/a    gold=n/a  running‐acc=0.781
Locality eval: pred=n/a               gold=true  correct=False  running‐acc=0.346
[ 229/600] loss=1.5774  pred=n/a    gold=n/a  running‐acc=0.782
Locality eval: pred=n/a               gold=true  correct=False  running‐acc=0.345
[ 230/600] loss=1.2660  pred=n/a    gold=n/a  running‐acc=0.783
Locality eval: pred=n/a               gold=true  correct=False  running‐acc=0.343
[ 231/600] loss=1.8761  pred=n/a    gold=n/a  running‐acc=0.784
Locality eval: pred=n/a               gold=true  correct=False  running‐acc=0.342
[ 232/600] loss=1.8724  pred=n/a    gold=n/a  running‐acc=0.784
Locality eval: pred=n/a               gold=true  correct=False  running‐acc=0.341
[ 233/600] loss=2.1084  pred=true   gold=true  running‐acc=0.785
Locality eval: pred=                  gold=n/a  correct=False  running‐acc=0.339
[ 234/600] loss=1.8378  pred=true   gold=true  running‐acc=0.786
Locality eval: pred=true              gold=n/a  correct=False  running‐acc=0.338
[ 235/600] loss=0.9906  pred=false  gold=n/a  running‐acc=0.783
Locality eval: pred=true              gold=true  correct=True  running‐acc=0.340
[ 236/600] loss=1.8945  pred=n/a    gold=n/a  running‐acc=0.784
Locality eval: pred=n/a.              gold=true  correct=False  running‐acc=0.339
[ 237/600] loss=2.0121  pred=false  gold=true  running‐acc=0.781
Locality eval: pred=n/a               gold=n/a  correct=True  running‐acc=0.342
[ 238/600] loss=1.9267  pred=n/a    gold=n/a  running‐acc=0.782
Locality eval: pred=n/a               gold=true  correct=False  running‐acc=0.340
[ 239/600] loss=1.7619  pred=n/a    gold=n/a  running‐acc=0.782
Locality eval: pred=true              gold=true  correct=True  running‐acc=0.343
[ 240/600] loss=2.6145  pred=       gold=true  running‐acc=0.779
Locality eval: pred=true              gold=n/a  correct=False  running‐acc=0.342
[ 241/600] loss=2.0439  pred=n/a    gold=n/a  running‐acc=0.780
Locality eval: pred=n/a               gold=true  correct=False  running‐acc=0.340
[ 242/600] loss=1.5135  pred=n/a    gold=n/a  running‐acc=0.781
Locality eval: pred=n/a               gold=true  correct=False  running‐acc=0.339
[ 243/600] loss=1.7641  pred=       gold=n/a  running‐acc=0.778
Locality eval: pred=n/a               gold=true  correct=False  running‐acc=0.337
[ 244/600] loss=1.6996  pred=true   gold=true  running‐acc=0.779
Locality eval: pred=                  gold=n/a  correct=False  running‐acc=0.336
[ 245/600] loss=2.2690  pred=n/a    gold=true  running‐acc=0.776
Locality eval: pred=true              gold=n/a  correct=False  running‐acc=0.335
[ 246/600] loss=1.4806  pred=true   gold=true  running‐acc=0.776
Locality eval: pred=                  gold=n/a  correct=False  running‐acc=0.333
[ 247/600] loss=1.6602  pred=       gold=true  running‐acc=0.773
Locality eval: pred=n/a               gold=n/a  correct=True  running‐acc=0.336
[ 248/600] loss=1.9549  pred=true   gold=true  running‐acc=0.774
Locality eval: pred=true              gold=n/a  correct=False  running‐acc=0.335
[ 249/600] loss=1.6641  pred=n/a    gold=n/a  running‐acc=0.775
Locality eval: pred=n/a               gold=true  correct=False  running‐acc=0.333
[ 250/600] loss=1.7415  pred=       gold=true  running‐acc=0.772
Locality eval: pred=n/a               gold=n/a  correct=True  running‐acc=0.336
[ 251/600] loss=1.6829  pred=n/a    gold=n/a  running‐acc=0.773
Locality eval: pred=true              gold=true  correct=True  running‐acc=0.339
[ 252/600] loss=1.9146  pred=n/a    gold=n/a  running‐acc=0.774
Locality eval: pred=n/a               gold=true  correct=False  running‐acc=0.337
[ 253/600] loss=2.1467  pred=       gold=true  running‐acc=0.771
Locality eval: pred=true              gold=n/a  correct=False  running‐acc=0.336
[ 254/600] loss=2.0823  pred=true   gold=true  running‐acc=0.772
Locality eval: pred=n/a               gold=n/a  correct=True  running‐acc=0.339
[ 255/600] loss=2.0022  pred=n/a    gold=n/a  running‐acc=0.773
Locality eval: pred=n/a               gold=true  correct=False  running‐acc=0.337
[ 256/600] loss=1.5355  pred=n/a    gold=n/a  running‐acc=0.773
Locality eval: pred=true              gold=true  correct=True  running‐acc=0.340
[ 257/600] loss=1.9470  pred=       gold=n/a  running‐acc=0.770
Locality eval: pred=n/a               gold=true  correct=False  running‐acc=0.339
[ 258/600] loss=1.7117  pred=n/a    gold=n/a  running‐acc=0.771
Locality eval: pred=n/a               gold=true  correct=False  running‐acc=0.337
[ 259/600] loss=1.2419  pred=true   gold=true  running‐acc=0.772
Locality eval: pred=true              gold=n/a  correct=False  running‐acc=0.336
[ 260/600] loss=1.6232  pred=true   gold=true  running‐acc=0.773
Locality eval: pred=                  gold=n/a  correct=False  running‐acc=0.335
[ 261/600] loss=1.4556  pred=true   gold=true  running‐acc=0.774
Locality eval: pred=true              gold=n/a  correct=False  running‐acc=0.333
[ 262/600] loss=1.6853  pred=true   gold=true  running‐acc=0.775
Locality eval: pred=n/a               gold=n/a  correct=True  running‐acc=0.336
[ 263/600] loss=1.4555  pred=n/a    gold=n/a  running‐acc=0.776
Locality eval: pred=n/a               gold=true  correct=False  running‐acc=0.335
[ 264/600] loss=1.5849  pred=n/a    gold=n/a  running‐acc=0.777
Locality eval: pred=true              gold=true  correct=True  running‐acc=0.337
[ 265/600] loss=2.0369  pred=true   gold=true  running‐acc=0.777
Locality eval: pred=true              gold=n/a  correct=False  running‐acc=0.336
[ 266/600] loss=1.9607  pred=n/a    gold=n/a  running‐acc=0.778
Locality eval: pred=n/a               gold=true  correct=False  running‐acc=0.335
[ 267/600] loss=1.5978  pred=       gold=n/a  running‐acc=0.775
Locality eval: pred=n/a               gold=true  correct=False  running‐acc=0.333
[ 268/600] loss=1.7838  pred=       gold=true  running‐acc=0.772
Locality eval: pred=n/a               gold=n/a  correct=True  running‐acc=0.336
[ 269/600] loss=1.5878  pred=n/a    gold=n/a  running‐acc=0.773
Locality eval: pred=n/a               gold=true  correct=False  running‐acc=0.335
[ 270/600] loss=1.1950  pred=true   gold=true  running‐acc=0.774
Locality eval: pred=true              gold=n/a  correct=False  running‐acc=0.333
[ 271/600] loss=1.3403  pred=n/a    gold=n/a  running‐acc=0.775
Locality eval: pred=n/a               gold=true  correct=False  running‐acc=0.332
[ 272/600] loss=1.7872  pred=true   gold=true  running‐acc=0.776
Locality eval: pred=n/a               gold=n/a  correct=True  running‐acc=0.335
[ 273/600] loss=1.4867  pred=n/a    gold=n/a  running‐acc=0.777
Locality eval: pred=true              gold=true  correct=True  running‐acc=0.337
[ 274/600] loss=1.4933  pred=       gold=n/a  running‐acc=0.774
Locality eval: pred=                  gold=true  correct=False  running‐acc=0.336
[ 275/600] loss=2.2675  pred=true   gold=true  running‐acc=0.775
Locality eval: pred=n/a               gold=n/a  correct=True  running‐acc=0.338
[ 276/600] loss=1.5122  pred=n/a    gold=n/a  running‐acc=0.775
Locality eval: pred=n/a               gold=true  correct=False  running‐acc=0.337
[ 277/600] loss=1.7406  pred=true   gold=true  running‐acc=0.776
Locality eval: pred=true              gold=n/a  correct=False  running‐acc=0.336
[ 278/600] loss=1.8851  pred=n/a    gold=n/a  running‐acc=0.777
Locality eval: pred=n/a               gold=true  correct=False  running‐acc=0.335
[ 279/600] loss=1.5484  pred=true   gold=true  running‐acc=0.778
Locality eval: pred=n/a               gold=n/a  correct=True  running‐acc=0.337
[ 280/600] loss=1.4574  pred=n/a    gold=n/a  running‐acc=0.779
Locality eval: pred=n/a               gold=true  correct=False  running‐acc=0.336
[ 281/600] loss=1.7511  pred=true   gold=true  running‐acc=0.779
Locality eval: pred=n/a               gold=n/a  correct=True  running‐acc=0.338
[ 282/600] loss=1.3659  pred=true   gold=true  running‐acc=0.780
Locality eval: pred=n/a               gold=n/a  correct=True  running‐acc=0.340
[ 283/600] loss=1.4199  pred=n/a    gold=n/a  running‐acc=0.781
Locality eval: pred=true              gold=true  correct=True  running‐acc=0.343
[ 284/600] loss=0.8055  pred=false  gold=n/a  running‐acc=0.778
Locality eval: pred=true              gold=true  correct=True  running‐acc=0.345
[ 285/600] loss=1.2812  pred=true   gold=true  running‐acc=0.779
Locality eval: pred=false.            gold=n/a  correct=False  running‐acc=0.344
[ 286/600] loss=1.4885  pred=n/a    gold=n/a  running‐acc=0.780
Locality eval: pred=n/a               gold=true  correct=False  running‐acc=0.343
[ 287/600] loss=1.4184  pred=n/a    gold=n/a  running‐acc=0.780
Locality eval: pred=true              gold=true  correct=True  running‐acc=0.345
[ 288/600] loss=1.3165  pred=true   gold=true  running‐acc=0.781
Locality eval: pred=n/a               gold=n/a  correct=True  running‐acc=0.347
[ 289/600] loss=1.9500  pred=       gold=true  running‐acc=0.779
Locality eval: pred=                  gold=n/a  correct=False  running‐acc=0.346
[ 290/600] loss=1.4595  pred=n/a    gold=n/a  running‐acc=0.779
Locality eval: pred=n/a               gold=true  correct=False  running‐acc=0.345
[ 291/600] loss=1.7219  pred=true   gold=true  running‐acc=0.780
Locality eval: pred=true              gold=n/a  correct=False  running‐acc=0.344
[ 292/600] loss=1.4493  pred=true   gold=true  running‐acc=0.781
Locality eval: pred=n/a               gold=n/a  correct=True  running‐acc=0.346
[ 293/600] loss=1.3438  pred=       gold=true  running‐acc=0.778
Locality eval: pred=true              gold=n/a  correct=False  running‐acc=0.345
[ 294/600] loss=1.4514  pred=true   gold=true  running‐acc=0.779
Locality eval: pred=                  gold=n/a  correct=False  running‐acc=0.344
[ 295/600] loss=2.0733  pred=n/a    gold=n/a  running‐acc=0.780
Locality eval: pred=n/a               gold=true  correct=False  running‐acc=0.342
[ 296/600] loss=1.6750  pred=n/a    gold=n/a  running‐acc=0.780
Locality eval: pred=                  gold=true  correct=False  running‐acc=0.341
[ 297/600] loss=2.4099  pred=true   gold=true  running‐acc=0.781
Locality eval: pred=                  gold=n/a  correct=False  running‐acc=0.340
[ 298/600] loss=1.2390  pred=true   gold=true  running‐acc=0.782
Locality eval: pred=true              gold=n/a  correct=False  running‐acc=0.339
[ 299/600] loss=1.2154  pred=n/a    gold=n/a  running‐acc=0.783
Locality eval: pred=n/a               gold=true  correct=False  running‐acc=0.338
[ 300/600] loss=0.8559  pred=n/a    gold=n/a  running‐acc=0.783
Locality eval: pred=                  gold=true  correct=False  running‐acc=0.337
[ 301/600] loss=1.8164  pred=true   gold=true  running‐acc=0.784
Locality eval: pred=true              gold=n/a  correct=False  running‐acc=0.336
[ 302/600] loss=1.7884  pred=true   gold=true  running‐acc=0.785
Locality eval: pred=true              gold=n/a  correct=False  running‐acc=0.334
[ 303/600] loss=0.9598  pred=true   gold=true  running‐acc=0.785
Locality eval: pred=n/a               gold=n/a  correct=True  running‐acc=0.337
[ 304/600] loss=2.2005  pred=true   gold=true  running‐acc=0.786
Locality eval: pred=n/a               gold=n/a  correct=True  running‐acc=0.339
[ 305/600] loss=1.4821  pred=true   gold=true  running‐acc=0.787
Locality eval: pred=true              gold=n/a  correct=False  running‐acc=0.338
[ 306/600] loss=1.7269  pred=true   gold=true  running‐acc=0.788
Locality eval: pred=                  gold=n/a  correct=False  running‐acc=0.337
[ 307/600] loss=1.6895  pred=true   gold=true  running‐acc=0.788
Locality eval: pred=true              gold=n/a  correct=False  running‐acc=0.336
[ 308/600] loss=2.1025  pred=n/a    gold=true  running‐acc=0.786
Locality eval: pred=                  gold=n/a  correct=False  running‐acc=0.334
[ 309/600] loss=1.3524  pred=true   gold=true  running‐acc=0.786
Locality eval: pred=                  gold=n/a  correct=False  running‐acc=0.333
[ 310/600] loss=2.0981  pred=n/a    gold=n/a  running‐acc=0.787
Locality eval: pred=                  gold=true  correct=False  running‐acc=0.332
[ 311/600] loss=1.8270  pred=true   gold=true  running‐acc=0.788
Locality eval: pred=                  gold=n/a  correct=False  running‐acc=0.331
[ 312/600] loss=1.2961  pred=true   gold=true  running‐acc=0.788
Locality eval: pred=n/a               gold=n/a  correct=True  running‐acc=0.333
[ 313/600] loss=1.2190  pred=n/a    gold=n/a  running‐acc=0.789
Locality eval: pred=false             gold=true  correct=False  running‐acc=0.332
[ 314/600] loss=1.3574  pred=n/a    gold=n/a  running‐acc=0.790
Locality eval: pred=true              gold=true  correct=True  running‐acc=0.334
[ 315/600] loss=1.5054  pred=true   gold=n/a  running‐acc=0.787
Locality eval: pred=true              gold=true  correct=True  running‐acc=0.337
[ 316/600] loss=1.4383  pred=true   gold=true  running‐acc=0.788
Locality eval: pred=true              gold=n/a  correct=False  running‐acc=0.335
[ 317/600] loss=1.7861  pred=       gold=true  running‐acc=0.785
Locality eval: pred=n/a               gold=n/a  correct=True  running‐acc=0.338
[ 318/600] loss=1.4807  pred=true   gold=true  running‐acc=0.786
Locality eval: pred=true              gold=n/a  correct=False  running‐acc=0.336
[ 319/600] loss=1.3069  pred=n/a    gold=n/a  running‐acc=0.787
Locality eval: pred=true              gold=true  correct=True  running‐acc=0.339
[ 320/600] loss=1.3460  pred=n/a    gold=n/a  running‐acc=0.787
Locality eval: pred=n/a               gold=true  correct=False  running‐acc=0.338
[ 321/600] loss=1.4691  pred=true   gold=true  running‐acc=0.788
Locality eval: pred=n/a               gold=n/a  correct=True  running‐acc=0.340
[ 322/600] loss=1.4740  pred=true   gold=true  running‐acc=0.789
Locality eval: pred=n/a               gold=n/a  correct=True  running‐acc=0.342
[ 323/600] loss=1.4847  pred=n/a    gold=n/a  running‐acc=0.789
Locality eval: pred=                  gold=true  correct=False  running‐acc=0.341
[ 324/600] loss=1.9304  pred=n/a    gold=n/a  running‐acc=0.790
Locality eval: pred=n/a               gold=true  correct=False  running‐acc=0.340
[ 325/600] loss=1.8140  pred=true   gold=true  running‐acc=0.791
Locality eval: pred=                  gold=n/a  correct=False  running‐acc=0.338
[ 326/600] loss=1.4177  pred=n/a    gold=n/a  running‐acc=0.791
Locality eval: pred=n/a               gold=true  correct=False  running‐acc=0.337
[ 327/600] loss=2.2585  pred=true   gold=true  running‐acc=0.792
Locality eval: pred=true              gold=n/a  correct=False  running‐acc=0.336
[ 328/600] loss=1.4878  pred=n/a    gold=n/a  running‐acc=0.793
Locality eval: pred=n/a               gold=true  correct=False  running‐acc=0.335
[ 329/600] loss=1.0427  pred=true   gold=true  running‐acc=0.793
Locality eval: pred=true              gold=n/a  correct=False  running‐acc=0.334
[ 330/600] loss=1.3997  pred=n/a    gold=n/a  running‐acc=0.794
Locality eval: pred=true              gold=true  correct=True  running‐acc=0.336
[ 331/600] loss=1.6408  pred=true   gold=true  running‐acc=0.795
Locality eval: pred=n/a               gold=n/a  correct=True  running‐acc=0.338
[ 332/600] loss=1.4842  pred=n/a    gold=n/a  running‐acc=0.795
Locality eval: pred=                  gold=true  correct=False  running‐acc=0.337
[ 333/600] loss=0.8262  pred=true   gold=true  running‐acc=0.796
Locality eval: pred=true              gold=n/a  correct=False  running‐acc=0.336
[ 334/600] loss=2.3095  pred=       gold=n/a  running‐acc=0.793
Locality eval: pred=n/a               gold=true  correct=False  running‐acc=0.335
[ 335/600] loss=1.9162  pred=true   gold=true  running‐acc=0.794
Locality eval: pred=true              gold=n/a  correct=False  running‐acc=0.334
[ 336/600] loss=1.3661  pred=n/a    gold=n/a  running‐acc=0.795
Locality eval: pred=true              gold=true  correct=True  running‐acc=0.336
[ 337/600] loss=1.9512  pred=n/a    gold=n/a  running‐acc=0.795
Locality eval: pred=n/a               gold=true  correct=False  running‐acc=0.335
[ 338/600] loss=1.3765  pred=n/a    gold=n/a  running‐acc=0.796
Locality eval: pred=true              gold=true  correct=True  running‐acc=0.337
[ 339/600] loss=1.5789  pred=n/a    gold=n/a  running‐acc=0.796
Locality eval: pred=n/a               gold=true  correct=False  running‐acc=0.336
[ 340/600] loss=1.4180  pred=n/a    gold=n/a  running‐acc=0.797
Locality eval: pred=true              gold=true  correct=True  running‐acc=0.338
[ 341/600] loss=1.8985  pred=true   gold=true  running‐acc=0.798
Locality eval: pred=                  gold=n/a  correct=False  running‐acc=0.337
[ 342/600] loss=1.4396  pred=true   gold=true  running‐acc=0.798
Locality eval: pred=n/a               gold=n/a  correct=True  running‐acc=0.339
[ 343/600] loss=0.4909  pred=true   gold=n/a  running‐acc=0.796
Locality eval: pred=true              gold=true  correct=True  running‐acc=0.341
[ 344/600] loss=1.7244  pred=true   gold=true  running‐acc=0.797
Locality eval: pred=n/a               gold=n/a  correct=True  running‐acc=0.343
[ 345/600] loss=1.0549  pred=false  gold=n/a  running‐acc=0.794
Locality eval: pred=true              gold=true  correct=True  running‐acc=0.345
[ 346/600] loss=1.4705  pred=true   gold=true  running‐acc=0.795
Locality eval: pred=                  gold=n/a  correct=False  running‐acc=0.344
[ 347/600] loss=0.8803  pred=n/a    gold=n/a  running‐acc=0.795
Locality eval: pred=n/a               gold=true  correct=False  running‐acc=0.343
[ 348/600] loss=1.4986  pred=n/a    gold=n/a  running‐acc=0.796
Locality eval: pred=n/a               gold=true  correct=False  running‐acc=0.342
[ 349/600] loss=1.5996  pred=n/a    gold=n/a  running‐acc=0.797
Locality eval: pred=true              gold=true  correct=True  running‐acc=0.344
[ 350/600] loss=1.4490  pred=n/a    gold=n/a  running‐acc=0.797
Locality eval: pred=n/a               gold=true  correct=False  running‐acc=0.343
[ 351/600] loss=1.5329  pred=n/a    gold=n/a  running‐acc=0.798
Locality eval: pred=n/a               gold=true  correct=False  running‐acc=0.342
[ 352/600] loss=1.7410  pred=n/a    gold=n/a  running‐acc=0.798
Locality eval: pred=true              gold=true  correct=True  running‐acc=0.344
[ 353/600] loss=1.4280  pred=       gold=n/a  running‐acc=0.796
Locality eval: pred=n/a               gold=true  correct=False  running‐acc=0.343
[ 354/600] loss=1.9820  pred=       gold=true  running‐acc=0.794
Locality eval: pred=n/a               gold=n/a  correct=True  running‐acc=0.345
[ 355/600] loss=1.5079  pred=true   gold=true  running‐acc=0.794
Locality eval: pred=true              gold=n/a  correct=False  running‐acc=0.344
[ 356/600] loss=1.6442  pred=n/a    gold=true  running‐acc=0.792
Locality eval: pred=n/a               gold=n/a  correct=True  running‐acc=0.346
[ 357/600] loss=1.6251  pred=n/a    gold=true  running‐acc=0.790
Locality eval: pred=false             gold=n/a  correct=False  running‐acc=0.345
[ 358/600] loss=2.1050  pred=true   gold=true  running‐acc=0.791
Locality eval: pred=false             gold=n/a  correct=False  running‐acc=0.344
[ 359/600] loss=1.4440  pred=true   gold=true  running‐acc=0.791
Locality eval: pred=                  gold=n/a  correct=False  running‐acc=0.343
[ 360/600] loss=1.8104  pred=n/a    gold=n/a  running‐acc=0.792
Locality eval: pred=n/a               gold=true  correct=False  running‐acc=0.342
[ 361/600] loss=2.1073  pred=true   gold=true  running‐acc=0.792
Locality eval: pred=n/a               gold=n/a  correct=True  running‐acc=0.343
[ 362/600] loss=1.7983  pred=true   gold=true  running‐acc=0.793
Locality eval: pred=n/a               gold=n/a  correct=True  running‐acc=0.345
[ 363/600] loss=1.4312  pred=n/a    gold=n/a  running‐acc=0.793
Locality eval: pred=true              gold=true  correct=True  running‐acc=0.347
[ 364/600] loss=2.6299  pred=       gold=true  running‐acc=0.791
Locality eval: pred=                  gold=n/a  correct=False  running‐acc=0.346
[ 365/600] loss=1.8873  pred=true   gold=true  running‐acc=0.792
Locality eval: pred=                  gold=n/a  correct=False  running‐acc=0.345
[ 366/600] loss=1.6473  pred=n/a    gold=n/a  running‐acc=0.792
Locality eval: pred=                  gold=true  correct=False  running‐acc=0.344
[ 367/600] loss=1.5435  pred=n/a    gold=n/a  running‐acc=0.793
Locality eval: pred=true              gold=true  correct=True  running‐acc=0.346
[ 368/600] loss=1.8032  pred=n/a    gold=true  running‐acc=0.791
Locality eval: pred=n/a               gold=n/a  correct=True  running‐acc=0.348
[ 369/600] loss=1.7036  pred=n/a    gold=n/a  running‐acc=0.791
Locality eval: pred=n/a               gold=true  correct=False  running‐acc=0.347
[ 370/600] loss=1.5487  pred=n/a    gold=n/a  running‐acc=0.792
Locality eval: pred=n/a               gold=true  correct=False  running‐acc=0.346
[ 371/600] loss=1.2919  pred=true   gold=true  running‐acc=0.792
Locality eval: pred=n/a               gold=n/a  correct=True  running‐acc=0.348
[ 372/600] loss=1.7216  pred=true   gold=true  running‐acc=0.793
Locality eval: pred=false             gold=n/a  correct=False  running‐acc=0.347
[ 373/600] loss=1.2266  pred=n/a    gold=true  running‐acc=0.791
Locality eval: pred=n/a               gold=n/a  correct=True  running‐acc=0.349
[ 374/600] loss=1.5385  pred=n/a    gold=n/a  running‐acc=0.791
Locality eval: pred=true              gold=true  correct=True  running‐acc=0.350
[ 375/600] loss=1.3467  pred=true   gold=true  running‐acc=0.792
Locality eval: pred=true              gold=n/a  correct=False  running‐acc=0.349
[ 376/600] loss=1.4797  pred=true   gold=true  running‐acc=0.793
Locality eval: pred=n/a               gold=n/a  correct=True  running‐acc=0.351
[ 377/600] loss=1.7497  pred=true   gold=true  running‐acc=0.793
Locality eval: pred=n/a               gold=n/a  correct=True  running‐acc=0.353
[ 378/600] loss=2.6642  pred=       gold=true  running‐acc=0.791
Locality eval: pred=                  gold=n/a  correct=False  running‐acc=0.352
[ 379/600] loss=1.4841  pred=true   gold=true  running‐acc=0.792
Locality eval: pred=n/a               gold=n/a  correct=True  running‐acc=0.354
[ 380/600] loss=1.5212  pred=true   gold=true  running‐acc=0.792
Locality eval: pred=true              gold=n/a  correct=False  running‐acc=0.353
[ 381/600] loss=1.5549  pred=n/a    gold=n/a  running‐acc=0.793
Locality eval: pred=true              gold=true  correct=True  running‐acc=0.354
[ 382/600] loss=1.7568  pred=n/a    gold=n/a  running‐acc=0.793
Locality eval: pred=n/a               gold=true  correct=False  running‐acc=0.353
[ 383/600] loss=1.4877  pred=n/a    gold=n/a  running‐acc=0.794
Locality eval: pred=n/a               gold=true  correct=False  running‐acc=0.352
[ 384/600] loss=1.7864  pred=       gold=n/a  running‐acc=0.792
Locality eval: pred=                  gold=true  correct=False  running‐acc=0.352
[ 385/600] loss=2.2330  pred=true   gold=true  running‐acc=0.792
Locality eval: pred=false             gold=n/a  correct=False  running‐acc=0.351
[ 386/600] loss=1.5199  pred=n/a    gold=true  running‐acc=0.790
Locality eval: pred=n/a               gold=n/a  correct=True  running‐acc=0.352
[ 387/600] loss=1.4196  pred=n/a    gold=n/a  running‐acc=0.791
Locality eval: pred=n/a               gold=true  correct=False  running‐acc=0.351
[ 388/600] loss=2.1735  pred=true   gold=true  running‐acc=0.791
Locality eval: pred=n/a               gold=n/a  correct=True  running‐acc=0.353
[ 389/600] loss=1.6835  pred=       gold=n/a  running‐acc=0.789
Locality eval: pred=                  gold=true  correct=False  running‐acc=0.352
[ 390/600] loss=1.2765  pred=true   gold=true  running‐acc=0.790
Locality eval: pred=false             gold=n/a  correct=False  running‐acc=0.351
[ 391/600] loss=1.5167  pred=true   gold=true  running‐acc=0.790
Locality eval: pred=                  gold=n/a  correct=False  running‐acc=0.350
[ 392/600] loss=1.6878  pred=true   gold=n/a  running‐acc=0.788
Locality eval: pred=true              gold=true  correct=True  running‐acc=0.352
[ 393/600] loss=1.6572  pred=n/a    gold=n/a  running‐acc=0.789
Locality eval: pred=n/a               gold=true  correct=False  running‐acc=0.351
[ 394/600] loss=1.9648  pred=n/a    gold=n/a  running‐acc=0.789
Locality eval: pred=n/a               gold=true  correct=False  running‐acc=0.350
[ 395/600] loss=1.7556  pred=true   gold=true  running‐acc=0.790
Locality eval: pred=n/a               gold=n/a  correct=True  running‐acc=0.352
[ 396/600] loss=1.9705  pred=true   gold=true  running‐acc=0.790
Locality eval: pred=n/a               gold=n/a  correct=True  running‐acc=0.354
[ 397/600] loss=1.4542  pred=n/a    gold=n/a  running‐acc=0.791
Locality eval: pred=true              gold=true  correct=True  running‐acc=0.355
[ 398/600] loss=1.0658  pred=true   gold=true  running‐acc=0.791
Locality eval: pred=true              gold=n/a  correct=False  running‐acc=0.354
[ 399/600] loss=1.7889  pred=n/a    gold=n/a  running‐acc=0.792
Locality eval: pred=n/a               gold=true  correct=False  running‐acc=0.353
[ 400/600] loss=1.2506  pred=true   gold=true  running‐acc=0.792
Locality eval: pred=n/a               gold=n/a  correct=True  running‐acc=0.355
[ 401/600] loss=2.3921  pred=true   gold=true  running‐acc=0.793
Locality eval: pred=                  gold=n/a  correct=False  running‐acc=0.354
[ 402/600] loss=1.6827  pred=n/a    gold=n/a  running‐acc=0.794
Locality eval: pred=n/a               gold=true  correct=False  running‐acc=0.353
[ 403/600] loss=1.6668  pred=true   gold=true  running‐acc=0.794
Locality eval: pred=true              gold=n/a  correct=False  running‐acc=0.352
[ 404/600] loss=1.2130  pred=true   gold=true  running‐acc=0.795
Locality eval: pred=n/a               gold=n/a  correct=True  running‐acc=0.354
[ 405/600] loss=1.4894  pred=n/a    gold=n/a  running‐acc=0.795
Locality eval: pred=true              gold=true  correct=True  running‐acc=0.356
[ 406/600] loss=1.5271  pred=n/a    gold=n/a  running‐acc=0.796
Locality eval: pred=                  gold=true  correct=False  running‐acc=0.355
[ 407/600] loss=1.6303  pred=       gold=true  running‐acc=0.794
Locality eval: pred=n/a               gold=n/a  correct=True  running‐acc=0.356
[ 408/600] loss=1.5406  pred=       gold=n/a  running‐acc=0.792
Locality eval: pred=true              gold=true  correct=True  running‐acc=0.358
[ 409/600] loss=2.4167  pred=true   gold=true  running‐acc=0.792
Locality eval: pred=true              gold=n/a  correct=False  running‐acc=0.357
[ 410/600] loss=1.6488  pred=n/a    gold=n/a  running‐acc=0.793
Locality eval: pred=true              gold=true  correct=True  running‐acc=0.359
[ 411/600] loss=1.4303  pred=true   gold=true  running‐acc=0.793
Locality eval: pred=n/a               gold=n/a  correct=True  running‐acc=0.360
[ 412/600] loss=1.0337  pred=true   gold=true  running‐acc=0.794
Locality eval: pred=true.             gold=n/a  correct=False  running‐acc=0.359
[ 413/600] loss=1.5185  pred=true   gold=true  running‐acc=0.794
Locality eval: pred=                  gold=n/a  correct=False  running‐acc=0.358
[ 414/600] loss=1.4644  pred=true   gold=true  running‐acc=0.795
Locality eval: pred=                  gold=n/a  correct=False  running‐acc=0.357
[ 415/600] loss=1.7950  pred=n/a    gold=n/a  running‐acc=0.795
Locality eval: pred=                  gold=true  correct=False  running‐acc=0.357
[ 416/600] loss=1.7483  pred=true   gold=true  running‐acc=0.796
Locality eval: pred=n/a               gold=n/a  correct=True  running‐acc=0.358
[ 417/600] loss=1.5449  pred=n/a    gold=n/a  running‐acc=0.796
Locality eval: pred=n/a               gold=true  correct=False  running‐acc=0.357
[ 418/600] loss=1.7141  pred=       gold=n/a  running‐acc=0.794
Locality eval: pred=n/a               gold=true  correct=False  running‐acc=0.356
[ 419/600] loss=1.4749  pred=true   gold=true  running‐acc=0.795
Locality eval: pred=true              gold=n/a  correct=False  running‐acc=0.356
[ 420/600] loss=1.7724  pred=       gold=true  running‐acc=0.793
Locality eval: pred=n/a               gold=n/a  correct=True  running‐acc=0.357
[ 421/600] loss=1.7247  pred=true   gold=true  running‐acc=0.793
Locality eval: pred=                  gold=n/a  correct=False  running‐acc=0.356
[ 422/600] loss=2.4260  pred=true   gold=true  running‐acc=0.794
Locality eval: pred=                  gold=n/a  correct=False  running‐acc=0.355
[ 423/600] loss=1.6885  pred=true   gold=true  running‐acc=0.794
Locality eval: pred=true              gold=n/a  correct=False  running‐acc=0.355
[ 424/600] loss=1.5901  pred=n/a    gold=n/a  running‐acc=0.795
Locality eval: pred=n/a               gold=true  correct=False  running‐acc=0.354
[ 425/600] loss=1.6717  pred=n/a    gold=n/a  running‐acc=0.795
Locality eval: pred=n/a               gold=true  correct=False  running‐acc=0.353
[ 426/600] loss=2.0509  pred=n/a    gold=n/a  running‐acc=0.796
Locality eval: pred=n/a               gold=true  correct=False  running‐acc=0.352
[ 427/600] loss=1.7450  pred=true   gold=true  running‐acc=0.796
Locality eval: pred=true              gold=n/a  correct=False  running‐acc=0.351
[ 428/600] loss=2.0377  pred=true   gold=true  running‐acc=0.797
Locality eval: pred=                  gold=n/a  correct=False  running‐acc=0.350
[ 429/600] loss=1.5919  pred=true   gold=true  running‐acc=0.797
Locality eval: pred=n/a               gold=n/a  correct=True  running‐acc=0.352
[ 430/600] loss=0.7251  pred=false.  gold=n/a  running‐acc=0.795
Locality eval: pred=true              gold=true  correct=True  running‐acc=0.353
[ 431/600] loss=2.2259  pred=true   gold=true  running‐acc=0.796
Locality eval: pred=n/a               gold=n/a  correct=True  running‐acc=0.355
[ 432/600] loss=2.4261  pred=       gold=true  running‐acc=0.794
Locality eval: pred=                  gold=n/a  correct=False  running‐acc=0.354
[ 433/600] loss=1.7378  pred=true   gold=true  running‐acc=0.794
Locality eval: pred=n/a               gold=n/a  correct=True  running‐acc=0.356
[ 434/600] loss=1.5227  pred=       gold=n/a  running‐acc=0.793
Locality eval: pred=                  gold=true  correct=False  running‐acc=0.355
[ 435/600] loss=1.6801  pred=n/a    gold=n/a  running‐acc=0.793
Locality eval: pred=n/a               gold=true  correct=False  running‐acc=0.354
[ 436/600] loss=1.8903  pred=true   gold=true  running‐acc=0.794
Locality eval: pred=true              gold=n/a  correct=False  running‐acc=0.353
[ 437/600] loss=1.5048  pred=n/a    gold=true  running‐acc=0.792
Locality eval: pred=n/a               gold=n/a  correct=True  running‐acc=0.355
[ 438/600] loss=1.3326  pred=n/a    gold=n/a  running‐acc=0.792
Locality eval: pred=true              gold=true  correct=True  running‐acc=0.356
[ 439/600] loss=1.3196  pred=false  gold=n/a  running‐acc=0.790
Locality eval: pred=true              gold=true  correct=True  running‐acc=0.358
[ 440/600] loss=2.1417  pred=true   gold=true  running‐acc=0.791
Locality eval: pred=                  gold=n/a  correct=False  running‐acc=0.357
[ 441/600] loss=2.0794  pred=n/a    gold=n/a  running‐acc=0.791
Locality eval: pred=true              gold=true  correct=True  running‐acc=0.358
[ 442/600] loss=1.8284  pred=       gold=true  running‐acc=0.790
Locality eval: pred=                  gold=n/a  correct=False  running‐acc=0.357
[ 443/600] loss=2.5700  pred=true   gold=true  running‐acc=0.790
Locality eval: pred=n/a               gold=n/a  correct=True  running‐acc=0.359
[ 444/600] loss=1.8611  pred=       gold=true  running‐acc=0.788
Locality eval: pred=true              gold=n/a  correct=False  running‐acc=0.358
[ 445/600] loss=1.2492  pred=true   gold=true  running‐acc=0.789
Locality eval: pred=n/a               gold=n/a  correct=True  running‐acc=0.360
[ 446/600] loss=1.4488  pred=true   gold=true  running‐acc=0.789
Locality eval: pred=false             gold=n/a  correct=False  running‐acc=0.359
[ 447/600] loss=1.1935  pred=true   gold=true  running‐acc=0.790
Locality eval: pred=n/a               gold=n/a  correct=True  running‐acc=0.360
[ 448/600] loss=1.7074  pred=true   gold=true  running‐acc=0.790
Locality eval: pred=true              gold=n/a  correct=False  running‐acc=0.359
[ 449/600] loss=2.0862  pred=true   gold=true  running‐acc=0.791
Locality eval: pred=                  gold=n/a  correct=False  running‐acc=0.359
[ 450/600] loss=1.5043  pred=n/a    gold=n/a  running‐acc=0.791
Locality eval: pred=true              gold=true  correct=True  running‐acc=0.360
[ 451/600] loss=1.9076  pred=true   gold=true  running‐acc=0.792
Locality eval: pred=n/a               gold=n/a  correct=True  running‐acc=0.361
[ 452/600] loss=2.1149  pred=n/a    gold=n/a  running‐acc=0.792
Locality eval: pred=n/a               gold=true  correct=False  running‐acc=0.361
[ 453/600] loss=1.0880  pred=n/a    gold=n/a  running‐acc=0.792
Locality eval: pred=n/a               gold=true  correct=False  running‐acc=0.360
[ 454/600] loss=1.1045  pred=n/a    gold=n/a  running‐acc=0.793
Locality eval: pred=true              gold=true  correct=True  running‐acc=0.361
[ 455/600] loss=2.2424  pred=       gold=true  running‐acc=0.791
Locality eval: pred=n/a               gold=n/a  correct=True  running‐acc=0.363
[ 456/600] loss=1.4824  pred=       gold=n/a  running‐acc=0.789
Locality eval: pred=n/a               gold=true  correct=False  running‐acc=0.362
[ 457/600] loss=1.8464  pred=n/a    gold=n/a  running‐acc=0.790
Locality eval: pred=n/a               gold=true  correct=False  running‐acc=0.361
[ 458/600] loss=1.7656  pred=n/a    gold=n/a  running‐acc=0.790
Locality eval: pred=                  gold=true  correct=False  running‐acc=0.360
[ 459/600] loss=1.9007  pred=true   gold=true  running‐acc=0.791
Locality eval: pred=n/a               gold=n/a  correct=True  running‐acc=0.362
[ 460/600] loss=0.8978  pred=true   gold=true  running‐acc=0.791
Locality eval: pred=true              gold=n/a  correct=False  running‐acc=0.361
[ 461/600] loss=1.4630  pred=n/a    gold=n/a  running‐acc=0.792
Locality eval: pred=n/a               gold=true  correct=False  running‐acc=0.360
[ 462/600] loss=1.0614  pred=n/a    gold=n/a  running‐acc=0.792
Locality eval: pred=true              gold=true  correct=True  running‐acc=0.361
[ 463/600] loss=2.0659  pred=true   gold=true  running‐acc=0.793
Locality eval: pred=n/a               gold=n/a  correct=True  running‐acc=0.363
[ 464/600] loss=1.7030  pred=       gold=n/a  running‐acc=0.791
Locality eval: pred=true              gold=true  correct=True  running‐acc=0.364
[ 465/600] loss=1.9403  pred=       gold=n/a  running‐acc=0.789
Locality eval: pred=true              gold=true  correct=True  running‐acc=0.366
[ 466/600] loss=1.6942  pred=       gold=n/a  running‐acc=0.788
Locality eval: pred=n/a               gold=true  correct=False  running‐acc=0.365
[ 467/600] loss=1.1112  pred=n/a    gold=n/a  running‐acc=0.788
Locality eval: pred=true              gold=true  correct=True  running‐acc=0.366
[ 468/600] loss=1.9540  pred=n/a    gold=n/a  running‐acc=0.788
Locality eval: pred=true              gold=true  correct=True  running‐acc=0.368
[ 469/600] loss=1.4692  pred=true   gold=true  running‐acc=0.789
Locality eval: pred=true              gold=n/a  correct=False  running‐acc=0.367
[ 470/600] loss=1.7661  pred=n/a.   gold=n/a  running‐acc=0.789
Locality eval: pred=                  gold=true  correct=False  running‐acc=0.366
[ 471/600] loss=1.4773  pred=n/a    gold=n/a  running‐acc=0.790
Locality eval: pred=                  gold=true  correct=False  running‐acc=0.365
[ 472/600] loss=1.7908  pred=true   gold=true  running‐acc=0.790
Locality eval: pred=true              gold=n/a  correct=False  running‐acc=0.364
[ 473/600] loss=1.3356  pred=n/a    gold=n/a  running‐acc=0.791
Locality eval: pred=n/a               gold=true  correct=False  running‐acc=0.364
[ 474/600] loss=1.7020  pred=true   gold=true  running‐acc=0.791
Locality eval: pred=n/a               gold=n/a  correct=True  running‐acc=0.365
[ 475/600] loss=1.6948  pred=       gold=n/a  running‐acc=0.789
Locality eval: pred=n/a               gold=true  correct=False  running‐acc=0.364
[ 476/600] loss=1.9111  pred=true   gold=true  running‐acc=0.790
Locality eval: pred=n/a               gold=n/a  correct=True  running‐acc=0.366
[ 477/600] loss=1.6538  pred=n/a    gold=n/a  running‐acc=0.790
Locality eval: pred=true              gold=true  correct=True  running‐acc=0.367
[ 478/600] loss=1.3088  pred=true   gold=true  running‐acc=0.791
Locality eval: pred=n/a               gold=n/a  correct=True  running‐acc=0.368
[ 479/600] loss=1.2124  pred=n/a    gold=n/a  running‐acc=0.791
Locality eval: pred=n/a               gold=true  correct=False  running‐acc=0.367
[ 480/600] loss=1.3518  pred=       gold=n/a  running‐acc=0.790
Locality eval: pred=true              gold=true  correct=True  running‐acc=0.369
[ 481/600] loss=1.5470  pred=n/a    gold=n/a  running‐acc=0.790
Locality eval: pred=n/a               gold=true  correct=False  running‐acc=0.368
[ 482/600] loss=1.1409  pred=true   gold=true  running‐acc=0.790
Locality eval: pred=                  gold=n/a  correct=False  running‐acc=0.367
[ 483/600] loss=1.5026  pred=n/a    gold=n/a  running‐acc=0.791
Locality eval: pred=n/a               gold=true  correct=False  running‐acc=0.366
[ 484/600] loss=1.4771  pred=n/a    gold=n/a  running‐acc=0.791
Locality eval: pred=true              gold=true  correct=True  running‐acc=0.368
[ 485/600] loss=2.0456  pred=n/a    gold=n/a  running‐acc=0.792
Locality eval: pred=n/a               gold=true  correct=False  running‐acc=0.367
[ 486/600] loss=1.6317  pred=n/a    gold=n/a  running‐acc=0.792
Locality eval: pred=                  gold=true  correct=False  running‐acc=0.366
[ 487/600] loss=1.4208  pred=n/a    gold=n/a  running‐acc=0.793
Locality eval: pred=n/a               gold=true  correct=False  running‐acc=0.366
[ 488/600] loss=1.5234  pred=n/a    gold=n/a  running‐acc=0.793
Locality eval: pred=                  gold=true  correct=False  running‐acc=0.365
[ 489/600] loss=1.7167  pred=n/a    gold=n/a  running‐acc=0.793
Locality eval: pred=n/a               gold=true  correct=False  running‐acc=0.364
[ 490/600] loss=1.3620  pred=       gold=n/a  running‐acc=0.792
Locality eval: pred=n/a               gold=true  correct=False  running‐acc=0.363
[ 491/600] loss=1.2239  pred=n/a    gold=n/a  running‐acc=0.792
Locality eval: pred=true              gold=true  correct=True  running‐acc=0.365
[ 492/600] loss=1.4927  pred=true   gold=true  running‐acc=0.793
Locality eval: pred=                  gold=n/a  correct=False  running‐acc=0.364
[ 493/600] loss=1.0640  pred=n/a    gold=n/a  running‐acc=0.793
Locality eval: pred=n/a               gold=true  correct=False  running‐acc=0.363
[ 494/600] loss=1.6906  pred=n/a    gold=n/a  running‐acc=0.794
Locality eval: pred=n/a               gold=true  correct=False  running‐acc=0.362
[ 495/600] loss=1.5751  pred=n/a    gold=n/a  running‐acc=0.794
Locality eval: pred=n/a               gold=true  correct=False  running‐acc=0.362
[ 496/600] loss=1.7234  pred=n/a    gold=n/a  running‐acc=0.794
Locality eval: pred=n/a               gold=true  correct=False  running‐acc=0.361
[ 497/600] loss=1.2888  pred=true   gold=true  running‐acc=0.795
Locality eval: pred=                  gold=n/a  correct=False  running‐acc=0.360
[ 498/600] loss=1.3953  pred=       gold=true  running‐acc=0.793
Locality eval: pred=                  gold=n/a  correct=False  running‐acc=0.359
[ 499/600] loss=1.0939  pred=n/a    gold=n/a  running‐acc=0.794
Locality eval: pred=true              gold=true  correct=True  running‐acc=0.361
[ 500/600] loss=0.7442  pred=n/a    gold=n/a  running‐acc=0.794
Locality eval: pred=true              gold=true  correct=True  running‐acc=0.362
[ 501/600] loss=1.6685  pred=n/a    gold=n/a  running‐acc=0.794
Locality eval: pred=true              gold=true  correct=True  running‐acc=0.363
[ 502/600] loss=0.3179  pred=true   gold=n/a  running‐acc=0.793
Locality eval: pred=true              gold=true  correct=True  running‐acc=0.365
[ 503/600] loss=0.5540  pred=true   gold=true  running‐acc=0.793
Locality eval: pred=n/a               gold=n/a  correct=True  running‐acc=0.366
[ 504/600] loss=1.4231  pred=true   gold=true  running‐acc=0.794
Locality eval: pred=false             gold=n/a  correct=False  running‐acc=0.365
[ 505/600] loss=2.2394  pred=true   gold=true  running‐acc=0.794
Locality eval: pred=false             gold=n/a  correct=False  running‐acc=0.364
[ 506/600] loss=1.5451  pred=true   gold=true  running‐acc=0.794
Locality eval: pred=true              gold=n/a  correct=False  running‐acc=0.364
[ 507/600] loss=1.3329  pred=true   gold=true  running‐acc=0.795
Locality eval: pred=false             gold=n/a  correct=False  running‐acc=0.363
[ 508/600] loss=1.2873  pred=true   gold=true  running‐acc=0.795
Locality eval: pred=true              gold=n/a  correct=False  running‐acc=0.362
[ 509/600] loss=2.0950  pred=true   gold=true  running‐acc=0.796
Locality eval: pred=                  gold=n/a  correct=False  running‐acc=0.361
[ 510/600] loss=2.1600  pred=       gold=true  running‐acc=0.794
Locality eval: pred=true              gold=n/a  correct=False  running‐acc=0.361
[ 511/600] loss=1.4243  pred=n/a    gold=n/a  running‐acc=0.795
Locality eval: pred=n/a               gold=true  correct=False  running‐acc=0.360
[ 512/600] loss=1.1919  pred=true   gold=true  running‐acc=0.795
Locality eval: pred=                  gold=n/a  correct=False  running‐acc=0.359
[ 513/600] loss=1.7090  pred=       gold=n/a  running‐acc=0.793
Locality eval: pred=true              gold=true  correct=True  running‐acc=0.361
[ 514/600] loss=1.8416  pred=true   gold=true  running‐acc=0.794
Locality eval: pred=n/a               gold=n/a  correct=True  running‐acc=0.362
[ 515/600] loss=1.2043  pred=n/a    gold=n/a  running‐acc=0.794
Locality eval: pred=n/a               gold=true  correct=False  running‐acc=0.361
[ 516/600] loss=1.5827  pred=n/a    gold=n/a  running‐acc=0.795
Locality eval: pred=true              gold=true  correct=True  running‐acc=0.362
[ 517/600] loss=1.0926  pred=n/a    gold=n/a  running‐acc=0.795
Locality eval: pred=n/a               gold=true  correct=False  running‐acc=0.362
[ 518/600] loss=1.4160  pred=n/a    gold=n/a  running‐acc=0.795
Locality eval: pred=true              gold=true  correct=True  running‐acc=0.363
[ 519/600] loss=1.6989  pred=true   gold=true  running‐acc=0.796
Locality eval: pred=n/a               gold=n/a  correct=True  running‐acc=0.364
[ 520/600] loss=1.8227  pred=       gold=true  running‐acc=0.794
Locality eval: pred=                  gold=n/a  correct=False  running‐acc=0.363
[ 521/600] loss=1.2374  pred=true   gold=true  running‐acc=0.795
Locality eval: pred=n/a               gold=n/a  correct=True  running‐acc=0.365
[ 522/600] loss=1.3626  pred=       gold=true  running‐acc=0.793
Locality eval: pred=n/a               gold=n/a  correct=True  running‐acc=0.366
[ 523/600] loss=2.0043  pred=n/a    gold=n/a  running‐acc=0.793
Locality eval: pred=n/a               gold=true  correct=False  running‐acc=0.365
[ 524/600] loss=0.9726  pred=true   gold=true  running‐acc=0.794
Locality eval: pred=true              gold=n/a  correct=False  running‐acc=0.365
[ 525/600] loss=1.3123  pred=true   gold=true  running‐acc=0.794
Locality eval: pred=true              gold=n/a  correct=False  running‐acc=0.364
[ 526/600] loss=1.1485  pred=true   gold=true  running‐acc=0.795
Locality eval: pred=n/a               gold=n/a  correct=True  running‐acc=0.365
[ 527/600] loss=1.0594  pred=n/a    gold=n/a  running‐acc=0.795
Locality eval: pred=true              gold=true  correct=True  running‐acc=0.366
[ 528/600] loss=2.1189  pred=true   gold=true  running‐acc=0.795
Locality eval: pred=n/a               gold=n/a  correct=True  running‐acc=0.367
[ 529/600] loss=1.3228  pred=n/a    gold=n/a  running‐acc=0.796
Locality eval: pred=n/a               gold=true  correct=False  running‐acc=0.367
[ 530/600] loss=2.2471  pred=true   gold=true  running‐acc=0.796
Locality eval: pred=n/a               gold=n/a  correct=True  running‐acc=0.368
[ 531/600] loss=1.9611  pred=n/a    gold=n/a  running‐acc=0.797
Locality eval: pred=n/a               gold=true  correct=False  running‐acc=0.367
[ 532/600] loss=1.7995  pred=true   gold=true  running‐acc=0.797
Locality eval: pred=true              gold=n/a  correct=False  running‐acc=0.367
[ 533/600] loss=1.6957  pred=n/a    gold=n/a  running‐acc=0.797
Locality eval: pred=n/a               gold=true  correct=False  running‐acc=0.366
[ 534/600] loss=1.9712  pred=true   gold=true  running‐acc=0.798
Locality eval: pred=                  gold=n/a  correct=False  running‐acc=0.365
[ 535/600] loss=1.2060  pred=true   gold=true  running‐acc=0.798
Locality eval: pred=                  gold=n/a  correct=False  running‐acc=0.364
[ 536/600] loss=1.8519  pred=true   gold=true  running‐acc=0.799
Locality eval: pred=n/a               gold=n/a  correct=True  running‐acc=0.366
[ 537/600] loss=1.4592  pred=n/a    gold=n/a  running‐acc=0.799
Locality eval: pred=n/a               gold=true  correct=False  running‐acc=0.365
[ 538/600] loss=2.4671  pred=       gold=true  running‐acc=0.797
Locality eval: pred=                  gold=n/a  correct=False  running‐acc=0.364
[ 539/600] loss=1.7878  pred=true,  gold=true  running‐acc=0.798
Locality eval: pred=true              gold=n/a  correct=False  running‐acc=0.364
[ 540/600] loss=1.9561  pred=       gold=n/a  running‐acc=0.796
Locality eval: pred=n/a               gold=true  correct=False  running‐acc=0.363
[ 541/600] loss=1.9970  pred=n/a.   gold=n/a  running‐acc=0.797
Locality eval: pred=n/a               gold=true  correct=False  running‐acc=0.362
[ 542/600] loss=1.6568  pred=n/a    gold=n/a  running‐acc=0.797
Locality eval: pred=n/a               gold=true  correct=False  running‐acc=0.362
[ 543/600] loss=2.0361  pred=n/a    gold=n/a  running‐acc=0.797
Locality eval: pred=n/a               gold=true  correct=False  running‐acc=0.361
[ 544/600] loss=2.0425  pred=n/a    gold=n/a  running‐acc=0.798
Locality eval: pred=n/a               gold=true  correct=False  running‐acc=0.360
[ 545/600] loss=1.8155  pred=       gold=true  running‐acc=0.796
Locality eval: pred=n/a               gold=n/a  correct=True  running‐acc=0.361
[ 546/600] loss=1.5458  pred=true   gold=n/a  running‐acc=0.795
Locality eval: pred=true              gold=true  correct=True  running‐acc=0.363
[ 547/600] loss=1.2016  pred=true   gold=true  running‐acc=0.795
Locality eval: pred=true              gold=n/a  correct=False  running‐acc=0.362
[ 548/600] loss=1.1809  pred=true   gold=true  running‐acc=0.796
Locality eval: pred=n/a               gold=n/a  correct=True  running‐acc=0.363
[ 549/600] loss=1.0979  pred=true   gold=true  running‐acc=0.796
Locality eval: pred=false             gold=n/a  correct=False  running‐acc=0.362
[ 550/600] loss=1.7264  pred=n/a    gold=n/a  running‐acc=0.796
Locality eval: pred=n/a               gold=true  correct=False  running‐acc=0.362
[ 551/600] loss=1.6877  pred=n/a    gold=true  running‐acc=0.795
Locality eval: pred=                  gold=n/a  correct=False  running‐acc=0.361
[ 552/600] loss=1.6901  pred=n/a    gold=n/a  running‐acc=0.795
Locality eval: pred=n/a               gold=true  correct=False  running‐acc=0.361
[ 553/600] loss=1.7047  pred=n/a    gold=n/a  running‐acc=0.796
Locality eval: pred=n/a               gold=true  correct=False  running‐acc=0.360
[ 554/600] loss=1.3868  pred=true   gold=true  running‐acc=0.796
Locality eval: pred=n/a               gold=n/a  correct=True  running‐acc=0.361
[ 555/600] loss=1.4861  pred=n/a    gold=n/a  running‐acc=0.796
Locality eval: pred=n/a               gold=true  correct=False  running‐acc=0.360
[ 556/600] loss=1.6461  pred=n/a    gold=n/a  running‐acc=0.797
Locality eval: pred=n/a               gold=true  correct=False  running‐acc=0.360
[ 557/600] loss=1.5846  pred=n/a    gold=n/a  running‐acc=0.797
Locality eval: pred=n/a               gold=true  correct=False  running‐acc=0.359
[ 558/600] loss=2.0352  pred=true   gold=true  running‐acc=0.797
Locality eval: pred=n/a               gold=n/a  correct=True  running‐acc=0.360
[ 559/600] loss=1.5800  pred=true   gold=true  running‐acc=0.798
Locality eval: pred=false             gold=n/a  correct=False  running‐acc=0.360
[ 560/600] loss=1.9338  pred=n/a    gold=n/a  running‐acc=0.798
Locality eval: pred=true              gold=true  correct=True  running‐acc=0.361
[ 561/600] loss=1.7635  pred=true   gold=true  running‐acc=0.799
Locality eval: pred=                  gold=n/a  correct=False  running‐acc=0.360
[ 562/600] loss=1.6438  pred=n/a    gold=true  running‐acc=0.797
Locality eval: pred=n/a               gold=n/a  correct=True  running‐acc=0.361
[ 563/600] loss=1.5921  pred=n/a    gold=n/a  running‐acc=0.798
Locality eval: pred=n/a               gold=true  correct=False  running‐acc=0.361
[ 564/600] loss=2.1509  pred=       gold=true  running‐acc=0.796
Locality eval: pred=n/a               gold=n/a  correct=True  running‐acc=0.362
[ 565/600] loss=1.5054  pred=n/a    gold=n/a  running‐acc=0.796
Locality eval: pred=n/a               gold=true  correct=False  running‐acc=0.361
[ 566/600] loss=1.3067  pred=true   gold=true  running‐acc=0.797
Locality eval: pred=n/a               gold=n/a  correct=True  running‐acc=0.362
[ 567/600] loss=1.0993  pred=true   gold=true  running‐acc=0.797
Locality eval: pred=n/a               gold=n/a  correct=True  running‐acc=0.363
[ 568/600] loss=1.1990  pred=n/a    gold=n/a  running‐acc=0.798
Locality eval: pred=n/a               gold=true  correct=False  running‐acc=0.363
[ 569/600] loss=1.6689  pred=true   gold=true  running‐acc=0.798
Locality eval: pred=true              gold=n/a  correct=False  running‐acc=0.362
[ 570/600] loss=1.5395  pred=true   gold=true  running‐acc=0.798
Locality eval: pred=                  gold=n/a  correct=False  running‐acc=0.361
[ 571/600] loss=1.4557  pred=true   gold=true  running‐acc=0.799
Locality eval: pred=                  gold=n/a  correct=False  running‐acc=0.361
[ 572/600] loss=1.5335  pred=true   gold=true  running‐acc=0.799
Locality eval: pred=                  gold=n/a  correct=False  running‐acc=0.360
[ 573/600] loss=1.4399  pred=true   gold=true  running‐acc=0.799
Locality eval: pred=true              gold=n/a  correct=False  running‐acc=0.360
[ 574/600] loss=2.2186  pred=true   gold=true  running‐acc=0.800
Locality eval: pred=                  gold=n/a  correct=False  running‐acc=0.359
[ 575/600] loss=2.2659  pred=true   gold=true  running‐acc=0.800
Locality eval: pred=n/a               gold=n/a  correct=True  running‐acc=0.360
[ 576/600] loss=1.4030  pred=true   gold=true  running‐acc=0.800
Locality eval: pred=n/a               gold=n/a  correct=True  running‐acc=0.361
[ 577/600] loss=0.7948  pred=true   gold=true  running‐acc=0.801
Locality eval: pred=true              gold=n/a  correct=False  running‐acc=0.360
[ 578/600] loss=1.6966  pred=n/a    gold=n/a  running‐acc=0.801
Locality eval: pred=true              gold=true  correct=True  running‐acc=0.362
[ 579/600] loss=1.2759  pred=       gold=true  running‐acc=0.800
Locality eval: pred=n/a               gold=n/a  correct=True  running‐acc=0.363
[ 580/600] loss=1.3121  pred=n/a    gold=n/a  running‐acc=0.800
Locality eval: pred=n/a               gold=true  correct=False  running‐acc=0.362
[ 581/600] loss=1.3725  pred=n/a    gold=n/a  running‐acc=0.800
Locality eval: pred=n/a               gold=true  correct=False  running‐acc=0.361
[ 582/600] loss=1.7217  pred=n/a    gold=n/a  running‐acc=0.801
Locality eval: pred=true              gold=true  correct=True  running‐acc=0.363
[ 583/600] loss=1.5004  pred=n/a    gold=n/a  running‐acc=0.801
Locality eval: pred=n/a               gold=true  correct=False  running‐acc=0.362
[ 584/600] loss=1.5026  pred=n/a    gold=n/a  running‐acc=0.801
Locality eval: pred=n/a               gold=true  correct=False  running‐acc=0.361
[ 585/600] loss=1.5894  pred=false  gold=n/a  running‐acc=0.800
Locality eval: pred=n/a               gold=true  correct=False  running‐acc=0.361
[ 586/600] loss=0.8446  pred=n/a    gold=n/a  running‐acc=0.800
Locality eval: pred=true              gold=true  correct=True  running‐acc=0.362
[ 587/600] loss=1.2726  pred=true   gold=true  running‐acc=0.801
Locality eval: pred=n/a               gold=n/a  correct=True  running‐acc=0.363
[ 588/600] loss=1.5806  pred=true   gold=true  running‐acc=0.801
Locality eval: pred=n/a               gold=n/a  correct=True  running‐acc=0.364
[ 589/600] loss=2.1333  pred=true   gold=true  running‐acc=0.801
Locality eval: pred=                  gold=n/a  correct=False  running‐acc=0.363
[ 590/600] loss=2.0564  pred=true   gold=true  running‐acc=0.802
Locality eval: pred=n/a               gold=n/a  correct=True  running‐acc=0.364
[ 591/600] loss=1.4109  pred=true   gold=true  running‐acc=0.802
Locality eval: pred=n/a               gold=n/a  correct=True  running‐acc=0.365
[ 592/600] loss=1.5800  pred=n/a    gold=n/a  running‐acc=0.802
Locality eval: pred=n/a               gold=true  correct=False  running‐acc=0.365
[ 593/600] loss=2.4735  pred=true   gold=true  running‐acc=0.803
Locality eval: pred=n/a               gold=n/a  correct=True  running‐acc=0.366
[ 594/600] loss=1.0270  pred=true   gold=n/a  running‐acc=0.801
Locality eval: pred=true              gold=true  correct=True  running‐acc=0.367
[ 595/600] loss=0.8837  pred=true   gold=true  running‐acc=0.802
Locality eval: pred=n/a               gold=n/a  correct=True  running‐acc=0.368
[ 596/600] loss=1.3321  pred=n/a    gold=n/a  running‐acc=0.802
Locality eval: pred=true              gold=true  correct=True  running‐acc=0.369
[ 597/600] loss=1.9174  pred=n/a    gold=n/a  running‐acc=0.802
Locality eval: pred=n/a               gold=true  correct=False  running‐acc=0.369
[ 598/600] loss=1.7252  pred=true   gold=true  running‐acc=0.803
Locality eval: pred=true              gold=n/a  correct=False  running‐acc=0.368
[ 599/600] loss=1.8269  pred=       gold=true  running‐acc=0.801
Locality eval: pred=n/a               gold=n/a  correct=True  running‐acc=0.369
[ 600/600] loss=1.2962  pred=true   gold=n/a  running‐acc=0.800
Locality eval: pred=true              gold=true  correct=True  running‐acc=0.370

Finished in 828.5s.  Final accuracy: 0.800.

