
Loading base model (4‐bit)…
Loading checkpoint shards:   0%|          | 0/4 [00:00<?, ?it/s]Loading checkpoint shards:  25%|██▌       | 1/4 [00:06<00:18,  6.17s/it]Loading checkpoint shards:  50%|█████     | 2/4 [00:13<00:14,  7.14s/it]Loading checkpoint shards:  75%|███████▌  | 3/4 [00:19<00:06,  6.36s/it]Loading checkpoint shards: 100%|██████████| 4/4 [00:21<00:00,  4.63s/it]Loading checkpoint shards: 100%|██████████| 4/4 [00:21<00:00,  5.35s/it]
trainable params: 6,422,528 || all params: 8,544,103,424 || trainable%: 0.0752
  0%|          | 0/600 [00:00<?, ?it/s]100%|██████████| 600/600 [00:00<00:00, 25736.40it/s]
Loaded 600 (train, eval) pairs.

Starting sequential training…
Cached 112 LoRA tensors.
[   1/600] loss=0.0081  pred=true   gold=true  running‐acc=1.000
Locality eval: pred=n/a               gold=n/a  correct=True  running‐acc=1.000
[   2/600] loss=0.0142  pred=true   gold=true  running‐acc=1.000
Locality eval: pred=n/a               gold=n/a  correct=True  running‐acc=1.000
[   3/600] loss=0.1285  pred=true   gold=true  running‐acc=1.000
Locality eval: pred=n/a               gold=n/a  correct=True  running‐acc=1.000
[   4/600] loss=0.0086  pred=true   gold=true  running‐acc=1.000
Locality eval: pred=n/a               gold=n/a  correct=True  running‐acc=1.000
[   5/600] loss=0.0161  pred=true   gold=true  running‐acc=1.000
Locality eval: pred=n/a               gold=n/a  correct=True  running‐acc=1.000
[   6/600] loss=0.0031  pred=n/a    gold=true  running‐acc=0.833
Locality eval: pred=n/a               gold=n/a  correct=True  running‐acc=1.000
[   7/600] loss=0.0003  pred=n/a    gold=n/a  running‐acc=0.857
Locality eval: pred=true              gold=true  correct=True  running‐acc=1.000
[   8/600] loss=0.0008  pred=n/a    gold=n/a  running‐acc=0.875
Locality eval: pred=true              gold=true  correct=True  running‐acc=1.000
[   9/600] loss=0.0205  pred=true   gold=true  running‐acc=0.889
Locality eval: pred=true              gold=n/a  correct=False  running‐acc=0.889
[  10/600] loss=0.0104  pred=true   gold=true  running‐acc=0.900
Locality eval: pred=n/a               gold=n/a  correct=True  running‐acc=0.900
[  11/600] loss=0.0024  pred=true   gold=true  running‐acc=0.909
Locality eval: pred=n/a               gold=n/a  correct=True  running‐acc=0.909
[  12/600] loss=0.0052  pred=true   gold=true  running‐acc=0.917
Locality eval: pred=n/a               gold=n/a  correct=True  running‐acc=0.917
[  13/600] loss=0.0010  pred=n/a    gold=n/a  running‐acc=0.923
Locality eval: pred=n/a               gold=true  correct=False  running‐acc=0.846
[  14/600] loss=0.0053  pred=n/a    gold=n/a  running‐acc=0.929
Locality eval: pred=n/a               gold=true  correct=False  running‐acc=0.786
[  15/600] loss=0.0064  pred=true   gold=true  running‐acc=0.933
Locality eval: pred=n/a               gold=n/a  correct=True  running‐acc=0.800
[  16/600] loss=0.0003  pred=n/a    gold=n/a  running‐acc=0.938
Locality eval: pred=n/a               gold=true  correct=False  running‐acc=0.750
[  17/600] loss=0.0031  pred=n/a    gold=n/a  running‐acc=0.941
Locality eval: pred=true              gold=true  correct=True  running‐acc=0.765
[  18/600] loss=0.0064  pred=true   gold=true  running‐acc=0.944
Locality eval: pred=n/a               gold=n/a  correct=True  running‐acc=0.778
[  19/600] loss=0.0158  pred=true   gold=true  running‐acc=0.947
Locality eval: pred=true              gold=n/a  correct=False  running‐acc=0.737
[  20/600] loss=0.0005  pred=n/a    gold=n/a  running‐acc=0.950
Locality eval: pred=n/a               gold=true  correct=False  running‐acc=0.700
[  21/600] loss=0.0002  pred=n/a    gold=n/a  running‐acc=0.952
Locality eval: pred=true              gold=true  correct=True  running‐acc=0.714
[  22/600] loss=0.0015  pred=n/a    gold=n/a  running‐acc=0.955
Locality eval: pred=true              gold=true  correct=True  running‐acc=0.727
[  23/600] loss=0.0009  pred=n/a    gold=n/a  running‐acc=0.957
Locality eval: pred=n/a               gold=true  correct=False  running‐acc=0.696
[  24/600] loss=0.0024  pred=n/a    gold=n/a  running‐acc=0.958
Locality eval: pred=true              gold=true  correct=True  running‐acc=0.708
[  25/600] loss=0.0078  pred=true   gold=true  running‐acc=0.960
Locality eval: pred=false             gold=n/a  correct=False  running‐acc=0.680
[  26/600] loss=0.0031  pred=n/a    gold=n/a  running‐acc=0.962
Locality eval: pred=n/a               gold=true  correct=False  running‐acc=0.654
[  27/600] loss=0.0015  pred=n/a    gold=n/a  running‐acc=0.963
Locality eval: pred=true              gold=true  correct=True  running‐acc=0.667
[  28/600] loss=0.0024  pred=n/a    gold=n/a  running‐acc=0.964
Locality eval: pred=true              gold=true  correct=True  running‐acc=0.679
[  29/600] loss=0.0005  pred=n/a    gold=n/a  running‐acc=0.966
Locality eval: pred=n/a               gold=true  correct=False  running‐acc=0.655
[  30/600] loss=0.0003  pred=n/a    gold=n/a  running‐acc=0.967
Locality eval: pred=n/a               gold=true  correct=False  running‐acc=0.633
[  31/600] loss=0.0143  pred=true   gold=true  running‐acc=0.968
Locality eval: pred=n/a               gold=n/a  correct=True  running‐acc=0.645
[  32/600] loss=0.0013  pred=n/a    gold=n/a  running‐acc=0.969
Locality eval: pred=n/a               gold=true  correct=False  running‐acc=0.625
[  33/600] loss=0.0003  pred=n/a    gold=n/a  running‐acc=0.970
Locality eval: pred=n/a               gold=true  correct=False  running‐acc=0.606
[  34/600] loss=0.0006  pred=false  gold=n/a  running‐acc=0.941
Locality eval: pred=true              gold=true  correct=True  running‐acc=0.618
[  35/600] loss=0.0051  pred=true   gold=true  running‐acc=0.943
Locality eval: pred=n/a               gold=n/a  correct=True  running‐acc=0.629
[  36/600] loss=0.0003  pred=n/a    gold=n/a  running‐acc=0.944
Locality eval: pred=n/a               gold=true  correct=False  running‐acc=0.611
[  37/600] loss=0.0159  pred=true   gold=true  running‐acc=0.946
Locality eval: pred=n/a               gold=n/a  correct=True  running‐acc=0.622
[  38/600] loss=0.0021  pred=n/a    gold=n/a  running‐acc=0.947
Locality eval: pred=true              gold=true  correct=True  running‐acc=0.632
[  39/600] loss=0.0219  pred=true   gold=true  running‐acc=0.949
Locality eval: pred=n/a               gold=n/a  correct=True  running‐acc=0.641
[  40/600] loss=0.0046  pred=n/a    gold=true  running‐acc=0.925
Locality eval: pred=n/a               gold=n/a  correct=True  running‐acc=0.650
[  41/600] loss=0.0265  pred=true   gold=true  running‐acc=0.927
Locality eval: pred=n/a               gold=n/a  correct=True  running‐acc=0.659
[  42/600] loss=0.0034  pred=n/a    gold=n/a  running‐acc=0.929
Locality eval: pred=true              gold=true  correct=True  running‐acc=0.667
[  43/600] loss=0.0438  pred=true   gold=true  running‐acc=0.930
Locality eval: pred=n/a               gold=n/a  correct=True  running‐acc=0.674
[  44/600] loss=0.0017  pred=n/a    gold=n/a  running‐acc=0.932
Locality eval: pred=n/a               gold=true  correct=False  running‐acc=0.659
[  45/600] loss=0.0006  pred=n/a    gold=n/a  running‐acc=0.933
Locality eval: pred=n/a               gold=true  correct=False  running‐acc=0.644
[  46/600] loss=0.0044  pred=true   gold=true  running‐acc=0.935
Locality eval: pred=n/a               gold=n/a  correct=True  running‐acc=0.652
[  47/600] loss=0.0272  pred=true   gold=true  running‐acc=0.936
Locality eval: pred=n/a               gold=n/a  correct=True  running‐acc=0.660
[  48/600] loss=0.0004  pred=n/a    gold=n/a  running‐acc=0.938
Locality eval: pred=n/a               gold=true  correct=False  running‐acc=0.646
[  49/600] loss=0.0169  pred=true   gold=true  running‐acc=0.939
Locality eval: pred=n/a               gold=n/a  correct=True  running‐acc=0.653
[  50/600] loss=0.0007  pred=n/a    gold=n/a  running‐acc=0.940
Locality eval: pred=n/a               gold=true  correct=False  running‐acc=0.640
[  51/600] loss=0.0083  pred=true   gold=true  running‐acc=0.941
Locality eval: pred=n/a               gold=n/a  correct=True  running‐acc=0.647
[  52/600] loss=0.0008  pred=true   gold=true  running‐acc=0.942
Locality eval: pred=n/a               gold=n/a  correct=True  running‐acc=0.654
[  53/600] loss=0.0010  pred=n/a    gold=n/a  running‐acc=0.943
Locality eval: pred=n/a               gold=true  correct=False  running‐acc=0.642
[  54/600] loss=0.0007  pred=true   gold=true  running‐acc=0.944
Locality eval: pred=n/a               gold=n/a  correct=True  running‐acc=0.648
[  55/600] loss=0.0002  pred=n/a    gold=n/a  running‐acc=0.945
Locality eval: pred=n/a               gold=true  correct=False  running‐acc=0.636
[  56/600] loss=0.0024  pred=n/a    gold=n/a  running‐acc=0.946
Locality eval: pred=                  gold=true  correct=False  running‐acc=0.625
[  57/600] loss=0.0215  pred=true   gold=true  running‐acc=0.947
Locality eval: pred=n/a               gold=n/a  correct=True  running‐acc=0.632
[  58/600] loss=0.0030  pred=true   gold=true  running‐acc=0.948
Locality eval: pred=n/a               gold=n/a  correct=True  running‐acc=0.638
[  59/600] loss=0.0210  pred=n/a    gold=true  running‐acc=0.932
Locality eval: pred=true              gold=n/a  correct=False  running‐acc=0.627
[  60/600] loss=0.0274  pred=true   gold=true  running‐acc=0.933
Locality eval: pred=n/a               gold=n/a  correct=True  running‐acc=0.633
[  61/600] loss=0.0176  pred=true   gold=true  running‐acc=0.934
Locality eval: pred=n/a               gold=n/a  correct=True  running‐acc=0.639
[  62/600] loss=0.0098  pred=n/a    gold=true  running‐acc=0.919
Locality eval: pred=n/a               gold=n/a  correct=True  running‐acc=0.645
[  63/600] loss=0.0022  pred=n/a    gold=n/a  running‐acc=0.921
Locality eval: pred=true              gold=true  correct=True  running‐acc=0.651
[  64/600] loss=0.0050  pred=n/a    gold=n/a  running‐acc=0.922
Locality eval: pred=n/a               gold=true  correct=False  running‐acc=0.641
[  65/600] loss=0.0009  pred=n/a    gold=n/a  running‐acc=0.923
Locality eval: pred=true              gold=true  correct=True  running‐acc=0.646
[  66/600] loss=0.0144  pred=true   gold=true  running‐acc=0.924
Locality eval: pred=n/a               gold=n/a  correct=True  running‐acc=0.652
[  67/600] loss=0.0068  pred=true   gold=true  running‐acc=0.925
Locality eval: pred=n/a               gold=n/a  correct=True  running‐acc=0.657
[  68/600] loss=0.0124  pred=true   gold=true  running‐acc=0.926
Locality eval: pred=n/a               gold=n/a  correct=True  running‐acc=0.662
[  69/600] loss=0.0014  pred=n/a    gold=n/a  running‐acc=0.928
Locality eval: pred=n/a               gold=true  correct=False  running‐acc=0.652
[  70/600] loss=0.0006  pred=n/a    gold=n/a  running‐acc=0.929
Locality eval: pred=n/a               gold=true  correct=False  running‐acc=0.643
[  71/600] loss=0.0017  pred=n/a    gold=n/a  running‐acc=0.930
Locality eval: pred=                  gold=true  correct=False  running‐acc=0.634
[  72/600] loss=0.0010  pred=n/a    gold=n/a  running‐acc=0.931
Locality eval: pred=                  gold=true  correct=False  running‐acc=0.625
[  73/600] loss=0.0076  pred=true   gold=true  running‐acc=0.932
Locality eval: pred=n/a               gold=n/a  correct=True  running‐acc=0.630
[  74/600] loss=0.0009  pred=n/a    gold=n/a  running‐acc=0.932
Locality eval: pred=n/a               gold=true  correct=False  running‐acc=0.622
[  75/600] loss=0.0012  pred=n/a    gold=n/a  running‐acc=0.933
Locality eval: pred=true              gold=true  correct=True  running‐acc=0.627
[  76/600] loss=0.1284  pred=true   gold=true  running‐acc=0.934
Locality eval: pred=n/a               gold=n/a  correct=True  running‐acc=0.632
[  77/600] loss=0.0064  pred=true   gold=true  running‐acc=0.935
Locality eval: pred=n/a               gold=n/a  correct=True  running‐acc=0.636
[  78/600] loss=0.0011  pred=n/a    gold=n/a  running‐acc=0.936
Locality eval: pred=true              gold=true  correct=True  running‐acc=0.641
[  79/600] loss=0.0088  pred=true   gold=true  running‐acc=0.937
Locality eval: pred=n/a               gold=n/a  correct=True  running‐acc=0.646
[  80/600] loss=0.0003  pred=n/a    gold=n/a  running‐acc=0.938
Locality eval: pred=n/a               gold=true  correct=False  running‐acc=0.637
[  81/600] loss=0.0011  pred=n/a    gold=n/a  running‐acc=0.938
Locality eval: pred=true              gold=true  correct=True  running‐acc=0.642
[  82/600] loss=0.0051  pred=true   gold=true  running‐acc=0.939
Locality eval: pred=true              gold=n/a  correct=False  running‐acc=0.634
[  83/600] loss=0.0010  pred=n/a    gold=n/a  running‐acc=0.940
Locality eval: pred=n/a               gold=true  correct=False  running‐acc=0.627
[  84/600] loss=0.0023  pred=true   gold=true  running‐acc=0.940
Locality eval: pred=n/a               gold=n/a  correct=True  running‐acc=0.631
[  85/600] loss=0.0001  pred=n/a    gold=n/a  running‐acc=0.941
Locality eval: pred=true              gold=true  correct=True  running‐acc=0.635
[  86/600] loss=0.0004  pred=n/a    gold=n/a  running‐acc=0.942
Locality eval: pred=n/a               gold=true  correct=False  running‐acc=0.628
[  87/600] loss=0.0020  pred=n/a    gold=n/a  running‐acc=0.943
Locality eval: pred=n/a               gold=true  correct=False  running‐acc=0.621
[  88/600] loss=0.0249  pred=true   gold=true  running‐acc=0.943
Locality eval: pred=true              gold=n/a  correct=False  running‐acc=0.614
[  89/600] loss=0.0046  pred=true   gold=true  running‐acc=0.944
Locality eval: pred=n/a               gold=n/a  correct=True  running‐acc=0.618
[  90/600] loss=0.0005  pred=n/a    gold=n/a  running‐acc=0.944
Locality eval: pred=n/a               gold=true  correct=False  running‐acc=0.611
[  91/600] loss=0.0006  pred=n/a    gold=n/a  running‐acc=0.945
Locality eval: pred=true              gold=true  correct=True  running‐acc=0.615
[  92/600] loss=0.0090  pred=true   gold=true  running‐acc=0.946
Locality eval: pred=n/a               gold=n/a  correct=True  running‐acc=0.620
[  93/600] loss=0.0004  pred=false  gold=n/a  running‐acc=0.935
Locality eval: pred=true              gold=true  correct=True  running‐acc=0.624
[  94/600] loss=0.0011  pred=n/a    gold=n/a  running‐acc=0.936
Locality eval: pred=n/a               gold=true  correct=False  running‐acc=0.617
[  95/600] loss=0.0040  pred=true   gold=true  running‐acc=0.937
Locality eval: pred=n/a               gold=n/a  correct=True  running‐acc=0.621
[  96/600] loss=0.0034  pred=n/a    gold=n/a  running‐acc=0.938
Locality eval: pred=                  gold=true  correct=False  running‐acc=0.615
[  97/600] loss=0.0008  pred=n/a    gold=n/a  running‐acc=0.938
Locality eval: pred=n/a               gold=true  correct=False  running‐acc=0.608
[  98/600] loss=0.0011  pred=n/a    gold=n/a  running‐acc=0.939
Locality eval: pred=n/a               gold=true  correct=False  running‐acc=0.602
[  99/600] loss=0.0070  pred=true   gold=true  running‐acc=0.939
Locality eval: pred=n/a               gold=n/a  correct=True  running‐acc=0.606
[ 100/600] loss=0.0049  pred=true   gold=true  running‐acc=0.940
Locality eval: pred=n/a               gold=n/a  correct=True  running‐acc=0.610
[ 101/600] loss=0.0009  pred=n/a    gold=n/a  running‐acc=0.941
Locality eval: pred=n/a               gold=true  correct=False  running‐acc=0.604
[ 102/600] loss=0.0099  pred=true   gold=true  running‐acc=0.941
Locality eval: pred=true              gold=n/a  correct=False  running‐acc=0.598
[ 103/600] loss=0.0004  pred=false  gold=n/a  running‐acc=0.932
Locality eval: pred=true              gold=true  correct=True  running‐acc=0.602
[ 104/600] loss=0.0166  pred=n/a    gold=true  running‐acc=0.923
Locality eval: pred=n/a               gold=n/a  correct=True  running‐acc=0.606
[ 105/600] loss=0.0098  pred=true   gold=true  running‐acc=0.924
Locality eval: pred=true              gold=n/a  correct=False  running‐acc=0.600
[ 106/600] loss=0.0145  pred=true   gold=true  running‐acc=0.925
Locality eval: pred=n/a               gold=n/a  correct=True  running‐acc=0.604
[ 107/600] loss=0.0202  pred=true   gold=true  running‐acc=0.925
Locality eval: pred=n/a               gold=n/a  correct=True  running‐acc=0.607
[ 108/600] loss=0.0104  pred=true   gold=true  running‐acc=0.926
Locality eval: pred=n/a               gold=n/a  correct=True  running‐acc=0.611
[ 109/600] loss=0.0102  pred=true   gold=true  running‐acc=0.927
Locality eval: pred=true              gold=n/a  correct=False  running‐acc=0.606
[ 110/600] loss=0.0131  pred=true   gold=true  running‐acc=0.927
Locality eval: pred=n/a               gold=n/a  correct=True  running‐acc=0.609
[ 111/600] loss=0.0112  pred=true   gold=true  running‐acc=0.928
Locality eval: pred=n/a               gold=n/a  correct=True  running‐acc=0.613
[ 112/600] loss=0.0083  pred=true   gold=true  running‐acc=0.929
Locality eval: pred=n/a               gold=n/a  correct=True  running‐acc=0.616
[ 113/600] loss=0.0005  pred=n/a    gold=n/a  running‐acc=0.929
Locality eval: pred=true              gold=true  correct=True  running‐acc=0.619
[ 114/600] loss=0.0001  pred=n/a    gold=n/a  running‐acc=0.930
Locality eval: pred=n/a               gold=true  correct=False  running‐acc=0.614
[ 115/600] loss=0.0011  pred=n/a    gold=n/a  running‐acc=0.930
Locality eval: pred=true              gold=true  correct=True  running‐acc=0.617
[ 116/600] loss=0.0067  pred=true   gold=true  running‐acc=0.931
Locality eval: pred=n/a               gold=n/a  correct=True  running‐acc=0.621
[ 117/600] loss=0.0002  pred=n/a    gold=n/a  running‐acc=0.932
Locality eval: pred=n/a               gold=true  correct=False  running‐acc=0.615
[ 118/600] loss=0.0014  pred=n/a    gold=n/a  running‐acc=0.932
Locality eval: pred=true              gold=true  correct=True  running‐acc=0.619
[ 119/600] loss=0.0010  pred=n/a    gold=n/a  running‐acc=0.933
Locality eval: pred=n/a               gold=true  correct=False  running‐acc=0.613
[ 120/600] loss=0.0032  pred=n/a    gold=n/a  running‐acc=0.933
Locality eval: pred=n/a               gold=true  correct=False  running‐acc=0.608
[ 121/600] loss=0.0231  pred=true   gold=true  running‐acc=0.934
Locality eval: pred=n/a               gold=n/a  correct=True  running‐acc=0.612
[ 122/600] loss=0.0308  pred=n/a    gold=true  running‐acc=0.926
Locality eval: pred=                  gold=n/a  correct=False  running‐acc=0.607
[ 123/600] loss=0.0004  pred=false  gold=n/a  running‐acc=0.919
Locality eval: pred=true              gold=true  correct=True  running‐acc=0.610
[ 124/600] loss=0.0040  pred=n/a    gold=n/a  running‐acc=0.919
Locality eval: pred=true              gold=true  correct=True  running‐acc=0.613
[ 125/600] loss=0.0009  pred=n/a    gold=n/a  running‐acc=0.920
Locality eval: pred=n/a               gold=true  correct=False  running‐acc=0.608
[ 126/600] loss=0.0022  pred=true   gold=true  running‐acc=0.921
Locality eval: pred=true              gold=n/a  correct=False  running‐acc=0.603
[ 127/600] loss=0.0030  pred=true   gold=true  running‐acc=0.921
Locality eval: pred=n/a               gold=n/a  correct=True  running‐acc=0.606
[ 128/600] loss=0.0007  pred=n/a    gold=n/a  running‐acc=0.922
Locality eval: pred=true              gold=true  correct=True  running‐acc=0.609
[ 129/600] loss=0.0140  pred=true   gold=true  running‐acc=0.922
Locality eval: pred=false             gold=n/a  correct=False  running‐acc=0.605
[ 130/600] loss=0.0003  pred=false  gold=n/a  running‐acc=0.915
Locality eval: pred=n/a               gold=true  correct=False  running‐acc=0.600
[ 131/600] loss=0.0048  pred=       gold=true  running‐acc=0.908
Locality eval: pred=true              gold=n/a  correct=False  running‐acc=0.595
[ 132/600] loss=0.0015  pred=n/a    gold=n/a  running‐acc=0.909
Locality eval: pred=n/a               gold=true  correct=False  running‐acc=0.591
[ 133/600] loss=0.0028  pred=n/a    gold=n/a  running‐acc=0.910
Locality eval: pred=n/a               gold=true  correct=False  running‐acc=0.586
[ 134/600] loss=0.0051  pred=true   gold=true  running‐acc=0.910
Locality eval: pred=n/a               gold=n/a  correct=True  running‐acc=0.590
[ 135/600] loss=0.0015  pred=true   gold=true  running‐acc=0.911
Locality eval: pred=n/a               gold=n/a  correct=True  running‐acc=0.593
[ 136/600] loss=0.0014  pred=n/a    gold=n/a  running‐acc=0.912
Locality eval: pred=n/a               gold=true  correct=False  running‐acc=0.588
[ 137/600] loss=0.0089  pred=true   gold=true  running‐acc=0.912
Locality eval: pred=n/a               gold=n/a  correct=True  running‐acc=0.591
[ 138/600] loss=0.0342  pred=true   gold=true  running‐acc=0.913
Locality eval: pred=true              gold=n/a  correct=False  running‐acc=0.587
[ 139/600] loss=0.0020  pred=n/a    gold=n/a  running‐acc=0.914
Locality eval: pred=true              gold=true  correct=True  running‐acc=0.590
[ 140/600] loss=0.0011  pred=n/a    gold=n/a  running‐acc=0.914
Locality eval: pred=n/a               gold=true  correct=False  running‐acc=0.586
[ 141/600] loss=0.0010  pred=n/a    gold=n/a  running‐acc=0.915
Locality eval: pred=true              gold=true  correct=True  running‐acc=0.589
[ 142/600] loss=0.0004  pred=n/a    gold=n/a  running‐acc=0.915
Locality eval: pred=n/a               gold=true  correct=False  running‐acc=0.585
[ 143/600] loss=0.0048  pred=true   gold=true  running‐acc=0.916
Locality eval: pred=n/a               gold=n/a  correct=True  running‐acc=0.587
[ 144/600] loss=0.0052  pred=true   gold=true  running‐acc=0.917
Locality eval: pred=n/a               gold=n/a  correct=True  running‐acc=0.590
[ 145/600] loss=0.0079  pred=true   gold=true  running‐acc=0.917
Locality eval: pred=n/a               gold=n/a  correct=True  running‐acc=0.593
[ 146/600] loss=0.0353  pred=true   gold=true  running‐acc=0.918
Locality eval: pred=n/a               gold=n/a  correct=True  running‐acc=0.596
[ 147/600] loss=0.0033  pred=n/a    gold=n/a  running‐acc=0.918
Locality eval: pred=n/a               gold=true  correct=False  running‐acc=0.592
[ 148/600] loss=0.0027  pred=true   gold=true  running‐acc=0.919
Locality eval: pred=true              gold=n/a  correct=False  running‐acc=0.588
[ 149/600] loss=0.0004  pred=true   gold=n/a  running‐acc=0.913
Locality eval: pred=true              gold=true  correct=True  running‐acc=0.591
[ 150/600] loss=0.0004  pred=n/a    gold=n/a  running‐acc=0.913
Locality eval: pred=true              gold=true  correct=True  running‐acc=0.593
[ 151/600] loss=0.0046  pred=true   gold=true  running‐acc=0.914
Locality eval: pred=n/a               gold=n/a  correct=True  running‐acc=0.596
[ 152/600] loss=0.0125  pred=true   gold=true  running‐acc=0.914
Locality eval: pred=n/a               gold=n/a  correct=True  running‐acc=0.599
[ 153/600] loss=0.0015  pred=n/a    gold=n/a  running‐acc=0.915
Locality eval: pred=true              gold=true  correct=True  running‐acc=0.601
[ 154/600] loss=0.0011  pred=n/a    gold=n/a  running‐acc=0.916
Locality eval: pred=n/a               gold=true  correct=False  running‐acc=0.597
[ 155/600] loss=0.0621  pred=true   gold=true  running‐acc=0.916
Locality eval: pred=n/a               gold=n/a  correct=True  running‐acc=0.600
[ 156/600] loss=0.0034  pred=n/a    gold=n/a  running‐acc=0.917
Locality eval: pred=n/a               gold=true  correct=False  running‐acc=0.596
[ 157/600] loss=0.0110  pred=true   gold=true  running‐acc=0.917
Locality eval: pred=n/a               gold=n/a  correct=True  running‐acc=0.599
[ 158/600] loss=0.0003  pred=n/a    gold=n/a  running‐acc=0.918
Locality eval: pred=n/a               gold=true  correct=False  running‐acc=0.595
[ 159/600] loss=0.0014  pred=n/a    gold=n/a  running‐acc=0.918
Locality eval: pred=true              gold=true  correct=True  running‐acc=0.597
[ 160/600] loss=0.0007  pred=n/a    gold=n/a  running‐acc=0.919
Locality eval: pred=                  gold=true  correct=False  running‐acc=0.594
[ 161/600] loss=0.0278  pred=true   gold=true  running‐acc=0.919
Locality eval: pred=true              gold=n/a  correct=False  running‐acc=0.590
[ 162/600] loss=0.0036  pred=n/a    gold=n/a  running‐acc=0.920
Locality eval: pred=n/a               gold=true  correct=False  running‐acc=0.586
[ 163/600] loss=0.0006  pred=n/a    gold=n/a  running‐acc=0.920
Locality eval: pred=true              gold=true  correct=True  running‐acc=0.589
[ 164/600] loss=0.0014  pred=n/a    gold=n/a  running‐acc=0.921
Locality eval: pred=true              gold=true  correct=True  running‐acc=0.591
[ 165/600] loss=0.0024  pred=true   gold=true  running‐acc=0.921
Locality eval: pred=n/a               gold=n/a  correct=True  running‐acc=0.594
[ 166/600] loss=0.0063  pred=true   gold=true  running‐acc=0.922
Locality eval: pred=n/a               gold=n/a  correct=True  running‐acc=0.596
[ 167/600] loss=0.0009  pred=n/a    gold=n/a  running‐acc=0.922
Locality eval: pred=n/a               gold=true  correct=False  running‐acc=0.593
[ 168/600] loss=0.0009  pred=true   gold=true  running‐acc=0.923
Locality eval: pred=n/a               gold=n/a  correct=True  running‐acc=0.595
[ 169/600] loss=0.0023  pred=n/a    gold=n/a  running‐acc=0.923
Locality eval: pred=true              gold=true  correct=True  running‐acc=0.598
[ 170/600] loss=0.0014  pred=n/a    gold=n/a  running‐acc=0.924
Locality eval: pred=                  gold=true  correct=False  running‐acc=0.594
[ 171/600] loss=0.0004  pred=n/a    gold=n/a  running‐acc=0.924
Locality eval: pred=n/a               gold=true  correct=False  running‐acc=0.591
[ 172/600] loss=0.0379  pred=true   gold=true  running‐acc=0.924
Locality eval: pred=n/a               gold=n/a  correct=True  running‐acc=0.593
[ 173/600] loss=0.0024  pred=n/a    gold=n/a  running‐acc=0.925
Locality eval: pred=n/a               gold=true  correct=False  running‐acc=0.590
[ 174/600] loss=0.0064  pred=true   gold=true  running‐acc=0.925
Locality eval: pred=n/a               gold=n/a  correct=True  running‐acc=0.592
[ 175/600] loss=0.0081  pred=true   gold=true  running‐acc=0.926
Locality eval: pred=n/a               gold=n/a  correct=True  running‐acc=0.594
[ 176/600] loss=0.0009  pred=n/a    gold=n/a  running‐acc=0.926
Locality eval: pred=n/a               gold=true  correct=False  running‐acc=0.591
[ 177/600] loss=0.0348  pred=true   gold=true  running‐acc=0.927
Locality eval: pred=n/a               gold=n/a  correct=True  running‐acc=0.593
[ 178/600] loss=0.0006  pred=n/a    gold=n/a  running‐acc=0.927
Locality eval: pred=n/a               gold=true  correct=False  running‐acc=0.590
[ 179/600] loss=0.0003  pred=n/a    gold=n/a  running‐acc=0.927
Locality eval: pred=n/a               gold=true  correct=False  running‐acc=0.587
[ 180/600] loss=0.0336  pred=true   gold=true  running‐acc=0.928
Locality eval: pred=true              gold=n/a  correct=False  running‐acc=0.583
[ 181/600] loss=0.0003  pred=n/a    gold=n/a  running‐acc=0.928
Locality eval: pred=true              gold=true  correct=True  running‐acc=0.586
[ 182/600] loss=0.0009  pred=n/a    gold=n/a  running‐acc=0.929
Locality eval: pred=true              gold=true  correct=True  running‐acc=0.588
[ 183/600] loss=0.0029  pred=true   gold=true  running‐acc=0.929
Locality eval: pred=n/a               gold=n/a  correct=True  running‐acc=0.590
[ 184/600] loss=0.0130  pred=true   gold=true  running‐acc=0.929
Locality eval: pred=n/a               gold=n/a  correct=True  running‐acc=0.592
[ 185/600] loss=0.0050  pred=true   gold=true  running‐acc=0.930
Locality eval: pred=n/a               gold=n/a  correct=True  running‐acc=0.595
[ 186/600] loss=0.0180  pred=true   gold=true  running‐acc=0.930
Locality eval: pred=n/a               gold=n/a  correct=True  running‐acc=0.597
[ 187/600] loss=0.0032  pred=n/a    gold=n/a  running‐acc=0.930
Locality eval: pred=true              gold=true  correct=True  running‐acc=0.599
[ 188/600] loss=0.0010  pred=n/a    gold=n/a  running‐acc=0.931
Locality eval: pred=true              gold=true  correct=True  running‐acc=0.601
[ 189/600] loss=0.0011  pred=true   gold=true  running‐acc=0.931
Locality eval: pred=n/a               gold=n/a  correct=True  running‐acc=0.603
[ 190/600] loss=0.0009  pred=n/a    gold=n/a  running‐acc=0.932
Locality eval: pred=n/a               gold=true  correct=False  running‐acc=0.600
[ 191/600] loss=0.0004  pred=n/a    gold=n/a  running‐acc=0.932
Locality eval: pred=n/a               gold=true  correct=False  running‐acc=0.597
[ 192/600] loss=0.0015  pred=n/a    gold=n/a  running‐acc=0.932
Locality eval: pred=true              gold=true  correct=True  running‐acc=0.599
[ 193/600] loss=0.0096  pred=       gold=true  running‐acc=0.927
Locality eval: pred=n/a               gold=n/a  correct=True  running‐acc=0.601
[ 194/600] loss=0.0160  pred=n/a    gold=true  running‐acc=0.923
Locality eval: pred=n/a               gold=n/a  correct=True  running‐acc=0.603
[ 195/600] loss=0.0054  pred=true   gold=true  running‐acc=0.923
Locality eval: pred=true              gold=n/a  correct=False  running‐acc=0.600
[ 196/600] loss=0.0041  pred=n/a    gold=true  running‐acc=0.918
Locality eval: pred=n/a               gold=n/a  correct=True  running‐acc=0.602
[ 197/600] loss=0.0132  pred=true   gold=true  running‐acc=0.919
Locality eval: pred=n/a               gold=n/a  correct=True  running‐acc=0.604
[ 198/600] loss=0.0059  pred=n/a    gold=n/a  running‐acc=0.919
Locality eval: pred=n/a               gold=true  correct=False  running‐acc=0.601
[ 199/600] loss=0.0042  pred=true   gold=true  running‐acc=0.920
Locality eval: pred=true              gold=n/a  correct=False  running‐acc=0.598
[ 200/600] loss=0.0094  pred=true   gold=true  running‐acc=0.920
Locality eval: pred=n/a               gold=n/a  correct=True  running‐acc=0.600
[ 201/600] loss=0.0029  pred=n/a    gold=n/a  running‐acc=0.920
Locality eval: pred=true              gold=true  correct=True  running‐acc=0.602
[ 202/600] loss=0.0037  pred=n/a    gold=n/a  running‐acc=0.921
Locality eval: pred=n/a               gold=true  correct=False  running‐acc=0.599
[ 203/600] loss=0.0124  pred=true   gold=true  running‐acc=0.921
Locality eval: pred=n/a               gold=n/a  correct=True  running‐acc=0.601
[ 204/600] loss=0.0086  pred=n/a    gold=n/a  running‐acc=0.922
Locality eval: pred=true              gold=true  correct=True  running‐acc=0.603
[ 205/600] loss=0.1040  pred=true   gold=true  running‐acc=0.922
Locality eval: pred=true              gold=n/a  correct=False  running‐acc=0.600
[ 206/600] loss=0.0045  pred=n/a    gold=n/a  running‐acc=0.922
Locality eval: pred=                  gold=true  correct=False  running‐acc=0.597
[ 207/600] loss=0.0003  pred=n/a    gold=n/a  running‐acc=0.923
Locality eval: pred=true              gold=true  correct=True  running‐acc=0.599
[ 208/600] loss=0.0253  pred=true   gold=true  running‐acc=0.923
Locality eval: pred=true              gold=n/a  correct=False  running‐acc=0.596
[ 209/600] loss=0.0008  pred=n/a    gold=n/a  running‐acc=0.923
Locality eval: pred=true              gold=true  correct=True  running‐acc=0.598
[ 210/600] loss=0.0012  pred=n/a    gold=n/a  running‐acc=0.924
Locality eval: pred=n/a               gold=true  correct=False  running‐acc=0.595
[ 211/600] loss=0.0088  pred=true   gold=true  running‐acc=0.924
Locality eval: pred=n/a               gold=n/a  correct=True  running‐acc=0.597
[ 212/600] loss=0.0017  pred=n/a    gold=n/a  running‐acc=0.925
Locality eval: pred=n/a               gold=true  correct=False  running‐acc=0.594
[ 213/600] loss=0.0302  pred=true   gold=true  running‐acc=0.925
Locality eval: pred=true              gold=n/a  correct=False  running‐acc=0.592
[ 214/600] loss=0.0009  pred=n/a    gold=n/a  running‐acc=0.925
Locality eval: pred=true              gold=true  correct=True  running‐acc=0.593
[ 215/600] loss=0.0109  pred=true   gold=true  running‐acc=0.926
Locality eval: pred=n/a               gold=n/a  correct=True  running‐acc=0.595
[ 216/600] loss=0.0009  pred=n/a    gold=n/a  running‐acc=0.926
Locality eval: pred=true              gold=true  correct=True  running‐acc=0.597
[ 217/600] loss=0.0025  pred=true   gold=true  running‐acc=0.926
Locality eval: pred=n/a               gold=n/a  correct=True  running‐acc=0.599
[ 218/600] loss=0.0015  pred=n/a    gold=n/a  running‐acc=0.927
Locality eval: pred=n/a               gold=true  correct=False  running‐acc=0.596
[ 219/600] loss=0.0052  pred=true   gold=true  running‐acc=0.927
Locality eval: pred=true              gold=n/a  correct=False  running‐acc=0.594
[ 220/600] loss=0.0004  pred=n/a    gold=n/a  running‐acc=0.927
Locality eval: pred=true              gold=true  correct=True  running‐acc=0.595
[ 221/600] loss=0.0015  pred=n/a    gold=n/a  running‐acc=0.928
Locality eval: pred=true              gold=true  correct=True  running‐acc=0.597
[ 222/600] loss=0.0067  pred=n/a    gold=n/a  running‐acc=0.928
Locality eval: pred=n/a               gold=true  correct=False  running‐acc=0.595
[ 223/600] loss=0.0063  pred=n/a    gold=n/a  running‐acc=0.928
Locality eval: pred=n/a               gold=true  correct=False  running‐acc=0.592
[ 224/600] loss=0.0035  pred=n/a    gold=n/a  running‐acc=0.929
Locality eval: pred=n/a               gold=true  correct=False  running‐acc=0.589
[ 225/600] loss=0.0008  pred=n/a    gold=n/a  running‐acc=0.929
Locality eval: pred=n/a               gold=true  correct=False  running‐acc=0.587
[ 226/600] loss=0.0077  pred=true   gold=true  running‐acc=0.929
Locality eval: pred=n/a               gold=n/a  correct=True  running‐acc=0.588
[ 227/600] loss=0.0022  pred=n/a    gold=n/a  running‐acc=0.930
Locality eval: pred=true              gold=true  correct=True  running‐acc=0.590
[ 228/600] loss=0.0009  pred=n/a    gold=n/a  running‐acc=0.930
Locality eval: pred=true              gold=true  correct=True  running‐acc=0.592
[ 229/600] loss=0.0015  pred=n/a    gold=n/a  running‐acc=0.930
Locality eval: pred=n/a               gold=true  correct=False  running‐acc=0.590
[ 230/600] loss=0.0004  pred=n/a    gold=n/a  running‐acc=0.930
Locality eval: pred=n/a               gold=true  correct=False  running‐acc=0.587
[ 231/600] loss=0.0001  pred=n/a    gold=n/a  running‐acc=0.931
Locality eval: pred=n/a               gold=true  correct=False  running‐acc=0.584
[ 232/600] loss=0.0012  pred=n/a    gold=n/a  running‐acc=0.931
Locality eval: pred=n/a               gold=true  correct=False  running‐acc=0.582
[ 233/600] loss=0.0024  pred=true   gold=true  running‐acc=0.931
Locality eval: pred=n/a               gold=n/a  correct=True  running‐acc=0.584
[ 234/600] loss=0.0135  pred=n/a    gold=true  running‐acc=0.927
Locality eval: pred=n/a               gold=n/a  correct=True  running‐acc=0.585
[ 235/600] loss=0.0098  pred=n/a    gold=n/a  running‐acc=0.928
Locality eval: pred=true              gold=true  correct=True  running‐acc=0.587
[ 236/600] loss=0.0009  pred=n/a    gold=n/a  running‐acc=0.928
Locality eval: pred=n/a               gold=true  correct=False  running‐acc=0.585
[ 237/600] loss=0.0097  pred=n/a    gold=true  running‐acc=0.924
Locality eval: pred=n/a               gold=n/a  correct=True  running‐acc=0.586
[ 238/600] loss=0.0050  pred=n/a    gold=n/a  running‐acc=0.924
Locality eval: pred=n/a               gold=true  correct=False  running‐acc=0.584
[ 239/600] loss=0.0014  pred=n/a    gold=n/a  running‐acc=0.925
Locality eval: pred=n/a               gold=true  correct=False  running‐acc=0.582
[ 240/600] loss=0.0169  pred=true   gold=true  running‐acc=0.925
Locality eval: pred=n/a               gold=n/a  correct=True  running‐acc=0.583
[ 241/600] loss=0.0057  pred=n/a    gold=n/a  running‐acc=0.925
Locality eval: pred=n/a               gold=true  correct=False  running‐acc=0.581
[ 242/600] loss=0.0014  pred=n/a    gold=n/a  running‐acc=0.926
Locality eval: pred=n/a               gold=true  correct=False  running‐acc=0.579
[ 243/600] loss=0.0002  pred=true   gold=n/a  running‐acc=0.922
Locality eval: pred=true              gold=true  correct=True  running‐acc=0.580
[ 244/600] loss=0.0131  pred=true   gold=true  running‐acc=0.922
Locality eval: pred=true              gold=n/a  correct=False  running‐acc=0.578
[ 245/600] loss=0.0070  pred=true   gold=true  running‐acc=0.922
Locality eval: pred=true              gold=n/a  correct=False  running‐acc=0.576
[ 246/600] loss=0.0030  pred=true   gold=true  running‐acc=0.923
Locality eval: pred=n/a               gold=n/a  correct=True  running‐acc=0.577
[ 247/600] loss=0.0012  pred=true   gold=true  running‐acc=0.923
Locality eval: pred=n/a               gold=n/a  correct=True  running‐acc=0.579
[ 248/600] loss=0.0104  pred=n/a    gold=true  running‐acc=0.919
Locality eval: pred=n/a               gold=n/a  correct=True  running‐acc=0.581
[ 249/600] loss=0.0002  pred=n/a    gold=n/a  running‐acc=0.920
Locality eval: pred=n/a               gold=true  correct=False  running‐acc=0.578
[ 250/600] loss=0.0073  pred=true   gold=true  running‐acc=0.920
Locality eval: pred=n/a               gold=n/a  correct=True  running‐acc=0.580
[ 251/600] loss=0.0002  pred=n/a    gold=n/a  running‐acc=0.920
Locality eval: pred=n/a               gold=true  correct=False  running‐acc=0.578
[ 252/600] loss=0.0022  pred=n/a    gold=n/a  running‐acc=0.921
Locality eval: pred=n/a               gold=true  correct=False  running‐acc=0.575
[ 253/600] loss=0.0104  pred=true   gold=true  running‐acc=0.921
Locality eval: pred=n/a               gold=n/a  correct=True  running‐acc=0.577
[ 254/600] loss=0.0341  pred=       gold=true  running‐acc=0.917
Locality eval: pred=n/a               gold=n/a  correct=True  running‐acc=0.579
[ 255/600] loss=0.0016  pred=n/a    gold=n/a  running‐acc=0.918
Locality eval: pred=n/a               gold=true  correct=False  running‐acc=0.576
[ 256/600] loss=0.0086  pred=n/a    gold=n/a  running‐acc=0.918
Locality eval: pred=n/a               gold=true  correct=False  running‐acc=0.574
[ 257/600] loss=0.0003  pred=n/a    gold=n/a  running‐acc=0.918
Locality eval: pred=n/a               gold=true  correct=False  running‐acc=0.572
[ 258/600] loss=0.0018  pred=n/a    gold=n/a  running‐acc=0.919
Locality eval: pred=n/a               gold=true  correct=False  running‐acc=0.570
[ 259/600] loss=0.0013  pred=true   gold=true  running‐acc=0.919
Locality eval: pred=n/a               gold=n/a  correct=True  running‐acc=0.571
[ 260/600] loss=0.0106  pred=true   gold=true  running‐acc=0.919
Locality eval: pred=n/a               gold=n/a  correct=True  running‐acc=0.573
[ 261/600] loss=0.0167  pred=true   gold=true  running‐acc=0.920
Locality eval: pred=n/a               gold=n/a  correct=True  running‐acc=0.575
[ 262/600] loss=0.0018  pred=true   gold=true  running‐acc=0.920
Locality eval: pred=n/a               gold=n/a  correct=True  running‐acc=0.576
[ 263/600] loss=0.0016  pred=n/a    gold=n/a  running‐acc=0.920
Locality eval: pred=n/a               gold=true  correct=False  running‐acc=0.574
[ 264/600] loss=0.0014  pred=n/a    gold=n/a  running‐acc=0.920
Locality eval: pred=n/a               gold=true  correct=False  running‐acc=0.572
[ 265/600] loss=0.0232  pred=true   gold=true  running‐acc=0.921
Locality eval: pred=true              gold=n/a  correct=False  running‐acc=0.570
[ 266/600] loss=0.0023  pred=n/a    gold=n/a  running‐acc=0.921
Locality eval: pred=n/a               gold=true  correct=False  running‐acc=0.568
[ 267/600] loss=0.0008  pred=n/a    gold=n/a  running‐acc=0.921
Locality eval: pred=n/a               gold=true  correct=False  running‐acc=0.566
[ 268/600] loss=0.0023  pred=true   gold=true  running‐acc=0.922
Locality eval: pred=n/a               gold=n/a  correct=True  running‐acc=0.567
[ 269/600] loss=0.0005  pred=n/a    gold=n/a  running‐acc=0.922
Locality eval: pred=true              gold=true  correct=True  running‐acc=0.569
[ 270/600] loss=0.0067  pred=true   gold=true  running‐acc=0.922
Locality eval: pred=n/a               gold=n/a  correct=True  running‐acc=0.570
[ 271/600] loss=0.0004  pred=n/a    gold=n/a  running‐acc=0.923
Locality eval: pred=true              gold=true  correct=True  running‐acc=0.572
[ 272/600] loss=0.0091  pred=true   gold=true  running‐acc=0.923
Locality eval: pred=true              gold=n/a  correct=False  running‐acc=0.570
[ 273/600] loss=0.0010  pred=n/a    gold=n/a  running‐acc=0.923
Locality eval: pred=n/a               gold=true  correct=False  running‐acc=0.568
[ 274/600] loss=0.0003  pred=n/a    gold=n/a  running‐acc=0.923
Locality eval: pred=n/a               gold=true  correct=False  running‐acc=0.566
[ 275/600] loss=0.0588  pred=true   gold=true  running‐acc=0.924
Locality eval: pred=n/a               gold=n/a  correct=True  running‐acc=0.567
[ 276/600] loss=0.0009  pred=n/a    gold=n/a  running‐acc=0.924
Locality eval: pred=n/a               gold=true  correct=False  running‐acc=0.565
[ 277/600] loss=0.0097  pred=true   gold=true  running‐acc=0.924
Locality eval: pred=n/a               gold=n/a  correct=True  running‐acc=0.567
[ 278/600] loss=0.0041  pred=n/a    gold=n/a  running‐acc=0.924
Locality eval: pred=n/a               gold=true  correct=False  running‐acc=0.565
[ 279/600] loss=0.0016  pred=true   gold=true  running‐acc=0.925
Locality eval: pred=n/a               gold=n/a  correct=True  running‐acc=0.566
[ 280/600] loss=0.0001  pred=n/a    gold=n/a  running‐acc=0.925
Locality eval: pred=n/a               gold=true  correct=False  running‐acc=0.564
[ 281/600] loss=0.0055  pred=true   gold=true  running‐acc=0.925
Locality eval: pred=n/a               gold=n/a  correct=True  running‐acc=0.566
[ 282/600] loss=0.0109  pred=true   gold=true  running‐acc=0.926
Locality eval: pred=true              gold=n/a  correct=False  running‐acc=0.564
[ 283/600] loss=0.0008  pred=n/a    gold=n/a  running‐acc=0.926
Locality eval: pred=true              gold=true  correct=True  running‐acc=0.565
[ 284/600] loss=0.0009  pred=n/a    gold=n/a  running‐acc=0.926
Locality eval: pred=true              gold=true  correct=True  running‐acc=0.567
[ 285/600] loss=0.0223  pred=true   gold=true  running‐acc=0.926
Locality eval: pred=false             gold=n/a  correct=False  running‐acc=0.565
[ 286/600] loss=0.0003  pred=n/a    gold=n/a  running‐acc=0.927
Locality eval: pred=n/a               gold=true  correct=False  running‐acc=0.563
[ 287/600] loss=0.0009  pred=n/a    gold=n/a  running‐acc=0.927
Locality eval: pred=n/a               gold=true  correct=False  running‐acc=0.561
[ 288/600] loss=0.0023  pred=true   gold=true  running‐acc=0.927
Locality eval: pred=n/a               gold=n/a  correct=True  running‐acc=0.562
[ 289/600] loss=0.0200  pred=true   gold=true  running‐acc=0.927
Locality eval: pred=true              gold=n/a  correct=False  running‐acc=0.561
[ 290/600] loss=0.0001  pred=n/a    gold=n/a  running‐acc=0.928
Locality eval: pred=n/a               gold=true  correct=False  running‐acc=0.559
[ 291/600] loss=0.0113  pred=true   gold=true  running‐acc=0.928
Locality eval: pred=n/a               gold=n/a  correct=True  running‐acc=0.560
[ 292/600] loss=0.0057  pred=true   gold=true  running‐acc=0.928
Locality eval: pred=true              gold=n/a  correct=False  running‐acc=0.558
[ 293/600] loss=0.0121  pred=true   gold=true  running‐acc=0.928
Locality eval: pred=n/a               gold=n/a  correct=True  running‐acc=0.560
[ 294/600] loss=0.0022  pred=true   gold=true  running‐acc=0.929
Locality eval: pred=n/a               gold=n/a  correct=True  running‐acc=0.561
[ 295/600] loss=0.0026  pred=n/a    gold=n/a  running‐acc=0.929
Locality eval: pred=n/a               gold=true  correct=False  running‐acc=0.559
[ 296/600] loss=0.0021  pred=n/a    gold=n/a  running‐acc=0.929
Locality eval: pred=n/a               gold=true  correct=False  running‐acc=0.557
[ 297/600] loss=0.0061  pred=true   gold=true  running‐acc=0.929
Locality eval: pred=n/a               gold=n/a  correct=True  running‐acc=0.559
[ 298/600] loss=0.0035  pred=true   gold=true  running‐acc=0.930
Locality eval: pred=n/a               gold=n/a  correct=True  running‐acc=0.560
[ 299/600] loss=0.0044  pred=n/a    gold=n/a  running‐acc=0.930
Locality eval: pred=n/a               gold=true  correct=False  running‐acc=0.559
[ 300/600] loss=0.0025  pred=n/a    gold=n/a  running‐acc=0.930
Locality eval: pred=true              gold=true  correct=True  running‐acc=0.560
[ 301/600] loss=0.0058  pred=true   gold=true  running‐acc=0.930
Locality eval: pred=n/a               gold=n/a  correct=True  running‐acc=0.561
[ 302/600] loss=0.0119  pred=true   gold=true  running‐acc=0.930
Locality eval: pred=n/a               gold=n/a  correct=True  running‐acc=0.563
[ 303/600] loss=0.0025  pred=true   gold=true  running‐acc=0.931
Locality eval: pred=n/a               gold=n/a  correct=True  running‐acc=0.564
[ 304/600] loss=0.0044  pred=true   gold=true  running‐acc=0.931
Locality eval: pred=n/a               gold=n/a  correct=True  running‐acc=0.566
[ 305/600] loss=0.0088  pred=true   gold=true  running‐acc=0.931
Locality eval: pred=                  gold=n/a  correct=False  running‐acc=0.564
[ 306/600] loss=0.0139  pred=true   gold=true  running‐acc=0.931
Locality eval: pred=n/a               gold=n/a  correct=True  running‐acc=0.565
[ 307/600] loss=0.0016  pred=n/a    gold=true  running‐acc=0.928
Locality eval: pred=n/a               gold=n/a  correct=True  running‐acc=0.567
[ 308/600] loss=0.0153  pred=true   gold=true  running‐acc=0.929
Locality eval: pred=n/a               gold=n/a  correct=True  running‐acc=0.568
[ 309/600] loss=0.0030  pred=true   gold=true  running‐acc=0.929
Locality eval: pred=n/a               gold=n/a  correct=True  running‐acc=0.570
[ 310/600] loss=0.0014  pred=n/a    gold=n/a  running‐acc=0.929
Locality eval: pred=true              gold=true  correct=True  running‐acc=0.571
[ 311/600] loss=0.0123  pred=true   gold=true  running‐acc=0.929
Locality eval: pred=n/a               gold=n/a  correct=True  running‐acc=0.572
[ 312/600] loss=0.0019  pred=true   gold=true  running‐acc=0.929
Locality eval: pred=n/a               gold=n/a  correct=True  running‐acc=0.574
[ 313/600] loss=0.0025  pred=n/a    gold=n/a  running‐acc=0.930
Locality eval: pred=n/a               gold=true  correct=False  running‐acc=0.572
[ 314/600] loss=0.0002  pred=n/a    gold=n/a  running‐acc=0.930
Locality eval: pred=n/a               gold=true  correct=False  running‐acc=0.570
[ 315/600] loss=0.0005  pred=true   gold=n/a  running‐acc=0.927
Locality eval: pred=n/a               gold=true  correct=False  running‐acc=0.568
[ 316/600] loss=0.0196  pred=true   gold=true  running‐acc=0.927
Locality eval: pred=n/a               gold=n/a  correct=True  running‐acc=0.570
[ 317/600] loss=0.0042  pred=true   gold=true  running‐acc=0.927
Locality eval: pred=true              gold=n/a  correct=False  running‐acc=0.568
[ 318/600] loss=0.2848  pred=true   gold=true  running‐acc=0.928
Locality eval: pred=n/a               gold=n/a  correct=True  running‐acc=0.569
[ 319/600] loss=0.0008  pred=n/a    gold=n/a  running‐acc=0.928
Locality eval: pred=true              gold=true  correct=True  running‐acc=0.571
[ 320/600] loss=0.0005  pred=n/a    gold=n/a  running‐acc=0.928
Locality eval: pred=n/a               gold=true  correct=False  running‐acc=0.569
[ 321/600] loss=0.0022  pred=n/a    gold=true  running‐acc=0.925
Locality eval: pred=n/a               gold=n/a  correct=True  running‐acc=0.570
[ 322/600] loss=0.0049  pred=true   gold=true  running‐acc=0.925
Locality eval: pred=n/a               gold=n/a  correct=True  running‐acc=0.571
[ 323/600] loss=0.0012  pred=n/a    gold=n/a  running‐acc=0.926
Locality eval: pred=n/a               gold=true  correct=False  running‐acc=0.570
[ 324/600] loss=0.0004  pred=n/a    gold=n/a  running‐acc=0.926
Locality eval: pred=n/a               gold=true  correct=False  running‐acc=0.568
[ 325/600] loss=0.0101  pred=true   gold=true  running‐acc=0.926
Locality eval: pred=n/a               gold=n/a  correct=True  running‐acc=0.569
[ 326/600] loss=0.0016  pred=n/a    gold=n/a  running‐acc=0.926
Locality eval: pred=n/a               gold=true  correct=False  running‐acc=0.567
[ 327/600] loss=0.0103  pred=true   gold=true  running‐acc=0.927
Locality eval: pred=true              gold=n/a  correct=False  running‐acc=0.566
[ 328/600] loss=0.0010  pred=n/a    gold=n/a  running‐acc=0.927
Locality eval: pred=n/a               gold=true  correct=False  running‐acc=0.564
[ 329/600] loss=0.0136  pred=true   gold=true  running‐acc=0.927
Locality eval: pred=true              gold=n/a  correct=False  running‐acc=0.562
[ 330/600] loss=0.0030  pred=n/a    gold=n/a  running‐acc=0.927
Locality eval: pred=true              gold=true  correct=True  running‐acc=0.564
[ 331/600] loss=0.0015  pred=true   gold=true  running‐acc=0.927
Locality eval: pred=n/a               gold=n/a  correct=True  running‐acc=0.565
[ 332/600] loss=0.0015  pred=n/a    gold=n/a  running‐acc=0.928
Locality eval: pred=n/a               gold=true  correct=False  running‐acc=0.563
[ 333/600] loss=0.0015  pred=true   gold=true  running‐acc=0.928
Locality eval: pred=n/a               gold=n/a  correct=True  running‐acc=0.565
[ 334/600] loss=0.0022  pred=n/a    gold=n/a  running‐acc=0.928
Locality eval: pred=n/a               gold=true  correct=False  running‐acc=0.563
[ 335/600] loss=0.0186  pred=true   gold=true  running‐acc=0.928
Locality eval: pred=true              gold=n/a  correct=False  running‐acc=0.561
[ 336/600] loss=0.0015  pred=n/a    gold=n/a  running‐acc=0.929
Locality eval: pred=n/a               gold=true  correct=False  running‐acc=0.560
[ 337/600] loss=0.0015  pred=n/a    gold=n/a  running‐acc=0.929
Locality eval: pred=n/a               gold=true  correct=False  running‐acc=0.558
[ 338/600] loss=0.0020  pred=n/a    gold=n/a  running‐acc=0.929
Locality eval: pred=n/a               gold=true  correct=False  running‐acc=0.556
[ 339/600] loss=0.0005  pred=n/a    gold=n/a  running‐acc=0.929
Locality eval: pred=true              gold=true  correct=True  running‐acc=0.558
[ 340/600] loss=0.0008  pred=n/a    gold=n/a  running‐acc=0.929
Locality eval: pred=n/a               gold=true  correct=False  running‐acc=0.556
[ 341/600] loss=0.0063  pred=true   gold=true  running‐acc=0.930
Locality eval: pred=n/a               gold=n/a  correct=True  running‐acc=0.557
[ 342/600] loss=0.0133  pred=true   gold=true  running‐acc=0.930
Locality eval: pred=n/a               gold=n/a  correct=True  running‐acc=0.558
[ 343/600] loss=0.0079  pred=n/a    gold=n/a  running‐acc=0.930
Locality eval: pred=n/a               gold=true  correct=False  running‐acc=0.557
[ 344/600] loss=0.0233  pred=n/a    gold=true  running‐acc=0.927
Locality eval: pred=n/a               gold=n/a  correct=True  running‐acc=0.558
[ 345/600] loss=0.0009  pred=n/a    gold=n/a  running‐acc=0.928
Locality eval: pred=n/a               gold=true  correct=False  running‐acc=0.557
[ 346/600] loss=0.0081  pred=true   gold=true  running‐acc=0.928
Locality eval: pred=n/a               gold=n/a  correct=True  running‐acc=0.558
[ 347/600] loss=0.0003  pred=n/a    gold=n/a  running‐acc=0.928
Locality eval: pred=n/a               gold=true  correct=False  running‐acc=0.556
[ 348/600] loss=0.0030  pred=n/a    gold=n/a  running‐acc=0.928
Locality eval: pred=n/a               gold=true  correct=False  running‐acc=0.555
[ 349/600] loss=0.0004  pred=false  gold=n/a  running‐acc=0.926
Locality eval: pred=n/a               gold=true  correct=False  running‐acc=0.553
[ 350/600] loss=0.0031  pred=n/a    gold=n/a  running‐acc=0.926
Locality eval: pred=                  gold=true  correct=False  running‐acc=0.551
[ 351/600] loss=0.0008  pred=n/a    gold=n/a  running‐acc=0.926
Locality eval: pred=n/a               gold=true  correct=False  running‐acc=0.550
[ 352/600] loss=0.0006  pred=n/a    gold=n/a  running‐acc=0.926
Locality eval: pred=true              gold=true  correct=True  running‐acc=0.551
[ 353/600] loss=0.0010  pred=n/a    gold=n/a  running‐acc=0.926
Locality eval: pred=                  gold=true  correct=False  running‐acc=0.550
[ 354/600] loss=0.0037  pred=true   gold=true  running‐acc=0.927
Locality eval: pred=n/a               gold=n/a  correct=True  running‐acc=0.551
[ 355/600] loss=0.0116  pred=true   gold=true  running‐acc=0.927
Locality eval: pred=n/a               gold=n/a  correct=True  running‐acc=0.552
[ 356/600] loss=0.0012  pred=true   gold=true  running‐acc=0.927
Locality eval: pred=n/a               gold=n/a  correct=True  running‐acc=0.553
[ 357/600] loss=0.0196  pred=n/a    gold=true  running‐acc=0.924
Locality eval: pred=n/a               gold=n/a  correct=True  running‐acc=0.555
[ 358/600] loss=0.0148  pred=true   gold=true  running‐acc=0.925
Locality eval: pred=n/a               gold=n/a  correct=True  running‐acc=0.556
[ 359/600] loss=0.0136  pred=true   gold=true  running‐acc=0.925
Locality eval: pred=n/a               gold=n/a  correct=True  running‐acc=0.557
[ 360/600] loss=0.0024  pred=n/a    gold=n/a  running‐acc=0.925
Locality eval: pred=n/a               gold=true  correct=False  running‐acc=0.556
[ 361/600] loss=0.0078  pred=true   gold=true  running‐acc=0.925
Locality eval: pred=n/a               gold=n/a  correct=True  running‐acc=0.557
[ 362/600] loss=0.0092  pred=true   gold=true  running‐acc=0.925
Locality eval: pred=n/a               gold=n/a  correct=True  running‐acc=0.558
[ 363/600] loss=0.0066  pred=n/a    gold=n/a  running‐acc=0.926
Locality eval: pred=n/a               gold=true  correct=False  running‐acc=0.556
[ 364/600] loss=0.0117  pred=true   gold=true  running‐acc=0.926
Locality eval: pred=n/a               gold=n/a  correct=True  running‐acc=0.558
[ 365/600] loss=0.0018  pred=n/a    gold=true  running‐acc=0.923
Locality eval: pred=n/a               gold=n/a  correct=True  running‐acc=0.559
[ 366/600] loss=0.0040  pred=n/a    gold=n/a  running‐acc=0.923
Locality eval: pred=true              gold=true  correct=True  running‐acc=0.560
[ 367/600] loss=0.0003  pred=n/a    gold=n/a  running‐acc=0.924
Locality eval: pred=n/a               gold=true  correct=False  running‐acc=0.559
[ 368/600] loss=0.0028  pred=true   gold=true  running‐acc=0.924
Locality eval: pred=n/a               gold=n/a  correct=True  running‐acc=0.560
[ 369/600] loss=0.0010  pred=false  gold=n/a  running‐acc=0.921
Locality eval: pred=false             gold=true  correct=False  running‐acc=0.558
[ 370/600] loss=0.0025  pred=n/a    gold=n/a  running‐acc=0.922
Locality eval: pred=true              gold=true  correct=True  running‐acc=0.559
[ 371/600] loss=0.0008  pred=true   gold=true  running‐acc=0.922
Locality eval: pred=true              gold=n/a  correct=False  running‐acc=0.558
[ 372/600] loss=0.0284  pred=true   gold=true  running‐acc=0.922
Locality eval: pred=n/a               gold=n/a  correct=True  running‐acc=0.559
[ 373/600] loss=0.0052  pred=true   gold=true  running‐acc=0.922
Locality eval: pred=n/a               gold=n/a  correct=True  running‐acc=0.560
[ 374/600] loss=0.0177  pred=n/a    gold=n/a  running‐acc=0.922
Locality eval: pred=n/a               gold=true  correct=False  running‐acc=0.559
[ 375/600] loss=0.0339  pred=true   gold=true  running‐acc=0.923
Locality eval: pred=n/a               gold=n/a  correct=True  running‐acc=0.560
[ 376/600] loss=0.0036  pred=true   gold=true  running‐acc=0.923
Locality eval: pred=n/a               gold=n/a  correct=True  running‐acc=0.561
[ 377/600] loss=0.0236  pred=n/a    gold=true  running‐acc=0.920
Locality eval: pred=n/a               gold=n/a  correct=True  running‐acc=0.562
[ 378/600] loss=0.0068  pred=true   gold=true  running‐acc=0.921
Locality eval: pred=n/a               gold=n/a  correct=True  running‐acc=0.563
[ 379/600] loss=0.0064  pred=true   gold=true  running‐acc=0.921
Locality eval: pred=n/a               gold=n/a  correct=True  running‐acc=0.565
[ 380/600] loss=0.0167  pred=true   gold=true  running‐acc=0.921
Locality eval: pred=n/a               gold=n/a  correct=True  running‐acc=0.566
[ 381/600] loss=0.0010  pred=n/a    gold=n/a  running‐acc=0.921
Locality eval: pred=true              gold=true  correct=True  running‐acc=0.567
[ 382/600] loss=0.0019  pred=n/a    gold=n/a  running‐acc=0.921
Locality eval: pred=n/a               gold=true  correct=False  running‐acc=0.565
[ 383/600] loss=0.0033  pred=n/a    gold=n/a  running‐acc=0.922
Locality eval: pred=n/a               gold=true  correct=False  running‐acc=0.564
[ 384/600] loss=0.0015  pred=n/a    gold=n/a  running‐acc=0.922
Locality eval: pred=true              gold=true  correct=True  running‐acc=0.565
[ 385/600] loss=0.0144  pred=       gold=true  running‐acc=0.919
Locality eval: pred=true              gold=n/a  correct=False  running‐acc=0.564
[ 386/600] loss=0.0011  pred=true   gold=true  running‐acc=0.920
Locality eval: pred=n/a               gold=n/a  correct=True  running‐acc=0.565
[ 387/600] loss=0.0045  pred=n/a    gold=n/a  running‐acc=0.920
Locality eval: pred=                  gold=true  correct=False  running‐acc=0.563
[ 388/600] loss=0.0087  pred=true   gold=true  running‐acc=0.920
Locality eval: pred=n/a               gold=n/a  correct=True  running‐acc=0.564
[ 389/600] loss=0.0008  pred=n/a    gold=n/a  running‐acc=0.920
Locality eval: pred=n/a               gold=true  correct=False  running‐acc=0.563
[ 390/600] loss=0.0226  pred=true   gold=true  running‐acc=0.921
Locality eval: pred=true              gold=n/a  correct=False  running‐acc=0.562
[ 391/600] loss=0.0039  pred=true   gold=true  running‐acc=0.921
Locality eval: pred=n/a               gold=n/a  correct=True  running‐acc=0.563
[ 392/600] loss=0.0003  pred=n/a    gold=n/a  running‐acc=0.921
Locality eval: pred=true              gold=true  correct=True  running‐acc=0.564
[ 393/600] loss=0.0005  pred=n/a    gold=n/a  running‐acc=0.921
Locality eval: pred=n/a               gold=true  correct=False  running‐acc=0.562
[ 394/600] loss=0.0012  pred=n/a    gold=n/a  running‐acc=0.921
Locality eval: pred=true              gold=true  correct=True  running‐acc=0.563
[ 395/600] loss=0.0119  pred=true   gold=true  running‐acc=0.922
Locality eval: pred=true              gold=n/a  correct=False  running‐acc=0.562
[ 396/600] loss=0.0112  pred=true   gold=true  running‐acc=0.922
Locality eval: pred=n/a               gold=n/a  correct=True  running‐acc=0.563
[ 397/600] loss=0.0002  pred=n/a    gold=n/a  running‐acc=0.922
Locality eval: pred=true              gold=true  correct=True  running‐acc=0.564
[ 398/600] loss=0.0013  pred=true   gold=true  running‐acc=0.922
Locality eval: pred=n/a               gold=n/a  correct=True  running‐acc=0.565
[ 399/600] loss=0.0014  pred=n/a    gold=n/a  running‐acc=0.922
Locality eval: pred=n/a               gold=true  correct=False  running‐acc=0.564
[ 400/600] loss=0.0010  pred=true   gold=true  running‐acc=0.922
Locality eval: pred=n/a               gold=n/a  correct=True  running‐acc=0.565
[ 401/600] loss=0.0996  pred=       gold=true  running‐acc=0.920
Locality eval: pred=                  gold=n/a  correct=False  running‐acc=0.564
[ 402/600] loss=0.0007  pred=n/a    gold=n/a  running‐acc=0.920
Locality eval: pred=                  gold=true  correct=False  running‐acc=0.562
[ 403/600] loss=0.0017  pred=true   gold=true  running‐acc=0.921
Locality eval: pred=n/a               gold=n/a  correct=True  running‐acc=0.563
[ 404/600] loss=0.0149  pred=true   gold=true  running‐acc=0.921
Locality eval: pred=true              gold=n/a  correct=False  running‐acc=0.562
[ 405/600] loss=0.0007  pred=n/a    gold=n/a  running‐acc=0.921
Locality eval: pred=true              gold=true  correct=True  running‐acc=0.563
[ 406/600] loss=0.0005  pred=n/a    gold=n/a  running‐acc=0.921
Locality eval: pred=true              gold=true  correct=True  running‐acc=0.564
[ 407/600] loss=0.0012  pred=true   gold=true  running‐acc=0.921
Locality eval: pred=n/a               gold=n/a  correct=True  running‐acc=0.565
[ 408/600] loss=0.0020  pred=n/a    gold=n/a  running‐acc=0.922
Locality eval: pred=true              gold=true  correct=True  running‐acc=0.566
[ 409/600] loss=0.0050  pred=n/a    gold=true  running‐acc=0.919
Locality eval: pred=n/a               gold=n/a  correct=True  running‐acc=0.567
[ 410/600] loss=0.0034  pred=n/a    gold=n/a  running‐acc=0.920
Locality eval: pred=n/a               gold=true  correct=False  running‐acc=0.566
[ 411/600] loss=0.0059  pred=true   gold=true  running‐acc=0.920
Locality eval: pred=n/a               gold=n/a  correct=True  running‐acc=0.567
[ 412/600] loss=0.0169  pred=true   gold=true  running‐acc=0.920
Locality eval: pred=n/a               gold=n/a  correct=True  running‐acc=0.568
[ 413/600] loss=0.0026  pred=n/a    gold=true  running‐acc=0.918
Locality eval: pred=n/a               gold=n/a  correct=True  running‐acc=0.569
[ 414/600] loss=0.0147  pred=true   gold=true  running‐acc=0.918
Locality eval: pred=n/a               gold=n/a  correct=True  running‐acc=0.570
[ 415/600] loss=0.0003  pred=n/a    gold=n/a  running‐acc=0.918
Locality eval: pred=n/a               gold=true  correct=False  running‐acc=0.569
[ 416/600] loss=0.0114  pred=true   gold=true  running‐acc=0.918
Locality eval: pred=true              gold=n/a  correct=False  running‐acc=0.567
[ 417/600] loss=0.0007  pred=n/a    gold=n/a  running‐acc=0.918
Locality eval: pred=true              gold=true  correct=True  running‐acc=0.568
[ 418/600] loss=0.0012  pred=n/a    gold=n/a  running‐acc=0.919
Locality eval: pred=n/a               gold=true  correct=False  running‐acc=0.567
[ 419/600] loss=0.0066  pred=true   gold=true  running‐acc=0.919
Locality eval: pred=n/a               gold=n/a  correct=True  running‐acc=0.568
[ 420/600] loss=0.0153  pred=true   gold=true  running‐acc=0.919
Locality eval: pred=n/a               gold=n/a  correct=True  running‐acc=0.569
[ 421/600] loss=0.0090  pred=true   gold=true  running‐acc=0.919
Locality eval: pred=n/a               gold=n/a  correct=True  running‐acc=0.570
[ 422/600] loss=0.0079  pred=true   gold=true  running‐acc=0.919
Locality eval: pred=                  gold=n/a  correct=False  running‐acc=0.569
[ 423/600] loss=0.0064  pred=true   gold=true  running‐acc=0.920
Locality eval: pred=n/a               gold=n/a  correct=True  running‐acc=0.570
[ 424/600] loss=0.0006  pred=n/a    gold=n/a  running‐acc=0.920
Locality eval: pred=n/a               gold=true  correct=False  running‐acc=0.568
[ 425/600] loss=0.0025  pred=n/a    gold=n/a  running‐acc=0.920
Locality eval: pred=n/a               gold=true  correct=False  running‐acc=0.567
[ 426/600] loss=0.0002  pred=n/a    gold=n/a  running‐acc=0.920
Locality eval: pred=n/a               gold=true  correct=False  running‐acc=0.566
[ 427/600] loss=0.0078  pred=true   gold=true  running‐acc=0.920
Locality eval: pred=n/a               gold=n/a  correct=True  running‐acc=0.567
[ 428/600] loss=0.0170  pred=true   gold=true  running‐acc=0.921
Locality eval: pred=true              gold=n/a  correct=False  running‐acc=0.565
[ 429/600] loss=0.0016  pred=true   gold=true  running‐acc=0.921
Locality eval: pred=n/a               gold=n/a  correct=True  running‐acc=0.566
[ 430/600] loss=0.0003  pred=n/a    gold=n/a  running‐acc=0.921
Locality eval: pred=n/a               gold=true  correct=False  running‐acc=0.565
[ 431/600] loss=0.0106  pred=true   gold=true  running‐acc=0.921
Locality eval: pred=true              gold=n/a  correct=False  running‐acc=0.564
[ 432/600] loss=0.0098  pred=true   gold=true  running‐acc=0.921
Locality eval: pred=n/a               gold=n/a  correct=True  running‐acc=0.565
[ 433/600] loss=0.0094  pred=true   gold=true  running‐acc=0.921
Locality eval: pred=n/a               gold=n/a  correct=True  running‐acc=0.566
[ 434/600] loss=0.0005  pred=n/a    gold=n/a  running‐acc=0.922
Locality eval: pred=true              gold=true  correct=True  running‐acc=0.567
[ 435/600] loss=0.0006  pred=n/a    gold=n/a  running‐acc=0.922
Locality eval: pred=n/a               gold=true  correct=False  running‐acc=0.566
[ 436/600] loss=0.0065  pred=true   gold=true  running‐acc=0.922
Locality eval: pred=                  gold=n/a  correct=False  running‐acc=0.564
[ 437/600] loss=0.0081  pred=true   gold=true  running‐acc=0.922
Locality eval: pred=n/a               gold=n/a  correct=True  running‐acc=0.565
[ 438/600] loss=0.0008  pred=n/a    gold=n/a  running‐acc=0.922
Locality eval: pred=true              gold=true  correct=True  running‐acc=0.566
[ 439/600] loss=0.0002  pred=n/a    gold=n/a  running‐acc=0.923
Locality eval: pred=n/a               gold=true  correct=False  running‐acc=0.565
[ 440/600] loss=0.0105  pred=true   gold=true  running‐acc=0.923
Locality eval: pred=n/a               gold=n/a  correct=True  running‐acc=0.566
[ 441/600] loss=0.0021  pred=n/a    gold=n/a  running‐acc=0.923
Locality eval: pred=n/a               gold=true  correct=False  running‐acc=0.565
[ 442/600] loss=0.0148  pred=       gold=true  running‐acc=0.921
Locality eval: pred=                  gold=n/a  correct=False  running‐acc=0.563
[ 443/600] loss=0.0280  pred=true   gold=true  running‐acc=0.921
Locality eval: pred=n/a               gold=n/a  correct=True  running‐acc=0.564
[ 444/600] loss=0.0137  pred=true   gold=true  running‐acc=0.921
Locality eval: pred=n/a               gold=n/a  correct=True  running‐acc=0.565
[ 445/600] loss=0.0051  pred=true   gold=true  running‐acc=0.921
Locality eval: pred=n/a               gold=n/a  correct=True  running‐acc=0.566
[ 446/600] loss=0.0117  pred=true   gold=true  running‐acc=0.922
Locality eval: pred=n/a               gold=n/a  correct=True  running‐acc=0.567
[ 447/600] loss=0.0472  pred=true   gold=true  running‐acc=0.922
Locality eval: pred=n/a               gold=n/a  correct=True  running‐acc=0.568
[ 448/600] loss=0.0348  pred=true   gold=true  running‐acc=0.922
Locality eval: pred=n/a               gold=n/a  correct=True  running‐acc=0.569
[ 449/600] loss=0.0171  pred=true   gold=true  running‐acc=0.922
Locality eval: pred=                  gold=n/a  correct=False  running‐acc=0.568
[ 450/600] loss=0.0003  pred=n/a    gold=n/a  running‐acc=0.922
Locality eval: pred=n/a               gold=true  correct=False  running‐acc=0.567
[ 451/600] loss=0.0024  pred=true   gold=true  running‐acc=0.922
Locality eval: pred=n/a               gold=n/a  correct=True  running‐acc=0.568
[ 452/600] loss=0.0035  pred=n/a    gold=n/a  running‐acc=0.923
Locality eval: pred=n/a               gold=true  correct=False  running‐acc=0.566
[ 453/600] loss=0.0068  pred=n/a    gold=n/a  running‐acc=0.923
Locality eval: pred=n/a               gold=true  correct=False  running‐acc=0.565
[ 454/600] loss=0.0079  pred=n/a    gold=n/a  running‐acc=0.923
Locality eval: pred=true              gold=true  correct=True  running‐acc=0.566
[ 455/600] loss=0.0087  pred=true   gold=true  running‐acc=0.923
Locality eval: pred=n/a               gold=n/a  correct=True  running‐acc=0.567
[ 456/600] loss=0.0005  pred=n/a    gold=n/a  running‐acc=0.923
Locality eval: pred=true              gold=true  correct=True  running‐acc=0.568
[ 457/600] loss=0.0008  pred=n/a    gold=n/a  running‐acc=0.923
Locality eval: pred=n/a               gold=true  correct=False  running‐acc=0.567
[ 458/600] loss=0.0020  pred=n/a    gold=n/a  running‐acc=0.924
Locality eval: pred=n/a               gold=true  correct=False  running‐acc=0.566
[ 459/600] loss=0.0081  pred=true   gold=true  running‐acc=0.924
Locality eval: pred=n/a               gold=n/a  correct=True  running‐acc=0.566
[ 460/600] loss=0.0165  pred=true   gold=true  running‐acc=0.924
Locality eval: pred=n/a               gold=n/a  correct=True  running‐acc=0.567
[ 461/600] loss=0.0002  pred=n/a    gold=n/a  running‐acc=0.924
Locality eval: pred=true              gold=true  correct=True  running‐acc=0.568
[ 462/600] loss=0.0007  pred=n/a    gold=n/a  running‐acc=0.924
Locality eval: pred=true              gold=true  correct=True  running‐acc=0.569
[ 463/600] loss=0.0358  pred=true   gold=true  running‐acc=0.924
Locality eval: pred=true              gold=n/a  correct=False  running‐acc=0.568
[ 464/600] loss=0.0021  pred=n/a    gold=n/a  running‐acc=0.925
Locality eval: pred=n/a               gold=true  correct=False  running‐acc=0.567
[ 465/600] loss=0.0008  pred=n/a    gold=n/a  running‐acc=0.925
Locality eval: pred=n/a               gold=true  correct=False  running‐acc=0.566
[ 466/600] loss=0.0005  pred=n/a    gold=n/a  running‐acc=0.925
Locality eval: pred=n/a               gold=true  correct=False  running‐acc=0.564
[ 467/600] loss=0.0062  pred=n/a    gold=n/a  running‐acc=0.925
Locality eval: pred=true              gold=true  correct=True  running‐acc=0.565
[ 468/600] loss=0.0011  pred=n/a    gold=n/a  running‐acc=0.925
Locality eval: pred=n/a               gold=true  correct=False  running‐acc=0.564
[ 469/600] loss=0.0108  pred=true   gold=true  running‐acc=0.925
Locality eval: pred=n/a               gold=n/a  correct=True  running‐acc=0.565
[ 470/600] loss=0.0006  pred=n/a    gold=n/a  running‐acc=0.926
Locality eval: pred=true              gold=true  correct=True  running‐acc=0.566
[ 471/600] loss=0.0004  pred=n/a    gold=n/a  running‐acc=0.926
Locality eval: pred=n/a               gold=true  correct=False  running‐acc=0.565
[ 472/600] loss=0.0062  pred=true   gold=true  running‐acc=0.926
Locality eval: pred=true              gold=n/a  correct=False  running‐acc=0.564
[ 473/600] loss=0.0008  pred=n/a    gold=n/a  running‐acc=0.926
Locality eval: pred=n/a               gold=true  correct=False  running‐acc=0.562
[ 474/600] loss=0.0039  pred=true   gold=true  running‐acc=0.926
Locality eval: pred=n/a               gold=n/a  correct=True  running‐acc=0.563
[ 475/600] loss=0.0021  pred=n/a    gold=n/a  running‐acc=0.926
Locality eval: pred=n/a               gold=true  correct=False  running‐acc=0.562
[ 476/600] loss=0.0113  pred=true   gold=true  running‐acc=0.926
Locality eval: pred=n/a               gold=n/a  correct=True  running‐acc=0.563
[ 477/600] loss=0.0016  pred=n/a    gold=n/a  running‐acc=0.927
Locality eval: pred=n/a               gold=true  correct=False  running‐acc=0.562
[ 478/600] loss=0.0107  pred=true   gold=true  running‐acc=0.927
Locality eval: pred=n/a               gold=n/a  correct=True  running‐acc=0.563
[ 479/600] loss=0.0017  pred=n/a    gold=n/a  running‐acc=0.927
Locality eval: pred=n/a               gold=true  correct=False  running‐acc=0.562
[ 480/600] loss=0.0010  pred=n/a    gold=n/a  running‐acc=0.927
Locality eval: pred=n/a               gold=true  correct=False  running‐acc=0.560
[ 481/600] loss=0.0003  pred=n/a    gold=n/a  running‐acc=0.927
Locality eval: pred=n/a               gold=true  correct=False  running‐acc=0.559
[ 482/600] loss=0.0134  pred=true   gold=true  running‐acc=0.927
Locality eval: pred=n/a               gold=n/a  correct=True  running‐acc=0.560
[ 483/600] loss=0.0005  pred=n/a    gold=n/a  running‐acc=0.928
Locality eval: pred=n/a               gold=true  correct=False  running‐acc=0.559
[ 484/600] loss=0.0034  pred=n/a    gold=n/a  running‐acc=0.928
Locality eval: pred=n/a               gold=true  correct=False  running‐acc=0.558
[ 485/600] loss=0.0020  pred=n/a    gold=n/a  running‐acc=0.928
Locality eval: pred=                  gold=true  correct=False  running‐acc=0.557
[ 486/600] loss=0.0016  pred=n/a    gold=n/a  running‐acc=0.928
Locality eval: pred=n/a               gold=true  correct=False  running‐acc=0.556
[ 487/600] loss=0.0034  pred=n/a    gold=n/a  running‐acc=0.928
Locality eval: pred=true              gold=true  correct=True  running‐acc=0.556
[ 488/600] loss=0.0008  pred=n/a    gold=n/a  running‐acc=0.928
Locality eval: pred=true              gold=true  correct=True  running‐acc=0.557
[ 489/600] loss=0.0009  pred=n/a    gold=n/a  running‐acc=0.928
Locality eval: pred=n/a               gold=true  correct=False  running‐acc=0.556
[ 490/600] loss=0.0024  pred=n/a    gold=n/a  running‐acc=0.929
Locality eval: pred=true              gold=true  correct=True  running‐acc=0.557
[ 491/600] loss=0.0019  pred=n/a    gold=n/a  running‐acc=0.929
Locality eval: pred=true              gold=true  correct=True  running‐acc=0.558
[ 492/600] loss=0.0038  pred=true   gold=true  running‐acc=0.929
Locality eval: pred=n/a               gold=n/a  correct=True  running‐acc=0.559
[ 493/600] loss=0.0022  pred=n/a    gold=n/a  running‐acc=0.929
Locality eval: pred=true              gold=true  correct=True  running‐acc=0.560
[ 494/600] loss=0.0032  pred=n/a    gold=n/a  running‐acc=0.929
Locality eval: pred=n/a               gold=true  correct=False  running‐acc=0.559
[ 495/600] loss=0.0004  pred=n/a    gold=n/a  running‐acc=0.929
Locality eval: pred=n/a               gold=true  correct=False  running‐acc=0.558
[ 496/600] loss=0.0009  pred=n/a    gold=n/a  running‐acc=0.929
Locality eval: pred=n/a               gold=true  correct=False  running‐acc=0.556
[ 497/600] loss=0.0008  pred=true   gold=true  running‐acc=0.930
Locality eval: pred=true              gold=n/a  correct=False  running‐acc=0.555
[ 498/600] loss=0.0195  pred=true   gold=true  running‐acc=0.930
Locality eval: pred=n/a               gold=n/a  correct=True  running‐acc=0.556
[ 499/600] loss=0.0021  pred=n/a    gold=n/a  running‐acc=0.930
Locality eval: pred=n/a               gold=true  correct=False  running‐acc=0.555
[ 500/600] loss=0.0003  pred=n/a    gold=n/a  running‐acc=0.930
Locality eval: pred=true              gold=true  correct=True  running‐acc=0.556
[ 501/600] loss=0.0012  pred=n/a    gold=n/a  running‐acc=0.930
Locality eval: pred=n/a               gold=true  correct=False  running‐acc=0.555
[ 502/600] loss=0.0135  pred=n/a    gold=n/a  running‐acc=0.930
Locality eval: pred=true              gold=true  correct=True  running‐acc=0.556
[ 503/600] loss=0.0526  pred=true   gold=true  running‐acc=0.930
Locality eval: pred=n/a               gold=n/a  correct=True  running‐acc=0.557
[ 504/600] loss=0.0037  pred=true   gold=true  running‐acc=0.931
Locality eval: pred=n/a               gold=n/a  correct=True  running‐acc=0.558
[ 505/600] loss=0.0083  pred=true   gold=true  running‐acc=0.931
Locality eval: pred=true              gold=n/a  correct=False  running‐acc=0.556
[ 506/600] loss=0.0017  pred=true   gold=true  running‐acc=0.931
Locality eval: pred=true              gold=n/a  correct=False  running‐acc=0.555
[ 507/600] loss=0.0074  pred=true   gold=true  running‐acc=0.931
Locality eval: pred=n/a               gold=n/a  correct=True  running‐acc=0.556
[ 508/600] loss=0.0064  pred=true   gold=true  running‐acc=0.931
Locality eval: pred=true              gold=n/a  correct=False  running‐acc=0.555
[ 509/600] loss=0.0290  pred=true   gold=true  running‐acc=0.931
Locality eval: pred=n/a               gold=n/a  correct=True  running‐acc=0.556
[ 510/600] loss=0.0029  pred=true   gold=true  running‐acc=0.931
Locality eval: pred=true              gold=n/a  correct=False  running‐acc=0.555
[ 511/600] loss=0.0023  pred=n/a    gold=n/a  running‐acc=0.932
Locality eval: pred=n/a               gold=true  correct=False  running‐acc=0.554
[ 512/600] loss=0.0189  pred=true   gold=true  running‐acc=0.932
Locality eval: pred=n/a               gold=n/a  correct=True  running‐acc=0.555
[ 513/600] loss=0.0010  pred=n/a    gold=n/a  running‐acc=0.932
Locality eval: pred=n/a               gold=true  correct=False  running‐acc=0.554
[ 514/600] loss=0.0009  pred=true   gold=true  running‐acc=0.932
Locality eval: pred=n/a               gold=n/a  correct=True  running‐acc=0.554
[ 515/600] loss=0.0007  pred=n/a    gold=n/a  running‐acc=0.932
Locality eval: pred=                  gold=true  correct=False  running‐acc=0.553
[ 516/600] loss=0.0020  pred=n/a    gold=n/a  running‐acc=0.932
Locality eval: pred=n/a               gold=true  correct=False  running‐acc=0.552
[ 517/600] loss=0.0049  pred=n/a    gold=n/a  running‐acc=0.932
Locality eval: pred=n/a               gold=true  correct=False  running‐acc=0.551
[ 518/600] loss=0.0007  pred=n/a    gold=n/a  running‐acc=0.932
Locality eval: pred=true              gold=true  correct=True  running‐acc=0.552
[ 519/600] loss=0.0175  pred=true   gold=true  running‐acc=0.933
Locality eval: pred=n/a               gold=n/a  correct=True  running‐acc=0.553
[ 520/600] loss=0.0131  pred=true   gold=true  running‐acc=0.933
Locality eval: pred=n/a               gold=n/a  correct=True  running‐acc=0.554
[ 521/600] loss=0.0142  pred=true   gold=true  running‐acc=0.933
Locality eval: pred=n/a               gold=n/a  correct=True  running‐acc=0.555
[ 522/600] loss=0.0110  pred=true   gold=true  running‐acc=0.933
Locality eval: pred=n/a               gold=n/a  correct=True  running‐acc=0.556
[ 523/600] loss=0.0019  pred=n/a    gold=n/a  running‐acc=0.933
Locality eval: pred=n/a               gold=true  correct=False  running‐acc=0.554
[ 524/600] loss=0.0019  pred=true   gold=true  running‐acc=0.933
Locality eval: pred=n/a               gold=n/a  correct=True  running‐acc=0.555
[ 525/600] loss=0.0058  pred=true   gold=true  running‐acc=0.933
Locality eval: pred=true              gold=n/a  correct=False  running‐acc=0.554
[ 526/600] loss=0.0027  pred=true   gold=true  running‐acc=0.933
Locality eval: pred=n/a               gold=n/a  correct=True  running‐acc=0.555
[ 527/600] loss=0.0003  pred=n/a    gold=n/a  running‐acc=0.934
Locality eval: pred=n/a               gold=true  correct=False  running‐acc=0.554
[ 528/600] loss=0.0082  pred=true   gold=true  running‐acc=0.934
Locality eval: pred=n/a               gold=n/a  correct=True  running‐acc=0.555
[ 529/600] loss=0.0002  pred=n/a    gold=n/a  running‐acc=0.934
Locality eval: pred=true              gold=true  correct=True  running‐acc=0.556
[ 530/600] loss=0.0109  pred=true   gold=true  running‐acc=0.934
Locality eval: pred=true              gold=n/a  correct=False  running‐acc=0.555
[ 531/600] loss=0.0010  pred=n/a    gold=n/a  running‐acc=0.934
Locality eval: pred=n/a               gold=true  correct=False  running‐acc=0.554
[ 532/600] loss=0.0181  pred=true   gold=true  running‐acc=0.934
Locality eval: pred=n/a               gold=n/a  correct=True  running‐acc=0.555
[ 533/600] loss=0.0003  pred=n/a    gold=n/a  running‐acc=0.934
Locality eval: pred=n/a               gold=true  correct=False  running‐acc=0.553
[ 534/600] loss=0.0076  pred=true   gold=true  running‐acc=0.934
Locality eval: pred=n/a               gold=n/a  correct=True  running‐acc=0.554
[ 535/600] loss=0.0046  pred=n/a    gold=true  running‐acc=0.933
Locality eval: pred=n/a               gold=n/a  correct=True  running‐acc=0.555
[ 536/600] loss=0.0121  pred=true   gold=true  running‐acc=0.933
Locality eval: pred=n/a               gold=n/a  correct=True  running‐acc=0.556
[ 537/600] loss=0.0032  pred=n/a    gold=n/a  running‐acc=0.933
Locality eval: pred=n/a               gold=true  correct=False  running‐acc=0.555
[ 538/600] loss=0.0100  pred=true   gold=true  running‐acc=0.933
Locality eval: pred=n/a               gold=n/a  correct=True  running‐acc=0.556
[ 539/600] loss=0.0173  pred=true   gold=true  running‐acc=0.933
Locality eval: pred=true              gold=n/a  correct=False  running‐acc=0.555
[ 540/600] loss=0.0011  pred=n/a    gold=n/a  running‐acc=0.933
Locality eval: pred=n/a               gold=true  correct=False  running‐acc=0.554
[ 541/600] loss=0.0013  pred=n/a    gold=n/a  running‐acc=0.933
Locality eval: pred=n/a               gold=true  correct=False  running‐acc=0.553
[ 542/600] loss=0.0001  pred=n/a    gold=n/a  running‐acc=0.934
Locality eval: pred=n/a               gold=true  correct=False  running‐acc=0.552
[ 543/600] loss=0.0003  pred=n/a    gold=n/a  running‐acc=0.934
Locality eval: pred=true              gold=true  correct=True  running‐acc=0.552
[ 544/600] loss=0.0015  pred=n/a    gold=n/a  running‐acc=0.934
Locality eval: pred=true              gold=true  correct=True  running‐acc=0.553
[ 545/600] loss=0.0156  pred=true   gold=true  running‐acc=0.934
Locality eval: pred=n/a               gold=n/a  correct=True  running‐acc=0.554
[ 546/600] loss=0.0020  pred=n/a    gold=n/a  running‐acc=0.934
Locality eval: pred=n/a               gold=true  correct=False  running‐acc=0.553
[ 547/600] loss=0.0041  pred=true   gold=true  running‐acc=0.934
Locality eval: pred=n/a               gold=n/a  correct=True  running‐acc=0.554
[ 548/600] loss=0.0084  pred=true   gold=true  running‐acc=0.934
Locality eval: pred=n/a               gold=n/a  correct=True  running‐acc=0.555
[ 549/600] loss=0.0011  pred=n/a    gold=true  running‐acc=0.933
Locality eval: pred=n/a               gold=n/a  correct=True  running‐acc=0.556
[ 550/600] loss=0.0012  pred=n/a    gold=n/a  running‐acc=0.933
Locality eval: pred=true              gold=true  correct=True  running‐acc=0.556
[ 551/600] loss=0.0154  pred=true   gold=true  running‐acc=0.933
Locality eval: pred=n/a               gold=n/a  correct=True  running‐acc=0.557
[ 552/600] loss=0.0008  pred=n/a    gold=n/a  running‐acc=0.933
Locality eval: pred=n/a               gold=true  correct=False  running‐acc=0.556
[ 553/600] loss=0.0003  pred=n/a    gold=n/a  running‐acc=0.933
Locality eval: pred=n/a               gold=true  correct=False  running‐acc=0.555
[ 554/600] loss=0.0050  pred=true   gold=true  running‐acc=0.933
Locality eval: pred=true              gold=n/a  correct=False  running‐acc=0.554
[ 555/600] loss=0.0005  pred=n/a    gold=n/a  running‐acc=0.933
Locality eval: pred=n/a               gold=true  correct=False  running‐acc=0.553
[ 556/600] loss=0.0002  pred=n/a    gold=n/a  running‐acc=0.933
Locality eval: pred=true              gold=true  correct=True  running‐acc=0.554
[ 557/600] loss=0.0004  pred=n/a    gold=n/a  running‐acc=0.934
Locality eval: pred=n/a               gold=true  correct=False  running‐acc=0.553
[ 558/600] loss=0.0330  pred=true   gold=true  running‐acc=0.934
Locality eval: pred=true              gold=n/a  correct=False  running‐acc=0.552
[ 559/600] loss=0.0202  pred=true   gold=true  running‐acc=0.934
Locality eval: pred=n/a               gold=n/a  correct=True  running‐acc=0.553
[ 560/600] loss=0.0019  pred=n/a    gold=n/a  running‐acc=0.934
Locality eval: pred=n/a               gold=true  correct=False  running‐acc=0.552
[ 561/600] loss=0.0081  pred=true   gold=true  running‐acc=0.934
Locality eval: pred=true              gold=n/a  correct=False  running‐acc=0.551
[ 562/600] loss=0.0137  pred=true   gold=true  running‐acc=0.934
Locality eval: pred=n/a               gold=n/a  correct=True  running‐acc=0.552
[ 563/600] loss=0.0012  pred=n/a    gold=n/a  running‐acc=0.934
Locality eval: pred=n/a               gold=true  correct=False  running‐acc=0.551
[ 564/600] loss=0.0052  pred=true   gold=true  running‐acc=0.934
Locality eval: pred=true              gold=n/a  correct=False  running‐acc=0.550
[ 565/600] loss=0.0009  pred=n/a    gold=n/a  running‐acc=0.935
Locality eval: pred=true              gold=true  correct=True  running‐acc=0.550
[ 566/600] loss=0.0026  pred=true   gold=true  running‐acc=0.935
Locality eval: pred=true              gold=n/a  correct=False  running‐acc=0.549
[ 567/600] loss=0.0058  pred=true   gold=true  running‐acc=0.935
Locality eval: pred=n/a               gold=n/a  correct=True  running‐acc=0.550
[ 568/600] loss=0.0013  pred=n/a    gold=n/a  running‐acc=0.935
Locality eval: pred=n/a               gold=true  correct=False  running‐acc=0.549
[ 569/600] loss=0.0012  pred=true   gold=true  running‐acc=0.935
Locality eval: pred=n/a               gold=n/a  correct=True  running‐acc=0.550
[ 570/600] loss=0.0055  pred=true   gold=true  running‐acc=0.935
Locality eval: pred=n/a               gold=n/a  correct=True  running‐acc=0.551
[ 571/600] loss=0.0028  pred=true   gold=true  running‐acc=0.935
Locality eval: pred=                  gold=n/a  correct=False  running‐acc=0.550
[ 572/600] loss=0.0023  pred=true   gold=true  running‐acc=0.935
Locality eval: pred=n/a               gold=n/a  correct=True  running‐acc=0.551
[ 573/600] loss=0.0166  pred=true   gold=true  running‐acc=0.935
Locality eval: pred=n/a               gold=n/a  correct=True  running‐acc=0.551
[ 574/600] loss=0.0132  pred=true   gold=true  running‐acc=0.936
Locality eval: pred=true              gold=n/a  correct=False  running‐acc=0.551
[ 575/600] loss=0.0076  pred=true   gold=true  running‐acc=0.936
Locality eval: pred=true              gold=n/a  correct=False  running‐acc=0.550
[ 576/600] loss=0.0025  pred=true   gold=true  running‐acc=0.936
Locality eval: pred=n/a               gold=n/a  correct=True  running‐acc=0.550
[ 577/600] loss=0.0087  pred=n/a    gold=true  running‐acc=0.934
Locality eval: pred=n/a               gold=n/a  correct=True  running‐acc=0.551
[ 578/600] loss=0.0038  pred=n/a    gold=n/a  running‐acc=0.934
Locality eval: pred=n/a               gold=true  correct=False  running‐acc=0.550
[ 579/600] loss=0.0188  pred=true   gold=true  running‐acc=0.934
Locality eval: pred=n/a               gold=n/a  correct=True  running‐acc=0.551
[ 580/600] loss=0.0022  pred=n/a    gold=n/a  running‐acc=0.934
Locality eval: pred=true              gold=true  correct=True  running‐acc=0.552
[ 581/600] loss=0.0025  pred=n/a    gold=n/a  running‐acc=0.935
Locality eval: pred=true              gold=true  correct=True  running‐acc=0.552
[ 582/600] loss=0.0095  pred=n/a    gold=n/a  running‐acc=0.935
Locality eval: pred=n/a               gold=true  correct=False  running‐acc=0.552
[ 583/600] loss=0.0036  pred=n/a    gold=n/a  running‐acc=0.935
Locality eval: pred=n/a               gold=true  correct=False  running‐acc=0.551
[ 584/600] loss=0.0008  pred=n/a    gold=n/a  running‐acc=0.935
Locality eval: pred=n/a               gold=true  correct=False  running‐acc=0.550
[ 585/600] loss=0.0011  pred=n/a    gold=n/a  running‐acc=0.935
Locality eval: pred=n/a               gold=true  correct=False  running‐acc=0.549
[ 586/600] loss=0.0003  pred=n/a    gold=n/a  running‐acc=0.935
Locality eval: pred=n/a               gold=true  correct=False  running‐acc=0.548
[ 587/600] loss=0.0044  pred=true   gold=true  running‐acc=0.935
Locality eval: pred=n/a               gold=n/a  correct=True  running‐acc=0.549
[ 588/600] loss=0.0016  pred=true   gold=true  running‐acc=0.935
Locality eval: pred=true              gold=n/a  correct=False  running‐acc=0.548
[ 589/600] loss=0.0114  pred=n/a    gold=true  running‐acc=0.934
Locality eval: pred=n/a               gold=n/a  correct=True  running‐acc=0.548
[ 590/600] loss=0.0113  pred=true   gold=true  running‐acc=0.934
Locality eval: pred=                  gold=n/a  correct=False  running‐acc=0.547
[ 591/600] loss=0.0141  pred=true   gold=true  running‐acc=0.934
Locality eval: pred=n/a               gold=n/a  correct=True  running‐acc=0.548
[ 592/600] loss=0.0025  pred=n/a    gold=n/a  running‐acc=0.934
Locality eval: pred=true              gold=true  correct=True  running‐acc=0.549
[ 593/600] loss=0.1360  pred=true   gold=true  running‐acc=0.934
Locality eval: pred=n/a               gold=n/a  correct=True  running‐acc=0.550
[ 594/600] loss=0.0095  pred=n/a    gold=n/a  running‐acc=0.934
Locality eval: pred=true              gold=true  correct=True  running‐acc=0.551
[ 595/600] loss=0.0078  pred=n/a    gold=true  running‐acc=0.933
Locality eval: pred=n/a               gold=n/a  correct=True  running‐acc=0.551
[ 596/600] loss=0.0005  pred=n/a    gold=n/a  running‐acc=0.933
Locality eval: pred=true              gold=true  correct=True  running‐acc=0.552
[ 597/600] loss=0.0021  pred=n/a    gold=n/a  running‐acc=0.933
Locality eval: pred=true              gold=true  correct=True  running‐acc=0.553
[ 598/600] loss=0.0046  pred=n/a    gold=true  running‐acc=0.931
Locality eval: pred=n/a               gold=n/a  correct=True  running‐acc=0.554
[ 599/600] loss=0.0009  pred=true   gold=true  running‐acc=0.932
Locality eval: pred=true              gold=n/a  correct=False  running‐acc=0.553
[ 600/600] loss=0.0039  pred=n/a    gold=n/a  running‐acc=0.932
Locality eval: pred=n/a               gold=true  correct=False  running‐acc=0.552

Finished in 1549.1s.  Final accuracy: 0.932.

