
Loading base model (4‐bit)…
Loading checkpoint shards:   0%|          | 0/2 [00:00<?, ?it/s]Loading checkpoint shards:  50%|█████     | 1/2 [00:18<00:18, 18.00s/it]Loading checkpoint shards: 100%|██████████| 2/2 [00:24<00:00, 11.04s/it]Loading checkpoint shards: 100%|██████████| 2/2 [00:24<00:00, 12.09s/it]
trainable params: 4,587,520 || all params: 3,217,337,344 || trainable%: 0.1426
  0%|          | 0/600 [00:00<?, ?it/s]100%|██████████| 600/600 [00:00<00:00, 33192.85it/s]
/project/uvadm/zhenyu/miniconda3/envs/mechanistic/lib/python3.10/site-packages/transformers/generation/configuration_utils.py:631: UserWarning: `do_sample` is set to `False`. However, `temperature` is set to `0.6` -- this flag is only used in sample-based generation modes. You should set `do_sample=True` or unset `temperature`.
  warnings.warn(
/project/uvadm/zhenyu/miniconda3/envs/mechanistic/lib/python3.10/site-packages/transformers/generation/configuration_utils.py:636: UserWarning: `do_sample` is set to `False`. However, `top_p` is set to `0.9` -- this flag is only used in sample-based generation modes. You should set `do_sample=True` or unset `top_p`.
  warnings.warn(
Loaded 600 (train, eval) pairs.

Starting sequential training…
Cached 112 LoRA tensors.
[   1/600] loss=0.8192  pred=true   gold=true  running‐acc=1.000
Locality eval: pred=true              gold=n/a  correct=False  running‐acc=0.000
[   2/600] loss=1.3429  pred=true   gold=true  running‐acc=1.000
Locality eval: pred=n/a               gold=n/a  correct=True  running‐acc=0.500
[   3/600] loss=1.3446  pred=n/a    gold=true  running‐acc=0.667
Locality eval: pred=n/a               gold=n/a  correct=True  running‐acc=0.667
[   4/600] loss=1.0176  pred=true   gold=true  running‐acc=0.750
Locality eval: pred=n/a               gold=n/a  correct=True  running‐acc=0.750
[   5/600] loss=1.0108  pred=true   gold=true  running‐acc=0.800
Locality eval: pred=n/a               gold=n/a  correct=True  running‐acc=0.800
[   6/600] loss=1.1651  pred=n/a    gold=true  running‐acc=0.667
Locality eval: pred=n/a               gold=n/a  correct=True  running‐acc=0.833
[   7/600] loss=1.1315  pred=n/a    gold=n/a  running‐acc=0.714
Locality eval: pred=false             gold=true  correct=False  running‐acc=0.714
[   8/600] loss=1.2343  pred=n/a    gold=n/a  running‐acc=0.750
Locality eval: pred=n/a               gold=true  correct=False  running‐acc=0.625
[   9/600] loss=1.3245  pred=true   gold=true  running‐acc=0.778
Locality eval: pred=true              gold=n/a  correct=False  running‐acc=0.556
[  10/600] loss=1.0070  pred=true   gold=true  running‐acc=0.800
Locality eval: pred=true              gold=n/a  correct=False  running‐acc=0.500
[  11/600] loss=1.5212  pred=n/a    gold=true  running‐acc=0.727
Locality eval: pred=n/a               gold=n/a  correct=True  running‐acc=0.545
[  12/600] loss=1.2214  pred=true   gold=true  running‐acc=0.750
Locality eval: pred=false             gold=n/a  correct=False  running‐acc=0.500
[  13/600] loss=1.5977  pred=n/a    gold=n/a  running‐acc=0.769
Locality eval: pred=                  gold=true  correct=False  running‐acc=0.462
[  14/600] loss=1.3631  pred=       gold=n/a  running‐acc=0.714
Locality eval: pred=true              gold=true  correct=True  running‐acc=0.500
[  15/600] loss=0.9759  pred=n/a    gold=true  running‐acc=0.667
Locality eval: pred=true              gold=n/a  correct=False  running‐acc=0.467
[  16/600] loss=1.3088  pred=n/a    gold=n/a  running‐acc=0.688
Locality eval: pred=n/a               gold=true  correct=False  running‐acc=0.438
[  17/600] loss=1.1892  pred=n/a    gold=n/a  running‐acc=0.706
Locality eval: pred=true              gold=true  correct=True  running‐acc=0.471
[  18/600] loss=1.0377  pred=true   gold=true  running‐acc=0.722
Locality eval: pred=n/a               gold=n/a  correct=True  running‐acc=0.500
[  19/600] loss=2.0437  pred=true   gold=true  running‐acc=0.737
Locality eval: pred=n/a               gold=n/a  correct=True  running‐acc=0.526
[  20/600] loss=1.2752  pred=n/a    gold=n/a  running‐acc=0.750
Locality eval: pred=                  gold=true  correct=False  running‐acc=0.500
[  21/600] loss=0.9829  pred=n/a    gold=n/a  running‐acc=0.762
Locality eval: pred=n/a               gold=true  correct=False  running‐acc=0.476
[  22/600] loss=1.3479  pred=       gold=n/a  running‐acc=0.727
Locality eval: pred=true              gold=true  correct=True  running‐acc=0.500
[  23/600] loss=1.2290  pred=n/a    gold=n/a  running‐acc=0.739
Locality eval: pred=true              gold=true  correct=True  running‐acc=0.522
[  24/600] loss=1.2471  pred=n/a    gold=n/a  running‐acc=0.750
Locality eval: pred=n/a               gold=true  correct=False  running‐acc=0.500
[  25/600] loss=1.4497  pred=true   gold=true  running‐acc=0.760
Locality eval: pred=n/a               gold=n/a  correct=True  running‐acc=0.520
[  26/600] loss=1.0884  pred=n/a    gold=n/a  running‐acc=0.769
Locality eval: pred=true              gold=true  correct=True  running‐acc=0.538
[  27/600] loss=1.2413  pred=n/a    gold=n/a  running‐acc=0.778
Locality eval: pred=false             gold=true  correct=False  running‐acc=0.519
[  28/600] loss=1.4440  pred=false  gold=n/a  running‐acc=0.750
Locality eval: pred=n/a               gold=true  correct=False  running‐acc=0.500
[  29/600] loss=1.2364  pred=       gold=n/a  running‐acc=0.724
Locality eval: pred=n/a               gold=true  correct=False  running‐acc=0.483
[  30/600] loss=1.3378  pred=n/a    gold=n/a  running‐acc=0.733
Locality eval: pred=n/a               gold=true  correct=False  running‐acc=0.467
[  31/600] loss=1.0407  pred=true   gold=true  running‐acc=0.742
Locality eval: pred=n/a               gold=n/a  correct=True  running‐acc=0.484
[  32/600] loss=1.1635  pred=n/a    gold=n/a  running‐acc=0.750
Locality eval: pred=false             gold=true  correct=False  running‐acc=0.469
[  33/600] loss=1.4058  pred=n/a    gold=n/a  running‐acc=0.758
Locality eval: pred=true              gold=true  correct=True  running‐acc=0.485
[  34/600] loss=1.0290  pred=n/a    gold=n/a  running‐acc=0.765
Locality eval: pred=                  gold=true  correct=False  running‐acc=0.471
[  35/600] loss=1.1810  pred=true   gold=true  running‐acc=0.771
Locality eval: pred=n/a               gold=n/a  correct=True  running‐acc=0.486
[  36/600] loss=1.0475  pred=n/a    gold=n/a  running‐acc=0.778
Locality eval: pred=true              gold=true  correct=True  running‐acc=0.500
[  37/600] loss=1.3832  pred=true   gold=true  running‐acc=0.784
Locality eval: pred=n/a               gold=n/a  correct=True  running‐acc=0.514
[  38/600] loss=1.2146  pred=n/a    gold=n/a  running‐acc=0.789
Locality eval: pred=n/a               gold=true  correct=False  running‐acc=0.500
[  39/600] loss=1.3597  pred=true   gold=true  running‐acc=0.795
Locality eval: pred=n/a               gold=n/a  correct=True  running‐acc=0.513
[  40/600] loss=1.1471  pred=true   gold=true  running‐acc=0.800
Locality eval: pred=false             gold=n/a  correct=False  running‐acc=0.500
[  41/600] loss=0.9171  pred=true   gold=true  running‐acc=0.805
Locality eval: pred=n/a               gold=n/a  correct=True  running‐acc=0.512
[  42/600] loss=1.2660  pred=n/a    gold=n/a  running‐acc=0.810
Locality eval: pred=true              gold=true  correct=True  running‐acc=0.524
[  43/600] loss=1.3298  pred=true   gold=true  running‐acc=0.814
Locality eval: pred=n/a               gold=n/a  correct=True  running‐acc=0.535
[  44/600] loss=1.1605  pred=n/a    gold=n/a  running‐acc=0.818
Locality eval: pred=n/a               gold=true  correct=False  running‐acc=0.523
[  45/600] loss=1.2816  pred=n/a    gold=n/a  running‐acc=0.822
Locality eval: pred=n/a               gold=true  correct=False  running‐acc=0.511
[  46/600] loss=1.6361  pred=true   gold=true  running‐acc=0.826
Locality eval: pred=true              gold=n/a  correct=False  running‐acc=0.500
[  47/600] loss=0.9531  pred=true   gold=true  running‐acc=0.830
Locality eval: pred=n/a               gold=n/a  correct=True  running‐acc=0.511
[  48/600] loss=1.0908  pred=n/a    gold=n/a  running‐acc=0.833
Locality eval: pred=                  gold=true  correct=False  running‐acc=0.500
[  49/600] loss=1.1403  pred=true   gold=true  running‐acc=0.837
Locality eval: pred=n/a               gold=n/a  correct=True  running‐acc=0.510
[  50/600] loss=1.0783  pred=n/a    gold=n/a  running‐acc=0.840
Locality eval: pred=                  gold=true  correct=False  running‐acc=0.500
[  51/600] loss=1.0663  pred=true   gold=true  running‐acc=0.843
Locality eval: pred=n/a               gold=n/a  correct=True  running‐acc=0.510
[  52/600] loss=1.3108  pred=true   gold=true  running‐acc=0.846
Locality eval: pred=n/a               gold=n/a  correct=True  running‐acc=0.519
[  53/600] loss=1.1088  pred=n/a    gold=n/a  running‐acc=0.849
Locality eval: pred=                  gold=true  correct=False  running‐acc=0.509
[  54/600] loss=1.3331  pred=true   gold=true  running‐acc=0.852
Locality eval: pred=n/a               gold=n/a  correct=True  running‐acc=0.519
[  55/600] loss=1.2513  pred=n/a    gold=n/a  running‐acc=0.855
Locality eval: pred=n/a               gold=true  correct=False  running‐acc=0.509
[  56/600] loss=1.2448  pred=false  gold=n/a  running‐acc=0.839
Locality eval: pred=true              gold=true  correct=True  running‐acc=0.518
[  57/600] loss=1.1178  pred=true   gold=true  running‐acc=0.842
Locality eval: pred=n/a               gold=n/a  correct=True  running‐acc=0.526
[  58/600] loss=1.1304  pred=true   gold=true  running‐acc=0.845
Locality eval: pred=n/a               gold=n/a  correct=True  running‐acc=0.534
[  59/600] loss=1.2085  pred=true   gold=true  running‐acc=0.847
Locality eval: pred=false             gold=n/a  correct=False  running‐acc=0.525
[  60/600] loss=1.0235  pred=true   gold=true  running‐acc=0.850
Locality eval: pred=n/a               gold=n/a  correct=True  running‐acc=0.533
[  61/600] loss=1.2177  pred=n/a    gold=true  running‐acc=0.836
Locality eval: pred=true              gold=n/a  correct=False  running‐acc=0.525
[  62/600] loss=1.1568  pred=n/a    gold=true  running‐acc=0.823
Locality eval: pred=n/a               gold=n/a  correct=True  running‐acc=0.532
[  63/600] loss=1.0100  pred=n/a    gold=n/a  running‐acc=0.825
Locality eval: pred=true              gold=true  correct=True  running‐acc=0.540
[  64/600] loss=1.2508  pred=n/a    gold=n/a  running‐acc=0.828
Locality eval: pred=                  gold=true  correct=False  running‐acc=0.531
[  65/600] loss=1.2380  pred=n/a    gold=n/a  running‐acc=0.831
Locality eval: pred=false             gold=true  correct=False  running‐acc=0.523
[  66/600] loss=1.0013  pred=true   gold=true  running‐acc=0.833
Locality eval: pred=false             gold=n/a  correct=False  running‐acc=0.515
[  67/600] loss=0.9056  pred=true   gold=true  running‐acc=0.836
Locality eval: pred=n/a               gold=n/a  correct=True  running‐acc=0.522
[  68/600] loss=0.9503  pred=true   gold=true  running‐acc=0.838
Locality eval: pred=n/a               gold=n/a  correct=True  running‐acc=0.529
[  69/600] loss=1.1760  pred=n/a    gold=n/a  running‐acc=0.841
Locality eval: pred=                  gold=true  correct=False  running‐acc=0.522
[  70/600] loss=1.2061  pred=n/a    gold=n/a  running‐acc=0.843
Locality eval: pred=true              gold=true  correct=True  running‐acc=0.529
[  71/600] loss=0.9315  pred=       gold=n/a  running‐acc=0.831
Locality eval: pred=true              gold=true  correct=True  running‐acc=0.535
[  72/600] loss=1.3229  pred=n/a    gold=n/a  running‐acc=0.833
Locality eval: pred=true              gold=true  correct=True  running‐acc=0.542
[  73/600] loss=1.1279  pred=true   gold=true  running‐acc=0.836
Locality eval: pred=true              gold=n/a  correct=False  running‐acc=0.534
[  74/600] loss=1.4744  pred=n/a    gold=n/a  running‐acc=0.838
Locality eval: pred=n/a               gold=true  correct=False  running‐acc=0.527
[  75/600] loss=1.1085  pred=n/a    gold=n/a  running‐acc=0.840
Locality eval: pred=                  gold=true  correct=False  running‐acc=0.520
[  76/600] loss=1.2462  pred=n/a    gold=true  running‐acc=0.829
Locality eval: pred=n/a               gold=n/a  correct=True  running‐acc=0.526
[  77/600] loss=1.1397  pred=true   gold=true  running‐acc=0.831
Locality eval: pred=n/a               gold=n/a  correct=True  running‐acc=0.532
[  78/600] loss=1.0061  pred=       gold=n/a  running‐acc=0.821
Locality eval: pred=n/a               gold=true  correct=False  running‐acc=0.526
[  79/600] loss=1.1479  pred=true   gold=true  running‐acc=0.823
Locality eval: pred=n/a               gold=n/a  correct=True  running‐acc=0.532
[  80/600] loss=1.1130  pred=n/a    gold=n/a  running‐acc=0.825
Locality eval: pred=true              gold=true  correct=True  running‐acc=0.537
[  81/600] loss=1.3075  pred=n/a    gold=n/a  running‐acc=0.827
Locality eval: pred=true              gold=true  correct=True  running‐acc=0.543
[  82/600] loss=1.1744  pred=true   gold=true  running‐acc=0.829
Locality eval: pred=n/a               gold=n/a  correct=True  running‐acc=0.549
[  83/600] loss=1.3549  pred=       gold=n/a  running‐acc=0.819
Locality eval: pred=                  gold=true  correct=False  running‐acc=0.542
[  84/600] loss=0.9355  pred=false  gold=true  running‐acc=0.810
Locality eval: pred=false             gold=n/a  correct=False  running‐acc=0.536
[  85/600] loss=1.1600  pred=n/a    gold=n/a  running‐acc=0.812
Locality eval: pred=n/a               gold=true  correct=False  running‐acc=0.529
[  86/600] loss=1.4681  pred=n/a    gold=n/a  running‐acc=0.814
Locality eval: pred=true              gold=true  correct=True  running‐acc=0.535
[  87/600] loss=1.0933  pred=n/a    gold=n/a  running‐acc=0.816
Locality eval: pred=false             gold=true  correct=False  running‐acc=0.529
[  88/600] loss=0.9698  pred=true   gold=true  running‐acc=0.818
Locality eval: pred=n/a               gold=n/a  correct=True  running‐acc=0.534
[  89/600] loss=1.2429  pred=n/a    gold=true  running‐acc=0.809
Locality eval: pred=false             gold=n/a  correct=False  running‐acc=0.528
[  90/600] loss=1.2340  pred=       gold=n/a  running‐acc=0.800
Locality eval: pred=n/a               gold=true  correct=False  running‐acc=0.522
[  91/600] loss=1.0084  pred=true   gold=n/a  running‐acc=0.791
Locality eval: pred=true              gold=true  correct=True  running‐acc=0.527
[  92/600] loss=0.8092  pred=false  gold=true  running‐acc=0.783
Locality eval: pred=n/a               gold=n/a  correct=True  running‐acc=0.533
[  93/600] loss=1.0627  pred=n/a    gold=n/a  running‐acc=0.785
Locality eval: pred=n/a               gold=true  correct=False  running‐acc=0.527
[  94/600] loss=1.2151  pred=n/a    gold=n/a  running‐acc=0.787
Locality eval: pred=n/a               gold=true  correct=False  running‐acc=0.521
[  95/600] loss=0.7499  pred=true   gold=true  running‐acc=0.789
Locality eval: pred=n/a               gold=n/a  correct=True  running‐acc=0.526
[  96/600] loss=1.1535  pred=n/a    gold=n/a  running‐acc=0.792
Locality eval: pred=true              gold=true  correct=True  running‐acc=0.531
[  97/600] loss=1.3405  pred=n/a    gold=n/a  running‐acc=0.794
Locality eval: pred=                  gold=true  correct=False  running‐acc=0.526
[  98/600] loss=1.0590  pred=n/a    gold=n/a  running‐acc=0.796
Locality eval: pred=n/a               gold=true  correct=False  running‐acc=0.520
[  99/600] loss=1.3813  pred=false.  gold=true  running‐acc=0.788
Locality eval: pred=true              gold=n/a  correct=False  running‐acc=0.515
[ 100/600] loss=0.9584  pred=true   gold=true  running‐acc=0.790
Locality eval: pred=n/a               gold=n/a  correct=True  running‐acc=0.520
[ 101/600] loss=1.2464  pred=n/a    gold=n/a  running‐acc=0.792
Locality eval: pred=true              gold=true  correct=True  running‐acc=0.525
[ 102/600] loss=1.2907  pred=false  gold=true  running‐acc=0.784
Locality eval: pred=n/a               gold=n/a  correct=True  running‐acc=0.529
[ 103/600] loss=1.1105  pred=n/a    gold=n/a  running‐acc=0.786
Locality eval: pred=                  gold=true  correct=False  running‐acc=0.524
[ 104/600] loss=1.2767  pred=true   gold=true  running‐acc=0.788
Locality eval: pred=true              gold=n/a  correct=False  running‐acc=0.519
[ 105/600] loss=1.4783  pred=true   gold=true  running‐acc=0.790
Locality eval: pred=false             gold=n/a  correct=False  running‐acc=0.514
[ 106/600] loss=1.5828  pred=true   gold=true  running‐acc=0.792
Locality eval: pred=n/a               gold=n/a  correct=True  running‐acc=0.519
[ 107/600] loss=0.9172  pred=true   gold=true  running‐acc=0.794
Locality eval: pred=n/a               gold=n/a  correct=True  running‐acc=0.523
[ 108/600] loss=1.2151  pred=true   gold=true  running‐acc=0.796
Locality eval: pred=true              gold=n/a  correct=False  running‐acc=0.519
[ 109/600] loss=1.4994  pred=n/a    gold=true  running‐acc=0.789
Locality eval: pred=true              gold=n/a  correct=False  running‐acc=0.514
[ 110/600] loss=1.2140  pred=true   gold=true  running‐acc=0.791
Locality eval: pred=n/a               gold=n/a  correct=True  running‐acc=0.518
[ 111/600] loss=1.4828  pred=true   gold=true  running‐acc=0.793
Locality eval: pred=n/a               gold=n/a  correct=True  running‐acc=0.523
[ 112/600] loss=1.0908  pred=true   gold=true  running‐acc=0.795
Locality eval: pred=n/a               gold=n/a  correct=True  running‐acc=0.527
[ 113/600] loss=1.3627  pred=n/a    gold=n/a  running‐acc=0.796
Locality eval: pred=true              gold=true  correct=True  running‐acc=0.531
[ 114/600] loss=1.1984  pred=n/a    gold=n/a  running‐acc=0.798
Locality eval: pred=true              gold=true  correct=True  running‐acc=0.535
[ 115/600] loss=0.9903  pred=n/a    gold=n/a  running‐acc=0.800
Locality eval: pred=n/a               gold=true  correct=False  running‐acc=0.530
[ 116/600] loss=1.2454  pred=true   gold=true  running‐acc=0.802
Locality eval: pred=n/a               gold=n/a  correct=True  running‐acc=0.534
[ 117/600] loss=1.1960  pred=n/a    gold=n/a  running‐acc=0.803
Locality eval: pred=n/a               gold=true  correct=False  running‐acc=0.530
[ 118/600] loss=1.1486  pred=n/a    gold=n/a  running‐acc=0.805
Locality eval: pred=n/a               gold=true  correct=False  running‐acc=0.525
[ 119/600] loss=1.1617  pred=n/a    gold=n/a  running‐acc=0.807
Locality eval: pred=n/a               gold=true  correct=False  running‐acc=0.521
[ 120/600] loss=1.2012  pred=n/a    gold=n/a  running‐acc=0.808
Locality eval: pred=false             gold=true  correct=False  running‐acc=0.517
[ 121/600] loss=1.5349  pred=true   gold=true  running‐acc=0.810
Locality eval: pred=n/a               gold=n/a  correct=True  running‐acc=0.521
[ 122/600] loss=1.5200  pred=true   gold=true  running‐acc=0.811
Locality eval: pred=n/a               gold=n/a  correct=True  running‐acc=0.525
[ 123/600] loss=1.3467  pred=n/a    gold=n/a  running‐acc=0.813
Locality eval: pred=n/a               gold=true  correct=False  running‐acc=0.520
[ 124/600] loss=1.2279  pred=n/a    gold=n/a  running‐acc=0.815
Locality eval: pred=false             gold=true  correct=False  running‐acc=0.516
[ 125/600] loss=1.2468  pred=n/a    gold=n/a  running‐acc=0.816
Locality eval: pred=false             gold=true  correct=False  running‐acc=0.512
[ 126/600] loss=1.3830  pred=n/a    gold=true  running‐acc=0.810
Locality eval: pred=n/a               gold=n/a  correct=True  running‐acc=0.516
[ 127/600] loss=1.1826  pred=true   gold=true  running‐acc=0.811
Locality eval: pred=n/a               gold=n/a  correct=True  running‐acc=0.520
[ 128/600] loss=1.1179  pred=n/a    gold=n/a  running‐acc=0.812
Locality eval: pred=true              gold=true  correct=True  running‐acc=0.523
[ 129/600] loss=1.2766  pred=true   gold=true  running‐acc=0.814
Locality eval: pred=true              gold=n/a  correct=False  running‐acc=0.519
[ 130/600] loss=1.2278  pred=       gold=n/a  running‐acc=0.808
Locality eval: pred=true              gold=true  correct=True  running‐acc=0.523
[ 131/600] loss=1.0713  pred=true   gold=true  running‐acc=0.809
Locality eval: pred=true              gold=n/a  correct=False  running‐acc=0.519
[ 132/600] loss=1.2061  pred=n/a    gold=n/a  running‐acc=0.811
Locality eval: pred=true              gold=true  correct=True  running‐acc=0.523
[ 133/600] loss=1.3016  pred=       gold=n/a  running‐acc=0.805
Locality eval: pred=                  gold=true  correct=False  running‐acc=0.519
[ 134/600] loss=0.9086  pred=true   gold=true  running‐acc=0.806
Locality eval: pred=n/a               gold=n/a  correct=True  running‐acc=0.522
[ 135/600] loss=1.1400  pred=true   gold=true  running‐acc=0.807
Locality eval: pred=n/a               gold=n/a  correct=True  running‐acc=0.526
[ 136/600] loss=1.0807  pred=n/a    gold=n/a  running‐acc=0.809
Locality eval: pred=n/a               gold=true  correct=False  running‐acc=0.522
[ 137/600] loss=1.3669  pred=true   gold=true  running‐acc=0.810
Locality eval: pred=n/a               gold=n/a  correct=True  running‐acc=0.526
[ 138/600] loss=1.3888  pred=n/a    gold=true  running‐acc=0.804
Locality eval: pred=true              gold=n/a  correct=False  running‐acc=0.522
[ 139/600] loss=1.3659  pred=       gold=n/a  running‐acc=0.799
Locality eval: pred=                  gold=true  correct=False  running‐acc=0.518
[ 140/600] loss=1.0718  pred=n/a    gold=n/a  running‐acc=0.800
Locality eval: pred=n/a               gold=true  correct=False  running‐acc=0.514
[ 141/600] loss=1.2660  pred=n/a    gold=n/a  running‐acc=0.801
Locality eval: pred=true.             gold=true  correct=True  running‐acc=0.518
[ 142/600] loss=1.2778  pred=       gold=n/a  running‐acc=0.796
Locality eval: pred=n/a               gold=true  correct=False  running‐acc=0.514
[ 143/600] loss=0.8115  pred=true   gold=true  running‐acc=0.797
Locality eval: pred=false             gold=n/a  correct=False  running‐acc=0.510
[ 144/600] loss=0.9530  pred=n/a    gold=true  running‐acc=0.792
Locality eval: pred=n/a               gold=n/a  correct=True  running‐acc=0.514
[ 145/600] loss=1.2099  pred=true   gold=true  running‐acc=0.793
Locality eval: pred=false             gold=n/a  correct=False  running‐acc=0.510
[ 146/600] loss=1.4512  pred=true   gold=true  running‐acc=0.795
Locality eval: pred=false             gold=n/a  correct=False  running‐acc=0.507
[ 147/600] loss=1.1871  pred=n/a    gold=n/a  running‐acc=0.796
Locality eval: pred=true              gold=true  correct=True  running‐acc=0.510
[ 148/600] loss=1.6649  pred=true   gold=true  running‐acc=0.797
Locality eval: pred=false             gold=n/a  correct=False  running‐acc=0.507
[ 149/600] loss=0.9964  pred=n/a    gold=n/a  running‐acc=0.799
Locality eval: pred=true              gold=true  correct=True  running‐acc=0.510
[ 150/600] loss=1.1859  pred=n/a    gold=n/a  running‐acc=0.800
Locality eval: pred=n/a               gold=true  correct=False  running‐acc=0.507
[ 151/600] loss=1.1230  pred=true   gold=true  running‐acc=0.801
Locality eval: pred=n/a               gold=n/a  correct=True  running‐acc=0.510
[ 152/600] loss=0.9778  pred=true   gold=true  running‐acc=0.803
Locality eval: pred=n/a               gold=n/a  correct=True  running‐acc=0.513
[ 153/600] loss=1.3609  pred=n/a    gold=n/a  running‐acc=0.804
Locality eval: pred=                  gold=true  correct=False  running‐acc=0.510
[ 154/600] loss=1.1930  pred=false  gold=n/a  running‐acc=0.799
Locality eval: pred=true              gold=true  correct=True  running‐acc=0.513
[ 155/600] loss=0.7836  pred=true   gold=true  running‐acc=0.800
Locality eval: pred=n/a               gold=n/a  correct=True  running‐acc=0.516
[ 156/600] loss=1.1830  pred=n/a    gold=n/a  running‐acc=0.801
Locality eval: pred=true              gold=true  correct=True  running‐acc=0.519
[ 157/600] loss=1.1568  pred=true   gold=true  running‐acc=0.803
Locality eval: pred=true              gold=n/a  correct=False  running‐acc=0.516
[ 158/600] loss=1.2299  pred=n/a    gold=n/a  running‐acc=0.804
Locality eval: pred=true              gold=true  correct=True  running‐acc=0.519
[ 159/600] loss=1.2387  pred=n/a    gold=n/a  running‐acc=0.805
Locality eval: pred=true              gold=true  correct=True  running‐acc=0.522
[ 160/600] loss=1.2605  pred=       gold=n/a  running‐acc=0.800
Locality eval: pred=n/a               gold=true  correct=False  running‐acc=0.519
[ 161/600] loss=1.4947  pred=true   gold=true  running‐acc=0.801
Locality eval: pred=n/a               gold=n/a  correct=True  running‐acc=0.522
[ 162/600] loss=1.0015  pred=       gold=n/a  running‐acc=0.796
Locality eval: pred=true              gold=true  correct=True  running‐acc=0.525
[ 163/600] loss=1.0894  pred=n/a    gold=n/a  running‐acc=0.798
Locality eval: pred=true              gold=true  correct=True  running‐acc=0.528
[ 164/600] loss=1.3066  pred=false  gold=n/a  running‐acc=0.793
Locality eval: pred=true              gold=true  correct=True  running‐acc=0.530
[ 165/600] loss=1.5541  pred=true   gold=true  running‐acc=0.794
Locality eval: pred=true              gold=n/a  correct=False  running‐acc=0.527
[ 166/600] loss=1.0342  pred=true   gold=true  running‐acc=0.795
Locality eval: pred=n/a               gold=n/a  correct=True  running‐acc=0.530
[ 167/600] loss=1.4527  pred=n/a    gold=n/a  running‐acc=0.796
Locality eval: pred=true              gold=true  correct=True  running‐acc=0.533
[ 168/600] loss=1.3083  pred=n/a    gold=true  running‐acc=0.792
Locality eval: pred=true              gold=n/a  correct=False  running‐acc=0.530
[ 169/600] loss=1.3918  pred=n/a    gold=n/a  running‐acc=0.793
Locality eval: pred=true              gold=true  correct=True  running‐acc=0.533
[ 170/600] loss=1.2308  pred=n/a    gold=n/a  running‐acc=0.794
Locality eval: pred=                  gold=true  correct=False  running‐acc=0.529
[ 171/600] loss=1.2126  pred=       gold=n/a  running‐acc=0.789
Locality eval: pred=true              gold=true  correct=True  running‐acc=0.532
[ 172/600] loss=1.0349  pred=true   gold=true  running‐acc=0.791
Locality eval: pred=false             gold=n/a  correct=False  running‐acc=0.529
[ 173/600] loss=1.3014  pred=n/a    gold=n/a  running‐acc=0.792
Locality eval: pred=n/a               gold=true  correct=False  running‐acc=0.526
[ 174/600] loss=1.1652  pred=true   gold=true  running‐acc=0.793
Locality eval: pred=true              gold=n/a  correct=False  running‐acc=0.523
[ 175/600] loss=1.0832  pred=true   gold=true  running‐acc=0.794
Locality eval: pred=n/a               gold=n/a  correct=True  running‐acc=0.526
[ 176/600] loss=1.2466  pred=false  gold=n/a  running‐acc=0.790
Locality eval: pred=true              gold=true  correct=True  running‐acc=0.528
[ 177/600] loss=1.0493  pred=true   gold=true  running‐acc=0.791
Locality eval: pred=n/a               gold=n/a  correct=True  running‐acc=0.531
[ 178/600] loss=1.2747  pred=n/a    gold=n/a  running‐acc=0.792
Locality eval: pred=n/a               gold=true  correct=False  running‐acc=0.528
[ 179/600] loss=1.3736  pred=n/a    gold=n/a  running‐acc=0.793
Locality eval: pred=                  gold=true  correct=False  running‐acc=0.525
[ 180/600] loss=1.3381  pred=true   gold=true  running‐acc=0.794
Locality eval: pred=true              gold=n/a  correct=False  running‐acc=0.522
[ 181/600] loss=1.1649  pred=n/a    gold=n/a  running‐acc=0.796
Locality eval: pred=                  gold=true  correct=False  running‐acc=0.519
[ 182/600] loss=1.1488  pred=n/a    gold=n/a  running‐acc=0.797
Locality eval: pred=true              gold=true  correct=True  running‐acc=0.522
[ 183/600] loss=0.9328  pred=true   gold=true  running‐acc=0.798
Locality eval: pred=n/a               gold=n/a  correct=True  running‐acc=0.525
[ 184/600] loss=1.5757  pred=true   gold=true  running‐acc=0.799
Locality eval: pred=n/a               gold=n/a  correct=True  running‐acc=0.527
[ 185/600] loss=1.2123  pred=true   gold=true  running‐acc=0.800
Locality eval: pred=true              gold=n/a  correct=False  running‐acc=0.524
[ 186/600] loss=1.3797  pred=true   gold=true  running‐acc=0.801
Locality eval: pred=n/a               gold=n/a  correct=True  running‐acc=0.527
[ 187/600] loss=1.2160  pred=       gold=n/a  running‐acc=0.797
Locality eval: pred=false             gold=true  correct=False  running‐acc=0.524
[ 188/600] loss=1.0924  pred=n/a    gold=n/a  running‐acc=0.798
Locality eval: pred=n/a               gold=true  correct=False  running‐acc=0.521
[ 189/600] loss=1.5728  pred=true   gold=true  running‐acc=0.799
Locality eval: pred=n/a               gold=n/a  correct=True  running‐acc=0.524
[ 190/600] loss=1.3800  pred=n/a    gold=n/a  running‐acc=0.800
Locality eval: pred=false             gold=true  correct=False  running‐acc=0.521
[ 191/600] loss=1.3063  pred=n/a    gold=n/a  running‐acc=0.801
Locality eval: pred=                  gold=true  correct=False  running‐acc=0.518
[ 192/600] loss=1.3215  pred=n/a    gold=n/a  running‐acc=0.802
Locality eval: pred=n/a               gold=true  correct=False  running‐acc=0.516
[ 193/600] loss=1.2342  pred=true   gold=true  running‐acc=0.803
Locality eval: pred=n/a               gold=n/a  correct=True  running‐acc=0.518
[ 194/600] loss=1.2666  pred=true   gold=true  running‐acc=0.804
Locality eval: pred=true              gold=n/a  correct=False  running‐acc=0.515
[ 195/600] loss=1.1856  pred=true   gold=true  running‐acc=0.805
Locality eval: pred=n/a               gold=n/a  correct=True  running‐acc=0.518
[ 196/600] loss=1.5942  pred=n/a    gold=true  running‐acc=0.801
Locality eval: pred=n/a               gold=n/a  correct=True  running‐acc=0.520
[ 197/600] loss=1.2141  pred=true   gold=true  running‐acc=0.802
Locality eval: pred=true              gold=n/a  correct=False  running‐acc=0.518
[ 198/600] loss=1.3554  pred=       gold=n/a  running‐acc=0.798
Locality eval: pred=n/a               gold=true  correct=False  running‐acc=0.515
[ 199/600] loss=0.4226  pred=true   gold=true  running‐acc=0.799
Locality eval: pred=n/a               gold=n/a  correct=True  running‐acc=0.518
[ 200/600] loss=1.3063  pred=true   gold=true  running‐acc=0.800
Locality eval: pred=true              gold=n/a  correct=False  running‐acc=0.515
[ 201/600] loss=1.1684  pred=       gold=n/a  running‐acc=0.796
Locality eval: pred=n/a               gold=true  correct=False  running‐acc=0.512
[ 202/600] loss=1.3567  pred=n/a    gold=n/a  running‐acc=0.797
Locality eval: pred=n/a               gold=true  correct=False  running‐acc=0.510
[ 203/600] loss=0.2678  pred=true   gold=true  running‐acc=0.798
Locality eval: pred=n/a               gold=n/a  correct=True  running‐acc=0.512
[ 204/600] loss=1.5167  pred=       gold=n/a  running‐acc=0.794
Locality eval: pred=true              gold=true  correct=True  running‐acc=0.515
[ 205/600] loss=1.2440  pred=n/a    gold=true  running‐acc=0.790
Locality eval: pred=n/a               gold=n/a  correct=True  running‐acc=0.517
[ 206/600] loss=1.1323  pred=n/a    gold=n/a  running‐acc=0.791
Locality eval: pred=n/a               gold=true  correct=False  running‐acc=0.515
[ 207/600] loss=1.2919  pred=false  gold=n/a  running‐acc=0.787
Locality eval: pred=true              gold=true  correct=True  running‐acc=0.517
[ 208/600] loss=1.0142  pred=false  gold=true  running‐acc=0.784
Locality eval: pred=false             gold=n/a  correct=False  running‐acc=0.514
[ 209/600] loss=1.0155  pred=n/a    gold=n/a  running‐acc=0.785
Locality eval: pred=n/a               gold=true  correct=False  running‐acc=0.512
[ 210/600] loss=1.3279  pred=n/a    gold=n/a  running‐acc=0.786
Locality eval: pred=true              gold=true  correct=True  running‐acc=0.514
[ 211/600] loss=1.2159  pred=true   gold=true  running‐acc=0.787
Locality eval: pred=n/a               gold=n/a  correct=True  running‐acc=0.517
[ 212/600] loss=1.2144  pred=n/a    gold=n/a  running‐acc=0.788
Locality eval: pred=                  gold=true  correct=False  running‐acc=0.514
[ 213/600] loss=1.6563  pred=true   gold=true  running‐acc=0.789
Locality eval: pred=true              gold=n/a  correct=False  running‐acc=0.512
[ 214/600] loss=1.1409  pred=n/a    gold=n/a  running‐acc=0.790
Locality eval: pred=n/a               gold=true  correct=False  running‐acc=0.509
[ 215/600] loss=1.2690  pred=true   gold=true  running‐acc=0.791
Locality eval: pred=true              gold=n/a  correct=False  running‐acc=0.507
[ 216/600] loss=1.3030  pred=n/a    gold=n/a  running‐acc=0.792
Locality eval: pred=true              gold=true  correct=True  running‐acc=0.509
[ 217/600] loss=1.0244  pred=true   gold=true  running‐acc=0.793
Locality eval: pred=n/a               gold=n/a  correct=True  running‐acc=0.512
[ 218/600] loss=1.2398  pred=n/a    gold=n/a  running‐acc=0.794
Locality eval: pred=                  gold=true  correct=False  running‐acc=0.509
[ 219/600] loss=1.3301  pred=true   gold=true  running‐acc=0.795
Locality eval: pred=false             gold=n/a  correct=False  running‐acc=0.507
[ 220/600] loss=1.2277  pred=       gold=n/a  running‐acc=0.791
Locality eval: pred=true              gold=true  correct=True  running‐acc=0.509
[ 221/600] loss=1.3042  pred=false  gold=n/a  running‐acc=0.787
Locality eval: pred=true              gold=true  correct=True  running‐acc=0.511
[ 222/600] loss=1.2154  pred=n/a    gold=n/a  running‐acc=0.788
Locality eval: pred=                  gold=true  correct=False  running‐acc=0.509
[ 223/600] loss=1.3452  pred=n/a    gold=n/a  running‐acc=0.789
Locality eval: pred=true              gold=true  correct=True  running‐acc=0.511
[ 224/600] loss=1.3639  pred=       gold=n/a  running‐acc=0.786
Locality eval: pred=n/a               gold=true  correct=False  running‐acc=0.509
[ 225/600] loss=1.3592  pred=n/a    gold=n/a  running‐acc=0.787
Locality eval: pred=true              gold=true  correct=True  running‐acc=0.511
[ 226/600] loss=1.2389  pred=true   gold=true  running‐acc=0.788
Locality eval: pred=true              gold=n/a  correct=False  running‐acc=0.509
[ 227/600] loss=1.3455  pred=       gold=n/a  running‐acc=0.784
Locality eval: pred=                  gold=true  correct=False  running‐acc=0.507
[ 228/600] loss=1.1185  pred=n/a    gold=n/a  running‐acc=0.785
Locality eval: pred=n/a               gold=true  correct=False  running‐acc=0.504
[ 229/600] loss=1.1060  pred=       gold=n/a  running‐acc=0.782
Locality eval: pred=n/a               gold=true  correct=False  running‐acc=0.502
[ 230/600] loss=1.1737  pred=       gold=n/a  running‐acc=0.778
Locality eval: pred=                  gold=true  correct=False  running‐acc=0.500
[ 231/600] loss=1.2427  pred=n/a    gold=n/a  running‐acc=0.779
Locality eval: pred=true              gold=true  correct=True  running‐acc=0.502
[ 232/600] loss=1.2015  pred=n/a    gold=n/a  running‐acc=0.780
Locality eval: pred=true              gold=true  correct=True  running‐acc=0.504
[ 233/600] loss=1.2740  pred=true   gold=true  running‐acc=0.781
Locality eval: pred=n/a               gold=n/a  correct=True  running‐acc=0.506
[ 234/600] loss=1.1102  pred=true   gold=true  running‐acc=0.782
Locality eval: pred=n/a               gold=n/a  correct=True  running‐acc=0.509
[ 235/600] loss=1.5205  pred=       gold=n/a  running‐acc=0.779
Locality eval: pred=                  gold=true  correct=False  running‐acc=0.506
[ 236/600] loss=1.1997  pred=n/a    gold=n/a  running‐acc=0.780
Locality eval: pred=true              gold=true  correct=True  running‐acc=0.508
[ 237/600] loss=1.1606  pred=true   gold=true  running‐acc=0.781
Locality eval: pred=n/a               gold=n/a  correct=True  running‐acc=0.511
[ 238/600] loss=1.3789  pred=       gold=n/a  running‐acc=0.777
Locality eval: pred=                  gold=true  correct=False  running‐acc=0.508
[ 239/600] loss=1.2299  pred=n/a    gold=n/a  running‐acc=0.778
Locality eval: pred=n/a               gold=true  correct=False  running‐acc=0.506
[ 240/600] loss=1.0342  pred=true   gold=true  running‐acc=0.779
Locality eval: pred=n/a               gold=n/a  correct=True  running‐acc=0.508
[ 241/600] loss=1.2162  pred=       gold=n/a  running‐acc=0.776
Locality eval: pred=n/a               gold=true  correct=False  running‐acc=0.506
[ 242/600] loss=1.1641  pred=       gold=n/a  running‐acc=0.773
Locality eval: pred=                  gold=true  correct=False  running‐acc=0.504
[ 243/600] loss=1.2187  pred=n/a    gold=n/a  running‐acc=0.774
Locality eval: pred=true              gold=true  correct=True  running‐acc=0.506
[ 244/600] loss=1.4542  pred=true   gold=true  running‐acc=0.775
Locality eval: pred=n/a               gold=n/a  correct=True  running‐acc=0.508
[ 245/600] loss=1.4423  pred=n/a    gold=true  running‐acc=0.771
Locality eval: pred=true              gold=n/a  correct=False  running‐acc=0.506
[ 246/600] loss=1.4877  pred=true   gold=true  running‐acc=0.772
Locality eval: pred=true              gold=n/a  correct=False  running‐acc=0.504
[ 247/600] loss=1.2343  pred=true   gold=true  running‐acc=0.773
Locality eval: pred=true              gold=n/a  correct=False  running‐acc=0.502
[ 248/600] loss=1.2293  pred=n/a    gold=true  running‐acc=0.770
Locality eval: pred=n/a               gold=n/a  correct=True  running‐acc=0.504
[ 249/600] loss=1.0120  pred=n/a    gold=n/a  running‐acc=0.771
Locality eval: pred=n/a               gold=true  correct=False  running‐acc=0.502
[ 250/600] loss=0.9920  pred=n/a    gold=true  running‐acc=0.768
Locality eval: pred=n/a               gold=n/a  correct=True  running‐acc=0.504
[ 251/600] loss=1.0072  pred=n/a    gold=n/a  running‐acc=0.769
Locality eval: pred=n/a               gold=true  correct=False  running‐acc=0.502
[ 252/600] loss=1.0972  pred=n/a    gold=n/a  running‐acc=0.770
Locality eval: pred=true              gold=true  correct=True  running‐acc=0.504
[ 253/600] loss=0.9897  pred=true   gold=true  running‐acc=0.771
Locality eval: pred=n/a               gold=n/a  correct=True  running‐acc=0.506
[ 254/600] loss=1.5173  pred=n/a    gold=true  running‐acc=0.768
Locality eval: pred=false             gold=n/a  correct=False  running‐acc=0.504
[ 255/600] loss=1.3542  pred=n/a    gold=n/a  running‐acc=0.769
Locality eval: pred=n/a               gold=true  correct=False  running‐acc=0.502
[ 256/600] loss=1.1093  pred=n/a    gold=n/a  running‐acc=0.770
Locality eval: pred=n/a               gold=true  correct=False  running‐acc=0.500
[ 257/600] loss=1.1084  pred=       gold=n/a  running‐acc=0.767
Locality eval: pred=true              gold=true  correct=True  running‐acc=0.502
[ 258/600] loss=1.3243  pred=n/a    gold=n/a  running‐acc=0.767
Locality eval: pred=true              gold=true  correct=True  running‐acc=0.504
[ 259/600] loss=1.2625  pred=true   gold=true  running‐acc=0.768
Locality eval: pred=n/a               gold=n/a  correct=True  running‐acc=0.506
[ 260/600] loss=1.1319  pred=true   gold=true  running‐acc=0.769
Locality eval: pred=true              gold=n/a  correct=False  running‐acc=0.504
[ 261/600] loss=1.3857  pred=true   gold=true  running‐acc=0.770
Locality eval: pred=false             gold=n/a  correct=False  running‐acc=0.502
[ 262/600] loss=1.0402  pred=false  gold=true  running‐acc=0.767
Locality eval: pred=n/a               gold=n/a  correct=True  running‐acc=0.504
[ 263/600] loss=1.1598  pred=false  gold=n/a  running‐acc=0.764
Locality eval: pred=false             gold=true  correct=False  running‐acc=0.502
[ 264/600] loss=1.2316  pred=n/a    gold=n/a  running‐acc=0.765
Locality eval: pred=true              gold=true  correct=True  running‐acc=0.504
[ 265/600] loss=1.0337  pred=true   gold=true  running‐acc=0.766
Locality eval: pred=true              gold=n/a  correct=False  running‐acc=0.502
[ 266/600] loss=1.1413  pred=n/a    gold=n/a  running‐acc=0.767
Locality eval: pred=true              gold=true  correct=True  running‐acc=0.504
[ 267/600] loss=1.2664  pred=       gold=n/a  running‐acc=0.764
Locality eval: pred=n/a               gold=true  correct=False  running‐acc=0.502
[ 268/600] loss=0.9425  pred=false  gold=true  running‐acc=0.761
Locality eval: pred=n/a               gold=n/a  correct=True  running‐acc=0.504
[ 269/600] loss=0.9833  pred=n/a    gold=n/a  running‐acc=0.762
Locality eval: pred=true              gold=true  correct=True  running‐acc=0.506
[ 270/600] loss=1.1609  pred=n/a    gold=true  running‐acc=0.759
Locality eval: pred=n/a               gold=n/a  correct=True  running‐acc=0.507
[ 271/600] loss=1.0296  pred=n/a    gold=n/a  running‐acc=0.760
Locality eval: pred=n/a               gold=true  correct=False  running‐acc=0.506
[ 272/600] loss=1.2954  pred=true   gold=true  running‐acc=0.761
Locality eval: pred=n/a               gold=n/a  correct=True  running‐acc=0.507
[ 273/600] loss=1.0677  pred=n/a    gold=n/a  running‐acc=0.762
Locality eval: pred=false             gold=true  correct=False  running‐acc=0.505
[ 274/600] loss=1.3192  pred=n/a    gold=n/a  running‐acc=0.763
Locality eval: pred=true              gold=true  correct=True  running‐acc=0.507
[ 275/600] loss=1.0571  pred=true   gold=true  running‐acc=0.764
Locality eval: pred=n/a               gold=n/a  correct=True  running‐acc=0.509
[ 276/600] loss=1.4250  pred=n/a    gold=n/a  running‐acc=0.764
Locality eval: pred=n/a               gold=true  correct=False  running‐acc=0.507
[ 277/600] loss=1.3799  pred=true   gold=true  running‐acc=0.765
Locality eval: pred=true              gold=n/a  correct=False  running‐acc=0.505
[ 278/600] loss=1.2765  pred=       gold=n/a  running‐acc=0.763
Locality eval: pred=true              gold=true  correct=True  running‐acc=0.507
[ 279/600] loss=1.0722  pred=true   gold=true  running‐acc=0.763
Locality eval: pred=false             gold=n/a  correct=False  running‐acc=0.505
[ 280/600] loss=1.1939  pred=n/a    gold=n/a  running‐acc=0.764
Locality eval: pred=true              gold=true  correct=True  running‐acc=0.507
[ 281/600] loss=1.1151  pred=true   gold=true  running‐acc=0.765
Locality eval: pred=n/a               gold=n/a  correct=True  running‐acc=0.509
[ 282/600] loss=1.3001  pred=true   gold=true  running‐acc=0.766
Locality eval: pred=n/a               gold=n/a  correct=True  running‐acc=0.511
[ 283/600] loss=1.2387  pred=n/a    gold=n/a  running‐acc=0.767
Locality eval: pred=true              gold=true  correct=True  running‐acc=0.512
[ 284/600] loss=1.3597  pred=       gold=n/a  running‐acc=0.764
Locality eval: pred=true              gold=true  correct=True  running‐acc=0.514
[ 285/600] loss=1.1785  pred=true   gold=true  running‐acc=0.765
Locality eval: pred=n/a               gold=n/a  correct=True  running‐acc=0.516
[ 286/600] loss=1.3216  pred=       gold=n/a  running‐acc=0.762
Locality eval: pred=true              gold=true  correct=True  running‐acc=0.517
[ 287/600] loss=1.2477  pred=n/a    gold=n/a  running‐acc=0.763
Locality eval: pred=n/a               gold=true  correct=False  running‐acc=0.516
[ 288/600] loss=1.1425  pred=n/a    gold=true  running‐acc=0.760
Locality eval: pred=false             gold=n/a  correct=False  running‐acc=0.514
[ 289/600] loss=2.0517  pred=true   gold=true  running‐acc=0.761
Locality eval: pred=true              gold=n/a  correct=False  running‐acc=0.512
[ 290/600] loss=1.1984  pred=n/a    gold=n/a  running‐acc=0.762
Locality eval: pred=n/a               gold=true  correct=False  running‐acc=0.510
[ 291/600] loss=1.3707  pred=true   gold=true  running‐acc=0.763
Locality eval: pred=true              gold=n/a  correct=False  running‐acc=0.509
[ 292/600] loss=1.2204  pred=true   gold=true  running‐acc=0.764
Locality eval: pred=n/a               gold=n/a  correct=True  running‐acc=0.510
[ 293/600] loss=1.2822  pred=true   gold=true  running‐acc=0.765
Locality eval: pred=n/a               gold=n/a  correct=True  running‐acc=0.512
[ 294/600] loss=1.0984  pred=n/a    gold=true  running‐acc=0.762
Locality eval: pred=n/a               gold=n/a  correct=True  running‐acc=0.514
[ 295/600] loss=1.1517  pred=n/a    gold=n/a  running‐acc=0.763
Locality eval: pred=n/a               gold=true  correct=False  running‐acc=0.512
[ 296/600] loss=1.2691  pred=       gold=n/a  running‐acc=0.760
Locality eval: pred=true              gold=true  correct=True  running‐acc=0.514
[ 297/600] loss=1.4732  pred=n/a    gold=true  running‐acc=0.758
Locality eval: pred=n/a               gold=n/a  correct=True  running‐acc=0.515
[ 298/600] loss=1.1153  pred=true   gold=true  running‐acc=0.758
Locality eval: pred=n/a               gold=n/a  correct=True  running‐acc=0.517
[ 299/600] loss=1.1619  pred=n/a    gold=n/a  running‐acc=0.759
Locality eval: pred=n/a               gold=true  correct=False  running‐acc=0.515
[ 300/600] loss=1.2564  pred=n/a    gold=n/a  running‐acc=0.760
Locality eval: pred=                  gold=true  correct=False  running‐acc=0.513
[ 301/600] loss=1.1552  pred=n/a    gold=true  running‐acc=0.757
Locality eval: pred=n/a               gold=n/a  correct=True  running‐acc=0.515
[ 302/600] loss=1.3566  pred=true   gold=true  running‐acc=0.758
Locality eval: pred=true.             gold=n/a  correct=False  running‐acc=0.513
[ 303/600] loss=1.0742  pred=true   gold=true  running‐acc=0.759
Locality eval: pred=false             gold=n/a  correct=False  running‐acc=0.512
[ 304/600] loss=1.0732  pred=true   gold=true  running‐acc=0.760
Locality eval: pred=true              gold=n/a  correct=False  running‐acc=0.510
[ 305/600] loss=1.3166  pred=true   gold=true  running‐acc=0.761
Locality eval: pred=n/a               gold=n/a  correct=True  running‐acc=0.511
[ 306/600] loss=1.1845  pred=true   gold=true  running‐acc=0.761
Locality eval: pred=n/a               gold=n/a  correct=True  running‐acc=0.513
[ 307/600] loss=1.2966  pred=n/a    gold=true  running‐acc=0.759
Locality eval: pred=true              gold=n/a  correct=False  running‐acc=0.511
[ 308/600] loss=1.2676  pred=true   gold=true  running‐acc=0.760
Locality eval: pred=n/a               gold=n/a  correct=True  running‐acc=0.513
[ 309/600] loss=1.2353  pred=true   gold=true  running‐acc=0.761
Locality eval: pred=n/a               gold=n/a  correct=True  running‐acc=0.515
[ 310/600] loss=1.1648  pred=n/a    gold=n/a  running‐acc=0.761
Locality eval: pred=true              gold=true  correct=True  running‐acc=0.516
[ 311/600] loss=1.2186  pred=true   gold=true  running‐acc=0.762
Locality eval: pred=n/a               gold=n/a  correct=True  running‐acc=0.518
[ 312/600] loss=1.1375  pred=true   gold=true  running‐acc=0.763
Locality eval: pred=n/a               gold=n/a  correct=True  running‐acc=0.519
[ 313/600] loss=1.0795  pred=       gold=n/a  running‐acc=0.760
Locality eval: pred=true.             gold=true  correct=True  running‐acc=0.521
[ 314/600] loss=0.9562  pred=n/a    gold=n/a  running‐acc=0.761
Locality eval: pred=true              gold=true  correct=True  running‐acc=0.522
[ 315/600] loss=1.2932  pred=false  gold=n/a  running‐acc=0.759
Locality eval: pred=false             gold=true  correct=False  running‐acc=0.521
[ 316/600] loss=1.3894  pred=true   gold=true  running‐acc=0.759
Locality eval: pred=n/a               gold=n/a  correct=True  running‐acc=0.522
[ 317/600] loss=1.2192  pred=true   gold=true  running‐acc=0.760
Locality eval: pred=true              gold=n/a  correct=False  running‐acc=0.521
[ 318/600] loss=1.5985  pred=true   gold=true  running‐acc=0.761
Locality eval: pred=n/a               gold=n/a  correct=True  running‐acc=0.522
[ 319/600] loss=1.3589  pred=       gold=n/a  running‐acc=0.759
Locality eval: pred=n/a               gold=true  correct=False  running‐acc=0.520
[ 320/600] loss=1.4589  pred=false  gold=n/a  running‐acc=0.756
Locality eval: pred=n/a               gold=true  correct=False  running‐acc=0.519
[ 321/600] loss=1.1033  pred=n/a    gold=true  running‐acc=0.754
Locality eval: pred=n/a               gold=n/a  correct=True  running‐acc=0.520
[ 322/600] loss=1.4876  pred=true   gold=true  running‐acc=0.755
Locality eval: pred=n/a               gold=n/a  correct=True  running‐acc=0.522
[ 323/600] loss=1.1921  pred=n/a    gold=n/a  running‐acc=0.755
Locality eval: pred=n/a               gold=true  correct=False  running‐acc=0.520
[ 324/600] loss=1.3132  pred=n/a    gold=n/a  running‐acc=0.756
Locality eval: pred=n/a               gold=true  correct=False  running‐acc=0.519
[ 325/600] loss=1.3504  pred=n/a    gold=true  running‐acc=0.754
Locality eval: pred=n/a               gold=n/a  correct=True  running‐acc=0.520
[ 326/600] loss=1.3179  pred=n/a    gold=n/a  running‐acc=0.755
Locality eval: pred=true              gold=true  correct=True  running‐acc=0.521
[ 327/600] loss=1.2339  pred=n/a    gold=true  running‐acc=0.752
Locality eval: pred=true              gold=n/a  correct=False  running‐acc=0.520
[ 328/600] loss=1.2529  pred=n/a    gold=n/a  running‐acc=0.753
Locality eval: pred=true              gold=true  correct=True  running‐acc=0.521
[ 329/600] loss=1.4212  pred=true   gold=true  running‐acc=0.754
Locality eval: pred=true              gold=n/a  correct=False  running‐acc=0.520
[ 330/600] loss=1.1691  pred=n/a    gold=n/a  running‐acc=0.755
Locality eval: pred=                  gold=true  correct=False  running‐acc=0.518
[ 331/600] loss=1.1703  pred=true   gold=true  running‐acc=0.755
Locality eval: pred=true              gold=n/a  correct=False  running‐acc=0.517
[ 332/600] loss=1.0758  pred=n/a    gold=n/a  running‐acc=0.756
Locality eval: pred=n/a               gold=true  correct=False  running‐acc=0.515
[ 333/600] loss=1.1429  pred=n/a    gold=true  running‐acc=0.754
Locality eval: pred=n/a               gold=n/a  correct=True  running‐acc=0.517
[ 334/600] loss=1.2194  pred=n/a    gold=n/a  running‐acc=0.754
Locality eval: pred=n/a               gold=true  correct=False  running‐acc=0.515
[ 335/600] loss=1.3102  pred=true   gold=true  running‐acc=0.755
Locality eval: pred=true              gold=n/a  correct=False  running‐acc=0.513
[ 336/600] loss=1.1688  pred=n/a    gold=n/a  running‐acc=0.756
Locality eval: pred=true              gold=true  correct=True  running‐acc=0.515
[ 337/600] loss=1.0729  pred=       gold=n/a  running‐acc=0.754
Locality eval: pred=n/a               gold=true  correct=False  running‐acc=0.513
[ 338/600] loss=0.9028  pred=n/a    gold=n/a  running‐acc=0.754
Locality eval: pred=n/a               gold=true  correct=False  running‐acc=0.512
[ 339/600] loss=0.9850  pred=n/a    gold=n/a  running‐acc=0.755
Locality eval: pred=true              gold=true  correct=True  running‐acc=0.513
[ 340/600] loss=1.2435  pred=       gold=n/a  running‐acc=0.753
Locality eval: pred=false             gold=true  correct=False  running‐acc=0.512
[ 341/600] loss=1.1624  pred=true   gold=true  running‐acc=0.754
Locality eval: pred=n/a               gold=n/a  correct=True  running‐acc=0.513
[ 342/600] loss=1.0779  pred=true   gold=true  running‐acc=0.754
Locality eval: pred=n/a               gold=n/a  correct=True  running‐acc=0.515
[ 343/600] loss=1.0126  pred=       gold=n/a  running‐acc=0.752
Locality eval: pred=                  gold=true  correct=False  running‐acc=0.513
[ 344/600] loss=0.7547  pred=n/a    gold=true  running‐acc=0.750
Locality eval: pred=true              gold=n/a  correct=False  running‐acc=0.512
[ 345/600] loss=1.3294  pred=n/a    gold=n/a  running‐acc=0.751
Locality eval: pred=false             gold=true  correct=False  running‐acc=0.510
[ 346/600] loss=1.0279  pred=true   gold=true  running‐acc=0.751
Locality eval: pred=n/a               gold=n/a  correct=True  running‐acc=0.512
[ 347/600] loss=1.1969  pred=       gold=n/a  running‐acc=0.749
Locality eval: pred=n/a               gold=true  correct=False  running‐acc=0.510
[ 348/600] loss=1.1963  pred=n/a    gold=n/a  running‐acc=0.750
Locality eval: pred=true              gold=true  correct=True  running‐acc=0.511
[ 349/600] loss=1.1642  pred=n/a    gold=n/a  running‐acc=0.751
Locality eval: pred=false             gold=true  correct=False  running‐acc=0.510
[ 350/600] loss=1.1995  pred=n/a    gold=n/a  running‐acc=0.751
Locality eval: pred=true              gold=true  correct=True  running‐acc=0.511
[ 351/600] loss=1.2972  pred=       gold=n/a  running‐acc=0.749
Locality eval: pred=false             gold=true  correct=False  running‐acc=0.510
[ 352/600] loss=1.1605  pred=n/a    gold=n/a  running‐acc=0.750
Locality eval: pred=n/a               gold=true  correct=False  running‐acc=0.509
[ 353/600] loss=1.3687  pred=n/a    gold=n/a  running‐acc=0.751
Locality eval: pred=true              gold=true  correct=True  running‐acc=0.510
[ 354/600] loss=0.9380  pred=true   gold=true  running‐acc=0.751
Locality eval: pred=true              gold=n/a  correct=False  running‐acc=0.508
[ 355/600] loss=1.2190  pred=true   gold=true  running‐acc=0.752
Locality eval: pred=n/a               gold=n/a  correct=True  running‐acc=0.510
[ 356/600] loss=1.2456  pred=true   gold=true  running‐acc=0.753
Locality eval: pred=n/a               gold=n/a  correct=True  running‐acc=0.511
[ 357/600] loss=0.9809  pred=false  gold=true  running‐acc=0.751
Locality eval: pred=n/a               gold=n/a  correct=True  running‐acc=0.513
[ 358/600] loss=1.2440  pred=true   gold=true  running‐acc=0.751
Locality eval: pred=n/a               gold=n/a  correct=True  running‐acc=0.514
[ 359/600] loss=1.3898  pred=true   gold=true  running‐acc=0.752
Locality eval: pred=true              gold=n/a  correct=False  running‐acc=0.513
[ 360/600] loss=1.1769  pred=n/a    gold=n/a  running‐acc=0.753
Locality eval: pred=true              gold=true  correct=True  running‐acc=0.514
[ 361/600] loss=0.9341  pred=true   gold=true  running‐acc=0.753
Locality eval: pred=n/a               gold=n/a  correct=True  running‐acc=0.515
[ 362/600] loss=1.2897  pred=true   gold=true  running‐acc=0.754
Locality eval: pred=n/a               gold=n/a  correct=True  running‐acc=0.517
[ 363/600] loss=1.0347  pred=n/a    gold=n/a  running‐acc=0.755
Locality eval: pred=false             gold=true  correct=False  running‐acc=0.515
[ 364/600] loss=1.0374  pred=true   gold=true  running‐acc=0.755
Locality eval: pred=n/a               gold=n/a  correct=True  running‐acc=0.516
[ 365/600] loss=1.2099  pred=true   gold=true  running‐acc=0.756
Locality eval: pred=true              gold=n/a  correct=False  running‐acc=0.515
[ 366/600] loss=1.1772  pred=n/a    gold=n/a  running‐acc=0.757
Locality eval: pred=true              gold=true  correct=True  running‐acc=0.516
[ 367/600] loss=1.0997  pred=n/a    gold=n/a  running‐acc=0.757
Locality eval: pred=n/a               gold=true  correct=False  running‐acc=0.515
[ 368/600] loss=0.9475  pred=true   gold=true  running‐acc=0.758
Locality eval: pred=n/a               gold=n/a  correct=True  running‐acc=0.516
[ 369/600] loss=1.3150  pred=false  gold=n/a  running‐acc=0.756
Locality eval: pred=n/a               gold=true  correct=False  running‐acc=0.515
[ 370/600] loss=1.1467  pred=n/a    gold=n/a  running‐acc=0.757
Locality eval: pred=n/a               gold=true  correct=False  running‐acc=0.514
[ 371/600] loss=1.3815  pred=n/a    gold=true  running‐acc=0.755
Locality eval: pred=n/a               gold=n/a  correct=True  running‐acc=0.515
[ 372/600] loss=1.3356  pred=true   gold=true  running‐acc=0.755
Locality eval: pred=n/a               gold=n/a  correct=True  running‐acc=0.516
[ 373/600] loss=1.0138  pred=true   gold=true  running‐acc=0.756
Locality eval: pred=n/a               gold=n/a  correct=True  running‐acc=0.517
[ 374/600] loss=1.1019  pred=n/a    gold=n/a  running‐acc=0.757
Locality eval: pred=n/a               gold=true  correct=False  running‐acc=0.516
[ 375/600] loss=1.1561  pred=true   gold=true  running‐acc=0.757
Locality eval: pred=n/a               gold=n/a  correct=True  running‐acc=0.517
[ 376/600] loss=1.5731  pred=true   gold=true  running‐acc=0.758
Locality eval: pred=false             gold=n/a  correct=False  running‐acc=0.516
[ 377/600] loss=1.6067  pred=n/a    gold=true  running‐acc=0.756
Locality eval: pred=n/a               gold=n/a  correct=True  running‐acc=0.517
[ 378/600] loss=0.9642  pred=true   gold=true  running‐acc=0.757
Locality eval: pred=true              gold=n/a  correct=False  running‐acc=0.516
[ 379/600] loss=0.9173  pred=true   gold=true  running‐acc=0.757
Locality eval: pred=true              gold=n/a  correct=False  running‐acc=0.515
[ 380/600] loss=1.1596  pred=true   gold=true  running‐acc=0.758
Locality eval: pred=true              gold=n/a  correct=False  running‐acc=0.513
[ 381/600] loss=1.1424  pred=n/a    gold=n/a  running‐acc=0.759
Locality eval: pred=n/a               gold=true  correct=False  running‐acc=0.512
[ 382/600] loss=1.1903  pred=n/a    gold=n/a  running‐acc=0.759
Locality eval: pred=                  gold=true  correct=False  running‐acc=0.510
[ 383/600] loss=1.2397  pred=false  gold=n/a  running‐acc=0.757
Locality eval: pred=n/a               gold=true  correct=False  running‐acc=0.509
[ 384/600] loss=1.2701  pred=n/a    gold=n/a  running‐acc=0.758
Locality eval: pred=                  gold=true  correct=False  running‐acc=0.508
[ 385/600] loss=1.3518  pred=true   gold=true  running‐acc=0.758
Locality eval: pred=true              gold=n/a  correct=False  running‐acc=0.506
[ 386/600] loss=1.0850  pred=true   gold=true  running‐acc=0.759
Locality eval: pred=true              gold=n/a  correct=False  running‐acc=0.505
[ 387/600] loss=1.1292  pred=n/a    gold=n/a  running‐acc=0.760
Locality eval: pred=true              gold=true  correct=True  running‐acc=0.506
[ 388/600] loss=1.1937  pred=true   gold=true  running‐acc=0.760
Locality eval: pred=true              gold=n/a  correct=False  running‐acc=0.505
[ 389/600] loss=1.1946  pred=n/a    gold=n/a  running‐acc=0.761
Locality eval: pred=true              gold=true  correct=True  running‐acc=0.506
[ 390/600] loss=1.1702  pred=true   gold=true  running‐acc=0.762
Locality eval: pred=n/a               gold=n/a  correct=True  running‐acc=0.508
[ 391/600] loss=1.5743  pred=n/a    gold=true  running‐acc=0.760
Locality eval: pred=false             gold=n/a  correct=False  running‐acc=0.506
[ 392/600] loss=1.0068  pred=n/a    gold=n/a  running‐acc=0.760
Locality eval: pred=n/a               gold=true  correct=False  running‐acc=0.505
[ 393/600] loss=1.0924  pred=       gold=n/a  running‐acc=0.758
Locality eval: pred=true              gold=true  correct=True  running‐acc=0.506
[ 394/600] loss=1.1280  pred=       gold=n/a  running‐acc=0.756
Locality eval: pred=true              gold=true  correct=True  running‐acc=0.508
[ 395/600] loss=1.4170  pred=n/a    gold=true  running‐acc=0.754
Locality eval: pred=false             gold=n/a  correct=False  running‐acc=0.506
[ 396/600] loss=1.2247  pred=true   gold=true  running‐acc=0.755
Locality eval: pred=n/a               gold=n/a  correct=True  running‐acc=0.508
[ 397/600] loss=1.2166  pred=n/a    gold=n/a  running‐acc=0.756
Locality eval: pred=true              gold=true  correct=True  running‐acc=0.509
[ 398/600] loss=1.5969  pred=true   gold=true  running‐acc=0.756
Locality eval: pred=n/a               gold=n/a  correct=True  running‐acc=0.510
[ 399/600] loss=1.2590  pred=false  gold=n/a  running‐acc=0.754
Locality eval: pred=false             gold=true  correct=False  running‐acc=0.509
[ 400/600] loss=1.2626  pred=n/a    gold=true  running‐acc=0.752
Locality eval: pred=n/a               gold=n/a  correct=True  running‐acc=0.510
[ 401/600] loss=1.4998  pred=false  gold=true  running‐acc=0.751
Locality eval: pred=n/a               gold=n/a  correct=True  running‐acc=0.511
[ 402/600] loss=1.3349  pred=       gold=n/a  running‐acc=0.749
Locality eval: pred=true              gold=true  correct=True  running‐acc=0.512
[ 403/600] loss=1.1797  pred=true   gold=true  running‐acc=0.749
Locality eval: pred=true              gold=n/a  correct=False  running‐acc=0.511
[ 404/600] loss=1.4413  pred=true   gold=true  running‐acc=0.750
Locality eval: pred=true.             gold=n/a  correct=False  running‐acc=0.510
[ 405/600] loss=1.0250  pred=n/a    gold=n/a  running‐acc=0.751
Locality eval: pred=true              gold=true  correct=True  running‐acc=0.511
[ 406/600] loss=1.0826  pred=n/a    gold=n/a  running‐acc=0.751
Locality eval: pred=true              gold=true  correct=True  running‐acc=0.512
[ 407/600] loss=1.2348  pred=true   gold=true  running‐acc=0.752
Locality eval: pred=n/a               gold=n/a  correct=True  running‐acc=0.514
[ 408/600] loss=1.0903  pred=n/a    gold=n/a  running‐acc=0.752
Locality eval: pred=n/a               gold=true  correct=False  running‐acc=0.512
[ 409/600] loss=1.6517  pred=n/a    gold=true  running‐acc=0.751
Locality eval: pred=n/a               gold=n/a  correct=True  running‐acc=0.513
[ 410/600] loss=1.1804  pred=n/a    gold=n/a  running‐acc=0.751
Locality eval: pred=n/a               gold=true  correct=False  running‐acc=0.512
[ 411/600] loss=1.2387  pred=true   gold=true  running‐acc=0.752
Locality eval: pred=false.            gold=n/a  correct=False  running‐acc=0.511
[ 412/600] loss=0.9952  pred=n/a    gold=true  running‐acc=0.750
Locality eval: pred=true              gold=n/a  correct=False  running‐acc=0.510
[ 413/600] loss=1.3525  pred=false  gold=true  running‐acc=0.748
Locality eval: pred=n/a               gold=n/a  correct=True  running‐acc=0.511
[ 414/600] loss=1.3925  pred=true   gold=true  running‐acc=0.749
Locality eval: pred=true              gold=n/a  correct=False  running‐acc=0.510
[ 415/600] loss=1.4023  pred=n/a    gold=n/a  running‐acc=0.749
Locality eval: pred=true              gold=true  correct=True  running‐acc=0.511
[ 416/600] loss=1.4273  pred=true   gold=true  running‐acc=0.750
Locality eval: pred=n/a               gold=n/a  correct=True  running‐acc=0.512
[ 417/600] loss=1.1744  pred=       gold=n/a  running‐acc=0.748
Locality eval: pred=                  gold=true  correct=False  running‐acc=0.511
[ 418/600] loss=1.1600  pred=n/a    gold=n/a  running‐acc=0.749
Locality eval: pred=true              gold=true  correct=True  running‐acc=0.512
[ 419/600] loss=1.1648  pred=true   gold=true  running‐acc=0.749
Locality eval: pred=n/a               gold=n/a  correct=True  running‐acc=0.513
[ 420/600] loss=1.2163  pred=true   gold=true  running‐acc=0.750
Locality eval: pred=n/a               gold=n/a  correct=True  running‐acc=0.514
[ 421/600] loss=1.1229  pred=true   gold=true  running‐acc=0.751
Locality eval: pred=false             gold=n/a  correct=False  running‐acc=0.513
[ 422/600] loss=1.3571  pred=true   gold=true  running‐acc=0.751
Locality eval: pred=true              gold=n/a  correct=False  running‐acc=0.512
[ 423/600] loss=1.0482  pred=true   gold=true  running‐acc=0.752
Locality eval: pred=n/a               gold=n/a  correct=True  running‐acc=0.513
[ 424/600] loss=1.2383  pred=n/a    gold=n/a  running‐acc=0.752
Locality eval: pred=                  gold=true  correct=False  running‐acc=0.512
[ 425/600] loss=1.4666  pred=n/a    gold=n/a  running‐acc=0.753
Locality eval: pred=false             gold=true  correct=False  running‐acc=0.511
[ 426/600] loss=1.2807  pred=n/a    gold=n/a  running‐acc=0.754
Locality eval: pred=false             gold=true  correct=False  running‐acc=0.509
[ 427/600] loss=1.4332  pred=n/a    gold=true  running‐acc=0.752
Locality eval: pred=n/a               gold=n/a  correct=True  running‐acc=0.511
[ 428/600] loss=1.3344  pred=true   gold=true  running‐acc=0.752
Locality eval: pred=n/a               gold=n/a  correct=True  running‐acc=0.512
[ 429/600] loss=1.2153  pred=false  gold=true  running‐acc=0.751
Locality eval: pred=n/a               gold=n/a  correct=True  running‐acc=0.513
[ 430/600] loss=1.3007  pred=       gold=n/a  running‐acc=0.749
Locality eval: pred=false             gold=true  correct=False  running‐acc=0.512
[ 431/600] loss=1.5577  pred=true   gold=true  running‐acc=0.749
Locality eval: pred=true              gold=n/a  correct=False  running‐acc=0.510
[ 432/600] loss=1.3176  pred=true   gold=true  running‐acc=0.750
Locality eval: pred=n/a               gold=n/a  correct=True  running‐acc=0.512
[ 433/600] loss=1.1130  pred=true   gold=true  running‐acc=0.751
Locality eval: pred=n/a               gold=n/a  correct=True  running‐acc=0.513
[ 434/600] loss=1.0638  pred=n/a    gold=n/a  running‐acc=0.751
Locality eval: pred=true              gold=true  correct=True  running‐acc=0.514
[ 435/600] loss=1.3383  pred=n/a    gold=n/a  running‐acc=0.752
Locality eval: pred=n/a               gold=true  correct=False  running‐acc=0.513
[ 436/600] loss=1.5055  pred=n/a    gold=true  running‐acc=0.750
Locality eval: pred=n/a               gold=n/a  correct=True  running‐acc=0.514
[ 437/600] loss=0.6873  pred=true   gold=true  running‐acc=0.751
Locality eval: pred=true              gold=n/a  correct=False  running‐acc=0.513
[ 438/600] loss=1.2477  pred=n/a    gold=n/a  running‐acc=0.751
Locality eval: pred=n/a               gold=true  correct=False  running‐acc=0.511
[ 439/600] loss=1.3778  pred=n/a    gold=n/a  running‐acc=0.752
Locality eval: pred=n/a               gold=true  correct=False  running‐acc=0.510
[ 440/600] loss=1.0015  pred=true   gold=true  running‐acc=0.752
Locality eval: pred=n/a               gold=n/a  correct=True  running‐acc=0.511
[ 441/600] loss=1.1511  pred=n/a    gold=n/a  running‐acc=0.753
Locality eval: pred=n/a               gold=true  correct=False  running‐acc=0.510
[ 442/600] loss=1.7606  pred=true   gold=true  running‐acc=0.753
Locality eval: pred=n/a               gold=n/a  correct=True  running‐acc=0.511
[ 443/600] loss=1.2366  pred=n/a    gold=true  running‐acc=0.752
Locality eval: pred=false             gold=n/a  correct=False  running‐acc=0.510
[ 444/600] loss=1.1228  pred=true   gold=true  running‐acc=0.752
Locality eval: pred=true              gold=n/a  correct=False  running‐acc=0.509
[ 445/600] loss=1.1858  pred=true   gold=true  running‐acc=0.753
Locality eval: pred=n/a               gold=n/a  correct=True  running‐acc=0.510
[ 446/600] loss=1.5657  pred=true   gold=true  running‐acc=0.753
Locality eval: pred=n/a               gold=n/a  correct=True  running‐acc=0.511
[ 447/600] loss=0.9243  pred=true   gold=true  running‐acc=0.754
Locality eval: pred=true              gold=n/a  correct=False  running‐acc=0.510
[ 448/600] loss=1.4330  pred=true   gold=true  running‐acc=0.754
Locality eval: pred=n/a               gold=n/a  correct=True  running‐acc=0.511
[ 449/600] loss=1.5098  pred=true   gold=true  running‐acc=0.755
Locality eval: pred=n/a               gold=n/a  correct=True  running‐acc=0.512
[ 450/600] loss=1.0996  pred=n/a    gold=n/a  running‐acc=0.756
Locality eval: pred=                  gold=true  correct=False  running‐acc=0.511
[ 451/600] loss=1.1958  pred=true   gold=true  running‐acc=0.756
Locality eval: pred=n/a               gold=n/a  correct=True  running‐acc=0.512
[ 452/600] loss=1.1510  pred=n/a    gold=n/a  running‐acc=0.757
Locality eval: pred=n/a               gold=true  correct=False  running‐acc=0.511
[ 453/600] loss=1.0885  pred=       gold=n/a  running‐acc=0.755
Locality eval: pred=true              gold=true  correct=True  running‐acc=0.512
[ 454/600] loss=1.1037  pred=       gold=n/a  running‐acc=0.753
Locality eval: pred=false             gold=true  correct=False  running‐acc=0.511
[ 455/600] loss=1.2501  pred=true   gold=true  running‐acc=0.754
Locality eval: pred=n/a               gold=n/a  correct=True  running‐acc=0.512
[ 456/600] loss=0.9360  pred=n/a    gold=n/a  running‐acc=0.754
Locality eval: pred=n/a               gold=true  correct=False  running‐acc=0.511
[ 457/600] loss=1.2505  pred=n/a    gold=n/a  running‐acc=0.755
Locality eval: pred=n/a               gold=true  correct=False  running‐acc=0.510
[ 458/600] loss=1.1877  pred=n/a    gold=n/a  running‐acc=0.755
Locality eval: pred=true              gold=true  correct=True  running‐acc=0.511
[ 459/600] loss=1.1759  pred=true   gold=true  running‐acc=0.756
Locality eval: pred=n/a               gold=n/a  correct=True  running‐acc=0.512
[ 460/600] loss=1.2765  pred=true   gold=true  running‐acc=0.757
Locality eval: pred=n/a               gold=n/a  correct=True  running‐acc=0.513
[ 461/600] loss=1.2267  pred=n/a    gold=n/a  running‐acc=0.757
Locality eval: pred=n/a               gold=true  correct=False  running‐acc=0.512
[ 462/600] loss=1.3299  pred=n/a    gold=n/a  running‐acc=0.758
Locality eval: pred=true              gold=true  correct=True  running‐acc=0.513
[ 463/600] loss=1.1412  pred=true   gold=true  running‐acc=0.758
Locality eval: pred=true              gold=n/a  correct=False  running‐acc=0.512
[ 464/600] loss=1.1351  pred=n/a    gold=n/a  running‐acc=0.759
Locality eval: pred=                  gold=true  correct=False  running‐acc=0.511
[ 465/600] loss=1.2064  pred=       gold=n/a  running‐acc=0.757
Locality eval: pred=n/a               gold=true  correct=False  running‐acc=0.510
[ 466/600] loss=1.1049  pred=n/a    gold=n/a  running‐acc=0.758
Locality eval: pred=true              gold=true  correct=True  running‐acc=0.511
[ 467/600] loss=1.0968  pred=n/a    gold=n/a  running‐acc=0.758
Locality eval: pred=n/a               gold=true  correct=False  running‐acc=0.510
[ 468/600] loss=1.2154  pred=n/a    gold=n/a  running‐acc=0.759
Locality eval: pred=                  gold=true  correct=False  running‐acc=0.509
[ 469/600] loss=1.0941  pred=true   gold=true  running‐acc=0.759
Locality eval: pred=n/a               gold=n/a  correct=True  running‐acc=0.510
[ 470/600] loss=1.2030  pred=n/a    gold=n/a  running‐acc=0.760
Locality eval: pred=true              gold=true  correct=True  running‐acc=0.511
[ 471/600] loss=1.3199  pred=n/a    gold=n/a  running‐acc=0.760
Locality eval: pred=n/a               gold=true  correct=False  running‐acc=0.510
[ 472/600] loss=1.3999  pred=n/a    gold=true  running‐acc=0.758
Locality eval: pred=n/a               gold=n/a  correct=True  running‐acc=0.511
[ 473/600] loss=1.2541  pred=n/a    gold=n/a  running‐acc=0.759
Locality eval: pred=n/a               gold=true  correct=False  running‐acc=0.510
[ 474/600] loss=1.3841  pred=true   gold=true  running‐acc=0.759
Locality eval: pred=true              gold=n/a  correct=False  running‐acc=0.508
[ 475/600] loss=1.2680  pred=n/a    gold=n/a  running‐acc=0.760
Locality eval: pred=true              gold=true  correct=True  running‐acc=0.509
[ 476/600] loss=1.3028  pred=true   gold=true  running‐acc=0.761
Locality eval: pred=n/a               gold=n/a  correct=True  running‐acc=0.511
[ 477/600] loss=1.2687  pred=       gold=n/a  running‐acc=0.759
Locality eval: pred=false             gold=true  correct=False  running‐acc=0.509
[ 478/600] loss=1.3357  pred=n/a    gold=true  running‐acc=0.757
Locality eval: pred=n/a               gold=n/a  correct=True  running‐acc=0.510
[ 479/600] loss=1.0965  pred=n/a    gold=n/a  running‐acc=0.758
Locality eval: pred=true              gold=true  correct=True  running‐acc=0.511
[ 480/600] loss=1.1127  pred=n/a    gold=n/a  running‐acc=0.758
Locality eval: pred=false             gold=true  correct=False  running‐acc=0.510
[ 481/600] loss=1.3353  pred=       gold=n/a  running‐acc=0.757
Locality eval: pred=n/a               gold=true  correct=False  running‐acc=0.509
[ 482/600] loss=1.2648  pred=true   gold=true  running‐acc=0.757
Locality eval: pred=n/a               gold=n/a  correct=True  running‐acc=0.510
[ 483/600] loss=0.9390  pred=n/a    gold=n/a  running‐acc=0.758
Locality eval: pred=n/a               gold=true  correct=False  running‐acc=0.509
[ 484/600] loss=1.3737  pred=       gold=n/a  running‐acc=0.756
Locality eval: pred=                  gold=true  correct=False  running‐acc=0.508
[ 485/600] loss=1.2984  pred=       gold=n/a  running‐acc=0.755
Locality eval: pred=                  gold=true  correct=False  running‐acc=0.507
[ 486/600] loss=1.2668  pred=n/a    gold=n/a  running‐acc=0.755
Locality eval: pred=true              gold=true  correct=True  running‐acc=0.508
[ 487/600] loss=1.3852  pred=n/a    gold=n/a  running‐acc=0.756
Locality eval: pred=false             gold=true  correct=False  running‐acc=0.507
[ 488/600] loss=1.0876  pred=n/a    gold=n/a  running‐acc=0.756
Locality eval: pred=true              gold=true  correct=True  running‐acc=0.508
[ 489/600] loss=1.5922  pred=n/a    gold=n/a  running‐acc=0.757
Locality eval: pred=true              gold=true  correct=True  running‐acc=0.509
[ 490/600] loss=1.3503  pred=n/a    gold=n/a  running‐acc=0.757
Locality eval: pred=true              gold=true  correct=True  running‐acc=0.510
[ 491/600] loss=1.2183  pred=n/a    gold=n/a  running‐acc=0.758
Locality eval: pred=n/a               gold=true  correct=False  running‐acc=0.509
[ 492/600] loss=1.5347  pred=true   gold=true  running‐acc=0.758
Locality eval: pred=n/a               gold=n/a  correct=True  running‐acc=0.510
[ 493/600] loss=1.3609  pred=n/a    gold=n/a  running‐acc=0.759
Locality eval: pred=n/a               gold=true  correct=False  running‐acc=0.509
[ 494/600] loss=1.0675  pred=n/a    gold=n/a  running‐acc=0.759
Locality eval: pred=n/a               gold=true  correct=False  running‐acc=0.508
[ 495/600] loss=1.1432  pred=n/a    gold=n/a  running‐acc=0.760
Locality eval: pred=n/a               gold=true  correct=False  running‐acc=0.507
[ 496/600] loss=1.1738  pred=n/a    gold=n/a  running‐acc=0.760
Locality eval: pred=true              gold=true  correct=True  running‐acc=0.508
[ 497/600] loss=1.3173  pred=true   gold=true  running‐acc=0.761
Locality eval: pred=true              gold=n/a  correct=False  running‐acc=0.507
[ 498/600] loss=0.8909  pred=true   gold=true  running‐acc=0.761
Locality eval: pred=n/a               gold=n/a  correct=True  running‐acc=0.508
[ 499/600] loss=1.3588  pred=n/a    gold=n/a  running‐acc=0.762
Locality eval: pred=                  gold=true  correct=False  running‐acc=0.507
[ 500/600] loss=1.2951  pred=       gold=n/a  running‐acc=0.760
Locality eval: pred=                  gold=true  correct=False  running‐acc=0.506
[ 501/600] loss=1.3651  pred=       gold=n/a  running‐acc=0.758
Locality eval: pred=                  gold=true  correct=False  running‐acc=0.505
[ 502/600] loss=1.0661  pred=n/a    gold=n/a  running‐acc=0.759
Locality eval: pred=                  gold=true  correct=False  running‐acc=0.504
[ 503/600] loss=0.7883  pred=true   gold=true  running‐acc=0.759
Locality eval: pred=n/a               gold=n/a  correct=True  running‐acc=0.505
[ 504/600] loss=1.1576  pred=n/a    gold=true  running‐acc=0.758
Locality eval: pred=n/a               gold=n/a  correct=True  running‐acc=0.506
[ 505/600] loss=1.3980  pred=true   gold=true  running‐acc=0.758
Locality eval: pred=n/a               gold=n/a  correct=True  running‐acc=0.507
[ 506/600] loss=1.3566  pred=true   gold=true  running‐acc=0.759
Locality eval: pred=true              gold=n/a  correct=False  running‐acc=0.506
[ 507/600] loss=1.2608  pred=true   gold=true  running‐acc=0.759
Locality eval: pred=false             gold=n/a  correct=False  running‐acc=0.505
[ 508/600] loss=1.3917  pred=true   gold=true  running‐acc=0.760
Locality eval: pred=n/a               gold=n/a  correct=True  running‐acc=0.506
[ 509/600] loss=1.5169  pred=true   gold=true  running‐acc=0.760
Locality eval: pred=true              gold=n/a  correct=False  running‐acc=0.505
[ 510/600] loss=1.2195  pred=n/a    gold=true  running‐acc=0.759
Locality eval: pred=n/a               gold=n/a  correct=True  running‐acc=0.506
[ 511/600] loss=1.3844  pred=n/a    gold=n/a  running‐acc=0.759
Locality eval: pred=true              gold=true  correct=True  running‐acc=0.507
[ 512/600] loss=0.9774  pred=true   gold=true  running‐acc=0.760
Locality eval: pred=true              gold=n/a  correct=False  running‐acc=0.506
[ 513/600] loss=1.1935  pred=n/a    gold=n/a  running‐acc=0.760
Locality eval: pred=true              gold=true  correct=True  running‐acc=0.507
[ 514/600] loss=1.6704  pred=n/a    gold=true  running‐acc=0.759
Locality eval: pred=n/a               gold=n/a  correct=True  running‐acc=0.508
[ 515/600] loss=1.1056  pred=n/a    gold=n/a  running‐acc=0.759
Locality eval: pred=                  gold=true  correct=False  running‐acc=0.507
[ 516/600] loss=1.2385  pred=n/a    gold=n/a  running‐acc=0.760
Locality eval: pred=n/a               gold=true  correct=False  running‐acc=0.506
[ 517/600] loss=1.0939  pred=n/a    gold=n/a  running‐acc=0.760
Locality eval: pred=true              gold=true  correct=True  running‐acc=0.507
[ 518/600] loss=1.2315  pred=n/a    gold=n/a  running‐acc=0.761
Locality eval: pred=true              gold=true  correct=True  running‐acc=0.508
[ 519/600] loss=1.2196  pred=true   gold=true  running‐acc=0.761
Locality eval: pred=true              gold=n/a  correct=False  running‐acc=0.507
[ 520/600] loss=1.7636  pred=true   gold=true  running‐acc=0.762
Locality eval: pred=true              gold=n/a  correct=False  running‐acc=0.506
[ 521/600] loss=1.1809  pred=true   gold=true  running‐acc=0.762
Locality eval: pred=false             gold=n/a  correct=False  running‐acc=0.505
[ 522/600] loss=1.2884  pred=true   gold=true  running‐acc=0.762
Locality eval: pred=true              gold=n/a  correct=False  running‐acc=0.504
[ 523/600] loss=1.3785  pred=       gold=n/a  running‐acc=0.761
Locality eval: pred=true              gold=true  correct=True  running‐acc=0.505
[ 524/600] loss=1.0770  pred=true   gold=true  running‐acc=0.761
Locality eval: pred=true              gold=n/a  correct=False  running‐acc=0.504
[ 525/600] loss=1.3850  pred=n/a    gold=true  running‐acc=0.760
Locality eval: pred=n/a               gold=n/a  correct=True  running‐acc=0.505
[ 526/600] loss=1.1808  pred=true   gold=true  running‐acc=0.760
Locality eval: pred=true              gold=n/a  correct=False  running‐acc=0.504
[ 527/600] loss=1.2035  pred=n/a    gold=n/a  running‐acc=0.761
Locality eval: pred=n/a               gold=true  correct=False  running‐acc=0.503
[ 528/600] loss=1.2614  pred=true   gold=true  running‐acc=0.761
Locality eval: pred=n/a               gold=n/a  correct=True  running‐acc=0.504
[ 529/600] loss=0.9872  pred=n/a    gold=n/a  running‐acc=0.762
Locality eval: pred=n/a               gold=true  correct=False  running‐acc=0.503
[ 530/600] loss=1.5524  pred=true   gold=true  running‐acc=0.762
Locality eval: pred=n/a               gold=n/a  correct=True  running‐acc=0.504
[ 531/600] loss=1.4624  pred=       gold=n/a  running‐acc=0.761
Locality eval: pred=                  gold=true  correct=False  running‐acc=0.503
[ 532/600] loss=1.3437  pred=true   gold=true  running‐acc=0.761
Locality eval: pred=n/a               gold=n/a  correct=True  running‐acc=0.504
[ 533/600] loss=1.3120  pred=n/a    gold=n/a  running‐acc=0.762
Locality eval: pred=n/a               gold=true  correct=False  running‐acc=0.503
[ 534/600] loss=1.1702  pred=true   gold=true  running‐acc=0.762
Locality eval: pred=true              gold=n/a  correct=False  running‐acc=0.502
[ 535/600] loss=1.0623  pred=n/a    gold=true  running‐acc=0.761
Locality eval: pred=n/a               gold=n/a  correct=True  running‐acc=0.503
[ 536/600] loss=1.1160  pred=true   gold=true  running‐acc=0.761
Locality eval: pred=n/a               gold=n/a  correct=True  running‐acc=0.504
[ 537/600] loss=1.2359  pred=n/a    gold=n/a  running‐acc=0.762
Locality eval: pred=true              gold=true  correct=True  running‐acc=0.505
[ 538/600] loss=1.4544  pred=n/a    gold=true  running‐acc=0.760
Locality eval: pred=n/a               gold=n/a  correct=True  running‐acc=0.506
[ 539/600] loss=0.9770  pred=true   gold=true  running‐acc=0.761
Locality eval: pred=n/a               gold=n/a  correct=True  running‐acc=0.506
[ 540/600] loss=1.1484  pred=n/a    gold=n/a  running‐acc=0.761
Locality eval: pred=                  gold=true  correct=False  running‐acc=0.506
[ 541/600] loss=1.3733  pred=n/a    gold=n/a  running‐acc=0.762
Locality eval: pred=true              gold=true  correct=True  running‐acc=0.506
[ 542/600] loss=1.1989  pred=n/a    gold=n/a  running‐acc=0.762
Locality eval: pred=true              gold=true  correct=True  running‐acc=0.507
[ 543/600] loss=1.3662  pred=false  gold=n/a  running‐acc=0.761
Locality eval: pred=true              gold=true  correct=True  running‐acc=0.508
[ 544/600] loss=1.3123  pred=n/a    gold=n/a  running‐acc=0.761
Locality eval: pred=true              gold=true  correct=True  running‐acc=0.509
[ 545/600] loss=1.3446  pred=n/a    gold=true  running‐acc=0.760
Locality eval: pred=n/a               gold=n/a  correct=True  running‐acc=0.510
[ 546/600] loss=1.0853  pred=n/a    gold=n/a  running‐acc=0.760
Locality eval: pred=false             gold=true  correct=False  running‐acc=0.509
[ 547/600] loss=1.3911  pred=true   gold=true  running‐acc=0.761
Locality eval: pred=true              gold=n/a  correct=False  running‐acc=0.508
[ 548/600] loss=1.4048  pred=true   gold=true  running‐acc=0.761
Locality eval: pred=true              gold=n/a  correct=False  running‐acc=0.507
[ 549/600] loss=0.9731  pred=n/a    gold=true  running‐acc=0.760
Locality eval: pred=false.            gold=n/a  correct=False  running‐acc=0.506
[ 550/600] loss=1.1690  pred=n/a    gold=n/a  running‐acc=0.760
Locality eval: pred=n/a               gold=true  correct=False  running‐acc=0.505
[ 551/600] loss=1.2168  pred=true   gold=true  running‐acc=0.760
Locality eval: pred=n/a               gold=n/a  correct=True  running‐acc=0.506
[ 552/600] loss=1.2368  pred=n/a    gold=n/a  running‐acc=0.761
Locality eval: pred=true              gold=true  correct=True  running‐acc=0.507
[ 553/600] loss=1.2656  pred=n/a    gold=n/a  running‐acc=0.761
Locality eval: pred=n/a               gold=true  correct=False  running‐acc=0.506
[ 554/600] loss=1.6872  pred=n/a    gold=true  running‐acc=0.760
Locality eval: pred=n/a               gold=n/a  correct=True  running‐acc=0.507
[ 555/600] loss=1.1079  pred=n/a    gold=n/a  running‐acc=0.760
Locality eval: pred=true              gold=true  correct=True  running‐acc=0.508
[ 556/600] loss=1.2403  pred=n/a    gold=n/a  running‐acc=0.761
Locality eval: pred=n/a               gold=true  correct=False  running‐acc=0.507
[ 557/600] loss=1.1567  pred=n/a    gold=n/a  running‐acc=0.761
Locality eval: pred=                  gold=true  correct=False  running‐acc=0.506
[ 558/600] loss=1.0238  pred=true   gold=true  running‐acc=0.762
Locality eval: pred=n/a               gold=n/a  correct=True  running‐acc=0.507
[ 559/600] loss=1.5409  pred=true   gold=true  running‐acc=0.762
Locality eval: pred=n/a               gold=n/a  correct=True  running‐acc=0.508
[ 560/600] loss=1.1264  pred=       gold=n/a  running‐acc=0.761
Locality eval: pred=n/a               gold=true  correct=False  running‐acc=0.507
[ 561/600] loss=1.2889  pred=true   gold=true  running‐acc=0.761
Locality eval: pred=true              gold=n/a  correct=False  running‐acc=0.506
[ 562/600] loss=1.0124  pred=true   gold=true  running‐acc=0.762
Locality eval: pred=true              gold=n/a  correct=False  running‐acc=0.505
[ 563/600] loss=1.0259  pred=n/a    gold=n/a  running‐acc=0.762
Locality eval: pred=n/a               gold=true  correct=False  running‐acc=0.504
[ 564/600] loss=1.1755  pred=n/a    gold=true  running‐acc=0.761
Locality eval: pred=n/a               gold=n/a  correct=True  running‐acc=0.505
[ 565/600] loss=1.0873  pred=n/a    gold=n/a  running‐acc=0.761
Locality eval: pred=n/a               gold=true  correct=False  running‐acc=0.504
[ 566/600] loss=1.1581  pred=n/a    gold=true  running‐acc=0.760
Locality eval: pred=true              gold=n/a  correct=False  running‐acc=0.504
[ 567/600] loss=1.4518  pred=true   gold=true  running‐acc=0.760
Locality eval: pred=true              gold=n/a  correct=False  running‐acc=0.503
[ 568/600] loss=1.0886  pred=n/a    gold=n/a  running‐acc=0.761
Locality eval: pred=                  gold=true  correct=False  running‐acc=0.502
[ 569/600] loss=1.2862  pred=true   gold=true  running‐acc=0.761
Locality eval: pred=n/a               gold=n/a  correct=True  running‐acc=0.503
[ 570/600] loss=1.0988  pred=true   gold=true  running‐acc=0.761
Locality eval: pred=n/a               gold=n/a  correct=True  running‐acc=0.504
[ 571/600] loss=1.1500  pred=false  gold=true  running‐acc=0.760
Locality eval: pred=false             gold=n/a  correct=False  running‐acc=0.503
[ 572/600] loss=1.3447  pred=n/a    gold=true  running‐acc=0.759
Locality eval: pred=true              gold=n/a  correct=False  running‐acc=0.502
[ 573/600] loss=1.3936  pred=true.  gold=true  running‐acc=0.759
Locality eval: pred=true              gold=n/a  correct=False  running‐acc=0.501
[ 574/600] loss=1.5455  pred=true   gold=true  running‐acc=0.760
Locality eval: pred=n/a               gold=n/a  correct=True  running‐acc=0.502
[ 575/600] loss=1.2283  pred=true   gold=true  running‐acc=0.760
Locality eval: pred=true              gold=n/a  correct=False  running‐acc=0.501
[ 576/600] loss=1.0132  pred=false  gold=true  running‐acc=0.759
Locality eval: pred=true              gold=n/a  correct=False  running‐acc=0.500
[ 577/600] loss=0.8145  pred=false  gold=true  running‐acc=0.757
Locality eval: pred=n/a               gold=n/a  correct=True  running‐acc=0.501
[ 578/600] loss=1.2171  pred=       gold=n/a  running‐acc=0.756
Locality eval: pred=n/a               gold=true  correct=False  running‐acc=0.500
[ 579/600] loss=1.2138  pred=true   gold=true  running‐acc=0.756
Locality eval: pred=n/a               gold=n/a  correct=True  running‐acc=0.501
[ 580/600] loss=1.2405  pred=       gold=n/a  running‐acc=0.755
Locality eval: pred=true              gold=true  correct=True  running‐acc=0.502
[ 581/600] loss=1.3082  pred=       gold=n/a  running‐acc=0.754
Locality eval: pred=true              gold=true  correct=True  running‐acc=0.503
[ 582/600] loss=1.1980  pred=n/a    gold=n/a  running‐acc=0.754
Locality eval: pred=                  gold=true  correct=False  running‐acc=0.502
[ 583/600] loss=1.2872  pred=n/a    gold=n/a  running‐acc=0.755
Locality eval: pred=n/a               gold=true  correct=False  running‐acc=0.501
[ 584/600] loss=1.4145  pred=       gold=n/a  running‐acc=0.753
Locality eval: pred=true              gold=true  correct=True  running‐acc=0.502
[ 585/600] loss=1.2433  pred=n/a    gold=n/a  running‐acc=0.754
Locality eval: pred=n/a               gold=true  correct=False  running‐acc=0.501
[ 586/600] loss=1.1874  pred=n/a    gold=n/a  running‐acc=0.754
Locality eval: pred=n/a               gold=true  correct=False  running‐acc=0.500
[ 587/600] loss=1.2178  pred=true   gold=true  running‐acc=0.755
Locality eval: pred=n/a               gold=n/a  correct=True  running‐acc=0.501
[ 588/600] loss=1.2155  pred=false  gold=true  running‐acc=0.753
Locality eval: pred=false             gold=n/a  correct=False  running‐acc=0.500
[ 589/600] loss=1.2608  pred=n/a    gold=true  running‐acc=0.752
Locality eval: pred=n/a               gold=n/a  correct=True  running‐acc=0.501
[ 590/600] loss=1.3244  pred=true   gold=true  running‐acc=0.753
Locality eval: pred=n/a               gold=n/a  correct=True  running‐acc=0.502
[ 591/600] loss=1.0622  pred=true   gold=true  running‐acc=0.753
Locality eval: pred=true              gold=n/a  correct=False  running‐acc=0.501
[ 592/600] loss=1.3388  pred=n/a    gold=n/a  running‐acc=0.753
Locality eval: pred=n/a               gold=true  correct=False  running‐acc=0.500
[ 593/600] loss=1.2411  pred=true   gold=true  running‐acc=0.754
Locality eval: pred=n/a               gold=n/a  correct=True  running‐acc=0.501
[ 594/600] loss=1.5346  pred=       gold=n/a  running‐acc=0.753
Locality eval: pred=true              gold=true  correct=True  running‐acc=0.502
[ 595/600] loss=1.4153  pred=n/a    gold=true  running‐acc=0.751
Locality eval: pred=n/a               gold=n/a  correct=True  running‐acc=0.503
[ 596/600] loss=1.0395  pred=n/a    gold=n/a  running‐acc=0.752
Locality eval: pred=n/a               gold=true  correct=False  running‐acc=0.502
[ 597/600] loss=1.6508  pred=n/a    gold=n/a  running‐acc=0.752
Locality eval: pred=true              gold=true  correct=True  running‐acc=0.503
[ 598/600] loss=0.9506  pred=n/a    gold=true  running‐acc=0.751
Locality eval: pred=n/a               gold=n/a  correct=True  running‐acc=0.503
[ 599/600] loss=1.6506  pred=n/a    gold=true  running‐acc=0.750
Locality eval: pred=n/a               gold=n/a  correct=True  running‐acc=0.504
[ 600/600] loss=1.2348  pred=n/a    gold=n/a  running‐acc=0.750
Locality eval: pred=false             gold=true  correct=False  running‐acc=0.503

Finished in 1457.0s.  Final accuracy: 0.750.

