
Loading base model (4‐bit)…
Loading checkpoint shards:   0%|          | 0/2 [00:00<?, ?it/s]Loading checkpoint shards: 100%|██████████| 2/2 [00:00<00:00, 28.75it/s]
trainable params: 8,388,608 || all params: 6,746,804,224 || trainable%: 0.1243
  0%|          | 0/600 [00:00<?, ?it/s]100%|██████████| 600/600 [00:00<00:00, 31710.97it/s]
/project/uvadm/zhenyu/miniconda3/envs/mechanistic/lib/python3.10/site-packages/transformers/generation/configuration_utils.py:631: UserWarning: `do_sample` is set to `False`. However, `temperature` is set to `0.6` -- this flag is only used in sample-based generation modes. You should set `do_sample=True` or unset `temperature`.
  warnings.warn(
/project/uvadm/zhenyu/miniconda3/envs/mechanistic/lib/python3.10/site-packages/transformers/generation/configuration_utils.py:636: UserWarning: `do_sample` is set to `False`. However, `top_p` is set to `0.9` -- this flag is only used in sample-based generation modes. You should set `do_sample=True` or unset `top_p`.
  warnings.warn(
Loaded 600 (train, eval) pairs.

Starting sequential training…
Cached 128 LoRA tensors.
[   1/600] loss=1.2670  pred=true   gold=true  running‐acc=1.000
Locality eval: pred=n/a               gold=n/a  correct=True  running‐acc=1.000
[   2/600] loss=1.1878  pred=true   gold=true  running‐acc=1.000
Locality eval: pred=n/a               gold=n/a  correct=True  running‐acc=1.000
[   3/600] loss=0.7467  pred=n/a    gold=true  running‐acc=0.667
Locality eval: pred=n/a               gold=n/a  correct=True  running‐acc=1.000
[   4/600] loss=1.5820  pred=true   gold=true  running‐acc=0.750
Locality eval: pred=n/a               gold=n/a  correct=True  running‐acc=1.000
[   5/600] loss=0.8962  pred=true   gold=true  running‐acc=0.800
Locality eval: pred=n/a               gold=n/a  correct=True  running‐acc=1.000
[   6/600] loss=2.1382  pred=n/a    gold=true  running‐acc=0.667
Locality eval: pred=true              gold=n/a  correct=False  running‐acc=0.833
[   7/600] loss=1.7287  pred=n/a    gold=n/a  running‐acc=0.714
Locality eval: pred=true              gold=true  correct=True  running‐acc=0.857
[   8/600] loss=1.1842  pred=n/a    gold=n/a  running‐acc=0.750
Locality eval: pred=true              gold=true  correct=True  running‐acc=0.875
[   9/600] loss=1.3024  pred=n/a    gold=true  running‐acc=0.667
Locality eval: pred=n/a               gold=n/a  correct=True  running‐acc=0.889
[  10/600] loss=1.0624  pred=true   gold=true  running‐acc=0.700
Locality eval: pred=n/a               gold=n/a  correct=True  running‐acc=0.900
[  11/600] loss=1.1191  pred=true   gold=true  running‐acc=0.727
Locality eval: pred=n/a               gold=n/a  correct=True  running‐acc=0.909
[  12/600] loss=1.2409  pred=true   gold=true  running‐acc=0.750
Locality eval: pred=n/a               gold=n/a  correct=True  running‐acc=0.917
[  13/600] loss=1.1407  pred=n/a    gold=n/a  running‐acc=0.769
Locality eval: pred=n/a               gold=true  correct=False  running‐acc=0.846
[  14/600] loss=1.7593  pred=n/a    gold=n/a  running‐acc=0.786
Locality eval: pred=n/a               gold=true  correct=False  running‐acc=0.786
[  15/600] loss=0.6831  pred=true   gold=true  running‐acc=0.800
Locality eval: pred=n/a               gold=n/a  correct=True  running‐acc=0.800
[  16/600] loss=1.3817  pred=n/a    gold=n/a  running‐acc=0.812
Locality eval: pred=true              gold=true  correct=True  running‐acc=0.812
[  17/600] loss=1.8260  pred=n/a    gold=n/a  running‐acc=0.824
Locality eval: pred=                  gold=true  correct=False  running‐acc=0.765
[  18/600] loss=0.7959  pred=true   gold=true  running‐acc=0.833
Locality eval: pred=n/a               gold=n/a  correct=True  running‐acc=0.778
[  19/600] loss=1.2145  pred=true   gold=true  running‐acc=0.842
Locality eval: pred=n/a               gold=n/a  correct=True  running‐acc=0.789
[  20/600] loss=1.3971  pred=true   gold=n/a  running‐acc=0.800
Locality eval: pred=true              gold=true  correct=True  running‐acc=0.800
[  21/600] loss=1.6877  pred=n/a    gold=n/a  running‐acc=0.810
Locality eval: pred=true              gold=true  correct=True  running‐acc=0.810
[  22/600] loss=1.7447  pred=n/a    gold=n/a  running‐acc=0.818
Locality eval: pred=                  gold=true  correct=False  running‐acc=0.773
[  23/600] loss=1.7714  pred=n/a    gold=n/a  running‐acc=0.826
Locality eval: pred=n/a               gold=true  correct=False  running‐acc=0.739
[  24/600] loss=1.1192  pred=true   gold=n/a  running‐acc=0.792
Locality eval: pred=true              gold=true  correct=True  running‐acc=0.750
[  25/600] loss=1.8219  pred=true   gold=true  running‐acc=0.800
Locality eval: pred=n/a               gold=n/a  correct=True  running‐acc=0.760
[  26/600] loss=1.2879  pred=n/a    gold=n/a  running‐acc=0.808
Locality eval: pred=true              gold=true  correct=True  running‐acc=0.769
[  27/600] loss=1.1289  pred=n/a    gold=n/a  running‐acc=0.815
Locality eval: pred=n/a               gold=true  correct=False  running‐acc=0.741
[  28/600] loss=1.5614  pred=true   gold=n/a  running‐acc=0.786
Locality eval: pred=true              gold=true  correct=True  running‐acc=0.750
[  29/600] loss=1.7708  pred=n/a    gold=n/a  running‐acc=0.793
Locality eval: pred=n/a               gold=true  correct=False  running‐acc=0.724
[  30/600] loss=1.7620  pred=n/a    gold=n/a  running‐acc=0.800
Locality eval: pred=true              gold=true  correct=True  running‐acc=0.733
[  31/600] loss=0.6895  pred=true   gold=true  running‐acc=0.806
Locality eval: pred=n/a               gold=n/a  correct=True  running‐acc=0.742
[  32/600] loss=1.5767  pred=n/a    gold=n/a  running‐acc=0.812
Locality eval: pred=n/a               gold=true  correct=False  running‐acc=0.719
[  33/600] loss=1.4894  pred=n/a    gold=n/a  running‐acc=0.818
Locality eval: pred=true              gold=true  correct=True  running‐acc=0.727
[  34/600] loss=1.3960  pred=n/a    gold=n/a  running‐acc=0.824
Locality eval: pred=true              gold=true  correct=True  running‐acc=0.735
[  35/600] loss=1.2971  pred=true   gold=true  running‐acc=0.829
Locality eval: pred=n/a               gold=n/a  correct=True  running‐acc=0.743
[  36/600] loss=0.7094  pred=n/a    gold=n/a  running‐acc=0.833
Locality eval: pred=true              gold=true  correct=True  running‐acc=0.750
[  37/600] loss=1.3987  pred=true   gold=true  running‐acc=0.838
Locality eval: pred=n/a               gold=n/a  correct=True  running‐acc=0.757
[  38/600] loss=1.8679  pred=n/a    gold=n/a  running‐acc=0.842
Locality eval: pred=true              gold=true  correct=True  running‐acc=0.763
[  39/600] loss=1.1786  pred=true   gold=true  running‐acc=0.846
Locality eval: pred=n/a               gold=n/a  correct=True  running‐acc=0.769
[  40/600] loss=1.2861  pred=true   gold=true  running‐acc=0.850
Locality eval: pred=n/a               gold=n/a  correct=True  running‐acc=0.775
[  41/600] loss=1.0330  pred=true   gold=true  running‐acc=0.854
Locality eval: pred=n/a               gold=n/a  correct=True  running‐acc=0.780
[  42/600] loss=1.4977  pred=n/a    gold=n/a  running‐acc=0.857
Locality eval: pred=n/a               gold=true  correct=False  running‐acc=0.762
[  43/600] loss=1.3200  pred=true   gold=true  running‐acc=0.860
Locality eval: pred=n/a               gold=n/a  correct=True  running‐acc=0.767
[  44/600] loss=1.5298  pred=n/a    gold=n/a  running‐acc=0.864
Locality eval: pred=                  gold=true  correct=False  running‐acc=0.750
[  45/600] loss=1.0021  pred=true   gold=n/a  running‐acc=0.844
Locality eval: pred=true              gold=true  correct=True  running‐acc=0.756
[  46/600] loss=1.4059  pred=true   gold=true  running‐acc=0.848
Locality eval: pred=n/a               gold=n/a  correct=True  running‐acc=0.761
[  47/600] loss=1.5860  pred=       gold=true  running‐acc=0.830
Locality eval: pred=n/a               gold=n/a  correct=True  running‐acc=0.766
[  48/600] loss=1.5004  pred=n/a    gold=n/a  running‐acc=0.833
Locality eval: pred=true              gold=true  correct=True  running‐acc=0.771
[  49/600] loss=1.2595  pred=n/a    gold=true  running‐acc=0.816
Locality eval: pred=n/a               gold=n/a  correct=True  running‐acc=0.776
[  50/600] loss=1.7308  pred=n/a    gold=n/a  running‐acc=0.820
Locality eval: pred=true              gold=true  correct=True  running‐acc=0.780
[  51/600] loss=1.7504  pred=true   gold=true  running‐acc=0.824
Locality eval: pred=n/a               gold=n/a  correct=True  running‐acc=0.784
[  52/600] loss=0.1744  pred=true   gold=true  running‐acc=0.827
Locality eval: pred=n/a               gold=n/a  correct=True  running‐acc=0.788
[  53/600] loss=1.7335  pred=n/a    gold=n/a  running‐acc=0.830
Locality eval: pred=n/a               gold=true  correct=False  running‐acc=0.774
[  54/600] loss=1.2567  pred=true   gold=true  running‐acc=0.833
Locality eval: pred=n/a               gold=n/a  correct=True  running‐acc=0.778
[  55/600] loss=1.6189  pred=n/a    gold=n/a  running‐acc=0.836
Locality eval: pred=n/a               gold=true  correct=False  running‐acc=0.764
[  56/600] loss=1.1278  pred=false.  gold=n/a  running‐acc=0.821
Locality eval: pred=true              gold=true  correct=True  running‐acc=0.768
[  57/600] loss=1.4317  pred=true   gold=true  running‐acc=0.825
Locality eval: pred=n/a               gold=n/a  correct=True  running‐acc=0.772
[  58/600] loss=1.2616  pred=true   gold=true  running‐acc=0.828
Locality eval: pred=n/a               gold=n/a  correct=True  running‐acc=0.776
[  59/600] loss=1.2017  pred=true   gold=true  running‐acc=0.831
Locality eval: pred=n/a               gold=n/a  correct=True  running‐acc=0.780
[  60/600] loss=1.0148  pred=       gold=true  running‐acc=0.817
Locality eval: pred=n/a               gold=n/a  correct=True  running‐acc=0.783
[  61/600] loss=1.1189  pred=true   gold=true  running‐acc=0.820
Locality eval: pred=n/a               gold=n/a  correct=True  running‐acc=0.787
[  62/600] loss=1.2348  pred=n/a    gold=true  running‐acc=0.806
Locality eval: pred=n/a               gold=n/a  correct=True  running‐acc=0.790
[  63/600] loss=1.4015  pred=n/a    gold=n/a  running‐acc=0.810
Locality eval: pred=true              gold=true  correct=True  running‐acc=0.794
[  64/600] loss=1.3141  pred=false  gold=n/a  running‐acc=0.797
Locality eval: pred=true              gold=true  correct=True  running‐acc=0.797
[  65/600] loss=1.7569  pred=n/a    gold=n/a  running‐acc=0.800
Locality eval: pred=true              gold=true  correct=True  running‐acc=0.800
[  66/600] loss=0.8074  pred=true   gold=true  running‐acc=0.803
Locality eval: pred=n/a               gold=n/a  correct=True  running‐acc=0.803
[  67/600] loss=1.4013  pred=true   gold=true  running‐acc=0.806
Locality eval: pred=n/a               gold=n/a  correct=True  running‐acc=0.806
[  68/600] loss=1.4267  pred=true   gold=true  running‐acc=0.809
Locality eval: pred=n/a               gold=n/a  correct=True  running‐acc=0.809
[  69/600] loss=1.5711  pred=n/a    gold=n/a  running‐acc=0.812
Locality eval: pred=n/a               gold=true  correct=False  running‐acc=0.797
[  70/600] loss=1.3787  pred=n/a    gold=n/a  running‐acc=0.814
Locality eval: pred=n/a               gold=true  correct=False  running‐acc=0.786
[  71/600] loss=1.4906  pred=n/a    gold=n/a  running‐acc=0.817
Locality eval: pred=n/a               gold=true  correct=False  running‐acc=0.775
[  72/600] loss=1.4802  pred=n/a    gold=n/a  running‐acc=0.819
Locality eval: pred=n/a               gold=true  correct=False  running‐acc=0.764
[  73/600] loss=1.3539  pred=true   gold=true  running‐acc=0.822
Locality eval: pred=n/a               gold=n/a  correct=True  running‐acc=0.767
[  74/600] loss=1.5241  pred=n/a    gold=n/a  running‐acc=0.824
Locality eval: pred=true              gold=true  correct=True  running‐acc=0.770
[  75/600] loss=1.7149  pred=n/a    gold=n/a  running‐acc=0.827
Locality eval: pred=true              gold=true  correct=True  running‐acc=0.773
[  76/600] loss=1.6420  pred=true   gold=true  running‐acc=0.829
Locality eval: pred=n/a               gold=n/a  correct=True  running‐acc=0.776
[  77/600] loss=1.7869  pred=true   gold=true  running‐acc=0.831
Locality eval: pred=n/a               gold=n/a  correct=True  running‐acc=0.779
[  78/600] loss=1.4946  pred=n/a    gold=n/a  running‐acc=0.833
Locality eval: pred=n/a               gold=true  correct=False  running‐acc=0.769
[  79/600] loss=1.2379  pred=true   gold=true  running‐acc=0.835
Locality eval: pred=n/a               gold=n/a  correct=True  running‐acc=0.772
[  80/600] loss=1.3187  pred=false  gold=n/a  running‐acc=0.825
Locality eval: pred=true              gold=true  correct=True  running‐acc=0.775
[  81/600] loss=1.7489  pred=n/a    gold=n/a  running‐acc=0.827
Locality eval: pred=true              gold=true  correct=True  running‐acc=0.778
[  82/600] loss=1.2027  pred=true   gold=true  running‐acc=0.829
Locality eval: pred=n/a               gold=n/a  correct=True  running‐acc=0.780
[  83/600] loss=1.9360  pred=n/a    gold=n/a  running‐acc=0.831
Locality eval: pred=n/a               gold=true  correct=False  running‐acc=0.771
[  84/600] loss=1.3341  pred=true   gold=true  running‐acc=0.833
Locality eval: pred=n/a               gold=n/a  correct=True  running‐acc=0.774
[  85/600] loss=1.1016  pred=n/a    gold=n/a  running‐acc=0.835
Locality eval: pred=true              gold=true  correct=True  running‐acc=0.776
[  86/600] loss=1.4689  pred=n/a    gold=n/a  running‐acc=0.837
Locality eval: pred=true              gold=true  correct=True  running‐acc=0.779
[  87/600] loss=1.6685  pred=false  gold=n/a  running‐acc=0.828
Locality eval: pred=true              gold=true  correct=True  running‐acc=0.782
[  88/600] loss=1.2126  pred=true   gold=true  running‐acc=0.830
Locality eval: pred=n/a               gold=n/a  correct=True  running‐acc=0.784
[  89/600] loss=1.0201  pred=true   gold=true  running‐acc=0.831
Locality eval: pred=n/a               gold=n/a  correct=True  running‐acc=0.787
[  90/600] loss=0.5411  pred=true   gold=n/a  running‐acc=0.822
Locality eval: pred=                  gold=true  correct=False  running‐acc=0.778
[  91/600] loss=0.6907  pred=       gold=n/a  running‐acc=0.813
Locality eval: pred=true              gold=true  correct=True  running‐acc=0.780
[  92/600] loss=0.6015  pred=false  gold=true  running‐acc=0.804
Locality eval: pred=n/a               gold=n/a  correct=True  running‐acc=0.783
[  93/600] loss=1.1005  pred=n/a    gold=n/a  running‐acc=0.806
Locality eval: pred=true              gold=true  correct=True  running‐acc=0.785
[  94/600] loss=1.4340  pred=n/a    gold=n/a  running‐acc=0.809
Locality eval: pred=n/a               gold=true  correct=False  running‐acc=0.777
[  95/600] loss=1.2562  pred=n/a    gold=true  running‐acc=0.800
Locality eval: pred=n/a               gold=n/a  correct=True  running‐acc=0.779
[  96/600] loss=1.1861  pred=n/a    gold=n/a  running‐acc=0.802
Locality eval: pred=true.             gold=true  correct=True  running‐acc=0.781
[  97/600] loss=0.7196  pred=       gold=n/a  running‐acc=0.794
Locality eval: pred=true.             gold=true  correct=True  running‐acc=0.784
[  98/600] loss=1.7031  pred=n/a    gold=n/a  running‐acc=0.796
Locality eval: pred=true              gold=true  correct=True  running‐acc=0.786
[  99/600] loss=1.4031  pred=true   gold=true  running‐acc=0.798
Locality eval: pred=n/a               gold=n/a  correct=True  running‐acc=0.788
[ 100/600] loss=1.4130  pred=true   gold=true  running‐acc=0.800
Locality eval: pred=n/a               gold=n/a  correct=True  running‐acc=0.790
[ 101/600] loss=1.2421  pred=n/a    gold=n/a  running‐acc=0.802
Locality eval: pred=n/a               gold=true  correct=False  running‐acc=0.782
[ 102/600] loss=1.4183  pred=true   gold=true  running‐acc=0.804
Locality eval: pred=n/a               gold=n/a  correct=True  running‐acc=0.784
[ 103/600] loss=1.6670  pred=n/a    gold=n/a  running‐acc=0.806
Locality eval: pred=true              gold=true  correct=True  running‐acc=0.786
[ 104/600] loss=1.0564  pred=n/a    gold=true  running‐acc=0.798
Locality eval: pred=n/a               gold=n/a  correct=True  running‐acc=0.788
[ 105/600] loss=1.3011  pred=true   gold=true  running‐acc=0.800
Locality eval: pred=n/a               gold=n/a  correct=True  running‐acc=0.790
[ 106/600] loss=0.5889  pred=true   gold=true  running‐acc=0.802
Locality eval: pred=n/a               gold=n/a  correct=True  running‐acc=0.792
[ 107/600] loss=1.7974  pred=       gold=true  running‐acc=0.794
Locality eval: pred=n/a               gold=n/a  correct=True  running‐acc=0.794
[ 108/600] loss=1.5199  pred=true   gold=true  running‐acc=0.796
Locality eval: pred=n/a               gold=n/a  correct=True  running‐acc=0.796
[ 109/600] loss=0.7665  pred=true   gold=true  running‐acc=0.798
Locality eval: pred=n/a               gold=n/a  correct=True  running‐acc=0.798
[ 110/600] loss=1.7511  pred=       gold=true  running‐acc=0.791
Locality eval: pred=n/a               gold=n/a  correct=True  running‐acc=0.800
[ 111/600] loss=1.1455  pred=true   gold=true  running‐acc=0.793
Locality eval: pred=false             gold=n/a  correct=False  running‐acc=0.793
[ 112/600] loss=1.6908  pred=true   gold=true  running‐acc=0.795
Locality eval: pred=n/a               gold=n/a  correct=True  running‐acc=0.795
[ 113/600] loss=0.7470  pred=       gold=n/a  running‐acc=0.788
Locality eval: pred=n/a               gold=true  correct=False  running‐acc=0.788
[ 114/600] loss=1.4441  pred=n/a    gold=n/a  running‐acc=0.789
Locality eval: pred=n/a               gold=true  correct=False  running‐acc=0.781
[ 115/600] loss=1.4951  pred=n/a    gold=n/a  running‐acc=0.791
Locality eval: pred=n/a               gold=true  correct=False  running‐acc=0.774
[ 116/600] loss=1.0004  pred=true   gold=true  running‐acc=0.793
Locality eval: pred=n/a               gold=n/a  correct=True  running‐acc=0.776
[ 117/600] loss=1.4301  pred=n/a    gold=n/a  running‐acc=0.795
Locality eval: pred=n/a               gold=true  correct=False  running‐acc=0.769
[ 118/600] loss=1.1117  pred=true   gold=n/a  running‐acc=0.788
Locality eval: pred=true              gold=true  correct=True  running‐acc=0.771
[ 119/600] loss=1.9332  pred=       gold=n/a  running‐acc=0.782
Locality eval: pred=n/a               gold=true  correct=False  running‐acc=0.765
[ 120/600] loss=0.8570  pred=false.  gold=n/a  running‐acc=0.775
Locality eval: pred=true              gold=true  correct=True  running‐acc=0.767
[ 121/600] loss=1.4147  pred=       gold=true  running‐acc=0.769
Locality eval: pred=n/a               gold=n/a  correct=True  running‐acc=0.769
[ 122/600] loss=1.1324  pred=true   gold=true  running‐acc=0.770
Locality eval: pred=n/a               gold=n/a  correct=True  running‐acc=0.770
[ 123/600] loss=1.4280  pred=n/a    gold=n/a  running‐acc=0.772
Locality eval: pred=n/a               gold=true  correct=False  running‐acc=0.764
[ 124/600] loss=1.3318  pred=n/a    gold=n/a  running‐acc=0.774
Locality eval: pred=true              gold=true  correct=True  running‐acc=0.766
[ 125/600] loss=1.8419  pred=n/a    gold=n/a  running‐acc=0.776
Locality eval: pred=true              gold=true  correct=True  running‐acc=0.768
[ 126/600] loss=1.0350  pred=true   gold=true  running‐acc=0.778
Locality eval: pred=n/a               gold=n/a  correct=True  running‐acc=0.770
[ 127/600] loss=0.9765  pred=true   gold=true  running‐acc=0.780
Locality eval: pred=true              gold=n/a  correct=False  running‐acc=0.764
[ 128/600] loss=1.7727  pred=n/a    gold=n/a  running‐acc=0.781
Locality eval: pred=true              gold=true  correct=True  running‐acc=0.766
[ 129/600] loss=1.1104  pred=true   gold=true  running‐acc=0.783
Locality eval: pred=n/a               gold=n/a  correct=True  running‐acc=0.767
[ 130/600] loss=1.7683  pred=n/a    gold=n/a  running‐acc=0.785
Locality eval: pred=n/a               gold=true  correct=False  running‐acc=0.762
[ 131/600] loss=1.3303  pred=n/a    gold=true  running‐acc=0.779
Locality eval: pred=n/a               gold=n/a  correct=True  running‐acc=0.763
[ 132/600] loss=1.2664  pred=n/a    gold=n/a  running‐acc=0.780
Locality eval: pred=true              gold=true  correct=True  running‐acc=0.765
[ 133/600] loss=1.7121  pred=       gold=n/a  running‐acc=0.774
Locality eval: pred=true              gold=true  correct=True  running‐acc=0.767
[ 134/600] loss=1.4082  pred=true   gold=true  running‐acc=0.776
Locality eval: pred=n/a               gold=n/a  correct=True  running‐acc=0.769
[ 135/600] loss=1.2545  pred=true   gold=true  running‐acc=0.778
Locality eval: pred=n/a               gold=n/a  correct=True  running‐acc=0.770
[ 136/600] loss=1.1232  pred=n/a    gold=n/a  running‐acc=0.779
Locality eval: pred=true              gold=true  correct=True  running‐acc=0.772
[ 137/600] loss=1.2945  pred=true   gold=true  running‐acc=0.781
Locality eval: pred=n/a               gold=n/a  correct=True  running‐acc=0.774
[ 138/600] loss=1.3392  pred=true   gold=true  running‐acc=0.783
Locality eval: pred=true              gold=n/a  correct=False  running‐acc=0.768
[ 139/600] loss=1.1308  pred=n/a    gold=n/a  running‐acc=0.784
Locality eval: pred=true              gold=true  correct=True  running‐acc=0.770
[ 140/600] loss=1.1204  pred=n/a    gold=n/a  running‐acc=0.786
Locality eval: pred=true.             gold=true  correct=True  running‐acc=0.771
[ 141/600] loss=1.2818  pred=n/a    gold=n/a  running‐acc=0.787
Locality eval: pred=true              gold=true  correct=True  running‐acc=0.773
[ 142/600] loss=1.0013  pred=n/a    gold=n/a  running‐acc=0.789
Locality eval: pred=n/a               gold=true  correct=False  running‐acc=0.768
[ 143/600] loss=0.6139  pred=true   gold=true  running‐acc=0.790
Locality eval: pred=n/a               gold=n/a  correct=True  running‐acc=0.769
[ 144/600] loss=1.5763  pred=true   gold=true  running‐acc=0.792
Locality eval: pred=n/a               gold=n/a  correct=True  running‐acc=0.771
[ 145/600] loss=1.0332  pred=true.  gold=true  running‐acc=0.793
Locality eval: pred=n/a               gold=n/a  correct=True  running‐acc=0.772
[ 146/600] loss=1.3907  pred=true   gold=true  running‐acc=0.795
Locality eval: pred=n/a               gold=n/a  correct=True  running‐acc=0.774
[ 147/600] loss=1.8406  pred=n/a    gold=n/a  running‐acc=0.796
Locality eval: pred=n/a               gold=true  correct=False  running‐acc=0.769
[ 148/600] loss=1.1488  pred=n/a    gold=true  running‐acc=0.791
Locality eval: pred=n/a               gold=n/a  correct=True  running‐acc=0.770
[ 149/600] loss=1.4801  pred=n/a    gold=n/a  running‐acc=0.792
Locality eval: pred=true              gold=true  correct=True  running‐acc=0.772
[ 150/600] loss=0.7017  pred=n/a    gold=n/a  running‐acc=0.793
Locality eval: pred=n/a               gold=true  correct=False  running‐acc=0.767
[ 151/600] loss=1.2885  pred=true   gold=true  running‐acc=0.795
Locality eval: pred=n/a               gold=n/a  correct=True  running‐acc=0.768
[ 152/600] loss=1.5688  pred=true   gold=true  running‐acc=0.796
Locality eval: pred=n/a               gold=n/a  correct=True  running‐acc=0.770
[ 153/600] loss=1.5813  pred=n/a    gold=n/a  running‐acc=0.797
Locality eval: pred=n/a               gold=true  correct=False  running‐acc=0.765
[ 154/600] loss=1.2797  pred=true   gold=n/a  running‐acc=0.792
Locality eval: pred=true.             gold=true  correct=True  running‐acc=0.766
[ 155/600] loss=0.8685  pred=true   gold=true  running‐acc=0.794
Locality eval: pred=n/a               gold=n/a  correct=True  running‐acc=0.768
[ 156/600] loss=1.1915  pred=n/a    gold=n/a  running‐acc=0.795
Locality eval: pred=true              gold=true  correct=True  running‐acc=0.769
[ 157/600] loss=1.3876  pred=true   gold=true  running‐acc=0.796
Locality eval: pred=n/a               gold=n/a  correct=True  running‐acc=0.771
[ 158/600] loss=1.2684  pred=n/a    gold=n/a  running‐acc=0.797
Locality eval: pred=true              gold=true  correct=True  running‐acc=0.772
[ 159/600] loss=1.4345  pred=n/a    gold=n/a  running‐acc=0.799
Locality eval: pred=true              gold=true  correct=True  running‐acc=0.774
[ 160/600] loss=1.7869  pred=n/a    gold=n/a  running‐acc=0.800
Locality eval: pred=n/a               gold=true  correct=False  running‐acc=0.769
[ 161/600] loss=1.2810  pred=true   gold=true  running‐acc=0.801
Locality eval: pred=n/a               gold=n/a  correct=True  running‐acc=0.770
[ 162/600] loss=0.6485  pred=n/a    gold=n/a  running‐acc=0.802
Locality eval: pred=true              gold=true  correct=True  running‐acc=0.772
[ 163/600] loss=1.1161  pred=n/a    gold=n/a  running‐acc=0.804
Locality eval: pred=true              gold=true  correct=True  running‐acc=0.773
[ 164/600] loss=1.4031  pred=n/a    gold=n/a  running‐acc=0.805
Locality eval: pred=true              gold=true  correct=True  running‐acc=0.774
[ 165/600] loss=1.1126  pred=true   gold=true  running‐acc=0.806
Locality eval: pred=n/a               gold=n/a  correct=True  running‐acc=0.776
[ 166/600] loss=1.1506  pred=true   gold=true  running‐acc=0.807
Locality eval: pred=n/a               gold=n/a  correct=True  running‐acc=0.777
[ 167/600] loss=1.7388  pred=n/a    gold=n/a  running‐acc=0.808
Locality eval: pred=n/a               gold=true  correct=False  running‐acc=0.772
[ 168/600] loss=1.4902  pred=n/a    gold=true  running‐acc=0.804
Locality eval: pred=n/a               gold=n/a  correct=True  running‐acc=0.774
[ 169/600] loss=1.3285  pred=false.  gold=n/a  running‐acc=0.799
Locality eval: pred=true              gold=true  correct=True  running‐acc=0.775
[ 170/600] loss=1.4491  pred=n/a    gold=n/a  running‐acc=0.800
Locality eval: pred=true              gold=true  correct=True  running‐acc=0.776
[ 171/600] loss=0.5327  pred=true   gold=n/a  running‐acc=0.795
Locality eval: pred=true              gold=true  correct=True  running‐acc=0.778
[ 172/600] loss=1.0634  pred=true   gold=true  running‐acc=0.797
Locality eval: pred=n/a               gold=n/a  correct=True  running‐acc=0.779
[ 173/600] loss=1.6312  pred=n/a    gold=n/a  running‐acc=0.798
Locality eval: pred=true              gold=true  correct=True  running‐acc=0.780
[ 174/600] loss=1.3200  pred=true   gold=true  running‐acc=0.799
Locality eval: pred=n/a               gold=n/a  correct=True  running‐acc=0.782
[ 175/600] loss=1.7055  pred=true   gold=true  running‐acc=0.800
Locality eval: pred=n/a               gold=n/a  correct=True  running‐acc=0.783
[ 176/600] loss=1.8249  pred=n/a    gold=n/a  running‐acc=0.801
Locality eval: pred=true              gold=true  correct=True  running‐acc=0.784
[ 177/600] loss=1.3054  pred=       gold=true  running‐acc=0.797
Locality eval: pred=n/a               gold=n/a  correct=True  running‐acc=0.785
[ 178/600] loss=1.7897  pred=n/a    gold=n/a  running‐acc=0.798
Locality eval: pred=n/a               gold=true  correct=False  running‐acc=0.781
[ 179/600] loss=1.5243  pred=n/a    gold=n/a  running‐acc=0.799
Locality eval: pred=                  gold=true  correct=False  running‐acc=0.777
[ 180/600] loss=1.2969  pred=n/a    gold=true  running‐acc=0.794
Locality eval: pred=n/a               gold=n/a  correct=True  running‐acc=0.778
[ 181/600] loss=1.5414  pred=n/a    gold=n/a  running‐acc=0.796
Locality eval: pred=n/a               gold=true  correct=False  running‐acc=0.773
[ 182/600] loss=1.0232  pred=n/a    gold=n/a  running‐acc=0.797
Locality eval: pred=true              gold=true  correct=True  running‐acc=0.775
[ 183/600] loss=1.3119  pred=n/a    gold=true  running‐acc=0.792
Locality eval: pred=n/a               gold=n/a  correct=True  running‐acc=0.776
[ 184/600] loss=0.5987  pred=true   gold=true  running‐acc=0.793
Locality eval: pred=true              gold=n/a  correct=False  running‐acc=0.772
[ 185/600] loss=2.0054  pred=true   gold=true  running‐acc=0.795
Locality eval: pred=n/a               gold=n/a  correct=True  running‐acc=0.773
[ 186/600] loss=1.7674  pred=true   gold=true  running‐acc=0.796
Locality eval: pred=n/a               gold=n/a  correct=True  running‐acc=0.774
[ 187/600] loss=1.3178  pred=n/a    gold=n/a  running‐acc=0.797
Locality eval: pred=true              gold=true  correct=True  running‐acc=0.775
[ 188/600] loss=1.8594  pred=       gold=n/a  running‐acc=0.793
Locality eval: pred=n/a               gold=true  correct=False  running‐acc=0.771
[ 189/600] loss=0.4944  pred=true   gold=true  running‐acc=0.794
Locality eval: pred=n/a               gold=n/a  correct=True  running‐acc=0.772
[ 190/600] loss=1.5672  pred=n/a    gold=n/a  running‐acc=0.795
Locality eval: pred=n/a               gold=true  correct=False  running‐acc=0.768
[ 191/600] loss=1.4671  pred=n/a    gold=n/a  running‐acc=0.796
Locality eval: pred=true              gold=true  correct=True  running‐acc=0.770
[ 192/600] loss=2.0013  pred=n/a    gold=n/a  running‐acc=0.797
Locality eval: pred=n/a               gold=true  correct=False  running‐acc=0.766
[ 193/600] loss=1.6982  pred=true   gold=true  running‐acc=0.798
Locality eval: pred=n/a               gold=n/a  correct=True  running‐acc=0.767
[ 194/600] loss=1.0483  pred=n/a    gold=true  running‐acc=0.794
Locality eval: pred=n/a               gold=n/a  correct=True  running‐acc=0.768
[ 195/600] loss=1.3166  pred=true   gold=true  running‐acc=0.795
Locality eval: pred=n/a               gold=n/a  correct=True  running‐acc=0.769
[ 196/600] loss=1.3326  pred=n/a    gold=true  running‐acc=0.791
Locality eval: pred=n/a               gold=n/a  correct=True  running‐acc=0.770
[ 197/600] loss=1.1136  pred=true   gold=true  running‐acc=0.792
Locality eval: pred=n/a               gold=n/a  correct=True  running‐acc=0.772
[ 198/600] loss=1.5245  pred=n/a    gold=n/a  running‐acc=0.793
Locality eval: pred=true              gold=true  correct=True  running‐acc=0.773
[ 199/600] loss=2.1467  pred=       gold=true  running‐acc=0.789
Locality eval: pred=n/a               gold=n/a  correct=True  running‐acc=0.774
[ 200/600] loss=1.3580  pred=true   gold=true  running‐acc=0.790
Locality eval: pred=n/a               gold=n/a  correct=True  running‐acc=0.775
[ 201/600] loss=1.7433  pred=n/a    gold=n/a  running‐acc=0.791
Locality eval: pred=true              gold=true  correct=True  running‐acc=0.776
[ 202/600] loss=1.4680  pred=n/a    gold=n/a  running‐acc=0.792
Locality eval: pred=true              gold=true  correct=True  running‐acc=0.777
[ 203/600] loss=1.4606  pred=true   gold=true  running‐acc=0.793
Locality eval: pred=n/a               gold=n/a  correct=True  running‐acc=0.778
[ 204/600] loss=0.2214  pred=false  gold=n/a  running‐acc=0.789
Locality eval: pred=true              gold=true  correct=True  running‐acc=0.779
[ 205/600] loss=1.6457  pred=true   gold=true  running‐acc=0.790
Locality eval: pred=false             gold=n/a  correct=False  running‐acc=0.776
[ 206/600] loss=1.6676  pred=n/a    gold=n/a  running‐acc=0.791
Locality eval: pred=true.             gold=true  correct=True  running‐acc=0.777
[ 207/600] loss=0.7178  pred=true   gold=n/a  running‐acc=0.787
Locality eval: pred=true              gold=true  correct=True  running‐acc=0.778
[ 208/600] loss=0.3199  pred=true   gold=true  running‐acc=0.788
Locality eval: pred=n/a               gold=n/a  correct=True  running‐acc=0.779
[ 209/600] loss=1.5034  pred=n/a    gold=n/a  running‐acc=0.789
Locality eval: pred=true              gold=true  correct=True  running‐acc=0.780
[ 210/600] loss=1.7323  pred=n/a    gold=n/a  running‐acc=0.790
Locality eval: pred=true              gold=true  correct=True  running‐acc=0.781
[ 211/600] loss=1.2320  pred=true   gold=true  running‐acc=0.791
Locality eval: pred=n/a               gold=n/a  correct=True  running‐acc=0.782
[ 212/600] loss=1.4405  pred=n/a    gold=n/a  running‐acc=0.792
Locality eval: pred=n/a               gold=true  correct=False  running‐acc=0.778
[ 213/600] loss=1.8907  pred=true   gold=true  running‐acc=0.793
Locality eval: pred=n/a               gold=n/a  correct=True  running‐acc=0.779
[ 214/600] loss=1.1628  pred=false.  gold=n/a  running‐acc=0.790
Locality eval: pred=true              gold=true  correct=True  running‐acc=0.780
[ 215/600] loss=1.5289  pred=true   gold=true  running‐acc=0.791
Locality eval: pred=n/a               gold=n/a  correct=True  running‐acc=0.781
[ 216/600] loss=1.2895  pred=n/a    gold=n/a  running‐acc=0.792
Locality eval: pred=true              gold=true  correct=True  running‐acc=0.782
[ 217/600] loss=0.8398  pred=true   gold=true  running‐acc=0.793
Locality eval: pred=n/a               gold=n/a  correct=True  running‐acc=0.783
[ 218/600] loss=2.0329  pred=n/a    gold=n/a  running‐acc=0.794
Locality eval: pred=n/a               gold=true  correct=False  running‐acc=0.780
[ 219/600] loss=0.9427  pred=true   gold=true  running‐acc=0.795
Locality eval: pred=n/a               gold=n/a  correct=True  running‐acc=0.781
[ 220/600] loss=1.7656  pred=n/a    gold=n/a  running‐acc=0.795
Locality eval: pred=n/a               gold=true  correct=False  running‐acc=0.777
[ 221/600] loss=1.3989  pred=n/a    gold=n/a  running‐acc=0.796
Locality eval: pred=true              gold=true  correct=True  running‐acc=0.778
[ 222/600] loss=2.0295  pred=n/a    gold=n/a  running‐acc=0.797
Locality eval: pred=n/a               gold=true  correct=False  running‐acc=0.775
[ 223/600] loss=1.5030  pred=n/a    gold=n/a  running‐acc=0.798
Locality eval: pred=                  gold=true  correct=False  running‐acc=0.771
[ 224/600] loss=1.7632  pred=n/a    gold=n/a  running‐acc=0.799
Locality eval: pred=n/a               gold=true  correct=False  running‐acc=0.768
[ 225/600] loss=1.5720  pred=n/a    gold=n/a  running‐acc=0.800
Locality eval: pred=                  gold=true  correct=False  running‐acc=0.764
[ 226/600] loss=1.1057  pred=n/a    gold=true  running‐acc=0.796
Locality eval: pred=n/a               gold=n/a  correct=True  running‐acc=0.765
[ 227/600] loss=0.8350  pred=       gold=n/a  running‐acc=0.793
Locality eval: pred=true              gold=true  correct=True  running‐acc=0.767
[ 228/600] loss=1.7529  pred=n/a    gold=n/a  running‐acc=0.794
Locality eval: pred=n/a               gold=true  correct=False  running‐acc=0.763
[ 229/600] loss=1.4198  pred=n/a    gold=n/a  running‐acc=0.795
Locality eval: pred=n/a               gold=true  correct=False  running‐acc=0.760
[ 230/600] loss=1.8997  pred=       gold=n/a  running‐acc=0.791
Locality eval: pred=true              gold=true  correct=True  running‐acc=0.761
[ 231/600] loss=1.1925  pred=true   gold=n/a  running‐acc=0.788
Locality eval: pred=true              gold=true  correct=True  running‐acc=0.762
[ 232/600] loss=1.2795  pred=false.  gold=n/a  running‐acc=0.784
Locality eval: pred=true              gold=true  correct=True  running‐acc=0.763
[ 233/600] loss=1.9858  pred=true   gold=true  running‐acc=0.785
Locality eval: pred=true              gold=n/a  correct=False  running‐acc=0.760
[ 234/600] loss=1.7342  pred=true   gold=true  running‐acc=0.786
Locality eval: pred=n/a               gold=n/a  correct=True  running‐acc=0.761
[ 235/600] loss=0.2274  pred=n/a    gold=n/a  running‐acc=0.787
Locality eval: pred=true              gold=true  correct=True  running‐acc=0.762
[ 236/600] loss=1.2655  pred=n/a    gold=n/a  running‐acc=0.788
Locality eval: pred=true              gold=true  correct=True  running‐acc=0.763
[ 237/600] loss=1.3430  pred=n/a    gold=true  running‐acc=0.785
Locality eval: pred=n/a               gold=n/a  correct=True  running‐acc=0.764
[ 238/600] loss=1.5280  pred=n/a    gold=n/a  running‐acc=0.786
Locality eval: pred=true              gold=true  correct=True  running‐acc=0.765
[ 239/600] loss=1.5855  pred=n/a    gold=n/a  running‐acc=0.787
Locality eval: pred=true              gold=true  correct=True  running‐acc=0.766
[ 240/600] loss=1.6873  pred=true   gold=true  running‐acc=0.787
Locality eval: pred=n/a               gold=n/a  correct=True  running‐acc=0.767
[ 241/600] loss=2.0357  pred=n/a    gold=n/a  running‐acc=0.788
Locality eval: pred=true              gold=true  correct=True  running‐acc=0.768
[ 242/600] loss=1.5242  pred=n/a    gold=n/a  running‐acc=0.789
Locality eval: pred=n/a               gold=true  correct=False  running‐acc=0.764
[ 243/600] loss=1.0050  pred=true   gold=n/a  running‐acc=0.786
Locality eval: pred=true              gold=true  correct=True  running‐acc=0.765
[ 244/600] loss=1.0981  pred=true   gold=true  running‐acc=0.787
Locality eval: pred=false.            gold=n/a  correct=False  running‐acc=0.762
[ 245/600] loss=1.4131  pred=n/a    gold=true  running‐acc=0.784
Locality eval: pred=n/a               gold=n/a  correct=True  running‐acc=0.763
[ 246/600] loss=1.4668  pred=true   gold=true  running‐acc=0.785
Locality eval: pred=n/a               gold=n/a  correct=True  running‐acc=0.764
[ 247/600] loss=0.6471  pred=true   gold=true  running‐acc=0.785
Locality eval: pred=true              gold=n/a  correct=False  running‐acc=0.761
[ 248/600] loss=1.3667  pred=true   gold=true  running‐acc=0.786
Locality eval: pred=n/a               gold=n/a  correct=True  running‐acc=0.762
[ 249/600] loss=1.2082  pred=n/a    gold=n/a  running‐acc=0.787
Locality eval: pred=true              gold=true  correct=True  running‐acc=0.763
[ 250/600] loss=0.7738  pred=true   gold=true  running‐acc=0.788
Locality eval: pred=n/a               gold=n/a  correct=True  running‐acc=0.764
[ 251/600] loss=1.2295  pred=true   gold=n/a  running‐acc=0.785
Locality eval: pred=true              gold=true  correct=True  running‐acc=0.765
[ 252/600] loss=1.4507  pred=n/a    gold=n/a  running‐acc=0.786
Locality eval: pred=n/a               gold=true  correct=False  running‐acc=0.762
[ 253/600] loss=1.3587  pred=true   gold=true  running‐acc=0.787
Locality eval: pred=n/a               gold=n/a  correct=True  running‐acc=0.763
[ 254/600] loss=1.1401  pred=true   gold=true  running‐acc=0.787
Locality eval: pred=n/a               gold=n/a  correct=True  running‐acc=0.764
[ 255/600] loss=1.5895  pred=true   gold=n/a  running‐acc=0.784
Locality eval: pred=true              gold=true  correct=True  running‐acc=0.765
[ 256/600] loss=1.4620  pred=n/a    gold=n/a  running‐acc=0.785
Locality eval: pred=                  gold=true  correct=False  running‐acc=0.762
[ 257/600] loss=1.6735  pred=n/a    gold=n/a  running‐acc=0.786
Locality eval: pred=n/a               gold=true  correct=False  running‐acc=0.759
[ 258/600] loss=1.8693  pred=n/a    gold=n/a  running‐acc=0.787
Locality eval: pred=n/a               gold=true  correct=False  running‐acc=0.756
[ 259/600] loss=0.9478  pred=true   gold=true  running‐acc=0.788
Locality eval: pred=n/a               gold=n/a  correct=True  running‐acc=0.757
[ 260/600] loss=1.3223  pred=true   gold=true  running‐acc=0.788
Locality eval: pred=n/a               gold=n/a  correct=True  running‐acc=0.758
[ 261/600] loss=2.1605  pred=true   gold=true  running‐acc=0.789
Locality eval: pred=n/a               gold=n/a  correct=True  running‐acc=0.759
[ 262/600] loss=1.1049  pred=true   gold=true  running‐acc=0.790
Locality eval: pred=n/a               gold=n/a  correct=True  running‐acc=0.760
[ 263/600] loss=1.5877  pred=n/a    gold=n/a  running‐acc=0.791
Locality eval: pred=true              gold=true  correct=True  running‐acc=0.760
[ 264/600] loss=1.4482  pred=n/a    gold=n/a  running‐acc=0.792
Locality eval: pred=true              gold=true  correct=True  running‐acc=0.761
[ 265/600] loss=0.8374  pred=n/a    gold=true  running‐acc=0.789
Locality eval: pred=n/a               gold=n/a  correct=True  running‐acc=0.762
[ 266/600] loss=1.5910  pred=n/a    gold=n/a  running‐acc=0.789
Locality eval: pred=true              gold=true  correct=True  running‐acc=0.763
[ 267/600] loss=1.3867  pred=n/a    gold=n/a  running‐acc=0.790
Locality eval: pred=true              gold=true  correct=True  running‐acc=0.764
[ 268/600] loss=0.3224  pred=true   gold=true  running‐acc=0.791
Locality eval: pred=n/a               gold=n/a  correct=True  running‐acc=0.765
[ 269/600] loss=1.4886  pred=n/a    gold=n/a  running‐acc=0.792
Locality eval: pred=true              gold=true  correct=True  running‐acc=0.766
[ 270/600] loss=0.7316  pred=true   gold=true  running‐acc=0.793
Locality eval: pred=n/a               gold=n/a  correct=True  running‐acc=0.767
[ 271/600] loss=1.3998  pred=       gold=n/a  running‐acc=0.790
Locality eval: pred=true              gold=true  correct=True  running‐acc=0.768
[ 272/600] loss=1.2258  pred=n/a    gold=true  running‐acc=0.787
Locality eval: pred=n/a               gold=n/a  correct=True  running‐acc=0.768
[ 273/600] loss=1.6966  pred=n/a    gold=n/a  running‐acc=0.788
Locality eval: pred=true              gold=true  correct=True  running‐acc=0.769
[ 274/600] loss=1.3243  pred=n/a    gold=n/a  running‐acc=0.788
Locality eval: pred=true              gold=true  correct=True  running‐acc=0.770
[ 275/600] loss=1.0771  pred=true   gold=true  running‐acc=0.789
Locality eval: pred=n/a               gold=n/a  correct=True  running‐acc=0.771
[ 276/600] loss=1.5114  pred=n/a    gold=n/a  running‐acc=0.790
Locality eval: pred=true              gold=true  correct=True  running‐acc=0.772
[ 277/600] loss=1.2874  pred=true   gold=true  running‐acc=0.791
Locality eval: pred=n/a               gold=n/a  correct=True  running‐acc=0.773
[ 278/600] loss=1.6766  pred=n/a    gold=n/a  running‐acc=0.791
Locality eval: pred=true              gold=true  correct=True  running‐acc=0.773
[ 279/600] loss=1.0979  pred=true   gold=true  running‐acc=0.792
Locality eval: pred=n/a               gold=n/a  correct=True  running‐acc=0.774
[ 280/600] loss=1.4448  pred=n/a    gold=n/a  running‐acc=0.793
Locality eval: pred=true              gold=true  correct=True  running‐acc=0.775
[ 281/600] loss=1.0595  pred=true   gold=true  running‐acc=0.794
Locality eval: pred=n/a               gold=n/a  correct=True  running‐acc=0.776
[ 282/600] loss=1.2185  pred=true   gold=true  running‐acc=0.794
Locality eval: pred=n/a               gold=n/a  correct=True  running‐acc=0.777
[ 283/600] loss=1.2787  pred=n/a    gold=n/a  running‐acc=0.795
Locality eval: pred=true              gold=true  correct=True  running‐acc=0.777
[ 284/600] loss=0.6788  pred=       gold=n/a  running‐acc=0.792
Locality eval: pred=true              gold=true  correct=True  running‐acc=0.778
[ 285/600] loss=1.6393  pred=       gold=true  running‐acc=0.789
Locality eval: pred=n/a               gold=n/a  correct=True  running‐acc=0.779
[ 286/600] loss=1.3354  pred=n/a    gold=n/a  running‐acc=0.790
Locality eval: pred=true              gold=true  correct=True  running‐acc=0.780
[ 287/600] loss=1.3395  pred=n/a    gold=n/a  running‐acc=0.791
Locality eval: pred=true              gold=true  correct=True  running‐acc=0.780
[ 288/600] loss=1.2575  pred=true   gold=true  running‐acc=0.792
Locality eval: pred=n/a               gold=n/a  correct=True  running‐acc=0.781
[ 289/600] loss=1.1606  pred=true   gold=true  running‐acc=0.792
Locality eval: pred=n/a               gold=n/a  correct=True  running‐acc=0.782
[ 290/600] loss=1.4477  pred=n/a    gold=n/a  running‐acc=0.793
Locality eval: pred=                  gold=true  correct=False  running‐acc=0.779
[ 291/600] loss=1.2922  pred=n/a    gold=true  running‐acc=0.790
Locality eval: pred=n/a               gold=n/a  correct=True  running‐acc=0.780
[ 292/600] loss=1.4916  pred=n/a    gold=true  running‐acc=0.788
Locality eval: pred=n/a               gold=n/a  correct=True  running‐acc=0.781
[ 293/600] loss=1.6066  pred=true   gold=true  running‐acc=0.788
Locality eval: pred=n/a               gold=n/a  correct=True  running‐acc=0.782
[ 294/600] loss=1.1400  pred=true   gold=true  running‐acc=0.789
Locality eval: pred=n/a               gold=n/a  correct=True  running‐acc=0.782
[ 295/600] loss=1.6833  pred=true   gold=n/a  running‐acc=0.786
Locality eval: pred=true              gold=true  correct=True  running‐acc=0.783
[ 296/600] loss=1.7262  pred=n/a    gold=n/a  running‐acc=0.787
Locality eval: pred=true              gold=true  correct=True  running‐acc=0.784
[ 297/600] loss=1.4026  pred=n/a    gold=true  running‐acc=0.785
Locality eval: pred=n/a               gold=n/a  correct=True  running‐acc=0.785
[ 298/600] loss=1.3091  pred=n/a    gold=true  running‐acc=0.782
Locality eval: pred=n/a               gold=n/a  correct=True  running‐acc=0.785
[ 299/600] loss=1.7491  pred=n/a    gold=n/a  running‐acc=0.783
Locality eval: pred=n/a               gold=true  correct=False  running‐acc=0.783
[ 300/600] loss=1.5307  pred=n/a    gold=n/a  running‐acc=0.783
Locality eval: pred=n/a               gold=true  correct=False  running‐acc=0.780
[ 301/600] loss=2.1104  pred=true   gold=true  running‐acc=0.784
Locality eval: pred=true              gold=n/a  correct=False  running‐acc=0.777
[ 302/600] loss=1.1680  pred=true.  gold=true  running‐acc=0.785
Locality eval: pred=n/a               gold=n/a  correct=True  running‐acc=0.778
[ 303/600] loss=0.6592  pred=true   gold=true  running‐acc=0.785
Locality eval: pred=n/a               gold=n/a  correct=True  running‐acc=0.779
[ 304/600] loss=1.2252  pred=true   gold=true  running‐acc=0.786
Locality eval: pred=n/a               gold=n/a  correct=True  running‐acc=0.780
[ 305/600] loss=1.0086  pred=true   gold=true  running‐acc=0.787
Locality eval: pred=n/a               gold=n/a  correct=True  running‐acc=0.780
[ 306/600] loss=2.0644  pred=true   gold=true  running‐acc=0.788
Locality eval: pred=n/a               gold=n/a  correct=True  running‐acc=0.781
[ 307/600] loss=1.3683  pred=true   gold=true  running‐acc=0.788
Locality eval: pred=n/a               gold=n/a  correct=True  running‐acc=0.782
[ 308/600] loss=1.1554  pred=true   gold=true  running‐acc=0.789
Locality eval: pred=n/a               gold=n/a  correct=True  running‐acc=0.782
[ 309/600] loss=1.1367  pred=true   gold=true  running‐acc=0.790
Locality eval: pred=n/a               gold=n/a  correct=True  running‐acc=0.783
[ 310/600] loss=1.6944  pred=n/a    gold=n/a  running‐acc=0.790
Locality eval: pred=n/a               gold=true  correct=False  running‐acc=0.781
[ 311/600] loss=1.0391  pred=true   gold=true  running‐acc=0.791
Locality eval: pred=n/a               gold=n/a  correct=True  running‐acc=0.781
[ 312/600] loss=1.2849  pred=true   gold=true  running‐acc=0.792
Locality eval: pred=n/a               gold=n/a  correct=True  running‐acc=0.782
[ 313/600] loss=0.6388  pred=       gold=n/a  running‐acc=0.789
Locality eval: pred=true              gold=true  correct=True  running‐acc=0.783
[ 314/600] loss=2.0193  pred=n/a    gold=n/a  running‐acc=0.790
Locality eval: pred=n/a               gold=true  correct=False  running‐acc=0.780
[ 315/600] loss=1.6370  pred=true   gold=n/a  running‐acc=0.787
Locality eval: pred=true              gold=true  correct=True  running‐acc=0.781
[ 316/600] loss=2.1143  pred=true   gold=true  running‐acc=0.788
Locality eval: pred=n/a               gold=n/a  correct=True  running‐acc=0.782
[ 317/600] loss=1.5069  pred=true   gold=true  running‐acc=0.789
Locality eval: pred=n/a               gold=n/a  correct=True  running‐acc=0.782
[ 318/600] loss=1.4766  pred=true   gold=true  running‐acc=0.789
Locality eval: pred=n/a               gold=n/a  correct=True  running‐acc=0.783
[ 319/600] loss=1.2775  pred=n/a    gold=n/a  running‐acc=0.790
Locality eval: pred=true              gold=true  correct=True  running‐acc=0.784
[ 320/600] loss=1.4827  pred=n/a    gold=n/a  running‐acc=0.791
Locality eval: pred=n/a               gold=true  correct=False  running‐acc=0.781
[ 321/600] loss=1.1858  pred=n/a    gold=true  running‐acc=0.788
Locality eval: pred=n/a               gold=n/a  correct=True  running‐acc=0.782
[ 322/600] loss=1.5615  pred=true   gold=true  running‐acc=0.789
Locality eval: pred=n/a               gold=n/a  correct=True  running‐acc=0.783
[ 323/600] loss=1.6177  pred=n/a    gold=n/a  running‐acc=0.789
Locality eval: pred=n/a               gold=true  correct=False  running‐acc=0.780
[ 324/600] loss=1.3798  pred=n/a    gold=n/a  running‐acc=0.790
Locality eval: pred=true              gold=true  correct=True  running‐acc=0.781
[ 325/600] loss=1.4755  pred=n/a    gold=true  running‐acc=0.788
Locality eval: pred=n/a               gold=n/a  correct=True  running‐acc=0.782
[ 326/600] loss=1.5795  pred=n/a    gold=n/a  running‐acc=0.788
Locality eval: pred=n/a               gold=true  correct=False  running‐acc=0.779
[ 327/600] loss=1.7559  pred=n/a    gold=true  running‐acc=0.786
Locality eval: pred=n/a               gold=n/a  correct=True  running‐acc=0.780
[ 328/600] loss=1.5159  pred=true   gold=n/a  running‐acc=0.784
Locality eval: pred=true              gold=true  correct=True  running‐acc=0.780
[ 329/600] loss=1.7658  pred=true   gold=true  running‐acc=0.784
Locality eval: pred=n/a               gold=n/a  correct=True  running‐acc=0.781
[ 330/600] loss=0.6467  pred=       gold=n/a  running‐acc=0.782
Locality eval: pred=true              gold=true  correct=True  running‐acc=0.782
[ 331/600] loss=1.0106  pred=true   gold=true  running‐acc=0.782
Locality eval: pred=n/a               gold=n/a  correct=True  running‐acc=0.782
[ 332/600] loss=1.1231  pred=false  gold=n/a  running‐acc=0.780
Locality eval: pred=false             gold=true  correct=False  running‐acc=0.780
[ 333/600] loss=0.6665  pred=true   gold=true  running‐acc=0.781
Locality eval: pred=n/a               gold=n/a  correct=True  running‐acc=0.781
[ 334/600] loss=1.8618  pred=n/a    gold=n/a  running‐acc=0.781
Locality eval: pred=true              gold=true  correct=True  running‐acc=0.781
[ 335/600] loss=1.2964  pred=n/a    gold=true  running‐acc=0.779
Locality eval: pred=n/a               gold=n/a  correct=True  running‐acc=0.782
[ 336/600] loss=1.6958  pred=n/a    gold=n/a  running‐acc=0.780
Locality eval: pred=true              gold=true  correct=True  running‐acc=0.783
[ 337/600] loss=1.5832  pred=n/a    gold=n/a  running‐acc=0.780
Locality eval: pred=true              gold=true  correct=True  running‐acc=0.783
[ 338/600] loss=0.7938  pred=true   gold=n/a  running‐acc=0.778
Locality eval: pred=true              gold=true  correct=True  running‐acc=0.784
[ 339/600] loss=1.5007  pred=n/a    gold=n/a  running‐acc=0.779
Locality eval: pred=true              gold=true  correct=True  running‐acc=0.785
[ 340/600] loss=1.3150  pred=n/a    gold=n/a  running‐acc=0.779
Locality eval: pred=true              gold=true  correct=True  running‐acc=0.785
[ 341/600] loss=1.3284  pred=true   gold=true  running‐acc=0.780
Locality eval: pred=n/a               gold=n/a  correct=True  running‐acc=0.786
[ 342/600] loss=1.2294  pred=true   gold=true  running‐acc=0.781
Locality eval: pred=n/a               gold=n/a  correct=True  running‐acc=0.787
[ 343/600] loss=0.4917  pred=n/a    gold=n/a  running‐acc=0.781
Locality eval: pred=true              gold=true  correct=True  running‐acc=0.787
[ 344/600] loss=1.2780  pred=true   gold=true  running‐acc=0.782
Locality eval: pred=n/a               gold=n/a  correct=True  running‐acc=0.788
[ 345/600] loss=0.7009  pred=       gold=n/a  running‐acc=0.780
Locality eval: pred=true              gold=true  correct=True  running‐acc=0.788
[ 346/600] loss=1.6059  pred=true   gold=true  running‐acc=0.780
Locality eval: pred=n/a               gold=n/a  correct=True  running‐acc=0.789
[ 347/600] loss=0.7055  pred=n/a    gold=n/a  running‐acc=0.781
Locality eval: pred=n/a               gold=true  correct=False  running‐acc=0.787
[ 348/600] loss=1.6206  pred=n/a    gold=n/a  running‐acc=0.782
Locality eval: pred=n/a               gold=true  correct=False  running‐acc=0.784
[ 349/600] loss=1.3997  pred=n/a    gold=n/a  running‐acc=0.782
Locality eval: pred=true              gold=true  correct=True  running‐acc=0.785
[ 350/600] loss=1.6506  pred=true   gold=n/a  running‐acc=0.780
Locality eval: pred=true              gold=true  correct=True  running‐acc=0.786
[ 351/600] loss=1.6640  pred=       gold=n/a  running‐acc=0.778
Locality eval: pred=true              gold=true  correct=True  running‐acc=0.786
[ 352/600] loss=1.3764  pred=n/a    gold=n/a  running‐acc=0.778
Locality eval: pred=n/a               gold=true  correct=False  running‐acc=0.784
[ 353/600] loss=1.2829  pred=n/a    gold=n/a  running‐acc=0.779
Locality eval: pred=true.             gold=true  correct=True  running‐acc=0.785
[ 354/600] loss=1.3187  pred=n/a    gold=true  running‐acc=0.777
Locality eval: pred=n/a               gold=n/a  correct=True  running‐acc=0.785
[ 355/600] loss=1.5170  pred=true   gold=true  running‐acc=0.777
Locality eval: pred=n/a               gold=n/a  correct=True  running‐acc=0.786
[ 356/600] loss=0.6463  pred=false.  gold=true  running‐acc=0.775
Locality eval: pred=n/a               gold=n/a  correct=True  running‐acc=0.787
[ 357/600] loss=1.1889  pred=true   gold=true  running‐acc=0.776
Locality eval: pred=n/a               gold=n/a  correct=True  running‐acc=0.787
[ 358/600] loss=1.1095  pred=n/a    gold=true  running‐acc=0.774
Locality eval: pred=n/a               gold=n/a  correct=True  running‐acc=0.788
[ 359/600] loss=2.1204  pred=true   gold=true  running‐acc=0.774
Locality eval: pred=n/a               gold=n/a  correct=True  running‐acc=0.788
[ 360/600] loss=1.5654  pred=n/a    gold=n/a  running‐acc=0.775
Locality eval: pred=true              gold=true  correct=True  running‐acc=0.789
[ 361/600] loss=1.2861  pred=n/a    gold=true  running‐acc=0.773
Locality eval: pred=n/a               gold=n/a  correct=True  running‐acc=0.789
[ 362/600] loss=1.2419  pred=n/a    gold=true  running‐acc=0.771
Locality eval: pred=n/a               gold=n/a  correct=True  running‐acc=0.790
[ 363/600] loss=1.7559  pred=n/a    gold=n/a  running‐acc=0.771
Locality eval: pred=n/a               gold=true  correct=False  running‐acc=0.788
[ 364/600] loss=1.6922  pred=true   gold=true  running‐acc=0.772
Locality eval: pred=true              gold=n/a  correct=False  running‐acc=0.786
[ 365/600] loss=1.3404  pred=true   gold=true  running‐acc=0.773
Locality eval: pred=n/a               gold=n/a  correct=True  running‐acc=0.786
[ 366/600] loss=1.6593  pred=true   gold=n/a  running‐acc=0.770
Locality eval: pred=true              gold=true  correct=True  running‐acc=0.787
[ 367/600] loss=1.8908  pred=n/a    gold=n/a  running‐acc=0.771
Locality eval: pred=                  gold=true  correct=False  running‐acc=0.785
[ 368/600] loss=0.3146  pred=true   gold=true  running‐acc=0.772
Locality eval: pred=n/a               gold=n/a  correct=True  running‐acc=0.785
[ 369/600] loss=1.8601  pred=n/a    gold=n/a  running‐acc=0.772
Locality eval: pred=n/a               gold=true  correct=False  running‐acc=0.783
[ 370/600] loss=1.1063  pred=n/a    gold=n/a  running‐acc=0.773
Locality eval: pred=true              gold=true  correct=True  running‐acc=0.784
[ 371/600] loss=1.4148  pred=true   gold=true  running‐acc=0.774
Locality eval: pred=n/a               gold=n/a  correct=True  running‐acc=0.784
[ 372/600] loss=1.3114  pred=true   gold=true  running‐acc=0.774
Locality eval: pred=n/a               gold=n/a  correct=True  running‐acc=0.785
[ 373/600] loss=0.7892  pred=true   gold=true  running‐acc=0.775
Locality eval: pred=n/a               gold=n/a  correct=True  running‐acc=0.786
[ 374/600] loss=1.4452  pred=n/a    gold=n/a  running‐acc=0.775
Locality eval: pred=                  gold=true  correct=False  running‐acc=0.783
[ 375/600] loss=1.7543  pred=true   gold=true  running‐acc=0.776
Locality eval: pred=n/a               gold=n/a  correct=True  running‐acc=0.784
[ 376/600] loss=0.4985  pred=true   gold=true  running‐acc=0.777
Locality eval: pred=n/a               gold=n/a  correct=True  running‐acc=0.785
[ 377/600] loss=1.9809  pred=n/a    gold=true  running‐acc=0.775
Locality eval: pred=n/a               gold=n/a  correct=True  running‐acc=0.785
[ 378/600] loss=0.8721  pred=true   gold=true  running‐acc=0.775
Locality eval: pred=n/a               gold=n/a  correct=True  running‐acc=0.786
[ 379/600] loss=1.1559  pred=true   gold=true  running‐acc=0.776
Locality eval: pred=true              gold=n/a  correct=False  running‐acc=0.784
[ 380/600] loss=1.3540  pred=true   gold=true  running‐acc=0.776
Locality eval: pred=n/a               gold=n/a  correct=True  running‐acc=0.784
[ 381/600] loss=1.4168  pred=n/a    gold=n/a  running‐acc=0.777
Locality eval: pred=true              gold=true  correct=True  running‐acc=0.785
[ 382/600] loss=1.4676  pred=n/a    gold=n/a  running‐acc=0.777
Locality eval: pred=true              gold=true  correct=True  running‐acc=0.785
[ 383/600] loss=1.3472  pred=false.  gold=n/a  running‐acc=0.775
Locality eval: pred=true              gold=true  correct=True  running‐acc=0.786
[ 384/600] loss=1.5194  pred=n/a    gold=n/a  running‐acc=0.776
Locality eval: pred=true              gold=true  correct=True  running‐acc=0.786
[ 385/600] loss=1.6274  pred=true   gold=true  running‐acc=0.777
Locality eval: pred=n/a               gold=n/a  correct=True  running‐acc=0.787
[ 386/600] loss=1.0964  pred=true   gold=true  running‐acc=0.777
Locality eval: pred=n/a               gold=n/a  correct=True  running‐acc=0.788
[ 387/600] loss=1.6683  pred=n/a    gold=n/a  running‐acc=0.778
Locality eval: pred=true              gold=true  correct=True  running‐acc=0.788
[ 388/600] loss=1.4780  pred=n/a    gold=true  running‐acc=0.776
Locality eval: pred=n/a               gold=n/a  correct=True  running‐acc=0.789
[ 389/600] loss=1.8164  pred=n/a    gold=n/a  running‐acc=0.776
Locality eval: pred=true              gold=true  correct=True  running‐acc=0.789
[ 390/600] loss=1.6570  pred=true   gold=true  running‐acc=0.777
Locality eval: pred=n/a               gold=n/a  correct=True  running‐acc=0.790
[ 391/600] loss=1.3090  pred=n/a    gold=true  running‐acc=0.775
Locality eval: pred=n/a               gold=n/a  correct=True  running‐acc=0.790
[ 392/600] loss=1.2143  pred=n/a    gold=n/a  running‐acc=0.776
Locality eval: pred=true.             gold=true  correct=True  running‐acc=0.791
[ 393/600] loss=1.4868  pred=n/a    gold=n/a  running‐acc=0.776
Locality eval: pred=n/a               gold=true  correct=False  running‐acc=0.789
[ 394/600] loss=1.9326  pred=n/a    gold=n/a  running‐acc=0.777
Locality eval: pred=n/a               gold=true  correct=False  running‐acc=0.787
[ 395/600] loss=1.8638  pred=true   gold=true  running‐acc=0.777
Locality eval: pred=n/a               gold=n/a  correct=True  running‐acc=0.787
[ 396/600] loss=1.3520  pred=n/a    gold=true  running‐acc=0.775
Locality eval: pred=n/a               gold=n/a  correct=True  running‐acc=0.788
[ 397/600] loss=1.1762  pred=n/a    gold=n/a  running‐acc=0.776
Locality eval: pred=true              gold=true  correct=True  running‐acc=0.788
[ 398/600] loss=1.3282  pred=true   gold=true  running‐acc=0.776
Locality eval: pred=n/a               gold=n/a  correct=True  running‐acc=0.789
[ 399/600] loss=1.7149  pred=false  gold=n/a  running‐acc=0.774
Locality eval: pred=true              gold=true  correct=True  running‐acc=0.789
[ 400/600] loss=0.9556  pred=true   gold=true  running‐acc=0.775
Locality eval: pred=n/a               gold=n/a  correct=True  running‐acc=0.790
[ 401/600] loss=0.6654  pred=n/a    gold=true  running‐acc=0.773
Locality eval: pred=n/a               gold=n/a  correct=True  running‐acc=0.791
[ 402/600] loss=1.2150  pred=n/a    gold=n/a  running‐acc=0.774
Locality eval: pred=true              gold=true  correct=True  running‐acc=0.791
[ 403/600] loss=1.0236  pred=true   gold=true  running‐acc=0.774
Locality eval: pred=n/a               gold=n/a  correct=True  running‐acc=0.792
[ 404/600] loss=1.8417  pred=true   gold=true  running‐acc=0.775
Locality eval: pred=true.             gold=n/a  correct=False  running‐acc=0.790
[ 405/600] loss=1.4352  pred=n/a    gold=n/a  running‐acc=0.775
Locality eval: pred=true              gold=true  correct=True  running‐acc=0.790
[ 406/600] loss=1.1005  pred=n/a    gold=n/a  running‐acc=0.776
Locality eval: pred=true.             gold=true  correct=True  running‐acc=0.791
[ 407/600] loss=0.6322  pred=true   gold=true  running‐acc=0.776
Locality eval: pred=n/a               gold=n/a  correct=True  running‐acc=0.791
[ 408/600] loss=1.6694  pred=n/a    gold=n/a  running‐acc=0.777
Locality eval: pred=true              gold=true  correct=True  running‐acc=0.792
[ 409/600] loss=1.3970  pred=true   gold=true  running‐acc=0.778
Locality eval: pred=n/a               gold=n/a  correct=True  running‐acc=0.792
[ 410/600] loss=1.1748  pred=n/a    gold=n/a  running‐acc=0.778
Locality eval: pred=true              gold=true  correct=True  running‐acc=0.793
[ 411/600] loss=0.9707  pred=true   gold=true  running‐acc=0.779
Locality eval: pred=n/a               gold=n/a  correct=True  running‐acc=0.793
[ 412/600] loss=0.9744  pred=n/a    gold=true  running‐acc=0.777
Locality eval: pred=n/a               gold=n/a  correct=True  running‐acc=0.794
[ 413/600] loss=1.3732  pred=n/a    gold=true  running‐acc=0.775
Locality eval: pred=n/a               gold=n/a  correct=True  running‐acc=0.794
[ 414/600] loss=2.1463  pred=       gold=true  running‐acc=0.773
Locality eval: pred=n/a               gold=n/a  correct=True  running‐acc=0.795
[ 415/600] loss=1.5451  pred=n/a    gold=n/a  running‐acc=0.773
Locality eval: pred=n/a               gold=true  correct=False  running‐acc=0.793
[ 416/600] loss=0.9896  pred=true   gold=true  running‐acc=0.774
Locality eval: pred=true.             gold=n/a  correct=False  running‐acc=0.791
[ 417/600] loss=1.7948  pred=n/a    gold=n/a  running‐acc=0.775
Locality eval: pred=n/a               gold=true  correct=False  running‐acc=0.789
[ 418/600] loss=1.6445  pred=n/a    gold=n/a  running‐acc=0.775
Locality eval: pred=true              gold=true  correct=True  running‐acc=0.789
[ 419/600] loss=0.5051  pred=true   gold=true  running‐acc=0.776
Locality eval: pred=n/a               gold=n/a  correct=True  running‐acc=0.790
[ 420/600] loss=1.3186  pred=n/a    gold=true  running‐acc=0.774
Locality eval: pred=n/a               gold=n/a  correct=True  running‐acc=0.790
[ 421/600] loss=0.9786  pred=true   gold=true  running‐acc=0.774
Locality eval: pred=n/a               gold=n/a  correct=True  running‐acc=0.791
[ 422/600] loss=1.9090  pred=true   gold=true  running‐acc=0.775
Locality eval: pred=n/a               gold=n/a  correct=True  running‐acc=0.791
[ 423/600] loss=1.1516  pred=true   gold=true  running‐acc=0.775
Locality eval: pred=n/a               gold=n/a  correct=True  running‐acc=0.792
[ 424/600] loss=1.0380  pred=n/a    gold=n/a  running‐acc=0.776
Locality eval: pred=true              gold=true  correct=True  running‐acc=0.792
[ 425/600] loss=1.6896  pred=n/a    gold=n/a  running‐acc=0.776
Locality eval: pred=n/a               gold=true  correct=False  running‐acc=0.791
[ 426/600] loss=1.4595  pred=n/a    gold=n/a  running‐acc=0.777
Locality eval: pred=n/a               gold=true  correct=False  running‐acc=0.789
[ 427/600] loss=1.0057  pred=true   gold=true  running‐acc=0.778
Locality eval: pred=n/a               gold=n/a  correct=True  running‐acc=0.789
[ 428/600] loss=1.3133  pred=false  gold=true  running‐acc=0.776
Locality eval: pred=true              gold=n/a  correct=False  running‐acc=0.787
[ 429/600] loss=0.8739  pred=true   gold=true  running‐acc=0.776
Locality eval: pred=true              gold=n/a  correct=False  running‐acc=0.786
[ 430/600] loss=0.7665  pred=true   gold=n/a  running‐acc=0.774
Locality eval: pred=true              gold=true  correct=True  running‐acc=0.786
[ 431/600] loss=1.1704  pred=true   gold=true  running‐acc=0.775
Locality eval: pred=n/a               gold=n/a  correct=True  running‐acc=0.787
[ 432/600] loss=1.9201  pred=true   gold=true  running‐acc=0.775
Locality eval: pred=n/a               gold=n/a  correct=True  running‐acc=0.787
[ 433/600] loss=1.8509  pred=n/a    gold=true  running‐acc=0.774
Locality eval: pred=n/a               gold=n/a  correct=True  running‐acc=0.788
[ 434/600] loss=1.1046  pred=n/a    gold=n/a  running‐acc=0.774
Locality eval: pred=true              gold=true  correct=True  running‐acc=0.788
[ 435/600] loss=1.3146  pred=n/a    gold=n/a  running‐acc=0.775
Locality eval: pred=true              gold=true  correct=True  running‐acc=0.789
[ 436/600] loss=1.1678  pred=true   gold=true  running‐acc=0.775
Locality eval: pred=n/a               gold=n/a  correct=True  running‐acc=0.789
[ 437/600] loss=0.8664  pred=true   gold=true  running‐acc=0.776
Locality eval: pred=n/a               gold=n/a  correct=True  running‐acc=0.789
[ 438/600] loss=1.2384  pred=n/a    gold=n/a  running‐acc=0.776
Locality eval: pred=n/a               gold=true  correct=False  running‐acc=0.788
[ 439/600] loss=1.3987  pred=n/a    gold=n/a  running‐acc=0.777
Locality eval: pred=true              gold=true  correct=True  running‐acc=0.788
[ 440/600] loss=1.3761  pred=true   gold=true  running‐acc=0.777
Locality eval: pred=n/a               gold=n/a  correct=True  running‐acc=0.789
[ 441/600] loss=1.6891  pred=n/a    gold=n/a  running‐acc=0.778
Locality eval: pred=true              gold=true  correct=True  running‐acc=0.789
[ 442/600] loss=1.7032  pred=true   gold=true  running‐acc=0.778
Locality eval: pred=n/a               gold=n/a  correct=True  running‐acc=0.790
[ 443/600] loss=1.6201  pred=n/a    gold=true  running‐acc=0.777
Locality eval: pred=true              gold=n/a  correct=False  running‐acc=0.788
[ 444/600] loss=1.7437  pred=true   gold=true  running‐acc=0.777
Locality eval: pred=n/a               gold=n/a  correct=True  running‐acc=0.788
[ 445/600] loss=1.8146  pred=true   gold=true  running‐acc=0.778
Locality eval: pred=n/a               gold=n/a  correct=True  running‐acc=0.789
[ 446/600] loss=0.5903  pred=true   gold=true  running‐acc=0.778
Locality eval: pred=n/a               gold=n/a  correct=True  running‐acc=0.789
[ 447/600] loss=1.1279  pred=true   gold=true  running‐acc=0.779
Locality eval: pred=n/a               gold=n/a  correct=True  running‐acc=0.790
[ 448/600] loss=1.3982  pred=true   gold=true  running‐acc=0.779
Locality eval: pred=n/a               gold=n/a  correct=True  running‐acc=0.790
[ 449/600] loss=1.1423  pred=true   gold=true  running‐acc=0.780
Locality eval: pred=n/a               gold=n/a  correct=True  running‐acc=0.791
[ 450/600] loss=1.8995  pred=n/a    gold=n/a  running‐acc=0.780
Locality eval: pred=true              gold=true  correct=True  running‐acc=0.791
[ 451/600] loss=1.3623  pred=n/a    gold=true  running‐acc=0.778
Locality eval: pred=true              gold=n/a  correct=False  running‐acc=0.789
[ 452/600] loss=1.6864  pred=       gold=n/a  running‐acc=0.777
Locality eval: pred=true              gold=true  correct=True  running‐acc=0.790
[ 453/600] loss=1.3396  pred=n/a    gold=n/a  running‐acc=0.777
Locality eval: pred=n/a               gold=true  correct=False  running‐acc=0.788
[ 454/600] loss=0.9908  pred=       gold=n/a  running‐acc=0.775
Locality eval: pred=true              gold=true  correct=True  running‐acc=0.789
[ 455/600] loss=1.6693  pred=true   gold=true  running‐acc=0.776
Locality eval: pred=n/a               gold=n/a  correct=True  running‐acc=0.789
[ 456/600] loss=1.1428  pred=n/a    gold=n/a  running‐acc=0.776
Locality eval: pred=true              gold=true  correct=True  running‐acc=0.789
[ 457/600] loss=1.6668  pred=false  gold=n/a  running‐acc=0.775
Locality eval: pred=true              gold=true  correct=True  running‐acc=0.790
[ 458/600] loss=1.4695  pred=n/a    gold=n/a  running‐acc=0.775
Locality eval: pred=n/a               gold=true  correct=False  running‐acc=0.788
[ 459/600] loss=1.3175  pred=true   gold=true  running‐acc=0.776
Locality eval: pred=n/a               gold=n/a  correct=True  running‐acc=0.789
[ 460/600] loss=1.1227  pred=true   gold=true  running‐acc=0.776
Locality eval: pred=true              gold=n/a  correct=False  running‐acc=0.787
[ 461/600] loss=1.1690  pred=n/a    gold=n/a  running‐acc=0.777
Locality eval: pred=true              gold=true  correct=True  running‐acc=0.787
[ 462/600] loss=0.7163  pred=       gold=n/a  running‐acc=0.775
Locality eval: pred=true              gold=true  correct=True  running‐acc=0.788
[ 463/600] loss=1.3365  pred=true   gold=true  running‐acc=0.775
Locality eval: pred=n/a               gold=n/a  correct=True  running‐acc=0.788
[ 464/600] loss=1.1170  pred=n/a    gold=n/a  running‐acc=0.776
Locality eval: pred=true              gold=true  correct=True  running‐acc=0.789
[ 465/600] loss=1.5576  pred=n/a    gold=n/a  running‐acc=0.776
Locality eval: pred=true              gold=true  correct=True  running‐acc=0.789
[ 466/600] loss=1.3488  pred=n/a    gold=n/a  running‐acc=0.777
Locality eval: pred=true              gold=true  correct=True  running‐acc=0.790
[ 467/600] loss=1.3559  pred=n/a    gold=n/a  running‐acc=0.777
Locality eval: pred=true              gold=true  correct=True  running‐acc=0.790
[ 468/600] loss=1.5604  pred=true   gold=n/a  running‐acc=0.776
Locality eval: pred=true              gold=true  correct=True  running‐acc=0.791
[ 469/600] loss=1.5337  pred=true   gold=true  running‐acc=0.776
Locality eval: pred=n/a               gold=n/a  correct=True  running‐acc=0.791
[ 470/600] loss=1.3709  pred=n/a    gold=n/a  running‐acc=0.777
Locality eval: pred=true              gold=true  correct=True  running‐acc=0.791
[ 471/600] loss=1.3271  pred=n/a    gold=n/a  running‐acc=0.777
Locality eval: pred=true              gold=true  correct=True  running‐acc=0.792
[ 472/600] loss=1.8437  pred=true   gold=true  running‐acc=0.778
Locality eval: pred=n/a               gold=n/a  correct=True  running‐acc=0.792
[ 473/600] loss=1.2346  pred=n/a    gold=n/a  running‐acc=0.778
Locality eval: pred=true              gold=true  correct=True  running‐acc=0.793
[ 474/600] loss=0.7584  pred=n/a    gold=true  running‐acc=0.776
Locality eval: pred=n/a               gold=n/a  correct=True  running‐acc=0.793
[ 475/600] loss=1.7225  pred=n/a    gold=n/a  running‐acc=0.777
Locality eval: pred=true              gold=true  correct=True  running‐acc=0.794
[ 476/600] loss=1.3534  pred=n/a    gold=true  running‐acc=0.775
Locality eval: pred=n/a               gold=n/a  correct=True  running‐acc=0.794
[ 477/600] loss=1.5334  pred=n/a    gold=n/a  running‐acc=0.776
Locality eval: pred=true              gold=true  correct=True  running‐acc=0.795
[ 478/600] loss=0.7298  pred=true   gold=true  running‐acc=0.776
Locality eval: pred=n/a               gold=n/a  correct=True  running‐acc=0.795
[ 479/600] loss=1.6400  pred=n/a    gold=n/a  running‐acc=0.777
Locality eval: pred=n/a               gold=true  correct=False  running‐acc=0.793
[ 480/600] loss=1.3652  pred=false.  gold=n/a  running‐acc=0.775
Locality eval: pred=true              gold=true  correct=True  running‐acc=0.794
[ 481/600] loss=1.7812  pred=n/a    gold=n/a  running‐acc=0.775
Locality eval: pred=true              gold=true  correct=True  running‐acc=0.794
[ 482/600] loss=0.5820  pred=true   gold=true  running‐acc=0.776
Locality eval: pred=n/a               gold=n/a  correct=True  running‐acc=0.795
[ 483/600] loss=1.1495  pred=n/a    gold=n/a  running‐acc=0.776
Locality eval: pred=true              gold=true  correct=True  running‐acc=0.795
[ 484/600] loss=1.7618  pred=n/a    gold=n/a  running‐acc=0.777
Locality eval: pred=true              gold=true  correct=True  running‐acc=0.795
[ 485/600] loss=1.6809  pred=n/a    gold=n/a  running‐acc=0.777
Locality eval: pred=                  gold=true  correct=False  running‐acc=0.794
[ 486/600] loss=1.5366  pred=n/a    gold=n/a  running‐acc=0.778
Locality eval: pred=true              gold=true  correct=True  running‐acc=0.794
[ 487/600] loss=1.2711  pred=false.  gold=n/a  running‐acc=0.776
Locality eval: pred=true              gold=true  correct=True  running‐acc=0.795
[ 488/600] loss=1.5354  pred=n/a    gold=n/a  running‐acc=0.777
Locality eval: pred=true.             gold=true  correct=True  running‐acc=0.795
[ 489/600] loss=1.1446  pred=       gold=n/a  running‐acc=0.775
Locality eval: pred=n/a               gold=true  correct=False  running‐acc=0.793
[ 490/600] loss=1.2427  pred=n/a    gold=n/a  running‐acc=0.776
Locality eval: pred=true              gold=true  correct=True  running‐acc=0.794
[ 491/600] loss=0.7157  pred=true   gold=n/a  running‐acc=0.774
Locality eval: pred=true              gold=true  correct=True  running‐acc=0.794
[ 492/600] loss=0.7824  pred=true   gold=true  running‐acc=0.774
Locality eval: pred=n/a               gold=n/a  correct=True  running‐acc=0.795
[ 493/600] loss=1.8753  pred=n/a    gold=n/a  running‐acc=0.775
Locality eval: pred=true              gold=true  correct=True  running‐acc=0.795
[ 494/600] loss=1.8392  pred=n/a    gold=n/a  running‐acc=0.775
Locality eval: pred=true              gold=true  correct=True  running‐acc=0.796
[ 495/600] loss=1.5663  pred=n/a    gold=n/a  running‐acc=0.776
Locality eval: pred=n/a               gold=true  correct=False  running‐acc=0.794
[ 496/600] loss=1.2940  pred=n/a    gold=n/a  running‐acc=0.776
Locality eval: pred=n/a               gold=true  correct=False  running‐acc=0.792
[ 497/600] loss=1.2690  pred=true   gold=true  running‐acc=0.777
Locality eval: pred=n/a               gold=n/a  correct=True  running‐acc=0.793
[ 498/600] loss=0.8733  pred=true   gold=true  running‐acc=0.777
Locality eval: pred=n/a               gold=n/a  correct=True  running‐acc=0.793
[ 499/600] loss=1.8692  pred=n/a    gold=n/a  running‐acc=0.778
Locality eval: pred=n/a               gold=true  correct=False  running‐acc=0.792
[ 500/600] loss=0.7893  pred=       gold=n/a  running‐acc=0.776
Locality eval: pred=true              gold=true  correct=True  running‐acc=0.792
[ 501/600] loss=1.9411  pred=       gold=n/a  running‐acc=0.774
Locality eval: pred=true              gold=true  correct=True  running‐acc=0.792
[ 502/600] loss=0.7662  pred=true   gold=n/a  running‐acc=0.773
Locality eval: pred=true              gold=true  correct=True  running‐acc=0.793
[ 503/600] loss=0.8666  pred=true   gold=true  running‐acc=0.773
Locality eval: pred=n/a               gold=n/a  correct=True  running‐acc=0.793
[ 504/600] loss=0.6287  pred=true   gold=true  running‐acc=0.774
Locality eval: pred=n/a               gold=n/a  correct=True  running‐acc=0.794
[ 505/600] loss=1.5904  pred=true   gold=true  running‐acc=0.774
Locality eval: pred=n/a               gold=n/a  correct=True  running‐acc=0.794
[ 506/600] loss=1.4713  pred=n/a    gold=true  running‐acc=0.773
Locality eval: pred=n/a               gold=n/a  correct=True  running‐acc=0.794
[ 507/600] loss=1.1095  pred=true   gold=true  running‐acc=0.773
Locality eval: pred=n/a               gold=n/a  correct=True  running‐acc=0.795
[ 508/600] loss=1.2682  pred=true   gold=true  running‐acc=0.774
Locality eval: pred=n/a               gold=n/a  correct=True  running‐acc=0.795
[ 509/600] loss=1.1446  pred=true   gold=true  running‐acc=0.774
Locality eval: pred=n/a               gold=n/a  correct=True  running‐acc=0.796
[ 510/600] loss=1.6867  pred=true   gold=true  running‐acc=0.775
Locality eval: pred=n/a               gold=n/a  correct=True  running‐acc=0.796
[ 511/600] loss=1.2681  pred=n/a    gold=n/a  running‐acc=0.775
Locality eval: pred=true              gold=true  correct=True  running‐acc=0.796
[ 512/600] loss=1.6234  pred=n/a    gold=true  running‐acc=0.773
Locality eval: pred=n/a               gold=n/a  correct=True  running‐acc=0.797
[ 513/600] loss=1.7938  pred=false  gold=n/a  running‐acc=0.772
Locality eval: pred=true              gold=true  correct=True  running‐acc=0.797
[ 514/600] loss=0.3542  pred=true   gold=true  running‐acc=0.772
Locality eval: pred=n/a               gold=n/a  correct=True  running‐acc=0.798
[ 515/600] loss=1.6453  pred=n/a    gold=n/a  running‐acc=0.773
Locality eval: pred=true              gold=true  correct=True  running‐acc=0.798
[ 516/600] loss=1.4583  pred=n/a    gold=n/a  running‐acc=0.773
Locality eval: pred=true              gold=true  correct=True  running‐acc=0.798
[ 517/600] loss=1.3383  pred=n/a    gold=n/a  running‐acc=0.774
Locality eval: pred=n/a               gold=true  correct=False  running‐acc=0.797
[ 518/600] loss=1.2720  pred=n/a    gold=n/a  running‐acc=0.774
Locality eval: pred=true              gold=true  correct=True  running‐acc=0.797
[ 519/600] loss=1.1828  pred=       gold=true  running‐acc=0.773
Locality eval: pred=n/a               gold=n/a  correct=True  running‐acc=0.798
[ 520/600] loss=1.7202  pred=true   gold=true  running‐acc=0.773
Locality eval: pred=n/a               gold=n/a  correct=True  running‐acc=0.798
[ 521/600] loss=1.8261  pred=true   gold=true  running‐acc=0.774
Locality eval: pred=n/a               gold=n/a  correct=True  running‐acc=0.798
[ 522/600] loss=1.2131  pred=       gold=true  running‐acc=0.772
Locality eval: pred=n/a               gold=n/a  correct=True  running‐acc=0.799
[ 523/600] loss=1.6104  pred=n/a    gold=n/a  running‐acc=0.772
Locality eval: pred=n/a               gold=true  correct=False  running‐acc=0.797
[ 524/600] loss=0.6563  pred=true   gold=true  running‐acc=0.773
Locality eval: pred=n/a               gold=n/a  correct=True  running‐acc=0.798
[ 525/600] loss=1.2826  pred=true   gold=true  running‐acc=0.773
Locality eval: pred=n/a               gold=n/a  correct=True  running‐acc=0.798
[ 526/600] loss=1.0856  pred=true   gold=true  running‐acc=0.774
Locality eval: pred=n/a               gold=n/a  correct=True  running‐acc=0.798
[ 527/600] loss=1.7229  pred=n/a    gold=n/a  running‐acc=0.774
Locality eval: pred=true              gold=true  correct=True  running‐acc=0.799
[ 528/600] loss=1.4264  pred=true   gold=true  running‐acc=0.775
Locality eval: pred=n/a               gold=n/a  correct=True  running‐acc=0.799
[ 529/600] loss=1.6696  pred=n/a    gold=n/a  running‐acc=0.775
Locality eval: pred=true              gold=true  correct=True  running‐acc=0.800
[ 530/600] loss=1.1776  pred=true   gold=true  running‐acc=0.775
Locality eval: pred=n/a               gold=n/a  correct=True  running‐acc=0.800
[ 531/600] loss=1.7547  pred=n/a    gold=n/a  running‐acc=0.776
Locality eval: pred=n/a               gold=true  correct=False  running‐acc=0.798
[ 532/600] loss=1.4047  pred=true   gold=true  running‐acc=0.776
Locality eval: pred=n/a               gold=n/a  correct=True  running‐acc=0.799
[ 533/600] loss=1.6442  pred=n/a    gold=n/a  running‐acc=0.777
Locality eval: pred=                  gold=true  correct=False  running‐acc=0.797
[ 534/600] loss=1.3355  pred=true   gold=true  running‐acc=0.777
Locality eval: pred=n/a               gold=n/a  correct=True  running‐acc=0.798
[ 535/600] loss=1.0920  pred=true   gold=true  running‐acc=0.778
Locality eval: pred=n/a               gold=n/a  correct=True  running‐acc=0.798
[ 536/600] loss=1.7209  pred=true   gold=true  running‐acc=0.778
Locality eval: pred=n/a               gold=n/a  correct=True  running‐acc=0.799
[ 537/600] loss=1.3789  pred=n/a    gold=n/a  running‐acc=0.778
Locality eval: pred=true              gold=true  correct=True  running‐acc=0.799
[ 538/600] loss=1.4948  pred=true   gold=true  running‐acc=0.779
Locality eval: pred=n/a               gold=n/a  correct=True  running‐acc=0.799
[ 539/600] loss=1.1935  pred=true   gold=true  running‐acc=0.779
Locality eval: pred=n/a               gold=n/a  correct=True  running‐acc=0.800
[ 540/600] loss=1.7913  pred=n/a    gold=n/a  running‐acc=0.780
Locality eval: pred=n/a               gold=true  correct=False  running‐acc=0.798
[ 541/600] loss=1.6287  pred=n/a    gold=n/a  running‐acc=0.780
Locality eval: pred=n/a               gold=true  correct=False  running‐acc=0.797
[ 542/600] loss=1.4264  pred=n/a    gold=n/a  running‐acc=0.780
Locality eval: pred=n/a               gold=true  correct=False  running‐acc=0.795
[ 543/600] loss=1.5427  pred=n/a    gold=n/a  running‐acc=0.781
Locality eval: pred=true              gold=true  correct=True  running‐acc=0.796
[ 544/600] loss=1.6915  pred=n/a    gold=n/a  running‐acc=0.781
Locality eval: pred=true              gold=true  correct=True  running‐acc=0.796
[ 545/600] loss=1.4890  pred=n/a    gold=true  running‐acc=0.780
Locality eval: pred=n/a               gold=n/a  correct=True  running‐acc=0.796
[ 546/600] loss=1.6757  pred=n/a    gold=n/a  running‐acc=0.780
Locality eval: pred=true              gold=true  correct=True  running‐acc=0.797
[ 547/600] loss=1.2802  pred=true   gold=true  running‐acc=0.781
Locality eval: pred=n/a               gold=n/a  correct=True  running‐acc=0.797
[ 548/600] loss=1.2086  pred=true   gold=true  running‐acc=0.781
Locality eval: pred=n/a               gold=n/a  correct=True  running‐acc=0.797
[ 549/600] loss=1.0998  pred=n/a    gold=true  running‐acc=0.780
Locality eval: pred=n/a               gold=n/a  correct=True  running‐acc=0.798
[ 550/600] loss=1.2967  pred=n/a    gold=n/a  running‐acc=0.780
Locality eval: pred=n/a               gold=true  correct=False  running‐acc=0.796
[ 551/600] loss=1.1879  pred=true   gold=true  running‐acc=0.780
Locality eval: pred=n/a               gold=n/a  correct=True  running‐acc=0.797
[ 552/600] loss=1.1672  pred=false.  gold=n/a  running‐acc=0.779
Locality eval: pred=true              gold=true  correct=True  running‐acc=0.797
[ 553/600] loss=1.6354  pred=n/a    gold=n/a  running‐acc=0.779
Locality eval: pred=n/a               gold=true  correct=False  running‐acc=0.796
[ 554/600] loss=1.1396  pred=n/a    gold=true  running‐acc=0.778
Locality eval: pred=n/a               gold=n/a  correct=True  running‐acc=0.796
[ 555/600] loss=1.3273  pred=n/a    gold=n/a  running‐acc=0.778
Locality eval: pred=true              gold=true  correct=True  running‐acc=0.796
[ 556/600] loss=1.4895  pred=n/a    gold=n/a  running‐acc=0.779
Locality eval: pred=true              gold=true  correct=True  running‐acc=0.797
[ 557/600] loss=1.5641  pred=n/a    gold=n/a  running‐acc=0.779
Locality eval: pred=true              gold=true  correct=True  running‐acc=0.797
[ 558/600] loss=1.3319  pred=true   gold=true  running‐acc=0.780
Locality eval: pred=n/a               gold=n/a  correct=True  running‐acc=0.797
[ 559/600] loss=1.3984  pred=true   gold=true  running‐acc=0.780
Locality eval: pred=n/a               gold=n/a  correct=True  running‐acc=0.798
[ 560/600] loss=1.4256  pred=n/a    gold=n/a  running‐acc=0.780
Locality eval: pred=n/a               gold=true  correct=False  running‐acc=0.796
[ 561/600] loss=1.2073  pred=true   gold=true  running‐acc=0.781
Locality eval: pred=n/a               gold=n/a  correct=True  running‐acc=0.797
[ 562/600] loss=0.3245  pred=true   gold=true  running‐acc=0.781
Locality eval: pred=n/a               gold=n/a  correct=True  running‐acc=0.797
[ 563/600] loss=1.6093  pred=n/a    gold=n/a  running‐acc=0.782
Locality eval: pred=n/a               gold=true  correct=False  running‐acc=0.796
[ 564/600] loss=1.1892  pred=n/a    gold=true  running‐acc=0.780
Locality eval: pred=n/a               gold=n/a  correct=True  running‐acc=0.796
[ 565/600] loss=1.1079  pred=n/a    gold=n/a  running‐acc=0.781
Locality eval: pred=true              gold=true  correct=True  running‐acc=0.796
[ 566/600] loss=1.0782  pred=true   gold=true  running‐acc=0.781
Locality eval: pred=n/a               gold=n/a  correct=True  running‐acc=0.797
[ 567/600] loss=1.7191  pred=true   gold=true  running‐acc=0.781
Locality eval: pred=n/a               gold=n/a  correct=True  running‐acc=0.797
[ 568/600] loss=1.6440  pred=n/a    gold=n/a  running‐acc=0.782
Locality eval: pred=true              gold=true  correct=True  running‐acc=0.798
[ 569/600] loss=1.3490  pred=true   gold=true  running‐acc=0.782
Locality eval: pred=n/a               gold=n/a  correct=True  running‐acc=0.798
[ 570/600] loss=1.5027  pred=true   gold=true  running‐acc=0.782
Locality eval: pred=n/a               gold=n/a  correct=True  running‐acc=0.798
[ 571/600] loss=0.3606  pred=n/a    gold=true  running‐acc=0.781
Locality eval: pred=n/a               gold=n/a  correct=True  running‐acc=0.799
[ 572/600] loss=1.3842  pred=true   gold=true  running‐acc=0.781
Locality eval: pred=n/a               gold=n/a  correct=True  running‐acc=0.799
[ 573/600] loss=2.1492  pred=true   gold=true  running‐acc=0.782
Locality eval: pred=n/a               gold=n/a  correct=True  running‐acc=0.799
[ 574/600] loss=1.1619  pred=n/a    gold=true  running‐acc=0.780
Locality eval: pred=n/a               gold=n/a  correct=True  running‐acc=0.800
[ 575/600] loss=1.6915  pred=n/a    gold=true  running‐acc=0.779
Locality eval: pred=n/a               gold=n/a  correct=True  running‐acc=0.800
[ 576/600] loss=1.6006  pred=true   gold=true  running‐acc=0.780
Locality eval: pred=n/a               gold=n/a  correct=True  running‐acc=0.800
[ 577/600] loss=0.6204  pred=true   gold=true  running‐acc=0.780
Locality eval: pred=n/a               gold=n/a  correct=True  running‐acc=0.801
[ 578/600] loss=1.3050  pred=n/a    gold=n/a  running‐acc=0.780
Locality eval: pred=true              gold=true  correct=True  running‐acc=0.801
[ 579/600] loss=1.1151  pred=n/a    gold=true  running‐acc=0.779
Locality eval: pred=n/a               gold=n/a  correct=True  running‐acc=0.801
[ 580/600] loss=1.1187  pred=n/a    gold=n/a  running‐acc=0.779
Locality eval: pred=true              gold=true  correct=True  running‐acc=0.802
[ 581/600] loss=1.6415  pred=n/a    gold=n/a  running‐acc=0.780
Locality eval: pred=true              gold=true  correct=True  running‐acc=0.802
[ 582/600] loss=1.6431  pred=n/a    gold=n/a  running‐acc=0.780
Locality eval: pred=true              gold=true  correct=True  running‐acc=0.802
[ 583/600] loss=1.6151  pred=n/a    gold=n/a  running‐acc=0.780
Locality eval: pred=true              gold=true  correct=True  running‐acc=0.803
[ 584/600] loss=1.5010  pred=n/a    gold=n/a  running‐acc=0.781
Locality eval: pred=true              gold=true  correct=True  running‐acc=0.803
[ 585/600] loss=1.0537  pred=false.  gold=n/a  running‐acc=0.779
Locality eval: pred=true              gold=true  correct=True  running‐acc=0.803
[ 586/600] loss=0.7244  pred=       gold=n/a  running‐acc=0.778
Locality eval: pred=true              gold=true  correct=True  running‐acc=0.804
[ 587/600] loss=1.2357  pred=true   gold=true  running‐acc=0.779
Locality eval: pred=n/a               gold=n/a  correct=True  running‐acc=0.804
[ 588/600] loss=0.8809  pred=true   gold=true  running‐acc=0.779
Locality eval: pred=n/a               gold=n/a  correct=True  running‐acc=0.804
[ 589/600] loss=1.1421  pred=true   gold=true  running‐acc=0.779
Locality eval: pred=n/a               gold=n/a  correct=True  running‐acc=0.805
[ 590/600] loss=1.3210  pred=true   gold=true  running‐acc=0.780
Locality eval: pred=n/a               gold=n/a  correct=True  running‐acc=0.805
[ 591/600] loss=1.5156  pred=n/a    gold=true  running‐acc=0.778
Locality eval: pred=n/a               gold=n/a  correct=True  running‐acc=0.805
[ 592/600] loss=1.9015  pred=       gold=n/a  running‐acc=0.777
Locality eval: pred=true              gold=true  correct=True  running‐acc=0.806
[ 593/600] loss=1.5520  pred=true   gold=true  running‐acc=0.777
Locality eval: pred=n/a               gold=n/a  correct=True  running‐acc=0.806
[ 594/600] loss=0.2383  pred=true   gold=n/a  running‐acc=0.776
Locality eval: pred=true              gold=true  correct=True  running‐acc=0.806
[ 595/600] loss=1.4023  pred=n/a    gold=true  running‐acc=0.775
Locality eval: pred=n/a               gold=n/a  correct=True  running‐acc=0.807
[ 596/600] loss=1.4142  pred=true   gold=n/a  running‐acc=0.773
Locality eval: pred=true              gold=true  correct=True  running‐acc=0.807
[ 597/600] loss=1.8196  pred=n/a    gold=n/a  running‐acc=0.774
Locality eval: pred=true              gold=true  correct=True  running‐acc=0.807
[ 598/600] loss=0.9873  pred=n/a    gold=true  running‐acc=0.773
Locality eval: pred=n/a               gold=n/a  correct=True  running‐acc=0.808
[ 599/600] loss=0.3624  pred=true.  gold=true  running‐acc=0.773
Locality eval: pred=n/a               gold=n/a  correct=True  running‐acc=0.808
[ 600/600] loss=1.3005  pred=n/a    gold=n/a  running‐acc=0.773
Locality eval: pred=true              gold=true  correct=True  running‐acc=0.808

Finished in 1451.6s.  Final accuracy: 0.773.

