
Loading base model (4‐bit)…
Loading checkpoint shards:   0%|          | 0/2 [00:00<?, ?it/s]Loading checkpoint shards:  50%|█████     | 1/2 [00:00<00:00,  5.65it/s]Loading checkpoint shards: 100%|██████████| 2/2 [00:00<00:00, 10.57it/s]
trainable params: 8,388,608 || all params: 6,746,804,224 || trainable%: 0.1243
  0%|          | 0/600 [00:00<?, ?it/s]100%|██████████| 600/600 [00:00<00:00, 30309.31it/s]
/project/uvadm/zhenyu/miniconda3/envs/mechanistic/lib/python3.10/site-packages/transformers/generation/configuration_utils.py:631: UserWarning: `do_sample` is set to `False`. However, `temperature` is set to `0.6` -- this flag is only used in sample-based generation modes. You should set `do_sample=True` or unset `temperature`.
  warnings.warn(
/project/uvadm/zhenyu/miniconda3/envs/mechanistic/lib/python3.10/site-packages/transformers/generation/configuration_utils.py:636: UserWarning: `do_sample` is set to `False`. However, `top_p` is set to `0.9` -- this flag is only used in sample-based generation modes. You should set `do_sample=True` or unset `top_p`.
  warnings.warn(
Loaded 600 (train, eval) pairs.

Starting sequential training…
Cached 128 LoRA tensors.
[   1/600] loss=2.7644  pred=true   gold=true  running‐acc=1.000
Locality eval: pred=n/a               gold=n/a  correct=True  running‐acc=1.000
[   2/600] loss=2.8636  pred=true.  gold=true  running‐acc=1.000
Locality eval: pred=n/a               gold=n/a  correct=True  running‐acc=1.000
[   3/600] loss=2.4157  pred=n/a    gold=true  running‐acc=0.667
Locality eval: pred=n/a               gold=n/a  correct=True  running‐acc=1.000
[   4/600] loss=3.5209  pred=true   gold=true  running‐acc=0.750
Locality eval: pred=n/a               gold=n/a  correct=True  running‐acc=1.000
[   5/600] loss=2.6628  pred=true   gold=true  running‐acc=0.800
Locality eval: pred=n/a               gold=n/a  correct=True  running‐acc=1.000
[   6/600] loss=3.9430  pred=n/a    gold=true  running‐acc=0.667
Locality eval: pred=true              gold=n/a  correct=False  running‐acc=0.833
[   7/600] loss=2.8041  pred=n/a    gold=n/a  running‐acc=0.714
Locality eval: pred=true              gold=true  correct=True  running‐acc=0.857
[   8/600] loss=2.4994  pred=n/a    gold=n/a  running‐acc=0.750
Locality eval: pred=true              gold=true  correct=True  running‐acc=0.875
[   9/600] loss=3.0818  pred=n/a    gold=true  running‐acc=0.667
Locality eval: pred=n/a               gold=n/a  correct=True  running‐acc=0.889
[  10/600] loss=2.7093  pred=true.  gold=true  running‐acc=0.700
Locality eval: pred=n/a               gold=n/a  correct=True  running‐acc=0.900
[  11/600] loss=2.8985  pred=true   gold=true  running‐acc=0.727
Locality eval: pred=n/a               gold=n/a  correct=True  running‐acc=0.909
[  12/600] loss=3.3641  pred=true   gold=true  running‐acc=0.750
Locality eval: pred=n/a               gold=n/a  correct=True  running‐acc=0.917
[  13/600] loss=2.4941  pred=true   gold=n/a  running‐acc=0.692
Locality eval: pred=true.             gold=true  correct=True  running‐acc=0.923
[  14/600] loss=3.1564  pred=true   gold=n/a  running‐acc=0.643
Locality eval: pred=n/a               gold=true  correct=False  running‐acc=0.857
[  15/600] loss=2.5564  pred=n/a    gold=true  running‐acc=0.600
Locality eval: pred=n/a               gold=n/a  correct=True  running‐acc=0.867
[  16/600] loss=2.5541  pred=n/a    gold=n/a  running‐acc=0.625
Locality eval: pred=true              gold=true  correct=True  running‐acc=0.875
[  17/600] loss=2.8982  pred=n/a    gold=n/a  running‐acc=0.647
Locality eval: pred=true              gold=true  correct=True  running‐acc=0.882
[  18/600] loss=2.6329  pred=true   gold=true  running‐acc=0.667
Locality eval: pred=n/a               gold=n/a  correct=True  running‐acc=0.889
[  19/600] loss=2.6295  pred=true   gold=true  running‐acc=0.684
Locality eval: pred=n/a               gold=n/a  correct=True  running‐acc=0.895
[  20/600] loss=2.8041  pred=true.  gold=n/a  running‐acc=0.650
Locality eval: pred=true              gold=true  correct=True  running‐acc=0.900
[  21/600] loss=2.7135  pred=false.  gold=n/a  running‐acc=0.619
Locality eval: pred=true.             gold=true  correct=True  running‐acc=0.905
[  22/600] loss=3.1681  pred=n/a    gold=n/a  running‐acc=0.636
Locality eval: pred=true              gold=true  correct=True  running‐acc=0.909
[  23/600] loss=3.0344  pred=true   gold=n/a  running‐acc=0.609
Locality eval: pred=n/a               gold=true  correct=False  running‐acc=0.870
[  24/600] loss=2.5140  pred=true   gold=n/a  running‐acc=0.583
Locality eval: pred=true              gold=true  correct=True  running‐acc=0.875
[  25/600] loss=4.0500  pred=true   gold=true  running‐acc=0.600
Locality eval: pred=n/a               gold=n/a  correct=True  running‐acc=0.880
[  26/600] loss=2.7385  pred=n/a    gold=n/a  running‐acc=0.615
Locality eval: pred=true.             gold=true  correct=True  running‐acc=0.885
[  27/600] loss=2.7314  pred=false  gold=n/a  running‐acc=0.593
Locality eval: pred=true              gold=true  correct=True  running‐acc=0.889
[  28/600] loss=2.4309  pred=true   gold=n/a  running‐acc=0.571
Locality eval: pred=true              gold=true  correct=True  running‐acc=0.893
[  29/600] loss=3.3787  pred=false.  gold=n/a  running‐acc=0.552
Locality eval: pred=n/a               gold=true  correct=False  running‐acc=0.862
[  30/600] loss=3.0611  pred=n/a    gold=n/a  running‐acc=0.567
Locality eval: pred=true.             gold=true  correct=True  running‐acc=0.867
[  31/600] loss=2.5918  pred=true   gold=true  running‐acc=0.581
Locality eval: pred=n/a               gold=n/a  correct=True  running‐acc=0.871
[  32/600] loss=2.8781  pred=n/a    gold=n/a  running‐acc=0.594
Locality eval: pred=n/a               gold=true  correct=False  running‐acc=0.844
[  33/600] loss=2.8479  pred=n/a    gold=n/a  running‐acc=0.606
Locality eval: pred=true              gold=true  correct=True  running‐acc=0.848
[  34/600] loss=2.4952  pred=true.  gold=n/a  running‐acc=0.588
Locality eval: pred=true              gold=true  correct=True  running‐acc=0.853
[  35/600] loss=2.9652  pred=true   gold=true  running‐acc=0.600
Locality eval: pred=n/a               gold=n/a  correct=True  running‐acc=0.857
[  36/600] loss=2.3427  pred=n/a    gold=n/a  running‐acc=0.611
Locality eval: pred=true.             gold=true  correct=True  running‐acc=0.861
[  37/600] loss=3.1895  pred=true   gold=true  running‐acc=0.622
Locality eval: pred=n/a               gold=n/a  correct=True  running‐acc=0.865
[  38/600] loss=3.3489  pred=false.  gold=n/a  running‐acc=0.605
Locality eval: pred=true              gold=true  correct=True  running‐acc=0.868
[  39/600] loss=3.0250  pred=true   gold=true  running‐acc=0.615
Locality eval: pred=n/a               gold=n/a  correct=True  running‐acc=0.872
[  40/600] loss=3.1404  pred=true   gold=true  running‐acc=0.625
Locality eval: pred=n/a               gold=n/a  correct=True  running‐acc=0.875
[  41/600] loss=2.9936  pred=true   gold=true  running‐acc=0.634
Locality eval: pred=n/a               gold=n/a  correct=True  running‐acc=0.878
[  42/600] loss=2.8937  pred=n/a    gold=n/a  running‐acc=0.643
Locality eval: pred=n/a               gold=true  correct=False  running‐acc=0.857
[  43/600] loss=3.9343  pred=true   gold=true  running‐acc=0.651
Locality eval: pred=n/a               gold=n/a  correct=True  running‐acc=0.860
[  44/600] loss=2.9625  pred=true   gold=n/a  running‐acc=0.636
Locality eval: pred=true              gold=true  correct=True  running‐acc=0.864
[  45/600] loss=2.3903  pred=true   gold=n/a  running‐acc=0.622
Locality eval: pred=true.             gold=true  correct=True  running‐acc=0.867
[  46/600] loss=3.0854  pred=true   gold=true  running‐acc=0.630
Locality eval: pred=n/a               gold=n/a  correct=True  running‐acc=0.870
[  47/600] loss=3.2607  pred=false  gold=true  running‐acc=0.617
Locality eval: pred=n/a               gold=n/a  correct=True  running‐acc=0.872
[  48/600] loss=2.7560  pred=n/a    gold=n/a  running‐acc=0.625
Locality eval: pred=true.             gold=true  correct=True  running‐acc=0.875
[  49/600] loss=3.1243  pred=true   gold=true  running‐acc=0.633
Locality eval: pred=n/a               gold=n/a  correct=True  running‐acc=0.878
[  50/600] loss=2.9398  pred=n/a    gold=n/a  running‐acc=0.640
Locality eval: pred=n/a               gold=true  correct=False  running‐acc=0.860
[  51/600] loss=3.5628  pred=true   gold=true  running‐acc=0.647
Locality eval: pred=n/a               gold=n/a  correct=True  running‐acc=0.863
[  52/600] loss=2.7164  pred=true   gold=true  running‐acc=0.654
Locality eval: pred=n/a               gold=n/a  correct=True  running‐acc=0.865
[  53/600] loss=3.1336  pred=false.  gold=n/a  running‐acc=0.642
Locality eval: pred=n/a               gold=true  correct=False  running‐acc=0.849
[  54/600] loss=3.1594  pred=true   gold=true  running‐acc=0.648
Locality eval: pred=n/a               gold=n/a  correct=True  running‐acc=0.852
[  55/600] loss=3.2743  pred=n/a    gold=n/a  running‐acc=0.655
Locality eval: pred=true              gold=true  correct=True  running‐acc=0.855
[  56/600] loss=2.5265  pred=false.  gold=n/a  running‐acc=0.643
Locality eval: pred=true              gold=true  correct=True  running‐acc=0.857
[  57/600] loss=3.1134  pred=true   gold=true  running‐acc=0.649
Locality eval: pred=n/a               gold=n/a  correct=True  running‐acc=0.860
[  58/600] loss=2.9506  pred=true   gold=true  running‐acc=0.655
Locality eval: pred=n/a               gold=n/a  correct=True  running‐acc=0.862
[  59/600] loss=2.8883  pred=true.  gold=true  running‐acc=0.661
Locality eval: pred=n/a               gold=n/a  correct=True  running‐acc=0.864
[  60/600] loss=3.1165  pred=true   gold=true  running‐acc=0.667
Locality eval: pred=n/a               gold=n/a  correct=True  running‐acc=0.867
[  61/600] loss=2.7501  pred=true   gold=true  running‐acc=0.672
Locality eval: pred=n/a               gold=n/a  correct=True  running‐acc=0.869
[  62/600] loss=3.3092  pred=n/a    gold=true  running‐acc=0.661
Locality eval: pred=n/a               gold=n/a  correct=True  running‐acc=0.871
[  63/600] loss=2.9714  pred=n/a    gold=n/a  running‐acc=0.667
Locality eval: pred=true              gold=true  correct=True  running‐acc=0.873
[  64/600] loss=2.8251  pred=false.  gold=n/a  running‐acc=0.656
Locality eval: pred=true              gold=true  correct=True  running‐acc=0.875
[  65/600] loss=3.1084  pred=n/a    gold=n/a  running‐acc=0.662
Locality eval: pred=true.             gold=true  correct=True  running‐acc=0.877
[  66/600] loss=2.9493  pred=true   gold=true  running‐acc=0.667
Locality eval: pred=n/a               gold=n/a  correct=True  running‐acc=0.879
[  67/600] loss=3.1999  pred=true   gold=true  running‐acc=0.672
Locality eval: pred=n/a               gold=n/a  correct=True  running‐acc=0.881
[  68/600] loss=3.1950  pred=true   gold=true  running‐acc=0.676
Locality eval: pred=n/a               gold=n/a  correct=True  running‐acc=0.882
[  69/600] loss=3.0736  pred=n/a    gold=n/a  running‐acc=0.681
Locality eval: pred=true              gold=true  correct=True  running‐acc=0.884
[  70/600] loss=2.9948  pred=n/a    gold=n/a  running‐acc=0.686
Locality eval: pred=n/a               gold=true  correct=False  running‐acc=0.871
[  71/600] loss=2.9694  pred=n/a    gold=n/a  running‐acc=0.690
Locality eval: pred=n/a               gold=true  correct=False  running‐acc=0.859
[  72/600] loss=2.9472  pred=n/a    gold=n/a  running‐acc=0.694
Locality eval: pred=true.             gold=true  correct=True  running‐acc=0.861
[  73/600] loss=3.3946  pred=true   gold=true  running‐acc=0.699
Locality eval: pred=n/a               gold=n/a  correct=True  running‐acc=0.863
[  74/600] loss=3.1016  pred=false  gold=n/a  running‐acc=0.689
Locality eval: pred=true              gold=true  correct=True  running‐acc=0.865
[  75/600] loss=3.1089  pred=true   gold=n/a  running‐acc=0.680
Locality eval: pred=true              gold=true  correct=True  running‐acc=0.867
[  76/600] loss=3.3054  pred=true   gold=true  running‐acc=0.684
Locality eval: pred=n/a               gold=n/a  correct=True  running‐acc=0.868
[  77/600] loss=3.4423  pred=true.  gold=true  running‐acc=0.688
Locality eval: pred=n/a               gold=n/a  correct=True  running‐acc=0.870
[  78/600] loss=2.8598  pred=false  gold=n/a  running‐acc=0.679
Locality eval: pred=true              gold=true  correct=True  running‐acc=0.872
[  79/600] loss=3.3091  pred=true   gold=true  running‐acc=0.684
Locality eval: pred=n/a               gold=n/a  correct=True  running‐acc=0.873
[  80/600] loss=2.6453  pred=false.  gold=n/a  running‐acc=0.675
Locality eval: pred=true.             gold=true  correct=True  running‐acc=0.875
[  81/600] loss=3.1525  pred=n/a    gold=n/a  running‐acc=0.679
Locality eval: pred=true              gold=true  correct=True  running‐acc=0.877
[  82/600] loss=3.2102  pred=true.  gold=true  running‐acc=0.683
Locality eval: pred=n/a               gold=n/a  correct=True  running‐acc=0.878
[  83/600] loss=3.3896  pred=true.  gold=n/a  running‐acc=0.675
Locality eval: pred=true              gold=true  correct=True  running‐acc=0.880
[  84/600] loss=3.3390  pred=true   gold=true  running‐acc=0.679
Locality eval: pred=n/a               gold=n/a  correct=True  running‐acc=0.881
[  85/600] loss=2.3685  pred=n/a    gold=n/a  running‐acc=0.682
Locality eval: pred=true              gold=true  correct=True  running‐acc=0.882
[  86/600] loss=2.6482  pred=n/a    gold=n/a  running‐acc=0.686
Locality eval: pred=true              gold=true  correct=True  running‐acc=0.884
[  87/600] loss=3.1234  pred=true.  gold=n/a  running‐acc=0.678
Locality eval: pred=true              gold=true  correct=True  running‐acc=0.885
[  88/600] loss=2.9711  pred=true   gold=true  running‐acc=0.682
Locality eval: pred=n/a               gold=n/a  correct=True  running‐acc=0.886
[  89/600] loss=2.7517  pred=n/a    gold=true  running‐acc=0.674
Locality eval: pred=n/a               gold=n/a  correct=True  running‐acc=0.888
[  90/600] loss=2.1089  pred=false.  gold=n/a  running‐acc=0.667
Locality eval: pred=n/a               gold=true  correct=False  running‐acc=0.878
[  91/600] loss=2.2447  pred=n/a    gold=n/a  running‐acc=0.670
Locality eval: pred=true              gold=true  correct=True  running‐acc=0.879
[  92/600] loss=2.4766  pred=false.  gold=true  running‐acc=0.663
Locality eval: pred=n/a               gold=n/a  correct=True  running‐acc=0.880
[  93/600] loss=2.4874  pred=n/a    gold=n/a  running‐acc=0.667
Locality eval: pred=true              gold=true  correct=True  running‐acc=0.882
[  94/600] loss=2.9803  pred=false.  gold=n/a  running‐acc=0.660
Locality eval: pred=true.             gold=true  correct=True  running‐acc=0.883
[  95/600] loss=3.0694  pred=true.  gold=true  running‐acc=0.663
Locality eval: pred=n/a               gold=n/a  correct=True  running‐acc=0.884
[  96/600] loss=2.5587  pred=n/a    gold=n/a  running‐acc=0.667
Locality eval: pred=true.             gold=true  correct=True  running‐acc=0.885
[  97/600] loss=1.8513  pred=false.  gold=n/a  running‐acc=0.660
Locality eval: pred=true.             gold=true  correct=True  running‐acc=0.887
[  98/600] loss=2.8063  pred=n/a    gold=n/a  running‐acc=0.663
Locality eval: pred=true.             gold=true  correct=True  running‐acc=0.888
[  99/600] loss=3.1728  pred=true   gold=true  running‐acc=0.667
Locality eval: pred=n/a               gold=n/a  correct=True  running‐acc=0.889
[ 100/600] loss=3.1798  pred=true.  gold=true  running‐acc=0.670
Locality eval: pred=n/a               gold=n/a  correct=True  running‐acc=0.890
[ 101/600] loss=2.8461  pred=n/a    gold=n/a  running‐acc=0.673
Locality eval: pred=n/a               gold=true  correct=False  running‐acc=0.881
[ 102/600] loss=3.2563  pred=false.  gold=true  running‐acc=0.667
Locality eval: pred=n/a               gold=n/a  correct=True  running‐acc=0.882
[ 103/600] loss=3.0469  pred=true   gold=n/a  running‐acc=0.660
Locality eval: pred=true              gold=true  correct=True  running‐acc=0.883
[ 104/600] loss=3.0530  pred=n/a    gold=true  running‐acc=0.654
Locality eval: pred=n/a               gold=n/a  correct=True  running‐acc=0.885
[ 105/600] loss=3.4015  pred=false.  gold=true  running‐acc=0.648
Locality eval: pred=n/a               gold=n/a  correct=True  running‐acc=0.886
[ 106/600] loss=2.9487  pred=true   gold=true  running‐acc=0.651
Locality eval: pred=n/a               gold=n/a  correct=True  running‐acc=0.887
[ 107/600] loss=3.8510  pred=true   gold=true  running‐acc=0.654
Locality eval: pred=n/a               gold=n/a  correct=True  running‐acc=0.888
[ 108/600] loss=3.2674  pred=true   gold=true  running‐acc=0.657
Locality eval: pred=n/a               gold=n/a  correct=True  running‐acc=0.889
[ 109/600] loss=2.5066  pred=true   gold=true  running‐acc=0.661
Locality eval: pred=n/a               gold=n/a  correct=True  running‐acc=0.890
[ 110/600] loss=3.6440  pred=true   gold=true  running‐acc=0.664
Locality eval: pred=n/a               gold=n/a  correct=True  running‐acc=0.891
[ 111/600] loss=3.0914  pred=true   gold=true  running‐acc=0.667
Locality eval: pred=n/a               gold=n/a  correct=True  running‐acc=0.892
[ 112/600] loss=3.5507  pred=true   gold=true  running‐acc=0.670
Locality eval: pred=n/a               gold=n/a  correct=True  running‐acc=0.893
[ 113/600] loss=2.4392  pred=n/a    gold=n/a  running‐acc=0.673
Locality eval: pred=n/a               gold=true  correct=False  running‐acc=0.885
[ 114/600] loss=2.5991  pred=n/a    gold=n/a  running‐acc=0.675
Locality eval: pred=n/a               gold=true  correct=False  running‐acc=0.877
[ 115/600] loss=2.8511  pred=n/a    gold=n/a  running‐acc=0.678
Locality eval: pred=n/a               gold=true  correct=False  running‐acc=0.870
[ 116/600] loss=2.7372  pred=true   gold=true  running‐acc=0.681
Locality eval: pred=n/a               gold=n/a  correct=True  running‐acc=0.871
[ 117/600] loss=2.5840  pred=false  gold=n/a  running‐acc=0.675
Locality eval: pred=n/a               gold=true  correct=False  running‐acc=0.863
[ 118/600] loss=2.7029  pred=true   gold=n/a  running‐acc=0.669
Locality eval: pred=true.             gold=true  correct=True  running‐acc=0.864
[ 119/600] loss=3.0825  pred=n/a    gold=n/a  running‐acc=0.672
Locality eval: pred=n/a               gold=true  correct=False  running‐acc=0.857
[ 120/600] loss=2.1808  pred=false.  gold=n/a  running‐acc=0.667
Locality eval: pred=true.             gold=true  correct=True  running‐acc=0.858
[ 121/600] loss=3.2274  pred=true   gold=true  running‐acc=0.669
Locality eval: pred=n/a               gold=n/a  correct=True  running‐acc=0.860
[ 122/600] loss=2.9157  pred=true.  gold=true  running‐acc=0.672
Locality eval: pred=n/a               gold=n/a  correct=True  running‐acc=0.861
[ 123/600] loss=2.8998  pred=false.  gold=n/a  running‐acc=0.667
Locality eval: pred=true              gold=true  correct=True  running‐acc=0.862
[ 124/600] loss=2.5350  pred=n/a    gold=n/a  running‐acc=0.669
Locality eval: pred=true              gold=true  correct=True  running‐acc=0.863
[ 125/600] loss=3.3323  pred=n/a    gold=n/a  running‐acc=0.672
Locality eval: pred=true              gold=true  correct=True  running‐acc=0.864
[ 126/600] loss=2.9224  pred=true   gold=true  running‐acc=0.675
Locality eval: pred=n/a               gold=n/a  correct=True  running‐acc=0.865
[ 127/600] loss=2.7277  pred=true   gold=true  running‐acc=0.677
Locality eval: pred=n/a               gold=n/a  correct=True  running‐acc=0.866
[ 128/600] loss=2.7970  pred=n/a    gold=n/a  running‐acc=0.680
Locality eval: pred=true.             gold=true  correct=True  running‐acc=0.867
[ 129/600] loss=3.4159  pred=true   gold=true  running‐acc=0.682
Locality eval: pred=n/a               gold=n/a  correct=True  running‐acc=0.868
[ 130/600] loss=3.3774  pred=false.  gold=n/a  running‐acc=0.677
Locality eval: pred=true              gold=true  correct=True  running‐acc=0.869
[ 131/600] loss=3.2442  pred=true   gold=true  running‐acc=0.679
Locality eval: pred=n/a               gold=n/a  correct=True  running‐acc=0.870
[ 132/600] loss=2.5408  pred=n/a    gold=n/a  running‐acc=0.682
Locality eval: pred=true              gold=true  correct=True  running‐acc=0.871
[ 133/600] loss=2.8892  pred=n/a    gold=n/a  running‐acc=0.684
Locality eval: pred=true              gold=true  correct=True  running‐acc=0.872
[ 134/600] loss=3.2158  pred=true   gold=true  running‐acc=0.687
Locality eval: pred=n/a               gold=n/a  correct=True  running‐acc=0.873
[ 135/600] loss=3.0599  pred=true   gold=true  running‐acc=0.689
Locality eval: pred=n/a               gold=n/a  correct=True  running‐acc=0.874
[ 136/600] loss=2.6418  pred=n/a    gold=n/a  running‐acc=0.691
Locality eval: pred=true              gold=true  correct=True  running‐acc=0.875
[ 137/600] loss=3.2574  pred=true   gold=true  running‐acc=0.693
Locality eval: pred=n/a               gold=n/a  correct=True  running‐acc=0.876
[ 138/600] loss=3.2226  pred=false.  gold=true  running‐acc=0.688
Locality eval: pred=true              gold=n/a  correct=False  running‐acc=0.870
[ 139/600] loss=2.4182  pred=n/a    gold=n/a  running‐acc=0.691
Locality eval: pred=true              gold=true  correct=True  running‐acc=0.871
[ 140/600] loss=2.6428  pred=n/a    gold=n/a  running‐acc=0.693
Locality eval: pred=true.             gold=true  correct=True  running‐acc=0.871
[ 141/600] loss=2.6677  pred=false.  gold=n/a  running‐acc=0.688
Locality eval: pred=true.             gold=true  correct=True  running‐acc=0.872
[ 142/600] loss=2.3917  pred=n/a    gold=n/a  running‐acc=0.690
Locality eval: pred=n/a               gold=true  correct=False  running‐acc=0.866
[ 143/600] loss=2.4828  pred=true   gold=true  running‐acc=0.692
Locality eval: pred=n/a               gold=n/a  correct=True  running‐acc=0.867
[ 144/600] loss=3.2476  pred=true   gold=true  running‐acc=0.694
Locality eval: pred=n/a               gold=n/a  correct=True  running‐acc=0.868
[ 145/600] loss=2.8519  pred=true.  gold=true  running‐acc=0.697
Locality eval: pred=n/a               gold=n/a  correct=True  running‐acc=0.869
[ 146/600] loss=3.3016  pred=true   gold=true  running‐acc=0.699
Locality eval: pred=n/a               gold=n/a  correct=True  running‐acc=0.870
[ 147/600] loss=2.9021  pred=n/a    gold=n/a  running‐acc=0.701
Locality eval: pred=n/a               gold=true  correct=False  running‐acc=0.864
[ 148/600] loss=2.9334  pred=n/a    gold=true  running‐acc=0.696
Locality eval: pred=n/a               gold=n/a  correct=True  running‐acc=0.865
[ 149/600] loss=2.9188  pred=n/a    gold=n/a  running‐acc=0.698
Locality eval: pred=true              gold=true  correct=True  running‐acc=0.866
[ 150/600] loss=2.3017  pred=n/a    gold=n/a  running‐acc=0.700
Locality eval: pred=true              gold=true  correct=True  running‐acc=0.867
[ 151/600] loss=2.9771  pred=true   gold=true  running‐acc=0.702
Locality eval: pred=n/a               gold=n/a  correct=True  running‐acc=0.868
[ 152/600] loss=3.1795  pred=true   gold=true  running‐acc=0.704
Locality eval: pred=n/a               gold=n/a  correct=True  running‐acc=0.868
[ 153/600] loss=2.8979  pred=n/a    gold=n/a  running‐acc=0.706
Locality eval: pred=true              gold=true  correct=True  running‐acc=0.869
[ 154/600] loss=2.5411  pred=true.  gold=n/a  running‐acc=0.701
Locality eval: pred=true.             gold=true  correct=True  running‐acc=0.870
[ 155/600] loss=2.6709  pred=true   gold=true  running‐acc=0.703
Locality eval: pred=n/a               gold=n/a  correct=True  running‐acc=0.871
[ 156/600] loss=2.6854  pred=n/a    gold=n/a  running‐acc=0.705
Locality eval: pred=true              gold=true  correct=True  running‐acc=0.872
[ 157/600] loss=3.3682  pred=true   gold=true  running‐acc=0.707
Locality eval: pred=n/a               gold=n/a  correct=True  running‐acc=0.873
[ 158/600] loss=2.6102  pred=n/a    gold=n/a  running‐acc=0.709
Locality eval: pred=true.             gold=true  correct=True  running‐acc=0.873
[ 159/600] loss=2.8573  pred=n/a    gold=n/a  running‐acc=0.711
Locality eval: pred=true              gold=true  correct=True  running‐acc=0.874
[ 160/600] loss=3.4353  pred=n/a    gold=n/a  running‐acc=0.713
Locality eval: pred=n/a               gold=true  correct=False  running‐acc=0.869
[ 161/600] loss=3.1984  pred=false.  gold=true  running‐acc=0.708
Locality eval: pred=n/a               gold=n/a  correct=True  running‐acc=0.870
[ 162/600] loss=2.2293  pred=n/a    gold=n/a  running‐acc=0.710
Locality eval: pred=true              gold=true  correct=True  running‐acc=0.870
[ 163/600] loss=2.5022  pred=n/a    gold=n/a  running‐acc=0.712
Locality eval: pred=true              gold=true  correct=True  running‐acc=0.871
[ 164/600] loss=2.8471  pred=n/a    gold=n/a  running‐acc=0.713
Locality eval: pred=true.             gold=true  correct=True  running‐acc=0.872
[ 165/600] loss=2.8927  pred=true   gold=true  running‐acc=0.715
Locality eval: pred=n/a               gold=n/a  correct=True  running‐acc=0.873
[ 166/600] loss=2.7373  pred=true   gold=true  running‐acc=0.717
Locality eval: pred=n/a               gold=n/a  correct=True  running‐acc=0.873
[ 167/600] loss=3.1540  pred=n/a    gold=n/a  running‐acc=0.719
Locality eval: pred=true              gold=true  correct=True  running‐acc=0.874
[ 168/600] loss=3.1643  pred=n/a    gold=true  running‐acc=0.714
Locality eval: pred=n/a               gold=n/a  correct=True  running‐acc=0.875
[ 169/600] loss=2.6363  pred=false.  gold=n/a  running‐acc=0.710
Locality eval: pred=true              gold=true  correct=True  running‐acc=0.876
[ 170/600] loss=2.9102  pred=n/a    gold=n/a  running‐acc=0.712
Locality eval: pred=true.             gold=true  correct=True  running‐acc=0.876
[ 171/600] loss=2.0390  pred=false  gold=n/a  running‐acc=0.708
Locality eval: pred=true.             gold=true  correct=True  running‐acc=0.877
[ 172/600] loss=2.8499  pred=true.  gold=true  running‐acc=0.709
Locality eval: pred=n/a               gold=n/a  correct=True  running‐acc=0.878
[ 173/600] loss=3.0294  pred=true   gold=n/a  running‐acc=0.705
Locality eval: pred=true              gold=true  correct=True  running‐acc=0.879
[ 174/600] loss=3.4331  pred=true.  gold=true  running‐acc=0.707
Locality eval: pred=n/a               gold=n/a  correct=True  running‐acc=0.879
[ 175/600] loss=3.5476  pred=true   gold=true  running‐acc=0.709
Locality eval: pred=n/a               gold=n/a  correct=True  running‐acc=0.880
[ 176/600] loss=3.3337  pred=false.  gold=n/a  running‐acc=0.705
Locality eval: pred=true.             gold=true  correct=True  running‐acc=0.881
[ 177/600] loss=3.5567  pred=true   gold=true  running‐acc=0.706
Locality eval: pred=n/a               gold=n/a  correct=True  running‐acc=0.881
[ 178/600] loss=3.4451  pred=false.  gold=n/a  running‐acc=0.702
Locality eval: pred=n/a               gold=true  correct=False  running‐acc=0.876
[ 179/600] loss=2.8770  pred=true.  gold=n/a  running‐acc=0.698
Locality eval: pred=true              gold=true  correct=True  running‐acc=0.877
[ 180/600] loss=3.0636  pred=n/a    gold=true  running‐acc=0.694
Locality eval: pred=n/a               gold=n/a  correct=True  running‐acc=0.878
[ 181/600] loss=3.0485  pred=n/a    gold=n/a  running‐acc=0.696
Locality eval: pred=true              gold=true  correct=True  running‐acc=0.878
[ 182/600] loss=2.2947  pred=n/a    gold=n/a  running‐acc=0.698
Locality eval: pred=true              gold=true  correct=True  running‐acc=0.879
[ 183/600] loss=3.3821  pred=true.  gold=true  running‐acc=0.699
Locality eval: pred=n/a               gold=n/a  correct=True  running‐acc=0.880
[ 184/600] loss=2.9692  pred=true   gold=true  running‐acc=0.701
Locality eval: pred=n/a               gold=n/a  correct=True  running‐acc=0.880
[ 185/600] loss=3.6272  pred=true   gold=true  running‐acc=0.703
Locality eval: pred=n/a               gold=n/a  correct=True  running‐acc=0.881
[ 186/600] loss=3.4925  pred=true   gold=true  running‐acc=0.704
Locality eval: pred=n/a               gold=n/a  correct=True  running‐acc=0.882
[ 187/600] loss=2.5313  pred=true   gold=n/a  running‐acc=0.701
Locality eval: pred=true              gold=true  correct=True  running‐acc=0.882
[ 188/600] loss=2.8502  pred=n/a    gold=n/a  running‐acc=0.702
Locality eval: pred=true              gold=true  correct=True  running‐acc=0.883
[ 189/600] loss=2.3663  pred=true   gold=true  running‐acc=0.704
Locality eval: pred=n/a               gold=n/a  correct=True  running‐acc=0.884
[ 190/600] loss=2.4788  pred=true.  gold=n/a  running‐acc=0.700
Locality eval: pred=n/a               gold=true  correct=False  running‐acc=0.879
[ 191/600] loss=2.5790  pred=n/a    gold=n/a  running‐acc=0.702
Locality eval: pred=true              gold=true  correct=True  running‐acc=0.880
[ 192/600] loss=3.6942  pred=n/a    gold=n/a  running‐acc=0.703
Locality eval: pred=n/a               gold=true  correct=False  running‐acc=0.875
[ 193/600] loss=3.6915  pred=true   gold=true  running‐acc=0.705
Locality eval: pred=n/a               gold=n/a  correct=True  running‐acc=0.876
[ 194/600] loss=3.0660  pred=n/a    gold=true  running‐acc=0.701
Locality eval: pred=n/a               gold=n/a  correct=True  running‐acc=0.876
[ 195/600] loss=2.9621  pred=true.  gold=true  running‐acc=0.703
Locality eval: pred=n/a               gold=n/a  correct=True  running‐acc=0.877
[ 196/600] loss=3.3316  pred=n/a    gold=true  running‐acc=0.699
Locality eval: pred=n/a               gold=n/a  correct=True  running‐acc=0.878
[ 197/600] loss=2.8180  pred=true   gold=true  running‐acc=0.701
Locality eval: pred=n/a               gold=n/a  correct=True  running‐acc=0.878
[ 198/600] loss=3.1030  pred=n/a    gold=n/a  running‐acc=0.702
Locality eval: pred=true              gold=true  correct=True  running‐acc=0.879
[ 199/600] loss=3.8983  pred=true   gold=true  running‐acc=0.704
Locality eval: pred=n/a               gold=n/a  correct=True  running‐acc=0.879
[ 200/600] loss=3.2749  pred=true   gold=true  running‐acc=0.705
Locality eval: pred=n/a               gold=n/a  correct=True  running‐acc=0.880
[ 201/600] loss=3.0530  pred=n/a    gold=n/a  running‐acc=0.706
Locality eval: pred=true              gold=true  correct=True  running‐acc=0.881
[ 202/600] loss=2.5898  pred=n/a    gold=n/a  running‐acc=0.708
Locality eval: pred=true.             gold=true  correct=True  running‐acc=0.881
[ 203/600] loss=3.3855  pred=true   gold=true  running‐acc=0.709
Locality eval: pred=n/a               gold=n/a  correct=True  running‐acc=0.882
[ 204/600] loss=1.5408  pred=true   gold=n/a  running‐acc=0.706
Locality eval: pred=true.             gold=true  correct=True  running‐acc=0.882
[ 205/600] loss=3.3235  pred=true   gold=true  running‐acc=0.707
Locality eval: pred=false.            gold=n/a  correct=False  running‐acc=0.878
[ 206/600] loss=2.6046  pred=n/a    gold=n/a  running‐acc=0.709
Locality eval: pred=true.             gold=true  correct=True  running‐acc=0.879
[ 207/600] loss=2.6453  pred=true   gold=n/a  running‐acc=0.705
Locality eval: pred=true              gold=true  correct=True  running‐acc=0.879
[ 208/600] loss=2.1623  pred=true   gold=true  running‐acc=0.707
Locality eval: pred=n/a               gold=n/a  correct=True  running‐acc=0.880
[ 209/600] loss=2.8623  pred=n/a    gold=n/a  running‐acc=0.708
Locality eval: pred=true              gold=true  correct=True  running‐acc=0.880
[ 210/600] loss=3.1592  pred=n/a    gold=n/a  running‐acc=0.710
Locality eval: pred=true              gold=true  correct=True  running‐acc=0.881
[ 211/600] loss=3.3541  pred=true   gold=true  running‐acc=0.711
Locality eval: pred=n/a               gold=n/a  correct=True  running‐acc=0.882
[ 212/600] loss=2.9881  pred=n/a    gold=n/a  running‐acc=0.712
Locality eval: pred=true              gold=true  correct=True  running‐acc=0.882
[ 213/600] loss=3.7411  pred=true   gold=true  running‐acc=0.714
Locality eval: pred=n/a               gold=n/a  correct=True  running‐acc=0.883
[ 214/600] loss=2.2790  pred=n/a    gold=n/a  running‐acc=0.715
Locality eval: pred=true.             gold=true  correct=True  running‐acc=0.883
[ 215/600] loss=3.2119  pred=true   gold=true  running‐acc=0.716
Locality eval: pred=n/a               gold=n/a  correct=True  running‐acc=0.884
[ 216/600] loss=2.6457  pred=n/a    gold=n/a  running‐acc=0.718
Locality eval: pred=true.             gold=true  correct=True  running‐acc=0.884
[ 217/600] loss=2.9236  pred=true   gold=true  running‐acc=0.719
Locality eval: pred=n/a               gold=n/a  correct=True  running‐acc=0.885
[ 218/600] loss=3.0081  pred=n/a    gold=n/a  running‐acc=0.720
Locality eval: pred=true.             gold=true  correct=True  running‐acc=0.885
[ 219/600] loss=3.2747  pred=true   gold=true  running‐acc=0.721
Locality eval: pred=n/a               gold=n/a  correct=True  running‐acc=0.886
[ 220/600] loss=3.3726  pred=true   gold=n/a  running‐acc=0.718
Locality eval: pred=true              gold=true  correct=True  running‐acc=0.886
[ 221/600] loss=2.8478  pred=n/a    gold=n/a  running‐acc=0.719
Locality eval: pred=true              gold=true  correct=True  running‐acc=0.887
[ 222/600] loss=3.6542  pred=n/a    gold=n/a  running‐acc=0.721
Locality eval: pred=true              gold=true  correct=True  running‐acc=0.887
[ 223/600] loss=3.0814  pred=n/a    gold=n/a  running‐acc=0.722
Locality eval: pred=true              gold=true  correct=True  running‐acc=0.888
[ 224/600] loss=3.1467  pred=false.  gold=n/a  running‐acc=0.719
Locality eval: pred=n/a               gold=true  correct=False  running‐acc=0.884
[ 225/600] loss=2.9088  pred=n/a    gold=n/a  running‐acc=0.720
Locality eval: pred=true              gold=true  correct=True  running‐acc=0.884
[ 226/600] loss=3.0437  pred=n/a    gold=true  running‐acc=0.717
Locality eval: pred=n/a               gold=n/a  correct=True  running‐acc=0.885
[ 227/600] loss=2.3316  pred=true.  gold=n/a  running‐acc=0.714
Locality eval: pred=true              gold=true  correct=True  running‐acc=0.885
[ 228/600] loss=2.8040  pred=n/a    gold=n/a  running‐acc=0.715
Locality eval: pred=true              gold=true  correct=True  running‐acc=0.886
[ 229/600] loss=3.2731  pred=true   gold=n/a  running‐acc=0.712
Locality eval: pred=true              gold=true  correct=True  running‐acc=0.886
[ 230/600] loss=2.9416  pred=n/a    gold=n/a  running‐acc=0.713
Locality eval: pred=true              gold=true  correct=True  running‐acc=0.887
[ 231/600] loss=2.4411  pred=true.  gold=n/a  running‐acc=0.710
Locality eval: pred=true              gold=true  correct=True  running‐acc=0.887
[ 232/600] loss=2.5425  pred=false.  gold=n/a  running‐acc=0.707
Locality eval: pred=true              gold=true  correct=True  running‐acc=0.888
[ 233/600] loss=4.0277  pred=true.  gold=true  running‐acc=0.708
Locality eval: pred=n/a               gold=n/a  correct=True  running‐acc=0.888
[ 234/600] loss=3.8094  pred=true   gold=true  running‐acc=0.709
Locality eval: pred=n/a               gold=n/a  correct=True  running‐acc=0.889
[ 235/600] loss=1.5596  pred=false  gold=n/a  running‐acc=0.706
Locality eval: pred=true              gold=true  correct=True  running‐acc=0.889
[ 236/600] loss=2.5404  pred=n/a    gold=n/a  running‐acc=0.708
Locality eval: pred=true.             gold=true  correct=True  running‐acc=0.890
[ 237/600] loss=3.0849  pred=n/a    gold=true  running‐acc=0.705
Locality eval: pred=n/a               gold=n/a  correct=True  running‐acc=0.890
[ 238/600] loss=2.6240  pred=n/a    gold=n/a  running‐acc=0.706
Locality eval: pred=true              gold=true  correct=True  running‐acc=0.891
[ 239/600] loss=3.0028  pred=n/a    gold=n/a  running‐acc=0.707
Locality eval: pred=true              gold=true  correct=True  running‐acc=0.891
[ 240/600] loss=3.6631  pred=true   gold=true  running‐acc=0.708
Locality eval: pred=n/a               gold=n/a  correct=True  running‐acc=0.892
[ 241/600] loss=3.6585  pred=n/a    gold=n/a  running‐acc=0.710
Locality eval: pred=true              gold=true  correct=True  running‐acc=0.892
[ 242/600] loss=2.9611  pred=n/a    gold=n/a  running‐acc=0.711
Locality eval: pred=true.             gold=true  correct=True  running‐acc=0.893
[ 243/600] loss=2.2389  pred=true   gold=n/a  running‐acc=0.708
Locality eval: pred=true              gold=true  correct=True  running‐acc=0.893
[ 244/600] loss=2.8100  pred=true   gold=true  running‐acc=0.709
Locality eval: pred=n/a               gold=n/a  correct=True  running‐acc=0.893
[ 245/600] loss=3.3071  pred=true   gold=true  running‐acc=0.710
Locality eval: pred=n/a               gold=n/a  correct=True  running‐acc=0.894
[ 246/600] loss=3.4916  pred=true   gold=true  running‐acc=0.711
Locality eval: pred=n/a               gold=n/a  correct=True  running‐acc=0.894
[ 247/600] loss=2.4182  pred=true   gold=true  running‐acc=0.713
Locality eval: pred=n/a               gold=n/a  correct=True  running‐acc=0.895
[ 248/600] loss=3.4006  pred=true   gold=true  running‐acc=0.714
Locality eval: pred=n/a               gold=n/a  correct=True  running‐acc=0.895
[ 249/600] loss=2.5696  pred=n/a    gold=n/a  running‐acc=0.715
Locality eval: pred=true              gold=true  correct=True  running‐acc=0.896
[ 250/600] loss=2.4736  pred=true   gold=true  running‐acc=0.716
Locality eval: pred=n/a               gold=n/a  correct=True  running‐acc=0.896
[ 251/600] loss=2.5866  pred=true   gold=n/a  running‐acc=0.713
Locality eval: pred=true              gold=true  correct=True  running‐acc=0.896
[ 252/600] loss=2.9439  pred=n/a    gold=n/a  running‐acc=0.714
Locality eval: pred=n/a               gold=true  correct=False  running‐acc=0.893
[ 253/600] loss=3.1704  pred=true   gold=true  running‐acc=0.715
Locality eval: pred=n/a               gold=n/a  correct=True  running‐acc=0.893
[ 254/600] loss=2.9141  pred=true   gold=true  running‐acc=0.717
Locality eval: pred=n/a               gold=n/a  correct=True  running‐acc=0.894
[ 255/600] loss=2.7930  pred=true   gold=n/a  running‐acc=0.714
Locality eval: pred=true              gold=true  correct=True  running‐acc=0.894
[ 256/600] loss=3.0081  pred=n/a    gold=n/a  running‐acc=0.715
Locality eval: pred=true              gold=true  correct=True  running‐acc=0.895
[ 257/600] loss=3.0342  pred=n/a    gold=n/a  running‐acc=0.716
Locality eval: pred=n/a               gold=true  correct=False  running‐acc=0.891
[ 258/600] loss=3.0925  pred=n/a    gold=n/a  running‐acc=0.717
Locality eval: pred=n/a               gold=true  correct=False  running‐acc=0.888
[ 259/600] loss=3.0621  pred=true   gold=true  running‐acc=0.718
Locality eval: pred=n/a               gold=n/a  correct=True  running‐acc=0.888
[ 260/600] loss=3.2929  pred=true   gold=true  running‐acc=0.719
Locality eval: pred=n/a               gold=n/a  correct=True  running‐acc=0.888
[ 261/600] loss=3.9659  pred=true   gold=true  running‐acc=0.720
Locality eval: pred=n/a               gold=n/a  correct=True  running‐acc=0.889
[ 262/600] loss=2.7593  pred=true   gold=true  running‐acc=0.721
Locality eval: pred=n/a               gold=n/a  correct=True  running‐acc=0.889
[ 263/600] loss=2.8979  pred=n/a    gold=n/a  running‐acc=0.722
Locality eval: pred=true              gold=true  correct=True  running‐acc=0.890
[ 264/600] loss=2.8517  pred=n/a    gold=n/a  running‐acc=0.723
Locality eval: pred=true              gold=true  correct=True  running‐acc=0.890
[ 265/600] loss=2.9182  pred=false  gold=true  running‐acc=0.721
Locality eval: pred=n/a               gold=n/a  correct=True  running‐acc=0.891
[ 266/600] loss=3.0851  pred=false  gold=n/a  running‐acc=0.718
Locality eval: pred=true              gold=true  correct=True  running‐acc=0.891
[ 267/600] loss=2.8020  pred=n/a    gold=n/a  running‐acc=0.719
Locality eval: pred=true              gold=true  correct=True  running‐acc=0.891
[ 268/600] loss=2.0474  pred=true   gold=true  running‐acc=0.720
Locality eval: pred=n/a               gold=n/a  correct=True  running‐acc=0.892
[ 269/600] loss=2.9322  pred=n/a    gold=n/a  running‐acc=0.721
Locality eval: pred=true              gold=true  correct=True  running‐acc=0.892
[ 270/600] loss=2.5650  pred=true   gold=true  running‐acc=0.722
Locality eval: pred=n/a               gold=n/a  correct=True  running‐acc=0.893
[ 271/600] loss=2.4967  pred=n/a    gold=n/a  running‐acc=0.723
Locality eval: pred=true              gold=true  correct=True  running‐acc=0.893
[ 272/600] loss=3.1511  pred=n/a    gold=true  running‐acc=0.721
Locality eval: pred=n/a               gold=n/a  correct=True  running‐acc=0.893
[ 273/600] loss=2.8060  pred=false.  gold=n/a  running‐acc=0.718
Locality eval: pred=true              gold=true  correct=True  running‐acc=0.894
[ 274/600] loss=2.6929  pred=false  gold=n/a  running‐acc=0.715
Locality eval: pred=true.             gold=true  correct=True  running‐acc=0.894
[ 275/600] loss=2.8085  pred=true   gold=true  running‐acc=0.716
Locality eval: pred=n/a               gold=n/a  correct=True  running‐acc=0.895
[ 276/600] loss=3.0280  pred=n/a    gold=n/a  running‐acc=0.717
Locality eval: pred=true              gold=true  correct=True  running‐acc=0.895
[ 277/600] loss=3.2625  pred=true   gold=true  running‐acc=0.718
Locality eval: pred=n/a               gold=n/a  correct=True  running‐acc=0.895
[ 278/600] loss=3.3035  pred=n/a    gold=n/a  running‐acc=0.719
Locality eval: pred=true              gold=true  correct=True  running‐acc=0.896
[ 279/600] loss=2.3609  pred=true   gold=true  running‐acc=0.720
Locality eval: pred=n/a               gold=n/a  correct=True  running‐acc=0.896
[ 280/600] loss=2.7876  pred=n/a    gold=n/a  running‐acc=0.721
Locality eval: pred=true              gold=true  correct=True  running‐acc=0.896
[ 281/600] loss=2.9166  pred=true   gold=true  running‐acc=0.722
Locality eval: pred=n/a               gold=n/a  correct=True  running‐acc=0.897
[ 282/600] loss=2.9771  pred=true   gold=true  running‐acc=0.723
Locality eval: pred=n/a               gold=n/a  correct=True  running‐acc=0.897
[ 283/600] loss=2.6556  pred=n/a    gold=n/a  running‐acc=0.724
Locality eval: pred=true              gold=true  correct=True  running‐acc=0.898
[ 284/600] loss=2.2023  pred=true   gold=n/a  running‐acc=0.722
Locality eval: pred=true              gold=true  correct=True  running‐acc=0.898
[ 285/600] loss=3.7083  pred=true   gold=true  running‐acc=0.723
Locality eval: pred=n/a               gold=n/a  correct=True  running‐acc=0.898
[ 286/600] loss=2.7024  pred=n/a    gold=n/a  running‐acc=0.724
Locality eval: pred=true              gold=true  correct=True  running‐acc=0.899
[ 287/600] loss=2.8256  pred=n/a    gold=n/a  running‐acc=0.725
Locality eval: pred=true              gold=true  correct=True  running‐acc=0.899
[ 288/600] loss=2.7857  pred=true   gold=true  running‐acc=0.726
Locality eval: pred=n/a               gold=n/a  correct=True  running‐acc=0.899
[ 289/600] loss=2.6442  pred=true   gold=true  running‐acc=0.727
Locality eval: pred=n/a               gold=n/a  correct=True  running‐acc=0.900
[ 290/600] loss=2.7913  pred=n/a    gold=n/a  running‐acc=0.728
Locality eval: pred=true              gold=true  correct=True  running‐acc=0.900
[ 291/600] loss=3.2729  pred=true   gold=true  running‐acc=0.729
Locality eval: pred=n/a               gold=n/a  correct=True  running‐acc=0.900
[ 292/600] loss=3.2913  pred=n/a    gold=true  running‐acc=0.726
Locality eval: pred=n/a               gold=n/a  correct=True  running‐acc=0.901
[ 293/600] loss=3.8857  pred=true   gold=true  running‐acc=0.727
Locality eval: pred=n/a               gold=n/a  correct=True  running‐acc=0.901
[ 294/600] loss=3.2312  pred=true   gold=true  running‐acc=0.728
Locality eval: pred=n/a               gold=n/a  correct=True  running‐acc=0.901
[ 295/600] loss=2.8900  pred=true   gold=n/a  running‐acc=0.725
Locality eval: pred=true.             gold=true  correct=True  running‐acc=0.902
[ 296/600] loss=3.1294  pred=true   gold=n/a  running‐acc=0.723
Locality eval: pred=true.             gold=true  correct=True  running‐acc=0.902
[ 297/600] loss=3.2964  pred=false.  gold=true  running‐acc=0.721
Locality eval: pred=n/a               gold=n/a  correct=True  running‐acc=0.902
[ 298/600] loss=2.9695  pred=true   gold=true  running‐acc=0.721
Locality eval: pred=n/a               gold=n/a  correct=True  running‐acc=0.903
[ 299/600] loss=3.2093  pred=n/a    gold=n/a  running‐acc=0.722
Locality eval: pred=true              gold=true  correct=True  running‐acc=0.903
[ 300/600] loss=3.1199  pred=false.  gold=n/a  running‐acc=0.720
Locality eval: pred=n/a               gold=true  correct=False  running‐acc=0.900
[ 301/600] loss=3.9286  pred=false.  gold=true  running‐acc=0.718
Locality eval: pred=n/a               gold=n/a  correct=True  running‐acc=0.900
[ 302/600] loss=2.8799  pred=true.  gold=true  running‐acc=0.719
Locality eval: pred=n/a               gold=n/a  correct=True  running‐acc=0.901
[ 303/600] loss=2.3860  pred=true   gold=true  running‐acc=0.719
Locality eval: pred=n/a               gold=n/a  correct=True  running‐acc=0.901
[ 304/600] loss=2.8799  pred=true   gold=true  running‐acc=0.720
Locality eval: pred=n/a               gold=n/a  correct=True  running‐acc=0.901
[ 305/600] loss=3.1978  pred=true   gold=true  running‐acc=0.721
Locality eval: pred=n/a               gold=n/a  correct=True  running‐acc=0.902
[ 306/600] loss=3.7574  pred=true   gold=true  running‐acc=0.722
Locality eval: pred=n/a               gold=n/a  correct=True  running‐acc=0.902
[ 307/600] loss=2.8953  pred=true.  gold=true  running‐acc=0.723
Locality eval: pred=n/a               gold=n/a  correct=True  running‐acc=0.902
[ 308/600] loss=2.9339  pred=true   gold=true  running‐acc=0.724
Locality eval: pred=n/a               gold=n/a  correct=True  running‐acc=0.903
[ 309/600] loss=3.0098  pred=true   gold=true  running‐acc=0.725
Locality eval: pred=n/a               gold=n/a  correct=True  running‐acc=0.903
[ 310/600] loss=3.1907  pred=n/a    gold=n/a  running‐acc=0.726
Locality eval: pred=true              gold=true  correct=True  running‐acc=0.903
[ 311/600] loss=2.8820  pred=true.  gold=true  running‐acc=0.727
Locality eval: pred=n/a               gold=n/a  correct=True  running‐acc=0.904
[ 312/600] loss=2.7832  pred=true   gold=true  running‐acc=0.728
Locality eval: pred=n/a               gold=n/a  correct=True  running‐acc=0.904
[ 313/600] loss=2.5358  pred=n/a    gold=n/a  running‐acc=0.728
Locality eval: pred=true              gold=true  correct=True  running‐acc=0.904
[ 314/600] loss=3.2643  pred=n/a    gold=n/a  running‐acc=0.729
Locality eval: pred=true.             gold=true  correct=True  running‐acc=0.904
[ 315/600] loss=3.0551  pred=true   gold=n/a  running‐acc=0.727
Locality eval: pred=true              gold=true  correct=True  running‐acc=0.905
[ 316/600] loss=3.9784  pred=true   gold=true  running‐acc=0.728
Locality eval: pred=n/a               gold=n/a  correct=True  running‐acc=0.905
[ 317/600] loss=3.1974  pred=true   gold=true  running‐acc=0.729
Locality eval: pred=n/a               gold=n/a  correct=True  running‐acc=0.905
[ 318/600] loss=3.4742  pred=true   gold=true  running‐acc=0.730
Locality eval: pred=n/a               gold=n/a  correct=True  running‐acc=0.906
[ 319/600] loss=2.6223  pred=n/a    gold=n/a  running‐acc=0.730
Locality eval: pred=true.             gold=true  correct=True  running‐acc=0.906
[ 320/600] loss=2.9963  pred=false.  gold=n/a  running‐acc=0.728
Locality eval: pred=true.             gold=true  correct=True  running‐acc=0.906
[ 321/600] loss=3.2635  pred=n/a    gold=true  running‐acc=0.726
Locality eval: pred=n/a               gold=n/a  correct=True  running‐acc=0.907
[ 322/600] loss=3.3760  pred=true   gold=true  running‐acc=0.727
Locality eval: pred=n/a               gold=n/a  correct=True  running‐acc=0.907
[ 323/600] loss=3.1388  pred=n/a    gold=n/a  running‐acc=0.728
Locality eval: pred=n/a               gold=true  correct=False  running‐acc=0.904
[ 324/600] loss=2.5529  pred=n/a    gold=n/a  running‐acc=0.728
Locality eval: pred=true.             gold=true  correct=True  running‐acc=0.904
[ 325/600] loss=3.3257  pred=n/a    gold=true  running‐acc=0.726
Locality eval: pred=n/a               gold=n/a  correct=True  running‐acc=0.905
[ 326/600] loss=3.1004  pred=n/a    gold=n/a  running‐acc=0.727
Locality eval: pred=true              gold=true  correct=True  running‐acc=0.905
[ 327/600] loss=3.6060  pred=n/a    gold=true  running‐acc=0.725
Locality eval: pred=n/a               gold=n/a  correct=True  running‐acc=0.905
[ 328/600] loss=2.5775  pred=true.  gold=n/a  running‐acc=0.723
Locality eval: pred=true              gold=true  correct=True  running‐acc=0.905
[ 329/600] loss=3.4530  pred=true   gold=true  running‐acc=0.723
Locality eval: pred=n/a               gold=n/a  correct=True  running‐acc=0.906
[ 330/600] loss=2.2219  pred=false.  gold=n/a  running‐acc=0.721
Locality eval: pred=true              gold=true  correct=True  running‐acc=0.906
[ 331/600] loss=2.8563  pred=true   gold=true  running‐acc=0.722
Locality eval: pred=n/a               gold=n/a  correct=True  running‐acc=0.906
[ 332/600] loss=2.6433  pred=false.  gold=n/a  running‐acc=0.720
Locality eval: pred=true              gold=true  correct=True  running‐acc=0.907
[ 333/600] loss=2.5296  pred=true   gold=true  running‐acc=0.721
Locality eval: pred=n/a               gold=n/a  correct=True  running‐acc=0.907
[ 334/600] loss=3.3395  pred=n/a    gold=n/a  running‐acc=0.722
Locality eval: pred=true              gold=true  correct=True  running‐acc=0.907
[ 335/600] loss=3.0658  pred=true   gold=true  running‐acc=0.722
Locality eval: pred=n/a               gold=n/a  correct=True  running‐acc=0.907
[ 336/600] loss=2.9290  pred=n/a    gold=n/a  running‐acc=0.723
Locality eval: pred=true              gold=true  correct=True  running‐acc=0.908
[ 337/600] loss=3.1807  pred=false.  gold=n/a  running‐acc=0.721
Locality eval: pred=true              gold=true  correct=True  running‐acc=0.908
[ 338/600] loss=2.2718  pred=n/a    gold=n/a  running‐acc=0.722
Locality eval: pred=true              gold=true  correct=True  running‐acc=0.908
[ 339/600] loss=2.9403  pred=n/a    gold=n/a  running‐acc=0.723
Locality eval: pred=true              gold=true  correct=True  running‐acc=0.909
[ 340/600] loss=2.7945  pred=n/a    gold=n/a  running‐acc=0.724
Locality eval: pred=true              gold=true  correct=True  running‐acc=0.909
[ 341/600] loss=3.4220  pred=true   gold=true  running‐acc=0.724
Locality eval: pred=n/a               gold=n/a  correct=True  running‐acc=0.909
[ 342/600] loss=3.5315  pred=true   gold=true  running‐acc=0.725
Locality eval: pred=n/a               gold=n/a  correct=True  running‐acc=0.909
[ 343/600] loss=2.1881  pred=true.  gold=n/a  running‐acc=0.723
Locality eval: pred=true              gold=true  correct=True  running‐acc=0.910
[ 344/600] loss=3.0856  pred=true.  gold=true  running‐acc=0.724
Locality eval: pred=n/a               gold=n/a  correct=True  running‐acc=0.910
[ 345/600] loss=1.8924  pred=n/a    gold=n/a  running‐acc=0.725
Locality eval: pred=true              gold=true  correct=True  running‐acc=0.910
[ 346/600] loss=3.5458  pred=true   gold=true  running‐acc=0.725
Locality eval: pred=n/a               gold=n/a  correct=True  running‐acc=0.910
[ 347/600] loss=2.2815  pred=n/a    gold=n/a  running‐acc=0.726
Locality eval: pred=true              gold=true  correct=True  running‐acc=0.911
[ 348/600] loss=3.1440  pred=n/a    gold=n/a  running‐acc=0.727
Locality eval: pred=true.             gold=true  correct=True  running‐acc=0.911
[ 349/600] loss=2.7103  pred=false.  gold=n/a  running‐acc=0.725
Locality eval: pred=true              gold=true  correct=True  running‐acc=0.911
[ 350/600] loss=3.2269  pred=true   gold=n/a  running‐acc=0.723
Locality eval: pred=true              gold=true  correct=True  running‐acc=0.911
[ 351/600] loss=2.7718  pred=true   gold=n/a  running‐acc=0.721
Locality eval: pred=true.             gold=true  correct=True  running‐acc=0.912
[ 352/600] loss=2.9672  pred=n/a    gold=n/a  running‐acc=0.722
Locality eval: pred=true.             gold=true  correct=True  running‐acc=0.912
[ 353/600] loss=2.4359  pred=n/a    gold=n/a  running‐acc=0.722
Locality eval: pred=true.             gold=true  correct=True  running‐acc=0.912
[ 354/600] loss=3.3847  pred=true   gold=true  running‐acc=0.723
Locality eval: pred=n/a               gold=n/a  correct=True  running‐acc=0.912
[ 355/600] loss=3.2354  pred=true   gold=true  running‐acc=0.724
Locality eval: pred=n/a               gold=n/a  correct=True  running‐acc=0.913
[ 356/600] loss=2.4181  pred=false.  gold=true  running‐acc=0.722
Locality eval: pred=n/a               gold=n/a  correct=True  running‐acc=0.913
[ 357/600] loss=2.9124  pred=true   gold=true  running‐acc=0.723
Locality eval: pred=n/a               gold=n/a  correct=True  running‐acc=0.913
[ 358/600] loss=2.7668  pred=true   gold=true  running‐acc=0.723
Locality eval: pred=n/a               gold=n/a  correct=True  running‐acc=0.913
[ 359/600] loss=3.9762  pred=true   gold=true  running‐acc=0.724
Locality eval: pred=n/a               gold=n/a  correct=True  running‐acc=0.914
[ 360/600] loss=2.9241  pred=n/a    gold=n/a  running‐acc=0.725
Locality eval: pred=true              gold=true  correct=True  running‐acc=0.914
[ 361/600] loss=3.1357  pred=true   gold=true  running‐acc=0.726
Locality eval: pred=n/a               gold=n/a  correct=True  running‐acc=0.914
[ 362/600] loss=3.1486  pred=n/a    gold=true  running‐acc=0.724
Locality eval: pred=n/a               gold=n/a  correct=True  running‐acc=0.914
[ 363/600] loss=3.1144  pred=n/a    gold=n/a  running‐acc=0.725
Locality eval: pred=true              gold=true  correct=True  running‐acc=0.915
[ 364/600] loss=3.6618  pred=true   gold=true  running‐acc=0.725
Locality eval: pred=true              gold=n/a  correct=False  running‐acc=0.912
[ 365/600] loss=3.2608  pred=true   gold=true  running‐acc=0.726
Locality eval: pred=n/a               gold=n/a  correct=True  running‐acc=0.912
[ 366/600] loss=2.9782  pred=true   gold=n/a  running‐acc=0.724
Locality eval: pred=true              gold=true  correct=True  running‐acc=0.913
[ 367/600] loss=3.3373  pred=n/a    gold=n/a  running‐acc=0.725
Locality eval: pred=true              gold=true  correct=True  running‐acc=0.913
[ 368/600] loss=2.0275  pred=true   gold=true  running‐acc=0.726
Locality eval: pred=n/a               gold=n/a  correct=True  running‐acc=0.913
[ 369/600] loss=3.0829  pred=false.  gold=n/a  running‐acc=0.724
Locality eval: pred=true.             gold=true  correct=True  running‐acc=0.913
[ 370/600] loss=2.7269  pred=n/a    gold=n/a  running‐acc=0.724
Locality eval: pred=true.             gold=true  correct=True  running‐acc=0.914
[ 371/600] loss=2.9628  pred=n/a    gold=true  running‐acc=0.722
Locality eval: pred=n/a               gold=n/a  correct=True  running‐acc=0.914
[ 372/600] loss=3.8754  pred=true   gold=true  running‐acc=0.723
Locality eval: pred=n/a               gold=n/a  correct=True  running‐acc=0.914
[ 373/600] loss=2.6232  pred=true   gold=true  running‐acc=0.724
Locality eval: pred=n/a               gold=n/a  correct=True  running‐acc=0.914
[ 374/600] loss=2.9900  pred=n/a    gold=n/a  running‐acc=0.725
Locality eval: pred=true              gold=true  correct=True  running‐acc=0.914
[ 375/600] loss=3.5973  pred=true   gold=true  running‐acc=0.725
Locality eval: pred=n/a               gold=n/a  correct=True  running‐acc=0.915
[ 376/600] loss=2.3572  pred=true   gold=true  running‐acc=0.726
Locality eval: pred=n/a               gold=n/a  correct=True  running‐acc=0.915
[ 377/600] loss=3.9263  pred=false.  gold=true  running‐acc=0.724
Locality eval: pred=n/a               gold=n/a  correct=True  running‐acc=0.915
[ 378/600] loss=2.8709  pred=true   gold=true  running‐acc=0.725
Locality eval: pred=n/a               gold=n/a  correct=True  running‐acc=0.915
[ 379/600] loss=2.6724  pred=true   gold=true  running‐acc=0.726
Locality eval: pred=n/a               gold=n/a  correct=True  running‐acc=0.916
[ 380/600] loss=3.4617  pred=true   gold=true  running‐acc=0.726
Locality eval: pred=n/a               gold=n/a  correct=True  running‐acc=0.916
[ 381/600] loss=2.5250  pred=n/a    gold=n/a  running‐acc=0.727
Locality eval: pred=true              gold=true  correct=True  running‐acc=0.916
[ 382/600] loss=2.6445  pred=n/a    gold=n/a  running‐acc=0.728
Locality eval: pred=true              gold=true  correct=True  running‐acc=0.916
[ 383/600] loss=2.6185  pred=false.  gold=n/a  running‐acc=0.726
Locality eval: pred=true              gold=true  correct=True  running‐acc=0.916
[ 384/600] loss=2.7847  pred=n/a    gold=n/a  running‐acc=0.727
Locality eval: pred=true              gold=true  correct=True  running‐acc=0.917
[ 385/600] loss=3.3287  pred=true   gold=true  running‐acc=0.727
Locality eval: pred=n/a               gold=n/a  correct=True  running‐acc=0.917
[ 386/600] loss=2.3670  pred=true   gold=true  running‐acc=0.728
Locality eval: pred=n/a               gold=n/a  correct=True  running‐acc=0.917
[ 387/600] loss=2.6008  pred=n/a    gold=n/a  running‐acc=0.729
Locality eval: pred=true.             gold=true  correct=True  running‐acc=0.917
[ 388/600] loss=3.2588  pred=true   gold=true  running‐acc=0.729
Locality eval: pred=n/a               gold=n/a  correct=True  running‐acc=0.918
[ 389/600] loss=3.0729  pred=n/a    gold=n/a  running‐acc=0.730
Locality eval: pred=true.             gold=true  correct=True  running‐acc=0.918
[ 390/600] loss=3.7176  pred=true   gold=true  running‐acc=0.731
Locality eval: pred=n/a               gold=n/a  correct=True  running‐acc=0.918
[ 391/600] loss=3.3054  pred=n/a    gold=true  running‐acc=0.729
Locality eval: pred=n/a               gold=n/a  correct=True  running‐acc=0.918
[ 392/600] loss=2.5688  pred=n/a    gold=n/a  running‐acc=0.730
Locality eval: pred=true.             gold=true  correct=True  running‐acc=0.918
[ 393/600] loss=2.7355  pred=n/a    gold=n/a  running‐acc=0.730
Locality eval: pred=true              gold=true  correct=True  running‐acc=0.919
[ 394/600] loss=3.3228  pred=n/a    gold=n/a  running‐acc=0.731
Locality eval: pred=true              gold=true  correct=True  running‐acc=0.919
[ 395/600] loss=3.7312  pred=true.  gold=true  running‐acc=0.732
Locality eval: pred=n/a               gold=n/a  correct=True  running‐acc=0.919
[ 396/600] loss=3.3979  pred=true   gold=true  running‐acc=0.732
Locality eval: pred=n/a               gold=n/a  correct=True  running‐acc=0.919
[ 397/600] loss=2.7909  pred=n/a    gold=n/a  running‐acc=0.733
Locality eval: pred=true.             gold=true  correct=True  running‐acc=0.919
[ 398/600] loss=3.1556  pred=true   gold=true  running‐acc=0.734
Locality eval: pred=n/a               gold=n/a  correct=True  running‐acc=0.920
[ 399/600] loss=3.0364  pred=false  gold=n/a  running‐acc=0.732
Locality eval: pred=true              gold=true  correct=True  running‐acc=0.920
[ 400/600] loss=3.0636  pred=true   gold=true  running‐acc=0.733
Locality eval: pred=n/a               gold=n/a  correct=True  running‐acc=0.920
[ 401/600] loss=2.6683  pred=n/a    gold=true  running‐acc=0.731
Locality eval: pred=n/a               gold=n/a  correct=True  running‐acc=0.920
[ 402/600] loss=2.3450  pred=n/a    gold=n/a  running‐acc=0.731
Locality eval: pred=true              gold=true  correct=True  running‐acc=0.920
[ 403/600] loss=2.8549  pred=true   gold=true  running‐acc=0.732
Locality eval: pred=n/a               gold=n/a  correct=True  running‐acc=0.921
[ 404/600] loss=3.5369  pred=true.  gold=true  running‐acc=0.733
Locality eval: pred=true.             gold=n/a  correct=False  running‐acc=0.918
[ 405/600] loss=2.5867  pred=n/a    gold=n/a  running‐acc=0.733
Locality eval: pred=true.             gold=true  correct=True  running‐acc=0.919
[ 406/600] loss=2.5045  pred=n/a    gold=n/a  running‐acc=0.734
Locality eval: pred=true.             gold=true  correct=True  running‐acc=0.919
[ 407/600] loss=2.4213  pred=true   gold=true  running‐acc=0.735
Locality eval: pred=n/a               gold=n/a  correct=True  running‐acc=0.919
[ 408/600] loss=3.1293  pred=false.  gold=n/a  running‐acc=0.733
Locality eval: pred=true              gold=true  correct=True  running‐acc=0.919
[ 409/600] loss=3.0610  pred=true   gold=true  running‐acc=0.733
Locality eval: pred=n/a               gold=n/a  correct=True  running‐acc=0.919
[ 410/600] loss=2.6617  pred=n/a    gold=n/a  running‐acc=0.734
Locality eval: pred=true              gold=true  correct=True  running‐acc=0.920
[ 411/600] loss=2.7193  pred=true   gold=true  running‐acc=0.735
Locality eval: pred=n/a               gold=n/a  correct=True  running‐acc=0.920
[ 412/600] loss=2.5933  pred=n/a    gold=true  running‐acc=0.733
Locality eval: pred=n/a               gold=n/a  correct=True  running‐acc=0.920
[ 413/600] loss=3.1530  pred=n/a    gold=true  running‐acc=0.731
Locality eval: pred=n/a               gold=n/a  correct=True  running‐acc=0.920
[ 414/600] loss=3.9659  pred=true.  gold=true  running‐acc=0.732
Locality eval: pred=n/a               gold=n/a  correct=True  running‐acc=0.920
[ 415/600] loss=2.9309  pred=n/a    gold=n/a  running‐acc=0.733
Locality eval: pred=true              gold=true  correct=True  running‐acc=0.920
[ 416/600] loss=2.6711  pred=true   gold=true  running‐acc=0.733
Locality eval: pred=n/a               gold=n/a  correct=True  running‐acc=0.921
[ 417/600] loss=2.8169  pred=n/a    gold=n/a  running‐acc=0.734
Locality eval: pred=true              gold=true  correct=True  running‐acc=0.921
[ 418/600] loss=3.2074  pred=n/a    gold=n/a  running‐acc=0.734
Locality eval: pred=true              gold=true  correct=True  running‐acc=0.921
[ 419/600] loss=2.3660  pred=true   gold=true  running‐acc=0.735
Locality eval: pred=n/a               gold=n/a  correct=True  running‐acc=0.921
[ 420/600] loss=3.1427  pred=n/a    gold=true  running‐acc=0.733
Locality eval: pred=n/a               gold=n/a  correct=True  running‐acc=0.921
[ 421/600] loss=3.0453  pred=true   gold=true  running‐acc=0.734
Locality eval: pred=n/a               gold=n/a  correct=True  running‐acc=0.922
[ 422/600] loss=3.5993  pred=true   gold=true  running‐acc=0.735
Locality eval: pred=n/a               gold=n/a  correct=True  running‐acc=0.922
[ 423/600] loss=2.7583  pred=true.  gold=true  running‐acc=0.735
Locality eval: pred=n/a               gold=n/a  correct=True  running‐acc=0.922
[ 424/600] loss=2.6178  pred=n/a    gold=n/a  running‐acc=0.736
Locality eval: pred=true              gold=true  correct=True  running‐acc=0.922
[ 425/600] loss=3.1375  pred=n/a    gold=n/a  running‐acc=0.736
Locality eval: pred=n/a               gold=true  correct=False  running‐acc=0.920
[ 426/600] loss=2.8584  pred=n/a    gold=n/a  running‐acc=0.737
Locality eval: pred=true              gold=true  correct=True  running‐acc=0.920
[ 427/600] loss=2.6880  pred=true   gold=true  running‐acc=0.738
Locality eval: pred=n/a               gold=n/a  correct=True  running‐acc=0.920
[ 428/600] loss=3.2803  pred=true   gold=true  running‐acc=0.738
Locality eval: pred=n/a               gold=n/a  correct=True  running‐acc=0.921
[ 429/600] loss=2.7140  pred=true   gold=true  running‐acc=0.739
Locality eval: pred=n/a               gold=n/a  correct=True  running‐acc=0.921
[ 430/600] loss=2.6220  pred=n/a    gold=n/a  running‐acc=0.740
Locality eval: pred=true              gold=true  correct=True  running‐acc=0.921
[ 431/600] loss=3.1326  pred=true   gold=true  running‐acc=0.740
Locality eval: pred=n/a               gold=n/a  correct=True  running‐acc=0.921
[ 432/600] loss=3.6088  pred=true   gold=true  running‐acc=0.741
Locality eval: pred=n/a               gold=n/a  correct=True  running‐acc=0.921
[ 433/600] loss=3.5703  pred=true   gold=true  running‐acc=0.741
Locality eval: pred=n/a               gold=n/a  correct=True  running‐acc=0.921
[ 434/600] loss=2.5064  pred=n/a    gold=n/a  running‐acc=0.742
Locality eval: pred=true.             gold=true  correct=True  running‐acc=0.922
[ 435/600] loss=2.6764  pred=true   gold=n/a  running‐acc=0.740
Locality eval: pred=true              gold=true  correct=True  running‐acc=0.922
[ 436/600] loss=2.9652  pred=true   gold=true  running‐acc=0.741
Locality eval: pred=n/a               gold=n/a  correct=True  running‐acc=0.922
[ 437/600] loss=2.6419  pred=true   gold=true  running‐acc=0.741
Locality eval: pred=n/a               gold=n/a  correct=True  running‐acc=0.922
[ 438/600] loss=2.8454  pred=n/a    gold=n/a  running‐acc=0.742
Locality eval: pred=true.             gold=true  correct=True  running‐acc=0.922
[ 439/600] loss=2.8442  pred=n/a    gold=n/a  running‐acc=0.743
Locality eval: pred=true              gold=true  correct=True  running‐acc=0.923
[ 440/600] loss=3.1817  pred=true   gold=true  running‐acc=0.743
Locality eval: pred=n/a               gold=n/a  correct=True  running‐acc=0.923
[ 441/600] loss=2.8979  pred=false.  gold=n/a  running‐acc=0.741
Locality eval: pred=true              gold=true  correct=True  running‐acc=0.923
[ 442/600] loss=3.7204  pred=true   gold=true  running‐acc=0.742
Locality eval: pred=n/a               gold=n/a  correct=True  running‐acc=0.923
[ 443/600] loss=3.2892  pred=n/a    gold=true  running‐acc=0.740
Locality eval: pred=true              gold=n/a  correct=False  running‐acc=0.921
[ 444/600] loss=3.8022  pred=true   gold=true  running‐acc=0.741
Locality eval: pred=n/a               gold=n/a  correct=True  running‐acc=0.921
[ 445/600] loss=3.4580  pred=true   gold=true  running‐acc=0.742
Locality eval: pred=n/a               gold=n/a  correct=True  running‐acc=0.921
[ 446/600] loss=2.9580  pred=true   gold=true  running‐acc=0.742
Locality eval: pred=n/a               gold=n/a  correct=True  running‐acc=0.922
[ 447/600] loss=2.7590  pred=true   gold=true  running‐acc=0.743
Locality eval: pred=n/a               gold=n/a  correct=True  running‐acc=0.922
[ 448/600] loss=3.3044  pred=true   gold=true  running‐acc=0.743
Locality eval: pred=n/a               gold=n/a  correct=True  running‐acc=0.922
[ 449/600] loss=2.9411  pred=true   gold=true  running‐acc=0.744
Locality eval: pred=n/a               gold=n/a  correct=True  running‐acc=0.922
[ 450/600] loss=3.3438  pred=n/a    gold=n/a  running‐acc=0.744
Locality eval: pred=true              gold=true  correct=True  running‐acc=0.922
[ 451/600] loss=3.2713  pred=true   gold=true  running‐acc=0.745
Locality eval: pred=n/a               gold=n/a  correct=True  running‐acc=0.922
[ 452/600] loss=2.9016  pred=n/a    gold=n/a  running‐acc=0.746
Locality eval: pred=true.             gold=true  correct=True  running‐acc=0.923
[ 453/600] loss=2.6768  pred=n/a    gold=n/a  running‐acc=0.746
Locality eval: pred=n/a               gold=true  correct=False  running‐acc=0.921
[ 454/600] loss=2.5474  pred=n/a    gold=n/a  running‐acc=0.747
Locality eval: pred=true.             gold=true  correct=True  running‐acc=0.921
[ 455/600] loss=3.6349  pred=true   gold=true  running‐acc=0.747
Locality eval: pred=n/a               gold=n/a  correct=True  running‐acc=0.921
[ 456/600] loss=2.5764  pred=n/a    gold=n/a  running‐acc=0.748
Locality eval: pred=true              gold=true  correct=True  running‐acc=0.921
[ 457/600] loss=2.6394  pred=false.  gold=n/a  running‐acc=0.746
Locality eval: pred=true              gold=true  correct=True  running‐acc=0.921
[ 458/600] loss=2.6400  pred=n/a    gold=n/a  running‐acc=0.747
Locality eval: pred=true              gold=true  correct=True  running‐acc=0.921
[ 459/600] loss=3.4260  pred=true.  gold=true  running‐acc=0.747
Locality eval: pred=n/a               gold=n/a  correct=True  running‐acc=0.922
[ 460/600] loss=3.4220  pred=true   gold=true  running‐acc=0.748
Locality eval: pred=n/a               gold=n/a  correct=True  running‐acc=0.922
[ 461/600] loss=2.7786  pred=n/a    gold=n/a  running‐acc=0.748
Locality eval: pred=true              gold=true  correct=True  running‐acc=0.922
[ 462/600] loss=1.8417  pred=n/a    gold=n/a  running‐acc=0.749
Locality eval: pred=true              gold=true  correct=True  running‐acc=0.922
[ 463/600] loss=3.0163  pred=true   gold=true  running‐acc=0.749
Locality eval: pred=n/a               gold=n/a  correct=True  running‐acc=0.922
[ 464/600] loss=2.7240  pred=n/a    gold=n/a  running‐acc=0.750
Locality eval: pred=true              gold=true  correct=True  running‐acc=0.922
[ 465/600] loss=2.9705  pred=n/a    gold=n/a  running‐acc=0.751
Locality eval: pred=true              gold=true  correct=True  running‐acc=0.923
[ 466/600] loss=2.9229  pred=n/a    gold=n/a  running‐acc=0.751
Locality eval: pred=true              gold=true  correct=True  running‐acc=0.923
[ 467/600] loss=2.6919  pred=n/a    gold=n/a  running‐acc=0.752
Locality eval: pred=true.             gold=true  correct=True  running‐acc=0.923
[ 468/600] loss=2.9778  pred=true.  gold=n/a  running‐acc=0.750
Locality eval: pred=true.             gold=true  correct=True  running‐acc=0.923
[ 469/600] loss=3.5209  pred=true   gold=true  running‐acc=0.751
Locality eval: pred=n/a               gold=n/a  correct=True  running‐acc=0.923
[ 470/600] loss=2.9889  pred=n/a    gold=n/a  running‐acc=0.751
Locality eval: pred=true.             gold=true  correct=True  running‐acc=0.923
[ 471/600] loss=2.6914  pred=n/a    gold=n/a  running‐acc=0.752
Locality eval: pred=true.             gold=true  correct=True  running‐acc=0.924
[ 472/600] loss=3.7485  pred=true   gold=true  running‐acc=0.752
Locality eval: pred=n/a               gold=n/a  correct=True  running‐acc=0.924
[ 473/600] loss=2.8468  pred=n/a    gold=n/a  running‐acc=0.753
Locality eval: pred=true              gold=true  correct=True  running‐acc=0.924
[ 474/600] loss=2.7580  pred=n/a    gold=true  running‐acc=0.751
Locality eval: pred=n/a               gold=n/a  correct=True  running‐acc=0.924
[ 475/600] loss=3.1312  pred=n/a    gold=n/a  running‐acc=0.752
Locality eval: pred=true.             gold=true  correct=True  running‐acc=0.924
[ 476/600] loss=3.8589  pred=true   gold=true  running‐acc=0.752
Locality eval: pred=n/a               gold=n/a  correct=True  running‐acc=0.924
[ 477/600] loss=2.9891  pred=n/a    gold=n/a  running‐acc=0.753
Locality eval: pred=true              gold=true  correct=True  running‐acc=0.925
[ 478/600] loss=2.3927  pred=true   gold=true  running‐acc=0.753
Locality eval: pred=n/a               gold=n/a  correct=True  running‐acc=0.925
[ 479/600] loss=3.1546  pred=n/a    gold=n/a  running‐acc=0.754
Locality eval: pred=true              gold=true  correct=True  running‐acc=0.925
[ 480/600] loss=2.5463  pred=false.  gold=n/a  running‐acc=0.752
Locality eval: pred=true.             gold=true  correct=True  running‐acc=0.925
[ 481/600] loss=3.0879  pred=n/a    gold=n/a  running‐acc=0.753
Locality eval: pred=true              gold=true  correct=True  running‐acc=0.925
[ 482/600] loss=2.2063  pred=true   gold=true  running‐acc=0.753
Locality eval: pred=n/a               gold=n/a  correct=True  running‐acc=0.925
[ 483/600] loss=2.5718  pred=n/a    gold=n/a  running‐acc=0.754
Locality eval: pred=true              gold=true  correct=True  running‐acc=0.925
[ 484/600] loss=3.1574  pred=n/a    gold=n/a  running‐acc=0.754
Locality eval: pred=true.             gold=true  correct=True  running‐acc=0.926
[ 485/600] loss=3.2288  pred=false.  gold=n/a  running‐acc=0.753
Locality eval: pred=true              gold=true  correct=True  running‐acc=0.926
[ 486/600] loss=2.9865  pred=n/a    gold=n/a  running‐acc=0.753
Locality eval: pred=true              gold=true  correct=True  running‐acc=0.926
[ 487/600] loss=2.4404  pred=false.  gold=n/a  running‐acc=0.752
Locality eval: pred=true.             gold=true  correct=True  running‐acc=0.926
[ 488/600] loss=2.7167  pred=n/a    gold=n/a  running‐acc=0.752
Locality eval: pred=n/a               gold=true  correct=False  running‐acc=0.924
[ 489/600] loss=2.5110  pred=n/a    gold=n/a  running‐acc=0.753
Locality eval: pred=true.             gold=true  correct=True  running‐acc=0.924
[ 490/600] loss=2.3700  pred=n/a    gold=n/a  running‐acc=0.753
Locality eval: pred=true              gold=true  correct=True  running‐acc=0.924
[ 491/600] loss=2.2658  pred=false.  gold=n/a  running‐acc=0.752
Locality eval: pred=true              gold=true  correct=True  running‐acc=0.925
[ 492/600] loss=2.6453  pred=true   gold=true  running‐acc=0.752
Locality eval: pred=n/a               gold=n/a  correct=True  running‐acc=0.925
[ 493/600] loss=3.1889  pred=n/a    gold=n/a  running‐acc=0.753
Locality eval: pred=true.             gold=true  correct=True  running‐acc=0.925
[ 494/600] loss=3.1086  pred=false.  gold=n/a  running‐acc=0.751
Locality eval: pred=true              gold=true  correct=True  running‐acc=0.925
[ 495/600] loss=2.9786  pred=true   gold=n/a  running‐acc=0.749
Locality eval: pred=n/a               gold=true  correct=False  running‐acc=0.923
[ 496/600] loss=2.8912  pred=n/a    gold=n/a  running‐acc=0.750
Locality eval: pred=true              gold=true  correct=True  running‐acc=0.923
[ 497/600] loss=3.1690  pred=true   gold=true  running‐acc=0.751
Locality eval: pred=n/a               gold=n/a  correct=True  running‐acc=0.924
[ 498/600] loss=2.5804  pred=true   gold=true  running‐acc=0.751
Locality eval: pred=n/a               gold=n/a  correct=True  running‐acc=0.924
[ 499/600] loss=3.1928  pred=n/a    gold=n/a  running‐acc=0.752
Locality eval: pred=true              gold=true  correct=True  running‐acc=0.924
[ 500/600] loss=2.6015  pred=n/a    gold=n/a  running‐acc=0.752
Locality eval: pred=true.             gold=true  correct=True  running‐acc=0.924
[ 501/600] loss=3.3730  pred=true   gold=n/a  running‐acc=0.750
Locality eval: pred=true              gold=true  correct=True  running‐acc=0.924
[ 502/600] loss=1.7954  pred=n/a    gold=n/a  running‐acc=0.751
Locality eval: pred=true.             gold=true  correct=True  running‐acc=0.924
[ 503/600] loss=2.6772  pred=true   gold=true  running‐acc=0.751
Locality eval: pred=n/a               gold=n/a  correct=True  running‐acc=0.924
[ 504/600] loss=2.7197  pred=true   gold=true  running‐acc=0.752
Locality eval: pred=n/a               gold=n/a  correct=True  running‐acc=0.925
[ 505/600] loss=3.1928  pred=true   gold=true  running‐acc=0.752
Locality eval: pred=n/a               gold=n/a  correct=True  running‐acc=0.925
[ 506/600] loss=3.0836  pred=n/a    gold=true  running‐acc=0.751
Locality eval: pred=n/a               gold=n/a  correct=True  running‐acc=0.925
[ 507/600] loss=3.0415  pred=true   gold=true  running‐acc=0.751
Locality eval: pred=n/a               gold=n/a  correct=True  running‐acc=0.925
[ 508/600] loss=2.8392  pred=true   gold=true  running‐acc=0.752
Locality eval: pred=n/a               gold=n/a  correct=True  running‐acc=0.925
[ 509/600] loss=2.9325  pred=true   gold=true  running‐acc=0.752
Locality eval: pred=n/a               gold=n/a  correct=True  running‐acc=0.925
[ 510/600] loss=3.5916  pred=true   gold=true  running‐acc=0.753
Locality eval: pred=n/a               gold=n/a  correct=True  running‐acc=0.925
[ 511/600] loss=2.4427  pred=n/a    gold=n/a  running‐acc=0.753
Locality eval: pred=true              gold=true  correct=True  running‐acc=0.926
[ 512/600] loss=3.3336  pred=n/a    gold=true  running‐acc=0.752
Locality eval: pred=n/a               gold=n/a  correct=True  running‐acc=0.926
[ 513/600] loss=3.0738  pred=false.  gold=n/a  running‐acc=0.750
Locality eval: pred=true              gold=true  correct=True  running‐acc=0.926
[ 514/600] loss=2.0035  pred=true   gold=true  running‐acc=0.751
Locality eval: pred=n/a               gold=n/a  correct=True  running‐acc=0.926
[ 515/600] loss=3.1554  pred=n/a    gold=n/a  running‐acc=0.751
Locality eval: pred=true              gold=true  correct=True  running‐acc=0.926
[ 516/600] loss=2.8666  pred=n/a    gold=n/a  running‐acc=0.752
Locality eval: pred=true.             gold=true  correct=True  running‐acc=0.926
[ 517/600] loss=2.6845  pred=true   gold=n/a  running‐acc=0.750
Locality eval: pred=true              gold=true  correct=True  running‐acc=0.926
[ 518/600] loss=2.6459  pred=n/a    gold=n/a  running‐acc=0.751
Locality eval: pred=true              gold=true  correct=True  running‐acc=0.927
[ 519/600] loss=2.8632  pred=true   gold=true  running‐acc=0.751
Locality eval: pred=n/a               gold=n/a  correct=True  running‐acc=0.927
[ 520/600] loss=3.7430  pred=true   gold=true  running‐acc=0.752
Locality eval: pred=n/a               gold=n/a  correct=True  running‐acc=0.927
[ 521/600] loss=3.4482  pred=true   gold=true  running‐acc=0.752
Locality eval: pred=n/a               gold=n/a  correct=True  running‐acc=0.927
[ 522/600] loss=2.9563  pred=true   gold=true  running‐acc=0.753
Locality eval: pred=n/a               gold=n/a  correct=True  running‐acc=0.927
[ 523/600] loss=3.2242  pred=n/a    gold=n/a  running‐acc=0.753
Locality eval: pred=true.             gold=true  correct=True  running‐acc=0.927
[ 524/600] loss=2.3851  pred=true.  gold=true  running‐acc=0.754
Locality eval: pred=n/a               gold=n/a  correct=True  running‐acc=0.927
[ 525/600] loss=2.8479  pred=true   gold=true  running‐acc=0.754
Locality eval: pred=n/a               gold=n/a  correct=True  running‐acc=0.928
[ 526/600] loss=2.8578  pred=true   gold=true  running‐acc=0.755
Locality eval: pred=n/a               gold=n/a  correct=True  running‐acc=0.928
[ 527/600] loss=3.1392  pred=n/a    gold=n/a  running‐acc=0.755
Locality eval: pred=true.             gold=true  correct=True  running‐acc=0.928
[ 528/600] loss=3.3542  pred=true   gold=true  running‐acc=0.756
Locality eval: pred=n/a               gold=n/a  correct=True  running‐acc=0.928
[ 529/600] loss=2.7186  pred=false.  gold=n/a  running‐acc=0.754
Locality eval: pred=true              gold=true  correct=True  running‐acc=0.928
[ 530/600] loss=3.1236  pred=true   gold=true  running‐acc=0.755
Locality eval: pred=n/a               gold=n/a  correct=True  running‐acc=0.928
[ 531/600] loss=3.1768  pred=n/a    gold=n/a  running‐acc=0.755
Locality eval: pred=true.             gold=true  correct=True  running‐acc=0.928
[ 532/600] loss=3.2600  pred=true   gold=true  running‐acc=0.756
Locality eval: pred=n/a               gold=n/a  correct=True  running‐acc=0.929
[ 533/600] loss=3.3445  pred=n/a    gold=n/a  running‐acc=0.756
Locality eval: pred=true              gold=true  correct=True  running‐acc=0.929
[ 534/600] loss=3.1081  pred=true   gold=true  running‐acc=0.757
Locality eval: pred=n/a               gold=n/a  correct=True  running‐acc=0.929
[ 535/600] loss=2.7426  pred=true   gold=true  running‐acc=0.757
Locality eval: pred=n/a               gold=n/a  correct=True  running‐acc=0.929
[ 536/600] loss=3.8017  pred=true   gold=true  running‐acc=0.757
Locality eval: pred=n/a               gold=n/a  correct=True  running‐acc=0.929
[ 537/600] loss=2.6579  pred=n/a    gold=n/a  running‐acc=0.758
Locality eval: pred=true.             gold=true  correct=True  running‐acc=0.929
[ 538/600] loss=3.3393  pred=true   gold=true  running‐acc=0.758
Locality eval: pred=n/a               gold=n/a  correct=True  running‐acc=0.929
[ 539/600] loss=2.9793  pred=true   gold=true  running‐acc=0.759
Locality eval: pred=n/a               gold=n/a  correct=True  running‐acc=0.929
[ 540/600] loss=3.3472  pred=true   gold=n/a  running‐acc=0.757
Locality eval: pred=true              gold=true  correct=True  running‐acc=0.930
[ 541/600] loss=3.2341  pred=true.  gold=n/a  running‐acc=0.756
Locality eval: pred=true              gold=true  correct=True  running‐acc=0.930
[ 542/600] loss=2.5796  pred=n/a    gold=n/a  running‐acc=0.756
Locality eval: pred=n/a               gold=true  correct=False  running‐acc=0.928
[ 543/600] loss=2.8898  pred=n/a    gold=n/a  running‐acc=0.757
Locality eval: pred=true.             gold=true  correct=True  running‐acc=0.928
[ 544/600] loss=3.2414  pred=true   gold=n/a  running‐acc=0.756
Locality eval: pred=true.             gold=true  correct=True  running‐acc=0.928
[ 545/600] loss=3.2995  pred=false  gold=true  running‐acc=0.754
Locality eval: pred=n/a               gold=n/a  correct=True  running‐acc=0.928
[ 546/600] loss=3.1092  pred=n/a    gold=n/a  running‐acc=0.755
Locality eval: pred=true              gold=true  correct=True  running‐acc=0.929
[ 547/600] loss=3.2637  pred=true   gold=true  running‐acc=0.755
Locality eval: pred=n/a               gold=n/a  correct=True  running‐acc=0.929
[ 548/600] loss=3.1762  pred=true   gold=true  running‐acc=0.755
Locality eval: pred=n/a               gold=n/a  correct=True  running‐acc=0.929
[ 549/600] loss=2.7486  pred=n/a    gold=true  running‐acc=0.754
Locality eval: pred=n/a               gold=n/a  correct=True  running‐acc=0.929
[ 550/600] loss=2.9038  pred=n/a    gold=n/a  running‐acc=0.755
Locality eval: pred=true              gold=true  correct=True  running‐acc=0.929
[ 551/600] loss=2.8506  pred=true   gold=true  running‐acc=0.755
Locality eval: pred=n/a               gold=n/a  correct=True  running‐acc=0.929
[ 552/600] loss=2.5066  pred=false.  gold=n/a  running‐acc=0.754
Locality eval: pred=true              gold=true  correct=True  running‐acc=0.929
[ 553/600] loss=2.6930  pred=true   gold=n/a  running‐acc=0.752
Locality eval: pred=false.            gold=true  correct=False  running‐acc=0.928
[ 554/600] loss=2.9160  pred=true   gold=true  running‐acc=0.753
Locality eval: pred=n/a               gold=n/a  correct=True  running‐acc=0.928
[ 555/600] loss=2.6731  pred=n/a    gold=n/a  running‐acc=0.753
Locality eval: pred=true.             gold=true  correct=True  running‐acc=0.928
[ 556/600] loss=2.9283  pred=n/a    gold=n/a  running‐acc=0.754
Locality eval: pred=true.             gold=true  correct=True  running‐acc=0.928
[ 557/600] loss=2.9627  pred=n/a    gold=n/a  running‐acc=0.754
Locality eval: pred=true              gold=true  correct=True  running‐acc=0.928
[ 558/600] loss=2.9193  pred=true   gold=true  running‐acc=0.754
Locality eval: pred=n/a               gold=n/a  correct=True  running‐acc=0.928
[ 559/600] loss=3.2129  pred=true.  gold=true  running‐acc=0.755
Locality eval: pred=n/a               gold=n/a  correct=True  running‐acc=0.928
[ 560/600] loss=2.8147  pred=n/a    gold=n/a  running‐acc=0.755
Locality eval: pred=n/a               gold=true  correct=False  running‐acc=0.927
[ 561/600] loss=3.1473  pred=true.  gold=true  running‐acc=0.756
Locality eval: pred=n/a               gold=n/a  correct=True  running‐acc=0.927
[ 562/600] loss=2.1693  pred=true   gold=true  running‐acc=0.756
Locality eval: pred=n/a               gold=n/a  correct=True  running‐acc=0.927
[ 563/600] loss=3.1038  pred=n/a    gold=n/a  running‐acc=0.757
Locality eval: pred=true              gold=true  correct=True  running‐acc=0.927
[ 564/600] loss=3.2078  pred=n/a    gold=true  running‐acc=0.755
Locality eval: pred=n/a               gold=n/a  correct=True  running‐acc=0.927
[ 565/600] loss=2.6384  pred=n/a    gold=n/a  running‐acc=0.756
Locality eval: pred=true              gold=true  correct=True  running‐acc=0.927
[ 566/600] loss=2.9044  pred=true   gold=true  running‐acc=0.756
Locality eval: pred=n/a               gold=n/a  correct=True  running‐acc=0.928
[ 567/600] loss=3.3927  pred=true.  gold=true  running‐acc=0.757
Locality eval: pred=n/a               gold=n/a  correct=True  running‐acc=0.928
[ 568/600] loss=3.1565  pred=false  gold=n/a  running‐acc=0.755
Locality eval: pred=true              gold=true  correct=True  running‐acc=0.928
[ 569/600] loss=2.8883  pred=true   gold=true  running‐acc=0.756
Locality eval: pred=n/a               gold=n/a  correct=True  running‐acc=0.928
[ 570/600] loss=3.2975  pred=true   gold=true  running‐acc=0.756
Locality eval: pred=n/a               gold=n/a  correct=True  running‐acc=0.928
[ 571/600] loss=2.1964  pred=n/a    gold=true  running‐acc=0.755
Locality eval: pred=n/a               gold=n/a  correct=True  running‐acc=0.928
[ 572/600] loss=3.1593  pred=n/a    gold=true  running‐acc=0.753
Locality eval: pred=n/a               gold=n/a  correct=True  running‐acc=0.928
[ 573/600] loss=3.9924  pred=true   gold=true  running‐acc=0.754
Locality eval: pred=n/a               gold=n/a  correct=True  running‐acc=0.928
[ 574/600] loss=3.1188  pred=n/a    gold=true  running‐acc=0.753
Locality eval: pred=n/a               gold=n/a  correct=True  running‐acc=0.929
[ 575/600] loss=3.6428  pred=true   gold=true  running‐acc=0.753
Locality eval: pred=n/a               gold=n/a  correct=True  running‐acc=0.929
[ 576/600] loss=3.0407  pred=false.  gold=true  running‐acc=0.752
Locality eval: pred=n/a               gold=n/a  correct=True  running‐acc=0.929
[ 577/600] loss=2.4964  pred=true   gold=true  running‐acc=0.752
Locality eval: pred=n/a               gold=n/a  correct=True  running‐acc=0.929
[ 578/600] loss=2.8833  pred=n/a    gold=n/a  running‐acc=0.753
Locality eval: pred=true              gold=true  correct=True  running‐acc=0.929
[ 579/600] loss=2.8090  pred=n/a    gold=true  running‐acc=0.751
Locality eval: pred=n/a               gold=n/a  correct=True  running‐acc=0.929
[ 580/600] loss=2.5322  pred=n/a    gold=n/a  running‐acc=0.752
Locality eval: pred=true              gold=true  correct=True  running‐acc=0.929
[ 581/600] loss=3.2764  pred=n/a    gold=n/a  running‐acc=0.752
Locality eval: pred=true              gold=true  correct=True  running‐acc=0.929
[ 582/600] loss=2.7395  pred=n/a    gold=n/a  running‐acc=0.753
Locality eval: pred=true              gold=true  correct=True  running‐acc=0.930
[ 583/600] loss=3.1552  pred=n/a    gold=n/a  running‐acc=0.753
Locality eval: pred=true              gold=true  correct=True  running‐acc=0.930
[ 584/600] loss=3.0092  pred=n/a    gold=n/a  running‐acc=0.753
Locality eval: pred=true              gold=true  correct=True  running‐acc=0.930
[ 585/600] loss=2.3189  pred=false.  gold=n/a  running‐acc=0.752
Locality eval: pred=true              gold=true  correct=True  running‐acc=0.930
[ 586/600] loss=2.2870  pred=n/a    gold=n/a  running‐acc=0.753
Locality eval: pred=true              gold=true  correct=True  running‐acc=0.930
[ 587/600] loss=3.3735  pred=true   gold=true  running‐acc=0.753
Locality eval: pred=n/a               gold=n/a  correct=True  running‐acc=0.930
[ 588/600] loss=2.7152  pred=n/a    gold=true  running‐acc=0.752
Locality eval: pred=n/a               gold=n/a  correct=True  running‐acc=0.930
[ 589/600] loss=2.9320  pred=n/a    gold=true  running‐acc=0.750
Locality eval: pred=n/a               gold=n/a  correct=True  running‐acc=0.930
[ 590/600] loss=3.2911  pred=true   gold=true  running‐acc=0.751
Locality eval: pred=n/a               gold=n/a  correct=True  running‐acc=0.931
[ 591/600] loss=3.5193  pred=true   gold=true  running‐acc=0.751
Locality eval: pred=n/a               gold=n/a  correct=True  running‐acc=0.931
[ 592/600] loss=3.0046  pred=true   gold=n/a  running‐acc=0.750
Locality eval: pred=true.             gold=true  correct=True  running‐acc=0.931
[ 593/600] loss=3.1570  pred=true   gold=true  running‐acc=0.750
Locality eval: pred=n/a               gold=n/a  correct=True  running‐acc=0.931
[ 594/600] loss=1.5649  pred=true.  gold=n/a  running‐acc=0.749
Locality eval: pred=true.             gold=true  correct=True  running‐acc=0.931
[ 595/600] loss=3.1804  pred=true   gold=true  running‐acc=0.750
Locality eval: pred=n/a               gold=n/a  correct=True  running‐acc=0.931
[ 596/600] loss=2.5015  pred=true   gold=n/a  running‐acc=0.748
Locality eval: pred=true.             gold=true  correct=True  running‐acc=0.931
[ 597/600] loss=3.1735  pred=n/a    gold=n/a  running‐acc=0.749
Locality eval: pred=true              gold=true  correct=True  running‐acc=0.931
[ 598/600] loss=2.7404  pred=n/a    gold=true  running‐acc=0.747
Locality eval: pred=n/a               gold=n/a  correct=True  running‐acc=0.931
[ 599/600] loss=2.0241  pred=true.  gold=true  running‐acc=0.748
Locality eval: pred=n/a               gold=n/a  correct=True  running‐acc=0.932
[ 600/600] loss=2.8151  pred=n/a    gold=n/a  running‐acc=0.748
Locality eval: pred=true.             gold=true  correct=True  running‐acc=0.932

Finished in 1665.0s.  Final accuracy: 0.748.

