
Loading base model (4‐bit)…
Loading checkpoint shards:   0%|          | 0/2 [00:00<?, ?it/s]Loading checkpoint shards: 100%|██████████| 2/2 [00:00<00:00, 33.35it/s]
trainable params: 8,388,608 || all params: 6,746,804,224 || trainable%: 0.1243
  0%|          | 0/600 [00:00<?, ?it/s]100%|██████████| 600/600 [00:00<00:00, 30937.91it/s]
/project/uvadm/zhenyu/miniconda3/envs/mechanistic/lib/python3.10/site-packages/transformers/generation/configuration_utils.py:631: UserWarning: `do_sample` is set to `False`. However, `temperature` is set to `0.6` -- this flag is only used in sample-based generation modes. You should set `do_sample=True` or unset `temperature`.
  warnings.warn(
/project/uvadm/zhenyu/miniconda3/envs/mechanistic/lib/python3.10/site-packages/transformers/generation/configuration_utils.py:636: UserWarning: `do_sample` is set to `False`. However, `top_p` is set to `0.9` -- this flag is only used in sample-based generation modes. You should set `do_sample=True` or unset `top_p`.
  warnings.warn(
Loaded 600 (train, eval) pairs.

Starting sequential training…
Cached 128 LoRA tensors.
[   1/600] loss=0.0032  pred=true   gold=true  running‐acc=1.000
Locality eval: pred=true              gold=n/a  correct=False  running‐acc=0.000
[   2/600] loss=0.0012  pred=true   gold=true  running‐acc=1.000
Locality eval: pred=true              gold=n/a  correct=False  running‐acc=0.000
[   3/600] loss=0.0010  pred=true   gold=true  running‐acc=1.000
Locality eval: pred=true              gold=n/a  correct=False  running‐acc=0.000
[   4/600] loss=0.0045  pred=true   gold=true  running‐acc=1.000
Locality eval: pred=true              gold=n/a  correct=False  running‐acc=0.000
[   5/600] loss=0.0027  pred=true   gold=true  running‐acc=1.000
Locality eval: pred=true              gold=n/a  correct=False  running‐acc=0.000
[   6/600] loss=0.0143  pred=true   gold=true  running‐acc=1.000
Locality eval: pred=true              gold=n/a  correct=False  running‐acc=0.000
[   7/600] loss=0.0129  pred=n/a    gold=n/a  running‐acc=1.000
Locality eval: pred=n/a               gold=true  correct=False  running‐acc=0.000
[   8/600] loss=0.0052  pred=n/a    gold=n/a  running‐acc=1.000
Locality eval: pred=n/a               gold=true  correct=False  running‐acc=0.000
[   9/600] loss=0.0007  pred=true   gold=true  running‐acc=1.000
Locality eval: pred=true              gold=n/a  correct=False  running‐acc=0.000
[  10/600] loss=0.0007  pred=true   gold=true  running‐acc=1.000
Locality eval: pred=false             gold=n/a  correct=False  running‐acc=0.000
[  11/600] loss=0.0021  pred=true   gold=true  running‐acc=1.000
Locality eval: pred=n/a               gold=n/a  correct=True  running‐acc=0.091
[  12/600] loss=0.0015  pred=true   gold=true  running‐acc=1.000
Locality eval: pred=false             gold=n/a  correct=False  running‐acc=0.083
[  13/600] loss=0.0010  pred=n/a    gold=n/a  running‐acc=1.000
Locality eval: pred=n/a               gold=true  correct=False  running‐acc=0.077
[  14/600] loss=0.0194  pred=n/a    gold=n/a  running‐acc=1.000
Locality eval: pred=n/a               gold=true  correct=False  running‐acc=0.071
[  15/600] loss=0.0004  pred=true   gold=true  running‐acc=1.000
Locality eval: pred=true              gold=n/a  correct=False  running‐acc=0.067
[  16/600] loss=0.0040  pred=n/a    gold=n/a  running‐acc=1.000
Locality eval: pred=n/a               gold=true  correct=False  running‐acc=0.062
[  17/600] loss=0.0213  pred=n/a    gold=n/a  running‐acc=1.000
Locality eval: pred=n/a               gold=true  correct=False  running‐acc=0.059
[  18/600] loss=0.0019  pred=true   gold=true  running‐acc=1.000
Locality eval: pred=true              gold=n/a  correct=False  running‐acc=0.056
[  19/600] loss=0.0014  pred=true   gold=true  running‐acc=1.000
Locality eval: pred=false             gold=n/a  correct=False  running‐acc=0.053
[  20/600] loss=0.0092  pred=n/a    gold=n/a  running‐acc=1.000
Locality eval: pred=n/a               gold=true  correct=False  running‐acc=0.050
[  21/600] loss=0.0176  pred=n/a    gold=n/a  running‐acc=1.000
Locality eval: pred=n/a               gold=true  correct=False  running‐acc=0.048
[  22/600] loss=0.0251  pred=n/a    gold=n/a  running‐acc=1.000
Locality eval: pred=n/a               gold=true  correct=False  running‐acc=0.045
[  23/600] loss=0.0201  pred=n/a    gold=n/a  running‐acc=1.000
Locality eval: pred=n/a               gold=true  correct=False  running‐acc=0.043
[  24/600] loss=0.0097  pred=n/a    gold=n/a  running‐acc=1.000
Locality eval: pred=true              gold=true  correct=True  running‐acc=0.083
[  25/600] loss=0.0103  pred=true   gold=true  running‐acc=1.000
Locality eval: pred=true              gold=n/a  correct=False  running‐acc=0.080
[  26/600] loss=0.0018  pred=n/a    gold=n/a  running‐acc=1.000
Locality eval: pred=n/a               gold=true  correct=False  running‐acc=0.077
[  27/600] loss=0.0013  pred=n/a    gold=n/a  running‐acc=1.000
Locality eval: pred=n/a               gold=true  correct=False  running‐acc=0.074
[  28/600] loss=0.0145  pred=n/a    gold=n/a  running‐acc=1.000
Locality eval: pred=n/a               gold=true  correct=False  running‐acc=0.071
[  29/600] loss=0.0183  pred=n/a    gold=n/a  running‐acc=1.000
Locality eval: pred=n/a               gold=true  correct=False  running‐acc=0.069
[  30/600] loss=0.0204  pred=n/a    gold=n/a  running‐acc=1.000
Locality eval: pred=n/a               gold=true  correct=False  running‐acc=0.067
[  31/600] loss=0.0006  pred=true   gold=true  running‐acc=1.000
Locality eval: pred=false             gold=n/a  correct=False  running‐acc=0.065
[  32/600] loss=0.0049  pred=n/a    gold=n/a  running‐acc=1.000
Locality eval: pred=n/a               gold=true  correct=False  running‐acc=0.062
[  33/600] loss=0.0089  pred=n/a    gold=n/a  running‐acc=1.000
Locality eval: pred=n/a               gold=true  correct=False  running‐acc=0.061
[  34/600] loss=0.0077  pred=n/a    gold=n/a  running‐acc=1.000
Locality eval: pred=n/a               gold=true  correct=False  running‐acc=0.059
[  35/600] loss=0.0031  pred=true   gold=true  running‐acc=1.000
Locality eval: pred=n/a               gold=n/a  correct=True  running‐acc=0.086
[  36/600] loss=0.0031  pred=n/a    gold=n/a  running‐acc=1.000
Locality eval: pred=true              gold=true  correct=True  running‐acc=0.111
[  37/600] loss=0.0011  pred=true   gold=true  running‐acc=1.000
Locality eval: pred=true              gold=n/a  correct=False  running‐acc=0.108
[  38/600] loss=0.0156  pred=n/a    gold=n/a  running‐acc=1.000
Locality eval: pred=n/a               gold=true  correct=False  running‐acc=0.105
[  39/600] loss=0.0012  pred=true   gold=true  running‐acc=1.000
Locality eval: pred=true              gold=n/a  correct=False  running‐acc=0.103
[  40/600] loss=0.0006  pred=true   gold=true  running‐acc=1.000
Locality eval: pred=true              gold=n/a  correct=False  running‐acc=0.100
[  41/600] loss=0.0040  pred=true   gold=true  running‐acc=1.000
Locality eval: pred=true              gold=n/a  correct=False  running‐acc=0.098
[  42/600] loss=0.0046  pred=n/a    gold=n/a  running‐acc=1.000
Locality eval: pred=n/a               gold=true  correct=False  running‐acc=0.095
[  43/600] loss=0.0006  pred=true   gold=true  running‐acc=1.000
Locality eval: pred=true              gold=n/a  correct=False  running‐acc=0.093
[  44/600] loss=0.0130  pred=n/a    gold=n/a  running‐acc=1.000
Locality eval: pred=n/a               gold=true  correct=False  running‐acc=0.091
[  45/600] loss=0.0004  pred=n/a    gold=n/a  running‐acc=1.000
Locality eval: pred=n/a               gold=true  correct=False  running‐acc=0.089
[  46/600] loss=0.0107  pred=true   gold=true  running‐acc=1.000
Locality eval: pred=true              gold=n/a  correct=False  running‐acc=0.087
[  47/600] loss=0.0019  pred=true   gold=true  running‐acc=1.000
Locality eval: pred=true              gold=n/a  correct=False  running‐acc=0.085
[  48/600] loss=0.0175  pred=n/a    gold=n/a  running‐acc=1.000
Locality eval: pred=n/a               gold=true  correct=False  running‐acc=0.083
[  49/600] loss=0.0006  pred=true   gold=true  running‐acc=1.000
Locality eval: pred=true              gold=n/a  correct=False  running‐acc=0.082
[  50/600] loss=0.0241  pred=n/a    gold=n/a  running‐acc=1.000
Locality eval: pred=n/a               gold=true  correct=False  running‐acc=0.080
[  51/600] loss=0.0052  pred=true   gold=true  running‐acc=1.000
Locality eval: pred=true              gold=n/a  correct=False  running‐acc=0.078
[  52/600] loss=0.0044  pred=true   gold=true  running‐acc=1.000
Locality eval: pred=true              gold=n/a  correct=False  running‐acc=0.077
[  53/600] loss=0.0226  pred=n/a    gold=n/a  running‐acc=1.000
Locality eval: pred=n/a               gold=true  correct=False  running‐acc=0.075
[  54/600] loss=0.0029  pred=true   gold=true  running‐acc=1.000
Locality eval: pred=false             gold=n/a  correct=False  running‐acc=0.074
[  55/600] loss=0.0125  pred=n/a    gold=n/a  running‐acc=1.000
Locality eval: pred=n/a               gold=true  correct=False  running‐acc=0.073
[  56/600] loss=0.0088  pred=n/a    gold=n/a  running‐acc=1.000
Locality eval: pred=true              gold=true  correct=True  running‐acc=0.089
[  57/600] loss=0.0036  pred=true   gold=true  running‐acc=1.000
Locality eval: pred=true              gold=n/a  correct=False  running‐acc=0.088
[  58/600] loss=0.0024  pred=true   gold=true  running‐acc=1.000
Locality eval: pred=true              gold=n/a  correct=False  running‐acc=0.086
[  59/600] loss=0.0017  pred=true   gold=true  running‐acc=1.000
Locality eval: pred=true              gold=n/a  correct=False  running‐acc=0.085
[  60/600] loss=0.0012  pred=true   gold=true  running‐acc=1.000
Locality eval: pred=true              gold=n/a  correct=False  running‐acc=0.083
[  61/600] loss=0.0009  pred=true   gold=true  running‐acc=1.000
Locality eval: pred=false             gold=n/a  correct=False  running‐acc=0.082
[  62/600] loss=0.0014  pred=true   gold=true  running‐acc=1.000
Locality eval: pred=true              gold=n/a  correct=False  running‐acc=0.081
[  63/600] loss=0.0055  pred=n/a    gold=n/a  running‐acc=1.000
Locality eval: pred=n/a               gold=true  correct=False  running‐acc=0.079
[  64/600] loss=0.0036  pred=n/a    gold=n/a  running‐acc=1.000
Locality eval: pred=n/a               gold=true  correct=False  running‐acc=0.078
[  65/600] loss=0.0316  pred=n/a    gold=n/a  running‐acc=1.000
Locality eval: pred=n/a               gold=true  correct=False  running‐acc=0.077
[  66/600] loss=0.0033  pred=true   gold=true  running‐acc=1.000
Locality eval: pred=true              gold=n/a  correct=False  running‐acc=0.076
[  67/600] loss=0.0033  pred=true   gold=true  running‐acc=1.000
Locality eval: pred=true              gold=n/a  correct=False  running‐acc=0.075
[  68/600] loss=0.0015  pred=true   gold=true  running‐acc=1.000
Locality eval: pred=true              gold=n/a  correct=False  running‐acc=0.074
[  69/600] loss=0.0074  pred=n/a    gold=n/a  running‐acc=1.000
Locality eval: pred=n/a               gold=true  correct=False  running‐acc=0.072
[  70/600] loss=0.0066  pred=n/a    gold=n/a  running‐acc=1.000
Locality eval: pred=n/a               gold=true  correct=False  running‐acc=0.071
[  71/600] loss=0.0030  pred=n/a    gold=n/a  running‐acc=1.000
Locality eval: pred=n/a               gold=true  correct=False  running‐acc=0.070
[  72/600] loss=0.0052  pred=n/a    gold=n/a  running‐acc=1.000
Locality eval: pred=n/a               gold=true  correct=False  running‐acc=0.069
[  73/600] loss=0.0037  pred=true   gold=true  running‐acc=1.000
Locality eval: pred=false             gold=n/a  correct=False  running‐acc=0.068
[  74/600] loss=0.0043  pred=n/a    gold=n/a  running‐acc=1.000
Locality eval: pred=n/a               gold=true  correct=False  running‐acc=0.068
[  75/600] loss=0.0230  pred=n/a    gold=n/a  running‐acc=1.000
Locality eval: pred=n/a               gold=true  correct=False  running‐acc=0.067
[  76/600] loss=0.0026  pred=true   gold=true  running‐acc=1.000
Locality eval: pred=true              gold=n/a  correct=False  running‐acc=0.066
[  77/600] loss=0.0056  pred=true   gold=true  running‐acc=1.000
Locality eval: pred=true              gold=n/a  correct=False  running‐acc=0.065
[  78/600] loss=0.0061  pred=n/a    gold=n/a  running‐acc=1.000
Locality eval: pred=n/a               gold=true  correct=False  running‐acc=0.064
[  79/600] loss=0.0014  pred=true   gold=true  running‐acc=1.000
Locality eval: pred=true              gold=n/a  correct=False  running‐acc=0.063
[  80/600] loss=0.0112  pred=n/a    gold=n/a  running‐acc=1.000
Locality eval: pred=n/a               gold=true  correct=False  running‐acc=0.062
[  81/600] loss=0.0267  pred=n/a    gold=n/a  running‐acc=1.000
Locality eval: pred=n/a               gold=true  correct=False  running‐acc=0.062
[  82/600] loss=0.0016  pred=true   gold=true  running‐acc=1.000
Locality eval: pred=true              gold=n/a  correct=False  running‐acc=0.061
[  83/600] loss=0.0368  pred=n/a    gold=n/a  running‐acc=1.000
Locality eval: pred=n/a               gold=true  correct=False  running‐acc=0.060
[  84/600] loss=0.0056  pred=true   gold=true  running‐acc=1.000
Locality eval: pred=true              gold=n/a  correct=False  running‐acc=0.060
[  85/600] loss=0.0039  pred=n/a    gold=n/a  running‐acc=1.000
Locality eval: pred=n/a               gold=true  correct=False  running‐acc=0.059
[  86/600] loss=0.0100  pred=n/a    gold=n/a  running‐acc=1.000
Locality eval: pred=n/a               gold=true  correct=False  running‐acc=0.058
[  87/600] loss=0.0272  pred=n/a    gold=n/a  running‐acc=1.000
Locality eval: pred=n/a               gold=true  correct=False  running‐acc=0.057
[  88/600] loss=0.0031  pred=true   gold=true  running‐acc=1.000
Locality eval: pred=false             gold=n/a  correct=False  running‐acc=0.057
[  89/600] loss=0.0006  pred=true   gold=true  running‐acc=1.000
Locality eval: pred=true              gold=n/a  correct=False  running‐acc=0.056
[  90/600] loss=0.0020  pred=n/a    gold=n/a  running‐acc=1.000
Locality eval: pred=n/a               gold=true  correct=False  running‐acc=0.056
[  91/600] loss=0.0043  pred=n/a    gold=n/a  running‐acc=1.000
Locality eval: pred=n/a               gold=true  correct=False  running‐acc=0.055
[  92/600] loss=0.0003  pred=true   gold=true  running‐acc=1.000
Locality eval: pred=true              gold=n/a  correct=False  running‐acc=0.054
[  93/600] loss=0.0074  pred=n/a    gold=n/a  running‐acc=1.000
Locality eval: pred=true              gold=true  correct=True  running‐acc=0.065
[  94/600] loss=0.0026  pred=n/a    gold=n/a  running‐acc=1.000
Locality eval: pred=n/a               gold=true  correct=False  running‐acc=0.064
[  95/600] loss=0.0016  pred=true   gold=true  running‐acc=1.000
Locality eval: pred=true              gold=n/a  correct=False  running‐acc=0.063
[  96/600] loss=0.0022  pred=n/a    gold=n/a  running‐acc=1.000
Locality eval: pred=n/a               gold=true  correct=False  running‐acc=0.062
[  97/600] loss=0.0022  pred=n/a    gold=n/a  running‐acc=1.000
Locality eval: pred=n/a               gold=true  correct=False  running‐acc=0.062
[  98/600] loss=0.0292  pred=n/a    gold=n/a  running‐acc=1.000
Locality eval: pred=n/a               gold=true  correct=False  running‐acc=0.061
[  99/600] loss=0.0072  pred=true   gold=true  running‐acc=1.000
Locality eval: pred=true              gold=n/a  correct=False  running‐acc=0.061
[ 100/600] loss=0.0015  pred=true   gold=true  running‐acc=1.000
Locality eval: pred=true              gold=n/a  correct=False  running‐acc=0.060
[ 101/600] loss=0.0029  pred=n/a    gold=n/a  running‐acc=1.000
Locality eval: pred=n/a               gold=true  correct=False  running‐acc=0.059
[ 102/600] loss=0.0009  pred=true   gold=true  running‐acc=1.000
Locality eval: pred=true              gold=n/a  correct=False  running‐acc=0.059
[ 103/600] loss=0.0097  pred=n/a    gold=n/a  running‐acc=1.000
Locality eval: pred=n/a               gold=true  correct=False  running‐acc=0.058
[ 104/600] loss=0.0013  pred=true   gold=true  running‐acc=1.000
Locality eval: pred=false             gold=n/a  correct=False  running‐acc=0.058
[ 105/600] loss=0.0002  pred=true   gold=true  running‐acc=1.000
Locality eval: pred=true              gold=n/a  correct=False  running‐acc=0.057
[ 106/600] loss=0.0006  pred=true   gold=true  running‐acc=1.000
Locality eval: pred=true              gold=n/a  correct=False  running‐acc=0.057
[ 107/600] loss=0.0019  pred=true   gold=true  running‐acc=1.000
Locality eval: pred=true              gold=n/a  correct=False  running‐acc=0.056
[ 108/600] loss=0.0030  pred=true   gold=true  running‐acc=1.000
Locality eval: pred=true              gold=n/a  correct=False  running‐acc=0.056
[ 109/600] loss=0.0008  pred=true   gold=true  running‐acc=1.000
Locality eval: pred=n/a               gold=n/a  correct=True  running‐acc=0.064
[ 110/600] loss=0.0007  pred=true   gold=true  running‐acc=1.000
Locality eval: pred=true              gold=n/a  correct=False  running‐acc=0.064
[ 111/600] loss=0.0006  pred=true   gold=true  running‐acc=1.000
Locality eval: pred=true              gold=n/a  correct=False  running‐acc=0.063
[ 112/600] loss=0.0050  pred=true   gold=true  running‐acc=1.000
Locality eval: pred=true              gold=n/a  correct=False  running‐acc=0.062
[ 113/600] loss=0.0034  pred=n/a    gold=n/a  running‐acc=1.000
Locality eval: pred=n/a               gold=true  correct=False  running‐acc=0.062
[ 114/600] loss=0.0072  pred=n/a    gold=n/a  running‐acc=1.000
Locality eval: pred=n/a               gold=true  correct=False  running‐acc=0.061
[ 115/600] loss=0.0058  pred=n/a    gold=n/a  running‐acc=1.000
Locality eval: pred=n/a               gold=true  correct=False  running‐acc=0.061
[ 116/600] loss=0.0008  pred=true   gold=true  running‐acc=1.000
Locality eval: pred=false             gold=n/a  correct=False  running‐acc=0.060
[ 117/600] loss=0.0075  pred=n/a    gold=n/a  running‐acc=1.000
Locality eval: pred=n/a               gold=true  correct=False  running‐acc=0.060
[ 118/600] loss=0.0061  pred=n/a    gold=n/a  running‐acc=1.000
Locality eval: pred=n/a               gold=true  correct=False  running‐acc=0.059
[ 119/600] loss=0.0247  pred=n/a    gold=n/a  running‐acc=1.000
Locality eval: pred=n/a               gold=true  correct=False  running‐acc=0.059
[ 120/600] loss=0.0018  pred=n/a    gold=n/a  running‐acc=1.000
Locality eval: pred=n/a               gold=true  correct=False  running‐acc=0.058
[ 121/600] loss=0.0007  pred=true   gold=true  running‐acc=1.000
Locality eval: pred=true              gold=n/a  correct=False  running‐acc=0.058
[ 122/600] loss=0.0033  pred=true   gold=true  running‐acc=1.000
Locality eval: pred=true              gold=n/a  correct=False  running‐acc=0.057
[ 123/600] loss=0.0070  pred=n/a    gold=n/a  running‐acc=1.000
Locality eval: pred=n/a               gold=true  correct=False  running‐acc=0.057
[ 124/600] loss=0.0085  pred=n/a    gold=n/a  running‐acc=1.000
Locality eval: pred=n/a               gold=true  correct=False  running‐acc=0.056
[ 125/600] loss=0.0226  pred=n/a    gold=n/a  running‐acc=1.000
Locality eval: pred=n/a               gold=true  correct=False  running‐acc=0.056
[ 126/600] loss=0.0010  pred=true   gold=true  running‐acc=1.000
Locality eval: pred=true              gold=n/a  correct=False  running‐acc=0.056
[ 127/600] loss=0.0003  pred=true   gold=true  running‐acc=1.000
Locality eval: pred=true              gold=n/a  correct=False  running‐acc=0.055
[ 128/600] loss=0.0290  pred=n/a    gold=n/a  running‐acc=1.000
Locality eval: pred=n/a               gold=true  correct=False  running‐acc=0.055
[ 129/600] loss=0.0013  pred=true   gold=true  running‐acc=1.000
Locality eval: pred=true              gold=n/a  correct=False  running‐acc=0.054
[ 130/600] loss=0.0170  pred=n/a    gold=n/a  running‐acc=1.000
Locality eval: pred=n/a               gold=true  correct=False  running‐acc=0.054
[ 131/600] loss=0.0004  pred=true   gold=true  running‐acc=1.000
Locality eval: pred=true              gold=n/a  correct=False  running‐acc=0.053
[ 132/600] loss=0.0042  pred=n/a    gold=n/a  running‐acc=1.000
Locality eval: pred=true              gold=true  correct=True  running‐acc=0.061
[ 133/600] loss=0.0086  pred=n/a    gold=n/a  running‐acc=1.000
Locality eval: pred=n/a               gold=true  correct=False  running‐acc=0.060
[ 134/600] loss=0.0033  pred=true   gold=true  running‐acc=1.000
Locality eval: pred=true              gold=n/a  correct=False  running‐acc=0.060
[ 135/600] loss=0.0002  pred=true   gold=true  running‐acc=1.000
Locality eval: pred=true              gold=n/a  correct=False  running‐acc=0.059
[ 136/600] loss=0.0087  pred=n/a    gold=n/a  running‐acc=1.000
Locality eval: pred=n/a               gold=true  correct=False  running‐acc=0.059
[ 137/600] loss=0.0007  pred=true   gold=true  running‐acc=1.000
Locality eval: pred=true              gold=n/a  correct=False  running‐acc=0.058
[ 138/600] loss=0.0024  pred=true   gold=true  running‐acc=1.000
Locality eval: pred=true              gold=n/a  correct=False  running‐acc=0.058
[ 139/600] loss=0.0042  pred=n/a    gold=n/a  running‐acc=1.000
Locality eval: pred=true              gold=true  correct=True  running‐acc=0.065
[ 140/600] loss=0.0081  pred=n/a    gold=n/a  running‐acc=1.000
Locality eval: pred=true              gold=true  correct=True  running‐acc=0.071
[ 141/600] loss=0.0112  pred=n/a    gold=n/a  running‐acc=1.000
Locality eval: pred=n/a               gold=true  correct=False  running‐acc=0.071
[ 142/600] loss=0.0004  pred=n/a    gold=n/a  running‐acc=1.000
Locality eval: pred=n/a               gold=true  correct=False  running‐acc=0.070
[ 143/600] loss=0.0004  pred=true   gold=true  running‐acc=1.000
Locality eval: pred=n/a               gold=n/a  correct=True  running‐acc=0.077
[ 144/600] loss=0.0037  pred=true   gold=true  running‐acc=1.000
Locality eval: pred=n/a               gold=n/a  correct=True  running‐acc=0.083
[ 145/600] loss=0.0015  pred=true   gold=true  running‐acc=1.000
Locality eval: pred=true              gold=n/a  correct=False  running‐acc=0.083
[ 146/600] loss=0.0003  pred=true   gold=true  running‐acc=1.000
Locality eval: pred=true              gold=n/a  correct=False  running‐acc=0.082
[ 147/600] loss=0.0204  pred=n/a    gold=n/a  running‐acc=1.000
Locality eval: pred=n/a               gold=true  correct=False  running‐acc=0.082
[ 148/600] loss=0.0011  pred=true   gold=true  running‐acc=1.000
Locality eval: pred=false             gold=n/a  correct=False  running‐acc=0.081
[ 149/600] loss=0.0045  pred=n/a    gold=n/a  running‐acc=1.000
Locality eval: pred=n/a               gold=true  correct=False  running‐acc=0.081
[ 150/600] loss=0.0009  pred=n/a    gold=n/a  running‐acc=1.000
Locality eval: pred=n/a               gold=true  correct=False  running‐acc=0.080
[ 151/600] loss=0.0004  pred=true   gold=true  running‐acc=1.000
Locality eval: pred=true              gold=n/a  correct=False  running‐acc=0.079
[ 152/600] loss=0.0026  pred=true   gold=true  running‐acc=1.000
Locality eval: pred=true              gold=n/a  correct=False  running‐acc=0.079
[ 153/600] loss=0.0223  pred=n/a    gold=n/a  running‐acc=1.000
Locality eval: pred=n/a               gold=true  correct=False  running‐acc=0.078
[ 154/600] loss=0.0046  pred=n/a    gold=n/a  running‐acc=1.000
Locality eval: pred=n/a               gold=true  correct=False  running‐acc=0.078
[ 155/600] loss=0.0002  pred=true   gold=true  running‐acc=1.000
Locality eval: pred=false             gold=n/a  correct=False  running‐acc=0.077
[ 156/600] loss=0.0038  pred=n/a    gold=n/a  running‐acc=1.000
Locality eval: pred=n/a               gold=true  correct=False  running‐acc=0.077
[ 157/600] loss=0.0040  pred=true   gold=true  running‐acc=1.000
Locality eval: pred=true              gold=n/a  correct=False  running‐acc=0.076
[ 158/600] loss=0.0038  pred=n/a    gold=n/a  running‐acc=1.000
Locality eval: pred=n/a               gold=true  correct=False  running‐acc=0.076
[ 159/600] loss=0.0175  pred=n/a    gold=n/a  running‐acc=1.000
Locality eval: pred=n/a               gold=true  correct=False  running‐acc=0.075
[ 160/600] loss=0.0120  pred=n/a    gold=n/a  running‐acc=1.000
Locality eval: pred=n/a               gold=true  correct=False  running‐acc=0.075
[ 161/600] loss=0.0023  pred=true   gold=true  running‐acc=1.000
Locality eval: pred=true              gold=n/a  correct=False  running‐acc=0.075
[ 162/600] loss=0.0022  pred=n/a    gold=n/a  running‐acc=1.000
Locality eval: pred=n/a               gold=true  correct=False  running‐acc=0.074
[ 163/600] loss=0.0067  pred=n/a    gold=n/a  running‐acc=1.000
Locality eval: pred=true              gold=true  correct=True  running‐acc=0.080
[ 164/600] loss=0.0149  pred=n/a    gold=n/a  running‐acc=1.000
Locality eval: pred=n/a               gold=true  correct=False  running‐acc=0.079
[ 165/600] loss=0.0019  pred=true   gold=true  running‐acc=1.000
Locality eval: pred=n/a               gold=n/a  correct=True  running‐acc=0.085
[ 166/600] loss=0.0031  pred=true   gold=true  running‐acc=1.000
Locality eval: pred=n/a               gold=n/a  correct=True  running‐acc=0.090
[ 167/600] loss=0.0144  pred=n/a    gold=n/a  running‐acc=1.000
Locality eval: pred=n/a               gold=true  correct=False  running‐acc=0.090
[ 168/600] loss=0.0015  pred=true   gold=true  running‐acc=1.000
Locality eval: pred=true              gold=n/a  correct=False  running‐acc=0.089
[ 169/600] loss=0.0030  pred=n/a    gold=n/a  running‐acc=1.000
Locality eval: pred=n/a               gold=true  correct=False  running‐acc=0.089
[ 170/600] loss=0.0057  pred=n/a    gold=n/a  running‐acc=1.000
Locality eval: pred=n/a               gold=true  correct=False  running‐acc=0.088
[ 171/600] loss=0.0022  pred=n/a    gold=n/a  running‐acc=1.000
Locality eval: pred=true              gold=true  correct=True  running‐acc=0.094
[ 172/600] loss=0.0021  pred=true   gold=true  running‐acc=1.000
Locality eval: pred=true              gold=n/a  correct=False  running‐acc=0.093
[ 173/600] loss=0.0147  pred=n/a    gold=n/a  running‐acc=1.000
Locality eval: pred=n/a               gold=true  correct=False  running‐acc=0.092
[ 174/600] loss=0.0073  pred=true   gold=true  running‐acc=1.000
Locality eval: pred=true              gold=n/a  correct=False  running‐acc=0.092
[ 175/600] loss=0.0054  pred=true   gold=true  running‐acc=1.000
Locality eval: pred=true              gold=n/a  correct=False  running‐acc=0.091
[ 176/600] loss=0.0216  pred=n/a    gold=n/a  running‐acc=1.000
Locality eval: pred=n/a               gold=true  correct=False  running‐acc=0.091
[ 177/600] loss=0.0011  pred=true   gold=true  running‐acc=1.000
Locality eval: pred=true              gold=n/a  correct=False  running‐acc=0.090
[ 178/600] loss=0.0121  pred=n/a    gold=n/a  running‐acc=1.000
Locality eval: pred=n/a               gold=true  correct=False  running‐acc=0.090
[ 179/600] loss=0.0119  pred=n/a    gold=n/a  running‐acc=1.000
Locality eval: pred=n/a               gold=true  correct=False  running‐acc=0.089
[ 180/600] loss=0.0007  pred=true   gold=true  running‐acc=1.000
Locality eval: pred=true              gold=n/a  correct=False  running‐acc=0.089
[ 181/600] loss=0.0184  pred=n/a    gold=n/a  running‐acc=1.000
Locality eval: pred=n/a               gold=true  correct=False  running‐acc=0.088
[ 182/600] loss=0.0055  pred=n/a    gold=n/a  running‐acc=1.000
Locality eval: pred=true              gold=true  correct=True  running‐acc=0.093
[ 183/600] loss=0.0057  pred=true   gold=true  running‐acc=1.000
Locality eval: pred=false             gold=n/a  correct=False  running‐acc=0.093
[ 184/600] loss=0.0006  pred=true   gold=true  running‐acc=1.000
Locality eval: pred=true              gold=n/a  correct=False  running‐acc=0.092
[ 185/600] loss=0.0083  pred=true   gold=true  running‐acc=1.000
Locality eval: pred=true              gold=n/a  correct=False  running‐acc=0.092
[ 186/600] loss=0.0008  pred=true   gold=true  running‐acc=1.000
Locality eval: pred=true              gold=n/a  correct=False  running‐acc=0.091
[ 187/600] loss=0.0088  pred=n/a    gold=n/a  running‐acc=1.000
Locality eval: pred=n/a               gold=true  correct=False  running‐acc=0.091
[ 188/600] loss=0.0322  pred=n/a    gold=n/a  running‐acc=1.000
Locality eval: pred=n/a               gold=true  correct=False  running‐acc=0.090
[ 189/600] loss=0.0015  pred=true   gold=true  running‐acc=1.000
Locality eval: pred=true              gold=n/a  correct=False  running‐acc=0.090
[ 190/600] loss=0.0202  pred=n/a    gold=n/a  running‐acc=1.000
Locality eval: pred=n/a               gold=true  correct=False  running‐acc=0.089
[ 191/600] loss=0.0025  pred=n/a    gold=n/a  running‐acc=1.000
Locality eval: pred=n/a               gold=true  correct=False  running‐acc=0.089
[ 192/600] loss=0.0301  pred=n/a    gold=n/a  running‐acc=1.000
Locality eval: pred=n/a               gold=true  correct=False  running‐acc=0.089
[ 193/600] loss=0.0036  pred=true   gold=true  running‐acc=1.000
Locality eval: pred=true              gold=n/a  correct=False  running‐acc=0.088
[ 194/600] loss=0.0012  pred=true   gold=true  running‐acc=1.000
Locality eval: pred=true              gold=n/a  correct=False  running‐acc=0.088
[ 195/600] loss=0.0036  pred=true   gold=true  running‐acc=1.000
Locality eval: pred=true              gold=n/a  correct=False  running‐acc=0.087
[ 196/600] loss=0.0058  pred=true   gold=true  running‐acc=1.000
Locality eval: pred=true              gold=n/a  correct=False  running‐acc=0.087
[ 197/600] loss=0.0011  pred=true   gold=true  running‐acc=1.000
Locality eval: pred=true              gold=n/a  correct=False  running‐acc=0.086
[ 198/600] loss=0.0144  pred=n/a    gold=n/a  running‐acc=1.000
Locality eval: pred=n/a               gold=true  correct=False  running‐acc=0.086
[ 199/600] loss=0.0069  pred=true   gold=true  running‐acc=1.000
Locality eval: pred=true              gold=n/a  correct=False  running‐acc=0.085
[ 200/600] loss=0.0026  pred=true   gold=true  running‐acc=1.000
Locality eval: pred=true              gold=n/a  correct=False  running‐acc=0.085
[ 201/600] loss=0.0249  pred=n/a    gold=n/a  running‐acc=1.000
Locality eval: pred=n/a               gold=true  correct=False  running‐acc=0.085
[ 202/600] loss=0.0249  pred=n/a    gold=n/a  running‐acc=1.000
Locality eval: pred=n/a               gold=true  correct=False  running‐acc=0.084
[ 203/600] loss=0.0007  pred=true   gold=true  running‐acc=1.000
Locality eval: pred=true              gold=n/a  correct=False  running‐acc=0.084
[ 204/600] loss=0.0006  pred=n/a    gold=n/a  running‐acc=1.000
Locality eval: pred=n/a               gold=true  correct=False  running‐acc=0.083
[ 205/600] loss=0.0027  pred=true   gold=true  running‐acc=1.000
Locality eval: pred=true              gold=n/a  correct=False  running‐acc=0.083
[ 206/600] loss=0.0198  pred=n/a    gold=n/a  running‐acc=1.000
Locality eval: pred=n/a               gold=true  correct=False  running‐acc=0.083
[ 207/600] loss=0.0031  pred=n/a    gold=n/a  running‐acc=1.000
Locality eval: pred=n/a               gold=true  correct=False  running‐acc=0.082
[ 208/600] loss=0.0003  pred=true   gold=true  running‐acc=1.000
Locality eval: pred=n/a               gold=n/a  correct=True  running‐acc=0.087
[ 209/600] loss=0.0065  pred=n/a    gold=n/a  running‐acc=1.000
Locality eval: pred=n/a               gold=true  correct=False  running‐acc=0.086
[ 210/600] loss=0.0268  pred=n/a    gold=n/a  running‐acc=1.000
Locality eval: pred=n/a               gold=true  correct=False  running‐acc=0.086
[ 211/600] loss=0.0014  pred=true   gold=true  running‐acc=1.000
Locality eval: pred=true              gold=n/a  correct=False  running‐acc=0.085
[ 212/600] loss=0.0026  pred=n/a    gold=n/a  running‐acc=1.000
Locality eval: pred=n/a               gold=true  correct=False  running‐acc=0.085
[ 213/600] loss=0.0023  pred=true   gold=true  running‐acc=1.000
Locality eval: pred=true              gold=n/a  correct=False  running‐acc=0.085
[ 214/600] loss=0.0047  pred=n/a    gold=n/a  running‐acc=1.000
Locality eval: pred=true              gold=true  correct=True  running‐acc=0.089
[ 215/600] loss=0.0003  pred=true   gold=true  running‐acc=1.000
Locality eval: pred=true              gold=n/a  correct=False  running‐acc=0.088
[ 216/600] loss=0.0092  pred=n/a    gold=n/a  running‐acc=1.000
Locality eval: pred=n/a               gold=true  correct=False  running‐acc=0.088
[ 217/600] loss=0.0005  pred=true   gold=true  running‐acc=1.000
Locality eval: pred=false             gold=n/a  correct=False  running‐acc=0.088
[ 218/600] loss=0.0378  pred=n/a    gold=n/a  running‐acc=1.000
Locality eval: pred=n/a               gold=true  correct=False  running‐acc=0.087
[ 219/600] loss=0.0035  pred=true   gold=true  running‐acc=1.000
Locality eval: pred=true              gold=n/a  correct=False  running‐acc=0.087
[ 220/600] loss=0.0176  pred=n/a    gold=n/a  running‐acc=1.000
Locality eval: pred=n/a               gold=true  correct=False  running‐acc=0.086
[ 221/600] loss=0.0143  pred=n/a    gold=n/a  running‐acc=1.000
Locality eval: pred=n/a               gold=true  correct=False  running‐acc=0.086
[ 222/600] loss=0.0172  pred=n/a    gold=n/a  running‐acc=1.000
Locality eval: pred=n/a               gold=true  correct=False  running‐acc=0.086
[ 223/600] loss=0.0140  pred=n/a    gold=n/a  running‐acc=1.000
Locality eval: pred=n/a               gold=true  correct=False  running‐acc=0.085
[ 224/600] loss=0.0184  pred=n/a    gold=n/a  running‐acc=1.000
Locality eval: pred=n/a               gold=true  correct=False  running‐acc=0.085
[ 225/600] loss=0.0223  pred=n/a    gold=n/a  running‐acc=1.000
Locality eval: pred=n/a               gold=true  correct=False  running‐acc=0.084
[ 226/600] loss=0.0026  pred=true   gold=true  running‐acc=1.000
Locality eval: pred=true              gold=n/a  correct=False  running‐acc=0.084
[ 227/600] loss=0.0072  pred=true   gold=n/a  running‐acc=0.996
Locality eval: pred=n/a               gold=true  correct=False  running‐acc=0.084
[ 228/600] loss=0.0292  pred=n/a    gold=n/a  running‐acc=0.996
Locality eval: pred=n/a               gold=true  correct=False  running‐acc=0.083
[ 229/600] loss=0.0041  pred=n/a    gold=n/a  running‐acc=0.996
Locality eval: pred=n/a               gold=true  correct=False  running‐acc=0.083
[ 230/600] loss=0.0062  pred=n/a    gold=n/a  running‐acc=0.996
Locality eval: pred=n/a               gold=true  correct=False  running‐acc=0.083
[ 231/600] loss=0.0073  pred=n/a    gold=n/a  running‐acc=0.996
Locality eval: pred=n/a               gold=true  correct=False  running‐acc=0.082
[ 232/600] loss=0.0042  pred=n/a    gold=n/a  running‐acc=0.996
Locality eval: pred=n/a               gold=true  correct=False  running‐acc=0.082
[ 233/600] loss=0.0027  pred=true   gold=true  running‐acc=0.996
Locality eval: pred=true              gold=n/a  correct=False  running‐acc=0.082
[ 234/600] loss=0.0173  pred=true   gold=true  running‐acc=0.996
Locality eval: pred=true              gold=n/a  correct=False  running‐acc=0.081
[ 235/600] loss=0.0005  pred=n/a    gold=n/a  running‐acc=0.996
Locality eval: pred=n/a               gold=true  correct=False  running‐acc=0.081
[ 236/600] loss=0.0043  pred=n/a    gold=n/a  running‐acc=0.996
Locality eval: pred=n/a               gold=true  correct=False  running‐acc=0.081
[ 237/600] loss=0.0009  pred=true   gold=true  running‐acc=0.996
Locality eval: pred=true              gold=n/a  correct=False  running‐acc=0.080
[ 238/600] loss=0.0008  pred=n/a    gold=n/a  running‐acc=0.996
Locality eval: pred=n/a               gold=true  correct=False  running‐acc=0.080
[ 239/600] loss=0.0183  pred=n/a    gold=n/a  running‐acc=0.996
Locality eval: pred=n/a               gold=true  correct=False  running‐acc=0.079
[ 240/600] loss=0.0036  pred=true   gold=true  running‐acc=0.996
Locality eval: pred=true              gold=n/a  correct=False  running‐acc=0.079
[ 241/600] loss=0.0165  pred=n/a    gold=n/a  running‐acc=0.996
Locality eval: pred=n/a               gold=true  correct=False  running‐acc=0.079
[ 242/600] loss=0.0137  pred=n/a    gold=n/a  running‐acc=0.996
Locality eval: pred=n/a               gold=true  correct=False  running‐acc=0.079
[ 243/600] loss=0.0067  pred=n/a    gold=n/a  running‐acc=0.996
Locality eval: pred=n/a               gold=true  correct=False  running‐acc=0.078
[ 244/600] loss=0.0010  pred=true   gold=true  running‐acc=0.996
Locality eval: pred=true              gold=n/a  correct=False  running‐acc=0.078
[ 245/600] loss=0.0010  pred=true   gold=true  running‐acc=0.996
Locality eval: pred=true              gold=n/a  correct=False  running‐acc=0.078
[ 246/600] loss=0.0042  pred=true   gold=true  running‐acc=0.996
Locality eval: pred=true              gold=n/a  correct=False  running‐acc=0.077
[ 247/600] loss=0.0009  pred=true   gold=true  running‐acc=0.996
Locality eval: pred=true              gold=n/a  correct=False  running‐acc=0.077
[ 248/600] loss=0.0056  pred=true   gold=true  running‐acc=0.996
Locality eval: pred=false             gold=n/a  correct=False  running‐acc=0.077
[ 249/600] loss=0.0079  pred=n/a    gold=n/a  running‐acc=0.996
Locality eval: pred=true              gold=true  correct=True  running‐acc=0.080
[ 250/600] loss=0.0007  pred=true   gold=true  running‐acc=0.996
Locality eval: pred=true              gold=n/a  correct=False  running‐acc=0.080
[ 251/600] loss=0.0076  pred=n/a    gold=n/a  running‐acc=0.996
Locality eval: pred=n/a               gold=true  correct=False  running‐acc=0.080
[ 252/600] loss=0.0112  pred=n/a    gold=n/a  running‐acc=0.996
Locality eval: pred=n/a               gold=true  correct=False  running‐acc=0.079
[ 253/600] loss=0.0058  pred=true   gold=true  running‐acc=0.996
Locality eval: pred=true              gold=n/a  correct=False  running‐acc=0.079
[ 254/600] loss=0.0033  pred=true   gold=true  running‐acc=0.996
Locality eval: pred=false             gold=n/a  correct=False  running‐acc=0.079
[ 255/600] loss=0.0269  pred=n/a    gold=n/a  running‐acc=0.996
Locality eval: pred=n/a               gold=true  correct=False  running‐acc=0.078
[ 256/600] loss=0.0049  pred=n/a    gold=n/a  running‐acc=0.996
Locality eval: pred=n/a               gold=true  correct=False  running‐acc=0.078
[ 257/600] loss=0.0102  pred=n/a    gold=n/a  running‐acc=0.996
Locality eval: pred=n/a               gold=true  correct=False  running‐acc=0.078
[ 258/600] loss=0.0265  pred=n/a    gold=n/a  running‐acc=0.996
Locality eval: pred=n/a               gold=true  correct=False  running‐acc=0.078
[ 259/600] loss=0.0026  pred=true   gold=true  running‐acc=0.996
Locality eval: pred=false             gold=n/a  correct=False  running‐acc=0.077
[ 260/600] loss=0.0010  pred=true   gold=true  running‐acc=0.996
Locality eval: pred=true              gold=n/a  correct=False  running‐acc=0.077
[ 261/600] loss=0.0233  pred=true   gold=true  running‐acc=0.996
Locality eval: pred=true              gold=n/a  correct=False  running‐acc=0.077
[ 262/600] loss=0.0018  pred=true   gold=true  running‐acc=0.996
Locality eval: pred=n/a               gold=n/a  correct=True  running‐acc=0.080
[ 263/600] loss=0.0044  pred=n/a    gold=n/a  running‐acc=0.996
Locality eval: pred=n/a               gold=true  correct=False  running‐acc=0.080
[ 264/600] loss=0.0177  pred=n/a    gold=n/a  running‐acc=0.996
Locality eval: pred=true              gold=true  correct=True  running‐acc=0.083
[ 265/600] loss=0.0005  pred=true   gold=true  running‐acc=0.996
Locality eval: pred=true              gold=n/a  correct=False  running‐acc=0.083
[ 266/600] loss=0.0144  pred=n/a    gold=n/a  running‐acc=0.996
Locality eval: pred=n/a               gold=true  correct=False  running‐acc=0.083
[ 267/600] loss=0.0090  pred=n/a    gold=n/a  running‐acc=0.996
Locality eval: pred=n/a               gold=true  correct=False  running‐acc=0.082
[ 268/600] loss=0.0004  pred=true   gold=true  running‐acc=0.996
Locality eval: pred=n/a               gold=n/a  correct=True  running‐acc=0.086
[ 269/600] loss=0.0049  pred=n/a    gold=n/a  running‐acc=0.996
Locality eval: pred=n/a               gold=true  correct=False  running‐acc=0.086
[ 270/600] loss=0.0004  pred=true   gold=true  running‐acc=0.996
Locality eval: pred=true              gold=n/a  correct=False  running‐acc=0.085
[ 271/600] loss=0.0078  pred=n/a    gold=n/a  running‐acc=0.996
Locality eval: pred=n/a               gold=true  correct=False  running‐acc=0.085
[ 272/600] loss=0.0020  pred=true   gold=true  running‐acc=0.996
Locality eval: pred=false             gold=n/a  correct=False  running‐acc=0.085
[ 273/600] loss=0.0289  pred=n/a    gold=n/a  running‐acc=0.996
Locality eval: pred=n/a               gold=true  correct=False  running‐acc=0.084
[ 274/600] loss=0.0062  pred=n/a    gold=n/a  running‐acc=0.996
Locality eval: pred=n/a               gold=true  correct=False  running‐acc=0.084
[ 275/600] loss=0.0020  pred=true   gold=true  running‐acc=0.996
Locality eval: pred=true              gold=n/a  correct=False  running‐acc=0.084
[ 276/600] loss=0.0130  pred=n/a    gold=n/a  running‐acc=0.996
Locality eval: pred=n/a               gold=true  correct=False  running‐acc=0.083
[ 277/600] loss=0.0007  pred=true   gold=true  running‐acc=0.996
Locality eval: pred=true              gold=n/a  correct=False  running‐acc=0.083
[ 278/600] loss=0.0089  pred=n/a    gold=n/a  running‐acc=0.996
Locality eval: pred=n/a               gold=true  correct=False  running‐acc=0.083
[ 279/600] loss=0.0007  pred=true   gold=true  running‐acc=0.996
Locality eval: pred=true              gold=n/a  correct=False  running‐acc=0.082
[ 280/600] loss=0.0166  pred=n/a    gold=n/a  running‐acc=0.996
Locality eval: pred=n/a               gold=true  correct=False  running‐acc=0.082
[ 281/600] loss=0.0015  pred=true   gold=true  running‐acc=0.996
Locality eval: pred=false             gold=n/a  correct=False  running‐acc=0.082
[ 282/600] loss=0.0004  pred=true   gold=true  running‐acc=0.996
Locality eval: pred=true              gold=n/a  correct=False  running‐acc=0.082
[ 283/600] loss=0.0009  pred=n/a    gold=n/a  running‐acc=0.996
Locality eval: pred=n/a               gold=true  correct=False  running‐acc=0.081
[ 284/600] loss=0.0010  pred=n/a    gold=n/a  running‐acc=0.996
Locality eval: pred=n/a               gold=true  correct=False  running‐acc=0.081
[ 285/600] loss=0.0007  pred=true   gold=true  running‐acc=0.996
Locality eval: pred=true              gold=n/a  correct=False  running‐acc=0.081
[ 286/600] loss=0.0056  pred=n/a    gold=n/a  running‐acc=0.997
Locality eval: pred=n/a               gold=true  correct=False  running‐acc=0.080
[ 287/600] loss=0.0047  pred=n/a    gold=n/a  running‐acc=0.997
Locality eval: pred=n/a               gold=true  correct=False  running‐acc=0.080
[ 288/600] loss=0.0005  pred=true   gold=true  running‐acc=0.997
Locality eval: pred=true              gold=n/a  correct=False  running‐acc=0.080
[ 289/600] loss=0.0012  pred=true   gold=true  running‐acc=0.997
Locality eval: pred=true              gold=n/a  correct=False  running‐acc=0.080
[ 290/600] loss=0.0166  pred=n/a    gold=n/a  running‐acc=0.997
Locality eval: pred=n/a               gold=true  correct=False  running‐acc=0.079
[ 291/600] loss=0.0007  pred=true   gold=true  running‐acc=0.997
Locality eval: pred=true              gold=n/a  correct=False  running‐acc=0.079
[ 292/600] loss=0.0020  pred=true   gold=true  running‐acc=0.997
Locality eval: pred=false             gold=n/a  correct=False  running‐acc=0.079
[ 293/600] loss=0.0010  pred=true   gold=true  running‐acc=0.997
Locality eval: pred=true              gold=n/a  correct=False  running‐acc=0.078
[ 294/600] loss=0.0006  pred=true   gold=true  running‐acc=0.997
Locality eval: pred=true              gold=n/a  correct=False  running‐acc=0.078
[ 295/600] loss=0.0226  pred=n/a    gold=n/a  running‐acc=0.997
Locality eval: pred=n/a               gold=true  correct=False  running‐acc=0.078
[ 296/600] loss=0.0131  pred=n/a    gold=n/a  running‐acc=0.997
Locality eval: pred=n/a               gold=true  correct=False  running‐acc=0.078
[ 297/600] loss=0.0021  pred=true   gold=true  running‐acc=0.997
Locality eval: pred=true              gold=n/a  correct=False  running‐acc=0.077
[ 298/600] loss=0.0004  pred=true   gold=true  running‐acc=0.997
Locality eval: pred=false             gold=n/a  correct=False  running‐acc=0.077
[ 299/600] loss=0.0245  pred=n/a    gold=n/a  running‐acc=0.997
Locality eval: pred=n/a               gold=true  correct=False  running‐acc=0.077
[ 300/600] loss=0.0119  pred=n/a    gold=n/a  running‐acc=0.997
Locality eval: pred=n/a               gold=true  correct=False  running‐acc=0.077
[ 301/600] loss=0.0148  pred=true   gold=true  running‐acc=0.997
Locality eval: pred=true              gold=n/a  correct=False  running‐acc=0.076
[ 302/600] loss=0.0012  pred=true   gold=true  running‐acc=0.997
Locality eval: pred=true              gold=n/a  correct=False  running‐acc=0.076
[ 303/600] loss=0.0005  pred=true   gold=true  running‐acc=0.997
Locality eval: pred=true              gold=n/a  correct=False  running‐acc=0.076
[ 304/600] loss=0.0007  pred=true   gold=true  running‐acc=0.997
Locality eval: pred=true              gold=n/a  correct=False  running‐acc=0.076
[ 305/600] loss=0.0006  pred=true   gold=true  running‐acc=0.997
Locality eval: pred=true              gold=n/a  correct=False  running‐acc=0.075
[ 306/600] loss=0.0019  pred=true   gold=true  running‐acc=0.997
Locality eval: pred=true              gold=n/a  correct=False  running‐acc=0.075
[ 307/600] loss=0.0024  pred=true   gold=true  running‐acc=0.997
Locality eval: pred=false             gold=n/a  correct=False  running‐acc=0.075
[ 308/600] loss=0.0004  pred=true   gold=true  running‐acc=0.997
Locality eval: pred=true              gold=n/a  correct=False  running‐acc=0.075
[ 309/600] loss=0.0016  pred=true   gold=true  running‐acc=0.997
Locality eval: pred=true              gold=n/a  correct=False  running‐acc=0.074
[ 310/600] loss=0.0153  pred=n/a    gold=n/a  running‐acc=0.997
Locality eval: pred=n/a               gold=true  correct=False  running‐acc=0.074
[ 311/600] loss=0.0015  pred=true   gold=true  running‐acc=0.997
Locality eval: pred=true              gold=n/a  correct=False  running‐acc=0.074
[ 312/600] loss=0.0006  pred=true   gold=true  running‐acc=0.997
Locality eval: pred=n/a               gold=n/a  correct=True  running‐acc=0.077
[ 313/600] loss=0.0018  pred=n/a    gold=n/a  running‐acc=0.997
Locality eval: pred=n/a               gold=true  correct=False  running‐acc=0.077
[ 314/600] loss=0.0317  pred=n/a    gold=n/a  running‐acc=0.997
Locality eval: pred=n/a               gold=true  correct=False  running‐acc=0.076
[ 315/600] loss=0.0149  pred=true   gold=n/a  running‐acc=0.994
Locality eval: pred=n/a               gold=true  correct=False  running‐acc=0.076
[ 316/600] loss=0.0235  pred=true   gold=true  running‐acc=0.994
Locality eval: pred=true              gold=n/a  correct=False  running‐acc=0.076
[ 317/600] loss=0.0018  pred=true   gold=true  running‐acc=0.994
Locality eval: pred=true              gold=n/a  correct=False  running‐acc=0.076
[ 318/600] loss=0.0029  pred=true   gold=true  running‐acc=0.994
Locality eval: pred=true              gold=n/a  correct=False  running‐acc=0.075
[ 319/600] loss=0.0072  pred=n/a    gold=n/a  running‐acc=0.994
Locality eval: pred=true              gold=true  correct=True  running‐acc=0.078
[ 320/600] loss=0.0062  pred=n/a    gold=n/a  running‐acc=0.994
Locality eval: pred=n/a               gold=true  correct=False  running‐acc=0.078
[ 321/600] loss=0.0006  pred=true   gold=true  running‐acc=0.994
Locality eval: pred=true              gold=n/a  correct=False  running‐acc=0.078
[ 322/600] loss=0.0049  pred=true   gold=true  running‐acc=0.994
Locality eval: pred=true              gold=n/a  correct=False  running‐acc=0.078
[ 323/600] loss=0.0119  pred=n/a    gold=n/a  running‐acc=0.994
Locality eval: pred=n/a               gold=true  correct=False  running‐acc=0.077
[ 324/600] loss=0.0032  pred=n/a    gold=n/a  running‐acc=0.994
Locality eval: pred=n/a               gold=true  correct=False  running‐acc=0.077
[ 325/600] loss=0.0031  pred=true   gold=true  running‐acc=0.994
Locality eval: pred=true              gold=n/a  correct=False  running‐acc=0.077
[ 326/600] loss=0.0129  pred=n/a    gold=n/a  running‐acc=0.994
Locality eval: pred=n/a               gold=true  correct=False  running‐acc=0.077
[ 327/600] loss=0.0051  pred=true   gold=true  running‐acc=0.994
Locality eval: pred=true              gold=n/a  correct=False  running‐acc=0.076
[ 328/600] loss=0.0113  pred=true   gold=n/a  running‐acc=0.991
Locality eval: pred=n/a               gold=true  correct=False  running‐acc=0.076
[ 329/600] loss=0.0024  pred=true   gold=true  running‐acc=0.991
Locality eval: pred=true              gold=n/a  correct=False  running‐acc=0.076
[ 330/600] loss=0.0025  pred=n/a    gold=n/a  running‐acc=0.991
Locality eval: pred=n/a               gold=true  correct=False  running‐acc=0.076
[ 331/600] loss=0.0033  pred=true   gold=true  running‐acc=0.991
Locality eval: pred=true              gold=n/a  correct=False  running‐acc=0.076
[ 332/600] loss=0.0079  pred=n/a    gold=n/a  running‐acc=0.991
Locality eval: pred=true              gold=true  correct=True  running‐acc=0.078
[ 333/600] loss=0.0006  pred=true   gold=true  running‐acc=0.991
Locality eval: pred=true              gold=n/a  correct=False  running‐acc=0.078
[ 334/600] loss=0.0151  pred=n/a    gold=n/a  running‐acc=0.991
Locality eval: pred=n/a               gold=true  correct=False  running‐acc=0.078
[ 335/600] loss=0.0006  pred=true   gold=true  running‐acc=0.991
Locality eval: pred=true              gold=n/a  correct=False  running‐acc=0.078
[ 336/600] loss=0.0247  pred=n/a    gold=n/a  running‐acc=0.991
Locality eval: pred=n/a               gold=true  correct=False  running‐acc=0.077
[ 337/600] loss=0.0124  pred=n/a    gold=n/a  running‐acc=0.991
Locality eval: pred=n/a               gold=true  correct=False  running‐acc=0.077
[ 338/600] loss=0.0062  pred=n/a    gold=n/a  running‐acc=0.991
Locality eval: pred=n/a               gold=true  correct=False  running‐acc=0.077
[ 339/600] loss=0.0043  pred=n/a    gold=n/a  running‐acc=0.991
Locality eval: pred=n/a               gold=true  correct=False  running‐acc=0.077
[ 340/600] loss=0.0051  pred=n/a    gold=n/a  running‐acc=0.991
Locality eval: pred=n/a               gold=true  correct=False  running‐acc=0.076
[ 341/600] loss=0.0076  pred=true   gold=true  running‐acc=0.991
Locality eval: pred=true              gold=n/a  correct=False  running‐acc=0.076
[ 342/600] loss=0.0011  pred=true   gold=true  running‐acc=0.991
Locality eval: pred=true              gold=n/a  correct=False  running‐acc=0.076
[ 343/600] loss=0.0014  pred=n/a    gold=n/a  running‐acc=0.991
Locality eval: pred=true              gold=true  correct=True  running‐acc=0.079
[ 344/600] loss=0.0015  pred=true   gold=true  running‐acc=0.991
Locality eval: pred=false             gold=n/a  correct=False  running‐acc=0.078
[ 345/600] loss=0.0022  pred=n/a    gold=n/a  running‐acc=0.991
Locality eval: pred=n/a               gold=true  correct=False  running‐acc=0.078
[ 346/600] loss=0.0045  pred=true   gold=true  running‐acc=0.991
Locality eval: pred=true              gold=n/a  correct=False  running‐acc=0.078
[ 347/600] loss=0.0010  pred=n/a    gold=n/a  running‐acc=0.991
Locality eval: pred=n/a               gold=true  correct=False  running‐acc=0.078
[ 348/600] loss=0.0108  pred=n/a    gold=n/a  running‐acc=0.991
Locality eval: pred=n/a               gold=true  correct=False  running‐acc=0.078
[ 349/600] loss=0.0158  pred=n/a    gold=n/a  running‐acc=0.991
Locality eval: pred=n/a               gold=true  correct=False  running‐acc=0.077
[ 350/600] loss=0.0062  pred=n/a    gold=n/a  running‐acc=0.991
Locality eval: pred=n/a               gold=true  correct=False  running‐acc=0.077
[ 351/600] loss=0.0012  pred=n/a    gold=n/a  running‐acc=0.991
Locality eval: pred=n/a               gold=true  correct=False  running‐acc=0.077
[ 352/600] loss=0.0103  pred=n/a    gold=n/a  running‐acc=0.991
Locality eval: pred=n/a               gold=true  correct=False  running‐acc=0.077
[ 353/600] loss=0.0033  pred=n/a    gold=n/a  running‐acc=0.992
Locality eval: pred=true              gold=true  correct=True  running‐acc=0.079
[ 354/600] loss=0.0060  pred=true   gold=true  running‐acc=0.992
Locality eval: pred=true              gold=n/a  correct=False  running‐acc=0.079
[ 355/600] loss=0.0033  pred=true   gold=true  running‐acc=0.992
Locality eval: pred=true              gold=n/a  correct=False  running‐acc=0.079
[ 356/600] loss=0.0009  pred=true   gold=true  running‐acc=0.992
Locality eval: pred=true              gold=n/a  correct=False  running‐acc=0.079
[ 357/600] loss=0.0011  pred=true   gold=true  running‐acc=0.992
Locality eval: pred=false             gold=n/a  correct=False  running‐acc=0.078
[ 358/600] loss=0.0010  pred=true   gold=true  running‐acc=0.992
Locality eval: pred=true              gold=n/a  correct=False  running‐acc=0.078
[ 359/600] loss=0.0243  pred=true   gold=true  running‐acc=0.992
Locality eval: pred=true              gold=n/a  correct=False  running‐acc=0.078
[ 360/600] loss=0.0124  pred=n/a    gold=n/a  running‐acc=0.992
Locality eval: pred=n/a               gold=true  correct=False  running‐acc=0.078
[ 361/600] loss=0.0011  pred=true   gold=true  running‐acc=0.992
Locality eval: pred=false             gold=n/a  correct=False  running‐acc=0.078
[ 362/600] loss=0.0021  pred=true   gold=true  running‐acc=0.992
Locality eval: pred=true              gold=n/a  correct=False  running‐acc=0.077
[ 363/600] loss=0.0044  pred=n/a    gold=n/a  running‐acc=0.992
Locality eval: pred=n/a               gold=true  correct=False  running‐acc=0.077
[ 364/600] loss=0.0035  pred=true   gold=true  running‐acc=0.992
Locality eval: pred=true              gold=n/a  correct=False  running‐acc=0.077
[ 365/600] loss=0.0043  pred=true   gold=true  running‐acc=0.992
Locality eval: pred=true              gold=n/a  correct=False  running‐acc=0.077
[ 366/600] loss=0.0153  pred=n/a    gold=n/a  running‐acc=0.992
Locality eval: pred=n/a               gold=true  correct=False  running‐acc=0.077
[ 367/600] loss=0.0220  pred=n/a    gold=n/a  running‐acc=0.992
Locality eval: pred=n/a               gold=true  correct=False  running‐acc=0.076
[ 368/600] loss=0.0003  pred=true   gold=true  running‐acc=0.992
Locality eval: pred=false             gold=n/a  correct=False  running‐acc=0.076
[ 369/600] loss=0.0263  pred=n/a    gold=n/a  running‐acc=0.992
Locality eval: pred=n/a               gold=true  correct=False  running‐acc=0.076
[ 370/600] loss=0.0130  pred=n/a    gold=n/a  running‐acc=0.992
Locality eval: pred=n/a               gold=true  correct=False  running‐acc=0.076
[ 371/600] loss=0.0001  pred=true   gold=true  running‐acc=0.992
Locality eval: pred=true              gold=n/a  correct=False  running‐acc=0.075
[ 372/600] loss=0.0007  pred=true   gold=true  running‐acc=0.992
Locality eval: pred=true              gold=n/a  correct=False  running‐acc=0.075
[ 373/600] loss=0.0020  pred=true   gold=true  running‐acc=0.992
Locality eval: pred=true              gold=n/a  correct=False  running‐acc=0.075
[ 374/600] loss=0.0052  pred=n/a    gold=n/a  running‐acc=0.992
Locality eval: pred=n/a               gold=true  correct=False  running‐acc=0.075
[ 375/600] loss=0.0019  pred=true   gold=true  running‐acc=0.992
Locality eval: pred=true              gold=n/a  correct=False  running‐acc=0.075
[ 376/600] loss=0.0014  pred=true   gold=true  running‐acc=0.992
Locality eval: pred=false             gold=n/a  correct=False  running‐acc=0.074
[ 377/600] loss=0.0156  pred=true   gold=true  running‐acc=0.992
Locality eval: pred=true              gold=n/a  correct=False  running‐acc=0.074
[ 378/600] loss=0.0007  pred=true   gold=true  running‐acc=0.992
Locality eval: pred=true              gold=n/a  correct=False  running‐acc=0.074
[ 379/600] loss=0.0015  pred=true   gold=true  running‐acc=0.992
Locality eval: pred=true              gold=n/a  correct=False  running‐acc=0.074
[ 380/600] loss=0.0005  pred=true   gold=true  running‐acc=0.992
Locality eval: pred=true              gold=n/a  correct=False  running‐acc=0.074
[ 381/600] loss=0.0106  pred=n/a    gold=n/a  running‐acc=0.992
Locality eval: pred=n/a               gold=true  correct=False  running‐acc=0.073
[ 382/600] loss=0.0082  pred=n/a    gold=n/a  running‐acc=0.992
Locality eval: pred=n/a               gold=true  correct=False  running‐acc=0.073
[ 383/600] loss=0.0103  pred=n/a    gold=n/a  running‐acc=0.992
Locality eval: pred=n/a               gold=true  correct=False  running‐acc=0.073
[ 384/600] loss=0.0166  pred=n/a    gold=n/a  running‐acc=0.992
Locality eval: pred=n/a               gold=true  correct=False  running‐acc=0.073
[ 385/600] loss=0.0014  pred=true   gold=true  running‐acc=0.992
Locality eval: pred=true              gold=n/a  correct=False  running‐acc=0.073
[ 386/600] loss=0.0006  pred=true   gold=true  running‐acc=0.992
Locality eval: pred=true              gold=n/a  correct=False  running‐acc=0.073
[ 387/600] loss=0.0199  pred=n/a    gold=n/a  running‐acc=0.992
Locality eval: pred=true              gold=true  correct=True  running‐acc=0.075
[ 388/600] loss=0.0022  pred=true   gold=true  running‐acc=0.992
Locality eval: pred=true              gold=n/a  correct=False  running‐acc=0.075
[ 389/600] loss=0.0176  pred=n/a    gold=n/a  running‐acc=0.992
Locality eval: pred=n/a               gold=true  correct=False  running‐acc=0.075
[ 390/600] loss=0.0007  pred=true   gold=true  running‐acc=0.992
Locality eval: pred=true              gold=n/a  correct=False  running‐acc=0.074
[ 391/600] loss=0.0055  pred=true   gold=true  running‐acc=0.992
Locality eval: pred=true              gold=n/a  correct=False  running‐acc=0.074
[ 392/600] loss=0.0081  pred=n/a    gold=n/a  running‐acc=0.992
Locality eval: pred=true              gold=true  correct=True  running‐acc=0.077
[ 393/600] loss=0.0163  pred=n/a    gold=n/a  running‐acc=0.992
Locality eval: pred=n/a               gold=true  correct=False  running‐acc=0.076
[ 394/600] loss=0.0203  pred=n/a    gold=n/a  running‐acc=0.992
Locality eval: pred=n/a               gold=true  correct=False  running‐acc=0.076
[ 395/600] loss=0.0034  pred=true   gold=true  running‐acc=0.992
Locality eval: pred=true              gold=n/a  correct=False  running‐acc=0.076
[ 396/600] loss=0.0052  pred=true   gold=true  running‐acc=0.992
Locality eval: pred=true              gold=n/a  correct=False  running‐acc=0.076
[ 397/600] loss=0.0072  pred=n/a    gold=n/a  running‐acc=0.992
Locality eval: pred=true              gold=true  correct=True  running‐acc=0.078
[ 398/600] loss=0.0009  pred=true   gold=true  running‐acc=0.992
Locality eval: pred=true              gold=n/a  correct=False  running‐acc=0.078
[ 399/600] loss=0.0110  pred=n/a    gold=n/a  running‐acc=0.992
Locality eval: pred=n/a               gold=true  correct=False  running‐acc=0.078
[ 400/600] loss=0.0026  pred=true   gold=true  running‐acc=0.993
Locality eval: pred=true              gold=n/a  correct=False  running‐acc=0.077
[ 401/600] loss=0.0013  pred=true   gold=true  running‐acc=0.993
Locality eval: pred=true              gold=n/a  correct=False  running‐acc=0.077
[ 402/600] loss=0.0028  pred=n/a    gold=n/a  running‐acc=0.993
Locality eval: pred=n/a               gold=true  correct=False  running‐acc=0.077
[ 403/600] loss=0.0033  pred=true   gold=true  running‐acc=0.993
Locality eval: pred=n/a               gold=n/a  correct=True  running‐acc=0.079
[ 404/600] loss=0.0012  pred=true   gold=true  running‐acc=0.993
Locality eval: pred=true              gold=n/a  correct=False  running‐acc=0.079
[ 405/600] loss=0.0031  pred=n/a    gold=n/a  running‐acc=0.993
Locality eval: pred=n/a               gold=true  correct=False  running‐acc=0.079
[ 406/600] loss=0.0070  pred=n/a    gold=n/a  running‐acc=0.993
Locality eval: pred=n/a               gold=true  correct=False  running‐acc=0.079
[ 407/600] loss=0.0009  pred=true   gold=true  running‐acc=0.993
Locality eval: pred=true              gold=n/a  correct=False  running‐acc=0.079
[ 408/600] loss=0.0288  pred=n/a    gold=n/a  running‐acc=0.993
Locality eval: pred=n/a               gold=true  correct=False  running‐acc=0.078
[ 409/600] loss=0.0107  pred=true   gold=true  running‐acc=0.993
Locality eval: pred=true              gold=n/a  correct=False  running‐acc=0.078
[ 410/600] loss=0.0041  pred=n/a    gold=n/a  running‐acc=0.993
Locality eval: pred=n/a               gold=true  correct=False  running‐acc=0.078
[ 411/600] loss=0.0007  pred=true   gold=true  running‐acc=0.993
Locality eval: pred=true              gold=n/a  correct=False  running‐acc=0.078
[ 412/600] loss=0.0007  pred=true   gold=true  running‐acc=0.993
Locality eval: pred=true              gold=n/a  correct=False  running‐acc=0.078
[ 413/600] loss=0.0023  pred=true   gold=true  running‐acc=0.993
Locality eval: pred=true              gold=n/a  correct=False  running‐acc=0.077
[ 414/600] loss=0.0238  pred=true   gold=true  running‐acc=0.993
Locality eval: pred=true              gold=n/a  correct=False  running‐acc=0.077
[ 415/600] loss=0.0081  pred=n/a    gold=n/a  running‐acc=0.993
Locality eval: pred=n/a               gold=true  correct=False  running‐acc=0.077
[ 416/600] loss=0.0020  pred=true   gold=true  running‐acc=0.993
Locality eval: pred=true              gold=n/a  correct=False  running‐acc=0.077
[ 417/600] loss=0.0181  pred=n/a    gold=n/a  running‐acc=0.993
Locality eval: pred=n/a               gold=true  correct=False  running‐acc=0.077
[ 418/600] loss=0.0162  pred=n/a    gold=n/a  running‐acc=0.993
Locality eval: pred=n/a               gold=true  correct=False  running‐acc=0.077
[ 419/600] loss=0.0001  pred=true   gold=true  running‐acc=0.993
Locality eval: pred=true              gold=n/a  correct=False  running‐acc=0.076
[ 420/600] loss=0.0015  pred=true   gold=true  running‐acc=0.993
Locality eval: pred=true              gold=n/a  correct=False  running‐acc=0.076
[ 421/600] loss=0.0016  pred=true   gold=true  running‐acc=0.993
Locality eval: pred=true              gold=n/a  correct=False  running‐acc=0.076
[ 422/600] loss=0.0033  pred=true   gold=true  running‐acc=0.993
Locality eval: pred=true              gold=n/a  correct=False  running‐acc=0.076
[ 423/600] loss=0.0030  pred=true   gold=true  running‐acc=0.993
Locality eval: pred=n/a               gold=n/a  correct=True  running‐acc=0.078
[ 424/600] loss=0.0018  pred=n/a    gold=n/a  running‐acc=0.993
Locality eval: pred=n/a               gold=true  correct=False  running‐acc=0.078
[ 425/600] loss=0.0146  pred=n/a    gold=n/a  running‐acc=0.993
Locality eval: pred=n/a               gold=true  correct=False  running‐acc=0.078
[ 426/600] loss=0.0092  pred=n/a    gold=n/a  running‐acc=0.993
Locality eval: pred=n/a               gold=true  correct=False  running‐acc=0.077
[ 427/600] loss=0.0019  pred=true   gold=true  running‐acc=0.993
Locality eval: pred=true              gold=n/a  correct=False  running‐acc=0.077
[ 428/600] loss=0.0016  pred=true   gold=true  running‐acc=0.993
Locality eval: pred=true              gold=n/a  correct=False  running‐acc=0.077
[ 429/600] loss=0.0004  pred=true   gold=true  running‐acc=0.993
Locality eval: pred=true              gold=n/a  correct=False  running‐acc=0.077
[ 430/600] loss=0.0019  pred=n/a    gold=n/a  running‐acc=0.993
Locality eval: pred=n/a               gold=true  correct=False  running‐acc=0.077
[ 431/600] loss=0.0006  pred=true   gold=true  running‐acc=0.993
Locality eval: pred=n/a               gold=n/a  correct=True  running‐acc=0.079
[ 432/600] loss=0.0036  pred=true   gold=true  running‐acc=0.993
Locality eval: pred=false             gold=n/a  correct=False  running‐acc=0.079
[ 433/600] loss=0.0028  pred=true   gold=true  running‐acc=0.993
Locality eval: pred=true              gold=n/a  correct=False  running‐acc=0.079
[ 434/600] loss=0.0071  pred=n/a    gold=n/a  running‐acc=0.993
Locality eval: pred=true              gold=true  correct=True  running‐acc=0.081
[ 435/600] loss=0.0021  pred=n/a    gold=n/a  running‐acc=0.993
Locality eval: pred=n/a               gold=true  correct=False  running‐acc=0.080
[ 436/600] loss=0.0014  pred=true   gold=true  running‐acc=0.993
Locality eval: pred=true              gold=n/a  correct=False  running‐acc=0.080
[ 437/600] loss=0.0009  pred=true   gold=true  running‐acc=0.993
Locality eval: pred=true              gold=n/a  correct=False  running‐acc=0.080
[ 438/600] loss=0.0028  pred=n/a    gold=n/a  running‐acc=0.993
Locality eval: pred=n/a               gold=true  correct=False  running‐acc=0.080
[ 439/600] loss=0.0031  pred=n/a    gold=n/a  running‐acc=0.993
Locality eval: pred=n/a               gold=true  correct=False  running‐acc=0.080
[ 440/600] loss=0.0060  pred=true   gold=true  running‐acc=0.993
Locality eval: pred=true              gold=n/a  correct=False  running‐acc=0.080
[ 441/600] loss=0.0229  pred=n/a    gold=n/a  running‐acc=0.993
Locality eval: pred=n/a               gold=true  correct=False  running‐acc=0.079
[ 442/600] loss=0.0148  pred=true   gold=true  running‐acc=0.993
Locality eval: pred=true              gold=n/a  correct=False  running‐acc=0.079
[ 443/600] loss=0.0022  pred=true   gold=true  running‐acc=0.993
Locality eval: pred=true              gold=n/a  correct=False  running‐acc=0.079
[ 444/600] loss=0.0174  pred=true   gold=true  running‐acc=0.993
Locality eval: pred=true              gold=n/a  correct=False  running‐acc=0.079
[ 445/600] loss=0.0045  pred=true   gold=true  running‐acc=0.993
Locality eval: pred=true              gold=n/a  correct=False  running‐acc=0.079
[ 446/600] loss=0.0006  pred=true   gold=true  running‐acc=0.993
Locality eval: pred=true              gold=n/a  correct=False  running‐acc=0.078
[ 447/600] loss=0.0059  pred=true   gold=true  running‐acc=0.993
Locality eval: pred=false             gold=n/a  correct=False  running‐acc=0.078
[ 448/600] loss=0.0003  pred=true   gold=true  running‐acc=0.993
Locality eval: pred=true              gold=n/a  correct=False  running‐acc=0.078
[ 449/600] loss=0.0033  pred=true   gold=true  running‐acc=0.993
Locality eval: pred=true              gold=n/a  correct=False  running‐acc=0.078
[ 450/600] loss=0.0233  pred=n/a    gold=n/a  running‐acc=0.993
Locality eval: pred=n/a               gold=true  correct=False  running‐acc=0.078
[ 451/600] loss=0.0044  pred=true   gold=true  running‐acc=0.993
Locality eval: pred=true              gold=n/a  correct=False  running‐acc=0.078
[ 452/600] loss=0.0222  pred=n/a    gold=n/a  running‐acc=0.993
Locality eval: pred=n/a               gold=true  correct=False  running‐acc=0.077
[ 453/600] loss=0.0037  pred=n/a    gold=n/a  running‐acc=0.993
Locality eval: pred=n/a               gold=true  correct=False  running‐acc=0.077
[ 454/600] loss=0.0047  pred=n/a    gold=n/a  running‐acc=0.993
Locality eval: pred=n/a               gold=true  correct=False  running‐acc=0.077
[ 455/600] loss=0.0039  pred=true   gold=true  running‐acc=0.993
Locality eval: pred=true              gold=n/a  correct=False  running‐acc=0.077
[ 456/600] loss=0.0017  pred=n/a    gold=n/a  running‐acc=0.993
Locality eval: pred=n/a               gold=true  correct=False  running‐acc=0.077
[ 457/600] loss=0.0359  pred=n/a    gold=n/a  running‐acc=0.993
Locality eval: pred=n/a               gold=true  correct=False  running‐acc=0.077
[ 458/600] loss=0.0086  pred=n/a    gold=n/a  running‐acc=0.993
Locality eval: pred=n/a               gold=true  correct=False  running‐acc=0.076
[ 459/600] loss=0.0074  pred=true   gold=true  running‐acc=0.993
Locality eval: pred=true              gold=n/a  correct=False  running‐acc=0.076
[ 460/600] loss=0.0012  pred=true   gold=true  running‐acc=0.993
Locality eval: pred=true              gold=n/a  correct=False  running‐acc=0.076
[ 461/600] loss=0.0074  pred=n/a    gold=n/a  running‐acc=0.993
Locality eval: pred=true              gold=true  correct=True  running‐acc=0.078
[ 462/600] loss=0.0022  pred=n/a    gold=n/a  running‐acc=0.994
Locality eval: pred=n/a               gold=true  correct=False  running‐acc=0.078
[ 463/600] loss=0.0008  pred=true   gold=true  running‐acc=0.994
Locality eval: pred=true              gold=n/a  correct=False  running‐acc=0.078
[ 464/600] loss=0.0052  pred=n/a    gold=n/a  running‐acc=0.994
Locality eval: pred=n/a               gold=true  correct=False  running‐acc=0.078
[ 465/600] loss=0.0087  pred=n/a    gold=n/a  running‐acc=0.994
Locality eval: pred=n/a               gold=true  correct=False  running‐acc=0.077
[ 466/600] loss=0.0069  pred=n/a    gold=n/a  running‐acc=0.994
Locality eval: pred=n/a               gold=true  correct=False  running‐acc=0.077
[ 467/600] loss=0.0038  pred=n/a    gold=n/a  running‐acc=0.994
Locality eval: pred=n/a               gold=true  correct=False  running‐acc=0.077
[ 468/600] loss=0.0084  pred=n/a    gold=n/a  running‐acc=0.994
Locality eval: pred=n/a               gold=true  correct=False  running‐acc=0.077
[ 469/600] loss=0.0005  pred=true   gold=true  running‐acc=0.994
Locality eval: pred=false             gold=n/a  correct=False  running‐acc=0.077
[ 470/600] loss=0.0063  pred=n/a    gold=n/a  running‐acc=0.994
Locality eval: pred=n/a               gold=true  correct=False  running‐acc=0.077
[ 471/600] loss=0.0061  pred=n/a    gold=n/a  running‐acc=0.994
Locality eval: pred=n/a               gold=true  correct=False  running‐acc=0.076
[ 472/600] loss=0.0033  pred=true   gold=true  running‐acc=0.994
Locality eval: pred=true              gold=n/a  correct=False  running‐acc=0.076
[ 473/600] loss=0.0028  pred=n/a    gold=n/a  running‐acc=0.994
Locality eval: pred=n/a               gold=true  correct=False  running‐acc=0.076
[ 474/600] loss=0.0003  pred=true   gold=true  running‐acc=0.994
Locality eval: pred=false             gold=n/a  correct=False  running‐acc=0.076
[ 475/600] loss=0.0127  pred=n/a    gold=n/a  running‐acc=0.994
Locality eval: pred=n/a               gold=true  correct=False  running‐acc=0.076
[ 476/600] loss=0.0045  pred=true   gold=true  running‐acc=0.994
Locality eval: pred=false             gold=n/a  correct=False  running‐acc=0.076
[ 477/600] loss=0.0094  pred=n/a    gold=n/a  running‐acc=0.994
Locality eval: pred=n/a               gold=true  correct=False  running‐acc=0.075
[ 478/600] loss=0.0011  pred=true   gold=true  running‐acc=0.994
Locality eval: pred=true              gold=n/a  correct=False  running‐acc=0.075
[ 479/600] loss=0.0106  pred=n/a    gold=n/a  running‐acc=0.994
Locality eval: pred=n/a               gold=true  correct=False  running‐acc=0.075
[ 480/600] loss=0.0112  pred=n/a    gold=n/a  running‐acc=0.994
Locality eval: pred=true              gold=true  correct=True  running‐acc=0.077
[ 481/600] loss=0.0205  pred=n/a    gold=n/a  running‐acc=0.994
Locality eval: pred=n/a               gold=true  correct=False  running‐acc=0.077
[ 482/600] loss=0.0003  pred=true   gold=true  running‐acc=0.994
Locality eval: pred=true              gold=n/a  correct=False  running‐acc=0.077
[ 483/600] loss=0.0020  pred=n/a    gold=n/a  running‐acc=0.994
Locality eval: pred=n/a               gold=true  correct=False  running‐acc=0.077
[ 484/600] loss=0.0211  pred=n/a    gold=n/a  running‐acc=0.994
Locality eval: pred=n/a               gold=true  correct=False  running‐acc=0.076
[ 485/600] loss=0.0186  pred=n/a    gold=n/a  running‐acc=0.994
Locality eval: pred=n/a               gold=true  correct=False  running‐acc=0.076
[ 486/600] loss=0.0100  pred=n/a    gold=n/a  running‐acc=0.994
Locality eval: pred=n/a               gold=true  correct=False  running‐acc=0.076
[ 487/600] loss=0.0033  pred=n/a    gold=n/a  running‐acc=0.994
Locality eval: pred=true              gold=true  correct=True  running‐acc=0.078
[ 488/600] loss=0.0214  pred=n/a    gold=n/a  running‐acc=0.994
Locality eval: pred=n/a               gold=true  correct=False  running‐acc=0.078
[ 489/600] loss=0.0010  pred=n/a    gold=n/a  running‐acc=0.994
Locality eval: pred=n/a               gold=true  correct=False  running‐acc=0.078
[ 490/600] loss=0.0048  pred=n/a    gold=n/a  running‐acc=0.994
Locality eval: pred=true              gold=true  correct=True  running‐acc=0.080
[ 491/600] loss=0.0046  pred=n/a    gold=n/a  running‐acc=0.994
Locality eval: pred=n/a               gold=true  correct=False  running‐acc=0.079
[ 492/600] loss=0.0007  pred=true   gold=true  running‐acc=0.994
Locality eval: pred=false             gold=n/a  correct=False  running‐acc=0.079
[ 493/600] loss=0.0246  pred=n/a    gold=n/a  running‐acc=0.994
Locality eval: pred=n/a               gold=true  correct=False  running‐acc=0.079
[ 494/600] loss=0.0403  pred=n/a    gold=n/a  running‐acc=0.994
Locality eval: pred=n/a               gold=true  correct=False  running‐acc=0.079
[ 495/600] loss=0.0084  pred=n/a    gold=n/a  running‐acc=0.994
Locality eval: pred=n/a               gold=true  correct=False  running‐acc=0.079
[ 496/600] loss=0.0041  pred=n/a    gold=n/a  running‐acc=0.994
Locality eval: pred=n/a               gold=true  correct=False  running‐acc=0.079
[ 497/600] loss=0.0031  pred=true   gold=true  running‐acc=0.994
Locality eval: pred=true              gold=n/a  correct=False  running‐acc=0.078
[ 498/600] loss=0.0016  pred=true   gold=true  running‐acc=0.994
Locality eval: pred=false             gold=n/a  correct=False  running‐acc=0.078
[ 499/600] loss=0.0228  pred=n/a    gold=n/a  running‐acc=0.994
Locality eval: pred=n/a               gold=true  correct=False  running‐acc=0.078
[ 500/600] loss=0.0019  pred=n/a    gold=n/a  running‐acc=0.994
Locality eval: pred=n/a               gold=true  correct=False  running‐acc=0.078
[ 501/600] loss=0.0380  pred=n/a    gold=n/a  running‐acc=0.994
Locality eval: pred=n/a               gold=true  correct=False  running‐acc=0.078
[ 502/600] loss=0.0028  pred=n/a    gold=n/a  running‐acc=0.994
Locality eval: pred=n/a               gold=true  correct=False  running‐acc=0.078
[ 503/600] loss=0.0002  pred=true   gold=true  running‐acc=0.994
Locality eval: pred=true              gold=n/a  correct=False  running‐acc=0.078
[ 504/600] loss=0.0046  pred=true   gold=true  running‐acc=0.994
Locality eval: pred=true              gold=n/a  correct=False  running‐acc=0.077
[ 505/600] loss=0.0026  pred=true   gold=true  running‐acc=0.994
Locality eval: pred=true              gold=n/a  correct=False  running‐acc=0.077
[ 506/600] loss=0.0076  pred=true   gold=true  running‐acc=0.994
Locality eval: pred=true              gold=n/a  correct=False  running‐acc=0.077
[ 507/600] loss=0.0009  pred=true   gold=true  running‐acc=0.994
Locality eval: pred=true              gold=n/a  correct=False  running‐acc=0.077
[ 508/600] loss=0.0004  pred=true   gold=true  running‐acc=0.994
Locality eval: pred=true              gold=n/a  correct=False  running‐acc=0.077
[ 509/600] loss=0.0032  pred=true   gold=true  running‐acc=0.994
Locality eval: pred=false             gold=n/a  correct=False  running‐acc=0.077
[ 510/600] loss=0.0011  pred=true   gold=true  running‐acc=0.994
Locality eval: pred=true              gold=n/a  correct=False  running‐acc=0.076
[ 511/600] loss=0.0034  pred=n/a    gold=n/a  running‐acc=0.994
Locality eval: pred=n/a               gold=true  correct=False  running‐acc=0.076
[ 512/600] loss=0.0007  pred=true   gold=true  running‐acc=0.994
Locality eval: pred=true              gold=n/a  correct=False  running‐acc=0.076
[ 513/600] loss=0.0172  pred=n/a    gold=n/a  running‐acc=0.994
Locality eval: pred=n/a               gold=true  correct=False  running‐acc=0.076
[ 514/600] loss=0.0004  pred=true   gold=true  running‐acc=0.994
Locality eval: pred=true              gold=n/a  correct=False  running‐acc=0.076
[ 515/600] loss=0.0111  pred=n/a    gold=n/a  running‐acc=0.994
Locality eval: pred=n/a               gold=true  correct=False  running‐acc=0.076
[ 516/600] loss=0.0177  pred=n/a    gold=n/a  running‐acc=0.994
Locality eval: pred=true              gold=true  correct=True  running‐acc=0.078
[ 517/600] loss=0.0035  pred=n/a    gold=n/a  running‐acc=0.994
Locality eval: pred=n/a               gold=true  correct=False  running‐acc=0.077
[ 518/600] loss=0.0008  pred=n/a    gold=n/a  running‐acc=0.994
Locality eval: pred=n/a               gold=true  correct=False  running‐acc=0.077
[ 519/600] loss=0.0016  pred=true   gold=true  running‐acc=0.994
Locality eval: pred=true              gold=n/a  correct=False  running‐acc=0.077
[ 520/600] loss=0.0149  pred=true   gold=true  running‐acc=0.994
Locality eval: pred=true              gold=n/a  correct=False  running‐acc=0.077
[ 521/600] loss=0.0046  pred=true   gold=true  running‐acc=0.994
Locality eval: pred=false             gold=n/a  correct=False  running‐acc=0.077
[ 522/600] loss=0.0004  pred=true   gold=true  running‐acc=0.994
Locality eval: pred=true              gold=n/a  correct=False  running‐acc=0.077
[ 523/600] loss=0.0080  pred=n/a    gold=n/a  running‐acc=0.994
Locality eval: pred=n/a               gold=true  correct=False  running‐acc=0.076
[ 524/600] loss=0.0005  pred=true   gold=true  running‐acc=0.994
Locality eval: pred=true              gold=n/a  correct=False  running‐acc=0.076
[ 525/600] loss=0.0005  pred=true   gold=true  running‐acc=0.994
Locality eval: pred=true              gold=n/a  correct=False  running‐acc=0.076
[ 526/600] loss=0.0016  pred=true   gold=true  running‐acc=0.994
Locality eval: pred=true              gold=n/a  correct=False  running‐acc=0.076
[ 527/600] loss=0.0243  pred=n/a    gold=n/a  running‐acc=0.994
Locality eval: pred=true              gold=true  correct=True  running‐acc=0.078
[ 528/600] loss=0.0026  pred=true   gold=true  running‐acc=0.994
Locality eval: pred=true              gold=n/a  correct=False  running‐acc=0.078
[ 529/600] loss=0.0168  pred=n/a    gold=n/a  running‐acc=0.994
Locality eval: pred=n/a               gold=true  correct=False  running‐acc=0.078
[ 530/600] loss=0.0006  pred=true   gold=true  running‐acc=0.994
Locality eval: pred=true              gold=n/a  correct=False  running‐acc=0.077
[ 531/600] loss=0.0136  pred=n/a    gold=n/a  running‐acc=0.994
Locality eval: pred=n/a               gold=true  correct=False  running‐acc=0.077
[ 532/600] loss=0.0017  pred=true   gold=true  running‐acc=0.994
Locality eval: pred=true              gold=n/a  correct=False  running‐acc=0.077
[ 533/600] loss=0.0061  pred=n/a    gold=n/a  running‐acc=0.994
Locality eval: pred=n/a               gold=true  correct=False  running‐acc=0.077
[ 534/600] loss=0.0010  pred=true   gold=true  running‐acc=0.994
Locality eval: pred=true              gold=n/a  correct=False  running‐acc=0.077
[ 535/600] loss=0.0006  pred=true   gold=true  running‐acc=0.994
Locality eval: pred=true              gold=n/a  correct=False  running‐acc=0.077
[ 536/600] loss=0.0173  pred=true   gold=true  running‐acc=0.994
Locality eval: pred=false             gold=n/a  correct=False  running‐acc=0.076
[ 537/600] loss=0.0103  pred=n/a    gold=n/a  running‐acc=0.994
Locality eval: pred=n/a               gold=true  correct=False  running‐acc=0.076
[ 538/600] loss=0.0022  pred=true   gold=true  running‐acc=0.994
Locality eval: pred=true              gold=n/a  correct=False  running‐acc=0.076
[ 539/600] loss=0.0033  pred=true   gold=true  running‐acc=0.994
Locality eval: pred=n/a               gold=n/a  correct=True  running‐acc=0.078
[ 540/600] loss=0.0308  pred=n/a    gold=n/a  running‐acc=0.994
Locality eval: pred=n/a               gold=true  correct=False  running‐acc=0.078
[ 541/600] loss=0.0086  pred=n/a    gold=n/a  running‐acc=0.994
Locality eval: pred=n/a               gold=true  correct=False  running‐acc=0.078
[ 542/600] loss=0.0081  pred=n/a    gold=n/a  running‐acc=0.994
Locality eval: pred=n/a               gold=true  correct=False  running‐acc=0.077
[ 543/600] loss=0.0112  pred=n/a    gold=n/a  running‐acc=0.994
Locality eval: pred=n/a               gold=true  correct=False  running‐acc=0.077
[ 544/600] loss=0.0186  pred=n/a    gold=n/a  running‐acc=0.994
Locality eval: pred=n/a               gold=true  correct=False  running‐acc=0.077
[ 545/600] loss=0.0034  pred=true   gold=true  running‐acc=0.994
Locality eval: pred=true              gold=n/a  correct=False  running‐acc=0.077
[ 546/600] loss=0.0288  pred=n/a    gold=n/a  running‐acc=0.995
Locality eval: pred=n/a               gold=true  correct=False  running‐acc=0.077
[ 547/600] loss=0.0036  pred=true   gold=true  running‐acc=0.995
Locality eval: pred=true              gold=n/a  correct=False  running‐acc=0.077
[ 548/600] loss=0.0037  pred=true   gold=true  running‐acc=0.995
Locality eval: pred=true              gold=n/a  correct=False  running‐acc=0.077
[ 549/600] loss=0.0010  pred=false  gold=true  running‐acc=0.993
Locality eval: pred=n/a               gold=n/a  correct=True  running‐acc=0.078
[ 550/600] loss=0.0040  pred=n/a    gold=n/a  running‐acc=0.993
Locality eval: pred=n/a               gold=true  correct=False  running‐acc=0.078
[ 551/600] loss=0.0017  pred=true   gold=true  running‐acc=0.993
Locality eval: pred=true              gold=n/a  correct=False  running‐acc=0.078
[ 552/600] loss=0.0049  pred=n/a    gold=n/a  running‐acc=0.993
Locality eval: pred=n/a               gold=true  correct=False  running‐acc=0.078
[ 553/600] loss=0.0093  pred=n/a    gold=n/a  running‐acc=0.993
Locality eval: pred=n/a               gold=true  correct=False  running‐acc=0.078
[ 554/600] loss=0.0012  pred=true   gold=true  running‐acc=0.993
Locality eval: pred=true              gold=n/a  correct=False  running‐acc=0.078
[ 555/600] loss=0.0117  pred=n/a    gold=n/a  running‐acc=0.993
Locality eval: pred=n/a               gold=true  correct=False  running‐acc=0.077
[ 556/600] loss=0.0147  pred=n/a    gold=n/a  running‐acc=0.993
Locality eval: pred=n/a               gold=true  correct=False  running‐acc=0.077
[ 557/600] loss=0.0086  pred=n/a    gold=n/a  running‐acc=0.993
Locality eval: pred=n/a               gold=true  correct=False  running‐acc=0.077
[ 558/600] loss=0.0006  pred=true   gold=true  running‐acc=0.993
Locality eval: pred=true              gold=n/a  correct=False  running‐acc=0.077
[ 559/600] loss=0.0007  pred=true   gold=true  running‐acc=0.993
Locality eval: pred=true              gold=n/a  correct=False  running‐acc=0.077
[ 560/600] loss=0.0094  pred=n/a    gold=n/a  running‐acc=0.993
Locality eval: pred=n/a               gold=true  correct=False  running‐acc=0.077
[ 561/600] loss=0.0022  pred=true   gold=true  running‐acc=0.993
Locality eval: pred=true              gold=n/a  correct=False  running‐acc=0.077
[ 562/600] loss=0.0003  pred=true   gold=true  running‐acc=0.993
Locality eval: pred=true              gold=n/a  correct=False  running‐acc=0.077
[ 563/600] loss=0.0167  pred=n/a    gold=n/a  running‐acc=0.993
Locality eval: pred=n/a               gold=true  correct=False  running‐acc=0.076
[ 564/600] loss=0.0016  pred=true   gold=true  running‐acc=0.993
Locality eval: pred=true              gold=n/a  correct=False  running‐acc=0.076
[ 565/600] loss=0.0079  pred=n/a    gold=n/a  running‐acc=0.993
Locality eval: pred=true              gold=true  correct=True  running‐acc=0.078
[ 566/600] loss=0.0010  pred=true   gold=true  running‐acc=0.993
Locality eval: pred=true              gold=n/a  correct=False  running‐acc=0.078
[ 567/600] loss=0.0046  pred=true   gold=true  running‐acc=0.993
Locality eval: pred=true              gold=n/a  correct=False  running‐acc=0.078
[ 568/600] loss=0.0109  pred=n/a    gold=n/a  running‐acc=0.993
Locality eval: pred=n/a               gold=true  correct=False  running‐acc=0.077
[ 569/600] loss=0.0020  pred=true   gold=true  running‐acc=0.993
Locality eval: pred=true              gold=n/a  correct=False  running‐acc=0.077
[ 570/600] loss=0.0022  pred=true   gold=true  running‐acc=0.993
Locality eval: pred=false             gold=n/a  correct=False  running‐acc=0.077
[ 571/600] loss=0.0002  pred=true   gold=true  running‐acc=0.993
Locality eval: pred=true              gold=n/a  correct=False  running‐acc=0.077
[ 572/600] loss=0.0026  pred=true   gold=true  running‐acc=0.993
Locality eval: pred=true              gold=n/a  correct=False  running‐acc=0.077
[ 573/600] loss=0.0220  pred=true   gold=true  running‐acc=0.993
Locality eval: pred=true              gold=n/a  correct=False  running‐acc=0.077
[ 574/600] loss=0.0007  pred=true   gold=true  running‐acc=0.993
Locality eval: pred=true              gold=n/a  correct=False  running‐acc=0.077
[ 575/600] loss=0.0040  pred=true   gold=true  running‐acc=0.993
Locality eval: pred=true              gold=n/a  correct=False  running‐acc=0.077
[ 576/600] loss=0.0013  pred=true   gold=true  running‐acc=0.993
Locality eval: pred=true              gold=n/a  correct=False  running‐acc=0.076
[ 577/600] loss=0.0003  pred=true   gold=true  running‐acc=0.993
Locality eval: pred=true              gold=n/a  correct=False  running‐acc=0.076
[ 578/600] loss=0.0031  pred=n/a    gold=n/a  running‐acc=0.993
Locality eval: pred=true              gold=true  correct=True  running‐acc=0.078
[ 579/600] loss=0.0010  pred=true   gold=true  running‐acc=0.993
Locality eval: pred=true              gold=n/a  correct=False  running‐acc=0.078
[ 580/600] loss=0.0091  pred=n/a    gold=n/a  running‐acc=0.993
Locality eval: pred=true              gold=true  correct=True  running‐acc=0.079
[ 581/600] loss=0.0140  pred=n/a    gold=n/a  running‐acc=0.993
Locality eval: pred=n/a               gold=true  correct=False  running‐acc=0.079
[ 582/600] loss=0.0111  pred=n/a    gold=n/a  running‐acc=0.993
Locality eval: pred=n/a               gold=true  correct=False  running‐acc=0.079
[ 583/600] loss=0.0203  pred=n/a    gold=n/a  running‐acc=0.993
Locality eval: pred=n/a               gold=true  correct=False  running‐acc=0.079
[ 584/600] loss=0.0128  pred=n/a    gold=n/a  running‐acc=0.993
Locality eval: pred=n/a               gold=true  correct=False  running‐acc=0.079
[ 585/600] loss=0.0042  pred=n/a    gold=n/a  running‐acc=0.993
Locality eval: pred=n/a               gold=true  correct=False  running‐acc=0.079
[ 586/600] loss=0.0011  pred=n/a    gold=n/a  running‐acc=0.993
Locality eval: pred=n/a               gold=true  correct=False  running‐acc=0.078
[ 587/600] loss=0.0014  pred=true   gold=true  running‐acc=0.993
Locality eval: pred=true              gold=n/a  correct=False  running‐acc=0.078
[ 588/600] loss=0.0004  pred=true   gold=true  running‐acc=0.993
Locality eval: pred=true              gold=n/a  correct=False  running‐acc=0.078
[ 589/600] loss=0.0004  pred=true   gold=true  running‐acc=0.993
Locality eval: pred=true              gold=n/a  correct=False  running‐acc=0.078
[ 590/600] loss=0.0012  pred=true   gold=true  running‐acc=0.993
Locality eval: pred=true              gold=n/a  correct=False  running‐acc=0.078
[ 591/600] loss=0.0052  pred=true   gold=true  running‐acc=0.993
Locality eval: pred=false             gold=n/a  correct=False  running‐acc=0.078
[ 592/600] loss=0.0177  pred=n/a    gold=n/a  running‐acc=0.993
Locality eval: pred=n/a               gold=true  correct=False  running‐acc=0.078
[ 593/600] loss=0.0067  pred=true   gold=true  running‐acc=0.993
Locality eval: pred=false             gold=n/a  correct=False  running‐acc=0.078
[ 594/600] loss=0.0006  pred=n/a    gold=n/a  running‐acc=0.993
Locality eval: pred=n/a               gold=true  correct=False  running‐acc=0.077
[ 595/600] loss=0.0075  pred=true   gold=true  running‐acc=0.993
Locality eval: pred=true              gold=n/a  correct=False  running‐acc=0.077
[ 596/600] loss=0.0081  pred=n/a    gold=n/a  running‐acc=0.993
Locality eval: pred=n/a               gold=true  correct=False  running‐acc=0.077
[ 597/600] loss=0.0027  pred=n/a    gold=n/a  running‐acc=0.993
Locality eval: pred=n/a               gold=true  correct=False  running‐acc=0.077
[ 598/600] loss=0.0007  pred=true   gold=true  running‐acc=0.993
Locality eval: pred=true              gold=n/a  correct=False  running‐acc=0.077
[ 599/600] loss=0.0004  pred=true   gold=true  running‐acc=0.993
Locality eval: pred=n/a               gold=n/a  correct=True  running‐acc=0.078
[ 600/600] loss=0.0041  pred=n/a    gold=n/a  running‐acc=0.993
Locality eval: pred=n/a               gold=true  correct=False  running‐acc=0.078

Finished in 1308.4s.  Final accuracy: 0.993.

