Sliding Window Attention is enabled but not implemented for `sdpa`; unexpected results may be encountered.

Loading base model (4‐bit)…
Loading checkpoint shards:   0%|          | 0/2 [00:00<?, ?it/s]Loading checkpoint shards:  50%|█████     | 1/2 [00:19<00:19, 19.96s/it]Loading checkpoint shards: 100%|██████████| 2/2 [00:32<00:00, 15.38s/it]Loading checkpoint shards: 100%|██████████| 2/2 [00:32<00:00, 16.06s/it]
trainable params: 3,686,400 || all params: 3,089,625,088 || trainable%: 0.1193
  0%|          | 0/600 [00:00<?, ?it/s]100%|██████████| 600/600 [00:00<00:00, 18004.40it/s]
/project/uvadm/zhenyu/miniconda3/envs/mechanistic/lib/python3.10/site-packages/transformers/generation/configuration_utils.py:631: UserWarning: `do_sample` is set to `False`. However, `temperature` is set to `0.7` -- this flag is only used in sample-based generation modes. You should set `do_sample=True` or unset `temperature`.
  warnings.warn(
/project/uvadm/zhenyu/miniconda3/envs/mechanistic/lib/python3.10/site-packages/transformers/generation/configuration_utils.py:636: UserWarning: `do_sample` is set to `False`. However, `top_p` is set to `0.8` -- this flag is only used in sample-based generation modes. You should set `do_sample=True` or unset `top_p`.
  warnings.warn(
/project/uvadm/zhenyu/miniconda3/envs/mechanistic/lib/python3.10/site-packages/transformers/generation/configuration_utils.py:653: UserWarning: `do_sample` is set to `False`. However, `top_k` is set to `20` -- this flag is only used in sample-based generation modes. You should set `do_sample=True` or unset `top_k`.
  warnings.warn(
Loaded 600 (train, eval) pairs.

Starting sequential training…
Cached 144 LoRA tensors.
[   1/600] loss=9.4992  pred=true   gold=true  running‐acc=1.000
Locality eval: pred=n/a               gold=n/a  correct=True  running‐acc=1.000
[   2/600] loss=9.2226  pred=true   gold=true  running‐acc=1.000
Locality eval: pred=n/a               gold=n/a  correct=True  running‐acc=1.000
[   3/600] loss=8.9056  pred=true   gold=true  running‐acc=1.000
Locality eval: pred=true              gold=n/a  correct=False  running‐acc=0.667
[   4/600] loss=10.0106  pred=true   gold=true  running‐acc=1.000
Locality eval: pred=true              gold=n/a  correct=False  running‐acc=0.500
[   5/600] loss=9.3872  pred=true   gold=true  running‐acc=1.000
Locality eval: pred=n/a               gold=n/a  correct=True  running‐acc=0.600
[   6/600] loss=9.9882  pred=true   gold=true  running‐acc=1.000
Locality eval: pred=true              gold=n/a  correct=False  running‐acc=0.500
[   7/600] loss=6.7227  pred=n/a    gold=n/a  running‐acc=1.000
Locality eval: pred=n/a               gold=true  correct=False  running‐acc=0.429
[   8/600] loss=4.4819  pred=n/a    gold=n/a  running‐acc=1.000
Locality eval: pred=n/a               gold=true  correct=False  running‐acc=0.375
[   9/600] loss=11.7734  pred=true   gold=true  running‐acc=1.000
Locality eval: pred=true              gold=n/a  correct=False  running‐acc=0.333
[  10/600] loss=9.2694  pred=true   gold=true  running‐acc=1.000
Locality eval: pred=n/a               gold=n/a  correct=True  running‐acc=0.400
[  11/600] loss=10.1752  pred=n/a    gold=true  running‐acc=0.909
Locality eval: pred=true              gold=n/a  correct=False  running‐acc=0.364
[  12/600] loss=9.8449  pred=true   gold=true  running‐acc=0.917
Locality eval: pred=true              gold=n/a  correct=False  running‐acc=0.333
[  13/600] loss=7.2767  pred=true   gold=n/a  running‐acc=0.846
Locality eval: pred=true              gold=true  correct=True  running‐acc=0.385
[  14/600] loss=7.4251  pred=n/a    gold=n/a  running‐acc=0.857
Locality eval: pred=n/a               gold=true  correct=False  running‐acc=0.357
[  15/600] loss=11.0271  pred=true   gold=true  running‐acc=0.867
Locality eval: pred=n/a               gold=n/a  correct=True  running‐acc=0.400
[  16/600] loss=8.2082  pred=false  gold=n/a  running‐acc=0.812
Locality eval: pred=true              gold=true  correct=True  running‐acc=0.438
[  17/600] loss=6.0078  pred=n/a    gold=n/a  running‐acc=0.824
Locality eval: pred=n/a               gold=true  correct=False  running‐acc=0.412
[  18/600] loss=9.2583  pred=true/false/n/a  gold=true  running‐acc=0.833
Locality eval: pred=n/a               gold=n/a  correct=True  running‐acc=0.444
[  19/600] loss=10.3226  pred=true   gold=true  running‐acc=0.842
Locality eval: pred=n/a               gold=n/a  correct=True  running‐acc=0.474
[  20/600] loss=7.1278  pred=n/a    gold=n/a  running‐acc=0.850
Locality eval: pred=n/a               gold=true  correct=False  running‐acc=0.450
[  21/600] loss=7.3299  pred=false  gold=n/a  running‐acc=0.810
Locality eval: pred=true              gold=true  correct=True  running‐acc=0.476
[  22/600] loss=7.8722  pred=true   gold=n/a  running‐acc=0.773
Locality eval: pred=true,             gold=true  correct=True  running‐acc=0.500
[  23/600] loss=8.0460  pred=n/a    gold=n/a  running‐acc=0.783
Locality eval: pred=true              gold=true  correct=True  running‐acc=0.522
[  24/600] loss=8.0691  pred=false  gold=n/a  running‐acc=0.750
Locality eval: pred=true              gold=true  correct=True  running‐acc=0.542
[  25/600] loss=9.2354  pred=true   gold=true  running‐acc=0.760
Locality eval: pred=false             gold=n/a  correct=False  running‐acc=0.520
[  26/600] loss=7.3515  pred=false  gold=n/a  running‐acc=0.731
Locality eval: pred=true              gold=true  correct=True  running‐acc=0.538
[  27/600] loss=4.8693  pred=false  gold=n/a  running‐acc=0.704
Locality eval: pred=true              gold=true  correct=True  running‐acc=0.556
[  28/600] loss=8.0609  pred=true   gold=n/a  running‐acc=0.679
Locality eval: pred=true              gold=true  correct=True  running‐acc=0.571
[  29/600] loss=7.4027  pred=n/a    gold=n/a  running‐acc=0.690
Locality eval: pred=true              gold=true  correct=True  running‐acc=0.586
[  30/600] loss=7.9219  pred=true   gold=n/a  running‐acc=0.667
Locality eval: pred=true              gold=true  correct=True  running‐acc=0.600
[  31/600] loss=8.7718  pred=true   gold=true  running‐acc=0.677
Locality eval: pred=false             gold=n/a  correct=False  running‐acc=0.581
[  32/600] loss=7.7344  pred=true   gold=n/a  running‐acc=0.656
Locality eval: pred=true              gold=true  correct=True  running‐acc=0.594
[  33/600] loss=8.3929  pred=n/a    gold=n/a  running‐acc=0.667
Locality eval: pred=n/a               gold=true  correct=False  running‐acc=0.576
[  34/600] loss=7.3678  pred=true   gold=n/a  running‐acc=0.647
Locality eval: pred=true              gold=true  correct=True  running‐acc=0.588
[  35/600] loss=8.5750  pred=true   gold=true  running‐acc=0.657
Locality eval: pred=false             gold=n/a  correct=False  running‐acc=0.571
[  36/600] loss=7.8125  pred=true   gold=n/a  running‐acc=0.639
Locality eval: pred=true              gold=true  correct=True  running‐acc=0.583
[  37/600] loss=11.3708  pred=true   gold=true  running‐acc=0.649
Locality eval: pred=true,             gold=n/a  correct=False  running‐acc=0.568
[  38/600] loss=5.4348  pred=n/a    gold=n/a  running‐acc=0.658
Locality eval: pred=n/a               gold=true  correct=False  running‐acc=0.553
[  39/600] loss=8.7613  pred=true   gold=true  running‐acc=0.667
Locality eval: pred=true/false/n/a    gold=n/a  correct=True  running‐acc=0.564
[  40/600] loss=11.2686  pred=true   gold=true  running‐acc=0.675
Locality eval: pred=n/a               gold=n/a  correct=True  running‐acc=0.575
[  41/600] loss=9.4760  pred=true   gold=true  running‐acc=0.683
Locality eval: pred=n/a               gold=n/a  correct=True  running‐acc=0.585
[  42/600] loss=7.2246  pred=n/a    gold=n/a  running‐acc=0.690
Locality eval: pred=false             gold=true  correct=False  running‐acc=0.571
[  43/600] loss=5.4990  pred=true   gold=true  running‐acc=0.698
Locality eval: pred=n/a               gold=n/a  correct=True  running‐acc=0.581
[  44/600] loss=8.0518  pred=true   gold=n/a  running‐acc=0.682
Locality eval: pred=true              gold=true  correct=True  running‐acc=0.591
[  45/600] loss=7.0755  pred=n/a    gold=n/a  running‐acc=0.689
Locality eval: pred=true              gold=true  correct=True  running‐acc=0.600
[  46/600] loss=10.2615  pred=true.  gold=true  running‐acc=0.696
Locality eval: pred=n/a               gold=n/a  correct=True  running‐acc=0.609
[  47/600] loss=6.4611  pred=true   gold=true  running‐acc=0.702
Locality eval: pred=n/a               gold=n/a  correct=True  running‐acc=0.617
[  48/600] loss=7.0214  pred=n/a    gold=n/a  running‐acc=0.708
Locality eval: pred=n/a               gold=true  correct=False  running‐acc=0.604
[  49/600] loss=11.2545  pred=true   gold=true  running‐acc=0.714
Locality eval: pred=n/a               gold=n/a  correct=True  running‐acc=0.612
[  50/600] loss=7.5497  pred=false  gold=n/a  running‐acc=0.700
Locality eval: pred=true              gold=true  correct=True  running‐acc=0.620
[  51/600] loss=10.0500  pred=true   gold=true  running‐acc=0.706
Locality eval: pred=n/a               gold=n/a  correct=True  running‐acc=0.627
[  52/600] loss=10.8278  pred=true   gold=true  running‐acc=0.712
Locality eval: pred=n/a               gold=n/a  correct=True  running‐acc=0.635
[  53/600] loss=6.9208  pred=n/a    gold=n/a  running‐acc=0.717
Locality eval: pred=n/a               gold=true  correct=False  running‐acc=0.623
[  54/600] loss=9.3889  pred=true.  gold=true  running‐acc=0.722
Locality eval: pred=n/a               gold=n/a  correct=True  running‐acc=0.630
[  55/600] loss=7.1644  pred=n/a    gold=n/a  running‐acc=0.727
Locality eval: pred=n/a               gold=true  correct=False  running‐acc=0.618
[  56/600] loss=8.0530  pred=false  gold=n/a  running‐acc=0.714
Locality eval: pred=true              gold=true  correct=True  running‐acc=0.625
[  57/600] loss=9.9053  pred=true/false/n/a  gold=true  running‐acc=0.719
Locality eval: pred=true              gold=n/a  correct=False  running‐acc=0.614
[  58/600] loss=8.8588  pred=true   gold=true  running‐acc=0.724
Locality eval: pred=n/a               gold=n/a  correct=True  running‐acc=0.621
[  59/600] loss=11.0296  pred=true   gold=true  running‐acc=0.729
Locality eval: pred=true              gold=n/a  correct=False  running‐acc=0.610
[  60/600] loss=7.2646  pred=true   gold=true  running‐acc=0.733
Locality eval: pred=n/a               gold=n/a  correct=True  running‐acc=0.617
[  61/600] loss=8.8524  pred=n/a    gold=true  running‐acc=0.721
Locality eval: pred=n/a               gold=n/a  correct=True  running‐acc=0.623
[  62/600] loss=9.5437  pred=n/a    gold=true  running‐acc=0.710
Locality eval: pred=n/a               gold=n/a  correct=True  running‐acc=0.629
[  63/600] loss=7.6603  pred=true   gold=n/a  running‐acc=0.698
Locality eval: pred=true              gold=true  correct=True  running‐acc=0.635
[  64/600] loss=8.1939  pred=true   gold=n/a  running‐acc=0.688
Locality eval: pred=true              gold=true  correct=True  running‐acc=0.641
[  65/600] loss=7.8006  pred=true   gold=n/a  running‐acc=0.677
Locality eval: pred=true              gold=true  correct=True  running‐acc=0.646
[  66/600] loss=10.4717  pred=true   gold=true  running‐acc=0.682
Locality eval: pred=true              gold=n/a  correct=False  running‐acc=0.636
[  67/600] loss=9.0630  pred=true   gold=true  running‐acc=0.687
Locality eval: pred=n/a               gold=n/a  correct=True  running‐acc=0.642
[  68/600] loss=9.5919  pred=true   gold=true  running‐acc=0.691
Locality eval: pred=false             gold=n/a  correct=False  running‐acc=0.632
[  69/600] loss=7.7608  pred=false  gold=n/a  running‐acc=0.681
Locality eval: pred=n/a               gold=true  correct=False  running‐acc=0.623
[  70/600] loss=7.1948  pred=n/a    gold=n/a  running‐acc=0.686
Locality eval: pred=true              gold=true  correct=True  running‐acc=0.629
[  71/600] loss=7.7546  pred=n/a    gold=n/a  running‐acc=0.690
Locality eval: pred=true              gold=true  correct=True  running‐acc=0.634
[  72/600] loss=7.3059  pred=false  gold=n/a  running‐acc=0.681
Locality eval: pred=true              gold=true  correct=True  running‐acc=0.639
[  73/600] loss=9.7708  pred=true.  gold=true  running‐acc=0.685
Locality eval: pred=n/a               gold=n/a  correct=True  running‐acc=0.644
[  74/600] loss=7.6970  pred=true   gold=n/a  running‐acc=0.676
Locality eval: pred=true              gold=true  correct=True  running‐acc=0.649
[  75/600] loss=6.9477  pred=n/a    gold=n/a  running‐acc=0.680
Locality eval: pred=n/a               gold=true  correct=False  running‐acc=0.640
[  76/600] loss=10.6576  pred=true   gold=true  running‐acc=0.684
Locality eval: pred=true              gold=n/a  correct=False  running‐acc=0.632
[  77/600] loss=8.9493  pred=true   gold=true  running‐acc=0.688
Locality eval: pred=false             gold=n/a  correct=False  running‐acc=0.623
[  78/600] loss=7.6025  pred=false  gold=n/a  running‐acc=0.679
Locality eval: pred=true.             gold=true  correct=True  running‐acc=0.628
[  79/600] loss=9.5068  pred=true   gold=true  running‐acc=0.684
Locality eval: pred=n/a               gold=n/a  correct=True  running‐acc=0.633
[  80/600] loss=7.5738  pred=false  gold=n/a  running‐acc=0.675
Locality eval: pred=(n/a)             gold=true  correct=False  running‐acc=0.625
[  81/600] loss=7.2536  pred=n/a    gold=n/a  running‐acc=0.679
Locality eval: pred=true              gold=true  correct=True  running‐acc=0.630
[  82/600] loss=10.7082  pred=true   gold=true  running‐acc=0.683
Locality eval: pred=false             gold=n/a  correct=False  running‐acc=0.622
[  83/600] loss=6.5380  pred=n/a    gold=n/a  running‐acc=0.687
Locality eval: pred=true              gold=true  correct=True  running‐acc=0.627
[  84/600] loss=9.9849  pred=true   gold=true  running‐acc=0.690
Locality eval: pred=n/a               gold=n/a  correct=True  running‐acc=0.631
[  85/600] loss=7.4418  pred=false  gold=n/a  running‐acc=0.682
Locality eval: pred=true              gold=true  correct=True  running‐acc=0.635
[  86/600] loss=7.9198  pred=n/a    gold=n/a  running‐acc=0.686
Locality eval: pred=true              gold=true  correct=True  running‐acc=0.640
[  87/600] loss=7.6681  pred=true   gold=n/a  running‐acc=0.678
Locality eval: pred=n/a               gold=true  correct=False  running‐acc=0.632
[  88/600] loss=10.3907  pred=true   gold=true  running‐acc=0.682
Locality eval: pred=true              gold=n/a  correct=False  running‐acc=0.625
[  89/600] loss=8.8854  pred=true   gold=true  running‐acc=0.685
Locality eval: pred=n/a               gold=n/a  correct=True  running‐acc=0.629
[  90/600] loss=6.4178  pred=n/a    gold=n/a  running‐acc=0.689
Locality eval: pred=n/a               gold=true  correct=False  running‐acc=0.622
[  91/600] loss=5.7159  pred=n/a    gold=n/a  running‐acc=0.692
Locality eval: pred=true.             gold=true  correct=True  running‐acc=0.626
[  92/600] loss=8.8161  pred=false  gold=true  running‐acc=0.685
Locality eval: pred=false             gold=n/a  correct=False  running‐acc=0.620
[  93/600] loss=6.4137  pred=n/a    gold=n/a  running‐acc=0.688
Locality eval: pred=true              gold=true  correct=True  running‐acc=0.624
[  94/600] loss=7.2682  pred=true   gold=n/a  running‐acc=0.681
Locality eval: pred=true              gold=true  correct=True  running‐acc=0.628
[  95/600] loss=9.4174  pred=true   gold=true  running‐acc=0.684
Locality eval: pred=n/a               gold=n/a  correct=True  running‐acc=0.632
[  96/600] loss=7.0057  pred=n/a    gold=n/a  running‐acc=0.688
Locality eval: pred=true              gold=true  correct=True  running‐acc=0.635
[  97/600] loss=4.3141  pred=false  gold=n/a  running‐acc=0.680
Locality eval: pred=n/a               gold=true  correct=False  running‐acc=0.629
[  98/600] loss=7.5886  pred=n/a    gold=n/a  running‐acc=0.684
Locality eval: pred=true              gold=true  correct=True  running‐acc=0.633
[  99/600] loss=8.3291  pred=true   gold=true  running‐acc=0.687
Locality eval: pred=n/a               gold=n/a  correct=True  running‐acc=0.636
[ 100/600] loss=9.6099  pred=true   gold=true  running‐acc=0.690
Locality eval: pred=n/a               gold=n/a  correct=True  running‐acc=0.640
[ 101/600] loss=6.7592  pred=n/a    gold=n/a  running‐acc=0.693
Locality eval: pred=n/a               gold=true  correct=False  running‐acc=0.634
[ 102/600] loss=9.4375  pred=true   gold=true  running‐acc=0.696
Locality eval: pred=n/a               gold=n/a  correct=True  running‐acc=0.637
[ 103/600] loss=7.4717  pred=true   gold=n/a  running‐acc=0.689
Locality eval: pred=n/a               gold=true  correct=False  running‐acc=0.631
[ 104/600] loss=9.6924  pred=true   gold=true  running‐acc=0.692
Locality eval: pred=n/a               gold=n/a  correct=True  running‐acc=0.635
[ 105/600] loss=5.6213  pred=true   gold=true  running‐acc=0.695
Locality eval: pred=n/a               gold=n/a  correct=True  running‐acc=0.638
[ 106/600] loss=3.5347  pred=true   gold=true  running‐acc=0.698
Locality eval: pred=n/a               gold=n/a  correct=True  running‐acc=0.642
[ 107/600] loss=8.1536  pred=true   gold=true  running‐acc=0.701
Locality eval: pred=n/a               gold=n/a  correct=True  running‐acc=0.645
[ 108/600] loss=9.4396  pred=true   gold=true  running‐acc=0.704
Locality eval: pred=n/a               gold=n/a  correct=True  running‐acc=0.648
[ 109/600] loss=11.6159  pred=true.  gold=true  running‐acc=0.706
Locality eval: pred=true,             gold=n/a  correct=False  running‐acc=0.642
[ 110/600] loss=6.5772  pred=true   gold=true  running‐acc=0.709
Locality eval: pred=n/a               gold=n/a  correct=True  running‐acc=0.645
[ 111/600] loss=8.6238  pred=true   gold=true  running‐acc=0.712
Locality eval: pred=n/a               gold=n/a  correct=True  running‐acc=0.649
[ 112/600] loss=11.3709  pred=true   gold=true  running‐acc=0.714
Locality eval: pred=n/a               gold=n/a  correct=True  running‐acc=0.652
[ 113/600] loss=3.6073  pred=n/a    gold=n/a  running‐acc=0.717
Locality eval: pred=true.             gold=true  correct=True  running‐acc=0.655
[ 114/600] loss=7.9043  pred=false  gold=n/a  running‐acc=0.711
Locality eval: pred=false             gold=true  correct=False  running‐acc=0.649
[ 115/600] loss=7.5830  pred=true   gold=n/a  running‐acc=0.704
Locality eval: pred=true              gold=true  correct=True  running‐acc=0.652
[ 116/600] loss=8.8729  pred=true   gold=true  running‐acc=0.707
Locality eval: pred=n/a               gold=n/a  correct=True  running‐acc=0.655
[ 117/600] loss=7.8959  pred=false  gold=n/a  running‐acc=0.701
Locality eval: pred=true              gold=true  correct=True  running‐acc=0.658
[ 118/600] loss=8.0222  pred=n/a    gold=n/a  running‐acc=0.703
Locality eval: pred=true              gold=true  correct=True  running‐acc=0.661
[ 119/600] loss=7.4161  pred=n/a    gold=n/a  running‐acc=0.706
Locality eval: pred=n/a               gold=true  correct=False  running‐acc=0.655
[ 120/600] loss=8.1238  pred=false  gold=n/a  running‐acc=0.700
Locality eval: pred=true              gold=true  correct=True  running‐acc=0.658
[ 121/600] loss=5.4610  pred=true   gold=true  running‐acc=0.702
Locality eval: pred=false.            gold=n/a  correct=False  running‐acc=0.653
[ 122/600] loss=11.8070  pred=true   gold=true  running‐acc=0.705
Locality eval: pred=true              gold=n/a  correct=False  running‐acc=0.648
[ 123/600] loss=6.8773  pred=n/a    gold=n/a  running‐acc=0.707
Locality eval: pred=true              gold=true  correct=True  running‐acc=0.650
[ 124/600] loss=8.0350  pred=true   gold=n/a  running‐acc=0.702
Locality eval: pred=true              gold=true  correct=True  running‐acc=0.653
[ 125/600] loss=7.8762  pred=false  gold=n/a  running‐acc=0.696
Locality eval: pred=true              gold=true  correct=True  running‐acc=0.656
[ 126/600] loss=10.6372  pred=true.  gold=true  running‐acc=0.698
Locality eval: pred=true/false/n/a    gold=n/a  correct=True  running‐acc=0.659
[ 127/600] loss=11.4438  pred=true   gold=true  running‐acc=0.701
Locality eval: pred=n/a               gold=n/a  correct=True  running‐acc=0.661
[ 128/600] loss=7.4988  pred=n/a    gold=n/a  running‐acc=0.703
Locality eval: pred=true              gold=true  correct=True  running‐acc=0.664
[ 129/600] loss=7.0909  pred=true   gold=true  running‐acc=0.705
Locality eval: pred=n/a               gold=n/a  correct=True  running‐acc=0.667
[ 130/600] loss=7.3879  pred=n/a    gold=n/a  running‐acc=0.708
Locality eval: pred=n/a               gold=true  correct=False  running‐acc=0.662
[ 131/600] loss=10.5171  pred=true   gold=true  running‐acc=0.710
Locality eval: pred=n/a               gold=n/a  correct=True  running‐acc=0.664
[ 132/600] loss=7.6142  pred=false  gold=n/a  running‐acc=0.705
Locality eval: pred=true              gold=true  correct=True  running‐acc=0.667
[ 133/600] loss=7.6390  pred=n/a    gold=n/a  running‐acc=0.707
Locality eval: pred=n/a               gold=true  correct=False  running‐acc=0.662
[ 134/600] loss=9.0274  pred=true   gold=true  running‐acc=0.709
Locality eval: pred=n/a               gold=n/a  correct=True  running‐acc=0.664
[ 135/600] loss=9.8691  pred=true   gold=true  running‐acc=0.711
Locality eval: pred=n/a               gold=n/a  correct=True  running‐acc=0.667
[ 136/600] loss=7.8479  pred=n/a    gold=n/a  running‐acc=0.713
Locality eval: pred=n/a               gold=true  correct=False  running‐acc=0.662
[ 137/600] loss=9.5639  pred=true   gold=true  running‐acc=0.715
Locality eval: pred=false             gold=n/a  correct=False  running‐acc=0.657
[ 138/600] loss=11.5407  pred=false  gold=true  running‐acc=0.710
Locality eval: pred=true/false/n/a    gold=n/a  correct=True  running‐acc=0.659
[ 139/600] loss=7.8886  pred=true   gold=n/a  running‐acc=0.705
Locality eval: pred=true              gold=true  correct=True  running‐acc=0.662
[ 140/600] loss=7.8784  pred=n/a    gold=n/a  running‐acc=0.707
Locality eval: pred=true              gold=true  correct=True  running‐acc=0.664
[ 141/600] loss=7.7222  pred=true   gold=n/a  running‐acc=0.702
Locality eval: pred=true              gold=true  correct=True  running‐acc=0.667
[ 142/600] loss=7.0773  pred=n/a    gold=n/a  running‐acc=0.704
Locality eval: pred=n/a               gold=true  correct=False  running‐acc=0.662
[ 143/600] loss=8.8322  pred=true   gold=true  running‐acc=0.706
Locality eval: pred=false             gold=n/a  correct=False  running‐acc=0.657
[ 144/600] loss=8.8804  pred=true   gold=true  running‐acc=0.708
Locality eval: pred=false             gold=n/a  correct=False  running‐acc=0.653
[ 145/600] loss=10.2385  pred=true   gold=true  running‐acc=0.710
Locality eval: pred=n/a               gold=n/a  correct=True  running‐acc=0.655
[ 146/600] loss=4.5034  pred=true   gold=true  running‐acc=0.712
Locality eval: pred=n/a               gold=n/a  correct=True  running‐acc=0.658
[ 147/600] loss=6.0131  pred=n/a    gold=n/a  running‐acc=0.714
Locality eval: pred=n/a               gold=true  correct=False  running‐acc=0.653
[ 148/600] loss=10.2235  pred=true   gold=true  running‐acc=0.716
Locality eval: pred=n/a               gold=n/a  correct=True  running‐acc=0.655
[ 149/600] loss=7.8658  pred=false  gold=n/a  running‐acc=0.711
Locality eval: pred=true              gold=true  correct=True  running‐acc=0.658
[ 150/600] loss=4.7624  pred=n/a    gold=n/a  running‐acc=0.713
Locality eval: pred=true.             gold=true  correct=True  running‐acc=0.660
[ 151/600] loss=9.1811  pred=true   gold=true  running‐acc=0.715
Locality eval: pred=n/a               gold=n/a  correct=True  running‐acc=0.662
[ 152/600] loss=9.8242  pred=true   gold=true  running‐acc=0.717
Locality eval: pred=true              gold=n/a  correct=False  running‐acc=0.658
[ 153/600] loss=7.9432  pred=false  gold=n/a  running‐acc=0.712
Locality eval: pred=true              gold=true  correct=True  running‐acc=0.660
[ 154/600] loss=7.6127  pred=false  gold=n/a  running‐acc=0.708
Locality eval: pred=true              gold=true  correct=True  running‐acc=0.662
[ 155/600] loss=8.5548  pred=true   gold=true  running‐acc=0.710
Locality eval: pred=true              gold=n/a  correct=False  running‐acc=0.658
[ 156/600] loss=7.8391  pred=n/a    gold=n/a  running‐acc=0.712
Locality eval: pred=true              gold=true  correct=True  running‐acc=0.660
[ 157/600] loss=9.7814  pred=true   gold=true  running‐acc=0.713
Locality eval: pred=false             gold=n/a  correct=False  running‐acc=0.656
[ 158/600] loss=7.9023  pred=n/a    gold=n/a  running‐acc=0.715
Locality eval: pred=n/a               gold=true  correct=False  running‐acc=0.652
[ 159/600] loss=7.8015  pred=n/a    gold=n/a  running‐acc=0.717
Locality eval: pred=true              gold=true  correct=True  running‐acc=0.654
[ 160/600] loss=7.5566  pred=n/a    gold=n/a  running‐acc=0.719
Locality eval: pred=true              gold=true  correct=True  running‐acc=0.656
[ 161/600] loss=9.9625  pred=true   gold=true  running‐acc=0.720
Locality eval: pred=n/a               gold=n/a  correct=True  running‐acc=0.658
[ 162/600] loss=4.7719  pred=true   gold=n/a  running‐acc=0.716
Locality eval: pred=n/a               gold=true  correct=False  running‐acc=0.654
[ 163/600] loss=6.3948  pred=n/a    gold=n/a  running‐acc=0.718
Locality eval: pred=n/a               gold=true  correct=False  running‐acc=0.650
[ 164/600] loss=8.1334  pred=false  gold=n/a  running‐acc=0.713
Locality eval: pred=true              gold=true  correct=True  running‐acc=0.652
[ 165/600] loss=10.1820  pred=true   gold=true  running‐acc=0.715
Locality eval: pred=true              gold=n/a  correct=False  running‐acc=0.648
[ 166/600] loss=9.6506  pred=true   gold=true  running‐acc=0.717
Locality eval: pred=n/a               gold=n/a  correct=True  running‐acc=0.651
[ 167/600] loss=7.8470  pred=n/a    gold=n/a  running‐acc=0.719
Locality eval: pred=true              gold=true  correct=True  running‐acc=0.653
[ 168/600] loss=9.8165  pred=true   gold=true  running‐acc=0.720
Locality eval: pred=n/a               gold=n/a  correct=True  running‐acc=0.655
[ 169/600] loss=7.6299  pred=n/a    gold=n/a  running‐acc=0.722
Locality eval: pred=false             gold=true  correct=False  running‐acc=0.651
[ 170/600] loss=8.0614  pred=false  gold=n/a  running‐acc=0.718
Locality eval: pred=true              gold=true  correct=True  running‐acc=0.653
[ 171/600] loss=6.3008  pred=n/a    gold=n/a  running‐acc=0.719
Locality eval: pred=true              gold=true  correct=True  running‐acc=0.655
[ 172/600] loss=9.7478  pred=true   gold=true  running‐acc=0.721
Locality eval: pred=n/a               gold=n/a  correct=True  running‐acc=0.657
[ 173/600] loss=7.4303  pred=false  gold=n/a  running‐acc=0.717
Locality eval: pred=true              gold=true  correct=True  running‐acc=0.659
[ 174/600] loss=9.1074  pred=true/false/n/a  gold=true  running‐acc=0.718
Locality eval: pred=n/a               gold=n/a  correct=True  running‐acc=0.661
[ 175/600] loss=11.3571  pred=true   gold=true  running‐acc=0.720
Locality eval: pred=n/a               gold=n/a  correct=True  running‐acc=0.663
[ 176/600] loss=7.8825  pred=false  gold=n/a  running‐acc=0.716
Locality eval: pred=true              gold=true  correct=True  running‐acc=0.665
[ 177/600] loss=4.7216  pred=true   gold=true  running‐acc=0.718
Locality eval: pred=n/a               gold=n/a  correct=True  running‐acc=0.667
[ 178/600] loss=7.5396  pred=n/a    gold=n/a  running‐acc=0.719
Locality eval: pred=true              gold=true  correct=True  running‐acc=0.669
[ 179/600] loss=7.9976  pred=true   gold=n/a  running‐acc=0.715
Locality eval: pred=true              gold=true  correct=True  running‐acc=0.670
[ 180/600] loss=11.7524  pred=true   gold=true  running‐acc=0.717
Locality eval: pred=false             gold=n/a  correct=False  running‐acc=0.667
[ 181/600] loss=5.6834  pred=n/a    gold=n/a  running‐acc=0.718
Locality eval: pred=n/a               gold=true  correct=False  running‐acc=0.663
[ 182/600] loss=7.5066  pred=false  gold=n/a  running‐acc=0.714
Locality eval: pred=true              gold=true  correct=True  running‐acc=0.665
[ 183/600] loss=10.0084  pred=n/a    gold=true  running‐acc=0.710
Locality eval: pred=n/a               gold=n/a  correct=True  running‐acc=0.667
[ 184/600] loss=3.4984  pred=true祚  gold=true  running‐acc=0.712
Locality eval: pred=n/a               gold=n/a  correct=True  running‐acc=0.668
[ 185/600] loss=10.3737  pred=true   gold=true  running‐acc=0.714
Locality eval: pred=n/a               gold=n/a  correct=True  running‐acc=0.670
[ 186/600] loss=10.9821  pred=true   gold=true  running‐acc=0.715
Locality eval: pred=true              gold=n/a  correct=False  running‐acc=0.667
[ 187/600] loss=8.0123  pred=true   gold=n/a  running‐acc=0.711
Locality eval: pred=true              gold=true  correct=True  running‐acc=0.668
[ 188/600] loss=7.6133  pred=true   gold=n/a  running‐acc=0.707
Locality eval: pred=true              gold=true  correct=True  running‐acc=0.670
[ 189/600] loss=9.2621  pred=false  gold=true  running‐acc=0.704
Locality eval: pred=n/a               gold=n/a  correct=True  running‐acc=0.672
[ 190/600] loss=7.6896  pred=false  gold=n/a  running‐acc=0.700
Locality eval: pred=true              gold=true  correct=True  running‐acc=0.674
[ 191/600] loss=8.4246  pred=true   gold=n/a  running‐acc=0.696
Locality eval: pred=true              gold=true  correct=True  running‐acc=0.675
[ 192/600] loss=7.8944  pred=false  gold=n/a  running‐acc=0.693
Locality eval: pred=true              gold=true  correct=True  running‐acc=0.677
[ 193/600] loss=9.9160  pred=true   gold=true  running‐acc=0.694
Locality eval: pred=n/a               gold=n/a  correct=True  running‐acc=0.679
[ 194/600] loss=9.7112  pred=true   gold=true  running‐acc=0.696
Locality eval: pred=n/a               gold=n/a  correct=True  running‐acc=0.680
[ 195/600] loss=8.6102  pred=true   gold=true  running‐acc=0.697
Locality eval: pred=false             gold=n/a  correct=False  running‐acc=0.677
[ 196/600] loss=9.8119  pred=false  gold=true  running‐acc=0.694
Locality eval: pred=false             gold=n/a  correct=False  running‐acc=0.673
[ 197/600] loss=11.8814  pred=true   gold=true  running‐acc=0.695
Locality eval: pred=n/a               gold=n/a  correct=True  running‐acc=0.675
[ 198/600] loss=8.2991  pred=true   gold=n/a  running‐acc=0.692
Locality eval: pred=true              gold=true  correct=True  running‐acc=0.677
[ 199/600] loss=9.7922  pred=true.  gold=true  running‐acc=0.693
Locality eval: pred=n/a               gold=n/a  correct=True  running‐acc=0.678
[ 200/600] loss=9.9089  pred=true   gold=true  running‐acc=0.695
Locality eval: pred=n/a               gold=n/a  correct=True  running‐acc=0.680
[ 201/600] loss=7.8074  pred=true   gold=n/a  running‐acc=0.692
Locality eval: pred=true              gold=true  correct=True  running‐acc=0.682
[ 202/600] loss=8.0556  pred=false  gold=n/a  running‐acc=0.688
Locality eval: pred=true              gold=true  correct=True  running‐acc=0.683
[ 203/600] loss=8.9348  pred=true   gold=true  running‐acc=0.690
Locality eval: pred=n/a               gold=n/a  correct=True  running‐acc=0.685
[ 204/600] loss=3.2294  pred=n/a    gold=n/a  running‐acc=0.691
Locality eval: pred=n/aionage         gold=true  correct=False  running‐acc=0.681
[ 205/600] loss=10.6520  pred=true   gold=true  running‐acc=0.693
Locality eval: pred=true              gold=n/a  correct=False  running‐acc=0.678
[ 206/600] loss=8.2238  pred=false  gold=n/a  running‐acc=0.689
Locality eval: pred=true              gold=true  correct=True  running‐acc=0.680
[ 207/600] loss=8.0219  pred=false  gold=n/a  running‐acc=0.686
Locality eval: pred=true              gold=true  correct=True  running‐acc=0.681
[ 208/600] loss=9.9064  pred=true   gold=true  running‐acc=0.688
Locality eval: pred=false             gold=n/a  correct=False  running‐acc=0.678
[ 209/600] loss=7.6069  pred=n/a    gold=n/a  running‐acc=0.689
Locality eval: pred=true              gold=true  correct=True  running‐acc=0.679
[ 210/600] loss=7.8406  pred=true   gold=n/a  running‐acc=0.686
Locality eval: pred=true,             gold=true  correct=True  running‐acc=0.681
[ 211/600] loss=9.8632  pred=true   gold=true  running‐acc=0.687
Locality eval: pred=n/a               gold=n/a  correct=True  running‐acc=0.682
[ 212/600] loss=7.2362  pred=n/a    gold=n/a  running‐acc=0.689
Locality eval: pred=false             gold=true  correct=False  running‐acc=0.679
[ 213/600] loss=10.2003  pred=true   gold=true  running‐acc=0.690
Locality eval: pred=true              gold=n/a  correct=False  running‐acc=0.676
[ 214/600] loss=7.2232  pred=false  gold=n/a  running‐acc=0.687
Locality eval: pred=true              gold=true  correct=True  running‐acc=0.678
[ 215/600] loss=11.1754  pred=true/false/n/a  gold=true  running‐acc=0.688
Locality eval: pred=true              gold=n/a  correct=False  running‐acc=0.674
[ 216/600] loss=7.5774  pred=false  gold=n/a  running‐acc=0.685
Locality eval: pred=true              gold=true  correct=True  running‐acc=0.676
[ 217/600] loss=11.0812  pred=true   gold=true  running‐acc=0.687
Locality eval: pred=n/a               gold=n/a  correct=True  running‐acc=0.677
[ 218/600] loss=7.1865  pred=n/a    gold=n/a  running‐acc=0.688
Locality eval: pred=n/a               gold=true  correct=False  running‐acc=0.674
[ 219/600] loss=10.1451  pred=true   gold=true  running‐acc=0.689
Locality eval: pred=false             gold=n/a  correct=False  running‐acc=0.671
[ 220/600] loss=7.3992  pred=n/a    gold=n/a  running‐acc=0.691
Locality eval: pred=n/a               gold=true  correct=False  running‐acc=0.668
[ 221/600] loss=8.1275  pred=true   gold=n/a  running‐acc=0.688
Locality eval: pred=true              gold=true  correct=True  running‐acc=0.670
[ 222/600] loss=7.6563  pred=true   gold=n/a  running‐acc=0.685
Locality eval: pred=true,             gold=true  correct=True  running‐acc=0.671
[ 223/600] loss=8.3154  pred=true   gold=n/a  running‐acc=0.682
Locality eval: pred=true              gold=true  correct=True  running‐acc=0.673
[ 224/600] loss=7.4081  pred=n/a    gold=n/a  running‐acc=0.683
Locality eval: pred=n/a               gold=true  correct=False  running‐acc=0.670
[ 225/600] loss=7.9481  pred=n/a    gold=n/a  running‐acc=0.684
Locality eval: pred=true              gold=true  correct=True  running‐acc=0.671
[ 226/600] loss=10.5217  pred=true   gold=true  running‐acc=0.686
Locality eval: pred=n/a               gold=n/a  correct=True  running‐acc=0.673
[ 227/600] loss=6.2524  pred=true   gold=n/a  running‐acc=0.683
Locality eval: pred=true              gold=true  correct=True  running‐acc=0.674
[ 228/600] loss=7.4875  pred=n/a    gold=n/a  running‐acc=0.684
Locality eval: pred=true              gold=true  correct=True  running‐acc=0.675
[ 229/600] loss=6.7657  pred=n/a    gold=n/a  running‐acc=0.686
Locality eval: pred=true              gold=true  correct=True  running‐acc=0.677
[ 230/600] loss=7.6100  pred=false  gold=n/a  running‐acc=0.683
Locality eval: pred=n/a               gold=true  correct=False  running‐acc=0.674
[ 231/600] loss=7.8122  pred=true   gold=n/a  running‐acc=0.680
Locality eval: pred=true              gold=true  correct=True  running‐acc=0.675
[ 232/600] loss=7.6275  pred=n/a    gold=n/a  running‐acc=0.681
Locality eval: pred=n/a               gold=true  correct=False  running‐acc=0.672
[ 233/600] loss=11.9916  pred=false  gold=true  running‐acc=0.678
Locality eval: pred=true              gold=n/a  correct=False  running‐acc=0.670
[ 234/600] loss=8.7222  pred=true   gold=true  running‐acc=0.679
Locality eval: pred=n/a               gold=n/a  correct=True  running‐acc=0.671
[ 235/600] loss=3.2544  pred=n/a    gold=n/a  running‐acc=0.681
Locality eval: pred=true              gold=true  correct=True  running‐acc=0.672
[ 236/600] loss=7.5835  pred=n/a    gold=n/a  running‐acc=0.682
Locality eval: pred=true              gold=true  correct=True  running‐acc=0.674
[ 237/600] loss=10.2920  pred=n/a    gold=true  running‐acc=0.679
Locality eval: pred=n/a               gold=n/a  correct=True  running‐acc=0.675
[ 238/600] loss=8.2433  pred=false  gold=n/a  running‐acc=0.676
Locality eval: pred=true,             gold=true  correct=True  running‐acc=0.676
[ 239/600] loss=7.7924  pred=false  gold=n/a  running‐acc=0.674
Locality eval: pred=true              gold=true  correct=True  running‐acc=0.678
[ 240/600] loss=11.1585  pred=true   gold=true  running‐acc=0.675
Locality eval: pred=n/a               gold=n/a  correct=True  running‐acc=0.679
[ 241/600] loss=7.6748  pred=false  gold=n/a  running‐acc=0.672
Locality eval: pred=true              gold=true  correct=True  running‐acc=0.680
[ 242/600] loss=8.0674  pred=false  gold=n/a  running‐acc=0.669
Locality eval: pred=true              gold=true  correct=True  running‐acc=0.682
[ 243/600] loss=7.9903  pred=true   gold=n/a  running‐acc=0.667
Locality eval: pred=true.             gold=true  correct=True  running‐acc=0.683
[ 244/600] loss=9.3451  pred=true   gold=true  running‐acc=0.668
Locality eval: pred=n/a               gold=n/a  correct=True  running‐acc=0.684
[ 245/600] loss=9.3196  pred=true   gold=true  running‐acc=0.669
Locality eval: pred=n/a               gold=n/a  correct=True  running‐acc=0.686
[ 246/600] loss=9.2713  pred=true.  gold=true  running‐acc=0.671
Locality eval: pred=false             gold=n/a  correct=False  running‐acc=0.683
[ 247/600] loss=7.7764  pred=true   gold=true  running‐acc=0.672
Locality eval: pred=false             gold=n/a  correct=False  running‐acc=0.680
[ 248/600] loss=11.1426  pred=n/a    gold=true  running‐acc=0.669
Locality eval: pred=n/a               gold=n/a  correct=True  running‐acc=0.681
[ 249/600] loss=7.0390  pred=n/a    gold=n/a  running‐acc=0.671
Locality eval: pred=true              gold=true  correct=True  running‐acc=0.683
[ 250/600] loss=8.7312  pred=true   gold=true  running‐acc=0.672
Locality eval: pred=false             gold=n/a  correct=False  running‐acc=0.680
[ 251/600] loss=7.0301  pred=false  gold=n/a  running‐acc=0.669
Locality eval: pred=n/a               gold=true  correct=False  running‐acc=0.677
[ 252/600] loss=7.8997  pred=false  gold=n/a  running‐acc=0.667
Locality eval: pred=false             gold=true  correct=False  running‐acc=0.675
[ 253/600] loss=9.8600  pred=true   gold=true  running‐acc=0.668
Locality eval: pred=n/a               gold=n/a  correct=True  running‐acc=0.676
[ 254/600] loss=11.7604  pred=true   gold=true  running‐acc=0.669
Locality eval: pred=true              gold=n/a  correct=False  running‐acc=0.673
[ 255/600] loss=8.0981  pred=false  gold=n/a  running‐acc=0.667
Locality eval: pred=true              gold=true  correct=True  running‐acc=0.675
[ 256/600] loss=7.3178  pred=true   gold=n/a  running‐acc=0.664
Locality eval: pred=true              gold=true  correct=True  running‐acc=0.676
[ 257/600] loss=7.4664  pred=n/a    gold=n/a  running‐acc=0.665
Locality eval: pred=true              gold=true  correct=True  running‐acc=0.677
[ 258/600] loss=7.5693  pred=false  gold=n/a  running‐acc=0.663
Locality eval: pred=true              gold=true  correct=True  running‐acc=0.678
[ 259/600] loss=9.0196  pred=n/a    gold=true  running‐acc=0.660
Locality eval: pred=n/a               gold=n/a  correct=True  running‐acc=0.680
[ 260/600] loss=10.4319  pred=true   gold=true  running‐acc=0.662
Locality eval: pred=n/a               gold=n/a  correct=True  running‐acc=0.681
[ 261/600] loss=10.5261  pred=true   gold=true  running‐acc=0.663
Locality eval: pred=true              gold=n/a  correct=False  running‐acc=0.678
[ 262/600] loss=9.7748  pred=true   gold=true  running‐acc=0.664
Locality eval: pred=false             gold=n/a  correct=False  running‐acc=0.676
[ 263/600] loss=7.7199  pred=false  gold=n/a  running‐acc=0.662
Locality eval: pred=true              gold=true  correct=True  running‐acc=0.677
[ 264/600] loss=7.7923  pred=n/a    gold=n/a  running‐acc=0.663
Locality eval: pred=true              gold=true  correct=True  running‐acc=0.678
[ 265/600] loss=11.0655  pred=false  gold=true  running‐acc=0.660
Locality eval: pred=n/a               gold=n/a  correct=True  running‐acc=0.679
[ 266/600] loss=6.8421  pred=false  gold=n/a  running‐acc=0.658
Locality eval: pred=n/a               gold=true  correct=False  running‐acc=0.677
[ 267/600] loss=7.1429  pred=n/a    gold=n/a  running‐acc=0.659
Locality eval: pred=n/a               gold=true  correct=False  running‐acc=0.674
[ 268/600] loss=9.6322  pred=true/false/n/a  gold=true  running‐acc=0.660
Locality eval: pred=n/a               gold=n/a  correct=True  running‐acc=0.675
[ 269/600] loss=7.8747  pred=n/a    gold=n/a  running‐acc=0.662
Locality eval: pred=true              gold=true  correct=True  running‐acc=0.677
[ 270/600] loss=8.9165  pred=false  gold=true  running‐acc=0.659
Locality eval: pred=false             gold=n/a  correct=False  running‐acc=0.674
[ 271/600] loss=7.3497  pred=n/a    gold=n/a  running‐acc=0.661
Locality eval: pred=true              gold=true  correct=True  running‐acc=0.675
[ 272/600] loss=10.4347  pred=true   gold=true  running‐acc=0.662
Locality eval: pred=true              gold=n/a  correct=False  running‐acc=0.673
[ 273/600] loss=7.6407  pred=n/a    gold=n/a  running‐acc=0.663
Locality eval: pred=true              gold=true  correct=True  running‐acc=0.674
[ 274/600] loss=7.8407  pred=true   gold=n/a  running‐acc=0.661
Locality eval: pred=true              gold=true  correct=True  running‐acc=0.675
[ 275/600] loss=9.7401  pred=true/false/n/a  gold=true  running‐acc=0.662
Locality eval: pred=n/a               gold=n/a  correct=True  running‐acc=0.676
[ 276/600] loss=7.5342  pred=false  gold=n/a  running‐acc=0.659
Locality eval: pred=true              gold=true  correct=True  running‐acc=0.678
[ 277/600] loss=9.5571  pred=true   gold=true  running‐acc=0.661
Locality eval: pred=false             gold=n/a  correct=False  running‐acc=0.675
[ 278/600] loss=7.0275  pred=n/a    gold=n/a  running‐acc=0.662
Locality eval: pred=true              gold=true  correct=True  running‐acc=0.676
[ 279/600] loss=8.1684  pred=true   gold=true  running‐acc=0.663
Locality eval: pred=false             gold=n/a  correct=False  running‐acc=0.674
[ 280/600] loss=6.8777  pred=n/a    gold=n/a  running‐acc=0.664
Locality eval: pred=true              gold=true  correct=True  running‐acc=0.675
[ 281/600] loss=9.8267  pred=true   gold=true  running‐acc=0.665
Locality eval: pred=n/a               gold=n/a  correct=True  running‐acc=0.676
[ 282/600] loss=10.1411  pred=true   gold=true  running‐acc=0.667
Locality eval: pred=n/a               gold=n/a  correct=True  running‐acc=0.677
[ 283/600] loss=7.9214  pred=n/a    gold=n/a  running‐acc=0.668
Locality eval: pred=true              gold=true  correct=True  running‐acc=0.678
[ 284/600] loss=5.5395  pred=n/a    gold=n/a  running‐acc=0.669
Locality eval: pred=true              gold=true  correct=True  running‐acc=0.680
[ 285/600] loss=7.7572  pred=true   gold=true  running‐acc=0.670
Locality eval: pred=n/a               gold=n/a  correct=True  running‐acc=0.681
[ 286/600] loss=7.8686  pred=n/a    gold=n/a  running‐acc=0.671
Locality eval: pred=n/a               gold=true  correct=False  running‐acc=0.678
[ 287/600] loss=7.7239  pred=n/a    gold=n/a  running‐acc=0.672
Locality eval: pred=true              gold=true  correct=True  running‐acc=0.679
[ 288/600] loss=10.0056  pred=true   gold=true  running‐acc=0.674
Locality eval: pred=false             gold=n/a  correct=False  running‐acc=0.677
[ 289/600] loss=10.2990  pred=n/a    gold=true  running‐acc=0.671
Locality eval: pred=n/a               gold=n/a  correct=True  running‐acc=0.678
[ 290/600] loss=6.8735  pred=n/a    gold=n/a  running‐acc=0.672
Locality eval: pred=n/a               gold=true  correct=False  running‐acc=0.676
[ 291/600] loss=9.5849  pred=true   gold=true  running‐acc=0.674
Locality eval: pred=false             gold=n/a  correct=False  running‐acc=0.674
[ 292/600] loss=10.2643  pred=true   gold=true  running‐acc=0.675
Locality eval: pred=n/a               gold=n/a  correct=True  running‐acc=0.675
[ 293/600] loss=7.5170  pred=true   gold=true  running‐acc=0.676
Locality eval: pred=true              gold=n/a  correct=False  running‐acc=0.672
[ 294/600] loss=10.9186  pred=true   gold=true  running‐acc=0.677
Locality eval: pred=false             gold=n/a  correct=False  running‐acc=0.670
[ 295/600] loss=6.7463  pred=n/a    gold=n/a  running‐acc=0.678
Locality eval: pred=n/a               gold=true  correct=False  running‐acc=0.668
[ 296/600] loss=7.2116  pred=n/a    gold=n/a  running‐acc=0.679
Locality eval: pred=n/a               gold=true  correct=False  running‐acc=0.666
[ 297/600] loss=9.8732  pred=true   gold=true  running‐acc=0.680
Locality eval: pred=true/false/n/a    gold=n/a  correct=True  running‐acc=0.667
[ 298/600] loss=9.1966  pred=true   gold=true  running‐acc=0.681
Locality eval: pred=n/a               gold=n/a  correct=True  running‐acc=0.668
[ 299/600] loss=7.1863  pred=false  gold=n/a  running‐acc=0.679
Locality eval: pred=n/a               gold=true  correct=False  running‐acc=0.666
[ 300/600] loss=7.2956  pred=false  gold=n/a  running‐acc=0.677
Locality eval: pred=n/a               gold=true  correct=False  running‐acc=0.663
[ 301/600] loss=9.9790  pred=true   gold=true  running‐acc=0.678
Locality eval: pred=true              gold=n/a  correct=False  running‐acc=0.661
[ 302/600] loss=9.2192  pred=true   gold=true  running‐acc=0.679
Locality eval: pred=n/a               gold=n/a  correct=True  running‐acc=0.662
[ 303/600] loss=9.2817  pred=true   gold=true  running‐acc=0.680
Locality eval: pred=n/a               gold=n/a  correct=True  running‐acc=0.663
[ 304/600] loss=10.1423  pred=true   gold=true  running‐acc=0.681
Locality eval: pred=n/a               gold=n/a  correct=True  running‐acc=0.664
[ 305/600] loss=3.0810  pred=true   gold=true  running‐acc=0.682
Locality eval: pred=n/a               gold=n/a  correct=True  running‐acc=0.666
[ 306/600] loss=9.2233  pred=true   gold=true  running‐acc=0.683
Locality eval: pred=n/a               gold=n/a  correct=True  running‐acc=0.667
[ 307/600] loss=11.2254  pred=true   gold=true  running‐acc=0.684
Locality eval: pred=true              gold=n/a  correct=False  running‐acc=0.664
[ 308/600] loss=9.6373  pred=true   gold=true  running‐acc=0.685
Locality eval: pred=n/a               gold=n/a  correct=True  running‐acc=0.666
[ 309/600] loss=9.8996  pred=true.  gold=true  running‐acc=0.686
Locality eval: pred=n/a               gold=n/a  correct=True  running‐acc=0.667
[ 310/600] loss=7.2225  pred=n/a    gold=n/a  running‐acc=0.687
Locality eval: pred=true              gold=true  correct=True  running‐acc=0.668
[ 311/600] loss=10.1952  pred=true   gold=true  running‐acc=0.688
Locality eval: pred=n/a               gold=n/a  correct=True  running‐acc=0.669
[ 312/600] loss=10.0012  pred=true   gold=true  running‐acc=0.689
Locality eval: pred=n/a               gold=n/a  correct=True  running‐acc=0.670
[ 313/600] loss=5.7848  pred=n/a    gold=n/a  running‐acc=0.690
Locality eval: pred=true              gold=true  correct=True  running‐acc=0.671
[ 314/600] loss=7.1118  pred=n/a    gold=n/a  running‐acc=0.691
Locality eval: pred=n/a               gold=true  correct=False  running‐acc=0.669
[ 315/600] loss=7.4650  pred=true   gold=n/a  running‐acc=0.689
Locality eval: pred=true              gold=true  correct=True  running‐acc=0.670
[ 316/600] loss=10.5221  pred=true   gold=true  running‐acc=0.690
Locality eval: pred=false             gold=n/a  correct=False  running‐acc=0.668
[ 317/600] loss=10.5123  pred=true   gold=true  running‐acc=0.691
Locality eval: pred=n/a               gold=n/a  correct=True  running‐acc=0.669
[ 318/600] loss=10.3541  pred=true   gold=true  running‐acc=0.692
Locality eval: pred=false             gold=n/a  correct=False  running‐acc=0.667
[ 319/600] loss=7.7636  pred=true,  gold=n/a  running‐acc=0.690
Locality eval: pred=true              gold=true  correct=True  running‐acc=0.668
[ 320/600] loss=7.8609  pred=true   gold=n/a  running‐acc=0.688
Locality eval: pred=true              gold=true  correct=True  running‐acc=0.669
[ 321/600] loss=10.9535  pred=true   gold=true  running‐acc=0.688
Locality eval: pred=n/a               gold=n/a  correct=True  running‐acc=0.670
[ 322/600] loss=10.9694  pred=true   gold=true  running‐acc=0.689
Locality eval: pred=n/a               gold=n/a  correct=True  running‐acc=0.671
[ 323/600] loss=7.8477  pred=false  gold=n/a  running‐acc=0.687
Locality eval: pred=n/a               gold=true  correct=False  running‐acc=0.669
[ 324/600] loss=8.1946  pred=true   gold=n/a  running‐acc=0.685
Locality eval: pred=true              gold=true  correct=True  running‐acc=0.670
[ 325/600] loss=9.1452  pred=true.  gold=true  running‐acc=0.686
Locality eval: pred=n/a               gold=n/a  correct=True  running‐acc=0.671
[ 326/600] loss=7.8203  pred=n/a    gold=n/a  running‐acc=0.687
Locality eval: pred=true              gold=true  correct=True  running‐acc=0.672
[ 327/600] loss=9.6155  pred=true   gold=true  running‐acc=0.688
Locality eval: pred=true              gold=n/a  correct=False  running‐acc=0.670
[ 328/600] loss=7.9428  pred=true   gold=n/a  running‐acc=0.686
Locality eval: pred=true              gold=true  correct=True  running‐acc=0.671
[ 329/600] loss=9.1753  pred=true   gold=true  running‐acc=0.687
Locality eval: pred=false             gold=n/a  correct=False  running‐acc=0.669
[ 330/600] loss=5.0810  pred=n/a.   gold=n/a  running‐acc=0.688
Locality eval: pred=true.             gold=true  correct=True  running‐acc=0.670
[ 331/600] loss=11.7308  pred=true   gold=true  running‐acc=0.689
Locality eval: pred=true              gold=n/a  correct=False  running‐acc=0.668
[ 332/600] loss=7.8649  pred=n/a    gold=n/a  running‐acc=0.690
Locality eval: pred=n/a               gold=true  correct=False  running‐acc=0.666
[ 333/600] loss=9.2892  pred=true.  gold=true  running‐acc=0.691
Locality eval: pred=n/a               gold=n/a  correct=True  running‐acc=0.667
[ 334/600] loss=5.3852  pred=(n/a)  gold=n/a  running‐acc=0.692
Locality eval: pred=true              gold=true  correct=True  running‐acc=0.668
[ 335/600] loss=11.7430  pred=true   gold=true  running‐acc=0.693
Locality eval: pred=true              gold=n/a  correct=False  running‐acc=0.666
[ 336/600] loss=7.7699  pred=n/a    gold=n/a  running‐acc=0.693
Locality eval: pred=n/a               gold=true  correct=False  running‐acc=0.664
[ 337/600] loss=7.5338  pred=n/a    gold=n/a  running‐acc=0.694
Locality eval: pred=true              gold=true  correct=True  running‐acc=0.665
[ 338/600] loss=5.7002  pred=true   gold=n/a  running‐acc=0.692
Locality eval: pred=true.             gold=true  correct=True  running‐acc=0.666
[ 339/600] loss=7.8676  pred=true   gold=n/a  running‐acc=0.690
Locality eval: pred=true              gold=true  correct=True  running‐acc=0.667
[ 340/600] loss=7.7420  pred=n/a    gold=n/a  running‐acc=0.691
Locality eval: pred=true              gold=true  correct=True  running‐acc=0.668
[ 341/600] loss=9.1234  pred=true   gold=true  running‐acc=0.692
Locality eval: pred=n/a               gold=n/a  correct=True  running‐acc=0.669
[ 342/600] loss=5.0023  pred=true   gold=true  running‐acc=0.693
Locality eval: pred=n/a               gold=n/a  correct=True  running‐acc=0.670
[ 343/600] loss=3.3346  pred=true   gold=n/a  running‐acc=0.691
Locality eval: pred=n/a               gold=true  correct=False  running‐acc=0.668
[ 344/600] loss=9.4356  pred=true   gold=true  running‐acc=0.692
Locality eval: pred=n/a               gold=n/a  correct=True  running‐acc=0.669
[ 345/600] loss=4.3407  pred=n/a    gold=n/a  running‐acc=0.693
Locality eval: pred=true              gold=true  correct=True  running‐acc=0.670
[ 346/600] loss=9.9964  pred=true   gold=true  running‐acc=0.694
Locality eval: pred=n/a               gold=n/a  correct=True  running‐acc=0.671
[ 347/600] loss=4.7240  pred=n/a    gold=n/a  running‐acc=0.695
Locality eval: pred=true.             gold=true  correct=True  running‐acc=0.671
[ 348/600] loss=7.8601  pred=n/a    gold=n/a  running‐acc=0.695
Locality eval: pred=true              gold=true  correct=True  running‐acc=0.672
[ 349/600] loss=8.0060  pred=false  gold=n/a  running‐acc=0.693
Locality eval: pred=true              gold=true  correct=True  running‐acc=0.673
[ 350/600] loss=6.3000  pred=n/a    gold=n/a  running‐acc=0.694
Locality eval: pred=n/a               gold=true  correct=False  running‐acc=0.671
[ 351/600] loss=7.0787  pred=false  gold=n/a  running‐acc=0.692
Locality eval: pred=true              gold=true  correct=True  running‐acc=0.672
[ 352/600] loss=6.6980  pred=n/a    gold=n/a  running‐acc=0.693
Locality eval: pred=true              gold=true  correct=True  running‐acc=0.673
[ 353/600] loss=8.2147  pred=n/a    gold=n/a  running‐acc=0.694
Locality eval: pred=true              gold=true  correct=True  running‐acc=0.674
[ 354/600] loss=10.0144  pred=true   gold=true  running‐acc=0.695
Locality eval: pred=n/a               gold=n/a  correct=True  running‐acc=0.675
[ 355/600] loss=9.4345  pred=true   gold=true  running‐acc=0.696
Locality eval: pred=n/a               gold=n/a  correct=True  running‐acc=0.676
[ 356/600] loss=7.8205  pred=true   gold=true  running‐acc=0.697
Locality eval: pred=false             gold=n/a  correct=False  running‐acc=0.674
[ 357/600] loss=8.8022  pred=true   gold=true  running‐acc=0.697
Locality eval: pred=n/a               gold=n/a  correct=True  running‐acc=0.675
[ 358/600] loss=8.8031  pred=n/a    gold=true  running‐acc=0.696
Locality eval: pred=n/a               gold=n/a  correct=True  running‐acc=0.676
[ 359/600] loss=10.5182  pred=true   gold=true  running‐acc=0.696
Locality eval: pred=false             gold=n/a  correct=False  running‐acc=0.674
[ 360/600] loss=6.6705  pred=n/a    gold=n/a  running‐acc=0.697
Locality eval: pred=n/a               gold=true  correct=False  running‐acc=0.672
[ 361/600] loss=10.1956  pred=true   gold=true  running‐acc=0.698
Locality eval: pred=n/a               gold=n/a  correct=True  running‐acc=0.673
[ 362/600] loss=10.4209  pred=true   gold=true  running‐acc=0.699
Locality eval: pred=false             gold=n/a  correct=False  running‐acc=0.671
[ 363/600] loss=7.6229  pred=n/a    gold=n/a  running‐acc=0.700
Locality eval: pred=true              gold=true  correct=True  running‐acc=0.672
[ 364/600] loss=11.1854  pred=true   gold=true  running‐acc=0.701
Locality eval: pred=true              gold=n/a  correct=False  running‐acc=0.670
[ 365/600] loss=10.2269  pred=true   gold=true  running‐acc=0.701
Locality eval: pred=true              gold=n/a  correct=False  running‐acc=0.668
[ 366/600] loss=8.3607  pred=true   gold=n/a  running‐acc=0.699
Locality eval: pred=true              gold=true  correct=True  running‐acc=0.669
[ 367/600] loss=7.9954  pred=false  gold=n/a  running‐acc=0.698
Locality eval: pred=true              gold=true  correct=True  running‐acc=0.670
[ 368/600] loss=9.6122  pred=true   gold=true  running‐acc=0.698
Locality eval: pred=n/a               gold=n/a  correct=True  running‐acc=0.671
[ 369/600] loss=7.5787  pred=n/a    gold=n/a  running‐acc=0.699
Locality eval: pred=true              gold=true  correct=True  running‐acc=0.672
[ 370/600] loss=7.6109  pred=n/a    gold=n/a  running‐acc=0.700
Locality eval: pred=n/a               gold=true  correct=False  running‐acc=0.670
[ 371/600] loss=9.5910  pred=n/a    gold=true  running‐acc=0.698
Locality eval: pred=n/a               gold=n/a  correct=True  running‐acc=0.671
[ 372/600] loss=5.5657  pred=true   gold=true  running‐acc=0.699
Locality eval: pred=n/a               gold=n/a  correct=True  running‐acc=0.672
[ 373/600] loss=9.2631  pred=true   gold=true  running‐acc=0.700
Locality eval: pred=n/a               gold=n/a  correct=True  running‐acc=0.673
[ 374/600] loss=7.3584  pred=n/a    gold=n/a  running‐acc=0.701
Locality eval: pred=true              gold=true  correct=True  running‐acc=0.674
[ 375/600] loss=6.9694  pred=true   gold=true  running‐acc=0.701
Locality eval: pred=n/a               gold=n/a  correct=True  running‐acc=0.675
[ 376/600] loss=9.2703  pred=true   gold=true  running‐acc=0.702
Locality eval: pred=n/a               gold=n/a  correct=True  running‐acc=0.676
[ 377/600] loss=8.6773  pred=false  gold=true  running‐acc=0.700
Locality eval: pred=true              gold=n/a  correct=False  running‐acc=0.674
[ 378/600] loss=9.4945  pred=true   gold=true  running‐acc=0.701
Locality eval: pred=true              gold=n/a  correct=False  running‐acc=0.672
[ 379/600] loss=9.9651  pred=true   gold=true  running‐acc=0.702
Locality eval: pred=n/a               gold=n/a  correct=True  running‐acc=0.673
[ 380/600] loss=7.9624  pred=true   gold=true  running‐acc=0.703
Locality eval: pred=n/a               gold=n/a  correct=True  running‐acc=0.674
[ 381/600] loss=7.7922  pred=n/a    gold=n/a  running‐acc=0.703
Locality eval: pred=true              gold=true  correct=True  running‐acc=0.675
[ 382/600] loss=8.2394  pred=true   gold=n/a  running‐acc=0.702
Locality eval: pred=true              gold=true  correct=True  running‐acc=0.675
[ 383/600] loss=6.7296  pred=true   gold=n/a  running‐acc=0.700
Locality eval: pred=true              gold=true  correct=True  running‐acc=0.676
[ 384/600] loss=7.3865  pred=false  gold=n/a  running‐acc=0.698
Locality eval: pred=true              gold=true  correct=True  running‐acc=0.677
[ 385/600] loss=11.0583  pred=n/a    gold=true  running‐acc=0.696
Locality eval: pred=n/a               gold=n/a  correct=True  running‐acc=0.678
[ 386/600] loss=8.1551  pred=true   gold=true  running‐acc=0.697
Locality eval: pred=n/a               gold=n/a  correct=True  running‐acc=0.679
[ 387/600] loss=8.2206  pred=true   gold=n/a  running‐acc=0.695
Locality eval: pred=true              gold=true  correct=True  running‐acc=0.680
[ 388/600] loss=9.5441  pred=true   gold=true  running‐acc=0.696
Locality eval: pred=n/a               gold=n/a  correct=True  running‐acc=0.680
[ 389/600] loss=6.7754  pred=n/a    gold=n/a  running‐acc=0.697
Locality eval: pred=n/a               gold=true  correct=False  running‐acc=0.679
[ 390/600] loss=7.7522  pred=true   gold=true  running‐acc=0.697
Locality eval: pred=n/a               gold=n/a  correct=True  running‐acc=0.679
[ 391/600] loss=9.7965  pred=true   gold=true  running‐acc=0.698
Locality eval: pred=n/a               gold=n/a  correct=True  running‐acc=0.680
[ 392/600] loss=7.0296  pred=n/a    gold=n/a  running‐acc=0.699
Locality eval: pred=n/a               gold=true  correct=False  running‐acc=0.679
[ 393/600] loss=7.0483  pred=n/a    gold=n/a  running‐acc=0.700
Locality eval: pred=true              gold=true  correct=True  running‐acc=0.679
[ 394/600] loss=8.0921  pred=true   gold=n/a  running‐acc=0.698
Locality eval: pred=true              gold=true  correct=True  running‐acc=0.680
[ 395/600] loss=11.7757  pred=true   gold=true  running‐acc=0.699
Locality eval: pred=n/a               gold=n/a  correct=True  running‐acc=0.681
[ 396/600] loss=11.1008  pred=true   gold=true  running‐acc=0.699
Locality eval: pred=n/a               gold=n/a  correct=True  running‐acc=0.682
[ 397/600] loss=8.1772  pred=false  gold=n/a  running‐acc=0.698
Locality eval: pred=true              gold=true  correct=True  running‐acc=0.683
[ 398/600] loss=10.9987  pred=true   gold=true  running‐acc=0.698
Locality eval: pred=false             gold=n/a  correct=False  running‐acc=0.681
[ 399/600] loss=7.7916  pred=false  gold=n/a  running‐acc=0.697
Locality eval: pred=true              gold=true  correct=True  running‐acc=0.682
[ 400/600] loss=8.9397  pred=true   gold=true  running‐acc=0.698
Locality eval: pred=n/a               gold=n/a  correct=True  running‐acc=0.682
[ 401/600] loss=10.6941  pred=n/a    gold=true  running‐acc=0.696
Locality eval: pred=n/a               gold=n/a  correct=True  running‐acc=0.683
[ 402/600] loss=8.5105  pred=false  gold=n/a  running‐acc=0.694
Locality eval: pred=true              gold=true  correct=True  running‐acc=0.684
[ 403/600] loss=11.7340  pred=true,  gold=true  running‐acc=0.695
Locality eval: pred=true              gold=n/a  correct=False  running‐acc=0.682
[ 404/600] loss=11.4954  pred=true   gold=true  running‐acc=0.696
Locality eval: pred=true              gold=n/a  correct=False  running‐acc=0.681
[ 405/600] loss=7.5888  pred=n/a    gold=n/a  running‐acc=0.696
Locality eval: pred=true              gold=true  correct=True  running‐acc=0.681
[ 406/600] loss=6.3979  pred=false  gold=n/a  running‐acc=0.695
Locality eval: pred=n/a               gold=true  correct=False  running‐acc=0.680
[ 407/600] loss=7.8134  pred=true   gold=true  running‐acc=0.695
Locality eval: pred=n/a               gold=n/a  correct=True  running‐acc=0.681
[ 408/600] loss=7.6792  pred=true   gold=n/a  running‐acc=0.694
Locality eval: pred=true              gold=true  correct=True  running‐acc=0.681
[ 409/600] loss=10.2517  pred=n/a    gold=true  running‐acc=0.692
Locality eval: pred=n/a               gold=n/a  correct=True  running‐acc=0.682
[ 410/600] loss=7.7882  pred=n/a    gold=n/a  running‐acc=0.693
Locality eval: pred=true              gold=true  correct=True  running‐acc=0.683
[ 411/600] loss=8.8844  pred=true   gold=true  running‐acc=0.693
Locality eval: pred=n/a               gold=n/a  correct=True  running‐acc=0.684
[ 412/600] loss=9.4536  pred=n/a    gold=true  running‐acc=0.692
Locality eval: pred=n/a               gold=n/a  correct=True  running‐acc=0.684
[ 413/600] loss=10.3701  pred=true.  gold=true  running‐acc=0.692
Locality eval: pred=false             gold=n/a  correct=False  running‐acc=0.683
[ 414/600] loss=10.5089  pred=true   gold=true  running‐acc=0.693
Locality eval: pred=false             gold=n/a  correct=False  running‐acc=0.681
[ 415/600] loss=7.4909  pred=true   gold=n/a  running‐acc=0.692
Locality eval: pred=n/a               gold=true  correct=False  running‐acc=0.680
[ 416/600] loss=9.9295  pred=true.  gold=true  running‐acc=0.692
Locality eval: pred=true              gold=n/a  correct=False  running‐acc=0.678
[ 417/600] loss=8.1175  pred=false  gold=n/a  running‐acc=0.691
Locality eval: pred=true              gold=true  correct=True  running‐acc=0.679
[ 418/600] loss=7.5594  pred=false  gold=n/a  running‐acc=0.689
Locality eval: pred=true              gold=true  correct=True  running‐acc=0.679
[ 419/600] loss=9.7464  pred=true.  gold=true  running‐acc=0.690
Locality eval: pred=n/a               gold=n/a  correct=True  running‐acc=0.680
[ 420/600] loss=9.0559  pred=n/a    gold=true  running‐acc=0.688
Locality eval: pred=true/false/n/a    gold=n/a  correct=True  running‐acc=0.681
[ 421/600] loss=9.5922  pred=true   gold=true  running‐acc=0.689
Locality eval: pred=false             gold=n/a  correct=False  running‐acc=0.679
[ 422/600] loss=10.0066  pred=true   gold=true  running‐acc=0.690
Locality eval: pred=n/a               gold=n/a  correct=True  running‐acc=0.680
[ 423/600] loss=9.6489  pred=true   gold=true  running‐acc=0.690
Locality eval: pred=n/a               gold=n/a  correct=True  running‐acc=0.681
[ 424/600] loss=7.8242  pred=n/a    gold=n/a  running‐acc=0.691
Locality eval: pred=true              gold=true  correct=True  running‐acc=0.682
[ 425/600] loss=7.9098  pred=false  gold=n/a  running‐acc=0.689
Locality eval: pred=true              gold=true  correct=True  running‐acc=0.682
[ 426/600] loss=7.5936  pred=true   gold=n/a  running‐acc=0.688
Locality eval: pred=true              gold=true  correct=True  running‐acc=0.683
[ 427/600] loss=9.9212  pred=true.  gold=true  running‐acc=0.689
Locality eval: pred=n/a               gold=n/a  correct=True  running‐acc=0.684
[ 428/600] loss=9.5534  pred=true   gold=true  running‐acc=0.689
Locality eval: pred=n/a               gold=n/a  correct=True  running‐acc=0.685
[ 429/600] loss=9.2975  pred=true   gold=true  running‐acc=0.690
Locality eval: pred=n/a               gold=n/a  correct=True  running‐acc=0.685
[ 430/600] loss=6.1194  pred=true   gold=n/a  running‐acc=0.688
Locality eval: pred=true              gold=true  correct=True  running‐acc=0.686
[ 431/600] loss=11.4103  pred=true   gold=true  running‐acc=0.689
Locality eval: pred=true              gold=n/a  correct=False  running‐acc=0.684
[ 432/600] loss=9.9877  pred=true   gold=true  running‐acc=0.690
Locality eval: pred=n/a               gold=n/a  correct=True  running‐acc=0.685
[ 433/600] loss=9.7008  pred=true   gold=true  running‐acc=0.691
Locality eval: pred=n/a               gold=n/a  correct=True  running‐acc=0.686
[ 434/600] loss=6.4106  pred=n/a    gold=n/a  running‐acc=0.691
Locality eval: pred=n/a               gold=true  correct=False  running‐acc=0.684
[ 435/600] loss=7.6104  pred=true   gold=n/a  running‐acc=0.690
Locality eval: pred=true              gold=true  correct=True  running‐acc=0.685
[ 436/600] loss=7.2338  pred=true   gold=true  running‐acc=0.690
Locality eval: pred=n/a               gold=n/a  correct=True  running‐acc=0.686
[ 437/600] loss=9.7837  pred=true   gold=true  running‐acc=0.691
Locality eval: pred=true              gold=n/a  correct=False  running‐acc=0.684
[ 438/600] loss=6.7940  pred=false  gold=n/a  running‐acc=0.689
Locality eval: pred=n/a               gold=true  correct=False  running‐acc=0.683
[ 439/600] loss=8.0329  pred=false  gold=n/a  running‐acc=0.688
Locality eval: pred=true              gold=true  correct=True  running‐acc=0.683
[ 440/600] loss=9.8652  pred=true   gold=true  running‐acc=0.689
Locality eval: pred=n/a               gold=n/a  correct=True  running‐acc=0.684
[ 441/600] loss=6.7491  pred=n/a    gold=n/a  running‐acc=0.689
Locality eval: pred=n/a               gold=true  correct=False  running‐acc=0.683
[ 442/600] loss=9.8063  pred=true.  gold=true  running‐acc=0.690
Locality eval: pred=false             gold=n/a  correct=False  running‐acc=0.681
[ 443/600] loss=10.4757  pred=false  gold=true  running‐acc=0.688
Locality eval: pred=n/a               gold=n/a  correct=True  running‐acc=0.682
[ 444/600] loss=8.7256  pred=true   gold=true  running‐acc=0.689
Locality eval: pred=n/a               gold=n/a  correct=True  running‐acc=0.682
[ 445/600] loss=9.2011  pred=true   gold=true  running‐acc=0.690
Locality eval: pred=n/a               gold=n/a  correct=True  running‐acc=0.683
[ 446/600] loss=3.5029  pred=true   gold=true  running‐acc=0.691
Locality eval: pred=n/a               gold=n/a  correct=True  running‐acc=0.684
[ 447/600] loss=8.6160  pred=n/a    gold=true  running‐acc=0.689
Locality eval: pred=n/a               gold=n/a  correct=True  running‐acc=0.685
[ 448/600] loss=4.4500  pred=true   gold=true  running‐acc=0.690
Locality eval: pred=n/a               gold=n/a  correct=True  running‐acc=0.685
[ 449/600] loss=11.7591  pred=true   gold=true  running‐acc=0.690
Locality eval: pred=true              gold=n/a  correct=False  running‐acc=0.684
[ 450/600] loss=7.9885  pred=false  gold=n/a  running‐acc=0.689
Locality eval: pred=true              gold=true  correct=True  running‐acc=0.684
[ 451/600] loss=10.2116  pred=true   gold=true  running‐acc=0.690
Locality eval: pred=true              gold=n/a  correct=False  running‐acc=0.683
[ 452/600] loss=6.7100  pred=n/a    gold=n/a  running‐acc=0.690
Locality eval: pred=true              gold=true  correct=True  running‐acc=0.684
[ 453/600] loss=7.3324  pred=n/a    gold=n/a  running‐acc=0.691
Locality eval: pred=false             gold=true  correct=False  running‐acc=0.682
[ 454/600] loss=5.6856  pred=n/a    gold=n/a  running‐acc=0.692
Locality eval: pred=true              gold=true  correct=True  running‐acc=0.683
[ 455/600] loss=9.9057  pred=true   gold=true  running‐acc=0.692
Locality eval: pred=true              gold=n/a  correct=False  running‐acc=0.681
[ 456/600] loss=7.1085  pred=n/a    gold=n/a  running‐acc=0.693
Locality eval: pred=true              gold=true  correct=True  running‐acc=0.682
[ 457/600] loss=6.5457  pred=false  gold=n/a  running‐acc=0.691
Locality eval: pred=true              gold=true  correct=True  running‐acc=0.683
[ 458/600] loss=8.2311  pred=false  gold=n/a  running‐acc=0.690
Locality eval: pred=true              gold=true  correct=True  running‐acc=0.683
[ 459/600] loss=9.0671  pred=true/false/n/a  gold=true  running‐acc=0.691
Locality eval: pred=n/a               gold=n/a  correct=True  running‐acc=0.684
[ 460/600] loss=7.0568  pred=true   gold=true  running‐acc=0.691
Locality eval: pred=false             gold=n/a  correct=False  running‐acc=0.683
[ 461/600] loss=8.1380  pred=false  gold=n/a  running‐acc=0.690
Locality eval: pred=true              gold=true  correct=True  running‐acc=0.683
[ 462/600] loss=4.2841  pred=false.  gold=n/a  running‐acc=0.688
Locality eval: pred=n/a               gold=true  correct=False  running‐acc=0.682
[ 463/600] loss=10.0308  pred=true   gold=true  running‐acc=0.689
Locality eval: pred=n/a               gold=n/a  correct=True  running‐acc=0.683
[ 464/600] loss=7.9648  pred=false  gold=n/a  running‐acc=0.688
Locality eval: pred=n/a               gold=true  correct=False  running‐acc=0.681
[ 465/600] loss=7.4847  pred=n/a    gold=n/a  running‐acc=0.688
Locality eval: pred=n/a               gold=true  correct=False  running‐acc=0.680
[ 466/600] loss=6.7420  pred=n/a    gold=n/a  running‐acc=0.689
Locality eval: pred=n/a               gold=true  correct=False  running‐acc=0.678
[ 467/600] loss=7.3231  pred=n/a    gold=n/a  running‐acc=0.690
Locality eval: pred=n/a               gold=true  correct=False  running‐acc=0.677
[ 468/600] loss=7.5405  pred=n/a    gold=n/a  running‐acc=0.690
Locality eval: pred=true              gold=true  correct=True  running‐acc=0.677
[ 469/600] loss=9.6175  pred=true   gold=true  running‐acc=0.691
Locality eval: pred=false             gold=n/a  correct=False  running‐acc=0.676
[ 470/600] loss=7.1906  pred=n/a    gold=n/a  running‐acc=0.691
Locality eval: pred=true              gold=true  correct=True  running‐acc=0.677
[ 471/600] loss=7.7982  pred=false  gold=n/a  running‐acc=0.690
Locality eval: pred=n/a               gold=true  correct=False  running‐acc=0.675
[ 472/600] loss=11.7750  pred=true   gold=true  running‐acc=0.691
Locality eval: pred=true              gold=n/a  correct=False  running‐acc=0.674
[ 473/600] loss=6.7748  pred=n/a    gold=n/a  running‐acc=0.691
Locality eval: pred=n/a               gold=true  correct=False  running‐acc=0.672
[ 474/600] loss=9.2943  pred=true   gold=true  running‐acc=0.692
Locality eval: pred=n/a               gold=n/a  correct=True  running‐acc=0.673
[ 475/600] loss=7.2193  pred=false  gold=n/a  running‐acc=0.691
Locality eval: pred=true              gold=true  correct=True  running‐acc=0.674
[ 476/600] loss=9.6601  pred=true   gold=true  running‐acc=0.691
Locality eval: pred=true              gold=n/a  correct=False  running‐acc=0.672
[ 477/600] loss=7.9245  pred=n/a    gold=n/a  running‐acc=0.692
Locality eval: pred=true              gold=true  correct=True  running‐acc=0.673
[ 478/600] loss=8.8750  pred=true   gold=true  running‐acc=0.692
Locality eval: pred=n/a               gold=n/a  correct=True  running‐acc=0.674
[ 479/600] loss=7.3757  pred=n/a    gold=n/a  running‐acc=0.693
Locality eval: pred=true,             gold=true  correct=True  running‐acc=0.674
[ 480/600] loss=7.8815  pred=n/a    gold=n/a  running‐acc=0.694
Locality eval: pred=n/a               gold=true  correct=False  running‐acc=0.673
[ 481/600] loss=7.9011  pred=n/a    gold=n/a  running‐acc=0.694
Locality eval: pred=true              gold=true  correct=True  running‐acc=0.674
[ 482/600] loss=10.3517  pred=true.  gold=true  running‐acc=0.695
Locality eval: pred=n/a               gold=n/a  correct=True  running‐acc=0.674
[ 483/600] loss=7.0886  pred=n/a    gold=n/a  running‐acc=0.696
Locality eval: pred=true.             gold=true  correct=True  running‐acc=0.675
[ 484/600] loss=7.4427  pred=n/a    gold=n/a  running‐acc=0.696
Locality eval: pred=true              gold=true  correct=True  running‐acc=0.676
[ 485/600] loss=6.5566  pred=n/a    gold=n/a  running‐acc=0.697
Locality eval: pred=true              gold=true  correct=True  running‐acc=0.676
[ 486/600] loss=7.8882  pred=n/a    gold=n/a  running‐acc=0.698
Locality eval: pred=true              gold=true  correct=True  running‐acc=0.677
[ 487/600] loss=8.2394  pred=n/a    gold=n/a  running‐acc=0.698
Locality eval: pred=true              gold=true  correct=True  running‐acc=0.678
[ 488/600] loss=7.6627  pred=false  gold=n/a  running‐acc=0.697
Locality eval: pred=true              gold=true  correct=True  running‐acc=0.678
[ 489/600] loss=7.2304  pred=n/a    gold=n/a  running‐acc=0.697
Locality eval: pred=true              gold=true  correct=True  running‐acc=0.679
[ 490/600] loss=7.6087  pred=true   gold=n/a  running‐acc=0.696
Locality eval: pred=true              gold=true  correct=True  running‐acc=0.680
[ 491/600] loss=4.1720  pred=true.  gold=n/a  running‐acc=0.695
Locality eval: pred=true              gold=true  correct=True  running‐acc=0.680
[ 492/600] loss=9.4907  pred=true   gold=true  running‐acc=0.695
Locality eval: pred=n/a               gold=n/a  correct=True  running‐acc=0.681
[ 493/600] loss=6.9116  pred=n/a    gold=n/a  running‐acc=0.696
Locality eval: pred=true              gold=true  correct=True  running‐acc=0.682
[ 494/600] loss=7.6834  pred=false  gold=n/a  running‐acc=0.694
Locality eval: pred=true              gold=true  correct=True  running‐acc=0.682
[ 495/600] loss=7.6559  pred=false  gold=n/a  running‐acc=0.693
Locality eval: pred=true              gold=true  correct=True  running‐acc=0.683
[ 496/600] loss=5.4842  pred=n/a    gold=n/a  running‐acc=0.694
Locality eval: pred=n/a               gold=true  correct=False  running‐acc=0.681
[ 497/600] loss=9.3594  pred=true   gold=true  running‐acc=0.694
Locality eval: pred=true              gold=n/a  correct=False  running‐acc=0.680
[ 498/600] loss=10.2024  pred=true   gold=true  running‐acc=0.695
Locality eval: pred=n/a               gold=n/a  correct=True  running‐acc=0.681
[ 499/600] loss=6.9044  pred=n/a    gold=n/a  running‐acc=0.695
Locality eval: pred=true              gold=true  correct=True  running‐acc=0.681
[ 500/600] loss=6.1046  pred=true   gold=n/a  running‐acc=0.694
Locality eval: pred=true              gold=true  correct=True  running‐acc=0.682
[ 501/600] loss=6.5587  pred=n/a    gold=n/a  running‐acc=0.695
Locality eval: pred=n/a               gold=true  correct=False  running‐acc=0.681
[ 502/600] loss=2.9071  pred=n/a    gold=n/a  running‐acc=0.695
Locality eval: pred=true              gold=true  correct=True  running‐acc=0.681
[ 503/600] loss=8.5765  pred=true   gold=true  running‐acc=0.696
Locality eval: pred=true              gold=n/a  correct=False  running‐acc=0.680
[ 504/600] loss=8.8223  pred=n/a    gold=true  running‐acc=0.694
Locality eval: pred=n/a               gold=n/a  correct=True  running‐acc=0.681
[ 505/600] loss=10.3549  pred=true   gold=true  running‐acc=0.695
Locality eval: pred=true              gold=n/a  correct=False  running‐acc=0.679
[ 506/600] loss=10.0047  pred=true   gold=true  running‐acc=0.696
Locality eval: pred=false             gold=n/a  correct=False  running‐acc=0.678
[ 507/600] loss=9.7655  pred=true   gold=true  running‐acc=0.696
Locality eval: pred=true              gold=n/a  correct=False  running‐acc=0.677
[ 508/600] loss=9.3698  pred=n/a    gold=true  running‐acc=0.695
Locality eval: pred=n/a               gold=n/a  correct=True  running‐acc=0.677
[ 509/600] loss=11.7206  pred=true   gold=true  running‐acc=0.695
Locality eval: pred=n/a               gold=n/a  correct=True  running‐acc=0.678
[ 510/600] loss=10.3029  pred=true   gold=true  running‐acc=0.696
Locality eval: pred=true              gold=n/a  correct=False  running‐acc=0.676
[ 511/600] loss=8.2302  pred=false  gold=n/a  running‐acc=0.695
Locality eval: pred=true              gold=true  correct=True  running‐acc=0.677
[ 512/600] loss=8.8014  pred=true   gold=true  running‐acc=0.695
Locality eval: pred=n/a               gold=n/a  correct=True  running‐acc=0.678
[ 513/600] loss=6.8115  pred=true   gold=n/a  running‐acc=0.694
Locality eval: pred=true              gold=true  correct=True  running‐acc=0.678
[ 514/600] loss=9.5283  pred=true   gold=true  running‐acc=0.695
Locality eval: pred=n/a               gold=n/a  correct=True  running‐acc=0.679
[ 515/600] loss=7.3677  pred=n/a    gold=n/a  running‐acc=0.695
Locality eval: pred=n/a               gold=true  correct=False  running‐acc=0.678
[ 516/600] loss=7.7879  pred=n/a    gold=n/a  running‐acc=0.696
Locality eval: pred=true              gold=true  correct=True  running‐acc=0.678
[ 517/600] loss=7.3416  pred=n/a    gold=n/a  running‐acc=0.696
Locality eval: pred=true              gold=true  correct=True  running‐acc=0.679
[ 518/600] loss=7.9370  pred=true   gold=n/a  running‐acc=0.695
Locality eval: pred=true              gold=true  correct=True  running‐acc=0.680
[ 519/600] loss=11.0418  pred=true   gold=true  running‐acc=0.696
Locality eval: pred=n/a               gold=n/a  correct=True  running‐acc=0.680
[ 520/600] loss=9.8270  pred=true   gold=true  running‐acc=0.696
Locality eval: pred=false             gold=n/a  correct=False  running‐acc=0.679
[ 521/600] loss=9.2223  pred=true   gold=true  running‐acc=0.697
Locality eval: pred=false             gold=n/a  correct=False  running‐acc=0.678
[ 522/600] loss=10.1360  pred=true.  gold=true  running‐acc=0.697
Locality eval: pred=true.             gold=n/a  correct=False  running‐acc=0.676
[ 523/600] loss=6.1418  pred=n/a    gold=n/a  running‐acc=0.698
Locality eval: pred=true              gold=true  correct=True  running‐acc=0.677
[ 524/600] loss=9.3037  pred=true   gold=true  running‐acc=0.698
Locality eval: pred=false             gold=n/a  correct=False  running‐acc=0.676
[ 525/600] loss=9.3990  pred=true   gold=true  running‐acc=0.699
Locality eval: pred=n/a               gold=n/a  correct=True  running‐acc=0.676
[ 526/600] loss=9.1808  pred=true/false/n/a  gold=true  running‐acc=0.700
Locality eval: pred=n/a               gold=n/a  correct=True  running‐acc=0.677
[ 527/600] loss=6.5213  pred=n/a    gold=n/a  running‐acc=0.700
Locality eval: pred=n/a               gold=true  correct=False  running‐acc=0.676
[ 528/600] loss=9.9022  pred=true   gold=true  running‐acc=0.701
Locality eval: pred=n/a               gold=n/a  correct=True  running‐acc=0.676
[ 529/600] loss=7.3311  pred=n/a    gold=n/a  running‐acc=0.701
Locality eval: pred=true              gold=true  correct=True  running‐acc=0.677
[ 530/600] loss=11.4352  pred=false  gold=true  running‐acc=0.700
Locality eval: pred=true              gold=n/a  correct=False  running‐acc=0.675
[ 531/600] loss=7.8448  pred=n/a    gold=n/a  running‐acc=0.701
Locality eval: pred=n/a               gold=true  correct=False  running‐acc=0.674
[ 532/600] loss=8.5898  pred=true   gold=true  running‐acc=0.701
Locality eval: pred=n/a               gold=n/a  correct=True  running‐acc=0.675
[ 533/600] loss=6.5151  pred=n/a    gold=n/a  running‐acc=0.702
Locality eval: pred=n/a               gold=true  correct=False  running‐acc=0.674
[ 534/600] loss=10.3062  pred=true   gold=true  running‐acc=0.702
Locality eval: pred=n/a               gold=n/a  correct=True  running‐acc=0.674
[ 535/600] loss=9.3091  pred=false  gold=true  running‐acc=0.701
Locality eval: pred=false             gold=n/a  correct=False  running‐acc=0.673
[ 536/600] loss=8.7395  pred=true   gold=true  running‐acc=0.701
Locality eval: pred=n/a               gold=n/a  correct=True  running‐acc=0.674
[ 537/600] loss=6.7344  pred=n/a    gold=n/a  running‐acc=0.702
Locality eval: pred=true              gold=true  correct=True  running‐acc=0.674
[ 538/600] loss=11.2434  pred=true   gold=true  running‐acc=0.703
Locality eval: pred=n/a               gold=n/a  correct=True  running‐acc=0.675
[ 539/600] loss=10.3926  pred=true   gold=true  running‐acc=0.703
Locality eval: pred=false             gold=n/a  correct=False  running‐acc=0.673
[ 540/600] loss=7.5573  pred=false  gold=n/a  running‐acc=0.702
Locality eval: pred=true              gold=true  correct=True  running‐acc=0.674
[ 541/600] loss=6.1141  pred=n/a    gold=n/a  running‐acc=0.702
Locality eval: pred=n/a               gold=true  correct=False  running‐acc=0.673
[ 542/600] loss=7.9159  pred=false  gold=n/a  running‐acc=0.701
Locality eval: pred=true              gold=true  correct=True  running‐acc=0.673
[ 543/600] loss=8.0300  pred=true   gold=n/a  running‐acc=0.700
Locality eval: pred=true              gold=true  correct=True  running‐acc=0.674
[ 544/600] loss=6.5342  pred=n/a    gold=n/a  running‐acc=0.700
Locality eval: pred=true              gold=true  correct=True  running‐acc=0.675
[ 545/600] loss=9.1865  pred=n/a    gold=true  running‐acc=0.699
Locality eval: pred=n/a               gold=n/a  correct=True  running‐acc=0.675
[ 546/600] loss=7.6527  pred=false  gold=n/a  running‐acc=0.698
Locality eval: pred=n/a               gold=true  correct=False  running‐acc=0.674
[ 547/600] loss=10.9972  pred=true   gold=true  running‐acc=0.698
Locality eval: pred=true              gold=n/a  correct=False  running‐acc=0.673
[ 548/600] loss=10.0218  pred=true   gold=true  running‐acc=0.699
Locality eval: pred=true              gold=n/a  correct=False  running‐acc=0.672
[ 549/600] loss=9.7197  pred=n/a    gold=true  running‐acc=0.698
Locality eval: pred=n/a               gold=n/a  correct=True  running‐acc=0.672
[ 550/600] loss=5.5634  pred=n/a    gold=n/a  running‐acc=0.698
Locality eval: pred=n/a               gold=true  correct=False  running‐acc=0.671
[ 551/600] loss=11.0089  pred=true   gold=true  running‐acc=0.699
Locality eval: pred=n/a               gold=n/a  correct=True  running‐acc=0.672
[ 552/600] loss=4.5080  pred=n/a    gold=n/a  running‐acc=0.699
Locality eval: pred=n/a               gold=true  correct=False  running‐acc=0.670
[ 553/600] loss=7.2010  pred=n/a    gold=n/a  running‐acc=0.700
Locality eval: pred=n/a               gold=true  correct=False  running‐acc=0.669
[ 554/600] loss=10.2154  pred=true   gold=true  running‐acc=0.700
Locality eval: pred=n/a               gold=n/a  correct=True  running‐acc=0.670
[ 555/600] loss=7.5504  pred=n/a    gold=n/a  running‐acc=0.701
Locality eval: pred=true              gold=true  correct=True  running‐acc=0.670
[ 556/600] loss=7.3377  pred=n/a    gold=n/a  running‐acc=0.701
Locality eval: pred=true              gold=true  correct=True  running‐acc=0.671
[ 557/600] loss=7.6732  pred=true   gold=n/a  running‐acc=0.700
Locality eval: pred=true              gold=true  correct=True  running‐acc=0.671
[ 558/600] loss=8.0869  pred=true   gold=true  running‐acc=0.701
Locality eval: pred=n/a               gold=n/a  correct=True  running‐acc=0.672
[ 559/600] loss=5.4964  pred=true   gold=true  running‐acc=0.701
Locality eval: pred=n/a               gold=n/a  correct=True  running‐acc=0.673
[ 560/600] loss=7.1849  pred=n/a    gold=n/a  running‐acc=0.702
Locality eval: pred=n/a               gold=true  correct=False  running‐acc=0.671
[ 561/600] loss=10.4339  pred=true   gold=true  running‐acc=0.702
Locality eval: pred=true              gold=n/a  correct=False  running‐acc=0.670
[ 562/600] loss=9.9240  pred=true   gold=true  running‐acc=0.703
Locality eval: pred=n/a               gold=n/a  correct=True  running‐acc=0.671
[ 563/600] loss=7.6420  pred=false  gold=n/a  running‐acc=0.702
Locality eval: pred=true              gold=true  correct=True  running‐acc=0.671
[ 564/600] loss=10.7027  pred=true   gold=true  running‐acc=0.702
Locality eval: pred=true/false/n/a    gold=n/a  correct=True  running‐acc=0.672
[ 565/600] loss=7.8788  pred=n/a    gold=n/a  running‐acc=0.703
Locality eval: pred=false             gold=true  correct=False  running‐acc=0.671
[ 566/600] loss=9.0005  pred=false  gold=true  running‐acc=0.701
Locality eval: pred=false             gold=n/a  correct=False  running‐acc=0.670
[ 567/600] loss=11.1727  pred=true   gold=true  running‐acc=0.702
Locality eval: pred=true              gold=n/a  correct=False  running‐acc=0.668
[ 568/600] loss=7.4070  pred=false  gold=n/a  running‐acc=0.701
Locality eval: pred=n/a               gold=true  correct=False  running‐acc=0.667
[ 569/600] loss=11.2223  pred=true   gold=true  running‐acc=0.701
Locality eval: pred=true              gold=n/a  correct=False  running‐acc=0.666
[ 570/600] loss=9.9136  pred=true   gold=true  running‐acc=0.702
Locality eval: pred=n/a               gold=n/a  correct=True  running‐acc=0.667
[ 571/600] loss=8.9286  pred=false  gold=true  running‐acc=0.701
Locality eval: pred=n/a               gold=n/a  correct=True  running‐acc=0.667
[ 572/600] loss=10.4089  pred=true.  gold=true  running‐acc=0.701
Locality eval: pred=n/a               gold=n/a  correct=True  running‐acc=0.668
[ 573/600] loss=10.5157  pred=true.  gold=true  running‐acc=0.702
Locality eval: pred=false             gold=n/a  correct=False  running‐acc=0.667
[ 574/600] loss=11.3782  pred=false  gold=true  running‐acc=0.700
Locality eval: pred=true              gold=n/a  correct=False  running‐acc=0.666
[ 575/600] loss=9.9108  pred=true   gold=true  running‐acc=0.701
Locality eval: pred=n/a               gold=n/a  correct=True  running‐acc=0.666
[ 576/600] loss=11.3574  pred=true   gold=true  running‐acc=0.701
Locality eval: pred=false             gold=n/a  correct=False  running‐acc=0.665
[ 577/600] loss=8.8428  pred=true/false/n/a  gold=true  running‐acc=0.702
Locality eval: pred=n/a               gold=n/a  correct=True  running‐acc=0.666
[ 578/600] loss=6.8136  pred=n/a    gold=n/a  running‐acc=0.702
Locality eval: pred=true              gold=true  correct=True  running‐acc=0.666
[ 579/600] loss=11.8567  pred=true   gold=true  running‐acc=0.703
Locality eval: pred=true              gold=n/a  correct=False  running‐acc=0.665
[ 580/600] loss=8.0838  pred=true   gold=n/a  running‐acc=0.702
Locality eval: pred=true              gold=true  correct=True  running‐acc=0.666
[ 581/600] loss=8.2218  pred=true   gold=n/a  running‐acc=0.701
Locality eval: pred=true              gold=true  correct=True  running‐acc=0.666
[ 582/600] loss=7.1438  pred=n/a    gold=n/a  running‐acc=0.701
Locality eval: pred=true              gold=true  correct=True  running‐acc=0.667
[ 583/600] loss=8.2003  pred=false  gold=n/a  running‐acc=0.700
Locality eval: pred=true              gold=true  correct=True  running‐acc=0.667
[ 584/600] loss=7.5775  pred=n/a    gold=n/a  running‐acc=0.700
Locality eval: pred=true              gold=true  correct=True  running‐acc=0.668
[ 585/600] loss=8.4361  pred=true   gold=n/a  running‐acc=0.699
Locality eval: pred=true              gold=true  correct=True  running‐acc=0.668
[ 586/600] loss=4.6816  pred=n/a    gold=n/a  running‐acc=0.700
Locality eval: pred=true              gold=true  correct=True  running‐acc=0.669
[ 587/600] loss=9.8367  pred=true   gold=true  running‐acc=0.700
Locality eval: pred=n/a               gold=n/a  correct=True  running‐acc=0.670
[ 588/600] loss=9.2998  pred=n/a    gold=true  running‐acc=0.699
Locality eval: pred=false             gold=n/a  correct=False  running‐acc=0.668
[ 589/600] loss=9.5965  pred=true   gold=true  running‐acc=0.699
Locality eval: pred=n/a               gold=n/a  correct=True  running‐acc=0.669
[ 590/600] loss=9.5728  pred=true.  gold=true  running‐acc=0.700
Locality eval: pred=n/a               gold=n/a  correct=True  running‐acc=0.669
[ 591/600] loss=9.2858  pred=true   gold=true  running‐acc=0.701
Locality eval: pred=true              gold=n/a  correct=False  running‐acc=0.668
[ 592/600] loss=7.3593  pred=false  gold=n/a  running‐acc=0.699
Locality eval: pred=n/a               gold=true  correct=False  running‐acc=0.667
[ 593/600] loss=9.1683  pred=true   gold=true  running‐acc=0.700
Locality eval: pred=false             gold=n/a  correct=False  running‐acc=0.666
[ 594/600] loss=3.2446  pred=n/a舀   gold=n/a  running‐acc=0.700
Locality eval: pred=true              gold=true  correct=True  running‐acc=0.667
[ 595/600] loss=8.2080  pred=n/a    gold=true  running‐acc=0.699
Locality eval: pred=true              gold=n/a  correct=False  running‐acc=0.666
[ 596/600] loss=7.3664  pred=false  gold=n/a  running‐acc=0.698
Locality eval: pred=true              gold=true  correct=True  running‐acc=0.666
[ 597/600] loss=8.0292  pred=n/a    gold=n/a  running‐acc=0.698
Locality eval: pred=true              gold=true  correct=True  running‐acc=0.667
[ 598/600] loss=8.9030  pred=n/a    gold=true  running‐acc=0.697
Locality eval: pred=n/a               gold=n/a  correct=True  running‐acc=0.667
[ 599/600] loss=9.4938  pred=true.  gold=true  running‐acc=0.698
Locality eval: pred=true              gold=n/a  correct=False  running‐acc=0.666
[ 600/600] loss=8.2076  pred=false  gold=n/a  running‐acc=0.697
Locality eval: pred=true              gold=true  correct=True  running‐acc=0.667

Finished in 2762.7s.  Final accuracy: 0.697.

