Sliding Window Attention is enabled but not implemented for `sdpa`; unexpected results may be encountered.

Loading base model (4‐bit)…
Loading checkpoint shards:   0%|          | 0/2 [00:00<?, ?it/s]Loading checkpoint shards:  50%|█████     | 1/2 [00:07<00:07,  7.87s/it]Loading checkpoint shards: 100%|██████████| 2/2 [00:12<00:00,  6.10s/it]Loading checkpoint shards: 100%|██████████| 2/2 [00:12<00:00,  6.36s/it]
trainable params: 3,686,400 || all params: 3,089,625,088 || trainable%: 0.1193
  0%|          | 0/600 [00:00<?, ?it/s]100%|██████████| 600/600 [00:00<00:00, 27422.41it/s]
/project/uvadm/zhenyu/miniconda3/envs/mechanistic/lib/python3.10/site-packages/transformers/generation/configuration_utils.py:631: UserWarning: `do_sample` is set to `False`. However, `temperature` is set to `0.7` -- this flag is only used in sample-based generation modes. You should set `do_sample=True` or unset `temperature`.
  warnings.warn(
/project/uvadm/zhenyu/miniconda3/envs/mechanistic/lib/python3.10/site-packages/transformers/generation/configuration_utils.py:636: UserWarning: `do_sample` is set to `False`. However, `top_p` is set to `0.8` -- this flag is only used in sample-based generation modes. You should set `do_sample=True` or unset `top_p`.
  warnings.warn(
/project/uvadm/zhenyu/miniconda3/envs/mechanistic/lib/python3.10/site-packages/transformers/generation/configuration_utils.py:653: UserWarning: `do_sample` is set to `False`. However, `top_k` is set to `20` -- this flag is only used in sample-based generation modes. You should set `do_sample=True` or unset `top_k`.
  warnings.warn(
Loaded 600 (train, eval) pairs.

Starting sequential training…
Cached 144 LoRA tensors.
[   1/600] loss=8.5297  pred=true   gold=true  running‐acc=1.000
Locality eval: pred=n/a               gold=n/a  correct=True  running‐acc=1.000
[   2/600] loss=7.9695  pred=true   gold=true  running‐acc=1.000
Locality eval: pred=false             gold=n/a  correct=False  running‐acc=0.500
[   3/600] loss=7.5238  pred=true   gold=true  running‐acc=1.000
Locality eval: pred=true              gold=n/a  correct=False  running‐acc=0.333
[   4/600] loss=8.7430  pred=true   gold=true  running‐acc=1.000
Locality eval: pred=true              gold=n/a  correct=False  running‐acc=0.250
[   5/600] loss=7.9608  pred=true   gold=true  running‐acc=1.000
Locality eval: pred=false             gold=n/a  correct=False  running‐acc=0.200
[   6/600] loss=8.9033  pred=true   gold=true  running‐acc=1.000
Locality eval: pred=true              gold=n/a  correct=False  running‐acc=0.167
[   7/600] loss=5.3421  pred=n/a    gold=n/a  running‐acc=1.000
Locality eval: pred=n/a               gold=true  correct=False  running‐acc=0.143
[   8/600] loss=3.5291  pred=n/a    gold=n/a  running‐acc=1.000
Locality eval: pred=n/a               gold=true  correct=False  running‐acc=0.125
[   9/600] loss=10.1207  pred=true   gold=true  running‐acc=1.000
Locality eval: pred=true              gold=n/a  correct=False  running‐acc=0.111
[  10/600] loss=7.8094  pred=true   gold=true  running‐acc=1.000
Locality eval: pred=false             gold=n/a  correct=False  running‐acc=0.100
[  11/600] loss=8.7738  pred=false  gold=true  running‐acc=0.909
Locality eval: pred=true              gold=n/a  correct=False  running‐acc=0.091
[  12/600] loss=8.6540  pred=true   gold=true  running‐acc=0.917
Locality eval: pred=true              gold=n/a  correct=False  running‐acc=0.083
[  13/600] loss=5.9527  pred=n/a    gold=n/a  running‐acc=0.923
Locality eval: pred=n/a               gold=true  correct=False  running‐acc=0.077
[  14/600] loss=6.4618  pred=n/a    gold=n/a  running‐acc=0.929
Locality eval: pred=n/a               gold=true  correct=False  running‐acc=0.071
[  15/600] loss=9.2712  pred=true   gold=true  running‐acc=0.933
Locality eval: pred=true              gold=n/a  correct=False  running‐acc=0.067
[  16/600] loss=7.1197  pred=false  gold=n/a  running‐acc=0.875
Locality eval: pred=true              gold=true  correct=True  running‐acc=0.125
[  17/600] loss=4.5474  pred=n/a    gold=n/a  running‐acc=0.882
Locality eval: pred=n/a               gold=true  correct=False  running‐acc=0.118
[  18/600] loss=7.6497  pred=true   gold=true  running‐acc=0.889
Locality eval: pred=n/a               gold=n/a  correct=True  running‐acc=0.167
[  19/600] loss=8.6518  pred=true   gold=true  running‐acc=0.895
Locality eval: pred=false             gold=n/a  correct=False  running‐acc=0.158
[  20/600] loss=6.0623  pred=n/a    gold=n/a  running‐acc=0.900
Locality eval: pred=n/a               gold=true  correct=False  running‐acc=0.150
[  21/600] loss=5.6196  pred=n/a    gold=n/a  running‐acc=0.905
Locality eval: pred=n/a               gold=true  correct=False  running‐acc=0.143
[  22/600] loss=6.7971  pred=n/a    gold=n/a  running‐acc=0.909
Locality eval: pred=n/a               gold=true  correct=False  running‐acc=0.136
[  23/600] loss=7.1148  pred=n/a    gold=n/a  running‐acc=0.913
Locality eval: pred=n/a               gold=true  correct=False  running‐acc=0.130
[  24/600] loss=7.1536  pred=false  gold=n/a  running‐acc=0.875
Locality eval: pred=true              gold=true  correct=True  running‐acc=0.167
[  25/600] loss=7.8082  pred=true   gold=true  running‐acc=0.880
Locality eval: pred=false             gold=n/a  correct=False  running‐acc=0.160
[  26/600] loss=6.2165  pred=n/a    gold=n/a  running‐acc=0.885
Locality eval: pred=true              gold=true  correct=True  running‐acc=0.192
[  27/600] loss=3.6223  pred=n/a    gold=n/a  running‐acc=0.889
Locality eval: pred=true              gold=true  correct=True  running‐acc=0.222
[  28/600] loss=6.9164  pred=n/a    gold=n/a  running‐acc=0.893
Locality eval: pred=true              gold=true  correct=True  running‐acc=0.250
[  29/600] loss=5.9754  pred=n/a    gold=n/a  running‐acc=0.897
Locality eval: pred=n/a               gold=true  correct=False  running‐acc=0.241
[  30/600] loss=6.4697  pred=n/a    gold=n/a  running‐acc=0.900
Locality eval: pred=n/a               gold=true  correct=False  running‐acc=0.233
[  31/600] loss=7.2175  pred=true   gold=true  running‐acc=0.903
Locality eval: pred=false             gold=n/a  correct=False  running‐acc=0.226
[  32/600] loss=6.3254  pred=n/a    gold=n/a  running‐acc=0.906
Locality eval: pred=n/a               gold=true  correct=False  running‐acc=0.219
[  33/600] loss=7.5165  pred=n/a    gold=n/a  running‐acc=0.909
Locality eval: pred=n/a               gold=true  correct=False  running‐acc=0.212
[  34/600] loss=5.7670  pred=n/a    gold=n/a  running‐acc=0.912
Locality eval: pred=true              gold=true  correct=True  running‐acc=0.235
[  35/600] loss=7.1512  pred=true   gold=true  running‐acc=0.914
Locality eval: pred=false             gold=n/a  correct=False  running‐acc=0.229
[  36/600] loss=6.7689  pred=n/a    gold=n/a  running‐acc=0.917
Locality eval: pred=n/a               gold=true  correct=False  running‐acc=0.222
[  37/600] loss=9.3872  pred=truefalse  gold=true  running‐acc=0.919
Locality eval: pred=true              gold=n/a  correct=False  running‐acc=0.216
[  38/600] loss=3.9752  pred=n/a    gold=n/a  running‐acc=0.921
Locality eval: pred=n/a               gold=true  correct=False  running‐acc=0.211
[  39/600] loss=7.6579  pred=true.  gold=true  running‐acc=0.923
Locality eval: pred=truefalse         gold=n/a  correct=False  running‐acc=0.205
[  40/600] loss=9.7744  pred=true   gold=true  running‐acc=0.925
Locality eval: pred=n/a               gold=n/a  correct=True  running‐acc=0.225
[  41/600] loss=8.2528  pred=truebike_rider_ready_to_cycle  gold=true  running‐acc=0.927
Locality eval: pred=false             gold=n/a  correct=False  running‐acc=0.220
[  42/600] loss=5.8978  pred=n/a    gold=n/a  running‐acc=0.929
Locality eval: pred=false             gold=true  correct=False  running‐acc=0.214
[  43/600] loss=2.7859  pred=true   gold=true  running‐acc=0.930
Locality eval: pred=n/a               gold=n/a  correct=True  running‐acc=0.233
[  44/600] loss=6.7087  pred=n/a    gold=n/a  running‐acc=0.932
Locality eval: pred=n/a               gold=true  correct=False  running‐acc=0.227
[  45/600] loss=5.8500  pred=n/a    gold=n/a  running‐acc=0.933
Locality eval: pred=n/a               gold=true  correct=False  running‐acc=0.222
[  46/600] loss=8.7145  pred=true   gold=true  running‐acc=0.935
Locality eval: pred=false             gold=n/a  correct=False  running‐acc=0.217
[  47/600] loss=4.3359  pred=true   gold=true  running‐acc=0.936
Locality eval: pred=n/a               gold=n/a  correct=True  running‐acc=0.234
[  48/600] loss=5.5626  pred=n/a    gold=n/a  running‐acc=0.938
Locality eval: pred=n/a               gold=true  correct=False  running‐acc=0.229
[  49/600] loss=9.7109  pred=true   gold=true  running‐acc=0.939
Locality eval: pred=false             gold=n/a  correct=False  running‐acc=0.224
[  50/600] loss=6.1405  pred=n/a    gold=n/a  running‐acc=0.940
Locality eval: pred=true              gold=true  correct=True  running‐acc=0.240
[  51/600] loss=8.4694  pred=true   gold=true  running‐acc=0.941
Locality eval: pred=false             gold=n/a  correct=False  running‐acc=0.235
[  52/600] loss=9.6671  pred=true   gold=true  running‐acc=0.942
Locality eval: pred=false             gold=n/a  correct=False  running‐acc=0.231
[  53/600] loss=6.0862  pred=n/a    gold=n/a  running‐acc=0.943
Locality eval: pred=n/a               gold=true  correct=False  running‐acc=0.226
[  54/600] loss=7.1399  pred=true   gold=true  running‐acc=0.944
Locality eval: pred=false             gold=n/a  correct=False  running‐acc=0.222
[  55/600] loss=5.7260  pred=n/a    gold=n/a  running‐acc=0.945
Locality eval: pred=n/a               gold=true  correct=False  running‐acc=0.218
[  56/600] loss=7.1442  pred=n/a    gold=n/a  running‐acc=0.946
Locality eval: pred=true              gold=true  correct=True  running‐acc=0.232
[  57/600] loss=8.3165  pred=true/false/n/a  gold=true  running‐acc=0.947
Locality eval: pred=true              gold=n/a  correct=False  running‐acc=0.228
[  58/600] loss=6.5605  pred=true   gold=true  running‐acc=0.948
Locality eval: pred=n/a               gold=n/a  correct=True  running‐acc=0.241
[  59/600] loss=9.5212  pred=true   gold=true  running‐acc=0.949
Locality eval: pred=true              gold=n/a  correct=False  running‐acc=0.237
[  60/600] loss=4.4905  pred=true   gold=true  running‐acc=0.950
Locality eval: pred=n/a               gold=n/a  correct=True  running‐acc=0.250
[  61/600] loss=6.5811  pred=false  gold=true  running‐acc=0.934
Locality eval: pred=true/false/n/a    gold=n/a  correct=True  running‐acc=0.262
[  62/600] loss=7.8340  pred=n/a    gold=true  running‐acc=0.919
Locality eval: pred=false             gold=n/a  correct=False  running‐acc=0.258
[  63/600] loss=6.3851  pred=n/a    gold=n/a  running‐acc=0.921
Locality eval: pred=true              gold=true  correct=True  running‐acc=0.270
[  64/600] loss=7.1076  pred=n/a    gold=n/a  running‐acc=0.922
Locality eval: pred=n/a               gold=true  correct=False  running‐acc=0.266
[  65/600] loss=6.4287  pred=n/a    gold=n/a  running‐acc=0.923
Locality eval: pred=n/a               gold=true  correct=False  running‐acc=0.262
[  66/600] loss=9.0159  pred=true   gold=true  running‐acc=0.924
Locality eval: pred=true              gold=n/a  correct=False  running‐acc=0.258
[  67/600] loss=7.1765  pred=true   gold=true  running‐acc=0.925
Locality eval: pred=false             gold=n/a  correct=False  running‐acc=0.254
[  68/600] loss=8.3174  pred=true   gold=true  running‐acc=0.926
Locality eval: pred=false             gold=n/a  correct=False  running‐acc=0.250
[  69/600] loss=6.5245  pred=n/a    gold=n/a  running‐acc=0.928
Locality eval: pred=n/a               gold=true  correct=False  running‐acc=0.246
[  70/600] loss=6.0569  pred=n/a    gold=n/a  running‐acc=0.929
Locality eval: pred=n/a               gold=true  correct=False  running‐acc=0.243
[  71/600] loss=6.5401  pred=n/a    gold=n/a  running‐acc=0.930
Locality eval: pred=n/a               gold=true  correct=False  running‐acc=0.239
[  72/600] loss=6.1092  pred=n/a    gold=n/a  running‐acc=0.931
Locality eval: pred=n/a               gold=true  correct=False  running‐acc=0.236
[  73/600] loss=8.2192  pred=true.  gold=true  running‐acc=0.932
Locality eval: pred=n/a               gold=n/a  correct=True  running‐acc=0.247
[  74/600] loss=6.7548  pred=n/a    gold=n/a  running‐acc=0.932
Locality eval: pred=n/a               gold=true  correct=False  running‐acc=0.243
[  75/600] loss=6.1188  pred=n/a    gold=n/a  running‐acc=0.933
Locality eval: pred=n/a               gold=true  correct=False  running‐acc=0.240
[  76/600] loss=9.1500  pred=true   gold=true  running‐acc=0.934
Locality eval: pred=true              gold=n/a  correct=False  running‐acc=0.237
[  77/600] loss=7.2010  pred=true   gold=true  running‐acc=0.935
Locality eval: pred=false             gold=n/a  correct=False  running‐acc=0.234
[  78/600] loss=6.4271  pred=n/a    gold=n/a  running‐acc=0.936
Locality eval: pred=true.             gold=true  correct=True  running‐acc=0.244
[  79/600] loss=7.7545  pred=true/false/n/a  gold=true  running‐acc=0.937
Locality eval: pred=false             gold=n/a  correct=False  running‐acc=0.241
[  80/600] loss=6.1357  pred=n/a    gold=n/a  running‐acc=0.938
Locality eval: pred=n/a               gold=true  correct=False  running‐acc=0.237
[  81/600] loss=5.6123  pred=n/a    gold=n/a  running‐acc=0.938
Locality eval: pred=true              gold=true  correct=True  running‐acc=0.247
[  82/600] loss=9.1417  pred=true   gold=true  running‐acc=0.939
Locality eval: pred=true/false/n/a    gold=n/a  correct=True  running‐acc=0.256
[  83/600] loss=4.9870  pred=n/a    gold=n/a  running‐acc=0.940
Locality eval: pred=n/a               gold=true  correct=False  running‐acc=0.253
[  84/600] loss=8.2046  pred=true   gold=true  running‐acc=0.940
Locality eval: pred=false             gold=n/a  correct=False  running‐acc=0.250
[  85/600] loss=6.1098  pred=n/a    gold=n/a  running‐acc=0.941
Locality eval: pred=n/a               gold=true  correct=False  running‐acc=0.247
[  86/600] loss=6.6131  pred=n/a    gold=n/a  running‐acc=0.942
Locality eval: pred=true              gold=true  correct=True  running‐acc=0.256
[  87/600] loss=6.3954  pred=n/a    gold=n/a  running‐acc=0.943
Locality eval: pred=n/a               gold=true  correct=False  running‐acc=0.253
[  88/600] loss=9.4956  pred=true   gold=true  running‐acc=0.943
Locality eval: pred=true              gold=n/a  correct=False  running‐acc=0.250
[  89/600] loss=6.6824  pred=true   gold=true  running‐acc=0.944
Locality eval: pred=false             gold=n/a  correct=False  running‐acc=0.247
[  90/600] loss=5.4847  pred=n/a    gold=n/a  running‐acc=0.944
Locality eval: pred=n/a               gold=true  correct=False  running‐acc=0.244
[  91/600] loss=4.3993  pred=n/a    gold=n/a  running‐acc=0.945
Locality eval: pred=true.             gold=true  correct=True  running‐acc=0.253
[  92/600] loss=6.9558  pred=false  gold=true  running‐acc=0.935
Locality eval: pred=false             gold=n/a  correct=False  running‐acc=0.250
[  93/600] loss=5.8107  pred=n/a    gold=n/a  running‐acc=0.935
Locality eval: pred=true              gold=true  correct=True  running‐acc=0.258
[  94/600] loss=5.8502  pred=n/a    gold=n/a  running‐acc=0.936
Locality eval: pred=n/a               gold=true  correct=False  running‐acc=0.255
[  95/600] loss=7.7991  pred=true/false/n/a  gold=true  running‐acc=0.937
Locality eval: pred=n/a               gold=n/a  correct=True  running‐acc=0.263
[  96/600] loss=5.8907  pred=n/a    gold=n/a  running‐acc=0.938
Locality eval: pred=n/a               gold=true  correct=False  running‐acc=0.260
[  97/600] loss=2.4952  pred=false  gold=n/a  running‐acc=0.928
Locality eval: pred=n/a               gold=true  correct=False  running‐acc=0.258
[  98/600] loss=6.4883  pred=n/a    gold=n/a  running‐acc=0.929
Locality eval: pred=true              gold=true  correct=True  running‐acc=0.265
[  99/600] loss=6.5653  pred=true.  gold=true  running‐acc=0.929
Locality eval: pred=n/a               gold=n/a  correct=True  running‐acc=0.273
[ 100/600] loss=8.3335  pred=true   gold=true  running‐acc=0.930
Locality eval: pred=n/a               gold=n/a  correct=True  running‐acc=0.280
[ 101/600] loss=5.7602  pred=n/a    gold=n/a  running‐acc=0.931
Locality eval: pred=n/a               gold=true  correct=False  running‐acc=0.277
[ 102/600] loss=7.9874  pred=true   gold=true  running‐acc=0.931
Locality eval: pred=false             gold=n/a  correct=False  running‐acc=0.275
[ 103/600] loss=5.9926  pred=n/a    gold=n/a  running‐acc=0.932
Locality eval: pred=n/a               gold=true  correct=False  running‐acc=0.272
[ 104/600] loss=8.1629  pred=true/false/n/a  gold=true  running‐acc=0.933
Locality eval: pred=n/a               gold=n/a  correct=True  running‐acc=0.279
[ 105/600] loss=2.8843  pred=true   gold=true  running‐acc=0.933
Locality eval: pred=n/a               gold=n/a  correct=True  running‐acc=0.286
[ 106/600] loss=1.5918  pred=truepga  gold=true  running‐acc=0.934
Locality eval: pred=n/a               gold=n/a  correct=True  running‐acc=0.292
[ 107/600] loss=5.4919  pred=true   gold=true  running‐acc=0.935
Locality eval: pred=n/a               gold=n/a  correct=True  running‐acc=0.299
[ 108/600] loss=8.0858  pred=true   gold=true  running‐acc=0.935
Locality eval: pred=false             gold=n/a  correct=False  running‐acc=0.296
[ 109/600] loss=9.7432  pred=true   gold=true  running‐acc=0.936
Locality eval: pred=true              gold=n/a  correct=False  running‐acc=0.294
[ 110/600] loss=4.3536  pred=true   gold=true  running‐acc=0.936
Locality eval: pred=n/a               gold=n/a  correct=True  running‐acc=0.300
[ 111/600] loss=6.6545  pred=true   gold=true  running‐acc=0.937
Locality eval: pred=n/a               gold=n/a  correct=True  running‐acc=0.306
[ 112/600] loss=9.8531  pred=true   gold=true  running‐acc=0.938
Locality eval: pred=n/a               gold=n/a  correct=True  running‐acc=0.312
[ 113/600] loss=2.4995  pred=n/a    gold=n/a  running‐acc=0.938
Locality eval: pred=true.             gold=true  correct=True  running‐acc=0.319
[ 114/600] loss=6.9601  pred=n/a    gold=n/a  running‐acc=0.939
Locality eval: pred=false             gold=true  correct=False  running‐acc=0.316
[ 115/600] loss=6.4214  pred=true   gold=n/a  running‐acc=0.930
Locality eval: pred=true              gold=true  correct=True  running‐acc=0.322
[ 116/600] loss=6.7063  pred=n/a    gold=true  running‐acc=0.922
Locality eval: pred=false             gold=n/a  correct=False  running‐acc=0.319
[ 117/600] loss=6.9323  pred=n/a    gold=n/a  running‐acc=0.923
Locality eval: pred=n/a               gold=true  correct=False  running‐acc=0.316
[ 118/600] loss=6.9011  pred=n/a    gold=n/a  running‐acc=0.924
Locality eval: pred=n/a               gold=true  correct=False  running‐acc=0.314
[ 119/600] loss=6.2874  pred=n/a    gold=n/a  running‐acc=0.924
Locality eval: pred=n/a               gold=true  correct=False  running‐acc=0.311
[ 120/600] loss=7.0333  pred=false  gold=n/a  running‐acc=0.917
Locality eval: pred=true              gold=true  correct=True  running‐acc=0.317
[ 121/600] loss=2.3956  pred=true   gold=true  running‐acc=0.917
Locality eval: pred=false.            gold=n/a  correct=False  running‐acc=0.314
[ 122/600] loss=10.1792  pred=true   gold=true  running‐acc=0.918
Locality eval: pred=true              gold=n/a  correct=False  running‐acc=0.311
[ 123/600] loss=5.6630  pred=n/a    gold=n/a  running‐acc=0.919
Locality eval: pred=true              gold=true  correct=True  running‐acc=0.317
[ 124/600] loss=6.8092  pred=n/a    gold=n/a  running‐acc=0.919
Locality eval: pred=n/a               gold=true  correct=False  running‐acc=0.315
[ 125/600] loss=6.5404  pred=n/a    gold=n/a  running‐acc=0.920
Locality eval: pred=true              gold=true  correct=True  running‐acc=0.320
[ 126/600] loss=9.4358  pred=true.  gold=true  running‐acc=0.921
Locality eval: pred=true.             gold=n/a  correct=False  running‐acc=0.317
[ 127/600] loss=10.0138  pred=true   gold=true  running‐acc=0.921
Locality eval: pred=false             gold=n/a  correct=False  running‐acc=0.315
[ 128/600] loss=6.3373  pred=n/a    gold=n/a  running‐acc=0.922
Locality eval: pred=true,             gold=true  correct=True  running‐acc=0.320
[ 129/600] loss=5.4768  pred=true   gold=true  running‐acc=0.922
Locality eval: pred=n/a               gold=n/a  correct=True  running‐acc=0.326
[ 130/600] loss=5.9738  pred=n/a    gold=n/a  running‐acc=0.923
Locality eval: pred=n/a               gold=true  correct=False  running‐acc=0.323
[ 131/600] loss=9.4129  pred=true   gold=true  running‐acc=0.924
Locality eval: pred=true/false/n/a    gold=n/a  correct=True  running‐acc=0.328
[ 132/600] loss=6.5203  pred=n/a    gold=n/a  running‐acc=0.924
Locality eval: pred=n/a               gold=true  correct=False  running‐acc=0.326
[ 133/600] loss=6.1658  pred=n/a    gold=n/a  running‐acc=0.925
Locality eval: pred=n/a               gold=true  correct=False  running‐acc=0.323
[ 134/600] loss=7.1221  pred=true   gold=true  running‐acc=0.925
Locality eval: pred=false             gold=n/a  correct=False  running‐acc=0.321
[ 135/600] loss=8.4732  pred=true   gold=true  running‐acc=0.926
Locality eval: pred=n/a               gold=n/a  correct=True  running‐acc=0.326
[ 136/600] loss=6.5736  pred=n/a    gold=n/a  running‐acc=0.926
Locality eval: pred=n/a               gold=true  correct=False  running‐acc=0.324
[ 137/600] loss=8.4462  pred=true   gold=true  running‐acc=0.927
Locality eval: pred=false             gold=n/a  correct=False  running‐acc=0.321
[ 138/600] loss=10.0714  pred=true   gold=true  running‐acc=0.928
Locality eval: pred=true/false/n/a    gold=n/a  correct=True  running‐acc=0.326
[ 139/600] loss=6.4211  pred=n/a    gold=n/a  running‐acc=0.928
Locality eval: pred=true              gold=true  correct=True  running‐acc=0.331
[ 140/600] loss=6.5998  pred=n/a    gold=n/a  running‐acc=0.929
Locality eval: pred=n/a               gold=true  correct=False  running‐acc=0.329
[ 141/600] loss=6.3491  pred=n/a    gold=n/a  running‐acc=0.929
Locality eval: pred=true              gold=true  correct=True  running‐acc=0.333
[ 142/600] loss=5.8734  pred=n/a    gold=n/a  running‐acc=0.930
Locality eval: pred=n/a               gold=true  correct=False  running‐acc=0.331
[ 143/600] loss=6.9495  pred=true   gold=true  running‐acc=0.930
Locality eval: pred=false             gold=n/a  correct=False  running‐acc=0.329
[ 144/600] loss=7.6267  pred=true   gold=true  running‐acc=0.931
Locality eval: pred=false             gold=n/a  correct=False  running‐acc=0.326
[ 145/600] loss=8.9111  pred=true   gold=true  running‐acc=0.931
Locality eval: pred=n/a               gold=n/a  correct=True  running‐acc=0.331
[ 146/600] loss=1.4798  pred=true   gold=true  running‐acc=0.932
Locality eval: pred=n/a               gold=n/a  correct=True  running‐acc=0.336
[ 147/600] loss=4.5754  pred=n/a    gold=n/a  running‐acc=0.932
Locality eval: pred=n/a               gold=true  correct=False  running‐acc=0.333
[ 148/600] loss=8.8057  pred=true.  gold=true  running‐acc=0.932
Locality eval: pred=n/a               gold=n/a  correct=True  running‐acc=0.338
[ 149/600] loss=6.6565  pred=false  gold=n/a  running‐acc=0.926
Locality eval: pred=true              gold=true  correct=True  running‐acc=0.342
[ 150/600] loss=2.3885  pred=n/a    gold=n/a  running‐acc=0.927
Locality eval: pred=true.             gold=true  correct=True  running‐acc=0.347
[ 151/600] loss=7.7257  pred=true   gold=true  running‐acc=0.927
Locality eval: pred=false             gold=n/a  correct=False  running‐acc=0.344
[ 152/600] loss=8.6093  pred=true   gold=true  running‐acc=0.928
Locality eval: pred=true              gold=n/a  correct=False  running‐acc=0.342
[ 153/600] loss=6.8344  pred=n/a    gold=n/a  running‐acc=0.928
Locality eval: pred=n/a               gold=true  correct=False  running‐acc=0.340
[ 154/600] loss=6.5198  pred=n/a    gold=n/a  running‐acc=0.929
Locality eval: pred=true              gold=true  correct=True  running‐acc=0.344
[ 155/600] loss=7.3180  pred=true   gold=true  running‐acc=0.929
Locality eval: pred=true              gold=n/a  correct=False  running‐acc=0.342
[ 156/600] loss=6.5531  pred=n/a    gold=n/a  running‐acc=0.929
Locality eval: pred=n/a               gold=true  correct=False  running‐acc=0.340
[ 157/600] loss=8.2522  pred=true   gold=true  running‐acc=0.930
Locality eval: pred=false             gold=n/a  correct=False  running‐acc=0.338
[ 158/600] loss=6.7451  pred=n/a    gold=n/a  running‐acc=0.930
Locality eval: pred=n/a               gold=true  correct=False  running‐acc=0.335
[ 159/600] loss=6.7895  pred=n/a    gold=n/a  running‐acc=0.931
Locality eval: pred=n/a               gold=true  correct=False  running‐acc=0.333
[ 160/600] loss=6.4450  pred=n/a    gold=n/a  running‐acc=0.931
Locality eval: pred=n/a               gold=true  correct=False  running‐acc=0.331
[ 161/600] loss=8.5000  pred=true.  gold=true  running‐acc=0.932
Locality eval: pred=false             gold=n/a  correct=False  running‐acc=0.329
[ 162/600] loss=3.1313  pred=true   gold=n/a  running‐acc=0.926
Locality eval: pred=n/a               gold=true  correct=False  running‐acc=0.327
[ 163/600] loss=5.7802  pred=n/a    gold=n/a  running‐acc=0.926
Locality eval: pred=n/a               gold=true  correct=False  running‐acc=0.325
[ 164/600] loss=6.9991  pred=n/a    gold=n/a  running‐acc=0.927
Locality eval: pred=n/a               gold=true  correct=False  running‐acc=0.323
[ 165/600] loss=8.7429  pred=true   gold=true  running‐acc=0.927
Locality eval: pred=true              gold=n/a  correct=False  running‐acc=0.321
[ 166/600] loss=8.4506  pred=true   gold=true  running‐acc=0.928
Locality eval: pred=n/a               gold=n/a  correct=True  running‐acc=0.325
[ 167/600] loss=6.7614  pred=n/a    gold=n/a  running‐acc=0.928
Locality eval: pred=n/a               gold=true  correct=False  running‐acc=0.323
[ 168/600] loss=8.5567  pred=true   gold=true  running‐acc=0.929
Locality eval: pred=n/a               gold=n/a  correct=True  running‐acc=0.327
[ 169/600] loss=6.4014  pred=n/a    gold=n/a  running‐acc=0.929
Locality eval: pred=n/a               gold=true  correct=False  running‐acc=0.325
[ 170/600] loss=7.0617  pred=n/a    gold=n/a  running‐acc=0.929
Locality eval: pred=true              gold=true  correct=True  running‐acc=0.329
[ 171/600] loss=5.1397  pred=       gold=n/a  running‐acc=0.924
Locality eval: pred=true              gold=true  correct=True  running‐acc=0.333
[ 172/600] loss=8.2932  pred=true   gold=true  running‐acc=0.924
Locality eval: pred=n/a               gold=n/a  correct=True  running‐acc=0.337
[ 173/600] loss=6.4830  pred=n/a    gold=n/a  running‐acc=0.925
Locality eval: pred=n/a               gold=true  correct=False  running‐acc=0.335
[ 174/600] loss=7.6767  pred=true/false/n/a  gold=true  running‐acc=0.925
Locality eval: pred=n/a               gold=n/a  correct=True  running‐acc=0.339
[ 175/600] loss=9.8337  pred=true.  gold=true  running‐acc=0.926
Locality eval: pred=n/a               gold=n/a  correct=True  running‐acc=0.343
[ 176/600] loss=6.5240  pred=n/a    gold=n/a  running‐acc=0.926
Locality eval: pred=true              gold=true  correct=True  running‐acc=0.347
[ 177/600] loss=2.0106  pred=true   gold=true  running‐acc=0.927
Locality eval: pred=n/a               gold=n/a  correct=True  running‐acc=0.350
[ 178/600] loss=6.4192  pred=n/a    gold=n/a  running‐acc=0.927
Locality eval: pred=true              gold=true  correct=True  running‐acc=0.354
[ 179/600] loss=6.6472  pred=n/a    gold=n/a  running‐acc=0.927
Locality eval: pred=n/a               gold=true  correct=False  running‐acc=0.352
[ 180/600] loss=10.1260  pred=true   gold=true  running‐acc=0.928
Locality eval: pred=true              gold=n/a  correct=False  running‐acc=0.350
[ 181/600] loss=4.4975  pred=n/a    gold=n/a  running‐acc=0.928
Locality eval: pred=n/a               gold=true  correct=False  running‐acc=0.348
[ 182/600] loss=5.8787  pred=n/a    gold=n/a  running‐acc=0.929
Locality eval: pred=true              gold=true  correct=True  running‐acc=0.352
[ 183/600] loss=8.2403  pred=true/false/na  gold=true  running‐acc=0.929
Locality eval: pred=false             gold=n/a  correct=False  running‐acc=0.350
[ 184/600] loss=1.6325  pred=true   gold=true  running‐acc=0.929
Locality eval: pred=n/a               gold=n/a  correct=True  running‐acc=0.353
[ 185/600] loss=9.1422  pred=true   gold=true  running‐acc=0.930
Locality eval: pred=true              gold=n/a  correct=False  running‐acc=0.351
[ 186/600] loss=9.5717  pred=true   gold=true  running‐acc=0.930
Locality eval: pred=true              gold=n/a  correct=False  running‐acc=0.349
[ 187/600] loss=6.7994  pred=n/a    gold=n/a  running‐acc=0.930
Locality eval: pred=n/a               gold=true  correct=False  running‐acc=0.348
[ 188/600] loss=6.2281  pred=n/a    gold=n/a  running‐acc=0.931
Locality eval: pred=true              gold=true  correct=True  running‐acc=0.351
[ 189/600] loss=7.1540  pred=n/a    gold=true  running‐acc=0.926
Locality eval: pred=n/a               gold=n/a  correct=True  running‐acc=0.354
[ 190/600] loss=6.3609  pred=n/a    gold=n/a  running‐acc=0.926
Locality eval: pred=true              gold=true  correct=True  running‐acc=0.358
[ 191/600] loss=7.6026  pred=n/a    gold=n/a  running‐acc=0.927
Locality eval: pred=true              gold=true  correct=True  running‐acc=0.361
[ 192/600] loss=6.7474  pred=n/a    gold=n/a  running‐acc=0.927
Locality eval: pred=n/a               gold=true  correct=False  running‐acc=0.359
[ 193/600] loss=8.7337  pred=true   gold=true  running‐acc=0.927
Locality eval: pred=true              gold=n/a  correct=False  running‐acc=0.358
[ 194/600] loss=8.1497  pred=true/false:  gold=true  running‐acc=0.928
Locality eval: pred=n/a               gold=n/a  correct=True  running‐acc=0.361
[ 195/600] loss=7.1264  pred=true   gold=true  running‐acc=0.928
Locality eval: pred=false             gold=n/a  correct=False  running‐acc=0.359
[ 196/600] loss=8.0921  pred=false  gold=true  running‐acc=0.923
Locality eval: pred=false             gold=n/a  correct=False  running‐acc=0.357
[ 197/600] loss=9.9892  pred=true   gold=true  running‐acc=0.924
Locality eval: pred=true              gold=n/a  correct=False  running‐acc=0.355
[ 198/600] loss=7.2884  pred=n/a    gold=n/a  running‐acc=0.924
Locality eval: pred=true,             gold=true  correct=True  running‐acc=0.359
[ 199/600] loss=8.3148  pred=true   gold=true  running‐acc=0.925
Locality eval: pred=false             gold=n/a  correct=False  running‐acc=0.357
[ 200/600] loss=8.7029  pred=true   gold=true  running‐acc=0.925
Locality eval: pred=false             gold=n/a  correct=False  running‐acc=0.355
[ 201/600] loss=6.3234  pred=n/a    gold=n/a  running‐acc=0.925
Locality eval: pred=n/a               gold=true  correct=False  running‐acc=0.353
[ 202/600] loss=7.0259  pred=n/a    gold=n/a  running‐acc=0.926
Locality eval: pred=n/a               gold=true  correct=False  running‐acc=0.351
[ 203/600] loss=7.0208  pred=true/false/n/a  gold=true  running‐acc=0.926
Locality eval: pred=false             gold=n/a  correct=False  running‐acc=0.350
[ 204/600] loss=2.1801  pred=n/a.   gold=n/a  running‐acc=0.926
Locality eval: pred=n/assfworkbook    gold=true  correct=False  running‐acc=0.348
[ 205/600] loss=9.1766  pred=true   gold=true  running‐acc=0.927
Locality eval: pred=true              gold=n/a  correct=False  running‐acc=0.346
[ 206/600] loss=7.2742  pred=n/a    gold=n/a  running‐acc=0.927
Locality eval: pred=true              gold=true  correct=True  running‐acc=0.350
[ 207/600] loss=6.6277  pred=false  gold=n/a  running‐acc=0.923
Locality eval: pred=true              gold=true  correct=True  running‐acc=0.353
[ 208/600] loss=8.3989  pred=true   gold=true  running‐acc=0.923
Locality eval: pred=false             gold=n/a  correct=False  running‐acc=0.351
[ 209/600] loss=6.4189  pred=n/a    gold=n/a  running‐acc=0.923
Locality eval: pred=true              gold=true  correct=True  running‐acc=0.354
[ 210/600] loss=6.7810  pred=n/a    gold=n/a  running‐acc=0.924
Locality eval: pred=n/a               gold=true  correct=False  running‐acc=0.352
[ 211/600] loss=8.6634  pred=true   gold=true  running‐acc=0.924
Locality eval: pred=false             gold=n/a  correct=False  running‐acc=0.351
[ 212/600] loss=5.8479  pred=n/a    gold=n/a  running‐acc=0.925
Locality eval: pred=n/a               gold=true  correct=False  running‐acc=0.349
[ 213/600] loss=8.2912  pred=true   gold=true  running‐acc=0.925
Locality eval: pred=true              gold=n/a  correct=False  running‐acc=0.347
[ 214/600] loss=6.0450  pred=n/a    gold=n/a  running‐acc=0.925
Locality eval: pred=n/a               gold=true  correct=False  running‐acc=0.346
[ 215/600] loss=9.7228  pred=true   gold=true  running‐acc=0.926
Locality eval: pred=true              gold=n/a  correct=False  running‐acc=0.344
[ 216/600] loss=6.5833  pred=n/a    gold=n/a  running‐acc=0.926
Locality eval: pred=n/a               gold=true  correct=False  running‐acc=0.343
[ 217/600] loss=9.5924  pred=true   gold=true  running‐acc=0.926
Locality eval: pred=true              gold=n/a  correct=False  running‐acc=0.341
[ 218/600] loss=5.8356  pred=n/a    gold=n/a  running‐acc=0.927
Locality eval: pred=n/a               gold=true  correct=False  running‐acc=0.339
[ 219/600] loss=9.0675  pred=true   gold=true  running‐acc=0.927
Locality eval: pred=false             gold=n/a  correct=False  running‐acc=0.338
[ 220/600] loss=5.9971  pred=n/a    gold=n/a  running‐acc=0.927
Locality eval: pred=n/a               gold=true  correct=False  running‐acc=0.336
[ 221/600] loss=7.0208  pred=true   gold=n/a  running‐acc=0.923
Locality eval: pred=n/a               gold=true  correct=False  running‐acc=0.335
[ 222/600] loss=6.2706  pred=n/a    gold=n/a  running‐acc=0.923
Locality eval: pred=n/a               gold=true  correct=False  running‐acc=0.333
[ 223/600] loss=7.3188  pred=n/a    gold=n/a  running‐acc=0.924
Locality eval: pred=true              gold=true  correct=True  running‐acc=0.336
[ 224/600] loss=6.4696  pred=n/a    gold=n/a  running‐acc=0.924
Locality eval: pred=n/a               gold=true  correct=False  running‐acc=0.335
[ 225/600] loss=6.8498  pred=n/a    gold=n/a  running‐acc=0.924
Locality eval: pred=true              gold=true  correct=True  running‐acc=0.338
[ 226/600] loss=8.9388  pred=true   gold=true  running‐acc=0.925
Locality eval: pred=false             gold=n/a  correct=False  running‐acc=0.336
[ 227/600] loss=4.6073  pred=n/a    gold=n/a  running‐acc=0.925
Locality eval: pred=true              gold=true  correct=True  running‐acc=0.339
[ 228/600] loss=6.3293  pred=n/a    gold=n/a  running‐acc=0.925
Locality eval: pred=false             gold=true  correct=False  running‐acc=0.338
[ 229/600] loss=5.3493  pred=n/a    gold=n/a  running‐acc=0.926
Locality eval: pred=true              gold=true  correct=True  running‐acc=0.341
[ 230/600] loss=6.5301  pred=n/a    gold=n/a  running‐acc=0.926
Locality eval: pred=n/a               gold=true  correct=False  running‐acc=0.339
[ 231/600] loss=6.9249  pred=true.  gold=n/a  running‐acc=0.922
Locality eval: pred=true              gold=true  correct=True  running‐acc=0.342
[ 232/600] loss=6.5153  pred=n/a    gold=n/a  running‐acc=0.922
Locality eval: pred=n/a               gold=true  correct=False  running‐acc=0.341
[ 233/600] loss=10.1712  pred=true   gold=true  running‐acc=0.923
Locality eval: pred=true              gold=n/a  correct=False  running‐acc=0.339
[ 234/600] loss=6.8183  pred=true   gold=true  running‐acc=0.923
Locality eval: pred=false             gold=n/a  correct=False  running‐acc=0.338
[ 235/600] loss=2.1582  pred=n/a    gold=n/a  running‐acc=0.923
Locality eval: pred=n/a               gold=true  correct=False  running‐acc=0.336
[ 236/600] loss=6.5136  pred=n/a    gold=n/a  running‐acc=0.924
Locality eval: pred=n/a               gold=true  correct=False  running‐acc=0.335
[ 237/600] loss=8.6929  pred=       gold=true  running‐acc=0.920
Locality eval: pred=false             gold=n/a  correct=False  running‐acc=0.333
[ 238/600] loss=7.1383  pred=n/a    gold=n/a  running‐acc=0.920
Locality eval: pred=n/a               gold=true  correct=False  running‐acc=0.332
[ 239/600] loss=6.6725  pred=n/a    gold=n/a  running‐acc=0.921
Locality eval: pred=true              gold=true  correct=True  running‐acc=0.335
[ 240/600] loss=9.8201  pred=true,  gold=true  running‐acc=0.921
Locality eval: pred=true              gold=n/a  correct=False  running‐acc=0.333
[ 241/600] loss=6.2962  pred=n/a    gold=n/a  running‐acc=0.921
Locality eval: pred=n/a               gold=true  correct=False  running‐acc=0.332
[ 242/600] loss=6.7230  pred=n/a    gold=n/a  running‐acc=0.921
Locality eval: pred=n/a               gold=true  correct=False  running‐acc=0.331
[ 243/600] loss=7.1354  pred=n/a    gold=n/a  running‐acc=0.922
Locality eval: pred=n/a               gold=true  correct=False  running‐acc=0.329
[ 244/600] loss=6.9601  pred=true   gold=true  running‐acc=0.922
Locality eval: pred=n/a               gold=n/a  correct=True  running‐acc=0.332
[ 245/600] loss=7.8028  pred=true   gold=true  running‐acc=0.922
Locality eval: pred=true,             gold=n/a  correct=False  running‐acc=0.331
[ 246/600] loss=7.0723  pred=true   gold=true  running‐acc=0.923
Locality eval: pred=false             gold=n/a  correct=False  running‐acc=0.329
[ 247/600] loss=4.9588  pred=true   gold=true  running‐acc=0.923
Locality eval: pred=false             gold=n/a  correct=False  running‐acc=0.328
[ 248/600] loss=10.0534  pred=n/a    gold=true  running‐acc=0.919
Locality eval: pred=n/a               gold=n/a  correct=True  running‐acc=0.331
[ 249/600] loss=5.8258  pred=n/a    gold=n/a  running‐acc=0.920
Locality eval: pred=n/a               gold=true  correct=False  running‐acc=0.329
[ 250/600] loss=7.1222  pred=true   gold=true  running‐acc=0.920
Locality eval: pred=false             gold=n/a  correct=False  running‐acc=0.328
[ 251/600] loss=5.8251  pred=n/a    gold=n/a  running‐acc=0.920
Locality eval: pred=n/a               gold=true  correct=False  running‐acc=0.327
[ 252/600] loss=6.7051  pred=n/a    gold=n/a  running‐acc=0.921
Locality eval: pred=n/a               gold=true  correct=False  running‐acc=0.325
[ 253/600] loss=8.5515  pred=true   gold=true  running‐acc=0.921
Locality eval: pred=n/a               gold=n/a  correct=True  running‐acc=0.328
[ 254/600] loss=10.1463  pred=true   gold=true  running‐acc=0.921
Locality eval: pred=true              gold=n/a  correct=False  running‐acc=0.327
[ 255/600] loss=7.0294  pred=n/a    gold=n/a  running‐acc=0.922
Locality eval: pred=n/a               gold=true  correct=False  running‐acc=0.325
[ 256/600] loss=5.8884  pred=n/a    gold=n/a  running‐acc=0.922
Locality eval: pred=n/a               gold=true  correct=False  running‐acc=0.324
[ 257/600] loss=5.9565  pred=n/a    gold=n/a  running‐acc=0.922
Locality eval: pred=n/a               gold=true  correct=False  running‐acc=0.323
[ 258/600] loss=6.1041  pred=n/a    gold=n/a  running‐acc=0.922
Locality eval: pred=n/a               gold=true  correct=False  running‐acc=0.322
[ 259/600] loss=7.1016  pred=true   gold=true  running‐acc=0.923
Locality eval: pred=n/a               gold=n/a  correct=True  running‐acc=0.324
[ 260/600] loss=9.2029  pred=true   gold=true  running‐acc=0.923
Locality eval: pred=n/a               gold=n/a  correct=True  running‐acc=0.327
[ 261/600] loss=8.8613  pred=true   gold=true  running‐acc=0.923
Locality eval: pred=true              gold=n/a  correct=False  running‐acc=0.326
[ 262/600] loss=8.3087  pred=true   gold=true  running‐acc=0.924
Locality eval: pred=false             gold=n/a  correct=False  running‐acc=0.324
[ 263/600] loss=6.3142  pred=n/a    gold=n/a  running‐acc=0.924
Locality eval: pred=true              gold=true  correct=True  running‐acc=0.327
[ 264/600] loss=6.7870  pred=n/a    gold=n/a  running‐acc=0.924
Locality eval: pred=n/a               gold=true  correct=False  running‐acc=0.326
[ 265/600] loss=9.5406  pred=true   gold=true  running‐acc=0.925
Locality eval: pred=false             gold=n/a  correct=False  running‐acc=0.325
[ 266/600] loss=5.5394  pred=n/a    gold=n/a  running‐acc=0.925
Locality eval: pred=n/a               gold=true  correct=False  running‐acc=0.323
[ 267/600] loss=6.0883  pred=n/a    gold=n/a  running‐acc=0.925
Locality eval: pred=n/a               gold=true  correct=False  running‐acc=0.322
[ 268/600] loss=8.0332  pred=true/false/n/a  gold=true  running‐acc=0.925
Locality eval: pred=n/a               gold=n/a  correct=True  running‐acc=0.325
[ 269/600] loss=6.6695  pred=n/a    gold=n/a  running‐acc=0.926
Locality eval: pred=true              gold=true  correct=True  running‐acc=0.327
[ 270/600] loss=7.0173  pred=true/false/n/a  gold=true  running‐acc=0.926
Locality eval: pred=false             gold=n/a  correct=False  running‐acc=0.326
[ 271/600] loss=5.7744  pred=n/a    gold=n/a  running‐acc=0.926
Locality eval: pred=n/a               gold=true  correct=False  running‐acc=0.325
[ 272/600] loss=9.0812  pred=true   gold=true  running‐acc=0.926
Locality eval: pred=true              gold=n/a  correct=False  running‐acc=0.324
[ 273/600] loss=6.5217  pred=n/a    gold=n/a  running‐acc=0.927
Locality eval: pred=true              gold=true  correct=True  running‐acc=0.326
[ 274/600] loss=6.5926  pred=n/a    gold=n/a  running‐acc=0.927
Locality eval: pred=n/a               gold=true  correct=False  running‐acc=0.325
[ 275/600] loss=8.2849  pred=true/false/n/a  gold=true  running‐acc=0.927
Locality eval: pred=false             gold=n/a  correct=False  running‐acc=0.324
[ 276/600] loss=6.1835  pred=n/a    gold=n/a  running‐acc=0.928
Locality eval: pred=n/a               gold=true  correct=False  running‐acc=0.322
[ 277/600] loss=8.4347  pred=true   gold=true  running‐acc=0.928
Locality eval: pred=false             gold=n/a  correct=False  running‐acc=0.321
[ 278/600] loss=5.7106  pred=n/a    gold=n/a  running‐acc=0.928
Locality eval: pred=n/a               gold=true  correct=False  running‐acc=0.320
[ 279/600] loss=5.7321  pred=true   gold=true  running‐acc=0.928
Locality eval: pred=false             gold=n/a  correct=False  running‐acc=0.319
[ 280/600] loss=5.8019  pred=n/a    gold=n/a  running‐acc=0.929
Locality eval: pred=n/a               gold=true  correct=False  running‐acc=0.318
[ 281/600] loss=8.6167  pred=true   gold=true  running‐acc=0.929
Locality eval: pred=true              gold=n/a  correct=False  running‐acc=0.317
[ 282/600] loss=8.9679  pred=true   gold=true  running‐acc=0.929
Locality eval: pred=true              gold=n/a  correct=False  running‐acc=0.316
[ 283/600] loss=6.8726  pred=n/a    gold=n/a  running‐acc=0.929
Locality eval: pred=n/a               gold=true  correct=False  running‐acc=0.314
[ 284/600] loss=2.7070  pred=n/a    gold=n/a  running‐acc=0.930
Locality eval: pred=n/a               gold=true  correct=False  running‐acc=0.313
[ 285/600] loss=6.0387  pred=true   gold=true  running‐acc=0.930
Locality eval: pred=false             gold=n/a  correct=False  running‐acc=0.312
[ 286/600] loss=6.6118  pred=n/a    gold=n/a  running‐acc=0.930
Locality eval: pred=n/a               gold=true  correct=False  running‐acc=0.311
[ 287/600] loss=6.3841  pred=n/a    gold=n/a  running‐acc=0.930
Locality eval: pred=n/a               gold=true  correct=False  running‐acc=0.310
[ 288/600] loss=8.5750  pred=true   gold=true  running‐acc=0.931
Locality eval: pred=false             gold=n/a  correct=False  running‐acc=0.309
[ 289/600] loss=8.6405  pred=true   gold=true  running‐acc=0.931
Locality eval: pred=n/a               gold=n/a  correct=True  running‐acc=0.311
[ 290/600] loss=5.7913  pred=n/a    gold=n/a  running‐acc=0.931
Locality eval: pred=n/a               gold=true  correct=False  running‐acc=0.310
[ 291/600] loss=8.4688  pred=true   gold=true  running‐acc=0.931
Locality eval: pred=false             gold=n/a  correct=False  running‐acc=0.309
[ 292/600] loss=9.1587  pred=true   gold=true  running‐acc=0.932
Locality eval: pred=false             gold=n/a  correct=False  running‐acc=0.308
[ 293/600] loss=5.8526  pred=true   gold=true  running‐acc=0.932
Locality eval: pred=n/a               gold=n/a  correct=True  running‐acc=0.311
[ 294/600] loss=9.4754  pred=true   gold=true  running‐acc=0.932
Locality eval: pred=false             gold=n/a  correct=False  running‐acc=0.310
[ 295/600] loss=5.5380  pred=n/a    gold=n/a  running‐acc=0.932
Locality eval: pred=n/a               gold=true  correct=False  running‐acc=0.308
[ 296/600] loss=6.0328  pred=n/a    gold=n/a  running‐acc=0.932
Locality eval: pred=n/a               gold=true  correct=False  running‐acc=0.307
[ 297/600] loss=9.0111  pred=true   gold=true  running‐acc=0.933
Locality eval: pred=true/false        gold=n/a  correct=False  running‐acc=0.306
[ 298/600] loss=7.7293  pred=true/false/n/a  gold=true  running‐acc=0.933
Locality eval: pred=n/a               gold=n/a  correct=True  running‐acc=0.309
[ 299/600] loss=5.6661  pred=n/a    gold=n/a  running‐acc=0.933
Locality eval: pred=n/a               gold=true  correct=False  running‐acc=0.308
[ 300/600] loss=5.9418  pred=n/a    gold=n/a  running‐acc=0.933
Locality eval: pred=n/a               gold=true  correct=False  running‐acc=0.307
[ 301/600] loss=8.9242  pred=true   gold=true  running‐acc=0.934
Locality eval: pred=true              gold=n/a  correct=False  running‐acc=0.306
[ 302/600] loss=7.9071  pred=true   gold=true  running‐acc=0.934
Locality eval: pred=false             gold=n/a  correct=False  running‐acc=0.305
[ 303/600] loss=7.7237  pred=true   gold=true  running‐acc=0.934
Locality eval: pred=false             gold=n/a  correct=False  running‐acc=0.304
[ 304/600] loss=8.8809  pred=true.  gold=true  running‐acc=0.934
Locality eval: pred=false             gold=n/a  correct=False  running‐acc=0.303
[ 305/600] loss=1.4552  pred=true   gold=true  running‐acc=0.934
Locality eval: pred=n/a               gold=n/a  correct=True  running‐acc=0.305
[ 306/600] loss=7.6460  pred=true.  gold=true  running‐acc=0.935
Locality eval: pred=false             gold=n/a  correct=False  running‐acc=0.304
[ 307/600] loss=9.6660  pred=true   gold=true  running‐acc=0.935
Locality eval: pred=true              gold=n/a  correct=False  running‐acc=0.303
[ 308/600] loss=8.3176  pred=true   gold=true  running‐acc=0.935
Locality eval: pred=n/a               gold=n/a  correct=True  running‐acc=0.305
[ 309/600] loss=8.6854  pred=true/false  gold=true  running‐acc=0.935
Locality eval: pred=n/a               gold=n/a  correct=True  running‐acc=0.307
[ 310/600] loss=5.9070  pred=n/a    gold=n/a  running‐acc=0.935
Locality eval: pred=n/a               gold=true  correct=False  running‐acc=0.306
[ 311/600] loss=8.9044  pred=true   gold=true  running‐acc=0.936
Locality eval: pred=n/a               gold=n/a  correct=True  running‐acc=0.309
[ 312/600] loss=8.5810  pred=true   gold=true  running‐acc=0.936
Locality eval: pred=false             gold=n/a  correct=False  running‐acc=0.308
[ 313/600] loss=3.4985  pred=n/a    gold=n/a  running‐acc=0.936
Locality eval: pred=true              gold=true  correct=True  running‐acc=0.310
[ 314/600] loss=5.7816  pred=n/a    gold=n/a  running‐acc=0.936
Locality eval: pred=n/a               gold=true  correct=False  running‐acc=0.309
[ 315/600] loss=6.2519  pred=n/a    gold=n/a  running‐acc=0.937
Locality eval: pred=true              gold=true  correct=True  running‐acc=0.311
[ 316/600] loss=8.8531  pred=true   gold=true  running‐acc=0.937
Locality eval: pred=false             gold=n/a  correct=False  running‐acc=0.310
[ 317/600] loss=9.2034  pred=true   gold=true  running‐acc=0.937
Locality eval: pred=false             gold=n/a  correct=False  running‐acc=0.309
[ 318/600] loss=9.4178  pred=true   gold=true  running‐acc=0.937
Locality eval: pred=true              gold=n/a  correct=False  running‐acc=0.308
[ 319/600] loss=6.4997  pred=n/a    gold=n/a  running‐acc=0.937
Locality eval: pred=n/a               gold=true  correct=False  running‐acc=0.307
[ 320/600] loss=6.6402  pred=n/a    gold=n/a  running‐acc=0.938
Locality eval: pred=n/a               gold=true  correct=False  running‐acc=0.306
[ 321/600] loss=9.4838  pred=true   gold=true  running‐acc=0.938
Locality eval: pred=true              gold=n/a  correct=False  running‐acc=0.305
[ 322/600] loss=9.4606  pred=true   gold=true  running‐acc=0.938
Locality eval: pred=true              gold=n/a  correct=False  running‐acc=0.304
[ 323/600] loss=6.6275  pred=n/a    gold=n/a  running‐acc=0.938
Locality eval: pred=n/a               gold=true  correct=False  running‐acc=0.303
[ 324/600] loss=7.1043  pred=n/a    gold=n/a  running‐acc=0.938
Locality eval: pred=n/a               gold=true  correct=False  running‐acc=0.302
[ 325/600] loss=7.6483  pred=true.  gold=true  running‐acc=0.938
Locality eval: pred=n/a               gold=n/a  correct=True  running‐acc=0.305
[ 326/600] loss=6.6851  pred=n/a    gold=n/a  running‐acc=0.939
Locality eval: pred=true              gold=true  correct=True  running‐acc=0.307
[ 327/600] loss=8.3925  pred=trueuplandhabitat  gold=true  running‐acc=0.939
Locality eval: pred=true              gold=n/a  correct=False  running‐acc=0.306
[ 328/600] loss=6.7493  pred=true   gold=n/a  running‐acc=0.936
Locality eval: pred=true              gold=true  correct=True  running‐acc=0.308
[ 329/600] loss=7.9108  pred=true   gold=true  running‐acc=0.936
Locality eval: pred=false             gold=n/a  correct=False  running‐acc=0.307
[ 330/600] loss=3.6956  pred=n/a.   gold=n/a  running‐acc=0.936
Locality eval: pred=true              gold=true  correct=True  running‐acc=0.309
[ 331/600] loss=10.1208  pred=true   gold=true  running‐acc=0.937
Locality eval: pred=true              gold=n/a  correct=False  running‐acc=0.308
[ 332/600] loss=6.6129  pred=n/a    gold=n/a  running‐acc=0.937
Locality eval: pred=n/a               gold=true  correct=False  running‐acc=0.307
[ 333/600] loss=7.5790  pred=true   gold=true  running‐acc=0.937
Locality eval: pred=false             gold=n/a  correct=False  running‐acc=0.306
[ 334/600] loss=3.9522  pred=n/a    gold=n/a  running‐acc=0.937
Locality eval: pred=true              gold=true  correct=True  running‐acc=0.308
[ 335/600] loss=10.1281  pred=true   gold=true  running‐acc=0.937
Locality eval: pred=true              gold=n/a  correct=False  running‐acc=0.307
[ 336/600] loss=6.6188  pred=n/a    gold=n/a  running‐acc=0.938
Locality eval: pred=n/a               gold=true  correct=False  running‐acc=0.307
[ 337/600] loss=6.3705  pred=n/a    gold=n/a  running‐acc=0.938
Locality eval: pred=n/a               gold=true  correct=False  running‐acc=0.306
[ 338/600] loss=4.3438  pred=true   gold=n/a  running‐acc=0.935
Locality eval: pred=true.             gold=true  correct=True  running‐acc=0.308
[ 339/600] loss=6.6554  pred=n/a    gold=n/a  running‐acc=0.935
Locality eval: pred=true              gold=true  correct=True  running‐acc=0.310
[ 340/600] loss=6.2731  pred=n/a    gold=n/a  running‐acc=0.935
Locality eval: pred=n/a               gold=true  correct=False  running‐acc=0.309
[ 341/600] loss=7.6990  pred=true   gold=true  running‐acc=0.935
Locality eval: pred=false             gold=n/a  correct=False  running‐acc=0.308
[ 342/600] loss=2.3819  pred=true.  gold=true  running‐acc=0.936
Locality eval: pred=n/a               gold=n/a  correct=True  running‐acc=0.310
[ 343/600] loss=2.1205  pred=true   gold=n/a  running‐acc=0.933
Locality eval: pred=n/aﬀordability    gold=true  correct=False  running‐acc=0.309
[ 344/600] loss=7.8515  pred=true   gold=true  running‐acc=0.933
Locality eval: pred=n/a               gold=n/a  correct=True  running‐acc=0.311
[ 345/600] loss=2.4778  pred=n/a祚tte  gold=n/a  running‐acc=0.933
Locality eval: pred=true              gold=true  correct=True  running‐acc=0.313
[ 346/600] loss=8.7278  pred=true   gold=true  running‐acc=0.934
Locality eval: pred=false             gold=n/a  correct=False  running‐acc=0.312
[ 347/600] loss=2.3629  pred=n/a秳snh  gold=n/a  running‐acc=0.934
Locality eval: pred=true.             gold=true  correct=True  running‐acc=0.314
[ 348/600] loss=6.6072  pred=n/a    gold=n/a  running‐acc=0.934
Locality eval: pred=n/a               gold=true  correct=False  running‐acc=0.313
[ 349/600] loss=6.9456  pred=n/a    gold=n/a  running‐acc=0.934
Locality eval: pred=true              gold=true  correct=True  running‐acc=0.315
[ 350/600] loss=4.5300  pred=n/a    gold=n/a  running‐acc=0.934
Locality eval: pred=n/a               gold=true  correct=False  running‐acc=0.314
[ 351/600] loss=5.4402  pred=n/a    gold=n/a  running‐acc=0.934
Locality eval: pred=true              gold=true  correct=True  running‐acc=0.316
[ 352/600] loss=5.3462  pred=n/a    gold=n/a  running‐acc=0.935
Locality eval: pred=n/a               gold=true  correct=False  running‐acc=0.315
[ 353/600] loss=7.1803  pred=n/a    gold=n/a  running‐acc=0.935
Locality eval: pred=true              gold=true  correct=True  running‐acc=0.317
[ 354/600] loss=8.2466  pred=true   gold=true  running‐acc=0.935
Locality eval: pred=n/a               gold=n/a  correct=True  running‐acc=0.319
[ 355/600] loss=8.0944  pred=true/false/n/a  gold=true  running‐acc=0.935
Locality eval: pred=false             gold=n/a  correct=False  running‐acc=0.318
[ 356/600] loss=5.0165  pred=true   gold=true  running‐acc=0.935
Locality eval: pred=false             gold=n/a  correct=False  running‐acc=0.317
[ 357/600] loss=7.2356  pred=true   gold=true  running‐acc=0.936
Locality eval: pred=false             gold=n/a  correct=False  running‐acc=0.317
[ 358/600] loss=6.5180  pred=n/a    gold=true  running‐acc=0.933
Locality eval: pred=false             gold=n/a  correct=False  running‐acc=0.316
[ 359/600] loss=8.8439  pred=true   gold=true  running‐acc=0.933
Locality eval: pred=false             gold=n/a  correct=False  running‐acc=0.315
[ 360/600] loss=5.2172  pred=n/a    gold=n/a  running‐acc=0.933
Locality eval: pred=n/a               gold=true  correct=False  running‐acc=0.314
[ 361/600] loss=8.7526  pred=true   gold=true  running‐acc=0.934
Locality eval: pred=n/a               gold=n/a  correct=True  running‐acc=0.316
[ 362/600] loss=9.0797  pred=true   gold=true  running‐acc=0.934
Locality eval: pred=true              gold=n/a  correct=False  running‐acc=0.315
[ 363/600] loss=6.2588  pred=n/a    gold=n/a  running‐acc=0.934
Locality eval: pred=true,             gold=true  correct=True  running‐acc=0.317
[ 364/600] loss=9.8133  pred=true   gold=true  running‐acc=0.934
Locality eval: pred=true              gold=n/a  correct=False  running‐acc=0.316
[ 365/600] loss=9.1585  pred=true   gold=true  running‐acc=0.934
Locality eval: pred=truefalse         gold=n/a  correct=False  running‐acc=0.315
[ 366/600] loss=7.3651  pred=n/a    gold=n/a  running‐acc=0.934
Locality eval: pred=true              gold=true  correct=True  running‐acc=0.317
[ 367/600] loss=6.7715  pred=n/a    gold=n/a  running‐acc=0.935
Locality eval: pred=true,             gold=true  correct=True  running‐acc=0.319
[ 368/600] loss=8.0008  pred=true   gold=true  running‐acc=0.935
Locality eval: pred=false             gold=n/a  correct=False  running‐acc=0.318
[ 369/600] loss=6.1244  pred=n/a    gold=n/a  running‐acc=0.935
Locality eval: pred=n/a               gold=true  correct=False  running‐acc=0.317
[ 370/600] loss=6.4410  pred=n/a    gold=n/a  running‐acc=0.935
Locality eval: pred=n/a               gold=true  correct=False  running‐acc=0.316
[ 371/600] loss=8.1251  pred=n/a    gold=true  running‐acc=0.933
Locality eval: pred=false             gold=n/a  correct=False  running‐acc=0.315
[ 372/600] loss=2.8450  pred=true夔  gold=true  running‐acc=0.933
Locality eval: pred=n/a               gold=n/a  correct=True  running‐acc=0.317
[ 373/600] loss=7.6315  pred=true   gold=true  running‐acc=0.933
Locality eval: pred=n/a               gold=n/a  correct=True  running‐acc=0.319
[ 374/600] loss=5.8932  pred=n/a    gold=n/a  running‐acc=0.933
Locality eval: pred=n/a               gold=true  correct=False  running‐acc=0.318
[ 375/600] loss=4.0096  pred=true   gold=true  running‐acc=0.933
Locality eval: pred=n/a               gold=n/a  correct=True  running‐acc=0.320
[ 376/600] loss=7.1965  pred=true   gold=true  running‐acc=0.934
Locality eval: pred=false             gold=n/a  correct=False  running‐acc=0.319
[ 377/600] loss=6.7218  pred=false  gold=true  running‐acc=0.931
Locality eval: pred=true              gold=n/a  correct=False  running‐acc=0.318
[ 378/600] loss=8.2839  pred=true   gold=true  running‐acc=0.931
Locality eval: pred=truefalse         gold=n/a  correct=False  running‐acc=0.317
[ 379/600] loss=7.1993  pred=true   gold=true  running‐acc=0.931
Locality eval: pred=false             gold=n/a  correct=False  running‐acc=0.317
[ 380/600] loss=5.4988  pred=true   gold=true  running‐acc=0.932
Locality eval: pred=true              gold=n/a  correct=False  running‐acc=0.316
[ 381/600] loss=6.6373  pred=n/a    gold=n/a  running‐acc=0.932
Locality eval: pred=true              gold=true  correct=True  running‐acc=0.318
[ 382/600] loss=7.1494  pred=n/a    gold=n/a  running‐acc=0.932
Locality eval: pred=n/a               gold=true  correct=False  running‐acc=0.317
[ 383/600] loss=5.0918  pred=true   gold=n/a  running‐acc=0.930
Locality eval: pred=true              gold=true  correct=True  running‐acc=0.319
[ 384/600] loss=6.0295  pred=n/a    gold=n/a  running‐acc=0.930
Locality eval: pred=n/a               gold=true  correct=False  running‐acc=0.318
[ 385/600] loss=9.7620  pred=true   gold=true  running‐acc=0.930
Locality eval: pred=true              gold=n/a  correct=False  running‐acc=0.317
[ 386/600] loss=5.7308  pred=true   gold=true  running‐acc=0.930
Locality eval: pred=false             gold=n/a  correct=False  running‐acc=0.316
[ 387/600] loss=7.2799  pred=n/a    gold=n/a  running‐acc=0.930
Locality eval: pred=true              gold=true  correct=True  running‐acc=0.318
[ 388/600] loss=8.0387  pred=true   gold=true  running‐acc=0.930
Locality eval: pred=n/a               gold=n/a  correct=True  running‐acc=0.320
[ 389/600] loss=5.5331  pred=n/a    gold=n/a  running‐acc=0.931
Locality eval: pred=n/a               gold=true  correct=False  running‐acc=0.319
[ 390/600] loss=6.0164  pred=true   gold=true  running‐acc=0.931
Locality eval: pred=n/a               gold=n/a  correct=True  running‐acc=0.321
[ 391/600] loss=8.0528  pred=true   gold=true  running‐acc=0.931
Locality eval: pred=n/a               gold=n/a  correct=True  running‐acc=0.322
[ 392/600] loss=5.8089  pred=n/a    gold=n/a  running‐acc=0.931
Locality eval: pred=n/a               gold=true  correct=False  running‐acc=0.321
[ 393/600] loss=5.5784  pred=n/a    gold=n/a  running‐acc=0.931
Locality eval: pred=true              gold=true  correct=True  running‐acc=0.323
[ 394/600] loss=6.9000  pred=n/a    gold=n/a  running‐acc=0.931
Locality eval: pred=true              gold=true  correct=True  running‐acc=0.325
[ 395/600] loss=10.0277  pred=true   gold=true  running‐acc=0.932
Locality eval: pred=true              gold=n/a  correct=False  running‐acc=0.324
[ 396/600] loss=9.9208  pred=true   gold=true  running‐acc=0.932
Locality eval: pred=n/a               gold=n/a  correct=True  running‐acc=0.326
[ 397/600] loss=7.0203  pred=n/a    gold=n/a  running‐acc=0.932
Locality eval: pred=n/a               gold=true  correct=False  running‐acc=0.325
[ 398/600] loss=9.2658  pred=true   gold=true  running‐acc=0.932
Locality eval: pred=true              gold=n/a  correct=False  running‐acc=0.324
[ 399/600] loss=6.5193  pred=n/a    gold=n/a  running‐acc=0.932
Locality eval: pred=n/a               gold=true  correct=False  running‐acc=0.323
[ 400/600] loss=7.0889  pred=true   gold=true  running‐acc=0.932
Locality eval: pred=true              gold=n/a  correct=False  running‐acc=0.323
[ 401/600] loss=8.3730  pred=n/a    gold=true  running‐acc=0.930
Locality eval: pred=n/a               gold=n/a  correct=True  running‐acc=0.324
[ 402/600] loss=7.4721  pred=false  gold=n/a  running‐acc=0.928
Locality eval: pred=n/a               gold=true  correct=False  running‐acc=0.323
[ 403/600] loss=10.1084  pred=true   gold=true  running‐acc=0.928
Locality eval: pred=true              gold=n/a  correct=False  running‐acc=0.323
[ 404/600] loss=9.2123  pred=true/false/n/a  gold=true  running‐acc=0.928
Locality eval: pred=true              gold=n/a  correct=False  running‐acc=0.322
[ 405/600] loss=6.3207  pred=n/a    gold=n/a  running‐acc=0.928
Locality eval: pred=n/a               gold=true  correct=False  running‐acc=0.321
[ 406/600] loss=5.7978  pred=n/a    gold=n/a  running‐acc=0.929
Locality eval: pred=n/a               gold=true  correct=False  running‐acc=0.320
[ 407/600] loss=4.9998  pred=true\n:1  gold=true  running‐acc=0.929
Locality eval: pred=n/a               gold=n/a  correct=True  running‐acc=0.322
[ 408/600] loss=6.4078  pred=n/a    gold=n/a  running‐acc=0.929
Locality eval: pred=n/a               gold=true  correct=False  running‐acc=0.321
[ 409/600] loss=8.6602  pred=false  gold=true  running‐acc=0.927
Locality eval: pred=false             gold=n/a  correct=False  running‐acc=0.320
[ 410/600] loss=6.4805  pred=n/a    gold=n/a  running‐acc=0.927
Locality eval: pred=n/a               gold=true  correct=False  running‐acc=0.320
[ 411/600] loss=6.7202  pred=true   gold=true  running‐acc=0.927
Locality eval: pred=n/a               gold=n/a  correct=True  running‐acc=0.321
[ 412/600] loss=7.3164  pred=true   gold=true  running‐acc=0.927
Locality eval: pred=false             gold=n/a  correct=False  running‐acc=0.320
[ 413/600] loss=8.8785  pred=true.  gold=true  running‐acc=0.927
Locality eval: pred=false             gold=n/a  correct=False  running‐acc=0.320
[ 414/600] loss=8.8467  pred=true   gold=true  running‐acc=0.928
Locality eval: pred=false             gold=n/a  correct=False  running‐acc=0.319
[ 415/600] loss=6.3834  pred=n/a    gold=n/a  running‐acc=0.928
Locality eval: pred=n/a               gold=true  correct=False  running‐acc=0.318
[ 416/600] loss=8.8067  pred=true.  gold=true  running‐acc=0.928
Locality eval: pred=truez             gold=n/a  correct=False  running‐acc=0.317
[ 417/600] loss=6.9573  pred=n/a    gold=n/a  running‐acc=0.928
Locality eval: pred=n/a               gold=true  correct=False  running‐acc=0.317
[ 418/600] loss=6.4819  pred=n/a    gold=n/a  running‐acc=0.928
Locality eval: pred=n/a               gold=true  correct=False  running‐acc=0.316
[ 419/600] loss=8.0705  pred=true.  gold=true  running‐acc=0.928
Locality eval: pred=false             gold=n/a  correct=False  running‐acc=0.315
[ 420/600] loss=7.4208  pred=false  gold=true  running‐acc=0.926
Locality eval: pred=true              gold=n/a  correct=False  running‐acc=0.314
[ 421/600] loss=8.3354  pred=truebay  gold=true  running‐acc=0.926
Locality eval: pred=false             gold=n/a  correct=False  running‐acc=0.314
[ 422/600] loss=8.3836  pred=true   gold=true  running‐acc=0.927
Locality eval: pred=n/a               gold=n/a  correct=True  running‐acc=0.315
[ 423/600] loss=8.4569  pred=true   gold=true  running‐acc=0.927
Locality eval: pred=n/a               gold=n/a  correct=True  running‐acc=0.317
[ 424/600] loss=6.6729  pred=n/a    gold=n/a  running‐acc=0.927
Locality eval: pred=n/a               gold=true  correct=False  running‐acc=0.316
[ 425/600] loss=6.4522  pred=false  gold=n/a  running‐acc=0.925
Locality eval: pred=true              gold=true  correct=True  running‐acc=0.318
[ 426/600] loss=6.3390  pred=n/a    gold=n/a  running‐acc=0.925
Locality eval: pred=n/a               gold=true  correct=False  running‐acc=0.317
[ 427/600] loss=8.7690  pred=true.  gold=true  running‐acc=0.925
Locality eval: pred=n/a               gold=n/a  correct=True  running‐acc=0.319
[ 428/600] loss=7.8777  pred=true   gold=true  running‐acc=0.925
Locality eval: pred=n/a               gold=n/a  correct=True  running‐acc=0.320
[ 429/600] loss=7.8834  pred=true   gold=true  running‐acc=0.925
Locality eval: pred=false             gold=n/a  correct=False  running‐acc=0.319
[ 430/600] loss=4.7598  pred=true   gold=n/a  running‐acc=0.923
Locality eval: pred=true              gold=true  correct=True  running‐acc=0.321
[ 431/600] loss=9.9089  pred=true   gold=true  running‐acc=0.923
Locality eval: pred=true              gold=n/a  correct=False  running‐acc=0.320
[ 432/600] loss=8.3650  pred=true   gold=true  running‐acc=0.924
Locality eval: pred=n/a               gold=n/a  correct=True  running‐acc=0.322
[ 433/600] loss=8.3183  pred=true   gold=true  running‐acc=0.924
Locality eval: pred=false             gold=n/a  correct=False  running‐acc=0.321
[ 434/600] loss=5.7881  pred=n/a    gold=n/a  running‐acc=0.924
Locality eval: pred=n/a               gold=true  correct=False  running‐acc=0.320
[ 435/600] loss=6.1908  pred=n/a    gold=n/a  running‐acc=0.924
Locality eval: pred=true              gold=true  correct=True  running‐acc=0.322
[ 436/600] loss=4.8578  pred=true   gold=true  running‐acc=0.924
Locality eval: pred=n/a               gold=n/a  correct=True  running‐acc=0.323
[ 437/600] loss=8.6565  pred=true   gold=true  running‐acc=0.924
Locality eval: pred=true              gold=n/a  correct=False  running‐acc=0.323
[ 438/600] loss=5.7720  pred=n/a    gold=n/a  running‐acc=0.925
Locality eval: pred=n/a               gold=true  correct=False  running‐acc=0.322
[ 439/600] loss=6.8649  pred=n/a    gold=n/a  running‐acc=0.925
Locality eval: pred=n/a               gold=true  correct=False  running‐acc=0.321
[ 440/600] loss=8.5577  pred=true   gold=true  running‐acc=0.925
Locality eval: pred=n/a               gold=n/a  correct=True  running‐acc=0.323
[ 441/600] loss=5.5600  pred=n/a    gold=n/a  running‐acc=0.925
Locality eval: pred=n/a               gold=true  correct=False  running‐acc=0.322
[ 442/600] loss=8.0130  pred=true   gold=true  running‐acc=0.925
Locality eval: pred=false             gold=n/a  correct=False  running‐acc=0.321
[ 443/600] loss=9.3635  pred=false  gold=true  running‐acc=0.923
Locality eval: pred=false             gold=n/a  correct=False  running‐acc=0.321
[ 444/600] loss=6.8601  pred=true   gold=true  running‐acc=0.923
Locality eval: pred=false             gold=n/a  correct=False  running‐acc=0.320
[ 445/600] loss=7.1527  pred=true   gold=true  running‐acc=0.924
Locality eval: pred=n/a               gold=n/a  correct=True  running‐acc=0.321
[ 446/600] loss=1.6173  pred=true   gold=true  running‐acc=0.924
Locality eval: pred=n/a               gold=n/a  correct=True  running‐acc=0.323
[ 447/600] loss=6.6744  pred=n/a    gold=true  running‐acc=0.922
Locality eval: pred=false             gold=n/a  correct=False  running‐acc=0.322
[ 448/600] loss=1.3831  pred=true   gold=true  running‐acc=0.922
Locality eval: pred=n/a               gold=n/a  correct=True  running‐acc=0.324
[ 449/600] loss=10.1384  pred=true   gold=true  running‐acc=0.922
Locality eval: pred=true              gold=n/a  correct=False  running‐acc=0.323
[ 450/600] loss=6.7497  pred=n/a    gold=n/a  running‐acc=0.922
Locality eval: pred=true              gold=true  correct=True  running‐acc=0.324
[ 451/600] loss=9.1761  pred=true   gold=true  running‐acc=0.922
Locality eval: pred=true              gold=n/a  correct=False  running‐acc=0.324
[ 452/600] loss=5.4575  pred=n/a    gold=n/a  running‐acc=0.923
Locality eval: pred=true.             gold=true  correct=True  running‐acc=0.325
[ 453/600] loss=6.0352  pred=n/a    gold=n/a  running‐acc=0.923
Locality eval: pred=n/a               gold=true  correct=False  running‐acc=0.325
[ 454/600] loss=4.3932  pred=n/a    gold=n/a  running‐acc=0.923
Locality eval: pred=true              gold=true  correct=True  running‐acc=0.326
[ 455/600] loss=8.7233  pred=true   gold=true  running‐acc=0.923
Locality eval: pred=true              gold=n/a  correct=False  running‐acc=0.325
[ 456/600] loss=6.0507  pred=n/a    gold=n/a  running‐acc=0.923
Locality eval: pred=true              gold=true  correct=True  running‐acc=0.327
[ 457/600] loss=5.5110  pred=n/a    gold=n/a  running‐acc=0.923
Locality eval: pred=n/a               gold=true  correct=False  running‐acc=0.326
[ 458/600] loss=7.1409  pred=n/a    gold=n/a  running‐acc=0.924
Locality eval: pred=true              gold=true  correct=True  running‐acc=0.328
[ 459/600] loss=7.6965  pred=true/false/n/a  gold=true  running‐acc=0.924
Locality eval: pred=n/a               gold=n/a  correct=True  running‐acc=0.329
[ 460/600] loss=5.4200  pred=true   gold=true  running‐acc=0.924
Locality eval: pred=false             gold=n/a  correct=False  running‐acc=0.328
[ 461/600] loss=6.9806  pred=n/a    gold=n/a  running‐acc=0.924
Locality eval: pred=n/a               gold=true  correct=False  running‐acc=0.328
[ 462/600] loss=2.4604  pred=n/a.   gold=n/a  running‐acc=0.924
Locality eval: pred=n/a               gold=true  correct=False  running‐acc=0.327
[ 463/600] loss=8.5406  pred=true   gold=true  running‐acc=0.924
Locality eval: pred=n/a               gold=n/a  correct=True  running‐acc=0.328
[ 464/600] loss=6.8516  pred=n/a    gold=n/a  running‐acc=0.925
Locality eval: pred=n/a               gold=true  correct=False  running‐acc=0.328
[ 465/600] loss=6.1722  pred=n/a    gold=n/a  running‐acc=0.925
Locality eval: pred=n/a               gold=true  correct=False  running‐acc=0.327
[ 466/600] loss=5.7844  pred=n/a    gold=n/a  running‐acc=0.925
Locality eval: pred=n/a               gold=true  correct=False  running‐acc=0.326
[ 467/600] loss=6.0080  pred=n/a    gold=n/a  running‐acc=0.925
Locality eval: pred=n/a               gold=true  correct=False  running‐acc=0.325
[ 468/600] loss=6.2140  pred=n/a    gold=n/a  running‐acc=0.925
Locality eval: pred=n/a               gold=true  correct=False  running‐acc=0.325
[ 469/600] loss=7.8302  pred=true   gold=true  running‐acc=0.925
Locality eval: pred=false             gold=n/a  correct=False  running‐acc=0.324
[ 470/600] loss=6.0425  pred=n/a    gold=n/a  running‐acc=0.926
Locality eval: pred=true              gold=true  correct=True  running‐acc=0.326
[ 471/600] loss=6.5155  pred=n/a    gold=n/a  running‐acc=0.926
Locality eval: pred=n/a               gold=true  correct=False  running‐acc=0.325
[ 472/600] loss=10.0384  pred=true   gold=true  running‐acc=0.926
Locality eval: pred=true              gold=n/a  correct=False  running‐acc=0.324
[ 473/600] loss=5.7579  pred=n/a    gold=n/a  running‐acc=0.926
Locality eval: pred=n/a               gold=true  correct=False  running‐acc=0.323
[ 474/600] loss=7.4723  pred=true   gold=true  running‐acc=0.926
Locality eval: pred=n/a               gold=n/a  correct=True  running‐acc=0.325
[ 475/600] loss=6.0397  pred=n/a    gold=n/a  running‐acc=0.926
Locality eval: pred=n/a               gold=true  correct=False  running‐acc=0.324
[ 476/600] loss=8.2379  pred=true   gold=true  running‐acc=0.926
Locality eval: pred=false             gold=n/a  correct=False  running‐acc=0.324
[ 477/600] loss=6.7985  pred=n/a    gold=n/a  running‐acc=0.927
Locality eval: pred=true              gold=true  correct=True  running‐acc=0.325
[ 478/600] loss=7.4799  pred=true   gold=true  running‐acc=0.927
Locality eval: pred=false             gold=n/a  correct=False  running‐acc=0.324
[ 479/600] loss=6.2234  pred=n/a    gold=n/a  running‐acc=0.927
Locality eval: pred=n/a               gold=true  correct=False  running‐acc=0.324
[ 480/600] loss=6.9094  pred=n/a    gold=n/a  running‐acc=0.927
Locality eval: pred=n/a               gold=true  correct=False  running‐acc=0.323
[ 481/600] loss=6.4426  pred=n/a    gold=n/a  running‐acc=0.927
Locality eval: pred=n/a               gold=true  correct=False  running‐acc=0.322
[ 482/600] loss=9.4255  pred=true   gold=true  running‐acc=0.927
Locality eval: pred=n/a               gold=n/a  correct=True  running‐acc=0.324
[ 483/600] loss=6.0337  pred=n/a    gold=n/a  running‐acc=0.928
Locality eval: pred=true.             gold=true  correct=True  running‐acc=0.325
[ 484/600] loss=6.4918  pred=n/a    gold=n/a  running‐acc=0.928
Locality eval: pred=n/a               gold=true  correct=False  running‐acc=0.324
[ 485/600] loss=5.2268  pred=n/a    gold=n/a  running‐acc=0.928
Locality eval: pred=true              gold=true  correct=True  running‐acc=0.326
[ 486/600] loss=6.7619  pred=n/a    gold=n/a  running‐acc=0.928
Locality eval: pred=n/a               gold=true  correct=False  running‐acc=0.325
[ 487/600] loss=7.2057  pred=n/a    gold=n/a  running‐acc=0.928
Locality eval: pred=n/a               gold=true  correct=False  running‐acc=0.324
[ 488/600] loss=6.5454  pred=n/a    gold=n/a  running‐acc=0.928
Locality eval: pred=n/a               gold=true  correct=False  running‐acc=0.324
[ 489/600] loss=5.9492  pred=n/a    gold=n/a  running‐acc=0.928
Locality eval: pred=true              gold=true  correct=True  running‐acc=0.325
[ 490/600] loss=6.6512  pred=n/a    gold=n/a  running‐acc=0.929
Locality eval: pred=true              gold=true  correct=True  running‐acc=0.327
[ 491/600] loss=2.0431  pred=n/a    gold=n/a  running‐acc=0.929
Locality eval: pred=true              gold=true  correct=True  running‐acc=0.328
[ 492/600] loss=7.9213  pred=true   gold=true  running‐acc=0.929
Locality eval: pred=n/a               gold=n/a  correct=True  running‐acc=0.329
[ 493/600] loss=5.3236  pred=n/a    gold=n/a  running‐acc=0.929
Locality eval: pred=true              gold=true  correct=True  running‐acc=0.331
[ 494/600] loss=6.2891  pred=n/a    gold=n/a  running‐acc=0.929
Locality eval: pred=n/a               gold=true  correct=False  running‐acc=0.330
[ 495/600] loss=6.2714  pred=n/a    gold=n/a  running‐acc=0.929
Locality eval: pred=n/a               gold=true  correct=False  running‐acc=0.329
[ 496/600] loss=3.8411  pred=n/a    gold=n/a  running‐acc=0.929
Locality eval: pred=n/a               gold=true  correct=False  running‐acc=0.329
[ 497/600] loss=7.0869  pred=true   gold=true  running‐acc=0.930
Locality eval: pred=true              gold=n/a  correct=False  running‐acc=0.328
[ 498/600] loss=8.7266  pred=true   gold=true  running‐acc=0.930
Locality eval: pred=false             gold=n/a  correct=False  running‐acc=0.327
[ 499/600] loss=5.3200  pred=n/a    gold=n/a  running‐acc=0.930
Locality eval: pred=true              gold=true  correct=True  running‐acc=0.329
[ 500/600] loss=4.7515  pred=n/a    gold=n/a  running‐acc=0.930
Locality eval: pred=n/a               gold=true  correct=False  running‐acc=0.328
[ 501/600] loss=4.9942  pred=n/a    gold=n/a  running‐acc=0.930
Locality eval: pred=n/a               gold=true  correct=False  running‐acc=0.327
[ 502/600] loss=1.5107  pred=n/a    gold=n/a  running‐acc=0.930
Locality eval: pred=true              gold=true  correct=True  running‐acc=0.329
[ 503/600] loss=7.3296  pred=true   gold=true  running‐acc=0.930
Locality eval: pred=true              gold=n/a  correct=False  running‐acc=0.328
[ 504/600] loss=6.5065  pred=false  gold=true  running‐acc=0.929
Locality eval: pred=n/a               gold=n/a  correct=True  running‐acc=0.329
[ 505/600] loss=8.6844  pred=true   gold=true  running‐acc=0.929
Locality eval: pred=true              gold=n/a  correct=False  running‐acc=0.329
[ 506/600] loss=8.4757  pred=false  gold=true  running‐acc=0.927
Locality eval: pred=false             gold=n/a  correct=False  running‐acc=0.328
[ 507/600] loss=8.0547  pred=true/false/n/a  gold=true  running‐acc=0.927
Locality eval: pred=true/false/n/a    gold=n/a  correct=True  running‐acc=0.329
[ 508/600] loss=7.8296  pred=true   gold=true  running‐acc=0.927
Locality eval: pred=false             gold=n/a  correct=False  running‐acc=0.329
[ 509/600] loss=10.1240  pred=true   gold=true  running‐acc=0.927
Locality eval: pred=true              gold=n/a  correct=False  running‐acc=0.328
[ 510/600] loss=9.1255  pred=true   gold=true  running‐acc=0.927
Locality eval: pred=true              gold=n/a  correct=False  running‐acc=0.327
[ 511/600] loss=7.1839  pred=n/a    gold=n/a  running‐acc=0.928
Locality eval: pred=true              gold=true  correct=True  running‐acc=0.329
[ 512/600] loss=7.5553  pred=true   gold=true  running‐acc=0.928
Locality eval: pred=false             gold=n/a  correct=False  running‐acc=0.328
[ 513/600] loss=5.5787  pred=n/a    gold=n/a  running‐acc=0.928
Locality eval: pred=n/a               gold=true  correct=False  running‐acc=0.327
[ 514/600] loss=7.2648  pred=true   gold=true  running‐acc=0.928
Locality eval: pred=false             gold=n/a  correct=False  running‐acc=0.327
[ 515/600] loss=6.2218  pred=n/a    gold=n/a  running‐acc=0.928
Locality eval: pred=n/a               gold=true  correct=False  running‐acc=0.326
[ 516/600] loss=6.7775  pred=n/a    gold=n/a  running‐acc=0.928
Locality eval: pred=true              gold=true  correct=True  running‐acc=0.328
[ 517/600] loss=6.0342  pred=n/a    gold=n/a  running‐acc=0.928
Locality eval: pred=n/a               gold=true  correct=False  running‐acc=0.327
[ 518/600] loss=6.8826  pred=n/a    gold=n/a  running‐acc=0.929
Locality eval: pred=n/a               gold=true  correct=False  running‐acc=0.326
[ 519/600] loss=9.5656  pred=true   gold=true  running‐acc=0.929
Locality eval: pred=true              gold=n/a  correct=False  running‐acc=0.326
[ 520/600] loss=8.0060  pred=true   gold=true  running‐acc=0.929
Locality eval: pred=false             gold=n/a  correct=False  running‐acc=0.325
[ 521/600] loss=7.2007  pred=true.  gold=true  running‐acc=0.929
Locality eval: pred=false             gold=n/a  correct=False  running‐acc=0.324
[ 522/600] loss=8.9783  pred=true.  gold=true  running‐acc=0.929
Locality eval: pred=true.             gold=n/a  correct=False  running‐acc=0.324
[ 523/600] loss=4.8153  pred=n/a    gold=n/a  running‐acc=0.929
Locality eval: pred=true              gold=true  correct=True  running‐acc=0.325
[ 524/600] loss=7.7286  pred=true.  gold=true  running‐acc=0.929
Locality eval: pred=false             gold=n/a  correct=False  running‐acc=0.324
[ 525/600] loss=7.8854  pred=true   gold=true  running‐acc=0.930
Locality eval: pred=false             gold=n/a  correct=False  running‐acc=0.324
[ 526/600] loss=7.8752  pred=true/false/n/a  gold=true  running‐acc=0.930
Locality eval: pred=n/a               gold=n/a  correct=True  running‐acc=0.325
[ 527/600] loss=4.7248  pred=n/a    gold=n/a  running‐acc=0.930
Locality eval: pred=n/a               gold=true  correct=False  running‐acc=0.324
[ 528/600] loss=8.7939  pred=true   gold=true  running‐acc=0.930
Locality eval: pred=true/false/n/a    gold=n/a  correct=True  running‐acc=0.326
[ 529/600] loss=5.6127  pred=n/a    gold=n/a  running‐acc=0.930
Locality eval: pred=n/a               gold=true  correct=False  running‐acc=0.325
[ 530/600] loss=9.9636  pred=true   gold=true  running‐acc=0.930
Locality eval: pred=true              gold=n/a  correct=False  running‐acc=0.325
[ 531/600] loss=6.7410  pred=n/a    gold=n/a  running‐acc=0.930
Locality eval: pred=n/a               gold=true  correct=False  running‐acc=0.324
[ 532/600] loss=6.3088  pred=true   gold=true  running‐acc=0.930
Locality eval: pred=n/a               gold=n/a  correct=True  running‐acc=0.325
[ 533/600] loss=5.3446  pred=n/a    gold=n/a  running‐acc=0.931
Locality eval: pred=n/a               gold=true  correct=False  running‐acc=0.325
[ 534/600] loss=8.6782  pred=true   gold=true  running‐acc=0.931
Locality eval: pred=false             gold=n/a  correct=False  running‐acc=0.324
[ 535/600] loss=7.9636  pred=true   gold=true  running‐acc=0.931
Locality eval: pred=false             gold=n/a  correct=False  running‐acc=0.323
[ 536/600] loss=6.8632  pred=true   gold=true  running‐acc=0.931
Locality eval: pred=n/a               gold=n/a  correct=True  running‐acc=0.325
[ 537/600] loss=5.1188  pred=n/a    gold=n/a  running‐acc=0.931
Locality eval: pred=n/a               gold=true  correct=False  running‐acc=0.324
[ 538/600] loss=10.1147  pred=true   gold=true  running‐acc=0.931
Locality eval: pred=false             gold=n/a  correct=False  running‐acc=0.323
[ 539/600] loss=9.4734  pred=true   gold=true  running‐acc=0.931
Locality eval: pred=false             gold=n/a  correct=False  running‐acc=0.323
[ 540/600] loss=6.1190  pred=n/a    gold=n/a  running‐acc=0.931
Locality eval: pred=false             gold=true  correct=False  running‐acc=0.322
[ 541/600] loss=4.7795  pred=n/a    gold=n/a  running‐acc=0.932
Locality eval: pred=n/a               gold=true  correct=False  running‐acc=0.322
[ 542/600] loss=6.9642  pred=n/a    gold=n/a  running‐acc=0.932
Locality eval: pred=n/a               gold=true  correct=False  running‐acc=0.321
[ 543/600] loss=6.6851  pred=n/a    gold=n/a  running‐acc=0.932
Locality eval: pred=n/a               gold=true  correct=False  running‐acc=0.320
[ 544/600] loss=5.1883  pred=n/a    gold=n/a  running‐acc=0.932
Locality eval: pred=n/a               gold=true  correct=False  running‐acc=0.320
[ 545/600] loss=7.7080  pred=n/a    gold=true  running‐acc=0.930
Locality eval: pred=n/a               gold=n/a  correct=True  running‐acc=0.321
[ 546/600] loss=6.3871  pred=n/a    gold=n/a  running‐acc=0.930
Locality eval: pred=n/a               gold=true  correct=False  running‐acc=0.321
[ 547/600] loss=9.5520  pred=true   gold=true  running‐acc=0.931
Locality eval: pred=true,             gold=n/a  correct=False  running‐acc=0.320
[ 548/600] loss=8.7299  pred=true   gold=true  running‐acc=0.931
Locality eval: pred=true              gold=n/a  correct=False  running‐acc=0.319
[ 549/600] loss=8.2992  pred=false  gold=true  running‐acc=0.929
Locality eval: pred=n/a               gold=n/a  correct=True  running‐acc=0.321
[ 550/600] loss=3.9164  pred=n/a    gold=n/a  running‐acc=0.929
Locality eval: pred=n/a               gold=true  correct=False  running‐acc=0.320
[ 551/600] loss=9.5401  pred=true   gold=true  running‐acc=0.929
Locality eval: pred=true              gold=n/a  correct=False  running‐acc=0.319
[ 552/600] loss=3.5648  pred=n/a    gold=n/a  running‐acc=0.929
Locality eval: pred=n/a               gold=true  correct=False  running‐acc=0.319
[ 553/600] loss=5.9356  pred=n/a    gold=n/a  running‐acc=0.929
Locality eval: pred=n/a               gold=true  correct=False  running‐acc=0.318
[ 554/600] loss=8.7955  pred=true.  gold=true  running‐acc=0.930
Locality eval: pred=false             gold=n/a  correct=False  running‐acc=0.318
[ 555/600] loss=6.0645  pred=n/a    gold=n/a  running‐acc=0.930
Locality eval: pred=n/a               gold=true  correct=False  running‐acc=0.317
[ 556/600] loss=5.8240  pred=n/a    gold=n/a  running‐acc=0.930
Locality eval: pred=n/a               gold=true  correct=False  running‐acc=0.317
[ 557/600] loss=6.2762  pred=n/a    gold=n/a  running‐acc=0.930
Locality eval: pred=n/a               gold=true  correct=False  running‐acc=0.316
[ 558/600] loss=5.6771  pred=true,  gold=true  running‐acc=0.930
Locality eval: pred=n/a               gold=n/a  correct=True  running‐acc=0.317
[ 559/600] loss=2.3769  pred=true   gold=true  running‐acc=0.930
Locality eval: pred=n/a               gold=n/a  correct=True  running‐acc=0.318
[ 560/600] loss=5.7377  pred=n/a    gold=n/a  running‐acc=0.930
Locality eval: pred=n/a               gold=true  correct=False  running‐acc=0.318
[ 561/600] loss=9.0757  pred=true   gold=true  running‐acc=0.930
Locality eval: pred=true              gold=n/a  correct=False  running‐acc=0.317
[ 562/600] loss=8.4258  pred=true   gold=true  running‐acc=0.931
Locality eval: pred=false             gold=n/a  correct=False  running‐acc=0.317
[ 563/600] loss=6.3417  pred=n/a    gold=n/a  running‐acc=0.931
Locality eval: pred=n/a               gold=true  correct=False  running‐acc=0.316
[ 564/600] loss=9.1451  pred=true   gold=true  running‐acc=0.931
Locality eval: pred=true/false/n/a    gold=n/a  correct=True  running‐acc=0.317
[ 565/600] loss=6.6036  pred=n/a    gold=n/a  running‐acc=0.931
Locality eval: pred=n/a               gold=true  correct=False  running‐acc=0.317
[ 566/600] loss=6.7687  pred=false  gold=true  running‐acc=0.929
Locality eval: pred=false             gold=n/a  correct=False  running‐acc=0.316
[ 567/600] loss=9.8152  pred=true   gold=true  running‐acc=0.929
Locality eval: pred=true              gold=n/a  correct=False  running‐acc=0.316
[ 568/600] loss=6.2483  pred=n/a    gold=n/a  running‐acc=0.930
Locality eval: pred=n/a               gold=true  correct=False  running‐acc=0.315
[ 569/600] loss=9.6472  pred=true   gold=true  running‐acc=0.930
Locality eval: pred=true              gold=n/a  correct=False  running‐acc=0.315
[ 570/600] loss=8.1888  pred=true   gold=true  running‐acc=0.930
Locality eval: pred=n/a               gold=n/a  correct=True  running‐acc=0.316
[ 571/600] loss=7.3678  pred=true   gold=true  running‐acc=0.930
Locality eval: pred=n/a               gold=n/a  correct=True  running‐acc=0.317
[ 572/600] loss=8.9285  pred=true.  gold=true  running‐acc=0.930
Locality eval: pred=false             gold=n/a  correct=False  running‐acc=0.316
[ 573/600] loss=8.8317  pred=true.  gold=true  running‐acc=0.930
Locality eval: pred=false             gold=n/a  correct=False  running‐acc=0.316
[ 574/600] loss=9.9234  pred=true   gold=true  running‐acc=0.930
Locality eval: pred=true              gold=n/a  correct=False  running‐acc=0.315
[ 575/600] loss=8.7358  pred=true   gold=true  running‐acc=0.930
Locality eval: pred=false             gold=n/a  correct=False  running‐acc=0.315
[ 576/600] loss=9.8682  pred=true   gold=true  running‐acc=0.931
Locality eval: pred=true              gold=n/a  correct=False  running‐acc=0.314
[ 577/600] loss=6.9304  pred=truefalse  gold=true  running‐acc=0.931
Locality eval: pred=n/a               gold=n/a  correct=True  running‐acc=0.315
[ 578/600] loss=5.5003  pred=n/a    gold=n/a  running‐acc=0.931
Locality eval: pred=n/a               gold=true  correct=False  running‐acc=0.315
[ 579/600] loss=9.9834  pred=true   gold=true  running‐acc=0.931
Locality eval: pred=true              gold=n/a  correct=False  running‐acc=0.314
[ 580/600] loss=7.1926  pred=n/a    gold=n/a  running‐acc=0.931
Locality eval: pred=true              gold=true  correct=True  running‐acc=0.316
[ 581/600] loss=7.0395  pred=n/a    gold=n/a  running‐acc=0.931
Locality eval: pred=n/a               gold=true  correct=False  running‐acc=0.315
[ 582/600] loss=6.0807  pred=n/a    gold=n/a  running‐acc=0.931
Locality eval: pred=n/a               gold=true  correct=False  running‐acc=0.314
[ 583/600] loss=7.1435  pred=n/a    gold=n/a  running‐acc=0.931
Locality eval: pred=true              gold=true  correct=True  running‐acc=0.316
[ 584/600] loss=6.2064  pred=n/a    gold=n/a  running‐acc=0.932
Locality eval: pred=true              gold=true  correct=True  running‐acc=0.317
[ 585/600] loss=7.4370  pred=n/a    gold=n/a  running‐acc=0.932
Locality eval: pred=n/a               gold=true  correct=False  running‐acc=0.316
[ 586/600] loss=2.3177  pred=n/a    gold=n/a  running‐acc=0.932
Locality eval: pred=true              gold=true  correct=True  running‐acc=0.317
[ 587/600] loss=8.6386  pred=true   gold=true  running‐acc=0.932
Locality eval: pred=n/a               gold=n/a  correct=True  running‐acc=0.319
[ 588/600] loss=7.9136  pred=n/a    gold=true  running‐acc=0.930
Locality eval: pred=false             gold=n/a  correct=False  running‐acc=0.318
[ 589/600] loss=8.2902  pred=true   gold=true  running‐acc=0.930
Locality eval: pred=n/a               gold=n/a  correct=True  running‐acc=0.319
[ 590/600] loss=7.8905  pred=true.  gold=true  running‐acc=0.931
Locality eval: pred=false             gold=n/a  correct=False  running‐acc=0.319
[ 591/600] loss=7.1370  pred=true   gold=true  running‐acc=0.931
Locality eval: pred=true              gold=n/a  correct=False  running‐acc=0.318
[ 592/600] loss=5.9084  pred=false  gold=n/a  running‐acc=0.929
Locality eval: pred=n/a               gold=true  correct=False  running‐acc=0.318
[ 593/600] loss=7.4567  pred=true   gold=true  running‐acc=0.929
Locality eval: pred=false             gold=n/a  correct=False  running‐acc=0.317
[ 594/600] loss=2.1820  pred=n/a.   gold=n/a  running‐acc=0.929
Locality eval: pred=n/a               gold=true  correct=False  running‐acc=0.316
[ 595/600] loss=6.1884  pred=n/a    gold=true  running‐acc=0.928
Locality eval: pred=true              gold=n/a  correct=False  running‐acc=0.316
[ 596/600] loss=5.7943  pred=n/a    gold=n/a  running‐acc=0.928
Locality eval: pred=true              gold=true  correct=True  running‐acc=0.317
[ 597/600] loss=6.7641  pred=n/a    gold=n/a  running‐acc=0.928
Locality eval: pred=true              gold=true  correct=True  running‐acc=0.318
[ 598/600] loss=7.2946  pred=true/false/n/a  gold=true  running‐acc=0.928
Locality eval: pred=n/a               gold=n/a  correct=True  running‐acc=0.319
[ 599/600] loss=7.2033  pred=true.  gold=true  running‐acc=0.928
Locality eval: pred=true              gold=n/a  correct=False  running‐acc=0.319
[ 600/600] loss=7.1074  pred=n/a    gold=n/a  running‐acc=0.928
Locality eval: pred=n/a               gold=true  correct=False  running‐acc=0.318

Finished in 2353.2s.  Final accuracy: 0.928.

