Sliding Window Attention is enabled but not implemented for `sdpa`; unexpected results may be encountered.

Loading base model (4‐bit)…
Loading checkpoint shards:   0%|          | 0/4 [00:00<?, ?it/s]Loading checkpoint shards:  25%|██▌       | 1/4 [00:06<00:18,  6.30s/it]Loading checkpoint shards:  50%|█████     | 2/4 [00:14<00:14,  7.14s/it]Loading checkpoint shards:  75%|███████▌  | 3/4 [00:22<00:07,  7.59s/it]Loading checkpoint shards: 100%|██████████| 4/4 [00:27<00:00,  6.79s/it]Loading checkpoint shards: 100%|██████████| 4/4 [00:27<00:00,  6.93s/it]
trainable params: 5,046,272 || all params: 7,620,662,784 || trainable%: 0.0662
  0%|          | 0/600 [00:00<?, ?it/s]100%|██████████| 600/600 [00:00<00:00, 21760.33it/s]
/project/uvadm/zhenyu/miniconda3/envs/mechanistic/lib/python3.10/site-packages/transformers/generation/configuration_utils.py:631: UserWarning: `do_sample` is set to `False`. However, `temperature` is set to `0.7` -- this flag is only used in sample-based generation modes. You should set `do_sample=True` or unset `temperature`.
  warnings.warn(
/project/uvadm/zhenyu/miniconda3/envs/mechanistic/lib/python3.10/site-packages/transformers/generation/configuration_utils.py:636: UserWarning: `do_sample` is set to `False`. However, `top_p` is set to `0.8` -- this flag is only used in sample-based generation modes. You should set `do_sample=True` or unset `top_p`.
  warnings.warn(
/project/uvadm/zhenyu/miniconda3/envs/mechanistic/lib/python3.10/site-packages/transformers/generation/configuration_utils.py:653: UserWarning: `do_sample` is set to `False`. However, `top_k` is set to `20` -- this flag is only used in sample-based generation modes. You should set `do_sample=True` or unset `top_k`.
  warnings.warn(
Loaded 600 (train, eval) pairs.

Starting sequential training…
Cached 112 LoRA tensors.
[   1/600] loss=0.0525  pred=true   gold=true  running‐acc=1.000
Locality eval: pred=true              gold=n/a  correct=False  running‐acc=0.000
[   2/600] loss=0.1498  pred=true   gold=true  running‐acc=1.000
Locality eval: pred=n/a               gold=n/a  correct=True  running‐acc=0.500
[   3/600] loss=0.0318  pred=true   gold=true  running‐acc=1.000
Locality eval: pred=false             gold=n/a  correct=False  running‐acc=0.333
[   4/600] loss=0.0568  pred=true   gold=true  running‐acc=1.000
Locality eval: pred=false             gold=n/a  correct=False  running‐acc=0.250
[   5/600] loss=0.1822  pred=true   gold=true  running‐acc=1.000
Locality eval: pred=n/a               gold=n/a  correct=True  running‐acc=0.400
[   6/600] loss=0.2035  pred=true   gold=true  running‐acc=1.000
Locality eval: pred=true              gold=n/a  correct=False  running‐acc=0.333
[   7/600] loss=0.2489  pred=n/a    gold=n/a  running‐acc=1.000
Locality eval: pred=true              gold=true  correct=True  running‐acc=0.429
[   8/600] loss=0.3115  pred=n/a    gold=n/a  running‐acc=1.000
Locality eval: pred=true.             gold=true  correct=True  running‐acc=0.500
[   9/600] loss=0.1616  pred=       gold=true  running‐acc=0.889
Locality eval: pred=true              gold=n/a  correct=False  running‐acc=0.444
[  10/600] loss=0.1566  pred=true   gold=true  running‐acc=0.900
Locality eval: pred=n/a               gold=n/a  correct=True  running‐acc=0.500
[  11/600] loss=0.4108  pred=false  gold=true  running‐acc=0.818
Locality eval: pred=true              gold=n/a  correct=False  running‐acc=0.455
[  12/600] loss=0.0898  pred=true   gold=true  running‐acc=0.833
Locality eval: pred=false             gold=n/a  correct=False  running‐acc=0.417
[  13/600] loss=0.2042  pred=false  gold=n/a  running‐acc=0.769
Locality eval: pred=true              gold=true  correct=True  running‐acc=0.462
[  14/600] loss=0.1898  pred=n/a    gold=n/a  running‐acc=0.786
Locality eval: pred=true              gold=true  correct=True  running‐acc=0.500
[  15/600] loss=0.0256  pred=true   gold=true  running‐acc=0.800
Locality eval: pred=n/a               gold=n/a  correct=True  running‐acc=0.533
[  16/600] loss=0.6405  pred=n/a    gold=n/a  running‐acc=0.812
Locality eval: pred=true              gold=true  correct=True  running‐acc=0.562
[  17/600] loss=0.3314  pred=n/a    gold=n/a  running‐acc=0.824
Locality eval: pred=true              gold=true  correct=True  running‐acc=0.588
[  18/600] loss=0.0204  pred=true   gold=true  running‐acc=0.833
Locality eval: pred=false             gold=n/a  correct=False  running‐acc=0.556
[  19/600] loss=0.1787  pred=true   gold=true  running‐acc=0.842
Locality eval: pred=                  gold=n/a  correct=False  running‐acc=0.526
[  20/600] loss=0.1483  pred=n/a    gold=n/a  running‐acc=0.850
Locality eval: pred=true              gold=true  correct=True  running‐acc=0.550
[  21/600] loss=0.4799  pred=n/a    gold=n/a  running‐acc=0.857
Locality eval: pred=true              gold=true  correct=True  running‐acc=0.571
[  22/600] loss=0.2548  pred=n/a    gold=n/a  running‐acc=0.864
Locality eval: pred=true              gold=true  correct=True  running‐acc=0.591
[  23/600] loss=0.3875  pred=n/a    gold=n/a  running‐acc=0.870
Locality eval: pred=true              gold=true  correct=True  running‐acc=0.609
[  24/600] loss=0.1306  pred=n/a    gold=n/a  running‐acc=0.875
Locality eval: pred=true              gold=true  correct=True  running‐acc=0.625
[  25/600] loss=0.1305  pred=true   gold=true  running‐acc=0.880
Locality eval: pred=n/a               gold=n/a  correct=True  running‐acc=0.640
[  26/600] loss=0.3887  pred=n/a    gold=n/a  running‐acc=0.885
Locality eval: pred=true              gold=true  correct=True  running‐acc=0.654
[  27/600] loss=0.2035  pred=n/a    gold=n/a  running‐acc=0.889
Locality eval: pred=true.             gold=true  correct=True  running‐acc=0.667
[  28/600] loss=0.3145  pred=true   gold=n/a  running‐acc=0.857
Locality eval: pred=true              gold=true  correct=True  running‐acc=0.679
[  29/600] loss=0.0925  pred=n/a    gold=n/a  running‐acc=0.862
Locality eval: pred=n/a               gold=true  correct=False  running‐acc=0.655
[  30/600] loss=0.6025  pred=n/a    gold=n/a  running‐acc=0.867
Locality eval: pred=true              gold=true  correct=True  running‐acc=0.667
[  31/600] loss=0.0322  pred=true   gold=true  running‐acc=0.871
Locality eval: pred=true              gold=n/a  correct=False  running‐acc=0.645
[  32/600] loss=0.1061  pred=n/a    gold=n/a  running‐acc=0.875
Locality eval: pred=true              gold=true  correct=True  running‐acc=0.656
[  33/600] loss=0.3144  pred=false.  gold=n/a  running‐acc=0.848
Locality eval: pred=true              gold=true  correct=True  running‐acc=0.667
[  34/600] loss=0.5946  pred=n/a    gold=n/a  running‐acc=0.853
Locality eval: pred=true.             gold=true  correct=True  running‐acc=0.676
[  35/600] loss=0.0893  pred=n/a    gold=true  running‐acc=0.829
Locality eval: pred=n/a               gold=n/a  correct=True  running‐acc=0.686
[  36/600] loss=0.0804  pred=n/a    gold=n/a  running‐acc=0.833
Locality eval: pred=true              gold=true  correct=True  running‐acc=0.694
[  37/600] loss=0.0775  pred=true   gold=true  running‐acc=0.838
Locality eval: pred=true              gold=n/a  correct=False  running‐acc=0.676
[  38/600] loss=0.1492  pred=n/a    gold=n/a  running‐acc=0.842
Locality eval: pred=true              gold=true  correct=True  running‐acc=0.684
[  39/600] loss=0.3849  pred=true   gold=true  running‐acc=0.846
Locality eval: pred=n/a               gold=n/a  correct=True  running‐acc=0.692
[  40/600] loss=0.0862  pred=true   gold=true  running‐acc=0.850
Locality eval: pred=n/a               gold=n/a  correct=True  running‐acc=0.700
[  41/600] loss=0.0373  pred=true   gold=true  running‐acc=0.854
Locality eval: pred=false             gold=n/a  correct=False  running‐acc=0.683
[  42/600] loss=0.2353  pred=n/a    gold=n/a  running‐acc=0.857
Locality eval: pred=true              gold=true  correct=True  running‐acc=0.690
[  43/600] loss=0.0006  pred=true   gold=true  running‐acc=0.860
Locality eval: pred=false.            gold=n/a  correct=False  running‐acc=0.674
[  44/600] loss=0.2208  pred=n/a    gold=n/a  running‐acc=0.864
Locality eval: pred=true              gold=true  correct=True  running‐acc=0.682
[  45/600] loss=0.3864  pred=n/a    gold=n/a  running‐acc=0.867
Locality eval: pred=true              gold=true  correct=True  running‐acc=0.689
[  46/600] loss=0.0701  pred=true   gold=true  running‐acc=0.870
Locality eval: pred=false             gold=n/a  correct=False  running‐acc=0.674
[  47/600] loss=0.0035  pred=true   gold=true  running‐acc=0.872
Locality eval: pred=true.             gold=n/a  correct=False  running‐acc=0.660
[  48/600] loss=0.5812  pred=n/a    gold=n/a  running‐acc=0.875
Locality eval: pred=true              gold=true  correct=True  running‐acc=0.667
[  49/600] loss=0.0865  pred=true   gold=true  running‐acc=0.878
Locality eval: pred=n/a               gold=n/a  correct=True  running‐acc=0.673
[  50/600] loss=0.2474  pred=n/a    gold=n/a  running‐acc=0.880
Locality eval: pred=                  gold=true  correct=False  running‐acc=0.660
[  51/600] loss=0.0648  pred=true   gold=true  running‐acc=0.882
Locality eval: pred=n/a               gold=n/a  correct=True  running‐acc=0.667
[  52/600] loss=0.0242  pred=true   gold=true  running‐acc=0.885
Locality eval: pred=false             gold=n/a  correct=False  running‐acc=0.654
[  53/600] loss=0.2403  pred=n/a    gold=n/a  running‐acc=0.887
Locality eval: pred=true              gold=true  correct=True  running‐acc=0.660
[  54/600] loss=0.1621  pred=true   gold=true  running‐acc=0.889
Locality eval: pred=true              gold=n/a  correct=False  running‐acc=0.648
[  55/600] loss=0.1723  pred=n/a    gold=n/a  running‐acc=0.891
Locality eval: pred=true              gold=true  correct=True  running‐acc=0.655
[  56/600] loss=0.1335  pred=n/a    gold=n/a  running‐acc=0.893
Locality eval: pred=true              gold=true  correct=True  running‐acc=0.661
[  57/600] loss=0.0309  pred=true   gold=true  running‐acc=0.895
Locality eval: pred=true              gold=n/a  correct=False  running‐acc=0.649
[  58/600] loss=0.0502  pred=true   gold=true  running‐acc=0.897
Locality eval: pred=true              gold=n/a  correct=False  running‐acc=0.638
[  59/600] loss=0.0124  pred=true   gold=true  running‐acc=0.898
Locality eval: pred=false             gold=n/a  correct=False  running‐acc=0.627
[  60/600] loss=0.0009  pred=true   gold=true  running‐acc=0.900
Locality eval: pred=n/a               gold=n/a  correct=True  running‐acc=0.633
[  61/600] loss=0.1916  pred=true   gold=true  running‐acc=0.902
Locality eval: pred=false             gold=n/a  correct=False  running‐acc=0.623
[  62/600] loss=0.1117  pred=n/a    gold=true  running‐acc=0.887
Locality eval: pred=n/a               gold=n/a  correct=True  running‐acc=0.629
[  63/600] loss=0.1438  pred=n/a    gold=n/a  running‐acc=0.889
Locality eval: pred=                  gold=true  correct=False  running‐acc=0.619
[  64/600] loss=0.5281  pred=false  gold=n/a  running‐acc=0.875
Locality eval: pred=                  gold=true  correct=False  running‐acc=0.609
[  65/600] loss=0.2262  pred=n/a    gold=n/a  running‐acc=0.877
Locality eval: pred=true              gold=true  correct=True  running‐acc=0.615
[  66/600] loss=0.0453  pred=true   gold=true  running‐acc=0.879
Locality eval: pred=true              gold=n/a  correct=False  running‐acc=0.606
[  67/600] loss=0.0086  pred=true   gold=true  running‐acc=0.881
Locality eval: pred=false             gold=n/a  correct=False  running‐acc=0.597
[  68/600] loss=0.2295  pred=true   gold=true  running‐acc=0.882
Locality eval: pred=true              gold=n/a  correct=False  running‐acc=0.588
[  69/600] loss=0.5751  pred=n/a    gold=n/a  running‐acc=0.884
Locality eval: pred=n/a               gold=true  correct=False  running‐acc=0.580
[  70/600] loss=0.0494  pred=n/a    gold=n/a  running‐acc=0.886
Locality eval: pred=true              gold=true  correct=True  running‐acc=0.586
[  71/600] loss=0.4102  pred=n/a    gold=n/a  running‐acc=0.887
Locality eval: pred=true              gold=true  correct=True  running‐acc=0.592
[  72/600] loss=0.3463  pred=n/a    gold=n/a  running‐acc=0.889
Locality eval: pred=true              gold=true  correct=True  running‐acc=0.597
[  73/600] loss=0.0894  pred=true   gold=true  running‐acc=0.890
Locality eval: pred=false             gold=n/a  correct=False  running‐acc=0.589
[  74/600] loss=0.3649  pred=n/a    gold=n/a  running‐acc=0.892
Locality eval: pred=true              gold=true  correct=True  running‐acc=0.595
[  75/600] loss=0.2423  pred=n/a    gold=n/a  running‐acc=0.893
Locality eval: pred=true              gold=true  correct=True  running‐acc=0.600
[  76/600] loss=0.1805  pred=true   gold=true  running‐acc=0.895
Locality eval: pred=true              gold=n/a  correct=False  running‐acc=0.592
[  77/600] loss=0.1258  pred=true   gold=true  running‐acc=0.896
Locality eval: pred=n/a               gold=n/a  correct=True  running‐acc=0.597
[  78/600] loss=0.2038  pred=n/a    gold=n/a  running‐acc=0.897
Locality eval: pred=true              gold=true  correct=True  running‐acc=0.603
[  79/600] loss=0.1066  pred=true   gold=true  running‐acc=0.899
Locality eval: pred=false             gold=n/a  correct=False  running‐acc=0.595
[  80/600] loss=0.3065  pred=false  gold=n/a  running‐acc=0.887
Locality eval: pred=true              gold=true  correct=True  running‐acc=0.600
[  81/600] loss=0.4321  pred=       gold=n/a  running‐acc=0.877
Locality eval: pred=true              gold=true  correct=True  running‐acc=0.605
[  82/600] loss=0.2241  pred=true   gold=true  running‐acc=0.878
Locality eval: pred=true              gold=n/a  correct=False  running‐acc=0.598
[  83/600] loss=0.2181  pred=true   gold=n/a  running‐acc=0.867
Locality eval: pred=true              gold=true  correct=True  running‐acc=0.602
[  84/600] loss=0.3242  pred=true   gold=true  running‐acc=0.869
Locality eval: pred=true              gold=n/a  correct=False  running‐acc=0.595
[  85/600] loss=0.0973  pred=n/a    gold=n/a  running‐acc=0.871
Locality eval: pred=true              gold=true  correct=True  running‐acc=0.600
[  86/600] loss=0.1004  pred=n/a    gold=n/a  running‐acc=0.872
Locality eval: pred=true.             gold=true  correct=True  running‐acc=0.605
[  87/600] loss=0.3843  pred=n/a    gold=n/a  running‐acc=0.874
Locality eval: pred=true.             gold=true  correct=True  running‐acc=0.609
[  88/600] loss=0.5818  pred=true   gold=true  running‐acc=0.875
Locality eval: pred=n/a               gold=n/a  correct=True  running‐acc=0.614
[  89/600] loss=0.0300  pred=true   gold=true  running‐acc=0.876
Locality eval: pred=true              gold=n/a  correct=False  running‐acc=0.607
[  90/600] loss=0.0335  pred=n/a    gold=n/a  running‐acc=0.878
Locality eval: pred=true              gold=true  correct=True  running‐acc=0.611
[  91/600] loss=0.0213  pred=n/a    gold=n/a  running‐acc=0.879
Locality eval: pred=true.             gold=true  correct=True  running‐acc=0.615
[  92/600] loss=0.0092  pred=false  gold=true  running‐acc=0.870
Locality eval: pred=n/a               gold=n/a  correct=True  running‐acc=0.620
[  93/600] loss=0.3167  pred=n/a    gold=n/a  running‐acc=0.871
Locality eval: pred=true              gold=true  correct=True  running‐acc=0.624
[  94/600] loss=0.6039  pred=n/a    gold=n/a  running‐acc=0.872
Locality eval: pred=true              gold=true  correct=True  running‐acc=0.628
[  95/600] loss=0.0234  pred=true   gold=true  running‐acc=0.874
Locality eval: pred=n/a               gold=n/a  correct=True  running‐acc=0.632
[  96/600] loss=0.0812  pred=n/a    gold=n/a  running‐acc=0.875
Locality eval: pred=true              gold=true  correct=True  running‐acc=0.635
[  97/600] loss=0.0271  pred=n/a    gold=n/a  running‐acc=0.876
Locality eval: pred=true.             gold=true  correct=True  running‐acc=0.639
[  98/600] loss=0.6737  pred=       gold=n/a  running‐acc=0.867
Locality eval: pred=true              gold=true  correct=True  running‐acc=0.643
[  99/600] loss=0.0137  pred=true   gold=true  running‐acc=0.869
Locality eval: pred=n/a               gold=n/a  correct=True  running‐acc=0.646
[ 100/600] loss=0.2317  pred=true   gold=true  running‐acc=0.870
Locality eval: pred=n/a               gold=n/a  correct=True  running‐acc=0.650
[ 101/600] loss=0.0776  pred=n/a    gold=n/a  running‐acc=0.871
Locality eval: pred=true              gold=true  correct=True  running‐acc=0.653
[ 102/600] loss=0.0577  pred=true   gold=true  running‐acc=0.873
Locality eval: pred=true              gold=n/a  correct=False  running‐acc=0.647
[ 103/600] loss=0.3186  pred=n/a    gold=n/a  running‐acc=0.874
Locality eval: pred=true              gold=true  correct=True  running‐acc=0.650
[ 104/600] loss=0.0457  pred=true   gold=true  running‐acc=0.875
Locality eval: pred=true              gold=n/a  correct=False  running‐acc=0.644
[ 105/600] loss=0.0167  pred=true   gold=true  running‐acc=0.876
Locality eval: pred=n/a               gold=n/a  correct=True  running‐acc=0.648
[ 106/600] loss=0.0110  pred=true   gold=true  running‐acc=0.877
Locality eval: pred=n/a               gold=n/a  correct=True  running‐acc=0.651
[ 107/600] loss=0.0045  pred=true   gold=true  running‐acc=0.879
Locality eval: pred=false             gold=n/a  correct=False  running‐acc=0.645
[ 108/600] loss=0.0059  pred=true   gold=true  running‐acc=0.880
Locality eval: pred=n/a               gold=n/a  correct=True  running‐acc=0.648
[ 109/600] loss=0.0127  pred=true   gold=true  running‐acc=0.881
Locality eval: pred=true              gold=n/a  correct=False  running‐acc=0.642
[ 110/600] loss=0.0222  pred=true   gold=true  running‐acc=0.882
Locality eval: pred=false             gold=n/a  correct=False  running‐acc=0.636
[ 111/600] loss=0.0148  pred=true   gold=true  running‐acc=0.883
Locality eval: pred=n/a               gold=n/a  correct=True  running‐acc=0.640
[ 112/600] loss=0.0498  pred=true   gold=true  running‐acc=0.884
Locality eval: pred=false             gold=n/a  correct=False  running‐acc=0.634
[ 113/600] loss=0.0486  pred=n/a    gold=n/a  running‐acc=0.885
Locality eval: pred=true              gold=true  correct=True  running‐acc=0.637
[ 114/600] loss=0.0910  pred=       gold=n/a  running‐acc=0.877
Locality eval: pred=true.             gold=true  correct=True  running‐acc=0.640
[ 115/600] loss=0.1941  pred=n/a    gold=n/a  running‐acc=0.878
Locality eval: pred=true              gold=true  correct=True  running‐acc=0.643
[ 116/600] loss=0.0294  pred=true   gold=true  running‐acc=0.879
Locality eval: pred=true              gold=n/a  correct=False  running‐acc=0.638
[ 117/600] loss=0.0932  pred=n/a    gold=n/a  running‐acc=0.880
Locality eval: pred=true              gold=true  correct=True  running‐acc=0.641
[ 118/600] loss=0.3783  pred=n/a    gold=n/a  running‐acc=0.881
Locality eval: pred=n/a               gold=true  correct=False  running‐acc=0.636
[ 119/600] loss=0.3484  pred=n/a    gold=n/a  running‐acc=0.882
Locality eval: pred=true              gold=true  correct=True  running‐acc=0.639
[ 120/600] loss=0.1390  pred=false  gold=n/a  running‐acc=0.875
Locality eval: pred=true              gold=true  correct=True  running‐acc=0.642
[ 121/600] loss=0.0189  pred=true   gold=true  running‐acc=0.876
Locality eval: pred=false.            gold=n/a  correct=False  running‐acc=0.636
[ 122/600] loss=0.0906  pred=true   gold=true  running‐acc=0.877
Locality eval: pred=true              gold=n/a  correct=False  running‐acc=0.631
[ 123/600] loss=0.2399  pred=n/a    gold=n/a  running‐acc=0.878
Locality eval: pred=true              gold=true  correct=True  running‐acc=0.634
[ 124/600] loss=0.4965  pred=n/a    gold=n/a  running‐acc=0.879
Locality eval: pred=true              gold=true  correct=True  running‐acc=0.637
[ 125/600] loss=0.4631  pred=true   gold=n/a  running‐acc=0.872
Locality eval: pred=true              gold=true  correct=True  running‐acc=0.640
[ 126/600] loss=0.0811  pred=true   gold=true  running‐acc=0.873
Locality eval: pred=true              gold=n/a  correct=False  running‐acc=0.635
[ 127/600] loss=0.0609  pred=true   gold=true  running‐acc=0.874
Locality eval: pred=true              gold=n/a  correct=False  running‐acc=0.630
[ 128/600] loss=0.5229  pred=n/a    gold=n/a  running‐acc=0.875
Locality eval: pred=true              gold=true  correct=True  running‐acc=0.633
[ 129/600] loss=0.0085  pred=true   gold=true  running‐acc=0.876
Locality eval: pred=n/a               gold=n/a  correct=True  running‐acc=0.636
[ 130/600] loss=0.0968  pred=n/a    gold=n/a  running‐acc=0.877
Locality eval: pred=true              gold=true  correct=True  running‐acc=0.638
[ 131/600] loss=0.4890  pred=true   gold=true  running‐acc=0.878
Locality eval: pred=true              gold=n/a  correct=False  running‐acc=0.634
[ 132/600] loss=0.0721  pred=n/a    gold=n/a  running‐acc=0.879
Locality eval: pred=true              gold=true  correct=True  running‐acc=0.636
[ 133/600] loss=0.0871  pred=n/a    gold=n/a  running‐acc=0.880
Locality eval: pred=true              gold=true  correct=True  running‐acc=0.639
[ 134/600] loss=0.0086  pred=true   gold=true  running‐acc=0.881
Locality eval: pred=true              gold=n/a  correct=False  running‐acc=0.634
[ 135/600] loss=0.1160  pred=true   gold=true  running‐acc=0.881
Locality eval: pred=n/a               gold=n/a  correct=True  running‐acc=0.637
[ 136/600] loss=0.1697  pred=n/a    gold=n/a  running‐acc=0.882
Locality eval: pred=true              gold=true  correct=True  running‐acc=0.640
[ 137/600] loss=0.0665  pred=true   gold=true  running‐acc=0.883
Locality eval: pred=n/a               gold=n/a  correct=True  running‐acc=0.642
[ 138/600] loss=0.5875  pred=true   gold=true  running‐acc=0.884
Locality eval: pred=true              gold=n/a  correct=False  running‐acc=0.638
[ 139/600] loss=0.1949  pred=n/a    gold=n/a  running‐acc=0.885
Locality eval: pred=true              gold=true  correct=True  running‐acc=0.640
[ 140/600] loss=0.1649  pred=n/a    gold=n/a  running‐acc=0.886
Locality eval: pred=true              gold=true  correct=True  running‐acc=0.643
[ 141/600] loss=0.3984  pred=n/a    gold=n/a  running‐acc=0.887
Locality eval: pred=true              gold=true  correct=True  running‐acc=0.645
[ 142/600] loss=0.3918  pred=n/a    gold=n/a  running‐acc=0.887
Locality eval: pred=n/a               gold=true  correct=False  running‐acc=0.641
[ 143/600] loss=0.0093  pred=true   gold=true  running‐acc=0.888
Locality eval: pred=true              gold=n/a  correct=False  running‐acc=0.636
[ 144/600] loss=0.0148  pred=true   gold=true  running‐acc=0.889
Locality eval: pred=true              gold=n/a  correct=False  running‐acc=0.632
[ 145/600] loss=0.0796  pred=true   gold=true  running‐acc=0.890
Locality eval: pred=n/a               gold=n/a  correct=True  running‐acc=0.634
[ 146/600] loss=0.0241  pred=true   gold=true  running‐acc=0.890
Locality eval: pred=n/a               gold=n/a  correct=True  running‐acc=0.637
[ 147/600] loss=0.3149  pred=n/a    gold=n/a  running‐acc=0.891
Locality eval: pred=true              gold=true  correct=True  running‐acc=0.639
[ 148/600] loss=0.0270  pred=true   gold=true  running‐acc=0.892
Locality eval: pred=false             gold=n/a  correct=False  running‐acc=0.635
[ 149/600] loss=0.2754  pred=n/a    gold=n/a  running‐acc=0.893
Locality eval: pred=true              gold=true  correct=True  running‐acc=0.638
[ 150/600] loss=0.0623  pred=n/a    gold=n/a  running‐acc=0.893
Locality eval: pred=true.             gold=true  correct=True  running‐acc=0.640
[ 151/600] loss=0.0628  pred=true   gold=true  running‐acc=0.894
Locality eval: pred=false             gold=n/a  correct=False  running‐acc=0.636
[ 152/600] loss=0.1827  pred=true   gold=true  running‐acc=0.895
Locality eval: pred=false             gold=n/a  correct=False  running‐acc=0.632
[ 153/600] loss=0.1533  pred=n/a    gold=n/a  running‐acc=0.895
Locality eval: pred=true              gold=true  correct=True  running‐acc=0.634
[ 154/600] loss=0.0701  pred=n/a    gold=n/a  running‐acc=0.896
Locality eval: pred=true              gold=true  correct=True  running‐acc=0.636
[ 155/600] loss=0.0215  pred=true   gold=true  running‐acc=0.897
Locality eval: pred=n/a               gold=n/a  correct=True  running‐acc=0.639
[ 156/600] loss=0.4306  pred=n/a    gold=n/a  running‐acc=0.897
Locality eval: pred=true              gold=true  correct=True  running‐acc=0.641
[ 157/600] loss=0.0934  pred=true   gold=true  running‐acc=0.898
Locality eval: pred=false             gold=n/a  correct=False  running‐acc=0.637
[ 158/600] loss=0.0744  pred=n/a    gold=n/a  running‐acc=0.899
Locality eval: pred=true              gold=true  correct=True  running‐acc=0.639
[ 159/600] loss=0.1247  pred=n/a    gold=n/a  running‐acc=0.899
Locality eval: pred=                  gold=true  correct=False  running‐acc=0.635
[ 160/600] loss=0.2739  pred=n/a    gold=n/a  running‐acc=0.900
Locality eval: pred=true              gold=true  correct=True  running‐acc=0.637
[ 161/600] loss=0.1751  pred=true   gold=true  running‐acc=0.901
Locality eval: pred=n/a               gold=n/a  correct=True  running‐acc=0.640
[ 162/600] loss=0.0180  pred=n/a    gold=n/a  running‐acc=0.901
Locality eval: pred=true.             gold=true  correct=True  running‐acc=0.642
[ 163/600] loss=0.3193  pred=n/a    gold=n/a  running‐acc=0.902
Locality eval: pred=true              gold=true  correct=True  running‐acc=0.644
[ 164/600] loss=0.5437  pred=false  gold=n/a  running‐acc=0.896
Locality eval: pred=true              gold=true  correct=True  running‐acc=0.646
[ 165/600] loss=0.4231  pred=true   gold=true  running‐acc=0.897
Locality eval: pred=n/a               gold=n/a  correct=True  running‐acc=0.648
[ 166/600] loss=0.2985  pred=true   gold=true  running‐acc=0.898
Locality eval: pred=                  gold=n/a  correct=False  running‐acc=0.645
[ 167/600] loss=0.5641  pred=n/a    gold=n/a  running‐acc=0.898
Locality eval: pred=true              gold=true  correct=True  running‐acc=0.647
[ 168/600] loss=0.2935  pred=false  gold=true  running‐acc=0.893
Locality eval: pred=true              gold=n/a  correct=False  running‐acc=0.643
[ 169/600] loss=0.3780  pred=n/a    gold=n/a  running‐acc=0.893
Locality eval: pred=true              gold=true  correct=True  running‐acc=0.645
[ 170/600] loss=0.2729  pred=n/a    gold=n/a  running‐acc=0.894
Locality eval: pred=true.             gold=true  correct=True  running‐acc=0.647
[ 171/600] loss=0.0476  pred=n/a    gold=n/a  running‐acc=0.895
Locality eval: pred=true.             gold=true  correct=True  running‐acc=0.649
[ 172/600] loss=0.0553  pred=true   gold=true  running‐acc=0.895
Locality eval: pred=n/a               gold=n/a  correct=True  running‐acc=0.651
[ 173/600] loss=0.1979  pred=n/a    gold=n/a  running‐acc=0.896
Locality eval: pred=true              gold=true  correct=True  running‐acc=0.653
[ 174/600] loss=0.3276  pred=true   gold=true  running‐acc=0.897
Locality eval: pred=n/a               gold=n/a  correct=True  running‐acc=0.655
[ 175/600] loss=0.0474  pred=true   gold=true  running‐acc=0.897
Locality eval: pred=n/a               gold=n/a  correct=True  running‐acc=0.657
[ 176/600] loss=0.4788  pred=false  gold=n/a  running‐acc=0.892
Locality eval: pred=true              gold=true  correct=True  running‐acc=0.659
[ 177/600] loss=0.0278  pred=true   gold=true  running‐acc=0.893
Locality eval: pred=false.            gold=n/a  correct=False  running‐acc=0.655
[ 178/600] loss=0.2656  pred=n/a    gold=n/a  running‐acc=0.893
Locality eval: pred=true              gold=true  correct=True  running‐acc=0.657
[ 179/600] loss=0.2326  pred=n/a    gold=n/a  running‐acc=0.894
Locality eval: pred=true              gold=true  correct=True  running‐acc=0.659
[ 180/600] loss=0.1521  pred=true   gold=true  running‐acc=0.894
Locality eval: pred=true              gold=n/a  correct=False  running‐acc=0.656
[ 181/600] loss=0.2102  pred=n/a    gold=n/a  running‐acc=0.895
Locality eval: pred=true              gold=true  correct=True  running‐acc=0.657
[ 182/600] loss=0.1901  pred=n/a    gold=n/a  running‐acc=0.896
Locality eval: pred=true              gold=true  correct=True  running‐acc=0.659
[ 183/600] loss=0.3249  pred=true   gold=true  running‐acc=0.896
Locality eval: pred=n/a               gold=n/a  correct=True  running‐acc=0.661
[ 184/600] loss=0.0107  pred=true   gold=true  running‐acc=0.897
Locality eval: pred=n/a               gold=n/a  correct=True  running‐acc=0.663
[ 185/600] loss=0.3369  pred=true   gold=true  running‐acc=0.897
Locality eval: pred=n/a               gold=n/a  correct=True  running‐acc=0.665
[ 186/600] loss=0.1554  pred=true   gold=true  running‐acc=0.898
Locality eval: pred=                  gold=n/a  correct=False  running‐acc=0.661
[ 187/600] loss=0.4990  pred=n/a    gold=n/a  running‐acc=0.898
Locality eval: pred=true              gold=true  correct=True  running‐acc=0.663
[ 188/600] loss=0.1766  pred=n/a    gold=n/a  running‐acc=0.899
Locality eval: pred=true              gold=true  correct=True  running‐acc=0.665
[ 189/600] loss=0.0410  pred=true   gold=true  running‐acc=0.899
Locality eval: pred=n/a               gold=n/a  correct=True  running‐acc=0.667
[ 190/600] loss=0.3375  pred=n/a    gold=n/a  running‐acc=0.900
Locality eval: pred=true              gold=true  correct=True  running‐acc=0.668
[ 191/600] loss=0.2098  pred=n/a    gold=n/a  running‐acc=0.901
Locality eval: pred=true              gold=true  correct=True  running‐acc=0.670
[ 192/600] loss=0.5097  pred=n/a    gold=n/a  running‐acc=0.901
Locality eval: pred=n/a               gold=true  correct=False  running‐acc=0.667
[ 193/600] loss=0.2507  pred=true   gold=true  running‐acc=0.902
Locality eval: pred=n/a               gold=n/a  correct=True  running‐acc=0.668
[ 194/600] loss=0.0453  pred=true   gold=true  running‐acc=0.902
Locality eval: pred=n/a               gold=n/a  correct=True  running‐acc=0.670
[ 195/600] loss=0.0863  pred=true   gold=true  running‐acc=0.903
Locality eval: pred=true              gold=n/a  correct=False  running‐acc=0.667
[ 196/600] loss=0.4314  pred=false  gold=true  running‐acc=0.898
Locality eval: pred=false             gold=n/a  correct=False  running‐acc=0.663
[ 197/600] loss=0.1258  pred=true   gold=true  running‐acc=0.898
Locality eval: pred=true              gold=n/a  correct=False  running‐acc=0.660
[ 198/600] loss=0.4308  pred=n/a    gold=n/a  running‐acc=0.899
Locality eval: pred=true.             gold=true  correct=True  running‐acc=0.662
[ 199/600] loss=0.1170  pred=true   gold=true  running‐acc=0.899
Locality eval: pred=true              gold=n/a  correct=False  running‐acc=0.658
[ 200/600] loss=0.0451  pred=true   gold=true  running‐acc=0.900
Locality eval: pred=n/a               gold=n/a  correct=True  running‐acc=0.660
[ 201/600] loss=0.2941  pred=n/a    gold=n/a  running‐acc=0.900
Locality eval: pred=false             gold=true  correct=False  running‐acc=0.657
[ 202/600] loss=0.2898  pred=n/a    gold=n/a  running‐acc=0.901
Locality eval: pred=true              gold=true  correct=True  running‐acc=0.658
[ 203/600] loss=0.0858  pred=true   gold=true  running‐acc=0.901
Locality eval: pred=false             gold=n/a  correct=False  running‐acc=0.655
[ 204/600] loss=0.0096  pred=n/a    gold=n/a  running‐acc=0.902
Locality eval: pred=true.             gold=true  correct=True  running‐acc=0.657
[ 205/600] loss=0.1809  pred=true   gold=true  running‐acc=0.902
Locality eval: pred=true              gold=n/a  correct=False  running‐acc=0.654
[ 206/600] loss=0.1417  pred=n/a    gold=n/a  running‐acc=0.903
Locality eval: pred=true              gold=true  correct=True  running‐acc=0.655
[ 207/600] loss=0.2081  pred=true   gold=n/a  running‐acc=0.899
Locality eval: pred=true              gold=true  correct=True  running‐acc=0.657
[ 208/600] loss=0.0075  pred=true   gold=true  running‐acc=0.899
Locality eval: pred=n/a               gold=n/a  correct=True  running‐acc=0.659
[ 209/600] loss=0.2016  pred=n/a    gold=n/a  running‐acc=0.900
Locality eval: pred=true              gold=true  correct=True  running‐acc=0.660
[ 210/600] loss=0.2541  pred=n/a    gold=n/a  running‐acc=0.900
Locality eval: pred=true              gold=true  correct=True  running‐acc=0.662
[ 211/600] loss=0.0911  pred=true   gold=true  running‐acc=0.900
Locality eval: pred=true              gold=n/a  correct=False  running‐acc=0.659
[ 212/600] loss=0.5910  pred=n/a    gold=n/a  running‐acc=0.901
Locality eval: pred=true              gold=true  correct=True  running‐acc=0.660
[ 213/600] loss=0.7797  pred=true   gold=true  running‐acc=0.901
Locality eval: pred=true              gold=n/a  correct=False  running‐acc=0.657
[ 214/600] loss=0.1951  pred=n/a    gold=n/a  running‐acc=0.902
Locality eval: pred=true              gold=true  correct=True  running‐acc=0.659
[ 215/600] loss=0.0353  pred=true   gold=true  running‐acc=0.902
Locality eval: pred=false             gold=n/a  correct=False  running‐acc=0.656
[ 216/600] loss=0.2227  pred=n/a    gold=n/a  running‐acc=0.903
Locality eval: pred=true              gold=true  correct=True  running‐acc=0.657
[ 217/600] loss=0.1232  pred=true   gold=true  running‐acc=0.903
Locality eval: pred=n/a               gold=n/a  correct=True  running‐acc=0.659
[ 218/600] loss=0.5712  pred=n/a    gold=n/a  running‐acc=0.904
Locality eval: pred=n/a               gold=true  correct=False  running‐acc=0.656
[ 219/600] loss=0.5730  pred=true   gold=true  running‐acc=0.904
Locality eval: pred=n/a               gold=n/a  correct=True  running‐acc=0.658
[ 220/600] loss=0.0996  pred=n/a    gold=n/a  running‐acc=0.905
Locality eval: pred=true              gold=true  correct=True  running‐acc=0.659
[ 221/600] loss=0.5384  pred=n/a    gold=n/a  running‐acc=0.905
Locality eval: pred=true              gold=true  correct=True  running‐acc=0.661
[ 222/600] loss=0.8131  pred=n/a    gold=n/a  running‐acc=0.905
Locality eval: pred=true              gold=true  correct=True  running‐acc=0.662
[ 223/600] loss=0.4151  pred=n/a    gold=n/a  running‐acc=0.906
Locality eval: pred=true              gold=true  correct=True  running‐acc=0.664
[ 224/600] loss=0.1835  pred=n/a    gold=n/a  running‐acc=0.906
Locality eval: pred=false             gold=true  correct=False  running‐acc=0.661
[ 225/600] loss=0.1486  pred=n/a    gold=n/a  running‐acc=0.907
Locality eval: pred=false             gold=true  correct=False  running‐acc=0.658
[ 226/600] loss=0.0649  pred=true   gold=true  running‐acc=0.907
Locality eval: pred=false             gold=n/a  correct=False  running‐acc=0.655
[ 227/600] loss=0.0239  pred=n/a    gold=n/a  running‐acc=0.907
Locality eval: pred=true              gold=true  correct=True  running‐acc=0.656
[ 228/600] loss=0.5309  pred=n/a    gold=n/a  running‐acc=0.908
Locality eval: pred=true              gold=true  correct=True  running‐acc=0.658
[ 229/600] loss=0.4492  pred=n/a    gold=n/a  running‐acc=0.908
Locality eval: pred=n/a               gold=true  correct=False  running‐acc=0.655
[ 230/600] loss=0.4613  pred=n/a    gold=n/a  running‐acc=0.909
Locality eval: pred=true              gold=true  correct=True  running‐acc=0.657
[ 231/600] loss=0.1538  pred=n/a    gold=n/a  running‐acc=0.909
Locality eval: pred=true              gold=true  correct=True  running‐acc=0.658
[ 232/600] loss=0.0669  pred=n/a    gold=n/a  running‐acc=0.909
Locality eval: pred=true              gold=true  correct=True  running‐acc=0.659
[ 233/600] loss=0.0423  pred=true   gold=true  running‐acc=0.910
Locality eval: pred=true              gold=n/a  correct=False  running‐acc=0.657
[ 234/600] loss=0.0186  pred=n/a    gold=true  running‐acc=0.906
Locality eval: pred=true              gold=n/a  correct=False  running‐acc=0.654
[ 235/600] loss=0.0090  pred=n/a    gold=n/a  running‐acc=0.906
Locality eval: pred=true.             gold=true  correct=True  running‐acc=0.655
[ 236/600] loss=0.0680  pred=n/a    gold=n/a  running‐acc=0.907
Locality eval: pred=true              gold=true  correct=True  running‐acc=0.657
[ 237/600] loss=0.2326  pred=n/a    gold=true  running‐acc=0.903
Locality eval: pred=n/a               gold=n/a  correct=True  running‐acc=0.658
[ 238/600] loss=0.2142  pred=n/a    gold=n/a  running‐acc=0.903
Locality eval: pred=true              gold=true  correct=True  running‐acc=0.660
[ 239/600] loss=0.6998  pred=n/a    gold=n/a  running‐acc=0.904
Locality eval: pred=true              gold=true  correct=True  running‐acc=0.661
[ 240/600] loss=0.2617  pred=true   gold=true  running‐acc=0.904
Locality eval: pred=true              gold=n/a  correct=False  running‐acc=0.658
[ 241/600] loss=0.8017  pred=n/a    gold=n/a  running‐acc=0.905
Locality eval: pred=true              gold=true  correct=True  running‐acc=0.660
[ 242/600] loss=0.2162  pred=n/a    gold=n/a  running‐acc=0.905
Locality eval: pred=true              gold=true  correct=True  running‐acc=0.661
[ 243/600] loss=0.3284  pred=n/a    gold=n/a  running‐acc=0.905
Locality eval: pred=n/a               gold=true  correct=False  running‐acc=0.658
[ 244/600] loss=0.0190  pred=true   gold=true  running‐acc=0.906
Locality eval: pred=n/a               gold=n/a  correct=True  running‐acc=0.660
[ 245/600] loss=0.3683  pred=true   gold=true  running‐acc=0.906
Locality eval: pred=                  gold=n/a  correct=False  running‐acc=0.657
[ 246/600] loss=0.0171  pred=true   gold=true  running‐acc=0.907
Locality eval: pred=n/a               gold=n/a  correct=True  running‐acc=0.659
[ 247/600] loss=0.0284  pred=true   gold=true  running‐acc=0.907
Locality eval: pred=n/a               gold=n/a  correct=True  running‐acc=0.660
[ 248/600] loss=0.0858  pred=true   gold=true  running‐acc=0.907
Locality eval: pred=false             gold=n/a  correct=False  running‐acc=0.657
[ 249/600] loss=0.2515  pred=n/a    gold=n/a  running‐acc=0.908
Locality eval: pred=true              gold=true  correct=True  running‐acc=0.659
[ 250/600] loss=0.0090  pred=true   gold=true  running‐acc=0.908
Locality eval: pred=false             gold=n/a  correct=False  running‐acc=0.656
[ 251/600] loss=0.2599  pred=n/a    gold=n/a  running‐acc=0.908
Locality eval: pred=true              gold=true  correct=True  running‐acc=0.657
[ 252/600] loss=0.2368  pred=n/a    gold=n/a  running‐acc=0.909
Locality eval: pred=true.             gold=true  correct=True  running‐acc=0.659
[ 253/600] loss=0.1204  pred=true   gold=true  running‐acc=0.909
Locality eval: pred=true              gold=n/a  correct=False  running‐acc=0.656
[ 254/600] loss=0.0914  pred=true   gold=true  running‐acc=0.909
Locality eval: pred=false             gold=n/a  correct=False  running‐acc=0.654
[ 255/600] loss=0.2735  pred=n/a    gold=n/a  running‐acc=0.910
Locality eval: pred=true              gold=true  correct=True  running‐acc=0.655
[ 256/600] loss=0.3576  pred=n/a    gold=n/a  running‐acc=0.910
Locality eval: pred=true              gold=true  correct=True  running‐acc=0.656
[ 257/600] loss=0.3372  pred=n/a    gold=n/a  running‐acc=0.911
Locality eval: pred=true              gold=true  correct=True  running‐acc=0.658
[ 258/600] loss=0.4580  pred=n/a    gold=n/a  running‐acc=0.911
Locality eval: pred=true              gold=true  correct=True  running‐acc=0.659
[ 259/600] loss=0.1331  pred=true   gold=true  running‐acc=0.911
Locality eval: pred=n/a               gold=n/a  correct=True  running‐acc=0.660
[ 260/600] loss=0.0345  pred=true   gold=true  running‐acc=0.912
Locality eval: pred=n/a               gold=n/a  correct=True  running‐acc=0.662
[ 261/600] loss=0.2383  pred=true   gold=true  running‐acc=0.912
Locality eval: pred=n/a               gold=n/a  correct=True  running‐acc=0.663
[ 262/600] loss=0.1983  pred=true   gold=true  running‐acc=0.912
Locality eval: pred=true              gold=n/a  correct=False  running‐acc=0.660
[ 263/600] loss=0.1147  pred=n/a    gold=n/a  running‐acc=0.913
Locality eval: pred=true              gold=true  correct=True  running‐acc=0.662
[ 264/600] loss=0.1312  pred=       gold=n/a  running‐acc=0.909
Locality eval: pred=true              gold=true  correct=True  running‐acc=0.663
[ 265/600] loss=0.1179  pred=true   gold=true  running‐acc=0.909
Locality eval: pred=n/a               gold=n/a  correct=True  running‐acc=0.664
[ 266/600] loss=0.3741  pred=n/a    gold=n/a  running‐acc=0.910
Locality eval: pred=true              gold=true  correct=True  running‐acc=0.665
[ 267/600] loss=0.1414  pred=n/a    gold=n/a  running‐acc=0.910
Locality eval: pred=true              gold=true  correct=True  running‐acc=0.667
[ 268/600] loss=0.0480  pred=true   gold=true  running‐acc=0.910
Locality eval: pred=n/a               gold=n/a  correct=True  running‐acc=0.668
[ 269/600] loss=0.2884  pred=n/a    gold=n/a  running‐acc=0.911
Locality eval: pred=true.             gold=true  correct=True  running‐acc=0.669
[ 270/600] loss=0.0019  pred=true   gold=true  running‐acc=0.911
Locality eval: pred=n/a               gold=n/a  correct=True  running‐acc=0.670
[ 271/600] loss=0.5968  pred=n/a    gold=n/a  running‐acc=0.911
Locality eval: pred=true              gold=true  correct=True  running‐acc=0.672
[ 272/600] loss=0.0788  pred=true   gold=true  running‐acc=0.912
Locality eval: pred=false             gold=n/a  correct=False  running‐acc=0.669
[ 273/600] loss=0.6813  pred=       gold=n/a  running‐acc=0.908
Locality eval: pred=true              gold=true  correct=True  running‐acc=0.670
[ 274/600] loss=0.3205  pred=n/a    gold=n/a  running‐acc=0.909
Locality eval: pred=true              gold=true  correct=True  running‐acc=0.672
[ 275/600] loss=0.0571  pred=true   gold=true  running‐acc=0.909
Locality eval: pred=n/a               gold=n/a  correct=True  running‐acc=0.673
[ 276/600] loss=0.1875  pred=n/a    gold=n/a  running‐acc=0.909
Locality eval: pred=true              gold=true  correct=True  running‐acc=0.674
[ 277/600] loss=0.0681  pred=true   gold=true  running‐acc=0.910
Locality eval: pred=true              gold=n/a  correct=False  running‐acc=0.671
[ 278/600] loss=0.2891  pred=n/a    gold=n/a  running‐acc=0.910
Locality eval: pred=true              gold=true  correct=True  running‐acc=0.673
[ 279/600] loss=0.0353  pred=true   gold=true  running‐acc=0.910
Locality eval: pred=n/a               gold=n/a  correct=True  running‐acc=0.674
[ 280/600] loss=0.1600  pred=       gold=n/a  running‐acc=0.907
Locality eval: pred=true              gold=true  correct=True  running‐acc=0.675
[ 281/600] loss=0.1598  pred=true   gold=true  running‐acc=0.907
Locality eval: pred=n/a               gold=n/a  correct=True  running‐acc=0.676
[ 282/600] loss=0.0783  pred=true   gold=true  running‐acc=0.908
Locality eval: pred=false             gold=n/a  correct=False  running‐acc=0.674
[ 283/600] loss=0.2642  pred=n/a    gold=n/a  running‐acc=0.908
Locality eval: pred=true              gold=true  correct=True  running‐acc=0.675
[ 284/600] loss=0.0546  pred=n/a    gold=n/a  running‐acc=0.908
Locality eval: pred=true.             gold=true  correct=True  running‐acc=0.676
[ 285/600] loss=0.0032  pred=true   gold=true  running‐acc=0.909
Locality eval: pred=false.            gold=n/a  correct=False  running‐acc=0.674
[ 286/600] loss=0.3123  pred=n/a    gold=n/a  running‐acc=0.909
Locality eval: pred=true              gold=true  correct=True  running‐acc=0.675
[ 287/600] loss=0.1446  pred=n/a    gold=n/a  running‐acc=0.909
Locality eval: pred=true              gold=true  correct=True  running‐acc=0.676
[ 288/600] loss=0.0531  pred=true   gold=true  running‐acc=0.910
Locality eval: pred=false             gold=n/a  correct=False  running‐acc=0.674
[ 289/600] loss=0.1767  pred=true   gold=true  running‐acc=0.910
Locality eval: pred=true              gold=n/a  correct=False  running‐acc=0.671
[ 290/600] loss=0.1653  pred=n/a    gold=n/a  running‐acc=0.910
Locality eval: pred=true              gold=true  correct=True  running‐acc=0.672
[ 291/600] loss=0.0663  pred=true   gold=true  running‐acc=0.911
Locality eval: pred=n/a               gold=n/a  correct=True  running‐acc=0.674
[ 292/600] loss=0.1597  pred=true   gold=true  running‐acc=0.911
Locality eval: pred=n/a               gold=n/a  correct=True  running‐acc=0.675
[ 293/600] loss=0.0025  pred=true   gold=true  running‐acc=0.911
Locality eval: pred=true              gold=n/a  correct=False  running‐acc=0.672
[ 294/600] loss=0.0109  pred=true   gold=true  running‐acc=0.912
Locality eval: pred=false             gold=n/a  correct=False  running‐acc=0.670
[ 295/600] loss=0.1620  pred=n/a    gold=n/a  running‐acc=0.912
Locality eval: pred=true              gold=true  correct=True  running‐acc=0.671
[ 296/600] loss=0.3175  pred=true   gold=n/a  running‐acc=0.909
Locality eval: pred=true              gold=true  correct=True  running‐acc=0.672
[ 297/600] loss=0.4911  pred=       gold=true  running‐acc=0.906
Locality eval: pred=false             gold=n/a  correct=False  running‐acc=0.670
[ 298/600] loss=0.0628  pred=true   gold=true  running‐acc=0.906
Locality eval: pred=n/a               gold=n/a  correct=True  running‐acc=0.671
[ 299/600] loss=0.0838  pred=n/a    gold=n/a  running‐acc=0.906
Locality eval: pred=true              gold=true  correct=True  running‐acc=0.672
[ 300/600] loss=0.1979  pred=n/a    gold=n/a  running‐acc=0.907
Locality eval: pred=true              gold=true  correct=True  running‐acc=0.673
[ 301/600] loss=0.2032  pred=true   gold=true  running‐acc=0.907
Locality eval: pred=true              gold=n/a  correct=False  running‐acc=0.671
[ 302/600] loss=0.1512  pred=true   gold=true  running‐acc=0.907
Locality eval: pred=n/a               gold=n/a  correct=True  running‐acc=0.672
[ 303/600] loss=0.0038  pred=true   gold=true  running‐acc=0.908
Locality eval: pred=false             gold=n/a  correct=False  running‐acc=0.670
[ 304/600] loss=0.0598  pred=true   gold=true  running‐acc=0.908
Locality eval: pred=n/a               gold=n/a  correct=True  running‐acc=0.671
[ 305/600] loss=0.1132  pred=true   gold=true  running‐acc=0.908
Locality eval: pred=n/a               gold=n/a  correct=True  running‐acc=0.672
[ 306/600] loss=0.3694  pred=true   gold=true  running‐acc=0.908
Locality eval: pred=                  gold=n/a  correct=False  running‐acc=0.670
[ 307/600] loss=0.0439  pred=true   gold=true  running‐acc=0.909
Locality eval: pred=true              gold=n/a  correct=False  running‐acc=0.668
[ 308/600] loss=0.0868  pred=true   gold=true  running‐acc=0.909
Locality eval: pred=n/a               gold=n/a  correct=True  running‐acc=0.669
[ 309/600] loss=0.0097  pred=true   gold=true  running‐acc=0.909
Locality eval: pred=n/a               gold=n/a  correct=True  running‐acc=0.670
[ 310/600] loss=0.4753  pred=n/a    gold=n/a  running‐acc=0.910
Locality eval: pred=true              gold=true  correct=True  running‐acc=0.671
[ 311/600] loss=0.0782  pred=true   gold=true  running‐acc=0.910
Locality eval: pred=n/a               gold=n/a  correct=True  running‐acc=0.672
[ 312/600] loss=0.0500  pred=true   gold=true  running‐acc=0.910
Locality eval: pred=n/a               gold=n/a  correct=True  running‐acc=0.673
[ 313/600] loss=0.0229  pred=n/a    gold=n/a  running‐acc=0.911
Locality eval: pred=true.             gold=true  correct=True  running‐acc=0.674
[ 314/600] loss=0.5751  pred=n/a    gold=n/a  running‐acc=0.911
Locality eval: pred=true              gold=true  correct=True  running‐acc=0.675
[ 315/600] loss=0.1199  pred=true   gold=n/a  running‐acc=0.908
Locality eval: pred=true              gold=true  correct=True  running‐acc=0.676
[ 316/600] loss=0.2424  pred=true   gold=true  running‐acc=0.908
Locality eval: pred=n/a               gold=n/a  correct=True  running‐acc=0.677
[ 317/600] loss=0.1205  pred=true   gold=true  running‐acc=0.909
Locality eval: pred=false             gold=n/a  correct=False  running‐acc=0.675
[ 318/600] loss=0.3376  pred=true   gold=true  running‐acc=0.909
Locality eval: pred=true              gold=n/a  correct=False  running‐acc=0.673
[ 319/600] loss=0.3140  pred=n/a    gold=n/a  running‐acc=0.909
Locality eval: pred=true              gold=true  correct=True  running‐acc=0.674
[ 320/600] loss=0.2748  pred=n/a    gold=n/a  running‐acc=0.909
Locality eval: pred=n/a               gold=true  correct=False  running‐acc=0.672
[ 321/600] loss=0.0115  pred=true   gold=true  running‐acc=0.910
Locality eval: pred=true              gold=n/a  correct=False  running‐acc=0.670
[ 322/600] loss=0.4157  pred=true   gold=true  running‐acc=0.910
Locality eval: pred=true              gold=n/a  correct=False  running‐acc=0.668
[ 323/600] loss=0.2253  pred=n/a    gold=n/a  running‐acc=0.910
Locality eval: pred=false             gold=true  correct=False  running‐acc=0.666
[ 324/600] loss=0.6650  pred=n/a    gold=n/a  running‐acc=0.910
Locality eval: pred=true              gold=true  correct=True  running‐acc=0.667
[ 325/600] loss=0.0334  pred=n/a    gold=true  running‐acc=0.908
Locality eval: pred=n/a               gold=n/a  correct=True  running‐acc=0.668
[ 326/600] loss=0.2218  pred=       gold=n/a  running‐acc=0.905
Locality eval: pred=true              gold=true  correct=True  running‐acc=0.669
[ 327/600] loss=0.1918  pred=true   gold=true  running‐acc=0.905
Locality eval: pred=false             gold=n/a  correct=False  running‐acc=0.667
[ 328/600] loss=0.3903  pred=true   gold=n/a  running‐acc=0.902
Locality eval: pred=true              gold=true  correct=True  running‐acc=0.668
[ 329/600] loss=0.0244  pred=true   gold=true  running‐acc=0.903
Locality eval: pred=true              gold=n/a  correct=False  running‐acc=0.666
[ 330/600] loss=0.0546  pred=n/a    gold=n/a  running‐acc=0.903
Locality eval: pred=true.             gold=true  correct=True  running‐acc=0.667
[ 331/600] loss=0.5139  pred=true   gold=true  running‐acc=0.903
Locality eval: pred=false             gold=n/a  correct=False  running‐acc=0.665
[ 332/600] loss=0.1636  pred=n/a    gold=n/a  running‐acc=0.904
Locality eval: pred=n/a               gold=true  correct=False  running‐acc=0.663
[ 333/600] loss=0.0479  pred=true   gold=true  running‐acc=0.904
Locality eval: pred=false             gold=n/a  correct=False  running‐acc=0.661
[ 334/600] loss=0.1456  pred=n/a    gold=n/a  running‐acc=0.904
Locality eval: pred=true.             gold=true  correct=True  running‐acc=0.662
[ 335/600] loss=0.1560  pred=true   gold=true  running‐acc=0.904
Locality eval: pred=true              gold=n/a  correct=False  running‐acc=0.660
[ 336/600] loss=0.2404  pred=n/a    gold=n/a  running‐acc=0.905
Locality eval: pred=true              gold=true  correct=True  running‐acc=0.661
[ 337/600] loss=0.5298  pred=n/a    gold=n/a  running‐acc=0.905
Locality eval: pred=true              gold=true  correct=True  running‐acc=0.662
[ 338/600] loss=0.0332  pred=n/a    gold=n/a  running‐acc=0.905
Locality eval: pred=true.             gold=true  correct=True  running‐acc=0.663
[ 339/600] loss=0.2752  pred=n/a    gold=n/a  running‐acc=0.906
Locality eval: pred=true              gold=true  correct=True  running‐acc=0.664
[ 340/600] loss=0.1479  pred=n/a    gold=n/a  running‐acc=0.906
Locality eval: pred=true              gold=true  correct=True  running‐acc=0.665
[ 341/600] loss=0.3340  pred=true   gold=true  running‐acc=0.906
Locality eval: pred=n/a               gold=n/a  correct=True  running‐acc=0.666
[ 342/600] loss=0.0275  pred=true   gold=true  running‐acc=0.906
Locality eval: pred=false             gold=n/a  correct=False  running‐acc=0.664
[ 343/600] loss=0.0296  pred=n/a    gold=n/a  running‐acc=0.907
Locality eval: pred=true.             gold=true  correct=True  running‐acc=0.665
[ 344/600] loss=0.0221  pred=true   gold=true  running‐acc=0.907
Locality eval: pred=n/a               gold=n/a  correct=True  running‐acc=0.666
[ 345/600] loss=0.0256  pred=n/a    gold=n/a  running‐acc=0.907
Locality eval: pred=n/a               gold=true  correct=False  running‐acc=0.664
[ 346/600] loss=0.0509  pred=true   gold=true  running‐acc=0.908
Locality eval: pred=true              gold=n/a  correct=False  running‐acc=0.662
[ 347/600] loss=0.0664  pred=n/a    gold=n/a  running‐acc=0.908
Locality eval: pred=true.             gold=true  correct=True  running‐acc=0.663
[ 348/600] loss=0.2212  pred=n/a    gold=n/a  running‐acc=0.908
Locality eval: pred=true              gold=true  correct=True  running‐acc=0.664
[ 349/600] loss=0.1064  pred=n/a    gold=n/a  running‐acc=0.908
Locality eval: pred=true.             gold=true  correct=True  running‐acc=0.665
[ 350/600] loss=0.4922  pred=n/a    gold=n/a  running‐acc=0.909
Locality eval: pred=true              gold=true  correct=True  running‐acc=0.666
[ 351/600] loss=0.1097  pred=true   gold=n/a  running‐acc=0.906
Locality eval: pred=true              gold=true  correct=True  running‐acc=0.667
[ 352/600] loss=0.1529  pred=n/a    gold=n/a  running‐acc=0.906
Locality eval: pred=true              gold=true  correct=True  running‐acc=0.668
[ 353/600] loss=0.0321  pred=n/a    gold=n/a  running‐acc=0.907
Locality eval: pred=true              gold=true  correct=True  running‐acc=0.669
[ 354/600] loss=0.3315  pred=true   gold=true  running‐acc=0.907
Locality eval: pred=n/a               gold=n/a  correct=True  running‐acc=0.669
[ 355/600] loss=0.0059  pred=true   gold=true  running‐acc=0.907
Locality eval: pred=n/a               gold=n/a  correct=True  running‐acc=0.670
[ 356/600] loss=0.0289  pred=true   gold=true  running‐acc=0.907
Locality eval: pred=n/a               gold=n/a  correct=True  running‐acc=0.671
[ 357/600] loss=0.0149  pred=true   gold=true  running‐acc=0.908
Locality eval: pred=false             gold=n/a  correct=False  running‐acc=0.669
[ 358/600] loss=0.1814  pred=true   gold=true  running‐acc=0.908
Locality eval: pred=true              gold=n/a  correct=False  running‐acc=0.668
[ 359/600] loss=0.2556  pred=true   gold=true  running‐acc=0.908
Locality eval: pred=n/a               gold=n/a  correct=True  running‐acc=0.669
[ 360/600] loss=0.2811  pred=       gold=n/a  running‐acc=0.906
Locality eval: pred=true              gold=true  correct=True  running‐acc=0.669
[ 361/600] loss=0.2220  pred=true   gold=true  running‐acc=0.906
Locality eval: pred=n/a               gold=n/a  correct=True  running‐acc=0.670
[ 362/600] loss=0.0739  pred=true   gold=true  running‐acc=0.906
Locality eval: pred=n/a               gold=n/a  correct=True  running‐acc=0.671
[ 363/600] loss=0.2473  pred=n/a    gold=n/a  running‐acc=0.906
Locality eval: pred=true              gold=true  correct=True  running‐acc=0.672
[ 364/600] loss=0.2496  pred=true   gold=true  running‐acc=0.907
Locality eval: pred=false             gold=n/a  correct=False  running‐acc=0.670
[ 365/600] loss=0.7015  pred=true   gold=true  running‐acc=0.907
Locality eval: pred=true              gold=n/a  correct=False  running‐acc=0.668
[ 366/600] loss=0.2559  pred=n/a    gold=n/a  running‐acc=0.907
Locality eval: pred=true              gold=true  correct=True  running‐acc=0.669
[ 367/600] loss=0.2191  pred=n/a    gold=n/a  running‐acc=0.907
Locality eval: pred=true              gold=true  correct=True  running‐acc=0.670
[ 368/600] loss=0.0526  pred=true   gold=true  running‐acc=0.908
Locality eval: pred=n/a               gold=n/a  correct=True  running‐acc=0.671
[ 369/600] loss=0.4668  pred=n/a    gold=n/a  running‐acc=0.908
Locality eval: pred=true              gold=true  correct=True  running‐acc=0.672
[ 370/600] loss=0.2639  pred=n/a    gold=n/a  running‐acc=0.908
Locality eval: pred=true.             gold=true  correct=True  running‐acc=0.673
[ 371/600] loss=0.0139  pred=true   gold=true  running‐acc=0.908
Locality eval: pred=true              gold=n/a  correct=False  running‐acc=0.671
[ 372/600] loss=0.0005  pred=true   gold=true  running‐acc=0.909
Locality eval: pred=true              gold=n/a  correct=False  running‐acc=0.669
[ 373/600] loss=0.0200  pred=true   gold=true  running‐acc=0.909
Locality eval: pred=false             gold=n/a  correct=False  running‐acc=0.668
[ 374/600] loss=0.3480  pred=n/a    gold=n/a  running‐acc=0.909
Locality eval: pred=true              gold=true  correct=True  running‐acc=0.668
[ 375/600] loss=0.0549  pred=true   gold=true  running‐acc=0.909
Locality eval: pred=true              gold=n/a  correct=False  running‐acc=0.667
[ 376/600] loss=0.0420  pred=true   gold=true  running‐acc=0.910
Locality eval: pred=n/a               gold=n/a  correct=True  running‐acc=0.668
[ 377/600] loss=0.4570  pred=true   gold=true  running‐acc=0.910
Locality eval: pred=                  gold=n/a  correct=False  running‐acc=0.666
[ 378/600] loss=0.0331  pred=true   gold=true  running‐acc=0.910
Locality eval: pred=n/a               gold=n/a  correct=True  running‐acc=0.667
[ 379/600] loss=0.0410  pred=true   gold=true  running‐acc=0.910
Locality eval: pred=n/a               gold=n/a  correct=True  running‐acc=0.668
[ 380/600] loss=0.0226  pred=true   gold=true  running‐acc=0.911
Locality eval: pred=false             gold=n/a  correct=False  running‐acc=0.666
[ 381/600] loss=0.3648  pred=n/a    gold=n/a  running‐acc=0.911
Locality eval: pred=true              gold=true  correct=True  running‐acc=0.667
[ 382/600] loss=0.2106  pred=n/a    gold=n/a  running‐acc=0.911
Locality eval: pred=true              gold=true  correct=True  running‐acc=0.668
[ 383/600] loss=0.1000  pred=true   gold=n/a  running‐acc=0.909
Locality eval: pred=true              gold=true  correct=True  running‐acc=0.668
[ 384/600] loss=0.3341  pred=n/a    gold=n/a  running‐acc=0.909
Locality eval: pred=n/a               gold=true  correct=False  running‐acc=0.667
[ 385/600] loss=0.2577  pred=true   gold=true  running‐acc=0.909
Locality eval: pred=true              gold=n/a  correct=False  running‐acc=0.665
[ 386/600] loss=0.0378  pred=true   gold=true  running‐acc=0.909
Locality eval: pred=false             gold=n/a  correct=False  running‐acc=0.663
[ 387/600] loss=0.1364  pred=n/a    gold=n/a  running‐acc=0.910
Locality eval: pred=true              gold=true  correct=True  running‐acc=0.664
[ 388/600] loss=0.1515  pred=true   gold=true  running‐acc=0.910
Locality eval: pred=n/a               gold=n/a  correct=True  running‐acc=0.665
[ 389/600] loss=0.6092  pred=n/a    gold=n/a  running‐acc=0.910
Locality eval: pred=true              gold=true  correct=True  running‐acc=0.666
[ 390/600] loss=0.0030  pred=true   gold=true  running‐acc=0.910
Locality eval: pred=n/a               gold=n/a  correct=True  running‐acc=0.667
[ 391/600] loss=0.4543  pred=true   gold=true  running‐acc=0.910
Locality eval: pred=false             gold=n/a  correct=False  running‐acc=0.665
[ 392/600] loss=0.2624  pred=n/a    gold=n/a  running‐acc=0.911
Locality eval: pred=true              gold=true  correct=True  running‐acc=0.666
[ 393/600] loss=0.5732  pred=n/a    gold=n/a  running‐acc=0.911
Locality eval: pred=true              gold=true  correct=True  running‐acc=0.667
[ 394/600] loss=0.9093  pred=n/a    gold=n/a  running‐acc=0.911
Locality eval: pred=true              gold=true  correct=True  running‐acc=0.668
[ 395/600] loss=0.0701  pred=true   gold=true  running‐acc=0.911
Locality eval: pred=n/a               gold=n/a  correct=True  running‐acc=0.668
[ 396/600] loss=0.0861  pred=true   gold=true  running‐acc=0.912
Locality eval: pred=n/a               gold=n/a  correct=True  running‐acc=0.669
[ 397/600] loss=0.0304  pred=n/a    gold=n/a  running‐acc=0.912
Locality eval: pred=true              gold=true  correct=True  running‐acc=0.670
[ 398/600] loss=0.1400  pred=true   gold=true  running‐acc=0.912
Locality eval: pred=true              gold=n/a  correct=False  running‐acc=0.668
[ 399/600] loss=0.2638  pred=n/a    gold=n/a  running‐acc=0.912
Locality eval: pred=                  gold=true  correct=False  running‐acc=0.667
[ 400/600] loss=0.1413  pred=true   gold=true  running‐acc=0.912
Locality eval: pred=false             gold=n/a  correct=False  running‐acc=0.665
[ 401/600] loss=0.0896  pred=n/a    gold=true  running‐acc=0.910
Locality eval: pred=n/a               gold=n/a  correct=True  running‐acc=0.666
[ 402/600] loss=0.2245  pred=n/a    gold=n/a  running‐acc=0.910
Locality eval: pred=true              gold=true  correct=True  running‐acc=0.667
[ 403/600] loss=0.4839  pred=true   gold=true  running‐acc=0.911
Locality eval: pred=false             gold=n/a  correct=False  running‐acc=0.665
[ 404/600] loss=0.1967  pred=true   gold=true  running‐acc=0.911
Locality eval: pred=true              gold=n/a  correct=False  running‐acc=0.663
[ 405/600] loss=0.1143  pred=n/a    gold=n/a  running‐acc=0.911
Locality eval: pred=                  gold=true  correct=False  running‐acc=0.662
[ 406/600] loss=0.3199  pred=n/a    gold=n/a  running‐acc=0.911
Locality eval: pred=true              gold=true  correct=True  running‐acc=0.663
[ 407/600] loss=0.0288  pred=true   gold=true  running‐acc=0.912
Locality eval: pred=n/a               gold=n/a  correct=True  running‐acc=0.663
[ 408/600] loss=0.3803  pred=n/a    gold=n/a  running‐acc=0.912
Locality eval: pred=true.             gold=true  correct=True  running‐acc=0.664
[ 409/600] loss=0.0703  pred=true   gold=true  running‐acc=0.912
Locality eval: pred=n/a               gold=n/a  correct=True  running‐acc=0.665
[ 410/600] loss=0.4176  pred=n/a    gold=n/a  running‐acc=0.912
Locality eval: pred=true              gold=true  correct=True  running‐acc=0.666
[ 411/600] loss=0.0295  pred=true   gold=true  running‐acc=0.912
Locality eval: pred=true              gold=n/a  correct=False  running‐acc=0.664
[ 412/600] loss=0.0356  pred=true   gold=true  running‐acc=0.913
Locality eval: pred=n/a               gold=n/a  correct=True  running‐acc=0.665
[ 413/600] loss=0.0372  pred=true   gold=true  running‐acc=0.913
Locality eval: pred=false             gold=n/a  correct=False  running‐acc=0.663
[ 414/600] loss=0.2369  pred=true   gold=true  running‐acc=0.913
Locality eval: pred=n/a               gold=n/a  correct=True  running‐acc=0.664
[ 415/600] loss=0.3905  pred=n/a    gold=n/a  running‐acc=0.913
Locality eval: pred=true              gold=true  correct=True  running‐acc=0.665
[ 416/600] loss=0.1863  pred=true   gold=true  running‐acc=0.913
Locality eval: pred=true              gold=n/a  correct=False  running‐acc=0.663
[ 417/600] loss=0.2701  pred=n/a    gold=n/a  running‐acc=0.914
Locality eval: pred=true              gold=true  correct=True  running‐acc=0.664
[ 418/600] loss=0.4143  pred=n/a    gold=n/a  running‐acc=0.914
Locality eval: pred=true              gold=true  correct=True  running‐acc=0.665
[ 419/600] loss=0.0123  pred=true   gold=true  running‐acc=0.914
Locality eval: pred=true              gold=n/a  correct=False  running‐acc=0.663
[ 420/600] loss=0.3000  pred=true   gold=true  running‐acc=0.914
Locality eval: pred=true              gold=n/a  correct=False  running‐acc=0.662
[ 421/600] loss=0.1296  pred=true   gold=true  running‐acc=0.914
Locality eval: pred=false             gold=n/a  correct=False  running‐acc=0.660
[ 422/600] loss=0.1443  pred=true   gold=true  running‐acc=0.915
Locality eval: pred=false             gold=n/a  correct=False  running‐acc=0.659
[ 423/600] loss=0.3116  pred=true   gold=true  running‐acc=0.915
Locality eval: pred=true              gold=n/a  correct=False  running‐acc=0.657
[ 424/600] loss=0.2164  pred=n/a    gold=n/a  running‐acc=0.915
Locality eval: pred=false             gold=true  correct=False  running‐acc=0.656
[ 425/600] loss=0.2437  pred=n/a    gold=n/a  running‐acc=0.915
Locality eval: pred=true              gold=true  correct=True  running‐acc=0.656
[ 426/600] loss=0.2199  pred=n/a    gold=n/a  running‐acc=0.915
Locality eval: pred=true              gold=true  correct=True  running‐acc=0.657
[ 427/600] loss=0.1875  pred=true   gold=true  running‐acc=0.916
Locality eval: pred=false             gold=n/a  correct=False  running‐acc=0.656
[ 428/600] loss=0.0742  pred=true   gold=true  running‐acc=0.916
Locality eval: pred=false             gold=n/a  correct=False  running‐acc=0.654
[ 429/600] loss=0.0150  pred=true   gold=true  running‐acc=0.916
Locality eval: pred=n/a               gold=n/a  correct=True  running‐acc=0.655
[ 430/600] loss=0.0315  pred=n/a    gold=n/a  running‐acc=0.916
Locality eval: pred=true.             gold=true  correct=True  running‐acc=0.656
[ 431/600] loss=0.3534  pred=true   gold=true  running‐acc=0.916
Locality eval: pred=true              gold=n/a  correct=False  running‐acc=0.654
[ 432/600] loss=0.1485  pred=true   gold=true  running‐acc=0.917
Locality eval: pred=true              gold=n/a  correct=False  running‐acc=0.653
[ 433/600] loss=0.3038  pred=true   gold=true  running‐acc=0.917
Locality eval: pred=n/a               gold=n/a  correct=True  running‐acc=0.654
[ 434/600] loss=0.3249  pred=n/a    gold=n/a  running‐acc=0.917
Locality eval: pred=true              gold=true  correct=True  running‐acc=0.654
[ 435/600] loss=0.1755  pred=false  gold=n/a  running‐acc=0.915
Locality eval: pred=true              gold=true  correct=True  running‐acc=0.655
[ 436/600] loss=0.0176  pred=true   gold=true  running‐acc=0.915
Locality eval: pred=true              gold=n/a  correct=False  running‐acc=0.654
[ 437/600] loss=0.0306  pred=true   gold=true  running‐acc=0.915
Locality eval: pred=                  gold=n/a  correct=False  running‐acc=0.652
[ 438/600] loss=0.0781  pred=n/a    gold=n/a  running‐acc=0.916
Locality eval: pred=n/a               gold=true  correct=False  running‐acc=0.651
[ 439/600] loss=0.2889  pred=n/a    gold=n/a  running‐acc=0.916
Locality eval: pred=true              gold=true  correct=True  running‐acc=0.651
[ 440/600] loss=0.1350  pred=true   gold=true  running‐acc=0.916
Locality eval: pred=n/a               gold=n/a  correct=True  running‐acc=0.652
[ 441/600] loss=0.1613  pred=n/a    gold=n/a  running‐acc=0.916
Locality eval: pred=true              gold=true  correct=True  running‐acc=0.653
[ 442/600] loss=0.1201  pred=true   gold=true  running‐acc=0.916
Locality eval: pred=false             gold=n/a  correct=False  running‐acc=0.652
[ 443/600] loss=0.0878  pred=true   gold=true  running‐acc=0.916
Locality eval: pred=true              gold=n/a  correct=False  running‐acc=0.650
[ 444/600] loss=0.0202  pred=true   gold=true  running‐acc=0.917
Locality eval: pred=n/a               gold=n/a  correct=True  running‐acc=0.651
[ 445/600] loss=0.0299  pred=true   gold=true  running‐acc=0.917
Locality eval: pred=n/a               gold=n/a  correct=True  running‐acc=0.652
[ 446/600] loss=0.0116  pred=true   gold=true  running‐acc=0.917
Locality eval: pred=true              gold=n/a  correct=False  running‐acc=0.650
[ 447/600] loss=0.0647  pred=true   gold=true  running‐acc=0.917
Locality eval: pred=n/a               gold=n/a  correct=True  running‐acc=0.651
[ 448/600] loss=0.0258  pred=true   gold=true  running‐acc=0.917
Locality eval: pred=false             gold=n/a  correct=False  running‐acc=0.650
[ 449/600] loss=0.0875  pred=true   gold=true  running‐acc=0.918
Locality eval: pred=false             gold=n/a  correct=False  running‐acc=0.648
[ 450/600] loss=0.2256  pred=n/a    gold=n/a  running‐acc=0.918
Locality eval: pred=true              gold=true  correct=True  running‐acc=0.649
[ 451/600] loss=0.6804  pred=true   gold=true  running‐acc=0.918
Locality eval: pred=true              gold=n/a  correct=False  running‐acc=0.647
[ 452/600] loss=0.1611  pred=n/a    gold=n/a  running‐acc=0.918
Locality eval: pred=true              gold=true  correct=True  running‐acc=0.648
[ 453/600] loss=0.1134  pred=n/a    gold=n/a  running‐acc=0.918
Locality eval: pred=true              gold=true  correct=True  running‐acc=0.649
[ 454/600] loss=0.0217  pred=n/a    gold=n/a  running‐acc=0.919
Locality eval: pred=true.             gold=true  correct=True  running‐acc=0.650
[ 455/600] loss=0.2515  pred=true   gold=true  running‐acc=0.919
Locality eval: pred=n/a               gold=n/a  correct=True  running‐acc=0.651
[ 456/600] loss=0.0073  pred=n/a    gold=n/a  running‐acc=0.919
Locality eval: pred=true              gold=true  correct=True  running‐acc=0.651
[ 457/600] loss=0.1027  pred=n/a    gold=n/a  running‐acc=0.919
Locality eval: pred=n/a               gold=true  correct=False  running‐acc=0.650
[ 458/600] loss=0.2075  pred=n/a    gold=n/a  running‐acc=0.919
Locality eval: pred=true.             gold=true  correct=True  running‐acc=0.651
[ 459/600] loss=0.3386  pred=true   gold=true  running‐acc=0.919
Locality eval: pred=n/a               gold=n/a  correct=True  running‐acc=0.651
[ 460/600] loss=0.0094  pred=true   gold=true  running‐acc=0.920
Locality eval: pred=false             gold=n/a  correct=False  running‐acc=0.650
[ 461/600] loss=0.0296  pred=n/a    gold=n/a  running‐acc=0.920
Locality eval: pred=true              gold=true  correct=True  running‐acc=0.651
[ 462/600] loss=0.0258  pred=n/a    gold=n/a  running‐acc=0.920
Locality eval: pred=true.             gold=true  correct=True  running‐acc=0.652
[ 463/600] loss=0.0667  pred=true   gold=true  running‐acc=0.920
Locality eval: pred=true              gold=n/a  correct=False  running‐acc=0.650
[ 464/600] loss=0.3935  pred=n/a    gold=n/a  running‐acc=0.920
Locality eval: pred=true              gold=true  correct=True  running‐acc=0.651
[ 465/600] loss=0.4022  pred=n/a    gold=n/a  running‐acc=0.920
Locality eval: pred=n/a               gold=true  correct=False  running‐acc=0.649
[ 466/600] loss=0.0991  pred=n/a    gold=n/a  running‐acc=0.921
Locality eval: pred=true              gold=true  correct=True  running‐acc=0.650
[ 467/600] loss=0.1144  pred=n/a    gold=n/a  running‐acc=0.921
Locality eval: pred=n/a               gold=true  correct=False  running‐acc=0.649
[ 468/600] loss=0.4061  pred=n/a    gold=n/a  running‐acc=0.921
Locality eval: pred=n/a               gold=true  correct=False  running‐acc=0.647
[ 469/600] loss=0.0029  pred=true   gold=true  running‐acc=0.921
Locality eval: pred=n/a               gold=n/a  correct=True  running‐acc=0.648
[ 470/600] loss=0.0490  pred=n/a    gold=n/a  running‐acc=0.921
Locality eval: pred=true              gold=true  correct=True  running‐acc=0.649
[ 471/600] loss=0.3192  pred=n/a    gold=n/a  running‐acc=0.921
Locality eval: pred=n/a               gold=true  correct=False  running‐acc=0.648
[ 472/600] loss=0.0668  pred=true   gold=true  running‐acc=0.922
Locality eval: pred=n/a               gold=n/a  correct=True  running‐acc=0.648
[ 473/600] loss=0.0795  pred=n/a    gold=n/a  running‐acc=0.922
Locality eval: pred=n/a               gold=true  correct=False  running‐acc=0.647
[ 474/600] loss=0.0431  pred=true   gold=true  running‐acc=0.922
Locality eval: pred=true              gold=n/a  correct=False  running‐acc=0.646
[ 475/600] loss=0.3103  pred=n/a    gold=n/a  running‐acc=0.922
Locality eval: pred=true              gold=true  correct=True  running‐acc=0.646
[ 476/600] loss=0.0570  pred=true   gold=true  running‐acc=0.922
Locality eval: pred=true              gold=n/a  correct=False  running‐acc=0.645
[ 477/600] loss=0.3674  pred=n/a    gold=n/a  running‐acc=0.922
Locality eval: pred=true.             gold=true  correct=True  running‐acc=0.646
[ 478/600] loss=0.0337  pred=true   gold=true  running‐acc=0.923
Locality eval: pred=false             gold=n/a  correct=False  running‐acc=0.644
[ 479/600] loss=0.4676  pred=n/a    gold=n/a  running‐acc=0.923
Locality eval: pred=true              gold=true  correct=True  running‐acc=0.645
[ 480/600] loss=0.5878  pred=n/a    gold=n/a  running‐acc=0.923
Locality eval: pred=true              gold=true  correct=True  running‐acc=0.646
[ 481/600] loss=0.5770  pred=n/a    gold=n/a  running‐acc=0.923
Locality eval: pred=true              gold=true  correct=True  running‐acc=0.647
[ 482/600] loss=0.0644  pred=true   gold=true  running‐acc=0.923
Locality eval: pred=true              gold=n/a  correct=False  running‐acc=0.645
[ 483/600] loss=0.0074  pred=n/a    gold=n/a  running‐acc=0.923
Locality eval: pred=true              gold=true  correct=True  running‐acc=0.646
[ 484/600] loss=0.1847  pred=n/a    gold=n/a  running‐acc=0.924
Locality eval: pred=true              gold=true  correct=True  running‐acc=0.647
[ 485/600] loss=0.3304  pred=n/a    gold=n/a  running‐acc=0.924
Locality eval: pred=true              gold=true  correct=True  running‐acc=0.647
[ 486/600] loss=0.3703  pred=n/a    gold=n/a  running‐acc=0.924
Locality eval: pred=true              gold=true  correct=True  running‐acc=0.648
[ 487/600] loss=0.0326  pred=false.  gold=n/a  running‐acc=0.922
Locality eval: pred=true              gold=true  correct=True  running‐acc=0.649
[ 488/600] loss=0.4713  pred=false  gold=n/a  running‐acc=0.920
Locality eval: pred=true              gold=true  correct=True  running‐acc=0.650
[ 489/600] loss=0.2026  pred=n/a    gold=n/a  running‐acc=0.920
Locality eval: pred=true              gold=true  correct=True  running‐acc=0.650
[ 490/600] loss=0.4558  pred=n/a    gold=n/a  running‐acc=0.920
Locality eval: pred=true              gold=true  correct=True  running‐acc=0.651
[ 491/600] loss=0.0285  pred=n/a    gold=n/a  running‐acc=0.921
Locality eval: pred=true              gold=true  correct=True  running‐acc=0.652
[ 492/600] loss=0.0056  pred=true   gold=true  running‐acc=0.921
Locality eval: pred=false             gold=n/a  correct=False  running‐acc=0.650
[ 493/600] loss=0.0045  pred=n/a    gold=n/a  running‐acc=0.921
Locality eval: pred=true              gold=true  correct=True  running‐acc=0.651
[ 494/600] loss=0.0966  pred=n/a    gold=n/a  running‐acc=0.921
Locality eval: pred=true              gold=true  correct=True  running‐acc=0.652
[ 495/600] loss=0.2831  pred=true   gold=n/a  running‐acc=0.919
Locality eval: pred=true              gold=true  correct=True  running‐acc=0.653
[ 496/600] loss=0.2788  pred=n/a    gold=n/a  running‐acc=0.919
Locality eval: pred=true              gold=true  correct=True  running‐acc=0.653
[ 497/600] loss=0.1545  pred=true   gold=true  running‐acc=0.920
Locality eval: pred=false             gold=n/a  correct=False  running‐acc=0.652
[ 498/600] loss=0.0652  pred=true   gold=true  running‐acc=0.920
Locality eval: pred=false             gold=n/a  correct=False  running‐acc=0.651
[ 499/600] loss=0.0045  pred=n/a    gold=n/a  running‐acc=0.920
Locality eval: pred=true              gold=true  correct=True  running‐acc=0.651
[ 500/600] loss=0.0308  pred=n/a    gold=n/a  running‐acc=0.920
Locality eval: pred=true              gold=true  correct=True  running‐acc=0.652
[ 501/600] loss=0.2179  pred=n/a    gold=n/a  running‐acc=0.920
Locality eval: pred=true              gold=true  correct=True  running‐acc=0.653
[ 502/600] loss=0.0519  pred=n/a    gold=n/a  running‐acc=0.920
Locality eval: pred=true.             gold=true  correct=True  running‐acc=0.653
[ 503/600] loss=0.0223  pred=true   gold=true  running‐acc=0.920
Locality eval: pred=n/a               gold=n/a  correct=True  running‐acc=0.654
[ 504/600] loss=0.1336  pred=true   gold=true  running‐acc=0.921
Locality eval: pred=false             gold=n/a  correct=False  running‐acc=0.653
[ 505/600] loss=0.3428  pred=true   gold=true  running‐acc=0.921
Locality eval: pred=true              gold=n/a  correct=False  running‐acc=0.651
[ 506/600] loss=0.1034  pred=true   gold=true  running‐acc=0.921
Locality eval: pred=false             gold=n/a  correct=False  running‐acc=0.650
[ 507/600] loss=0.1243  pred=false  gold=true  running‐acc=0.919
Locality eval: pred=n/a               gold=n/a  correct=True  running‐acc=0.651
[ 508/600] loss=0.0284  pred=true   gold=true  running‐acc=0.919
Locality eval: pred=n/a               gold=n/a  correct=True  running‐acc=0.652
[ 509/600] loss=0.0899  pred=true   gold=true  running‐acc=0.919
Locality eval: pred=false             gold=n/a  correct=False  running‐acc=0.650
[ 510/600] loss=0.3584  pred=true   gold=true  running‐acc=0.920
Locality eval: pred=false             gold=n/a  correct=False  running‐acc=0.649
[ 511/600] loss=0.0303  pred=n/a    gold=n/a  running‐acc=0.920
Locality eval: pred=true.             gold=true  correct=True  running‐acc=0.650
[ 512/600] loss=0.0200  pred=true   gold=true  running‐acc=0.920
Locality eval: pred=false             gold=n/a  correct=False  running‐acc=0.648
[ 513/600] loss=0.6010  pred=n/a    gold=n/a  running‐acc=0.920
Locality eval: pred=true              gold=true  correct=True  running‐acc=0.649
[ 514/600] loss=0.0171  pred=true   gold=true  running‐acc=0.920
Locality eval: pred=n/a               gold=n/a  correct=True  running‐acc=0.650
[ 515/600] loss=0.4595  pred=n/a    gold=n/a  running‐acc=0.920
Locality eval: pred=true              gold=true  correct=True  running‐acc=0.650
[ 516/600] loss=0.1233  pred=n/a    gold=n/a  running‐acc=0.921
Locality eval: pred=true              gold=true  correct=True  running‐acc=0.651
[ 517/600] loss=0.1127  pred=n/a    gold=n/a  running‐acc=0.921
Locality eval: pred=true              gold=true  correct=True  running‐acc=0.652
[ 518/600] loss=0.2713  pred=n/a    gold=n/a  running‐acc=0.921
Locality eval: pred=n/a               gold=true  correct=False  running‐acc=0.651
[ 519/600] loss=0.0137  pred=true   gold=true  running‐acc=0.921
Locality eval: pred=n/a               gold=n/a  correct=True  running‐acc=0.651
[ 520/600] loss=0.1253  pred=true   gold=true  running‐acc=0.921
Locality eval: pred=true              gold=n/a  correct=False  running‐acc=0.650
[ 521/600] loss=0.0280  pred=true   gold=true  running‐acc=0.921
Locality eval: pred=false             gold=n/a  correct=False  running‐acc=0.649
[ 522/600] loss=0.0734  pred=true   gold=true  running‐acc=0.921
Locality eval: pred=false             gold=n/a  correct=False  running‐acc=0.648
[ 523/600] loss=0.4727  pred=n/a    gold=n/a  running‐acc=0.922
Locality eval: pred=true              gold=true  correct=True  running‐acc=0.648
[ 524/600] loss=0.0037  pred=true   gold=true  running‐acc=0.922
Locality eval: pred=false             gold=n/a  correct=False  running‐acc=0.647
[ 525/600] loss=0.0286  pred=true   gold=true  running‐acc=0.922
Locality eval: pred=false             gold=n/a  correct=False  running‐acc=0.646
[ 526/600] loss=0.0512  pred=true   gold=true  running‐acc=0.922
Locality eval: pred=n/a               gold=n/a  correct=True  running‐acc=0.646
[ 527/600] loss=0.3774  pred=n/a    gold=n/a  running‐acc=0.922
Locality eval: pred=true              gold=true  correct=True  running‐acc=0.647
[ 528/600] loss=0.3242  pred=true   gold=true  running‐acc=0.922
Locality eval: pred=                  gold=n/a  correct=False  running‐acc=0.646
[ 529/600] loss=0.4877  pred=n/a    gold=n/a  running‐acc=0.922
Locality eval: pred=true              gold=true  correct=True  running‐acc=0.647
[ 530/600] loss=0.3585  pred=true   gold=true  running‐acc=0.923
Locality eval: pred=true              gold=n/a  correct=False  running‐acc=0.645
[ 531/600] loss=0.5599  pred=n/a    gold=n/a  running‐acc=0.923
Locality eval: pred=true              gold=true  correct=True  running‐acc=0.646
[ 532/600] loss=0.1057  pred=true   gold=true  running‐acc=0.923
Locality eval: pred=n/a               gold=n/a  correct=True  running‐acc=0.647
[ 533/600] loss=0.3529  pred=n/a    gold=n/a  running‐acc=0.923
Locality eval: pred=true              gold=true  correct=True  running‐acc=0.647
[ 534/600] loss=0.2280  pred=true   gold=true  running‐acc=0.923
Locality eval: pred=n/a               gold=n/a  correct=True  running‐acc=0.648
[ 535/600] loss=0.0079  pred=true   gold=true  running‐acc=0.923
Locality eval: pred=n/a               gold=n/a  correct=True  running‐acc=0.649
[ 536/600] loss=0.0200  pred=true   gold=true  running‐acc=0.924
Locality eval: pred=n/a               gold=n/a  correct=True  running‐acc=0.649
[ 537/600] loss=0.1025  pred=n/a    gold=n/a  running‐acc=0.924
Locality eval: pred=true.             gold=true  correct=True  running‐acc=0.650
[ 538/600] loss=0.0778  pred=true   gold=true  running‐acc=0.924
Locality eval: pred=true              gold=n/a  correct=False  running‐acc=0.649
[ 539/600] loss=0.5960  pred=true   gold=true  running‐acc=0.924
Locality eval: pred=                  gold=n/a  correct=False  running‐acc=0.647
[ 540/600] loss=0.3767  pred=true   gold=n/a  running‐acc=0.922
Locality eval: pred=true              gold=true  correct=True  running‐acc=0.648
[ 541/600] loss=0.4642  pred=       gold=n/a  running‐acc=0.921
Locality eval: pred=true              gold=true  correct=True  running‐acc=0.649
[ 542/600] loss=0.0901  pred=n/a    gold=n/a  running‐acc=0.921
Locality eval: pred=n/a               gold=true  correct=False  running‐acc=0.648
[ 543/600] loss=0.2364  pred=n/a    gold=n/a  running‐acc=0.921
Locality eval: pred=true              gold=true  correct=True  running‐acc=0.648
[ 544/600] loss=0.3248  pred=n/a    gold=n/a  running‐acc=0.921
Locality eval: pred=true              gold=true  correct=True  running‐acc=0.649
[ 545/600] loss=0.0314  pred=n/a    gold=true  running‐acc=0.919
Locality eval: pred=n/a               gold=n/a  correct=True  running‐acc=0.650
[ 546/600] loss=0.3846  pred=n/a    gold=n/a  running‐acc=0.919
Locality eval: pred=true              gold=true  correct=True  running‐acc=0.650
[ 547/600] loss=0.0157  pred=true   gold=true  running‐acc=0.920
Locality eval: pred=false             gold=n/a  correct=False  running‐acc=0.649
[ 548/600] loss=0.0430  pred=true   gold=true  running‐acc=0.920
Locality eval: pred=n/a               gold=n/a  correct=True  running‐acc=0.650
[ 549/600] loss=0.0685  pred=true   gold=true  running‐acc=0.920
Locality eval: pred=true              gold=n/a  correct=False  running‐acc=0.648
[ 550/600] loss=0.2758  pred=n/a    gold=n/a  running‐acc=0.920
Locality eval: pred=true              gold=true  correct=True  running‐acc=0.649
[ 551/600] loss=0.0133  pred=true   gold=true  running‐acc=0.920
Locality eval: pred=n/a               gold=n/a  correct=True  running‐acc=0.650
[ 552/600] loss=0.3005  pred=n/a    gold=n/a  running‐acc=0.920
Locality eval: pred=true              gold=true  correct=True  running‐acc=0.650
[ 553/600] loss=0.2978  pred=n/a    gold=n/a  running‐acc=0.920
Locality eval: pred=false             gold=true  correct=False  running‐acc=0.649
[ 554/600] loss=0.0241  pred=true   gold=true  running‐acc=0.921
Locality eval: pred=false             gold=n/a  correct=False  running‐acc=0.648
[ 555/600] loss=0.3084  pred=n/a    gold=n/a  running‐acc=0.921
Locality eval: pred=true              gold=true  correct=True  running‐acc=0.649
[ 556/600] loss=0.1409  pred=n/a    gold=n/a  running‐acc=0.921
Locality eval: pred=true.             gold=true  correct=True  running‐acc=0.649
[ 557/600] loss=0.2934  pred=n/a    gold=n/a  running‐acc=0.921
Locality eval: pred=n/a               gold=true  correct=False  running‐acc=0.648
[ 558/600] loss=0.0218  pred=true   gold=true  running‐acc=0.921
Locality eval: pred=n/a               gold=n/a  correct=True  running‐acc=0.649
[ 559/600] loss=0.0186  pred=true   gold=true  running‐acc=0.921
Locality eval: pred=n/a               gold=n/a  correct=True  running‐acc=0.649
[ 560/600] loss=0.4951  pred=n/a    gold=n/a  running‐acc=0.921
Locality eval: pred=true              gold=true  correct=True  running‐acc=0.650
[ 561/600] loss=0.0784  pred=true   gold=true  running‐acc=0.922
Locality eval: pred=false             gold=n/a  correct=False  running‐acc=0.649
[ 562/600] loss=0.0071  pred=true   gold=true  running‐acc=0.922
Locality eval: pred=true              gold=n/a  correct=False  running‐acc=0.648
[ 563/600] loss=0.2909  pred=n/a    gold=n/a  running‐acc=0.922
Locality eval: pred=n/a               gold=true  correct=False  running‐acc=0.647
[ 564/600] loss=0.2308  pred=true   gold=true  running‐acc=0.922
Locality eval: pred=true              gold=n/a  correct=False  running‐acc=0.645
[ 565/600] loss=0.1779  pred=n/a    gold=n/a  running‐acc=0.922
Locality eval: pred=true              gold=true  correct=True  running‐acc=0.646
[ 566/600] loss=0.0512  pred=true   gold=true  running‐acc=0.922
Locality eval: pred=true              gold=n/a  correct=False  running‐acc=0.645
[ 567/600] loss=0.4049  pred=true   gold=true  running‐acc=0.922
Locality eval: pred=n/a               gold=n/a  correct=True  running‐acc=0.646
[ 568/600] loss=0.4603  pred=false  gold=n/a  running‐acc=0.921
Locality eval: pred=true              gold=true  correct=True  running‐acc=0.646
[ 569/600] loss=0.0421  pred=true   gold=true  running‐acc=0.921
Locality eval: pred=true              gold=n/a  correct=False  running‐acc=0.645
[ 570/600] loss=0.0329  pred=true   gold=true  running‐acc=0.921
Locality eval: pred=n/a               gold=n/a  correct=True  running‐acc=0.646
[ 571/600] loss=0.1286  pred=true   gold=true  running‐acc=0.921
Locality eval: pred=true              gold=n/a  correct=False  running‐acc=0.644
[ 572/600] loss=0.0351  pred=true   gold=true  running‐acc=0.921
Locality eval: pred=false             gold=n/a  correct=False  running‐acc=0.643
[ 573/600] loss=0.2388  pred=true   gold=true  running‐acc=0.921
Locality eval: pred=n/a               gold=n/a  correct=True  running‐acc=0.644
[ 574/600] loss=0.3607  pred=false  gold=true  running‐acc=0.920
Locality eval: pred=true              gold=n/a  correct=False  running‐acc=0.643
[ 575/600] loss=0.2439  pred=true   gold=true  running‐acc=0.920
Locality eval: pred=n/a               gold=n/a  correct=True  running‐acc=0.643
[ 576/600] loss=0.0608  pred=true   gold=true  running‐acc=0.920
Locality eval: pred=true              gold=n/a  correct=False  running‐acc=0.642
[ 577/600] loss=0.0095  pred=true   gold=true  running‐acc=0.920
Locality eval: pred=n/a               gold=n/a  correct=True  running‐acc=0.643
[ 578/600] loss=0.2378  pred=n/a    gold=n/a  running‐acc=0.920
Locality eval: pred=true              gold=true  correct=True  running‐acc=0.644
[ 579/600] loss=0.1162  pred=true   gold=true  running‐acc=0.921
Locality eval: pred=true              gold=n/a  correct=False  running‐acc=0.642
[ 580/600] loss=0.1468  pred=n/a    gold=n/a  running‐acc=0.921
Locality eval: pred=true              gold=true  correct=True  running‐acc=0.643
[ 581/600] loss=0.5172  pred=n/a    gold=n/a  running‐acc=0.921
Locality eval: pred=true              gold=true  correct=True  running‐acc=0.644
[ 582/600] loss=0.2256  pred=n/a    gold=n/a  running‐acc=0.921
Locality eval: pred=true              gold=true  correct=True  running‐acc=0.644
[ 583/600] loss=0.2908  pred=n/a    gold=n/a  running‐acc=0.921
Locality eval: pred=true              gold=true  correct=True  running‐acc=0.645
[ 584/600] loss=0.2062  pred=n/a    gold=n/a  running‐acc=0.921
Locality eval: pred=true.             gold=true  correct=True  running‐acc=0.646
[ 585/600] loss=0.2360  pred=n/a    gold=n/a  running‐acc=0.921
Locality eval: pred=                  gold=true  correct=False  running‐acc=0.644
[ 586/600] loss=0.0681  pred=n/a    gold=n/a  running‐acc=0.922
Locality eval: pred=true.             gold=true  correct=True  running‐acc=0.645
[ 587/600] loss=0.0915  pred=true   gold=true  running‐acc=0.922
Locality eval: pred=true              gold=n/a  correct=False  running‐acc=0.644
[ 588/600] loss=0.0154  pred=true   gold=true  running‐acc=0.922
Locality eval: pred=true              gold=n/a  correct=False  running‐acc=0.643
[ 589/600] loss=0.0831  pred=true   gold=true  running‐acc=0.922
Locality eval: pred=n/a               gold=n/a  correct=True  running‐acc=0.643
[ 590/600] loss=0.0700  pred=true   gold=true  running‐acc=0.922
Locality eval: pred=n/a               gold=n/a  correct=True  running‐acc=0.644
[ 591/600] loss=0.1878  pred=true   gold=true  running‐acc=0.922
Locality eval: pred=n/a               gold=n/a  correct=True  running‐acc=0.645
[ 592/600] loss=0.7560  pred=       gold=n/a  running‐acc=0.921
Locality eval: pred=true              gold=true  correct=True  running‐acc=0.645
[ 593/600] loss=0.0955  pred=true   gold=true  running‐acc=0.921
Locality eval: pred=n/a               gold=n/a  correct=True  running‐acc=0.646
[ 594/600] loss=0.0084  pred=n/a    gold=n/a  running‐acc=0.921
Locality eval: pred=n/a               gold=true  correct=False  running‐acc=0.645
[ 595/600] loss=0.0141  pred=true   gold=true  running‐acc=0.921
Locality eval: pred=n/a               gold=n/a  correct=True  running‐acc=0.645
[ 596/600] loss=0.6009  pred=false  gold=n/a  running‐acc=0.919
Locality eval: pred=true              gold=true  correct=True  running‐acc=0.646
[ 597/600] loss=0.4629  pred=n/a    gold=n/a  running‐acc=0.920
Locality eval: pred=true              gold=true  correct=True  running‐acc=0.647
[ 598/600] loss=0.0071  pred=n/a    gold=true  running‐acc=0.918
Locality eval: pred=n/a               gold=n/a  correct=True  running‐acc=0.647
[ 599/600] loss=0.0177  pred=true   gold=true  running‐acc=0.918
Locality eval: pred=false             gold=n/a  correct=False  running‐acc=0.646
[ 600/600] loss=0.5343  pred=n/a    gold=n/a  running‐acc=0.918
Locality eval: pred=true              gold=true  correct=True  running‐acc=0.647

Finished in 1354.2s.  Final accuracy: 0.918.

