Sliding Window Attention is enabled but not implemented for `sdpa`; unexpected results may be encountered.

Loading base model (4‐bit)…
Loading checkpoint shards:   0%|          | 0/4 [00:00<?, ?it/s]Loading checkpoint shards:  25%|██▌       | 1/4 [00:02<00:06,  2.14s/it]Loading checkpoint shards:  50%|█████     | 2/4 [00:04<00:04,  2.26s/it]Loading checkpoint shards:  75%|███████▌  | 3/4 [00:06<00:02,  2.30s/it]Loading checkpoint shards: 100%|██████████| 4/4 [00:08<00:00,  2.07s/it]Loading checkpoint shards: 100%|██████████| 4/4 [00:08<00:00,  2.13s/it]
trainable params: 5,046,272 || all params: 7,620,662,784 || trainable%: 0.0662
  0%|          | 0/600 [00:00<?, ?it/s]100%|██████████| 600/600 [00:00<00:00, 22199.33it/s]
/project/uvadm/zhenyu/miniconda3/envs/mechanistic/lib/python3.10/site-packages/transformers/generation/configuration_utils.py:631: UserWarning: `do_sample` is set to `False`. However, `temperature` is set to `0.7` -- this flag is only used in sample-based generation modes. You should set `do_sample=True` or unset `temperature`.
  warnings.warn(
/project/uvadm/zhenyu/miniconda3/envs/mechanistic/lib/python3.10/site-packages/transformers/generation/configuration_utils.py:636: UserWarning: `do_sample` is set to `False`. However, `top_p` is set to `0.8` -- this flag is only used in sample-based generation modes. You should set `do_sample=True` or unset `top_p`.
  warnings.warn(
/project/uvadm/zhenyu/miniconda3/envs/mechanistic/lib/python3.10/site-packages/transformers/generation/configuration_utils.py:653: UserWarning: `do_sample` is set to `False`. However, `top_k` is set to `20` -- this flag is only used in sample-based generation modes. You should set `do_sample=True` or unset `top_k`.
  warnings.warn(
Loaded 600 (train, eval) pairs.

Starting sequential training…
Cached 112 LoRA tensors.
[   1/600] loss=2.9829  pred=true.  gold=true  running‐acc=1.000
Locality eval: pred=n/a               gold=n/a  correct=True  running‐acc=1.000
[   2/600] loss=3.8226  pred=true   gold=true  running‐acc=1.000
Locality eval: pred=n/a               gold=n/a  correct=True  running‐acc=1.000
[   3/600] loss=3.2474  pred=true   gold=true  running‐acc=1.000
Locality eval: pred=n/a               gold=n/a  correct=True  running‐acc=1.000
[   4/600] loss=3.2986  pred=true   gold=true  running‐acc=1.000
Locality eval: pred=n/a               gold=n/a  correct=True  running‐acc=1.000
[   5/600] loss=3.2211  pred=true   gold=true  running‐acc=1.000
Locality eval: pred=n/a               gold=n/a  correct=True  running‐acc=1.000
[   6/600] loss=4.5725  pred=true.  gold=true  running‐acc=1.000
Locality eval: pred=n/a               gold=n/a  correct=True  running‐acc=1.000
[   7/600] loss=3.5497  pred=n/a    gold=n/a  running‐acc=1.000
Locality eval: pred=true.             gold=true  correct=True  running‐acc=1.000
[   8/600] loss=3.4080  pred=n/a    gold=n/a  running‐acc=1.000
Locality eval: pred=true.             gold=true  correct=True  running‐acc=1.000
[   9/600] loss=4.9535  pred=n/a    gold=true  running‐acc=0.889
Locality eval: pred=n/a               gold=n/a  correct=True  running‐acc=1.000
[  10/600] loss=4.4170  pred=true.  gold=true  running‐acc=0.900
Locality eval: pred=n/a               gold=n/a  correct=True  running‐acc=1.000
[  11/600] loss=4.2470  pred=n/a    gold=true  running‐acc=0.818
Locality eval: pred=n/a               gold=n/a  correct=True  running‐acc=1.000
[  12/600] loss=3.9942  pred=true.  gold=true  running‐acc=0.833
Locality eval: pred=n/a               gold=n/a  correct=True  running‐acc=1.000
[  13/600] loss=2.7728  pred=true   gold=n/a  running‐acc=0.769
Locality eval: pred=true.             gold=true  correct=True  running‐acc=1.000
[  14/600] loss=3.7570  pred=n/a    gold=n/a  running‐acc=0.786
Locality eval: pred=true.             gold=true  correct=True  running‐acc=1.000
[  15/600] loss=3.2060  pred=n/a    gold=true  running‐acc=0.733
Locality eval: pred=n/a               gold=n/a  correct=True  running‐acc=1.000
[  16/600] loss=3.4729  pred=n/a    gold=n/a  running‐acc=0.750
Locality eval: pred=true.             gold=true  correct=True  running‐acc=1.000
[  17/600] loss=3.3043  pred=n/a    gold=n/a  running‐acc=0.765
Locality eval: pred=true.             gold=true  correct=True  running‐acc=1.000
[  18/600] loss=3.2274  pred=true   gold=true  running‐acc=0.778
Locality eval: pred=n/a               gold=n/a  correct=True  running‐acc=1.000
[  19/600] loss=4.1360  pred=true.  gold=true  running‐acc=0.789
Locality eval: pred=n/a               gold=n/a  correct=True  running‐acc=1.000
[  20/600] loss=3.4248  pred=n/a    gold=n/a  running‐acc=0.800
Locality eval: pred=true.             gold=true  correct=True  running‐acc=1.000
[  21/600] loss=3.6511  pred=false.  gold=n/a  running‐acc=0.762
Locality eval: pred=true.             gold=true  correct=True  running‐acc=1.000
[  22/600] loss=3.5472  pred=n/a    gold=n/a  running‐acc=0.773
Locality eval: pred=true.             gold=true  correct=True  running‐acc=1.000
[  23/600] loss=3.6017  pred=n/a    gold=n/a  running‐acc=0.783
Locality eval: pred=true.             gold=true  correct=True  running‐acc=1.000
[  24/600] loss=3.1006  pred=n/a    gold=n/a  running‐acc=0.792
Locality eval: pred=true              gold=true  correct=True  running‐acc=1.000
[  25/600] loss=3.6255  pred=true.  gold=true  running‐acc=0.800
Locality eval: pred=n/a               gold=n/a  correct=True  running‐acc=1.000
[  26/600] loss=3.6896  pred=n/a    gold=n/a  running‐acc=0.808
Locality eval: pred=true.             gold=true  correct=True  running‐acc=1.000
[  27/600] loss=3.3796  pred=n/a    gold=n/a  running‐acc=0.815
Locality eval: pred=true.             gold=true  correct=True  running‐acc=1.000
[  28/600] loss=3.1421  pred=true.  gold=n/a  running‐acc=0.786
Locality eval: pred=true.             gold=true  correct=True  running‐acc=1.000
[  29/600] loss=3.2886  pred=n/a    gold=n/a  running‐acc=0.793
Locality eval: pred=true              gold=true  correct=True  running‐acc=1.000
[  30/600] loss=3.5387  pred=n/a    gold=n/a  running‐acc=0.800
Locality eval: pred=true.             gold=true  correct=True  running‐acc=1.000
[  31/600] loss=3.0413  pred=true   gold=true  running‐acc=0.806
Locality eval: pred=n/a               gold=n/a  correct=True  running‐acc=1.000
[  32/600] loss=3.3010  pred=n/a    gold=n/a  running‐acc=0.812
Locality eval: pred=true.             gold=true  correct=True  running‐acc=1.000
[  33/600] loss=3.1833  pred=n/a    gold=n/a  running‐acc=0.818
Locality eval: pred=true              gold=true  correct=True  running‐acc=1.000
[  34/600] loss=3.5098  pred=n/a    gold=n/a  running‐acc=0.824
Locality eval: pred=true.             gold=true  correct=True  running‐acc=1.000
[  35/600] loss=3.1006  pred=n/a    gold=true  running‐acc=0.800
Locality eval: pred=n/a               gold=n/a  correct=True  running‐acc=1.000
[  36/600] loss=2.5691  pred=n/a    gold=n/a  running‐acc=0.806
Locality eval: pred=true.             gold=true  correct=True  running‐acc=1.000
[  37/600] loss=4.7719  pred=true.  gold=true  running‐acc=0.811
Locality eval: pred=n/a               gold=n/a  correct=True  running‐acc=1.000
[  38/600] loss=3.0470  pred=n/a    gold=n/a  running‐acc=0.816
Locality eval: pred=true.             gold=true  correct=True  running‐acc=1.000
[  39/600] loss=4.5325  pred=true.  gold=true  running‐acc=0.821
Locality eval: pred=n/a               gold=n/a  correct=True  running‐acc=1.000
[  40/600] loss=3.9537  pred=n/a    gold=true  running‐acc=0.800
Locality eval: pred=n/a               gold=n/a  correct=True  running‐acc=1.000
[  41/600] loss=4.0586  pred=true.  gold=true  running‐acc=0.805
Locality eval: pred=n/a               gold=n/a  correct=True  running‐acc=1.000
[  42/600] loss=3.4305  pred=n/a    gold=n/a  running‐acc=0.810
Locality eval: pred=true.             gold=true  correct=True  running‐acc=1.000
[  43/600] loss=1.9740  pred=true   gold=true  running‐acc=0.814
Locality eval: pred=n/a               gold=n/a  correct=True  running‐acc=1.000
[  44/600] loss=3.5869  pred=n/a    gold=n/a  running‐acc=0.818
Locality eval: pred=true.             gold=true  correct=True  running‐acc=1.000
[  45/600] loss=3.2853  pred=n/a    gold=n/a  running‐acc=0.822
Locality eval: pred=true.             gold=true  correct=True  running‐acc=1.000
[  46/600] loss=3.4428  pred=true   gold=true  running‐acc=0.826
Locality eval: pred=n/a               gold=n/a  correct=True  running‐acc=1.000
[  47/600] loss=2.5926  pred=true   gold=true  running‐acc=0.830
Locality eval: pred=n/a               gold=n/a  correct=True  running‐acc=1.000
[  48/600] loss=3.6850  pred=n/a    gold=n/a  running‐acc=0.833
Locality eval: pred=true.             gold=true  correct=True  running‐acc=1.000
[  49/600] loss=3.9356  pred=true   gold=true  running‐acc=0.837
Locality eval: pred=n/a               gold=n/a  correct=True  running‐acc=1.000
[  50/600] loss=3.4422  pred=n/a    gold=n/a  running‐acc=0.840
Locality eval: pred=true              gold=true  correct=True  running‐acc=1.000
[  51/600] loss=3.1536  pred=true.  gold=true  running‐acc=0.843
Locality eval: pred=n/a               gold=n/a  correct=True  running‐acc=1.000
[  52/600] loss=2.9910  pred=true   gold=true  running‐acc=0.846
Locality eval: pred=n/a               gold=n/a  correct=True  running‐acc=1.000
[  53/600] loss=3.6471  pred=n/a    gold=n/a  running‐acc=0.849
Locality eval: pred=true.             gold=true  correct=True  running‐acc=1.000
[  54/600] loss=3.8647  pred=true.  gold=true  running‐acc=0.852
Locality eval: pred=n/a               gold=n/a  correct=True  running‐acc=1.000
[  55/600] loss=3.1779  pred=n/a    gold=n/a  running‐acc=0.855
Locality eval: pred=true.             gold=true  correct=True  running‐acc=1.000
[  56/600] loss=3.0975  pred=n/a    gold=n/a  running‐acc=0.857
Locality eval: pred=true.             gold=true  correct=True  running‐acc=1.000
[  57/600] loss=3.0324  pred=n/a    gold=true  running‐acc=0.842
Locality eval: pred=n/a               gold=n/a  correct=True  running‐acc=1.000
[  58/600] loss=2.9126  pred=true   gold=true  running‐acc=0.845
Locality eval: pred=n/a               gold=n/a  correct=True  running‐acc=1.000
[  59/600] loss=2.5007  pred=true   gold=true  running‐acc=0.847
Locality eval: pred=n/a               gold=n/a  correct=True  running‐acc=1.000
[  60/600] loss=2.1225  pred=true   gold=true  running‐acc=0.850
Locality eval: pred=n/a               gold=n/a  correct=True  running‐acc=1.000
[  61/600] loss=4.7139  pred=true.  gold=true  running‐acc=0.852
Locality eval: pred=n/a               gold=n/a  correct=True  running‐acc=1.000
[  62/600] loss=4.0011  pred=n/a    gold=true  running‐acc=0.839
Locality eval: pred=n/a               gold=n/a  correct=True  running‐acc=1.000
[  63/600] loss=3.5673  pred=n/a    gold=n/a  running‐acc=0.841
Locality eval: pred=true.             gold=true  correct=True  running‐acc=1.000
[  64/600] loss=3.7907  pred=n/a    gold=n/a  running‐acc=0.844
Locality eval: pred=true.             gold=true  correct=True  running‐acc=1.000
[  65/600] loss=3.3190  pred=n/a    gold=n/a  running‐acc=0.846
Locality eval: pred=true.             gold=true  correct=True  running‐acc=1.000
[  66/600] loss=4.1266  pred=true.  gold=true  running‐acc=0.848
Locality eval: pred=n/a               gold=n/a  correct=True  running‐acc=1.000
[  67/600] loss=3.0232  pred=true.  gold=true  running‐acc=0.851
Locality eval: pred=n/a               gold=n/a  correct=True  running‐acc=1.000
[  68/600] loss=4.4377  pred=true.  gold=true  running‐acc=0.853
Locality eval: pred=n/a               gold=n/a  correct=True  running‐acc=1.000
[  69/600] loss=4.0281  pred=true.  gold=n/a  running‐acc=0.841
Locality eval: pred=true.             gold=true  correct=True  running‐acc=1.000
[  70/600] loss=3.4051  pred=n/a    gold=n/a  running‐acc=0.843
Locality eval: pred=true.             gold=true  correct=True  running‐acc=1.000
[  71/600] loss=3.1360  pred=n/a    gold=n/a  running‐acc=0.845
Locality eval: pred=true.             gold=true  correct=True  running‐acc=1.000
[  72/600] loss=3.3128  pred=n/a    gold=n/a  running‐acc=0.847
Locality eval: pred=true              gold=true  correct=True  running‐acc=1.000
[  73/600] loss=3.2963  pred=true.  gold=true  running‐acc=0.849
Locality eval: pred=n/a               gold=n/a  correct=True  running‐acc=1.000
[  74/600] loss=3.4431  pred=false.  gold=n/a  running‐acc=0.838
Locality eval: pred=true              gold=true  correct=True  running‐acc=1.000
[  75/600] loss=3.6663  pred=n/a    gold=n/a  running‐acc=0.840
Locality eval: pred=true.             gold=true  correct=True  running‐acc=1.000
[  76/600] loss=5.2152  pred=true   gold=true  running‐acc=0.842
Locality eval: pred=n/a               gold=n/a  correct=True  running‐acc=1.000
[  77/600] loss=3.9699  pred=true.  gold=true  running‐acc=0.844
Locality eval: pred=n/a               gold=n/a  correct=True  running‐acc=1.000
[  78/600] loss=2.8158  pred=n/a    gold=n/a  running‐acc=0.846
Locality eval: pred=true.             gold=true  correct=True  running‐acc=1.000
[  79/600] loss=3.9964  pred=true   gold=true  running‐acc=0.848
Locality eval: pred=n/a               gold=n/a  correct=True  running‐acc=1.000
[  80/600] loss=3.3751  pred=false.  gold=n/a  running‐acc=0.838
Locality eval: pred=true.             gold=true  correct=True  running‐acc=1.000
[  81/600] loss=3.9822  pred=n/a    gold=n/a  running‐acc=0.840
Locality eval: pred=true.             gold=true  correct=True  running‐acc=1.000
[  82/600] loss=4.9194  pred=true   gold=true  running‐acc=0.841
Locality eval: pred=false.            gold=n/a  correct=False  running‐acc=0.988
[  83/600] loss=3.5549  pred=true.  gold=n/a  running‐acc=0.831
Locality eval: pred=true.             gold=true  correct=True  running‐acc=0.988
[  84/600] loss=4.5859  pred=true   gold=true  running‐acc=0.833
Locality eval: pred=n/a               gold=n/a  correct=True  running‐acc=0.988
[  85/600] loss=3.1911  pred=n/a    gold=n/a  running‐acc=0.835
Locality eval: pred=true.             gold=true  correct=True  running‐acc=0.988
[  86/600] loss=3.0234  pred=n/a    gold=n/a  running‐acc=0.837
Locality eval: pred=true.             gold=true  correct=True  running‐acc=0.988
[  87/600] loss=3.4802  pred=n/a    gold=n/a  running‐acc=0.839
Locality eval: pred=true.             gold=true  correct=True  running‐acc=0.989
[  88/600] loss=5.1867  pred=true   gold=true  running‐acc=0.841
Locality eval: pred=n/a               gold=n/a  correct=True  running‐acc=0.989
[  89/600] loss=3.3845  pred=true.  gold=true  running‐acc=0.843
Locality eval: pred=n/a               gold=n/a  correct=True  running‐acc=0.989
[  90/600] loss=2.5021  pred=n/a    gold=n/a  running‐acc=0.844
Locality eval: pred=true              gold=true  correct=True  running‐acc=0.989
[  91/600] loss=2.2502  pred=n/a    gold=n/a  running‐acc=0.846
Locality eval: pred=true.             gold=true  correct=True  running‐acc=0.989
[  92/600] loss=3.2201  pred=false.  gold=true  running‐acc=0.837
Locality eval: pred=n/a               gold=n/a  correct=True  running‐acc=0.989
[  93/600] loss=3.7713  pred=n/a    gold=n/a  running‐acc=0.839
Locality eval: pred=true.             gold=true  correct=True  running‐acc=0.989
[  94/600] loss=3.6921  pred=n/a    gold=n/a  running‐acc=0.840
Locality eval: pred=true.             gold=true  correct=True  running‐acc=0.989
[  95/600] loss=3.3213  pred=true   gold=true  running‐acc=0.842
Locality eval: pred=n/a               gold=n/a  correct=True  running‐acc=0.989
[  96/600] loss=3.2442  pred=false.  gold=n/a  running‐acc=0.833
Locality eval: pred=true.             gold=true  correct=True  running‐acc=0.990
[  97/600] loss=1.6136  pred=n/a    gold=n/a  running‐acc=0.835
Locality eval: pred=true.             gold=true  correct=True  running‐acc=0.990
[  98/600] loss=3.8518  pred=n/a    gold=n/a  running‐acc=0.837
Locality eval: pred=true.             gold=true  correct=True  running‐acc=0.990
[  99/600] loss=2.4392  pred=true.  gold=true  running‐acc=0.838
Locality eval: pred=n/a               gold=n/a  correct=True  running‐acc=0.990
[ 100/600] loss=4.4345  pred=true.  gold=true  running‐acc=0.840
Locality eval: pred=n/a               gold=n/a  correct=True  running‐acc=0.990
[ 101/600] loss=3.0687  pred=n/a    gold=n/a  running‐acc=0.842
Locality eval: pred=true              gold=true  correct=True  running‐acc=0.990
[ 102/600] loss=3.2709  pred=true   gold=true  running‐acc=0.843
Locality eval: pred=n/a               gold=n/a  correct=True  running‐acc=0.990
[ 103/600] loss=3.8914  pred=n/a    gold=n/a  running‐acc=0.845
Locality eval: pred=true.             gold=true  correct=True  running‐acc=0.990
[ 104/600] loss=4.4581  pred=true   gold=true  running‐acc=0.846
Locality eval: pred=n/a               gold=n/a  correct=True  running‐acc=0.990
[ 105/600] loss=3.4273  pred=true   gold=true  running‐acc=0.848
Locality eval: pred=n/a               gold=n/a  correct=True  running‐acc=0.990
[ 106/600] loss=3.1481  pred=true   gold=true  running‐acc=0.849
Locality eval: pred=n/a               gold=n/a  correct=True  running‐acc=0.991
[ 107/600] loss=2.3261  pred=true   gold=true  running‐acc=0.850
Locality eval: pred=n/a               gold=n/a  correct=True  running‐acc=0.991
[ 108/600] loss=2.6434  pred=true   gold=true  running‐acc=0.852
Locality eval: pred=n/a               gold=n/a  correct=True  running‐acc=0.991
[ 109/600] loss=2.8539  pred=true.  gold=true  running‐acc=0.853
Locality eval: pred=n/a               gold=n/a  correct=True  running‐acc=0.991
[ 110/600] loss=2.9591  pred=true.  gold=true  running‐acc=0.855
Locality eval: pred=n/a               gold=n/a  correct=True  running‐acc=0.991
[ 111/600] loss=2.6490  pred=true   gold=true  running‐acc=0.856
Locality eval: pred=n/a               gold=n/a  correct=True  running‐acc=0.991
[ 112/600] loss=3.9489  pred=true.  gold=true  running‐acc=0.857
Locality eval: pred=n/a               gold=n/a  correct=True  running‐acc=0.991
[ 113/600] loss=2.7604  pred=n/a    gold=n/a  running‐acc=0.858
Locality eval: pred=true              gold=true  correct=True  running‐acc=0.991
[ 114/600] loss=3.1604  pred=n/a    gold=n/a  running‐acc=0.860
Locality eval: pred=true.             gold=true  correct=True  running‐acc=0.991
[ 115/600] loss=2.8122  pred=false  gold=n/a  running‐acc=0.852
Locality eval: pred=true.             gold=true  correct=True  running‐acc=0.991
[ 116/600] loss=3.3863  pred=true   gold=true  running‐acc=0.853
Locality eval: pred=n/a               gold=n/a  correct=True  running‐acc=0.991
[ 117/600] loss=3.1645  pred=n/a    gold=n/a  running‐acc=0.855
Locality eval: pred=true.             gold=true  correct=True  running‐acc=0.991
[ 118/600] loss=3.3766  pred=n/a    gold=n/a  running‐acc=0.856
Locality eval: pred=true.             gold=true  correct=True  running‐acc=0.992
[ 119/600] loss=3.5530  pred=n/a    gold=n/a  running‐acc=0.857
Locality eval: pred=true.             gold=true  correct=True  running‐acc=0.992
[ 120/600] loss=3.0124  pred=false.  gold=n/a  running‐acc=0.850
Locality eval: pred=true.             gold=true  correct=True  running‐acc=0.992
[ 121/600] loss=2.6815  pred=true   gold=true  running‐acc=0.851
Locality eval: pred=false.            gold=n/a  correct=False  running‐acc=0.983
[ 122/600] loss=3.4787  pred=true   gold=true  running‐acc=0.852
Locality eval: pred=n/a               gold=n/a  correct=True  running‐acc=0.984
[ 123/600] loss=3.2366  pred=false.  gold=n/a  running‐acc=0.846
Locality eval: pred=true.             gold=true  correct=True  running‐acc=0.984
[ 124/600] loss=3.5403  pred=n/a    gold=n/a  running‐acc=0.847
Locality eval: pred=true.             gold=true  correct=True  running‐acc=0.984
[ 125/600] loss=3.6534  pred=true   gold=n/a  running‐acc=0.840
Locality eval: pred=true.             gold=true  correct=True  running‐acc=0.984
[ 126/600] loss=5.2485  pred=true.  gold=true  running‐acc=0.841
Locality eval: pred=true.             gold=n/a  correct=False  running‐acc=0.976
[ 127/600] loss=3.9145  pred=true.  gold=true  running‐acc=0.843
Locality eval: pred=n/a               gold=n/a  correct=True  running‐acc=0.976
[ 128/600] loss=3.7581  pred=n/a    gold=n/a  running‐acc=0.844
Locality eval: pred=true.             gold=true  correct=True  running‐acc=0.977
[ 129/600] loss=2.2549  pred=true   gold=true  running‐acc=0.845
Locality eval: pred=n/a               gold=n/a  correct=True  running‐acc=0.977
[ 130/600] loss=3.2789  pred=n/a    gold=n/a  running‐acc=0.846
Locality eval: pred=true.             gold=true  correct=True  running‐acc=0.977
[ 131/600] loss=4.8174  pred=true.  gold=true  running‐acc=0.847
Locality eval: pred=true.             gold=n/a  correct=False  running‐acc=0.969
[ 132/600] loss=2.6373  pred=n/a    gold=n/a  running‐acc=0.848
Locality eval: pred=true.             gold=true  correct=True  running‐acc=0.970
[ 133/600] loss=2.5295  pred=true   gold=n/a  running‐acc=0.842
Locality eval: pred=true.             gold=true  correct=True  running‐acc=0.970
[ 134/600] loss=3.0294  pred=true   gold=true  running‐acc=0.843
Locality eval: pred=n/a               gold=n/a  correct=True  running‐acc=0.970
[ 135/600] loss=3.4589  pred=true   gold=true  running‐acc=0.844
Locality eval: pred=n/a               gold=n/a  correct=True  running‐acc=0.970
[ 136/600] loss=3.7255  pred=n/a    gold=n/a  running‐acc=0.846
Locality eval: pred=true.             gold=true  correct=True  running‐acc=0.971
[ 137/600] loss=3.6216  pred=true.  gold=true  running‐acc=0.847
Locality eval: pred=n/a               gold=n/a  correct=True  running‐acc=0.971
[ 138/600] loss=6.9751  pred=n/a    gold=true  running‐acc=0.841
Locality eval: pred=n/a               gold=n/a  correct=True  running‐acc=0.971
[ 139/600] loss=2.9799  pred=n/a    gold=n/a  running‐acc=0.842
Locality eval: pred=true.             gold=true  correct=True  running‐acc=0.971
[ 140/600] loss=3.7113  pred=n/a    gold=n/a  running‐acc=0.843
Locality eval: pred=true.             gold=true  correct=True  running‐acc=0.971
[ 141/600] loss=3.6522  pred=n/a    gold=n/a  running‐acc=0.844
Locality eval: pred=true.             gold=true  correct=True  running‐acc=0.972
[ 142/600] loss=3.2912  pred=true.  gold=n/a  running‐acc=0.838
Locality eval: pred=true.             gold=true  correct=True  running‐acc=0.972
[ 143/600] loss=3.2400  pred=true   gold=true  running‐acc=0.839
Locality eval: pred=n/a               gold=n/a  correct=True  running‐acc=0.972
[ 144/600] loss=3.1977  pred=true   gold=true  running‐acc=0.840
Locality eval: pred=n/a               gold=n/a  correct=True  running‐acc=0.972
[ 145/600] loss=3.5507  pred=true   gold=true  running‐acc=0.841
Locality eval: pred=n/a               gold=n/a  correct=True  running‐acc=0.972
[ 146/600] loss=2.7711  pred=true   gold=true  running‐acc=0.842
Locality eval: pred=n/a               gold=n/a  correct=True  running‐acc=0.973
[ 147/600] loss=3.3102  pred=n/a    gold=n/a  running‐acc=0.844
Locality eval: pred=true              gold=true  correct=True  running‐acc=0.973
[ 148/600] loss=3.2092  pred=true.  gold=true  running‐acc=0.845
Locality eval: pred=n/a               gold=n/a  correct=True  running‐acc=0.973
[ 149/600] loss=3.5765  pred=n/a    gold=n/a  running‐acc=0.846
Locality eval: pred=true.             gold=true  correct=True  running‐acc=0.973
[ 150/600] loss=2.4710  pred=n/a    gold=n/a  running‐acc=0.847
Locality eval: pred=true.             gold=true  correct=True  running‐acc=0.973
[ 151/600] loss=3.5270  pred=true   gold=true  running‐acc=0.848
Locality eval: pred=n/a               gold=n/a  correct=True  running‐acc=0.974
[ 152/600] loss=4.6432  pred=true.  gold=true  running‐acc=0.849
Locality eval: pred=false.            gold=n/a  correct=False  running‐acc=0.967
[ 153/600] loss=3.4956  pred=n/a    gold=n/a  running‐acc=0.850
Locality eval: pred=true.             gold=true  correct=True  running‐acc=0.967
[ 154/600] loss=2.6229  pred=n/a    gold=n/a  running‐acc=0.851
Locality eval: pred=true.             gold=true  correct=True  running‐acc=0.968
[ 155/600] loss=2.9694  pred=true.  gold=true  running‐acc=0.852
Locality eval: pred=n/a               gold=n/a  correct=True  running‐acc=0.968
[ 156/600] loss=3.5262  pred=n/a    gold=n/a  running‐acc=0.853
Locality eval: pred=true.             gold=true  correct=True  running‐acc=0.968
[ 157/600] loss=3.2988  pred=true.  gold=true  running‐acc=0.854
Locality eval: pred=n/a               gold=n/a  correct=True  running‐acc=0.968
[ 158/600] loss=3.3996  pred=n/a    gold=n/a  running‐acc=0.854
Locality eval: pred=true.             gold=true  correct=True  running‐acc=0.968
[ 159/600] loss=3.4971  pred=true   gold=n/a  running‐acc=0.849
Locality eval: pred=true.             gold=true  correct=True  running‐acc=0.969
[ 160/600] loss=3.5831  pred=n/a    gold=n/a  running‐acc=0.850
Locality eval: pred=true.             gold=true  correct=True  running‐acc=0.969
[ 161/600] loss=4.0897  pred=n/a    gold=true  running‐acc=0.845
Locality eval: pred=n/a               gold=n/a  correct=True  running‐acc=0.969
[ 162/600] loss=1.9510  pred=n/a    gold=n/a  running‐acc=0.846
Locality eval: pred=true.             gold=true  correct=True  running‐acc=0.969
[ 163/600] loss=3.7741  pred=n/a    gold=n/a  running‐acc=0.847
Locality eval: pred=true.             gold=true  correct=True  running‐acc=0.969
[ 164/600] loss=3.5884  pred=false.  gold=n/a  running‐acc=0.841
Locality eval: pred=true.             gold=true  correct=True  running‐acc=0.970
[ 165/600] loss=4.2494  pred=true   gold=true  running‐acc=0.842
Locality eval: pred=n/a               gold=n/a  correct=True  running‐acc=0.970
[ 166/600] loss=5.1647  pred=true.  gold=true  running‐acc=0.843
Locality eval: pred=n/a               gold=n/a  correct=True  running‐acc=0.970
[ 167/600] loss=3.7616  pred=n/a    gold=n/a  running‐acc=0.844
Locality eval: pred=true.             gold=true  correct=True  running‐acc=0.970
[ 168/600] loss=4.3092  pred=n/a    gold=true  running‐acc=0.839
Locality eval: pred=n/a               gold=n/a  correct=True  running‐acc=0.970
[ 169/600] loss=3.4279  pred=n/a    gold=n/a  running‐acc=0.840
Locality eval: pred=true.             gold=true  correct=True  running‐acc=0.970
[ 170/600] loss=2.8091  pred=n/a    gold=n/a  running‐acc=0.841
Locality eval: pred=true.             gold=true  correct=True  running‐acc=0.971
[ 171/600] loss=2.4580  pred=n/a    gold=n/a  running‐acc=0.842
Locality eval: pred=true.             gold=true  correct=True  running‐acc=0.971
[ 172/600] loss=3.5198  pred=true   gold=true  running‐acc=0.843
Locality eval: pred=n/a               gold=n/a  correct=True  running‐acc=0.971
[ 173/600] loss=2.9299  pred=n/a    gold=n/a  running‐acc=0.844
Locality eval: pred=true              gold=true  correct=True  running‐acc=0.971
[ 174/600] loss=4.1034  pred=true.  gold=true  running‐acc=0.845
Locality eval: pred=n/a               gold=n/a  correct=True  running‐acc=0.971
[ 175/600] loss=3.9252  pred=true   gold=true  running‐acc=0.846
Locality eval: pred=n/a               gold=n/a  correct=True  running‐acc=0.971
[ 176/600] loss=3.6656  pred=false.  gold=n/a  running‐acc=0.841
Locality eval: pred=true.             gold=true  correct=True  running‐acc=0.972
[ 177/600] loss=2.9999  pred=true   gold=true  running‐acc=0.842
Locality eval: pred=n/a               gold=n/a  correct=True  running‐acc=0.972
[ 178/600] loss=3.5763  pred=n/a    gold=n/a  running‐acc=0.843
Locality eval: pred=true.             gold=true  correct=True  running‐acc=0.972
[ 179/600] loss=3.0716  pred=n/a    gold=n/a  running‐acc=0.844
Locality eval: pred=true.             gold=true  correct=True  running‐acc=0.972
[ 180/600] loss=4.9763  pred=n/a    gold=true  running‐acc=0.839
Locality eval: pred=n/a               gold=n/a  correct=True  running‐acc=0.972
[ 181/600] loss=3.3495  pred=n/a    gold=n/a  running‐acc=0.840
Locality eval: pred=true.             gold=true  correct=True  running‐acc=0.972
[ 182/600] loss=2.9516  pred=n/a    gold=n/a  running‐acc=0.841
Locality eval: pred=true.             gold=true  correct=True  running‐acc=0.973
[ 183/600] loss=4.5428  pred=true.  gold=true  running‐acc=0.842
Locality eval: pred=n/a               gold=n/a  correct=True  running‐acc=0.973
[ 184/600] loss=3.1335  pred=true   gold=true  running‐acc=0.842
Locality eval: pred=n/a               gold=n/a  correct=True  running‐acc=0.973
[ 185/600] loss=4.5082  pred=true   gold=true  running‐acc=0.843
Locality eval: pred=n/a               gold=n/a  correct=True  running‐acc=0.973
[ 186/600] loss=4.8369  pred=true   gold=true  running‐acc=0.844
Locality eval: pred=n/a               gold=n/a  correct=True  running‐acc=0.973
[ 187/600] loss=3.5337  pred=true.  gold=n/a  running‐acc=0.840
Locality eval: pred=true              gold=true  correct=True  running‐acc=0.973
[ 188/600] loss=3.4034  pred=n/a    gold=n/a  running‐acc=0.840
Locality eval: pred=true.             gold=true  correct=True  running‐acc=0.973
[ 189/600] loss=3.1232  pred=true   gold=true  running‐acc=0.841
Locality eval: pred=n/a               gold=n/a  correct=True  running‐acc=0.974
[ 190/600] loss=3.4800  pred=n/a    gold=n/a  running‐acc=0.842
Locality eval: pred=true.             gold=true  correct=True  running‐acc=0.974
[ 191/600] loss=3.2113  pred=false.  gold=n/a  running‐acc=0.838
Locality eval: pred=true.             gold=true  correct=True  running‐acc=0.974
[ 192/600] loss=3.8415  pred=n/a    gold=n/a  running‐acc=0.839
Locality eval: pred=n/a               gold=true  correct=False  running‐acc=0.969
[ 193/600] loss=4.3057  pred=true.  gold=true  running‐acc=0.839
Locality eval: pred=n/a               gold=n/a  correct=True  running‐acc=0.969
[ 194/600] loss=4.4599  pred=true.  gold=true  running‐acc=0.840
Locality eval: pred=n/a               gold=n/a  correct=True  running‐acc=0.969
[ 195/600] loss=3.0973  pred=true.  gold=true  running‐acc=0.841
Locality eval: pred=true              gold=n/a  correct=False  running‐acc=0.964
[ 196/600] loss=4.1228  pred=n/a    gold=true  running‐acc=0.837
Locality eval: pred=n/a               gold=n/a  correct=True  running‐acc=0.964
[ 197/600] loss=4.5013  pred=true.  gold=true  running‐acc=0.838
Locality eval: pred=true              gold=n/a  correct=False  running‐acc=0.959
[ 198/600] loss=3.8153  pred=n/a    gold=n/a  running‐acc=0.838
Locality eval: pred=true.             gold=true  correct=True  running‐acc=0.960
[ 199/600] loss=4.0865  pred=true.  gold=true  running‐acc=0.839
Locality eval: pred=n/a               gold=n/a  correct=True  running‐acc=0.960
[ 200/600] loss=3.4748  pred=true.  gold=true  running‐acc=0.840
Locality eval: pred=n/a               gold=n/a  correct=True  running‐acc=0.960
[ 201/600] loss=3.6256  pred=n/a    gold=n/a  running‐acc=0.841
Locality eval: pred=true.             gold=true  correct=True  running‐acc=0.960
[ 202/600] loss=3.4852  pred=n/a    gold=n/a  running‐acc=0.842
Locality eval: pred=true.             gold=true  correct=True  running‐acc=0.960
[ 203/600] loss=3.3530  pred=true   gold=true  running‐acc=0.842
Locality eval: pred=n/a               gold=n/a  correct=True  running‐acc=0.961
[ 204/600] loss=2.4731  pred=n/a    gold=n/a  running‐acc=0.843
Locality eval: pred=true.             gold=true  correct=True  running‐acc=0.961
[ 205/600] loss=5.2151  pred=n/a    gold=true  running‐acc=0.839
Locality eval: pred=n/a               gold=n/a  correct=True  running‐acc=0.961
[ 206/600] loss=3.0319  pred=n/a    gold=n/a  running‐acc=0.840
Locality eval: pred=true.             gold=true  correct=True  running‐acc=0.961
[ 207/600] loss=3.2830  pred=true.  gold=n/a  running‐acc=0.836
Locality eval: pred=true.             gold=true  correct=True  running‐acc=0.961
[ 208/600] loss=2.8241  pred=true   gold=true  running‐acc=0.837
Locality eval: pred=n/a               gold=n/a  correct=True  running‐acc=0.962
[ 209/600] loss=2.8160  pred=n/a    gold=n/a  running‐acc=0.837
Locality eval: pred=true.             gold=true  correct=True  running‐acc=0.962
[ 210/600] loss=3.5182  pred=n/a    gold=n/a  running‐acc=0.838
Locality eval: pred=true.             gold=true  correct=True  running‐acc=0.962
[ 211/600] loss=3.9745  pred=true.  gold=true  running‐acc=0.839
Locality eval: pred=n/a               gold=n/a  correct=True  running‐acc=0.962
[ 212/600] loss=3.6853  pred=n/a    gold=n/a  running‐acc=0.840
Locality eval: pred=true.             gold=true  correct=True  running‐acc=0.962
[ 213/600] loss=5.6370  pred=true   gold=true  running‐acc=0.840
Locality eval: pred=n/a               gold=n/a  correct=True  running‐acc=0.962
[ 214/600] loss=2.8370  pred=n/a    gold=n/a  running‐acc=0.841
Locality eval: pred=true.             gold=true  correct=True  running‐acc=0.963
[ 215/600] loss=3.3250  pred=n/a    gold=true  running‐acc=0.837
Locality eval: pred=n/a               gold=n/a  correct=True  running‐acc=0.963
[ 216/600] loss=3.0329  pred=n/a    gold=n/a  running‐acc=0.838
Locality eval: pred=true              gold=true  correct=True  running‐acc=0.963
[ 217/600] loss=3.9971  pred=true   gold=true  running‐acc=0.839
Locality eval: pred=n/a               gold=n/a  correct=True  running‐acc=0.963
[ 218/600] loss=3.6094  pred=n/a    gold=n/a  running‐acc=0.839
Locality eval: pred=true.             gold=true  correct=True  running‐acc=0.963
[ 219/600] loss=5.8403  pred=true   gold=true  running‐acc=0.840
Locality eval: pred=n/a               gold=n/a  correct=True  running‐acc=0.963
[ 220/600] loss=3.2894  pred=n/a    gold=n/a  running‐acc=0.841
Locality eval: pred=true.             gold=true  correct=True  running‐acc=0.964
[ 221/600] loss=3.5807  pred=n/a    gold=n/a  running‐acc=0.842
Locality eval: pred=true.             gold=true  correct=True  running‐acc=0.964
[ 222/600] loss=4.0720  pred=n/a    gold=n/a  running‐acc=0.842
Locality eval: pred=true.             gold=true  correct=True  running‐acc=0.964
[ 223/600] loss=3.8102  pred=n/a    gold=n/a  running‐acc=0.843
Locality eval: pred=true.             gold=true  correct=True  running‐acc=0.964
[ 224/600] loss=3.7249  pred=n/a    gold=n/a  running‐acc=0.844
Locality eval: pred=true.             gold=true  correct=True  running‐acc=0.964
[ 225/600] loss=3.5137  pred=n/a    gold=n/a  running‐acc=0.844
Locality eval: pred=true.             gold=true  correct=True  running‐acc=0.964
[ 226/600] loss=3.8173  pred=true   gold=true  running‐acc=0.845
Locality eval: pred=n/a               gold=n/a  correct=True  running‐acc=0.965
[ 227/600] loss=2.5324  pred=n/a    gold=n/a  running‐acc=0.846
Locality eval: pred=true.             gold=true  correct=True  running‐acc=0.965
[ 228/600] loss=3.7602  pred=n/a    gold=n/a  running‐acc=0.846
Locality eval: pred=true.             gold=true  correct=True  running‐acc=0.965
[ 229/600] loss=3.9351  pred=true.  gold=n/a  running‐acc=0.843
Locality eval: pred=true.             gold=true  correct=True  running‐acc=0.965
[ 230/600] loss=3.7368  pred=n/a    gold=n/a  running‐acc=0.843
Locality eval: pred=true.             gold=true  correct=True  running‐acc=0.965
[ 231/600] loss=3.1628  pred=false.  gold=n/a  running‐acc=0.840
Locality eval: pred=true.             gold=true  correct=True  running‐acc=0.965
[ 232/600] loss=2.6280  pred=n/a    gold=n/a  running‐acc=0.841
Locality eval: pred=true.             gold=true  correct=True  running‐acc=0.966
[ 233/600] loss=4.0907  pred=true.  gold=true  running‐acc=0.841
Locality eval: pred=n/a               gold=n/a  correct=True  running‐acc=0.966
[ 234/600] loss=3.0862  pred=n/a    gold=true  running‐acc=0.838
Locality eval: pred=false             gold=n/a  correct=False  running‐acc=0.962
[ 235/600] loss=2.4574  pred=n/a    gold=n/a  running‐acc=0.838
Locality eval: pred=true.             gold=true  correct=True  running‐acc=0.962
[ 236/600] loss=2.6275  pred=n/a    gold=n/a  running‐acc=0.839
Locality eval: pred=true.             gold=true  correct=True  running‐acc=0.962
[ 237/600] loss=3.8387  pred=n/a    gold=true  running‐acc=0.835
Locality eval: pred=n/a               gold=n/a  correct=True  running‐acc=0.962
[ 238/600] loss=3.2765  pred=n/a    gold=n/a  running‐acc=0.836
Locality eval: pred=true.             gold=true  correct=True  running‐acc=0.962
[ 239/600] loss=3.7831  pred=n/a    gold=n/a  running‐acc=0.837
Locality eval: pred=true.             gold=true  correct=True  running‐acc=0.962
[ 240/600] loss=4.2633  pred=n/a    gold=true  running‐acc=0.833
Locality eval: pred=n/a               gold=n/a  correct=True  running‐acc=0.963
[ 241/600] loss=4.0794  pred=n/a    gold=n/a  running‐acc=0.834
Locality eval: pred=true.             gold=true  correct=True  running‐acc=0.963
[ 242/600] loss=3.5904  pred=n/a    gold=n/a  running‐acc=0.835
Locality eval: pred=true              gold=true  correct=True  running‐acc=0.963
[ 243/600] loss=3.2306  pred=true.  gold=n/a  running‐acc=0.831
Locality eval: pred=true.             gold=true  correct=True  running‐acc=0.963
[ 244/600] loss=3.4534  pred=true   gold=true  running‐acc=0.832
Locality eval: pred=n/a               gold=n/a  correct=True  running‐acc=0.963
[ 245/600] loss=5.0636  pred=true.  gold=true  running‐acc=0.833
Locality eval: pred=n/a               gold=n/a  correct=True  running‐acc=0.963
[ 246/600] loss=2.7568  pred=true   gold=true  running‐acc=0.833
Locality eval: pred=n/a               gold=n/a  correct=True  running‐acc=0.963
[ 247/600] loss=2.5758  pred=true.  gold=true  running‐acc=0.834
Locality eval: pred=n/a               gold=n/a  correct=True  running‐acc=0.964
[ 248/600] loss=4.0389  pred=n/a    gold=true  running‐acc=0.831
Locality eval: pred=n/a               gold=n/a  correct=True  running‐acc=0.964
[ 249/600] loss=3.5948  pred=n/a    gold=n/a  running‐acc=0.831
Locality eval: pred=true.             gold=true  correct=True  running‐acc=0.964
[ 250/600] loss=2.7150  pred=true   gold=true  running‐acc=0.832
Locality eval: pred=n/a               gold=n/a  correct=True  running‐acc=0.964
[ 251/600] loss=3.6044  pred=n/a    gold=n/a  running‐acc=0.833
Locality eval: pred=true.             gold=true  correct=True  running‐acc=0.964
[ 252/600] loss=3.7599  pred=n/a    gold=n/a  running‐acc=0.833
Locality eval: pred=true.             gold=true  correct=True  running‐acc=0.964
[ 253/600] loss=4.3256  pred=true   gold=true  running‐acc=0.834
Locality eval: pred=n/a               gold=n/a  correct=True  running‐acc=0.964
[ 254/600] loss=3.4849  pred=true.  gold=true  running‐acc=0.835
Locality eval: pred=n/a               gold=n/a  correct=True  running‐acc=0.965
[ 255/600] loss=3.4163  pred=n/a    gold=n/a  running‐acc=0.835
Locality eval: pred=true.             gold=true  correct=True  running‐acc=0.965
[ 256/600] loss=3.4154  pred=n/a    gold=n/a  running‐acc=0.836
Locality eval: pred=true.             gold=true  correct=True  running‐acc=0.965
[ 257/600] loss=3.9139  pred=n/a    gold=n/a  running‐acc=0.837
Locality eval: pred=true.             gold=true  correct=True  running‐acc=0.965
[ 258/600] loss=3.7559  pred=n/a    gold=n/a  running‐acc=0.837
Locality eval: pred=true.             gold=true  correct=True  running‐acc=0.965
[ 259/600] loss=4.5814  pred=false.  gold=true  running‐acc=0.834
Locality eval: pred=n/a               gold=n/a  correct=True  running‐acc=0.965
[ 260/600] loss=4.1391  pred=true   gold=true  running‐acc=0.835
Locality eval: pred=n/a               gold=n/a  correct=True  running‐acc=0.965
[ 261/600] loss=3.4564  pred=true.  gold=true  running‐acc=0.835
Locality eval: pred=n/a               gold=n/a  correct=True  running‐acc=0.966
[ 262/600] loss=3.7898  pred=true.  gold=true  running‐acc=0.836
Locality eval: pred=true.             gold=n/a  correct=False  running‐acc=0.962
[ 263/600] loss=3.3099  pred=n/a    gold=n/a  running‐acc=0.837
Locality eval: pred=true.             gold=true  correct=True  running‐acc=0.962
[ 264/600] loss=3.5144  pred=n/a    gold=n/a  running‐acc=0.837
Locality eval: pred=true.             gold=true  correct=True  running‐acc=0.962
[ 265/600] loss=3.9818  pred=true.  gold=true  running‐acc=0.838
Locality eval: pred=n/a               gold=n/a  correct=True  running‐acc=0.962
[ 266/600] loss=3.9203  pred=n/a    gold=n/a  running‐acc=0.838
Locality eval: pred=true.             gold=true  correct=True  running‐acc=0.962
[ 267/600] loss=3.4374  pred=n/a    gold=n/a  running‐acc=0.839
Locality eval: pred=true              gold=true  correct=True  running‐acc=0.963
[ 268/600] loss=2.8414  pred=true.  gold=true  running‐acc=0.840
Locality eval: pred=n/a               gold=n/a  correct=True  running‐acc=0.963
[ 269/600] loss=3.5927  pred=n/a    gold=n/a  running‐acc=0.840
Locality eval: pred=true.             gold=true  correct=True  running‐acc=0.963
[ 270/600] loss=3.0100  pred=true   gold=true  running‐acc=0.841
Locality eval: pred=n/a               gold=n/a  correct=True  running‐acc=0.963
[ 271/600] loss=3.5160  pred=n/a    gold=n/a  running‐acc=0.841
Locality eval: pred=true              gold=true  correct=True  running‐acc=0.963
[ 272/600] loss=3.2836  pred=true   gold=true  running‐acc=0.842
Locality eval: pred=n/a               gold=n/a  correct=True  running‐acc=0.963
[ 273/600] loss=3.8579  pred=n/a    gold=n/a  running‐acc=0.842
Locality eval: pred=true.             gold=true  correct=True  running‐acc=0.963
[ 274/600] loss=3.4100  pred=false.  gold=n/a  running‐acc=0.839
Locality eval: pred=true.             gold=true  correct=True  running‐acc=0.964
[ 275/600] loss=3.5424  pred=true   gold=true  running‐acc=0.840
Locality eval: pred=n/a               gold=n/a  correct=True  running‐acc=0.964
[ 276/600] loss=2.7428  pred=n/a    gold=n/a  running‐acc=0.841
Locality eval: pred=true.             gold=true  correct=True  running‐acc=0.964
[ 277/600] loss=3.6073  pred=true   gold=true  running‐acc=0.841
Locality eval: pred=n/a               gold=n/a  correct=True  running‐acc=0.964
[ 278/600] loss=3.3157  pred=n/a    gold=n/a  running‐acc=0.842
Locality eval: pred=true.             gold=true  correct=True  running‐acc=0.964
[ 279/600] loss=3.3672  pred=true   gold=true  running‐acc=0.842
Locality eval: pred=n/a               gold=n/a  correct=True  running‐acc=0.964
[ 280/600] loss=3.2693  pred=n/a    gold=n/a  running‐acc=0.843
Locality eval: pred=true.             gold=true  correct=True  running‐acc=0.964
[ 281/600] loss=3.7960  pred=true   gold=true  running‐acc=0.843
Locality eval: pred=n/a               gold=n/a  correct=True  running‐acc=0.964
[ 282/600] loss=4.1205  pred=true   gold=true  running‐acc=0.844
Locality eval: pred=n/a               gold=n/a  correct=True  running‐acc=0.965
[ 283/600] loss=3.2527  pred=n/a    gold=n/a  running‐acc=0.845
Locality eval: pred=true.             gold=true  correct=True  running‐acc=0.965
[ 284/600] loss=2.8679  pred=n/a    gold=n/a  running‐acc=0.845
Locality eval: pred=true.             gold=true  correct=True  running‐acc=0.965
[ 285/600] loss=2.4601  pred=true   gold=true  running‐acc=0.846
Locality eval: pred=n/a               gold=n/a  correct=True  running‐acc=0.965
[ 286/600] loss=3.3880  pred=n/a    gold=n/a  running‐acc=0.846
Locality eval: pred=true.             gold=true  correct=True  running‐acc=0.965
[ 287/600] loss=3.4198  pred=n/a    gold=n/a  running‐acc=0.847
Locality eval: pred=true.             gold=true  correct=True  running‐acc=0.965
[ 288/600] loss=3.2059  pred=true   gold=true  running‐acc=0.847
Locality eval: pred=n/a               gold=n/a  correct=True  running‐acc=0.965
[ 289/600] loss=4.1543  pred=n/a    gold=true  running‐acc=0.844
Locality eval: pred=n/a               gold=n/a  correct=True  running‐acc=0.965
[ 290/600] loss=3.2710  pred=n/a    gold=n/a  running‐acc=0.845
Locality eval: pred=true.             gold=true  correct=True  running‐acc=0.966
[ 291/600] loss=3.6311  pred=true   gold=true  running‐acc=0.845
Locality eval: pred=n/a               gold=n/a  correct=True  running‐acc=0.966
[ 292/600] loss=3.9271  pred=true   gold=true  running‐acc=0.846
Locality eval: pred=n/a               gold=n/a  correct=True  running‐acc=0.966
[ 293/600] loss=2.2378  pred=true   gold=true  running‐acc=0.846
Locality eval: pred=false             gold=n/a  correct=False  running‐acc=0.962
[ 294/600] loss=3.0964  pred=n/a    gold=true  running‐acc=0.844
Locality eval: pred=n/a               gold=n/a  correct=True  running‐acc=0.963
[ 295/600] loss=3.0348  pred=n/a    gold=n/a  running‐acc=0.844
Locality eval: pred=true              gold=true  correct=True  running‐acc=0.963
[ 296/600] loss=3.8663  pred=true.  gold=n/a  running‐acc=0.841
Locality eval: pred=true.             gold=true  correct=True  running‐acc=0.963
[ 297/600] loss=4.9276  pred=false.  gold=true  running‐acc=0.838
Locality eval: pred=false.            gold=n/a  correct=False  running‐acc=0.960
[ 298/600] loss=3.5598  pred=true   gold=true  running‐acc=0.839
Locality eval: pred=n/a               gold=n/a  correct=True  running‐acc=0.960
[ 299/600] loss=3.2146  pred=n/a    gold=n/a  running‐acc=0.839
Locality eval: pred=true.             gold=true  correct=True  running‐acc=0.960
[ 300/600] loss=4.0029  pred=n/a    gold=n/a  running‐acc=0.840
Locality eval: pred=true.             gold=true  correct=True  running‐acc=0.960
[ 301/600] loss=4.5679  pred=true   gold=true  running‐acc=0.841
Locality eval: pred=n/a               gold=n/a  correct=True  running‐acc=0.960
[ 302/600] loss=3.8355  pred=true   gold=true  running‐acc=0.841
Locality eval: pred=n/a               gold=n/a  correct=True  running‐acc=0.960
[ 303/600] loss=2.5615  pred=true.  gold=true  running‐acc=0.842
Locality eval: pred=n/a               gold=n/a  correct=True  running‐acc=0.960
[ 304/600] loss=4.2391  pred=true.  gold=true  running‐acc=0.842
Locality eval: pred=n/a               gold=n/a  correct=True  running‐acc=0.961
[ 305/600] loss=3.6503  pred=true   gold=true  running‐acc=0.843
Locality eval: pred=n/a               gold=n/a  correct=True  running‐acc=0.961
[ 306/600] loss=5.0886  pred=true.  gold=true  running‐acc=0.843
Locality eval: pred=n/a               gold=n/a  correct=True  running‐acc=0.961
[ 307/600] loss=3.4221  pred=true.  gold=true  running‐acc=0.844
Locality eval: pred=n/a               gold=n/a  correct=True  running‐acc=0.961
[ 308/600] loss=3.8562  pred=true   gold=true  running‐acc=0.844
Locality eval: pred=n/a               gold=n/a  correct=True  running‐acc=0.961
[ 309/600] loss=3.2632  pred=true   gold=true  running‐acc=0.845
Locality eval: pred=n/a               gold=n/a  correct=True  running‐acc=0.961
[ 310/600] loss=4.0485  pred=n/a    gold=n/a  running‐acc=0.845
Locality eval: pred=true.             gold=true  correct=True  running‐acc=0.961
[ 311/600] loss=3.5453  pred=true   gold=true  running‐acc=0.846
Locality eval: pred=n/a               gold=n/a  correct=True  running‐acc=0.961
[ 312/600] loss=3.1932  pred=true   gold=true  running‐acc=0.846
Locality eval: pred=n/a               gold=n/a  correct=True  running‐acc=0.962
[ 313/600] loss=2.1048  pred=n/a    gold=n/a  running‐acc=0.847
Locality eval: pred=true.             gold=true  correct=True  running‐acc=0.962
[ 314/600] loss=4.0827  pred=n/a    gold=n/a  running‐acc=0.847
Locality eval: pred=true.             gold=true  correct=True  running‐acc=0.962
[ 315/600] loss=3.0533  pred=true.  gold=n/a  running‐acc=0.844
Locality eval: pred=true.             gold=true  correct=True  running‐acc=0.962
[ 316/600] loss=3.4541  pred=true.  gold=true  running‐acc=0.845
Locality eval: pred=n/a               gold=n/a  correct=True  running‐acc=0.962
[ 317/600] loss=4.1107  pred=true.  gold=true  running‐acc=0.845
Locality eval: pred=n/a               gold=n/a  correct=True  running‐acc=0.962
[ 318/600] loss=4.5813  pred=true   gold=true  running‐acc=0.846
Locality eval: pred=n/a               gold=n/a  correct=True  running‐acc=0.962
[ 319/600] loss=3.3613  pred=n/a    gold=n/a  running‐acc=0.846
Locality eval: pred=true.             gold=true  correct=True  running‐acc=0.962
[ 320/600] loss=3.5058  pred=n/a    gold=n/a  running‐acc=0.847
Locality eval: pred=true.             gold=true  correct=True  running‐acc=0.963
[ 321/600] loss=3.1050  pred=true.  gold=true  running‐acc=0.847
Locality eval: pred=n/a               gold=n/a  correct=True  running‐acc=0.963
[ 322/600] loss=4.8139  pred=true.  gold=true  running‐acc=0.848
Locality eval: pred=n/a               gold=n/a  correct=True  running‐acc=0.963
[ 323/600] loss=3.6458  pred=n/a    gold=n/a  running‐acc=0.848
Locality eval: pred=true.             gold=true  correct=True  running‐acc=0.963
[ 324/600] loss=3.5105  pred=n/a    gold=n/a  running‐acc=0.849
Locality eval: pred=true.             gold=true  correct=True  running‐acc=0.963
[ 325/600] loss=3.4117  pred=n/a    gold=true  running‐acc=0.846
Locality eval: pred=n/a               gold=n/a  correct=True  running‐acc=0.963
[ 326/600] loss=3.0914  pred=n/a    gold=n/a  running‐acc=0.847
Locality eval: pred=true.             gold=true  correct=True  running‐acc=0.963
[ 327/600] loss=4.9054  pred=true.  gold=true  running‐acc=0.847
Locality eval: pred=n/a               gold=n/a  correct=True  running‐acc=0.963
[ 328/600] loss=3.2479  pred=true.  gold=n/a  running‐acc=0.845
Locality eval: pred=true.             gold=true  correct=True  running‐acc=0.963
[ 329/600] loss=3.4453  pred=true.  gold=true  running‐acc=0.845
Locality eval: pred=n/a               gold=n/a  correct=True  running‐acc=0.964
[ 330/600] loss=2.4847  pred=n/a    gold=n/a  running‐acc=0.845
Locality eval: pred=true.             gold=true  correct=True  running‐acc=0.964
[ 331/600] loss=4.1724  pred=true.  gold=true  running‐acc=0.846
Locality eval: pred=n/a               gold=n/a  correct=True  running‐acc=0.964
[ 332/600] loss=3.7286  pred=n/a    gold=n/a  running‐acc=0.846
Locality eval: pred=n/a               gold=true  correct=False  running‐acc=0.961
[ 333/600] loss=2.9457  pred=true.  gold=true  running‐acc=0.847
Locality eval: pred=n/a               gold=n/a  correct=True  running‐acc=0.961
[ 334/600] loss=3.0646  pred=n/a    gold=n/a  running‐acc=0.847
Locality eval: pred=true.             gold=true  correct=True  running‐acc=0.961
[ 335/600] loss=4.9344  pred=true.  gold=true  running‐acc=0.848
Locality eval: pred=n/a               gold=n/a  correct=True  running‐acc=0.961
[ 336/600] loss=3.0845  pred=n/a    gold=n/a  running‐acc=0.848
Locality eval: pred=true              gold=true  correct=True  running‐acc=0.961
[ 337/600] loss=3.5667  pred=n/a    gold=n/a  running‐acc=0.849
Locality eval: pred=true              gold=true  correct=True  running‐acc=0.961
[ 338/600] loss=2.2612  pred=n/a    gold=n/a  running‐acc=0.849
Locality eval: pred=true.             gold=true  correct=True  running‐acc=0.962
[ 339/600] loss=3.5815  pred=n/a    gold=n/a  running‐acc=0.850
Locality eval: pred=true              gold=true  correct=True  running‐acc=0.962
[ 340/600] loss=3.4233  pred=n/a    gold=n/a  running‐acc=0.850
Locality eval: pred=true.             gold=true  correct=True  running‐acc=0.962
[ 341/600] loss=4.0878  pred=true   gold=true  running‐acc=0.850
Locality eval: pred=n/a               gold=n/a  correct=True  running‐acc=0.962
[ 342/600] loss=2.9453  pred=true   gold=true  running‐acc=0.851
Locality eval: pred=false.            gold=n/a  correct=False  running‐acc=0.959
[ 343/600] loss=2.1350  pred=n/a    gold=n/a  running‐acc=0.851
Locality eval: pred=true.             gold=true  correct=True  running‐acc=0.959
[ 344/600] loss=3.3526  pred=true   gold=true  running‐acc=0.852
Locality eval: pred=n/a               gold=n/a  correct=True  running‐acc=0.959
[ 345/600] loss=1.6202  pred=true   gold=n/a  running‐acc=0.849
Locality eval: pred=true              gold=true  correct=True  running‐acc=0.959
[ 346/600] loss=3.2935  pred=true.  gold=true  running‐acc=0.850
Locality eval: pred=n/a               gold=n/a  correct=True  running‐acc=0.960
[ 347/600] loss=2.4875  pred=n/a    gold=n/a  running‐acc=0.850
Locality eval: pred=true.             gold=true  correct=True  running‐acc=0.960
[ 348/600] loss=3.6619  pred=n/a    gold=n/a  running‐acc=0.851
Locality eval: pred=true.             gold=true  correct=True  running‐acc=0.960
[ 349/600] loss=2.8534  pred=false.  gold=n/a  running‐acc=0.848
Locality eval: pred=true.             gold=true  correct=True  running‐acc=0.960
[ 350/600] loss=3.6627  pred=n/a    gold=n/a  running‐acc=0.849
Locality eval: pred=true.             gold=true  correct=True  running‐acc=0.960
[ 351/600] loss=3.4769  pred=true   gold=n/a  running‐acc=0.846
Locality eval: pred=true.             gold=true  correct=True  running‐acc=0.960
[ 352/600] loss=3.0049  pred=n/a    gold=n/a  running‐acc=0.847
Locality eval: pred=true.             gold=true  correct=True  running‐acc=0.960
[ 353/600] loss=2.5960  pred=n/a    gold=n/a  running‐acc=0.847
Locality eval: pred=true.             gold=true  correct=True  running‐acc=0.960
[ 354/600] loss=4.5704  pred=true.  gold=true  running‐acc=0.847
Locality eval: pred=n/a               gold=n/a  correct=True  running‐acc=0.960
[ 355/600] loss=2.6591  pred=true.  gold=true  running‐acc=0.848
Locality eval: pred=n/a               gold=n/a  correct=True  running‐acc=0.961
[ 356/600] loss=2.5739  pred=true.  gold=true  running‐acc=0.848
Locality eval: pred=n/a               gold=n/a  correct=True  running‐acc=0.961
[ 357/600] loss=2.9280  pred=true   gold=true  running‐acc=0.849
Locality eval: pred=n/a               gold=n/a  correct=True  running‐acc=0.961
[ 358/600] loss=4.7128  pred=n/a    gold=true  running‐acc=0.846
Locality eval: pred=false.            gold=n/a  correct=False  running‐acc=0.958
[ 359/600] loss=3.4813  pred=true.  gold=true  running‐acc=0.847
Locality eval: pred=n/a               gold=n/a  correct=True  running‐acc=0.958
[ 360/600] loss=3.7973  pred=n/a    gold=n/a  running‐acc=0.847
Locality eval: pred=true.             gold=true  correct=True  running‐acc=0.958
[ 361/600] loss=4.5761  pred=true.  gold=true  running‐acc=0.848
Locality eval: pred=n/a               gold=n/a  correct=True  running‐acc=0.958
[ 362/600] loss=3.2947  pred=true   gold=true  running‐acc=0.848
Locality eval: pred=n/a               gold=n/a  correct=True  running‐acc=0.959
[ 363/600] loss=3.1291  pred=n/a    gold=n/a  running‐acc=0.848
Locality eval: pred=true              gold=true  correct=True  running‐acc=0.959
[ 364/600] loss=4.2554  pred=true   gold=true  running‐acc=0.849
Locality eval: pred=n/a               gold=n/a  correct=True  running‐acc=0.959
[ 365/600] loss=4.9538  pred=true.  gold=true  running‐acc=0.849
Locality eval: pred=n/a               gold=n/a  correct=True  running‐acc=0.959
[ 366/600] loss=2.9464  pred=n/a    gold=n/a  running‐acc=0.850
Locality eval: pred=true.             gold=true  correct=True  running‐acc=0.959
[ 367/600] loss=3.5483  pred=n/a    gold=n/a  running‐acc=0.850
Locality eval: pred=true.             gold=true  correct=True  running‐acc=0.959
[ 368/600] loss=2.8762  pred=true.  gold=true  running‐acc=0.851
Locality eval: pred=n/a               gold=n/a  correct=True  running‐acc=0.959
[ 369/600] loss=3.7769  pred=n/a    gold=n/a  running‐acc=0.851
Locality eval: pred=true              gold=true  correct=True  running‐acc=0.959
[ 370/600] loss=3.5120  pred=n/a    gold=n/a  running‐acc=0.851
Locality eval: pred=true.             gold=true  correct=True  running‐acc=0.959
[ 371/600] loss=4.1652  pred=true.  gold=true  running‐acc=0.852
Locality eval: pred=n/a               gold=n/a  correct=True  running‐acc=0.960
[ 372/600] loss=1.9805  pred=true   gold=true  running‐acc=0.852
Locality eval: pred=true.             gold=n/a  correct=False  running‐acc=0.957
[ 373/600] loss=3.2334  pred=true   gold=true  running‐acc=0.853
Locality eval: pred=n/a               gold=n/a  correct=True  running‐acc=0.957
[ 374/600] loss=3.4078  pred=n/a    gold=n/a  running‐acc=0.853
Locality eval: pred=true.             gold=true  correct=True  running‐acc=0.957
[ 375/600] loss=3.2143  pred=true   gold=true  running‐acc=0.853
Locality eval: pred=false             gold=n/a  correct=False  running‐acc=0.955
[ 376/600] loss=3.1331  pred=true   gold=true  running‐acc=0.854
Locality eval: pred=n/a               gold=n/a  correct=True  running‐acc=0.955
[ 377/600] loss=5.0664  pred=true.  gold=true  running‐acc=0.854
Locality eval: pred=n/a               gold=n/a  correct=True  running‐acc=0.955
[ 378/600] loss=4.1774  pred=true.  gold=true  running‐acc=0.854
Locality eval: pred=n/a               gold=n/a  correct=True  running‐acc=0.955
[ 379/600] loss=2.9565  pred=true   gold=true  running‐acc=0.855
Locality eval: pred=n/a               gold=n/a  correct=True  running‐acc=0.955
[ 380/600] loss=3.1778  pred=true   gold=true  running‐acc=0.855
Locality eval: pred=n/a               gold=n/a  correct=True  running‐acc=0.955
[ 381/600] loss=3.0848  pred=n/a    gold=n/a  running‐acc=0.856
Locality eval: pred=true.             gold=true  correct=True  running‐acc=0.955
[ 382/600] loss=3.0677  pred=n/a    gold=n/a  running‐acc=0.856
Locality eval: pred=true.             gold=true  correct=True  running‐acc=0.955
[ 383/600] loss=3.3174  pred=true.  gold=n/a  running‐acc=0.854
Locality eval: pred=true.             gold=true  correct=True  running‐acc=0.956
[ 384/600] loss=3.3373  pred=false.  gold=n/a  running‐acc=0.852
Locality eval: pred=true.             gold=true  correct=True  running‐acc=0.956
[ 385/600] loss=4.3100  pred=true.  gold=true  running‐acc=0.852
Locality eval: pred=n/a               gold=n/a  correct=True  running‐acc=0.956
[ 386/600] loss=3.3905  pred=true   gold=true  running‐acc=0.852
Locality eval: pred=n/a               gold=n/a  correct=True  running‐acc=0.956
[ 387/600] loss=3.0166  pred=n/a    gold=n/a  running‐acc=0.853
Locality eval: pred=true              gold=true  correct=True  running‐acc=0.956
[ 388/600] loss=3.8388  pred=true   gold=true  running‐acc=0.853
Locality eval: pred=n/a               gold=n/a  correct=True  running‐acc=0.956
[ 389/600] loss=4.0102  pred=n/a    gold=n/a  running‐acc=0.853
Locality eval: pred=true.             gold=true  correct=True  running‐acc=0.956
[ 390/600] loss=2.4433  pred=true   gold=true  running‐acc=0.854
Locality eval: pred=n/a               gold=n/a  correct=True  running‐acc=0.956
[ 391/600] loss=4.1740  pred=n/a    gold=true  running‐acc=0.852
Locality eval: pred=n/a               gold=n/a  correct=True  running‐acc=0.957
[ 392/600] loss=3.5883  pred=n/a    gold=n/a  running‐acc=0.852
Locality eval: pred=true.             gold=true  correct=True  running‐acc=0.957
[ 393/600] loss=3.6689  pred=n/a    gold=n/a  running‐acc=0.852
Locality eval: pred=true.             gold=true  correct=True  running‐acc=0.957
[ 394/600] loss=4.1310  pred=n/a    gold=n/a  running‐acc=0.853
Locality eval: pred=true.             gold=true  correct=True  running‐acc=0.957
[ 395/600] loss=3.5101  pred=true   gold=true  running‐acc=0.853
Locality eval: pred=n/a               gold=n/a  correct=True  running‐acc=0.957
[ 396/600] loss=4.0162  pred=true   gold=true  running‐acc=0.854
Locality eval: pred=n/a               gold=n/a  correct=True  running‐acc=0.957
[ 397/600] loss=3.1407  pred=n/a    gold=n/a  running‐acc=0.854
Locality eval: pred=true.             gold=true  correct=True  running‐acc=0.957
[ 398/600] loss=4.1051  pred=true.  gold=true  running‐acc=0.854
Locality eval: pred=n/a               gold=n/a  correct=True  running‐acc=0.957
[ 399/600] loss=3.4234  pred=false.  gold=n/a  running‐acc=0.852
Locality eval: pred=true.             gold=true  correct=True  running‐acc=0.957
[ 400/600] loss=4.5956  pred=true   gold=true  running‐acc=0.853
Locality eval: pred=n/a               gold=n/a  correct=True  running‐acc=0.958
[ 401/600] loss=3.1068  pred=n/a    gold=true  running‐acc=0.850
Locality eval: pred=n/a               gold=n/a  correct=True  running‐acc=0.958
[ 402/600] loss=3.2705  pred=n/a    gold=n/a  running‐acc=0.851
Locality eval: pred=true.             gold=true  correct=True  running‐acc=0.958
[ 403/600] loss=4.1708  pred=true.  gold=true  running‐acc=0.851
Locality eval: pred=n/a               gold=n/a  correct=True  running‐acc=0.958
[ 404/600] loss=5.5508  pred=n/a    gold=true  running‐acc=0.849
Locality eval: pred=n/a               gold=n/a  correct=True  running‐acc=0.958
[ 405/600] loss=3.1580  pred=n/a    gold=n/a  running‐acc=0.849
Locality eval: pred=true.             gold=true  correct=True  running‐acc=0.958
[ 406/600] loss=3.7446  pred=n/a    gold=n/a  running‐acc=0.850
Locality eval: pred=true              gold=true  correct=True  running‐acc=0.958
[ 407/600] loss=2.5831  pred=true   gold=true  running‐acc=0.850
Locality eval: pred=n/a               gold=n/a  correct=True  running‐acc=0.958
[ 408/600] loss=3.4642  pred=n/a    gold=n/a  running‐acc=0.850
Locality eval: pred=true.             gold=true  correct=True  running‐acc=0.958
[ 409/600] loss=3.4585  pred=true.  gold=true  running‐acc=0.851
Locality eval: pred=n/a               gold=n/a  correct=True  running‐acc=0.958
[ 410/600] loss=3.5108  pred=n/a    gold=n/a  running‐acc=0.851
Locality eval: pred=true              gold=true  correct=True  running‐acc=0.959
[ 411/600] loss=3.3835  pred=true   gold=true  running‐acc=0.852
Locality eval: pred=n/a               gold=n/a  correct=True  running‐acc=0.959
[ 412/600] loss=3.2241  pred=true.  gold=true  running‐acc=0.852
Locality eval: pred=n/a               gold=n/a  correct=True  running‐acc=0.959
[ 413/600] loss=3.1901  pred=n/a    gold=true  running‐acc=0.850
Locality eval: pred=n/a               gold=n/a  correct=True  running‐acc=0.959
[ 414/600] loss=3.4575  pred=true   gold=true  running‐acc=0.850
Locality eval: pred=n/a               gold=n/a  correct=True  running‐acc=0.959
[ 415/600] loss=3.4241  pred=n/a    gold=n/a  running‐acc=0.851
Locality eval: pred=true.             gold=true  correct=True  running‐acc=0.959
[ 416/600] loss=3.9610  pred=true.  gold=true  running‐acc=0.851
Locality eval: pred=n/a               gold=n/a  correct=True  running‐acc=0.959
[ 417/600] loss=3.3403  pred=n/a    gold=n/a  running‐acc=0.851
Locality eval: pred=true              gold=true  correct=True  running‐acc=0.959
[ 418/600] loss=3.5400  pred=n/a    gold=n/a  running‐acc=0.852
Locality eval: pred=true.             gold=true  correct=True  running‐acc=0.959
[ 419/600] loss=3.0174  pred=n/a    gold=true  running‐acc=0.850
Locality eval: pred=n/a               gold=n/a  correct=True  running‐acc=0.959
[ 420/600] loss=4.3395  pred=true.  gold=true  running‐acc=0.850
Locality eval: pred=n/a               gold=n/a  correct=True  running‐acc=0.960
[ 421/600] loss=4.0810  pred=true.  gold=true  running‐acc=0.850
Locality eval: pred=n/a               gold=n/a  correct=True  running‐acc=0.960
[ 422/600] loss=4.0663  pred=true   gold=true  running‐acc=0.851
Locality eval: pred=n/a               gold=n/a  correct=True  running‐acc=0.960
[ 423/600] loss=5.1966  pred=true.  gold=true  running‐acc=0.851
Locality eval: pred=true.             gold=n/a  correct=False  running‐acc=0.957
[ 424/600] loss=3.2670  pred=n/a    gold=n/a  running‐acc=0.851
Locality eval: pred=true.             gold=true  correct=True  running‐acc=0.958
[ 425/600] loss=3.5525  pred=true.  gold=n/a  running‐acc=0.849
Locality eval: pred=true.             gold=true  correct=True  running‐acc=0.958
[ 426/600] loss=3.0232  pred=n/a    gold=n/a  running‐acc=0.850
Locality eval: pred=true              gold=true  correct=True  running‐acc=0.958
[ 427/600] loss=3.9938  pred=n/a    gold=true  running‐acc=0.848
Locality eval: pred=n/a               gold=n/a  correct=True  running‐acc=0.958
[ 428/600] loss=3.4939  pred=true.  gold=true  running‐acc=0.848
Locality eval: pred=n/a               gold=n/a  correct=True  running‐acc=0.958
[ 429/600] loss=2.8848  pred=true   gold=true  running‐acc=0.848
Locality eval: pred=n/a               gold=n/a  correct=True  running‐acc=0.958
[ 430/600] loss=2.2748  pred=n/a    gold=n/a  running‐acc=0.849
Locality eval: pred=true.             gold=true  correct=True  running‐acc=0.958
[ 431/600] loss=4.4931  pred=true   gold=true  running‐acc=0.849
Locality eval: pred=n/a               gold=n/a  correct=True  running‐acc=0.958
[ 432/600] loss=4.0444  pred=true.  gold=true  running‐acc=0.850
Locality eval: pred=n/a               gold=n/a  correct=True  running‐acc=0.958
[ 433/600] loss=4.4103  pred=true   gold=true  running‐acc=0.850
Locality eval: pred=n/a               gold=n/a  correct=True  running‐acc=0.958
[ 434/600] loss=3.7837  pred=false.  gold=n/a  running‐acc=0.848
Locality eval: pred=true.             gold=true  correct=True  running‐acc=0.959
[ 435/600] loss=3.5156  pred=n/a    gold=n/a  running‐acc=0.848
Locality eval: pred=true.             gold=true  correct=True  running‐acc=0.959
[ 436/600] loss=2.9394  pred=true.  gold=true  running‐acc=0.849
Locality eval: pred=false             gold=n/a  correct=False  running‐acc=0.956
[ 437/600] loss=3.8569  pred=true   gold=true  running‐acc=0.849
Locality eval: pred=n/a               gold=n/a  correct=True  running‐acc=0.957
[ 438/600] loss=3.0968  pred=n/a    gold=n/a  running‐acc=0.849
Locality eval: pred=true.             gold=true  correct=True  running‐acc=0.957
[ 439/600] loss=3.4221  pred=n/a    gold=n/a  running‐acc=0.850
Locality eval: pred=true.             gold=true  correct=True  running‐acc=0.957
[ 440/600] loss=4.3528  pred=true   gold=true  running‐acc=0.850
Locality eval: pred=n/a               gold=n/a  correct=True  running‐acc=0.957
[ 441/600] loss=3.0023  pred=false.  gold=n/a  running‐acc=0.848
Locality eval: pred=true.             gold=true  correct=True  running‐acc=0.957
[ 442/600] loss=4.1826  pred=true.  gold=true  running‐acc=0.848
Locality eval: pred=n/a               gold=n/a  correct=True  running‐acc=0.957
[ 443/600] loss=4.0422  pred=n/a    gold=true  running‐acc=0.847
Locality eval: pred=n/a               gold=n/a  correct=True  running‐acc=0.957
[ 444/600] loss=3.0761  pred=true   gold=true  running‐acc=0.847
Locality eval: pred=n/a               gold=n/a  correct=True  running‐acc=0.957
[ 445/600] loss=2.9370  pred=true   gold=true  running‐acc=0.847
Locality eval: pred=n/a               gold=n/a  correct=True  running‐acc=0.957
[ 446/600] loss=3.1438  pred=true   gold=true  running‐acc=0.848
Locality eval: pred=true              gold=n/a  correct=False  running‐acc=0.955
[ 447/600] loss=3.4858  pred=n/a    gold=true  running‐acc=0.846
Locality eval: pred=n/a               gold=n/a  correct=True  running‐acc=0.955
[ 448/600] loss=2.7709  pred=true   gold=true  running‐acc=0.846
Locality eval: pred=false.            gold=n/a  correct=False  running‐acc=0.953
[ 449/600] loss=3.4755  pred=true   gold=true  running‐acc=0.846
Locality eval: pred=n/a               gold=n/a  correct=True  running‐acc=0.953
[ 450/600] loss=3.5514  pred=n/a    gold=n/a  running‐acc=0.847
Locality eval: pred=true.             gold=true  correct=True  running‐acc=0.953
[ 451/600] loss=4.9692  pred=true.  gold=true  running‐acc=0.847
Locality eval: pred=n/a               gold=n/a  correct=True  running‐acc=0.953
[ 452/600] loss=3.0267  pred=n/a    gold=n/a  running‐acc=0.847
Locality eval: pred=true              gold=true  correct=True  running‐acc=0.954
[ 453/600] loss=2.8031  pred=n/a    gold=n/a  running‐acc=0.848
Locality eval: pred=true              gold=true  correct=True  running‐acc=0.954
[ 454/600] loss=2.0640  pred=n/a    gold=n/a  running‐acc=0.848
Locality eval: pred=true.             gold=true  correct=True  running‐acc=0.954
[ 455/600] loss=4.3179  pred=true.  gold=true  running‐acc=0.848
Locality eval: pred=n/a               gold=n/a  correct=True  running‐acc=0.954
[ 456/600] loss=2.9649  pred=n/a    gold=n/a  running‐acc=0.849
Locality eval: pred=true              gold=true  correct=True  running‐acc=0.954
[ 457/600] loss=3.0921  pred=n/a    gold=n/a  running‐acc=0.849
Locality eval: pred=n/a               gold=true  correct=False  running‐acc=0.952
[ 458/600] loss=3.0591  pred=n/a    gold=n/a  running‐acc=0.849
Locality eval: pred=true.             gold=true  correct=True  running‐acc=0.952
[ 459/600] loss=4.0776  pred=true   gold=true  running‐acc=0.850
Locality eval: pred=n/a               gold=n/a  correct=True  running‐acc=0.952
[ 460/600] loss=2.2672  pred=true   gold=true  running‐acc=0.850
Locality eval: pred=n/a               gold=n/a  correct=True  running‐acc=0.952
[ 461/600] loss=3.1400  pred=n/a    gold=n/a  running‐acc=0.850
Locality eval: pred=true.             gold=true  correct=True  running‐acc=0.952
[ 462/600] loss=1.6301  pred=true   gold=n/a  running‐acc=0.848
Locality eval: pred=true.             gold=true  correct=True  running‐acc=0.952
[ 463/600] loss=3.9985  pred=true.  gold=true  running‐acc=0.849
Locality eval: pred=n/a               gold=n/a  correct=True  running‐acc=0.952
[ 464/600] loss=3.3829  pred=n/a    gold=n/a  running‐acc=0.849
Locality eval: pred=true.             gold=true  correct=True  running‐acc=0.953
[ 465/600] loss=3.4296  pred=false  gold=n/a  running‐acc=0.847
Locality eval: pred=true.             gold=true  correct=True  running‐acc=0.953
[ 466/600] loss=3.1770  pred=n/a    gold=n/a  running‐acc=0.848
Locality eval: pred=true.             gold=true  correct=True  running‐acc=0.953
[ 467/600] loss=2.8110  pred=n/a    gold=n/a  running‐acc=0.848
Locality eval: pred=true.             gold=true  correct=True  running‐acc=0.953
[ 468/600] loss=3.4234  pred=n/a    gold=n/a  running‐acc=0.848
Locality eval: pred=true              gold=true  correct=True  running‐acc=0.953
[ 469/600] loss=2.4410  pred=true   gold=true  running‐acc=0.849
Locality eval: pred=n/a               gold=n/a  correct=True  running‐acc=0.953
[ 470/600] loss=3.4151  pred=n/a    gold=n/a  running‐acc=0.849
Locality eval: pred=true.             gold=true  correct=True  running‐acc=0.953
[ 471/600] loss=3.4194  pred=n/a    gold=n/a  running‐acc=0.849
Locality eval: pred=n/a               gold=true  correct=False  running‐acc=0.951
[ 472/600] loss=3.4836  pred=true.  gold=true  running‐acc=0.850
Locality eval: pred=n/a               gold=n/a  correct=True  running‐acc=0.951
[ 473/600] loss=3.0587  pred=n/a    gold=n/a  running‐acc=0.850
Locality eval: pred=true.             gold=true  correct=True  running‐acc=0.951
[ 474/600] loss=3.7659  pred=true.  gold=true  running‐acc=0.850
Locality eval: pred=true.             gold=n/a  correct=False  running‐acc=0.949
[ 475/600] loss=3.8595  pred=n/a    gold=n/a  running‐acc=0.851
Locality eval: pred=true.             gold=true  correct=True  running‐acc=0.949
[ 476/600] loss=3.9790  pred=true   gold=true  running‐acc=0.851
Locality eval: pred=n/a               gold=n/a  correct=True  running‐acc=0.950
[ 477/600] loss=3.6990  pred=n/a    gold=n/a  running‐acc=0.851
Locality eval: pred=true.             gold=true  correct=True  running‐acc=0.950
[ 478/600] loss=3.2531  pred=true   gold=true  running‐acc=0.851
Locality eval: pred=n/a               gold=n/a  correct=True  running‐acc=0.950
[ 479/600] loss=3.6994  pred=n/a    gold=n/a  running‐acc=0.852
Locality eval: pred=true.             gold=true  correct=True  running‐acc=0.950
[ 480/600] loss=3.6607  pred=n/a    gold=n/a  running‐acc=0.852
Locality eval: pred=true.             gold=true  correct=True  running‐acc=0.950
[ 481/600] loss=3.5243  pred=true   gold=n/a  running‐acc=0.850
Locality eval: pred=true.             gold=true  correct=True  running‐acc=0.950
[ 482/600] loss=4.0733  pred=true.  gold=true  running‐acc=0.851
Locality eval: pred=n/a               gold=n/a  correct=True  running‐acc=0.950
[ 483/600] loss=2.9545  pred=n/a    gold=n/a  running‐acc=0.851
Locality eval: pred=true.             gold=true  correct=True  running‐acc=0.950
[ 484/600] loss=3.7306  pred=n/a    gold=n/a  running‐acc=0.851
Locality eval: pred=true.             gold=true  correct=True  running‐acc=0.950
[ 485/600] loss=3.7720  pred=n/a    gold=n/a  running‐acc=0.852
Locality eval: pred=true              gold=true  correct=True  running‐acc=0.951
[ 486/600] loss=3.6833  pred=false.  gold=n/a  running‐acc=0.850
Locality eval: pred=true.             gold=true  correct=True  running‐acc=0.951
[ 487/600] loss=2.5848  pred=false.  gold=n/a  running‐acc=0.848
Locality eval: pred=true.             gold=true  correct=True  running‐acc=0.951
[ 488/600] loss=3.6742  pred=false.  gold=n/a  running‐acc=0.846
Locality eval: pred=true              gold=true  correct=True  running‐acc=0.951
[ 489/600] loss=2.7729  pred=true.  gold=n/a  running‐acc=0.845
Locality eval: pred=true.             gold=true  correct=True  running‐acc=0.951
[ 490/600] loss=3.1615  pred=false.  gold=n/a  running‐acc=0.843
Locality eval: pred=true.             gold=true  correct=True  running‐acc=0.951
[ 491/600] loss=2.3946  pred=n/a    gold=n/a  running‐acc=0.843
Locality eval: pred=true.             gold=true  correct=True  running‐acc=0.951
[ 492/600] loss=3.1137  pred=true.  gold=true  running‐acc=0.843
Locality eval: pred=n/a               gold=n/a  correct=True  running‐acc=0.951
[ 493/600] loss=2.9032  pred=n/a    gold=n/a  running‐acc=0.844
Locality eval: pred=true.             gold=true  correct=True  running‐acc=0.951
[ 494/600] loss=3.5650  pred=n/a    gold=n/a  running‐acc=0.844
Locality eval: pred=true.             gold=true  correct=True  running‐acc=0.951
[ 495/600] loss=3.2216  pred=true.  gold=n/a  running‐acc=0.842
Locality eval: pred=true.             gold=true  correct=True  running‐acc=0.952
[ 496/600] loss=3.5472  pred=false.  gold=n/a  running‐acc=0.841
Locality eval: pred=true.             gold=true  correct=True  running‐acc=0.952
[ 497/600] loss=3.8618  pred=true.  gold=true  running‐acc=0.841
Locality eval: pred=n/a               gold=n/a  correct=True  running‐acc=0.952
[ 498/600] loss=3.1721  pred=true   gold=true  running‐acc=0.841
Locality eval: pred=n/a               gold=n/a  correct=True  running‐acc=0.952
[ 499/600] loss=2.9221  pred=n/a    gold=n/a  running‐acc=0.842
Locality eval: pred=true.             gold=true  correct=True  running‐acc=0.952
[ 500/600] loss=2.2818  pred=true.  gold=n/a  running‐acc=0.840
Locality eval: pred=true.             gold=true  correct=True  running‐acc=0.952
[ 501/600] loss=3.5613  pred=n/a    gold=n/a  running‐acc=0.840
Locality eval: pred=true              gold=true  correct=True  running‐acc=0.952
[ 502/600] loss=2.8081  pred=n/a    gold=n/a  running‐acc=0.841
Locality eval: pred=true.             gold=true  correct=True  running‐acc=0.952
[ 503/600] loss=2.9686  pred=true   gold=true  running‐acc=0.841
Locality eval: pred=n/a               gold=n/a  correct=True  running‐acc=0.952
[ 504/600] loss=3.2049  pred=true.  gold=true  running‐acc=0.841
Locality eval: pred=n/a               gold=n/a  correct=True  running‐acc=0.952
[ 505/600] loss=4.7595  pred=true   gold=true  running‐acc=0.842
Locality eval: pred=n/a               gold=n/a  correct=True  running‐acc=0.952
[ 506/600] loss=3.3450  pred=true.  gold=true  running‐acc=0.842
Locality eval: pred=n/a               gold=n/a  correct=True  running‐acc=0.953
[ 507/600] loss=4.0980  pred=n/a    gold=true  running‐acc=0.840
Locality eval: pred=n/a               gold=n/a  correct=True  running‐acc=0.953
[ 508/600] loss=3.4273  pred=n/a    gold=true  running‐acc=0.839
Locality eval: pred=n/a               gold=n/a  correct=True  running‐acc=0.953
[ 509/600] loss=3.4873  pred=true   gold=true  running‐acc=0.839
Locality eval: pred=n/a               gold=n/a  correct=True  running‐acc=0.953
[ 510/600] loss=4.7126  pred=true.  gold=true  running‐acc=0.839
Locality eval: pred=n/a               gold=n/a  correct=True  running‐acc=0.953
[ 511/600] loss=2.5744  pred=n/a    gold=n/a  running‐acc=0.840
Locality eval: pred=true.             gold=true  correct=True  running‐acc=0.953
[ 512/600] loss=3.7435  pred=true   gold=true  running‐acc=0.840
Locality eval: pred=n/a               gold=n/a  correct=True  running‐acc=0.953
[ 513/600] loss=3.9993  pred=n/a    gold=n/a  running‐acc=0.840
Locality eval: pred=true.             gold=true  correct=True  running‐acc=0.953
[ 514/600] loss=2.7174  pred=true   gold=true  running‐acc=0.840
Locality eval: pred=n/a               gold=n/a  correct=True  running‐acc=0.953
[ 515/600] loss=3.6933  pred=n/a    gold=n/a  running‐acc=0.841
Locality eval: pred=true.             gold=true  correct=True  running‐acc=0.953
[ 516/600] loss=3.5026  pred=n/a    gold=n/a  running‐acc=0.841
Locality eval: pred=true              gold=true  correct=True  running‐acc=0.953
[ 517/600] loss=2.8242  pred=n/a    gold=n/a  running‐acc=0.841
Locality eval: pred=true.             gold=true  correct=True  running‐acc=0.954
[ 518/600] loss=3.2546  pred=n/a    gold=n/a  running‐acc=0.842
Locality eval: pred=true.             gold=true  correct=True  running‐acc=0.954
[ 519/600] loss=2.4883  pred=true   gold=true  running‐acc=0.842
Locality eval: pred=n/a               gold=n/a  correct=True  running‐acc=0.954
[ 520/600] loss=4.1635  pred=true   gold=true  running‐acc=0.842
Locality eval: pred=n/a               gold=n/a  correct=True  running‐acc=0.954
[ 521/600] loss=2.9337  pred=true   gold=true  running‐acc=0.843
Locality eval: pred=n/a               gold=n/a  correct=True  running‐acc=0.954
[ 522/600] loss=4.1406  pred=n/a    gold=true  running‐acc=0.841
Locality eval: pred=n/a               gold=n/a  correct=True  running‐acc=0.954
[ 523/600] loss=4.0847  pred=n/a    gold=n/a  running‐acc=0.841
Locality eval: pred=true.             gold=true  correct=True  running‐acc=0.954
[ 524/600] loss=2.5810  pred=true.  gold=true  running‐acc=0.842
Locality eval: pred=n/a               gold=n/a  correct=True  running‐acc=0.954
[ 525/600] loss=3.4350  pred=true   gold=true  running‐acc=0.842
Locality eval: pred=n/a               gold=n/a  correct=True  running‐acc=0.954
[ 526/600] loss=3.1309  pred=true   gold=true  running‐acc=0.842
Locality eval: pred=n/a               gold=n/a  correct=True  running‐acc=0.954
[ 527/600] loss=3.6105  pred=n/a    gold=n/a  running‐acc=0.843
Locality eval: pred=true.             gold=true  correct=True  running‐acc=0.954
[ 528/600] loss=4.4450  pred=true   gold=true  running‐acc=0.843
Locality eval: pred=n/a               gold=n/a  correct=True  running‐acc=0.955
[ 529/600] loss=3.6498  pred=n/a    gold=n/a  running‐acc=0.843
Locality eval: pred=true.             gold=true  correct=True  running‐acc=0.955
[ 530/600] loss=4.5252  pred=n/a    gold=true  running‐acc=0.842
Locality eval: pred=n/a               gold=n/a  correct=True  running‐acc=0.955
[ 531/600] loss=3.7756  pred=true.  gold=n/a  running‐acc=0.840
Locality eval: pred=true.             gold=true  correct=True  running‐acc=0.955
[ 532/600] loss=3.8478  pred=true   gold=true  running‐acc=0.840
Locality eval: pred=n/a               gold=n/a  correct=True  running‐acc=0.955
[ 533/600] loss=3.4309  pred=n/a    gold=n/a  running‐acc=0.841
Locality eval: pred=true              gold=true  correct=True  running‐acc=0.955
[ 534/600] loss=3.8525  pred=true   gold=true  running‐acc=0.841
Locality eval: pred=n/a               gold=n/a  correct=True  running‐acc=0.955
[ 535/600] loss=2.9992  pred=n/a    gold=true  running‐acc=0.839
Locality eval: pred=n/a               gold=n/a  correct=True  running‐acc=0.955
[ 536/600] loss=3.1096  pred=true   gold=true  running‐acc=0.840
Locality eval: pred=n/a               gold=n/a  correct=True  running‐acc=0.955
[ 537/600] loss=3.3165  pred=n/a    gold=n/a  running‐acc=0.840
Locality eval: pred=true.             gold=true  correct=True  running‐acc=0.955
[ 538/600] loss=3.5988  pred=true   gold=true  running‐acc=0.840
Locality eval: pred=n/a               gold=n/a  correct=True  running‐acc=0.955
[ 539/600] loss=5.2007  pred=true.  gold=true  running‐acc=0.840
Locality eval: pred=n/a               gold=n/a  correct=True  running‐acc=0.955
[ 540/600] loss=3.8210  pred=true.  gold=n/a  running‐acc=0.839
Locality eval: pred=true.             gold=true  correct=True  running‐acc=0.956
[ 541/600] loss=4.0830  pred=true.  gold=n/a  running‐acc=0.837
Locality eval: pred=true.             gold=true  correct=True  running‐acc=0.956
[ 542/600] loss=3.1560  pred=true.  gold=n/a  running‐acc=0.836
Locality eval: pred=true.             gold=true  correct=True  running‐acc=0.956
[ 543/600] loss=3.0900  pred=n/a    gold=n/a  running‐acc=0.836
Locality eval: pred=true.             gold=true  correct=True  running‐acc=0.956
[ 544/600] loss=3.7780  pred=n/a    gold=n/a  running‐acc=0.836
Locality eval: pred=true              gold=true  correct=True  running‐acc=0.956
[ 545/600] loss=3.4206  pred=n/a    gold=true  running‐acc=0.835
Locality eval: pred=n/a               gold=n/a  correct=True  running‐acc=0.956
[ 546/600] loss=3.4840  pred=n/a    gold=n/a  running‐acc=0.835
Locality eval: pred=true.             gold=true  correct=True  running‐acc=0.956
[ 547/600] loss=4.1262  pred=true.  gold=true  running‐acc=0.835
Locality eval: pred=false.            gold=n/a  correct=False  running‐acc=0.954
[ 548/600] loss=3.6643  pred=true.  gold=true  running‐acc=0.836
Locality eval: pred=n/a               gold=n/a  correct=True  running‐acc=0.954
[ 549/600] loss=4.4137  pred=n/a    gold=true  running‐acc=0.834
Locality eval: pred=n/a               gold=n/a  correct=True  running‐acc=0.954
[ 550/600] loss=3.5409  pred=n/a    gold=n/a  running‐acc=0.835
Locality eval: pred=true.             gold=true  correct=True  running‐acc=0.955
[ 551/600] loss=2.4921  pred=true   gold=true  running‐acc=0.835
Locality eval: pred=n/a               gold=n/a  correct=True  running‐acc=0.955
[ 552/600] loss=3.3928  pred=false.  gold=n/a  running‐acc=0.833
Locality eval: pred=true              gold=true  correct=True  running‐acc=0.955
[ 553/600] loss=3.2568  pred=n/a    gold=n/a  running‐acc=0.834
Locality eval: pred=true.             gold=true  correct=True  running‐acc=0.955
[ 554/600] loss=3.2131  pred=true.  gold=true  running‐acc=0.834
Locality eval: pred=n/a               gold=n/a  correct=True  running‐acc=0.955
[ 555/600] loss=3.3960  pred=n/a    gold=n/a  running‐acc=0.834
Locality eval: pred=true.             gold=true  correct=True  running‐acc=0.955
[ 556/600] loss=2.5877  pred=n/a    gold=n/a  running‐acc=0.835
Locality eval: pred=true.             gold=true  correct=True  running‐acc=0.955
[ 557/600] loss=3.2388  pred=n/a    gold=n/a  running‐acc=0.835
Locality eval: pred=true.             gold=true  correct=True  running‐acc=0.955
[ 558/600] loss=3.2931  pred=true.  gold=true  running‐acc=0.835
Locality eval: pred=n/a               gold=n/a  correct=True  running‐acc=0.955
[ 559/600] loss=2.6626  pred=true   gold=true  running‐acc=0.835
Locality eval: pred=n/a               gold=n/a  correct=True  running‐acc=0.955
[ 560/600] loss=3.3087  pred=true   gold=n/a  running‐acc=0.834
Locality eval: pred=true.             gold=true  correct=True  running‐acc=0.955
[ 561/600] loss=3.3243  pred=true   gold=true  running‐acc=0.834
Locality eval: pred=n/a               gold=n/a  correct=True  running‐acc=0.955
[ 562/600] loss=2.8098  pred=true   gold=true  running‐acc=0.835
Locality eval: pred=n/a               gold=n/a  correct=True  running‐acc=0.956
[ 563/600] loss=3.2808  pred=n/a    gold=n/a  running‐acc=0.835
Locality eval: pred=true.             gold=true  correct=True  running‐acc=0.956
[ 564/600] loss=4.9202  pred=n/a    gold=true  running‐acc=0.833
Locality eval: pred=n/a               gold=n/a  correct=True  running‐acc=0.956
[ 565/600] loss=3.7654  pred=n/a    gold=n/a  running‐acc=0.834
Locality eval: pred=true.             gold=true  correct=True  running‐acc=0.956
[ 566/600] loss=3.8190  pred=true   gold=true  running‐acc=0.834
Locality eval: pred=n/a               gold=n/a  correct=True  running‐acc=0.956
[ 567/600] loss=3.5260  pred=true   gold=true  running‐acc=0.834
Locality eval: pred=n/a               gold=n/a  correct=True  running‐acc=0.956
[ 568/600] loss=3.7053  pred=false.  gold=n/a  running‐acc=0.833
Locality eval: pred=true              gold=true  correct=True  running‐acc=0.956
[ 569/600] loss=3.4133  pred=true   gold=true  running‐acc=0.833
Locality eval: pred=n/a               gold=n/a  correct=True  running‐acc=0.956
[ 570/600] loss=2.8842  pred=true.  gold=true  running‐acc=0.833
Locality eval: pred=n/a               gold=n/a  correct=True  running‐acc=0.956
[ 571/600] loss=3.6933  pred=true   gold=true  running‐acc=0.834
Locality eval: pred=n/a               gold=n/a  correct=True  running‐acc=0.956
[ 572/600] loss=3.1601  pred=n/a    gold=true  running‐acc=0.832
Locality eval: pred=n/a               gold=n/a  correct=True  running‐acc=0.956
[ 573/600] loss=3.4678  pred=true.  gold=true  running‐acc=0.832
Locality eval: pred=n/a               gold=n/a  correct=True  running‐acc=0.956
[ 574/600] loss=4.5135  pred=n/a    gold=true  running‐acc=0.831
Locality eval: pred=n/a               gold=n/a  correct=True  running‐acc=0.956
[ 575/600] loss=4.2999  pred=true.  gold=true  running‐acc=0.831
Locality eval: pred=n/a               gold=n/a  correct=True  running‐acc=0.957
[ 576/600] loss=4.3932  pred=true.  gold=true  running‐acc=0.832
Locality eval: pred=n/a               gold=n/a  correct=True  running‐acc=0.957
[ 577/600] loss=3.2177  pred=true.  gold=true  running‐acc=0.832
Locality eval: pred=n/a               gold=n/a  correct=True  running‐acc=0.957
[ 578/600] loss=3.3724  pred=n/a    gold=n/a  running‐acc=0.832
Locality eval: pred=true.             gold=true  correct=True  running‐acc=0.957
[ 579/600] loss=4.4963  pred=true.  gold=true  running‐acc=0.832
Locality eval: pred=n/a               gold=n/a  correct=True  running‐acc=0.957
[ 580/600] loss=3.1097  pred=n/a    gold=n/a  running‐acc=0.833
Locality eval: pred=true              gold=true  correct=True  running‐acc=0.957
[ 581/600] loss=3.3492  pred=n/a    gold=n/a  running‐acc=0.833
Locality eval: pred=true.             gold=true  correct=True  running‐acc=0.957
[ 582/600] loss=3.1235  pred=true.  gold=n/a  running‐acc=0.832
Locality eval: pred=true.             gold=true  correct=True  running‐acc=0.957
[ 583/600] loss=3.0789  pred=true.  gold=n/a  running‐acc=0.830
Locality eval: pred=true.             gold=true  correct=True  running‐acc=0.957
[ 584/600] loss=2.7283  pred=n/a    gold=n/a  running‐acc=0.830
Locality eval: pred=true.             gold=true  correct=True  running‐acc=0.957
[ 585/600] loss=2.9418  pred=n/a    gold=n/a  running‐acc=0.831
Locality eval: pred=true.             gold=true  correct=True  running‐acc=0.957
[ 586/600] loss=2.4734  pred=n/a    gold=n/a  running‐acc=0.831
Locality eval: pred=true.             gold=true  correct=True  running‐acc=0.957
[ 587/600] loss=4.0108  pred=true.  gold=true  running‐acc=0.831
Locality eval: pred=n/a               gold=n/a  correct=True  running‐acc=0.957
[ 588/600] loss=2.8753  pred=n/a    gold=true  running‐acc=0.830
Locality eval: pred=n/a               gold=n/a  correct=True  running‐acc=0.957
[ 589/600] loss=3.8235  pred=true   gold=true  running‐acc=0.830
Locality eval: pred=n/a               gold=n/a  correct=True  running‐acc=0.958
[ 590/600] loss=3.5045  pred=true.  gold=true  running‐acc=0.831
Locality eval: pred=n/a               gold=n/a  correct=True  running‐acc=0.958
[ 591/600] loss=3.7586  pred=true.  gold=true  running‐acc=0.831
Locality eval: pred=n/a               gold=n/a  correct=True  running‐acc=0.958
[ 592/600] loss=3.8891  pred=n/a    gold=n/a  running‐acc=0.831
Locality eval: pred=true.             gold=true  correct=True  running‐acc=0.958
[ 593/600] loss=3.7450  pred=true   gold=true  running‐acc=0.831
Locality eval: pred=n/a               gold=n/a  correct=True  running‐acc=0.958
[ 594/600] loss=2.4664  pred=n/a    gold=n/a  running‐acc=0.832
Locality eval: pred=true.             gold=true  correct=True  running‐acc=0.958
[ 595/600] loss=2.4337  pred=true.  gold=true  running‐acc=0.832
Locality eval: pred=n/a               gold=n/a  correct=True  running‐acc=0.958
[ 596/600] loss=3.5110  pred=false.  gold=n/a  running‐acc=0.831
Locality eval: pred=true.             gold=true  correct=True  running‐acc=0.958
[ 597/600] loss=3.5614  pred=true   gold=n/a  running‐acc=0.829
Locality eval: pred=true.             gold=true  correct=True  running‐acc=0.958
[ 598/600] loss=2.5772  pred=n/a    gold=true  running‐acc=0.828
Locality eval: pred=n/a               gold=n/a  correct=True  running‐acc=0.958
[ 599/600] loss=2.7087  pred=true.  gold=true  running‐acc=0.828
Locality eval: pred=n/a               gold=n/a  correct=True  running‐acc=0.958
[ 600/600] loss=3.7955  pred=n/a    gold=n/a  running‐acc=0.828
Locality eval: pred=true.             gold=true  correct=True  running‐acc=0.958

Finished in 1649.4s.  Final accuracy: 0.828.

