Sliding Window Attention is enabled but not implemented for `sdpa`; unexpected results may be encountered.

Loading base model (4‐bit)…
Loading checkpoint shards:   0%|          | 0/2 [00:00<?, ?it/s]Loading checkpoint shards:  50%|█████     | 1/2 [00:07<00:07,  7.87s/it]Loading checkpoint shards: 100%|██████████| 2/2 [00:12<00:00,  6.22s/it]Loading checkpoint shards: 100%|██████████| 2/2 [00:12<00:00,  6.47s/it]
trainable params: 3,686,400 || all params: 3,089,625,088 || trainable%: 0.1193
  0%|          | 0/600 [00:00<?, ?it/s]100%|██████████| 600/600 [00:00<00:00, 27394.65it/s]
/project/uvadm/zhenyu/miniconda3/envs/mechanistic/lib/python3.10/site-packages/transformers/generation/configuration_utils.py:631: UserWarning: `do_sample` is set to `False`. However, `temperature` is set to `0.7` -- this flag is only used in sample-based generation modes. You should set `do_sample=True` or unset `temperature`.
  warnings.warn(
/project/uvadm/zhenyu/miniconda3/envs/mechanistic/lib/python3.10/site-packages/transformers/generation/configuration_utils.py:636: UserWarning: `do_sample` is set to `False`. However, `top_p` is set to `0.8` -- this flag is only used in sample-based generation modes. You should set `do_sample=True` or unset `top_p`.
  warnings.warn(
/project/uvadm/zhenyu/miniconda3/envs/mechanistic/lib/python3.10/site-packages/transformers/generation/configuration_utils.py:653: UserWarning: `do_sample` is set to `False`. However, `top_k` is set to `20` -- this flag is only used in sample-based generation modes. You should set `do_sample=True` or unset `top_k`.
  warnings.warn(
Loaded 600 (train, eval) pairs.

Starting sequential training…
Cached 144 LoRA tensors.
[   1/600] loss=16.6536  pred=true   gold=true  running‐acc=1.000
Locality eval: pred=n/a               gold=n/a  correct=True  running‐acc=1.000
[   2/600] loss=16.7468  pred=true   gold=true  running‐acc=1.000
Locality eval: pred=n/a               gold=n/a  correct=True  running‐acc=1.000
[   3/600] loss=16.9567  pred=true   gold=true  running‐acc=1.000
Locality eval: pred=n/a               gold=n/a  correct=True  running‐acc=1.000
[   4/600] loss=16.7316  pred=true   gold=true  running‐acc=1.000
Locality eval: pred=n/a               gold=n/a  correct=True  running‐acc=1.000
[   5/600] loss=16.6464  pred=true   gold=true  running‐acc=1.000
Locality eval: pred=n/a               gold=n/a  correct=True  running‐acc=1.000
[   6/600] loss=16.9095  pred=false  gold=true  running‐acc=0.833
Locality eval: pred=true              gold=n/a  correct=False  running‐acc=0.833
[   7/600] loss=11.3415  pred=n/a    gold=n/a  running‐acc=0.857
Locality eval: pred=true              gold=true  correct=True  running‐acc=0.857
[   8/600] loss=13.2494  pred=n/a    gold=n/a  running‐acc=0.875
Locality eval: pred=true              gold=true  correct=True  running‐acc=0.875
[   9/600] loss=20.7624  pred=n/a    gold=true  running‐acc=0.778
Locality eval: pred=n/a               gold=n/a  correct=True  running‐acc=0.889
[  10/600] loss=16.0327  pred=true   gold=true  running‐acc=0.800
Locality eval: pred=n/a               gold=n/a  correct=True  running‐acc=0.900
[  11/600] loss=16.6930  pred=false  gold=true  running‐acc=0.727
Locality eval: pred=n/a               gold=n/a  correct=True  running‐acc=0.909
[  12/600] loss=16.8483  pred=true   gold=true  running‐acc=0.750
Locality eval: pred=n/a               gold=n/a  correct=True  running‐acc=0.917
[  13/600] loss=12.4216  pred=n/a    gold=n/a  running‐acc=0.769
Locality eval: pred=true              gold=true  correct=True  running‐acc=0.923
[  14/600] loss=13.5646  pred=n/a    gold=n/a  running‐acc=0.786
Locality eval: pred=true              gold=true  correct=True  running‐acc=0.929
[  15/600] loss=17.4193  pred=n/a    gold=true  running‐acc=0.733
Locality eval: pred=n/a               gold=n/a  correct=True  running‐acc=0.933
[  16/600] loss=12.8885  pred=false  gold=n/a  running‐acc=0.688
Locality eval: pred=true              gold=true  correct=True  running‐acc=0.938
[  17/600] loss=12.9791  pred=n/a    gold=n/a  running‐acc=0.706
Locality eval: pred=true              gold=true  correct=True  running‐acc=0.941
[  18/600] loss=16.8454  pred=true   gold=true  running‐acc=0.722
Locality eval: pred=n/a               gold=n/a  correct=True  running‐acc=0.944
[  19/600] loss=17.7254  pred=true   gold=true  running‐acc=0.737
Locality eval: pred=false             gold=n/a  correct=False  running‐acc=0.895
[  20/600] loss=12.4633  pred=n/a    gold=n/a  running‐acc=0.750
Locality eval: pred=true              gold=true  correct=True  running‐acc=0.900
[  21/600] loss=11.3595  pred=n/a    gold=n/a  running‐acc=0.762
Locality eval: pred=true              gold=true  correct=True  running‐acc=0.905
[  22/600] loss=13.3656  pred=n/a    gold=n/a  running‐acc=0.773
Locality eval: pred=true              gold=true  correct=True  running‐acc=0.909
[  23/600] loss=12.6230  pred=false  gold=n/a  running‐acc=0.739
Locality eval: pred=true              gold=true  correct=True  running‐acc=0.913
[  24/600] loss=13.7410  pred=n/a    gold=n/a  running‐acc=0.750
Locality eval: pred=true              gold=true  correct=True  running‐acc=0.917
[  25/600] loss=16.7591  pred=true   gold=true  running‐acc=0.760
Locality eval: pred=n/a               gold=n/a  correct=True  running‐acc=0.920
[  26/600] loss=11.9116  pred=n/a    gold=n/a  running‐acc=0.769
Locality eval: pred=true              gold=true  correct=True  running‐acc=0.923
[  27/600] loss=13.7771  pred=n/a    gold=n/a  running‐acc=0.778
Locality eval: pred=true              gold=true  correct=True  running‐acc=0.926
[  28/600] loss=12.8087  pred=false.  gold=n/a  running‐acc=0.750
Locality eval: pred=true              gold=true  correct=True  running‐acc=0.929
[  29/600] loss=12.3993  pred=n/a    gold=n/a  running‐acc=0.759
Locality eval: pred=true              gold=true  correct=True  running‐acc=0.931
[  30/600] loss=12.3899  pred=true   gold=n/a  running‐acc=0.733
Locality eval: pred=true              gold=true  correct=True  running‐acc=0.933
[  31/600] loss=16.2495  pred=true   gold=true  running‐acc=0.742
Locality eval: pred=n/a               gold=n/a  correct=True  running‐acc=0.935
[  32/600] loss=12.3706  pred=n/a    gold=n/a  running‐acc=0.750
Locality eval: pred=true              gold=true  correct=True  running‐acc=0.938
[  33/600] loss=13.2392  pred=n/a    gold=n/a  running‐acc=0.758
Locality eval: pred=true              gold=true  correct=True  running‐acc=0.939
[  34/600] loss=11.4881  pred=n/a    gold=n/a  running‐acc=0.765
Locality eval: pred=true              gold=true  correct=True  running‐acc=0.941
[  35/600] loss=15.9615  pred=true.  gold=true  running‐acc=0.771
Locality eval: pred=n/a               gold=n/a  correct=True  running‐acc=0.943
[  36/600] loss=12.0262  pred=n/a    gold=n/a  running‐acc=0.778
Locality eval: pred=true              gold=true  correct=True  running‐acc=0.944
[  37/600] loss=21.1360  pred=n/a    gold=true  running‐acc=0.757
Locality eval: pred=n/a               gold=n/a  correct=True  running‐acc=0.946
[  38/600] loss=12.7482  pred=n/a    gold=n/a  running‐acc=0.763
Locality eval: pred=true              gold=true  correct=True  running‐acc=0.947
[  39/600] loss=16.8661  pred=true   gold=true  running‐acc=0.769
Locality eval: pred=n/a               gold=n/a  correct=True  running‐acc=0.949
[  40/600] loss=18.6062  pred=true   gold=true  running‐acc=0.775
Locality eval: pred=n/a               gold=n/a  correct=True  running‐acc=0.950
[  41/600] loss=16.3724  pred=true   gold=true  running‐acc=0.780
Locality eval: pred=n/a               gold=n/a  correct=True  running‐acc=0.951
[  42/600] loss=11.9916  pred=n/a    gold=n/a  running‐acc=0.786
Locality eval: pred=true              gold=true  correct=True  running‐acc=0.952
[  43/600] loss=16.3244  pred=true   gold=true  running‐acc=0.791
Locality eval: pred=n/a               gold=n/a  correct=True  running‐acc=0.953
[  44/600] loss=12.5919  pred=n/a    gold=n/a  running‐acc=0.795
Locality eval: pred=true              gold=true  correct=True  running‐acc=0.955
[  45/600] loss=11.4292  pred=true   gold=n/a  running‐acc=0.778
Locality eval: pred=true              gold=true  correct=True  running‐acc=0.956
[  46/600] loss=17.8207  pred=true   gold=true  running‐acc=0.783
Locality eval: pred=n/a               gold=n/a  correct=True  running‐acc=0.957
[  47/600] loss=15.9383  pred=true   gold=true  running‐acc=0.787
Locality eval: pred=n/a               gold=n/a  correct=True  running‐acc=0.957
[  48/600] loss=11.9403  pred=n/a    gold=n/a  running‐acc=0.792
Locality eval: pred=true              gold=true  correct=True  running‐acc=0.958
[  49/600] loss=18.5748  pred=n/a    gold=true  running‐acc=0.776
Locality eval: pred=n/a               gold=n/a  correct=True  running‐acc=0.959
[  50/600] loss=11.9911  pred=false  gold=n/a  running‐acc=0.760
Locality eval: pred=true              gold=true  correct=True  running‐acc=0.960
[  51/600] loss=16.6552  pred=true   gold=true  running‐acc=0.765
Locality eval: pred=n/a               gold=n/a  correct=True  running‐acc=0.961
[  52/600] loss=18.0678  pred=true   gold=true  running‐acc=0.769
Locality eval: pred=n/a               gold=n/a  correct=True  running‐acc=0.962
[  53/600] loss=11.9708  pred=false  gold=n/a  running‐acc=0.755
Locality eval: pred=true              gold=true  correct=True  running‐acc=0.962
[  54/600] loss=17.0322  pred=true.  gold=true  running‐acc=0.759
Locality eval: pred=n/a               gold=n/a  correct=True  running‐acc=0.963
[  55/600] loss=12.1608  pred=false  gold=n/a  running‐acc=0.745
Locality eval: pred=true              gold=true  correct=True  running‐acc=0.964
[  56/600] loss=13.7780  pred=n/a    gold=n/a  running‐acc=0.750
Locality eval: pred=true              gold=true  correct=True  running‐acc=0.964
[  57/600] loss=16.8652  pred=n/a    gold=true  running‐acc=0.737
Locality eval: pred=n/a               gold=n/a  correct=True  running‐acc=0.965
[  58/600] loss=15.9510  pred=true   gold=true  running‐acc=0.741
Locality eval: pred=n/a               gold=n/a  correct=True  running‐acc=0.966
[  59/600] loss=17.5989  pred=true   gold=true  running‐acc=0.746
Locality eval: pred=n/a               gold=n/a  correct=True  running‐acc=0.966
[  60/600] loss=16.0886  pred=true   gold=true  running‐acc=0.750
Locality eval: pred=n/a               gold=n/a  correct=True  running‐acc=0.967
[  61/600] loss=17.0256  pred=false  gold=true  running‐acc=0.738
Locality eval: pred=n/a               gold=n/a  correct=True  running‐acc=0.967
[  62/600] loss=17.1979  pred=n/a    gold=true  running‐acc=0.726
Locality eval: pred=n/a               gold=n/a  correct=True  running‐acc=0.968
[  63/600] loss=12.7459  pred=true   gold=n/a  running‐acc=0.714
Locality eval: pred=true              gold=true  correct=True  running‐acc=0.968
[  64/600] loss=12.9668  pred=n/a    gold=n/a  running‐acc=0.719
Locality eval: pred=true              gold=true  correct=True  running‐acc=0.969
[  65/600] loss=12.8162  pred=true   gold=n/a  running‐acc=0.708
Locality eval: pred=true              gold=true  correct=True  running‐acc=0.969
[  66/600] loss=18.2565  pred=true   gold=true  running‐acc=0.712
Locality eval: pred=n/a               gold=n/a  correct=True  running‐acc=0.970
[  67/600] loss=15.6584  pred=true   gold=true  running‐acc=0.716
Locality eval: pred=n/a               gold=n/a  correct=True  running‐acc=0.970
[  68/600] loss=16.6178  pred=true   gold=true  running‐acc=0.721
Locality eval: pred=n/a               gold=n/a  correct=True  running‐acc=0.971
[  69/600] loss=12.2344  pred=n/a    gold=n/a  running‐acc=0.725
Locality eval: pred=true              gold=true  correct=True  running‐acc=0.971
[  70/600] loss=11.9181  pred=n/a    gold=n/a  running‐acc=0.729
Locality eval: pred=true              gold=true  correct=True  running‐acc=0.971
[  71/600] loss=12.7517  pred=n/a    gold=n/a  running‐acc=0.732
Locality eval: pred=true              gold=true  correct=True  running‐acc=0.972
[  72/600] loss=12.3312  pred=false  gold=n/a  running‐acc=0.722
Locality eval: pred=true              gold=true  correct=True  running‐acc=0.972
[  73/600] loss=17.8402  pred=true   gold=true  running‐acc=0.726
Locality eval: pred=n/a               gold=n/a  correct=True  running‐acc=0.973
[  74/600] loss=12.8703  pred=n/a    gold=n/a  running‐acc=0.730
Locality eval: pred=true              gold=true  correct=True  running‐acc=0.973
[  75/600] loss=11.9827  pred=n/a    gold=n/a  running‐acc=0.733
Locality eval: pred=true              gold=true  correct=True  running‐acc=0.973
[  76/600] loss=20.6627  pred=n/a    gold=true  running‐acc=0.724
Locality eval: pred=n/a               gold=n/a  correct=True  running‐acc=0.974
[  77/600] loss=15.7811  pred=true   gold=true  running‐acc=0.727
Locality eval: pred=n/a               gold=n/a  correct=True  running‐acc=0.974
[  78/600] loss=12.8447  pred=n/a    gold=n/a  running‐acc=0.731
Locality eval: pred=true              gold=true  correct=True  running‐acc=0.974
[  79/600] loss=17.1933  pred=true   gold=true  running‐acc=0.734
Locality eval: pred=n/a               gold=n/a  correct=True  running‐acc=0.975
[  80/600] loss=13.3661  pred=false  gold=n/a  running‐acc=0.725
Locality eval: pred=true              gold=true  correct=True  running‐acc=0.975
[  81/600] loss=11.5609  pred=false  gold=n/a  running‐acc=0.716
Locality eval: pred=true              gold=true  correct=True  running‐acc=0.975
[  82/600] loss=18.3254  pred=true   gold=true  running‐acc=0.720
Locality eval: pred=n/a               gold=n/a  correct=True  running‐acc=0.976
[  83/600] loss=11.6110  pred=n/a    gold=n/a  running‐acc=0.723
Locality eval: pred=true              gold=true  correct=True  running‐acc=0.976
[  84/600] loss=17.3066  pred=true   gold=true  running‐acc=0.726
Locality eval: pred=n/a               gold=n/a  correct=True  running‐acc=0.976
[  85/600] loss=11.6662  pred=n/a    gold=n/a  running‐acc=0.729
Locality eval: pred=true              gold=true  correct=True  running‐acc=0.976
[  86/600] loss=12.1297  pred=n/a    gold=n/a  running‐acc=0.733
Locality eval: pred=true              gold=true  correct=True  running‐acc=0.977
[  87/600] loss=13.2394  pred=n/a    gold=n/a  running‐acc=0.736
Locality eval: pred=true              gold=true  correct=True  running‐acc=0.977
[  88/600] loss=17.2450  pred=true   gold=true  running‐acc=0.739
Locality eval: pred=n/a               gold=n/a  correct=True  running‐acc=0.977
[  89/600] loss=16.5487  pred=true   gold=true  running‐acc=0.742
Locality eval: pred=n/a               gold=n/a  correct=True  running‐acc=0.978
[  90/600] loss=11.0383  pred=false  gold=n/a  running‐acc=0.733
Locality eval: pred=true              gold=true  correct=True  running‐acc=0.978
[  91/600] loss=10.7590  pred=n/a    gold=n/a  running‐acc=0.736
Locality eval: pred=true              gold=true  correct=True  running‐acc=0.978
[  92/600] loss=15.3070  pred=false  gold=true  running‐acc=0.728
Locality eval: pred=n/a               gold=n/a  correct=True  running‐acc=0.978
[  93/600] loss=11.4468  pred=n/a    gold=n/a  running‐acc=0.731
Locality eval: pred=true              gold=true  correct=True  running‐acc=0.978
[  94/600] loss=11.9044  pred=n/a    gold=n/a  running‐acc=0.734
Locality eval: pred=true              gold=true  correct=True  running‐acc=0.979
[  95/600] loss=16.9721  pred=true   gold=true  running‐acc=0.737
Locality eval: pred=n/a               gold=n/a  correct=True  running‐acc=0.979
[  96/600] loss=11.5593  pred=false  gold=n/a  running‐acc=0.729
Locality eval: pred=true              gold=true  correct=True  running‐acc=0.979
[  97/600] loss=9.6303  pred=false  gold=n/a  running‐acc=0.722
Locality eval: pred=true.             gold=true  correct=True  running‐acc=0.979
[  98/600] loss=12.5311  pred=n/a    gold=n/a  running‐acc=0.724
Locality eval: pred=true              gold=true  correct=True  running‐acc=0.980
[  99/600] loss=16.1582  pred=true   gold=true  running‐acc=0.727
Locality eval: pred=n/a               gold=n/a  correct=True  running‐acc=0.980
[ 100/600] loss=16.6127  pred=true   gold=true  running‐acc=0.730
Locality eval: pred=n/a               gold=n/a  correct=True  running‐acc=0.980
[ 101/600] loss=12.3579  pred=n/a    gold=n/a  running‐acc=0.733
Locality eval: pred=true              gold=true  correct=True  running‐acc=0.980
[ 102/600] loss=16.2323  pred=true   gold=true  running‐acc=0.735
Locality eval: pred=n/a               gold=n/a  correct=True  running‐acc=0.980
[ 103/600] loss=11.4869  pred=n/a    gold=n/a  running‐acc=0.738
Locality eval: pred=true              gold=true  correct=True  running‐acc=0.981
[ 104/600] loss=16.9808  pred=false  gold=true  running‐acc=0.731
Locality eval: pred=n/a               gold=n/a  correct=True  running‐acc=0.981
[ 105/600] loss=15.7741  pred=true   gold=true  running‐acc=0.733
Locality eval: pred=n/a               gold=n/a  correct=True  running‐acc=0.981
[ 106/600] loss=17.2974  pred=true   gold=true  running‐acc=0.736
Locality eval: pred=n/a               gold=n/a  correct=True  running‐acc=0.981
[ 107/600] loss=18.4988  pred=true   gold=true  running‐acc=0.738
Locality eval: pred=n/a               gold=n/a  correct=True  running‐acc=0.981
[ 108/600] loss=15.7277  pred=true   gold=true  running‐acc=0.741
Locality eval: pred=n/a               gold=n/a  correct=True  running‐acc=0.981
[ 109/600] loss=19.6171  pred=true.  gold=true  running‐acc=0.743
Locality eval: pred=n/a               gold=n/a  correct=True  running‐acc=0.982
[ 110/600] loss=16.2263  pred=true   gold=true  running‐acc=0.745
Locality eval: pred=n/a               gold=n/a  correct=True  running‐acc=0.982
[ 111/600] loss=16.3122  pred=true   gold=true  running‐acc=0.748
Locality eval: pred=n/a               gold=n/a  correct=True  running‐acc=0.982
[ 112/600] loss=19.3019  pred=true   gold=true  running‐acc=0.750
Locality eval: pred=n/a               gold=n/a  correct=True  running‐acc=0.982
[ 113/600] loss=10.8862  pred=true   gold=n/a  running‐acc=0.743
Locality eval: pred=true              gold=true  correct=True  running‐acc=0.982
[ 114/600] loss=12.0848  pred=n/a    gold=n/a  running‐acc=0.746
Locality eval: pred=true              gold=true  correct=True  running‐acc=0.982
[ 115/600] loss=12.8321  pred=n/a    gold=n/a  running‐acc=0.748
Locality eval: pred=true              gold=true  correct=True  running‐acc=0.983
[ 116/600] loss=16.5469  pred=true   gold=true  running‐acc=0.750
Locality eval: pred=n/a               gold=n/a  correct=True  running‐acc=0.983
[ 117/600] loss=12.0891  pred=n/a    gold=n/a  running‐acc=0.752
Locality eval: pred=true              gold=true  correct=True  running‐acc=0.983
[ 118/600] loss=13.4676  pred=false.  gold=n/a  running‐acc=0.746
Locality eval: pred=true              gold=true  correct=True  running‐acc=0.983
[ 119/600] loss=12.0188  pred=false  gold=n/a  running‐acc=0.739
Locality eval: pred=true              gold=true  correct=True  running‐acc=0.983
[ 120/600] loss=12.8430  pred=true   gold=n/a  running‐acc=0.733
Locality eval: pred=true              gold=true  correct=True  running‐acc=0.983
[ 121/600] loss=15.6817  pred=true   gold=true  running‐acc=0.736
Locality eval: pred=n/a               gold=n/a  correct=True  running‐acc=0.983
[ 122/600] loss=19.7571  pred=n/a    gold=true  running‐acc=0.730
Locality eval: pred=n/a               gold=n/a  correct=True  running‐acc=0.984
[ 123/600] loss=12.0948  pred=false  gold=n/a  running‐acc=0.724
Locality eval: pred=true              gold=true  correct=True  running‐acc=0.984
[ 124/600] loss=12.7153  pred=n/a    gold=n/a  running‐acc=0.726
Locality eval: pred=true              gold=true  correct=True  running‐acc=0.984
[ 125/600] loss=12.1117  pred=false.  gold=n/a  running‐acc=0.720
Locality eval: pred=true              gold=true  correct=True  running‐acc=0.984
[ 126/600] loss=17.9509  pred=true.  gold=true  running‐acc=0.722
Locality eval: pred=n/a               gold=n/a  correct=True  running‐acc=0.984
[ 127/600] loss=19.5363  pred=true   gold=true  running‐acc=0.724
Locality eval: pred=n/a               gold=n/a  correct=True  running‐acc=0.984
[ 128/600] loss=12.4089  pred=n/a    gold=n/a  running‐acc=0.727
Locality eval: pred=true              gold=true  correct=True  running‐acc=0.984
[ 129/600] loss=16.3058  pred=true   gold=true  running‐acc=0.729
Locality eval: pred=n/a               gold=n/a  correct=True  running‐acc=0.984
[ 130/600] loss=12.3962  pred=false  gold=n/a  running‐acc=0.723
Locality eval: pred=true              gold=true  correct=True  running‐acc=0.985
[ 131/600] loss=18.3445  pred=true   gold=true  running‐acc=0.725
Locality eval: pred=n/a               gold=n/a  correct=True  running‐acc=0.985
[ 132/600] loss=12.8554  pred=n/a    gold=n/a  running‐acc=0.727
Locality eval: pred=true              gold=true  correct=True  running‐acc=0.985
[ 133/600] loss=11.5129  pred=n/a    gold=n/a  running‐acc=0.729
Locality eval: pred=true              gold=true  correct=True  running‐acc=0.985
[ 134/600] loss=15.6412  pred=true   gold=true  running‐acc=0.731
Locality eval: pred=n/a               gold=n/a  correct=True  running‐acc=0.985
[ 135/600] loss=17.3812  pred=true   gold=true  running‐acc=0.733
Locality eval: pred=n/a               gold=n/a  correct=True  running‐acc=0.985
[ 136/600] loss=12.1707  pred=false  gold=n/a  running‐acc=0.728
Locality eval: pred=true              gold=true  correct=True  running‐acc=0.985
[ 137/600] loss=16.4203  pred=true   gold=true  running‐acc=0.730
Locality eval: pred=n/a               gold=n/a  correct=True  running‐acc=0.985
[ 138/600] loss=19.4752  pred=n/a    gold=true  running‐acc=0.725
Locality eval: pred=n/a               gold=n/a  correct=True  running‐acc=0.986
[ 139/600] loss=13.0942  pred=n/a    gold=n/a  running‐acc=0.727
Locality eval: pred=true              gold=true  correct=True  running‐acc=0.986
[ 140/600] loss=12.1653  pred=n/a    gold=n/a  running‐acc=0.729
Locality eval: pred=true              gold=true  correct=True  running‐acc=0.986
[ 141/600] loss=11.4888  pred=n/a    gold=n/a  running‐acc=0.730
Locality eval: pred=true              gold=true  correct=True  running‐acc=0.986
[ 142/600] loss=11.4243  pred=true   gold=n/a  running‐acc=0.725
Locality eval: pred=true              gold=true  correct=True  running‐acc=0.986
[ 143/600] loss=15.3092  pred=true   gold=true  running‐acc=0.727
Locality eval: pred=n/a               gold=n/a  correct=True  running‐acc=0.986
[ 144/600] loss=15.7270  pred=true   gold=true  running‐acc=0.729
Locality eval: pred=n/a               gold=n/a  correct=True  running‐acc=0.986
[ 145/600] loss=17.6815  pred=true   gold=true  running‐acc=0.731
Locality eval: pred=n/a               gold=n/a  correct=True  running‐acc=0.986
[ 146/600] loss=15.2700  pred=true   gold=true  running‐acc=0.733
Locality eval: pred=n/a               gold=n/a  correct=True  running‐acc=0.986
[ 147/600] loss=12.9793  pred=false  gold=n/a  running‐acc=0.728
Locality eval: pred=true              gold=true  correct=True  running‐acc=0.986
[ 148/600] loss=16.9583  pred=true   gold=true  running‐acc=0.730
Locality eval: pred=n/a               gold=n/a  correct=True  running‐acc=0.986
[ 149/600] loss=13.3368  pred=false  gold=n/a  running‐acc=0.725
Locality eval: pred=true              gold=true  correct=True  running‐acc=0.987
[ 150/600] loss=11.0999  pred=n/a    gold=n/a  running‐acc=0.727
Locality eval: pred=true              gold=true  correct=True  running‐acc=0.987
[ 151/600] loss=16.2992  pred=true   gold=true  running‐acc=0.728
Locality eval: pred=n/a               gold=n/a  correct=True  running‐acc=0.987
[ 152/600] loss=16.4534  pred=true   gold=true  running‐acc=0.730
Locality eval: pred=true              gold=n/a  correct=False  running‐acc=0.980
[ 153/600] loss=12.5633  pred=n/a    gold=n/a  running‐acc=0.732
Locality eval: pred=true              gold=true  correct=True  running‐acc=0.980
[ 154/600] loss=12.8617  pred=false  gold=n/a  running‐acc=0.727
Locality eval: pred=true              gold=true  correct=True  running‐acc=0.981
[ 155/600] loss=15.3311  pred=n/a    gold=true  running‐acc=0.723
Locality eval: pred=n/a               gold=n/a  correct=True  running‐acc=0.981
[ 156/600] loss=12.2406  pred=false  gold=n/a  running‐acc=0.718
Locality eval: pred=true              gold=true  correct=True  running‐acc=0.981
[ 157/600] loss=17.8210  pred=true   gold=true  running‐acc=0.720
Locality eval: pred=n/a               gold=n/a  correct=True  running‐acc=0.981
[ 158/600] loss=12.2504  pred=n/a    gold=n/a  running‐acc=0.722
Locality eval: pred=true              gold=true  correct=True  running‐acc=0.981
[ 159/600] loss=13.3884  pred=false  gold=n/a  running‐acc=0.717
Locality eval: pred=true              gold=true  correct=True  running‐acc=0.981
[ 160/600] loss=12.8914  pred=n/a    gold=n/a  running‐acc=0.719
Locality eval: pred=true              gold=true  correct=True  running‐acc=0.981
[ 161/600] loss=17.7909  pred=true   gold=true  running‐acc=0.720
Locality eval: pred=n/a               gold=n/a  correct=True  running‐acc=0.981
[ 162/600] loss=10.4941  pred=false  gold=n/a  running‐acc=0.716
Locality eval: pred=true              gold=true  correct=True  running‐acc=0.981
[ 163/600] loss=11.4260  pred=false  gold=n/a  running‐acc=0.712
Locality eval: pred=true              gold=true  correct=True  running‐acc=0.982
[ 164/600] loss=13.0343  pred=n/a    gold=n/a  running‐acc=0.713
Locality eval: pred=true              gold=true  correct=True  running‐acc=0.982
[ 165/600] loss=16.6782  pred=true   gold=true  running‐acc=0.715
Locality eval: pred=n/a               gold=n/a  correct=True  running‐acc=0.982
[ 166/600] loss=16.3071  pred=true   gold=true  running‐acc=0.717
Locality eval: pred=n/a               gold=n/a  correct=True  running‐acc=0.982
[ 167/600] loss=13.1640  pred=n/a    gold=n/a  running‐acc=0.719
Locality eval: pred=true.             gold=true  correct=True  running‐acc=0.982
[ 168/600] loss=16.8595  pred=false  gold=true  running‐acc=0.714
Locality eval: pred=n/a               gold=n/a  correct=True  running‐acc=0.982
[ 169/600] loss=12.8447  pred=n/a    gold=n/a  running‐acc=0.716
Locality eval: pred=true              gold=true  correct=True  running‐acc=0.982
[ 170/600] loss=12.9312  pred=n/a    gold=n/a  running‐acc=0.718
Locality eval: pred=true              gold=true  correct=True  running‐acc=0.982
[ 171/600] loss=10.9938  pred=true   gold=n/a  running‐acc=0.713
Locality eval: pred=true              gold=true  correct=True  running‐acc=0.982
[ 172/600] loss=17.7251  pred=true   gold=true  running‐acc=0.715
Locality eval: pred=n/a               gold=n/a  correct=True  running‐acc=0.983
[ 173/600] loss=12.7495  pred=false  gold=n/a  running‐acc=0.711
Locality eval: pred=true              gold=true  correct=True  running‐acc=0.983
[ 174/600] loss=15.9094  pred=true   gold=true  running‐acc=0.713
Locality eval: pred=n/a               gold=n/a  correct=True  running‐acc=0.983
[ 175/600] loss=19.3271  pred=true.  gold=true  running‐acc=0.714
Locality eval: pred=n/a               gold=n/a  correct=True  running‐acc=0.983
[ 176/600] loss=12.1239  pred=false  gold=n/a  running‐acc=0.710
Locality eval: pred=true              gold=true  correct=True  running‐acc=0.983
[ 177/600] loss=15.2376  pred=true   gold=true  running‐acc=0.712
Locality eval: pred=n/a               gold=n/a  correct=True  running‐acc=0.983
[ 178/600] loss=12.8819  pred=false  gold=n/a  running‐acc=0.708
Locality eval: pred=true              gold=true  correct=True  running‐acc=0.983
[ 179/600] loss=12.4596  pred=true.  gold=n/a  running‐acc=0.704
Locality eval: pred=true              gold=true  correct=True  running‐acc=0.983
[ 180/600] loss=20.7873  pred=n/a    gold=true  running‐acc=0.700
Locality eval: pred=n/a               gold=n/a  correct=True  running‐acc=0.983
[ 181/600] loss=13.1662  pred=n/a    gold=n/a  running‐acc=0.702
Locality eval: pred=true              gold=true  correct=True  running‐acc=0.983
[ 182/600] loss=14.1824  pred=n/a    gold=n/a  running‐acc=0.703
Locality eval: pred=true.             gold=true  correct=True  running‐acc=0.984
[ 183/600] loss=17.2980  pred=false  gold=true  running‐acc=0.699
Locality eval: pred=n/a               gold=n/a  correct=True  running‐acc=0.984
[ 184/600] loss=17.2672  pred=true   gold=true  running‐acc=0.701
Locality eval: pred=n/a               gold=n/a  correct=True  running‐acc=0.984
[ 185/600] loss=16.6814  pred=true   gold=true  running‐acc=0.703
Locality eval: pred=n/a               gold=n/a  correct=True  running‐acc=0.984
[ 186/600] loss=18.5935  pred=false  gold=true  running‐acc=0.699
Locality eval: pred=n/a               gold=n/a  correct=True  running‐acc=0.984
[ 187/600] loss=12.7108  pred=false  gold=n/a  running‐acc=0.695
Locality eval: pred=true              gold=true  correct=True  running‐acc=0.984
[ 188/600] loss=11.4151  pred=n/a    gold=n/a  running‐acc=0.697
Locality eval: pred=true              gold=true  correct=True  running‐acc=0.984
[ 189/600] loss=16.5459  pred=true   gold=true  running‐acc=0.698
Locality eval: pred=n/a               gold=n/a  correct=True  running‐acc=0.984
[ 190/600] loss=11.8605  pred=n/a    gold=n/a  running‐acc=0.700
Locality eval: pred=true              gold=true  correct=True  running‐acc=0.984
[ 191/600] loss=12.8112  pred=n/a    gold=n/a  running‐acc=0.702
Locality eval: pred=true              gold=true  correct=True  running‐acc=0.984
[ 192/600] loss=12.2908  pred=n/a    gold=n/a  running‐acc=0.703
Locality eval: pred=true              gold=true  correct=True  running‐acc=0.984
[ 193/600] loss=17.1699  pred=true   gold=true  running‐acc=0.705
Locality eval: pred=n/a               gold=n/a  correct=True  running‐acc=0.984
[ 194/600] loss=17.0030  pred=true   gold=true  running‐acc=0.706
Locality eval: pred=n/a               gold=n/a  correct=True  running‐acc=0.985
[ 195/600] loss=15.9676  pred=true   gold=true  running‐acc=0.708
Locality eval: pred=n/a               gold=n/a  correct=True  running‐acc=0.985
[ 196/600] loss=16.2760  pred=false  gold=true  running‐acc=0.704
Locality eval: pred=n/a               gold=n/a  correct=True  running‐acc=0.985
[ 197/600] loss=21.1528  pred=n/a    gold=true  running‐acc=0.701
Locality eval: pred=n/a               gold=n/a  correct=True  running‐acc=0.985
[ 198/600] loss=13.2436  pred=false  gold=n/a  running‐acc=0.697
Locality eval: pred=true              gold=true  correct=True  running‐acc=0.985
[ 199/600] loss=17.8292  pred=false  gold=true  running‐acc=0.693
Locality eval: pred=n/a               gold=n/a  correct=True  running‐acc=0.985
[ 200/600] loss=17.0933  pred=true   gold=true  running‐acc=0.695
Locality eval: pred=n/a               gold=n/a  correct=True  running‐acc=0.985
[ 201/600] loss=12.2600  pred=n/a    gold=n/a  running‐acc=0.697
Locality eval: pred=true              gold=true  correct=True  running‐acc=0.985
[ 202/600] loss=13.1944  pred=false  gold=n/a  running‐acc=0.693
Locality eval: pred=true              gold=true  correct=True  running‐acc=0.985
[ 203/600] loss=16.5353  pred=true   gold=true  running‐acc=0.695
Locality eval: pred=n/a               gold=n/a  correct=True  running‐acc=0.985
[ 204/600] loss=11.4538  pred=true   gold=n/a  running‐acc=0.691
Locality eval: pred=true              gold=true  correct=True  running‐acc=0.985
[ 205/600] loss=20.6469  pred=n/a    gold=true  running‐acc=0.688
Locality eval: pred=n/a               gold=n/a  correct=True  running‐acc=0.985
[ 206/600] loss=13.2904  pred=false  gold=n/a  running‐acc=0.684
Locality eval: pred=true              gold=true  correct=True  running‐acc=0.985
[ 207/600] loss=12.0804  pred=true   gold=n/a  running‐acc=0.681
Locality eval: pred=true              gold=true  correct=True  running‐acc=0.986
[ 208/600] loss=16.2825  pred=true   gold=true  running‐acc=0.683
Locality eval: pred=n/a               gold=n/a  correct=True  running‐acc=0.986
[ 209/600] loss=12.8249  pred=n/a    gold=n/a  running‐acc=0.684
Locality eval: pred=true              gold=true  correct=True  running‐acc=0.986
[ 210/600] loss=13.3627  pred=n/a    gold=n/a  running‐acc=0.686
Locality eval: pred=true              gold=true  correct=True  running‐acc=0.986
[ 211/600] loss=16.8778  pred=true   gold=true  running‐acc=0.687
Locality eval: pred=n/a               gold=n/a  correct=True  running‐acc=0.986
[ 212/600] loss=11.9090  pred=n/a    gold=n/a  running‐acc=0.689
Locality eval: pred=true              gold=true  correct=True  running‐acc=0.986
[ 213/600] loss=18.5124  pred=true   gold=true  running‐acc=0.690
Locality eval: pred=n/a               gold=n/a  correct=True  running‐acc=0.986
[ 214/600] loss=12.1758  pred=n/a    gold=n/a  running‐acc=0.692
Locality eval: pred=true              gold=true  correct=True  running‐acc=0.986
[ 215/600] loss=20.4454  pred=false  gold=true  running‐acc=0.688
Locality eval: pred=n/a               gold=n/a  correct=True  running‐acc=0.986
[ 216/600] loss=13.5346  pred=n/a    gold=n/a  running‐acc=0.690
Locality eval: pred=true              gold=true  correct=True  running‐acc=0.986
[ 217/600] loss=18.2595  pred=n/a    gold=true  running‐acc=0.687
Locality eval: pred=n/a               gold=n/a  correct=True  running‐acc=0.986
[ 218/600] loss=11.6763  pred=n/a    gold=n/a  running‐acc=0.688
Locality eval: pred=true              gold=true  correct=True  running‐acc=0.986
[ 219/600] loss=16.7482  pred=true   gold=true  running‐acc=0.689
Locality eval: pred=n/a               gold=n/a  correct=True  running‐acc=0.986
[ 220/600] loss=12.4069  pred=n/a    gold=n/a  running‐acc=0.691
Locality eval: pred=true              gold=true  correct=True  running‐acc=0.986
[ 221/600] loss=13.0296  pred=true   gold=n/a  running‐acc=0.688
Locality eval: pred=true              gold=true  correct=True  running‐acc=0.986
[ 222/600] loss=12.3028  pred=n/a    gold=n/a  running‐acc=0.689
Locality eval: pred=true              gold=true  correct=True  running‐acc=0.986
[ 223/600] loss=13.2607  pred=true   gold=n/a  running‐acc=0.686
Locality eval: pred=true              gold=true  correct=True  running‐acc=0.987
[ 224/600] loss=13.5535  pred=n/a    gold=n/a  running‐acc=0.688
Locality eval: pred=true              gold=true  correct=True  running‐acc=0.987
[ 225/600] loss=12.5710  pred=n/a    gold=n/a  running‐acc=0.689
Locality eval: pred=true              gold=true  correct=True  running‐acc=0.987
[ 226/600] loss=17.6760  pred=true   gold=true  running‐acc=0.690
Locality eval: pred=n/a               gold=n/a  correct=True  running‐acc=0.987
[ 227/600] loss=11.5998  pred=true   gold=n/a  running‐acc=0.687
Locality eval: pred=true              gold=true  correct=True  running‐acc=0.987
[ 228/600] loss=12.4137  pred=false  gold=n/a  running‐acc=0.684
Locality eval: pred=true              gold=true  correct=True  running‐acc=0.987
[ 229/600] loss=11.5985  pred=true   gold=n/a  running‐acc=0.681
Locality eval: pred=true              gold=true  correct=True  running‐acc=0.987
[ 230/600] loss=11.2245  pred=n/a    gold=n/a  running‐acc=0.683
Locality eval: pred=true.             gold=true  correct=True  running‐acc=0.987
[ 231/600] loss=11.7174  pred=true   gold=n/a  running‐acc=0.680
Locality eval: pred=true              gold=true  correct=True  running‐acc=0.987
[ 232/600] loss=12.8621  pred=n/a    gold=n/a  running‐acc=0.681
Locality eval: pred=true              gold=true  correct=True  running‐acc=0.987
[ 233/600] loss=20.4209  pred=true   gold=true  running‐acc=0.682
Locality eval: pred=n/a               gold=n/a  correct=True  running‐acc=0.987
[ 234/600] loss=15.6989  pred=true   gold=true  running‐acc=0.684
Locality eval: pred=n/a               gold=n/a  correct=True  running‐acc=0.987
[ 235/600] loss=11.4490  pred=true   gold=n/a  running‐acc=0.681
Locality eval: pred=true              gold=true  correct=True  running‐acc=0.987
[ 236/600] loss=12.8463  pred=n/a    gold=n/a  running‐acc=0.682
Locality eval: pred=true              gold=true  correct=True  running‐acc=0.987
[ 237/600] loss=17.4495  pred=n/a    gold=true  running‐acc=0.679
Locality eval: pred=n/a               gold=n/a  correct=True  running‐acc=0.987
[ 238/600] loss=13.2968  pred=false  gold=n/a  running‐acc=0.676
Locality eval: pred=true              gold=true  correct=True  running‐acc=0.987
[ 239/600] loss=12.1906  pred=n/a    gold=n/a  running‐acc=0.678
Locality eval: pred=true              gold=true  correct=True  running‐acc=0.987
[ 240/600] loss=20.2366  pred=true   gold=true  running‐acc=0.679
Locality eval: pred=n/a               gold=n/a  correct=True  running‐acc=0.988
[ 241/600] loss=12.3002  pred=n/a    gold=n/a  running‐acc=0.680
Locality eval: pred=true              gold=true  correct=True  running‐acc=0.988
[ 242/600] loss=12.5971  pred=false  gold=n/a  running‐acc=0.678
Locality eval: pred=true              gold=true  correct=True  running‐acc=0.988
[ 243/600] loss=12.0723  pred=n/a    gold=n/a  running‐acc=0.679
Locality eval: pred=true.             gold=true  correct=True  running‐acc=0.988
[ 244/600] loss=16.7130  pred=true   gold=true  running‐acc=0.680
Locality eval: pred=n/a               gold=n/a  correct=True  running‐acc=0.988
[ 245/600] loss=17.0514  pred=false  gold=true  running‐acc=0.678
Locality eval: pred=n/a               gold=n/a  correct=True  running‐acc=0.988
[ 246/600] loss=16.7780  pred=true.  gold=true  running‐acc=0.679
Locality eval: pred=n/a               gold=n/a  correct=True  running‐acc=0.988
[ 247/600] loss=16.9137  pred=n/a    gold=true  running‐acc=0.676
Locality eval: pred=n/a               gold=n/a  correct=True  running‐acc=0.988
[ 248/600] loss=18.2014  pred=n/a    gold=true  running‐acc=0.673
Locality eval: pred=n/a               gold=n/a  correct=True  running‐acc=0.988
[ 249/600] loss=11.6745  pred=n/a    gold=n/a  running‐acc=0.675
Locality eval: pred=true              gold=true  correct=True  running‐acc=0.988
[ 250/600] loss=15.7509  pred=true   gold=true  running‐acc=0.676
Locality eval: pred=n/a               gold=n/a  correct=True  running‐acc=0.988
[ 251/600] loss=11.6722  pred=true   gold=n/a  running‐acc=0.673
Locality eval: pred=true              gold=true  correct=True  running‐acc=0.988
[ 252/600] loss=12.6209  pred=n/a    gold=n/a  running‐acc=0.675
Locality eval: pred=true              gold=true  correct=True  running‐acc=0.988
[ 253/600] loss=16.6763  pred=true   gold=true  running‐acc=0.676
Locality eval: pred=n/a               gold=n/a  correct=True  running‐acc=0.988
[ 254/600] loss=19.8189  pred=true.  gold=true  running‐acc=0.677
Locality eval: pred=false             gold=n/a  correct=False  running‐acc=0.984
[ 255/600] loss=14.0245  pred=n/a    gold=n/a  running‐acc=0.678
Locality eval: pred=true              gold=true  correct=True  running‐acc=0.984
[ 256/600] loss=12.1488  pred=false  gold=n/a  running‐acc=0.676
Locality eval: pred=true              gold=true  correct=True  running‐acc=0.984
[ 257/600] loss=11.4816  pred=n/a    gold=n/a  running‐acc=0.677
Locality eval: pred=true              gold=true  correct=True  running‐acc=0.984
[ 258/600] loss=12.0651  pred=n/a    gold=n/a  running‐acc=0.678
Locality eval: pred=true              gold=true  correct=True  running‐acc=0.984
[ 259/600] loss=15.9151  pred=false  gold=true  running‐acc=0.676
Locality eval: pred=n/a               gold=n/a  correct=True  running‐acc=0.985
[ 260/600] loss=17.8055  pred=true   gold=true  running‐acc=0.677
Locality eval: pred=n/a               gold=n/a  correct=True  running‐acc=0.985
[ 261/600] loss=17.8253  pred=true   gold=true  running‐acc=0.678
Locality eval: pred=n/a               gold=n/a  correct=True  running‐acc=0.985
[ 262/600] loss=15.5840  pred=true   gold=true  running‐acc=0.679
Locality eval: pred=n/a               gold=n/a  correct=True  running‐acc=0.985
[ 263/600] loss=12.3648  pred=n/a    gold=n/a  running‐acc=0.681
Locality eval: pred=true              gold=true  correct=True  running‐acc=0.985
[ 264/600] loss=13.3994  pred=n/a    gold=n/a  running‐acc=0.682
Locality eval: pred=true              gold=true  correct=True  running‐acc=0.985
[ 265/600] loss=18.2696  pred=n/a    gold=true  running‐acc=0.679
Locality eval: pred=n/a               gold=n/a  correct=True  running‐acc=0.985
[ 266/600] loss=11.7903  pred=n/a    gold=n/a  running‐acc=0.680
Locality eval: pred=true              gold=true  correct=True  running‐acc=0.985
[ 267/600] loss=12.4623  pred=n/a    gold=n/a  running‐acc=0.682
Locality eval: pred=true              gold=true  correct=True  running‐acc=0.985
[ 268/600] loss=16.7758  pred=true   gold=true  running‐acc=0.683
Locality eval: pred=n/a               gold=n/a  correct=True  running‐acc=0.985
[ 269/600] loss=13.3366  pred=n/a    gold=n/a  running‐acc=0.684
Locality eval: pred=true              gold=true  correct=True  running‐acc=0.985
[ 270/600] loss=15.7881  pred=n/a    gold=true  running‐acc=0.681
Locality eval: pred=n/a               gold=n/a  correct=True  running‐acc=0.985
[ 271/600] loss=11.4864  pred=n/a    gold=n/a  running‐acc=0.683
Locality eval: pred=true              gold=true  correct=True  running‐acc=0.985
[ 272/600] loss=17.0780  pred=false  gold=true  running‐acc=0.680
Locality eval: pred=n/a               gold=n/a  correct=True  running‐acc=0.985
[ 273/600] loss=12.5212  pred=n/a    gold=n/a  running‐acc=0.681
Locality eval: pred=true              gold=true  correct=True  running‐acc=0.985
[ 274/600] loss=12.7343  pred=n/a    gold=n/a  running‐acc=0.682
Locality eval: pred=true              gold=true  correct=True  running‐acc=0.985
[ 275/600] loss=17.7047  pred=true   gold=true  running‐acc=0.684
Locality eval: pred=n/a               gold=n/a  correct=True  running‐acc=0.985
[ 276/600] loss=13.2568  pred=n/a    gold=n/a  running‐acc=0.685
Locality eval: pred=true              gold=true  correct=True  running‐acc=0.986
[ 277/600] loss=16.4157  pred=false  gold=true  running‐acc=0.682
Locality eval: pred=n/a               gold=n/a  correct=True  running‐acc=0.986
[ 278/600] loss=12.3082  pred=false  gold=n/a  running‐acc=0.680
Locality eval: pred=true              gold=true  correct=True  running‐acc=0.986
[ 279/600] loss=16.3250  pred=true.  gold=true  running‐acc=0.681
Locality eval: pred=n/a               gold=n/a  correct=True  running‐acc=0.986
[ 280/600] loss=11.6940  pred=n/a    gold=n/a  running‐acc=0.682
Locality eval: pred=true              gold=true  correct=True  running‐acc=0.986
[ 281/600] loss=16.6799  pred=true   gold=true  running‐acc=0.683
Locality eval: pred=n/a               gold=n/a  correct=True  running‐acc=0.986
[ 282/600] loss=18.8598  pred=false  gold=true  running‐acc=0.681
Locality eval: pred=n/a               gold=n/a  correct=True  running‐acc=0.986
[ 283/600] loss=13.1399  pred=n/a    gold=n/a  running‐acc=0.682
Locality eval: pred=true              gold=true  correct=True  running‐acc=0.986
[ 284/600] loss=11.4870  pred=false  gold=n/a  running‐acc=0.680
Locality eval: pred=true              gold=true  correct=True  running‐acc=0.986
[ 285/600] loss=16.6146  pred=true   gold=true  running‐acc=0.681
Locality eval: pred=n/a               gold=n/a  correct=True  running‐acc=0.986
[ 286/600] loss=12.7281  pred=n/a    gold=n/a  running‐acc=0.682
Locality eval: pred=true              gold=true  correct=True  running‐acc=0.986
[ 287/600] loss=11.7193  pred=n/a    gold=n/a  running‐acc=0.683
Locality eval: pred=true              gold=true  correct=True  running‐acc=0.986
[ 288/600] loss=16.9240  pred=false  gold=true  running‐acc=0.681
Locality eval: pred=n/a               gold=n/a  correct=True  running‐acc=0.986
[ 289/600] loss=17.7206  pred=n/a    gold=true  running‐acc=0.678
Locality eval: pred=n/a               gold=n/a  correct=True  running‐acc=0.986
[ 290/600] loss=11.6885  pred=n/a    gold=n/a  running‐acc=0.679
Locality eval: pred=true              gold=true  correct=True  running‐acc=0.986
[ 291/600] loss=16.4067  pred=n/a    gold=true  running‐acc=0.677
Locality eval: pred=n/a               gold=n/a  correct=True  running‐acc=0.986
[ 292/600] loss=17.4154  pred=true   gold=true  running‐acc=0.678
Locality eval: pred=n/a               gold=n/a  correct=True  running‐acc=0.986
[ 293/600] loss=16.3067  pred=true   gold=true  running‐acc=0.679
Locality eval: pred=n/a               gold=n/a  correct=True  running‐acc=0.986
[ 294/600] loss=17.6849  pred=true   gold=true  running‐acc=0.680
Locality eval: pred=n/a               gold=n/a  correct=True  running‐acc=0.986
[ 295/600] loss=12.5679  pred=true   gold=n/a  running‐acc=0.678
Locality eval: pred=true              gold=true  correct=True  running‐acc=0.986
[ 296/600] loss=12.5828  pred=true   gold=n/a  running‐acc=0.676
Locality eval: pred=true              gold=true  correct=True  running‐acc=0.986
[ 297/600] loss=17.4920  pred=false  gold=true  running‐acc=0.673
Locality eval: pred=n/a               gold=n/a  correct=True  running‐acc=0.987
[ 298/600] loss=16.2926  pred=true   gold=true  running‐acc=0.674
Locality eval: pred=n/a               gold=n/a  correct=True  running‐acc=0.987
[ 299/600] loss=11.4089  pred=n/a    gold=n/a  running‐acc=0.676
Locality eval: pred=true              gold=true  correct=True  running‐acc=0.987
[ 300/600] loss=11.5279  pred=n/a    gold=n/a  running‐acc=0.677
Locality eval: pred=true              gold=true  correct=True  running‐acc=0.987
[ 301/600] loss=16.9206  pred=true   gold=true  running‐acc=0.678
Locality eval: pred=n/a               gold=n/a  correct=True  running‐acc=0.987
[ 302/600] loss=16.7508  pred=true   gold=true  running‐acc=0.679
Locality eval: pred=n/a               gold=n/a  correct=True  running‐acc=0.987
[ 303/600] loss=16.1683  pred=true   gold=true  running‐acc=0.680
Locality eval: pred=n/a               gold=n/a  correct=True  running‐acc=0.987
[ 304/600] loss=17.0020  pred=false  gold=true  running‐acc=0.678
Locality eval: pred=n/a               gold=n/a  correct=True  running‐acc=0.987
[ 305/600] loss=17.1336  pred=false  gold=true  running‐acc=0.675
Locality eval: pred=n/a               gold=n/a  correct=True  running‐acc=0.987
[ 306/600] loss=16.4136  pred=false  gold=true  running‐acc=0.673
Locality eval: pred=n/a               gold=n/a  correct=True  running‐acc=0.987
[ 307/600] loss=19.5452  pred=true   gold=true  running‐acc=0.674
Locality eval: pred=n/a               gold=n/a  correct=True  running‐acc=0.987
[ 308/600] loss=17.2210  pred=true   gold=true  running‐acc=0.675
Locality eval: pred=n/a               gold=n/a  correct=True  running‐acc=0.987
[ 309/600] loss=16.8175  pred=true   gold=true  running‐acc=0.676
Locality eval: pred=n/a               gold=n/a  correct=True  running‐acc=0.987
[ 310/600] loss=11.7328  pred=false  gold=n/a  running‐acc=0.674
Locality eval: pred=true              gold=true  correct=True  running‐acc=0.987
[ 311/600] loss=17.6917  pred=true   gold=true  running‐acc=0.675
Locality eval: pred=n/a               gold=n/a  correct=True  running‐acc=0.987
[ 312/600] loss=16.9258  pred=true   gold=true  running‐acc=0.676
Locality eval: pred=n/a               gold=n/a  correct=True  running‐acc=0.987
[ 313/600] loss=10.9964  pred=true   gold=n/a  running‐acc=0.674
Locality eval: pred=true              gold=true  correct=True  running‐acc=0.987
[ 314/600] loss=12.0132  pred=n/a    gold=n/a  running‐acc=0.675
Locality eval: pred=true              gold=true  correct=True  running‐acc=0.987
[ 315/600] loss=12.0745  pred=n/a    gold=n/a  running‐acc=0.676
Locality eval: pred=true              gold=true  correct=True  running‐acc=0.987
[ 316/600] loss=17.8143  pred=true   gold=true  running‐acc=0.677
Locality eval: pred=n/a               gold=n/a  correct=True  running‐acc=0.987
[ 317/600] loss=17.8513  pred=true   gold=true  running‐acc=0.678
Locality eval: pred=n/a               gold=n/a  correct=True  running‐acc=0.987
[ 318/600] loss=17.6664  pred=true   gold=true  running‐acc=0.679
Locality eval: pred=n/a               gold=n/a  correct=True  running‐acc=0.987
[ 319/600] loss=12.0115  pred=n/a    gold=n/a  running‐acc=0.680
Locality eval: pred=true              gold=true  correct=True  running‐acc=0.987
[ 320/600] loss=12.5241  pred=false  gold=n/a  running‐acc=0.678
Locality eval: pred=true              gold=true  correct=True  running‐acc=0.988
[ 321/600] loss=17.6972  pred=false  gold=true  running‐acc=0.676
Locality eval: pred=n/a               gold=n/a  correct=True  running‐acc=0.988
[ 322/600] loss=18.3422  pred=true   gold=true  running‐acc=0.677
Locality eval: pred=n/a               gold=n/a  correct=True  running‐acc=0.988
[ 323/600] loss=12.2027  pred=false  gold=n/a  running‐acc=0.675
Locality eval: pred=true              gold=true  correct=True  running‐acc=0.988
[ 324/600] loss=12.9029  pred=n/a    gold=n/a  running‐acc=0.676
Locality eval: pred=true              gold=true  correct=True  running‐acc=0.988
[ 325/600] loss=16.9559  pred=n/a    gold=true  running‐acc=0.674
Locality eval: pred=n/a               gold=n/a  correct=True  running‐acc=0.988
[ 326/600] loss=13.4527  pred=n/a    gold=n/a  running‐acc=0.675
Locality eval: pred=true              gold=true  correct=True  running‐acc=0.988
[ 327/600] loss=18.0715  pred=false  gold=true  running‐acc=0.673
Locality eval: pred=n/a               gold=n/a  correct=True  running‐acc=0.988
[ 328/600] loss=11.9529  pred=true   gold=n/a  running‐acc=0.671
Locality eval: pred=true              gold=true  correct=True  running‐acc=0.988
[ 329/600] loss=15.6409  pred=n/a    gold=true  running‐acc=0.669
Locality eval: pred=n/a               gold=n/a  correct=True  running‐acc=0.988
[ 330/600] loss=11.0187  pred=false  gold=n/a  running‐acc=0.667
Locality eval: pred=true              gold=true  correct=True  running‐acc=0.988
[ 331/600] loss=19.2658  pred=true.  gold=true  running‐acc=0.668
Locality eval: pred=n/a               gold=n/a  correct=True  running‐acc=0.988
[ 332/600] loss=12.1643  pred=n/a    gold=n/a  running‐acc=0.669
Locality eval: pred=true              gold=true  correct=True  running‐acc=0.988
[ 333/600] loss=17.1431  pred=true.  gold=true  running‐acc=0.670
Locality eval: pred=n/a               gold=n/a  correct=True  running‐acc=0.988
[ 334/600] loss=12.7427  pred=n/a    gold=n/a  running‐acc=0.671
Locality eval: pred=true              gold=true  correct=True  running‐acc=0.988
[ 335/600] loss=20.7589  pred=true   gold=true  running‐acc=0.672
Locality eval: pred=n/a               gold=n/a  correct=True  running‐acc=0.988
[ 336/600] loss=13.3849  pred=false  gold=n/a  running‐acc=0.670
Locality eval: pred=true              gold=true  correct=True  running‐acc=0.988
[ 337/600] loss=12.2997  pred=n/a    gold=n/a  running‐acc=0.671
Locality eval: pred=true              gold=true  correct=True  running‐acc=0.988
[ 338/600] loss=10.8612  pred=true   gold=n/a  running‐acc=0.669
Locality eval: pred=true              gold=true  correct=True  running‐acc=0.988
[ 339/600] loss=13.3447  pred=n/a    gold=n/a  running‐acc=0.670
Locality eval: pred=true              gold=true  correct=True  running‐acc=0.988
[ 340/600] loss=11.7162  pred=n/a    gold=n/a  running‐acc=0.671
Locality eval: pred=true              gold=true  correct=True  running‐acc=0.988
[ 341/600] loss=15.9136  pred=true   gold=true  running‐acc=0.672
Locality eval: pred=n/a               gold=n/a  correct=True  running‐acc=0.988
[ 342/600] loss=17.5163  pred=true.  gold=true  running‐acc=0.673
Locality eval: pred=n/a               gold=n/a  correct=True  running‐acc=0.988
[ 343/600] loss=10.8049  pred=false  gold=n/a  running‐acc=0.671
Locality eval: pred=true              gold=true  correct=True  running‐acc=0.988
[ 344/600] loss=16.9604  pred=true   gold=true  running‐acc=0.672
Locality eval: pred=n/a               gold=n/a  correct=True  running‐acc=0.988
[ 345/600] loss=9.6282  pred=true   gold=n/a  running‐acc=0.670
Locality eval: pred=true              gold=true  correct=True  running‐acc=0.988
[ 346/600] loss=16.7152  pred=true   gold=true  running‐acc=0.671
Locality eval: pred=n/a               gold=n/a  correct=True  running‐acc=0.988
[ 347/600] loss=11.1008  pred=false  gold=n/a  running‐acc=0.669
Locality eval: pred=true.             gold=true  correct=True  running‐acc=0.988
[ 348/600] loss=12.2068  pred=false  gold=n/a  running‐acc=0.667
Locality eval: pred=true              gold=true  correct=True  running‐acc=0.989
[ 349/600] loss=12.1985  pred=n/a    gold=n/a  running‐acc=0.668
Locality eval: pred=true              gold=true  correct=True  running‐acc=0.989
[ 350/600] loss=10.9291  pred=n/a    gold=n/a  running‐acc=0.669
Locality eval: pred=true              gold=true  correct=True  running‐acc=0.989
[ 351/600] loss=11.8168  pred=n/a    gold=n/a  running‐acc=0.670
Locality eval: pred=true              gold=true  correct=True  running‐acc=0.989
[ 352/600] loss=11.3761  pred=true   gold=n/a  running‐acc=0.668
Locality eval: pred=true              gold=true  correct=True  running‐acc=0.989
[ 353/600] loss=12.7747  pred=n/a    gold=n/a  running‐acc=0.669
Locality eval: pred=true              gold=true  correct=True  running‐acc=0.989
[ 354/600] loss=17.2934  pred=true   gold=true  running‐acc=0.669
Locality eval: pred=n/a               gold=n/a  correct=True  running‐acc=0.989
[ 355/600] loss=15.7184  pred=true   gold=true  running‐acc=0.670
Locality eval: pred=n/a               gold=n/a  correct=True  running‐acc=0.989
[ 356/600] loss=16.9201  pred=n/a    gold=true  running‐acc=0.669
Locality eval: pred=n/a               gold=n/a  correct=True  running‐acc=0.989
[ 357/600] loss=16.6204  pred=true   gold=true  running‐acc=0.669
Locality eval: pred=n/a               gold=n/a  correct=True  running‐acc=0.989
[ 358/600] loss=17.0245  pred=false.  gold=true  running‐acc=0.668
Locality eval: pred=n/a               gold=n/a  correct=True  running‐acc=0.989
[ 359/600] loss=17.8241  pred=true   gold=true  running‐acc=0.669
Locality eval: pred=n/a               gold=n/a  correct=True  running‐acc=0.989
[ 360/600] loss=11.9532  pred=n/a    gold=n/a  running‐acc=0.669
Locality eval: pred=true              gold=true  correct=True  running‐acc=0.989
[ 361/600] loss=17.3160  pred=true   gold=true  running‐acc=0.670
Locality eval: pred=n/a               gold=n/a  correct=True  running‐acc=0.989
[ 362/600] loss=17.0858  pred=false  gold=true  running‐acc=0.669
Locality eval: pred=n/a               gold=n/a  correct=True  running‐acc=0.989
[ 363/600] loss=12.0362  pred=n/a    gold=n/a  running‐acc=0.669
Locality eval: pred=true              gold=true  correct=True  running‐acc=0.989
[ 364/600] loss=20.2725  pred=n/a    gold=true  running‐acc=0.668
Locality eval: pred=n/a               gold=n/a  correct=True  running‐acc=0.989
[ 365/600] loss=18.3782  pred=true   gold=true  running‐acc=0.668
Locality eval: pred=n/a               gold=n/a  correct=True  running‐acc=0.989
[ 366/600] loss=13.6462  pred=false  gold=n/a  running‐acc=0.667
Locality eval: pred=true              gold=true  correct=True  running‐acc=0.989
[ 367/600] loss=11.8696  pred=false  gold=n/a  running‐acc=0.665
Locality eval: pred=true              gold=true  correct=True  running‐acc=0.989
[ 368/600] loss=16.7893  pred=true   gold=true  running‐acc=0.666
Locality eval: pred=n/a               gold=n/a  correct=True  running‐acc=0.989
[ 369/600] loss=12.0658  pred=n/a    gold=n/a  running‐acc=0.667
Locality eval: pred=true              gold=true  correct=True  running‐acc=0.989
[ 370/600] loss=12.0696  pred=n/a    gold=n/a  running‐acc=0.668
Locality eval: pred=true              gold=true  correct=True  running‐acc=0.989
[ 371/600] loss=16.8905  pred=n/a    gold=true  running‐acc=0.666
Locality eval: pred=n/a               gold=n/a  correct=True  running‐acc=0.989
[ 372/600] loss=16.3294  pred=n/a    gold=true  running‐acc=0.664
Locality eval: pred=n/a               gold=n/a  correct=True  running‐acc=0.989
[ 373/600] loss=16.8613  pred=true   gold=true  running‐acc=0.665
Locality eval: pred=n/a               gold=n/a  correct=True  running‐acc=0.989
[ 374/600] loss=12.1606  pred=n/a    gold=n/a  running‐acc=0.666
Locality eval: pred=true              gold=true  correct=True  running‐acc=0.989
[ 375/600] loss=16.5768  pred=true   gold=true  running‐acc=0.667
Locality eval: pred=n/a               gold=n/a  correct=True  running‐acc=0.989
[ 376/600] loss=16.5329  pred=true   gold=true  running‐acc=0.668
Locality eval: pred=n/a               gold=n/a  correct=True  running‐acc=0.989
[ 377/600] loss=16.0394  pred=n/a    gold=true  running‐acc=0.666
Locality eval: pred=n/a               gold=n/a  correct=True  running‐acc=0.989
[ 378/600] loss=16.7863  pred=true   gold=true  running‐acc=0.667
Locality eval: pred=n/a               gold=n/a  correct=True  running‐acc=0.989
[ 379/600] loss=17.3196  pred=true   gold=true  running‐acc=0.668
Locality eval: pred=n/a               gold=n/a  correct=True  running‐acc=0.989
[ 380/600] loss=16.3290  pred=true   gold=true  running‐acc=0.668
Locality eval: pred=n/a               gold=n/a  correct=True  running‐acc=0.989
[ 381/600] loss=12.5724  pred=n/a    gold=n/a  running‐acc=0.669
Locality eval: pred=true              gold=true  correct=True  running‐acc=0.990
[ 382/600] loss=13.3362  pred=n/a    gold=n/a  running‐acc=0.670
Locality eval: pred=true              gold=true  correct=True  running‐acc=0.990
[ 383/600] loss=11.3715  pred=true   gold=n/a  running‐acc=0.668
Locality eval: pred=true              gold=true  correct=True  running‐acc=0.990
[ 384/600] loss=12.2151  pred=false  gold=n/a  running‐acc=0.667
Locality eval: pred=true              gold=true  correct=True  running‐acc=0.990
[ 385/600] loss=20.8460  pred=n/a    gold=true  running‐acc=0.665
Locality eval: pred=n/a               gold=n/a  correct=True  running‐acc=0.990
[ 386/600] loss=16.3211  pred=true   gold=true  running‐acc=0.666
Locality eval: pred=n/a               gold=n/a  correct=True  running‐acc=0.990
[ 387/600] loss=13.2976  pred=false  gold=n/a  running‐acc=0.664
Locality eval: pred=true              gold=true  correct=True  running‐acc=0.990
[ 388/600] loss=17.0691  pred=true   gold=true  running‐acc=0.665
Locality eval: pred=n/a               gold=n/a  correct=True  running‐acc=0.990
[ 389/600] loss=12.0546  pred=false.  gold=n/a  running‐acc=0.663
Locality eval: pred=true              gold=true  correct=True  running‐acc=0.990
[ 390/600] loss=16.5990  pred=true   gold=true  running‐acc=0.664
Locality eval: pred=n/a               gold=n/a  correct=True  running‐acc=0.990
[ 391/600] loss=16.2723  pred=true   gold=true  running‐acc=0.665
Locality eval: pred=n/a               gold=n/a  correct=True  running‐acc=0.990
[ 392/600] loss=11.6694  pred=n/a    gold=n/a  running‐acc=0.666
Locality eval: pred=true              gold=true  correct=True  running‐acc=0.990
[ 393/600] loss=11.9349  pred=false  gold=n/a  running‐acc=0.664
Locality eval: pred=true.             gold=true  correct=True  running‐acc=0.990
[ 394/600] loss=11.9666  pred=n/a    gold=n/a  running‐acc=0.665
Locality eval: pred=true              gold=true  correct=True  running‐acc=0.990
[ 395/600] loss=18.7038  pred=true   gold=true  running‐acc=0.666
Locality eval: pred=n/a               gold=n/a  correct=True  running‐acc=0.990
[ 396/600] loss=18.2097  pred=true   gold=true  running‐acc=0.667
Locality eval: pred=n/a               gold=n/a  correct=True  running‐acc=0.990
[ 397/600] loss=13.3115  pred=n/a    gold=n/a  running‐acc=0.668
Locality eval: pred=true              gold=true  correct=True  running‐acc=0.990
[ 398/600] loss=16.8657  pred=true   gold=true  running‐acc=0.668
Locality eval: pred=n/a               gold=n/a  correct=True  running‐acc=0.990
[ 399/600] loss=12.1602  pred=false  gold=n/a  running‐acc=0.667
Locality eval: pred=true              gold=true  correct=True  running‐acc=0.990
[ 400/600] loss=15.9109  pred=false  gold=true  running‐acc=0.665
Locality eval: pred=n/a               gold=n/a  correct=True  running‐acc=0.990
[ 401/600] loss=19.1671  pred=false  gold=true  running‐acc=0.663
Locality eval: pred=n/a               gold=n/a  correct=True  running‐acc=0.990
[ 402/600] loss=13.6068  pred=n/a    gold=n/a  running‐acc=0.664
Locality eval: pred=true              gold=true  correct=True  running‐acc=0.990
[ 403/600] loss=19.2884  pred=false  gold=true  running‐acc=0.663
Locality eval: pred=n/a               gold=n/a  correct=True  running‐acc=0.990
[ 404/600] loss=21.2130  pred=false  gold=true  running‐acc=0.661
Locality eval: pred=n/a               gold=n/a  correct=True  running‐acc=0.990
[ 405/600] loss=11.4272  pred=n/a    gold=n/a  running‐acc=0.662
Locality eval: pred=true              gold=true  correct=True  running‐acc=0.990
[ 406/600] loss=11.4274  pred=n/a    gold=n/a  running‐acc=0.663
Locality eval: pred=true              gold=true  correct=True  running‐acc=0.990
[ 407/600] loss=16.9183  pred=true.  gold=true  running‐acc=0.663
Locality eval: pred=n/a               gold=n/a  correct=True  running‐acc=0.990
[ 408/600] loss=13.2343  pred=true   gold=n/a  running‐acc=0.662
Locality eval: pred=true              gold=true  correct=True  running‐acc=0.990
[ 409/600] loss=17.8094  pred=false  gold=true  running‐acc=0.660
Locality eval: pred=n/a               gold=n/a  correct=True  running‐acc=0.990
[ 410/600] loss=12.2523  pred=false  gold=n/a  running‐acc=0.659
Locality eval: pred=true              gold=true  correct=True  running‐acc=0.990
[ 411/600] loss=16.5526  pred=true   gold=true  running‐acc=0.659
Locality eval: pred=n/a               gold=n/a  correct=True  running‐acc=0.990
[ 412/600] loss=17.1645  pred=n/a    gold=true  running‐acc=0.658
Locality eval: pred=n/a               gold=n/a  correct=True  running‐acc=0.990
[ 413/600] loss=16.8918  pred=false  gold=true  running‐acc=0.656
Locality eval: pred=n/a               gold=n/a  correct=True  running‐acc=0.990
[ 414/600] loss=17.8121  pred=n/a    gold=true  running‐acc=0.655
Locality eval: pred=n/a               gold=n/a  correct=True  running‐acc=0.990
[ 415/600] loss=11.5501  pred=false  gold=n/a  running‐acc=0.653
Locality eval: pred=true.             gold=true  correct=True  running‐acc=0.990
[ 416/600] loss=18.0633  pred=n/a    gold=true  running‐acc=0.651
Locality eval: pred=n/a               gold=n/a  correct=True  running‐acc=0.990
[ 417/600] loss=12.9429  pred=false  gold=n/a  running‐acc=0.650
Locality eval: pred=true              gold=true  correct=True  running‐acc=0.990
[ 418/600] loss=12.8883  pred=false  gold=n/a  running‐acc=0.648
Locality eval: pred=true              gold=true  correct=True  running‐acc=0.990
[ 419/600] loss=16.6655  pred=true   gold=true  running‐acc=0.649
Locality eval: pred=n/a               gold=n/a  correct=True  running‐acc=0.990
[ 420/600] loss=16.8437  pred=false  gold=true  running‐acc=0.648
Locality eval: pred=n/a               gold=n/a  correct=True  running‐acc=0.990
[ 421/600] loss=15.9966  pred=true   gold=true  running‐acc=0.648
Locality eval: pred=n/a               gold=n/a  correct=True  running‐acc=0.990
[ 422/600] loss=17.7581  pred=true   gold=true  running‐acc=0.649
Locality eval: pred=n/a               gold=n/a  correct=True  running‐acc=0.991
[ 423/600] loss=16.3002  pred=true   gold=true  running‐acc=0.650
Locality eval: pred=n/a               gold=n/a  correct=True  running‐acc=0.991
[ 424/600] loss=12.4101  pred=n/a    gold=n/a  running‐acc=0.651
Locality eval: pred=true              gold=true  correct=True  running‐acc=0.991
[ 425/600] loss=12.4073  pred=false  gold=n/a  running‐acc=0.649
Locality eval: pred=true              gold=true  correct=True  running‐acc=0.991
[ 426/600] loss=12.3548  pred=n/a    gold=n/a  running‐acc=0.650
Locality eval: pred=true              gold=true  correct=True  running‐acc=0.991
[ 427/600] loss=18.0805  pred=n/a    gold=true  running‐acc=0.649
Locality eval: pred=n/a               gold=n/a  correct=True  running‐acc=0.991
[ 428/600] loss=17.4099  pred=true   gold=true  running‐acc=0.650
Locality eval: pred=n/a               gold=n/a  correct=True  running‐acc=0.991
[ 429/600] loss=16.6383  pred=true   gold=true  running‐acc=0.650
Locality eval: pred=n/a               gold=n/a  correct=True  running‐acc=0.991
[ 430/600] loss=11.5026  pred=false  gold=n/a  running‐acc=0.649
Locality eval: pred=true              gold=true  correct=True  running‐acc=0.991
[ 431/600] loss=20.1937  pred=n/a    gold=true  running‐acc=0.647
Locality eval: pred=n/a               gold=n/a  correct=True  running‐acc=0.991
[ 432/600] loss=17.7526  pred=true   gold=true  running‐acc=0.648
Locality eval: pred=n/a               gold=n/a  correct=True  running‐acc=0.991
[ 433/600] loss=16.5797  pred=n/a    gold=true  running‐acc=0.647
Locality eval: pred=n/a               gold=n/a  correct=True  running‐acc=0.991
[ 434/600] loss=11.4373  pred=n/a    gold=n/a  running‐acc=0.647
Locality eval: pred=true              gold=true  correct=True  running‐acc=0.991
[ 435/600] loss=11.9609  pred=false  gold=n/a  running‐acc=0.646
Locality eval: pred=true              gold=true  correct=True  running‐acc=0.991
[ 436/600] loss=16.5771  pred=true   gold=true  running‐acc=0.647
Locality eval: pred=n/a               gold=n/a  correct=True  running‐acc=0.991
[ 437/600] loss=17.0642  pred=true   gold=true  running‐acc=0.648
Locality eval: pred=n/a               gold=n/a  correct=True  running‐acc=0.991
[ 438/600] loss=12.3588  pred=n/a    gold=n/a  running‐acc=0.648
Locality eval: pred=true              gold=true  correct=True  running‐acc=0.991
[ 439/600] loss=12.6140  pred=n/a    gold=n/a  running‐acc=0.649
Locality eval: pred=true              gold=true  correct=True  running‐acc=0.991
[ 440/600] loss=16.6737  pred=true   gold=true  running‐acc=0.650
Locality eval: pred=n/a               gold=n/a  correct=True  running‐acc=0.991
[ 441/600] loss=12.5779  pred=n/a    gold=n/a  running‐acc=0.651
Locality eval: pred=true              gold=true  correct=True  running‐acc=0.991
[ 442/600] loss=17.0820  pred=true   gold=true  running‐acc=0.652
Locality eval: pred=n/a               gold=n/a  correct=True  running‐acc=0.991
[ 443/600] loss=16.9080  pred=n/a    gold=true  running‐acc=0.650
Locality eval: pred=n/a               gold=n/a  correct=True  running‐acc=0.991
[ 444/600] loss=15.7037  pred=true   gold=true  running‐acc=0.651
Locality eval: pred=n/a               gold=n/a  correct=True  running‐acc=0.991
[ 445/600] loss=16.2710  pred=true   gold=true  running‐acc=0.652
Locality eval: pred=n/a               gold=n/a  correct=True  running‐acc=0.991
[ 446/600] loss=17.2657  pred=true   gold=true  running‐acc=0.652
Locality eval: pred=n/a               gold=n/a  correct=True  running‐acc=0.991
[ 447/600] loss=15.2890  pred=n/a    gold=true  running‐acc=0.651
Locality eval: pred=n/a               gold=n/a  correct=True  running‐acc=0.991
[ 448/600] loss=15.2761  pred=true   gold=true  running‐acc=0.652
Locality eval: pred=n/a               gold=n/a  correct=True  running‐acc=0.991
[ 449/600] loss=19.7852  pred=n/a    gold=true  running‐acc=0.650
Locality eval: pred=n/a               gold=n/a  correct=True  running‐acc=0.991
[ 450/600] loss=11.8709  pred=n/a    gold=n/a  running‐acc=0.651
Locality eval: pred=true              gold=true  correct=True  running‐acc=0.991
[ 451/600] loss=18.3858  pred=false  gold=true  running‐acc=0.650
Locality eval: pred=n/a               gold=n/a  correct=True  running‐acc=0.991
[ 452/600] loss=12.5729  pred=n/a    gold=n/a  running‐acc=0.650
Locality eval: pred=true              gold=true  correct=True  running‐acc=0.991
[ 453/600] loss=12.2768  pred=n/a    gold=n/a  running‐acc=0.651
Locality eval: pred=true              gold=true  correct=True  running‐acc=0.991
[ 454/600] loss=10.9334  pred=false  gold=n/a  running‐acc=0.650
Locality eval: pred=true              gold=true  correct=True  running‐acc=0.991
[ 455/600] loss=17.1666  pred=true.  gold=true  running‐acc=0.651
Locality eval: pred=n/a               gold=n/a  correct=True  running‐acc=0.991
[ 456/600] loss=10.8095  pred=false  gold=n/a  running‐acc=0.649
Locality eval: pred=true              gold=true  correct=True  running‐acc=0.991
[ 457/600] loss=11.5310  pred=false  gold=n/a  running‐acc=0.648
Locality eval: pred=true              gold=true  correct=True  running‐acc=0.991
[ 458/600] loss=13.3447  pred=n/a    gold=n/a  running‐acc=0.648
Locality eval: pred=true              gold=true  correct=True  running‐acc=0.991
[ 459/600] loss=15.9200  pred=true   gold=true  running‐acc=0.649
Locality eval: pred=n/a               gold=n/a  correct=True  running‐acc=0.991
[ 460/600] loss=16.3204  pred=true   gold=true  running‐acc=0.650
Locality eval: pred=n/a               gold=n/a  correct=True  running‐acc=0.991
[ 461/600] loss=13.3042  pred=n/a    gold=n/a  running‐acc=0.651
Locality eval: pred=true              gold=true  correct=True  running‐acc=0.991
[ 462/600] loss=9.6260  pred=true   gold=n/a  running‐acc=0.649
Locality eval: pred=true              gold=true  correct=True  running‐acc=0.991
[ 463/600] loss=17.5852  pred=true   gold=true  running‐acc=0.650
Locality eval: pred=n/a               gold=n/a  correct=True  running‐acc=0.991
[ 464/600] loss=13.4465  pred=n/a    gold=n/a  running‐acc=0.651
Locality eval: pred=true.             gold=true  correct=True  running‐acc=0.991
[ 465/600] loss=12.3075  pred=n/a    gold=n/a  running‐acc=0.652
Locality eval: pred=true              gold=true  correct=True  running‐acc=0.991
[ 466/600] loss=11.2455  pred=n/a    gold=n/a  running‐acc=0.652
Locality eval: pred=true              gold=true  correct=True  running‐acc=0.991
[ 467/600] loss=12.2923  pred=n/a    gold=n/a  running‐acc=0.653
Locality eval: pred=true.             gold=true  correct=True  running‐acc=0.991
[ 468/600] loss=12.3148  pred=n/a    gold=n/a  running‐acc=0.654
Locality eval: pred=true              gold=true  correct=True  running‐acc=0.991
[ 469/600] loss=16.6339  pred=true   gold=true  running‐acc=0.655
Locality eval: pred=n/a               gold=n/a  correct=True  running‐acc=0.991
[ 470/600] loss=11.9086  pred=false  gold=n/a  running‐acc=0.653
Locality eval: pred=true              gold=true  correct=True  running‐acc=0.991
[ 471/600] loss=12.7251  pred=n/a    gold=n/a  running‐acc=0.654
Locality eval: pred=true              gold=true  correct=True  running‐acc=0.992
[ 472/600] loss=18.7381  pred=true   gold=true  running‐acc=0.655
Locality eval: pred=n/a               gold=n/a  correct=True  running‐acc=0.992
[ 473/600] loss=12.3549  pred=n/a    gold=n/a  running‐acc=0.655
Locality eval: pred=true              gold=true  correct=True  running‐acc=0.992
[ 474/600] loss=16.1891  pred=true   gold=true  running‐acc=0.656
Locality eval: pred=n/a               gold=n/a  correct=True  running‐acc=0.992
[ 475/600] loss=12.5977  pred=n/a    gold=n/a  running‐acc=0.657
Locality eval: pred=true              gold=true  correct=True  running‐acc=0.992
[ 476/600] loss=16.0910  pred=true   gold=true  running‐acc=0.658
Locality eval: pred=n/a               gold=n/a  correct=True  running‐acc=0.992
[ 477/600] loss=13.1815  pred=n/a    gold=n/a  running‐acc=0.658
Locality eval: pred=true              gold=true  correct=True  running‐acc=0.992
[ 478/600] loss=16.9424  pred=true   gold=true  running‐acc=0.659
Locality eval: pred=n/a               gold=n/a  correct=True  running‐acc=0.992
[ 479/600] loss=11.6017  pred=n/a    gold=n/a  running‐acc=0.660
Locality eval: pred=true              gold=true  correct=True  running‐acc=0.992
[ 480/600] loss=12.3054  pred=n/a    gold=n/a  running‐acc=0.660
Locality eval: pred=true.             gold=true  correct=True  running‐acc=0.992
[ 481/600] loss=12.3792  pred=false  gold=n/a  running‐acc=0.659
Locality eval: pred=true              gold=true  correct=True  running‐acc=0.992
[ 482/600] loss=18.3679  pred=true   gold=true  running‐acc=0.660
Locality eval: pred=n/a               gold=n/a  correct=True  running‐acc=0.992
[ 483/600] loss=10.8082  pred=n/a    gold=n/a  running‐acc=0.660
Locality eval: pred=true.             gold=true  correct=True  running‐acc=0.992
[ 484/600] loss=13.5445  pred=n/a    gold=n/a  running‐acc=0.661
Locality eval: pred=true              gold=true  correct=True  running‐acc=0.992
[ 485/600] loss=11.9291  pred=false  gold=n/a  running‐acc=0.660
Locality eval: pred=true.             gold=true  correct=True  running‐acc=0.992
[ 486/600] loss=13.1750  pred=n/a    gold=n/a  running‐acc=0.660
Locality eval: pred=true              gold=true  correct=True  running‐acc=0.992
[ 487/600] loss=12.7904  pred=false.  gold=n/a  running‐acc=0.659
Locality eval: pred=true              gold=true  correct=True  running‐acc=0.992
[ 488/600] loss=12.2068  pred=n/a    gold=n/a  running‐acc=0.660
Locality eval: pred=true.             gold=true  correct=True  running‐acc=0.992
[ 489/600] loss=12.4320  pred=false  gold=n/a  running‐acc=0.658
Locality eval: pred=true              gold=true  correct=True  running‐acc=0.992
[ 490/600] loss=11.3559  pred=false  gold=n/a  running‐acc=0.657
Locality eval: pred=true              gold=true  correct=True  running‐acc=0.992
[ 491/600] loss=10.6313  pred=true   gold=n/a  running‐acc=0.656
Locality eval: pred=true              gold=true  correct=True  running‐acc=0.992
[ 492/600] loss=17.0409  pred=true   gold=true  running‐acc=0.657
Locality eval: pred=n/a               gold=n/a  correct=True  running‐acc=0.992
[ 493/600] loss=11.7084  pred=false  gold=n/a  running‐acc=0.655
Locality eval: pred=true              gold=true  correct=True  running‐acc=0.992
[ 494/600] loss=11.6991  pred=false  gold=n/a  running‐acc=0.654
Locality eval: pred=true              gold=true  correct=True  running‐acc=0.992
[ 495/600] loss=11.8675  pred=n/a    gold=n/a  running‐acc=0.655
Locality eval: pred=true              gold=true  correct=True  running‐acc=0.992
[ 496/600] loss=12.8440  pred=false  gold=n/a  running‐acc=0.653
Locality eval: pred=true              gold=true  correct=True  running‐acc=0.992
[ 497/600] loss=17.0403  pred=true   gold=true  running‐acc=0.654
Locality eval: pred=n/a               gold=n/a  correct=True  running‐acc=0.992
[ 498/600] loss=16.8238  pred=true   gold=true  running‐acc=0.655
Locality eval: pred=n/a               gold=n/a  correct=True  running‐acc=0.992
[ 499/600] loss=11.7003  pred=n/a    gold=n/a  running‐acc=0.655
Locality eval: pred=true              gold=true  correct=True  running‐acc=0.992
[ 500/600] loss=11.4772  pred=true   gold=n/a  running‐acc=0.654
Locality eval: pred=true              gold=true  correct=True  running‐acc=0.992
[ 501/600] loss=11.6101  pred=n/a    gold=n/a  running‐acc=0.655
Locality eval: pred=true              gold=true  correct=True  running‐acc=0.992
[ 502/600] loss=11.0022  pred=n/a    gold=n/a  running‐acc=0.655
Locality eval: pred=true              gold=true  correct=True  running‐acc=0.992
[ 503/600] loss=15.3158  pred=true   gold=true  running‐acc=0.656
Locality eval: pred=n/a               gold=n/a  correct=True  running‐acc=0.992
[ 504/600] loss=16.2187  pred=n/a    gold=true  running‐acc=0.655
Locality eval: pred=n/a               gold=n/a  correct=True  running‐acc=0.992
[ 505/600] loss=18.6801  pred=true   gold=true  running‐acc=0.655
Locality eval: pred=n/a               gold=n/a  correct=True  running‐acc=0.992
[ 506/600] loss=17.0635  pred=true   gold=true  running‐acc=0.656
Locality eval: pred=n/a               gold=n/a  correct=True  running‐acc=0.992
[ 507/600] loss=15.9125  pred=n/a    gold=true  running‐acc=0.655
Locality eval: pred=n/a               gold=n/a  correct=True  running‐acc=0.992
[ 508/600] loss=16.9437  pred=false  gold=true  running‐acc=0.654
Locality eval: pred=n/a               gold=n/a  correct=True  running‐acc=0.992
[ 509/600] loss=19.7621  pred=n/a    gold=true  running‐acc=0.652
Locality eval: pred=n/a               gold=n/a  correct=True  running‐acc=0.992
[ 510/600] loss=18.6701  pred=true   gold=true  running‐acc=0.653
Locality eval: pred=n/a               gold=n/a  correct=True  running‐acc=0.992
[ 511/600] loss=12.7785  pred=n/a    gold=n/a  running‐acc=0.654
Locality eval: pred=true              gold=true  correct=True  running‐acc=0.992
[ 512/600] loss=16.1291  pred=true   gold=true  running‐acc=0.654
Locality eval: pred=n/a               gold=n/a  correct=True  running‐acc=0.992
[ 513/600] loss=12.0486  pred=n/a    gold=n/a  running‐acc=0.655
Locality eval: pred=true              gold=true  correct=True  running‐acc=0.992
[ 514/600] loss=16.7474  pred=false  gold=true  running‐acc=0.654
Locality eval: pred=n/a               gold=n/a  correct=True  running‐acc=0.992
[ 515/600] loss=11.5927  pred=n/a    gold=n/a  running‐acc=0.654
Locality eval: pred=true              gold=true  correct=True  running‐acc=0.992
[ 516/600] loss=13.3990  pred=n/a    gold=n/a  running‐acc=0.655
Locality eval: pred=true              gold=true  correct=True  running‐acc=0.992
[ 517/600] loss=12.2843  pred=false  gold=n/a  running‐acc=0.654
Locality eval: pred=true.             gold=true  correct=True  running‐acc=0.992
[ 518/600] loss=13.1610  pred=n/a    gold=n/a  running‐acc=0.654
Locality eval: pred=true              gold=true  correct=True  running‐acc=0.992
[ 519/600] loss=17.6027  pred=false  gold=true  running‐acc=0.653
Locality eval: pred=n/a               gold=n/a  correct=True  running‐acc=0.992
[ 520/600] loss=17.0961  pred=true   gold=true  running‐acc=0.654
Locality eval: pred=n/a               gold=n/a  correct=True  running‐acc=0.992
[ 521/600] loss=16.2601  pred=true   gold=true  running‐acc=0.655
Locality eval: pred=n/a               gold=n/a  correct=True  running‐acc=0.992
[ 522/600] loss=18.8245  pred=n/a    gold=true  running‐acc=0.653
Locality eval: pred=n/a               gold=n/a  correct=True  running‐acc=0.992
[ 523/600] loss=11.3164  pred=n/a    gold=n/a  running‐acc=0.654
Locality eval: pred=true              gold=true  correct=True  running‐acc=0.992
[ 524/600] loss=16.1719  pred=true   gold=true  running‐acc=0.655
Locality eval: pred=n/a               gold=n/a  correct=True  running‐acc=0.992
[ 525/600] loss=16.9234  pred=true   gold=true  running‐acc=0.655
Locality eval: pred=n/a               gold=n/a  correct=True  running‐acc=0.992
[ 526/600] loss=17.2798  pred=true   gold=true  running‐acc=0.656
Locality eval: pred=n/a               gold=n/a  correct=True  running‐acc=0.992
[ 527/600] loss=11.7359  pred=false  gold=n/a  running‐acc=0.655
Locality eval: pred=true              gold=true  correct=True  running‐acc=0.992
[ 528/600] loss=17.0113  pred=true   gold=true  running‐acc=0.655
Locality eval: pred=n/a               gold=n/a  correct=True  running‐acc=0.992
[ 529/600] loss=11.3574  pred=n/a    gold=n/a  running‐acc=0.656
Locality eval: pred=true              gold=true  correct=True  running‐acc=0.992
[ 530/600] loss=20.2025  pred=n/a    gold=true  running‐acc=0.655
Locality eval: pred=true              gold=n/a  correct=False  running‐acc=0.991
[ 531/600] loss=13.1745  pred=true   gold=n/a  running‐acc=0.653
Locality eval: pred=true              gold=true  correct=True  running‐acc=0.991
[ 532/600] loss=15.7373  pred=true   gold=true  running‐acc=0.654
Locality eval: pred=n/a               gold=n/a  correct=True  running‐acc=0.991
[ 533/600] loss=11.7837  pred=n/a    gold=n/a  running‐acc=0.655
Locality eval: pred=true              gold=true  correct=True  running‐acc=0.991
[ 534/600] loss=17.4434  pred=true   gold=true  running‐acc=0.655
Locality eval: pred=n/a               gold=n/a  correct=True  running‐acc=0.991
[ 535/600] loss=16.9541  pred=false  gold=true  running‐acc=0.654
Locality eval: pred=n/a               gold=n/a  correct=True  running‐acc=0.991
[ 536/600] loss=15.7039  pred=true   gold=true  running‐acc=0.655
Locality eval: pred=n/a               gold=n/a  correct=True  running‐acc=0.991
[ 537/600] loss=11.3716  pred=n/a    gold=n/a  running‐acc=0.655
Locality eval: pred=true              gold=true  correct=True  running‐acc=0.991
[ 538/600] loss=19.3448  pred=true   gold=true  running‐acc=0.656
Locality eval: pred=n/a               gold=n/a  correct=True  running‐acc=0.991
[ 539/600] loss=17.2554  pred=true   gold=true  running‐acc=0.657
Locality eval: pred=n/a               gold=n/a  correct=True  running‐acc=0.991
[ 540/600] loss=11.7790  pred=true   gold=n/a  running‐acc=0.656
Locality eval: pred=true              gold=true  correct=True  running‐acc=0.991
[ 541/600] loss=11.3132  pred=n/a    gold=n/a  running‐acc=0.656
Locality eval: pred=true              gold=true  correct=True  running‐acc=0.991
[ 542/600] loss=12.0964  pred=false  gold=n/a  running‐acc=0.655
Locality eval: pred=true              gold=true  correct=True  running‐acc=0.991
[ 543/600] loss=12.4487  pred=true   gold=n/a  running‐acc=0.654
Locality eval: pred=true              gold=true  correct=True  running‐acc=0.991
[ 544/600] loss=11.9312  pred=n/a    gold=n/a  running‐acc=0.654
Locality eval: pred=true              gold=true  correct=True  running‐acc=0.991
[ 545/600] loss=16.9581  pred=n/a    gold=true  running‐acc=0.653
Locality eval: pred=n/a               gold=n/a  correct=True  running‐acc=0.991
[ 546/600] loss=13.2367  pred=false  gold=n/a  running‐acc=0.652
Locality eval: pred=true              gold=true  correct=True  running‐acc=0.991
[ 547/600] loss=18.2055  pred=n/a    gold=true  running‐acc=0.651
Locality eval: pred=n/a               gold=n/a  correct=True  running‐acc=0.991
[ 548/600] loss=17.0092  pred=true   gold=true  running‐acc=0.651
Locality eval: pred=n/a               gold=n/a  correct=True  running‐acc=0.991
[ 549/600] loss=16.9205  pred=n/a    gold=true  running‐acc=0.650
Locality eval: pred=n/a               gold=n/a  correct=True  running‐acc=0.991
[ 550/600] loss=12.8444  pred=false  gold=n/a  running‐acc=0.649
Locality eval: pred=true              gold=true  correct=True  running‐acc=0.991
[ 551/600] loss=17.5988  pred=true   gold=true  running‐acc=0.650
Locality eval: pred=n/a               gold=n/a  correct=True  running‐acc=0.991
[ 552/600] loss=13.2500  pred=false  gold=n/a  running‐acc=0.649
Locality eval: pred=true              gold=true  correct=True  running‐acc=0.991
[ 553/600] loss=11.4535  pred=n/a    gold=n/a  running‐acc=0.649
Locality eval: pred=true              gold=true  correct=True  running‐acc=0.991
[ 554/600] loss=16.9575  pred=true   gold=true  running‐acc=0.650
Locality eval: pred=n/a               gold=n/a  correct=True  running‐acc=0.991
[ 555/600] loss=13.3603  pred=n/a    gold=n/a  running‐acc=0.650
Locality eval: pred=true              gold=true  correct=True  running‐acc=0.991
[ 556/600] loss=12.1694  pred=n/a    gold=n/a  running‐acc=0.651
Locality eval: pred=true              gold=true  correct=True  running‐acc=0.991
[ 557/600] loss=11.8709  pred=n/a    gold=n/a  running‐acc=0.652
Locality eval: pred=true              gold=true  correct=True  running‐acc=0.991
[ 558/600] loss=16.6434  pred=true   gold=true  running‐acc=0.652
Locality eval: pred=n/a               gold=n/a  correct=True  running‐acc=0.991
[ 559/600] loss=15.6838  pred=true   gold=true  running‐acc=0.653
Locality eval: pred=n/a               gold=n/a  correct=True  running‐acc=0.991
[ 560/600] loss=11.4723  pred=n/a    gold=n/a  running‐acc=0.654
Locality eval: pred=true              gold=true  correct=True  running‐acc=0.991
[ 561/600] loss=17.0922  pred=true   gold=true  running‐acc=0.654
Locality eval: pred=n/a               gold=n/a  correct=True  running‐acc=0.991
[ 562/600] loss=16.2837  pred=true   gold=true  running‐acc=0.655
Locality eval: pred=n/a               gold=n/a  correct=True  running‐acc=0.991
[ 563/600] loss=11.4188  pred=n/a    gold=n/a  running‐acc=0.655
Locality eval: pred=true              gold=true  correct=True  running‐acc=0.991
[ 564/600] loss=18.3316  pred=n/a    gold=true  running‐acc=0.654
Locality eval: pred=n/a               gold=n/a  correct=True  running‐acc=0.991
[ 565/600] loss=12.1724  pred=false  gold=n/a  running‐acc=0.653
Locality eval: pred=true              gold=true  correct=True  running‐acc=0.991
[ 566/600] loss=16.1561  pred=false  gold=true  running‐acc=0.652
Locality eval: pred=n/a               gold=n/a  correct=True  running‐acc=0.991
[ 567/600] loss=17.9529  pred=true   gold=true  running‐acc=0.653
Locality eval: pred=n/a               gold=n/a  correct=True  running‐acc=0.991
[ 568/600] loss=11.5960  pred=n/a    gold=n/a  running‐acc=0.653
Locality eval: pred=true              gold=true  correct=True  running‐acc=0.991
[ 569/600] loss=19.5687  pred=n/a    gold=true  running‐acc=0.652
Locality eval: pred=n/a               gold=n/a  correct=True  running‐acc=0.991
[ 570/600] loss=16.7842  pred=true   gold=true  running‐acc=0.653
Locality eval: pred=n/a               gold=n/a  correct=True  running‐acc=0.991
[ 571/600] loss=16.6202  pred=false  gold=true  running‐acc=0.651
Locality eval: pred=n/a               gold=n/a  correct=True  running‐acc=0.991
[ 572/600] loss=16.9041  pred=n/a    gold=true  running‐acc=0.650
Locality eval: pred=n/a               gold=n/a  correct=True  running‐acc=0.991
[ 573/600] loss=17.8152  pred=true   gold=true  running‐acc=0.651
Locality eval: pred=n/a               gold=n/a  correct=True  running‐acc=0.991
[ 574/600] loss=20.1844  pred=n/a    gold=true  running‐acc=0.650
Locality eval: pred=n/a               gold=n/a  correct=True  running‐acc=0.991
[ 575/600] loss=17.1628  pred=true   gold=true  running‐acc=0.650
Locality eval: pred=n/a               gold=n/a  correct=True  running‐acc=0.991
[ 576/600] loss=19.1197  pred=false  gold=true  running‐acc=0.649
Locality eval: pred=n/a               gold=n/a  correct=True  running‐acc=0.991
[ 577/600] loss=15.3059  pred=true   gold=true  running‐acc=0.650
Locality eval: pred=n/a               gold=n/a  correct=True  running‐acc=0.991
[ 578/600] loss=11.8379  pred=false  gold=n/a  running‐acc=0.649
Locality eval: pred=true              gold=true  correct=True  running‐acc=0.991
[ 579/600] loss=21.2047  pred=true   gold=true  running‐acc=0.649
Locality eval: pred=n/a               gold=n/a  correct=True  running‐acc=0.991
[ 580/600] loss=13.7718  pred=n/a    gold=n/a  running‐acc=0.650
Locality eval: pred=true              gold=true  correct=True  running‐acc=0.991
[ 581/600] loss=12.3645  pred=n/a    gold=n/a  running‐acc=0.651
Locality eval: pred=true              gold=true  correct=True  running‐acc=0.991
[ 582/600] loss=13.1385  pred=true   gold=n/a  running‐acc=0.649
Locality eval: pred=true              gold=true  correct=True  running‐acc=0.991
[ 583/600] loss=12.6075  pred=true   gold=n/a  running‐acc=0.648
Locality eval: pred=true.             gold=true  correct=True  running‐acc=0.991
[ 584/600] loss=13.2756  pred=n/a    gold=n/a  running‐acc=0.649
Locality eval: pred=true              gold=true  correct=True  running‐acc=0.991
[ 585/600] loss=13.3031  pred=n/a    gold=n/a  running‐acc=0.650
Locality eval: pred=true              gold=true  correct=True  running‐acc=0.991
[ 586/600] loss=11.1063  pred=true   gold=n/a  running‐acc=0.648
Locality eval: pred=true              gold=true  correct=True  running‐acc=0.991
[ 587/600] loss=16.8492  pred=true   gold=true  running‐acc=0.649
Locality eval: pred=n/a               gold=n/a  correct=True  running‐acc=0.991
[ 588/600] loss=16.6430  pred=n/a    gold=true  running‐acc=0.648
Locality eval: pred=n/a               gold=n/a  correct=True  running‐acc=0.991
[ 589/600] loss=17.2211  pred=true   gold=true  running‐acc=0.649
Locality eval: pred=n/a               gold=n/a  correct=True  running‐acc=0.992
[ 590/600] loss=17.4327  pred=true   gold=true  running‐acc=0.649
Locality eval: pred=n/a               gold=n/a  correct=True  running‐acc=0.992
[ 591/600] loss=16.1182  pred=true   gold=true  running‐acc=0.650
Locality eval: pred=n/a               gold=n/a  correct=True  running‐acc=0.992
[ 592/600] loss=11.6188  pred=false  gold=n/a  running‐acc=0.649
Locality eval: pred=true              gold=true  correct=True  running‐acc=0.992
[ 593/600] loss=16.5147  pred=true   gold=true  running‐acc=0.649
Locality eval: pred=n/a               gold=n/a  correct=True  running‐acc=0.992
[ 594/600] loss=11.4492  pred=true   gold=n/a  running‐acc=0.648
Locality eval: pred=true              gold=true  correct=True  running‐acc=0.992
[ 595/600] loss=16.1705  pred=n/a    gold=true  running‐acc=0.647
Locality eval: pred=n/a               gold=n/a  correct=True  running‐acc=0.992
[ 596/600] loss=11.4841  pred=n/a    gold=n/a  running‐acc=0.648
Locality eval: pred=true              gold=true  correct=True  running‐acc=0.992
[ 597/600] loss=12.0279  pred=false  gold=n/a  running‐acc=0.647
Locality eval: pred=true              gold=true  correct=True  running‐acc=0.992
[ 598/600] loss=17.1973  pred=n/a    gold=true  running‐acc=0.645
Locality eval: pred=n/a               gold=n/a  correct=True  running‐acc=0.992
[ 599/600] loss=16.7510  pred=true   gold=true  running‐acc=0.646
Locality eval: pred=n/a               gold=n/a  correct=True  running‐acc=0.992
[ 600/600] loss=12.9679  pred=n/a    gold=n/a  running‐acc=0.647
Locality eval: pred=true              gold=true  correct=True  running‐acc=0.992

Finished in 2557.5s.  Final accuracy: 0.647.

