Sliding Window Attention is enabled but not implemented for `sdpa`; unexpected results may be encountered.

Loading base model (4‐bit)…
Loading checkpoint shards:   0%|          | 0/2 [00:00<?, ?it/s]Loading checkpoint shards:  50%|█████     | 1/2 [00:08<00:08,  8.01s/it]Loading checkpoint shards: 100%|██████████| 2/2 [00:13<00:00,  6.24s/it]Loading checkpoint shards: 100%|██████████| 2/2 [00:13<00:00,  6.51s/it]
trainable params: 3,686,400 || all params: 3,089,625,088 || trainable%: 0.1193
  0%|          | 0/600 [00:00<?, ?it/s]100%|██████████| 600/600 [00:00<00:00, 27574.45it/s]
/project/uvadm/zhenyu/miniconda3/envs/mechanistic/lib/python3.10/site-packages/transformers/generation/configuration_utils.py:631: UserWarning: `do_sample` is set to `False`. However, `temperature` is set to `0.7` -- this flag is only used in sample-based generation modes. You should set `do_sample=True` or unset `temperature`.
  warnings.warn(
/project/uvadm/zhenyu/miniconda3/envs/mechanistic/lib/python3.10/site-packages/transformers/generation/configuration_utils.py:636: UserWarning: `do_sample` is set to `False`. However, `top_p` is set to `0.8` -- this flag is only used in sample-based generation modes. You should set `do_sample=True` or unset `top_p`.
  warnings.warn(
/project/uvadm/zhenyu/miniconda3/envs/mechanistic/lib/python3.10/site-packages/transformers/generation/configuration_utils.py:653: UserWarning: `do_sample` is set to `False`. However, `top_k` is set to `20` -- this flag is only used in sample-based generation modes. You should set `do_sample=True` or unset `top_k`.
  warnings.warn(
Loaded 600 (train, eval) pairs.

Starting sequential training…
Cached 144 LoRA tensors.
[   1/600] loss=15.6008  pred=true   gold=true  running‐acc=1.000
Locality eval: pred=n/a               gold=n/a  correct=True  running‐acc=1.000
[   2/600] loss=16.0961  pred=true   gold=true  running‐acc=1.000
Locality eval: pred=n/a               gold=n/a  correct=True  running‐acc=1.000
[   3/600] loss=16.0949  pred=true   gold=true  running‐acc=1.000
Locality eval: pred=n/a               gold=n/a  correct=True  running‐acc=1.000
[   4/600] loss=16.0320  pred=true   gold=true  running‐acc=1.000
Locality eval: pred=n/a               gold=n/a  correct=True  running‐acc=1.000
[   5/600] loss=15.9825  pred=true   gold=true  running‐acc=1.000
Locality eval: pred=n/a               gold=n/a  correct=True  running‐acc=1.000
[   6/600] loss=16.1922  pred=false  gold=true  running‐acc=0.833
Locality eval: pred=true              gold=n/a  correct=False  running‐acc=0.833
[   7/600] loss=10.9756  pred=n/a    gold=n/a  running‐acc=0.857
Locality eval: pred=n/a               gold=true  correct=False  running‐acc=0.714
[   8/600] loss=12.4511  pred=n/a    gold=n/a  running‐acc=0.875
Locality eval: pred=true              gold=true  correct=True  running‐acc=0.750
[   9/600] loss=19.3446  pred=n/a    gold=true  running‐acc=0.778
Locality eval: pred=n/a               gold=n/a  correct=True  running‐acc=0.778
[  10/600] loss=15.4042  pred=true   gold=true  running‐acc=0.800
Locality eval: pred=n/a               gold=n/a  correct=True  running‐acc=0.800
[  11/600] loss=16.0852  pred=false  gold=true  running‐acc=0.727
Locality eval: pred=n/a               gold=n/a  correct=True  running‐acc=0.818
[  12/600] loss=16.0417  pred=true   gold=true  running‐acc=0.750
Locality eval: pred=n/a               gold=n/a  correct=True  running‐acc=0.833
[  13/600] loss=11.6708  pred=n/a    gold=n/a  running‐acc=0.769
Locality eval: pred=true              gold=true  correct=True  running‐acc=0.846
[  14/600] loss=12.7202  pred=n/a    gold=n/a  running‐acc=0.786
Locality eval: pred=true              gold=true  correct=True  running‐acc=0.857
[  15/600] loss=16.5034  pred=false  gold=true  running‐acc=0.733
Locality eval: pred=n/a               gold=n/a  correct=True  running‐acc=0.867
[  16/600] loss=12.1551  pred=false  gold=n/a  running‐acc=0.688
Locality eval: pred=true              gold=true  correct=True  running‐acc=0.875
[  17/600] loss=12.0980  pred=n/a    gold=n/a  running‐acc=0.706
Locality eval: pred=true              gold=true  correct=True  running‐acc=0.882
[  18/600] loss=16.1691  pred=true   gold=true  running‐acc=0.722
Locality eval: pred=n/a               gold=n/a  correct=True  running‐acc=0.889
[  19/600] loss=17.1242  pred=true   gold=true  running‐acc=0.737
Locality eval: pred=false             gold=n/a  correct=False  running‐acc=0.842
[  20/600] loss=11.8355  pred=n/a    gold=n/a  running‐acc=0.750
Locality eval: pred=true              gold=true  correct=True  running‐acc=0.850
[  21/600] loss=11.0405  pred=n/a    gold=n/a  running‐acc=0.762
Locality eval: pred=true              gold=true  correct=True  running‐acc=0.857
[  22/600] loss=12.3953  pred=n/a    gold=n/a  running‐acc=0.773
Locality eval: pred=true              gold=true  correct=True  running‐acc=0.864
[  23/600] loss=11.9127  pred=false  gold=n/a  running‐acc=0.739
Locality eval: pred=true              gold=true  correct=True  running‐acc=0.870
[  24/600] loss=12.8224  pred=n/a    gold=n/a  running‐acc=0.750
Locality eval: pred=true              gold=true  correct=True  running‐acc=0.875
[  25/600] loss=16.1271  pred=true   gold=true  running‐acc=0.760
Locality eval: pred=n/a               gold=n/a  correct=True  running‐acc=0.880
[  26/600] loss=11.2959  pred=n/a    gold=n/a  running‐acc=0.769
Locality eval: pred=true              gold=true  correct=True  running‐acc=0.885
[  27/600] loss=12.8444  pred=n/a    gold=n/a  running‐acc=0.778
Locality eval: pred=true              gold=true  correct=True  running‐acc=0.889
[  28/600] loss=12.1520  pred=false.  gold=n/a  running‐acc=0.750
Locality eval: pred=true              gold=true  correct=True  running‐acc=0.893
[  29/600] loss=11.7709  pred=n/a    gold=n/a  running‐acc=0.759
Locality eval: pred=true              gold=true  correct=True  running‐acc=0.897
[  30/600] loss=11.8043  pred=true   gold=n/a  running‐acc=0.733
Locality eval: pred=true              gold=true  correct=True  running‐acc=0.900
[  31/600] loss=15.4868  pred=true   gold=true  running‐acc=0.742
Locality eval: pred=n/a               gold=n/a  correct=True  running‐acc=0.903
[  32/600] loss=11.7639  pred=n/a    gold=n/a  running‐acc=0.750
Locality eval: pred=true              gold=true  correct=True  running‐acc=0.906
[  33/600] loss=12.3358  pred=n/a    gold=n/a  running‐acc=0.758
Locality eval: pred=true              gold=true  correct=True  running‐acc=0.909
[  34/600] loss=11.0873  pred=n/a    gold=n/a  running‐acc=0.765
Locality eval: pred=true              gold=true  correct=True  running‐acc=0.912
[  35/600] loss=15.3252  pred=true.  gold=true  running‐acc=0.771
Locality eval: pred=n/a               gold=n/a  correct=True  running‐acc=0.914
[  36/600] loss=11.4553  pred=n/a    gold=n/a  running‐acc=0.778
Locality eval: pred=true              gold=true  correct=True  running‐acc=0.917
[  37/600] loss=19.7130  pred=n/a    gold=true  running‐acc=0.757
Locality eval: pred=n/a               gold=n/a  correct=True  running‐acc=0.919
[  38/600] loss=12.0978  pred=n/a    gold=n/a  running‐acc=0.763
Locality eval: pred=true              gold=true  correct=True  running‐acc=0.921
[  39/600] loss=15.9397  pred=true   gold=true  running‐acc=0.769
Locality eval: pred=true              gold=n/a  correct=False  running‐acc=0.897
[  40/600] loss=17.6239  pred=true   gold=true  running‐acc=0.775
Locality eval: pred=n/a               gold=n/a  correct=True  running‐acc=0.900
[  41/600] loss=15.6743  pred=true   gold=true  running‐acc=0.780
Locality eval: pred=n/a               gold=n/a  correct=True  running‐acc=0.902
[  42/600] loss=11.5021  pred=n/a    gold=n/a  running‐acc=0.786
Locality eval: pred=true              gold=true  correct=True  running‐acc=0.905
[  43/600] loss=15.4872  pred=true   gold=true  running‐acc=0.791
Locality eval: pred=n/a               gold=n/a  correct=True  running‐acc=0.907
[  44/600] loss=11.9354  pred=n/a    gold=n/a  running‐acc=0.795
Locality eval: pred=true              gold=true  correct=True  running‐acc=0.909
[  45/600] loss=11.0030  pred=true   gold=n/a  running‐acc=0.778
Locality eval: pred=true              gold=true  correct=True  running‐acc=0.911
[  46/600] loss=16.7953  pred=true   gold=true  running‐acc=0.783
Locality eval: pred=n/a               gold=n/a  correct=True  running‐acc=0.913
[  47/600] loss=15.0689  pred=true   gold=true  running‐acc=0.787
Locality eval: pred=n/a               gold=n/a  correct=True  running‐acc=0.915
[  48/600] loss=11.4928  pred=false  gold=n/a  running‐acc=0.771
Locality eval: pred=true              gold=true  correct=True  running‐acc=0.917
[  49/600] loss=17.6081  pred=n/a    gold=true  running‐acc=0.755
Locality eval: pred=n/a               gold=n/a  correct=True  running‐acc=0.918
[  50/600] loss=11.4866  pred=false  gold=n/a  running‐acc=0.740
Locality eval: pred=true              gold=true  correct=True  running‐acc=0.920
[  51/600] loss=15.9673  pred=true   gold=true  running‐acc=0.745
Locality eval: pred=n/a               gold=n/a  correct=True  running‐acc=0.922
[  52/600] loss=17.2249  pred=true   gold=true  running‐acc=0.750
Locality eval: pred=n/a               gold=n/a  correct=True  running‐acc=0.923
[  53/600] loss=11.3895  pred=false  gold=n/a  running‐acc=0.736
Locality eval: pred=false             gold=true  correct=False  running‐acc=0.906
[  54/600] loss=16.3132  pred=true.  gold=true  running‐acc=0.741
Locality eval: pred=n/a               gold=n/a  correct=True  running‐acc=0.907
[  55/600] loss=11.5166  pred=false  gold=n/a  running‐acc=0.727
Locality eval: pred=true              gold=true  correct=True  running‐acc=0.909
[  56/600] loss=12.8417  pred=n/a    gold=n/a  running‐acc=0.732
Locality eval: pred=true              gold=true  correct=True  running‐acc=0.911
[  57/600] loss=16.1976  pred=n/a    gold=true  running‐acc=0.719
Locality eval: pred=n/a               gold=n/a  correct=True  running‐acc=0.912
[  58/600] loss=15.2059  pred=true   gold=true  running‐acc=0.724
Locality eval: pred=n/a               gold=n/a  correct=True  running‐acc=0.914
[  59/600] loss=16.5480  pred=true   gold=true  running‐acc=0.729
Locality eval: pred=n/a               gold=n/a  correct=True  running‐acc=0.915
[  60/600] loss=15.1907  pred=true   gold=true  running‐acc=0.733
Locality eval: pred=n/a               gold=n/a  correct=True  running‐acc=0.917
[  61/600] loss=16.3175  pred=false  gold=true  running‐acc=0.721
Locality eval: pred=n/a               gold=n/a  correct=True  running‐acc=0.918
[  62/600] loss=16.2852  pred=n/a    gold=true  running‐acc=0.710
Locality eval: pred=n/a               gold=n/a  correct=True  running‐acc=0.919
[  63/600] loss=11.8167  pred=true   gold=n/a  running‐acc=0.698
Locality eval: pred=true              gold=true  correct=True  running‐acc=0.921
[  64/600] loss=12.2561  pred=n/a    gold=n/a  running‐acc=0.703
Locality eval: pred=true              gold=true  correct=True  running‐acc=0.922
[  65/600] loss=12.0818  pred=true   gold=n/a  running‐acc=0.692
Locality eval: pred=true              gold=true  correct=True  running‐acc=0.923
[  66/600] loss=17.4356  pred=true   gold=true  running‐acc=0.697
Locality eval: pred=n/a               gold=n/a  correct=True  running‐acc=0.924
[  67/600] loss=15.0859  pred=true   gold=true  running‐acc=0.701
Locality eval: pred=n/a               gold=n/a  correct=True  running‐acc=0.925
[  68/600] loss=15.9736  pred=true   gold=true  running‐acc=0.706
Locality eval: pred=n/a               gold=n/a  correct=True  running‐acc=0.926
[  69/600] loss=11.7067  pred=n/a    gold=n/a  running‐acc=0.710
Locality eval: pred=true              gold=true  correct=True  running‐acc=0.928
[  70/600] loss=11.3282  pred=false  gold=n/a  running‐acc=0.700
Locality eval: pred=true              gold=true  correct=True  running‐acc=0.929
[  71/600] loss=12.0663  pred=n/a    gold=n/a  running‐acc=0.704
Locality eval: pred=true              gold=true  correct=True  running‐acc=0.930
[  72/600] loss=11.7479  pred=false  gold=n/a  running‐acc=0.694
Locality eval: pred=true              gold=true  correct=True  running‐acc=0.931
[  73/600] loss=16.7995  pred=true   gold=true  running‐acc=0.699
Locality eval: pred=n/a               gold=n/a  correct=True  running‐acc=0.932
[  74/600] loss=12.0574  pred=n/a    gold=n/a  running‐acc=0.703
Locality eval: pred=true              gold=true  correct=True  running‐acc=0.932
[  75/600] loss=11.3880  pred=false  gold=n/a  running‐acc=0.693
Locality eval: pred=true              gold=true  correct=True  running‐acc=0.933
[  76/600] loss=19.2453  pred=n/a    gold=true  running‐acc=0.684
Locality eval: pred=n/a               gold=n/a  correct=True  running‐acc=0.934
[  77/600] loss=15.2987  pred=true   gold=true  running‐acc=0.688
Locality eval: pred=n/a               gold=n/a  correct=True  running‐acc=0.935
[  78/600] loss=11.9223  pred=n/a    gold=n/a  running‐acc=0.692
Locality eval: pred=true              gold=true  correct=True  running‐acc=0.936
[  79/600] loss=16.2818  pred=true   gold=true  running‐acc=0.696
Locality eval: pred=n/a               gold=n/a  correct=True  running‐acc=0.937
[  80/600] loss=12.5218  pred=false  gold=n/a  running‐acc=0.688
Locality eval: pred=true              gold=true  correct=True  running‐acc=0.938
[  81/600] loss=11.1587  pred=false  gold=n/a  running‐acc=0.679
Locality eval: pred=true              gold=true  correct=True  running‐acc=0.938
[  82/600] loss=17.2435  pred=true   gold=true  running‐acc=0.683
Locality eval: pred=n/a               gold=n/a  correct=True  running‐acc=0.939
[  83/600] loss=11.1206  pred=n/a    gold=n/a  running‐acc=0.687
Locality eval: pred=true              gold=true  correct=True  running‐acc=0.940
[  84/600] loss=16.6875  pred=true   gold=true  running‐acc=0.690
Locality eval: pred=n/a               gold=n/a  correct=True  running‐acc=0.940
[  85/600] loss=11.2783  pred=n/a    gold=n/a  running‐acc=0.694
Locality eval: pred=true              gold=true  correct=True  running‐acc=0.941
[  86/600] loss=11.5850  pred=n/a    gold=n/a  running‐acc=0.698
Locality eval: pred=true              gold=true  correct=True  running‐acc=0.942
[  87/600] loss=12.5304  pred=n/a    gold=n/a  running‐acc=0.701
Locality eval: pred=true              gold=true  correct=True  running‐acc=0.943
[  88/600] loss=16.4743  pred=true   gold=true  running‐acc=0.705
Locality eval: pred=n/a               gold=n/a  correct=True  running‐acc=0.943
[  89/600] loss=15.8746  pred=true   gold=true  running‐acc=0.708
Locality eval: pred=n/a               gold=n/a  correct=True  running‐acc=0.944
[  90/600] loss=10.2167  pred=false  gold=n/a  running‐acc=0.700
Locality eval: pred=true              gold=true  correct=True  running‐acc=0.944
[  91/600] loss=10.2914  pred=true   gold=n/a  running‐acc=0.692
Locality eval: pred=true              gold=true  correct=True  running‐acc=0.945
[  92/600] loss=14.8177  pred=false  gold=true  running‐acc=0.685
Locality eval: pred=n/a               gold=n/a  correct=True  running‐acc=0.946
[  93/600] loss=10.9163  pred=n/a    gold=n/a  running‐acc=0.688
Locality eval: pred=true              gold=true  correct=True  running‐acc=0.946
[  94/600] loss=11.3436  pred=n/a    gold=n/a  running‐acc=0.691
Locality eval: pred=true              gold=true  correct=True  running‐acc=0.947
[  95/600] loss=16.1172  pred=true   gold=true  running‐acc=0.695
Locality eval: pred=n/a               gold=n/a  correct=True  running‐acc=0.947
[  96/600] loss=11.1134  pred=n/a    gold=n/a  running‐acc=0.698
Locality eval: pred=true              gold=true  correct=True  running‐acc=0.948
[  97/600] loss=9.0634  pred=false  gold=n/a  running‐acc=0.691
Locality eval: pred=true.             gold=true  correct=True  running‐acc=0.948
[  98/600] loss=11.9931  pred=n/a    gold=n/a  running‐acc=0.694
Locality eval: pred=true              gold=true  correct=True  running‐acc=0.949
[  99/600] loss=15.3633  pred=true   gold=true  running‐acc=0.697
Locality eval: pred=n/a               gold=n/a  correct=True  running‐acc=0.949
[ 100/600] loss=15.9629  pred=true   gold=true  running‐acc=0.700
Locality eval: pred=n/a               gold=n/a  correct=True  running‐acc=0.950
[ 101/600] loss=11.6693  pred=n/a    gold=n/a  running‐acc=0.703
Locality eval: pred=true              gold=true  correct=True  running‐acc=0.950
[ 102/600] loss=15.5249  pred=true   gold=true  running‐acc=0.706
Locality eval: pred=n/a               gold=n/a  correct=True  running‐acc=0.951
[ 103/600] loss=11.0972  pred=n/a    gold=n/a  running‐acc=0.709
Locality eval: pred=true              gold=true  correct=True  running‐acc=0.951
[ 104/600] loss=16.3644  pred=false  gold=true  running‐acc=0.702
Locality eval: pred=n/a               gold=n/a  correct=True  running‐acc=0.952
[ 105/600] loss=14.9600  pred=true   gold=true  running‐acc=0.705
Locality eval: pred=n/a               gold=n/a  correct=True  running‐acc=0.952
[ 106/600] loss=16.1608  pred=true   gold=true  running‐acc=0.708
Locality eval: pred=n/a               gold=n/a  correct=True  running‐acc=0.953
[ 107/600] loss=17.2422  pred=true   gold=true  running‐acc=0.710
Locality eval: pred=n/a               gold=n/a  correct=True  running‐acc=0.953
[ 108/600] loss=15.0847  pred=true   gold=true  running‐acc=0.713
Locality eval: pred=n/a               gold=n/a  correct=True  running‐acc=0.954
[ 109/600] loss=18.2012  pred=true.  gold=true  running‐acc=0.716
Locality eval: pred=n/a               gold=n/a  correct=True  running‐acc=0.954
[ 110/600] loss=15.3775  pred=true   gold=true  running‐acc=0.718
Locality eval: pred=n/a               gold=n/a  correct=True  running‐acc=0.955
[ 111/600] loss=15.3028  pred=true   gold=true  running‐acc=0.721
Locality eval: pred=n/a               gold=n/a  correct=True  running‐acc=0.955
[ 112/600] loss=17.4596  pred=true   gold=true  running‐acc=0.723
Locality eval: pred=n/a               gold=n/a  correct=True  running‐acc=0.955
[ 113/600] loss=10.2990  pred=true   gold=n/a  running‐acc=0.717
Locality eval: pred=true              gold=true  correct=True  running‐acc=0.956
[ 114/600] loss=11.3766  pred=n/a    gold=n/a  running‐acc=0.719
Locality eval: pred=true              gold=true  correct=True  running‐acc=0.956
[ 115/600] loss=11.9255  pred=n/a    gold=n/a  running‐acc=0.722
Locality eval: pred=true              gold=true  correct=True  running‐acc=0.957
[ 116/600] loss=15.8787  pred=true   gold=true  running‐acc=0.724
Locality eval: pred=n/a               gold=n/a  correct=True  running‐acc=0.957
[ 117/600] loss=11.3915  pred=n/a    gold=n/a  running‐acc=0.726
Locality eval: pred=true              gold=true  correct=True  running‐acc=0.957
[ 118/600] loss=12.5582  pred=false.  gold=n/a  running‐acc=0.720
Locality eval: pred=true              gold=true  correct=True  running‐acc=0.958
[ 119/600] loss=11.4597  pred=n/a    gold=n/a  running‐acc=0.723
Locality eval: pred=true              gold=true  correct=True  running‐acc=0.958
[ 120/600] loss=12.2039  pred=true   gold=n/a  running‐acc=0.717
Locality eval: pred=true              gold=true  correct=True  running‐acc=0.958
[ 121/600] loss=14.8048  pred=true   gold=true  running‐acc=0.719
Locality eval: pred=n/a               gold=n/a  correct=True  running‐acc=0.959
[ 122/600] loss=18.1788  pred=true   gold=true  running‐acc=0.721
Locality eval: pred=false             gold=n/a  correct=False  running‐acc=0.951
[ 123/600] loss=11.5090  pred=false  gold=n/a  running‐acc=0.715
Locality eval: pred=true              gold=true  correct=True  running‐acc=0.951
[ 124/600] loss=11.9321  pred=n/a    gold=n/a  running‐acc=0.718
Locality eval: pred=true              gold=true  correct=True  running‐acc=0.952
[ 125/600] loss=11.6415  pred=false.  gold=n/a  running‐acc=0.712
Locality eval: pred=true              gold=true  correct=True  running‐acc=0.952
[ 126/600] loss=17.0047  pred=true.  gold=true  running‐acc=0.714
Locality eval: pred=n/a               gold=n/a  correct=True  running‐acc=0.952
[ 127/600] loss=17.4392  pred=true   gold=true  running‐acc=0.717
Locality eval: pred=n/a               gold=n/a  correct=True  running‐acc=0.953
[ 128/600] loss=11.7856  pred=n/a    gold=n/a  running‐acc=0.719
Locality eval: pred=true              gold=true  correct=True  running‐acc=0.953
[ 129/600] loss=15.3005  pred=true   gold=true  running‐acc=0.721
Locality eval: pred=n/a               gold=n/a  correct=True  running‐acc=0.953
[ 130/600] loss=11.7654  pred=n/a    gold=n/a  running‐acc=0.723
Locality eval: pred=true              gold=true  correct=True  running‐acc=0.954
[ 131/600] loss=17.2974  pred=true   gold=true  running‐acc=0.725
Locality eval: pred=n/a               gold=n/a  correct=True  running‐acc=0.954
[ 132/600] loss=12.1080  pred=n/a    gold=n/a  running‐acc=0.727
Locality eval: pred=true              gold=true  correct=True  running‐acc=0.955
[ 133/600] loss=11.1053  pred=n/a    gold=n/a  running‐acc=0.729
Locality eval: pred=true              gold=true  correct=True  running‐acc=0.955
[ 134/600] loss=15.0767  pred=true   gold=true  running‐acc=0.731
Locality eval: pred=n/a               gold=n/a  correct=True  running‐acc=0.955
[ 135/600] loss=16.5028  pred=true   gold=true  running‐acc=0.733
Locality eval: pred=n/a               gold=n/a  correct=True  running‐acc=0.956
[ 136/600] loss=11.5894  pred=false  gold=n/a  running‐acc=0.728
Locality eval: pred=true              gold=true  correct=True  running‐acc=0.956
[ 137/600] loss=15.7311  pred=true   gold=true  running‐acc=0.730
Locality eval: pred=n/a               gold=n/a  correct=True  running‐acc=0.956
[ 138/600] loss=18.3818  pred=n/a    gold=true  running‐acc=0.725
Locality eval: pred=n/a               gold=n/a  correct=True  running‐acc=0.957
[ 139/600] loss=12.4250  pred=n/a    gold=n/a  running‐acc=0.727
Locality eval: pred=true              gold=true  correct=True  running‐acc=0.957
[ 140/600] loss=11.5815  pred=n/a    gold=n/a  running‐acc=0.729
Locality eval: pred=true              gold=true  correct=True  running‐acc=0.957
[ 141/600] loss=11.0909  pred=n/a    gold=n/a  running‐acc=0.730
Locality eval: pred=true              gold=true  correct=True  running‐acc=0.957
[ 142/600] loss=10.9915  pred=false  gold=n/a  running‐acc=0.725
Locality eval: pred=true              gold=true  correct=True  running‐acc=0.958
[ 143/600] loss=14.8181  pred=true   gold=true  running‐acc=0.727
Locality eval: pred=n/a               gold=n/a  correct=True  running‐acc=0.958
[ 144/600] loss=15.2245  pred=true   gold=true  running‐acc=0.729
Locality eval: pred=n/a               gold=n/a  correct=True  running‐acc=0.958
[ 145/600] loss=16.8394  pred=true   gold=true  running‐acc=0.731
Locality eval: pred=n/a               gold=n/a  correct=True  running‐acc=0.959
[ 146/600] loss=14.4304  pred=true   gold=true  running‐acc=0.733
Locality eval: pred=n/a               gold=n/a  correct=True  running‐acc=0.959
[ 147/600] loss=12.0825  pred=false  gold=n/a  running‐acc=0.728
Locality eval: pred=true              gold=true  correct=True  running‐acc=0.959
[ 148/600] loss=16.1861  pred=true   gold=true  running‐acc=0.730
Locality eval: pred=n/a               gold=n/a  correct=True  running‐acc=0.959
[ 149/600] loss=12.5050  pred=false  gold=n/a  running‐acc=0.725
Locality eval: pred=true              gold=true  correct=True  running‐acc=0.960
[ 150/600] loss=10.3056  pred=n/a    gold=n/a  running‐acc=0.727
Locality eval: pred=true              gold=true  correct=True  running‐acc=0.960
[ 151/600] loss=15.7109  pred=true   gold=true  running‐acc=0.728
Locality eval: pred=n/a               gold=n/a  correct=True  running‐acc=0.960
[ 152/600] loss=15.8388  pred=true   gold=true  running‐acc=0.730
Locality eval: pred=true              gold=n/a  correct=False  running‐acc=0.954
[ 153/600] loss=11.8872  pred=n/a    gold=n/a  running‐acc=0.732
Locality eval: pred=true              gold=true  correct=True  running‐acc=0.954
[ 154/600] loss=12.1221  pred=false  gold=n/a  running‐acc=0.727
Locality eval: pred=true              gold=true  correct=True  running‐acc=0.955
[ 155/600] loss=14.8429  pred=n/a    gold=true  running‐acc=0.723
Locality eval: pred=n/a               gold=n/a  correct=True  running‐acc=0.955
[ 156/600] loss=11.6518  pred=false  gold=n/a  running‐acc=0.718
Locality eval: pred=true              gold=true  correct=True  running‐acc=0.955
[ 157/600] loss=16.8067  pred=true   gold=true  running‐acc=0.720
Locality eval: pred=n/a               gold=n/a  correct=True  running‐acc=0.955
[ 158/600] loss=11.6976  pred=n/a    gold=n/a  running‐acc=0.722
Locality eval: pred=true              gold=true  correct=True  running‐acc=0.956
[ 159/600] loss=12.4965  pred=n/a    gold=n/a  running‐acc=0.723
Locality eval: pred=true              gold=true  correct=True  running‐acc=0.956
[ 160/600] loss=12.0666  pred=n/a    gold=n/a  running‐acc=0.725
Locality eval: pred=true              gold=true  correct=True  running‐acc=0.956
[ 161/600] loss=16.8175  pred=true   gold=true  running‐acc=0.727
Locality eval: pred=n/a               gold=n/a  correct=True  running‐acc=0.957
[ 162/600] loss=9.2341  pred=false  gold=n/a  running‐acc=0.722
Locality eval: pred=true              gold=true  correct=True  running‐acc=0.957
[ 163/600] loss=10.9164  pred=false  gold=n/a  running‐acc=0.718
Locality eval: pred=true              gold=true  correct=True  running‐acc=0.957
[ 164/600] loss=12.2851  pred=n/a    gold=n/a  running‐acc=0.720
Locality eval: pred=true              gold=true  correct=True  running‐acc=0.957
[ 165/600] loss=16.0831  pred=true   gold=true  running‐acc=0.721
Locality eval: pred=n/a               gold=n/a  correct=True  running‐acc=0.958
[ 166/600] loss=15.5898  pred=true   gold=true  running‐acc=0.723
Locality eval: pred=n/a               gold=n/a  correct=True  running‐acc=0.958
[ 167/600] loss=12.4226  pred=n/a    gold=n/a  running‐acc=0.725
Locality eval: pred=true.             gold=true  correct=True  running‐acc=0.958
[ 168/600] loss=16.2341  pred=false  gold=true  running‐acc=0.720
Locality eval: pred=n/a               gold=n/a  correct=True  running‐acc=0.958
[ 169/600] loss=11.9553  pred=n/a    gold=n/a  running‐acc=0.722
Locality eval: pred=true              gold=true  correct=True  running‐acc=0.959
[ 170/600] loss=12.0765  pred=n/a    gold=n/a  running‐acc=0.724
Locality eval: pred=true              gold=true  correct=True  running‐acc=0.959
[ 171/600] loss=10.4340  pred=true   gold=n/a  running‐acc=0.719
Locality eval: pred=true              gold=true  correct=True  running‐acc=0.959
[ 172/600] loss=16.8808  pred=true   gold=true  running‐acc=0.721
Locality eval: pred=n/a               gold=n/a  correct=True  running‐acc=0.959
[ 173/600] loss=11.8815  pred=false  gold=n/a  running‐acc=0.717
Locality eval: pred=true              gold=true  correct=True  running‐acc=0.960
[ 174/600] loss=15.5290  pred=true   gold=true  running‐acc=0.718
Locality eval: pred=n/a               gold=n/a  correct=True  running‐acc=0.960
[ 175/600] loss=17.4651  pred=true.  gold=true  running‐acc=0.720
Locality eval: pred=n/a               gold=n/a  correct=True  running‐acc=0.960
[ 176/600] loss=11.6482  pred=false  gold=n/a  running‐acc=0.716
Locality eval: pred=true              gold=true  correct=True  running‐acc=0.960
[ 177/600] loss=14.4571  pred=true   gold=true  running‐acc=0.718
Locality eval: pred=n/a               gold=n/a  correct=True  running‐acc=0.960
[ 178/600] loss=12.0619  pred=false  gold=n/a  running‐acc=0.713
Locality eval: pred=true              gold=true  correct=True  running‐acc=0.961
[ 179/600] loss=11.7636  pred=true.  gold=n/a  running‐acc=0.709
Locality eval: pred=true              gold=true  correct=True  running‐acc=0.961
[ 180/600] loss=19.3805  pred=n/a    gold=true  running‐acc=0.706
Locality eval: pred=n/a               gold=n/a  correct=True  running‐acc=0.961
[ 181/600] loss=12.2761  pred=false  gold=n/a  running‐acc=0.702
Locality eval: pred=true              gold=true  correct=True  running‐acc=0.961
[ 182/600] loss=13.2295  pred=n/a    gold=n/a  running‐acc=0.703
Locality eval: pred=true.             gold=true  correct=True  running‐acc=0.962
[ 183/600] loss=16.6771  pred=false  gold=true  running‐acc=0.699
Locality eval: pred=n/a               gold=n/a  correct=True  running‐acc=0.962
[ 184/600] loss=16.1548  pred=true   gold=true  running‐acc=0.701
Locality eval: pred=n/a               gold=n/a  correct=True  running‐acc=0.962
[ 185/600] loss=16.0737  pred=true   gold=true  running‐acc=0.703
Locality eval: pred=n/a               gold=n/a  correct=True  running‐acc=0.962
[ 186/600] loss=17.4637  pred=false  gold=true  running‐acc=0.699
Locality eval: pred=n/a               gold=n/a  correct=True  running‐acc=0.962
[ 187/600] loss=11.9249  pred=n/a    gold=n/a  running‐acc=0.701
Locality eval: pred=true              gold=true  correct=True  running‐acc=0.963
[ 188/600] loss=11.0352  pred=n/a    gold=n/a  running‐acc=0.702
Locality eval: pred=true              gold=true  correct=True  running‐acc=0.963
[ 189/600] loss=15.8769  pred=true   gold=true  running‐acc=0.704
Locality eval: pred=n/a               gold=n/a  correct=True  running‐acc=0.963
[ 190/600] loss=11.3307  pred=n/a    gold=n/a  running‐acc=0.705
Locality eval: pred=true              gold=true  correct=True  running‐acc=0.963
[ 191/600] loss=12.0792  pred=n/a    gold=n/a  running‐acc=0.707
Locality eval: pred=true              gold=true  correct=True  running‐acc=0.963
[ 192/600] loss=11.7627  pred=n/a    gold=n/a  running‐acc=0.708
Locality eval: pred=true              gold=true  correct=True  running‐acc=0.964
[ 193/600] loss=16.5112  pred=true   gold=true  running‐acc=0.710
Locality eval: pred=n/a               gold=n/a  correct=True  running‐acc=0.964
[ 194/600] loss=16.3690  pred=true   gold=true  running‐acc=0.711
Locality eval: pred=n/a               gold=n/a  correct=True  running‐acc=0.964
[ 195/600] loss=15.3205  pred=true   gold=true  running‐acc=0.713
Locality eval: pred=n/a               gold=n/a  correct=True  running‐acc=0.964
[ 196/600] loss=15.8694  pred=false  gold=true  running‐acc=0.709
Locality eval: pred=n/a               gold=n/a  correct=True  running‐acc=0.964
[ 197/600] loss=19.3710  pred=n/a    gold=true  running‐acc=0.706
Locality eval: pred=n/a               gold=n/a  correct=True  running‐acc=0.964
[ 198/600] loss=12.4050  pred=n/a    gold=n/a  running‐acc=0.707
Locality eval: pred=true              gold=true  correct=True  running‐acc=0.965
[ 199/600] loss=16.6091  pred=true   gold=true  running‐acc=0.709
Locality eval: pred=n/a               gold=n/a  correct=True  running‐acc=0.965
[ 200/600] loss=16.3054  pred=true   gold=true  running‐acc=0.710
Locality eval: pred=n/a               gold=n/a  correct=True  running‐acc=0.965
[ 201/600] loss=11.6462  pred=n/a    gold=n/a  running‐acc=0.711
Locality eval: pred=true              gold=true  correct=True  running‐acc=0.965
[ 202/600] loss=12.3585  pred=false  gold=n/a  running‐acc=0.708
Locality eval: pred=true              gold=true  correct=True  running‐acc=0.965
[ 203/600] loss=15.9189  pred=true   gold=true  running‐acc=0.709
Locality eval: pred=n/a               gold=n/a  correct=True  running‐acc=0.966
[ 204/600] loss=10.6878  pred=true   gold=n/a  running‐acc=0.706
Locality eval: pred=true              gold=true  correct=True  running‐acc=0.966
[ 205/600] loss=19.2212  pred=n/a    gold=true  running‐acc=0.702
Locality eval: pred=n/a               gold=n/a  correct=True  running‐acc=0.966
[ 206/600] loss=12.3841  pred=false  gold=n/a  running‐acc=0.699
Locality eval: pred=true              gold=true  correct=True  running‐acc=0.966
[ 207/600] loss=11.5763  pred=true   gold=n/a  running‐acc=0.696
Locality eval: pred=true              gold=true  correct=True  running‐acc=0.966
[ 208/600] loss=15.7305  pred=true   gold=true  running‐acc=0.697
Locality eval: pred=n/a               gold=n/a  correct=True  running‐acc=0.966
[ 209/600] loss=11.9271  pred=n/a    gold=n/a  running‐acc=0.699
Locality eval: pred=true              gold=true  correct=True  running‐acc=0.967
[ 210/600] loss=12.3953  pred=n/a    gold=n/a  running‐acc=0.700
Locality eval: pred=true              gold=true  correct=True  running‐acc=0.967
[ 211/600] loss=16.0592  pred=true   gold=true  running‐acc=0.701
Locality eval: pred=n/a               gold=n/a  correct=True  running‐acc=0.967
[ 212/600] loss=11.3484  pred=n/a    gold=n/a  running‐acc=0.703
Locality eval: pred=true              gold=true  correct=True  running‐acc=0.967
[ 213/600] loss=17.4075  pred=true   gold=true  running‐acc=0.704
Locality eval: pred=true              gold=n/a  correct=False  running‐acc=0.962
[ 214/600] loss=11.5744  pred=n/a    gold=n/a  running‐acc=0.706
Locality eval: pred=true              gold=true  correct=True  running‐acc=0.963
[ 215/600] loss=18.9656  pred=false  gold=true  running‐acc=0.702
Locality eval: pred=n/a               gold=n/a  correct=True  running‐acc=0.963
[ 216/600] loss=12.5083  pred=n/a    gold=n/a  running‐acc=0.704
Locality eval: pred=true              gold=true  correct=True  running‐acc=0.963
[ 217/600] loss=17.3298  pred=true   gold=true  running‐acc=0.705
Locality eval: pred=n/a               gold=n/a  correct=True  running‐acc=0.963
[ 218/600] loss=11.2742  pred=n/a    gold=n/a  running‐acc=0.706
Locality eval: pred=true              gold=true  correct=True  running‐acc=0.963
[ 219/600] loss=15.9427  pred=true   gold=true  running‐acc=0.708
Locality eval: pred=n/a               gold=n/a  correct=True  running‐acc=0.963
[ 220/600] loss=11.7566  pred=n/a    gold=n/a  running‐acc=0.709
Locality eval: pred=true              gold=true  correct=True  running‐acc=0.964
[ 221/600] loss=12.2742  pred=true   gold=n/a  running‐acc=0.706
Locality eval: pred=true              gold=true  correct=True  running‐acc=0.964
[ 222/600] loss=11.8139  pred=n/a    gold=n/a  running‐acc=0.707
Locality eval: pred=true              gold=true  correct=True  running‐acc=0.964
[ 223/600] loss=12.4064  pred=true   gold=n/a  running‐acc=0.704
Locality eval: pred=true              gold=true  correct=True  running‐acc=0.964
[ 224/600] loss=12.7100  pred=n/a    gold=n/a  running‐acc=0.705
Locality eval: pred=true              gold=true  correct=True  running‐acc=0.964
[ 225/600] loss=11.8937  pred=n/a    gold=n/a  running‐acc=0.707
Locality eval: pred=true              gold=true  correct=True  running‐acc=0.964
[ 226/600] loss=16.9512  pred=true   gold=true  running‐acc=0.708
Locality eval: pred=n/a               gold=n/a  correct=True  running‐acc=0.965
[ 227/600] loss=10.8606  pred=true   gold=n/a  running‐acc=0.705
Locality eval: pred=true              gold=true  correct=True  running‐acc=0.965
[ 228/600] loss=11.7904  pred=false  gold=n/a  running‐acc=0.702
Locality eval: pred=true              gold=true  correct=True  running‐acc=0.965
[ 229/600] loss=11.1040  pred=true   gold=n/a  running‐acc=0.699
Locality eval: pred=true              gold=true  correct=True  running‐acc=0.965
[ 230/600] loss=10.8141  pred=false  gold=n/a  running‐acc=0.696
Locality eval: pred=true              gold=true  correct=True  running‐acc=0.965
[ 231/600] loss=11.2014  pred=true   gold=n/a  running‐acc=0.693
Locality eval: pred=true              gold=true  correct=True  running‐acc=0.965
[ 232/600] loss=12.1249  pred=n/a    gold=n/a  running‐acc=0.694
Locality eval: pred=true              gold=true  correct=True  running‐acc=0.966
[ 233/600] loss=19.1361  pred=true   gold=true  running‐acc=0.695
Locality eval: pred=n/a               gold=n/a  correct=True  running‐acc=0.966
[ 234/600] loss=15.1216  pred=true   gold=true  running‐acc=0.697
Locality eval: pred=n/a               gold=n/a  correct=True  running‐acc=0.966
[ 235/600] loss=10.6895  pred=true   gold=n/a  running‐acc=0.694
Locality eval: pred=true              gold=true  correct=True  running‐acc=0.966
[ 236/600] loss=12.1207  pred=n/a    gold=n/a  running‐acc=0.695
Locality eval: pred=true              gold=true  correct=True  running‐acc=0.966
[ 237/600] loss=16.8493  pred=n/a    gold=true  running‐acc=0.692
Locality eval: pred=n/a               gold=n/a  correct=True  running‐acc=0.966
[ 238/600] loss=12.4538  pred=n/a    gold=n/a  running‐acc=0.693
Locality eval: pred=true              gold=true  correct=True  running‐acc=0.966
[ 239/600] loss=11.5674  pred=n/a    gold=n/a  running‐acc=0.695
Locality eval: pred=true              gold=true  correct=True  running‐acc=0.967
[ 240/600] loss=18.3882  pred=true   gold=true  running‐acc=0.696
Locality eval: pred=n/a               gold=n/a  correct=True  running‐acc=0.967
[ 241/600] loss=11.8187  pred=n/a    gold=n/a  running‐acc=0.697
Locality eval: pred=true              gold=true  correct=True  running‐acc=0.967
[ 242/600] loss=11.9347  pred=false  gold=n/a  running‐acc=0.694
Locality eval: pred=true              gold=true  correct=True  running‐acc=0.967
[ 243/600] loss=11.4373  pred=n/a    gold=n/a  running‐acc=0.695
Locality eval: pred=true.             gold=true  correct=True  running‐acc=0.967
[ 244/600] loss=16.0303  pred=true   gold=true  running‐acc=0.697
Locality eval: pred=n/a               gold=n/a  correct=True  running‐acc=0.967
[ 245/600] loss=16.1778  pred=false  gold=true  running‐acc=0.694
Locality eval: pred=n/a               gold=n/a  correct=True  running‐acc=0.967
[ 246/600] loss=16.0834  pred=true.  gold=true  running‐acc=0.695
Locality eval: pred=n/a               gold=n/a  correct=True  running‐acc=0.967
[ 247/600] loss=16.0276  pred=n/a    gold=true  running‐acc=0.692
Locality eval: pred=n/a               gold=n/a  correct=True  running‐acc=0.968
[ 248/600] loss=17.4496  pred=n/a    gold=true  running‐acc=0.690
Locality eval: pred=n/a               gold=n/a  correct=True  running‐acc=0.968
[ 249/600] loss=11.2006  pred=n/a    gold=n/a  running‐acc=0.691
Locality eval: pred=true              gold=true  correct=True  running‐acc=0.968
[ 250/600] loss=14.9865  pred=true   gold=true  running‐acc=0.692
Locality eval: pred=n/a               gold=n/a  correct=True  running‐acc=0.968
[ 251/600] loss=11.2003  pred=true   gold=n/a  running‐acc=0.689
Locality eval: pred=true              gold=true  correct=True  running‐acc=0.968
[ 252/600] loss=11.9341  pred=n/a    gold=n/a  running‐acc=0.690
Locality eval: pred=true              gold=true  correct=True  running‐acc=0.968
[ 253/600] loss=15.9065  pred=true   gold=true  running‐acc=0.692
Locality eval: pred=n/a               gold=n/a  correct=True  running‐acc=0.968
[ 254/600] loss=18.2146  pred=true.  gold=true  running‐acc=0.693
Locality eval: pred=false             gold=n/a  correct=False  running‐acc=0.965
[ 255/600] loss=13.1141  pred=n/a    gold=n/a  running‐acc=0.694
Locality eval: pred=true              gold=true  correct=True  running‐acc=0.965
[ 256/600] loss=11.6280  pred=n/a    gold=n/a  running‐acc=0.695
Locality eval: pred=true              gold=true  correct=True  running‐acc=0.965
[ 257/600] loss=11.0897  pred=n/a    gold=n/a  running‐acc=0.696
Locality eval: pred=true              gold=true  correct=True  running‐acc=0.965
[ 258/600] loss=11.6032  pred=n/a    gold=n/a  running‐acc=0.698
Locality eval: pred=true              gold=true  correct=True  running‐acc=0.965
[ 259/600] loss=15.4454  pred=n/a    gold=true  running‐acc=0.695
Locality eval: pred=n/a               gold=n/a  correct=True  running‐acc=0.965
[ 260/600] loss=17.0772  pred=true   gold=true  running‐acc=0.696
Locality eval: pred=n/a               gold=n/a  correct=True  running‐acc=0.965
[ 261/600] loss=16.9160  pred=true   gold=true  running‐acc=0.697
Locality eval: pred=true              gold=n/a  correct=False  running‐acc=0.962
[ 262/600] loss=15.1674  pred=true   gold=true  running‐acc=0.698
Locality eval: pred=n/a               gold=n/a  correct=True  running‐acc=0.962
[ 263/600] loss=11.7590  pred=n/a    gold=n/a  running‐acc=0.700
Locality eval: pred=true              gold=true  correct=True  running‐acc=0.962
[ 264/600] loss=12.5056  pred=n/a    gold=n/a  running‐acc=0.701
Locality eval: pred=true              gold=true  correct=True  running‐acc=0.962
[ 265/600] loss=17.3323  pred=n/a    gold=true  running‐acc=0.698
Locality eval: pred=n/a               gold=n/a  correct=True  running‐acc=0.962
[ 266/600] loss=11.2842  pred=n/a    gold=n/a  running‐acc=0.699
Locality eval: pred=true              gold=true  correct=True  running‐acc=0.962
[ 267/600] loss=11.8305  pred=n/a    gold=n/a  running‐acc=0.700
Locality eval: pred=true              gold=true  correct=True  running‐acc=0.963
[ 268/600] loss=16.0476  pred=true   gold=true  running‐acc=0.701
Locality eval: pred=n/a               gold=n/a  correct=True  running‐acc=0.963
[ 269/600] loss=12.5262  pred=n/a    gold=n/a  running‐acc=0.703
Locality eval: pred=true              gold=true  correct=True  running‐acc=0.963
[ 270/600] loss=15.3513  pred=n/a    gold=true  running‐acc=0.700
Locality eval: pred=n/a               gold=n/a  correct=True  running‐acc=0.963
[ 271/600] loss=11.0889  pred=n/a    gold=n/a  running‐acc=0.701
Locality eval: pred=true              gold=true  correct=True  running‐acc=0.963
[ 272/600] loss=16.4258  pred=false  gold=true  running‐acc=0.699
Locality eval: pred=n/a               gold=n/a  correct=True  running‐acc=0.963
[ 273/600] loss=11.9976  pred=n/a    gold=n/a  running‐acc=0.700
Locality eval: pred=true              gold=true  correct=True  running‐acc=0.963
[ 274/600] loss=12.0884  pred=n/a    gold=n/a  running‐acc=0.701
Locality eval: pred=true              gold=true  correct=True  running‐acc=0.964
[ 275/600] loss=16.8825  pred=true   gold=true  running‐acc=0.702
Locality eval: pred=n/a               gold=n/a  correct=True  running‐acc=0.964
[ 276/600] loss=12.3737  pred=false  gold=n/a  running‐acc=0.699
Locality eval: pred=true              gold=true  correct=True  running‐acc=0.964
[ 277/600] loss=15.7320  pred=false  gold=true  running‐acc=0.697
Locality eval: pred=n/a               gold=n/a  correct=True  running‐acc=0.964
[ 278/600] loss=11.6584  pred=false  gold=n/a  running‐acc=0.694
Locality eval: pred=true              gold=true  correct=True  running‐acc=0.964
[ 279/600] loss=15.7206  pred=true.  gold=true  running‐acc=0.695
Locality eval: pred=n/a               gold=n/a  correct=True  running‐acc=0.964
[ 280/600] loss=11.2479  pred=n/a    gold=n/a  running‐acc=0.696
Locality eval: pred=true              gold=true  correct=True  running‐acc=0.964
[ 281/600] loss=15.9500  pred=true   gold=true  running‐acc=0.698
Locality eval: pred=n/a               gold=n/a  correct=True  running‐acc=0.964
[ 282/600] loss=17.3864  pred=false  gold=true  running‐acc=0.695
Locality eval: pred=n/a               gold=n/a  correct=True  running‐acc=0.965
[ 283/600] loss=12.2605  pred=n/a    gold=n/a  running‐acc=0.696
Locality eval: pred=true              gold=true  correct=True  running‐acc=0.965
[ 284/600] loss=10.9649  pred=n/a    gold=n/a  running‐acc=0.697
Locality eval: pred=true              gold=true  correct=True  running‐acc=0.965
[ 285/600] loss=15.5107  pred=true   gold=true  running‐acc=0.698
Locality eval: pred=n/a               gold=n/a  correct=True  running‐acc=0.965
[ 286/600] loss=12.0837  pred=n/a    gold=n/a  running‐acc=0.699
Locality eval: pred=true              gold=true  correct=True  running‐acc=0.965
[ 287/600] loss=11.2710  pred=n/a    gold=n/a  running‐acc=0.700
Locality eval: pred=true              gold=true  correct=True  running‐acc=0.965
[ 288/600] loss=16.1656  pred=false  gold=true  running‐acc=0.698
Locality eval: pred=n/a               gold=n/a  correct=True  running‐acc=0.965
[ 289/600] loss=17.1252  pred=n/a    gold=true  running‐acc=0.696
Locality eval: pred=n/a               gold=n/a  correct=True  running‐acc=0.965
[ 290/600] loss=11.2341  pred=n/a    gold=n/a  running‐acc=0.697
Locality eval: pred=true              gold=true  correct=True  running‐acc=0.966
[ 291/600] loss=15.7177  pred=false  gold=true  running‐acc=0.694
Locality eval: pred=n/a               gold=n/a  correct=True  running‐acc=0.966
[ 292/600] loss=16.6885  pred=true   gold=true  running‐acc=0.695
Locality eval: pred=n/a               gold=n/a  correct=True  running‐acc=0.966
[ 293/600] loss=15.4764  pred=true   gold=true  running‐acc=0.696
Locality eval: pred=n/a               gold=n/a  correct=True  running‐acc=0.966
[ 294/600] loss=16.6123  pred=true   gold=true  running‐acc=0.697
Locality eval: pred=n/a               gold=n/a  correct=True  running‐acc=0.966
[ 295/600] loss=11.8965  pred=true   gold=n/a  running‐acc=0.695
Locality eval: pred=true              gold=true  correct=True  running‐acc=0.966
[ 296/600] loss=11.8004  pred=true   gold=n/a  running‐acc=0.693
Locality eval: pred=true              gold=true  correct=True  running‐acc=0.966
[ 297/600] loss=16.5702  pred=false  gold=true  running‐acc=0.690
Locality eval: pred=n/a               gold=n/a  correct=True  running‐acc=0.966
[ 298/600] loss=15.7199  pred=true   gold=true  running‐acc=0.691
Locality eval: pred=n/a               gold=n/a  correct=True  running‐acc=0.966
[ 299/600] loss=11.0261  pred=n/a    gold=n/a  running‐acc=0.692
Locality eval: pred=true              gold=true  correct=True  running‐acc=0.967
[ 300/600] loss=11.0928  pred=n/a    gold=n/a  running‐acc=0.693
Locality eval: pred=true              gold=true  correct=True  running‐acc=0.967
[ 301/600] loss=16.1997  pred=true   gold=true  running‐acc=0.694
Locality eval: pred=n/a               gold=n/a  correct=True  running‐acc=0.967
[ 302/600] loss=16.0910  pred=true   gold=true  running‐acc=0.695
Locality eval: pred=n/a               gold=n/a  correct=True  running‐acc=0.967
[ 303/600] loss=15.6315  pred=true   gold=true  running‐acc=0.696
Locality eval: pred=n/a               gold=n/a  correct=True  running‐acc=0.967
[ 304/600] loss=16.2637  pred=false  gold=true  running‐acc=0.694
Locality eval: pred=n/a               gold=n/a  correct=True  running‐acc=0.967
[ 305/600] loss=16.0839  pred=false  gold=true  running‐acc=0.692
Locality eval: pred=n/a               gold=n/a  correct=True  running‐acc=0.967
[ 306/600] loss=15.7633  pred=false  gold=true  running‐acc=0.690
Locality eval: pred=n/a               gold=n/a  correct=True  running‐acc=0.967
[ 307/600] loss=18.4479  pred=true   gold=true  running‐acc=0.691
Locality eval: pred=n/a               gold=n/a  correct=True  running‐acc=0.967
[ 308/600] loss=16.3884  pred=true   gold=true  running‐acc=0.692
Locality eval: pred=n/a               gold=n/a  correct=True  running‐acc=0.968
[ 309/600] loss=16.2341  pred=true   gold=true  running‐acc=0.693
Locality eval: pred=n/a               gold=n/a  correct=True  running‐acc=0.968
[ 310/600] loss=11.2211  pred=false  gold=n/a  running‐acc=0.690
Locality eval: pred=true              gold=true  correct=True  running‐acc=0.968
[ 311/600] loss=16.8407  pred=true   gold=true  running‐acc=0.691
Locality eval: pred=n/a               gold=n/a  correct=True  running‐acc=0.968
[ 312/600] loss=16.1675  pred=true   gold=true  running‐acc=0.692
Locality eval: pred=n/a               gold=n/a  correct=True  running‐acc=0.968
[ 313/600] loss=10.4517  pred=true   gold=n/a  running‐acc=0.690
Locality eval: pred=true              gold=true  correct=True  running‐acc=0.968
[ 314/600] loss=11.5499  pred=n/a    gold=n/a  running‐acc=0.691
Locality eval: pred=true              gold=true  correct=True  running‐acc=0.968
[ 315/600] loss=11.5125  pred=true   gold=n/a  running‐acc=0.689
Locality eval: pred=true              gold=true  correct=True  running‐acc=0.968
[ 316/600] loss=16.8868  pred=true   gold=true  running‐acc=0.690
Locality eval: pred=n/a               gold=n/a  correct=True  running‐acc=0.968
[ 317/600] loss=16.9288  pred=true   gold=true  running‐acc=0.691
Locality eval: pred=n/a               gold=n/a  correct=True  running‐acc=0.968
[ 318/600] loss=16.7006  pred=true   gold=true  running‐acc=0.692
Locality eval: pred=n/a               gold=n/a  correct=True  running‐acc=0.969
[ 319/600] loss=11.4578  pred=n/a    gold=n/a  running‐acc=0.693
Locality eval: pred=true              gold=true  correct=True  running‐acc=0.969
[ 320/600] loss=11.9023  pred=false  gold=n/a  running‐acc=0.691
Locality eval: pred=true              gold=true  correct=True  running‐acc=0.969
[ 321/600] loss=16.6130  pred=false  gold=true  running‐acc=0.688
Locality eval: pred=n/a               gold=n/a  correct=True  running‐acc=0.969
[ 322/600] loss=17.1999  pred=true   gold=true  running‐acc=0.689
Locality eval: pred=n/a               gold=n/a  correct=True  running‐acc=0.969
[ 323/600] loss=11.6701  pred=false  gold=n/a  running‐acc=0.687
Locality eval: pred=true              gold=true  correct=True  running‐acc=0.969
[ 324/600] loss=12.1604  pred=n/a    gold=n/a  running‐acc=0.688
Locality eval: pred=true              gold=true  correct=True  running‐acc=0.969
[ 325/600] loss=16.1968  pred=n/a    gold=true  running‐acc=0.686
Locality eval: pred=n/a               gold=n/a  correct=True  running‐acc=0.969
[ 326/600] loss=12.6072  pred=n/a    gold=n/a  running‐acc=0.687
Locality eval: pred=true              gold=true  correct=True  running‐acc=0.969
[ 327/600] loss=16.9725  pred=n/a    gold=true  running‐acc=0.685
Locality eval: pred=n/a               gold=n/a  correct=True  running‐acc=0.969
[ 328/600] loss=11.3354  pred=true   gold=n/a  running‐acc=0.683
Locality eval: pred=true              gold=true  correct=True  running‐acc=0.970
[ 329/600] loss=14.9337  pred=n/a    gold=true  running‐acc=0.681
Locality eval: pred=n/a               gold=n/a  correct=True  running‐acc=0.970
[ 330/600] loss=10.3352  pred=false  gold=n/a  running‐acc=0.679
Locality eval: pred=true              gold=true  correct=True  running‐acc=0.970
[ 331/600] loss=18.3534  pred=true.  gold=true  running‐acc=0.680
Locality eval: pred=n/a               gold=n/a  correct=True  running‐acc=0.970
[ 332/600] loss=11.5831  pred=true   gold=n/a  running‐acc=0.678
Locality eval: pred=true              gold=true  correct=True  running‐acc=0.970
[ 333/600] loss=16.1432  pred=true.  gold=true  running‐acc=0.679
Locality eval: pred=n/a               gold=n/a  correct=True  running‐acc=0.970
[ 334/600] loss=12.1038  pred=n/a    gold=n/a  running‐acc=0.680
Locality eval: pred=true              gold=true  correct=True  running‐acc=0.970
[ 335/600] loss=19.3524  pred=true   gold=true  running‐acc=0.681
Locality eval: pred=n/a               gold=n/a  correct=True  running‐acc=0.970
[ 336/600] loss=12.5497  pred=false  gold=n/a  running‐acc=0.679
Locality eval: pred=n/a               gold=true  correct=False  running‐acc=0.967
[ 337/600] loss=11.7672  pred=n/a    gold=n/a  running‐acc=0.680
Locality eval: pred=true              gold=true  correct=True  running‐acc=0.967
[ 338/600] loss=10.3900  pred=true   gold=n/a  running‐acc=0.678
Locality eval: pred=true              gold=true  correct=True  running‐acc=0.967
[ 339/600] loss=12.5238  pred=n/a    gold=n/a  running‐acc=0.678
Locality eval: pred=true              gold=true  correct=True  running‐acc=0.968
[ 340/600] loss=11.2752  pred=false  gold=n/a  running‐acc=0.676
Locality eval: pred=true              gold=true  correct=True  running‐acc=0.968
[ 341/600] loss=15.5225  pred=true   gold=true  running‐acc=0.677
Locality eval: pred=n/a               gold=n/a  correct=True  running‐acc=0.968
[ 342/600] loss=16.5288  pred=true   gold=true  running‐acc=0.678
Locality eval: pred=n/a               gold=n/a  correct=True  running‐acc=0.968
[ 343/600] loss=10.1263  pred=false  gold=n/a  running‐acc=0.676
Locality eval: pred=true              gold=true  correct=True  running‐acc=0.968
[ 344/600] loss=16.1246  pred=true   gold=true  running‐acc=0.677
Locality eval: pred=n/a               gold=n/a  correct=True  running‐acc=0.968
[ 345/600] loss=9.0693  pred=true   gold=n/a  running‐acc=0.675
Locality eval: pred=true              gold=true  correct=True  running‐acc=0.968
[ 346/600] loss=16.0161  pred=true   gold=true  running‐acc=0.676
Locality eval: pred=n/a               gold=n/a  correct=True  running‐acc=0.968
[ 347/600] loss=10.3099  pred=false  gold=n/a  running‐acc=0.674
Locality eval: pred=true.             gold=true  correct=True  running‐acc=0.968
[ 348/600] loss=11.6677  pred=false  gold=n/a  running‐acc=0.672
Locality eval: pred=true              gold=true  correct=True  running‐acc=0.968
[ 349/600] loss=11.6028  pred=n/a    gold=n/a  running‐acc=0.673
Locality eval: pred=true              gold=true  correct=True  running‐acc=0.968
[ 350/600] loss=10.6314  pred=n/a    gold=n/a  running‐acc=0.674
Locality eval: pred=true              gold=true  correct=True  running‐acc=0.969
[ 351/600] loss=11.2711  pred=n/a    gold=n/a  running‐acc=0.675
Locality eval: pred=true              gold=true  correct=True  running‐acc=0.969
[ 352/600] loss=10.9608  pred=true   gold=n/a  running‐acc=0.673
Locality eval: pred=true              gold=true  correct=True  running‐acc=0.969
[ 353/600] loss=12.0906  pred=n/a    gold=n/a  running‐acc=0.674
Locality eval: pred=true              gold=true  correct=True  running‐acc=0.969
[ 354/600] loss=16.6960  pred=true   gold=true  running‐acc=0.675
Locality eval: pred=n/a               gold=n/a  correct=True  running‐acc=0.969
[ 355/600] loss=15.0936  pred=true   gold=true  running‐acc=0.676
Locality eval: pred=n/a               gold=n/a  correct=True  running‐acc=0.969
[ 356/600] loss=16.0250  pred=n/a    gold=true  running‐acc=0.674
Locality eval: pred=n/a               gold=n/a  correct=True  running‐acc=0.969
[ 357/600] loss=15.6809  pred=true   gold=true  running‐acc=0.675
Locality eval: pred=n/a               gold=n/a  correct=True  running‐acc=0.969
[ 358/600] loss=16.3153  pred=n/a    gold=true  running‐acc=0.673
Locality eval: pred=n/a               gold=n/a  correct=True  running‐acc=0.969
[ 359/600] loss=16.8962  pred=true   gold=true  running‐acc=0.674
Locality eval: pred=n/a               gold=n/a  correct=True  running‐acc=0.969
[ 360/600] loss=11.3617  pred=n/a    gold=n/a  running‐acc=0.675
Locality eval: pred=true              gold=true  correct=True  running‐acc=0.969
[ 361/600] loss=16.6826  pred=true   gold=true  running‐acc=0.676
Locality eval: pred=n/a               gold=n/a  correct=True  running‐acc=0.970
[ 362/600] loss=16.4238  pred=true   gold=true  running‐acc=0.677
Locality eval: pred=n/a               gold=n/a  correct=True  running‐acc=0.970
[ 363/600] loss=11.5353  pred=n/a    gold=n/a  running‐acc=0.678
Locality eval: pred=true              gold=true  correct=True  running‐acc=0.970
[ 364/600] loss=18.4032  pred=true   gold=true  running‐acc=0.679
Locality eval: pred=n/a               gold=n/a  correct=True  running‐acc=0.970
[ 365/600] loss=17.3428  pred=true   gold=true  running‐acc=0.679
Locality eval: pred=n/a               gold=n/a  correct=True  running‐acc=0.970
[ 366/600] loss=12.5571  pred=false  gold=n/a  running‐acc=0.678
Locality eval: pred=true              gold=true  correct=True  running‐acc=0.970
[ 367/600] loss=11.4209  pred=false  gold=n/a  running‐acc=0.676
Locality eval: pred=true              gold=true  correct=True  running‐acc=0.970
[ 368/600] loss=16.0560  pred=true   gold=true  running‐acc=0.677
Locality eval: pred=n/a               gold=n/a  correct=True  running‐acc=0.970
[ 369/600] loss=11.6058  pred=n/a    gold=n/a  running‐acc=0.678
Locality eval: pred=true              gold=true  correct=True  running‐acc=0.970
[ 370/600] loss=11.5072  pred=n/a    gold=n/a  running‐acc=0.678
Locality eval: pred=true              gold=true  correct=True  running‐acc=0.970
[ 371/600] loss=16.3524  pred=n/a    gold=true  running‐acc=0.677
Locality eval: pred=n/a               gold=n/a  correct=True  running‐acc=0.970
[ 372/600] loss=15.5002  pred=n/a    gold=true  running‐acc=0.675
Locality eval: pred=n/a               gold=n/a  correct=True  running‐acc=0.970
[ 373/600] loss=16.1640  pred=true   gold=true  running‐acc=0.676
Locality eval: pred=n/a               gold=n/a  correct=True  running‐acc=0.971
[ 374/600] loss=11.6375  pred=n/a    gold=n/a  running‐acc=0.676
Locality eval: pred=true              gold=true  correct=True  running‐acc=0.971
[ 375/600] loss=15.3479  pred=true   gold=true  running‐acc=0.677
Locality eval: pred=n/a               gold=n/a  correct=True  running‐acc=0.971
[ 376/600] loss=15.8749  pred=true   gold=true  running‐acc=0.678
Locality eval: pred=n/a               gold=n/a  correct=True  running‐acc=0.971
[ 377/600] loss=15.4999  pred=n/a    gold=true  running‐acc=0.676
Locality eval: pred=n/a               gold=n/a  correct=True  running‐acc=0.971
[ 378/600] loss=15.9657  pred=true   gold=true  running‐acc=0.677
Locality eval: pred=n/a               gold=n/a  correct=True  running‐acc=0.971
[ 379/600] loss=16.4898  pred=true   gold=true  running‐acc=0.678
Locality eval: pred=n/a               gold=n/a  correct=True  running‐acc=0.971
[ 380/600] loss=15.5088  pred=true   gold=true  running‐acc=0.679
Locality eval: pred=n/a               gold=n/a  correct=True  running‐acc=0.971
[ 381/600] loss=11.9720  pred=n/a    gold=n/a  running‐acc=0.680
Locality eval: pred=true              gold=true  correct=True  running‐acc=0.971
[ 382/600] loss=12.4846  pred=n/a    gold=n/a  running‐acc=0.681
Locality eval: pred=true              gold=true  correct=True  running‐acc=0.971
[ 383/600] loss=10.9844  pred=true   gold=n/a  running‐acc=0.679
Locality eval: pred=true              gold=true  correct=True  running‐acc=0.971
[ 384/600] loss=11.7081  pred=false  gold=n/a  running‐acc=0.677
Locality eval: pred=true              gold=true  correct=True  running‐acc=0.971
[ 385/600] loss=18.6345  pred=false  gold=true  running‐acc=0.675
Locality eval: pred=n/a               gold=n/a  correct=True  running‐acc=0.971
[ 386/600] loss=15.7229  pred=true   gold=true  running‐acc=0.676
Locality eval: pred=n/a               gold=n/a  correct=True  running‐acc=0.972
[ 387/600] loss=12.3933  pred=n/a    gold=n/a  running‐acc=0.677
Locality eval: pred=true              gold=true  correct=True  running‐acc=0.972
[ 388/600] loss=16.2772  pred=true   gold=true  running‐acc=0.678
Locality eval: pred=n/a               gold=n/a  correct=True  running‐acc=0.972
[ 389/600] loss=11.4927  pred=n/a    gold=n/a  running‐acc=0.679
Locality eval: pred=true              gold=true  correct=True  running‐acc=0.972
[ 390/600] loss=15.5131  pred=true   gold=true  running‐acc=0.679
Locality eval: pred=n/a               gold=n/a  correct=True  running‐acc=0.972
[ 391/600] loss=15.8725  pred=true   gold=true  running‐acc=0.680
Locality eval: pred=n/a               gold=n/a  correct=True  running‐acc=0.972
[ 392/600] loss=11.1934  pred=n/a    gold=n/a  running‐acc=0.681
Locality eval: pred=true              gold=true  correct=True  running‐acc=0.972
[ 393/600] loss=11.4890  pred=false  gold=n/a  running‐acc=0.679
Locality eval: pred=true.             gold=true  correct=True  running‐acc=0.972
[ 394/600] loss=11.5919  pred=n/a    gold=n/a  running‐acc=0.680
Locality eval: pred=true              gold=true  correct=True  running‐acc=0.972
[ 395/600] loss=17.2602  pred=true   gold=true  running‐acc=0.681
Locality eval: pred=n/a               gold=n/a  correct=True  running‐acc=0.972
[ 396/600] loss=17.4629  pred=true   gold=true  running‐acc=0.682
Locality eval: pred=n/a               gold=n/a  correct=True  running‐acc=0.972
[ 397/600] loss=12.4378  pred=n/a    gold=n/a  running‐acc=0.683
Locality eval: pred=true              gold=true  correct=True  running‐acc=0.972
[ 398/600] loss=16.2568  pred=true   gold=true  running‐acc=0.683
Locality eval: pred=n/a               gold=n/a  correct=True  running‐acc=0.972
[ 399/600] loss=11.6180  pred=false  gold=n/a  running‐acc=0.682
Locality eval: pred=true              gold=true  correct=True  running‐acc=0.972
[ 400/600] loss=15.4391  pred=false  gold=true  running‐acc=0.680
Locality eval: pred=n/a               gold=n/a  correct=True  running‐acc=0.973
[ 401/600] loss=18.0237  pred=false  gold=true  running‐acc=0.678
Locality eval: pred=n/a               gold=n/a  correct=True  running‐acc=0.973
[ 402/600] loss=12.9582  pred=n/a    gold=n/a  running‐acc=0.679
Locality eval: pred=true              gold=true  correct=True  running‐acc=0.973
[ 403/600] loss=18.3698  pred=false  gold=true  running‐acc=0.677
Locality eval: pred=n/a               gold=n/a  correct=True  running‐acc=0.973
[ 404/600] loss=19.9462  pred=false  gold=true  running‐acc=0.676
Locality eval: pred=n/a               gold=n/a  correct=True  running‐acc=0.973
[ 405/600] loss=10.9814  pred=false  gold=n/a  running‐acc=0.674
Locality eval: pred=true              gold=true  correct=True  running‐acc=0.973
[ 406/600] loss=10.9160  pred=n/a    gold=n/a  running‐acc=0.675
Locality eval: pred=true              gold=true  correct=True  running‐acc=0.973
[ 407/600] loss=16.0217  pred=true.  gold=true  running‐acc=0.676
Locality eval: pred=n/a               gold=n/a  correct=True  running‐acc=0.973
[ 408/600] loss=12.5458  pred=true   gold=n/a  running‐acc=0.674
Locality eval: pred=true              gold=true  correct=True  running‐acc=0.973
[ 409/600] loss=16.7853  pred=false  gold=true  running‐acc=0.672
Locality eval: pred=n/a               gold=n/a  correct=True  running‐acc=0.973
[ 410/600] loss=11.6534  pred=false  gold=n/a  running‐acc=0.671
Locality eval: pred=true              gold=true  correct=True  running‐acc=0.973
[ 411/600] loss=15.8824  pred=true   gold=true  running‐acc=0.672
Locality eval: pred=n/a               gold=n/a  correct=True  running‐acc=0.973
[ 412/600] loss=16.2643  pred=n/a    gold=true  running‐acc=0.670
Locality eval: pred=n/a               gold=n/a  correct=True  running‐acc=0.973
[ 413/600] loss=16.2096  pred=false  gold=true  running‐acc=0.668
Locality eval: pred=n/a               gold=n/a  correct=True  running‐acc=0.973
[ 414/600] loss=16.8975  pred=n/a    gold=true  running‐acc=0.667
Locality eval: pred=n/a               gold=n/a  correct=True  running‐acc=0.973
[ 415/600] loss=11.1364  pred=false  gold=n/a  running‐acc=0.665
Locality eval: pred=true.             gold=true  correct=True  running‐acc=0.973
[ 416/600] loss=16.3374  pred=false  gold=true  running‐acc=0.663
Locality eval: pred=n/a               gold=n/a  correct=True  running‐acc=0.974
[ 417/600] loss=12.2009  pred=n/a    gold=n/a  running‐acc=0.664
Locality eval: pred=true              gold=true  correct=True  running‐acc=0.974
[ 418/600] loss=12.0867  pred=false  gold=n/a  running‐acc=0.663
Locality eval: pred=true              gold=true  correct=True  running‐acc=0.974
[ 419/600] loss=16.1012  pred=true   gold=true  running‐acc=0.663
Locality eval: pred=n/a               gold=n/a  correct=True  running‐acc=0.974
[ 420/600] loss=16.1714  pred=false  gold=true  running‐acc=0.662
Locality eval: pred=n/a               gold=n/a  correct=True  running‐acc=0.974
[ 421/600] loss=15.3940  pred=true   gold=true  running‐acc=0.663
Locality eval: pred=n/a               gold=n/a  correct=True  running‐acc=0.974
[ 422/600] loss=17.0276  pred=true   gold=true  running‐acc=0.664
Locality eval: pred=n/a               gold=n/a  correct=True  running‐acc=0.974
[ 423/600] loss=15.5860  pred=true   gold=true  running‐acc=0.664
Locality eval: pred=n/a               gold=n/a  correct=True  running‐acc=0.974
[ 424/600] loss=11.8566  pred=n/a    gold=n/a  running‐acc=0.665
Locality eval: pred=true              gold=true  correct=True  running‐acc=0.974
[ 425/600] loss=11.9112  pred=false  gold=n/a  running‐acc=0.664
Locality eval: pred=true              gold=true  correct=True  running‐acc=0.974
[ 426/600] loss=11.6972  pred=n/a    gold=n/a  running‐acc=0.664
Locality eval: pred=true              gold=true  correct=True  running‐acc=0.974
[ 427/600] loss=16.3615  pred=n/a    gold=true  running‐acc=0.663
Locality eval: pred=n/a               gold=n/a  correct=True  running‐acc=0.974
[ 428/600] loss=16.5704  pred=true   gold=true  running‐acc=0.664
Locality eval: pred=n/a               gold=n/a  correct=True  running‐acc=0.974
[ 429/600] loss=15.8877  pred=true   gold=true  running‐acc=0.664
Locality eval: pred=n/a               gold=n/a  correct=True  running‐acc=0.974
[ 430/600] loss=10.5799  pred=false  gold=n/a  running‐acc=0.663
Locality eval: pred=true              gold=true  correct=True  running‐acc=0.974
[ 431/600] loss=18.6861  pred=n/a    gold=true  running‐acc=0.661
Locality eval: pred=n/a               gold=n/a  correct=True  running‐acc=0.974
[ 432/600] loss=17.0099  pred=true   gold=true  running‐acc=0.662
Locality eval: pred=n/a               gold=n/a  correct=True  running‐acc=0.975
[ 433/600] loss=15.9778  pred=n/a    gold=true  running‐acc=0.661
Locality eval: pred=n/a               gold=n/a  correct=True  running‐acc=0.975
[ 434/600] loss=10.9101  pred=n/a    gold=n/a  running‐acc=0.661
Locality eval: pred=true              gold=true  correct=True  running‐acc=0.975
[ 435/600] loss=11.4802  pred=false  gold=n/a  running‐acc=0.660
Locality eval: pred=true              gold=true  correct=True  running‐acc=0.975
[ 436/600] loss=15.9321  pred=true   gold=true  running‐acc=0.661
Locality eval: pred=n/a               gold=n/a  correct=True  running‐acc=0.975
[ 437/600] loss=16.1620  pred=true   gold=true  running‐acc=0.661
Locality eval: pred=n/a               gold=n/a  correct=True  running‐acc=0.975
[ 438/600] loss=11.6795  pred=n/a    gold=n/a  running‐acc=0.662
Locality eval: pred=true              gold=true  correct=True  running‐acc=0.975
[ 439/600] loss=11.8864  pred=n/a    gold=n/a  running‐acc=0.663
Locality eval: pred=true              gold=true  correct=True  running‐acc=0.975
[ 440/600] loss=15.9271  pred=true   gold=true  running‐acc=0.664
Locality eval: pred=n/a               gold=n/a  correct=True  running‐acc=0.975
[ 441/600] loss=11.9045  pred=n/a    gold=n/a  running‐acc=0.664
Locality eval: pred=true              gold=true  correct=True  running‐acc=0.975
[ 442/600] loss=16.3670  pred=true   gold=true  running‐acc=0.665
Locality eval: pred=n/a               gold=n/a  correct=True  running‐acc=0.975
[ 443/600] loss=15.9379  pred=n/a    gold=true  running‐acc=0.664
Locality eval: pred=n/a               gold=n/a  correct=True  running‐acc=0.975
[ 444/600] loss=15.1349  pred=true   gold=true  running‐acc=0.664
Locality eval: pred=n/a               gold=n/a  correct=True  running‐acc=0.975
[ 445/600] loss=15.7316  pred=true   gold=true  running‐acc=0.665
Locality eval: pred=n/a               gold=n/a  correct=True  running‐acc=0.975
[ 446/600] loss=16.1600  pred=true   gold=true  running‐acc=0.666
Locality eval: pred=n/a               gold=n/a  correct=True  running‐acc=0.975
[ 447/600] loss=14.6719  pred=n/a    gold=true  running‐acc=0.664
Locality eval: pred=n/a               gold=n/a  correct=True  running‐acc=0.975
[ 448/600] loss=14.4344  pred=true   gold=true  running‐acc=0.665
Locality eval: pred=n/a               gold=n/a  correct=True  running‐acc=0.975
[ 449/600] loss=18.1993  pred=false  gold=true  running‐acc=0.664
Locality eval: pred=n/a               gold=n/a  correct=True  running‐acc=0.976
[ 450/600] loss=11.4263  pred=n/a    gold=n/a  running‐acc=0.664
Locality eval: pred=true              gold=true  correct=True  running‐acc=0.976
[ 451/600] loss=17.3422  pred=false  gold=true  running‐acc=0.663
Locality eval: pred=n/a               gold=n/a  correct=True  running‐acc=0.976
[ 452/600] loss=11.8824  pred=n/a    gold=n/a  running‐acc=0.664
Locality eval: pred=true              gold=true  correct=True  running‐acc=0.976
[ 453/600] loss=11.6638  pred=n/a    gold=n/a  running‐acc=0.664
Locality eval: pred=true              gold=true  correct=True  running‐acc=0.976
[ 454/600] loss=10.2681  pred=false  gold=n/a  running‐acc=0.663
Locality eval: pred=true              gold=true  correct=True  running‐acc=0.976
[ 455/600] loss=16.5106  pred=true.  gold=true  running‐acc=0.664
Locality eval: pred=n/a               gold=n/a  correct=True  running‐acc=0.976
[ 456/600] loss=10.4021  pred=false  gold=n/a  running‐acc=0.662
Locality eval: pred=true              gold=true  correct=True  running‐acc=0.976
[ 457/600] loss=10.9563  pred=false  gold=n/a  running‐acc=0.661
Locality eval: pred=true              gold=true  correct=True  running‐acc=0.976
[ 458/600] loss=12.4899  pred=n/a    gold=n/a  running‐acc=0.662
Locality eval: pred=true              gold=true  correct=True  running‐acc=0.976
[ 459/600] loss=15.5212  pred=true   gold=true  running‐acc=0.662
Locality eval: pred=n/a               gold=n/a  correct=True  running‐acc=0.976
[ 460/600] loss=15.2804  pred=true   gold=true  running‐acc=0.663
Locality eval: pred=n/a               gold=n/a  correct=True  running‐acc=0.976
[ 461/600] loss=12.4447  pred=n/a    gold=n/a  running‐acc=0.664
Locality eval: pred=true              gold=true  correct=True  running‐acc=0.976
[ 462/600] loss=9.0559  pred=n/a    gold=n/a  running‐acc=0.665
Locality eval: pred=true              gold=true  correct=True  running‐acc=0.976
[ 463/600] loss=16.7655  pred=true   gold=true  running‐acc=0.665
Locality eval: pred=n/a               gold=n/a  correct=True  running‐acc=0.976
[ 464/600] loss=12.5661  pred=n/a    gold=n/a  running‐acc=0.666
Locality eval: pred=true              gold=true  correct=True  running‐acc=0.976
[ 465/600] loss=11.7223  pred=n/a    gold=n/a  running‐acc=0.667
Locality eval: pred=true              gold=true  correct=True  running‐acc=0.976
[ 466/600] loss=10.8294  pred=n/a    gold=n/a  running‐acc=0.667
Locality eval: pred=true              gold=true  correct=True  running‐acc=0.976
[ 467/600] loss=11.6676  pred=n/a    gold=n/a  running‐acc=0.668
Locality eval: pred=true              gold=true  correct=True  running‐acc=0.976
[ 468/600] loss=11.7370  pred=n/a    gold=n/a  running‐acc=0.669
Locality eval: pred=true              gold=true  correct=True  running‐acc=0.976
[ 469/600] loss=15.9977  pred=true   gold=true  running‐acc=0.670
Locality eval: pred=n/a               gold=n/a  correct=True  running‐acc=0.977
[ 470/600] loss=11.3250  pred=false  gold=n/a  running‐acc=0.668
Locality eval: pred=true              gold=true  correct=True  running‐acc=0.977
[ 471/600] loss=12.0805  pred=n/a    gold=n/a  running‐acc=0.669
Locality eval: pred=true              gold=true  correct=True  running‐acc=0.977
[ 472/600] loss=17.2583  pred=true   gold=true  running‐acc=0.669
Locality eval: pred=n/a               gold=n/a  correct=True  running‐acc=0.977
[ 473/600] loss=11.6765  pred=n/a    gold=n/a  running‐acc=0.670
Locality eval: pred=true              gold=true  correct=True  running‐acc=0.977
[ 474/600] loss=15.5843  pred=true   gold=true  running‐acc=0.671
Locality eval: pred=n/a               gold=n/a  correct=True  running‐acc=0.977
[ 475/600] loss=11.8236  pred=n/a    gold=n/a  running‐acc=0.672
Locality eval: pred=true              gold=true  correct=True  running‐acc=0.977
[ 476/600] loss=15.5225  pred=true   gold=true  running‐acc=0.672
Locality eval: pred=n/a               gold=n/a  correct=True  running‐acc=0.977
[ 477/600] loss=12.3162  pred=n/a    gold=n/a  running‐acc=0.673
Locality eval: pred=true              gold=true  correct=True  running‐acc=0.977
[ 478/600] loss=16.0990  pred=true   gold=true  running‐acc=0.674
Locality eval: pred=n/a               gold=n/a  correct=True  running‐acc=0.977
[ 479/600] loss=11.0164  pred=n/a    gold=n/a  running‐acc=0.674
Locality eval: pred=true              gold=true  correct=True  running‐acc=0.977
[ 480/600] loss=11.6770  pred=n/a    gold=n/a  running‐acc=0.675
Locality eval: pred=true              gold=true  correct=True  running‐acc=0.977
[ 481/600] loss=11.7879  pred=false  gold=n/a  running‐acc=0.674
Locality eval: pred=true              gold=true  correct=True  running‐acc=0.977
[ 482/600] loss=17.5793  pred=true   gold=true  running‐acc=0.674
Locality eval: pred=n/a               gold=n/a  correct=True  running‐acc=0.977
[ 483/600] loss=10.3938  pred=n/a    gold=n/a  running‐acc=0.675
Locality eval: pred=true              gold=true  correct=True  running‐acc=0.977
[ 484/600] loss=12.7126  pred=n/a    gold=n/a  running‐acc=0.676
Locality eval: pred=true              gold=true  correct=True  running‐acc=0.977
[ 485/600] loss=11.3561  pred=false  gold=n/a  running‐acc=0.674
Locality eval: pred=true.             gold=true  correct=True  running‐acc=0.977
[ 486/600] loss=12.2966  pred=n/a    gold=n/a  running‐acc=0.675
Locality eval: pred=true              gold=true  correct=True  running‐acc=0.977
[ 487/600] loss=12.1086  pred=false.  gold=n/a  running‐acc=0.674
Locality eval: pred=true              gold=true  correct=True  running‐acc=0.977
[ 488/600] loss=11.5596  pred=n/a    gold=n/a  running‐acc=0.674
Locality eval: pred=true              gold=true  correct=True  running‐acc=0.977
[ 489/600] loss=11.6702  pred=false  gold=n/a  running‐acc=0.673
Locality eval: pred=true              gold=true  correct=True  running‐acc=0.978
[ 490/600] loss=10.9803  pred=false  gold=n/a  running‐acc=0.671
Locality eval: pred=true              gold=true  correct=True  running‐acc=0.978
[ 491/600] loss=10.0821  pred=true   gold=n/a  running‐acc=0.670
Locality eval: pred=true              gold=true  correct=True  running‐acc=0.978
[ 492/600] loss=16.3716  pred=true   gold=true  running‐acc=0.671
Locality eval: pred=n/a               gold=n/a  correct=True  running‐acc=0.978
[ 493/600] loss=11.2992  pred=false  gold=n/a  running‐acc=0.669
Locality eval: pred=true              gold=true  correct=True  running‐acc=0.978
[ 494/600] loss=11.2718  pred=false  gold=n/a  running‐acc=0.668
Locality eval: pred=true              gold=true  correct=True  running‐acc=0.978
[ 495/600] loss=11.3854  pred=n/a    gold=n/a  running‐acc=0.669
Locality eval: pred=true              gold=true  correct=True  running‐acc=0.978
[ 496/600] loss=11.9663  pred=false  gold=n/a  running‐acc=0.667
Locality eval: pred=true              gold=true  correct=True  running‐acc=0.978
[ 497/600] loss=16.3217  pred=true   gold=true  running‐acc=0.668
Locality eval: pred=n/a               gold=n/a  correct=True  running‐acc=0.978
[ 498/600] loss=16.2522  pred=true   gold=true  running‐acc=0.669
Locality eval: pred=n/a               gold=n/a  correct=True  running‐acc=0.978
[ 499/600] loss=11.2959  pred=n/a    gold=n/a  running‐acc=0.669
Locality eval: pred=true              gold=true  correct=True  running‐acc=0.978
[ 500/600] loss=10.5541  pred=true   gold=n/a  running‐acc=0.668
Locality eval: pred=true              gold=true  correct=True  running‐acc=0.978
[ 501/600] loss=11.1212  pred=false  gold=n/a  running‐acc=0.667
Locality eval: pred=true.             gold=true  correct=True  running‐acc=0.978
[ 502/600] loss=10.4247  pred=n/a    gold=n/a  running‐acc=0.667
Locality eval: pred=true              gold=true  correct=True  running‐acc=0.978
[ 503/600] loss=14.8288  pred=true   gold=true  running‐acc=0.668
Locality eval: pred=n/a               gold=n/a  correct=True  running‐acc=0.978
[ 504/600] loss=15.6766  pred=n/a    gold=true  running‐acc=0.667
Locality eval: pred=n/a               gold=n/a  correct=True  running‐acc=0.978
[ 505/600] loss=17.4493  pred=true   gold=true  running‐acc=0.667
Locality eval: pred=n/a               gold=n/a  correct=True  running‐acc=0.978
[ 506/600] loss=16.4004  pred=false  gold=true  running‐acc=0.666
Locality eval: pred=n/a               gold=n/a  correct=True  running‐acc=0.978
[ 507/600] loss=15.3788  pred=n/a    gold=true  running‐acc=0.665
Locality eval: pred=n/a               gold=n/a  correct=True  running‐acc=0.978
[ 508/600] loss=16.2880  pred=n/a    gold=true  running‐acc=0.663
Locality eval: pred=n/a               gold=n/a  correct=True  running‐acc=0.978
[ 509/600] loss=18.1753  pred=n/a    gold=true  running‐acc=0.662
Locality eval: pred=n/a               gold=n/a  correct=True  running‐acc=0.978
[ 510/600] loss=17.6155  pred=true   gold=true  running‐acc=0.663
Locality eval: pred=n/a               gold=n/a  correct=True  running‐acc=0.978
[ 511/600] loss=12.0971  pred=n/a    gold=n/a  running‐acc=0.663
Locality eval: pred=true              gold=true  correct=True  running‐acc=0.978
[ 512/600] loss=15.5089  pred=true   gold=true  running‐acc=0.664
Locality eval: pred=n/a               gold=n/a  correct=True  running‐acc=0.979
[ 513/600] loss=11.5008  pred=n/a    gold=n/a  running‐acc=0.665
Locality eval: pred=true              gold=true  correct=True  running‐acc=0.979
[ 514/600] loss=16.1330  pred=false  gold=true  running‐acc=0.663
Locality eval: pred=n/a               gold=n/a  correct=True  running‐acc=0.979
[ 515/600] loss=11.0000  pred=n/a    gold=n/a  running‐acc=0.664
Locality eval: pred=true              gold=true  correct=True  running‐acc=0.979
[ 516/600] loss=12.5015  pred=n/a    gold=n/a  running‐acc=0.665
Locality eval: pred=true              gold=true  correct=True  running‐acc=0.979
[ 517/600] loss=11.6577  pred=n/a    gold=n/a  running‐acc=0.665
Locality eval: pred=true.             gold=true  correct=True  running‐acc=0.979
[ 518/600] loss=12.2662  pred=n/a    gold=n/a  running‐acc=0.666
Locality eval: pred=true              gold=true  correct=True  running‐acc=0.979
[ 519/600] loss=16.5391  pred=false  gold=true  running‐acc=0.665
Locality eval: pred=n/a               gold=n/a  correct=True  running‐acc=0.979
[ 520/600] loss=16.3746  pred=true   gold=true  running‐acc=0.665
Locality eval: pred=n/a               gold=n/a  correct=True  running‐acc=0.979
[ 521/600] loss=15.7333  pred=true   gold=true  running‐acc=0.666
Locality eval: pred=n/a               gold=n/a  correct=True  running‐acc=0.979
[ 522/600] loss=17.3697  pred=n/a    gold=true  running‐acc=0.665
Locality eval: pred=n/a               gold=n/a  correct=True  running‐acc=0.979
[ 523/600] loss=10.8927  pred=n/a    gold=n/a  running‐acc=0.665
Locality eval: pred=true              gold=true  correct=True  running‐acc=0.979
[ 524/600] loss=15.6316  pred=true   gold=true  running‐acc=0.666
Locality eval: pred=n/a               gold=n/a  correct=True  running‐acc=0.979
[ 525/600] loss=16.2687  pred=true   gold=true  running‐acc=0.667
Locality eval: pred=n/a               gold=n/a  correct=True  running‐acc=0.979
[ 526/600] loss=16.3774  pred=true   gold=true  running‐acc=0.667
Locality eval: pred=n/a               gold=n/a  correct=True  running‐acc=0.979
[ 527/600] loss=11.2035  pred=false  gold=n/a  running‐acc=0.666
Locality eval: pred=true              gold=true  correct=True  running‐acc=0.979
[ 528/600] loss=16.3168  pred=true   gold=true  running‐acc=0.667
Locality eval: pred=n/a               gold=n/a  correct=True  running‐acc=0.979
[ 529/600] loss=11.0377  pred=n/a    gold=n/a  running‐acc=0.667
Locality eval: pred=true              gold=true  correct=True  running‐acc=0.979
[ 530/600] loss=18.6735  pred=false  gold=true  running‐acc=0.666
Locality eval: pred=true              gold=n/a  correct=False  running‐acc=0.977
[ 531/600] loss=12.4140  pred=true   gold=n/a  running‐acc=0.665
Locality eval: pred=true              gold=true  correct=True  running‐acc=0.977
[ 532/600] loss=15.2753  pred=true   gold=true  running‐acc=0.665
Locality eval: pred=n/a               gold=n/a  correct=True  running‐acc=0.977
[ 533/600] loss=11.1933  pred=true   gold=n/a  running‐acc=0.664
Locality eval: pred=true              gold=true  correct=True  running‐acc=0.977
[ 534/600] loss=16.8505  pred=true   gold=true  running‐acc=0.665
Locality eval: pred=n/a               gold=n/a  correct=True  running‐acc=0.978
[ 535/600] loss=16.1655  pred=false  gold=true  running‐acc=0.664
Locality eval: pred=n/a               gold=n/a  correct=True  running‐acc=0.978
[ 536/600] loss=15.1130  pred=true   gold=true  running‐acc=0.664
Locality eval: pred=n/a               gold=n/a  correct=True  running‐acc=0.978
[ 537/600] loss=10.9771  pred=n/a    gold=n/a  running‐acc=0.665
Locality eval: pred=true              gold=true  correct=True  running‐acc=0.978
[ 538/600] loss=18.1590  pred=true   gold=true  running‐acc=0.665
Locality eval: pred=n/a               gold=n/a  correct=True  running‐acc=0.978
[ 539/600] loss=16.4539  pred=true   gold=true  running‐acc=0.666
Locality eval: pred=n/a               gold=n/a  correct=True  running‐acc=0.978
[ 540/600] loss=11.3152  pred=true   gold=n/a  running‐acc=0.665
Locality eval: pred=true              gold=true  correct=True  running‐acc=0.978
[ 541/600] loss=10.8770  pred=n/a    gold=n/a  running‐acc=0.665
Locality eval: pred=true              gold=true  correct=True  running‐acc=0.978
[ 542/600] loss=11.3909  pred=n/a    gold=n/a  running‐acc=0.666
Locality eval: pred=true              gold=true  correct=True  running‐acc=0.978
[ 543/600] loss=11.7639  pred=true   gold=n/a  running‐acc=0.665
Locality eval: pred=true              gold=true  correct=True  running‐acc=0.978
[ 544/600] loss=11.3606  pred=n/a    gold=n/a  running‐acc=0.665
Locality eval: pred=true              gold=true  correct=True  running‐acc=0.978
[ 545/600] loss=16.2099  pred=n/a    gold=true  running‐acc=0.664
Locality eval: pred=n/a               gold=n/a  correct=True  running‐acc=0.978
[ 546/600] loss=12.5290  pred=n/a    gold=n/a  running‐acc=0.665
Locality eval: pred=true              gold=true  correct=True  running‐acc=0.978
[ 547/600] loss=17.1686  pred=true   gold=true  running‐acc=0.665
Locality eval: pred=n/a               gold=n/a  correct=True  running‐acc=0.978
[ 548/600] loss=16.4116  pred=true   gold=true  running‐acc=0.666
Locality eval: pred=n/a               gold=n/a  correct=True  running‐acc=0.978
[ 549/600] loss=16.1450  pred=n/a    gold=true  running‐acc=0.665
Locality eval: pred=n/a               gold=n/a  correct=True  running‐acc=0.978
[ 550/600] loss=11.9780  pred=false  gold=n/a  running‐acc=0.664
Locality eval: pred=true              gold=true  correct=True  running‐acc=0.978
[ 551/600] loss=16.5291  pred=true   gold=true  running‐acc=0.664
Locality eval: pred=n/a               gold=n/a  correct=True  running‐acc=0.978
[ 552/600] loss=12.4400  pred=false  gold=n/a  running‐acc=0.663
Locality eval: pred=true              gold=true  correct=True  running‐acc=0.978
[ 553/600] loss=11.0241  pred=n/a    gold=n/a  running‐acc=0.664
Locality eval: pred=true              gold=true  correct=True  running‐acc=0.978
[ 554/600] loss=16.1805  pred=true   gold=true  running‐acc=0.664
Locality eval: pred=n/a               gold=n/a  correct=True  running‐acc=0.978
[ 555/600] loss=12.5368  pred=n/a    gold=n/a  running‐acc=0.665
Locality eval: pred=true              gold=true  correct=True  running‐acc=0.978
[ 556/600] loss=11.6878  pred=n/a    gold=n/a  running‐acc=0.665
Locality eval: pred=true              gold=true  correct=True  running‐acc=0.978
[ 557/600] loss=11.3816  pred=n/a    gold=n/a  running‐acc=0.666
Locality eval: pred=true              gold=true  correct=True  running‐acc=0.978
[ 558/600] loss=16.0374  pred=true   gold=true  running‐acc=0.667
Locality eval: pred=n/a               gold=n/a  correct=True  running‐acc=0.978
[ 559/600] loss=14.8070  pred=true   gold=true  running‐acc=0.667
Locality eval: pred=n/a               gold=n/a  correct=True  running‐acc=0.979
[ 560/600] loss=11.0156  pred=n/a    gold=n/a  running‐acc=0.668
Locality eval: pred=true              gold=true  correct=True  running‐acc=0.979
[ 561/600] loss=16.4358  pred=true   gold=true  running‐acc=0.668
Locality eval: pred=false             gold=n/a  correct=False  running‐acc=0.977
[ 562/600] loss=15.7314  pred=true   gold=true  running‐acc=0.669
Locality eval: pred=n/a               gold=n/a  correct=True  running‐acc=0.977
[ 563/600] loss=11.0966  pred=n/a    gold=n/a  running‐acc=0.670
Locality eval: pred=true              gold=true  correct=True  running‐acc=0.977
[ 564/600] loss=17.2238  pred=n/a    gold=true  running‐acc=0.668
Locality eval: pred=n/a               gold=n/a  correct=True  running‐acc=0.977
[ 565/600] loss=11.5892  pred=false  gold=n/a  running‐acc=0.667
Locality eval: pred=true              gold=true  correct=True  running‐acc=0.977
[ 566/600] loss=15.4493  pred=false  gold=true  running‐acc=0.666
Locality eval: pred=n/a               gold=n/a  correct=True  running‐acc=0.977
[ 567/600] loss=16.9043  pred=true   gold=true  running‐acc=0.667
Locality eval: pred=true              gold=n/a  correct=False  running‐acc=0.975
[ 568/600] loss=11.0007  pred=false  gold=n/a  running‐acc=0.665
Locality eval: pred=true              gold=true  correct=True  running‐acc=0.975
[ 569/600] loss=18.4472  pred=n/a    gold=true  running‐acc=0.664
Locality eval: pred=n/a               gold=n/a  correct=True  running‐acc=0.975
[ 570/600] loss=16.1116  pred=true   gold=true  running‐acc=0.665
Locality eval: pred=n/a               gold=n/a  correct=True  running‐acc=0.975
[ 571/600] loss=15.8397  pred=false  gold=true  running‐acc=0.664
Locality eval: pred=n/a               gold=n/a  correct=True  running‐acc=0.975
[ 572/600] loss=16.2210  pred=n/a    gold=true  running‐acc=0.663
Locality eval: pred=n/a               gold=n/a  correct=True  running‐acc=0.976
[ 573/600] loss=16.8771  pred=true   gold=true  running‐acc=0.663
Locality eval: pred=n/a               gold=n/a  correct=True  running‐acc=0.976
[ 574/600] loss=18.6593  pred=n/a    gold=true  running‐acc=0.662
Locality eval: pred=n/a               gold=n/a  correct=True  running‐acc=0.976
[ 575/600] loss=16.5147  pred=true   gold=true  running‐acc=0.663
Locality eval: pred=n/a               gold=n/a  correct=True  running‐acc=0.976
[ 576/600] loss=17.8192  pred=true   gold=true  running‐acc=0.663
Locality eval: pred=n/a               gold=n/a  correct=True  running‐acc=0.976
[ 577/600] loss=14.8209  pred=true   gold=true  running‐acc=0.664
Locality eval: pred=n/a               gold=n/a  correct=True  running‐acc=0.976
[ 578/600] loss=11.3487  pred=false  gold=n/a  running‐acc=0.663
Locality eval: pred=true              gold=true  correct=True  running‐acc=0.976
[ 579/600] loss=19.3609  pred=true   gold=true  running‐acc=0.663
Locality eval: pred=n/a               gold=n/a  correct=True  running‐acc=0.976
[ 580/600] loss=12.8567  pred=n/a    gold=n/a  running‐acc=0.664
Locality eval: pred=true              gold=true  correct=True  running‐acc=0.976
[ 581/600] loss=11.9508  pred=n/a    gold=n/a  running‐acc=0.664
Locality eval: pred=true              gold=true  correct=True  running‐acc=0.976
[ 582/600] loss=12.1614  pred=true   gold=n/a  running‐acc=0.663
Locality eval: pred=true              gold=true  correct=True  running‐acc=0.976
[ 583/600] loss=11.9596  pred=true   gold=n/a  running‐acc=0.662
Locality eval: pred=true.             gold=true  correct=True  running‐acc=0.976
[ 584/600] loss=12.4049  pred=n/a    gold=n/a  running‐acc=0.663
Locality eval: pred=true              gold=true  correct=True  running‐acc=0.976
[ 585/600] loss=12.4641  pred=n/a    gold=n/a  running‐acc=0.663
Locality eval: pred=true              gold=true  correct=True  running‐acc=0.976
[ 586/600] loss=10.3042  pred=true   gold=n/a  running‐acc=0.662
Locality eval: pred=true              gold=true  correct=True  running‐acc=0.976
[ 587/600] loss=16.0486  pred=true   gold=true  running‐acc=0.663
Locality eval: pred=n/a               gold=n/a  correct=True  running‐acc=0.976
[ 588/600] loss=15.8884  pred=n/a    gold=true  running‐acc=0.662
Locality eval: pred=n/a               gold=n/a  correct=True  running‐acc=0.976
[ 589/600] loss=16.3991  pred=true   gold=true  running‐acc=0.662
Locality eval: pred=n/a               gold=n/a  correct=True  running‐acc=0.976
[ 590/600] loss=16.5854  pred=true   gold=true  running‐acc=0.663
Locality eval: pred=n/a               gold=n/a  correct=True  running‐acc=0.976
[ 591/600] loss=15.3329  pred=true   gold=true  running‐acc=0.663
Locality eval: pred=n/a               gold=n/a  correct=True  running‐acc=0.976
[ 592/600] loss=11.2682  pred=false.  gold=n/a  running‐acc=0.662
Locality eval: pred=true              gold=true  correct=True  running‐acc=0.976
[ 593/600] loss=15.7369  pred=true   gold=true  running‐acc=0.663
Locality eval: pred=n/a               gold=n/a  correct=True  running‐acc=0.976
[ 594/600] loss=10.6901  pred=true   gold=n/a  running‐acc=0.662
Locality eval: pred=true              gold=true  correct=True  running‐acc=0.976
[ 595/600] loss=15.3613  pred=n/a    gold=true  running‐acc=0.661
Locality eval: pred=n/a               gold=n/a  correct=True  running‐acc=0.976
[ 596/600] loss=11.0837  pred=n/a    gold=n/a  running‐acc=0.661
Locality eval: pred=true              gold=true  correct=True  running‐acc=0.977
[ 597/600] loss=11.4643  pred=false  gold=n/a  running‐acc=0.660
Locality eval: pred=true              gold=true  correct=True  running‐acc=0.977
[ 598/600] loss=16.4132  pred=n/a    gold=true  running‐acc=0.659
Locality eval: pred=n/a               gold=n/a  correct=True  running‐acc=0.977
[ 599/600] loss=16.1160  pred=true   gold=true  running‐acc=0.659
Locality eval: pred=n/a               gold=n/a  correct=True  running‐acc=0.977
[ 600/600] loss=12.2572  pred=n/a    gold=n/a  running‐acc=0.660
Locality eval: pred=true              gold=true  correct=True  running‐acc=0.977

Finished in 2460.4s.  Final accuracy: 0.660.

